10/24/2017 11:22:28	28.0	29.0	0.502513
10/24/2017 11:22:39	27.0	27.0	1.51515
10/24/2017 11:22:50	27.0	26.0	0.253165
10/24/2017 11:23:01	27.0	26.0	0.503778
10/24/2017 11:23:12	27.0	28.0	0.759494
10/24/2017 11:23:23	28.0	28.0	0.505051
10/24/2017 11:23:34	28.0	28.0	0.251889
10/24/2017 11:23:46	28.0	28.0	0.757576
10/24/2017 11:23:57	28.0	28.0	0.253165
10/24/2017 11:24:08	29.0	29.0	1.00503
10/24/2017 11:24:19	28.0	28.0	0.253165
10/24/2017 11:24:30	29.0	30.0	0.503778
10/24/2017 11:24:41	29.0	28.0	1.01266
10/24/2017 11:24:52	30.0	30.0	0.503778
10/24/2017 11:25:03	29.0	30.0	0.503778
10/24/2017 11:25:14	29.0	30.0	1.0101
10/24/2017 11:25:25	29.0	30.0	0.506329
10/24/2017 11:25:36	30.0	30.0	0.503778
10/24/2017 11:25:47	31.0	30.0	3.29114
10/24/2017 11:25:58	30.0	30.0	0.502513
10/24/2017 11:26:09	30.0	31.0	0.506329
10/24/2017 11:26:20	30.0	31.0	0.759494
10/24/2017 11:26:31	31.0	31.0	0.505051
10/24/2017 11:26:42	31.0	31.0	1.0101
10/24/2017 11:26:53	32.0	33.0	0.753769
10/24/2017 11:27:04	31.0	32.0	0.252525
10/24/2017 11:27:15	32.0	32.0	2.02532
10/24/2017 11:27:26	31.0	32.0	0.502513
10/24/2017 11:27:37	32.0	33.0	0.505051
10/24/2017 11:27:48	32.0	32.0	1.77215
10/24/2017 11:27:59	32.0	32.0	1.51515
10/24/2017 11:28:10	32.0	33.0	0.252525
10/24/2017 11:28:21	33.0	33.0	1.51515
10/24/2017 11:28:32	33.0	32.0	0.252525
10/24/2017 11:28:43	33.0	33.0	0.505051
10/24/2017 11:28:54	33.0	33.0	1.0101
10/24/2017 11:29:05	32.0	33.0	0.503778
10/24/2017 11:29:16	33.0	33.0	1.78117
10/24/2017 11:29:28	33.0	33.0	24.1645
10/24/2017 11:29:39	35.0	35.0	14.2105
10/24/2017 11:29:50	36.0	36.0	16.4456
10/24/2017 11:30:01	36.0	36.0	15.5673
10/24/2017 11:30:12	37.0	37.0	16.0526
10/24/2017 11:30:23	38.0	37.0	14.7757
10/24/2017 11:30:35	39.0	38.0	15.6085
10/24/2017 11:30:46	39.0	39.0	15.8311
10/24/2017 11:30:57	40.0	39.0	15.508
10/24/2017 11:31:08	41.0	41.0	16.6667
10/24/2017 11:31:19	41.0	41.0	21.0863
10/24/2017 11:31:30	42.0	42.0	28.0453
10/24/2017 11:31:42	42.0	42.0	16.0494
10/24/2017 11:31:53	43.0	43.0	14.0584
10/24/2017 11:32:04	43.0	43.0	14.0584
10/24/2017 11:32:15	44.0	44.0	13.4565
10/24/2017 11:32:26	45.0	45.0	15.1194
10/24/2017 11:32:37	45.0	45.0	14.0584
10/24/2017 11:32:48	45.0	45.0	15.3226
10/24/2017 11:32:59	46.0	46.0	14.5889
10/24/2017 11:33:10	46.0	46.0	14.248
10/24/2017 11:33:21	46.0	46.0	14.9215
10/24/2017 11:33:32	47.0	47.0	13.9474
10/24/2017 11:33:43	48.0	47.0	14.248
10/24/2017 11:33:54	48.0	48.0	14.4737
10/24/2017 11:34:05	48.0	48.0	13.7566
10/24/2017 11:34:16	49.0	48.0	13.7566
10/24/2017 11:34:27	48.0	49.0	15.0396
10/24/2017 11:34:38	49.0	50.0	13.2275
10/24/2017 11:34:49	49.0	50.0	14.4357
10/24/2017 11:35:00	50.0	50.0	14.3617
10/24/2017 11:35:11	50.0	50.0	13.7203
10/24/2017 11:35:22	51.0	51.0	14.2857
10/24/2017 11:35:33	50.0	51.0	12.4339
10/24/2017 11:35:44	51.0	51.0	13.3508
10/24/2017 11:35:56	51.0	51.0	13.3858
10/24/2017 11:36:07	52.0	52.0	12.8947
10/24/2017 11:36:18	52.0	52.0	14.5889
10/24/2017 11:36:29	52.0	52.0	13.4211
10/24/2017 11:36:40	53.0	53.0	12.4011
10/24/2017 11:36:51	53.0	53.0	12.3684
10/24/2017 11:37:02	53.0	53.0	13.089
10/24/2017 11:37:13	53.0	53.0	12.8272
10/24/2017 11:37:24	54.0	53.0	11.8421
10/24/2017 11:37:35	53.0	54.0	13.1234
10/24/2017 11:37:46	54.0	54.0	12.5654
10/24/2017 11:37:57	54.0	54.0	12.1372
10/24/2017 11:38:08	54.0	54.0	12.6649
10/24/2017 11:38:19	55.0	55.0	13.0319
10/24/2017 11:38:30	55.0	54.0	12.4668
10/24/2017 11:38:41	55.0	55.0	11.8734
10/24/2017 11:38:52	55.0	56.0	12.5984
10/24/2017 11:39:03	55.0	55.0	12.8609
10/24/2017 11:39:14	55.0	56.0	13.3159
10/24/2017 11:39:25	52.0	53.0	13.9474
10/24/2017 11:39:36	50.0	51.0	14.0212
10/24/2017 11:39:47	48.0	48.0	14.0584
10/24/2017 11:39:58	47.0	47.0	13.9842
10/24/2017 11:40:09	48.0	48.0	15.1042
10/24/2017 11:40:20	49.0	49.0	14.2857
10/24/2017 11:40:31	50.0	51.0	13.7931
10/24/2017 11:40:42	51.0	51.0	14.5119
10/24/2017 11:40:53	52.0	52.0	11.6402
10/24/2017 11:41:05	53.0	53.0	12.1693
10/24/2017 11:41:16	54.0	53.0	11.6402
10/24/2017 11:41:27	54.0	54.0	12.336
10/24/2017 11:41:38	55.0	54.0	14.1732
10/24/2017 11:41:49	55.0	55.0	12.8609
10/24/2017 11:42:00	56.0	56.0	12.6316
10/24/2017 11:42:11	56.0	56.0	12.6316
10/24/2017 11:42:22	56.0	56.0	12.6316
10/24/2017 11:42:33	55.0	53.0	13.1579
10/24/2017 11:42:44	52.0	52.0	13.6483
10/24/2017 11:42:55	50.0	50.0	12.7321
10/24/2017 11:43:06	48.0	48.0	14.6982
10/24/2017 11:43:17	48.0	48.0	15.0396
10/24/2017 11:43:28	48.0	47.0	15.3846
10/24/2017 11:43:39	50.0	50.0	13.5279
10/24/2017 11:43:50	51.0	51.0	15.2778
10/24/2017 11:44:01	51.0	51.0	12.4011
10/24/2017 11:44:12	52.0	53.0	13.1579
10/24/2017 11:44:23	53.0	53.0	12.5326
10/24/2017 11:44:34	54.0	54.0	13.089
10/24/2017 11:44:45	55.0	54.0	13.1234
10/24/2017 11:44:56	55.0	55.0	14.2105
10/24/2017 11:45:07	56.0	55.0	16.7109
10/24/2017 11:45:18	56.0	56.0	1.02041
10/24/2017 11:45:30	53.0	53.0	0.253165
10/24/2017 11:45:41	50.0	51.0	0.503778
10/24/2017 11:45:52	48.0	48.0	1.00756
10/24/2017 11:46:03	47.0	47.0	0.251889
10/24/2017 11:46:14	48.0	48.0	0.755668
10/24/2017 11:46:25	49.0	48.0	1.00756
10/24/2017 11:46:36	49.0	49.0	0.503778
10/24/2017 11:46:47	49.0	48.0	0.502513
10/24/2017 11:46:58	49.0	49.0	2.0202
10/24/2017 11:47:09	50.0	48.0	0.503778
10/24/2017 11:47:20	48.0	49.0	1.25945
10/24/2017 11:47:31	48.0	49.0	0.503778
10/24/2017 11:47:42	50.0	49.0	0.755668
10/24/2017 11:47:53	50.0	49.0	0.757576
10/24/2017 11:48:04	49.0	49.0	0.502513
10/24/2017 11:48:15	48.0	48.0	0.252525
10/24/2017 11:48:26	48.0	48.0	1.00756
10/24/2017 11:48:37	48.0	48.0	0.252525
10/24/2017 11:48:48	48.0	48.0	1.00251
10/24/2017 11:48:59	48.0	47.0	3.28283
10/24/2017 11:49:10	48.0	47.0	0.252525
10/24/2017 11:49:21	47.0	47.0	0.252525
10/24/2017 11:49:32	47.0	47.0	0.757576
10/24/2017 11:49:43	47.0	47.0	0.251889
10/24/2017 11:49:54	47.0	47.0	0.757576
10/24/2017 11:50:05	47.0	47.0	0.253165
10/24/2017 11:50:16	47.0	47.0	0.503778
10/24/2017 11:50:27	46.0	47.0	1.25945
10/24/2017 11:50:38	46.0	46.0	0
10/24/2017 11:50:49	46.0	46.0	0.252525
10/24/2017 11:51:00	46.0	47.0	1.0101
10/24/2017 11:51:11	47.0	46.0	0.503778
10/24/2017 11:51:22	47.0	46.0	0.503778
10/24/2017 11:51:33	45.0	46.0	1.0101
10/24/2017 11:51:44	46.0	46.0	0.251889
10/24/2017 11:51:55	46.0	46.0	0.503778
10/24/2017 11:52:06	46.0	45.0	0.506329
10/24/2017 11:52:18	46.0	47.0	1.51515
10/24/2017 11:52:29	46.0	46.0	1.00756
10/24/2017 11:52:40	46.0	46.0	0.505051
10/24/2017 11:52:51	45.0	45.0	0.503778
10/24/2017 11:53:02	46.0	45.0	1.0101
10/24/2017 11:53:13	45.0	46.0	0.503778
10/24/2017 11:53:24	46.0	45.0	0.503778
10/24/2017 11:53:35	45.0	45.0	0.507614
10/24/2017 11:53:46	46.0	45.0	0.503778
10/24/2017 11:53:57	45.0	45.0	0.252525
10/24/2017 11:54:08	45.0	45.0	1.25945
10/24/2017 11:54:19	45.0	45.0	0
10/24/2017 11:54:30	45.0	44.0	0.503778
10/24/2017 11:54:41	45.0	45.0	1.00756
10/24/2017 11:54:52	44.0	45.0	0.251889
10/24/2017 11:55:03	44.0	44.0	0.505051
10/24/2017 11:55:14	45.0	45.0	0.75188
10/24/2017 11:55:25	45.0	45.0	0.503778
10/24/2017 11:55:36	45.0	46.0	0.759494
10/24/2017 11:55:47	44.0	44.0	0.503778
10/24/2017 11:55:58	45.0	45.0	0.502513
10/24/2017 11:56:09	44.0	44.0	1.25945
10/24/2017 11:56:20	45.0	45.0	0.503778
10/24/2017 11:56:31	44.0	44.0	0.753769
10/24/2017 11:56:42	43.0	44.0	0.757576
10/24/2017 11:56:53	44.0	44.0	0.503778
10/24/2017 11:57:04	44.0	44.0	0.251889
10/24/2017 11:57:15	44.0	45.0	0.759494
10/24/2017 11:57:26	44.0	44.0	0.252525
10/24/2017 11:57:37	44.0	44.0	0.503778
10/24/2017 11:57:48	43.0	44.0	0.503778
10/24/2017 11:57:59	43.0	44.0	0.505051
10/24/2017 11:58:10	43.0	44.0	1.00756
10/24/2017 11:58:21	43.0	44.0	0.503778
10/24/2017 11:58:32	43.0	44.0	0.503778
10/24/2017 11:58:43	44.0	44.0	1.25628
10/24/2017 11:58:55	43.0	43.0	0.502513
10/24/2017 11:59:06	43.0	44.0	0.252525
10/24/2017 11:59:17	43.0	44.0	1.25945
10/24/2017 11:59:28	44.0	44.0	0.503778
10/24/2017 11:59:39	43.0	43.0	0.505051
10/24/2017 11:59:50	43.0	44.0	1.00756
10/24/2017 12:00:01	44.0	43.0	0.505051
10/24/2017 12:00:12	43.0	43.0	0.252525
10/24/2017 12:00:23	44.0	43.0	0.252525
10/24/2017 12:00:34	44.0	43.0	0.503778
10/24/2017 12:00:45	43.0	43.0	1.01266
10/24/2017 12:00:56	43.0	43.0	0.505051
10/24/2017 12:01:07	43.0	43.0	0.505051
10/24/2017 12:01:18	43.0	43.0	0.761421
10/24/2017 12:01:29	43.0	43.0	0.505051
10/24/2017 12:01:40	43.0	43.0	0.252525
10/24/2017 12:01:51	42.0	43.0	1.0101
10/24/2017 12:02:02	44.0	43.0	0.503778
10/24/2017 12:02:13	42.0	43.0	0.505051
10/24/2017 12:02:24	43.0	42.0	1.01266
10/24/2017 12:02:35	43.0	43.0	2.77778
10/24/2017 12:02:46	43.0	42.0	0.502513
10/24/2017 12:02:57	43.0	42.0	0.753769
10/24/2017 12:03:08	42.0	42.0	0.753769
10/24/2017 12:03:19	42.0	43.0	1.26263
10/24/2017 12:03:30	42.0	43.0	0.503778
10/24/2017 12:03:41	43.0	43.0	0.759494
10/24/2017 12:03:52	43.0	43.0	1.0101
10/24/2017 12:04:03	43.0	42.0	0.252525
10/24/2017 12:04:14	42.0	42.0	0.503778
10/24/2017 12:04:25	43.0	43.0	1.0101
10/24/2017 12:04:36	44.0	43.0	1.26904
10/24/2017 12:04:47	43.0	43.0	0.503778
10/24/2017 12:04:58	42.0	42.0	1.25945
10/24/2017 12:05:09	42.0	42.0	0.502513
10/24/2017 12:05:21	42.0	43.0	0.252525
10/24/2017 12:05:32	43.0	43.0	0.252525
10/24/2017 12:05:43	43.0	43.0	0.503778
10/24/2017 12:05:54	42.0	42.0	0.759494
10/24/2017 12:06:05	42.0	42.0	0.505051
10/24/2017 12:06:16	42.0	43.0	0.252525
10/24/2017 12:06:27	42.0	42.0	1.00756
10/24/2017 12:06:38	42.0	42.0	9.96564
10/24/2017 12:06:49	42.0	42.0	1.78117
10/24/2017 12:07:00	42.0	42.0	1.01266
10/24/2017 12:07:11	42.0	43.0	6.34518
10/24/2017 12:07:22	44.0	43.0	8.18414
10/24/2017 12:07:33	43.0	43.0	18.5714
10/24/2017 12:07:44	48.0	46.0	13.1818
10/24/2017 12:07:55	45.0	44.0	15.4545
10/24/2017 12:08:06	44.0	44.0	20.5263
10/24/2017 12:08:17	45.0	45.0	13.3971
10/24/2017 12:08:28	44.0	45.0	13.7615
10/24/2017 12:08:39	44.0	45.0	19.4444
10/24/2017 12:08:50	44.0	45.0	12.5604
10/24/2017 12:09:01	44.0	44.0	65.2361
10/24/2017 12:09:15	51.0	49.0	25.7764
10/24/2017 12:09:27	46.0	46.0	25.463
10/24/2017 12:09:38	46.0	47.0	21.4706
10/24/2017 12:09:49	47.0	46.0	45.1542
10/24/2017 12:10:01	48.0	48.0	25.5102
10/24/2017 12:10:12	49.0	49.0	23.5294
10/24/2017 12:10:23	50.0	50.0	24.0196
10/24/2017 12:10:35	51.0	51.0	22.9665
10/24/2017 12:10:46	51.0	51.0	23.7164
10/24/2017 12:10:57	51.0	52.0	25.0608
10/24/2017 12:11:08	53.0	53.0	24.3176
10/24/2017 12:11:19	53.0	53.0	22.3039
10/24/2017 12:11:30	54.0	53.0	23.2673
10/24/2017 12:11:41	55.0	54.0	23.1884
10/24/2017 12:11:52	55.0	54.0	25.2404
10/24/2017 12:12:03	56.0	55.0	25
10/24/2017 12:12:14	56.0	56.0	25.9615
10/24/2017 12:12:25	57.0	56.0	24.1463
10/24/2017 12:12:36	56.0	55.0	23.5294
10/24/2017 12:12:47	53.0	53.0	23.2057
10/24/2017 12:12:58	51.0	51.0	23.0404
10/24/2017 12:13:09	49.0	49.0	22.1675
10/24/2017 12:13:20	48.0	48.0	20.936
10/24/2017 12:13:31	47.0	47.0	21.8137
10/24/2017 12:13:42	48.0	48.0	20.9877
10/24/2017 12:13:53	49.0	48.0	21.8225
10/24/2017 12:14:04	50.0	50.0	22.7603
10/24/2017 12:14:15	51.0	51.0	20.936
10/24/2017 12:14:26	52.0	52.0	20.7229
10/24/2017 12:14:37	52.0	53.0	20.9246
10/24/2017 12:14:48	53.0	54.0	19.7531
10/24/2017 12:14:59	54.0	54.0	20.0495
10/24/2017 12:15:10	55.0	54.0	20.8333
10/24/2017 12:15:21	55.0	55.0	21.0145
10/24/2017 12:15:32	56.0	56.0	20.241
10/24/2017 12:15:43	56.0	56.0	20.5882
10/24/2017 12:15:54	55.0	55.0	18.9189
10/24/2017 12:16:06	53.0	53.0	19.8492
10/24/2017 12:16:17	51.0	51.0	21.2871
10/24/2017 12:16:28	50.0	50.0	19.0955
10/24/2017 12:16:39	49.0	48.0	20.9476
10/24/2017 12:16:50	48.0	48.0	19.3955
10/24/2017 12:17:01	48.0	48.0	21.6958
10/24/2017 12:17:12	47.0	47.0	19.5
10/24/2017 12:17:23	48.0	48.0	20.297
10/24/2017 12:17:34	49.0	50.0	18.9655
10/24/2017 12:17:45	51.0	51.0	19.7995
10/24/2017 12:17:56	52.0	52.0	19.6078
10/24/2017 12:18:07	53.0	52.0	19.8529
10/24/2017 12:18:18	54.0	54.0	20
10/24/2017 12:18:29	54.0	54.0	19.656
10/24/2017 12:18:40	55.0	55.0	19.7044
10/24/2017 12:18:51	56.0	55.0	20.6897
10/24/2017 12:19:02	55.0	54.0	18.2716
10/24/2017 12:19:13	53.0	53.0	21.7284
10/24/2017 12:19:24	51.0	51.0	20.8845
10/24/2017 12:19:35	50.0	51.0	20.0993
10/24/2017 12:19:46	50.0	50.0	20.2469
10/24/2017 12:19:57	49.0	48.0	19.4514
10/24/2017 12:20:08	48.0	48.0	20.7407
10/24/2017 12:20:19	48.0	48.0	19.5545
10/24/2017 12:20:30	47.0	47.0	19.3467
10/24/2017 12:20:41	47.0	47.0	22.2222
10/24/2017 12:20:52	49.0	49.0	22.7941
10/24/2017 12:21:04	51.0	51.0	25.6098
10/24/2017 12:21:15	53.0	53.0	22.6933
10/24/2017 12:21:26	56.0	54.0	20.398
10/24/2017 12:21:37	56.0	55.0	20.398
10/24/2017 12:21:48	56.0	55.0	20.2439
10/24/2017 12:21:59	56.0	56.0	19.5062
10/24/2017 12:22:10	54.0	54.0	19.5489
10/24/2017 12:22:21	52.0	52.0	20.3562
10/24/2017 12:22:32	51.0	51.0	20.202
10/24/2017 12:22:43	50.0	50.0	20.197
10/24/2017 12:22:54	49.0	48.0	20.8955
10/24/2017 12:23:05	49.0	48.0	21.1587
10/24/2017 12:23:16	49.0	48.0	20.0508
10/24/2017 12:23:27	48.0	48.0	21.8274
10/24/2017 12:23:38	49.0	48.0	20.6549
10/24/2017 12:23:49	48.0	47.0	18.6224
10/24/2017 12:24:00	48.0	47.0	21.3568
10/24/2017 12:24:11	47.0	47.0	17.268
10/24/2017 12:24:22	47.0	46.0	20.3046
10/24/2017 12:24:33	48.0	47.0	19.0355
10/24/2017 12:24:44	50.0	49.0	17.4479
10/24/2017 12:24:55	51.0	51.0	26.8354
10/24/2017 12:25:06	53.0	53.0	16.9666
10/24/2017 12:25:17	54.0	53.0	17.5258
10/24/2017 12:25:28	55.0	54.0	18.1347
10/24/2017 12:25:39	56.0	55.0	15.6812
10/24/2017 12:25:51	56.0	55.0	15.1832
10/24/2017 12:26:02	55.0	55.0	18.3938
10/24/2017 12:26:13	53.0	53.0	15.7895
10/24/2017 12:26:24	52.0	51.0	16.5375
10/24/2017 12:26:35	51.0	51.0	16.7539
10/24/2017 12:26:46	50.0	50.0	16.9713
10/24/2017 12:26:57	50.0	49.0	16.0526
10/24/2017 12:27:08	49.0	50.0	14.8148
10/24/2017 12:27:19	49.0	49.0	13.9108
10/24/2017 12:27:30	49.0	48.0	16.8865
10/24/2017 12:27:41	48.0	48.0	14.5503
10/24/2017 12:27:52	48.0	48.0	16.6227
10/24/2017 12:28:03	48.0	48.0	15.1194
10/24/2017 12:28:14	48.0	47.0	15.6915
10/24/2017 12:28:25	48.0	47.0	15.4255
10/24/2017 12:28:36	48.0	47.0	16
10/24/2017 12:28:47	48.0	47.0	15.4255
10/24/2017 12:28:58	47.0	47.0	14.8936
10/24/2017 12:29:09	47.0	47.0	15.5496
10/24/2017 12:29:20	48.0	46.0	22.0472
10/24/2017 12:29:31	48.0	47.0	15.6499
10/24/2017 12:29:42	47.0	47.0	15.4667
10/24/2017 12:29:53	48.0	48.0	5.91398
10/24/2017 12:30:04	50.0	50.0	0.757576
10/24/2017 12:30:15	50.0	50.0	12.2563
10/24/2017 12:30:26	51.0	51.0	2.29008
10/24/2017 12:30:37	50.0	51.0	5.96026
10/24/2017 12:30:49	51.0	51.0	0.251256
10/24/2017 12:31:00	51.0	51.0	1.51899
10/24/2017 12:31:11	51.0	52.0	3.03867
10/24/2017 12:31:22	52.0	51.0	2.76074
10/24/2017 12:31:33	53.0	55.0	3.29114
10/24/2017 12:31:44	51.0	51.0	1.26582
10/24/2017 12:31:55	51.0	51.0	0.505051
10/24/2017 12:32:06	51.0	52.0	0.252525
10/24/2017 12:32:17	51.0	51.0	1.00756
10/24/2017 12:32:28	51.0	51.0	0.252525
10/24/2017 12:32:39	51.0	51.0	1.0101
10/24/2017 12:32:50	51.0	51.0	0.503778
10/24/2017 12:33:01	51.0	50.0	0.505051
10/24/2017 12:33:12	51.0	51.0	0.506329
10/24/2017 12:33:23	50.0	50.0	0.503778
10/24/2017 12:33:34	51.0	51.0	0.502513
10/24/2017 12:33:45	50.0	51.0	0.505051
10/24/2017 12:33:56	50.0	50.0	0.252525
10/24/2017 12:34:07	50.0	49.0	0.503778
10/24/2017 12:34:18	50.0	49.0	1.51134
10/24/2017 12:34:29	49.0	49.0	0.503778
10/24/2017 12:34:40	49.0	49.0	0.252525
10/24/2017 12:34:51	49.0	49.0	2.77778
10/24/2017 12:35:02	49.0	49.0	0.252525
10/24/2017 12:35:13	49.0	49.0	0.757576
10/24/2017 12:35:24	49.0	49.0	0.503778
10/24/2017 12:35:35	48.0	49.0	0.755668
10/24/2017 12:35:46	49.0	48.0	1.00756
10/24/2017 12:35:57	49.0	48.0	0.755668
10/24/2017 12:36:08	48.0	48.0	0
10/24/2017 12:36:19	48.0	48.0	1.00503
10/24/2017 12:36:30	48.0	48.0	0.753769
10/24/2017 12:36:41	48.0	48.0	0.252525
10/24/2017 12:36:52	48.0	48.0	3.02267
10/24/2017 12:37:03	48.0	48.0	0.75188
10/24/2017 12:37:14	48.0	48.0	0.502513
10/24/2017 12:37:25	49.0	48.0	0.759494
10/24/2017 12:37:37	48.0	48.0	0.503778
10/24/2017 12:37:48	48.0	47.0	0.252525
10/24/2017 12:37:59	47.0	47.0	0.506329
10/24/2017 12:38:10	48.0	48.0	0.503778
10/24/2017 12:38:21	47.0	47.0	1.76768
10/24/2017 12:38:32	47.0	46.0	0.251889
10/24/2017 12:38:43	47.0	47.0	0.503778
10/24/2017 12:38:54	47.0	47.0	2.78481
10/24/2017 12:39:05	47.0	47.0	0.252525
10/24/2017 12:39:16	47.0	46.0	0.251889
10/24/2017 12:39:27	47.0	47.0	1.01266
10/24/2017 12:39:38	47.0	47.0	0.251889
10/24/2017 12:39:49	47.0	47.0	0.503778
10/24/2017 12:40:00	46.0	47.0	1.50754
10/24/2017 12:40:11	46.0	47.0	0.753769
10/24/2017 12:40:22	46.0	47.0	0.503778
10/24/2017 12:40:33	47.0	47.0	0.759494
10/24/2017 12:40:44	47.0	47.0	0.503778
10/24/2017 12:40:55	46.0	47.0	16.6134
10/24/2017 12:41:06	47.0	46.0	4.3038
10/24/2017 12:41:17	46.0	47.0	0.253807
10/24/2017 12:41:28	47.0	46.0	2.79898
10/24/2017 12:41:39	47.0	46.0	0.252525
10/24/2017 12:41:50	46.0	47.0	2.54453
10/24/2017 12:42:01	47.0	47.0	3.5443
10/24/2017 12:42:12	46.0	47.0	3.29114
10/24/2017 12:42:23	47.0	46.0	6.39386
10/24/2017 12:42:34	46.0	47.0	2.53807
10/24/2017 12:42:45	46.0	46.0	1.51515
10/24/2017 12:42:56	46.0	47.0	2.78481
10/24/2017 12:43:07	47.0	46.0	2.79188
10/24/2017 12:43:18	47.0	47.0	1.78117
10/24/2017 12:43:29	47.0	47.0	4.07125
10/24/2017 12:43:40	47.0	47.0	15.2284
10/24/2017 12:43:51	47.0	47.0	10.9137
10/24/2017 12:44:02	47.0	47.0	6.34518
10/24/2017 12:44:14	47.0	46.0	0.502513
10/24/2017 12:44:25	47.0	46.0	0.755668
10/24/2017 12:44:36	46.0	47.0	1.25945
10/24/2017 12:44:47	47.0	46.0	0.505051
10/24/2017 12:44:58	47.0	47.0	0.502513
10/24/2017 12:45:09	46.0	46.0	0.757576
10/24/2017 12:45:20	46.0	46.0	0.503778
10/24/2017 12:45:31	46.0	46.0	0.503778
10/24/2017 12:45:42	46.0	46.0	1.51515
10/24/2017 12:45:53	46.0	45.0	0.251889
10/24/2017 12:46:04	46.0	46.0	0.505051
10/24/2017 12:46:15	46.0	45.0	0.503778
10/24/2017 12:46:26	46.0	46.0	0.503778
10/24/2017 12:46:37	46.0	46.0	1.0101
10/24/2017 12:46:48	45.0	46.0	0.502513
10/24/2017 12:46:59	45.0	45.0	0.503778
10/24/2017 12:47:10	46.0	46.0	1.26582
10/24/2017 12:47:21	46.0	46.0	0.251889
10/24/2017 12:47:32	46.0	46.0	0.503778
10/24/2017 12:47:43	47.0	46.0	1.00756
10/24/2017 12:47:54	45.0	45.0	0.503778
10/24/2017 12:48:05	46.0	46.0	0.252525
10/24/2017 12:48:16	46.0	46.0	1.00756
10/24/2017 12:48:27	45.0	46.0	0.502513
10/24/2017 12:48:38	45.0	46.0	0.503778
10/24/2017 12:48:49	46.0	45.0	0.759494
10/24/2017 12:49:00	46.0	46.0	0.755668
10/24/2017 12:49:11	45.0	45.0	1.00756
10/24/2017 12:49:22	46.0	45.0	0.251889
10/24/2017 12:49:33	45.0	46.0	0.503778
10/24/2017 12:49:44	46.0	46.0	1.27226
10/24/2017 12:49:55	45.0	46.0	0.755668
10/24/2017 12:50:06	45.0	46.0	0.251889
10/24/2017 12:50:17	46.0	45.0	1.0101
10/24/2017 12:50:28	45.0	45.0	0.503778
10/24/2017 12:50:39	45.0	45.0	0.251889
10/24/2017 12:50:50	46.0	45.0	1.00756
10/24/2017 12:51:02	46.0	46.0	0.503778
10/24/2017 12:51:13	45.0	46.0	0.253165
10/24/2017 12:51:24	45.0	45.0	1.00756
10/24/2017 12:51:35	45.0	46.0	0.505051
10/24/2017 12:51:46	45.0	46.0	0.757576
10/24/2017 12:51:57	45.0	46.0	0.505051
10/24/2017 12:52:08	45.0	45.0	0.252525
10/24/2017 12:52:19	45.0	45.0	0.506329
10/24/2017 12:52:30	44.0	45.0	2.28426
10/24/2017 12:52:41	45.0	47.0	0.252525
10/24/2017 12:52:52	45.0	45.0	0.755668
10/24/2017 12:53:03	45.0	45.0	0.755668
10/24/2017 12:53:14	45.0	46.0	0.503778
10/24/2017 12:53:25	44.0	45.0	1.00756
10/24/2017 12:53:36	45.0	44.0	0.753769
10/24/2017 12:53:47	44.0	45.0	0.505051
10/24/2017 12:53:58	45.0	45.0	0.251889
10/24/2017 12:54:09	44.0	45.0	0.755668
10/24/2017 12:54:20	45.0	45.0	0.503778
10/24/2017 12:54:31	45.0	45.0	1.51134
10/24/2017 12:54:42	45.0	46.0	0.505051
10/24/2017 12:54:53	44.0	45.0	1.0101
10/24/2017 12:55:04	44.0	45.0	0
10/24/2017 12:55:15	44.0	45.0	0.503778
10/24/2017 12:55:26	45.0	45.0	0.505051
10/24/2017 12:55:37	44.0	45.0	0.753769
10/24/2017 12:55:48	45.0	45.0	0.503778
10/24/2017 12:55:59	45.0	45.0	1.0101
10/24/2017 12:56:10	44.0	45.0	0.251889
10/24/2017 12:56:21	45.0	45.0	0.753769
10/24/2017 12:56:32	45.0	45.0	2.53165
10/24/2017 12:56:43	45.0	44.0	0.753769
10/24/2017 12:56:54	45.0	45.0	1.00756
10/24/2017 12:57:05	45.0	45.0	0.753769
10/24/2017 12:57:16	45.0	45.0	0.505051
10/24/2017 12:57:28	45.0	45.0	1.25945
10/24/2017 12:57:39	45.0	44.0	0.503778
10/24/2017 12:57:50	45.0	45.0	0.503778
10/24/2017 12:58:01	45.0	45.0	1.00756
10/24/2017 12:58:12	44.0	45.0	0
10/24/2017 12:58:23	44.0	45.0	0.753769
10/24/2017 12:58:34	44.0	45.0	1.26263
10/24/2017 12:58:45	44.0	44.0	0.252525
10/24/2017 12:58:56	44.0	44.0	0
10/24/2017 12:59:07	44.0	45.0	1.25945
10/24/2017 12:59:18	44.0	44.0	0.502513
10/24/2017 12:59:29	45.0	44.0	1.00756
10/24/2017 12:59:40	45.0	45.0	0.503778
10/24/2017 12:59:51	44.0	45.0	0.503778
10/24/2017 13:00:02	45.0	45.0	1.00756
10/24/2017 13:00:13	45.0	45.0	0.503778
10/24/2017 13:00:24	45.0	45.0	0.755668
10/24/2017 13:00:35	44.0	45.0	1.01266
10/24/2017 13:00:46	45.0	45.0	0.251889
10/24/2017 13:00:57	46.0	45.0	0.505051
10/24/2017 13:01:08	44.0	45.0	0.505051
10/24/2017 13:01:19	44.0	44.0	0.252525
10/24/2017 13:01:30	44.0	45.0	0.251889
10/24/2017 13:01:41	45.0	45.0	1.25945
10/24/2017 13:01:52	44.0	45.0	0.753769
10/24/2017 13:02:03	44.0	45.0	0.505051
10/24/2017 13:02:14	44.0	45.0	0.505051
10/24/2017 13:02:25	44.0	46.0	0.253165
10/24/2017 13:02:36	44.0	45.0	0.506329
10/24/2017 13:02:47	45.0	45.0	0.502513
10/24/2017 13:02:58	44.0	44.0	0.505051
10/24/2017 13:03:09	44.0	44.0	1.00756
10/24/2017 13:03:20	44.0	44.0	0.505051
10/24/2017 13:03:31	44.0	45.0	0.503778
10/24/2017 13:03:43	44.0	44.0	1.26263
10/24/2017 13:03:54	45.0	45.0	0.502513
10/24/2017 13:04:05	45.0	44.0	0.753769
10/24/2017 13:04:16	44.0	44.0	1.25945
10/24/2017 13:04:27	44.0	44.0	0.753769
10/24/2017 13:04:38	44.0	44.0	0.503778
10/24/2017 13:04:49	45.0	44.0	0.757576
10/24/2017 13:05:00	45.0	45.0	0.502513
10/24/2017 13:05:11	45.0	44.0	0.759494
10/24/2017 13:05:22	45.0	44.0	0.506329
10/24/2017 13:05:33	44.0	44.0	0.505051
10/24/2017 13:05:44	45.0	45.0	1.0101
10/24/2017 13:05:55	44.0	44.0	0.503778
10/24/2017 13:06:06	44.0	44.0	0.251889
10/24/2017 13:06:17	45.0	45.0	1.0101
10/24/2017 13:06:28	44.0	44.0	0.503778
10/24/2017 13:06:39	45.0	45.0	0.252525
10/24/2017 13:06:50	44.0	45.0	0.759494
10/24/2017 13:07:01	44.0	44.0	0.503778
10/24/2017 13:07:12	45.0	45.0	0.503778
10/24/2017 13:07:23	45.0	45.0	0.503778
10/24/2017 13:07:34	44.0	44.0	0.755668
10/24/2017 13:07:45	44.0	45.0	1.25945
10/24/2017 13:07:56	45.0	45.0	0.505051
10/24/2017 13:08:07	45.0	44.0	0.252525
10/24/2017 13:08:18	44.0	44.0	1.75879
10/24/2017 13:08:29	45.0	45.0	0.251889
10/24/2017 13:08:40	44.0	44.0	0.503778
10/24/2017 13:08:51	44.0	45.0	1.0101
10/24/2017 13:09:02	44.0	45.0	0.505051
10/24/2017 13:09:13	45.0	45.0	0.502513
10/24/2017 13:09:24	44.0	44.0	1.26263
10/24/2017 13:09:35	45.0	45.0	0.252525
10/24/2017 13:09:46	46.0	46.0	0.503778
10/24/2017 13:09:57	44.0	45.0	0.252525
10/24/2017 13:10:08	45.0	45.0	1.51134
10/24/2017 13:10:19	44.0	44.0	0.757576
10/24/2017 13:10:31	45.0	44.0	0.503778
10/24/2017 13:10:42	44.0	45.0	0
10/24/2017 13:10:53	44.0	45.0	1.01266
10/24/2017 13:11:04	44.0	45.0	0.503778
10/24/2017 13:11:15	44.0	45.0	0.505051
10/24/2017 13:11:26	45.0	45.0	0.757576
10/24/2017 13:11:37	44.0	44.0	0.75188
10/24/2017 13:11:48	45.0	45.0	0.755668
10/24/2017 13:11:59	44.0	45.0	0.757576
10/24/2017 13:12:10	45.0	45.0	1.76322
10/24/2017 13:12:21	44.0	45.0	0.502513
10/24/2017 13:12:32	44.0	44.0	0.505051
10/24/2017 13:12:43	45.0	44.0	0.252525
10/24/2017 13:12:54	45.0	45.0	1.26263
10/24/2017 13:13:05	44.0	44.0	0.252525
10/24/2017 13:13:16	44.0	46.0	0.503778
10/24/2017 13:13:27	44.0	45.0	0.757576
10/24/2017 13:13:38	44.0	44.0	0.503778
10/24/2017 13:13:49	44.0	45.0	0.251889
10/24/2017 13:14:00	45.0	45.0	1.00756
10/24/2017 13:14:11	44.0	45.0	2.51889
10/24/2017 13:14:22	46.0	45.0	0.503778
10/24/2017 13:14:33	44.0	45.0	1.00756
10/24/2017 13:14:44	44.0	44.0	0.253165
10/24/2017 13:14:55	45.0	45.0	0.503778
10/24/2017 13:15:06	44.0	45.0	1.01266
10/24/2017 13:15:17	44.0	44.0	0.251889
10/24/2017 13:15:28	44.0	45.0	1.00756
10/24/2017 13:15:39	45.0	44.0	0.502513
10/24/2017 13:15:50	45.0	45.0	0.753769
10/24/2017 13:16:01	45.0	45.0	1.00756
10/24/2017 13:16:12	45.0	44.0	2.51889
10/24/2017 13:16:23	44.0	44.0	0.75188
10/24/2017 13:16:34	45.0	45.0	1.00756
10/24/2017 13:16:45	45.0	45.0	1.00251
10/24/2017 13:16:57	44.0	45.0	0.505051
10/24/2017 13:17:08	44.0	45.0	1.0101
10/24/2017 13:17:19	45.0	45.0	0.252525
10/24/2017 13:17:30	45.0	44.0	0.502513
10/24/2017 13:17:41	45.0	45.0	1.00756
10/24/2017 13:17:52	45.0	44.0	0.505051
10/24/2017 13:18:03	45.0	45.0	0.759494
10/24/2017 13:18:14	45.0	45.0	0.761421
10/24/2017 13:18:25	44.0	45.0	0.505051
10/24/2017 13:18:36	45.0	45.0	1.01266
10/24/2017 13:18:47	45.0	45.0	0.252525
10/24/2017 13:18:58	44.0	45.0	0.75188
10/24/2017 13:19:09	45.0	45.0	0.757576
10/24/2017 13:19:20	45.0	45.0	0.252525
10/24/2017 13:19:31	45.0	44.0	0.252525
10/24/2017 13:19:42	45.0	45.0	1.01266
10/24/2017 13:19:53	45.0	45.0	0.503778
10/24/2017 13:20:04	44.0	44.0	0.503778
10/24/2017 13:20:15	45.0	45.0	1.0101
10/24/2017 13:20:26	45.0	45.0	0.753769
10/24/2017 13:20:37	45.0	45.0	1.00756
10/24/2017 13:20:48	45.0	45.0	0.503778
10/24/2017 13:20:59	45.0	45.0	0.503778
10/24/2017 13:21:10	45.0	45.0	0.761421
10/24/2017 13:21:21	45.0	45.0	0.503778
10/24/2017 13:21:32	45.0	45.0	0.503778
10/24/2017 13:21:43	45.0	45.0	1.0101
10/24/2017 13:21:54	44.0	45.0	0.753769
10/24/2017 13:22:05	45.0	46.0	0.753769
10/24/2017 13:22:16	45.0	45.0	1.0101
10/24/2017 13:22:27	45.0	45.0	0.505051
10/24/2017 13:22:38	45.0	45.0	0.253165
10/24/2017 13:22:49	44.0	45.0	0.759494
10/24/2017 13:23:00	45.0	45.0	0.502513
10/24/2017 13:23:11	45.0	45.0	1.0101
10/24/2017 13:23:22	45.0	45.0	0.503778
10/24/2017 13:23:34	45.0	45.0	0.503778
10/24/2017 13:23:45	45.0	45.0	1.0101
10/24/2017 13:23:56	45.0	45.0	0.755668
10/24/2017 13:24:07	45.0	45.0	0.251889
10/24/2017 13:24:18	44.0	45.0	1.26582
10/24/2017 13:24:29	45.0	46.0	0.502513
10/24/2017 13:24:40	44.0	45.0	0.503778
10/24/2017 13:24:51	45.0	45.0	1.00756
10/24/2017 13:25:02	45.0	46.0	0.502513
10/24/2017 13:25:13	46.0	46.0	0.503778
10/24/2017 13:25:24	44.0	45.0	1.25945
10/24/2017 13:25:35	45.0	45.0	0.755668
10/24/2017 13:25:46	44.0	44.0	1.0101
10/24/2017 13:25:57	45.0	45.0	0.75188
10/24/2017 13:26:08	45.0	45.0	0.251889
10/24/2017 13:26:19	45.0	45.0	1.25945
10/24/2017 13:26:30	45.0	45.0	0.502513
10/24/2017 13:26:41	45.0	45.0	0.503778
10/24/2017 13:26:52	45.0	45.0	1.00756
10/24/2017 13:27:03	45.0	45.0	0.252525
10/24/2017 13:27:14	45.0	45.0	0.502513
10/24/2017 13:27:25	45.0	45.0	1.0101
10/24/2017 13:27:36	45.0	45.0	0.502513
10/24/2017 13:27:47	45.0	45.0	0.503778
10/24/2017 13:27:58	44.0	45.0	1.0101
10/24/2017 13:28:09	45.0	45.0	0.503778
10/24/2017 13:28:20	45.0	45.0	1.0101
10/24/2017 13:28:31	45.0	45.0	0.505051
10/24/2017 13:28:42	45.0	45.0	0.502513
10/24/2017 13:28:53	45.0	45.0	1.0101
10/24/2017 13:29:04	45.0	45.0	0.502513
10/24/2017 13:29:15	45.0	45.0	0.503778
10/24/2017 13:29:26	45.0	45.0	0.759494
10/24/2017 13:29:37	45.0	45.0	0.251889
10/24/2017 13:29:48	45.0	45.0	2.27273
10/24/2017 13:30:00	45.0	45.0	1.00756
10/24/2017 13:30:11	46.0	45.0	0.503778
10/24/2017 13:30:22	45.0	45.0	0.502513
10/24/2017 13:30:33	45.0	45.0	1.00756
10/24/2017 13:30:44	45.0	45.0	0.253165
10/24/2017 13:30:55	44.0	45.0	0.761421
10/24/2017 13:31:06	45.0	45.0	0
10/24/2017 13:31:17	45.0	45.0	0.755668
10/24/2017 13:31:28	45.0	45.0	0.761421
10/24/2017 13:31:39	46.0	45.0	0.506329
10/24/2017 13:31:50	45.0	45.0	2.27273
10/24/2017 13:32:01	45.0	45.0	1.01266
10/24/2017 13:32:12	46.0	45.0	0.252525
10/24/2017 13:32:23	46.0	46.0	0.503778
10/24/2017 13:32:34	45.0	45.0	0.757576
10/24/2017 13:32:45	45.0	46.0	0.505051
10/24/2017 13:32:56	45.0	45.0	0.505051
10/24/2017 13:33:07	45.0	45.0	0.759494
10/24/2017 13:33:18	45.0	46.0	0.252525
10/24/2017 13:33:29	45.0	45.0	1.0101
10/24/2017 13:33:40	45.0	45.0	0.251889
10/24/2017 13:33:51	45.0	45.0	2.02532
10/24/2017 13:34:02	45.0	45.0	1.01266
10/24/2017 13:34:13	45.0	45.0	0.252525
10/24/2017 13:34:24	45.0	45.0	0.503778
10/24/2017 13:34:35	45.0	45.0	1.0101
10/24/2017 13:34:46	45.0	45.0	0.505051
10/24/2017 13:34:57	45.0	45.0	0.502513
10/24/2017 13:35:08	45.0	45.0	0.757576
10/24/2017 13:35:19	46.0	45.0	0.503778
10/24/2017 13:35:30	45.0	45.0	1.00251
10/24/2017 13:35:41	46.0	45.0	1.25945
10/24/2017 13:35:52	45.0	45.0	0.505051
10/24/2017 13:36:03	45.0	45.0	1.00756
10/24/2017 13:36:14	45.0	45.0	0.503778
10/24/2017 13:36:25	45.0	45.0	0.503778
10/24/2017 13:36:36	45.0	45.0	0.759494
10/24/2017 13:36:47	45.0	45.0	0.252525
10/24/2017 13:36:59	45.0	45.0	0.252525
10/24/2017 13:37:10	45.0	45.0	0.755668
10/24/2017 13:37:21	45.0	45.0	0.253165
10/24/2017 13:37:32	45.0	45.0	0.252525
10/24/2017 13:37:43	45.0	45.0	1.00756
10/24/2017 13:37:54	45.0	45.0	0.252525
10/24/2017 13:38:05	45.0	45.0	0.252525
10/24/2017 13:38:16	46.0	45.0	1.26263
10/24/2017 13:38:27	45.0	45.0	0.252525
10/24/2017 13:38:38	45.0	45.0	1.25945
10/24/2017 13:38:49	46.0	45.0	0.252525
10/24/2017 13:39:00	45.0	45.0	0.753769
10/24/2017 13:39:11	45.0	45.0	0.757576
10/24/2017 13:39:22	46.0	45.0	0.503778
10/24/2017 13:39:33	45.0	46.0	0.251889
10/24/2017 13:39:44	45.0	46.0	1.01266
10/24/2017 13:39:55	45.0	45.0	0.502513
10/24/2017 13:40:06	45.0	45.0	0.251889
10/24/2017 13:40:17	45.0	45.0	1.01266
10/24/2017 13:40:28	45.0	45.0	0.505051
10/24/2017 13:40:39	45.0	45.0	0.503778
10/24/2017 13:40:50	45.0	45.0	1.00756
10/24/2017 13:41:01	45.0	45.0	0.251889
10/24/2017 13:41:12	45.0	44.0	1.25628
10/24/2017 13:41:23	44.0	45.0	0.75
10/24/2017 13:41:34	45.0	45.0	0.753769
10/24/2017 13:41:45	45.0	45.0	1.26263
10/24/2017 13:41:56	45.0	45.0	0.505051
10/24/2017 13:42:07	45.0	45.0	0.503778
10/24/2017 13:42:18	45.0	45.0	1.26263
10/24/2017 13:42:29	45.0	45.0	0.503778
10/24/2017 13:42:40	45.0	45.0	0.502513
10/24/2017 13:42:51	45.0	45.0	1.00756
10/24/2017 13:43:02	45.0	45.0	0.251889
10/24/2017 13:43:13	45.0	45.0	0.252525
10/24/2017 13:43:24	45.0	45.0	0.755668
10/24/2017 13:43:35	45.0	45.0	0.502513
10/24/2017 13:43:47	45.0	44.0	0.755668
10/24/2017 13:43:58	45.0	46.0	0.755668
10/24/2017 13:44:09	44.0	45.0	0.503778
10/24/2017 13:44:20	45.0	45.0	0.757576
10/24/2017 13:44:31	45.0	45.0	0.753769
10/24/2017 13:44:42	45.0	46.0	0.503778
10/24/2017 13:44:53	45.0	46.0	1.0101
10/24/2017 13:45:04	45.0	45.0	0.753769
10/24/2017 13:45:15	45.0	45.0	0.502513
10/24/2017 13:45:26	45.0	45.0	1.01266
10/24/2017 13:45:37	44.0	46.0	0.503778
10/24/2017 13:45:48	45.0	45.0	0.503778
10/24/2017 13:45:59	45.0	45.0	0.757576
10/24/2017 13:46:10	45.0	45.0	0.251889
10/24/2017 13:46:21	45.0	45.0	0.757576
10/24/2017 13:46:32	45.0	46.0	0.503778
10/24/2017 13:46:43	45.0	45.0	0.252525
10/24/2017 13:46:54	45.0	45.0	0.757576
10/24/2017 13:47:05	45.0	46.0	0.505051
10/24/2017 13:47:16	45.0	45.0	0.506329
10/24/2017 13:47:27	45.0	46.0	3.29949
10/24/2017 13:47:38	45.0	45.0	1.00503
10/24/2017 13:47:49	45.0	45.0	0.252525
10/24/2017 13:48:00	45.0	46.0	1.0101
10/24/2017 13:48:11	44.0	46.0	0.503778
10/24/2017 13:48:22	45.0	45.0	0.251889
10/24/2017 13:48:33	44.0	45.0	0.506329
10/24/2017 13:48:44	45.0	45.0	0.252525
10/24/2017 13:48:55	45.0	45.0	1.0101
10/24/2017 13:49:06	44.0	45.0	0.251889
10/24/2017 13:49:17	44.0	45.0	0.753769
10/24/2017 13:49:28	45.0	45.0	3.02267
10/24/2017 13:49:39	45.0	45.0	0.503778
10/24/2017 13:49:50	45.0	45.0	0.502513
10/24/2017 13:50:01	45.0	45.0	1.0101
10/24/2017 13:50:13	45.0	46.0	0.251889
10/24/2017 13:50:24	45.0	45.0	0.502513
10/24/2017 13:50:35	45.0	45.0	1.25628
10/24/2017 13:50:46	45.0	45.0	0.251889
10/24/2017 13:50:57	45.0	45.0	0.502513
10/24/2017 13:51:08	45.0	45.0	1.51134
10/24/2017 13:51:19	45.0	46.0	0.753769
10/24/2017 13:51:30	45.0	46.0	2.77778
10/24/2017 13:51:41	45.0	45.0	0.755668
10/24/2017 13:51:52	46.0	46.0	0.753769
10/24/2017 13:52:03	45.0	45.0	1.25628
10/24/2017 13:52:14	45.0	45.0	0.251889
10/24/2017 13:52:25	44.0	46.0	1.00503
10/24/2017 13:52:36	45.0	45.0	0.759494
10/24/2017 13:52:47	45.0	45.0	0.753769
10/24/2017 13:52:58	45.0	45.0	0.251889
10/24/2017 13:53:09	45.0	44.0	1.01266
10/24/2017 13:53:20	45.0	45.0	0.251889
10/24/2017 13:53:31	45.0	45.0	0.503778
10/24/2017 13:53:42	45.0	45.0	1.25945
10/24/2017 13:53:53	45.0	45.0	0.755668
10/24/2017 13:54:04	45.0	45.0	0.502513
10/24/2017 13:54:15	45.0	45.0	0.503778
10/24/2017 13:54:26	46.0	46.0	0.502513
10/24/2017 13:54:37	45.0	44.0	1.00756
10/24/2017 13:54:48	44.0	45.0	0.501253
10/24/2017 13:54:59	45.0	46.0	1.51134
10/24/2017 13:55:10	45.0	45.0	0.506329
10/24/2017 13:55:21	45.0	45.0	0.502513
10/24/2017 13:55:32	46.0	46.0	0.251889
10/24/2017 13:55:43	45.0	45.0	0.759494
10/24/2017 13:55:54	46.0	45.0	0.753769
10/24/2017 13:56:05	45.0	45.0	0.252525
10/24/2017 13:56:16	45.0	45.0	1.00756
10/24/2017 13:56:27	46.0	46.0	0.503778
10/24/2017 13:56:39	45.0	44.0	0.753769
10/24/2017 13:56:50	45.0	45.0	0.502513
10/24/2017 13:57:01	45.0	45.0	1.00251
10/24/2017 13:57:12	44.0	45.0	1.00756
10/24/2017 13:57:23	44.0	45.0	0.753769
10/24/2017 13:57:34	44.0	45.0	0.502513
10/24/2017 13:57:45	44.0	45.0	0.759494
10/24/2017 13:57:56	45.0	46.0	0.251889
10/24/2017 13:58:07	44.0	45.0	0.753769
10/24/2017 13:58:18	44.0	45.0	1.26263
10/24/2017 13:58:29	44.0	45.0	0.252525
10/24/2017 13:58:40	45.0	45.0	0.502513
10/24/2017 13:58:51	45.0	44.0	0.759494
10/24/2017 13:59:02	44.0	45.0	0.251889
10/24/2017 13:59:13	44.0	45.0	0.503778
10/24/2017 13:59:24	44.0	45.0	0.757576
10/24/2017 13:59:35	45.0	46.0	0.503778
10/24/2017 13:59:46	45.0	45.0	0.755668
10/24/2017 13:59:57	45.0	45.0	0.503778
10/24/2017 14:00:08	45.0	45.0	0.251889
10/24/2017 14:00:19	45.0	45.0	0.759494
10/24/2017 14:00:30	45.0	45.0	0.503778
10/24/2017 14:00:41	45.0	45.0	0.753769
10/24/2017 14:00:52	45.0	45.0	1.25945
10/24/2017 14:01:03	45.0	45.0	0.251889
10/24/2017 14:01:14	45.0	45.0	0.505051
10/24/2017 14:01:25	45.0	45.0	1.01266
10/24/2017 14:01:36	45.0	45.0	0.505051
10/24/2017 14:01:47	45.0	45.0	0.502513
10/24/2017 14:01:58	45.0	46.0	0.757576
10/24/2017 14:02:09	45.0	46.0	0.503778
10/24/2017 14:02:20	45.0	45.0	5.82278
10/24/2017 14:02:31	45.0	45.0	0.252525
10/24/2017 14:02:42	45.0	45.0	0.252525
10/24/2017 14:02:53	44.0	45.0	0.757576
10/24/2017 14:03:05	45.0	45.0	0.753769
10/24/2017 14:03:16	44.0	45.0	0.252525
10/24/2017 14:03:27	45.0	45.0	0.755668
10/24/2017 14:03:38	44.0	45.0	0.252525
10/24/2017 14:03:49	46.0	46.0	0.753769
10/24/2017 14:04:00	45.0	45.0	1.00756
10/24/2017 14:04:11	45.0	46.0	0.505051
10/24/2017 14:04:22	45.0	45.0	0.502513
10/24/2017 14:04:33	44.0	45.0	1.0101
10/24/2017 14:04:44	45.0	45.0	0.252525
10/24/2017 14:04:55	45.0	45.0	0.505051
10/24/2017 14:05:06	45.0	45.0	2.0202
10/24/2017 14:05:17	44.0	45.0	0.503778
10/24/2017 14:05:28	45.0	45.0	0.757576
10/24/2017 14:05:39	45.0	45.0	0
10/24/2017 14:05:50	45.0	44.0	0.503778
10/24/2017 14:06:01	45.0	45.0	1.25945
10/24/2017 14:06:12	45.0	44.0	0.252525
10/24/2017 14:06:23	44.0	45.0	0
10/24/2017 14:06:34	45.0	45.0	1.25945
10/24/2017 14:06:45	45.0	45.0	0.252525
10/24/2017 14:06:56	45.0	45.0	0.503778
10/24/2017 14:07:07	45.0	45.0	1.26582
10/24/2017 14:07:18	45.0	45.0	0.503778
10/24/2017 14:07:29	45.0	45.0	0.252525
10/24/2017 14:07:40	45.0	45.0	0.755668
10/24/2017 14:07:51	45.0	45.0	0.503778
10/24/2017 14:08:02	44.0	45.0	1.25945
10/24/2017 14:08:13	45.0	45.0	0.75188
10/24/2017 14:08:24	45.0	45.0	0.252525
10/24/2017 14:08:35	44.0	44.0	0.759494
10/24/2017 14:08:46	45.0	44.0	0.252525
10/24/2017 14:08:57	44.0	45.0	0.753769
10/24/2017 14:09:08	45.0	45.0	2.51889
10/24/2017 14:09:19	46.0	46.0	0.503778
10/24/2017 14:09:31	44.0	45.0	0.502513
10/24/2017 14:09:42	45.0	46.0	1.01266
10/24/2017 14:09:53	46.0	45.0	0.251889
10/24/2017 14:10:04	45.0	45.0	0.503778
10/24/2017 14:10:15	45.0	44.0	0.252525
10/24/2017 14:10:26	45.0	45.0	0.503778
10/24/2017 14:10:37	45.0	46.0	0.755668
10/24/2017 14:10:48	44.0	44.0	0.252525
10/24/2017 14:10:59	45.0	44.0	0.251256
10/24/2017 14:11:10	45.0	46.0	0.757576
10/24/2017 14:11:21	45.0	45.0	0.503778
10/24/2017 14:11:32	44.0	44.0	0.503778
10/24/2017 14:11:43	44.0	45.0	0.755668
10/24/2017 14:11:54	45.0	45.0	0.753769
10/24/2017 14:12:05	45.0	45.0	0.251889
10/24/2017 14:12:16	46.0	45.0	1.0101
10/24/2017 14:12:27	45.0	44.0	0.502513
10/24/2017 14:12:38	45.0	45.0	0.755668
10/24/2017 14:12:49	44.0	44.0	0.757576
10/24/2017 14:13:00	45.0	45.0	0.505051
10/24/2017 14:13:11	44.0	45.0	1.00756
10/24/2017 14:13:22	45.0	44.0	0.252525
10/24/2017 14:13:33	45.0	45.0	0.75188
10/24/2017 14:13:44	45.0	45.0	0.755668
10/24/2017 14:13:55	45.0	45.0	0.503778
10/24/2017 14:14:06	46.0	45.0	0.502513
10/24/2017 14:14:17	45.0	45.0	1.26263
10/24/2017 14:14:28	45.0	45.0	0.251889
10/24/2017 14:14:39	45.0	45.0	0.753769
10/24/2017 14:14:50	45.0	45.0	0.506329
10/24/2017 14:15:01	45.0	45.0	0.251889
10/24/2017 14:15:12	45.0	45.0	0.502513
10/24/2017 14:15:23	45.0	45.0	0.757576
10/24/2017 14:15:34	45.0	45.0	0.503778
10/24/2017 14:15:45	44.0	45.0	1.26263
10/24/2017 14:15:57	44.0	45.0	0.503778
10/24/2017 14:16:08	44.0	45.0	0.253165
10/24/2017 14:16:19	45.0	44.0	1.00756
10/24/2017 14:16:30	45.0	45.0	0.503778
10/24/2017 14:16:41	44.0	45.0	0
10/24/2017 14:16:52	45.0	44.0	0.759494
10/24/2017 14:17:03	45.0	45.0	0
10/24/2017 14:17:14	45.0	45.0	0.253165
10/24/2017 14:17:25	44.0	44.0	1.00756
10/24/2017 14:17:36	44.0	45.0	0.252525
10/24/2017 14:17:47	45.0	45.0	0.503778
10/24/2017 14:17:58	44.0	45.0	0.759494
10/24/2017 14:18:09	45.0	45.0	0.252525
10/24/2017 14:18:20	45.0	45.0	1.00756
10/24/2017 14:18:31	44.0	45.0	0.503778
10/24/2017 14:18:42	45.0	46.0	0.753769
10/24/2017 14:18:53	45.0	45.0	1.00756
10/24/2017 14:19:04	46.0	45.0	0.252525
10/24/2017 14:19:15	45.0	45.0	0.505051
10/24/2017 14:19:26	45.0	46.0	1.00756
10/24/2017 14:19:37	46.0	45.0	0.252525
10/24/2017 14:19:48	45.0	45.0	0.503778
10/24/2017 14:19:59	45.0	45.0	1.00756
10/24/2017 14:20:10	44.0	44.0	0.251889
10/24/2017 14:20:21	44.0	45.0	0.503778
10/24/2017 14:20:32	45.0	45.0	0.755668
10/24/2017 14:20:43	45.0	45.0	0.503778
10/24/2017 14:20:54	44.0	45.0	1.00756
10/24/2017 14:21:05	45.0	45.0	0.503778
10/24/2017 14:21:16	46.0	45.0	0.251889
10/24/2017 14:21:27	45.0	44.0	0.506329
10/24/2017 14:21:38	45.0	44.0	0.251889
10/24/2017 14:21:49	44.0	45.0	0.753769
10/24/2017 14:22:00	44.0	44.0	0.505051
10/24/2017 14:22:11	45.0	45.0	0.503778
10/24/2017 14:22:22	45.0	45.0	0.502513
10/24/2017 14:22:33	46.0	45.0	1.00756
10/24/2017 14:22:44	45.0	44.0	2.77078
10/24/2017 14:22:55	45.0	45.0	0.503778
10/24/2017 14:23:07	45.0	45.0	0.757576
10/24/2017 14:23:18	45.0	44.0	0.252525
10/24/2017 14:23:29	45.0	46.0	1.0101
10/24/2017 14:23:40	45.0	45.0	0.502513
10/24/2017 14:23:51	46.0	45.0	0.75188
10/24/2017 14:24:02	45.0	45.0	1.00756
10/24/2017 14:24:13	46.0	45.0	0.503778
10/24/2017 14:24:24	45.0	45.0	0.503778
10/24/2017 14:24:35	45.0	45.0	1.0101
10/24/2017 14:24:46	45.0	44.0	1.50754
10/24/2017 14:24:57	45.0	45.0	0.503778
10/24/2017 14:25:08	44.0	44.0	0.759494
10/24/2017 14:25:19	45.0	44.0	0.251889
10/24/2017 14:25:30	46.0	46.0	0.503778
10/24/2017 14:25:41	45.0	45.0	1.00756
10/24/2017 14:25:52	45.0	45.0	0.502513
10/24/2017 14:26:03	45.0	45.0	1.00503
10/24/2017 14:26:14	45.0	45.0	0.502513
10/24/2017 14:26:25	45.0	45.0	0.502513
10/24/2017 14:26:36	45.0	45.0	1.00756
10/24/2017 14:26:47	45.0	45.0	1.0101
10/24/2017 14:26:58	45.0	45.0	0.75188
10/24/2017 14:27:09	46.0	46.0	0.755668
10/24/2017 14:27:20	45.0	45.0	0.502513
10/24/2017 14:27:31	45.0	45.0	0.503778
10/24/2017 14:27:42	45.0	45.0	1.25945
10/24/2017 14:27:53	45.0	44.0	0.75188
10/24/2017 14:28:04	45.0	46.0	0.753769
10/24/2017 14:28:15	46.0	46.0	1.0101
10/24/2017 14:28:26	45.0	45.0	0.253165
10/24/2017 14:28:37	45.0	45.0	0.506329
10/24/2017 14:28:48	45.0	45.0	2.267
10/24/2017 14:28:59	46.0	45.0	0.502513
10/24/2017 14:29:10	45.0	45.0	1.25945
10/24/2017 14:29:21	45.0	45.0	0.502513
10/24/2017 14:29:32	46.0	45.0	0.503778
10/24/2017 14:29:43	45.0	45.0	0.757576
10/24/2017 14:29:54	45.0	45.0	0.503778
10/24/2017 14:30:05	45.0	45.0	0.251889
10/24/2017 14:30:17	45.0	45.0	1.00756
10/24/2017 14:30:28	45.0	46.0	0.503778
10/24/2017 14:30:39	45.0	45.0	0.503778
10/24/2017 14:30:50	45.0	46.0	1.00756
10/24/2017 14:31:01	45.0	45.0	0.252525
10/24/2017 14:31:12	45.0	45.0	1.0101
10/24/2017 14:31:23	45.0	46.0	0.502513
10/24/2017 14:31:34	45.0	46.0	0.753769
10/24/2017 14:31:45	45.0	44.0	1.25945
10/24/2017 14:31:56	45.0	44.0	0.753769
10/24/2017 14:32:07	45.0	45.0	0.251889
10/24/2017 14:32:18	45.0	45.0	1.26263
10/24/2017 14:32:29	45.0	45.0	0.251889
10/24/2017 14:32:40	46.0	46.0	0.252525
10/24/2017 14:32:51	45.0	44.0	0.505051
10/24/2017 14:33:02	45.0	45.0	0.503778
10/24/2017 14:33:13	45.0	45.0	0.503778
10/24/2017 14:33:24	45.0	45.0	1.00756
10/24/2017 14:33:35	45.0	45.0	0.502513
10/24/2017 14:33:46	45.0	45.0	0.503778
10/24/2017 14:33:57	45.0	45.0	0.252525
10/24/2017 14:34:08	45.0	46.0	0.503778
10/24/2017 14:34:19	44.0	45.0	0.759494
10/24/2017 14:34:30	45.0	45.0	0.753769
10/24/2017 14:34:41	45.0	45.0	0.251889
10/24/2017 14:34:52	45.0	45.0	1.50754
10/24/2017 14:35:03	46.0	45.0	0.251889
10/24/2017 14:35:14	45.0	45.0	0.502513
10/24/2017 14:35:25	45.0	45.0	0.757576
10/24/2017 14:35:36	45.0	45.0	0.502513
10/24/2017 14:35:47	45.0	45.0	0.503778
10/24/2017 14:35:58	45.0	44.0	1.0101
10/24/2017 14:36:09	45.0	44.0	0.503778
10/24/2017 14:36:20	46.0	45.0	2.34899
10/24/2017 14:36:32	45.0	45.0	2.07612
10/24/2017 14:36:43	47.0	47.0	23.6559
10/24/2017 14:36:54	47.0	46.0	13.3562
10/24/2017 14:37:05	47.0	46.0	2.84091
10/24/2017 14:37:16	47.0	46.0	1.54639
10/24/2017 14:37:27	46.0	46.0	1.78117
10/24/2017 14:37:38	46.0	47.0	0.503778
10/24/2017 14:37:49	46.0	47.0	0.755668
10/24/2017 14:38:00	46.0	46.0	0.506329
10/24/2017 14:38:11	46.0	46.0	0.251889
10/24/2017 14:38:22	46.0	45.0	0.761421
10/24/2017 14:38:33	47.0	46.0	0
10/24/2017 14:38:44	46.0	46.0	0.503778
10/24/2017 14:38:55	46.0	46.0	0.759494
10/24/2017 14:39:06	45.0	46.0	0.755668
10/24/2017 14:39:17	46.0	45.0	0.503778
10/24/2017 14:39:28	46.0	45.0	0.502513
10/24/2017 14:39:39	46.0	45.0	0.503778
10/24/2017 14:39:50	46.0	46.0	1.25945
10/24/2017 14:40:01	45.0	45.0	0.502513
10/24/2017 14:40:12	46.0	45.0	0.503778
10/24/2017 14:40:23	46.0	46.0	1.76322
10/24/2017 14:40:34	46.0	45.0	0.253165
10/24/2017 14:40:45	45.0	46.0	0.252525
10/24/2017 14:40:57	45.0	45.0	1.00503
10/24/2017 14:41:08	46.0	46.0	0.755668
10/24/2017 14:41:19	45.0	46.0	0.252525
10/24/2017 14:41:30	46.0	46.0	0.755668
10/24/2017 14:41:41	45.0	45.0	0.252525
10/24/2017 14:41:52	45.0	45.0	0.252525
10/24/2017 14:42:03	45.0	46.0	0.757576
10/24/2017 14:42:14	46.0	46.0	1.25945
10/24/2017 14:42:25	46.0	46.0	2.51889
10/24/2017 14:42:36	45.0	46.0	0.503778
10/24/2017 14:42:47	46.0	46.0	0.503778
10/24/2017 14:42:58	46.0	46.0	1.0101
10/24/2017 14:43:09	46.0	46.0	0.251889
10/24/2017 14:43:20	45.0	46.0	0.505051
10/24/2017 14:43:31	45.0	45.0	0.757576
10/24/2017 14:43:42	45.0	45.0	0.503778
10/24/2017 14:43:53	45.0	46.0	0.503778
10/24/2017 14:44:04	45.0	45.0	1.25945
10/24/2017 14:44:15	45.0	46.0	0.251889
10/24/2017 14:44:26	46.0	45.0	2.51889
10/24/2017 14:44:37	45.0	45.0	0.757576
10/24/2017 14:44:48	45.0	46.0	0.503778
10/24/2017 14:44:59	45.0	46.0	0.503778
10/24/2017 14:45:10	45.0	46.0	0.252525
10/24/2017 14:45:21	46.0	45.0	0.503778
10/24/2017 14:45:32	45.0	45.0	1.0101
10/24/2017 14:45:43	45.0	45.0	0.753769
10/24/2017 14:45:54	45.0	45.0	0
10/24/2017 14:46:05	45.0	45.0	1.01266
10/24/2017 14:46:16	45.0	44.0	0.251889
10/24/2017 14:46:27	45.0	45.0	0.753769
10/24/2017 14:46:38	45.0	45.0	1.0101
10/24/2017 14:46:49	45.0	45.0	0.503778
10/24/2017 14:47:00	45.0	45.0	0.503778
10/24/2017 14:47:11	46.0	45.0	1.0101
10/24/2017 14:47:22	45.0	44.0	0
10/24/2017 14:47:33	46.0	45.0	0.505051
10/24/2017 14:47:45	45.0	45.0	0.252525
10/24/2017 14:47:56	45.0	45.0	0.503778
10/24/2017 14:48:07	45.0	45.0	1.00756
10/24/2017 14:48:18	46.0	46.0	0.755668
10/24/2017 14:48:29	45.0	45.0	0.251889
10/24/2017 14:48:40	45.0	45.0	1.00756
10/24/2017 14:48:51	45.0	46.0	0.252525
10/24/2017 14:49:02	46.0	45.0	0.503778
10/24/2017 14:49:13	45.0	45.0	1.00756
10/24/2017 14:49:24	45.0	46.0	0.503778
10/24/2017 14:49:35	45.0	45.0	0.753769
10/24/2017 14:49:46	45.0	45.0	1.01266
10/24/2017 14:49:57	46.0	46.0	0.503778
10/24/2017 14:50:08	45.0	45.0	0.252525
10/24/2017 14:50:19	45.0	46.0	0.503778
10/24/2017 14:50:30	44.0	46.0	0.252525
10/24/2017 14:50:41	45.0	45.0	0.757576
10/24/2017 14:50:52	45.0	46.0	0.503778
10/24/2017 14:51:03	45.0	45.0	0.503778
10/24/2017 14:51:14	45.0	45.0	1.25945
10/24/2017 14:51:25	45.0	46.0	0.252525
10/24/2017 14:51:36	45.0	45.0	0.252525
10/24/2017 14:51:47	45.0	45.0	0.759494
10/24/2017 14:51:58	44.0	46.0	0.253165
10/24/2017 14:52:09	45.0	45.0	0.251889
10/24/2017 14:52:20	45.0	45.0	3.56234
10/24/2017 14:52:31	45.0	45.0	0.503778
10/24/2017 14:52:42	45.0	46.0	0.252525
10/24/2017 14:52:53	45.0	46.0	0.505051
10/24/2017 14:53:04	44.0	45.0	0.251889
10/24/2017 14:53:15	45.0	45.0	1.00756
10/24/2017 14:53:26	45.0	45.0	0.251889
10/24/2017 14:53:37	45.0	46.0	0.753769
10/24/2017 14:53:48	45.0	45.0	0.507614
10/24/2017 14:53:59	45.0	46.0	0.757576
10/24/2017 14:54:10	45.0	45.0	0.502513
10/24/2017 14:54:21	45.0	44.0	0.761421
10/24/2017 14:54:33	45.0	45.0	0.505051
10/24/2017 14:54:44	45.0	45.0	0.502513
10/24/2017 14:54:55	45.0	45.0	1.00756
10/24/2017 14:55:06	45.0	45.0	0.503778
10/24/2017 14:55:17	45.0	45.0	0.505051
10/24/2017 14:55:28	45.0	45.0	0.252525
10/24/2017 14:55:39	45.0	45.0	0.252525
10/24/2017 14:55:50	45.0	45.0	1.0101
10/24/2017 14:56:01	45.0	45.0	0.505051
10/24/2017 14:56:12	45.0	45.0	0.502513
10/24/2017 14:56:23	45.0	46.0	1.0101
10/24/2017 14:56:34	45.0	46.0	0.503778
10/24/2017 14:56:45	45.0	45.0	0.503778
10/24/2017 14:56:56	45.0	45.0	1.0101
10/24/2017 14:57:07	45.0	45.0	0.503778
10/24/2017 14:57:18	45.0	44.0	0.251889
10/24/2017 14:57:29	44.0	45.0	0.755668
10/24/2017 14:57:40	46.0	45.0	0.252525
10/24/2017 14:57:51	45.0	44.0	0.252525
10/24/2017 14:58:02	45.0	45.0	2.77778
10/24/2017 14:58:13	45.0	45.0	0.753769
10/24/2017 14:58:24	45.0	45.0	0.759494
10/24/2017 14:58:35	45.0	45.0	0.503778
10/24/2017 14:58:46	45.0	46.0	0.503778
10/24/2017 14:58:57	45.0	46.0	1.25945
10/24/2017 14:59:08	45.0	45.0	0.753769
10/24/2017 14:59:19	45.0	45.0	0.502513
10/24/2017 14:59:30	45.0	45.0	0.759494
10/24/2017 14:59:41	46.0	45.0	0.251889
10/24/2017 14:59:52	45.0	45.0	0.503778
10/24/2017 15:00:03	45.0	45.0	2.27273
10/24/2017 15:00:14	44.0	45.0	0.503778
10/24/2017 15:00:25	45.0	45.0	0.503778
10/24/2017 15:00:36	45.0	45.0	0.755668
10/24/2017 15:00:47	45.0	46.0	0.503778
10/24/2017 15:00:58	45.0	44.0	1.00503
10/24/2017 15:01:10	45.0	44.0	0.251889
10/24/2017 15:01:21	45.0	46.0	0.502513
10/24/2017 15:01:32	45.0	45.0	0.757576
10/24/2017 15:01:43	45.0	44.0	0.502513
10/24/2017 15:01:54	45.0	44.0	0.252525
10/24/2017 15:02:05	45.0	45.0	2.77778
10/24/2017 15:02:16	45.0	45.0	0.251889
10/24/2017 15:02:27	45.0	45.0	0.503778
10/24/2017 15:02:38	45.0	45.0	4.0404
10/24/2017 15:02:49	45.0	45.0	1.52284
10/24/2017 15:03:00	44.0	45.0	0.755668
10/24/2017 15:03:11	45.0	45.0	1.78571
10/24/2017 15:03:22	45.0	45.0	2.79188
10/24/2017 15:03:33	45.0	45.0	3.80711
10/24/2017 15:03:44	45.0	45.0	4.3257
10/24/2017 15:03:55	45.0	45.0	3.56234
10/24/2017 15:04:06	45.0	45.0	5.34351
10/24/2017 15:04:17	45.0	45.0	2.77778
10/24/2017 15:04:28	45.0	45.0	5.57377
10/24/2017 15:04:39	46.0	45.0	2.52525
10/24/2017 15:04:50	49.0	46.0	0.503778
10/24/2017 15:05:01	46.0	46.0	0.251889
10/24/2017 15:05:12	45.0	45.0	0.759494
10/24/2017 15:05:23	45.0	45.0	0.502513
10/24/2017 15:05:34	46.0	46.0	0.505051
10/24/2017 15:05:45	46.0	45.0	4.82234
10/24/2017 15:05:56	46.0	46.0	14.3223
10/24/2017 15:06:07	46.0	45.0	0.759494
10/24/2017 15:06:18	45.0	45.0	52.8868
10/24/2017 15:06:32	47.0	47.0	15.7407
10/24/2017 15:06:44	48.0	48.0	13.6842
10/24/2017 15:06:55	48.0	48.0	18.4466
10/24/2017 15:07:06	51.0	51.0	25.6055
10/24/2017 15:07:17	51.0	50.0	20.1258
10/24/2017 15:07:29	50.0	51.0	13.6842
10/24/2017 15:07:40	51.0	51.0	13.7203
10/24/2017 15:07:51	51.0	51.0	12.6984
10/24/2017 15:08:02	51.0	52.0	12.4339
10/24/2017 15:08:13	52.0	52.0	12.1372
10/24/2017 15:08:24	52.0	53.0	12.5326
10/24/2017 15:08:35	53.0	53.0	13.0208
10/24/2017 15:08:46	54.0	54.0	12.8272
10/24/2017 15:08:57	54.0	54.0	11.8734
10/24/2017 15:09:08	55.0	54.0	14.7368
10/24/2017 15:09:19	56.0	55.0	11.8734
10/24/2017 15:09:30	55.0	55.0	12.5654
10/24/2017 15:09:41	56.0	55.0	12.1372
10/24/2017 15:09:52	56.0	56.0	12.1053
10/24/2017 15:10:03	54.0	54.0	13.4565
10/24/2017 15:10:14	51.0	51.0	13.7203
10/24/2017 15:10:25	51.0	50.0	14.6982
10/24/2017 15:10:36	50.0	50.0	14.8148
10/24/2017 15:10:47	49.0	48.0	13.8667
10/24/2017 15:10:58	48.0	47.0	13.7566
10/24/2017 15:11:09	48.0	47.0	14.4737
10/24/2017 15:11:20	47.0	46.0	13.7566
10/24/2017 15:11:31	47.0	47.0	13.2979
10/24/2017 15:11:43	48.0	48.0	15
10/24/2017 15:11:54	50.0	49.0	14.5889
10/24/2017 15:12:05	50.0	51.0	11.9681
10/24/2017 15:12:16	52.0	51.0	13.3508
10/24/2017 15:12:27	53.0	53.0	12.3684
10/24/2017 15:12:38	54.0	54.0	12.8272
10/24/2017 15:12:49	54.0	54.0	12.6316
10/24/2017 15:13:00	55.0	55.0	12.336
10/24/2017 15:13:11	56.0	56.0	12.3684
10/24/2017 15:13:22	56.0	56.0	11.6402
10/24/2017 15:13:33	54.0	53.0	12.4011
10/24/2017 15:13:44	51.0	53.0	14.0957
10/24/2017 15:13:55	50.0	51.0	14.0957
10/24/2017 15:14:06	50.0	50.0	13.5279
10/24/2017 15:14:17	49.0	49.0	15
10/24/2017 15:14:28	48.0	48.0	13.5638
10/24/2017 15:14:39	48.0	48.0	14.2857
10/24/2017 15:14:50	48.0	47.0	14.0584
10/24/2017 15:15:01	48.0	48.0	14.0584
10/24/2017 15:15:12	47.0	47.0	13.9842
10/24/2017 15:15:23	47.0	47.0	14.5119
10/24/2017 15:15:34	48.0	48.0	11.9681
10/24/2017 15:15:45	50.0	50.0	13.9474
10/24/2017 15:15:56	51.0	52.0	12.6649
10/24/2017 15:16:07	53.0	53.0	12.1053
10/24/2017 15:16:18	54.0	54.0	13.7931
10/24/2017 15:16:29	55.0	55.0	12.1053
10/24/2017 15:16:40	56.0	56.0	12.6984
10/24/2017 15:16:52	55.0	55.0	12.4011
10/24/2017 15:17:03	53.0	52.0	12.8342
10/24/2017 15:17:14	51.0	52.0	13.7931
10/24/2017 15:17:25	51.0	50.0	15.3846
10/24/2017 15:17:36	50.0	50.0	13.3333
10/24/2017 15:17:47	49.0	49.0	14.0957
10/24/2017 15:17:58	49.0	48.0	14.3236
10/24/2017 15:18:09	49.0	49.0	14.7368
10/24/2017 15:18:20	49.0	48.0	14.2857
10/24/2017 15:18:31	48.0	48.0	14.0584
10/24/2017 15:18:42	48.0	47.0	12.9973
10/24/2017 15:18:53	48.0	47.0	14.5503
10/24/2017 15:19:04	47.0	47.0	16.4894
10/24/2017 15:19:15	48.0	48.0	16.8421
10/24/2017 15:19:26	48.0	48.0	17.5853
10/24/2017 15:19:37	49.0	48.0	17.801
10/24/2017 15:19:48	48.0	48.0	18.6842
10/24/2017 15:19:59	48.0	48.0	18.4697
10/24/2017 15:20:10	49.0	48.0	17.6316
10/24/2017 15:20:21	48.0	48.0	18.1102
10/24/2017 15:20:32	48.0	48.0	16.7979
10/24/2017 15:20:43	48.0	47.0	16.7539
10/24/2017 15:20:55	48.0	48.0	19.788
10/24/2017 15:21:06	48.0	48.0	17.6781
10/24/2017 15:21:17	48.0	48.0	14.5119
10/24/2017 15:21:28	47.0	47.0	14.4385
10/24/2017 15:21:39	47.0	47.0	14.3617
10/24/2017 15:21:50	48.0	48.0	13.7566
10/24/2017 15:22:01	49.0	50.0	13.4565
10/24/2017 15:22:12	52.0	51.0	12.3037
10/24/2017 15:22:23	52.0	52.0	12.7321
10/24/2017 15:22:34	54.0	53.0	12.8
10/24/2017 15:22:45	55.0	54.0	14.1361
10/24/2017 15:22:56	55.0	55.0	13.2275
10/24/2017 15:23:07	55.0	55.0	12.8947
10/24/2017 15:23:18	53.0	53.0	11.8421
10/24/2017 15:23:29	51.0	51.0	14.6667
10/24/2017 15:23:40	50.0	50.0	14.2857
10/24/2017 15:23:51	50.0	50.0	12.1372
10/24/2017 15:24:02	49.0	49.0	14.6417
10/24/2017 15:24:13	48.0	49.0	13.8298
10/24/2017 15:24:24	49.0	49.0	16.9312
10/24/2017 15:24:35	49.0	49.0	18.0371
10/24/2017 15:24:46	48.0	49.0	15
10/24/2017 15:24:57	48.0	48.0	15.7754
10/24/2017 15:25:08	48.0	48.0	11.2637
10/24/2017 15:25:19	49.0	48.0	0.503778
10/24/2017 15:25:31	49.0	48.0	0.505051
10/24/2017 15:25:42	49.0	49.0	1.00756
10/24/2017 15:25:53	50.0	50.0	0.505051
10/24/2017 15:26:04	50.0	51.0	2.04082
10/24/2017 15:26:15	51.0	51.0	16.7808
10/24/2017 15:26:26	51.0	51.0	18.2965
10/24/2017 15:26:37	50.0	51.0	21.5054
10/24/2017 15:26:49	50.0	50.0	14.1618
10/24/2017 15:27:00	48.0	48.0	15.3425
10/24/2017 15:27:11	48.0	48.0	14.8148
10/24/2017 15:27:22	48.0	47.0	18.3246
10/24/2017 15:27:33	48.0	48.0	14.3236
10/24/2017 15:27:44	48.0	47.0	16.8421
10/24/2017 15:27:55	48.0	48.0	18.7831
10/24/2017 15:28:06	50.0	50.0	13.7931
10/24/2017 15:28:18	51.0	51.0	17.5393
10/24/2017 15:28:29	54.0	53.0	17.4935
10/24/2017 15:28:40	55.0	55.0	17.3684
10/24/2017 15:28:51	56.0	55.0	19.1601
10/24/2017 15:29:02	56.0	56.0	16.5354
10/24/2017 15:29:13	55.0	54.0	12.9288
10/24/2017 15:29:24	52.0	52.0	13.0319
10/24/2017 15:29:35	51.0	52.0	21.8487
10/24/2017 15:29:46	51.0	51.0	17.0213
10/24/2017 15:29:57	50.0	50.0	14.3236
10/24/2017 15:30:08	50.0	49.0	13.5638
10/24/2017 15:30:19	49.0	49.0	16.6667
10/24/2017 15:30:30	48.0	48.0	19.4149
10/24/2017 15:30:41	48.0	48.0	14.3236
10/24/2017 15:30:52	49.0	48.0	19.8953
10/24/2017 15:31:03	49.0	49.0	25
10/24/2017 15:31:14	48.0	48.0	14.0584
10/24/2017 15:31:25	48.0	48.0	13.8298
10/24/2017 15:31:36	48.0	48.0	14.6277
10/24/2017 15:31:47	48.0	47.0	14.4385
10/24/2017 15:31:58	48.0	47.0	14.3236
10/24/2017 15:32:09	48.0	47.0	13.5638
10/24/2017 15:32:20	48.0	47.0	18.2796
10/24/2017 15:32:31	48.0	48.0	14.2857
10/24/2017 15:32:42	47.0	47.0	14.248
10/24/2017 15:32:53	48.0	48.0	14.1333
10/24/2017 15:33:04	50.0	50.0	13.8298
10/24/2017 15:33:15	51.0	51.0	12.963
10/24/2017 15:33:26	52.0	53.0	13.4211
10/24/2017 15:33:38	54.0	54.0	12.0735
10/24/2017 15:33:49	55.0	54.0	12.1372
10/24/2017 15:34:00	56.0	56.0	12.8609
10/24/2017 15:34:11	56.0	56.0	12.336
10/24/2017 15:34:22	54.0	54.0	15.6085
10/24/2017 15:34:33	52.0	52.0	14.0584
10/24/2017 15:34:44	51.0	51.0	16.7553
10/24/2017 15:34:55	51.0	51.0	1.0101
10/24/2017 15:35:06	49.0	49.0	0.505051
10/24/2017 15:35:17	48.0	48.0	0.505051
10/24/2017 15:35:28	48.0	48.0	3.33333
10/24/2017 15:35:39	49.0	49.0	2.53165
10/24/2017 15:35:50	50.0	50.0	2.79188
10/24/2017 15:36:01	50.0	51.0	2.28426
10/24/2017 15:36:12	51.0	51.0	1.77665
10/24/2017 15:36:23	51.0	51.0	0.253165
10/24/2017 15:36:34	51.0	51.0	1.00756
10/24/2017 15:36:45	51.0	51.0	0.503778
10/24/2017 15:36:56	52.0	52.0	0.505051
10/24/2017 15:37:07	51.0	51.0	0.502513
10/24/2017 15:37:18	51.0	51.0	0.503778
10/24/2017 15:37:29	51.0	51.0	1.00756
10/24/2017 15:37:40	52.0	51.0	0.755668
10/24/2017 15:37:51	52.0	51.0	0.503778
10/24/2017 15:38:02	51.0	51.0	1.0101
10/24/2017 15:38:13	51.0	51.0	0.502513
10/24/2017 15:38:24	51.0	51.0	0.503778
10/24/2017 15:38:35	51.0	51.0	1.01266
10/24/2017 15:38:46	51.0	51.0	0.252525
10/24/2017 15:38:57	51.0	51.0	0.253165
10/24/2017 15:39:08	51.0	51.0	0.757576
10/24/2017 15:39:19	51.0	51.0	0.753769
10/24/2017 15:39:30	51.0	51.0	0.503778
10/24/2017 15:39:41	51.0	51.0	0.505051
10/24/2017 15:39:53	50.0	51.0	0.502513
10/24/2017 15:40:04	50.0	51.0	1.51134
10/24/2017 15:40:15	50.0	51.0	0.505051
10/24/2017 15:40:26	51.0	50.0	0.753769
10/24/2017 15:40:37	50.0	51.0	1.25945
10/24/2017 15:40:48	51.0	51.0	0.503778
10/24/2017 15:40:59	50.0	51.0	0.505051
10/24/2017 15:41:10	50.0	50.0	0.757576
10/24/2017 15:41:21	50.0	50.0	0
10/24/2017 15:41:32	50.0	50.0	0.503778
10/24/2017 15:41:43	50.0	50.0	1.00503
10/24/2017 15:41:54	50.0	50.0	0.503778
10/24/2017 15:42:05	50.0	50.0	0.505051
10/24/2017 15:42:16	50.0	50.0	0.503778
10/24/2017 15:42:27	49.0	50.0	0.505051
10/24/2017 15:42:38	49.0	49.0	1.00756
10/24/2017 15:42:49	50.0	50.0	0.252525
10/24/2017 15:43:00	49.0	50.0	0.503778
10/24/2017 15:43:11	49.0	50.0	1.26263
10/24/2017 15:43:22	49.0	48.0	0.502513
10/24/2017 15:43:33	49.0	49.0	0.755668
10/24/2017 15:43:44	49.0	49.0	0.755668
10/24/2017 15:43:55	49.0	49.0	0.505051
10/24/2017 15:44:06	49.0	49.0	0.505051
10/24/2017 15:44:17	49.0	49.0	1.26263
10/24/2017 15:44:28	49.0	49.0	0.502513
10/24/2017 15:44:39	49.0	49.0	0.505051
10/24/2017 15:44:50	48.0	48.0	0.503778
10/24/2017 15:45:01	49.0	49.0	0.505051
10/24/2017 15:45:12	48.0	49.0	1.00756
10/24/2017 15:45:23	48.0	48.0	0.753769
10/24/2017 15:45:34	49.0	48.0	0.503778
10/24/2017 15:45:45	49.0	48.0	1.0101
10/24/2017 15:45:56	48.0	48.0	0.502513
10/24/2017 15:46:07	48.0	49.0	0.505051
10/24/2017 15:46:18	48.0	48.0	1.51515
10/24/2017 15:46:29	48.0	48.0	0.252525
10/24/2017 15:46:41	48.0	48.0	0.505051
10/24/2017 15:46:52	48.0	48.0	0.757576
10/24/2017 15:47:03	48.0	48.0	1.00503
10/24/2017 15:47:14	48.0	48.0	0.503778
10/24/2017 15:47:25	48.0	47.0	1.26582
10/24/2017 15:47:36	48.0	48.0	0.75188
10/24/2017 15:47:47	48.0	48.0	1.26263
10/24/2017 15:47:58	48.0	48.0	2.27273
10/24/2017 15:48:09	48.0	47.0	0.503778
10/24/2017 15:48:20	48.0	47.0	0.757576
10/24/2017 15:48:31	48.0	47.0	0.505051
10/24/2017 15:48:42	48.0	48.0	0.502513
10/24/2017 15:48:53	48.0	48.0	1.26263
10/24/2017 15:49:04	48.0	47.0	0.251889
10/24/2017 15:49:15	48.0	48.0	0.753769
10/24/2017 15:49:26	48.0	47.0	1.26263
10/24/2017 15:49:37	48.0	48.0	0.753769
10/24/2017 15:49:48	47.0	48.0	0.503778
10/24/2017 15:49:59	49.0	48.0	1.76322
10/24/2017 15:50:10	48.0	48.0	0.251889
10/24/2017 15:50:21	48.0	48.0	0.507614
10/24/2017 15:50:32	48.0	48.0	0.502513
10/24/2017 15:50:43	47.0	47.0	0.753769
10/24/2017 15:50:54	48.0	48.0	1.00756
10/24/2017 15:51:05	47.0	48.0	0.252525
10/24/2017 15:51:16	47.0	47.0	0.503778
10/24/2017 15:51:27	47.0	47.0	1.01266
10/24/2017 15:51:38	47.0	47.0	0.503778
10/24/2017 15:51:49	47.0	47.0	0.252525
10/24/2017 15:52:00	48.0	47.0	2.01511
10/24/2017 15:52:11	47.0	47.0	0.753769
10/24/2017 15:52:22	47.0	47.0	0.503778
10/24/2017 15:52:33	48.0	48.0	0.506329
10/24/2017 15:52:44	47.0	47.0	0.253165
10/24/2017 15:52:55	47.0	47.0	0.505051
10/24/2017 15:53:06	47.0	47.0	0.755668
10/24/2017 15:53:17	47.0	47.0	0.505051
10/24/2017 15:53:29	48.0	47.0	1.0101
10/24/2017 15:53:40	48.0	47.0	0.505051
10/24/2017 15:53:51	47.0	47.0	0.503778
10/24/2017 15:54:02	47.0	47.0	0.757576
10/24/2017 15:54:13	47.0	48.0	0.505051
10/24/2017 15:54:24	47.0	47.0	0.75188
10/24/2017 15:54:35	48.0	47.0	1.26263
10/24/2017 15:54:46	47.0	47.0	0.503778
10/24/2017 15:54:57	48.0	47.0	0.503778
10/24/2017 15:55:08	46.0	47.0	1.25628
10/24/2017 15:55:19	47.0	47.0	0.252525
10/24/2017 15:55:30	47.0	47.0	0.506329
10/24/2017 15:55:41	47.0	47.0	0.253165
10/24/2017 15:55:52	48.0	47.0	0.755668
10/24/2017 15:56:03	47.0	46.0	1.00756
10/24/2017 15:56:14	47.0	47.0	0.753769
10/24/2017 15:56:25	47.0	47.0	0.503778
10/24/2017 15:56:36	47.0	47.0	1.0101
10/24/2017 15:56:47	47.0	47.0	0
10/24/2017 15:56:58	46.0	46.0	0.503778
10/24/2017 15:57:09	46.0	47.0	0.755668
10/24/2017 15:57:20	46.0	47.0	0.753769
10/24/2017 15:57:31	46.0	46.0	0.503778
10/24/2017 15:57:42	48.0	47.0	1.26263
10/24/2017 15:57:53	47.0	46.0	0.503778
10/24/2017 15:58:04	46.0	47.0	1.25628
10/24/2017 15:58:15	46.0	47.0	0.503778
10/24/2017 15:58:26	46.0	46.0	0.252525
10/24/2017 15:58:37	46.0	46.0	0.759494
10/24/2017 15:58:48	46.0	46.0	0.503778
10/24/2017 15:58:59	47.0	46.0	0.252525
10/24/2017 15:59:10	46.0	47.0	1.0101
10/24/2017 15:59:21	47.0	46.0	0.252525
10/24/2017 15:59:32	46.0	46.0	0.252525
10/24/2017 15:59:43	47.0	46.0	1.25945
10/24/2017 15:59:54	46.0	47.0	0.753769
10/24/2017 16:00:06	46.0	46.0	0.755668
10/24/2017 16:00:17	47.0	46.0	1.00756
10/24/2017 16:00:28	47.0	46.0	0.753769
10/24/2017 16:00:39	47.0	47.0	0.761421
10/24/2017 16:00:50	46.0	46.0	0.503778
10/24/2017 16:01:01	46.0	46.0	0.503778
10/24/2017 16:01:12	47.0	46.0	1.00756
10/24/2017 16:01:23	46.0	47.0	0.503778
10/24/2017 16:01:34	47.0	46.0	0.505051
10/24/2017 16:01:45	46.0	46.0	1.0101
10/24/2017 16:01:56	47.0	46.0	0.251889
10/24/2017 16:02:07	46.0	46.0	0.252525
10/24/2017 16:02:18	46.0	46.0	1.00756
10/24/2017 16:02:29	47.0	46.0	0.75188
10/24/2017 16:02:40	47.0	46.0	0.252525
10/24/2017 16:02:51	46.0	46.0	0.757576
10/24/2017 16:03:02	46.0	46.0	0.753769
10/24/2017 16:03:13	47.0	46.0	0.251889
10/24/2017 16:03:24	47.0	46.0	0.505051
10/24/2017 16:03:35	47.0	46.0	0.505051
10/24/2017 16:03:46	46.0	46.0	0.757576
10/24/2017 16:03:57	48.0	47.0	0.253165
10/24/2017 16:04:08	47.0	46.0	0.502513
10/24/2017 16:04:19	46.0	46.0	1.76322
10/24/2017 16:04:30	47.0	46.0	0.252525
10/24/2017 16:04:41	46.0	46.0	0.753769
10/24/2017 16:04:52	47.0	47.0	0.759494
10/24/2017 16:05:03	47.0	47.0	0.506329
10/24/2017 16:05:14	46.0	47.0	0.503778
10/24/2017 16:05:25	46.0	46.0	1.51134
10/24/2017 16:05:36	46.0	46.0	1.25945
10/24/2017 16:05:47	46.0	46.0	0.505051
10/24/2017 16:05:58	46.0	46.0	0.252525
10/24/2017 16:06:09	46.0	46.0	0.755668
10/24/2017 16:06:20	46.0	47.0	1.0101
10/24/2017 16:06:31	46.0	46.0	0.505051
10/24/2017 16:06:43	46.0	47.0	0.75188
10/24/2017 16:06:54	47.0	46.0	1.25945
10/24/2017 16:07:05	47.0	47.0	0.503778
10/24/2017 16:07:16	46.0	46.0	0.503778
10/24/2017 16:07:27	47.0	46.0	1.0101
10/24/2017 16:07:38	46.0	46.0	2.77078
10/24/2017 16:07:49	46.0	47.0	0
10/24/2017 16:08:00	47.0	46.0	1.51134
10/24/2017 16:08:11	47.0	46.0	0.505051
10/24/2017 16:08:22	46.0	46.0	0.753769
10/24/2017 16:08:33	46.0	47.0	0.503778
10/24/2017 16:08:44	46.0	46.0	0.503778
10/24/2017 16:08:55	46.0	46.0	1.0101
10/24/2017 16:09:06	46.0	46.0	0.502513
10/24/2017 16:09:17	46.0	47.0	0.753769
10/24/2017 16:09:28	46.0	46.0	1.25945
10/24/2017 16:09:39	47.0	46.0	3.01508
10/24/2017 16:09:50	46.0	46.0	0.503778
10/24/2017 16:10:01	46.0	46.0	1.51134
10/24/2017 16:10:12	47.0	46.0	0.502513
10/24/2017 16:10:23	46.0	47.0	0.252525
10/24/2017 16:10:34	46.0	47.0	1.0101
10/24/2017 16:10:45	46.0	46.0	0.503778
10/24/2017 16:10:56	47.0	47.0	0.252525
10/24/2017 16:11:07	47.0	46.0	0.503778
10/24/2017 16:11:18	46.0	46.0	0.251889
10/24/2017 16:11:29	46.0	46.0	1.76768
10/24/2017 16:11:40	46.0	45.0	0.503778
10/24/2017 16:11:51	46.0	46.0	0.503778
10/24/2017 16:12:02	46.0	46.0	0.757576
10/24/2017 16:12:13	46.0	46.0	0.506329
10/24/2017 16:12:24	46.0	46.0	0.252525
10/24/2017 16:12:35	46.0	46.0	1.77215
10/24/2017 16:12:46	49.0	47.0	1.26582
10/24/2017 16:12:57	46.0	46.0	0.252525
10/24/2017 16:13:08	46.0	45.0	1.0101
10/24/2017 16:13:19	47.0	47.0	0.75188
10/24/2017 16:13:31	46.0	45.0	0.753769
10/24/2017 16:13:42	47.0	46.0	0.503778
10/24/2017 16:13:53	46.0	45.0	0.505051
10/24/2017 16:14:04	46.0	45.0	1.00756
10/24/2017 16:14:15	46.0	45.0	0.753769
10/24/2017 16:14:26	46.0	46.0	0.503778
10/24/2017 16:14:37	46.0	45.0	1.25945
10/24/2017 16:14:48	46.0	45.0	1.26263
10/24/2017 16:14:59	46.0	45.0	0.753769
10/24/2017 16:15:10	46.0	45.0	0.759494
10/24/2017 16:15:21	46.0	46.0	0.505051
10/24/2017 16:15:32	46.0	45.0	6.12245
10/24/2017 16:15:43	46.0	46.0	3.81679
10/24/2017 16:15:54	46.0	46.0	0.503778
10/24/2017 16:16:05	46.0	46.0	47.9224
10/24/2017 16:16:16	49.0	51.0	13.8028
10/24/2017 16:16:28	48.0	48.0	13.9785
10/24/2017 16:16:39	48.0	48.0	13.5417
10/24/2017 16:16:50	49.0	49.0	12.9288
10/24/2017 16:17:01	50.0	50.0	12.3684
10/24/2017 16:17:12	50.0	51.0	12.3684
10/24/2017 16:17:23	51.0	51.0	12.5984
10/24/2017 16:17:34	52.0	51.0	13.4211
10/24/2017 16:17:45	52.0	52.0	11.7801
10/24/2017 16:17:56	52.0	53.0	11.5183
10/24/2017 16:18:07	52.0	53.0	12.0735
10/24/2017 16:18:18	53.0	53.0	11.5486
10/24/2017 16:18:29	54.0	53.0	11.4883
10/24/2017 16:18:40	55.0	54.0	13.2275
10/24/2017 16:18:51	55.0	54.0	22.7586
10/24/2017 16:19:03	55.0	55.0	14.2384
10/24/2017 16:19:14	55.0	55.0	18.4211
10/24/2017 16:19:25	54.0	53.0	13.2275
10/24/2017 16:19:36	51.0	51.0	2.57069
10/24/2017 16:19:47	50.0	50.0	0.505051
10/24/2017 16:19:59	49.0	48.0	43.3962
10/24/2017 16:20:10	49.0	48.0	13.8298
10/24/2017 16:20:21	48.0	47.0	25.0836
10/24/2017 16:20:33	47.0	47.0	16.1616
10/24/2017 16:20:44	51.0	49.0	19.0736
10/24/2017 16:20:55	51.0	51.0	19.9475
10/24/2017 16:21:06	52.0	52.0	16.0428
10/24/2017 16:21:17	53.0	53.0	1.01266
10/24/2017 16:21:28	53.0	53.0	0.761421
10/24/2017 16:21:39	53.0	53.0	2.02532
10/24/2017 16:21:50	53.0	53.0	2.53807
10/24/2017 16:22:01	53.0	53.0	1.02041
10/24/2017 16:22:12	53.0	52.0	0.755668
10/24/2017 16:22:23	53.0	53.0	1.01266
10/24/2017 16:22:34	53.0	52.0	0.505051
10/24/2017 16:22:46	52.0	52.0	2.01511
10/24/2017 16:22:57	52.0	52.0	2.27848
10/24/2017 16:23:08	53.0	53.0	3.04569
10/24/2017 16:23:19	52.0	52.0	13.5638
10/24/2017 16:23:30	55.0	55.0	13.6364
10/24/2017 16:23:41	52.0	51.0	12.8947
10/24/2017 16:23:52	50.0	50.0	13.3508
10/24/2017 16:24:03	49.0	48.0	13.6483
10/24/2017 16:24:14	48.0	47.0	13.4211
10/24/2017 16:24:25	48.0	47.0	12.8609
10/24/2017 16:24:36	47.0	47.0	13.7203
10/24/2017 16:24:47	48.0	48.0	13.1579
10/24/2017 16:24:58	50.0	49.0	13.1234
10/24/2017 16:25:09	50.0	50.0	13.3858
10/24/2017 16:25:20	52.0	51.0	11.7493
10/24/2017 16:25:31	52.0	52.0	11.7801
10/24/2017 16:25:42	54.0	54.0	12.0419
10/24/2017 16:25:53	55.0	54.0	13.2626
10/24/2017 16:26:04	56.0	55.0	0.505051
10/24/2017 16:26:15	53.0	53.0	0.505051
10/24/2017 16:26:26	51.0	51.0	0.251889
10/24/2017 16:26:37	50.0	49.0	3.5533
10/24/2017 16:26:48	48.0	47.0	31.2236
10/24/2017 16:27:00	49.0	49.0	15.0538
10/24/2017 16:27:11	51.0	51.0	23.7037
10/24/2017 16:27:22	52.0	52.0	29.1581
10/24/2017 16:27:34	54.0	53.0	13.089
10/24/2017 16:27:45	54.0	54.0	13.1234
10/24/2017 16:27:56	55.0	54.0	13.5417
10/24/2017 16:28:07	56.0	55.0	12.7937
10/24/2017 16:28:18	55.0	56.0	14.0992
10/24/2017 16:28:29	57.0	56.0	12.9973
10/24/2017 16:28:40	55.0	55.0	12.1053
10/24/2017 16:28:51	53.0	53.0	13.1926
10/24/2017 16:29:02	51.0	51.0	14.248
10/24/2017 16:29:13	51.0	50.0	15.2632
10/24/2017 16:29:24	50.0	50.0	18.3024
10/24/2017 16:29:35	50.0	50.0	15.4255
10/24/2017 16:29:46	50.0	49.0	14.5119
10/24/2017 16:29:58	49.0	48.0	15.0134
10/24/2017 16:30:09	49.0	48.0	19.3717
10/24/2017 16:30:20	48.0	48.0	19.7861
10/24/2017 16:30:31	49.0	49.0	18.6842
10/24/2017 16:30:42	49.0	48.0	17.5393
10/24/2017 16:30:53	49.0	49.0	17.942
10/24/2017 16:31:04	49.0	49.0	20.7831
10/24/2017 16:31:15	50.0	49.0	17.2775
10/24/2017 16:31:26	49.0	49.0	19.3211
10/24/2017 16:31:37	49.0	49.0	18.2058
10/24/2017 16:31:48	49.0	48.0	19.2105
10/24/2017 16:31:59	49.0	49.0	20.7349
10/24/2017 16:32:10	49.0	48.0	16.8421
10/24/2017 16:32:21	50.0	49.0	18.6842
10/24/2017 16:32:32	49.0	48.0	15.748
10/24/2017 16:32:43	49.0	48.0	18.5864
10/24/2017 16:32:54	49.0	48.0	19.1601
10/24/2017 16:33:05	49.0	48.0	17.7546
10/24/2017 16:33:16	49.0	49.0	16.0105
10/24/2017 16:33:27	50.0	49.0	19.0601
10/24/2017 16:33:38	49.0	48.0	19.2708
10/24/2017 16:33:49	49.0	48.0	18.8976
10/24/2017 16:34:00	49.0	48.0	18.0157
10/24/2017 16:34:11	49.0	48.0	17.801
10/24/2017 16:34:22	49.0	48.0	16.3158
10/24/2017 16:34:33	49.0	48.0	18.1102
10/24/2017 16:34:44	49.0	48.0	15.2815
10/24/2017 16:34:55	48.0	48.0	13.9037
10/24/2017 16:35:06	48.0	48.0	27.8912
10/24/2017 16:35:18	48.0	48.0	16.8478
10/24/2017 16:35:29	48.0	47.0	16.3588
10/24/2017 16:35:40	48.0	48.0	14.8541
10/24/2017 16:35:51	48.0	47.0	14.2857
10/24/2017 16:36:02	47.0	47.0	16.7109
10/24/2017 16:36:13	48.0	48.0	19.1099
10/24/2017 16:36:24	48.0	47.0	14.9333
10/24/2017 16:36:35	48.0	48.0	17.5066
10/24/2017 16:36:46	48.0	48.0	17.801
10/24/2017 16:36:57	49.0	48.0	15.6658
10/24/2017 16:37:08	49.0	48.0	17.2324
10/24/2017 16:37:19	49.0	49.0	19.4737
10/24/2017 16:37:30	49.0	48.0	18.0628
10/24/2017 16:37:41	49.0	48.0	18.7335
10/24/2017 16:37:52	50.0	48.0	19.6286
10/24/2017 16:38:03	49.0	48.0	13.9474
10/24/2017 16:38:14	48.0	47.0	14.3236
10/24/2017 16:38:25	48.0	48.0	15.0396
10/24/2017 16:38:36	48.0	47.0	14.3236
10/24/2017 16:38:48	48.0	48.0	15.0396
10/24/2017 16:38:59	50.0	49.0	14.8541
10/24/2017 16:39:10	51.0	51.0	13.6842
10/24/2017 16:39:21	52.0	53.0	12.5984
10/24/2017 16:39:32	54.0	53.0	13.1926
10/24/2017 16:39:43	55.0	54.0	12.8272
10/24/2017 16:39:54	55.0	55.0	14.7368
10/24/2017 16:40:05	58.0	57.0	13.5279
10/24/2017 16:40:16	54.0	54.0	12.8947
10/24/2017 16:40:27	52.0	52.0	15.5673
10/24/2017 16:40:38	51.0	51.0	14.3236
10/24/2017 16:40:49	50.0	50.0	14.4357
10/24/2017 16:41:00	50.0	50.0	16.9399
10/24/2017 16:41:11	49.0	48.0	17.6781
10/24/2017 16:41:22	49.0	49.0	15
10/24/2017 16:41:33	49.0	48.0	15.3034
10/24/2017 16:41:44	49.0	48.0	14.3236
10/24/2017 16:41:55	49.0	48.0	15.748
10/24/2017 16:42:06	48.0	48.0	14.8541
10/24/2017 16:42:17	48.0	47.0	14.3236
10/24/2017 16:42:28	48.0	47.0	13.1579
10/24/2017 16:42:39	48.0	47.0	14.5889
10/24/2017 16:42:50	48.0	47.0	14.4737
10/24/2017 16:43:01	47.0	47.0	13.6842
10/24/2017 16:43:12	48.0	47.0	14.4737
10/24/2017 16:43:23	48.0	47.0	14.5119
10/24/2017 16:43:34	48.0	47.0	14.8148
10/24/2017 16:43:46	48.0	47.0	13.5279
10/24/2017 16:43:57	48.0	47.0	15.5263
10/24/2017 16:44:08	47.0	47.0	15.3034
10/24/2017 16:44:19	47.0	47.0	13.7566
10/24/2017 16:44:30	47.0	47.0	13.0667
10/24/2017 16:44:41	47.0	47.0	14.7757
10/24/2017 16:44:52	47.0	47.0	14.7757
10/24/2017 16:45:03	50.0	49.0	13.7203
10/24/2017 16:45:14	51.0	51.0	13.3508
10/24/2017 16:45:25	52.0	53.0	13.8381
10/24/2017 16:45:36	54.0	54.0	12.6316
10/24/2017 16:45:47	56.0	54.0	12.4339
10/24/2017 16:45:58	56.0	55.0	12.8272
10/24/2017 16:46:09	57.0	56.0	14.2105
10/24/2017 16:46:20	55.0	55.0	13.5279
10/24/2017 16:46:31	53.0	53.0	14.5119
10/24/2017 16:46:42	51.0	51.0	15
10/24/2017 16:46:53	51.0	51.0	13.8667
10/24/2017 16:47:04	50.0	51.0	14.248
10/24/2017 16:47:15	49.0	50.0	14.8148
10/24/2017 16:47:26	50.0	49.0	13.9474
10/24/2017 16:47:37	49.0	49.0	14.5119
10/24/2017 16:47:48	49.0	48.0	13.3858
10/24/2017 16:47:59	49.0	48.0	17.1662
10/24/2017 16:48:10	49.0	49.0	14.8541
10/24/2017 16:48:21	48.0	48.0	14.7368
10/24/2017 16:48:33	48.0	47.0	15.0396
10/24/2017 16:48:44	48.0	48.0	15.5263
10/24/2017 16:48:55	48.0	48.0	14.8148
10/24/2017 16:49:06	48.0	47.0	14.9606
10/24/2017 16:49:17	48.0	47.0	14.7059
10/24/2017 16:49:28	48.0	48.0	14.0584
10/24/2017 16:49:39	47.0	47.0	14.9606
10/24/2017 16:49:50	48.0	46.0	14.0212
10/24/2017 16:50:01	48.0	47.0	14.5119
10/24/2017 16:50:12	48.0	48.0	13.9474
10/24/2017 16:50:23	50.0	50.0	14.9215
10/24/2017 16:50:34	52.0	51.0	13.1926
10/24/2017 16:50:45	53.0	53.0	13.1579
10/24/2017 16:50:56	54.0	54.0	13.8743
10/24/2017 16:51:07	55.0	55.0	12.5654
10/24/2017 16:51:18	56.0	55.0	13.1234
10/24/2017 16:51:29	56.0	55.0	12.7937
10/24/2017 16:51:40	54.0	54.0	13.8743
10/24/2017 16:51:51	52.0	51.0	14.9606
10/24/2017 16:52:02	51.0	51.0	14.2857
10/24/2017 16:52:13	50.0	50.0	14.3979
10/24/2017 16:52:24	50.0	50.0	15.0396
10/24/2017 16:52:35	49.0	49.0	14.2105
10/24/2017 16:52:46	49.0	49.0	13.9842
10/24/2017 16:52:57	48.0	48.0	14.0584
10/24/2017 16:53:08	48.0	48.0	14.4737
10/24/2017 16:53:19	49.0	48.0	20.1705
10/24/2017 16:53:31	51.0	50.0	8.90052
10/24/2017 16:53:42	48.0	47.0	1.52284
10/24/2017 16:53:53	48.0	47.0	7.52351
10/24/2017 16:54:04	49.0	49.0	4.05063
10/24/2017 16:54:15	50.0	50.0	0.252525
10/24/2017 16:54:26	51.0	51.0	53.3693
10/24/2017 16:54:37	56.0	55.0	19.5767
10/24/2017 16:54:48	51.0	51.0	14.6982
10/24/2017 16:54:59	50.0	50.0	22.9391
10/24/2017 16:55:10	50.0	50.0	32.2259
10/24/2017 16:55:22	51.0	51.0	18.8679
10/24/2017 16:55:33	48.0	48.0	17.4935
10/24/2017 16:55:44	49.0	48.0	16.7102
10/24/2017 16:55:55	49.0	48.0	16.9713
10/24/2017 16:56:06	48.0	48.0	14.248
10/24/2017 16:56:17	48.0	48.0	14.5161
10/24/2017 16:56:28	48.0	48.0	14.7453
10/24/2017 16:56:39	48.0	48.0	2.88714
