10/14/2017 14:47:07	31.0	31.0	0.789474
10/14/2017 14:47:18	29.0	28.0	0.503778
10/14/2017 14:47:28	29.0	29.0	0.755668
10/14/2017 14:47:39	30.0	29.0	3.29949
10/14/2017 14:47:50	30.0	30.0	2.03046
10/14/2017 14:48:01	30.0	30.0	29.9107
10/14/2017 14:48:12	33.0	34.0	16.4894
10/14/2017 14:48:23	33.0	33.0	14.248
10/14/2017 14:48:35	34.0	34.0	16.6667
10/14/2017 14:48:46	34.0	35.0	16.4456
10/14/2017 14:48:57	35.0	35.0	16.1111
10/14/2017 14:49:08	36.0	37.0	14.2857
10/14/2017 14:49:19	37.0	37.0	15.3247
10/14/2017 14:49:30	38.0	38.0	16
10/14/2017 14:49:41	38.0	39.0	17.4359
10/14/2017 14:49:52	39.0	39.0	14.2857
10/14/2017 14:50:03	39.0	40.0	26.5861
10/14/2017 14:50:14	41.0	41.0	20.7358
10/14/2017 14:50:25	45.0	42.0	20.4819
10/14/2017 14:50:36	42.0	42.0	18.8976
10/14/2017 14:50:48	43.0	43.0	16.7647
10/14/2017 14:50:59	43.0	44.0	17.7898
10/14/2017 14:51:10	45.0	46.0	17.7546
10/14/2017 14:51:21	45.0	45.0	17.5393
10/14/2017 14:51:32	46.0	47.0	17.0157
10/14/2017 14:51:43	46.0	46.0	18.0628
10/14/2017 14:51:54	47.0	46.0	28.6136
10/14/2017 14:52:05	49.0	49.0	17.4603
10/14/2017 14:52:16	48.0	48.0	18.799
10/14/2017 14:52:27	49.0	48.0	17.8947
10/14/2017 14:52:38	49.0	50.0	17.0157
10/14/2017 14:52:49	50.0	50.0	18.2768
10/14/2017 14:53:00	50.0	51.0	17.6781
10/14/2017 14:53:11	51.0	51.0	15.1613
10/14/2017 14:53:22	51.0	51.0	15.0396
10/14/2017 14:53:33	51.0	52.0	13.6483
10/14/2017 14:53:44	51.0	51.0	14.0584
10/14/2017 14:53:55	51.0	51.0	13.4211
10/14/2017 14:54:06	51.0	53.0	13.5638
10/14/2017 14:54:17	51.0	52.0	13.7931
10/14/2017 14:54:28	52.0	52.0	13.4565
10/14/2017 14:54:39	52.0	52.0	14.2857
10/14/2017 14:54:50	52.0	53.0	13.4565
10/14/2017 14:55:01	52.0	53.0	23.399
10/14/2017 14:55:12	54.0	54.0	15.4047
10/14/2017 14:55:23	55.0	54.0	17.942
10/14/2017 14:55:34	55.0	54.0	18.8976
10/14/2017 14:55:45	55.0	54.0	15.9151
10/14/2017 14:55:56	55.0	55.0	19.5822
10/14/2017 14:56:07	55.0	56.0	16.7979
10/14/2017 14:56:19	56.0	57.0	21.4464
10/14/2017 14:56:30	57.0	57.0	18.961
10/14/2017 14:56:41	54.0	54.0	16.4921
10/14/2017 14:56:52	51.0	52.0	15.7068
10/14/2017 14:57:03	50.0	51.0	18.9333
10/14/2017 14:57:14	49.0	49.0	16.7979
10/14/2017 14:57:25	48.0	48.0	18.0628
10/14/2017 14:57:36	48.0	47.0	17.6316
10/14/2017 14:57:47	49.0	49.0	17.801
10/14/2017 14:57:58	50.0	51.0	25.1232
10/14/2017 14:58:09	52.0	51.0	18.8482
10/14/2017 14:58:20	53.0	53.0	18.3727
10/14/2017 14:58:31	55.0	54.0	17.7719
10/14/2017 14:58:42	55.0	55.0	15.5844
10/14/2017 14:58:53	56.0	56.0	17.2775
10/14/2017 14:59:04	57.0	56.0	13.1579
10/14/2017 14:59:15	56.0	56.0	12.5984
10/14/2017 14:59:26	53.0	53.0	14.2857
10/14/2017 14:59:37	50.0	51.0	13.5638
10/14/2017 14:59:48	49.0	49.0	14.0584
10/14/2017 14:59:59	48.0	48.0	14.7757
10/14/2017 15:00:10	47.0	47.0	13.4048
10/14/2017 15:00:21	49.0	49.0	15.2406
10/14/2017 15:00:32	50.0	50.0	15.6028
10/14/2017 15:00:44	51.0	51.0	12.6649
10/14/2017 15:00:55	52.0	52.0	14.2119
10/14/2017 15:01:06	53.0	53.0	13.369
10/14/2017 15:01:17	54.0	54.0	15.0649
10/14/2017 15:01:28	54.0	54.0	13.9108
10/14/2017 15:01:39	55.0	54.0	12.9973
10/14/2017 15:01:50	56.0	56.0	12.4011
10/14/2017 15:02:01	57.0	55.0	12.234
10/14/2017 15:02:12	57.0	55.0	12.6984
10/14/2017 15:02:23	56.0	55.0	12.6649
10/14/2017 15:02:34	53.0	53.0	18.25
10/14/2017 15:02:45	51.0	51.0	13.5638
10/14/2017 15:02:56	50.0	50.0	15.3226
10/14/2017 15:03:07	48.0	49.0	14.1333
10/14/2017 15:03:18	48.0	48.0	13.2626
10/14/2017 15:03:29	48.0	47.0	14.6982
10/14/2017 15:03:40	49.0	48.0	14.2857
10/14/2017 15:03:51	51.0	50.0	19.656
10/14/2017 15:04:02	51.0	51.0	14.0957
10/14/2017 15:04:13	52.0	53.0	12.963
10/14/2017 15:04:24	53.0	53.0	12.6316
10/14/2017 15:04:35	54.0	54.0	12.9288
10/14/2017 15:04:46	55.0	54.0	12.234
10/14/2017 15:04:57	55.0	55.0	12.4011
10/14/2017 15:05:08	56.0	55.0	12.6984
10/14/2017 15:05:20	56.0	56.0	12.6649
10/14/2017 15:05:31	55.0	54.0	16.3158
10/14/2017 15:05:42	53.0	53.0	14.7757
10/14/2017 15:05:53	50.0	51.0	17.1429
10/14/2017 15:06:04	51.0	51.0	24.3842
10/14/2017 15:06:15	51.0	51.0	15.5263
10/14/2017 15:06:26	49.0	50.0	17.2775
10/14/2017 15:06:37	49.0	49.0	17.5711
10/14/2017 15:06:48	48.0	48.0	15.1832
10/14/2017 15:06:59	49.0	48.0	17.5532
10/14/2017 15:07:10	49.0	48.0	27.2494
10/14/2017 15:07:21	49.0	49.0	14.7849
10/14/2017 15:07:32	49.0	48.0	16.4921
10/14/2017 15:07:43	48.0	48.0	20.7547
10/14/2017 15:07:54	48.0	47.0	16.8421
10/14/2017 15:08:05	48.0	48.0	17.2775
10/14/2017 15:08:16	48.0	47.0	17.4142
10/14/2017 15:08:27	47.0	47.0	17.4142
10/14/2017 15:08:38	49.0	50.0	14.0957
10/14/2017 15:08:49	50.0	51.0	15.3846
10/14/2017 15:09:00	51.0	51.0	14.8936
10/14/2017 15:09:11	52.0	53.0	13.1234
10/14/2017 15:09:22	53.0	53.0	12.7321
10/14/2017 15:09:33	54.0	54.0	12.6316
10/14/2017 15:09:44	55.0	54.0	12.3684
10/14/2017 15:09:55	55.0	55.0	14.5889
10/14/2017 15:10:06	56.0	55.0	15.4229
10/14/2017 15:10:18	54.0	54.0	19.603
10/14/2017 15:10:29	51.0	52.0	14.3617
10/14/2017 15:10:40	51.0	51.0	15.2231
10/14/2017 15:10:51	50.0	50.0	13.7931
10/14/2017 15:11:02	48.0	49.0	14.0584
10/14/2017 15:11:13	47.0	48.0	14.5889
10/14/2017 15:11:24	47.0	47.0	14.4737
10/14/2017 15:11:35	48.0	47.0	13.5279
10/14/2017 15:11:46	49.0	49.0	14.5119
10/14/2017 15:11:58	51.0	51.0	13.2275
10/14/2017 15:12:09	52.0	52.0	13.2275
10/14/2017 15:12:20	53.0	53.0	13.1234
10/14/2017 15:12:31	54.0	54.0	12.1053
10/14/2017 15:12:42	55.0	54.0	12.5984
10/14/2017 15:12:53	55.0	55.0	12.3684
10/14/2017 15:13:04	56.0	56.0	12.1372
10/14/2017 15:13:15	56.0	56.0	12.336
10/14/2017 15:13:26	54.0	54.0	13.7566
10/14/2017 15:13:37	52.0	52.0	13.6499
10/14/2017 15:13:48	50.0	51.0	13.9842
10/14/2017 15:13:59	50.0	50.0	14.0584
10/14/2017 15:14:10	48.0	49.0	14.5119
10/14/2017 15:14:21	48.0	47.0	14.248
10/14/2017 15:14:32	48.0	48.0	14.5119
10/14/2017 15:14:43	48.0	47.0	13.4921
10/14/2017 15:14:54	48.0	47.0	14.5119
10/14/2017 15:15:05	49.0	48.0	14.7368
10/14/2017 15:15:16	51.0	51.0	13.2275
10/14/2017 15:15:27	51.0	52.0	12.3684
10/14/2017 15:15:38	52.0	53.0	12.2715
10/14/2017 15:15:49	54.0	54.0	12.8272
10/14/2017 15:16:00	55.0	54.0	12.1693
10/14/2017 15:16:11	55.0	55.0	12.6316
10/14/2017 15:16:22	56.0	56.0	12.8272
10/14/2017 15:16:34	56.0	56.0	12.1372
10/14/2017 15:16:45	55.0	54.0	13.1926
10/14/2017 15:16:56	52.0	53.0	13.7566
10/14/2017 15:17:07	51.0	51.0	14.8936
10/14/2017 15:17:18	50.0	50.0	14.6597
10/14/2017 15:17:29	49.0	49.0	13.9842
10/14/2017 15:17:40	49.0	48.0	15.4047
10/14/2017 15:17:51	48.0	47.0	13.2626
10/14/2017 15:18:02	47.0	47.0	20.9246
10/14/2017 15:18:13	47.0	47.0	13.7203
10/14/2017 15:18:24	49.0	49.0	18.7342
10/14/2017 15:18:35	51.0	50.0	13.1579
10/14/2017 15:18:46	51.0	51.0	13.4211
10/14/2017 15:18:57	53.0	53.0	12.5654
10/14/2017 15:19:08	54.0	53.0	12.8272
10/14/2017 15:19:19	55.0	55.0	12.1053
10/14/2017 15:19:30	55.0	55.0	13.089
10/14/2017 15:19:41	56.0	55.0	12.0104
10/14/2017 15:19:52	56.0	56.0	12.7937
10/14/2017 15:20:03	54.0	54.0	13.1579
10/14/2017 15:20:14	52.0	53.0	13.7203
10/14/2017 15:20:25	51.0	51.0	13.4565
10/14/2017 15:20:36	50.0	50.0	13.4211
10/14/2017 15:20:47	48.0	48.0	14.6597
10/14/2017 15:20:58	48.0	48.0	14.3979
10/14/2017 15:21:09	48.0	47.0	19.7044
10/14/2017 15:21:20	47.0	47.0	13.7203
10/14/2017 15:21:31	48.0	47.0	17.6768
10/14/2017 15:21:43	49.0	49.0	17.7083
10/14/2017 15:21:54	52.0	51.0	17.7083
10/14/2017 15:22:05	52.0	53.0	11.811
10/14/2017 15:22:16	54.0	53.0	12.5984
10/14/2017 15:22:27	54.0	54.0	12.8272
10/14/2017 15:22:38	56.0	55.0	12.336
10/14/2017 15:22:49	56.0	55.0	11.5789
10/14/2017 15:23:00	56.0	56.0	13.1926
10/14/2017 15:23:11	55.0	54.0	12.0735
10/14/2017 15:23:22	52.0	53.0	13.9474
10/14/2017 15:23:33	51.0	51.0	14.1732
10/14/2017 15:23:44	50.0	51.0	13.4211
10/14/2017 15:23:55	49.0	49.0	21.5496
10/14/2017 15:24:06	48.0	49.0	13.7203
10/14/2017 15:24:17	48.0	48.0	16.4524
10/14/2017 15:24:28	47.0	47.0	13.4211
10/14/2017 15:24:39	47.0	47.0	13.5279
10/14/2017 15:24:50	49.0	49.0	13.9108
10/14/2017 15:25:01	51.0	51.0	13.6126
10/14/2017 15:25:12	51.0	52.0	12.5984
10/14/2017 15:25:23	53.0	54.0	12.5984
10/14/2017 15:25:34	54.0	53.0	12.1372
10/14/2017 15:25:45	55.0	55.0	12.5984
10/14/2017 15:25:56	56.0	56.0	12.2396
10/14/2017 15:26:07	56.0	55.0	12.5654
10/14/2017 15:26:18	56.0	56.0	13.4367
10/14/2017 15:26:29	53.0	54.0	13.6842
10/14/2017 15:26:40	52.0	52.0	21.1679
10/14/2017 15:26:52	50.0	50.0	13.3508
10/14/2017 15:27:03	50.0	50.0	13.7566
10/14/2017 15:27:14	49.0	49.0	13.4211
10/14/2017 15:27:25	48.0	48.0	13.7566
10/14/2017 15:27:36	48.0	48.0	13.1926
10/14/2017 15:27:47	47.0	48.0	14.2105
10/14/2017 15:27:58	49.0	49.0	12.9288
10/14/2017 15:28:09	51.0	51.0	13.8743
10/14/2017 15:28:20	52.0	52.0	13.577
10/14/2017 15:28:31	53.0	53.0	11.8734
10/14/2017 15:28:42	54.0	54.0	13.5065
10/14/2017 15:28:53	55.0	55.0	13.0548
10/14/2017 15:29:04	55.0	55.0	20.9026
10/14/2017 15:29:15	56.0	56.0	12.5654
10/14/2017 15:29:26	56.0	55.0	12.6316
10/14/2017 15:29:37	54.0	53.0	13.4921
10/14/2017 15:29:48	52.0	53.0	13.6842
10/14/2017 15:29:59	51.0	51.0	13.6483
10/14/2017 15:30:10	50.0	50.0	14.4357
10/14/2017 15:30:21	49.0	49.0	13.9842
10/14/2017 15:30:32	49.0	49.0	14.1361
10/14/2017 15:30:43	48.0	48.0	13.4565
10/14/2017 15:30:54	48.0	47.0	14.1361
10/14/2017 15:31:05	48.0	48.0	14.6214
10/14/2017 15:31:16	47.0	47.0	14.1732
10/14/2017 15:31:27	49.0	48.0	22.1957
10/14/2017 15:31:38	50.0	50.0	13.2626
10/14/2017 15:31:50	51.0	51.0	13.3159
10/14/2017 15:32:01	53.0	53.0	18.8482
10/14/2017 15:32:12	55.0	54.0	12.4011
10/14/2017 15:32:23	55.0	54.0	17.7083
10/14/2017 15:32:34	57.0	56.0	6.31868
10/14/2017 15:32:45	54.0	54.0	0.75188
10/14/2017 15:32:56	51.0	50.0	1.01781
10/14/2017 15:33:07	49.0	49.0	0.252525
10/14/2017 15:33:18	48.0	48.0	0.506329
10/14/2017 15:33:29	48.0	48.0	0.251256
10/14/2017 15:33:40	49.0	49.0	0.505051
10/14/2017 15:33:51	49.0	49.0	0.251889
10/14/2017 15:34:02	50.0	50.0	0.753769
10/14/2017 15:34:13	50.0	50.0	0.503778
10/14/2017 15:34:24	50.0	50.0	0.503778
10/14/2017 15:34:35	50.0	50.0	0.502513
10/14/2017 15:34:46	50.0	50.0	0.503778
10/14/2017 15:34:57	50.0	51.0	0
10/14/2017 15:35:08	50.0	51.0	0.755668
10/14/2017 15:35:19	50.0	51.0	0.251889
10/14/2017 15:35:30	50.0	50.0	0.503778
10/14/2017 15:35:41	49.0	50.0	0.502513
10/14/2017 15:35:52	50.0	50.0	0.505051
10/14/2017 15:36:03	50.0	50.0	0
10/14/2017 15:36:14	49.0	50.0	0.503778
10/14/2017 15:36:25	50.0	50.0	0.503778
10/14/2017 15:36:36	49.0	50.0	0.503778
10/14/2017 15:36:47	50.0	48.0	0.252525
10/14/2017 15:36:58	49.0	50.0	0.755668
10/14/2017 15:37:09	49.0	49.0	0.503778
10/14/2017 15:37:20	49.0	49.0	0.252525
10/14/2017 15:37:31	48.0	49.0	0.753769
10/14/2017 15:37:42	48.0	48.0	0.502513
10/14/2017 15:37:53	48.0	49.0	0.252525
10/14/2017 15:38:04	49.0	49.0	0.251889
10/14/2017 15:38:16	49.0	48.0	0.755668
10/14/2017 15:38:27	48.0	49.0	0.252525
10/14/2017 15:38:38	49.0	48.0	0.503778
10/14/2017 15:38:49	48.0	48.0	0.503778
10/14/2017 15:39:00	49.0	48.0	0.505051
10/14/2017 15:39:11	48.0	48.0	0.502513
10/14/2017 15:39:22	48.0	47.0	0.503778
10/14/2017 15:39:33	48.0	48.0	0.252525
10/14/2017 15:39:44	47.0	48.0	0.503778
10/14/2017 15:39:55	48.0	48.0	0.252525
10/14/2017 15:40:06	47.0	47.0	0.505051
10/14/2017 15:40:17	47.0	47.0	0.251889
10/14/2017 15:40:28	47.0	47.0	0.505051
10/14/2017 15:40:39	48.0	47.0	0.503778
10/14/2017 15:40:50	48.0	47.0	0.502513
10/14/2017 15:41:01	48.0	47.0	0.252525
10/14/2017 15:41:12	47.0	47.0	0.753769
10/14/2017 15:41:23	47.0	47.0	0.502513
10/14/2017 15:41:34	47.0	47.0	0.503778
10/14/2017 15:41:45	47.0	47.0	0.503778
10/14/2017 15:41:56	46.0	47.0	0.502513
10/14/2017 15:42:07	48.0	47.0	0.757576
10/14/2017 15:42:18	48.0	47.0	0.505051
10/14/2017 15:42:29	46.0	46.0	0.502513
10/14/2017 15:42:40	47.0	46.0	0.503778
10/14/2017 15:42:51	46.0	46.0	0.503778
10/14/2017 15:43:02	46.0	45.0	0.503778
10/14/2017 15:43:13	46.0	45.0	0.505051
10/14/2017 15:43:24	47.0	46.0	0.252525
10/14/2017 15:43:35	46.0	46.0	0.503778
10/14/2017 15:43:46	46.0	46.0	0
10/14/2017 15:43:57	46.0	46.0	0.503778
10/14/2017 15:44:08	46.0	46.0	0.252525
10/14/2017 15:44:19	46.0	47.0	0.503778
10/14/2017 15:44:30	45.0	46.0	0.503778
10/14/2017 15:44:41	46.0	46.0	0.505051
10/14/2017 15:44:52	46.0	46.0	0.753769
10/14/2017 15:45:04	46.0	45.0	0.503778
10/14/2017 15:45:15	46.0	45.0	0.502513
10/14/2017 15:45:26	46.0	46.0	0.503778
10/14/2017 15:45:37	46.0	45.0	0.503778
10/14/2017 15:45:48	46.0	46.0	0.753769
10/14/2017 15:45:59	45.0	45.0	0.253165
10/14/2017 15:46:10	45.0	46.0	0.252525
10/14/2017 15:46:21	45.0	46.0	0.759494
10/14/2017 15:46:32	45.0	45.0	0.502513
10/14/2017 15:46:43	45.0	46.0	0.253165
10/14/2017 15:46:54	46.0	45.0	0.251889
10/14/2017 15:47:05	45.0	46.0	0.753769
10/14/2017 15:47:16	45.0	45.0	0.252525
10/14/2017 15:47:27	45.0	45.0	0.505051
10/14/2017 15:47:38	46.0	46.0	0.252525
10/14/2017 15:47:49	45.0	45.0	0.755668
10/14/2017 15:48:00	45.0	45.0	0.505051
10/14/2017 15:48:11	45.0	46.0	0.755668
10/14/2017 15:48:22	45.0	45.0	0.252525
10/14/2017 15:48:33	45.0	45.0	0.503778
10/14/2017 15:48:44	46.0	45.0	0.251889
10/14/2017 15:48:55	44.0	44.0	0.505051
10/14/2017 15:49:06	45.0	45.0	0.252525
10/14/2017 15:49:17	45.0	45.0	0.503778
10/14/2017 15:49:28	44.0	45.0	16.4384
10/14/2017 15:49:39	45.0	46.0	2.80612
10/14/2017 15:49:50	46.0	46.0	6.4433
10/14/2017 15:50:01	45.0	45.0	2.8133
10/14/2017 15:50:12	45.0	45.0	3.82653
10/14/2017 15:50:23	45.0	45.0	2.82051
10/14/2017 15:50:34	45.0	45.0	2.80612
10/14/2017 15:50:45	45.0	45.0	7.41688
10/14/2017 15:50:56	45.0	45.0	7.21649
10/14/2017 15:51:07	45.0	45.0	5.12821
10/14/2017 15:51:18	45.0	45.0	4.10256
10/14/2017 15:51:29	45.0	46.0	2.80612
10/14/2017 15:51:40	45.0	45.0	0.505051
10/14/2017 15:51:52	45.0	45.0	0.252525
10/14/2017 15:52:03	45.0	44.0	0.503778
10/14/2017 15:52:14	45.0	45.0	0.252525
10/14/2017 15:52:25	46.0	44.0	0.505051
10/14/2017 15:52:36	45.0	44.0	0.502513
10/14/2017 15:52:47	45.0	45.0	0.505051
10/14/2017 15:52:58	45.0	44.0	0.251889
10/14/2017 15:53:09	45.0	44.0	0.505051
10/14/2017 15:53:20	45.0	45.0	0.502513
10/14/2017 15:53:31	44.0	44.0	0.755668
10/14/2017 15:53:42	45.0	44.0	0.252525
10/14/2017 15:53:53	44.0	43.0	0.252525
10/14/2017 15:54:04	44.0	44.0	0.252525
10/14/2017 15:54:15	45.0	44.0	0.753769
10/14/2017 15:54:26	44.0	45.0	0.502513
10/14/2017 15:54:37	45.0	45.0	0.755668
10/14/2017 15:54:48	44.0	44.0	0.503778
10/14/2017 15:54:59	44.0	44.0	0
10/14/2017 15:55:10	45.0	45.0	0.506329
10/14/2017 15:55:21	43.0	43.0	0.502513
10/14/2017 15:55:32	44.0	44.0	0.503778
10/14/2017 15:55:43	44.0	44.0	0.505051
10/14/2017 15:55:54	44.0	44.0	0.755668
10/14/2017 15:56:05	44.0	44.0	0.252525
10/14/2017 15:56:16	43.0	43.0	0.503778
10/14/2017 15:56:27	44.0	44.0	0.252525
10/14/2017 15:56:38	43.0	44.0	0.505051
10/14/2017 15:56:49	44.0	44.0	0
10/14/2017 15:57:00	44.0	43.0	0.505051
10/14/2017 15:57:11	44.0	44.0	0.252525
10/14/2017 15:57:22	44.0	44.0	0.503778
10/14/2017 15:57:33	44.0	44.0	0.503778
10/14/2017 15:57:44	44.0	44.0	0.755668
10/14/2017 15:57:55	44.0	44.0	0.503778
10/14/2017 15:58:06	44.0	44.0	0.505051
10/14/2017 15:58:17	44.0	44.0	0.252525
10/14/2017 15:58:28	43.0	44.0	0.503778
10/14/2017 15:58:40	44.0	44.0	0.251889
10/14/2017 15:58:51	44.0	44.0	0.505051
10/14/2017 15:59:02	43.0	44.0	0.252525
10/14/2017 15:59:13	43.0	44.0	0.505051
10/14/2017 15:59:24	44.0	44.0	0.252525
10/14/2017 15:59:35	44.0	44.0	0.253165
10/14/2017 15:59:46	44.0	44.0	0.252525
10/14/2017 15:59:57	44.0	43.0	0
10/14/2017 16:00:08	44.0	44.0	0.755668
10/14/2017 16:00:19	43.0	44.0	0.505051
10/14/2017 16:00:30	44.0	43.0	0.753769
10/14/2017 16:00:41	43.0	44.0	0.251889
10/14/2017 16:00:52	43.0	44.0	0.753769
10/14/2017 16:01:03	44.0	44.0	0.252525
10/14/2017 16:01:14	43.0	44.0	0.755668
10/14/2017 16:01:25	44.0	44.0	0.502513
10/14/2017 16:01:36	43.0	44.0	0.753769
10/14/2017 16:01:47	43.0	44.0	0.252525
10/14/2017 16:01:58	43.0	43.0	0.753769
10/14/2017 16:02:09	44.0	44.0	0.252525
10/14/2017 16:02:20	44.0	43.0	0.505051
10/14/2017 16:02:31	44.0	44.0	0.505051
10/14/2017 16:02:42	43.0	43.0	0.252525
10/14/2017 16:02:53	43.0	43.0	0.503778
10/14/2017 16:03:04	44.0	44.0	0.253165
10/14/2017 16:03:15	43.0	44.0	0.251889
10/14/2017 16:03:26	44.0	44.0	0.503778
10/14/2017 16:03:37	43.0	43.0	0.503778
10/14/2017 16:03:48	43.0	43.0	0.503778
10/14/2017 16:03:59	45.0	44.0	0.252525
10/14/2017 16:04:10	44.0	43.0	0.503778
10/14/2017 16:04:21	43.0	43.0	1.01266
10/14/2017 16:04:32	43.0	44.0	0.252525
10/14/2017 16:04:43	43.0	43.0	0.505051
10/14/2017 16:04:54	43.0	43.0	0.753769
10/14/2017 16:05:05	43.0	43.0	0.755668
10/14/2017 16:05:17	44.0	43.0	0.252525
10/14/2017 16:05:28	43.0	43.0	0.503778
10/14/2017 16:05:39	45.0	43.0	0.503778
10/14/2017 16:05:50	43.0	43.0	0.505051
10/14/2017 16:06:01	44.0	44.0	0.503778
10/14/2017 16:06:12	43.0	43.0	0.503778
10/14/2017 16:06:23	45.0	44.0	0.502513
10/14/2017 16:06:34	43.0	43.0	0.505051
10/14/2017 16:06:45	43.0	43.0	0.503778
10/14/2017 16:06:56	44.0	44.0	0.757576
10/14/2017 16:07:07	42.0	43.0	0.252525
10/14/2017 16:07:18	43.0	43.0	0.503778
10/14/2017 16:07:29	43.0	43.0	0.503778
10/14/2017 16:07:40	43.0	43.0	0.503778
10/14/2017 16:07:51	43.0	44.0	0.252525
10/14/2017 16:08:02	43.0	43.0	0.503778
10/14/2017 16:08:13	43.0	43.0	0.253165
10/14/2017 16:08:24	43.0	44.0	0.755668
10/14/2017 16:08:35	43.0	43.0	0
10/14/2017 16:08:46	43.0	43.0	0.253165
10/14/2017 16:08:57	44.0	43.0	0.505051
10/14/2017 16:09:08	43.0	44.0	0.503778
10/14/2017 16:09:19	43.0	44.0	0.506329
10/14/2017 16:09:30	43.0	43.0	0.503778
10/14/2017 16:09:41	44.0	44.0	0.503778
10/14/2017 16:09:52	43.0	42.0	0
10/14/2017 16:10:03	42.0	43.0	0.503778
10/14/2017 16:10:14	43.0	43.0	0.503778
10/14/2017 16:10:25	43.0	43.0	0.755668
10/14/2017 16:10:36	43.0	43.0	0.252525
10/14/2017 16:10:47	43.0	43.0	0.503778
10/14/2017 16:10:58	43.0	43.0	0.251889
10/14/2017 16:11:09	44.0	43.0	0.252525
10/14/2017 16:11:20	43.0	43.0	0.503778
10/14/2017 16:11:32	44.0	43.0	0.505051
10/14/2017 16:11:43	43.0	43.0	0.503778
10/14/2017 16:11:54	43.0	43.0	0.503778
10/14/2017 16:12:05	43.0	44.0	0.503778
10/14/2017 16:12:16	43.0	44.0	0.502513
10/14/2017 16:12:27	43.0	43.0	0.252525
10/14/2017 16:12:38	43.0	43.0	0.503778
10/14/2017 16:12:49	42.0	43.0	0.252525
10/14/2017 16:13:00	43.0	44.0	0.253165
10/14/2017 16:13:11	44.0	44.0	0.252525
10/14/2017 16:13:22	43.0	42.0	0.502513
10/14/2017 16:13:33	44.0	43.0	0.505051
10/14/2017 16:13:44	44.0	44.0	0.502513
10/14/2017 16:13:55	43.0	44.0	1.00251
10/14/2017 16:14:06	44.0	44.0	0.252525
10/14/2017 16:14:17	43.0	43.0	0.755668
10/14/2017 16:14:28	43.0	43.0	0.252525
10/14/2017 16:14:39	44.0	43.0	0.503778
10/14/2017 16:14:50	43.0	43.0	0.502513
10/14/2017 16:15:01	43.0	43.0	0.755668
10/14/2017 16:15:12	43.0	44.0	0.753769
10/14/2017 16:15:23	43.0	44.0	0.503778
10/14/2017 16:15:34	43.0	43.0	0.252525
10/14/2017 16:15:45	43.0	43.0	0.505051
10/14/2017 16:15:56	43.0	43.0	0.503778
10/14/2017 16:16:07	44.0	43.0	0.503778
10/14/2017 16:16:18	43.0	43.0	0
10/14/2017 16:16:29	43.0	43.0	0.503778
10/14/2017 16:16:40	42.0	43.0	0.252525
10/14/2017 16:16:51	43.0	44.0	0.505051
10/14/2017 16:17:02	43.0	43.0	0.252525
10/14/2017 16:17:13	43.0	44.0	0.755668
10/14/2017 16:17:24	43.0	43.0	0.503778
10/14/2017 16:17:35	43.0	44.0	0.503778
10/14/2017 16:17:46	44.0	42.0	0.252525
10/14/2017 16:17:58	43.0	44.0	0
10/14/2017 16:18:09	42.0	44.0	0.503778
10/14/2017 16:18:20	43.0	44.0	0.505051
10/14/2017 16:18:31	43.0	44.0	0.502513
10/14/2017 16:18:42	43.0	43.0	0.251889
10/14/2017 16:18:53	43.0	42.0	0.503778
10/14/2017 16:19:04	44.0	44.0	0.503778
10/14/2017 16:19:15	43.0	43.0	0.503778
10/14/2017 16:19:26	43.0	43.0	0.503778
10/14/2017 16:19:37	42.0	43.0	0.755668
10/14/2017 16:19:48	44.0	43.0	0.251889
10/14/2017 16:19:59	43.0	43.0	0.753769
10/14/2017 16:20:10	44.0	44.0	0.503778
10/14/2017 16:20:21	43.0	43.0	1.0101
10/14/2017 16:20:32	43.0	43.0	0.251889
10/14/2017 16:20:43	43.0	42.0	0.755668
10/14/2017 16:20:54	42.0	42.0	0.506329
10/14/2017 16:21:05	43.0	43.0	0.505051
10/14/2017 16:21:16	43.0	42.0	0.503778
10/14/2017 16:21:27	43.0	43.0	0.503778
10/14/2017 16:21:38	43.0	43.0	0.252525
10/14/2017 16:21:49	43.0	43.0	0.505051
10/14/2017 16:22:00	43.0	43.0	0.503778
10/14/2017 16:22:11	44.0	44.0	0.252525
10/14/2017 16:22:22	43.0	44.0	0.502513
10/14/2017 16:22:33	43.0	43.0	0.253165
10/14/2017 16:22:44	43.0	43.0	0.252525
10/14/2017 16:22:55	43.0	43.0	0.252525
10/14/2017 16:23:06	43.0	43.0	0.253165
10/14/2017 16:23:17	43.0	43.0	0.251889
10/14/2017 16:23:28	43.0	43.0	0.503778
10/14/2017 16:23:39	43.0	44.0	0.503778
10/14/2017 16:23:50	43.0	43.0	0.253165
10/14/2017 16:24:01	42.0	43.0	0.502513
10/14/2017 16:24:12	43.0	43.0	0.755668
10/14/2017 16:24:24	42.0	43.0	0.503778
10/14/2017 16:24:35	43.0	43.0	0.753769
10/14/2017 16:24:46	43.0	43.0	0.502513
10/14/2017 16:24:57	43.0	43.0	0.505051
10/14/2017 16:25:08	42.0	43.0	0.502513
10/14/2017 16:25:19	43.0	43.0	0.506329
10/14/2017 16:25:30	43.0	44.0	0
10/14/2017 16:25:41	43.0	44.0	0.505051
10/14/2017 16:25:52	42.0	42.0	0.503778
10/14/2017 16:26:03	43.0	43.0	0.505051
10/14/2017 16:26:14	43.0	43.0	0
10/14/2017 16:26:25	43.0	43.0	0.503778
10/14/2017 16:26:36	43.0	43.0	0.252525
10/14/2017 16:26:47	43.0	43.0	0.253165
10/14/2017 16:26:58	44.0	43.0	0.505051
10/14/2017 16:27:09	43.0	43.0	0.252525
10/14/2017 16:27:20	42.0	43.0	0.251889
10/14/2017 16:27:31	43.0	43.0	0.502513
10/14/2017 16:27:42	43.0	42.0	0.755668
10/14/2017 16:27:53	42.0	43.0	0.252525
10/14/2017 16:28:04	43.0	43.0	0.252525
10/14/2017 16:28:15	43.0	43.0	0.252525
10/14/2017 16:28:26	42.0	42.0	0.503778
10/14/2017 16:28:37	42.0	43.0	0.505051
10/14/2017 16:28:48	43.0	43.0	0.252525
10/14/2017 16:28:59	43.0	43.0	0.251889
10/14/2017 16:29:10	43.0	43.0	0.503778
10/14/2017 16:29:21	43.0	43.0	0.505051
10/14/2017 16:29:32	43.0	43.0	0.252525
10/14/2017 16:29:43	42.0	42.0	0.505051
10/14/2017 16:29:54	42.0	43.0	0.252525
10/14/2017 16:30:05	44.0	43.0	0.755668
10/14/2017 16:30:16	43.0	44.0	0.252525
10/14/2017 16:30:27	43.0	43.0	0.502513
10/14/2017 16:30:38	44.0	43.0	0.505051
10/14/2017 16:30:49	43.0	43.0	0.502513
10/14/2017 16:31:00	44.0	43.0	0.503778
10/14/2017 16:31:12	43.0	43.0	0.503778
10/14/2017 16:31:23	45.0	44.0	0.252525
10/14/2017 16:31:34	43.0	43.0	0.505051
10/14/2017 16:31:45	44.0	43.0	0.503778
10/14/2017 16:31:56	44.0	43.0	0.755668
10/14/2017 16:32:07	42.0	42.0	0.503778
10/14/2017 16:32:18	43.0	43.0	0.506329
10/14/2017 16:32:29	43.0	43.0	0.252525
10/14/2017 16:32:40	43.0	42.0	0.253165
10/14/2017 16:32:51	44.0	44.0	0.252525
10/14/2017 16:33:02	43.0	43.0	0.753769
10/14/2017 16:33:13	43.0	43.0	0.505051
10/14/2017 16:33:24	43.0	42.0	0.503778
10/14/2017 16:33:35	43.0	43.0	0.252525
10/14/2017 16:33:46	43.0	43.0	0.503778
10/14/2017 16:33:57	44.0	44.0	0.503778
10/14/2017 16:34:08	44.0	44.0	0.755668
10/14/2017 16:34:19	44.0	44.0	0.755668
10/14/2017 16:34:30	42.0	42.0	0.253165
10/14/2017 16:34:41	42.0	43.0	0.251889
10/14/2017 16:34:52	44.0	43.0	0.503778
10/14/2017 16:35:03	44.0	43.0	0.253165
10/14/2017 16:35:14	43.0	43.0	0.505051
10/14/2017 16:35:25	44.0	43.0	0.505051
10/14/2017 16:35:36	43.0	43.0	0.251889
10/14/2017 16:35:47	43.0	43.0	0.253165
10/14/2017 16:35:58	43.0	43.0	0.251889
10/14/2017 16:36:09	42.0	43.0	0.252525
10/14/2017 16:36:20	43.0	42.0	0.503778
10/14/2017 16:36:31	44.0	43.0	0.503778
10/14/2017 16:36:42	43.0	42.0	0.503778
10/14/2017 16:36:53	43.0	44.0	0.506329
10/14/2017 16:37:04	43.0	43.0	0.252525
10/14/2017 16:37:15	43.0	43.0	0.503778
10/14/2017 16:37:26	43.0	43.0	0.502513
10/14/2017 16:37:37	43.0	43.0	0.503778
10/14/2017 16:37:48	44.0	44.0	0.252525
10/14/2017 16:38:00	44.0	43.0	0.505051
10/14/2017 16:38:11	43.0	43.0	0.502513
10/14/2017 16:38:22	44.0	43.0	0.757576
10/14/2017 16:38:33	43.0	43.0	0.755668
10/14/2017 16:38:44	43.0	44.0	0.253165
10/14/2017 16:38:55	44.0	43.0	0
10/14/2017 16:39:06	43.0	43.0	0.755668
10/14/2017 16:39:17	43.0	43.0	0.502513
10/14/2017 16:39:28	43.0	42.0	0.503778
10/14/2017 16:39:39	42.0	43.0	0.252525
10/14/2017 16:39:50	43.0	43.0	0.505051
10/14/2017 16:40:01	44.0	43.0	0.253165
10/14/2017 16:40:12	44.0	44.0	0.502513
10/14/2017 16:40:23	42.0	42.0	0.253165
10/14/2017 16:40:34	43.0	43.0	0.252525
10/14/2017 16:40:45	42.0	42.0	0.505051
10/14/2017 16:40:56	43.0	43.0	0.755668
10/14/2017 16:41:07	43.0	43.0	0.505051
10/14/2017 16:41:18	43.0	44.0	0.252525
10/14/2017 16:41:29	43.0	44.0	0.505051
10/14/2017 16:41:40	43.0	43.0	0.251889
10/14/2017 16:41:51	42.0	43.0	0.253165
10/14/2017 16:42:02	43.0	43.0	0.503778
10/14/2017 16:42:13	43.0	43.0	0.755668
10/14/2017 16:42:24	43.0	43.0	0.503778
10/14/2017 16:42:35	43.0	42.0	0.505051
10/14/2017 16:42:46	42.0	42.0	0.252525
10/14/2017 16:42:57	44.0	43.0	0.503778
10/14/2017 16:43:08	43.0	43.0	0.252525
10/14/2017 16:43:19	43.0	43.0	0.753769
10/14/2017 16:43:30	44.0	43.0	0.252525
10/14/2017 16:43:41	42.0	43.0	0.252525
10/14/2017 16:43:52	43.0	42.0	0.251889
10/14/2017 16:44:03	44.0	44.0	0.505051
10/14/2017 16:44:14	43.0	43.0	0.251889
10/14/2017 16:44:25	43.0	43.0	0.253165
10/14/2017 16:44:37	42.0	43.0	0.253165
10/14/2017 16:44:48	42.0	43.0	0.503778
10/14/2017 16:44:59	43.0	42.0	0.505051
10/14/2017 16:45:10	43.0	43.0	0.251889
10/14/2017 16:45:21	43.0	43.0	0.505051
10/14/2017 16:45:32	43.0	43.0	0.503778
10/14/2017 16:45:43	43.0	43.0	0.505051
10/14/2017 16:45:54	43.0	42.0	0.755668
10/14/2017 16:46:05	44.0	43.0	0.505051
10/14/2017 16:46:16	44.0	43.0	0.252525
10/14/2017 16:46:27	44.0	43.0	0.503778
10/14/2017 16:46:38	43.0	43.0	0.503778
10/14/2017 16:46:49	42.0	43.0	0.503778
10/14/2017 16:47:00	43.0	43.0	0.755668
10/14/2017 16:47:11	44.0	43.0	0.505051
10/14/2017 16:47:22	44.0	43.0	0.505051
10/14/2017 16:47:33	43.0	43.0	0.755668
10/14/2017 16:47:44	43.0	43.0	0.503778
10/14/2017 16:47:55	43.0	43.0	0.503778
10/14/2017 16:48:06	44.0	43.0	0.753769
10/14/2017 16:48:17	43.0	43.0	0.505051
10/14/2017 16:48:28	43.0	43.0	0.503778
10/14/2017 16:48:39	43.0	43.0	0.505051
10/14/2017 16:48:50	43.0	43.0	0.503778
10/14/2017 16:49:01	43.0	43.0	0.506329
10/14/2017 16:49:12	43.0	43.0	0.502513
10/14/2017 16:49:23	43.0	43.0	0.505051
10/14/2017 16:49:34	43.0	43.0	0.503778
10/14/2017 16:49:45	43.0	42.0	0.252525
10/14/2017 16:49:56	43.0	43.0	0.505051
10/14/2017 16:50:07	43.0	42.0	0.252525
10/14/2017 16:50:18	42.0	43.0	0.503778
10/14/2017 16:50:29	43.0	43.0	0.505051
10/14/2017 16:50:40	42.0	43.0	0.505051
10/14/2017 16:50:51	43.0	44.0	0.252525
10/14/2017 16:51:02	44.0	43.0	0.253165
10/14/2017 16:51:13	43.0	43.0	0.503778
10/14/2017 16:51:25	43.0	42.0	0.505051
10/14/2017 16:51:36	43.0	43.0	0.75188
10/14/2017 16:51:47	44.0	43.0	0.753769
10/14/2017 16:51:58	43.0	43.0	0.252525
10/14/2017 16:52:09	43.0	42.0	0.252525
10/14/2017 16:52:20	44.0	43.0	0
10/14/2017 16:52:31	43.0	43.0	0.753769
10/14/2017 16:52:42	44.0	43.0	0.251889
10/14/2017 16:52:53	43.0	43.0	0.505051
10/14/2017 16:53:04	42.0	43.0	0
10/14/2017 16:53:15	42.0	43.0	0.505051
10/14/2017 16:53:26	44.0	44.0	0.503778
10/14/2017 16:53:37	43.0	42.0	0.252525
10/14/2017 16:53:48	43.0	42.0	0.252525
10/14/2017 16:53:59	43.0	43.0	0.252525
10/14/2017 16:54:10	42.0	43.0	0.505051
10/14/2017 16:54:21	42.0	43.0	2.02532
10/14/2017 16:54:32	44.0	43.0	0.505051
10/14/2017 16:54:43	42.0	43.0	0.253165
10/14/2017 16:54:54	43.0	42.0	0.252525
10/14/2017 16:55:05	44.0	43.0	0.503778
10/14/2017 16:55:16	43.0	43.0	0.505051
10/14/2017 16:55:27	43.0	43.0	0.503778
10/14/2017 16:55:38	43.0	42.0	0.503778
10/14/2017 16:55:49	43.0	43.0	0.503778
10/14/2017 16:56:00	43.0	43.0	0.505051
10/14/2017 16:56:11	43.0	43.0	0.251889
10/14/2017 16:56:22	42.0	42.0	0.503778
10/14/2017 16:56:33	43.0	43.0	0.503778
10/14/2017 16:56:44	44.0	43.0	0.253165
10/14/2017 16:56:55	43.0	43.0	0.753769
10/14/2017 16:57:06	44.0	44.0	0.503778
10/14/2017 16:57:17	44.0	43.0	0.503778
10/14/2017 16:57:28	43.0	43.0	0.503778
10/14/2017 16:57:40	42.0	44.0	0.251256
10/14/2017 16:57:51	43.0	43.0	0.503778
10/14/2017 16:58:02	43.0	43.0	0.503778
10/14/2017 16:58:13	44.0	44.0	0.755668
10/14/2017 16:58:24	43.0	43.0	0.755668
10/14/2017 16:58:35	43.0	43.0	0.503778
10/14/2017 16:58:46	43.0	43.0	0.755668
10/14/2017 16:58:57	42.0	43.0	0.252525
10/14/2017 16:59:08	43.0	43.0	0.503778
10/14/2017 16:59:19	43.0	43.0	0.505051
10/14/2017 16:59:30	43.0	43.0	0.253165
10/14/2017 16:59:41	43.0	44.0	0.252525
10/14/2017 16:59:52	43.0	43.0	0.252525
10/14/2017 17:00:03	42.0	43.0	0.253165
10/14/2017 17:00:14	43.0	44.0	0.755668
10/14/2017 17:00:25	44.0	43.0	0.759494
10/14/2017 17:00:36	42.0	43.0	0.253165
10/14/2017 17:00:47	43.0	43.0	0.252525
10/14/2017 17:00:58	44.0	43.0	0.505051
10/14/2017 17:01:09	44.0	44.0	0.503778
10/14/2017 17:01:20	43.0	42.0	0.503778
10/14/2017 17:01:31	44.0	43.0	0.253165
10/14/2017 17:01:42	42.0	44.0	0.503778
10/14/2017 17:01:53	44.0	43.0	0.252525
10/14/2017 17:02:04	43.0	43.0	0.503778
10/14/2017 17:02:15	42.0	43.0	0.753769
10/14/2017 17:02:26	42.0	43.0	0.506329
10/14/2017 17:02:37	43.0	44.0	0.505051
10/14/2017 17:02:48	42.0	42.0	0.251889
10/14/2017 17:02:59	43.0	43.0	0.755668
10/14/2017 17:03:10	43.0	43.0	0.502513
10/14/2017 17:03:21	42.0	43.0	0.502513
10/14/2017 17:03:32	43.0	42.0	0.251889
10/14/2017 17:03:43	43.0	43.0	0.755668
10/14/2017 17:03:54	43.0	42.0	0
10/14/2017 17:04:05	42.0	42.0	0.506329
10/14/2017 17:04:17	43.0	43.0	0.252525
10/14/2017 17:04:28	42.0	44.0	0.503778
10/14/2017 17:04:39	43.0	43.0	0.252525
10/14/2017 17:04:50	42.0	44.0	0.505051
10/14/2017 17:05:01	44.0	43.0	0.253165
10/14/2017 17:05:12	44.0	43.0	0.252525
10/14/2017 17:05:23	43.0	43.0	0.503778
10/14/2017 17:05:34	44.0	43.0	0.753769
10/14/2017 17:05:45	43.0	43.0	0.503778
10/14/2017 17:05:56	43.0	44.0	0.505051
10/14/2017 17:06:07	42.0	42.0	0.75188
10/14/2017 17:06:18	42.0	42.0	0.253807
10/14/2017 17:06:29	42.0	42.0	0
10/14/2017 17:06:40	43.0	43.0	0.755668
10/14/2017 17:06:51	43.0	43.0	0.253165
10/14/2017 17:07:02	43.0	44.0	0.503778
10/14/2017 17:07:13	43.0	44.0	0.757576
10/14/2017 17:07:24	43.0	43.0	0.251889
10/14/2017 17:07:35	42.0	43.0	0.253165
10/14/2017 17:07:46	42.0	43.0	0.502513
10/14/2017 17:07:57	43.0	44.0	0.753769
10/14/2017 17:08:08	43.0	42.0	0.503778
10/14/2017 17:08:19	43.0	43.0	0.505051
10/14/2017 17:08:30	43.0	42.0	0
10/14/2017 17:08:41	42.0	43.0	0.753769
10/14/2017 17:08:52	43.0	43.0	0.753769
10/14/2017 17:09:03	43.0	42.0	0.505051
10/14/2017 17:09:14	43.0	43.0	0.503778
10/14/2017 17:09:25	42.0	43.0	0.753769
10/14/2017 17:09:36	43.0	43.0	0.252525
10/14/2017 17:09:47	43.0	42.0	0.505051
10/14/2017 17:09:58	42.0	43.0	0.252525
10/14/2017 17:10:09	42.0	43.0	0.753769
10/14/2017 17:10:20	44.0	43.0	0.503778
10/14/2017 17:10:31	43.0	42.0	0.755668
10/14/2017 17:10:42	43.0	43.0	0.252525
10/14/2017 17:10:54	43.0	43.0	1.00756
10/14/2017 17:11:05	44.0	42.0	0.502513
10/14/2017 17:11:16	43.0	42.0	0.505051
10/14/2017 17:11:27	43.0	42.0	0.252525
10/14/2017 17:11:38	43.0	43.0	0.251889
10/14/2017 17:11:49	43.0	43.0	0.506329
10/14/2017 17:12:00	42.0	43.0	0.252525
10/14/2017 17:12:11	42.0	42.0	0.503778
10/14/2017 17:12:22	43.0	42.0	0.251889
10/14/2017 17:12:33	43.0	43.0	0.505051
10/14/2017 17:12:44	43.0	43.0	0.503778
10/14/2017 17:12:55	42.0	43.0	0.503778
10/14/2017 17:13:06	43.0	43.0	0.503778
10/14/2017 17:13:17	44.0	42.0	0.503778
10/14/2017 17:13:28	44.0	43.0	0.502513
10/14/2017 17:13:39	43.0	43.0	0.253165
10/14/2017 17:13:50	42.0	43.0	0.503778
10/14/2017 17:14:01	42.0	43.0	0.505051
10/14/2017 17:14:12	43.0	43.0	0.252525
10/14/2017 17:14:23	42.0	44.0	0.252525
10/14/2017 17:14:34	42.0	43.0	0.252525
10/14/2017 17:14:45	42.0	43.0	0.503778
10/14/2017 17:14:56	42.0	42.0	0.753769
10/14/2017 17:15:07	43.0	43.0	0.505051
10/14/2017 17:15:18	43.0	44.0	0.252525
10/14/2017 17:15:29	42.0	43.0	0.505051
10/14/2017 17:15:40	44.0	44.0	0.503778
10/14/2017 17:15:51	43.0	43.0	0.505051
10/14/2017 17:16:02	44.0	44.0	0.505051
10/14/2017 17:16:13	43.0	44.0	0.252525
10/14/2017 17:16:24	42.0	43.0	0.505051
10/14/2017 17:16:35	43.0	43.0	0.253165
10/14/2017 17:16:46	43.0	43.0	0.502513
10/14/2017 17:16:57	43.0	44.0	3.05344
10/14/2017 17:17:08	42.0	44.0	0.252525
10/14/2017 17:17:19	42.0	43.0	0.503778
10/14/2017 17:17:30	44.0	43.0	0.505051
10/14/2017 17:17:42	43.0	43.0	0.503778
10/14/2017 17:17:53	44.0	43.0	0.503778
10/14/2017 17:18:04	43.0	44.0	0
10/14/2017 17:18:15	43.0	43.0	0.505051
10/14/2017 17:18:26	42.0	43.0	0.252525
10/14/2017 17:18:37	44.0	43.0	0.755668
10/14/2017 17:18:48	43.0	43.0	0.252525
10/14/2017 17:18:59	43.0	43.0	0.505051
10/14/2017 17:19:10	44.0	44.0	0.252525
10/14/2017 17:19:21	44.0	43.0	0.755668
10/14/2017 17:19:32	44.0	44.0	0.753769
10/14/2017 17:19:43	43.0	43.0	0.505051
10/14/2017 17:19:54	43.0	43.0	0
10/14/2017 17:20:05	42.0	43.0	0.503778
10/14/2017 17:20:16	43.0	44.0	0.505051
10/14/2017 17:20:27	43.0	43.0	0.251889
10/14/2017 17:20:38	43.0	43.0	0.503778
10/14/2017 17:20:49	42.0	43.0	0.252525
10/14/2017 17:21:00	42.0	44.0	1.00251
10/14/2017 17:21:11	42.0	43.0	0.251889
10/14/2017 17:21:22	43.0	44.0	0.503778
10/14/2017 17:21:33	42.0	43.0	0.753769
10/14/2017 17:21:44	43.0	44.0	0.502513
10/14/2017 17:21:55	44.0	43.0	0.505051
10/14/2017 17:22:06	43.0	43.0	0.505051
10/14/2017 17:22:17	43.0	43.0	0.252525
10/14/2017 17:22:28	43.0	43.0	0.503778
10/14/2017 17:22:39	42.0	43.0	0.252525
10/14/2017 17:22:50	43.0	43.0	0.252525
10/14/2017 17:23:01	44.0	43.0	0.252525
10/14/2017 17:23:12	43.0	43.0	0.505051
10/14/2017 17:23:23	43.0	43.0	0.252525
10/14/2017 17:23:34	43.0	43.0	0.505051
10/14/2017 17:23:45	42.0	44.0	0.252525
10/14/2017 17:23:56	42.0	44.0	0.503778
10/14/2017 17:24:08	43.0	43.0	0.253165
10/14/2017 17:24:19	43.0	42.0	0.505051
10/14/2017 17:24:30	44.0	44.0	0.253165
10/14/2017 17:24:41	43.0	44.0	0.505051
10/14/2017 17:24:52	44.0	43.0	0.505051
10/14/2017 17:25:03	43.0	43.0	0.503778
10/14/2017 17:25:14	43.0	43.0	0.503778
10/14/2017 17:25:25	43.0	44.0	0.252525
10/14/2017 17:25:36	44.0	43.0	0.505051
10/14/2017 17:25:47	43.0	44.0	0.503778
10/14/2017 17:25:58	44.0	44.0	0.503778
10/14/2017 17:26:09	42.0	44.0	0.252525
10/14/2017 17:26:20	44.0	43.0	0.757576
10/14/2017 17:26:31	42.0	43.0	0.503778
10/14/2017 17:26:42	43.0	43.0	0.503778
10/14/2017 17:26:53	43.0	44.0	0
10/14/2017 17:27:04	43.0	43.0	0.253165
10/14/2017 17:27:15	43.0	44.0	0.251889
10/14/2017 17:27:26	42.0	43.0	0.753769
10/14/2017 17:27:37	43.0	43.0	0.503778
10/14/2017 17:27:48	42.0	44.0	0.505051
10/14/2017 17:27:59	44.0	43.0	0.251889
10/14/2017 17:28:10	44.0	44.0	0.503778
10/14/2017 17:28:21	43.0	43.0	1.00756
10/14/2017 17:28:32	43.0	44.0	0.503778
10/14/2017 17:28:43	43.0	43.0	0.253165
10/14/2017 17:28:54	43.0	43.0	1.00756
10/14/2017 17:29:05	43.0	43.0	0.755668
10/14/2017 17:29:16	43.0	43.0	0
10/14/2017 17:29:27	44.0	43.0	0.252525
10/14/2017 17:29:38	43.0	44.0	0.502513
10/14/2017 17:29:49	43.0	44.0	0.506329
10/14/2017 17:30:00	43.0	44.0	0.252525
10/14/2017 17:30:11	44.0	44.0	0.503778
10/14/2017 17:30:22	43.0	44.0	0.251889
10/14/2017 17:30:33	44.0	44.0	0.505051
10/14/2017 17:30:44	43.0	43.0	0.753769
10/14/2017 17:30:56	43.0	44.0	0.503778
10/14/2017 17:31:07	44.0	44.0	0.503778
10/14/2017 17:31:18	43.0	43.0	0.253165
10/14/2017 17:31:29	44.0	44.0	0.253165
10/14/2017 17:31:40	43.0	43.0	0.503778
10/14/2017 17:31:51	43.0	43.0	0.502513
10/14/2017 17:32:02	43.0	44.0	0.755668
10/14/2017 17:32:13	43.0	43.0	0.755668
10/14/2017 17:32:24	43.0	43.0	0.503778
10/14/2017 17:32:35	43.0	43.0	0.252525
10/14/2017 17:32:46	43.0	44.0	0.753769
10/14/2017 17:32:57	43.0	44.0	0.252525
10/14/2017 17:33:08	43.0	43.0	0.252525
10/14/2017 17:33:19	43.0	44.0	0.503778
10/14/2017 17:33:30	43.0	43.0	0.505051
10/14/2017 17:33:41	44.0	44.0	0.502513
10/14/2017 17:33:52	43.0	43.0	0.251889
10/14/2017 17:34:03	43.0	43.0	0.755668
10/14/2017 17:34:14	43.0	43.0	0.503778
10/14/2017 17:34:25	43.0	44.0	0.506329
10/14/2017 17:34:36	43.0	44.0	0.502513
10/14/2017 17:34:47	44.0	44.0	0.505051
10/14/2017 17:34:58	43.0	43.0	0.753769
10/14/2017 17:35:09	43.0	44.0	0.503778
10/14/2017 17:35:20	43.0	44.0	0.503778
10/14/2017 17:35:31	43.0	44.0	0.503778
10/14/2017 17:35:42	43.0	44.0	0.502513
10/14/2017 17:35:53	43.0	44.0	0.503778
10/14/2017 17:36:04	43.0	44.0	0.503778
10/14/2017 17:36:15	44.0	43.0	0.252525
10/14/2017 17:36:26	43.0	43.0	0.252525
10/14/2017 17:36:37	43.0	44.0	0.755668
10/14/2017 17:36:48	43.0	44.0	0
10/14/2017 17:36:59	44.0	44.0	0.755668
10/14/2017 17:37:10	42.0	43.0	0.503778
10/14/2017 17:37:22	43.0	44.0	0.505051
10/14/2017 17:37:33	43.0	43.0	0.503778
10/14/2017 17:37:44	42.0	44.0	0.505051
10/14/2017 17:37:55	43.0	43.0	0.503778
10/14/2017 17:38:06	43.0	44.0	0.753769
10/14/2017 17:38:17	43.0	44.0	0.503778
10/14/2017 17:38:28	43.0	44.0	0.503778
10/14/2017 17:38:39	43.0	44.0	0.505051
10/14/2017 17:38:50	43.0	43.0	0.503778
10/14/2017 17:39:01	42.0	43.0	0.503778
10/14/2017 17:39:12	43.0	44.0	0.503778
10/14/2017 17:39:23	44.0	44.0	0.503778
10/14/2017 17:39:34	43.0	43.0	0.503778
10/14/2017 17:39:45	43.0	44.0	0.502513
10/14/2017 17:39:56	44.0	43.0	0.252525
10/14/2017 17:40:07	44.0	44.0	0.503778
10/14/2017 17:40:18	44.0	44.0	0.251889
10/14/2017 17:40:29	44.0	44.0	0.252525
10/14/2017 17:40:40	43.0	44.0	0.252525
10/14/2017 17:40:51	45.0	44.0	0.252525
10/14/2017 17:41:02	43.0	44.0	0.251889
10/14/2017 17:41:13	43.0	44.0	0.505051
10/14/2017 17:41:24	43.0	43.0	0.251889
10/14/2017 17:41:35	43.0	44.0	0.505051
10/14/2017 17:41:46	44.0	43.0	0.503778
10/14/2017 17:41:57	43.0	44.0	0.753769
10/14/2017 17:42:08	42.0	43.0	0.503778
10/14/2017 17:42:19	43.0	44.0	0.505051
10/14/2017 17:42:30	44.0	44.0	0
10/14/2017 17:42:41	43.0	44.0	0.253165
10/14/2017 17:42:52	43.0	44.0	0.503778
10/14/2017 17:43:03	43.0	44.0	0.252525
10/14/2017 17:43:14	43.0	44.0	0.503778
10/14/2017 17:43:25	43.0	44.0	0.755668
10/14/2017 17:43:36	44.0	44.0	0.505051
10/14/2017 17:43:48	44.0	43.0	0.252525
10/14/2017 17:43:59	43.0	44.0	0.503778
10/14/2017 17:44:10	43.0	44.0	0.251889
10/14/2017 17:44:21	43.0	44.0	1.50754
10/14/2017 17:44:32	43.0	44.0	0.252525
10/14/2017 17:44:43	44.0	43.0	2.53165
10/14/2017 17:44:54	43.0	43.0	3.30789
10/14/2017 17:45:05	43.0	44.0	5.37084
10/14/2017 17:45:16	44.0	44.0	0.502513
10/14/2017 17:45:27	44.0	44.0	2.29008
10/14/2017 17:45:38	43.0	44.0	2.28426
10/14/2017 17:45:49	43.0	44.0	2.79188
10/14/2017 17:46:00	44.0	44.0	3.98671
10/14/2017 17:46:11	44.0	44.0	1.52284
10/14/2017 17:46:22	44.0	44.0	2.53165
10/14/2017 17:46:33	44.0	45.0	7.36041
10/14/2017 17:46:44	44.0	45.0	6.63265
10/14/2017 17:46:55	45.0	44.0	1.52672
10/14/2017 17:47:06	45.0	44.0	5.10204
10/14/2017 17:47:17	44.0	45.0	4.82234
10/14/2017 17:47:28	45.0	45.0	3.81679
10/14/2017 17:47:39	44.0	45.0	3.30789
10/14/2017 17:47:50	45.0	44.0	1.26904
10/14/2017 17:48:01	45.0	44.0	3.05344
10/14/2017 17:48:12	44.0	44.0	2.54453
10/14/2017 17:48:23	44.0	45.0	7.65306
10/14/2017 17:48:34	45.0	44.0	0.505051
10/14/2017 17:48:45	45.0	44.0	0.252525
10/14/2017 17:48:56	44.0	44.0	0.757576
10/14/2017 17:49:07	45.0	44.0	2.55102
10/14/2017 17:49:18	44.0	45.0	24.0838
10/14/2017 17:49:29	49.0	48.0	14.7959
10/14/2017 17:49:40	46.0	45.0	0.757576
10/14/2017 17:49:51	46.0	46.0	50.1292
10/14/2017 17:50:03	48.0	51.0	8.44687
10/14/2017 17:50:14	47.0	46.0	14.2857
10/14/2017 17:50:25	47.0	46.0	21.5686
10/14/2017 17:50:36	50.0	49.0	21.7105
10/14/2017 17:50:48	49.0	48.0	20.3966
10/14/2017 17:51:00	49.0	48.0	15.1762
10/14/2017 17:51:11	50.0	50.0	14.2105
10/14/2017 17:51:22	50.0	51.0	15.404
10/14/2017 17:51:33	50.0	50.0	14.4
10/14/2017 17:51:44	51.0	51.0	14.8148
10/14/2017 17:51:55	51.0	51.0	15
10/14/2017 17:52:06	52.0	53.0	14.0584
10/14/2017 17:52:17	53.0	52.0	14.0212
10/14/2017 17:52:28	53.0	53.0	14.6667
10/14/2017 17:52:39	54.0	53.0	12.8609
10/14/2017 17:52:50	54.0	54.0	12.8609
10/14/2017 17:53:01	54.0	54.0	13.4565
10/14/2017 17:53:12	54.0	54.0	19.685
10/14/2017 17:53:23	56.0	55.0	20.6468
10/14/2017 17:53:34	56.0	55.0	19.4737
10/14/2017 17:53:45	57.0	56.0	18.5379
10/14/2017 17:53:56	55.0	55.0	13.2626
10/14/2017 17:54:07	52.0	53.0	14.3631
10/14/2017 17:54:18	51.0	51.0	24.2857
10/14/2017 17:54:30	49.0	50.0	19.5767
10/14/2017 17:54:41	49.0	49.0	16.4062
10/14/2017 17:54:52	48.0	48.0	14.6277
10/14/2017 17:55:03	47.0	47.0	17.5978
10/14/2017 17:55:14	49.0	48.0	17.4359
10/14/2017 17:55:25	49.0	50.0	19.5251
10/14/2017 17:55:36	51.0	51.0	14.0957
10/14/2017 17:55:47	52.0	51.0	14.0957
10/14/2017 17:55:58	53.0	53.0	13.6842
10/14/2017 17:56:09	53.0	53.0	17.7083
10/14/2017 17:56:20	55.0	54.0	12.766
10/14/2017 17:56:31	55.0	55.0	16.6227
10/14/2017 17:56:42	56.0	56.0	13.3508
10/14/2017 17:56:53	56.0	55.0	12.6649
10/14/2017 17:57:04	56.0	56.0	17.8478
10/14/2017 17:57:15	54.0	53.0	15.5673
10/14/2017 17:57:26	51.0	51.0	14.0212
10/14/2017 17:57:37	50.0	50.0	17.5202
10/14/2017 17:57:48	49.0	49.0	15.1194
10/14/2017 17:57:59	49.0	48.0	14.4
10/14/2017 17:58:10	48.0	48.0	14.1333
10/14/2017 17:58:21	48.0	47.0	15.6499
10/14/2017 17:58:32	48.0	47.0	13.7203
10/14/2017 17:58:43	49.0	49.0	14.1333
10/14/2017 17:58:54	51.0	51.0	13.1234
10/14/2017 17:59:05	52.0	52.0	18.9055
10/14/2017 17:59:16	53.0	53.0	12.4011
10/14/2017 17:59:27	54.0	54.0	13.2275
10/14/2017 17:59:39	54.0	54.0	14.1732
10/14/2017 17:59:50	55.0	55.0	11.9048
10/14/2017 18:00:01	56.0	56.0	21.934
10/14/2017 18:00:12	57.0	56.0	12.6649
10/14/2017 18:00:23	55.0	54.0	13.7566
10/14/2017 18:00:34	53.0	53.0	13.6364
10/14/2017 18:00:45	51.0	51.0	14.8148
10/14/2017 18:00:56	50.0	50.0	22.1393
10/14/2017 18:01:07	49.0	49.0	16.273
10/14/2017 18:01:18	49.0	48.0	14.3617
10/14/2017 18:01:29	48.0	47.0	14.3236
10/14/2017 18:01:40	48.0	47.0	13.4211
10/14/2017 18:01:51	48.0	46.0	15.2231
10/14/2017 18:02:02	48.0	47.0	13.5279
10/14/2017 18:02:13	50.0	50.0	13.5279
10/14/2017 18:02:24	51.0	51.0	13.9842
10/14/2017 18:02:35	52.0	52.0	11.6711
10/14/2017 18:02:46	53.0	53.0	13.1579
10/14/2017 18:02:57	54.0	54.0	13.1234
10/14/2017 18:03:08	55.0	54.0	12.9288
10/14/2017 18:03:19	55.0	55.0	12.6649
10/14/2017 18:03:30	57.0	55.0	13.1926
10/14/2017 18:03:41	55.0	54.0	12.963
10/14/2017 18:03:52	53.0	53.0	14.8541
10/14/2017 18:04:03	51.0	51.0	14.6667
10/14/2017 18:04:14	50.0	50.0	15.0396
10/14/2017 18:04:26	50.0	49.0	14.3236
10/14/2017 18:04:37	49.0	48.0	14.0957
10/14/2017 18:04:48	49.0	48.0	15.3646
10/14/2017 18:04:59	48.0	48.0	14.0957
10/14/2017 18:05:10	48.0	47.0	13.4211
10/14/2017 18:05:21	48.0	47.0	14.7757
10/14/2017 18:05:32	48.0	48.0	13.9037
10/14/2017 18:05:43	50.0	50.0	21.2714
10/14/2017 18:05:54	51.0	51.0	15.3846
10/14/2017 18:06:05	52.0	52.0	13.7931
10/14/2017 18:06:16	54.0	53.0	12.3684
10/14/2017 18:06:27	54.0	54.0	13.6842
10/14/2017 18:06:38	55.0	55.0	23.6659
10/14/2017 18:06:49	56.0	56.0	13.1234
10/14/2017 18:07:00	57.0	57.0	14.5161
10/14/2017 18:07:11	55.0	55.0	12.9973
10/14/2017 18:07:22	52.0	53.0	13.4565
10/14/2017 18:07:33	51.0	51.0	15.8442
10/14/2017 18:07:44	50.0	51.0	14.8936
10/14/2017 18:07:55	50.0	49.0	14.7757
10/14/2017 18:08:06	49.0	48.0	13.8298
10/14/2017 18:08:17	48.0	48.0	13.9037
10/14/2017 18:08:28	48.0	48.0	20.2632
10/14/2017 18:08:39	48.0	48.0	15.9574
10/14/2017 18:08:50	48.0	48.0	14.4737
10/14/2017 18:09:01	48.0	47.0	14.1304
10/14/2017 18:09:13	47.0	47.0	14.0584
10/14/2017 18:09:24	48.0	47.0	15.8311
10/14/2017 18:09:35	48.0	48.0	14.3236
10/14/2017 18:09:46	50.0	50.0	17.0213
10/14/2017 18:09:57	51.0	51.0	16.0105
10/14/2017 18:10:08	53.0	53.0	14.6277
10/14/2017 18:10:19	55.0	54.0	18.984
10/14/2017 18:10:30	56.0	56.0	19.3548
10/14/2017 18:10:41	56.0	56.0	17.1958
10/14/2017 18:10:52	54.0	54.0	20.8672
10/14/2017 18:11:03	52.0	52.0	21.0674
10/14/2017 18:11:14	53.0	52.0	15.903
10/14/2017 18:11:25	51.0	51.0	20.6549
10/14/2017 18:11:36	52.0	51.0	17.6781
10/14/2017 18:11:47	50.0	50.0	20.7349
10/14/2017 18:11:58	51.0	51.0	17.0157
10/14/2017 18:12:09	51.0	50.0	17.8478
10/14/2017 18:12:20	50.0	50.0	24.7525
10/14/2017 18:12:31	50.0	50.0	18.1579
10/14/2017 18:12:42	49.0	49.0	18.0628
10/14/2017 18:12:53	49.0	48.0	17.4479
10/14/2017 18:13:04	49.0	48.0	18.883
10/14/2017 18:13:15	49.0	49.0	20.5446
10/14/2017 18:13:26	48.0	48.0	18.7013
10/14/2017 18:13:37	49.0	48.0	23.1844
10/14/2017 18:13:48	48.0	47.0	14.8352
10/14/2017 18:13:59	47.0	48.0	15.8602
10/14/2017 18:14:11	50.0	48.0	20.1044
10/14/2017 18:14:22	48.0	48.0	17.4142
10/14/2017 18:14:33	48.0	47.0	16.5789
10/14/2017 18:14:44	49.0	48.0	14.3236
10/14/2017 18:14:55	47.0	48.0	16.095
10/14/2017 18:15:06	48.0	47.0	19.3717
10/14/2017 18:15:17	50.0	50.0	17.3228
10/14/2017 18:15:28	51.0	51.0	18.8482
10/14/2017 18:15:39	53.0	53.0	15.8854
10/14/2017 18:15:50	54.0	54.0	18.6352
10/14/2017 18:16:01	55.0	55.0	19.5929
10/14/2017 18:16:12	57.0	57.0	13.3508
10/14/2017 18:16:23	55.0	54.0	14.7727
10/14/2017 18:16:34	52.0	53.0	17.4807
10/14/2017 18:16:45	51.0	51.0	14.5889
10/14/2017 18:16:56	50.0	50.0	17.6316
10/14/2017 18:17:07	49.0	49.0	15.3439
10/14/2017 18:17:18	49.0	49.0	18.2278
10/14/2017 18:17:29	48.0	48.0	15.0396
10/14/2017 18:17:40	48.0	48.0	14.5503
10/14/2017 18:17:51	47.0	48.0	17.268
10/14/2017 18:18:02	47.0	47.0	14.3236
10/14/2017 18:18:13	47.0	47.0	15.4856
10/14/2017 18:18:24	48.0	47.0	13.1234
10/14/2017 18:18:35	49.0	50.0	18.9873
10/14/2017 18:18:46	50.0	51.0	17.7378
10/14/2017 18:18:57	52.0	52.0	14.5503
10/14/2017 18:19:08	53.0	53.0	13.2275
10/14/2017 18:19:19	54.0	54.0	15.3034
10/14/2017 18:19:30	55.0	55.0	30.3896
10/14/2017 18:19:42	57.0	56.0	33.4197
10/14/2017 18:19:53	58.0	56.0	19.3211
10/14/2017 18:20:04	55.0	54.0	30.9824
10/14/2017 18:20:15	57.0	56.0	28.866
10/14/2017 18:20:26	57.0	55.0	30.1299
10/14/2017 18:20:37	57.0	56.0	14.9215
10/14/2017 18:20:48	53.0	53.0	12.6649
10/14/2017 18:20:59	51.0	52.0	18.299
10/14/2017 18:21:10	52.0	53.0	14.2857
10/14/2017 18:21:21	51.0	51.0	14.5119
10/14/2017 18:21:32	50.0	50.0	13.8298
10/14/2017 18:21:43	49.0	48.0	15.4047
10/14/2017 18:21:54	49.0	48.0	14.3236
10/14/2017 18:22:05	48.0	48.0	15
10/14/2017 18:22:16	48.0	48.0	14.7368
10/14/2017 18:22:27	48.0	47.0	31.3472
10/14/2017 18:22:38	52.0	51.0	14.4737
10/14/2017 18:22:49	51.0	50.0	14.0584
10/14/2017 18:23:00	50.0	49.0	14.7757
10/14/2017 18:23:11	48.0	48.0	14.4737
10/14/2017 18:23:22	48.0	48.0	13.4565
10/14/2017 18:23:33	48.0	48.0	14.7368
10/14/2017 18:23:44	48.0	47.0	14.3617
10/14/2017 18:23:55	47.0	47.0	18.0662
10/14/2017 18:24:06	48.0	47.0	14.3236
10/14/2017 18:24:17	47.0	47.0	13.9842
10/14/2017 18:24:28	47.0	47.0	14.6597
10/14/2017 18:24:39	49.0	48.0	14.3236
10/14/2017 18:24:50	50.0	51.0	13.3508
10/14/2017 18:25:01	52.0	51.0	17.9551
10/14/2017 18:25:12	53.0	53.0	12.6316
10/14/2017 18:25:24	54.0	54.0	13.6842
10/14/2017 18:25:35	56.0	55.0	11.9048
10/14/2017 18:25:46	56.0	55.0	17.2932
10/14/2017 18:25:57	57.0	56.0	13.1926
10/14/2017 18:26:08	56.0	56.0	13.9108
10/14/2017 18:26:19	54.0	54.0	29.7158
10/14/2017 18:26:30	56.0	56.0	15.7068
10/14/2017 18:26:41	53.0	52.0	14.1732
10/14/2017 18:26:52	52.0	52.0	19
10/14/2017 18:27:03	51.0	51.0	30.6494
10/14/2017 18:27:14	54.0	52.0	14.248
10/14/2017 18:27:25	51.0	50.0	28.6458
10/14/2017 18:27:36	55.0	55.0	13.2275
10/14/2017 18:27:47	51.0	51.0	14.0212
10/14/2017 18:27:58	50.0	50.0	13.7203
10/14/2017 18:28:09	50.0	49.0	13.7097
10/14/2017 18:28:20	49.0	49.0	14.2105
10/14/2017 18:28:31	49.0	48.0	15.7068
10/14/2017 18:28:42	48.0	48.0	25.641
10/14/2017 18:28:54	50.0	51.0	14.0794
10/14/2017 18:29:05	50.0	50.0	4.34783
10/14/2017 18:29:16	51.0	51.0	12.7551
10/14/2017 18:29:27	51.0	52.0	2.79188
10/14/2017 18:29:38	51.0	52.0	2.51889
10/14/2017 18:29:49	52.0	52.0	6.70103
