11/24/2017 18:05:37	31.0	30.0	10.3275
11/24/2017 18:05:48	29.0	28.0	1.26582
11/24/2017 18:05:59	29.0	29.0	11.2022
11/24/2017 18:06:11	29.0	28.0	1.77215
11/24/2017 18:06:22	29.0	29.0	0.759494
11/24/2017 18:06:33	30.0	30.0	4.31472
11/24/2017 18:06:44	30.0	30.0	2.79898
11/24/2017 18:06:55	30.0	30.0	4.33673
11/24/2017 18:07:06	31.0	31.0	3.35917
11/24/2017 18:07:17	31.0	31.0	8.16327
11/24/2017 18:07:28	31.0	32.0	3.60825
11/24/2017 18:07:39	32.0	32.0	14.3223
11/24/2017 18:07:50	32.0	32.0	0.757576
11/24/2017 18:08:01	32.0	33.0	1.00756
11/24/2017 18:08:12	33.0	33.0	0.505051
11/24/2017 18:08:23	33.0	33.0	0.507614
11/24/2017 18:08:34	33.0	33.0	5.08906
11/24/2017 18:08:45	33.0	34.0	2.53807
11/24/2017 18:08:56	34.0	34.0	8.4399
11/24/2017 18:09:07	34.0	34.0	0.252525
11/24/2017 18:09:18	34.0	34.0	1.00503
11/24/2017 18:09:29	33.0	34.0	1.0101
11/24/2017 18:09:40	35.0	35.0	0.753769
11/24/2017 18:09:51	34.0	35.0	2.77778
11/24/2017 18:10:02	34.0	34.0	1.26582
11/24/2017 18:10:13	34.0	35.0	0.252525
11/24/2017 18:10:24	34.0	35.0	4.60358
11/24/2017 18:10:35	34.0	35.0	0.252525
11/24/2017 18:10:46	35.0	35.0	0.755668
11/24/2017 18:10:57	34.0	35.0	3.5533
11/24/2017 18:11:08	35.0	35.0	6.02007
11/24/2017 18:11:19	35.0	36.0	5.10204
11/24/2017 18:11:31	35.0	36.0	4.60358
11/24/2017 18:11:42	36.0	36.0	4.66667
11/24/2017 18:11:53	36.0	36.0	4.05405
11/24/2017 18:12:04	36.0	36.0	11.8557
11/24/2017 18:12:15	39.0	37.0	2.28426
11/24/2017 18:12:26	36.0	37.0	2.02532
11/24/2017 18:12:37	36.0	36.0	0.757576
11/24/2017 18:12:48	36.0	37.0	0.503778
11/24/2017 18:12:59	37.0	37.0	2.03046
11/24/2017 18:13:10	36.0	37.0	3.82653
11/24/2017 18:13:21	36.0	36.0	0.759494
11/24/2017 18:13:32	36.0	37.0	1.01266
11/24/2017 18:13:43	36.0	37.0	0.251889
11/24/2017 18:13:54	36.0	37.0	1.26582
11/24/2017 18:14:05	36.0	37.0	1.01266
11/24/2017 18:14:17	36.0	37.0	34.2466
11/24/2017 18:14:28	39.0	39.0	15.0538
11/24/2017 18:14:39	39.0	39.0	16.2304
11/24/2017 18:14:50	40.0	40.0	14.4357
11/24/2017 18:15:02	41.0	40.0	16.5789
11/24/2017 18:15:13	41.0	42.0	12.8272
11/24/2017 18:15:24	42.0	42.0	17.4142
11/24/2017 18:15:35	43.0	43.0	13.8743
11/24/2017 18:15:46	44.0	44.0	13.9842
11/24/2017 18:15:57	44.0	44.0	16.0105
11/24/2017 18:16:08	46.0	45.0	13.7203
11/24/2017 18:16:19	46.0	45.0	14.0212
11/24/2017 18:16:30	46.0	45.0	15.2632
11/24/2017 18:16:41	46.0	46.0	13.4211
11/24/2017 18:16:52	48.0	47.0	13.3508
11/24/2017 18:17:03	48.0	47.0	13.4565
11/24/2017 18:17:14	48.0	47.0	13.3508
11/24/2017 18:17:25	48.0	48.0	14.3979
11/24/2017 18:17:36	49.0	48.0	17.3432
11/24/2017 18:17:48	50.0	49.0	13.1805
11/24/2017 18:17:59	49.0	50.0	14.4737
11/24/2017 18:18:10	50.0	50.0	13.2275
11/24/2017 18:18:21	50.0	50.0	14.9606
11/24/2017 18:18:32	51.0	51.0	17.7083
11/24/2017 18:18:43	52.0	52.0	17.7083
11/24/2017 18:18:54	53.0	53.0	16.4491
11/24/2017 18:19:05	53.0	53.0	18.1579
11/24/2017 18:19:16	54.0	53.0	18.2768
11/24/2017 18:19:27	55.0	54.0	16.188
11/24/2017 18:19:38	55.0	54.0	14.9606
11/24/2017 18:19:49	55.0	55.0	13.3508
11/24/2017 18:20:00	55.0	55.0	13.1234
11/24/2017 18:20:11	55.0	55.0	11.6095
11/24/2017 18:20:22	56.0	55.0	11.8421
11/24/2017 18:20:33	56.0	55.0	12.336
11/24/2017 18:20:44	56.0	55.0	12.5326
11/24/2017 18:20:55	56.0	55.0	30.6667
11/24/2017 18:21:07	58.0	56.0	13.4921
11/24/2017 18:21:18	53.0	53.0	17.6166
11/24/2017 18:21:29	51.0	51.0	17.8756
11/24/2017 18:21:40	50.0	50.0	16.1039
11/24/2017 18:21:51	49.0	49.0	17.2324
11/24/2017 18:22:02	48.0	48.0	16.0526
11/24/2017 18:22:13	48.0	47.0	16.4021
11/24/2017 18:22:24	49.0	49.0	17.2324
11/24/2017 18:22:35	51.0	51.0	16.1376
11/24/2017 18:22:46	51.0	51.0	18.5864
11/24/2017 18:22:57	53.0	53.0	12.9288
11/24/2017 18:23:08	53.0	54.0	12.9288
11/24/2017 18:23:19	54.0	55.0	15.0794
11/24/2017 18:23:30	55.0	54.0	17.4603
11/24/2017 18:23:41	57.0	56.0	13.7566
11/24/2017 18:23:53	56.0	55.0	12.1693
11/24/2017 18:24:04	53.0	52.0	14.248
11/24/2017 18:24:15	51.0	51.0	12.5
11/24/2017 18:24:26	49.0	49.0	15.0794
11/24/2017 18:24:37	48.0	47.0	14.4772
11/24/2017 18:24:48	47.0	47.0	15.2406
11/24/2017 18:24:59	48.0	48.0	14.1333
11/24/2017 18:25:10	50.0	50.0	13.0319
11/24/2017 18:25:21	51.0	51.0	12.4668
11/24/2017 18:25:32	52.0	51.0	12.0735
11/24/2017 18:25:43	53.0	52.0	12.9288
11/24/2017 18:25:54	54.0	53.0	12.1053
11/24/2017 18:26:05	54.0	54.0	15.2231
11/24/2017 18:26:16	55.0	54.0	12.4011
11/24/2017 18:26:27	55.0	56.0	12.6316
11/24/2017 18:26:38	57.0	56.0	11.8734
11/24/2017 18:26:49	54.0	54.0	13.1926
11/24/2017 18:27:00	52.0	52.0	12.9288
11/24/2017 18:27:11	50.0	51.0	15.9269
11/24/2017 18:27:22	49.0	49.0	15.4047
11/24/2017 18:27:33	50.0	48.0	15.6658
11/24/2017 18:27:44	48.0	49.0	17.6781
11/24/2017 18:27:55	48.0	48.0	19.1601
11/24/2017 18:28:06	48.0	47.0	16.4456
11/24/2017 18:28:17	48.0	47.0	19.1601
11/24/2017 18:28:28	48.0	47.0	15.2231
11/24/2017 18:28:39	48.0	47.0	17.8947
11/24/2017 18:28:50	48.0	47.0	16.8421
11/24/2017 18:29:01	49.0	49.0	21.2202
11/24/2017 18:29:12	51.0	51.0	14.7757
11/24/2017 18:29:24	52.0	52.0	18.2292
11/24/2017 18:29:35	54.0	53.0	17.0157
11/24/2017 18:29:46	55.0	54.0	15.9686
11/24/2017 18:29:57	57.0	55.0	16.0105
11/24/2017 18:30:08	55.0	54.0	15.445
11/24/2017 18:30:19	53.0	52.0	17.5393
11/24/2017 18:30:30	51.0	51.0	16.4491
11/24/2017 18:30:41	50.0	50.0	17.0139
11/24/2017 18:30:52	49.0	48.0	18.4697
11/24/2017 18:31:03	49.0	48.0	15.1832
11/24/2017 18:31:14	49.0	48.0	17.0157
11/24/2017 18:31:25	47.0	47.0	15.9269
11/24/2017 18:31:36	47.0	47.0	18.2058
11/24/2017 18:31:47	48.0	46.0	16.7979
11/24/2017 18:31:58	47.0	47.0	16.4062
11/24/2017 18:32:09	47.0	47.0	17.7719
11/24/2017 18:32:20	49.0	49.0	17.801
11/24/2017 18:32:31	51.0	50.0	20.5263
11/24/2017 18:32:42	52.0	53.0	14.3603
11/24/2017 18:32:53	55.0	54.0	17.5066
11/24/2017 18:33:04	56.0	55.0	17.942
11/24/2017 18:33:15	56.0	56.0	17.1875
11/24/2017 18:33:26	55.0	54.0	18.0628
11/24/2017 18:33:37	54.0	53.0	20.4724
11/24/2017 18:33:48	51.0	51.0	15.4856
11/24/2017 18:33:59	51.0	49.0	15.445
11/24/2017 18:34:10	50.0	49.0	18.2058
11/24/2017 18:34:21	49.0	48.0	16.188
11/24/2017 18:34:32	49.0	48.0	16.1458
11/24/2017 18:34:43	49.0	48.0	16.8421
11/24/2017 18:34:54	48.0	48.0	17.2324
11/24/2017 18:35:05	48.0	47.0	16.6667
11/24/2017 18:35:16	47.0	48.0	17.5393
11/24/2017 18:35:27	47.0	47.0	12.4011
11/24/2017 18:35:38	47.0	47.0	14.6982
11/24/2017 18:35:50	49.0	48.0	14.5503
11/24/2017 18:36:01	50.0	50.0	12.8609
11/24/2017 18:36:12	51.0	51.0	13.8743
11/24/2017 18:36:23	52.0	52.0	12.5984
11/24/2017 18:36:34	53.0	53.0	12.7273
11/24/2017 18:36:45	54.0	54.0	12.8947
11/24/2017 18:36:56	55.0	55.0	12.5984
11/24/2017 18:37:07	55.0	54.0	13.5065
11/24/2017 18:37:18	57.0	55.0	12.8609
11/24/2017 18:37:29	56.0	56.0	13.3159
11/24/2017 18:37:40	53.0	53.0	15.8854
11/24/2017 18:37:51	52.0	51.0	16.2304
11/24/2017 18:38:02	51.0	50.0	15.6658
11/24/2017 18:38:13	50.0	49.0	14.6214
11/24/2017 18:38:24	49.0	48.0	14.7757
11/24/2017 18:38:35	48.0	47.0	13.4565
11/24/2017 18:38:46	47.0	47.0	12.5654
11/24/2017 18:38:57	48.0	48.0	13.8381
11/24/2017 18:39:08	49.0	50.0	12.5326
11/24/2017 18:39:19	50.0	51.0	13.3508
11/24/2017 18:39:30	52.0	52.0	13.5417
11/24/2017 18:39:41	52.0	53.0	14.026
11/24/2017 18:39:52	55.0	54.0	14.026
11/24/2017 18:40:03	54.0	54.0	12.7604
11/24/2017 18:40:14	55.0	55.0	13.5417
11/24/2017 18:40:25	56.0	56.0	12.5984
11/24/2017 18:40:36	56.0	56.0	12.7937
11/24/2017 18:40:47	54.0	54.0	13.5065
11/24/2017 18:40:58	52.0	52.0	14.6982
11/24/2017 18:41:09	51.0	51.0	14.2105
11/24/2017 18:41:21	49.0	49.0	14.4737
11/24/2017 18:41:32	49.0	48.0	15.2632
11/24/2017 18:41:43	48.0	48.0	13.3858
11/24/2017 18:41:54	48.0	46.0	14.8825
11/24/2017 18:42:05	47.0	47.0	12.987
11/24/2017 18:42:16	49.0	49.0	14.0992
11/24/2017 18:42:27	51.0	51.0	12.9288
11/24/2017 18:42:38	51.0	51.0	13.2812
11/24/2017 18:42:49	53.0	53.0	12.336
11/24/2017 18:43:00	54.0	54.0	13.3858
11/24/2017 18:43:11	55.0	55.0	12.7604
11/24/2017 18:43:22	55.0	55.0	12.5326
11/24/2017 18:43:33	56.0	55.0	12.4011
11/24/2017 18:43:44	55.0	55.0	13.3858
11/24/2017 18:43:55	53.0	53.0	13.0548
11/24/2017 18:44:06	51.0	51.0	15.2231
11/24/2017 18:44:17	50.0	50.0	13.3508
11/24/2017 18:44:28	49.0	49.0	13.8381
11/24/2017 18:44:39	49.0	48.0	14.8825
11/24/2017 18:44:50	47.0	47.0	14.3603
11/24/2017 18:45:01	47.0	47.0	14.8052
11/24/2017 18:45:12	49.0	49.0	13.3858
11/24/2017 18:45:23	50.0	50.0	12.7937
11/24/2017 18:45:34	51.0	51.0	14.8825
11/24/2017 18:45:45	52.0	53.0	13.3508
11/24/2017 18:45:56	54.0	54.0	11.7188
11/24/2017 18:46:07	55.0	54.0	13.0208
11/24/2017 18:46:18	55.0	55.0	12.5
11/24/2017 18:46:29	56.0	55.0	12.7273
11/24/2017 18:46:40	55.0	55.0	12.987
11/24/2017 18:46:52	53.0	52.0	13.577
11/24/2017 18:47:03	51.0	51.0	14.6214
11/24/2017 18:47:14	50.0	50.0	15.8031
11/24/2017 18:47:25	49.0	49.0	12.7273
11/24/2017 18:47:36	49.0	48.0	15.1042
11/24/2017 18:47:47	48.0	48.0	14.6214
11/24/2017 18:47:58	47.0	46.0	14.3229
11/24/2017 18:48:09	47.0	47.0	15.3247
11/24/2017 18:48:20	49.0	50.0	13.8743
11/24/2017 18:48:31	50.0	51.0	13.2124
11/24/2017 18:48:42	52.0	52.0	13.7306
11/24/2017 18:48:53	53.0	53.0	12.5
11/24/2017 18:49:04	54.0	54.0	12.5
11/24/2017 18:49:15	55.0	54.0	14.1753
11/24/2017 18:49:26	56.0	56.0	12.6615
11/24/2017 18:49:37	56.0	56.0	12.4675
11/24/2017 18:49:48	56.0	56.0	13.4715
11/24/2017 18:49:59	54.0	54.0	13.5417
11/24/2017 18:50:10	51.0	51.0	13.2468
11/24/2017 18:50:21	51.0	50.0	15.7623
11/24/2017 18:50:32	49.0	49.0	15.4242
11/24/2017 18:50:43	49.0	48.0	15.9794
11/24/2017 18:50:54	48.0	48.0	15.641
11/24/2017 18:51:05	47.0	47.0	16.7526
11/24/2017 18:51:16	48.0	48.0	15.5844
11/24/2017 18:51:27	49.0	49.0	13.2468
11/24/2017 18:51:38	51.0	51.0	13.6951
11/24/2017 18:51:49	52.0	52.0	13.2468
11/24/2017 18:52:00	53.0	53.0	13.2124
11/24/2017 18:52:12	54.0	54.0	12.7273
11/24/2017 18:52:23	55.0	54.0	13.9175
11/24/2017 18:52:34	55.0	56.0	12.1447
11/24/2017 18:52:45	56.0	56.0	12.9534
11/24/2017 18:52:56	56.0	55.0	15.5844
11/24/2017 18:53:07	54.0	54.0	18.299
11/24/2017 18:53:18	52.0	53.0	15.6812
11/24/2017 18:53:29	51.0	51.0	16.4557
11/24/2017 18:53:40	50.0	50.0	16.5394
11/24/2017 18:53:51	49.0	48.0	17.5573
11/24/2017 18:54:02	48.0	48.0	16.5816
11/24/2017 18:54:13	48.0	46.0	17.1355
11/24/2017 18:54:24	47.0	47.0	17.8117
11/24/2017 18:54:35	48.0	48.0	16.3265
11/24/2017 18:54:46	50.0	50.0	14.578
11/24/2017 18:54:57	51.0	51.0	16.0714
11/24/2017 18:55:08	53.0	52.0	13.8817
11/24/2017 18:55:19	54.0	53.0	15.1282
11/24/2017 18:55:30	55.0	54.0	14.653
11/24/2017 18:55:41	55.0	55.0	13.1443
11/24/2017 18:55:52	56.0	56.0	15.7216
11/24/2017 18:56:03	56.0	55.0	14.3223
11/24/2017 18:56:14	54.0	54.0	15.6962
11/24/2017 18:56:25	52.0	53.0	16.9192
11/24/2017 18:56:36	51.0	51.0	18.75
11/24/2017 18:56:47	50.0	49.0	20.8738
11/24/2017 18:56:58	49.0	48.0	21.3592
11/24/2017 18:57:09	48.0	48.0	21.9277
11/24/2017 18:57:20	47.0	47.0	21.9807
11/24/2017 18:57:31	48.0	47.0	21.8447
11/24/2017 18:57:43	50.0	50.0	19.1176
11/24/2017 18:57:54	51.0	51.0	19.0709
11/24/2017 18:58:05	52.0	53.0	17.8218
11/24/2017 18:58:16	52.0	53.0	17.9361
11/24/2017 18:58:27	54.0	53.0	18.0488
11/24/2017 18:58:38	55.0	54.0	19.6126
11/24/2017 18:58:49	55.0	55.0	17.0792
11/24/2017 18:59:00	56.0	55.0	16.9576
11/24/2017 18:59:11	56.0	56.0	18.7805
11/24/2017 18:59:22	54.0	54.0	22.0379
11/24/2017 18:59:33	52.0	52.0	24.7086
11/24/2017 18:59:44	51.0	50.0	24.2424
11/24/2017 18:59:55	49.0	49.0	24.7685
11/24/2017 19:00:06	48.0	48.0	25.058
11/24/2017 19:00:17	48.0	47.0	25.1732
11/24/2017 19:00:28	47.0	47.0	25.0575
11/24/2017 19:00:39	49.0	48.0	25.463
11/24/2017 19:00:50	50.0	50.0	22.9508
11/24/2017 19:01:01	51.0	51.0	22.1963
11/24/2017 19:01:12	52.0	52.0	22.7907
11/24/2017 19:01:23	54.0	53.0	23.1481
11/24/2017 19:01:34	55.0	54.0	22.4299
11/24/2017 19:01:45	55.0	55.0	20.9026
11/24/2017 19:01:56	56.0	55.0	22.2738
11/24/2017 19:02:07	56.0	56.0	22.7907
11/24/2017 19:02:18	56.0	55.0	23.7443
11/24/2017 19:02:29	53.0	53.0	25.2315
11/24/2017 19:02:40	51.0	51.0	26.1468
11/24/2017 19:02:51	50.0	50.0	24.5902
11/24/2017 19:03:03	49.0	49.0	23.9535
11/24/2017 19:03:14	48.0	48.0	25.7541
11/24/2017 19:03:25	47.0	47.0	25.3488
11/24/2017 19:03:36	48.0	48.0	23.7762
11/24/2017 19:03:47	50.0	50.0	23.5566
11/24/2017 19:03:58	51.0	51.0	22.7378
11/24/2017 19:04:09	52.0	52.0	23.7327
11/24/2017 19:04:20	54.0	53.0	22.9167
11/24/2017 19:04:31	54.0	54.0	24.0275
11/24/2017 19:04:42	55.0	54.0	22.77
11/24/2017 19:04:53	56.0	55.0	24.1458
11/24/2017 19:05:04	56.0	56.0	23.6782
11/24/2017 19:05:15	56.0	55.0	23.9631
11/24/2017 19:05:26	53.0	53.0	22.77
11/24/2017 19:05:37	51.0	51.0	22.8916
11/24/2017 19:05:48	50.0	50.0	21.7391
11/24/2017 19:05:59	49.0	48.0	21.6216
11/24/2017 19:06:10	48.0	47.0	21.8137
11/24/2017 19:06:21	49.0	48.0	21.4634
11/24/2017 19:06:32	47.0	47.0	19.4514
11/24/2017 19:06:43	49.0	48.0	19.603
11/24/2017 19:06:54	50.0	50.0	20.7229
11/24/2017 19:07:05	51.0	51.0	19.3705
11/24/2017 19:07:16	53.0	52.0	20.6731
11/24/2017 19:07:27	53.0	53.0	19.8547
11/24/2017 19:07:38	54.0	54.0	20
11/24/2017 19:07:49	55.0	55.0	20.0969
11/24/2017 19:08:00	56.0	55.0	21.1905
11/24/2017 19:08:11	56.0	55.0	19.5181
11/24/2017 19:08:22	55.0	55.0	19.3154
11/24/2017 19:08:34	53.0	53.0	18.3374
11/24/2017 19:08:45	51.0	51.0	19.3548
11/24/2017 19:08:56	50.0	49.0	21.1679
11/24/2017 19:09:07	48.0	48.0	18.5464
11/24/2017 19:09:18	48.0	48.0	19.403
11/24/2017 19:09:29	47.0	47.0	19.4581
11/24/2017 19:09:40	48.0	47.0	20.2439
11/24/2017 19:09:51	49.0	48.0	21.4976
11/24/2017 19:10:02	50.0	50.0	18.3168
11/24/2017 19:10:13	51.0	51.0	17.0792
11/24/2017 19:10:24	52.0	52.0	17.8218
11/24/2017 19:10:35	53.0	53.0	16.8734
11/24/2017 19:10:46	54.0	53.0	18.1373
11/24/2017 19:10:57	55.0	55.0	18.6104
11/24/2017 19:11:08	56.0	55.0	16.7901
11/24/2017 19:11:19	56.0	55.0	17.2414
11/24/2017 19:11:30	56.0	55.0	18.6275
11/24/2017 19:11:41	53.0	53.0	18.2266
11/24/2017 19:11:52	51.0	51.0	20.8232
11/24/2017 19:12:03	50.0	50.0	21.0784
11/24/2017 19:12:14	49.0	49.0	18.8586
11/24/2017 19:12:25	48.0	47.0	18.6732
11/24/2017 19:12:36	47.0	47.0	18.6567
11/24/2017 19:12:47	47.0	46.0	19.3548
11/24/2017 19:12:58	48.0	48.0	21.9277
11/24/2017 19:13:09	49.0	48.0	19.1283
11/24/2017 19:13:20	51.0	51.0	19.6126
11/24/2017 19:13:31	52.0	51.0	20.2934
11/24/2017 19:13:42	53.0	53.0	17.8049
11/24/2017 19:13:54	54.0	53.0	17.3267
11/24/2017 19:14:05	54.0	54.0	18.9189
11/24/2017 19:14:16	55.0	54.0	18.1373
11/24/2017 19:14:27	55.0	55.0	17.8049
11/24/2017 19:14:38	56.0	55.0	19.2683
11/24/2017 19:14:49	53.0	53.0	16.8734
11/24/2017 19:15:00	51.0	51.0	18.8586
11/24/2017 19:15:11	50.0	50.0	18.6104
11/24/2017 19:15:22	49.0	48.0	17.8392
11/24/2017 19:15:33	48.0	48.0	20.7824
11/24/2017 19:15:44	47.0	47.0	17.6322
11/24/2017 19:15:55	48.0	48.0	18.25
11/24/2017 19:16:06	50.0	50.0	17.0426
11/24/2017 19:16:17	50.0	51.0	19.202
11/24/2017 19:16:28	52.0	52.0	16.25
11/24/2017 19:16:39	53.0	53.0	16.4141
11/24/2017 19:16:50	54.0	53.0	15.6566
11/24/2017 19:17:01	55.0	54.0	18.4539
11/24/2017 19:17:12	55.0	55.0	16.3317
11/24/2017 19:17:23	56.0	56.0	17.3267
11/24/2017 19:17:34	57.0	56.0	15.1515
11/24/2017 19:17:45	55.0	54.0	16.1616
11/24/2017 19:17:56	52.0	53.0	15.1282
11/24/2017 19:18:07	51.0	51.0	16.3265
11/24/2017 19:18:18	50.0	50.0	17.3028
11/24/2017 19:18:29	49.0	48.0	15.6812
11/24/2017 19:18:40	48.0	48.0	15.3247
11/24/2017 19:18:51	48.0	46.0	14.8825
11/24/2017 19:19:02	47.0	47.0	15.285
11/24/2017 19:19:14	49.0	48.0	16.1538
11/24/2017 19:19:25	51.0	50.0	16.4524
11/24/2017 19:19:36	51.0	51.0	13.6247
11/24/2017 19:19:47	52.0	52.0	13.9535
11/24/2017 19:19:58	53.0	53.0	12.7937
11/24/2017 19:20:09	54.0	54.0	12.987
11/24/2017 19:20:20	55.0	54.0	13.2812
11/24/2017 19:20:31	55.0	56.0	12.6943
11/24/2017 19:20:42	56.0	55.0	12.2396
11/24/2017 19:20:53	56.0	56.0	13.577
11/24/2017 19:21:04	53.0	54.0	12.7937
11/24/2017 19:21:15	51.0	51.0	14.7368
11/24/2017 19:21:26	50.0	50.0	13.6842
11/24/2017 19:21:37	49.0	48.0	13.9474
11/24/2017 19:21:48	49.0	48.0	14.5119
11/24/2017 19:21:59	47.0	47.0	14.1732
11/24/2017 19:22:10	47.0	47.0	14.2105
11/24/2017 19:22:21	49.0	49.0	13.3159
11/24/2017 19:22:32	51.0	50.0	11.8421
11/24/2017 19:22:43	52.0	52.0	11.5789
11/24/2017 19:22:54	53.0	53.0	13.089
11/24/2017 19:23:05	54.0	53.0	12.3037
11/24/2017 19:23:16	54.0	54.0	12.7604
11/24/2017 19:23:27	55.0	55.0	12.6316
11/24/2017 19:23:38	55.0	55.0	13.3858
11/24/2017 19:23:49	56.0	56.0	11.7801
11/24/2017 19:24:00	54.0	54.0	12.8272
11/24/2017 19:24:11	53.0	52.0	12.336
11/24/2017 19:24:22	51.0	50.0	13.4565
11/24/2017 19:24:34	50.0	50.0	14.7368
11/24/2017 19:24:45	50.0	50.0	14.3603
11/24/2017 19:24:56	48.0	47.0	14.2857
11/24/2017 19:25:07	47.0	47.0	12.3037
11/24/2017 19:25:18	49.0	48.0	13.7566
11/24/2017 19:25:29	50.0	50.0	16.0526
11/24/2017 19:25:40	52.0	52.0	12.5984
11/24/2017 19:25:51	52.0	52.0	11.7801
11/24/2017 19:26:02	53.0	53.0	12.8272
11/24/2017 19:26:13	54.0	54.0	11.811
11/24/2017 19:26:24	54.0	54.0	13.089
11/24/2017 19:26:35	55.0	54.0	13.3159
11/24/2017 19:26:46	56.0	55.0	13.577
11/24/2017 19:26:57	56.0	56.0	11.8421
11/24/2017 19:27:08	57.0	56.0	12.8609
11/24/2017 19:27:19	55.0	54.0	12.3037
11/24/2017 19:27:30	52.0	52.0	13.8743
11/24/2017 19:27:41	50.0	51.0	12.963
11/24/2017 19:27:52	49.0	49.0	13.6483
11/24/2017 19:28:03	48.0	48.0	14.0212
11/24/2017 19:28:14	48.0	47.0	13.1234
11/24/2017 19:28:25	48.0	47.0	15.2632
11/24/2017 19:28:36	49.0	50.0	14.6597
11/24/2017 19:28:47	51.0	51.0	12.3684
11/24/2017 19:28:58	51.0	53.0	12.5
11/24/2017 19:29:09	53.0	53.0	12.6316
11/24/2017 19:29:20	54.0	54.0	12.3037
11/24/2017 19:29:31	54.0	54.0	13.1234
11/24/2017 19:29:42	55.0	55.0	12.5
11/24/2017 19:29:53	56.0	55.0	12.5984
11/24/2017 19:30:04	56.0	55.0	12.3684
11/24/2017 19:30:16	55.0	55.0	12.336
11/24/2017 19:30:27	53.0	53.0	11.8421
11/24/2017 19:30:38	51.0	51.0	14.2105
11/24/2017 19:30:49	50.0	50.0	13.9474
11/24/2017 19:31:00	49.0	48.0	13.2275
11/24/2017 19:31:11	48.0	47.0	14.248
11/24/2017 19:31:22	48.0	47.0	13.2275
11/24/2017 19:31:33	49.0	48.0	13.5279
11/24/2017 19:31:44	50.0	50.0	11.6711
11/24/2017 19:31:55	51.0	52.0	12.8272
11/24/2017 19:32:06	52.0	52.0	12.3037
11/24/2017 19:32:17	53.0	53.0	12.336
11/24/2017 19:32:28	54.0	54.0	12.0735
11/24/2017 19:32:39	55.0	55.0	12.3684
11/24/2017 19:32:50	55.0	54.0	11.7801
11/24/2017 19:33:01	56.0	56.0	12.5
11/24/2017 19:33:12	56.0	56.0	12.1053
11/24/2017 19:33:23	55.0	55.0	12.0735
11/24/2017 19:33:34	52.0	53.0	11.811
11/24/2017 19:33:45	51.0	51.0	13.7566
11/24/2017 19:33:56	50.0	50.0	14.1732
11/24/2017 19:34:07	49.0	48.0	13.1234
11/24/2017 19:34:18	48.0	48.0	14.7368
11/24/2017 19:34:29	48.0	47.0	12.766
11/24/2017 19:34:40	49.0	49.0	13.9474
11/24/2017 19:34:51	50.0	50.0	12.5984
11/24/2017 19:35:02	51.0	51.0	12.5984
11/24/2017 19:35:13	52.0	53.0	12.8272
11/24/2017 19:35:24	53.0	53.0	11.3757
11/24/2017 19:35:36	54.0	53.0	11.8421
11/24/2017 19:35:47	55.0	54.0	13.0548
11/24/2017 19:35:58	55.0	56.0	11.7801
11/24/2017 19:36:09	56.0	55.0	12.5326
11/24/2017 19:36:20	56.0	56.0	11.5486
11/24/2017 19:36:31	57.0	56.0	12.3684
11/24/2017 19:36:42	54.0	54.0	12.2715
11/24/2017 19:36:53	52.0	53.0	13.3508
11/24/2017 19:37:04	50.0	51.0	12.9973
11/24/2017 19:37:15	49.0	49.0	14.0212
11/24/2017 19:37:26	49.0	49.0	14.5119
11/24/2017 19:37:37	47.0	48.0	13.1926
11/24/2017 19:37:48	48.0	48.0	14.7368
11/24/2017 19:37:59	50.0	50.0	12.5984
11/24/2017 19:38:10	51.0	51.0	12.5654
11/24/2017 19:38:21	52.0	53.0	13.3159
11/24/2017 19:38:32	53.0	53.0	14.0625
11/24/2017 19:38:43	54.0	54.0	13.3508
11/24/2017 19:38:54	55.0	54.0	12.3684
11/24/2017 19:39:05	55.0	55.0	12.5326
11/24/2017 19:39:16	55.0	55.0	12.0735
11/24/2017 19:39:27	55.0	56.0	12.8272
11/24/2017 19:39:38	56.0	56.0	12.1053
11/24/2017 19:39:49	54.0	54.0	11.8421
11/24/2017 19:40:00	52.0	52.0	13.6483
11/24/2017 19:40:11	51.0	51.0	14.5119
11/24/2017 19:40:22	49.0	49.0	12.8
11/24/2017 19:40:33	48.0	49.0	13.4921
11/24/2017 19:40:44	48.0	48.0	13.9108
11/24/2017 19:40:55	47.0	47.0	14.5503
11/24/2017 19:41:07	49.0	49.0	13.7203
11/24/2017 19:41:18	50.0	50.0	13.6483
11/24/2017 19:41:29	52.0	52.0	12.5654
11/24/2017 19:41:40	52.0	53.0	12.8272
11/24/2017 19:41:51	52.0	54.0	12.3037
11/24/2017 19:42:02	54.0	54.0	12.5984
11/24/2017 19:42:13	55.0	55.0	13.3508
11/24/2017 19:42:24	55.0	55.0	12.0419
11/24/2017 19:42:35	55.0	55.0	12.5326
11/24/2017 19:42:46	56.0	56.0	12.5326
11/24/2017 19:42:57	54.0	54.0	11.811
11/24/2017 19:43:08	52.0	52.0	13.6842
11/24/2017 19:43:19	50.0	51.0	14.0212
11/24/2017 19:43:30	49.0	49.0	16.095
11/24/2017 19:43:41	50.0	50.0	14.2105
11/24/2017 19:43:52	48.0	47.0	12.963
11/24/2017 19:44:03	47.0	47.0	13.9108
11/24/2017 19:44:14	49.0	49.0	12.8947
11/24/2017 19:44:25	51.0	51.0	12.336
11/24/2017 19:44:36	52.0	52.0	12.6316
11/24/2017 19:44:47	52.0	53.0	12.3037
11/24/2017 19:44:58	53.0	53.0	11.811
11/24/2017 19:45:09	54.0	54.0	13.3159
11/24/2017 19:45:20	55.0	54.0	11.811
11/24/2017 19:45:31	55.0	55.0	12.5326
11/24/2017 19:45:42	56.0	56.0	12.7604
11/24/2017 19:45:53	56.0	56.0	12.5
11/24/2017 19:46:04	56.0	56.0	12.336
11/24/2017 19:46:15	53.0	54.0	12.336
11/24/2017 19:46:26	51.0	51.0	13.4211
11/24/2017 19:46:38	50.0	50.0	13.4565
11/24/2017 19:46:49	49.0	49.0	13.4921
11/24/2017 19:47:00	48.0	48.0	14.1361
11/24/2017 19:47:11	47.0	47.0	14.5119
11/24/2017 19:47:22	48.0	48.0	13.1926
11/24/2017 19:47:33	49.0	50.0	12.8272
11/24/2017 19:47:44	51.0	51.0	12.4011
11/24/2017 19:47:55	51.0	52.0	12.3037
11/24/2017 19:48:06	52.0	52.0	12.0735
11/24/2017 19:48:17	53.0	54.0	12.5984
11/24/2017 19:48:28	54.0	54.0	11.7801
11/24/2017 19:48:39	55.0	55.0	12.7604
11/24/2017 19:48:50	56.0	56.0	13.6126
11/24/2017 19:49:01	56.0	56.0	12.5
11/24/2017 19:49:12	55.0	56.0	12.8272
11/24/2017 19:49:23	53.0	53.0	12.8272
11/24/2017 19:49:34	51.0	51.0	12.963
11/24/2017 19:49:45	50.0	50.0	14.6597
11/24/2017 19:49:56	49.0	49.0	13.2275
11/24/2017 19:50:07	48.0	47.0	12.1053
11/24/2017 19:50:18	48.0	47.0	14.4737
11/24/2017 19:50:29	48.0	48.0	13.6483
11/24/2017 19:50:40	50.0	50.0	12.8272
11/24/2017 19:50:51	51.0	51.0	14.5119
11/24/2017 19:51:02	51.0	52.0	12.1053
11/24/2017 19:51:13	53.0	53.0	11.5789
11/24/2017 19:51:24	54.0	53.0	13.0208
11/24/2017 19:51:35	55.0	54.0	12.5
11/24/2017 19:51:46	55.0	54.0	13.2468
11/24/2017 19:51:57	55.0	56.0	12.5984
11/24/2017 19:52:09	57.0	55.0	12.0419
11/24/2017 19:52:20	55.0	54.0	11.8421
11/24/2017 19:52:31	52.0	52.0	12.4011
11/24/2017 19:52:42	51.0	51.0	12.9288
11/24/2017 19:52:53	49.0	49.0	14.7368
11/24/2017 19:53:04	49.0	48.0	13.089
11/24/2017 19:53:15	48.0	48.0	12.5326
11/24/2017 19:53:26	47.0	47.0	16.0105
11/24/2017 19:53:37	48.0	49.0	14.0212
11/24/2017 19:53:48	50.0	51.0	13.089
11/24/2017 19:53:59	51.0	51.0	11.8421
11/24/2017 19:54:10	52.0	52.0	12.0735
11/24/2017 19:54:21	53.0	53.0	12.5326
11/24/2017 19:54:32	54.0	54.0	11.811
11/24/2017 19:54:43	54.0	54.0	12.0735
11/24/2017 19:54:54	55.0	54.0	12.5326
11/24/2017 19:55:05	55.0	56.0	12.7273
11/24/2017 19:55:16	56.0	56.0	12.1053
11/24/2017 19:55:27	53.0	53.0	13.6126
11/24/2017 19:55:38	51.0	51.0	13.2626
11/24/2017 19:55:49	50.0	50.0	14.6982
11/24/2017 19:56:00	49.0	48.0	14.9215
11/24/2017 19:56:11	47.0	48.0	13.7203
11/24/2017 19:56:22	48.0	47.0	13.9108
11/24/2017 19:56:33	47.0	48.0	14.9215
11/24/2017 19:56:44	49.0	50.0	13.4211
11/24/2017 19:56:55	50.0	50.0	12.5326
11/24/2017 19:57:06	51.0	51.0	12.5
11/24/2017 19:57:17	53.0	53.0	11.1111
11/24/2017 19:57:29	53.0	53.0	12.5
11/24/2017 19:57:40	54.0	54.0	12.2396
11/24/2017 19:57:51	55.0	54.0	12.5984
11/24/2017 19:58:02	55.0	54.0	13.0548
11/24/2017 19:58:13	56.0	55.0	11.811
11/24/2017 19:58:24	54.0	54.0	12.9534
11/24/2017 19:58:35	52.0	52.0	12.1372
11/24/2017 19:58:46	50.0	51.0	13.6842
11/24/2017 19:58:57	49.0	49.0	13.6483
11/24/2017 19:59:08	48.0	48.0	15.0396
11/24/2017 19:59:19	47.0	47.0	15.6658
11/24/2017 19:59:30	47.0	46.0	13.6842
11/24/2017 19:59:41	48.0	47.0	14.9215
11/24/2017 19:59:52	50.0	50.0	12.3037
11/24/2017 20:00:03	51.0	51.0	13.3159
11/24/2017 20:00:14	51.0	52.0	11.3158
11/24/2017 20:00:25	53.0	53.0	12.2715
11/24/2017 20:00:36	54.0	54.0	12.8272
11/24/2017 20:00:47	54.0	54.0	11.7801
11/24/2017 20:00:58	55.0	55.0	12.8272
11/24/2017 20:01:09	56.0	55.0	12.0104
11/24/2017 20:01:20	56.0	56.0	12.0104
11/24/2017 20:01:31	54.0	54.0	12.7937
11/24/2017 20:01:42	52.0	53.0	13.4921
11/24/2017 20:01:53	50.0	51.0	13.6842
11/24/2017 20:02:04	49.0	49.0	13.1926
11/24/2017 20:02:15	48.0	48.0	14.4737
11/24/2017 20:02:26	48.0	47.0	13.3858
11/24/2017 20:02:37	47.0	46.0	13.1234
11/24/2017 20:02:49	48.0	47.0	13.9108
11/24/2017 20:03:00	50.0	50.0	12.7604
11/24/2017 20:03:11	51.0	51.0	12.5984
11/24/2017 20:03:22	52.0	51.0	11.7801
11/24/2017 20:03:33	53.0	53.0	14.026
11/24/2017 20:03:44	54.0	53.0	13.6126
11/24/2017 20:03:55	54.0	54.0	12.5654
11/24/2017 20:04:06	55.0	54.0	11.7801
11/24/2017 20:04:17	55.0	55.0	12.336
11/24/2017 20:04:28	56.0	55.0	12.2715
11/24/2017 20:04:39	55.0	54.0	12.0419
11/24/2017 20:04:50	52.0	53.0	12.8609
11/24/2017 20:05:01	50.0	51.0	13.6483
11/24/2017 20:05:12	49.0	49.0	13.3508
11/24/2017 20:05:23	49.0	48.0	14.5119
11/24/2017 20:05:34	48.0	48.0	13.4565
11/24/2017 20:05:45	48.0	47.0	12.963
11/24/2017 20:05:56	47.0	47.0	13.4565
11/24/2017 20:06:07	47.0	47.0	13.4211
11/24/2017 20:06:18	49.0	49.0	13.8743
11/24/2017 20:06:29	50.0	50.0	11.7801
11/24/2017 20:06:40	51.0	52.0	14.0992
11/24/2017 20:06:51	52.0	52.0	11.811
11/24/2017 20:07:02	53.0	53.0	12.5326
11/24/2017 20:07:13	54.0	54.0	12.0104
11/24/2017 20:07:24	55.0	54.0	11.9048
11/24/2017 20:07:35	55.0	56.0	11.7801
11/24/2017 20:07:46	55.0	56.0	12.2715
11/24/2017 20:07:57	55.0	54.0	12.3037
11/24/2017 20:08:08	51.0	52.0	11.811
11/24/2017 20:08:19	50.0	50.0	12.6649
11/24/2017 20:08:31	49.0	49.0	12.5654
11/24/2017 20:08:42	48.0	48.0	12.5984
11/24/2017 20:08:53	47.0	47.0	13.9474
11/24/2017 20:09:04	47.0	47.0	14.1732
11/24/2017 20:09:15	47.0	47.0	12.3684
11/24/2017 20:09:26	48.0	48.0	15.3034
11/24/2017 20:09:37	51.0	51.0	12.4675
11/24/2017 20:09:48	51.0	51.0	12.8272
11/24/2017 20:09:59	52.0	52.0	12.3037
11/24/2017 20:10:10	53.0	52.0	11.8421
11/24/2017 20:10:21	53.0	54.0	11.9792
11/24/2017 20:10:32	54.0	54.0	12.7937
11/24/2017 20:10:43	55.0	55.0	11.5486
11/24/2017 20:10:54	55.0	55.0	12.0104
11/24/2017 20:11:05	56.0	56.0	14.0992
11/24/2017 20:11:16	54.0	54.0	12.336
11/24/2017 20:11:27	53.0	52.0	13.7203
11/24/2017 20:11:38	51.0	51.0	14.0212
11/24/2017 20:11:49	49.0	49.0	13.4565
11/24/2017 20:12:00	48.0	48.0	14.1732
11/24/2017 20:12:11	48.0	47.0	13.1579
11/24/2017 20:12:22	47.0	47.0	13.6483
11/24/2017 20:12:33	48.0	48.0	14.6597
11/24/2017 20:12:44	50.0	50.0	12.0419
11/24/2017 20:12:55	51.0	51.0	12.3037
11/24/2017 20:13:06	52.0	52.0	12.3037
11/24/2017 20:13:17	53.0	53.0	12.2715
11/24/2017 20:13:28	54.0	54.0	13.8021
11/24/2017 20:13:39	54.0	55.0	12.5984
11/24/2017 20:13:51	55.0	54.0	11.5789
11/24/2017 20:14:02	56.0	55.0	12.2715
11/24/2017 20:14:13	56.0	56.0	12.2715
11/24/2017 20:14:24	54.0	53.0	12.7604
11/24/2017 20:14:35	51.0	51.0	14.3979
11/24/2017 20:14:46	50.0	50.0	14.4357
11/24/2017 20:14:57	49.0	49.0	14.1361
11/24/2017 20:15:08	48.0	48.0	14.4357
11/24/2017 20:15:19	48.0	47.0	13.4565
11/24/2017 20:15:30	48.0	47.0	12.3684
11/24/2017 20:15:41	50.0	50.0	13.1234
11/24/2017 20:15:52	50.0	51.0	13.5417
11/24/2017 20:16:03	52.0	52.0	13.577
11/24/2017 20:16:14	53.0	54.0	11.7801
11/24/2017 20:16:25	54.0	54.0	12.0735
11/24/2017 20:16:36	54.0	54.0	11.5789
11/24/2017 20:16:47	55.0	55.0	11.3158
11/24/2017 20:16:58	56.0	56.0	11.7801
11/24/2017 20:17:09	56.0	56.0	13.9896
11/24/2017 20:17:20	53.0	53.0	11.5789
11/24/2017 20:17:31	51.0	51.0	13.9108
11/24/2017 20:17:42	50.0	50.0	13.1234
11/24/2017 20:17:53	49.0	49.0	12.5
11/24/2017 20:18:04	48.0	48.0	13.3858
11/24/2017 20:18:15	47.0	48.0	13.9842
11/24/2017 20:18:26	47.0	47.0	13.9108
11/24/2017 20:18:37	48.0	48.0	13.4565
11/24/2017 20:18:48	49.0	50.0	12.8272
11/24/2017 20:18:59	51.0	51.0	12.336
11/24/2017 20:19:11	52.0	53.0	11.8421
11/24/2017 20:19:22	53.0	54.0	12.0735
11/24/2017 20:19:33	54.0	54.0	12.0419
11/24/2017 20:19:44	55.0	55.0	12.0419
11/24/2017 20:19:55	56.0	55.0	11.7801
11/24/2017 20:20:06	57.0	56.0	11.7493
11/24/2017 20:20:17	54.0	54.0	12.5654
11/24/2017 20:20:28	51.0	52.0	11.6095
11/24/2017 20:20:39	50.0	50.0	14.3979
11/24/2017 20:20:50	49.0	49.0	13.6126
11/24/2017 20:21:01	48.0	48.0	13.9474
11/24/2017 20:21:12	48.0	48.0	12.6316
11/24/2017 20:21:23	47.0	47.0	15.445
11/24/2017 20:21:34	46.0	47.0	13.4211
11/24/2017 20:21:45	48.0	48.0	13.089
11/24/2017 20:21:56	50.0	50.0	12.8272
11/24/2017 20:22:07	51.0	51.0	12.0104
11/24/2017 20:22:18	51.0	52.0	12.0735
11/24/2017 20:22:29	53.0	53.0	11.7801
11/24/2017 20:22:40	54.0	54.0	11.811
11/24/2017 20:22:51	55.0	55.0	12.5326
11/24/2017 20:23:02	56.0	55.0	12.0104
11/24/2017 20:23:13	56.0	56.0	11.7801
11/24/2017 20:23:24	55.0	54.0	12.5326
11/24/2017 20:23:35	53.0	52.0	12.2715
11/24/2017 20:23:46	50.0	51.0	13.6483
11/24/2017 20:23:57	50.0	50.0	14.0212
11/24/2017 20:24:08	48.0	48.0	13.1926
11/24/2017 20:24:19	49.0	48.0	12.8609
11/24/2017 20:24:30	47.0	46.0	14.5119
11/24/2017 20:24:42	47.0	47.0	13.6483
11/24/2017 20:24:53	47.0	47.0	13.089
11/24/2017 20:25:04	48.0	49.0	15.1832
11/24/2017 20:25:15	50.0	51.0	11.3158
11/24/2017 20:25:26	51.0	52.0	13.3508
11/24/2017 20:25:37	52.0	53.0	12.5
11/24/2017 20:25:48	53.0	54.0	12.0104
11/24/2017 20:25:59	54.0	54.0	14.3229
11/24/2017 20:26:10	55.0	55.0	14.2857
11/24/2017 20:26:21	55.0	55.0	11.7801
11/24/2017 20:26:32	56.0	56.0	12.3684
11/24/2017 20:26:43	53.0	54.0	12.5326
11/24/2017 20:26:54	51.0	51.0	12.8947
11/24/2017 20:27:05	50.0	51.0	14.6597
11/24/2017 20:27:16	49.0	49.0	13.9474
11/24/2017 20:27:27	48.0	48.0	13.8743
11/24/2017 20:27:38	47.0	48.0	13.7203
11/24/2017 20:27:49	47.0	48.0	12.8947
11/24/2017 20:28:00	49.0	49.0	12.2715
11/24/2017 20:28:11	50.0	51.0	12.336
11/24/2017 20:28:22	51.0	53.0	12.5326
11/24/2017 20:28:33	52.0	53.0	13.2812
11/24/2017 20:28:44	53.0	54.0	11.7801
11/24/2017 20:28:55	55.0	54.0	12.5
11/24/2017 20:29:06	55.0	55.0	13.6483
11/24/2017 20:29:17	56.0	56.0	12.0419
11/24/2017 20:29:28	56.0	56.0	12.0419
11/24/2017 20:29:39	53.0	53.0	12.4011
11/24/2017 20:29:50	51.0	51.0	13.1234
11/24/2017 20:30:02	50.0	50.0	13.7203
11/24/2017 20:30:13	49.0	49.0	12.7321
11/24/2017 20:30:24	48.0	48.0	13.1234
11/24/2017 20:30:35	46.0	47.0	13.3858
11/24/2017 20:30:46	48.0	47.0	13.9842
11/24/2017 20:30:57	49.0	49.0	12.8272
11/24/2017 20:31:08	50.0	50.0	12.336
11/24/2017 20:31:19	51.0	51.0	12.4352
11/24/2017 20:31:30	53.0	53.0	12.0735
11/24/2017 20:31:41	54.0	54.0	13.0208
11/24/2017 20:31:52	55.0	54.0	13.8021
11/24/2017 20:32:03	55.0	54.0	12.2715
11/24/2017 20:32:14	55.0	55.0	12.0419
11/24/2017 20:32:25	57.0	56.0	12.7273
11/24/2017 20:32:36	55.0	54.0	12.3037
11/24/2017 20:32:47	52.0	53.0	13.8021
11/24/2017 20:32:58	51.0	50.0	11.8421
11/24/2017 20:33:09	49.0	50.0	13.4565
11/24/2017 20:33:20	49.0	48.0	13.1579
11/24/2017 20:33:31	47.0	47.0	14.3603
11/24/2017 20:33:42	47.0	47.0	13.4565
11/24/2017 20:33:53	49.0	49.0	11.5789
11/24/2017 20:34:04	50.0	51.0	12.7604
11/24/2017 20:34:15	51.0	52.0	13.0548
11/24/2017 20:34:26	53.0	53.0	11.811
11/24/2017 20:34:37	53.0	53.0	11.811
11/24/2017 20:34:48	55.0	54.0	13.2812
11/24/2017 20:34:59	55.0	55.0	11.9792
11/24/2017 20:35:10	55.0	55.0	11.4883
11/24/2017 20:35:21	56.0	56.0	11.3456
11/24/2017 20:35:33	57.0	56.0	12.0735
11/24/2017 20:35:44	54.0	54.0	11.5789
11/24/2017 20:35:55	51.0	52.0	13.4565
11/24/2017 20:36:06	51.0	51.0	14.0625
11/24/2017 20:36:17	49.0	49.0	14.3979
11/24/2017 20:36:28	49.0	48.0	14.2105
11/24/2017 20:36:39	48.0	47.0	12.5984
11/24/2017 20:36:50	49.0	49.0	13.4921
11/24/2017 20:37:01	50.0	50.0	12.3037
11/24/2017 20:37:12	51.0	51.0	12.7273
11/24/2017 20:37:23	53.0	52.0	12.5984
11/24/2017 20:37:34	53.0	53.0	12.5326
11/24/2017 20:37:45	54.0	54.0	11.811
11/24/2017 20:37:56	55.0	54.0	12.5984
11/24/2017 20:38:07	56.0	54.0	11.4883
11/24/2017 20:38:18	56.0	56.0	11.7801
11/24/2017 20:38:29	56.0	56.0	13.089
11/24/2017 20:38:40	55.0	54.0	12.2715
11/24/2017 20:38:51	52.0	52.0	13.089
11/24/2017 20:39:02	50.0	51.0	13.1234
11/24/2017 20:39:13	49.0	50.0	15.4856
11/24/2017 20:39:24	49.0	48.0	12.9288
11/24/2017 20:39:35	47.0	47.0	12.1053
11/24/2017 20:39:46	47.0	47.0	14.1361
11/24/2017 20:39:57	48.0	48.0	12.9288
11/24/2017 20:40:08	49.0	50.0	12.8272
11/24/2017 20:40:19	51.0	51.0	12.8272
11/24/2017 20:40:30	52.0	51.0	12.7937
11/24/2017 20:40:41	52.0	53.0	13.5417
11/24/2017 20:40:52	54.0	53.0	14.0625
11/24/2017 20:41:04	55.0	54.0	14.3603
11/24/2017 20:41:15	55.0	54.0	12.2396
11/24/2017 20:41:26	56.0	55.0	11.9792
11/24/2017 20:41:37	57.0	56.0	13.5417
11/24/2017 20:41:48	56.0	55.0	12.0735
11/24/2017 20:41:59	53.0	53.0	12.0735
11/24/2017 20:42:10	51.0	51.0	14.1361
11/24/2017 20:42:21	50.0	50.0	14.2105
11/24/2017 20:42:32	50.0	49.0	13.4211
11/24/2017 20:42:43	48.0	48.0	13.8743
11/24/2017 20:42:54	47.0	47.0	13.3858
11/24/2017 20:43:05	48.0	47.0	15.2231
11/24/2017 20:43:16	49.0	49.0	18.3246
11/24/2017 20:43:27	51.0	51.0	16.6667
11/24/2017 20:43:38	52.0	53.0	18.2292
11/24/2017 20:43:49	54.0	54.0	16.6667
11/24/2017 20:44:00	55.0	54.0	17.4479
11/24/2017 20:44:11	55.0	55.0	15.6658
11/24/2017 20:44:22	56.0	56.0	17.7083
11/24/2017 20:44:33	57.0	57.0	15.1042
11/24/2017 20:44:44	55.0	55.0	17.7083
11/24/2017 20:44:55	52.0	53.0	16.7102
11/24/2017 20:45:06	51.0	51.0	17.7083
11/24/2017 20:45:17	50.0	51.0	18.6047
11/24/2017 20:45:28	49.0	50.0	16.2304
11/24/2017 20:45:39	49.0	50.0	16.4921
11/24/2017 20:45:50	49.0	49.0	16.6667
11/24/2017 20:46:01	48.0	48.0	16.7102
11/24/2017 20:46:13	48.0	48.0	17.4377
11/24/2017 20:46:24	49.0	48.0	16.0105
11/24/2017 20:46:35	48.0	48.0	19.4301
11/24/2017 20:46:46	48.0	47.0	17.0543
11/24/2017 20:46:57	49.0	48.0	19.5822
11/24/2017 20:47:08	52.0	51.0	17.4479
11/24/2017 20:47:19	52.0	51.0	18.6528
11/24/2017 20:47:30	53.0	53.0	16.0105
11/24/2017 20:47:41	54.0	54.0	15.9686
11/24/2017 20:47:52	55.0	55.0	16.3636
11/24/2017 20:48:03	57.0	55.0	15.625
11/24/2017 20:48:14	57.0	55.0	16.4491
11/24/2017 20:48:25	54.0	53.0	17.7546
11/24/2017 20:48:36	53.0	52.0	19.2208
11/24/2017 20:48:47	51.0	51.0	16.6667
11/24/2017 20:48:58	50.0	50.0	16.1458
11/24/2017 20:49:09	50.0	50.0	16.6667
11/24/2017 20:49:20	49.0	48.0	17.0604
11/24/2017 20:49:31	49.0	48.0	17.2324
11/24/2017 20:49:42	48.0	47.0	16.4062
11/24/2017 20:49:53	48.0	48.0	16.8394
11/24/2017 20:50:04	48.0	47.0	18.3246
11/24/2017 20:50:15	48.0	46.0	17.1429
11/24/2017 20:50:26	48.0	47.0	17.3127
11/24/2017 20:50:37	50.0	50.0	18.0628
11/24/2017 20:50:48	52.0	53.0	18.6842
11/24/2017 20:51:00	53.0	53.0	17.9688
11/24/2017 20:51:11	55.0	55.0	17.1875
11/24/2017 20:51:22	55.0	55.0	16.1458
11/24/2017 20:51:33	56.0	56.0	15.748
11/24/2017 20:51:44	57.0	56.0	15.8442
11/24/2017 20:51:55	55.0	54.0	18.961
11/24/2017 20:52:06	53.0	52.0	18.3246
11/24/2017 20:52:17	52.0	51.0	14.0992
11/24/2017 20:52:28	51.0	51.0	16.7959
11/24/2017 20:52:39	49.0	50.0	15.8854
11/24/2017 20:52:50	49.0	50.0	14.8052
11/24/2017 20:53:01	50.0	49.0	17.1429
11/24/2017 20:53:12	49.0	48.0	18.4896
11/24/2017 20:53:23	48.0	48.0	15.625
11/24/2017 20:53:34	49.0	48.0	16.188
11/24/2017 20:53:45	48.0	47.0	16.1458
11/24/2017 20:53:56	48.0	47.0	18.5864
11/24/2017 20:54:07	48.0	47.0	16.5354
11/24/2017 20:54:18	49.0	48.0	17.3228
11/24/2017 20:54:29	47.0	47.0	15.625
11/24/2017 20:54:40	48.0	47.0	16.0622
11/24/2017 20:54:51	50.0	50.0	19.7403
11/24/2017 20:55:02	52.0	51.0	17.4026
11/24/2017 20:55:13	53.0	53.0	16.2304
11/24/2017 20:55:24	54.0	53.0	15.1042
11/24/2017 20:55:35	55.0	54.0	14.8052
11/24/2017 20:55:46	57.0	56.0	16.7102
11/24/2017 20:55:57	56.0	56.0	19.2802
11/24/2017 20:56:08	56.0	54.0	18.1579
11/24/2017 20:56:19	53.0	53.0	20.8877
11/24/2017 20:56:30	53.0	53.0	16.2304
11/24/2017 20:56:41	51.0	51.0	17.0543
11/24/2017 20:56:52	50.0	50.0	17.4026
11/24/2017 20:57:03	50.0	49.0	18.7013
11/24/2017 20:57:14	51.0	49.0	19.4805
11/24/2017 20:57:25	49.0	48.0	15.3646
11/24/2017 20:57:36	49.0	48.0	17.6623
11/24/2017 20:57:47	48.0	48.0	20.4663
11/24/2017 20:57:58	48.0	47.0	20
11/24/2017 20:58:09	49.0	47.0	15.9269
11/24/2017 20:58:20	48.0	47.0	17.6623
11/24/2017 20:58:32	48.0	47.0	16.1039
11/24/2017 20:58:43	48.0	47.0	16.7959
11/24/2017 20:58:54	48.0	47.0	19.0601
11/24/2017 20:59:05	50.0	50.0	16.9271
11/24/2017 20:59:16	52.0	51.0	15.8031
11/24/2017 20:59:27	53.0	53.0	16.3212
11/24/2017 20:59:38	55.0	54.0	17.1429
11/24/2017 20:59:49	55.0	54.0	16.1458
11/24/2017 21:00:00	57.0	55.0	17.4479
11/24/2017 21:00:11	55.0	55.0	17.0984
11/24/2017 21:00:22	53.0	53.0	18.2292
11/24/2017 21:00:33	52.0	52.0	16.7102
11/24/2017 21:00:44	51.0	51.0	16.9713
11/24/2017 21:00:55	50.0	51.0	18.0157
11/24/2017 21:01:06	49.0	50.0	17.9688
11/24/2017 21:01:17	50.0	50.0	16.4062
11/24/2017 21:01:28	49.0	49.0	18.2768
11/24/2017 21:01:39	48.0	48.0	17.9221
11/24/2017 21:01:50	49.0	48.0	16.5375
11/24/2017 21:02:01	48.0	48.0	14.6597
11/24/2017 21:02:12	48.0	48.0	15.9686
11/24/2017 21:02:23	48.0	48.0	16.6234
11/24/2017 21:02:34	48.0	48.0	17.4479
11/24/2017 21:02:45	49.0	49.0	18.4416
11/24/2017 21:02:56	51.0	51.0	16.1039
11/24/2017 21:03:07	53.0	52.0	17.4479
11/24/2017 21:03:18	53.0	53.0	17.6623
11/24/2017 21:03:29	55.0	54.0	20.8333
11/24/2017 21:03:40	56.0	56.0	16.1458
11/24/2017 21:03:51	57.0	56.0	17.4479
11/24/2017 21:04:02	54.0	54.0	16.6667
11/24/2017 21:04:13	54.0	53.0	18.2292
11/24/2017 21:04:24	52.0	51.0	18.1818
11/24/2017 21:04:35	51.0	51.0	16.5354
11/24/2017 21:04:46	50.0	50.0	16.3636
11/24/2017 21:04:57	50.0	49.0	17.4026
11/24/2017 21:05:08	49.0	48.0	16.6234
11/24/2017 21:05:19	49.0	48.0	14.6597
11/24/2017 21:05:30	48.0	48.0	15.4047
11/24/2017 21:05:42	49.0	48.0	17.9688
11/24/2017 21:05:53	49.0	48.0	18.3938
11/24/2017 21:06:04	48.0	47.0	15.6658
11/24/2017 21:06:15	48.0	47.0	16.8831
11/24/2017 21:06:26	48.0	47.0	18.5379
11/24/2017 21:06:37	47.0	47.0	17.1429
11/24/2017 21:06:48	48.0	48.0	17.3684
11/24/2017 21:06:59	48.0	47.0	17.1875
11/24/2017 21:07:10	47.0	47.0	18.799
11/24/2017 21:07:21	48.0	47.0	20.4663
11/24/2017 21:07:32	49.0	48.0	18.863
11/24/2017 21:07:43	51.0	51.0	18.5567
11/24/2017 21:07:54	53.0	53.0	19.5122
11/24/2017 21:08:05	54.0	54.0	17.9221
11/24/2017 21:08:16	55.0	54.0	18.1818
11/24/2017 21:08:27	54.0	54.0	12.5
11/24/2017 21:08:38	52.0	52.0	18.7013
11/24/2017 21:08:49	51.0	51.0	17.4935
11/24/2017 21:09:00	52.0	51.0	18.3246
11/24/2017 21:09:11	50.0	49.0	16.4062
11/24/2017 21:09:22	49.0	49.0	18.1347
11/24/2017 21:09:34	49.0	49.0	17.7083
11/24/2017 21:09:45	48.0	48.0	18.961
11/24/2017 21:09:56	49.0	48.0	18.2768
11/24/2017 21:10:07	48.0	48.0	13.6126
11/24/2017 21:10:18	48.0	47.0	14.3229
11/24/2017 21:10:29	48.0	46.0	14.9215
11/24/2017 21:10:40	47.0	47.0	12.8947
11/24/2017 21:10:51	48.0	48.0	13.8743
11/24/2017 21:11:02	49.0	50.0	12.7604
11/24/2017 21:11:13	51.0	51.0	13.0208
11/24/2017 21:11:24	52.0	52.0	11.7801
11/24/2017 21:11:35	53.0	53.0	12.2715
11/24/2017 21:11:46	54.0	54.0	13.3858
11/24/2017 21:11:57	55.0	55.0	13.8743
11/24/2017 21:12:08	56.0	55.0	11.0236
11/24/2017 21:12:19	56.0	55.0	12.2396
11/24/2017 21:12:30	56.0	55.0	12.5984
11/24/2017 21:12:41	53.0	53.0	12.2715
11/24/2017 21:12:52	52.0	51.0	12.8272
11/24/2017 21:13:03	50.0	50.0	16.7102
11/24/2017 21:13:14	51.0	50.0	17.1429
11/24/2017 21:13:25	49.0	49.0	18.1347
11/24/2017 21:13:36	50.0	49.0	16.1039
11/24/2017 21:13:47	49.0	49.0	15.3646
11/24/2017 21:13:58	49.0	48.0	18.5379
11/24/2017 21:14:09	49.0	48.0	17.4479
11/24/2017 21:14:20	49.0	48.0	18.0157
11/24/2017 21:14:31	49.0	48.0	19.3211
11/24/2017 21:14:42	48.0	48.0	19.0104
11/24/2017 21:14:53	48.0	48.0	16.4921
11/24/2017 21:15:04	48.0	47.0	17.1429
11/24/2017 21:15:15	48.0	48.0	18.5379
11/24/2017 21:15:26	49.0	48.0	16.1458
11/24/2017 21:15:37	49.0	48.0	16.188
11/24/2017 21:15:49	48.0	47.0	16.8831
11/24/2017 21:16:00	48.0	47.0	17.5711
11/24/2017 21:16:11	48.0	47.0	15.3646
11/24/2017 21:16:22	49.0	48.0	17.4479
11/24/2017 21:16:33	48.0	47.0	16.188
11/24/2017 21:16:44	48.0	48.0	18.3463
11/24/2017 21:16:55	48.0	47.0	16.4491
11/24/2017 21:17:06	48.0	48.0	16.0622
11/24/2017 21:17:17	48.0	47.0	17.1875
11/24/2017 21:17:28	48.0	48.0	15.544
11/24/2017 21:17:39	48.0	47.0	17.1875
11/24/2017 21:17:50	47.0	47.0	18.1579
11/24/2017 21:18:01	48.0	47.0	17.5711
11/24/2017 21:18:12	48.0	47.0	17.8295
11/24/2017 21:18:23	48.0	47.0	15.1436
11/24/2017 21:18:34	48.0	47.0	19.8454
11/24/2017 21:18:45	47.0	47.0	17.9688
11/24/2017 21:18:56	47.0	47.0	13.089
11/24/2017 21:19:07	46.0	46.0	17.2775
11/24/2017 21:19:18	49.0	47.0	16.6234
11/24/2017 21:19:29	48.0	47.0	15.3646
11/24/2017 21:19:40	48.0	47.0	16.188
11/24/2017 21:19:51	47.0	48.0	19.4805
11/24/2017 21:20:02	47.0	47.0	16.8831
11/24/2017 21:20:13	49.0	50.0	14.7668
11/24/2017 21:20:24	51.0	51.0	17.0604
11/24/2017 21:20:35	53.0	53.0	16.3212
11/24/2017 21:20:46	54.0	54.0	18.1818
11/24/2017 21:20:57	56.0	56.0	17.6623
11/24/2017 21:21:08	57.0	56.0	17.0157
11/24/2017 21:21:19	55.0	54.0	12.5326
11/24/2017 21:21:30	52.0	53.0	12.7937
11/24/2017 21:21:41	50.0	51.0	12.1053
11/24/2017 21:21:52	50.0	50.0	13.6483
11/24/2017 21:22:03	49.0	49.0	14.3603
11/24/2017 21:22:14	49.0	48.0	13.4565
11/24/2017 21:22:26	49.0	48.0	13.6126
11/24/2017 21:22:37	47.0	48.0	13.1579
11/24/2017 21:22:48	47.0	46.0	13.3858
11/24/2017 21:22:59	47.0	47.0	13.7203
11/24/2017 21:23:10	48.0	48.0	14.1361
11/24/2017 21:23:21	50.0	50.0	13.089
11/24/2017 21:23:32	51.0	51.0	13.9108
11/24/2017 21:23:43	52.0	53.0	11.7801
11/24/2017 21:23:54	53.0	53.0	12.0104
11/24/2017 21:24:05	55.0	54.0	19.4301
11/24/2017 21:24:16	55.0	56.0	18.2768
11/24/2017 21:24:27	57.0	56.0	16.9271
11/24/2017 21:24:38	55.0	54.0	19.3717
11/24/2017 21:24:49	53.0	52.0	15.9269
11/24/2017 21:25:00	52.0	52.0	16.7539
11/24/2017 21:25:11	51.0	51.0	16.5803
11/24/2017 21:25:22	51.0	51.0	17.9221
11/24/2017 21:25:33	50.0	51.0	15.8031
11/24/2017 21:25:44	50.0	50.0	15.9269
11/24/2017 21:25:55	50.0	50.0	17.1429
11/24/2017 21:26:06	50.0	49.0	16.3212
11/24/2017 21:26:17	49.0	49.0	15.8854
11/24/2017 21:26:28	49.0	48.0	19.2708
11/24/2017 21:26:39	49.0	48.0	17.4479
11/24/2017 21:26:50	48.0	48.0	17.3575
11/24/2017 21:27:01	49.0	48.0	18.2768
11/24/2017 21:27:12	48.0	48.0	17.7546
11/24/2017 21:27:23	48.0	48.0	17.1875
11/24/2017 21:27:34	48.0	48.0	18.5379
11/24/2017 21:27:45	48.0	48.0	16.6667
11/24/2017 21:27:56	48.0	47.0	17.4479
11/24/2017 21:28:07	47.0	47.0	16.1039
11/24/2017 21:28:18	48.0	48.0	16.4491
11/24/2017 21:28:29	47.0	48.0	21.039
11/24/2017 21:28:40	48.0	47.0	16.9271
11/24/2017 21:28:52	47.0	47.0	16.4491
11/24/2017 21:29:03	48.0	47.0	16.0207
11/24/2017 21:29:14	48.0	47.0	18.8482
11/24/2017 21:29:25	48.0	48.0	18.7013
11/24/2017 21:29:36	50.0	50.0	18.799
11/24/2017 21:29:47	51.0	51.0	17.6166
11/24/2017 21:29:58	53.0	53.0	15.9269
11/24/2017 21:30:09	55.0	54.0	15.5039
11/24/2017 21:30:20	55.0	56.0	17.7546
11/24/2017 21:30:31	56.0	56.0	16.7979
11/24/2017 21:30:42	54.0	54.0	18.3938
11/24/2017 21:30:53	53.0	53.0	19.0104
11/24/2017 21:31:04	52.0	52.0	16.7102
11/24/2017 21:31:15	51.0	51.0	18.75
11/24/2017 21:31:26	50.0	50.0	18.1347
11/24/2017 21:31:37	49.0	50.0	17.2775
11/24/2017 21:31:48	49.0	49.0	15.6658
11/24/2017 21:31:59	49.0	49.0	19.5312
11/24/2017 21:32:10	48.0	48.0	15.1436
11/24/2017 21:32:21	49.0	48.0	17.9221
11/24/2017 21:32:32	48.0	48.0	16.0622
11/24/2017 21:32:43	48.0	48.0	17.1875
11/24/2017 21:32:54	48.0	48.0	16.9713
11/24/2017 21:33:05	48.0	48.0	16.9271
11/24/2017 21:33:16	49.0	48.0	14.7668
11/24/2017 21:33:27	49.0	48.0	17.9688
11/24/2017 21:33:38	48.0	48.0	17.6623
11/24/2017 21:33:49	48.0	48.0	20.8763
11/24/2017 21:34:00	48.0	48.0	16.4921
11/24/2017 21:34:11	48.0	48.0	17.6623
11/24/2017 21:34:22	49.0	48.0	17.0543
11/24/2017 21:34:33	50.0	48.0	16.5789
11/24/2017 21:34:44	48.0	48.0	16.5354
11/24/2017 21:34:55	48.0	48.0	19.3299
11/24/2017 21:35:06	49.0	48.0	18.2292
11/24/2017 21:35:17	48.0	48.0	19.6335
11/24/2017 21:35:28	48.0	47.0	17.9949
11/24/2017 21:35:39	50.0	49.0	19.3299
11/24/2017 21:35:50	50.0	50.0	18.1347
11/24/2017 21:36:01	50.0	50.0	18.299
11/24/2017 21:36:12	50.0	50.0	19.2802
11/24/2017 21:36:23	50.0	50.0	20.9302
11/24/2017 21:36:35	50.0	50.0	16.2791
11/24/2017 21:36:46	51.0	51.0	20.8226
11/24/2017 21:36:57	51.0	50.0	18.3938
11/24/2017 21:37:08	51.0	51.0	17.8295
11/24/2017 21:37:19	51.0	50.0	19.171
11/24/2017 21:37:30	51.0	51.0	18.3938
11/24/2017 21:37:41	51.0	50.0	21.1886
11/24/2017 21:37:52	51.0	51.0	20.3608
11/24/2017 21:38:03	50.0	50.0	17.8756
11/24/2017 21:38:14	50.0	50.0	20.4204
11/24/2017 21:38:25	49.0	50.0	18.799
11/24/2017 21:38:36	49.0	49.0	17.0984
11/24/2017 21:38:47	49.0	48.0	16.6234
11/24/2017 21:38:58	48.0	48.0	17.0157
11/24/2017 21:39:09	48.0	48.0	16.4491
11/24/2017 21:39:20	49.0	48.0	19.5822
11/24/2017 21:39:31	48.0	48.0	18.961
11/24/2017 21:39:42	47.0	47.0	15.5844
11/24/2017 21:39:53	48.0	48.0	16.8394
11/24/2017 21:40:04	48.0	47.0	17.4026
11/24/2017 21:40:15	48.0	48.0	15.9269
11/24/2017 21:40:26	47.0	48.0	17.801
11/24/2017 21:40:37	48.0	47.0	16.0105
11/24/2017 21:40:48	48.0	47.0	15.9269
11/24/2017 21:40:59	48.0	47.0	16.6667
11/24/2017 21:41:10	48.0	47.0	16.6234
11/24/2017 21:41:21	47.0	47.0	18.4896
11/24/2017 21:41:32	48.0	47.0	16.9271
11/24/2017 21:41:43	48.0	47.0	17.0103
11/24/2017 21:41:54	49.0	48.0	14.5455
11/24/2017 21:42:05	51.0	51.0	16.9713
11/24/2017 21:42:16	52.0	53.0	18.3246
11/24/2017 21:42:27	53.0	53.0	15.8442
11/24/2017 21:42:38	55.0	54.0	16.9713
11/24/2017 21:42:49	55.0	56.0	15.8442
11/24/2017 21:43:00	57.0	56.0	16.9713
11/24/2017 21:43:11	55.0	54.0	16.8394
11/24/2017 21:43:22	52.0	53.0	16.4062
11/24/2017 21:43:34	51.0	51.0	16.6667
11/24/2017 21:43:45	51.0	51.0	14.5833
11/24/2017 21:43:56	50.0	50.0	16.0207
11/24/2017 21:44:07	50.0	50.0	16.2304
11/24/2017 21:44:18	49.0	49.0	16.7102
11/24/2017 21:44:29	49.0	48.0	20.1044
11/24/2017 21:44:40	48.0	48.0	17.3575
11/24/2017 21:44:51	48.0	48.0	16.8394
11/24/2017 21:45:02	48.0	47.0	16.188
11/24/2017 21:45:13	48.0	47.0	17.4935
11/24/2017 21:45:24	48.0	47.0	17.3127
11/24/2017 21:45:35	49.0	50.0	18.0157
11/24/2017 21:45:46	51.0	51.0	18.3246
11/24/2017 21:45:57	52.0	52.0	15.7068
11/24/2017 21:46:08	54.0	54.0	16.6667
11/24/2017 21:46:19	55.0	54.0	17.4479
11/24/2017 21:46:30	56.0	55.0	15.1832
11/24/2017 21:46:41	57.0	56.0	17.0984
11/24/2017 21:46:52	54.0	54.0	18.2292
11/24/2017 21:47:03	53.0	53.0	15.5039
11/24/2017 21:47:14	51.0	52.0	17.2324
11/24/2017 21:47:25	50.0	50.0	18.3727
11/24/2017 21:47:36	50.0	50.0	16.273
11/24/2017 21:47:47	49.0	49.0	18.2292
11/24/2017 21:47:58	49.0	48.0	16.5789
11/24/2017 21:48:09	48.0	48.0	17.5393
11/24/2017 21:48:20	48.0	48.0	18.7013
11/24/2017 21:48:31	48.0	48.0	19.407
11/24/2017 21:48:42	48.0	47.0	17.2324
11/24/2017 21:48:53	48.0	47.0	17.8478
11/24/2017 21:49:04	47.0	47.0	17.4935
11/24/2017 21:49:15	47.0	47.0	16.8831
11/24/2017 21:49:26	47.0	47.0	17.1429
11/24/2017 21:49:37	47.0	47.0	16.1039
11/24/2017 21:49:48	49.0	48.0	18.2768
11/24/2017 21:49:59	50.0	50.0	17.9688
11/24/2017 21:50:10	51.0	51.0	16.3636
11/24/2017 21:50:21	53.0	52.0	18.2292
11/24/2017 21:50:33	54.0	54.0	18.0157
11/24/2017 21:50:44	55.0	55.0	15.4047
11/24/2017 21:50:55	57.0	56.0	17.1429
11/24/2017 21:51:06	56.0	56.0	16.188
11/24/2017 21:51:17	53.0	53.0	15.9269
11/24/2017 21:51:28	51.0	51.0	14.8438
11/24/2017 21:51:39	51.0	50.0	17.801
11/24/2017 21:51:50	49.0	50.0	17.6623
11/24/2017 21:52:01	49.0	48.0	17.2324
11/24/2017 21:52:12	50.0	49.0	15.285
11/24/2017 21:52:23	48.0	48.0	16.1458
11/24/2017 21:52:34	48.0	47.0	18.4896
11/24/2017 21:52:45	48.0	47.0	18.9119
11/24/2017 21:52:56	50.0	49.0	16.188
11/24/2017 21:53:07	51.0	51.0	17.1429
11/24/2017 21:53:18	53.0	53.0	17.2324
11/24/2017 21:53:29	53.0	53.0	16.4491
11/24/2017 21:53:40	56.0	54.0	17.0157
11/24/2017 21:53:51	57.0	55.0	16.1458
11/24/2017 21:54:02	56.0	55.0	15.9269
11/24/2017 21:54:13	54.0	53.0	18.8482
11/24/2017 21:54:24	51.0	52.0	19.2708
11/24/2017 21:54:35	51.0	50.0	18.4896
11/24/2017 21:54:46	50.0	49.0	17.6623
11/24/2017 21:54:57	49.0	49.0	17.6623
11/24/2017 21:55:08	49.0	48.0	18.4416
11/24/2017 21:55:19	49.0	48.0	16.9271
11/24/2017 21:55:30	48.0	48.0	13.8381
11/24/2017 21:55:41	47.0	47.0	15.7216
11/24/2017 21:55:52	48.0	47.0	16.7539
11/24/2017 21:56:03	47.0	47.0	16.3212
11/24/2017 21:56:14	49.0	50.0	17.4479
11/24/2017 21:56:25	51.0	51.0	15.285
11/24/2017 21:56:36	52.0	53.0	18.0157
11/24/2017 21:56:47	53.0	54.0	16.0207
11/24/2017 21:56:58	54.0	55.0	17.1875
11/24/2017 21:57:09	56.0	56.0	15.445
11/24/2017 21:57:20	57.0	56.0	14.6214
11/24/2017 21:57:31	54.0	54.0	19.0601
11/24/2017 21:57:43	52.0	52.0	18.0157
11/24/2017 21:57:54	51.0	51.0	17.9688
11/24/2017 21:58:05	50.0	50.0	16.6667
11/24/2017 21:58:16	50.0	50.0	16.8831
11/24/2017 21:58:27	49.0	48.0	17.7546
11/24/2017 21:58:38	48.0	49.0	16.4062
11/24/2017 21:58:49	49.0	48.0	15.1436
11/24/2017 21:59:00	49.0	47.0	18.799
11/24/2017 21:59:11	47.0	48.0	16.4491
11/24/2017 21:59:22	48.0	47.0	16.9271
11/24/2017 21:59:33	48.0	46.0	18.4896
11/24/2017 21:59:44	47.0	47.0	17.9688
11/24/2017 21:59:55	48.0	47.0	16.9713
11/24/2017 22:00:06	49.0	50.0	17.9688
11/24/2017 22:00:17	51.0	51.0	18.799
11/24/2017 22:00:28	53.0	53.0	16.4491
11/24/2017 22:00:39	54.0	54.0	14.8052
11/24/2017 22:00:50	55.0	55.0	16.4948
11/24/2017 22:01:01	57.0	56.0	16.2304
11/24/2017 22:01:12	55.0	54.0	16.9713
11/24/2017 22:01:23	53.0	53.0	16.8394
11/24/2017 22:01:34	52.0	51.0	17.7083
11/24/2017 22:01:45	51.0	50.0	17.1875
11/24/2017 22:01:56	50.0	50.0	17.1429
11/24/2017 22:02:07	49.0	48.0	17.3684
11/24/2017 22:02:18	49.0	48.0	16.9271
11/24/2017 22:02:29	49.0	48.0	16.8831
11/24/2017 22:02:40	49.0	48.0	17.4026
11/24/2017 22:02:51	49.0	47.0	18.2768
11/24/2017 22:03:02	48.0	47.0	18.0157
11/24/2017 22:03:13	48.0	47.0	16.1039
11/24/2017 22:03:24	51.0	50.0	16.3636
11/24/2017 22:03:35	52.0	52.0	16.6667
11/24/2017 22:03:46	54.0	53.0	16.2371
11/24/2017 22:03:57	55.0	54.0	15.1436
11/24/2017 22:04:08	55.0	56.0	18.6528
11/24/2017 22:04:19	55.0	55.0	16.7526
11/24/2017 22:04:30	53.0	53.0	16.2304
11/24/2017 22:04:41	52.0	51.0	15.5844
11/24/2017 22:04:53	51.0	51.0	16.0105
11/24/2017 22:05:04	50.0	50.0	19.0601
11/24/2017 22:05:15	50.0	49.0	18.2292
11/24/2017 22:05:26	49.0	48.0	15.625
11/24/2017 22:05:37	49.0	49.0	16.8394
11/24/2017 22:05:48	48.0	48.0	16.7539
11/24/2017 22:05:59	49.0	48.0	16.7102
11/24/2017 22:06:10	48.0	47.0	17.0157
11/24/2017 22:06:21	48.0	47.0	18.799
11/24/2017 22:06:32	48.0	47.0	16.7102
11/24/2017 22:06:43	50.0	50.0	16.2304
11/24/2017 22:06:54	52.0	51.0	16.6667
11/24/2017 22:07:05	53.0	53.0	17.5393
11/24/2017 22:07:16	54.0	54.0	17.4479
11/24/2017 22:07:27	55.0	56.0	14.9871
11/24/2017 22:07:38	55.0	56.0	16.4491
11/24/2017 22:07:49	54.0	53.0	19.4301
11/24/2017 22:08:00	51.0	51.0	18.0628
11/24/2017 22:08:11	51.0	51.0	16.4062
11/24/2017 22:08:22	50.0	50.0	17.2324
11/24/2017 22:08:33	50.0	49.0	18.5379
11/24/2017 22:08:44	49.0	49.0	15.3646
11/24/2017 22:08:55	48.0	48.0	17.0984
11/24/2017 22:09:06	48.0	48.0	17.2775
11/24/2017 22:09:17	48.0	48.0	18.2768
11/24/2017 22:09:28	48.0	48.0	15.9269
11/24/2017 22:09:39	48.0	48.0	16.6667
11/24/2017 22:09:50	48.0	48.0	17.8478
11/24/2017 22:10:01	48.0	48.0	19.4301
11/24/2017 22:10:12	48.0	47.0	16.0622
11/24/2017 22:10:23	48.0	48.0	18.3938
11/24/2017 22:10:34	47.0	47.0	18.3246
11/24/2017 22:10:45	48.0	48.0	17.8947
11/24/2017 22:10:56	49.0	47.0	16.6667
11/24/2017 22:11:07	49.0	49.0	15.8442
11/24/2017 22:11:18	51.0	50.0	19.685
11/24/2017 22:11:29	52.0	52.0	17.1875
11/24/2017 22:11:40	52.0	53.0	18.7013
11/24/2017 22:11:51	54.0	54.0	18.2768
11/24/2017 22:12:03	55.0	56.0	18.0628
11/24/2017 22:12:14	57.0	56.0	18.2768
11/24/2017 22:12:25	56.0	55.0	16.4921
11/24/2017 22:12:36	54.0	53.0	17.801
11/24/2017 22:12:47	53.0	53.0	16.188
11/24/2017 22:12:58	51.0	51.0	16.1458
11/24/2017 22:13:09	51.0	50.0	15.4047
11/24/2017 22:13:20	50.0	49.0	15.6658
11/24/2017 22:13:31	50.0	48.0	18.5379
11/24/2017 22:13:42	49.0	49.0	17.4026
11/24/2017 22:13:53	49.0	48.0	17.0157
11/24/2017 22:14:04	49.0	48.0	15.0259
11/24/2017 22:14:15	49.0	48.0	17.8478
11/24/2017 22:14:26	48.0	48.0	17.0984
11/24/2017 22:14:37	48.0	48.0	17.9221
11/24/2017 22:14:48	48.0	48.0	15.1042
11/24/2017 22:14:59	48.0	48.0	18.7013
11/24/2017 22:15:10	48.0	48.0	18.4896
11/24/2017 22:15:21	48.0	48.0	16.1458
11/24/2017 22:15:32	47.0	47.0	18.0157
11/24/2017 22:15:43	48.0	47.0	19.3299
11/24/2017 22:15:54	49.0	48.0	19.171
11/24/2017 22:16:05	49.0	49.0	19.0231
11/24/2017 22:16:16	49.0	49.0	20.4188
11/24/2017 22:16:27	49.0	49.0	16.7959
11/24/2017 22:16:38	50.0	50.0	18.2519
11/24/2017 22:16:49	51.0	50.0	21.1886
11/24/2017 22:17:00	50.0	50.0	18.75
11/24/2017 22:17:11	51.0	50.0	17.5711
11/24/2017 22:17:22	48.0	49.0	20.0521
11/24/2017 22:17:33	49.0	49.0	18.863
11/24/2017 22:17:44	49.0	48.0	17.0984
11/24/2017 22:17:55	48.0	48.0	18.75
11/24/2017 22:18:06	48.0	48.0	17.7546
11/24/2017 22:18:17	48.0	48.0	17.4026
11/24/2017 22:18:28	48.0	47.0	18.3727
11/24/2017 22:18:39	48.0	47.0	15.9269
11/24/2017 22:18:50	48.0	46.0	18.4896
11/24/2017 22:19:01	47.0	47.0	18.3246
11/24/2017 22:19:12	48.0	48.0	16.1458
11/24/2017 22:19:23	48.0	47.0	16.6667
11/24/2017 22:19:34	47.0	47.0	18.9119
11/24/2017 22:19:46	49.0	49.0	18.5379
11/24/2017 22:19:57	51.0	51.0	19.2708
11/24/2017 22:20:08	52.0	53.0	15.1042
11/24/2017 22:20:19	54.0	54.0	15.8854
11/24/2017 22:20:30	55.0	54.0	18.4896
11/24/2017 22:20:41	56.0	55.0	16.7539
11/24/2017 22:20:52	56.0	55.0	17.2775
11/24/2017 22:21:03	54.0	53.0	16.4062
11/24/2017 22:21:14	52.0	53.0	17.2324
11/24/2017 22:21:25	51.0	51.0	16.7102
11/24/2017 22:21:36	50.0	50.0	16.4491
11/24/2017 22:21:47	49.0	50.0	18.2768
11/24/2017 22:21:58	49.0	49.0	16.3636
11/24/2017 22:22:09	49.0	48.0	16.6234
11/24/2017 22:22:20	49.0	48.0	16.7959
11/24/2017 22:22:31	48.0	48.0	18.0628
11/24/2017 22:22:42	49.0	48.0	20.1044
11/24/2017 22:22:53	49.0	48.0	18.8482
11/24/2017 22:23:04	49.0	48.0	18.0412
11/24/2017 22:23:15	49.0	48.0	18.8482
11/24/2017 22:23:26	48.0	47.0	16.6667
11/24/2017 22:23:37	49.0	48.0	16.9713
11/24/2017 22:23:48	48.0	48.0	17.4026
11/24/2017 22:23:59	48.0	48.0	16.4062
11/24/2017 22:24:10	48.0	47.0	17.4479
11/24/2017 22:24:21	47.0	47.0	17.6166
11/24/2017 22:24:32	47.0	47.0	18.3246
11/24/2017 22:24:43	49.0	48.0	17.0984
11/24/2017 22:24:54	48.0	48.0	17.0984
11/24/2017 22:25:05	47.0	48.0	17.7546
11/24/2017 22:25:16	47.0	48.0	14.7287
11/24/2017 22:25:27	47.0	48.0	17.0984
11/24/2017 22:25:38	47.0	48.0	17.0157
11/24/2017 22:25:49	49.0	50.0	18.4896
11/24/2017 22:26:00	51.0	52.0	18.75
11/24/2017 22:26:11	53.0	53.0	17.9688
11/24/2017 22:26:22	54.0	54.0	16.5354
11/24/2017 22:26:33	56.0	55.0	18.4416
11/24/2017 22:26:44	56.0	56.0	15.5844
11/24/2017 22:26:55	53.0	54.0	18.799
11/24/2017 22:27:07	52.0	53.0	18.5379
11/24/2017 22:27:18	52.0	51.0	18.6701
11/24/2017 22:27:29	52.0	52.0	18.863
11/24/2017 22:27:40	52.0	51.0	19.7403
11/24/2017 22:27:51	51.0	51.0	19.171
11/24/2017 22:28:02	51.0	52.0	17.2237
11/24/2017 22:28:13	52.0	52.0	17.5711
11/24/2017 22:28:24	52.0	51.0	18.2519
11/24/2017 22:28:35	52.0	51.0	18.6528
11/24/2017 22:28:46	51.0	51.0	22.5389
11/24/2017 22:28:57	51.0	50.0	21.9072
11/24/2017 22:29:08	51.0	50.0	21.7054
11/24/2017 22:29:19	51.0	50.0	20.155
11/24/2017 22:29:30	51.0	50.0	19.9482
11/24/2017 22:29:41	51.0	51.0	19.7436
11/24/2017 22:29:52	51.0	51.0	21.2987
11/24/2017 22:30:03	51.0	50.0	21.1886
11/24/2017 22:30:14	51.0	51.0	19.7943
11/24/2017 22:30:25	50.0	51.0	18.4143
11/24/2017 22:30:36	52.0	51.0	18.863
11/24/2017 22:30:47	51.0	51.0	20.9845
11/24/2017 22:30:58	50.0	51.0	17.0543
11/24/2017 22:31:09	52.0	51.0	18.0879
11/24/2017 22:31:20	53.0	51.0	19.171
11/24/2017 22:31:31	51.0	51.0	20.5656
11/24/2017 22:31:42	51.0	51.0	18.1347
11/24/2017 22:31:53	51.0	51.0	17.5258
11/24/2017 22:32:04	51.0	51.0	20.6633
11/24/2017 22:32:15	51.0	51.0	22.4227
11/24/2017 22:32:26	51.0	51.0	21.5938
11/24/2017 22:32:37	50.0	50.0	20.3125
11/24/2017 22:32:48	52.0	51.0	18.3938
11/24/2017 22:32:59	52.0	51.0	21.2435
11/24/2017 22:33:10	51.0	50.0	13.4211
11/24/2017 22:33:21	49.0	49.0	14.4357
11/24/2017 22:33:32	49.0	49.0	12.8947
11/24/2017 22:33:43	48.0	48.0	14.4737
11/24/2017 22:33:54	48.0	47.0	13.4211
11/24/2017 22:34:05	47.0	47.0	13.1926
11/24/2017 22:34:16	47.0	46.0	13.2626
11/24/2017 22:34:27	49.0	49.0	16.4491
11/24/2017 22:34:38	51.0	51.0	17.6623
11/24/2017 22:34:49	53.0	53.0	22.8571
11/24/2017 22:35:00	55.0	55.0	20.6186
11/24/2017 22:35:11	57.0	56.0	18.6047
11/24/2017 22:35:22	57.0	56.0	17.7378
11/24/2017 22:35:33	55.0	54.0	19.5876
11/24/2017 22:35:44	54.0	54.0	19.6382
11/24/2017 22:35:55	53.0	53.0	19.1214
11/24/2017 22:36:07	53.0	53.0	20.4134
11/24/2017 22:36:18	53.0	52.0	18.5567
11/24/2017 22:36:29	53.0	52.0	19.0722
11/24/2017 22:36:40	54.0	52.0	19.5373
11/24/2017 22:36:51	53.0	51.0	19.0231
11/24/2017 22:37:02	53.0	53.0	20.2597
11/24/2017 22:37:13	52.0	52.0	18.75
11/24/2017 22:37:24	51.0	52.0	20.7161
11/24/2017 22:37:35	52.0	51.0	20.4134
11/24/2017 22:37:46	53.0	52.0	20.3085
11/24/2017 22:37:57	51.0	51.0	16.5375
11/24/2017 22:38:08	51.0	52.0	18.6047
11/24/2017 22:38:19	53.0	51.0	19.5373
11/24/2017 22:38:30	52.0	51.0	18.5567
11/24/2017 22:38:41	52.0	51.0	19.0722
11/24/2017 22:38:52	51.0	51.0	19.0231
11/24/2017 22:39:03	51.0	51.0	20.4663
11/24/2017 22:39:14	51.0	51.0	18.3463
11/24/2017 22:39:25	51.0	51.0	17.8295
11/24/2017 22:39:36	52.0	51.0	18.2051
11/24/2017 22:39:47	51.0	51.0	19.4872
11/24/2017 22:39:58	52.0	51.0	20.3085
11/24/2017 22:40:09	52.0	51.0	19.7436
11/24/2017 22:40:20	51.0	51.0	16.8394
11/24/2017 22:40:31	51.0	52.0	18.1347
11/24/2017 22:40:42	51.0	51.0	20.3085
11/24/2017 22:40:53	51.0	51.0	18.3463
11/24/2017 22:41:04	51.0	51.0	18.6047
11/24/2017 22:41:15	51.0	51.0	17.5258
11/24/2017 22:41:26	52.0	51.0	18.863
11/24/2017 22:41:37	52.0	51.0	18.5567
11/24/2017 22:41:48	53.0	52.0	18.0412
11/24/2017 22:41:59	53.0	52.0	17.6623
11/24/2017 22:42:10	52.0	51.0	18.6528
11/24/2017 22:42:21	52.0	51.0	19.6891
11/24/2017 22:42:32	52.0	51.0	18.3463
11/24/2017 22:42:43	53.0	51.0	20.7254
11/24/2017 22:42:54	51.0	51.0	17.4026
11/24/2017 22:43:05	51.0	52.0	19.5373
11/24/2017 22:43:16	50.0	51.0	20
11/24/2017 22:43:27	51.0	51.0	22.0207
11/24/2017 22:43:38	51.0	51.0	20.3608
11/24/2017 22:43:49	52.0	51.0	19.6382
11/24/2017 22:44:00	51.0	51.0	19.8433
11/24/2017 22:44:11	51.0	51.0	18.4416
11/24/2017 22:44:22	51.0	51.0	19.1214
11/24/2017 22:44:33	51.0	50.0	19.8966
11/24/2017 22:44:44	51.0	51.0	18.4416
11/24/2017 22:44:55	50.0	51.0	22.2222
11/24/2017 22:45:06	51.0	51.0	16.7959
11/24/2017 22:45:17	51.0	51.0	17.8295
11/24/2017 22:45:28	51.0	50.0	19.4301
11/24/2017 22:45:39	50.0	50.0	18.299
11/24/2017 22:45:50	50.0	50.0	21.8509
11/24/2017 22:46:01	50.0	50.0	21.3918
11/24/2017 22:46:12	50.0	50.0	20
11/24/2017 22:46:23	50.0	50.0	19.5876
11/24/2017 22:46:34	50.0	50.0	18.0412
11/24/2017 22:46:45	49.0	50.0	18.0412
11/24/2017 22:46:57	50.0	50.0	21.0797
11/24/2017 22:47:08	50.0	50.0	20.5656
11/24/2017 22:47:19	49.0	50.0	16.8394
11/24/2017 22:47:30	50.0	49.0	21.2435
11/24/2017 22:47:41	50.0	49.0	19.6891
11/24/2017 22:47:52	50.0	49.0	20.5195
11/24/2017 22:48:03	50.0	49.0	18.863
11/24/2017 22:48:14	50.0	49.0	18.863
11/24/2017 22:48:25	49.0	49.0	17.8571
11/24/2017 22:48:36	51.0	50.0	19.5876
11/24/2017 22:48:47	50.0	50.0	19.3798
11/24/2017 22:48:58	49.0	50.0	19.6382
11/24/2017 22:49:09	49.0	49.0	18.7179
11/24/2017 22:49:20	50.0	50.0	20.6186
11/24/2017 22:49:31	49.0	49.0	20.8763
11/24/2017 22:49:42	49.0	49.0	20.1031
11/24/2017 22:49:53	49.0	49.0	19.6382
11/24/2017 22:50:04	49.0	49.0	18.8144
11/24/2017 22:50:15	50.0	49.0	19.9482
11/24/2017 22:50:26	50.0	49.0	19.0722
11/24/2017 22:50:37	52.0	52.0	12.336
11/24/2017 22:50:48	52.0	53.0	12.3037
11/24/2017 22:50:59	53.0	54.0	12.3037
11/24/2017 22:51:10	54.0	54.0	12.5326
11/24/2017 22:51:21	55.0	56.0	12.5
11/24/2017 22:51:32	56.0	55.0	13.6126
11/24/2017 22:51:43	57.0	56.0	12.5984
11/24/2017 22:51:54	54.0	53.0	12.8609
11/24/2017 22:52:05	51.0	52.0	12.5984
11/24/2017 22:52:16	50.0	51.0	13.8381
11/24/2017 22:52:27	49.0	50.0	13.6842
11/24/2017 22:52:38	48.0	48.0	13.2979
11/24/2017 22:52:49	47.0	47.0	14.3229
11/24/2017 22:53:00	47.0	47.0	14.3603
11/24/2017 22:53:11	48.0	48.0	12.8947
11/24/2017 22:53:22	50.0	50.0	13.3858
11/24/2017 22:53:33	52.0	51.0	14.1732
11/24/2017 22:53:44	52.0	53.0	11.5183
11/24/2017 22:53:55	53.0	54.0	12.5654
11/24/2017 22:54:07	54.0	54.0	12.5654
11/24/2017 22:54:18	55.0	56.0	11.7801
11/24/2017 22:54:29	55.0	56.0	12.0735
11/24/2017 22:54:40	56.0	56.0	13.8021
11/24/2017 22:54:51	55.0	56.0	11.7801
11/24/2017 22:55:02	53.0	53.0	13.3508
11/24/2017 22:55:13	51.0	52.0	13.3508
11/24/2017 22:55:24	50.0	51.0	13.1234
11/24/2017 22:55:35	49.0	50.0	14.4357
11/24/2017 22:55:46	49.0	49.0	13.1234
11/24/2017 22:55:57	48.0	48.0	13.9108
11/24/2017 22:56:08	48.0	47.0	13.9108
11/24/2017 22:56:19	47.0	48.0	14.3979
11/24/2017 22:56:30	50.0	49.0	13.4211
11/24/2017 22:56:41	51.0	51.0	12.0419
11/24/2017 22:56:52	52.0	53.0	12.5326
11/24/2017 22:57:03	54.0	53.0	12.3037
11/24/2017 22:57:14	54.0	54.0	12.0735
11/24/2017 22:57:25	55.0	54.0	11.9792
11/24/2017 22:57:36	56.0	55.0	12.8947
11/24/2017 22:57:47	57.0	57.0	11.2861
11/24/2017 22:57:58	57.0	56.0	12.0104
11/24/2017 22:58:09	55.0	54.0	12.9288
11/24/2017 22:58:20	52.0	53.0	12.6984
11/24/2017 22:58:31	51.0	51.0	12.8609
11/24/2017 22:58:42	50.0	50.0	13.1926
11/24/2017 22:58:53	49.0	49.0	15.4856
11/24/2017 22:59:04	48.0	48.0	16.3588
11/24/2017 22:59:15	50.0	50.0	13.9842
11/24/2017 22:59:27	47.0	47.0	14.8438
11/24/2017 22:59:38	48.0	49.0	14.1732
11/24/2017 22:59:49	50.0	51.0	11.811
11/24/2017 23:00:00	51.0	51.0	12.0735
11/24/2017 23:00:11	52.0	53.0	12.5
11/24/2017 23:00:22	54.0	54.0	12.0419
11/24/2017 23:00:33	55.0	54.0	12.0735
11/24/2017 23:00:44	55.0	55.0	12.8272
11/24/2017 23:00:55	55.0	56.0	12.2715
11/24/2017 23:01:06	55.0	54.0	12.5
11/24/2017 23:01:17	53.0	53.0	12.8947
11/24/2017 23:01:28	51.0	51.0	13.4211
11/24/2017 23:01:39	50.0	50.0	14.3603
11/24/2017 23:01:50	49.0	49.0	1.0101
