11/21/2017 17:47:40	31.0	31.0	0.502513
11/21/2017 17:47:51	29.0	29.0	3.30789
11/21/2017 17:48:02	29.0	29.0	4.81283
11/21/2017 17:48:13	30.0	29.0	1.52672
11/21/2017 17:48:24	30.0	30.0	2.27848
11/21/2017 17:48:35	30.0	30.0	2.77778
11/21/2017 17:48:46	30.0	30.0	4.08163
11/21/2017 17:48:57	31.0	31.0	4.59184
11/21/2017 17:49:08	31.0	31.0	1.78117
11/21/2017 17:49:19	31.0	32.0	2.04082
11/21/2017 17:49:30	31.0	32.0	3.07692
11/21/2017 17:49:41	32.0	32.0	3.33333
11/21/2017 17:49:52	32.0	32.0	1.52284
11/21/2017 17:50:03	32.0	33.0	1.77215
11/21/2017 17:50:14	33.0	33.0	0.253165
11/21/2017 17:50:25	33.0	34.0	1.01523
11/21/2017 17:50:36	33.0	34.0	0
11/21/2017 17:50:47	33.0	34.0	0.505051
11/21/2017 17:50:58	34.0	34.0	1.51899
11/21/2017 17:51:09	35.0	35.0	2.78481
11/21/2017 17:51:20	34.0	34.0	4.56853
11/21/2017 17:51:32	34.0	35.0	42.328
11/21/2017 17:51:44	36.0	36.0	15.2406
11/21/2017 17:51:55	38.0	36.0	14.3979
11/21/2017 17:52:06	38.0	37.0	16.3158
11/21/2017 17:52:17	38.0	38.0	13.4565
11/21/2017 17:52:28	39.0	39.0	34.8548
11/21/2017 17:52:39	41.0	41.0	20.8469
11/21/2017 17:52:50	43.0	41.0	13.8667
11/21/2017 17:53:02	42.0	42.0	15.7593
11/21/2017 17:53:13	42.0	42.0	13.5279
11/21/2017 17:53:24	43.0	42.0	14.8148
11/21/2017 17:53:35	44.0	43.0	15.1194
11/21/2017 17:53:46	45.0	44.0	18.8329
11/21/2017 17:53:57	46.0	45.0	15.7895
11/21/2017 17:54:08	47.0	46.0	18.1102
11/21/2017 17:54:19	47.0	47.0	15.4856
11/21/2017 17:54:30	48.0	47.0	17.7546
11/21/2017 17:54:41	48.0	48.0	14.6597
11/21/2017 17:54:52	50.0	48.0	17.0732
11/21/2017 17:55:03	51.0	50.0	13.0319
11/21/2017 17:55:14	50.0	50.0	13.2979
11/21/2017 17:55:25	50.0	50.0	14.5889
11/21/2017 17:55:36	50.0	50.0	12.4339
11/21/2017 17:55:47	51.0	50.0	14.7757
11/21/2017 17:55:58	51.0	50.0	12.6649
11/21/2017 17:56:09	51.0	51.0	12.3684
11/21/2017 17:56:20	51.0	51.0	16.8712
11/21/2017 17:56:31	51.0	51.0	17.801
11/21/2017 17:56:42	54.0	53.0	16.4491
11/21/2017 17:56:53	52.0	53.0	15.1832
11/21/2017 17:57:04	54.0	53.0	18.6352
11/21/2017 17:57:15	54.0	54.0	14.9215
11/21/2017 17:57:26	55.0	54.0	16.7539
11/21/2017 17:57:37	55.0	55.0	17.0604
11/21/2017 17:57:48	56.0	55.0	18.0628
11/21/2017 17:57:59	56.0	55.0	17.4935
11/21/2017 17:58:10	57.0	56.0	20.1592
11/21/2017 17:58:21	58.0	56.0	15.1436
11/21/2017 17:58:32	52.0	52.0	17.8947
11/21/2017 17:58:43	51.0	50.0	15.6658
11/21/2017 17:58:54	49.0	48.0	16.273
11/21/2017 17:59:05	48.0	47.0	17.6316
11/21/2017 17:59:16	49.0	48.0	17.2324
11/21/2017 17:59:28	51.0	51.0	17.801
11/21/2017 17:59:39	52.0	51.0	18.9474
11/21/2017 17:59:50	53.0	52.0	17.4142
11/21/2017 18:00:01	54.0	53.0	19.774
11/21/2017 18:00:12	54.0	54.0	14.4357
11/21/2017 18:00:23	56.0	55.0	18.3246
11/21/2017 18:00:34	57.0	55.0	15.6658
11/21/2017 18:00:45	57.0	56.0	17.0213
11/21/2017 18:00:56	55.0	55.0	15.9686
11/21/2017 18:01:07	53.0	53.0	16.7102
11/21/2017 18:01:18	51.0	51.0	20.3655
11/21/2017 18:01:29	50.0	49.0	15.8854
11/21/2017 18:01:40	49.0	48.0	16.6667
11/21/2017 18:01:51	49.0	47.0	18.863
11/21/2017 18:02:02	48.0	47.0	16.8865
11/21/2017 18:02:13	51.0	50.0	15.9686
11/21/2017 18:02:24	51.0	51.0	15.748
11/21/2017 18:02:35	53.0	53.0	17.801
11/21/2017 18:02:46	54.0	53.0	16.7979
11/21/2017 18:02:57	55.0	54.0	18.5864
11/21/2017 18:03:08	56.0	55.0	17.6781
11/21/2017 18:03:19	57.0	55.0	15.625
11/21/2017 18:03:30	54.0	53.0	16.7979
11/21/2017 18:03:41	52.0	51.0	19.6335
11/21/2017 18:03:52	51.0	51.0	18.5379
11/21/2017 18:04:03	50.0	49.0	17.801
11/21/2017 18:04:14	49.0	48.0	17.5393
11/21/2017 18:04:26	48.0	48.0	17.6623
11/21/2017 18:04:37	49.0	47.0	17.4479
11/21/2017 18:04:48	48.0	47.0	14.0212
11/21/2017 18:04:59	49.0	48.0	14.9606
11/21/2017 18:05:10	50.0	50.0	14.6417
11/21/2017 18:05:21	51.0	51.0	13.3508
11/21/2017 18:05:32	52.0	52.0	13.089
11/21/2017 18:05:43	54.0	53.0	12.3684
11/21/2017 18:05:54	54.0	54.0	13.1579
11/21/2017 18:06:05	55.0	54.0	12.8272
11/21/2017 18:06:16	55.0	55.0	12.336
11/21/2017 18:06:27	56.0	55.0	13.1926
11/21/2017 18:06:38	57.0	56.0	13.5279
11/21/2017 18:06:49	55.0	54.0	13.6842
11/21/2017 18:07:00	53.0	53.0	12.9973
11/21/2017 18:07:11	51.0	51.0	13.9474
11/21/2017 18:07:22	50.0	49.0	17.1429
11/21/2017 18:07:33	49.0	48.0	14.8936
11/21/2017 18:07:44	48.0	47.0	18.799
11/21/2017 18:07:55	49.0	48.0	19.4226
11/21/2017 18:08:06	48.0	47.0	17.4026
11/21/2017 18:08:17	48.0	47.0	18.9474
11/21/2017 18:08:28	48.0	47.0	14.2105
11/21/2017 18:08:39	49.0	48.0	18.4416
11/21/2017 18:08:50	51.0	51.0	15.4047
11/21/2017 18:09:01	53.0	52.0	13.2626
11/21/2017 18:09:12	54.0	53.0	16.7979
11/21/2017 18:09:23	55.0	54.0	16.7102
11/21/2017 18:09:34	57.0	55.0	13.1234
11/21/2017 18:09:45	56.0	55.0	12.1053
11/21/2017 18:09:57	56.0	56.0	13.2812
11/21/2017 18:10:08	53.0	53.0	13.6842
11/21/2017 18:10:19	52.0	52.0	14.9606
11/21/2017 18:10:30	50.0	50.0	14.248
11/21/2017 18:10:41	49.0	49.0	13.9842
11/21/2017 18:10:52	48.0	48.0	13.9842
11/21/2017 18:11:03	48.0	47.0	15.1194
11/21/2017 18:11:14	49.0	48.0	15.2632
11/21/2017 18:11:25	50.0	50.0	14.8148
11/21/2017 18:11:36	51.0	51.0	12.336
11/21/2017 18:11:47	52.0	52.0	13.1579
11/21/2017 18:11:58	54.0	53.0	16.2304
11/21/2017 18:12:09	55.0	54.0	15.748
11/21/2017 18:12:20	58.0	56.0	12.0735
11/21/2017 18:12:31	57.0	56.0	12.6316
11/21/2017 18:12:42	56.0	56.0	13.1579
11/21/2017 18:12:53	53.0	53.0	14.3229
11/21/2017 18:13:04	51.0	51.0	19.2
11/21/2017 18:13:15	51.0	51.0	17.2324
11/21/2017 18:13:26	51.0	50.0	15.9269
11/21/2017 18:13:37	50.0	50.0	16.2983
11/21/2017 18:13:48	49.0	49.0	17.9688
11/21/2017 18:13:59	49.0	48.0	18.799
11/21/2017 18:14:10	49.0	48.0	18.1579
11/21/2017 18:14:21	48.0	48.0	16.6667
11/21/2017 18:14:32	48.0	48.0	18.1579
11/21/2017 18:14:43	49.0	48.0	15.4047
11/21/2017 18:14:54	50.0	51.0	17.7083
11/21/2017 18:15:05	52.0	52.0	16.188
11/21/2017 18:15:17	54.0	54.0	16.6667
11/21/2017 18:15:28	55.0	55.0	17.801
11/21/2017 18:15:39	57.0	55.0	17.3684
11/21/2017 18:15:50	57.0	56.0	20.3655
11/21/2017 18:16:01	54.0	54.0	17.1875
11/21/2017 18:16:12	53.0	53.0	16.7102
11/21/2017 18:16:23	51.0	51.0	17.5393
11/21/2017 18:16:34	50.0	50.0	15.4047
11/21/2017 18:16:45	50.0	49.0	15.7068
11/21/2017 18:16:56	50.0	49.0	18.5379
11/21/2017 18:17:07	49.0	48.0	16.7102
11/21/2017 18:17:18	49.0	48.0	15.8854
11/21/2017 18:17:29	48.0	47.0	17.4479
11/21/2017 18:17:40	48.0	47.0	16.4062
11/21/2017 18:17:51	48.0	47.0	18.1818
11/21/2017 18:18:02	48.0	47.0	19.2208
11/21/2017 18:18:13	50.0	50.0	16.3212
11/21/2017 18:18:24	51.0	51.0	18.6352
11/21/2017 18:18:35	53.0	53.0	16.7959
11/21/2017 18:18:46	55.0	54.0	18.0157
11/21/2017 18:18:57	55.0	55.0	15.9269
11/21/2017 18:19:08	57.0	56.0	17.7083
11/21/2017 18:19:19	55.0	54.0	19.0104
11/21/2017 18:19:30	52.0	53.0	19.171
11/21/2017 18:19:41	52.0	51.0	18.4896
11/21/2017 18:19:52	50.0	50.0	14.5833
11/21/2017 18:20:03	50.0	49.0	15.9269
11/21/2017 18:20:14	49.0	48.0	19.6335
11/21/2017 18:20:25	49.0	48.0	15.544
11/21/2017 18:20:36	48.0	48.0	16.6667
11/21/2017 18:20:47	48.0	48.0	20.2073
11/21/2017 18:20:58	48.0	47.0	17.0157
11/21/2017 18:21:09	48.0	48.0	16.8831
11/21/2017 18:21:20	48.0	47.0	14.9606
11/21/2017 18:21:31	50.0	49.0	16.7102
11/21/2017 18:21:42	53.0	52.0	17.1875
11/21/2017 18:21:53	53.0	53.0	20.5729
11/21/2017 18:22:04	55.0	54.0	17.9221
11/21/2017 18:22:15	55.0	55.0	18.4416
11/21/2017 18:22:27	57.0	56.0	18.4896
11/21/2017 18:22:38	55.0	54.0	18.4416
11/21/2017 18:22:49	53.0	53.0	18.3463
11/21/2017 18:23:00	52.0	51.0	13.9896
11/21/2017 18:23:11	50.0	50.0	14.6214
11/21/2017 18:23:22	50.0	49.0	15.1042
11/21/2017 18:23:33	48.0	48.0	13.8743
11/21/2017 18:23:44	47.0	47.0	14.4357
11/21/2017 18:23:55	48.0	47.0	14.5455
11/21/2017 18:24:06	49.0	48.0	12.7937
11/21/2017 18:24:17	51.0	50.0	15.1042
11/21/2017 18:24:28	51.0	52.0	13.2468
11/21/2017 18:24:39	53.0	53.0	12.3037
11/21/2017 18:24:50	54.0	54.0	13.8021
11/21/2017 18:25:01	55.0	54.0	12.5
11/21/2017 18:25:12	56.0	55.0	12.987
11/21/2017 18:25:23	56.0	56.0	13.0208
11/21/2017 18:25:34	55.0	55.0	12.5326
11/21/2017 18:25:45	53.0	54.0	18.3463
11/21/2017 18:25:56	54.0	52.0	17.9688
11/21/2017 18:26:07	50.0	51.0	16.8394
11/21/2017 18:26:18	51.0	50.0	18.3463
11/21/2017 18:26:29	49.0	49.0	19.5822
11/21/2017 18:26:40	49.0	48.0	17.5711
11/21/2017 18:26:51	48.0	48.0	15.0649
11/21/2017 18:27:02	48.0	47.0	14.5833
11/21/2017 18:27:13	47.0	47.0	15.5039
11/21/2017 18:27:24	49.0	49.0	15.7623
11/21/2017 18:27:35	50.0	50.0	15.0649
11/21/2017 18:27:46	51.0	51.0	14.7668
11/21/2017 18:27:57	53.0	53.0	13.9535
11/21/2017 18:28:09	54.0	54.0	12.7273
11/21/2017 18:28:20	55.0	54.0	13.1783
11/21/2017 18:28:31	55.0	55.0	13.0208
11/21/2017 18:28:42	56.0	55.0	12.9534
11/21/2017 18:28:53	56.0	56.0	14.2487
11/21/2017 18:29:04	54.0	53.0	13.6951
11/21/2017 18:29:15	51.0	51.0	15.5039
11/21/2017 18:29:26	50.0	50.0	14.7668
11/21/2017 18:29:37	50.0	49.0	15.5039
11/21/2017 18:29:48	49.0	47.0	14.9871
11/21/2017 18:29:59	48.0	47.0	16.0622
11/21/2017 18:30:10	47.0	47.0	15.9383
11/21/2017 18:30:21	49.0	49.0	15.0649
11/21/2017 18:30:32	50.0	51.0	15.6812
11/21/2017 18:30:43	52.0	51.0	14.6154
11/21/2017 18:30:54	53.0	52.0	17.7378
11/21/2017 18:31:05	55.0	54.0	15.1671
11/21/2017 18:31:16	55.0	54.0	13.5897
11/21/2017 18:31:27	56.0	55.0	17.7835
11/21/2017 18:31:38	57.0	56.0	17.9487
11/21/2017 18:31:49	56.0	54.0	18.1347
11/21/2017 18:32:00	53.0	52.0	17.268
11/21/2017 18:32:11	52.0	51.0	18.2051
11/21/2017 18:32:22	51.0	51.0	19.3299
11/21/2017 18:32:33	51.0	49.0	18.136
11/21/2017 18:32:44	50.0	49.0	18.3417
11/21/2017 18:32:55	48.0	48.0	19.3069
11/21/2017 18:33:06	48.0	47.0	19.7007
11/21/2017 18:33:17	49.0	48.0	17.9028
11/21/2017 18:33:28	51.0	50.0	17.3913
11/21/2017 18:33:39	52.0	51.0	18.6224
11/21/2017 18:33:51	54.0	53.0	18.9258
11/21/2017 18:34:02	55.0	54.0	18.2278
11/21/2017 18:34:13	56.0	55.0	20.4604
11/21/2017 18:34:24	57.0	56.0	16.624
11/21/2017 18:34:35	55.0	55.0	20.5128
11/21/2017 18:34:46	53.0	53.0	20.0514
11/21/2017 18:34:57	52.0	52.0	18.3206
11/21/2017 18:35:08	51.0	50.0	19.6474
11/21/2017 18:35:19	50.0	50.0	20.1018
11/21/2017 18:35:30	50.0	48.0	20.1511
11/21/2017 18:35:41	49.0	48.0	20.0508
11/21/2017 18:35:52	49.0	48.0	19.9495
11/21/2017 18:36:03	49.0	47.0	20.9184
11/21/2017 18:36:14	48.0	48.0	19.1919
11/21/2017 18:36:25	48.0	47.0	21.6285
11/21/2017 18:36:36	48.0	47.0	19.898
11/21/2017 18:36:47	48.0	47.0	21.0526
11/21/2017 18:36:58	47.0	47.0	20.8955
11/21/2017 18:37:09	49.0	48.0	20.1511
11/21/2017 18:37:20	51.0	51.0	20.7921
11/21/2017 18:37:31	52.0	52.0	20.9596
11/21/2017 18:37:42	54.0	53.0	20.8845
11/21/2017 18:37:53	55.0	54.0	21.9697
11/21/2017 18:38:04	58.0	56.0	22.6829
11/21/2017 18:38:15	58.0	56.0	21.6749
11/21/2017 18:38:26	55.0	54.0	22.0297
11/21/2017 18:38:37	53.0	52.0	22.5248
11/21/2017 18:38:48	52.0	51.0	22.5248
11/21/2017 18:38:59	51.0	50.0	21.8137
11/21/2017 18:39:10	50.0	49.0	21.5347
11/21/2017 18:39:21	49.0	49.0	20.5882
11/21/2017 18:39:32	49.0	48.0	21.3033
11/21/2017 18:39:43	49.0	48.0	20.7921
11/21/2017 18:39:54	48.0	47.0	23.2274
11/21/2017 18:40:05	48.0	48.0	22.7603
11/21/2017 18:40:16	47.0	47.0	22.0588
11/21/2017 18:40:27	48.0	47.0	20.2934
11/21/2017 18:40:38	50.0	49.0	24.0964
11/21/2017 18:40:49	52.0	51.0	23.741
11/21/2017 18:41:00	53.0	52.0	22.2494
11/21/2017 18:41:12	54.0	53.0	23.1325
11/21/2017 18:41:23	56.0	54.0	24.0291
11/21/2017 18:41:34	57.0	56.0	23.5437
11/21/2017 18:41:45	55.0	54.0	24.5455
11/21/2017 18:41:56	52.0	52.0	24.8244
11/21/2017 18:42:07	51.0	51.0	24.8826
11/21/2017 18:42:18	49.0	49.0	22.4344
11/21/2017 18:42:29	49.0	48.0	22.9858
11/21/2017 18:42:40	48.0	47.0	22.619
11/21/2017 18:42:51	48.0	47.0	20.9246
11/21/2017 18:43:02	48.0	47.0	23.2227
11/21/2017 18:43:13	50.0	50.0	22.5653
11/21/2017 18:43:24	51.0	51.0	21.7918
11/21/2017 18:43:35	52.0	52.0	23.2779
11/21/2017 18:43:46	54.0	53.0	20.7637
11/21/2017 18:43:57	54.0	54.0	21.875
11/21/2017 18:44:08	56.0	54.0	22.0657
11/21/2017 18:44:19	56.0	55.0	25.5924
11/21/2017 18:44:30	56.0	55.0	19.3627
11/21/2017 18:44:41	53.0	53.0	20.2469
11/21/2017 18:44:52	52.0	51.0	20.5882
11/21/2017 18:45:03	52.0	51.0	20.1474
11/21/2017 18:45:14	50.0	49.0	26.253
11/21/2017 18:45:25	50.0	48.0	19.7531
11/21/2017 18:45:36	49.0	48.0	19.0594
11/21/2017 18:45:47	48.0	47.0	19.5489
11/21/2017 18:45:58	47.0	47.0	18.5
11/21/2017 18:46:09	47.0	47.0	20.0495
11/21/2017 18:46:20	49.0	49.0	19.7044
11/21/2017 18:46:31	51.0	50.0	19.3069
11/21/2017 18:46:43	52.0	52.0	18.75
11/21/2017 18:46:54	53.0	52.0	19.2118
11/21/2017 18:47:05	54.0	53.0	17.7778
11/21/2017 18:47:16	55.0	54.0	18.2716
11/21/2017 18:47:27	55.0	55.0	18.4915
11/21/2017 18:47:38	55.0	55.0	18.1818
11/21/2017 18:47:49	55.0	54.0	21.5159
11/21/2017 18:48:00	52.0	52.0	18.7192
11/21/2017 18:48:11	51.0	51.0	19.603
11/21/2017 18:48:22	50.0	49.0	19.802
11/21/2017 18:48:33	48.0	48.0	18.2957
11/21/2017 18:48:44	48.0	48.0	19.3627
11/21/2017 18:48:55	48.0	47.0	20.5882
11/21/2017 18:49:06	47.0	47.0	21.4458
11/21/2017 18:49:17	48.0	48.0	22.2222
11/21/2017 18:49:28	50.0	50.0	20.4878
11/21/2017 18:49:39	52.0	52.0	18.2716
11/21/2017 18:49:50	52.0	53.0	19.2593
11/21/2017 18:50:01	54.0	53.0	18.8862
11/21/2017 18:50:12	55.0	54.0	19.4647
11/21/2017 18:50:23	55.0	55.0	19.9029
11/21/2017 18:50:34	56.0	56.0	20.098
11/21/2017 18:50:45	57.0	56.0	24.0786
11/21/2017 18:50:56	54.0	54.0	19.7531
11/21/2017 18:51:07	52.0	52.0	20
11/21/2017 18:51:18	50.0	50.0	20.3431
11/21/2017 18:51:29	49.0	49.0	19.6517
11/21/2017 18:51:40	49.0	48.0	19.9507
11/21/2017 18:51:51	48.0	47.0	20.1474
11/21/2017 18:52:03	47.0	47.0	20.6388
11/21/2017 18:52:14	47.0	46.0	31.9672
11/21/2017 18:52:25	49.0	48.0	21.6958
11/21/2017 18:52:36	51.0	51.0	21.7604
11/21/2017 18:52:47	52.0	52.0	23.2446
11/21/2017 18:52:58	54.0	54.0	21.7391
11/21/2017 18:53:09	55.0	54.0	21.2346
11/21/2017 18:53:20	56.0	55.0	19.5545
11/21/2017 18:53:31	57.0	56.0	25.7282
11/21/2017 18:53:42	54.0	53.0	22.7384
11/21/2017 18:53:53	53.0	53.0	22.9268
11/21/2017 18:54:04	51.0	51.0	20.197
11/21/2017 18:54:15	50.0	50.0	21.4112
11/21/2017 18:54:26	50.0	49.0	23.2614
11/21/2017 18:54:37	49.0	48.0	23.4146
11/21/2017 18:54:48	48.0	47.0	21.7604
11/21/2017 18:54:59	48.0	48.0	24.4552
11/21/2017 18:55:10	48.0	47.0	22.4939
11/21/2017 18:55:21	48.0	48.0	23.1144
11/21/2017 18:55:32	49.0	47.0	23.6585
11/21/2017 18:55:43	50.0	49.0	22.9829
11/21/2017 18:55:54	51.0	51.0	20.9756
11/21/2017 18:56:06	53.0	53.0	23.8329
11/21/2017 18:56:17	54.0	54.0	15.0895
11/21/2017 18:56:28	55.0	54.0	13.6598
11/21/2017 18:56:39	55.0	54.0	15.5216
11/21/2017 18:56:50	56.0	56.0	13.8107
11/21/2017 18:57:01	55.0	55.0	15.8163
11/21/2017 18:57:12	53.0	53.0	15.3247
11/21/2017 18:57:23	50.0	51.0	15.285
11/21/2017 18:57:34	50.0	50.0	15.4047
11/21/2017 18:57:45	48.0	48.0	14.9606
11/21/2017 18:57:56	48.0	47.0	14.1732
11/21/2017 18:58:07	48.0	47.0	14.8825
11/21/2017 18:58:18	46.0	47.0	16.4062
11/21/2017 18:58:29	48.0	47.0	14.0212
11/21/2017 18:58:40	50.0	49.0	13.3159
11/21/2017 18:58:51	51.0	51.0	13.2812
11/21/2017 18:59:02	52.0	52.0	12.2396
11/21/2017 18:59:13	54.0	53.0	12.8947
11/21/2017 18:59:24	54.0	54.0	12.336
11/21/2017 18:59:35	55.0	54.0	11.811
11/21/2017 18:59:46	56.0	55.0	12.7937
11/21/2017 18:59:57	56.0	55.0	14.3229
11/21/2017 19:00:08	55.0	54.0	13.8381
11/21/2017 19:00:19	52.0	53.0	12.6316
11/21/2017 19:00:30	51.0	51.0	13.2979
11/21/2017 19:00:41	49.0	49.0	14.0992
11/21/2017 19:00:52	49.0	48.0	14.3979
11/21/2017 19:01:03	48.0	47.0	13.2626
11/21/2017 19:01:15	47.0	47.0	14.3979
11/21/2017 19:01:26	48.0	48.0	13.7566
11/21/2017 19:01:37	50.0	49.0	13.9842
11/21/2017 19:01:48	51.0	51.0	14.1732
11/21/2017 19:01:59	53.0	52.0	12.3684
11/21/2017 19:02:10	53.0	53.0	12.2715
11/21/2017 19:02:21	55.0	54.0	12.4339
11/21/2017 19:02:32	55.0	54.0	12.1053
11/21/2017 19:02:43	56.0	56.0	12.0419
11/21/2017 19:02:54	56.0	55.0	12.5654
11/21/2017 19:03:05	53.0	54.0	13.9108
11/21/2017 19:03:16	52.0	51.0	13.9842
11/21/2017 19:03:27	51.0	50.0	13.3333
11/21/2017 19:03:38	49.0	49.0	13.4565
11/21/2017 19:03:49	48.0	48.0	13.6483
11/21/2017 19:04:00	48.0	48.0	14.6982
11/21/2017 19:04:11	47.0	47.0	13.6842
11/21/2017 19:04:22	48.0	47.0	14.5503
11/21/2017 19:04:33	49.0	49.0	13.6126
11/21/2017 19:04:44	50.0	50.0	13.4565
11/21/2017 19:04:55	52.0	51.0	13.2812
11/21/2017 19:05:06	53.0	53.0	12.3037
11/21/2017 19:05:17	54.0	53.0	12.3037
11/21/2017 19:05:28	55.0	54.0	13.3159
11/21/2017 19:05:39	56.0	54.0	11.811
11/21/2017 19:05:50	56.0	56.0	11.5789
11/21/2017 19:06:01	56.0	55.0	12.6984
11/21/2017 19:06:12	53.0	53.0	12.963
11/21/2017 19:06:23	51.0	51.0	14.1361
11/21/2017 19:06:35	50.0	50.0	14.1732
11/21/2017 19:06:46	49.0	48.0	14.0584
11/21/2017 19:06:57	48.0	48.0	12.6649
11/21/2017 19:07:08	48.0	47.0	14.5503
11/21/2017 19:07:19	48.0	47.0	13.4921
11/21/2017 19:07:30	50.0	48.0	19.0981
11/21/2017 19:07:41	51.0	50.0	12.6984
11/21/2017 19:07:52	52.0	51.0	12.0735
11/21/2017 19:08:03	53.0	53.0	12.8272
11/21/2017 19:08:14	54.0	53.0	12.1053
11/21/2017 19:08:25	55.0	54.0	11.5789
11/21/2017 19:08:36	56.0	55.0	12.8609
11/21/2017 19:08:47	57.0	56.0	12.5326
11/21/2017 19:08:58	56.0	55.0	11.811
11/21/2017 19:09:09	53.0	53.0	15.3439
11/21/2017 19:09:20	51.0	52.0	12.9973
11/21/2017 19:09:31	50.0	50.0	13.2275
11/21/2017 19:09:42	49.0	49.0	13.4565
11/21/2017 19:09:53	49.0	48.0	14.248
11/21/2017 19:10:04	48.0	47.0	15
11/21/2017 19:10:15	47.0	47.0	15.0396
11/21/2017 19:10:26	48.0	48.0	13.6126
11/21/2017 19:10:37	50.0	50.0	14.4737
11/21/2017 19:10:48	51.0	51.0	12.1693
11/21/2017 19:10:59	52.0	51.0	12.7604
11/21/2017 19:11:10	54.0	53.0	13.8743
11/21/2017 19:11:21	54.0	54.0	13.6842
11/21/2017 19:11:32	55.0	54.0	12.0735
11/21/2017 19:11:44	56.0	55.0	13.3508
11/21/2017 19:11:55	56.0	56.0	12.3037
11/21/2017 19:12:06	54.0	54.0	13.1234
11/21/2017 19:12:17	52.0	52.0	14.9215
11/21/2017 19:12:28	50.0	50.0	13.6483
11/21/2017 19:12:39	50.0	49.0	13.7931
11/21/2017 19:12:50	49.0	48.0	13.2979
11/21/2017 19:13:01	48.0	48.0	13.9474
11/21/2017 19:13:12	48.0	48.0	14.2105
11/21/2017 19:13:23	50.0	50.0	12.8947
11/21/2017 19:13:34	51.0	51.0	12.8947
11/21/2017 19:13:45	53.0	52.0	12.6316
11/21/2017 19:13:56	54.0	53.0	11.8421
11/21/2017 19:14:07	54.0	54.0	13.089
11/21/2017 19:14:18	55.0	55.0	12.7937
11/21/2017 19:14:29	56.0	55.0	12.8272
11/21/2017 19:14:40	56.0	56.0	11.2861
11/21/2017 19:14:51	57.0	56.0	13.9474
11/21/2017 19:15:02	54.0	54.0	13.9108
11/21/2017 19:15:13	52.0	52.0	13.1579
11/21/2017 19:15:24	52.0	50.0	13.6842
11/21/2017 19:15:35	49.0	49.0	13.2275
11/21/2017 19:15:46	49.0	47.0	14.6982
11/21/2017 19:15:57	48.0	47.0	13.6842
11/21/2017 19:16:08	48.0	46.0	15.3846
11/21/2017 19:16:19	48.0	48.0	14.2105
11/21/2017 19:16:30	50.0	50.0	13.1926
11/21/2017 19:16:41	51.0	51.0	12.5654
11/21/2017 19:16:53	52.0	53.0	12.4339
11/21/2017 19:17:04	53.0	54.0	11.8421
11/21/2017 19:17:15	54.0	54.0	12.5326
11/21/2017 19:17:26	55.0	55.0	11.8734
11/21/2017 19:17:37	55.0	55.0	11.5789
11/21/2017 19:17:48	56.0	56.0	11.3158
11/21/2017 19:17:59	56.0	56.0	11.8734
11/21/2017 19:18:10	53.0	53.0	13.6483
11/21/2017 19:18:21	51.0	51.0	14.5119
11/21/2017 19:18:32	50.0	50.0	13.9474
11/21/2017 19:18:43	49.0	48.0	13.4565
11/21/2017 19:18:54	48.0	48.0	14.5119
11/21/2017 19:19:05	48.0	47.0	13.6483
11/21/2017 19:19:16	48.0	48.0	13.2979
11/21/2017 19:19:27	50.0	50.0	13.9108
11/21/2017 19:19:38	51.0	50.0	14.1732
11/21/2017 19:19:49	52.0	52.0	12.5326
11/21/2017 19:20:00	53.0	53.0	12.8609
11/21/2017 19:20:11	54.0	54.0	12.0419
11/21/2017 19:20:22	55.0	54.0	13.3159
11/21/2017 19:20:33	56.0	56.0	11.7801
11/21/2017 19:20:44	56.0	55.0	11.811
11/21/2017 19:20:55	57.0	56.0	13.0208
11/21/2017 19:21:06	54.0	54.0	12.963
11/21/2017 19:21:17	52.0	52.0	13.1234
11/21/2017 19:21:28	50.0	51.0	14.7757
11/21/2017 19:21:39	50.0	49.0	13.6483
11/21/2017 19:21:50	48.0	48.0	13.6483
11/21/2017 19:22:02	47.0	47.0	14.248
11/21/2017 19:22:13	48.0	46.0	13.3508
11/21/2017 19:22:24	48.0	48.0	14.6982
11/21/2017 19:22:35	49.0	49.0	14.2105
11/21/2017 19:22:46	51.0	51.0	14.5833
11/21/2017 19:22:57	51.0	52.0	12.5654
11/21/2017 19:23:08	53.0	53.0	13.089
11/21/2017 19:23:19	54.0	54.0	12.3037
11/21/2017 19:23:30	55.0	55.0	13.6842
11/21/2017 19:23:41	56.0	55.0	11.5789
11/21/2017 19:23:52	57.0	55.0	12.1053
11/21/2017 19:24:03	56.0	55.0	12.5984
11/21/2017 19:24:14	53.0	53.0	13.2275
11/21/2017 19:24:25	52.0	51.0	13.1234
11/21/2017 19:24:36	50.0	50.0	14.4737
11/21/2017 19:24:47	49.0	50.0	14.9606
11/21/2017 19:24:58	48.0	48.0	14.3979
11/21/2017 19:25:09	48.0	47.0	15.7895
11/21/2017 19:25:20	47.0	47.0	13.9108
11/21/2017 19:25:31	49.0	49.0	12.6316
11/21/2017 19:25:42	51.0	51.0	12.9288
11/21/2017 19:25:53	52.0	52.0	11.811
11/21/2017 19:26:04	53.0	53.0	12.336
11/21/2017 19:26:15	54.0	54.0	12.8272
11/21/2017 19:26:26	55.0	54.0	12.7937
11/21/2017 19:26:37	55.0	55.0	12.6316
11/21/2017 19:26:48	55.0	56.0	11.2861
11/21/2017 19:26:59	56.0	56.0	12.0419
11/21/2017 19:27:10	56.0	55.0	12.5654
11/21/2017 19:27:22	53.0	53.0	13.6126
11/21/2017 19:27:33	51.0	51.0	13.6483
11/21/2017 19:27:44	50.0	50.0	14.2857
11/21/2017 19:27:55	49.0	48.0	13.9474
11/21/2017 19:28:06	48.0	48.0	13.6842
11/21/2017 19:28:17	47.0	47.0	14.4737
11/21/2017 19:28:28	48.0	48.0	13.7203
11/21/2017 19:28:39	50.0	49.0	14.9606
11/21/2017 19:28:50	51.0	51.0	13.3159
11/21/2017 19:29:01	52.0	52.0	12.336
11/21/2017 19:29:12	53.0	53.0	12.6316
11/21/2017 19:29:23	54.0	54.0	12.5654
11/21/2017 19:29:34	55.0	54.0	12.7273
11/21/2017 19:29:45	55.0	54.0	12.5984
11/21/2017 19:29:56	56.0	56.0	11.2861
11/21/2017 19:30:07	56.0	56.0	11.811
11/21/2017 19:30:18	57.0	56.0	12.336
11/21/2017 19:30:29	54.0	54.0	11.8734
11/21/2017 19:30:40	51.0	51.0	14.1361
11/21/2017 19:30:51	50.0	50.0	16.0105
11/21/2017 19:31:02	49.0	49.0	12.6984
11/21/2017 19:31:13	48.0	48.0	13.9108
11/21/2017 19:31:24	48.0	48.0	13.4565
11/21/2017 19:31:35	47.0	47.0	13.9108
11/21/2017 19:31:46	49.0	48.0	14.248
11/21/2017 19:31:57	50.0	50.0	13.1234
11/21/2017 19:32:08	51.0	51.0	12.336
11/21/2017 19:32:19	53.0	53.0	12.336
11/21/2017 19:32:31	54.0	53.0	13.5417
11/21/2017 19:32:42	55.0	54.0	13.3858
11/21/2017 19:32:53	55.0	54.0	12.8272
11/21/2017 19:33:04	56.0	55.0	11.6095
11/21/2017 19:33:15	56.0	55.0	11.811
11/21/2017 19:33:26	55.0	55.0	13.0208
11/21/2017 19:33:37	52.0	53.0	12.1053
11/21/2017 19:33:48	51.0	51.0	14.1732
11/21/2017 19:33:59	50.0	49.0	14.2857
11/21/2017 19:34:10	49.0	48.0	13.9474
11/21/2017 19:34:21	48.0	47.0	14.2105
11/21/2017 19:34:32	48.0	47.0	13.4211
11/21/2017 19:34:43	47.0	47.0	12.8947
11/21/2017 19:34:54	49.0	49.0	14.0584
11/21/2017 19:35:05	51.0	51.0	13.5065
11/21/2017 19:35:16	52.0	51.0	13.3508
11/21/2017 19:35:27	53.0	53.0	12.8272
11/21/2017 19:35:38	54.0	53.0	12.1053
11/21/2017 19:35:49	55.0	54.0	12.3037
11/21/2017 19:36:00	55.0	54.0	13.577
11/21/2017 19:36:11	56.0	55.0	11.811
11/21/2017 19:36:22	57.0	56.0	12.6316
11/21/2017 19:36:33	56.0	56.0	12.5326
11/21/2017 19:36:44	53.0	53.0	12.1053
11/21/2017 19:36:55	51.0	51.0	13.1579
11/21/2017 19:37:06	50.0	49.0	14.2105
11/21/2017 19:37:17	49.0	48.0	13.8381
11/21/2017 19:37:28	48.0	48.0	14.8825
11/21/2017 19:37:39	47.0	47.0	13.7203
11/21/2017 19:37:51	49.0	48.0	13.6126
11/21/2017 19:38:02	50.0	50.0	12.9288
11/21/2017 19:38:13	51.0	51.0	12.5984
11/21/2017 19:38:24	52.0	52.0	13.6126
11/21/2017 19:38:35	53.0	53.0	12.2715
11/21/2017 19:38:46	54.0	54.0	12.2715
11/21/2017 19:38:57	55.0	54.0	12.3037
11/21/2017 19:39:08	55.0	55.0	11.9363
11/21/2017 19:39:19	56.0	55.0	12.7604
11/21/2017 19:39:30	56.0	56.0	12.7604
11/21/2017 19:39:41	54.0	54.0	12.336
11/21/2017 19:39:52	52.0	53.0	13.4211
11/21/2017 19:40:03	51.0	51.0	13.8381
11/21/2017 19:40:14	50.0	48.0	14.3979
11/21/2017 19:40:25	48.0	48.0	14.6597
11/21/2017 19:40:36	48.0	48.0	13.1926
11/21/2017 19:40:47	47.0	47.0	13.7203
11/21/2017 19:40:58	48.0	48.0	13.1579
11/21/2017 19:41:09	50.0	50.0	12.8947
11/21/2017 19:41:20	51.0	51.0	13.7566
11/21/2017 19:41:31	53.0	53.0	13.2468
11/21/2017 19:41:42	54.0	53.0	11.811
11/21/2017 19:41:53	54.0	54.0	12.2715
11/21/2017 19:42:04	55.0	55.0	11.7493
11/21/2017 19:42:15	55.0	55.0	13.1234
11/21/2017 19:42:26	56.0	55.0	11.5789
11/21/2017 19:42:37	56.0	57.0	12.5
11/21/2017 19:42:48	56.0	56.0	13.5417
11/21/2017 19:43:00	53.0	53.0	13.4211
11/21/2017 19:43:11	51.0	51.0	13.7203
11/21/2017 19:43:22	49.0	50.0	13.7203
11/21/2017 19:43:33	49.0	49.0	13.6126
11/21/2017 19:43:44	48.0	47.0	14.4737
11/21/2017 19:43:55	48.0	48.0	13.6483
11/21/2017 19:44:06	49.0	49.0	12.9288
11/21/2017 19:44:17	51.0	51.0	14.6214
11/21/2017 19:44:28	51.0	52.0	12.0104
11/21/2017 19:44:39	52.0	52.0	12.1053
11/21/2017 19:44:50	54.0	54.0	12.8272
11/21/2017 19:45:01	54.0	54.0	12.0419
11/21/2017 19:45:12	55.0	55.0	11.3158
11/21/2017 19:45:23	56.0	55.0	11.5789
11/21/2017 19:45:34	56.0	55.0	12.8272
11/21/2017 19:45:45	57.0	56.0	12.5326
11/21/2017 19:45:56	54.0	53.0	12.3037
11/21/2017 19:46:07	52.0	52.0	13.1926
11/21/2017 19:46:18	50.0	50.0	13.7931
11/21/2017 19:46:29	49.0	49.0	13.6842
11/21/2017 19:46:40	48.0	48.0	12.9973
11/21/2017 19:46:51	48.0	46.0	14.8438
11/21/2017 19:47:02	48.0	48.0	13.6483
11/21/2017 19:47:13	50.0	50.0	12.9288
11/21/2017 19:47:24	51.0	51.0	14.1732
11/21/2017 19:47:35	53.0	52.0	13.089
11/21/2017 19:47:46	53.0	53.0	11.8421
11/21/2017 19:47:57	54.0	54.0	12.5
11/21/2017 19:48:09	56.0	55.0	12.0419
11/21/2017 19:48:20	55.0	55.0	12.5654
11/21/2017 19:48:31	55.0	55.0	11.7801
11/21/2017 19:48:42	56.0	56.0	13.8743
11/21/2017 19:48:53	54.0	54.0	12.5654
11/21/2017 19:49:04	52.0	53.0	12.5984
11/21/2017 19:49:15	51.0	51.0	14.1361
11/21/2017 19:49:26	50.0	49.0	13.5279
11/21/2017 19:49:37	48.0	48.0	14.1732
11/21/2017 19:49:48	48.0	47.0	13.1579
11/21/2017 19:49:59	48.0	48.0	15.445
11/21/2017 19:50:10	51.0	50.0	11.8421
11/21/2017 19:50:21	51.0	51.0	12.336
11/21/2017 19:50:32	52.0	52.0	13.1234
11/21/2017 19:50:43	53.0	53.0	11.5789
11/21/2017 19:50:54	54.0	53.0	13.3159
11/21/2017 19:51:05	55.0	54.0	12.0104
11/21/2017 19:51:16	55.0	55.0	12.0735
11/21/2017 19:51:27	56.0	56.0	12.5654
11/21/2017 19:51:38	56.0	56.0	11.5789
11/21/2017 19:51:49	56.0	55.0	11.0526
11/21/2017 19:52:00	53.0	53.0	14.0625
11/21/2017 19:52:11	51.0	51.0	12.9288
11/21/2017 19:52:22	50.0	50.0	13.7203
11/21/2017 19:52:33	49.0	48.0	14.4357
11/21/2017 19:52:44	48.0	47.0	13.9474
11/21/2017 19:52:55	48.0	47.0	14.6982
11/21/2017 19:53:06	50.0	49.0	15.3439
11/21/2017 19:53:17	51.0	50.0	11.5486
11/21/2017 19:53:29	51.0	51.0	12.6649
11/21/2017 19:53:40	52.0	52.0	12.336
11/21/2017 19:53:51	54.0	53.0	11.7493
11/21/2017 19:54:02	55.0	53.0	13.577
11/21/2017 19:54:13	55.0	54.0	11.811
11/21/2017 19:54:24	56.0	55.0	12.0419
11/21/2017 19:54:35	56.0	55.0	12.2715
11/21/2017 19:54:46	56.0	55.0	12.5
11/21/2017 19:54:57	53.0	53.0	12.1372
11/21/2017 19:55:08	51.0	51.0	14.2105
11/21/2017 19:55:19	50.0	50.0	13.9108
11/21/2017 19:55:30	49.0	48.0	13.1579
11/21/2017 19:55:41	48.0	48.0	13.7203
11/21/2017 19:55:52	47.0	47.0	13.6842
11/21/2017 19:56:03	48.0	48.0	13.9842
11/21/2017 19:56:14	50.0	49.0	13.6126
11/21/2017 19:56:25	51.0	51.0	12.3037
11/21/2017 19:56:36	52.0	52.0	12.5654
11/21/2017 19:56:47	53.0	53.0	12.0735
11/21/2017 19:56:58	54.0	53.0	11.811
11/21/2017 19:57:09	55.0	54.0	12.8609
11/21/2017 19:57:20	56.0	55.0	12.0104
11/21/2017 19:57:31	56.0	55.0	11.5486
11/21/2017 19:57:42	57.0	55.0	13.4211
11/21/2017 19:57:53	56.0	55.0	13.6126
11/21/2017 19:58:04	53.0	53.0	12.8272
11/21/2017 19:58:15	51.0	51.0	14.2857
11/21/2017 19:58:26	50.0	50.0	13.6483
11/21/2017 19:58:37	49.0	48.0	13.2626
11/21/2017 19:58:48	48.0	48.0	13.7566
11/21/2017 19:59:00	48.0	47.0	13.7203
11/21/2017 19:59:11	49.0	48.0	14.0957
11/21/2017 19:59:22	51.0	50.0	12.5326
11/21/2017 19:59:33	51.0	52.0	12.0735
11/21/2017 19:59:44	52.0	52.0	13.2812
11/21/2017 19:59:55	54.0	53.0	11.811
11/21/2017 20:00:06	55.0	54.0	11.5183
11/21/2017 20:00:17	55.0	54.0	12.5654
11/21/2017 20:00:28	56.0	56.0	11.7801
11/21/2017 20:00:39	57.0	56.0	12.0104
11/21/2017 20:00:50	57.0	57.0	12.5984
11/21/2017 20:01:01	55.0	54.0	12.5984
11/21/2017 20:01:12	52.0	52.0	13.1579
11/21/2017 20:01:23	51.0	50.0	13.7931
11/21/2017 20:01:34	49.0	50.0	13.3858
11/21/2017 20:01:45	49.0	48.0	13.1926
11/21/2017 20:01:56	48.0	47.0	13.4211
11/21/2017 20:02:07	49.0	48.0	13.8381
11/21/2017 20:02:18	50.0	50.0	12.5326
11/21/2017 20:02:29	51.0	51.0	12.7937
11/21/2017 20:02:40	52.0	53.0	12.336
11/21/2017 20:02:51	53.0	53.0	12.8272
11/21/2017 20:03:02	54.0	54.0	12.5326
11/21/2017 20:03:13	54.0	54.0	11.7801
11/21/2017 20:03:24	55.0	54.0	12.0419
11/21/2017 20:03:35	56.0	55.0	11.9481
11/21/2017 20:03:46	56.0	56.0	12.0735
11/21/2017 20:03:57	54.0	54.0	13.0548
11/21/2017 20:04:08	51.0	51.0	13.1926
11/21/2017 20:04:20	51.0	50.0	13.4211
11/21/2017 20:04:31	49.0	48.0	14.0212
11/21/2017 20:04:42	48.0	48.0	13.4211
11/21/2017 20:04:53	48.0	47.0	14.4737
11/21/2017 20:05:04	48.0	47.0	13.1926
11/21/2017 20:05:15	49.0	49.0	12.336
11/21/2017 20:05:26	51.0	51.0	13.6842
11/21/2017 20:05:37	52.0	51.0	13.8743
11/21/2017 20:05:48	52.0	53.0	12.0104
11/21/2017 20:05:59	54.0	54.0	12.5984
11/21/2017 20:06:10	55.0	54.0	12.2396
11/21/2017 20:06:21	55.0	54.0	12.0104
11/21/2017 20:06:32	56.0	55.0	12.3684
11/21/2017 20:06:43	56.0	56.0	11.3158
11/21/2017 20:06:54	56.0	56.0	12.0419
11/21/2017 20:07:05	53.0	53.0	12.6316
11/21/2017 20:07:16	51.0	51.0	14.0625
11/21/2017 20:07:27	50.0	50.0	13.7566
11/21/2017 20:07:38	49.0	48.0	14.9215
11/21/2017 20:07:49	48.0	48.0	14.2105
11/21/2017 20:08:00	47.0	47.0	15.9686
11/21/2017 20:08:11	48.0	48.0	13.8743
11/21/2017 20:08:22	50.0	50.0	12.7937
11/21/2017 20:08:33	51.0	51.0	12.5654
11/21/2017 20:08:44	52.0	53.0	12.0419
11/21/2017 20:08:55	53.0	53.0	12.0419
11/21/2017 20:09:06	54.0	54.0	13.0208
11/21/2017 20:09:17	55.0	54.0	12.4675
11/21/2017 20:09:29	55.0	54.0	11.8421
11/21/2017 20:09:40	56.0	56.0	13.577
11/21/2017 20:09:51	55.0	55.0	12.2715
11/21/2017 20:10:02	53.0	53.0	13.4715
11/21/2017 20:10:13	51.0	51.0	12.963
11/21/2017 20:10:24	50.0	50.0	13.9474
11/21/2017 20:10:35	49.0	48.0	14.1732
11/21/2017 20:10:46	48.0	47.0	13.6842
11/21/2017 20:10:57	47.0	47.0	12.6984
11/21/2017 20:11:08	49.0	48.0	14.6982
11/21/2017 20:11:19	50.0	50.0	12.3037
11/21/2017 20:11:30	51.0	51.0	12.7937
11/21/2017 20:11:41	52.0	53.0	12.3037
11/21/2017 20:11:52	54.0	53.0	12.0735
11/21/2017 20:12:03	54.0	54.0	19.0104
11/21/2017 20:12:14	53.0	52.0	16.2304
11/21/2017 20:12:25	51.0	51.0	17.801
11/21/2017 20:12:36	50.0	50.0	17.6166
11/21/2017 20:12:47	49.0	49.0	16.4491
11/21/2017 20:12:58	48.0	48.0	16.4062
11/21/2017 20:13:09	48.0	48.0	16.1458
11/21/2017 20:13:20	48.0	47.0	17.3127
11/21/2017 20:13:31	50.0	50.0	17.0157
11/21/2017 20:13:42	51.0	51.0	17.3127
11/21/2017 20:13:53	52.0	53.0	17.4935
11/21/2017 20:14:04	56.0	54.0	17.0157
11/21/2017 20:14:15	56.0	55.0	16.3636
11/21/2017 20:14:26	57.0	55.0	16.2791
11/21/2017 20:14:37	57.0	56.0	17.3575
11/21/2017 20:14:48	55.0	54.0	17.5393
11/21/2017 20:14:59	52.0	52.0	19.1601
11/21/2017 20:15:10	51.0	51.0	17.1875
11/21/2017 20:15:21	50.0	50.0	18.75
11/21/2017 20:15:32	49.0	49.0	17.0984
11/21/2017 20:15:44	49.0	48.0	18.7013
11/21/2017 20:15:55	48.0	48.0	19.171
11/21/2017 20:16:06	48.0	47.0	16.5375
11/21/2017 20:16:17	47.0	47.0	12.8947
11/21/2017 20:16:28	48.0	48.0	14.248
11/21/2017 20:16:39	50.0	50.0	13.4211
11/21/2017 20:16:50	51.0	50.0	13.0548
11/21/2017 20:17:01	51.0	52.0	12.336
11/21/2017 20:17:12	52.0	53.0	11.5789
11/21/2017 20:17:23	53.0	54.0	12.7937
11/21/2017 20:17:34	54.0	54.0	12.1053
11/21/2017 20:17:45	55.0	54.0	12.0104
11/21/2017 20:17:56	56.0	56.0	13.0548
11/21/2017 20:18:07	56.0	55.0	13.9474
11/21/2017 20:18:18	54.0	54.0	13.587
11/21/2017 20:18:29	52.0	53.0	14.4737
11/21/2017 20:18:40	51.0	51.0	11.7801
11/21/2017 20:18:51	49.0	49.0	16.3158
11/21/2017 20:19:02	49.0	49.0	15.2231
11/21/2017 20:19:13	48.0	48.0	13.6483
11/21/2017 20:19:24	48.0	48.0	16.2791
11/21/2017 20:19:35	48.0	48.0	13.7931
11/21/2017 20:19:46	47.0	47.0	14.5455
11/21/2017 20:19:57	49.0	49.0	12.5984
11/21/2017 20:20:08	50.0	51.0	14.5833
11/21/2017 20:20:19	51.0	52.0	12.5326
11/21/2017 20:20:30	53.0	53.0	13.0548
11/21/2017 20:20:41	53.0	54.0	12.5
11/21/2017 20:20:53	54.0	54.0	12.3037
11/21/2017 20:21:04	55.0	54.0	13.3159
11/21/2017 20:21:15	55.0	55.0	13.9108
11/21/2017 20:21:26	55.0	56.0	11.5789
11/21/2017 20:21:37	55.0	55.0	13.3159
11/21/2017 20:21:48	52.0	53.0	13.5065
11/21/2017 20:21:59	51.0	51.0	12.336
11/21/2017 20:22:10	50.0	50.0	14.3979
11/21/2017 20:22:21	48.0	48.0	14.1361
11/21/2017 20:22:32	48.0	47.0	13.4211
11/21/2017 20:22:43	47.0	46.0	14.6597
11/21/2017 20:22:54	48.0	48.0	13.7203
11/21/2017 20:23:05	50.0	50.0	13.9108
11/21/2017 20:23:16	51.0	51.0	13.3159
11/21/2017 20:23:27	52.0	53.0	12.0419
11/21/2017 20:23:38	53.0	53.0	12.6316
11/21/2017 20:23:49	54.0	54.0	12.3037
11/21/2017 20:24:00	54.0	54.0	12.3037
11/21/2017 20:24:11	56.0	55.0	12.7937
11/21/2017 20:24:22	56.0	56.0	12.7937
11/21/2017 20:24:33	54.0	53.0	12.2715
11/21/2017 20:24:44	52.0	52.0	14.4357
11/21/2017 20:24:55	50.0	51.0	12.963
11/21/2017 20:25:06	49.0	50.0	13.9842
11/21/2017 20:25:17	48.0	48.0	14.6214
11/21/2017 20:25:28	47.0	47.0	14.3979
11/21/2017 20:25:39	48.0	49.0	12.8272
11/21/2017 20:25:51	50.0	50.0	12.1053
11/21/2017 20:26:02	51.0	51.0	12.5984
11/21/2017 20:26:13	52.0	53.0	12.9288
11/21/2017 20:26:24	54.0	53.0	11.7801
11/21/2017 20:26:35	54.0	54.0	12.7604
11/21/2017 20:26:46	54.0	54.0	13.2812
11/21/2017 20:26:57	56.0	56.0	12.0735
11/21/2017 20:27:08	56.0	56.0	12.3037
11/21/2017 20:27:19	57.0	57.0	13.3159
11/21/2017 20:27:30	55.0	55.0	14.5503
11/21/2017 20:27:41	52.0	52.0	13.6842
11/21/2017 20:27:52	51.0	50.0	14.2857
11/21/2017 20:28:03	49.0	49.0	13.1579
11/21/2017 20:28:14	48.0	48.0	14.1732
11/21/2017 20:28:25	48.0	47.0	13.6842
11/21/2017 20:28:36	49.0	48.0	15.748
11/21/2017 20:28:47	50.0	50.0	13.6126
11/21/2017 20:28:58	51.0	51.0	13.6126
11/21/2017 20:29:09	52.0	52.0	12.2715
11/21/2017 20:29:20	54.0	53.0	13.3159
11/21/2017 20:29:31	54.0	54.0	12.3037
11/21/2017 20:29:42	55.0	54.0	12.0735
11/21/2017 20:29:53	56.0	55.0	12.5984
11/21/2017 20:30:04	56.0	55.0	12.5
11/21/2017 20:30:15	56.0	57.0	13.8381
11/21/2017 20:30:26	54.0	53.0	14.6597
11/21/2017 20:30:38	52.0	51.0	13.7203
11/21/2017 20:30:49	50.0	50.0	12.9973
11/21/2017 20:31:00	49.0	48.0	15.1832
11/21/2017 20:31:11	48.0	48.0	13.1926
11/21/2017 20:31:22	48.0	47.0	14.9606
11/21/2017 20:31:33	49.0	49.0	13.4565
11/21/2017 20:31:44	51.0	50.0	13.3858
11/21/2017 20:31:55	52.0	51.0	12.8272
11/21/2017 20:32:06	52.0	53.0	12.7937
11/21/2017 20:32:17	54.0	54.0	13.0208
11/21/2017 20:32:28	54.0	54.0	12.8947
11/21/2017 20:32:39	55.0	54.0	12.1053
11/21/2017 20:32:50	55.0	56.0	12.3037
11/21/2017 20:33:01	56.0	56.0	13.9474
11/21/2017 20:33:12	57.0	56.0	13.6483
11/21/2017 20:33:23	55.0	54.0	12.8947
11/21/2017 20:33:34	52.0	52.0	14.7757
11/21/2017 20:33:45	50.0	51.0	13.8743
11/21/2017 20:33:56	49.0	48.0	13.9108
11/21/2017 20:34:07	48.0	48.0	13.7203
11/21/2017 20:34:18	48.0	47.0	13.8743
11/21/2017 20:34:29	48.0	48.0	14.7757
11/21/2017 20:34:40	50.0	50.0	13.1579
11/21/2017 20:34:51	51.0	51.0	14.1732
11/21/2017 20:35:02	52.0	52.0	13.2812
11/21/2017 20:35:13	54.0	53.0	12.0735
11/21/2017 20:35:25	54.0	53.0	11.811
11/21/2017 20:35:36	55.0	55.0	13.577
11/21/2017 20:35:47	55.0	55.0	12.5326
11/21/2017 20:35:58	56.0	55.0	13.0548
11/21/2017 20:36:09	56.0	56.0	12.5654
11/21/2017 20:36:20	56.0	55.0	12.2715
11/21/2017 20:36:31	53.0	53.0	12.3037
11/21/2017 20:36:42	51.0	51.0	15
11/21/2017 20:36:53	49.0	50.0	15.1042
11/21/2017 20:37:04	49.0	48.0	14.2105
11/21/2017 20:37:15	48.0	48.0	14.1361
11/21/2017 20:37:26	48.0	48.0	13.9108
11/21/2017 20:37:37	50.0	49.0	12.8609
11/21/2017 20:37:48	51.0	51.0	12.3037
11/21/2017 20:37:59	52.0	52.0	12.5326
11/21/2017 20:38:10	53.0	53.0	13.5417
11/21/2017 20:38:21	54.0	54.0	12.1053
11/21/2017 20:38:32	54.0	54.0	11.5789
11/21/2017 20:38:43	55.0	54.0	13.3508
11/21/2017 20:38:54	56.0	56.0	12.336
11/21/2017 20:39:05	56.0	56.0	12.6649
11/21/2017 20:39:16	57.0	56.0	12.8609
11/21/2017 20:39:27	55.0	54.0	14.1361
11/21/2017 20:39:38	51.0	52.0	13.9108
11/21/2017 20:39:49	50.0	50.0	12.8272
11/21/2017 20:40:00	49.0	49.0	13.8743
11/21/2017 20:40:11	48.0	48.0	13.9842
11/21/2017 20:40:23	48.0	47.0	13.9108
11/21/2017 20:40:34	49.0	49.0	12.1053
11/21/2017 20:40:45	50.0	51.0	13.7203
11/21/2017 20:40:56	52.0	51.0	11.8421
11/21/2017 20:41:07	53.0	53.0	12.5326
11/21/2017 20:41:18	54.0	53.0	12.5984
11/21/2017 20:41:29	54.0	54.0	13.8743
11/21/2017 20:41:40	56.0	55.0	15.544
11/21/2017 20:41:51	56.0	56.0	16.6667
11/21/2017 20:42:02	57.0	57.0	16.3212
11/21/2017 20:42:13	55.0	54.0	16.0105
11/21/2017 20:42:24	52.0	52.0	16.7979
11/21/2017 20:42:35	51.0	51.0	17.801
11/21/2017 20:42:46	51.0	51.0	17.268
11/21/2017 20:42:57	50.0	49.0	18.75
11/21/2017 20:43:08	48.0	48.0	15.8854
11/21/2017 20:43:19	48.0	48.0	17.5393
11/21/2017 20:43:30	47.0	47.0	15.7895
11/21/2017 20:43:41	49.0	49.0	17.1875
11/21/2017 20:43:52	51.0	51.0	16.4491
11/21/2017 20:44:03	52.0	53.0	17.1429
11/21/2017 20:44:14	53.0	53.0	14.6214
11/21/2017 20:44:25	55.0	54.0	15.8854
11/21/2017 20:44:36	55.0	55.0	15.9151
11/21/2017 20:44:47	55.0	55.0	19.3717
11/21/2017 20:44:58	55.0	53.0	16.4062
11/21/2017 20:45:09	52.0	51.0	17.4479
11/21/2017 20:45:20	51.0	50.0	17.801
11/21/2017 20:45:31	50.0	50.0	14.8825
11/21/2017 20:45:42	49.0	48.0	19.685
11/21/2017 20:45:53	48.0	48.0	19.1099
11/21/2017 20:46:04	48.0	48.0	15.3247
11/21/2017 20:46:15	48.0	48.0	15.4856
11/21/2017 20:46:27	48.0	48.0	18.5379
11/21/2017 20:46:38	49.0	49.0	17.4935
11/21/2017 20:46:49	51.0	51.0	15.5844
11/21/2017 20:47:00	52.0	53.0	17.4479
11/21/2017 20:47:11	54.0	53.0	19.5312
11/21/2017 20:47:22	55.0	54.0	17.5393
11/21/2017 20:47:33	57.0	55.0	17.7083
11/21/2017 20:47:44	57.0	56.0	16.1039
11/21/2017 20:47:55	54.0	54.0	17.0157
11/21/2017 20:48:06	52.0	51.0	14.1361
11/21/2017 20:48:17	51.0	51.0	18.1818
11/21/2017 20:48:28	49.0	50.0	18.2292
11/21/2017 20:48:39	52.0	50.0	18.0157
11/21/2017 20:48:50	49.0	49.0	17.0604
11/21/2017 20:49:01	48.0	47.0	17.7083
11/21/2017 20:49:12	49.0	48.0	17.1429
11/21/2017 20:49:23	47.0	48.0	19.0104
11/21/2017 20:49:34	48.0	48.0	16.7539
11/21/2017 20:49:45	50.0	50.0	17.7083
11/21/2017 20:49:56	51.0	51.0	16.6234
11/21/2017 20:50:07	53.0	52.0	14.4703
11/21/2017 20:50:18	54.0	54.0	18.0628
11/21/2017 20:50:29	55.0	54.0	18.0879
11/21/2017 20:50:40	57.0	56.0	17.8756
11/21/2017 20:50:51	58.0	57.0	17.7083
11/21/2017 20:51:02	55.0	54.0	17.1429
11/21/2017 20:51:13	53.0	53.0	16.4491
11/21/2017 20:51:24	51.0	52.0	18.4896
11/21/2017 20:51:35	50.0	51.0	17.4479
11/21/2017 20:51:46	50.0	49.0	16.7979
11/21/2017 20:51:57	49.0	48.0	16.4491
11/21/2017 20:52:08	49.0	48.0	17.2324
11/21/2017 20:52:19	48.0	47.0	17.801
11/21/2017 20:52:30	48.0	47.0	19.7403
11/21/2017 20:52:42	49.0	49.0	17.1429
11/21/2017 20:52:53	50.0	51.0	17.4479
11/21/2017 20:53:04	52.0	53.0	16.9271
11/21/2017 20:53:15	54.0	54.0	17.7083
11/21/2017 20:53:26	55.0	55.0	19.5312
11/21/2017 20:53:37	56.0	56.0	16.188
11/21/2017 20:53:48	58.0	57.0	16.6667
11/21/2017 20:53:59	55.0	54.0	18.2768
11/21/2017 20:54:10	53.0	52.0	15.625
11/21/2017 20:54:21	51.0	51.0	14.9215
11/21/2017 20:54:32	50.0	50.0	20.0521
11/21/2017 20:54:43	50.0	49.0	16.2304
11/21/2017 20:54:54	49.0	49.0	16.1458
11/21/2017 20:55:05	49.0	48.0	17.1875
11/21/2017 20:55:16	49.0	48.0	16.8394
11/21/2017 20:55:27	49.0	48.0	16.6667
11/21/2017 20:55:38	48.0	47.0	15.625
11/21/2017 20:55:49	48.0	47.0	17.5393
11/21/2017 20:56:00	50.0	50.0	15.9686
11/21/2017 20:56:11	52.0	51.0	17.2775
11/21/2017 20:56:22	53.0	53.0	15.1042
11/21/2017 20:56:33	54.0	54.0	16.2791
11/21/2017 20:56:44	55.0	54.0	16.9713
11/21/2017 20:56:55	56.0	55.0	14.8052
11/21/2017 20:57:06	57.0	57.0	17.9221
11/21/2017 20:57:17	54.0	54.0	18.1102
11/21/2017 20:57:28	53.0	53.0	20.7254
11/21/2017 20:57:39	51.0	51.0	17.1875
11/21/2017 20:57:50	52.0	51.0	18.3463
11/21/2017 20:58:01	49.0	49.0	17.1875
11/21/2017 20:58:12	49.0	48.0	17.1875
11/21/2017 20:58:23	49.0	48.0	16.3636
11/21/2017 20:58:34	48.0	48.0	16.3636
11/21/2017 20:58:45	48.0	48.0	19.4805
11/21/2017 20:58:56	48.0	47.0	15.285
11/21/2017 20:59:08	47.0	47.0	17.1875
11/21/2017 20:59:19	48.0	48.0	17.2775
11/21/2017 20:59:30	49.0	48.0	16.8831
11/21/2017 20:59:41	50.0	49.0	16.6667
11/21/2017 20:59:52	51.0	51.0	16.4921
11/21/2017 21:00:03	53.0	53.0	15.1042
11/21/2017 21:00:14	54.0	53.0	15.9269
11/21/2017 21:00:25	55.0	55.0	15.8854
11/21/2017 21:00:36	56.0	56.0	16.8831
11/21/2017 21:00:47	57.0	56.0	18.2768
11/21/2017 21:00:58	54.0	54.0	16.8831
11/21/2017 21:01:09	52.0	53.0	17.4479
11/21/2017 21:01:20	51.0	51.0	19.1099
11/21/2017 21:01:31	50.0	50.0	15.8442
11/21/2017 21:01:42	51.0	50.0	17.2775
11/21/2017 21:01:53	50.0	49.0	14.5833
11/21/2017 21:02:04	49.0	48.0	16.4921
11/21/2017 21:02:15	48.0	48.0	19.685
11/21/2017 21:02:26	48.0	48.0	16.1458
11/21/2017 21:02:37	48.0	48.0	15.0649
11/21/2017 21:02:48	49.0	48.0	15.8031
11/21/2017 21:02:59	50.0	49.0	15.8854
11/21/2017 21:03:10	52.0	51.0	17.1429
11/21/2017 21:03:21	53.0	53.0	16.3636
11/21/2017 21:03:32	55.0	54.0	17.0543
11/21/2017 21:03:43	55.0	54.0	18.3246
11/21/2017 21:03:54	56.0	56.0	15.7068
11/21/2017 21:04:05	57.0	56.0	16.3636
11/21/2017 21:04:16	55.0	55.0	15.3247
11/21/2017 21:04:27	53.0	53.0	18.2768
11/21/2017 21:04:38	52.0	51.0	17.9688
11/21/2017 21:04:49	51.0	50.0	15.2231
11/21/2017 21:05:00	50.0	49.0	19.3211
11/21/2017 21:05:11	50.0	48.0	16.9713
11/21/2017 21:05:22	49.0	48.0	18.0412
11/21/2017 21:05:34	49.0	48.0	16.9271
11/21/2017 21:05:45	49.0	48.0	17.4935
11/21/2017 21:05:56	49.0	47.0	16.0105
11/21/2017 21:06:07	48.0	48.0	18.9119
11/21/2017 21:06:18	50.0	48.0	17.2775
11/21/2017 21:06:29	48.0	46.0	15.2231
11/21/2017 21:06:40	47.0	47.0	19.7917
11/21/2017 21:06:51	50.0	50.0	17.6623
11/21/2017 21:07:02	53.0	52.0	18.4615
11/21/2017 21:07:13	56.0	54.0	12.0735
11/21/2017 21:07:24	54.0	54.0	12.8947
11/21/2017 21:07:35	55.0	54.0	14.4737
11/21/2017 21:07:46	53.0	53.0	16.9312
11/21/2017 21:07:57	52.0	51.0	17.6166
11/21/2017 21:08:08	51.0	51.0	19.3211
11/21/2017 21:08:19	50.0	50.0	16.1039
11/21/2017 21:08:30	49.0	49.0	16.9713
11/21/2017 21:08:41	49.0	48.0	17.6166
11/21/2017 21:08:52	49.0	48.0	16.7102
11/21/2017 21:09:03	49.0	47.0	16.4062
11/21/2017 21:09:14	48.0	47.0	14.6982
11/21/2017 21:09:25	47.0	47.0	13.6842
11/21/2017 21:09:36	48.0	48.0	13.9842
11/21/2017 21:09:47	50.0	49.0	12.4011
11/21/2017 21:09:58	51.0	51.0	11.3158
11/21/2017 21:10:09	52.0	52.0	14.6597
11/21/2017 21:10:20	54.0	53.0	12.8947
11/21/2017 21:10:31	54.0	54.0	12.5326
11/21/2017 21:10:42	55.0	54.0	13.0208
11/21/2017 21:10:53	55.0	55.0	11.8421
11/21/2017 21:11:05	57.0	56.0	11.2861
11/21/2017 21:11:16	57.0	56.0	12.2715
11/21/2017 21:11:27	55.0	54.0	12.8609
11/21/2017 21:11:38	52.0	52.0	12.963
11/21/2017 21:11:49	50.0	51.0	13.4921
11/21/2017 21:12:00	50.0	50.0	12.9973
11/21/2017 21:12:11	49.0	49.0	15.1832
11/21/2017 21:12:22	49.0	48.0	17.4935
11/21/2017 21:12:33	49.0	47.0	17.1875
11/21/2017 21:12:44	49.0	47.0	17.4935
11/21/2017 21:12:55	48.0	47.0	19.5312
11/21/2017 21:13:06	48.0	47.0	17.8947
11/21/2017 21:13:17	48.0	48.0	20.3125
11/21/2017 21:13:28	48.0	47.0	19.5822
11/21/2017 21:13:39	48.0	48.0	19.7403
11/21/2017 21:13:50	48.0	47.0	18.3246
11/21/2017 21:14:01	47.0	47.0	16.5375
11/21/2017 21:14:12	50.0	49.0	16.2304
11/21/2017 21:14:23	51.0	51.0	18.7013
11/21/2017 21:14:34	53.0	53.0	15.2455
11/21/2017 21:14:45	54.0	54.0	17.5853
11/21/2017 21:14:56	55.0	54.0	16.0622
11/21/2017 21:15:07	57.0	55.0	15.7068
11/21/2017 21:15:18	56.0	55.0	20.1571
11/21/2017 21:15:29	54.0	53.0	17.9688
11/21/2017 21:15:40	52.0	53.0	18.1579
11/21/2017 21:15:51	51.0	51.0	17.3575
11/21/2017 21:16:02	50.0	50.0	16.6234
11/21/2017 21:16:13	50.0	49.0	18.2292
11/21/2017 21:16:24	49.0	49.0	18.5379
11/21/2017 21:16:35	49.0	48.0	18.6047
11/21/2017 21:16:46	48.0	48.0	17.2324
11/21/2017 21:16:57	49.0	48.0	15.9686
11/21/2017 21:17:08	49.0	47.0	17.0604
11/21/2017 21:17:20	48.0	47.0	18.5379
11/21/2017 21:17:31	48.0	47.0	19.7917
11/21/2017 21:17:42	48.0	47.0	17.6623
11/21/2017 21:17:53	48.0	47.0	18.0628
11/21/2017 21:18:04	49.0	48.0	13.6483
11/21/2017 21:18:15	51.0	50.0	16.9713
11/21/2017 21:18:26	52.0	52.0	15.625
11/21/2017 21:18:37	54.0	54.0	18.8482
11/21/2017 21:18:48	55.0	54.0	19.0104
11/21/2017 21:18:59	56.0	56.0	19.7403
11/21/2017 21:19:10	57.0	56.0	14.8438
11/21/2017 21:19:21	55.0	55.0	16.1458
11/21/2017 21:19:32	54.0	53.0	17.1875
11/21/2017 21:19:43	52.0	51.0	17.4479
11/21/2017 21:19:54	51.0	51.0	17.2775
11/21/2017 21:20:05	50.0	50.0	18.4416
11/21/2017 21:20:16	50.0	49.0	16.4491
11/21/2017 21:20:27	49.0	49.0	13.4565
11/21/2017 21:20:38	48.0	48.0	14.4737
11/21/2017 21:20:49	48.0	47.0	12.8947
11/21/2017 21:21:00	48.0	48.0	13.9842
11/21/2017 21:21:11	50.0	49.0	13.9108
11/21/2017 21:21:22	51.0	51.0	12.8272
11/21/2017 21:21:33	53.0	53.0	12.0735
11/21/2017 21:21:44	53.0	53.0	13.2468
11/21/2017 21:21:55	54.0	54.0	12.4675
11/21/2017 21:22:06	55.0	55.0	12.3037
11/21/2017 21:22:17	55.0	55.0	11.6095
11/21/2017 21:22:28	56.0	56.0	12.4675
11/21/2017 21:22:39	55.0	54.0	12.5984
11/21/2017 21:22:50	53.0	52.0	13.089
11/21/2017 21:23:02	51.0	51.0	13.4565
11/21/2017 21:23:13	50.0	50.0	13.9842
11/21/2017 21:23:24	49.0	49.0	15.5844
11/21/2017 21:23:35	50.0	49.0	18.8482
11/21/2017 21:23:46	49.0	48.0	18.3246
11/21/2017 21:23:57	48.0	48.0	18.4896
11/21/2017 21:24:08	48.0	48.0	16.4491
11/21/2017 21:24:19	48.0	48.0	17.7083
11/21/2017 21:24:30	49.0	48.0	17.1429
11/21/2017 21:24:41	48.0	48.0	15.8442
11/21/2017 21:24:52	49.0	48.0	18.7013
11/21/2017 21:25:03	48.0	48.0	17.1875
11/21/2017 21:25:14	48.0	47.0	18.3727
11/21/2017 21:25:25	48.0	47.0	19.4805
11/21/2017 21:25:36	48.0	47.0	16.9271
11/21/2017 21:25:47	49.0	48.0	15.1042
11/21/2017 21:25:58	51.0	50.0	16.188
11/21/2017 21:26:09	52.0	51.0	17.2324
11/21/2017 21:26:20	53.0	53.0	20.1044
11/21/2017 21:26:31	54.0	54.0	18.2768
11/21/2017 21:26:42	55.0	55.0	18.5379
11/21/2017 21:26:53	56.0	56.0	15.8442
11/21/2017 21:27:04	57.0	57.0	18.5379
11/21/2017 21:27:15	54.0	53.0	14.7668
11/21/2017 21:27:26	52.0	53.0	15.0259
11/21/2017 21:27:37	51.0	51.0	17.801
11/21/2017 21:27:48	50.0	50.0	19.2708
11/21/2017 21:27:59	49.0	50.0	16.7102
11/21/2017 21:28:10	50.0	49.0	15.3646
11/21/2017 21:28:21	49.0	48.0	19.1214
11/21/2017 21:28:32	48.0	48.0	16.0207
11/21/2017 21:28:43	49.0	48.0	16.3636
11/21/2017 21:28:55	48.0	47.0	16.9271
11/21/2017 21:29:06	48.0	47.0	19.6335
11/21/2017 21:29:17	48.0	48.0	19.7917
11/21/2017 21:29:28	48.0	48.0	18.5379
11/21/2017 21:29:39	50.0	49.0	17.8756
11/21/2017 21:29:50	51.0	50.0	16.8831
11/21/2017 21:30:01	52.0	52.0	16.7539
11/21/2017 21:30:12	54.0	53.0	16.7539
11/21/2017 21:30:23	55.0	54.0	17.2775
11/21/2017 21:30:34	56.0	56.0	15.8442
11/21/2017 21:30:45	57.0	57.0	17.0604
11/21/2017 21:30:56	55.0	54.0	17.4026
11/21/2017 21:31:07	53.0	53.0	17.7083
11/21/2017 21:31:18	51.0	52.0	14.5078
11/21/2017 21:31:29	51.0	51.0	17.1875
11/21/2017 21:31:40	50.0	50.0	19.0601
11/21/2017 21:31:51	49.0	49.0	19.4805
11/21/2017 21:32:02	49.0	48.0	17.0543
11/21/2017 21:32:13	49.0	48.0	16.9271
11/21/2017 21:32:24	48.0	48.0	16.4491
11/21/2017 21:32:35	48.0	48.0	16.5375
11/21/2017 21:32:46	48.0	47.0	16.6234
11/21/2017 21:32:57	48.0	48.0	15.7068
11/21/2017 21:33:08	48.0	48.0	18.2292
11/21/2017 21:33:19	48.0	49.0	15.3247
11/21/2017 21:33:30	49.0	47.0	14.8438
11/21/2017 21:33:41	48.0	47.0	18.5379
11/21/2017 21:33:52	49.0	49.0	17.7083
11/21/2017 21:34:03	47.0	47.0	17.4935
11/21/2017 21:34:14	47.0	48.0	15.4856
11/21/2017 21:34:25	48.0	48.0	18.4896
11/21/2017 21:34:36	49.0	49.0	16.6667
11/21/2017 21:34:47	51.0	51.0	16.9271
11/21/2017 21:34:58	52.0	53.0	16.4062
11/21/2017 21:35:09	54.0	53.0	22.1354
11/21/2017 21:35:20	55.0	55.0	18.9258
11/21/2017 21:35:32	58.0	58.0	19.8966
11/21/2017 21:35:43	55.0	55.0	17.5711
11/21/2017 21:35:54	55.0	54.0	18.0879
11/21/2017 21:36:05	55.0	54.0	21.8182
11/21/2017 21:36:16	53.0	52.0	18.299
11/21/2017 21:36:27	52.0	53.0	18.0879
11/21/2017 21:36:38	53.0	53.0	22.6221
11/21/2017 21:36:49	53.0	51.0	19.4301
11/21/2017 21:37:00	52.0	51.0	18.9744
11/21/2017 21:37:11	51.0	52.0	17.6166
11/21/2017 21:37:22	51.0	51.0	17.7083
11/21/2017 21:37:33	52.0	51.0	19.0722
11/21/2017 21:37:44	52.0	51.0	16.8831
11/21/2017 21:37:55	51.0	51.0	17.4026
11/21/2017 21:38:06	51.0	51.0	20.2073
11/21/2017 21:38:17	50.0	51.0	13.7931
11/21/2017 21:38:28	50.0	49.0	17.1053
11/21/2017 21:38:39	50.0	50.0	17.0604
11/21/2017 21:38:50	50.0	49.0	17.0157
11/21/2017 21:39:01	49.0	48.0	17.4935
11/21/2017 21:39:12	49.0	49.0	16.0105
11/21/2017 21:39:23	48.0	48.0	17.6166
11/21/2017 21:39:34	49.0	48.0	16.4062
11/21/2017 21:39:45	48.0	48.0	16.8831
11/21/2017 21:39:56	48.0	48.0	16.4491
11/21/2017 21:40:07	48.0	47.0	17.4935
11/21/2017 21:40:18	48.0	48.0	16.2304
11/21/2017 21:40:29	50.0	51.0	16.188
11/21/2017 21:40:40	51.0	51.0	17.7083
11/21/2017 21:40:51	53.0	53.0	14.0992
11/21/2017 21:41:02	55.0	55.0	17.8947
11/21/2017 21:41:13	57.0	56.0	16.8421
11/21/2017 21:41:24	56.0	56.0	17.2775
11/21/2017 21:41:35	55.0	55.0	16.0526
11/21/2017 21:41:46	53.0	53.0	16.3636
11/21/2017 21:41:57	51.0	52.0	17.5393
11/21/2017 21:42:08	50.0	51.0	15.285
11/21/2017 21:42:19	50.0	50.0	17.2775
11/21/2017 21:42:30	49.0	49.0	17.6166
11/21/2017 21:42:42	48.0	49.0	17.801
11/21/2017 21:42:53	48.0	48.0	16.3158
11/21/2017 21:43:04	47.0	47.0	16.4062
11/21/2017 21:43:15	48.0	48.0	15.8854
11/21/2017 21:43:26	47.0	48.0	17.5393
11/21/2017 21:43:37	48.0	47.0	16.1039
11/21/2017 21:43:48	48.0	47.0	16.188
11/21/2017 21:43:59	48.0	47.0	17.2324
11/21/2017 21:44:10	49.0	50.0	16.0105
11/21/2017 21:44:21	51.0	51.0	16.4491
11/21/2017 21:44:32	53.0	53.0	17.1875
11/21/2017 21:44:43	54.0	54.0	16.4921
11/21/2017 21:44:54	55.0	55.0	15.2231
11/21/2017 21:45:05	56.0	56.0	15.8442
11/21/2017 21:45:16	54.0	53.0	15.3646
11/21/2017 21:45:27	52.0	52.0	16.4062
11/21/2017 21:45:38	51.0	51.0	16.3158
11/21/2017 21:45:49	50.0	50.0	18.3938
11/21/2017 21:46:00	50.0	49.0	17.9688
11/21/2017 21:46:11	49.0	48.0	16.3636
11/21/2017 21:46:22	48.0	48.0	15.625
11/21/2017 21:46:33	48.0	48.0	15.748
11/21/2017 21:46:44	47.0	47.0	19.2208
11/21/2017 21:46:55	48.0	46.0	16.188
11/21/2017 21:47:06	50.0	49.0	14.8438
11/21/2017 21:47:17	51.0	51.0	16.188
11/21/2017 21:47:28	53.0	53.0	19.5312
11/21/2017 21:47:39	54.0	54.0	15.625
11/21/2017 21:47:50	56.0	54.0	15.3646
11/21/2017 21:48:01	56.0	55.0	15.1436
11/21/2017 21:48:12	56.0	56.0	15.8854
11/21/2017 21:48:23	53.0	53.0	17.4479
11/21/2017 21:48:34	52.0	53.0	16.9271
11/21/2017 21:48:45	50.0	51.0	17.9688
11/21/2017 21:48:56	49.0	50.0	15.7068
11/21/2017 21:49:07	50.0	50.0	17.0984
11/21/2017 21:49:19	49.0	49.0	16.4491
11/21/2017 21:49:30	49.0	48.0	14.8052
11/21/2017 21:49:41	48.0	48.0	18.5864
11/21/2017 21:49:52	48.0	47.0	16.9271
11/21/2017 21:50:03	49.0	50.0	17.2324
11/21/2017 21:50:14	51.0	51.0	15.9269
11/21/2017 21:50:25	52.0	53.0	16.3636
11/21/2017 21:50:36	54.0	53.0	15.748
11/21/2017 21:50:47	55.0	54.0	16.3636
11/21/2017 21:50:58	55.0	56.0	16.1458
11/21/2017 21:51:09	57.0	56.0	15.8442
11/21/2017 21:51:20	54.0	54.0	16.4921
11/21/2017 21:51:31	52.0	52.0	16.3212
11/21/2017 21:51:42	51.0	51.0	19.3717
11/21/2017 21:51:53	50.0	50.0	15.625
11/21/2017 21:52:04	49.0	49.0	16.9713
11/21/2017 21:52:15	49.0	48.0	17.6166
11/21/2017 21:52:26	48.0	48.0	16.6234
11/21/2017 21:52:37	48.0	47.0	16.3636
11/21/2017 21:52:48	48.0	47.0	16.4491
11/21/2017 21:52:59	50.0	51.0	18.5864
11/21/2017 21:53:10	51.0	51.0	17.2775
11/21/2017 21:53:21	54.0	53.0	17.0604
11/21/2017 21:53:32	55.0	54.0	15.445
11/21/2017 21:53:43	55.0	55.0	14.9215
11/21/2017 21:53:54	57.0	56.0	17.0604
11/21/2017 21:54:05	55.0	54.0	15.1832
11/21/2017 21:54:16	53.0	53.0	16.273
11/21/2017 21:54:27	51.0	51.0	18.5864
11/21/2017 21:54:38	51.0	50.0	18.2292
11/21/2017 21:54:49	51.0	50.0	16.0207
11/21/2017 21:55:00	49.0	48.0	17.2324
11/21/2017 21:55:11	49.0	48.0	17.4479
11/21/2017 21:55:22	48.0	47.0	15.625
11/21/2017 21:55:33	48.0	48.0	15.9686
11/21/2017 21:55:44	49.0	48.0	16.4491
11/21/2017 21:55:56	51.0	51.0	17.2775
11/21/2017 21:56:07	52.0	53.0	15.6658
11/21/2017 21:56:18	53.0	54.0	15.625
11/21/2017 21:56:29	55.0	54.0	17.2324
11/21/2017 21:56:40	57.0	55.0	17.6781
11/21/2017 21:56:51	55.0	55.0	15.3646
11/21/2017 21:57:02	53.0	53.0	17.0604
11/21/2017 21:57:13	51.0	52.0	16.5803
11/21/2017 21:57:24	50.0	51.0	17.2775
11/21/2017 21:57:35	51.0	51.0	16.4491
11/21/2017 21:57:46	49.0	49.0	17.2775
11/21/2017 21:57:57	49.0	48.0	15.1042
11/21/2017 21:58:08	48.0	48.0	17.4935
11/21/2017 21:58:19	48.0	47.0	15.6658
11/21/2017 21:58:30	48.0	47.0	15.3646
11/21/2017 21:58:41	49.0	48.0	14.7368
11/21/2017 21:58:52	51.0	50.0	15.3247
11/21/2017 21:59:03	52.0	52.0	16.6667
11/21/2017 21:59:14	53.0	53.0	16.6667
11/21/2017 21:59:25	55.0	54.0	15.3646
11/21/2017 21:59:36	56.0	56.0	16.4491
11/21/2017 21:59:47	57.0	56.0	18.0157
11/21/2017 21:59:58	56.0	55.0	17.1875
11/21/2017 22:00:09	53.0	53.0	12.3037
11/21/2017 22:00:20	50.0	51.0	18.5864
11/21/2017 22:00:31	50.0	50.0	16.7979
11/21/2017 22:00:42	50.0	50.0	18.2768
11/21/2017 22:00:53	49.0	48.0	16.7979
11/21/2017 22:01:04	48.0	48.0	18.3727
11/21/2017 22:01:15	48.0	48.0	16.4921
11/21/2017 22:01:26	48.0	48.0	17.0157
11/21/2017 22:01:37	48.0	47.0	15.748
11/21/2017 22:01:48	49.0	48.0	16.188
11/21/2017 22:01:59	51.0	51.0	16.5789
11/21/2017 22:02:10	52.0	53.0	16.5354
11/21/2017 22:02:21	55.0	54.0	16.3636
11/21/2017 22:02:33	55.0	54.0	15.5263
11/21/2017 22:02:44	56.0	56.0	17.801
11/21/2017 22:02:55	57.0	56.0	16.4062
11/21/2017 22:03:06	54.0	54.0	16.4491
11/21/2017 22:03:17	53.0	53.0	17.1875
11/21/2017 22:03:28	51.0	51.0	15.4047
11/21/2017 22:03:39	50.0	50.0	17.2324
11/21/2017 22:03:50	49.0	49.0	16.6234
11/21/2017 22:04:01	49.0	48.0	17.2775
11/21/2017 22:04:12	48.0	48.0	18.4896
11/21/2017 22:04:23	48.0	48.0	14.9606
11/21/2017 22:04:34	48.0	47.0	15.1832
11/21/2017 22:04:45	47.0	47.0	16.7539
11/21/2017 22:04:56	49.0	49.0	18.6352
11/21/2017 22:05:07	51.0	51.0	17.3228
11/21/2017 22:05:18	53.0	53.0	13.4211
11/21/2017 22:05:29	54.0	54.0	15.1436
11/21/2017 22:05:40	57.0	55.0	17.1429
11/21/2017 22:05:51	57.0	56.0	16.5354
11/21/2017 22:06:02	55.0	54.0	16.1458
11/21/2017 22:06:13	52.0	53.0	16.6234
11/21/2017 22:06:24	52.0	51.0	15.9269
11/21/2017 22:06:35	50.0	51.0	17.3228
11/21/2017 22:06:46	50.0	50.0	16.4921
11/21/2017 22:06:57	49.0	49.0	16.1039
11/21/2017 22:07:08	49.0	48.0	17.4479
11/21/2017 22:07:19	49.0	48.0	18.3246
11/21/2017 22:07:30	48.0	48.0	18.7335
11/21/2017 22:07:41	48.0	48.0	17.9221
11/21/2017 22:07:52	49.0	49.0	16.188
11/21/2017 22:08:03	48.0	47.0	15.4047
11/21/2017 22:08:14	49.0	48.0	16.188
11/21/2017 22:08:25	48.0	48.0	15.4047
11/21/2017 22:08:36	48.0	47.0	16.9271
11/21/2017 22:08:47	48.0	47.0	15.9269
11/21/2017 22:08:58	49.0	48.0	15.8854
11/21/2017 22:09:09	48.0	48.0	16.4062
11/21/2017 22:09:20	50.0	50.0	16.2304
11/21/2017 22:09:32	52.0	51.0	15.8442
11/21/2017 22:09:43	53.0	53.0	15.8854
11/21/2017 22:09:54	55.0	54.0	16.3636
11/21/2017 22:10:05	56.0	56.0	15.4047
11/21/2017 22:10:16	56.0	56.0	17.7083
11/21/2017 22:10:27	55.0	54.0	18.4896
11/21/2017 22:10:38	53.0	53.0	15.2231
11/21/2017 22:10:49	51.0	51.0	18.2292
11/21/2017 22:11:00	51.0	51.0	15.4047
11/21/2017 22:11:11	51.0	50.0	14.8825
11/21/2017 22:11:22	50.0	49.0	18.3727
11/21/2017 22:11:33	49.0	49.0	16.1458
11/21/2017 22:11:44	49.0	49.0	17.2324
11/21/2017 22:11:55	48.0	48.0	16.9713
11/21/2017 22:12:06	49.0	48.0	16.7979
11/21/2017 22:12:17	49.0	48.0	17.9688
11/21/2017 22:12:28	48.0	48.0	16.188
11/21/2017 22:12:39	48.0	48.0	16.8831
11/21/2017 22:12:50	48.0	48.0	15.7068
11/21/2017 22:13:01	48.0	48.0	16.7539
11/21/2017 22:13:12	48.0	48.0	16.9271
11/21/2017 22:13:23	48.0	48.0	15.445
11/21/2017 22:13:34	48.0	47.0	15.4047
11/21/2017 22:13:45	48.0	48.0	17.7546
11/21/2017 22:13:56	49.0	48.0	18.2292
11/21/2017 22:14:07	49.0	48.0	19.3299
11/21/2017 22:14:18	50.0	50.0	19.2802
11/21/2017 22:14:29	50.0	50.0	18.7013
11/21/2017 22:14:40	50.0	50.0	18.2051
11/21/2017 22:14:51	51.0	51.0	19.7403
11/21/2017 22:15:02	51.0	51.0	19.7403
11/21/2017 22:15:13	51.0	51.0	17.4026
11/21/2017 22:15:24	51.0	50.0	14.4357
11/21/2017 22:15:35	50.0	49.0	17.4935
11/21/2017 22:15:46	49.0	48.0	17.4026
11/21/2017 22:15:57	49.0	49.0	15.625
11/21/2017 22:16:08	48.0	48.0	15.445
11/21/2017 22:16:19	49.0	48.0	16.9713
11/21/2017 22:16:30	49.0	48.0	17.2775
11/21/2017 22:16:42	49.0	49.0	15.4047
11/21/2017 22:16:53	48.0	48.0	17.5393
11/21/2017 22:17:04	48.0	48.0	16.9713
11/21/2017 22:17:15	49.0	48.0	17.6316
11/21/2017 22:17:26	48.0	48.0	16.9713
11/21/2017 22:17:37	48.0	48.0	15.625
11/21/2017 22:17:48	48.0	47.0	17.2324
11/21/2017 22:17:59	48.0	47.0	16.1039
11/21/2017 22:18:10	48.0	48.0	17.0604
11/21/2017 22:18:21	48.0	47.0	16.9713
11/21/2017 22:18:32	48.0	47.0	17.2324
11/21/2017 22:18:43	50.0	50.0	18.6528
11/21/2017 22:18:54	51.0	51.0	15.1832
11/21/2017 22:19:05	52.0	53.0	16.1458
11/21/2017 22:19:16	54.0	54.0	15.8031
11/21/2017 22:19:27	55.0	55.0	16.5354
11/21/2017 22:19:38	57.0	56.0	16.4491
11/21/2017 22:19:49	55.0	54.0	15.8442
11/21/2017 22:20:00	53.0	53.0	17.0157
11/21/2017 22:20:11	52.0	51.0	17.0604
11/21/2017 22:20:22	51.0	51.0	16.2304
11/21/2017 22:20:33	50.0	50.0	16.7102
11/21/2017 22:20:44	50.0	50.0	19.9475
11/21/2017 22:20:55	50.0	50.0	17.0604
11/21/2017 22:21:06	50.0	49.0	15.4047
11/21/2017 22:21:17	50.0	50.0	17.2775
11/21/2017 22:21:28	49.0	49.0	17.5853
11/21/2017 22:21:39	49.0	49.0	16.4491
11/21/2017 22:21:50	49.0	50.0	14.4357
11/21/2017 22:22:01	49.0	49.0	17.1053
11/21/2017 22:22:12	49.0	48.0	17.2324
11/21/2017 22:22:23	49.0	49.0	16.6227
11/21/2017 22:22:34	49.0	48.0	16.8394
11/21/2017 22:22:45	49.0	48.0	16.7102
11/21/2017 22:22:56	49.0	48.0	16.3636
11/21/2017 22:23:07	49.0	48.0	17.0984
11/21/2017 22:23:18	49.0	48.0	16.4491
11/21/2017 22:23:30	48.0	48.0	16.188
11/21/2017 22:23:41	49.0	48.0	17.7083
11/21/2017 22:23:52	49.0	48.0	16.1039
11/21/2017 22:24:03	48.0	48.0	17.1875
11/21/2017 22:24:14	49.0	48.0	16.9713
11/21/2017 22:24:25	49.0	48.0	14.6214
11/21/2017 22:24:36	49.0	48.0	16.5354
11/21/2017 22:24:47	49.0	48.0	17.0604
11/21/2017 22:24:58	48.0	48.0	17.8295
11/21/2017 22:25:09	49.0	48.0	17.2775
11/21/2017 22:25:20	48.0	48.0	15.9686
11/21/2017 22:25:31	49.0	48.0	18.0628
11/21/2017 22:25:42	50.0	49.0	21.447
11/21/2017 22:25:53	50.0	50.0	16.8394
11/21/2017 22:26:04	50.0	51.0	20.6186
11/21/2017 22:26:15	50.0	50.0	16.5803
11/21/2017 22:26:26	51.0	50.0	19.4301
11/21/2017 22:26:37	51.0	51.0	19.3299
11/21/2017 22:26:48	51.0	51.0	18.3938
11/21/2017 22:26:59	51.0	51.0	17.2237
11/21/2017 22:27:10	51.0	51.0	19.5876
11/21/2017 22:27:21	51.0	51.0	18.6528
11/21/2017 22:27:32	51.0	51.0	18.1818
11/21/2017 22:27:43	51.0	51.0	17.4479
11/21/2017 22:27:54	52.0	51.0	21.6495
11/21/2017 22:28:05	51.0	51.0	18.3938
11/21/2017 22:28:16	52.0	51.0	20.3655
11/21/2017 22:28:27	51.0	51.0	17.0103
11/21/2017 22:28:38	51.0	51.0	19.8454
11/21/2017 22:28:49	52.0	52.0	19.1214
11/21/2017 22:29:00	52.0	52.0	18.3938
11/21/2017 22:29:11	52.0	51.0	18.961
11/21/2017 22:29:22	52.0	51.0	18.5567
11/21/2017 22:29:33	53.0	52.0	21.2987
11/21/2017 22:29:44	51.0	51.0	17.0103
11/21/2017 22:29:55	53.0	52.0	17.0984
11/21/2017 22:30:06	52.0	52.0	22.0779
11/21/2017 22:30:17	52.0	51.0	21.5026
11/21/2017 22:30:28	52.0	51.0	18.5567
11/21/2017 22:30:39	53.0	52.0	19.1214
11/21/2017 22:30:50	51.0	52.0	18.5567
11/21/2017 22:31:01	53.0	53.0	20.8763
11/21/2017 22:31:12	52.0	52.0	18.299
11/21/2017 22:31:23	52.0	52.0	20.155
11/21/2017 22:31:34	52.0	53.0	17.8756
11/21/2017 22:31:45	53.0	53.0	22.9167
11/21/2017 22:31:56	52.0	51.0	11.811
11/21/2017 22:32:07	50.0	51.0	14.4357
11/21/2017 22:32:19	50.0	50.0	12.6984
11/21/2017 22:32:30	49.0	50.0	12.8947
11/21/2017 22:32:41	49.0	48.0	13.4565
11/21/2017 22:32:52	49.0	48.0	13.9474
11/21/2017 22:33:03	49.0	48.0	15.1832
11/21/2017 22:33:14	49.0	48.0	17.6623
11/21/2017 22:33:25	51.0	50.0	19.3798
11/21/2017 22:33:36	51.0	50.0	20.4134
11/21/2017 22:33:47	51.0	51.0	17.7378
11/21/2017 22:33:58	53.0	51.0	20.21
11/21/2017 22:34:09	51.0	51.0	18.7013
11/21/2017 22:34:20	52.0	51.0	18.0879
11/21/2017 22:34:31	53.0	52.0	19.5876
11/21/2017 22:34:42	52.0	52.0	16.8394
11/21/2017 22:34:53	55.0	53.0	16.8394
11/21/2017 22:35:04	56.0	54.0	18.5567
11/21/2017 22:35:15	58.0	57.0	18.6047
11/21/2017 22:35:26	57.0	56.0	20.3125
11/21/2017 22:35:37	55.0	54.0	17.4479
11/21/2017 22:35:48	56.0	54.0	17.6623
11/21/2017 22:35:59	55.0	54.0	21.5584
11/21/2017 22:36:10	54.0	54.0	18.7013
11/21/2017 22:36:21	53.0	53.0	19.8433
11/21/2017 22:36:32	53.0	53.0	19.0231
11/21/2017 22:36:43	54.0	53.0	19.7436
11/21/2017 22:36:54	55.0	53.0	18.299
11/21/2017 22:37:05	54.0	53.0	19.7403
11/21/2017 22:37:16	53.0	53.0	17.3127
11/21/2017 22:37:27	54.0	53.0	22.7979
11/21/2017 22:37:38	54.0	53.0	20.3608
11/21/2017 22:37:49	53.0	53.0	18.0412
11/21/2017 22:38:00	54.0	53.0	20.8877
11/21/2017 22:38:11	53.0	53.0	19.1214
11/21/2017 22:38:22	54.0	53.0	18.1347
11/21/2017 22:38:33	54.0	53.0	20.6718
11/21/2017 22:38:44	53.0	52.0	18.3938
11/21/2017 22:38:55	55.0	52.0	17.6623
11/21/2017 22:39:06	54.0	53.0	18.6047
11/21/2017 22:39:17	54.0	53.0	18.509
11/21/2017 22:39:28	54.0	53.0	17.268
11/21/2017 22:39:39	54.0	53.0	19.8966
11/21/2017 22:39:50	54.0	53.0	18.3938
11/21/2017 22:40:01	54.0	52.0	20.1044
11/21/2017 22:40:12	53.0	52.0	18.6047
11/21/2017 22:40:23	54.0	53.0	20.5656
11/21/2017 22:40:34	54.0	53.0	19.4301
11/21/2017 22:40:46	54.0	53.0	17.8295
11/21/2017 22:40:57	54.0	53.0	18.0412
11/21/2017 22:41:08	54.0	52.0	20.155
11/21/2017 22:41:19	54.0	53.0	18.3463
11/21/2017 22:41:30	53.0	52.0	21.1886
11/21/2017 22:41:41	52.0	51.0	16.0207
11/21/2017 22:41:52	53.0	53.0	21.8182
11/21/2017 22:42:03	53.0	51.0	18.1347
11/21/2017 22:42:14	53.0	53.0	19.2708
11/21/2017 22:42:25	51.0	51.0	17.4026
11/21/2017 22:42:36	52.0	51.0	20.7254
11/21/2017 22:42:47	51.0	50.0	17.1429
11/21/2017 22:42:58	52.0	51.0	19.6891
11/21/2017 22:43:09	52.0	51.0	16.3636
11/21/2017 22:43:20	51.0	51.0	20.4134
11/21/2017 22:43:31	51.0	51.0	20
11/21/2017 22:43:42	51.0	51.0	20.2073
11/21/2017 22:43:53	50.0	51.0	18.6528
11/21/2017 22:44:04	51.0	50.0	19.171
11/21/2017 22:44:15	51.0	51.0	18.1818
11/21/2017 22:44:26	51.0	50.0	18.961
11/21/2017 22:44:37	50.0	50.0	17.8295
11/21/2017 22:44:48	50.0	50.0	18.5567
11/21/2017 22:44:59	51.0	50.0	18.1818
11/21/2017 22:45:10	50.0	50.0	20.1031
11/21/2017 22:45:21	51.0	50.0	16.2791
11/21/2017 22:45:32	51.0	50.0	19.0231
11/21/2017 22:45:43	50.0	50.0	20.5195
11/21/2017 22:45:54	50.0	50.0	19.3798
11/21/2017 22:46:05	50.0	50.0	18.2519
11/21/2017 22:46:16	50.0	50.0	19.2208
11/21/2017 22:46:27	50.0	49.0	19.171
11/21/2017 22:46:38	51.0	50.0	12.2715
11/21/2017 22:46:49	48.0	48.0	14.0625
11/21/2017 22:47:00	47.0	47.0	13.7566
11/21/2017 22:47:11	48.0	48.0	12.336
11/21/2017 22:47:22	50.0	50.0	12.0735
11/21/2017 22:47:33	51.0	51.0	12.4011
11/21/2017 22:47:44	52.0	53.0	12.5984
11/21/2017 22:47:55	55.0	54.0	12.336
11/21/2017 22:48:06	55.0	54.0	12.0419
11/21/2017 22:48:17	55.0	54.0	11.2565
11/21/2017 22:48:28	56.0	56.0	12.7937
11/21/2017 22:48:40	55.0	55.0	12.0735
11/21/2017 22:48:51	52.0	53.0	13.2812
11/21/2017 22:49:02	51.0	51.0	14.2105
11/21/2017 22:49:13	49.0	50.0	13.0208
11/21/2017 22:49:24	49.0	48.0	13.6842
11/21/2017 22:49:35	49.0	48.0	14.3229
11/21/2017 22:49:46	47.0	48.0	7.32984
11/21/2017 22:49:57	48.0	48.0	0.503778
11/21/2017 22:50:08	49.0	48.0	0.759494
11/21/2017 22:50:19	49.0	50.0	2.267
11/21/2017 22:50:30	50.0	50.0	0.502513
11/21/2017 22:50:41	50.0	50.0	1.00756
11/21/2017 22:50:52	50.0	51.0	0.252525
11/21/2017 22:51:03	52.0	51.0	0.757576
11/21/2017 22:51:14	50.0	50.0	0.251889
11/21/2017 22:51:25	50.0	50.0	1.51515
11/21/2017 22:51:36	51.0	51.0	1.00756
11/21/2017 22:51:47	50.0	51.0	0.503778
11/21/2017 22:51:58	50.0	50.0	8.52713
