09/27/2017 15:19:53	57.0	55.0	0.252525
09/27/2017 15:20:04	50.0	49.0	0.753769
09/27/2017 15:20:15	48.0	47.0	0.253165
09/27/2017 15:20:26	48.0	47.0	0.505051
09/27/2017 15:20:37	48.0	47.0	0.253165
09/27/2017 15:20:48	48.0	47.0	1.76768
09/27/2017 15:20:59	48.0	47.0	0.506329
09/27/2017 15:21:10	48.0	47.0	0.253165
09/27/2017 15:21:21	48.0	47.0	0.252525
09/27/2017 15:21:32	48.0	47.0	0.503778
09/27/2017 15:21:43	48.0	47.0	0.251889
09/27/2017 15:21:54	48.0	47.0	3.03797
09/27/2017 15:22:05	49.0	47.0	2.54453
09/27/2017 15:22:16	48.0	47.0	2.54453
09/27/2017 15:22:27	48.0	47.0	2.53165
09/27/2017 15:22:38	49.0	47.0	2.29592
09/27/2017 15:22:49	48.0	47.0	2.29592
09/27/2017 15:23:00	48.0	47.0	3.29949
09/27/2017 15:23:11	48.0	47.0	2.8133
09/27/2017 15:23:22	48.0	47.0	2.03562
09/27/2017 15:23:33	47.0	47.0	2.79898
09/27/2017 15:23:44	47.0	47.0	2.28426
09/27/2017 15:23:55	47.0	47.0	2.79898
09/27/2017 15:24:06	47.0	47.0	2.79188
09/27/2017 15:24:17	47.0	46.0	2.54453
09/27/2017 15:24:28	47.0	47.0	2.29008
09/27/2017 15:24:39	48.0	47.0	2.53165
09/27/2017 15:24:50	46.0	47.0	2.29592
09/27/2017 15:25:01	48.0	46.0	2.54453
09/27/2017 15:25:12	47.0	46.0	2.29592
09/27/2017 15:25:23	47.0	47.0	1.78117
09/27/2017 15:25:34	48.0	46.0	2.29592
09/27/2017 15:25:45	48.0	46.0	2.29592
09/27/2017 15:25:56	48.0	46.0	2.79898
09/27/2017 15:26:07	48.0	46.0	6.63265
09/27/2017 15:26:18	48.0	47.0	4.08163
09/27/2017 15:26:30	47.0	46.0	2.79898
09/27/2017 15:26:41	47.0	46.0	6.64962
09/27/2017 15:26:52	47.0	46.0	0.757576
09/27/2017 15:27:03	47.0	46.0	0.503778
09/27/2017 15:27:14	47.0	46.0	0.503778
09/27/2017 15:27:25	47.0	45.0	0.503778
09/27/2017 15:27:36	47.0	46.0	0.251889
09/27/2017 15:27:47	47.0	47.0	0.252525
09/27/2017 15:27:58	47.0	45.0	0.502513
09/27/2017 15:28:09	47.0	46.0	0.505051
09/27/2017 15:28:20	46.0	46.0	0.503778
09/27/2017 15:28:31	46.0	45.0	0.755668
09/27/2017 15:28:42	46.0	45.0	0.505051
09/27/2017 15:28:53	46.0	45.0	0.505051
09/27/2017 15:29:04	46.0	45.0	0.502513
09/27/2017 15:29:15	46.0	46.0	0.252525
09/27/2017 15:29:26	46.0	46.0	0.753769
09/27/2017 15:29:37	47.0	46.0	0.251889
09/27/2017 15:29:48	46.0	46.0	0.503778
09/27/2017 15:29:59	46.0	46.0	0.253165
09/27/2017 15:30:10	46.0	46.0	0.252525
09/27/2017 15:30:21	46.0	46.0	0.252525
09/27/2017 15:30:32	46.0	45.0	0.503778
09/27/2017 15:30:43	46.0	45.0	0.753769
09/27/2017 15:30:54	46.0	45.0	0.252525
09/27/2017 15:31:05	46.0	45.0	0.252525
09/27/2017 15:31:16	47.0	45.0	0.502513
09/27/2017 15:31:27	46.0	45.0	0.503778
09/27/2017 15:31:38	46.0	45.0	0.503778
09/27/2017 15:31:49	46.0	45.0	0.252525
09/27/2017 15:32:00	45.0	45.0	0.755668
09/27/2017 15:32:11	45.0	45.0	0
09/27/2017 15:32:22	45.0	45.0	0.503778
09/27/2017 15:32:33	46.0	45.0	0.251889
09/27/2017 15:32:44	45.0	45.0	0.502513
09/27/2017 15:32:55	45.0	46.0	0.502513
09/27/2017 15:33:06	45.0	45.0	0.755668
09/27/2017 15:33:17	45.0	45.0	0.505051
09/27/2017 15:33:29	45.0	45.0	0.503778
09/27/2017 15:33:40	45.0	45.0	0.502513
09/27/2017 15:33:51	45.0	45.0	0.502513
09/27/2017 15:34:02	46.0	45.0	0.502513
09/27/2017 15:34:13	46.0	44.0	0.502513
09/27/2017 15:34:24	45.0	45.0	0.505051
09/27/2017 15:34:35	45.0	44.0	0.503778
09/27/2017 15:34:46	46.0	45.0	3.29949
09/27/2017 15:34:57	45.0	45.0	0.505051
09/27/2017 15:35:08	45.0	45.0	1.52284
09/27/2017 15:35:19	46.0	44.0	2.29008
09/27/2017 15:35:30	45.0	44.0	46.2069
09/27/2017 15:35:42	47.0	47.0	15
09/27/2017 15:35:53	47.0	47.0	13.6842
09/27/2017 15:36:04	48.0	48.0	15.4242
09/27/2017 15:36:15	48.0	47.0	19.5767
09/27/2017 15:36:26	49.0	48.0	28.7599
09/27/2017 15:36:37	50.0	51.0	16.9312
09/27/2017 15:36:48	52.0	52.0	36.2434
09/27/2017 15:36:59	54.0	53.0	26.3708
09/27/2017 15:37:10	55.0	54.0	31.4578
09/27/2017 15:37:21	58.0	56.0	38.6667
09/27/2017 15:37:32	55.0	55.0	33.687
09/27/2017 15:37:43	54.0	53.0	27.6316
09/27/2017 15:37:54	52.0	51.0	22.3097
09/27/2017 15:38:05	51.0	50.0	29.7368
09/27/2017 15:38:16	50.0	50.0	19.2612
09/27/2017 15:38:27	49.0	48.0	21.9321
09/27/2017 15:38:38	49.0	48.0	23.8462
09/27/2017 15:38:49	49.0	48.0	29.4737
09/27/2017 15:39:00	49.0	48.0	21.6146
09/27/2017 15:39:11	49.0	47.0	41.0526
09/27/2017 15:39:22	48.0	47.0	29.1667
09/27/2017 15:39:33	48.0	47.0	25.5263
09/27/2017 15:39:44	48.0	48.0	20.3166
09/27/2017 15:39:55	49.0	47.0	25.4642
09/27/2017 15:40:06	48.0	48.0	24.282
09/27/2017 15:40:17	48.0	47.0	23.0366
09/27/2017 15:40:28	49.0	47.0	21.7848
09/27/2017 15:40:39	48.0	47.0	21.0938
09/27/2017 15:40:50	49.0	47.0	22.2513
09/27/2017 15:41:02	48.0	47.0	35.2941
09/27/2017 15:41:13	48.0	47.0	22.7513
09/27/2017 15:41:24	48.0	47.0	22.8947
09/27/2017 15:41:35	49.0	47.0	34.7368
09/27/2017 15:41:46	47.0	47.0	13.7203
09/27/2017 15:41:57	48.0	47.0	19.0476
09/27/2017 15:42:08	49.0	49.0	13.9474
09/27/2017 15:42:19	50.0	50.0	15
09/27/2017 15:42:30	51.0	51.0	15.2231
09/27/2017 15:42:41	51.0	51.0	13.9108
09/27/2017 15:42:52	52.0	53.0	17.4242
09/27/2017 15:43:03	54.0	53.0	13.2626
09/27/2017 15:43:14	54.0	54.0	14.6982
09/27/2017 15:43:25	55.0	54.0	16.5394
09/27/2017 15:43:36	55.0	55.0	13.9474
09/27/2017 15:43:47	56.0	55.0	14.1361
09/27/2017 15:43:58	54.0	53.0	13.9474
09/27/2017 15:44:09	51.0	51.0	14.8936
09/27/2017 15:44:20	50.0	50.0	15.873
09/27/2017 15:44:31	49.0	48.0	15.7068
09/27/2017 15:44:42	48.0	48.0	16.095
09/27/2017 15:44:53	48.0	47.0	15.3034
09/27/2017 15:45:04	48.0	46.0	15.3846
09/27/2017 15:45:15	49.0	47.0	15.8311
09/27/2017 15:45:26	50.0	50.0	15.7895
09/27/2017 15:45:37	50.0	51.0	17.0984
09/27/2017 15:45:48	53.0	52.0	14.1361
09/27/2017 15:45:59	53.0	53.0	15.0649
09/27/2017 15:46:11	55.0	54.0	14.5833
09/27/2017 15:46:22	55.0	54.0	15.0259
09/27/2017 15:46:33	56.0	55.0	13.9474
09/27/2017 15:46:44	57.0	56.0	15.7623
09/27/2017 15:46:55	55.0	54.0	14.4737
09/27/2017 15:47:06	52.0	52.0	17.8756
09/27/2017 15:47:17	51.0	50.0	17.5711
09/27/2017 15:47:28	50.0	49.0	14.6597
09/27/2017 15:47:39	49.0	48.0	16.095
09/27/2017 15:47:50	49.0	48.0	15.5673
09/27/2017 15:48:01	48.0	48.0	16.273
09/27/2017 15:48:12	48.0	47.0	13.9474
09/27/2017 15:48:23	48.0	46.0	18.8776
09/27/2017 15:48:34	49.0	48.0	16.0526
09/27/2017 15:48:45	50.0	50.0	15
09/27/2017 15:48:56	51.0	51.0	19.0955
09/27/2017 15:49:07	53.0	52.0	13.6842
09/27/2017 15:49:18	54.0	53.0	14.6597
09/27/2017 15:49:29	55.0	54.0	14.6597
09/27/2017 15:49:40	56.0	54.0	13.6483
09/27/2017 15:49:51	57.0	56.0	19.3548
09/27/2017 15:50:02	55.0	54.0	16.4921
09/27/2017 15:50:13	53.0	53.0	20.75
09/27/2017 15:50:24	51.0	51.0	16.273
09/27/2017 15:50:35	50.0	50.0	15.1596
09/27/2017 15:50:46	50.0	49.0	16.273
09/27/2017 15:50:57	49.0	48.0	19.2708
09/27/2017 15:51:08	49.0	48.0	16.9271
09/27/2017 15:51:19	49.0	48.0	16.8831
09/27/2017 15:51:31	49.0	47.0	18.0157
09/27/2017 15:51:42	49.0	47.0	17.0157
09/27/2017 15:51:53	49.0	47.0	16.7102
09/27/2017 15:52:04	49.0	48.0	20.6107
09/27/2017 15:52:15	49.0	48.0	17.8478
09/27/2017 15:52:26	48.0	48.0	18.3246
09/27/2017 15:52:37	48.0	47.0	18.4896
09/27/2017 15:52:48	48.0	48.0	16.4491
09/27/2017 15:52:59	49.0	47.0	15.9686
09/27/2017 15:53:10	48.0	47.0	18.5864
09/27/2017 15:53:21	49.0	48.0	17.4479
09/27/2017 15:53:32	49.0	47.0	16.9271
09/27/2017 15:53:43	49.0	47.0	22.9064
09/27/2017 15:53:54	48.0	47.0	18.4896
09/27/2017 15:54:05	49.0	47.0	18.0157
09/27/2017 15:54:16	48.0	47.0	18.7013
09/27/2017 15:54:27	48.0	47.0	16.9271
09/27/2017 15:54:38	49.0	47.0	14.6214
09/27/2017 15:54:49	49.0	47.0	15.6658
09/27/2017 15:55:00	49.0	47.0	16.7539
09/27/2017 15:55:11	48.0	47.0	16.3636
09/27/2017 15:55:22	48.0	47.0	16.7539
09/27/2017 15:55:33	48.0	47.0	18.4751
09/27/2017 15:55:44	47.0	47.0	18.7943
09/27/2017 15:55:56	49.0	48.0	20.9497
09/27/2017 15:56:07	52.0	51.0	18.4697
09/27/2017 15:56:18	54.0	53.0	16.0526
09/27/2017 15:56:29	54.0	53.0	16.0526
09/27/2017 15:56:40	56.0	54.0	17.4142
09/27/2017 15:56:51	57.0	56.0	17.8478
09/27/2017 15:57:02	55.0	55.0	17.4479
09/27/2017 15:57:13	55.0	52.0	15.9686
09/27/2017 15:57:24	53.0	51.0	16.8394
09/27/2017 15:57:35	51.0	51.0	17.5853
09/27/2017 15:57:46	51.0	51.0	15.7895
09/27/2017 15:57:57	51.0	50.0	16.095
09/27/2017 15:58:08	51.0	50.0	16.2304
09/27/2017 15:58:19	50.0	50.0	16.9713
09/27/2017 15:58:30	50.0	50.0	18.2768
09/27/2017 15:58:41	50.0	49.0	17.2324
09/27/2017 15:58:52	50.0	49.0	23.1884
09/27/2017 15:59:03	50.0	48.0	17.7083
09/27/2017 15:59:14	50.0	48.0	15.9686
09/27/2017 15:59:25	50.0	48.0	17.7083
09/27/2017 15:59:36	49.0	48.0	16.2304
09/27/2017 15:59:47	49.0	48.0	18.6352
09/27/2017 15:59:58	49.0	48.0	16.0105
09/27/2017 16:00:09	49.0	48.0	18.6528
09/27/2017 16:00:20	49.0	48.0	15.445
09/27/2017 16:00:31	49.0	48.0	17.8947
09/27/2017 16:00:42	49.0	48.0	17.5393
09/27/2017 16:00:53	48.0	48.0	16.188
09/27/2017 16:01:04	49.0	47.0	17.6923
09/27/2017 16:01:16	49.0	48.0	23.4568
09/27/2017 16:01:27	49.0	47.0	17.2775
09/27/2017 16:01:38	48.0	48.0	16.188
09/27/2017 16:01:49	49.0	48.0	17.801
09/27/2017 16:02:00	49.0	47.0	16.6234
09/27/2017 16:02:11	49.0	48.0	17.801
09/27/2017 16:02:22	49.0	48.0	15.625
09/27/2017 16:02:33	50.0	48.0	18.5864
09/27/2017 16:02:44	48.0	48.0	18.799
09/27/2017 16:02:55	49.0	48.0	16.7102
09/27/2017 16:03:06	49.0	48.0	19.3717
09/27/2017 16:03:17	48.0	48.0	18.4211
09/27/2017 16:03:28	49.0	47.0	16.4062
09/27/2017 16:03:39	49.0	48.0	18.4211
09/27/2017 16:03:50	49.0	48.0	15.4856
09/27/2017 16:04:01	49.0	48.0	18.3727
09/27/2017 16:04:12	49.0	48.0	18.9974
09/27/2017 16:04:23	49.0	48.0	18.0628
09/27/2017 16:04:34	49.0	47.0	18.5864
09/27/2017 16:04:45	49.0	48.0	17.6623
09/27/2017 16:04:56	49.0	48.0	15.6658
09/27/2017 16:05:07	49.0	48.0	17.1875
09/27/2017 16:05:18	49.0	48.0	18.4697
09/27/2017 16:05:29	48.0	47.0	19.1601
09/27/2017 16:05:40	49.0	47.0	15.3646
09/27/2017 16:05:51	49.0	48.0	16.2304
09/27/2017 16:06:02	49.0	48.0	18.1818
09/27/2017 16:06:13	48.0	47.0	16.1039
09/27/2017 16:06:24	48.0	47.0	15.9794
09/27/2017 16:06:35	49.0	48.0	17.9221
09/27/2017 16:06:46	49.0	48.0	16.7102
09/27/2017 16:06:57	49.0	48.0	15.9269
09/27/2017 16:07:08	49.0	48.0	16.188
09/27/2017 16:07:19	49.0	48.0	18.1102
09/27/2017 16:07:30	49.0	48.0	16.7979
09/27/2017 16:07:41	48.0	48.0	17.0157
09/27/2017 16:07:52	49.0	48.0	16.8394
09/27/2017 16:08:03	48.0	48.0	17.6623
09/27/2017 16:08:14	49.0	48.0	17.4935
09/27/2017 16:08:25	48.0	48.0	19.1099
09/27/2017 16:08:36	50.0	48.0	14.6597
09/27/2017 16:08:47	49.0	48.0	16.6234
09/27/2017 16:08:58	49.0	48.0	16.3212
09/27/2017 16:09:09	49.0	48.0	15.3646
09/27/2017 16:09:21	49.0	47.0	17.2775
09/27/2017 16:09:32	49.0	48.0	16.5354
09/27/2017 16:09:43	48.0	47.0	18.6842
09/27/2017 16:09:54	51.0	50.0	16.4491
09/27/2017 16:10:05	49.0	48.0	16.188
09/27/2017 16:10:16	49.0	48.0	18.5864
09/27/2017 16:10:27	49.0	48.0	16.4491
09/27/2017 16:10:38	49.0	47.0	15.625
09/27/2017 16:10:49	49.0	47.0	16.4062
09/27/2017 16:11:00	49.0	48.0	18.6528
09/27/2017 16:11:11	49.0	48.0	18.0628
09/27/2017 16:11:22	49.0	48.0	16.3588
09/27/2017 16:11:33	49.0	48.0	19.8953
09/27/2017 16:11:44	49.0	47.0	19.5312
09/27/2017 16:11:55	48.0	48.0	17.3228
09/27/2017 16:12:06	49.0	48.0	15.6812
09/27/2017 16:12:17	51.0	51.0	15.8854
09/27/2017 16:12:28	53.0	52.0	16.8394
09/27/2017 16:12:39	55.0	54.0	17.9688
09/27/2017 16:12:50	57.0	55.0	16.8
09/27/2017 16:13:01	57.0	55.0	15.8854
09/27/2017 16:13:12	55.0	54.0	15.748
09/27/2017 16:13:23	53.0	52.0	16.0622
09/27/2017 16:13:34	53.0	51.0	16.4491
09/27/2017 16:13:45	51.0	50.0	17.3684
09/27/2017 16:13:56	51.0	50.0	16.4921
09/27/2017 16:14:07	50.0	49.0	12.5984
09/27/2017 16:14:18	49.0	48.0	16.8
09/27/2017 16:14:29	50.0	49.0	16.9312
09/27/2017 16:14:40	49.0	48.0	16.0105
09/27/2017 16:14:51	49.0	48.0	16.5354
09/27/2017 16:15:02	49.0	48.0	18.3938
09/27/2017 16:15:13	49.0	48.0	17.2324
09/27/2017 16:15:24	49.0	48.0	16.9713
09/27/2017 16:15:35	49.0	48.0	17.2324
09/27/2017 16:15:46	49.0	48.0	15.1042
09/27/2017 16:15:57	49.0	48.0	18.0628
09/27/2017 16:16:08	49.0	48.0	16.4491
09/27/2017 16:16:19	48.0	47.0	15.7068
09/27/2017 16:16:30	49.0	48.0	17.7546
09/27/2017 16:16:42	49.0	48.0	23.057
09/27/2017 16:16:53	51.0	50.0	28.9062
09/27/2017 16:17:04	53.0	51.0	28.4974
09/27/2017 16:17:15	56.0	53.0	17.3228
09/27/2017 16:17:26	52.0	51.0	17.4142
09/27/2017 16:17:37	51.0	51.0	17.9688
09/27/2017 16:17:48	51.0	50.0	15.1436
09/27/2017 16:17:59	51.0	50.0	19.7368
09/27/2017 16:18:10	51.0	50.0	18.1818
09/27/2017 16:18:21	50.0	49.0	16.5789
09/27/2017 16:18:32	50.0	48.0	15.6658
09/27/2017 16:18:43	49.0	48.0	16.1039
09/27/2017 16:18:54	49.0	48.0	17.3228
09/27/2017 16:19:05	49.0	48.0	15.1832
09/27/2017 16:19:16	49.0	48.0	14.8052
09/27/2017 16:19:27	50.0	48.0	16.5803
09/27/2017 16:19:38	50.0	48.0	15.1436
09/27/2017 16:19:49	49.0	48.0	18.0157
09/27/2017 16:20:00	50.0	48.0	15.6658
09/27/2017 16:20:11	49.0	48.0	18.7179
09/27/2017 16:20:22	49.0	48.0	18.6528
09/27/2017 16:20:33	49.0	48.0	17.2324
09/27/2017 16:20:44	49.0	48.0	17.2775
09/27/2017 16:20:55	49.0	48.0	16.7102
09/27/2017 16:21:06	50.0	48.0	22.4439
09/27/2017 16:21:17	49.0	47.0	18.75
09/27/2017 16:21:28	49.0	48.0	16.8421
09/27/2017 16:21:39	49.0	48.0	16.095
09/27/2017 16:21:50	49.0	48.0	15.748
09/27/2017 16:22:01	49.0	48.0	17.3684
09/27/2017 16:22:12	49.0	48.0	18.0412
09/27/2017 16:22:23	48.0	48.0	16.188
09/27/2017 16:22:34	49.0	48.0	19.6517
09/27/2017 16:22:45	49.0	48.0	16.7979
09/27/2017 16:22:56	51.0	48.0	15.9269
09/27/2017 16:23:07	49.0	48.0	18.0157
09/27/2017 16:23:18	48.0	48.0	18.0628
09/27/2017 16:23:29	49.0	48.0	18.1818
09/27/2017 16:23:40	49.0	47.0	19.4514
09/27/2017 16:23:51	49.0	48.0	15.625
09/27/2017 16:24:02	49.0	47.0	19.0601
09/27/2017 16:24:13	48.0	48.0	19.6335
09/27/2017 16:24:24	49.0	47.0	16.1039
09/27/2017 16:24:35	48.0	48.0	23.6585
09/27/2017 16:24:47	49.0	48.0	16.2304
09/27/2017 16:24:58	49.0	48.0	17.3684
09/27/2017 16:25:09	49.0	48.0	16.5354
09/27/2017 16:25:20	49.0	48.0	16.7102
09/27/2017 16:25:31	49.0	48.0	16.4491
09/27/2017 16:25:42	49.0	48.0	18.7661
09/27/2017 16:25:53	48.0	48.0	16.4921
09/27/2017 16:26:04	48.0	48.0	17.8947
09/27/2017 16:26:15	49.0	48.0	16.5375
09/27/2017 16:26:26	49.0	48.0	16.6667
09/27/2017 16:26:37	48.0	47.0	16.6234
09/27/2017 16:26:48	48.0	48.0	16.7102
09/27/2017 16:26:59	48.0	48.0	20.75
09/27/2017 16:27:10	48.0	47.0	18.75
09/27/2017 16:27:21	48.0	48.0	18.2292
09/27/2017 16:27:32	48.0	48.0	16.7102
09/27/2017 16:27:43	49.0	48.0	25.1232
09/27/2017 16:27:54	48.0	48.0	16.7102
09/27/2017 16:28:05	48.0	47.0	15.9686
09/27/2017 16:28:16	50.0	49.0	17.2775
09/27/2017 16:28:27	52.0	50.0	16.4491
09/27/2017 16:28:38	53.0	53.0	18.5864
09/27/2017 16:28:49	55.0	54.0	18.2768
09/27/2017 16:29:00	57.0	55.0	15.1042
09/27/2017 16:29:11	57.0	56.0	18.2768
09/27/2017 16:29:22	55.0	54.0	15.9794
09/27/2017 16:29:33	54.0	53.0	15.1436
09/27/2017 16:29:44	52.0	51.0	16.9713
09/27/2017 16:29:55	52.0	51.0	16.4062
09/27/2017 16:30:06	51.0	50.0	14.6597
09/27/2017 16:30:17	51.0	50.0	16.0622
09/27/2017 16:30:28	50.0	50.0	19.8529
09/27/2017 16:30:39	49.0	48.0	17.5393
09/27/2017 16:30:50	49.0	49.0	18.3246
09/27/2017 16:31:01	49.0	48.0	16.7979
09/27/2017 16:31:12	49.0	48.0	16.4921
09/27/2017 16:31:23	49.0	48.0	17.7546
09/27/2017 16:31:34	49.0	48.0	17.5258
09/27/2017 16:31:45	48.0	48.0	16.7102
09/27/2017 16:31:56	49.0	48.0	15.8854
09/27/2017 16:32:07	49.0	48.0	16.1039
09/27/2017 16:32:18	49.0	48.0	16.4491
09/27/2017 16:32:30	48.0	48.0	16.8394
09/27/2017 16:32:41	47.0	47.0	16.4491
09/27/2017 16:32:52	48.0	48.0	20.1511
09/27/2017 16:33:03	48.0	48.0	18.1579
09/27/2017 16:33:14	49.0	48.0	16.6234
09/27/2017 16:33:25	49.0	48.0	16.9271
09/27/2017 16:33:36	49.0	48.0	15.4047
09/27/2017 16:33:47	49.0	48.0	15.748
09/27/2017 16:33:58	49.0	48.0	17.0157
09/27/2017 16:34:09	49.0	48.0	17.5711
09/27/2017 16:34:20	49.0	48.0	18.7342
09/27/2017 16:34:31	48.0	48.0	16.188
09/27/2017 16:34:42	49.0	48.0	18.75
09/27/2017 16:34:53	49.0	47.0	14.5833
09/27/2017 16:35:04	49.0	48.0	17.0157
09/27/2017 16:35:15	49.0	47.0	15.285
09/27/2017 16:35:26	49.0	48.0	16.2304
09/27/2017 16:35:37	48.0	48.0	17.7083
09/27/2017 16:35:48	48.0	47.0	22.2222
09/27/2017 16:35:59	48.0	47.0	17.6316
09/27/2017 16:36:10	49.0	48.0	16.8421
09/27/2017 16:36:21	49.0	47.0	16.5354
09/27/2017 16:36:32	49.0	48.0	16.4491
09/27/2017 16:36:43	49.0	48.0	16.8865
09/27/2017 16:36:54	48.0	48.0	18.8976
09/27/2017 16:37:05	49.0	48.0	16.5803
09/27/2017 16:37:16	49.0	48.0	21.0784
09/27/2017 16:37:27	49.0	48.0	15.625
09/27/2017 16:37:38	49.0	48.0	15.9686
09/27/2017 16:37:49	49.0	48.0	16.9271
09/27/2017 16:38:00	49.0	48.0	16.6667
09/27/2017 16:38:11	49.0	48.0	17.0157
09/27/2017 16:38:22	49.0	48.0	17.9221
09/27/2017 16:38:33	49.0	48.0	16.188
09/27/2017 16:38:44	48.0	48.0	16.1039
09/27/2017 16:38:55	49.0	48.0	16.7102
09/27/2017 16:39:06	49.0	48.0	19.3798
09/27/2017 16:39:17	50.0	48.0	20.5656
09/27/2017 16:39:28	50.0	50.0	18.0879
09/27/2017 16:39:39	52.0	51.0	19.1214
09/27/2017 16:39:50	50.0	50.0	19.4937
09/27/2017 16:40:01	51.0	50.0	18.2768
09/27/2017 16:40:12	51.0	50.0	19.4805
09/27/2017 16:40:23	51.0	50.0	18.3938
09/27/2017 16:40:34	52.0	50.0	17.0984
09/27/2017 16:40:45	51.0	50.0	18.8144
09/27/2017 16:40:56	51.0	50.0	19.3798
09/27/2017 16:41:08	51.0	50.0	21.7949
09/27/2017 16:41:19	51.0	50.0	21.5539
09/27/2017 16:41:30	51.0	50.0	20.155
09/27/2017 16:41:41	51.0	51.0	20.4663
09/27/2017 16:41:52	51.0	51.0	22.6131
09/27/2017 16:42:03	51.0	50.0	17.4935
09/27/2017 16:42:14	51.0	50.0	19.5876
09/27/2017 16:42:25	52.0	51.0	19.0104
09/27/2017 16:42:36	51.0	51.0	24.3176
09/27/2017 16:42:47	51.0	50.0	19.0104
09/27/2017 16:42:58	51.0	50.0	20.6718
09/27/2017 16:43:09	52.0	50.0	21.197
09/27/2017 16:43:20	52.0	50.0	19.2208
09/27/2017 16:43:31	51.0	51.0	17.9688
09/27/2017 16:43:42	52.0	51.0	18.6047
09/27/2017 16:43:53	52.0	51.0	19.5431
09/27/2017 16:44:04	52.0	51.0	21.6495
09/27/2017 16:44:15	51.0	50.0	14.8825
09/27/2017 16:44:26	52.0	52.0	15.9269
09/27/2017 16:44:37	54.0	54.0	13.0548
09/27/2017 16:44:48	54.0	54.0	13.3858
09/27/2017 16:44:59	57.0	55.0	12.5
09/27/2017 16:45:10	57.0	55.0	12.8272
09/27/2017 16:45:21	56.0	55.0	12.8947
09/27/2017 16:45:32	53.0	53.0	12.4011
09/27/2017 16:45:43	52.0	52.0	14.6667
09/27/2017 16:45:54	51.0	50.0	12.6316
09/27/2017 16:46:05	50.0	49.0	18.7342
09/27/2017 16:46:16	49.0	49.0	6.41026
09/27/2017 16:46:27	48.0	47.0	0.753769
09/27/2017 16:46:38	48.0	46.0	0.503778
09/27/2017 16:46:49	49.0	48.0	0.252525
09/27/2017 16:47:00	49.0	49.0	0.506329
09/27/2017 16:47:11	50.0	49.0	0.503778
09/27/2017 16:47:22	51.0	50.0	0.251256
09/27/2017 16:47:33	51.0	51.0	0.505051
09/27/2017 16:47:44	51.0	51.0	0.503778
09/27/2017 16:47:55	52.0	51.0	0.753769
09/27/2017 16:48:06	52.0	51.0	0.252525
09/27/2017 16:48:17	52.0	51.0	0.75188
09/27/2017 16:48:28	52.0	51.0	0.75188
09/27/2017 16:48:40	51.0	51.0	0.503778
09/27/2017 16:48:51	52.0	51.0	0.502513
09/27/2017 16:49:02	51.0	51.0	0.503778
09/27/2017 16:49:13	51.0	50.0	0.755668
09/27/2017 16:49:24	51.0	51.0	0.502513
09/27/2017 16:49:35	51.0	50.0	0.506329
09/27/2017 16:49:46	51.0	51.0	0.503778
09/27/2017 16:49:57	51.0	51.0	0.755668
09/27/2017 16:50:08	51.0	50.0	0.251889
09/27/2017 16:50:19	51.0	51.0	0.503778
09/27/2017 16:50:30	51.0	51.0	0.503778
09/27/2017 16:50:41	51.0	50.0	0.252525
09/27/2017 16:50:52	51.0	50.0	0.502513
09/27/2017 16:51:03	51.0	50.0	0.505051
09/27/2017 16:51:14	51.0	50.0	0.502513
09/27/2017 16:51:25	50.0	50.0	0.755668
09/27/2017 16:51:36	51.0	50.0	0.502513
09/27/2017 16:51:47	50.0	49.0	0.753769
09/27/2017 16:51:58	50.0	50.0	0.251256
09/27/2017 16:52:09	50.0	50.0	0.253165
09/27/2017 16:52:20	50.0	49.0	0.252525
09/27/2017 16:52:31	50.0	50.0	0.753769
09/27/2017 16:52:42	50.0	49.0	0.251889
09/27/2017 16:52:53	50.0	50.0	0.252525
09/27/2017 16:53:04	50.0	50.0	0.502513
09/27/2017 16:53:15	49.0	50.0	0.503778
09/27/2017 16:53:26	50.0	49.0	0.252525
09/27/2017 16:53:37	50.0	49.0	0.503778
09/27/2017 16:53:48	49.0	48.0	0.753769
09/27/2017 16:53:59	50.0	48.0	0.503778
09/27/2017 16:54:10	50.0	49.0	1.00503
09/27/2017 16:54:21	49.0	48.0	0.251889
09/27/2017 16:54:32	50.0	48.0	0.252525
09/27/2017 16:54:43	49.0	49.0	0.753769
09/27/2017 16:54:54	50.0	48.0	0.505051
09/27/2017 16:55:05	50.0	49.0	0.252525
09/27/2017 16:55:17	50.0	48.0	0.503778
09/27/2017 16:55:28	49.0	48.0	0.502513
09/27/2017 16:55:39	49.0	49.0	0.505051
09/27/2017 16:55:50	49.0	48.0	0.503778
09/27/2017 16:56:01	49.0	48.0	0.505051
09/27/2017 16:56:12	49.0	48.0	0.502513
09/27/2017 16:56:23	48.0	48.0	0.503778
09/27/2017 16:56:34	49.0	48.0	0.503778
09/27/2017 16:56:45	49.0	48.0	0.755668
09/27/2017 16:56:56	50.0	48.0	3.5533
09/27/2017 16:57:07	49.0	48.0	2.04082
09/27/2017 16:57:18	48.0	48.0	1.52672
09/27/2017 16:57:29	49.0	48.0	0.503778
09/27/2017 16:57:40	49.0	48.0	2.27848
09/27/2017 16:57:51	49.0	48.0	1.27226
09/27/2017 16:58:02	50.0	49.0	0.252525
09/27/2017 16:58:13	49.0	48.0	1.01266
09/27/2017 16:58:24	48.0	48.0	11.9681
09/27/2017 16:58:35	49.0	48.0	3.05344
09/27/2017 16:58:46	49.0	49.0	2.27848
09/27/2017 16:58:57	49.0	48.0	0.505051
09/27/2017 16:59:08	49.0	48.0	2.53165
09/27/2017 16:59:19	49.0	48.0	0.503778
09/27/2017 16:59:30	49.0	49.0	0.503778
09/27/2017 16:59:41	49.0	48.0	15.1671
09/27/2017 16:59:52	50.0	49.0	0.252525
09/27/2017 17:00:03	49.0	48.0	0.252525
09/27/2017 17:00:14	49.0	48.0	0.505051
09/27/2017 17:00:25	49.0	48.0	0.503778
09/27/2017 17:00:36	49.0	48.0	0.753769
09/27/2017 17:00:47	48.0	48.0	0.503778
09/27/2017 17:00:58	48.0	48.0	0.253165
09/27/2017 17:01:09	48.0	48.0	0.253165
09/27/2017 17:01:20	48.0	48.0	0.503778
09/27/2017 17:01:31	49.0	48.0	1.51899
09/27/2017 17:01:42	48.0	47.0	1.76768
09/27/2017 17:01:53	48.0	47.0	1.76768
09/27/2017 17:02:05	48.0	48.0	2.0202
09/27/2017 17:02:16	48.0	48.0	1.76768
09/27/2017 17:02:27	48.0	47.0	1.51515
09/27/2017 17:02:38	48.0	48.0	2.01511
09/27/2017 17:02:49	47.0	47.0	1.76768
09/27/2017 17:03:00	49.0	48.0	2.27273
09/27/2017 17:03:11	48.0	48.0	1.76768
09/27/2017 17:03:22	47.0	47.0	2.27273
09/27/2017 17:03:33	48.0	47.0	1.76322
09/27/2017 17:03:44	49.0	47.0	1.76768
09/27/2017 17:03:55	47.0	47.0	1.51899
09/27/2017 17:04:06	48.0	47.0	1.76322
09/27/2017 17:04:17	48.0	47.0	1.76322
09/27/2017 17:04:28	48.0	47.0	2.0202
09/27/2017 17:04:39	47.0	47.0	1.76322
09/27/2017 17:04:50	48.0	46.0	1.76768
09/27/2017 17:05:01	47.0	47.0	2.01511
09/27/2017 17:05:12	47.0	47.0	2.01511
09/27/2017 17:05:23	48.0	47.0	2.01511
09/27/2017 17:05:34	48.0	46.0	1.76768
09/27/2017 17:05:45	47.0	46.0	1.76768
09/27/2017 17:05:56	47.0	47.0	1.76768
09/27/2017 17:06:07	47.0	47.0	2.0202
09/27/2017 17:06:18	47.0	46.0	2.01511
09/27/2017 17:06:29	48.0	47.0	2.0202
09/27/2017 17:06:40	48.0	47.0	2.01511
09/27/2017 17:06:51	47.0	46.0	2.0202
09/27/2017 17:07:02	47.0	46.0	2.0202
09/27/2017 17:07:13	48.0	47.0	2.02532
09/27/2017 17:07:24	47.0	47.0	1.77215
09/27/2017 17:07:35	47.0	46.0	2.02532
09/27/2017 17:07:46	47.0	46.0	1.76322
09/27/2017 17:07:57	48.0	47.0	2.0202
09/27/2017 17:08:08	47.0	46.0	2.0202
09/27/2017 17:08:19	47.0	47.0	2.0202
09/27/2017 17:08:30	47.0	47.0	2.0202
09/27/2017 17:08:42	47.0	47.0	1.77215
09/27/2017 17:08:53	47.0	47.0	1.76768
09/27/2017 17:09:04	47.0	47.0	2.267
09/27/2017 17:09:15	46.0	46.0	0.753769
09/27/2017 17:09:26	47.0	47.0	0.757576
09/27/2017 17:09:37	47.0	46.0	0.505051
09/27/2017 17:09:48	47.0	46.0	0.753769
09/27/2017 17:09:59	46.0	46.0	0.252525
09/27/2017 17:10:10	46.0	45.0	0.755668
09/27/2017 17:10:21	46.0	46.0	0.503778
09/27/2017 17:10:32	47.0	46.0	0.755668
09/27/2017 17:10:43	46.0	46.0	1.00503
09/27/2017 17:10:54	46.0	46.0	0.502513
09/27/2017 17:11:05	46.0	46.0	4.33673
09/27/2017 17:11:16	46.0	46.0	0.252525
09/27/2017 17:11:27	46.0	46.0	0.755668
09/27/2017 17:11:38	46.0	45.0	2.27273
09/27/2017 17:11:49	46.0	45.0	0.757576
09/27/2017 17:12:00	46.0	46.0	0.753769
09/27/2017 17:12:11	46.0	47.0	0.755668
09/27/2017 17:12:22	46.0	46.0	0.253165
09/27/2017 17:12:33	46.0	45.0	0.753769
09/27/2017 17:12:44	46.0	45.0	0.503778
09/27/2017 17:12:55	46.0	46.0	0.505051
09/27/2017 17:13:06	46.0	45.0	0.755668
09/27/2017 17:13:17	46.0	46.0	0.505051
09/27/2017 17:13:28	46.0	45.0	0.503778
09/27/2017 17:13:39	46.0	45.0	0.505051
09/27/2017 17:13:50	45.0	46.0	1.26263
09/27/2017 17:14:01	45.0	46.0	0.755668
09/27/2017 17:14:12	45.0	46.0	0.505051
09/27/2017 17:14:23	46.0	46.0	0.757576
09/27/2017 17:14:35	45.0	46.0	0.251889
09/27/2017 17:14:46	46.0	45.0	0.503778
09/27/2017 17:14:57	45.0	45.0	0.503778
09/27/2017 17:15:08	47.0	45.0	1.26263
09/27/2017 17:15:19	45.0	45.0	0.505051
09/27/2017 17:15:30	46.0	45.0	0.502513
09/27/2017 17:15:41	46.0	45.0	0.755668
09/27/2017 17:15:52	46.0	45.0	0.503778
09/27/2017 17:16:03	46.0	46.0	0.506329
09/27/2017 17:16:14	46.0	46.0	0.505051
09/27/2017 17:16:25	45.0	45.0	0.506329
09/27/2017 17:16:36	45.0	46.0	0.503778
09/27/2017 17:16:47	45.0	45.0	0.505051
09/27/2017 17:16:58	45.0	45.0	0.753769
09/27/2017 17:17:09	45.0	46.0	0.753769
09/27/2017 17:17:20	46.0	45.0	0.503778
09/27/2017 17:17:31	46.0	45.0	0.505051
09/27/2017 17:17:42	45.0	45.0	0.253165
09/27/2017 17:17:53	46.0	46.0	0.753769
09/27/2017 17:18:04	45.0	45.0	0.252525
09/27/2017 17:18:15	45.0	45.0	0.505051
09/27/2017 17:18:26	45.0	46.0	0.252525
09/27/2017 17:18:37	46.0	45.0	0.753769
09/27/2017 17:18:48	45.0	45.0	0.251889
09/27/2017 17:18:59	45.0	45.0	0.753769
09/27/2017 17:19:10	45.0	45.0	0.505051
09/27/2017 17:19:21	45.0	45.0	0.505051
09/27/2017 17:19:32	45.0	45.0	0.252525
09/27/2017 17:19:43	45.0	45.0	3.56234
09/27/2017 17:19:54	46.0	45.0	0.503778
09/27/2017 17:20:05	46.0	45.0	0.503778
09/27/2017 17:20:16	45.0	45.0	1.00251
09/27/2017 17:20:27	45.0	44.0	0.251889
09/27/2017 17:20:38	45.0	45.0	0.253165
09/27/2017 17:20:49	45.0	45.0	0.503778
09/27/2017 17:21:00	45.0	45.0	0.753769
09/27/2017 17:21:12	45.0	45.0	0
09/27/2017 17:21:23	45.0	45.0	0.252525
09/27/2017 17:21:34	45.0	45.0	0.503778
09/27/2017 17:21:45	44.0	45.0	1.00503
09/27/2017 17:21:56	44.0	45.0	0.252525
09/27/2017 17:22:07	45.0	46.0	0.503778
09/27/2017 17:22:18	45.0	44.0	0.503778
09/27/2017 17:22:29	44.0	45.0	0.755668
09/27/2017 17:22:40	44.0	45.0	0.252525
09/27/2017 17:22:51	44.0	45.0	0.503778
09/27/2017 17:23:02	45.0	45.0	0.505051
09/27/2017 17:23:13	44.0	46.0	1.25628
09/27/2017 17:23:24	45.0	45.0	0.505051
09/27/2017 17:23:35	44.0	45.0	0.505051
09/27/2017 17:23:46	45.0	45.0	0.503778
09/27/2017 17:23:57	44.0	44.0	0.757576
09/27/2017 17:24:08	45.0	45.0	0
09/27/2017 17:24:19	45.0	45.0	0.503778
09/27/2017 17:24:30	44.0	44.0	1.00251
09/27/2017 17:24:41	45.0	45.0	0.252525
09/27/2017 17:24:52	46.0	45.0	0.505051
09/27/2017 17:25:03	44.0	45.0	0.502513
09/27/2017 17:25:14	45.0	45.0	0.506329
09/27/2017 17:25:25	44.0	44.0	0.505051
09/27/2017 17:25:36	44.0	45.0	0.503778
09/27/2017 17:25:47	45.0	44.0	0.503778
09/27/2017 17:25:58	45.0	44.0	1.00503
09/27/2017 17:26:09	44.0	45.0	0.252525
09/27/2017 17:26:20	45.0	44.0	0.755668
09/27/2017 17:26:31	45.0	45.0	0.503778
09/27/2017 17:26:42	44.0	45.0	0.505051
09/27/2017 17:26:53	45.0	44.0	0.252525
09/27/2017 17:27:04	45.0	44.0	0.503778
09/27/2017 17:27:15	45.0	45.0	0.252525
09/27/2017 17:27:27	45.0	44.0	0.503778
09/27/2017 17:27:38	45.0	45.0	0.252525
09/27/2017 17:27:49	45.0	45.0	0.755668
09/27/2017 17:28:00	44.0	45.0	0.253165
09/27/2017 17:28:11	45.0	44.0	0.503778
09/27/2017 17:28:22	44.0	44.0	0.502513
09/27/2017 17:28:33	45.0	45.0	0.505051
09/27/2017 17:28:44	46.0	45.0	0.755668
09/27/2017 17:28:55	44.0	45.0	0.503778
09/27/2017 17:29:06	45.0	45.0	0.753769
09/27/2017 17:29:17	45.0	44.0	0.252525
09/27/2017 17:29:28	44.0	45.0	0.753769
09/27/2017 17:29:39	44.0	45.0	0.503778
09/27/2017 17:29:50	45.0	44.0	0.753769
09/27/2017 17:30:01	44.0	45.0	0.252525
09/27/2017 17:30:12	45.0	44.0	0.755668
09/27/2017 17:30:23	45.0	44.0	0
09/27/2017 17:30:34	45.0	44.0	0.755668
09/27/2017 17:30:45	44.0	44.0	0.503778
09/27/2017 17:30:56	45.0	44.0	0.505051
09/27/2017 17:31:07	45.0	44.0	0.755668
09/27/2017 17:31:18	46.0	44.0	0.503778
09/27/2017 17:31:29	44.0	44.0	0.252525
09/27/2017 17:31:40	46.0	45.0	0.503778
09/27/2017 17:31:51	46.0	44.0	0.503778
09/27/2017 17:32:02	45.0	45.0	0.505051
09/27/2017 17:32:13	45.0	44.0	0.753769
09/27/2017 17:32:24	45.0	44.0	0.503778
09/27/2017 17:32:35	44.0	45.0	0.502513
09/27/2017 17:32:46	45.0	45.0	0.502513
09/27/2017 17:32:57	45.0	44.0	0.252525
09/27/2017 17:33:08	45.0	45.0	1.00756
09/27/2017 17:33:19	45.0	45.0	0.755668
09/27/2017 17:33:30	44.0	45.0	0.502513
09/27/2017 17:33:41	44.0	44.0	0.506329
09/27/2017 17:33:52	45.0	45.0	0.502513
09/27/2017 17:34:04	45.0	44.0	0.755668
09/27/2017 17:34:15	44.0	44.0	0.251889
09/27/2017 17:34:26	46.0	44.0	0.502513
09/27/2017 17:34:37	46.0	44.0	0.503778
09/27/2017 17:34:48	44.0	44.0	0.505051
09/27/2017 17:34:59	44.0	45.0	0.251889
09/27/2017 17:35:10	44.0	44.0	0.503778
09/27/2017 17:35:21	44.0	44.0	0.252525
09/27/2017 17:35:32	45.0	45.0	0.753769
09/27/2017 17:35:43	45.0	44.0	1.0101
09/27/2017 17:35:54	45.0	45.0	0.503778
09/27/2017 17:36:05	45.0	45.0	0.502513
09/27/2017 17:36:16	45.0	44.0	0.252525
09/27/2017 17:36:27	46.0	44.0	0
09/27/2017 17:36:38	45.0	45.0	0.75188
09/27/2017 17:36:49	45.0	44.0	0.503778
09/27/2017 17:37:00	45.0	44.0	0.505051
09/27/2017 17:37:11	45.0	44.0	0.502513
09/27/2017 17:37:22	45.0	44.0	0.505051
09/27/2017 17:37:33	45.0	44.0	0.503778
09/27/2017 17:37:44	46.0	44.0	0.251889
09/27/2017 17:37:55	45.0	45.0	0.505051
09/27/2017 17:38:06	45.0	45.0	0.251889
09/27/2017 17:38:17	46.0	45.0	0.503778
09/27/2017 17:38:28	45.0	45.0	0.502513
09/27/2017 17:38:39	45.0	45.0	0.755668
09/27/2017 17:38:50	45.0	44.0	0.753769
09/27/2017 17:39:01	45.0	44.0	0.505051
09/27/2017 17:39:12	46.0	44.0	0.503778
09/27/2017 17:39:23	45.0	44.0	0.505051
09/27/2017 17:39:34	45.0	44.0	0.503778
09/27/2017 17:39:45	45.0	44.0	0.505051
09/27/2017 17:39:56	45.0	45.0	0.252525
09/27/2017 17:40:07	45.0	45.0	0.505051
09/27/2017 17:40:18	45.0	44.0	0.755668
09/27/2017 17:40:30	45.0	44.0	0.755668
09/27/2017 17:40:41	45.0	44.0	0.503778
09/27/2017 17:40:52	45.0	44.0	0.505051
09/27/2017 17:41:03	45.0	44.0	0.251889
09/27/2017 17:41:14	46.0	45.0	0.755668
09/27/2017 17:41:25	45.0	45.0	0.503778
09/27/2017 17:41:36	45.0	44.0	0.503778
09/27/2017 17:41:47	44.0	44.0	0.503778
09/27/2017 17:41:58	44.0	44.0	0.503778
09/27/2017 17:42:09	46.0	44.0	0.755668
09/27/2017 17:42:20	45.0	44.0	0.503778
09/27/2017 17:42:31	45.0	45.0	1.00503
09/27/2017 17:42:42	45.0	45.0	0.505051
09/27/2017 17:42:53	46.0	45.0	0.753769
09/27/2017 17:43:04	45.0	44.0	0.251889
09/27/2017 17:43:15	44.0	45.0	0.755668
09/27/2017 17:43:26	45.0	44.0	0.75188
09/27/2017 17:43:37	45.0	45.0	0.757576
09/27/2017 17:43:48	46.0	44.0	0.502513
09/27/2017 17:43:59	45.0	44.0	0.505051
09/27/2017 17:44:10	45.0	44.0	0.503778
09/27/2017 17:44:21	45.0	45.0	0.502513
09/27/2017 17:44:32	45.0	44.0	0.503778
09/27/2017 17:44:43	45.0	46.0	0.505051
09/27/2017 17:44:54	45.0	44.0	0.251889
09/27/2017 17:45:05	45.0	44.0	1.00251
09/27/2017 17:45:16	45.0	44.0	0.251889
09/27/2017 17:45:27	45.0	44.0	0.503778
09/27/2017 17:45:38	45.0	44.0	0.755668
09/27/2017 17:45:49	45.0	44.0	0.755668
09/27/2017 17:46:00	45.0	44.0	0.502513
09/27/2017 17:46:11	44.0	44.0	0.755668
09/27/2017 17:46:22	45.0	45.0	0.502513
09/27/2017 17:46:33	46.0	45.0	0.502513
09/27/2017 17:46:44	45.0	44.0	0.503778
09/27/2017 17:46:56	45.0	44.0	0.503778
09/27/2017 17:47:07	45.0	44.0	1.00756
09/27/2017 17:47:18	45.0	44.0	0.503778
09/27/2017 17:47:29	45.0	44.0	0.503778
09/27/2017 17:47:40	45.0	44.0	0.753769
09/27/2017 17:47:51	45.0	45.0	0.503778
09/27/2017 17:48:02	45.0	44.0	0.502513
09/27/2017 17:48:13	45.0	44.0	1.00503
09/27/2017 17:48:24	45.0	45.0	0.252525
09/27/2017 17:48:35	45.0	44.0	0.503778
09/27/2017 17:48:46	45.0	44.0	0.503778
09/27/2017 17:48:57	45.0	44.0	0.755668
09/27/2017 17:49:08	45.0	45.0	1.25945
09/27/2017 17:49:19	44.0	44.0	0.252525
09/27/2017 17:49:30	45.0	45.0	0.503778
09/27/2017 17:49:41	45.0	45.0	0.755668
09/27/2017 17:49:52	45.0	44.0	0.503778
09/27/2017 17:50:03	45.0	44.0	0.252525
09/27/2017 17:50:14	45.0	44.0	0.252525
09/27/2017 17:50:25	46.0	45.0	0.753769
09/27/2017 17:50:36	45.0	44.0	0.502513
09/27/2017 17:50:47	46.0	45.0	0.503778
09/27/2017 17:50:58	46.0	45.0	0.503778
09/27/2017 17:51:09	45.0	45.0	0.252525
09/27/2017 17:51:20	45.0	45.0	0.503778
09/27/2017 17:51:31	45.0	44.0	0.503778
09/27/2017 17:51:42	46.0	45.0	0.753769
09/27/2017 17:51:53	45.0	45.0	0.503778
09/27/2017 17:52:04	44.0	45.0	0.753769
09/27/2017 17:52:15	45.0	45.0	0.503778
09/27/2017 17:52:26	45.0	44.0	0.505051
09/27/2017 17:52:37	46.0	45.0	0.755668
09/27/2017 17:52:48	44.0	45.0	0.755668
09/27/2017 17:52:59	45.0	45.0	0.252525
09/27/2017 17:53:10	45.0	45.0	0.503778
09/27/2017 17:53:21	44.0	44.0	0.503778
09/27/2017 17:53:33	46.0	45.0	0.503778
09/27/2017 17:53:44	45.0	44.0	0.251889
09/27/2017 17:53:55	46.0	45.0	1.25945
09/27/2017 17:54:06	45.0	44.0	0.502513
09/27/2017 17:54:17	45.0	45.0	0.753769
09/27/2017 17:54:28	45.0	44.0	0.503778
09/27/2017 17:54:39	46.0	45.0	0.505051
09/27/2017 17:54:50	45.0	45.0	0.505051
09/27/2017 17:55:01	45.0	44.0	0.505051
09/27/2017 17:55:12	44.0	44.0	0.251889
09/27/2017 17:55:23	46.0	44.0	0.252525
09/27/2017 17:55:34	45.0	44.0	0.753769
09/27/2017 17:55:45	45.0	45.0	0.503778
09/27/2017 17:55:56	46.0	45.0	0.505051
09/27/2017 17:56:07	45.0	45.0	0.503778
09/27/2017 17:56:18	45.0	44.0	0.505051
09/27/2017 17:56:29	45.0	44.0	0.753769
09/27/2017 17:56:40	46.0	44.0	0.755668
09/27/2017 17:56:51	46.0	44.0	0.505051
09/27/2017 17:57:02	45.0	44.0	0.252525
09/27/2017 17:57:13	45.0	45.0	0.755668
09/27/2017 17:57:24	45.0	44.0	0.505051
09/27/2017 17:57:35	45.0	44.0	0.251889
09/27/2017 17:57:46	46.0	44.0	0.505051
09/27/2017 17:57:57	46.0	45.0	0.503778
09/27/2017 17:58:08	46.0	45.0	0.755668
09/27/2017 17:58:19	45.0	45.0	0.503778
09/27/2017 17:58:30	46.0	45.0	1.00503
09/27/2017 17:58:41	45.0	44.0	0.252525
09/27/2017 17:58:52	45.0	44.0	0.505051
09/27/2017 17:59:03	45.0	45.0	0.505051
09/27/2017 17:59:14	46.0	45.0	6.61578
09/27/2017 17:59:25	46.0	45.0	10
09/27/2017 17:59:36	45.0	45.0	0.503778
09/27/2017 17:59:47	47.0	45.0	0.505051
09/27/2017 17:59:58	45.0	45.0	0.503778
09/27/2017 18:00:10	45.0	45.0	0.505051
09/27/2017 18:00:21	46.0	45.0	0.502513
09/27/2017 18:00:32	45.0	44.0	0.505051
09/27/2017 18:00:43	45.0	45.0	0.252525
09/27/2017 18:00:54	45.0	44.0	0.503778
09/27/2017 18:01:05	46.0	45.0	0.251889
09/27/2017 18:01:16	45.0	45.0	0.253165
09/27/2017 18:01:27	45.0	45.0	0.502513
09/27/2017 18:01:38	45.0	45.0	0.505051
09/27/2017 18:01:49	46.0	45.0	0.503778
09/27/2017 18:02:00	45.0	45.0	0.755668
09/27/2017 18:02:11	46.0	44.0	0.753769
09/27/2017 18:02:22	45.0	44.0	0.753769
09/27/2017 18:02:33	45.0	45.0	0.503778
09/27/2017 18:02:44	45.0	45.0	0.503778
09/27/2017 18:02:55	45.0	45.0	0.755668
09/27/2017 18:03:06	45.0	45.0	0.503778
09/27/2017 18:03:17	46.0	46.0	0.753769
09/27/2017 18:03:28	46.0	45.0	0.753769
09/27/2017 18:03:39	45.0	45.0	0.505051
09/27/2017 18:03:50	46.0	45.0	0.503778
09/27/2017 18:04:01	46.0	45.0	0.503778
09/27/2017 18:04:12	46.0	45.0	0.252525
09/27/2017 18:04:23	46.0	45.0	0.755668
09/27/2017 18:04:34	45.0	45.0	0.252525
09/27/2017 18:04:45	45.0	45.0	0.506329
09/27/2017 18:04:56	46.0	44.0	0.502513
09/27/2017 18:05:07	45.0	45.0	1.0101
09/27/2017 18:05:18	45.0	45.0	0
09/27/2017 18:05:29	45.0	45.0	0.505051
09/27/2017 18:05:40	46.0	45.0	0.502513
09/27/2017 18:05:51	46.0	46.0	1.00503
09/27/2017 18:06:02	46.0	45.0	0.503778
09/27/2017 18:06:13	46.0	46.0	0.753769
09/27/2017 18:06:24	46.0	46.0	0.502513
09/27/2017 18:06:35	46.0	45.0	0.755668
09/27/2017 18:06:47	46.0	45.0	0.251889
09/27/2017 18:06:58	45.0	45.0	0.753769
09/27/2017 18:07:09	45.0	45.0	1.51134
09/27/2017 18:07:20	46.0	46.0	0.505051
09/27/2017 18:07:31	46.0	46.0	0.503778
09/27/2017 18:07:42	45.0	45.0	0.505051
09/27/2017 18:07:53	46.0	45.0	0.252525
09/27/2017 18:08:04	45.0	45.0	0.505051
09/27/2017 18:08:15	45.0	46.0	0.252525
09/27/2017 18:08:26	45.0	45.0	0.503778
09/27/2017 18:08:37	46.0	45.0	0.505051
09/27/2017 18:08:48	45.0	45.0	0.252525
09/27/2017 18:08:59	46.0	45.0	0.252525
09/27/2017 18:09:10	46.0	45.0	0.252525
09/27/2017 18:09:21	45.0	45.0	0.505051
09/27/2017 18:09:32	46.0	45.0	0.503778
09/27/2017 18:09:43	46.0	45.0	3.5533
09/27/2017 18:09:54	45.0	45.0	0.503778
09/27/2017 18:10:05	45.0	46.0	0.505051
09/27/2017 18:10:16	46.0	45.0	0.503778
09/27/2017 18:10:27	45.0	46.0	0.503778
09/27/2017 18:10:38	46.0	45.0	0
09/27/2017 18:10:49	45.0	45.0	0.505051
09/27/2017 18:11:00	46.0	45.0	0.505051
09/27/2017 18:11:11	45.0	45.0	0.753769
09/27/2017 18:11:22	46.0	45.0	0.503778
09/27/2017 18:11:33	46.0	45.0	0.505051
09/27/2017 18:11:44	45.0	45.0	0.252525
09/27/2017 18:11:55	45.0	45.0	0.755668
09/27/2017 18:12:06	46.0	44.0	0.251889
09/27/2017 18:12:17	46.0	45.0	0.505051
09/27/2017 18:12:28	46.0	45.0	0.252525
09/27/2017 18:12:39	45.0	44.0	0.503778
09/27/2017 18:12:50	46.0	45.0	0.755668
09/27/2017 18:13:01	46.0	45.0	0.503778
09/27/2017 18:13:12	45.0	45.0	1.00756
09/27/2017 18:13:23	46.0	45.0	0.252525
09/27/2017 18:13:35	47.0	45.0	0.505051
09/27/2017 18:13:46	46.0	45.0	0.503778
09/27/2017 18:13:57	45.0	45.0	1.00503
09/27/2017 18:14:08	45.0	45.0	0.503778
09/27/2017 18:14:19	45.0	45.0	0.757576
09/27/2017 18:14:30	45.0	45.0	0.252525
09/27/2017 18:14:41	46.0	46.0	1.00251
09/27/2017 18:14:52	46.0	45.0	0.503778
09/27/2017 18:15:03	46.0	45.0	0.252525
09/27/2017 18:15:14	45.0	44.0	0
09/27/2017 18:15:25	45.0	45.0	0.755668
09/27/2017 18:15:36	45.0	45.0	0.503778
09/27/2017 18:15:47	45.0	44.0	0.503778
09/27/2017 18:15:58	45.0	46.0	0.502513
09/27/2017 18:16:09	46.0	46.0	0.505051
09/27/2017 18:16:20	46.0	45.0	0.503778
09/27/2017 18:16:31	46.0	45.0	0.503778
09/27/2017 18:16:42	46.0	44.0	0.503778
09/27/2017 18:16:53	46.0	44.0	0.503778
09/27/2017 18:17:04	46.0	45.0	0.502513
09/27/2017 18:17:15	46.0	46.0	0.503778
09/27/2017 18:17:26	47.0	45.0	0.505051
09/27/2017 18:17:37	45.0	45.0	0.753769
09/27/2017 18:17:48	46.0	45.0	0.252525
09/27/2017 18:17:59	46.0	45.0	0.503778
09/27/2017 18:18:10	45.0	45.0	0.755668
09/27/2017 18:18:21	46.0	45.0	0.252525
09/27/2017 18:18:32	46.0	44.0	0.75188
09/27/2017 18:18:43	46.0	44.0	0.505051
09/27/2017 18:18:54	46.0	45.0	0.251889
09/27/2017 18:19:05	46.0	44.0	0.503778
09/27/2017 18:19:16	46.0	45.0	0.503778
09/27/2017 18:19:27	46.0	44.0	0
09/27/2017 18:19:38	46.0	45.0	0.505051
09/27/2017 18:19:50	45.0	45.0	0.503778
09/27/2017 18:20:01	45.0	45.0	1.00503
09/27/2017 18:20:12	45.0	45.0	0.253165
09/27/2017 18:20:23	46.0	45.0	0.505051
09/27/2017 18:20:34	45.0	45.0	0.505051
09/27/2017 18:20:45	45.0	45.0	0.252525
09/27/2017 18:20:56	45.0	45.0	0.503778
09/27/2017 18:21:07	45.0	45.0	0.757576
09/27/2017 18:21:18	46.0	45.0	0.503778
09/27/2017 18:21:29	45.0	45.0	0.753769
09/27/2017 18:21:40	45.0	45.0	0.502513
09/27/2017 18:21:51	45.0	45.0	0.502513
09/27/2017 18:22:02	46.0	45.0	0.755668
09/27/2017 18:22:13	46.0	45.0	0.502513
09/27/2017 18:22:24	45.0	45.0	0.755668
09/27/2017 18:22:35	45.0	44.0	0.502513
09/27/2017 18:22:46	45.0	44.0	0.505051
09/27/2017 18:22:57	45.0	45.0	0.252525
09/27/2017 18:23:08	45.0	44.0	1.26263
09/27/2017 18:23:19	45.0	44.0	0.252525
09/27/2017 18:23:30	45.0	44.0	0.753769
09/27/2017 18:23:41	46.0	46.0	0.253165
09/27/2017 18:23:52	45.0	45.0	0.505051
09/27/2017 18:24:03	46.0	45.0	0.251889
09/27/2017 18:24:14	45.0	44.0	0.505051
09/27/2017 18:24:25	45.0	45.0	0.503778
09/27/2017 18:24:36	45.0	45.0	0.505051
09/27/2017 18:24:47	45.0	45.0	0.252525
09/27/2017 18:24:58	45.0	45.0	0.505051
09/27/2017 18:25:09	45.0	45.0	0.505051
09/27/2017 18:25:20	45.0	44.0	0.753769
09/27/2017 18:25:31	45.0	45.0	0.503778
09/27/2017 18:25:42	46.0	45.0	0.503778
09/27/2017 18:25:53	45.0	45.0	0.503778
09/27/2017 18:26:05	45.0	45.0	0.505051
09/27/2017 18:26:16	46.0	45.0	0.753769
09/27/2017 18:26:27	46.0	45.0	0.252525
09/27/2017 18:26:38	46.0	45.0	0.503778
09/27/2017 18:26:49	46.0	46.0	0.503778
09/27/2017 18:27:00	46.0	45.0	0.757576
09/27/2017 18:27:11	46.0	45.0	0.505051
09/27/2017 18:27:22	45.0	46.0	0.753769
09/27/2017 18:27:33	46.0	45.0	0.502513
09/27/2017 18:27:44	46.0	45.0	0.253165
09/27/2017 18:27:55	45.0	45.0	0.753769
09/27/2017 18:28:06	47.0	45.0	0.755668
09/27/2017 18:28:17	46.0	45.0	0.503778
09/27/2017 18:28:28	45.0	45.0	0.503778
09/27/2017 18:28:39	46.0	45.0	0.253165
09/27/2017 18:28:50	45.0	45.0	0.755668
09/27/2017 18:29:01	46.0	45.0	0.503778
09/27/2017 18:29:12	45.0	45.0	0.755668
09/27/2017 18:29:23	46.0	45.0	0.503778
09/27/2017 18:29:34	45.0	45.0	0.755668
09/27/2017 18:29:45	45.0	45.0	0.505051
09/27/2017 18:29:56	46.0	45.0	0.505051
09/27/2017 18:30:07	45.0	45.0	0.252525
09/27/2017 18:30:18	45.0	45.0	0.503778
09/27/2017 18:30:29	45.0	46.0	0.252525
09/27/2017 18:30:40	46.0	44.0	0.75188
09/27/2017 18:30:51	45.0	46.0	0.505051
09/27/2017 18:31:02	45.0	45.0	0.503778
09/27/2017 18:31:13	46.0	45.0	0.755668
09/27/2017 18:31:24	46.0	45.0	0.251889
09/27/2017 18:31:35	46.0	45.0	0.503778
09/27/2017 18:31:46	45.0	45.0	0.505051
09/27/2017 18:31:57	45.0	45.0	0.753769
09/27/2017 18:32:08	45.0	44.0	0.251889
09/27/2017 18:32:19	45.0	45.0	0.503778
09/27/2017 18:32:31	45.0	46.0	0.503778
09/27/2017 18:32:42	45.0	45.0	0.755668
09/27/2017 18:32:53	46.0	45.0	0.251256
09/27/2017 18:33:04	46.0	45.0	0.503778
09/27/2017 18:33:15	45.0	45.0	0.252525
09/27/2017 18:33:26	45.0	44.0	0.503778
09/27/2017 18:33:37	45.0	45.0	0.505051
09/27/2017 18:33:48	46.0	45.0	0.753769
09/27/2017 18:33:59	45.0	45.0	0.503778
09/27/2017 18:34:10	45.0	44.0	0.503778
09/27/2017 18:34:21	45.0	45.0	0.252525
09/27/2017 18:34:32	45.0	45.0	0.505051
09/27/2017 18:34:43	45.0	45.0	0.503778
09/27/2017 18:34:54	45.0	45.0	0.753769
09/27/2017 18:35:05	45.0	45.0	0.502513
09/27/2017 18:35:16	45.0	45.0	0.252525
09/27/2017 18:35:27	45.0	45.0	0.503778
09/27/2017 18:35:38	45.0	45.0	0.503778
09/27/2017 18:35:49	46.0	46.0	1.00251
09/27/2017 18:36:00	45.0	45.0	0.503778
09/27/2017 18:36:11	46.0	45.0	0.505051
09/27/2017 18:36:22	45.0	45.0	0.753769
09/27/2017 18:36:33	45.0	45.0	0.503778
09/27/2017 18:36:44	45.0	45.0	0.252525
09/27/2017 18:36:55	45.0	45.0	0.757576
09/27/2017 18:37:06	45.0	45.0	0.753769
09/27/2017 18:37:17	45.0	45.0	0.503778
09/27/2017 18:37:28	45.0	44.0	0
09/27/2017 18:37:39	45.0	44.0	0.755668
09/27/2017 18:37:50	46.0	44.0	0.503778
09/27/2017 18:38:01	45.0	45.0	0.505051
09/27/2017 18:38:12	45.0	44.0	0.502513
09/27/2017 18:38:23	45.0	45.0	0.753769
09/27/2017 18:38:34	46.0	46.0	0.503778
09/27/2017 18:38:46	45.0	45.0	0.755668
09/27/2017 18:38:57	46.0	45.0	0.503778
09/27/2017 18:39:08	45.0	45.0	0.759494
09/27/2017 18:39:19	46.0	45.0	0.503778
09/27/2017 18:39:30	44.0	45.0	0.505051
09/27/2017 18:39:41	45.0	45.0	0.502513
09/27/2017 18:39:52	45.0	44.0	0.503778
09/27/2017 18:40:03	45.0	45.0	0.753769
09/27/2017 18:40:14	45.0	45.0	0.251889
09/27/2017 18:40:25	45.0	44.0	0.505051
09/27/2017 18:40:36	45.0	45.0	0.253165
09/27/2017 18:40:47	44.0	45.0	1.00251
09/27/2017 18:40:58	45.0	45.0	0.252525
09/27/2017 18:41:09	45.0	45.0	0.755668
09/27/2017 18:41:20	45.0	45.0	0.253165
09/27/2017 18:41:31	45.0	45.0	0.503778
09/27/2017 18:41:42	46.0	45.0	0.753769
09/27/2017 18:41:53	46.0	45.0	0.503778
09/27/2017 18:42:04	46.0	44.0	0.503778
09/27/2017 18:42:15	46.0	45.0	0.505051
09/27/2017 18:42:26	45.0	45.0	0.502513
09/27/2017 18:42:37	46.0	44.0	0.505051
09/27/2017 18:42:48	45.0	45.0	0.503778
09/27/2017 18:42:59	45.0	45.0	0.755668
09/27/2017 18:43:10	45.0	45.0	0.505051
09/27/2017 18:43:21	45.0	45.0	0.505051
09/27/2017 18:43:32	45.0	44.0	0.251889
09/27/2017 18:43:43	46.0	45.0	1.25945
09/27/2017 18:43:54	44.0	44.0	0.503778
09/27/2017 18:44:05	45.0	45.0	0.505051
09/27/2017 18:44:16	45.0	45.0	1.00503
09/27/2017 18:44:27	45.0	45.0	0.252525
09/27/2017 18:44:38	45.0	45.0	0.755668
09/27/2017 18:44:49	44.0	44.0	0.252525
09/27/2017 18:45:00	46.0	45.0	0.755668
09/27/2017 18:45:11	44.0	44.0	0.502513
09/27/2017 18:45:23	45.0	45.0	0.753769
09/27/2017 18:45:34	45.0	44.0	0.503778
09/27/2017 18:45:45	45.0	45.0	0.755668
09/27/2017 18:45:56	45.0	45.0	0.505051
09/27/2017 18:46:07	45.0	45.0	0.755668
09/27/2017 18:46:18	45.0	45.0	0.252525
09/27/2017 18:46:29	44.0	45.0	0.753769
09/27/2017 18:46:40	45.0	44.0	0.505051
09/27/2017 18:46:51	45.0	45.0	0.753769
09/27/2017 18:47:02	46.0	45.0	0.252525
09/27/2017 18:47:13	45.0	45.0	1.25628
09/27/2017 18:47:24	45.0	45.0	0.502513
09/27/2017 18:47:35	45.0	45.0	0.753769
09/27/2017 18:47:46	46.0	45.0	0.503778
09/27/2017 18:47:57	45.0	45.0	0.755668
09/27/2017 18:48:08	45.0	45.0	0.252525
09/27/2017 18:48:19	46.0	45.0	0.755668
09/27/2017 18:48:30	45.0	44.0	0.505051
09/27/2017 18:48:41	45.0	45.0	11.5385
09/27/2017 18:48:52	46.0	45.0	4.56853
09/27/2017 18:49:03	45.0	45.0	77.686
09/27/2017 18:49:16	46.0	47.0	19.3443
09/27/2017 18:49:27	47.0	48.0	18.9103
09/27/2017 18:49:38	50.0	48.0	19.0031
09/27/2017 18:49:50	48.0	48.0	14.3229
09/27/2017 18:50:01	50.0	50.0	17.2973
09/27/2017 18:50:12	51.0	51.0	12.336
09/27/2017 18:50:23	51.0	51.0	14.4262
09/27/2017 18:50:35	51.0	51.0	16.1804
09/27/2017 18:50:46	53.0	53.0	16.2304
09/27/2017 18:50:57	53.0	53.0	17.3575
09/27/2017 18:51:08	54.0	53.0	15.1832
09/27/2017 18:51:19	55.0	54.0	17.1875
09/27/2017 18:51:30	56.0	56.0	13.1579
09/27/2017 18:51:41	56.0	55.0	13.089
09/27/2017 18:51:52	56.0	55.0	13.9108
09/27/2017 18:52:03	56.0	56.0	11.9363
09/27/2017 18:52:14	57.0	56.0	12.6984
09/27/2017 18:52:25	57.0	56.0	11.2903
09/27/2017 18:52:36	57.0	56.0	12.4339
09/27/2017 18:52:47	54.0	54.0	14.0584
09/27/2017 18:52:58	53.0	51.0	14.3236
09/27/2017 18:53:09	50.0	50.0	21.5
09/27/2017 18:53:20	49.0	49.0	14.1333
09/27/2017 18:53:31	49.0	48.0	13.4921
09/27/2017 18:53:42	48.0	47.0	12.2016
09/27/2017 18:53:53	48.0	48.0	14.3236
09/27/2017 18:54:04	50.0	50.0	14.8936
09/27/2017 18:54:15	50.0	51.0	12.6316
09/27/2017 18:54:26	52.0	52.0	16.8342
09/27/2017 18:54:38	53.0	53.0	12.9288
09/27/2017 18:54:49	53.0	54.0	18.8976
09/27/2017 18:55:00	55.0	54.0	15.9269
09/27/2017 18:55:11	56.0	56.0	14.7368
09/27/2017 18:55:22	57.0	57.0	14.0992
09/27/2017 18:55:33	55.0	55.0	12.5984
09/27/2017 18:55:44	52.0	53.0	13.2275
09/27/2017 18:55:55	51.0	51.0	14.6277
09/27/2017 18:56:06	50.0	50.0	13.9037
09/27/2017 18:56:17	49.0	49.0	14.2091
09/27/2017 18:56:28	49.0	48.0	14.7059
09/27/2017 18:56:39	48.0	48.0	18.481
09/27/2017 18:56:50	49.0	48.0	14.4357
09/27/2017 18:57:01	49.0	47.0	15
09/27/2017 18:57:12	48.0	48.0	12.4011
09/27/2017 18:57:23	50.0	50.0	14.5119
09/27/2017 18:57:34	51.0	51.0	14.3236
09/27/2017 18:57:45	53.0	52.0	13.1579
09/27/2017 18:57:56	53.0	53.0	19.4103
09/27/2017 18:58:07	54.0	54.0	13.1579
09/27/2017 18:58:18	55.0	55.0	12.1372
09/27/2017 18:58:29	56.0	55.0	11.9048
09/27/2017 18:58:40	57.0	56.0	12.4339
09/27/2017 18:58:51	55.0	54.0	12.6984
09/27/2017 18:59:02	53.0	53.0	14.3617
09/27/2017 18:59:13	51.0	51.0	14.5119
09/27/2017 18:59:25	50.0	50.0	14.0957
09/27/2017 18:59:36	50.0	49.0	12.8
09/27/2017 18:59:47	49.0	48.0	13.8298
09/27/2017 18:59:58	49.0	48.0	15.0396
09/27/2017 19:00:09	48.0	48.0	16.6247
09/27/2017 19:00:20	49.0	48.0	14.5503
09/27/2017 19:00:31	48.0	47.0	14.7368
09/27/2017 19:00:42	48.0	48.0	14.0584
09/27/2017 19:00:53	50.0	49.0	13.2626
09/27/2017 19:01:04	51.0	52.0	13.6
09/27/2017 19:01:15	53.0	52.0	12.6316
09/27/2017 19:01:26	54.0	53.0	19.3154
09/27/2017 19:01:37	54.0	54.0	12.963
09/27/2017 19:01:48	55.0	55.0	12.1053
09/27/2017 19:01:59	57.0	55.0	12.234
09/27/2017 19:02:10	58.0	56.0	12.6316
09/27/2017 19:02:21	55.0	54.0	13.7931
09/27/2017 19:02:32	53.0	51.0	14.0957
09/27/2017 19:02:43	51.0	51.0	14.7368
09/27/2017 19:02:54	51.0	50.0	14.0584
09/27/2017 19:03:05	50.0	49.0	14.3236
09/27/2017 19:03:16	49.0	49.0	14.7757
09/27/2017 19:03:27	49.0	48.0	14.5889
09/27/2017 19:03:38	49.0	48.0	19.1919
09/27/2017 19:03:49	48.0	48.0	14.0584
09/27/2017 19:04:00	48.0	47.0	14.8148
09/27/2017 19:04:11	49.0	47.0	14.248
09/27/2017 19:04:22	48.0	47.0	14.2857
09/27/2017 19:04:34	48.0	46.0	13.6364
09/27/2017 19:04:45	49.0	48.0	14.8148
09/27/2017 19:04:56	50.0	49.0	22.0874
09/27/2017 19:05:07	51.0	51.0	12.5
09/27/2017 19:05:18	52.0	52.0	12.1053
09/27/2017 19:05:29	53.0	53.0	13.4211
09/27/2017 19:05:40	55.0	54.0	11.9048
09/27/2017 19:05:51	56.0	55.0	12.766
09/27/2017 19:06:02	57.0	56.0	12.4339
09/27/2017 19:06:13	56.0	54.0	13.1926
09/27/2017 19:06:24	54.0	53.0	12.4339
09/27/2017 19:06:35	52.0	51.0	14.1333
09/27/2017 19:06:46	51.0	50.0	13.1579
09/27/2017 19:06:57	51.0	50.0	12.4011
09/27/2017 19:07:08	50.0	49.0	19.8492
09/27/2017 19:07:19	50.0	48.0	13.6364
09/27/2017 19:07:30	49.0	48.0	14.8148
09/27/2017 19:07:41	49.0	48.0	12.7321
09/27/2017 19:07:52	49.0	48.0	16.2791
09/27/2017 19:08:03	49.0	48.0	14.0212
09/27/2017 19:08:14	48.0	48.0	16.5803
09/27/2017 19:08:25	48.0	47.0	14.7368
09/27/2017 19:08:36	48.0	47.0	14.2857
09/27/2017 19:08:47	48.0	47.0	14.0212
09/27/2017 19:08:58	48.0	47.0	14.3617
09/27/2017 19:09:09	47.0	47.0	14.7757
09/27/2017 19:09:20	49.0	49.0	18.5279
09/27/2017 19:09:31	51.0	50.0	14.2105
09/27/2017 19:09:43	52.0	52.0	13.0667
09/27/2017 19:09:54	54.0	53.0	11.9048
09/27/2017 19:10:05	55.0	54.0	12.6316
09/27/2017 19:10:16	55.0	54.0	13.577
09/27/2017 19:10:27	57.0	56.0	12.5654
09/27/2017 19:10:38	57.0	56.0	12.1693
09/27/2017 19:10:49	55.0	54.0	12.336
09/27/2017 19:11:00	53.0	52.0	13.8298
09/27/2017 19:11:11	51.0	51.0	14.7368
09/27/2017 19:11:22	51.0	50.0	14.6982
09/27/2017 19:11:33	50.0	50.0	15
09/27/2017 19:11:44	49.0	49.0	15.8442
09/27/2017 19:11:55	49.0	48.0	18.481
09/27/2017 19:12:06	49.0	48.0	17.5127
09/27/2017 19:12:17	48.0	47.0	15.1436
09/27/2017 19:12:28	49.0	47.0	13.9842
09/27/2017 19:12:39	48.0	47.0	14.1732
09/27/2017 19:12:50	48.0	47.0	14.5119
09/27/2017 19:13:01	47.0	47.0	14.7757
09/27/2017 19:13:12	49.0	47.0	14.2105
09/27/2017 19:13:23	50.0	50.0	14.248
09/27/2017 19:13:34	51.0	51.0	13.9842
09/27/2017 19:13:45	53.0	53.0	13.089
09/27/2017 19:13:56	54.0	53.0	13.0208
09/27/2017 19:14:07	55.0	54.0	12.5984
09/27/2017 19:14:18	56.0	54.0	12.5654
09/27/2017 19:14:29	57.0	56.0	12.3684
09/27/2017 19:14:40	55.0	54.0	12.4339
09/27/2017 19:14:52	53.0	53.0	21.5496
09/27/2017 19:15:03	52.0	51.0	14.248
09/27/2017 19:15:14	51.0	51.0	14.248
09/27/2017 19:15:25	50.0	50.0	13.7566
09/27/2017 19:15:36	50.0	49.0	14.4737
09/27/2017 19:15:47	50.0	48.0	14.5503
09/27/2017 19:15:58	49.0	48.0	14.1732
09/27/2017 19:16:09	49.0	48.0	14.6982
09/27/2017 19:16:20	48.0	48.0	15.4047
09/27/2017 19:16:31	48.0	47.0	14.7368
09/27/2017 19:16:42	48.0	47.0	15.1042
09/27/2017 19:16:53	49.0	49.0	15.8031
09/27/2017 19:17:04	51.0	50.0	13.3858
09/27/2017 19:17:15	52.0	52.0	12.5984
09/27/2017 19:17:26	54.0	53.0	15.1282
09/27/2017 19:17:37	55.0	54.0	14.433
09/27/2017 19:17:48	56.0	54.0	12.1053
09/27/2017 19:17:59	56.0	56.0	14.91
09/27/2017 19:18:10	55.0	54.0	14.6154
09/27/2017 19:18:21	53.0	53.0	13.9474
09/27/2017 19:18:32	52.0	51.0	12.336
09/27/2017 19:18:43	51.0	50.0	13.8298
09/27/2017 19:18:54	50.0	50.0	14.9215
09/27/2017 19:19:05	49.0	49.0	14.7368
09/27/2017 19:19:16	49.0	48.0	13.9474
09/27/2017 19:19:27	49.0	48.0	17.0051
09/27/2017 19:19:38	48.0	48.0	14.4737
09/27/2017 19:19:49	48.0	47.0	13.6842
09/27/2017 19:20:01	49.0	48.0	13.9108
09/27/2017 19:20:12	48.0	47.0	14.6214
09/27/2017 19:20:23	48.0	47.0	14.6597
09/27/2017 19:20:34	47.0	47.0	13.9474
09/27/2017 19:20:45	48.0	47.0	14.0212
09/27/2017 19:20:56	49.0	48.0	13.6842
09/27/2017 19:21:07	50.0	50.0	14.4357
09/27/2017 19:21:18	52.0	51.0	12.3684
09/27/2017 19:21:29	54.0	53.0	17.9104
09/27/2017 19:21:40	55.0	54.0	12.8272
09/27/2017 19:21:51	55.0	55.0	12.5984
09/27/2017 19:22:02	57.0	55.0	13.577
09/27/2017 19:22:13	55.0	55.0	13.4211
09/27/2017 19:22:24	53.0	53.0	15.544
09/27/2017 19:22:35	52.0	51.0	14.6597
09/27/2017 19:22:46	51.0	50.0	14.4737
09/27/2017 19:22:57	50.0	49.0	13.7203
09/27/2017 19:23:08	50.0	49.0	14.2857
09/27/2017 19:23:19	49.0	49.0	14.4357
09/27/2017 19:23:30	49.0	48.0	14.248
09/27/2017 19:23:41	48.0	48.0	13.4921
09/27/2017 19:23:52	48.0	47.0	14.6214
09/27/2017 19:24:03	48.0	47.0	13.7566
09/27/2017 19:24:14	48.0	46.0	13.9842
09/27/2017 19:24:25	48.0	47.0	21.0269
09/27/2017 19:24:36	48.0	48.0	13.9474
09/27/2017 19:24:47	51.0	49.0	14.4737
09/27/2017 19:24:59	52.0	51.0	14.8825
09/27/2017 19:25:10	53.0	52.0	12.6316
09/27/2017 19:25:21	54.0	53.0	12.5654
09/27/2017 19:25:32	55.0	54.0	13.0208
09/27/2017 19:25:43	56.0	54.0	12.8609
09/27/2017 19:25:54	57.0	56.0	13.089
09/27/2017 19:26:05	56.0	54.0	12.5654
09/27/2017 19:26:16	53.0	53.0	12.6316
09/27/2017 19:26:27	52.0	51.0	16.2025
09/27/2017 19:26:38	50.0	50.0	14.7368
09/27/2017 19:26:49	50.0	50.0	13.7203
09/27/2017 19:27:00	50.0	48.0	14.6982
09/27/2017 19:27:11	49.0	48.0	20
09/27/2017 19:27:22	49.0	48.0	13.9842
09/27/2017 19:27:33	49.0	48.0	12.9973
09/27/2017 19:27:44	48.0	48.0	14.1361
09/27/2017 19:27:55	49.0	47.0	14.2857
09/27/2017 19:28:06	48.0	47.0	14.6214
09/27/2017 19:28:17	48.0	46.0	13.7566
09/27/2017 19:28:28	48.0	47.0	13.6842
09/27/2017 19:28:39	47.0	47.0	14.7757
09/27/2017 19:28:50	49.0	48.0	14.2105
09/27/2017 19:29:01	51.0	50.0	12.9288
09/27/2017 19:29:12	51.0	52.0	12.336
09/27/2017 19:29:23	53.0	53.0	13.2812
09/27/2017 19:29:34	55.0	53.0	11.6095
09/27/2017 19:29:45	56.0	54.0	18.6732
09/27/2017 19:29:56	56.0	55.0	12.7604
09/27/2017 19:30:08	57.0	56.0	12.8272
09/27/2017 19:30:19	55.0	54.0	12.336
09/27/2017 19:30:30	53.0	52.0	15.2231
09/27/2017 19:30:41	52.0	51.0	14.248
09/27/2017 19:30:52	51.0	50.0	14.2105
09/27/2017 19:31:03	50.0	50.0	14.248
09/27/2017 19:31:14	50.0	48.0	13.9842
09/27/2017 19:31:25	50.0	48.0	14.2857
09/27/2017 19:31:36	49.0	48.0	13.4921
09/27/2017 19:31:47	49.0	48.0	13.7566
09/27/2017 19:31:58	48.0	48.0	13.2275
09/27/2017 19:32:09	48.0	47.0	14.6982
09/27/2017 19:32:20	48.0	47.0	14.6214
09/27/2017 19:32:31	49.0	47.0	15.544
09/27/2017 19:32:42	48.0	47.0	23.1678
09/27/2017 19:32:53	50.0	50.0	25.8661
09/27/2017 19:33:04	51.0	51.0	25.9174
09/27/2017 19:33:15	53.0	52.0	22.8774
09/27/2017 19:33:26	54.0	53.0	15.0895
09/27/2017 19:33:37	55.0	54.0	13.4715
09/27/2017 19:33:48	56.0	54.0	13.2812
09/27/2017 19:33:59	57.0	56.0	12.5654
09/27/2017 19:34:10	55.0	54.0	13.7566
09/27/2017 19:34:21	53.0	52.0	12.963
09/27/2017 19:34:32	52.0	51.0	14.4737
09/27/2017 19:34:43	51.0	50.0	13.7203
09/27/2017 19:34:54	50.0	49.0	14.0957
09/27/2017 19:35:06	50.0	48.0	13.7203
09/27/2017 19:35:17	49.0	48.0	13.6842
09/27/2017 19:35:28	49.0	47.0	14.1732
09/27/2017 19:35:39	49.0	47.0	14.248
09/27/2017 19:35:50	48.0	47.0	14.0212
09/27/2017 19:36:01	48.0	46.0	20.4938
09/27/2017 19:36:12	48.0	47.0	14.2105
09/27/2017 19:36:23	49.0	47.0	13.9842
09/27/2017 19:36:34	48.0	47.0	14.4737
09/27/2017 19:36:45	47.0	46.0	13.2275
09/27/2017 19:36:56	48.0	47.0	14.2105
09/27/2017 19:37:07	50.0	49.0	13.9842
09/27/2017 19:37:18	51.0	51.0	13.9474
09/27/2017 19:37:29	53.0	52.0	13.6951
09/27/2017 19:37:40	53.0	53.0	13.2812
09/27/2017 19:37:51	55.0	54.0	12.3037
09/27/2017 19:38:02	56.0	54.0	12.8272
09/27/2017 19:38:13	56.0	56.0	12.336
09/27/2017 19:38:24	56.0	55.0	13.5417
09/27/2017 19:38:35	54.0	53.0	20.5882
09/27/2017 19:38:46	52.0	51.0	13.9842
09/27/2017 19:38:57	51.0	51.0	13.7203
09/27/2017 19:39:08	50.0	50.0	14.5119
09/27/2017 19:39:19	50.0	49.0	13.4565
09/27/2017 19:39:30	49.0	48.0	13.4921
09/27/2017 19:39:41	49.0	48.0	24.6479
09/27/2017 19:39:52	49.0	48.0	13.6483
09/27/2017 19:40:04	48.0	47.0	13.9842
09/27/2017 19:40:15	48.0	47.0	13.9474
09/27/2017 19:40:26	48.0	48.0	14.0212
09/27/2017 19:40:37	50.0	49.0	14.248
09/27/2017 19:40:48	52.0	51.0	14.6982
09/27/2017 19:40:59	53.0	52.0	12.3684
09/27/2017 19:41:10	54.0	54.0	11.6711
09/27/2017 19:41:21	55.0	54.0	12.336
09/27/2017 19:41:32	56.0	55.0	13.0548
09/27/2017 19:41:43	57.0	56.0	13.1579
09/27/2017 19:41:54	55.0	55.0	13.4921
09/27/2017 19:42:05	53.0	53.0	15.544
09/27/2017 19:42:16	52.0	52.0	20.4433
09/27/2017 19:42:27	51.0	50.0	13.9474
09/27/2017 19:42:38	50.0	51.0	14.2105
09/27/2017 19:42:49	50.0	50.0	14.2857
09/27/2017 19:43:00	49.0	48.0	14.1732
09/27/2017 19:43:11	49.0	48.0	13.7931
09/27/2017 19:43:22	49.0	48.0	14.8825
09/27/2017 19:43:33	49.0	47.0	14.4737
09/27/2017 19:43:44	48.0	47.0	13.6483
09/27/2017 19:43:55	48.0	48.0	14.4737
09/27/2017 19:44:06	48.0	47.0	14.0212
09/27/2017 19:44:17	48.0	46.0	14.7368
09/27/2017 19:44:28	49.0	48.0	14.1732
09/27/2017 19:44:39	51.0	50.0	14.6982
09/27/2017 19:44:50	52.0	52.0	14.0212
09/27/2017 19:45:01	53.0	53.0	13.0208
09/27/2017 19:45:13	54.0	54.0	14.0992
09/27/2017 19:45:24	56.0	54.0	12.8609
09/27/2017 19:45:35	56.0	55.0	13.2812
09/27/2017 19:45:46	56.0	55.0	12.336
09/27/2017 19:45:57	53.0	53.0	14.5119
09/27/2017 19:46:08	52.0	51.0	20.9756
09/27/2017 19:46:19	51.0	50.0	13.8298
09/27/2017 19:46:30	50.0	50.0	16.2371
09/27/2017 19:46:41	50.0	49.0	14.5119
09/27/2017 19:46:52	50.0	48.0	13.9842
09/27/2017 19:47:03	49.0	48.0	14.4737
09/27/2017 19:47:14	48.0	48.0	18.75
09/27/2017 19:47:25	49.0	47.0	13.8298
09/27/2017 19:47:36	48.0	47.0	14.6597
09/27/2017 19:47:47	48.0	47.0	14.7757
09/27/2017 19:47:58	48.0	47.0	14.1732
09/27/2017 19:48:09	48.0	46.0	14.4737
09/27/2017 19:48:20	49.0	48.0	14.0992
09/27/2017 19:48:31	50.0	50.0	19.25
09/27/2017 19:48:42	52.0	51.0	13.9474
09/27/2017 19:48:53	53.0	52.0	12.5654
09/27/2017 19:49:04	54.0	53.0	12.4668
09/27/2017 19:49:15	55.0	54.0	13.0208
09/27/2017 19:49:26	56.0	55.0	12.8609
09/27/2017 19:49:37	57.0	56.0	13.1579
09/27/2017 19:49:48	56.0	55.0	12.7937
09/27/2017 19:49:59	54.0	53.0	16.8865
09/27/2017 19:50:11	52.0	51.0	13.6842
09/27/2017 19:50:22	51.0	51.0	12.234
09/27/2017 19:50:33	50.0	50.0	13.7566
09/27/2017 19:50:44	50.0	49.0	17.6768
09/27/2017 19:50:55	49.0	49.0	14.248
09/27/2017 19:51:06	49.0	48.0	12.336
09/27/2017 19:51:17	48.0	48.0	14.1732
09/27/2017 19:51:28	49.0	48.0	16.9713
09/27/2017 19:51:39	49.0	47.0	13.7203
09/27/2017 19:51:50	48.0	47.0	14.1732
09/27/2017 19:52:01	48.0	47.0	13.9842
09/27/2017 19:52:12	48.0	47.0	17.0918
09/27/2017 19:52:23	47.0	47.0	13.9474
09/27/2017 19:52:34	50.0	49.0	13.4211
09/27/2017 19:52:45	52.0	51.0	14.1732
09/27/2017 19:52:56	52.0	52.0	12.5984
09/27/2017 19:53:07	54.0	53.0	12.5984
09/27/2017 19:53:18	55.0	54.0	12.8947
09/27/2017 19:53:29	55.0	55.0	12.5984
09/27/2017 19:53:40	56.0	55.0	12.8947
09/27/2017 19:53:51	57.0	56.0	12.1053
09/27/2017 19:54:02	55.0	54.0	16.0207
09/27/2017 19:54:13	53.0	52.0	14.6982
09/27/2017 19:54:24	51.0	51.0	13.7203
09/27/2017 19:54:35	51.0	50.0	14.248
09/27/2017 19:54:46	50.0	50.0	13.2626
09/27/2017 19:54:57	50.0	49.0	14.4737
09/27/2017 19:55:08	49.0	48.0	14.2105
09/27/2017 19:55:20	49.0	48.0	18.6398
09/27/2017 19:55:31	48.0	48.0	21.7241
09/27/2017 19:55:42	49.0	48.0	13.2275
09/27/2017 19:55:53	48.0	48.0	16.3636
09/27/2017 19:56:04	50.0	49.0	14.5119
09/27/2017 19:56:15	48.0	47.0	13.9842
09/27/2017 19:56:26	48.0	47.0	13.7931
09/27/2017 19:56:37	48.0	47.0	14.1732
09/27/2017 19:56:48	47.0	47.0	14.4737
09/27/2017 19:56:59	48.0	48.0	15.3247
09/27/2017 19:57:10	50.0	49.0	20.8333
09/27/2017 19:57:21	51.0	51.0	13.4921
09/27/2017 19:57:32	52.0	53.0	13.1579
09/27/2017 19:57:43	54.0	53.0	13.1579
09/27/2017 19:57:55	54.0	54.0	12.6316
09/27/2017 19:58:06	56.0	55.0	12.336
09/27/2017 19:58:17	57.0	56.0	12.5984
09/27/2017 19:58:28	56.0	55.0	13.0548
09/27/2017 19:58:39	54.0	53.0	12.5984
09/27/2017 19:58:50	53.0	52.0	14.8825
09/27/2017 19:59:01	51.0	51.0	13.7566
09/27/2017 19:59:12	50.0	50.0	14.5119
09/27/2017 19:59:23	50.0	49.0	13.5638
09/27/2017 19:59:34	49.0	48.0	14.7368
09/27/2017 19:59:45	49.0	48.0	13.4921
09/27/2017 19:59:56	48.0	47.0	14.6982
09/27/2017 20:00:07	48.0	48.0	15.7623
09/27/2017 20:00:18	48.0	48.0	26.2069
09/27/2017 20:00:29	48.0	47.0	20.197
09/27/2017 20:00:40	48.0	47.0	14.9606
09/27/2017 20:00:51	48.0	47.0	14.2105
09/27/2017 20:01:02	49.0	50.0	14.7757
09/27/2017 20:01:13	51.0	51.0	14.5119
09/27/2017 20:01:24	52.0	53.0	13.7662
09/27/2017 20:01:35	53.0	54.0	12.8272
09/27/2017 20:01:46	56.0	54.0	12.6316
09/27/2017 20:01:57	55.0	55.0	13.0548
09/27/2017 20:02:08	56.0	56.0	12.3037
09/27/2017 20:02:19	55.0	54.0	13.3508
09/27/2017 20:02:30	53.0	53.0	12.7321
09/27/2017 20:02:41	51.0	51.0	14.5119
09/27/2017 20:02:52	51.0	50.0	13.6842
09/27/2017 20:03:04	50.0	49.0	14.0584
09/27/2017 20:03:15	50.0	48.0	13.7566
09/27/2017 20:03:26	49.0	48.0	13.8743
09/27/2017 20:03:37	49.0	48.0	13.6842
09/27/2017 20:03:48	49.0	48.0	13.7566
09/27/2017 20:03:59	48.0	48.0	13.9108
09/27/2017 20:04:10	48.0	47.0	14.4737
09/27/2017 20:04:21	48.0	48.0	13.2979
09/27/2017 20:04:32	48.0	47.0	14.248
09/27/2017 20:04:43	48.0	46.0	14.2857
09/27/2017 20:04:54	48.0	47.0	14.248
09/27/2017 20:05:05	50.0	49.0	13.5279
09/27/2017 20:05:16	51.0	51.0	13.4921
09/27/2017 20:05:27	52.0	52.0	17.6179
09/27/2017 20:05:38	54.0	53.0	18.8725
09/27/2017 20:05:49	55.0	54.0	22.6636
09/27/2017 20:06:00	56.0	55.0	13.2124
09/27/2017 20:06:11	57.0	56.0	17.1875
09/27/2017 20:06:22	57.0	56.0	18.8482
09/27/2017 20:06:33	55.0	53.0	13.089
09/27/2017 20:06:44	52.0	52.0	14.5503
09/27/2017 20:06:55	54.0	52.0	14.0212
09/27/2017 20:07:06	50.0	50.0	13.9108
09/27/2017 20:07:17	50.0	49.0	14.248
09/27/2017 20:07:28	50.0	48.0	14.0212
09/27/2017 20:07:39	49.0	48.0	14.1732
09/27/2017 20:07:50	49.0	48.0	13.7931
09/27/2017 20:08:01	49.0	47.0	14.248
09/27/2017 20:08:13	49.0	47.0	13.9842
09/27/2017 20:08:24	48.0	47.0	13.6483
09/27/2017 20:08:35	48.0	47.0	14.0212
09/27/2017 20:08:46	48.0	46.0	14.248
09/27/2017 20:08:57	50.0	49.0	13.4921
09/27/2017 20:09:08	52.0	51.0	13.9474
09/27/2017 20:09:19	53.0	52.0	12.5654
09/27/2017 20:09:30	54.0	53.0	12.5654
09/27/2017 20:09:41	55.0	54.0	12.8609
09/27/2017 20:09:52	56.0	54.0	12.3684
09/27/2017 20:10:03	57.0	55.0	12.6316
09/27/2017 20:10:14	55.0	54.0	17.7057
09/27/2017 20:10:25	53.0	53.0	25.8065
09/27/2017 20:10:36	53.0	51.0	13.6126
09/27/2017 20:10:47	50.0	50.0	13.9842
09/27/2017 20:10:58	50.0	50.0	14.248
09/27/2017 20:11:09	50.0	49.0	15
09/27/2017 20:11:20	49.0	48.0	14.1732
09/27/2017 20:11:31	49.0	48.0	13.4921
09/27/2017 20:11:42	49.0	47.0	13.9474
09/27/2017 20:11:53	48.0	47.0	14.0212
09/27/2017 20:12:04	48.0	47.0	13.7931
09/27/2017 20:12:15	49.0	47.0	13.7566
09/27/2017 20:12:26	48.0	47.0	13.6483
09/27/2017 20:12:37	48.0	47.0	14.2105
09/27/2017 20:12:48	47.0	47.0	14.4357
09/27/2017 20:12:59	48.0	48.0	14.2105
09/27/2017 20:13:11	50.0	50.0	13.2626
09/27/2017 20:13:22	51.0	51.0	14.0212
09/27/2017 20:13:33	52.0	52.0	21.6545
09/27/2017 20:13:44	53.0	53.0	13.7662
09/27/2017 20:13:55	55.0	54.0	12.3037
09/27/2017 20:14:06	56.0	55.0	12.5984
09/27/2017 20:14:17	56.0	56.0	11.8421
09/27/2017 20:14:28	57.0	56.0	12.8609
09/27/2017 20:14:39	55.0	53.0	12.1693
09/27/2017 20:14:50	52.0	52.0	13.8743
09/27/2017 20:15:01	52.0	51.0	13.7203
09/27/2017 20:15:12	50.0	50.0	14.4357
09/27/2017 20:15:23	50.0	50.0	13.4921
09/27/2017 20:15:34	49.0	49.0	15
09/27/2017 20:15:45	49.0	48.0	14.4737
09/27/2017 20:15:56	49.0	48.0	14.4357
09/27/2017 20:16:07	48.0	48.0	14.248
09/27/2017 20:16:18	48.0	48.0	14.0957
09/27/2017 20:16:29	48.0	47.0	13.9108
09/27/2017 20:16:40	48.0	47.0	16.7095
09/27/2017 20:16:51	47.0	47.0	15.1832
09/27/2017 20:17:02	50.0	49.0	13.9474
09/27/2017 20:17:13	51.0	50.0	14.0212
09/27/2017 20:17:24	52.0	52.0	12.3037
09/27/2017 20:17:35	54.0	53.0	12.6649
09/27/2017 20:17:46	55.0	54.0	12.336
09/27/2017 20:17:57	57.0	55.0	17.6617
09/27/2017 20:18:08	57.0	56.0	12.0419
09/27/2017 20:18:20	57.0	56.0	14.0992
09/27/2017 20:18:31	55.0	54.0	12.7604
09/27/2017 20:18:42	53.0	53.0	14.2857
09/27/2017 20:18:53	51.0	51.0	13.9474
09/27/2017 20:19:04	51.0	50.0	17.7665
09/27/2017 20:19:15	50.0	49.0	13.6842
09/27/2017 20:19:26	50.0	48.0	14.248
09/27/2017 20:19:37	49.0	48.0	13.5279
09/27/2017 20:19:48	49.0	48.0	13.6483
09/27/2017 20:19:59	48.0	48.0	13.9474
09/27/2017 20:20:10	48.0	47.0	15.3646
09/27/2017 20:20:21	48.0	47.0	14.2105
09/27/2017 20:20:32	48.0	46.0	14.3979
09/27/2017 20:20:43	47.0	46.0	13.4921
09/27/2017 20:20:54	48.0	47.0	16.4103
09/27/2017 20:21:05	48.0	47.0	14.5119
09/27/2017 20:21:16	51.0	49.0	13.9108
09/27/2017 20:21:27	51.0	51.0	14.3229
09/27/2017 20:21:38	52.0	52.0	12.336
09/27/2017 20:21:49	54.0	54.0	11.8734
09/27/2017 20:22:00	55.0	54.0	12.8272
09/27/2017 20:22:11	56.0	55.0	12.3037
09/27/2017 20:22:22	56.0	55.0	12.4011
09/27/2017 20:22:33	55.0	54.0	11.8421
09/27/2017 20:22:44	53.0	53.0	13.9842
09/27/2017 20:22:55	51.0	51.0	13.1926
09/27/2017 20:23:06	50.0	50.0	14.2857
09/27/2017 20:23:18	50.0	49.0	13.9474
09/27/2017 20:23:29	50.0	48.0	14.7368
09/27/2017 20:23:40	49.0	48.0	14.248
09/27/2017 20:23:51	48.0	48.0	14.2857
09/27/2017 20:24:02	49.0	47.0	20.3931
09/27/2017 20:24:13	48.0	48.0	14.1732
09/27/2017 20:24:24	48.0	47.0	13.4921
09/27/2017 20:24:35	47.0	47.0	14.5503
09/27/2017 20:24:46	49.0	48.0	13.7931
09/27/2017 20:24:57	50.0	50.0	14.8825
09/27/2017 20:25:08	52.0	51.0	14.0992
09/27/2017 20:25:19	54.0	53.0	12.8609
09/27/2017 20:25:30	54.0	54.0	13.3508
09/27/2017 20:25:41	55.0	55.0	13.089
09/27/2017 20:25:52	57.0	55.0	13.089
09/27/2017 20:26:03	57.0	55.0	12.1053
09/27/2017 20:26:14	55.0	55.0	12.8272
09/27/2017 20:26:25	54.0	53.0	14.3979
09/27/2017 20:26:36	52.0	51.0	14.2105
09/27/2017 20:26:47	52.0	50.0	13.6842
09/27/2017 20:26:58	50.0	49.0	14.7368
09/27/2017 20:27:09	50.0	49.0	14.4737
09/27/2017 20:27:20	49.0	48.0	15.2231
09/27/2017 20:27:31	49.0	48.0	14.3979
09/27/2017 20:27:42	48.0	47.0	14.0212
09/27/2017 20:27:53	48.0	48.0	21.5496
09/27/2017 20:28:04	48.0	48.0	14.5119
09/27/2017 20:28:16	48.0	47.0	13.9842
09/27/2017 20:28:27	49.0	48.0	14.4737
09/27/2017 20:28:38	52.0	51.0	14.0212
09/27/2017 20:28:49	52.0	51.0	12.8272
09/27/2017 20:29:00	53.0	53.0	12.8609
09/27/2017 20:29:11	54.0	54.0	13.5417
09/27/2017 20:29:22	55.0	55.0	13.0548
09/27/2017 20:29:33	56.0	56.0	19.2214
09/27/2017 20:29:44	57.0	56.0	13.1234
09/27/2017 20:29:55	55.0	54.0	20.9524
09/27/2017 20:30:06	53.0	53.0	13.1926
09/27/2017 20:30:17	52.0	51.0	20
09/27/2017 20:30:28	51.0	50.0	14.7368
09/27/2017 20:30:39	50.0	49.0	15.544
09/27/2017 20:30:50	50.0	49.0	13.8298
09/27/2017 20:31:01	49.0	48.0	14.4737
09/27/2017 20:31:12	49.0	48.0	14.2105
09/27/2017 20:31:23	49.0	48.0	12.5654
09/27/2017 20:31:34	48.0	48.0	13.2626
09/27/2017 20:31:45	48.0	48.0	13.7203
09/27/2017 20:31:56	48.0	48.0	14.2105
09/27/2017 20:32:07	48.0	47.0	14.2857
09/27/2017 20:32:18	48.0	48.0	14.8825
09/27/2017 20:32:29	48.0	47.0	15.0259
09/27/2017 20:32:40	48.0	48.0	15.2231
09/27/2017 20:32:51	48.0	48.0	16.4921
09/27/2017 20:33:02	48.0	47.0	14.3603
09/27/2017 20:33:13	49.0	47.0	17.1429
09/27/2017 20:33:24	48.0	47.0	14.3603
09/27/2017 20:33:36	48.0	48.0	18.1102
09/27/2017 20:33:47	49.0	47.0	16.6667
09/27/2017 20:33:58	47.0	46.0	13.5638
09/27/2017 20:34:09	47.0	48.0	13.9474
09/27/2017 20:34:20	49.0	48.0	13.2979
09/27/2017 20:34:31	50.0	50.0	13.6842
09/27/2017 20:34:42	51.0	51.0	12.6649
09/27/2017 20:34:53	53.0	53.0	13.1234
09/27/2017 20:35:04	54.0	53.0	12.1053
09/27/2017 20:35:15	55.0	54.0	12.6316
09/27/2017 20:35:26	56.0	55.0	12.1053
09/27/2017 20:35:37	57.0	55.0	12.5984
09/27/2017 20:35:48	57.0	55.0	12.7937
09/27/2017 20:35:59	54.0	53.0	13.7203
09/27/2017 20:36:10	52.0	52.0	13.4565
09/27/2017 20:36:21	51.0	51.0	14.2105
09/27/2017 20:36:32	51.0	50.0	14.0584
09/27/2017 20:36:43	50.0	49.0	14.0584
09/27/2017 20:36:54	50.0	49.0	13.4921
09/27/2017 20:37:05	49.0	48.0	20.8333
09/27/2017 20:37:16	49.0	48.0	13.7566
09/27/2017 20:37:27	48.0	48.0	17.4026
09/27/2017 20:37:38	49.0	48.0	18.5379
09/27/2017 20:37:49	49.0	48.0	17.6166
09/27/2017 20:38:00	50.0	48.0	15.3646
09/27/2017 20:38:11	49.0	48.0	18.2768
09/27/2017 20:38:22	48.0	48.0	25.3623
09/27/2017 20:38:33	49.0	47.0	15.5844
09/27/2017 20:38:44	48.0	48.0	16.4921
09/27/2017 20:38:55	49.0	48.0	14.3603
09/27/2017 20:39:06	48.0	48.0	15.3646
09/27/2017 20:39:18	48.0	47.0	18.5379
09/27/2017 20:39:29	49.0	48.0	17.7546
09/27/2017 20:39:40	48.0	47.0	16.8831
09/27/2017 20:39:51	49.0	47.0	17.2324
09/27/2017 20:40:02	49.0	48.0	13.7931
09/27/2017 20:40:13	48.0	48.0	17.7546
09/27/2017 20:40:24	49.0	48.0	18.5864
09/27/2017 20:40:35	49.0	48.0	18.2292
09/27/2017 20:40:46	49.0	48.0	15.9269
09/27/2017 20:40:57	49.0	48.0	16.7539
09/27/2017 20:41:08	49.0	48.0	17.0157
09/27/2017 20:41:19	48.0	48.0	18.0628
09/27/2017 20:41:30	49.0	48.0	17.5853
09/27/2017 20:41:41	49.0	48.0	18.5379
09/27/2017 20:41:52	49.0	48.0	18.2768
09/27/2017 20:42:03	49.0	48.0	22.5806
09/27/2017 20:42:14	49.0	48.0	16.9713
09/27/2017 20:42:25	49.0	48.0	17.1053
09/27/2017 20:42:36	49.0	48.0	15.5039
09/27/2017 20:42:47	49.0	48.0	17.1875
09/27/2017 20:42:58	49.0	48.0	15.9269
09/27/2017 20:43:09	49.0	48.0	18.75
09/27/2017 20:43:20	49.0	48.0	17.6623
09/27/2017 20:43:31	49.0	48.0	16.7102
09/27/2017 20:43:42	49.0	48.0	24.5098
09/27/2017 20:43:53	48.0	48.0	15.5844
09/27/2017 20:44:04	49.0	48.0	18.1102
09/27/2017 20:44:15	49.0	48.0	17.1875
09/27/2017 20:44:26	49.0	48.0	15.8031
09/27/2017 20:44:37	49.0	48.0	15.625
09/27/2017 20:44:48	49.0	48.0	16.4491
09/27/2017 20:44:59	49.0	48.0	18.3246
09/27/2017 20:45:10	49.0	48.0	14.248
09/27/2017 20:45:21	49.0	48.0	16.1039
09/27/2017 20:45:32	48.0	47.0	18.0157
09/27/2017 20:45:43	49.0	48.0	17.7083
09/27/2017 20:45:54	49.0	48.0	16.4062
09/27/2017 20:46:06	49.0	48.0	17.2775
09/27/2017 20:46:17	48.0	48.0	18.3246
09/27/2017 20:46:28	49.0	47.0	17.2324
09/27/2017 20:46:39	49.0	48.0	18.2768
09/27/2017 20:46:50	49.0	48.0	16.1458
09/27/2017 20:47:01	49.0	48.0	18.4896
09/27/2017 20:47:12	49.0	48.0	16.5803
09/27/2017 20:47:23	49.0	49.0	20.7595
09/27/2017 20:47:34	50.0	48.0	16.9271
09/27/2017 20:47:45	50.0	48.0	18.3246
09/27/2017 20:47:56	49.0	48.0	16.4062
09/27/2017 20:48:07	49.0	48.0	16.1039
09/27/2017 20:48:18	49.0	48.0	22.75
09/27/2017 20:48:29	49.0	48.0	17.4026
09/27/2017 20:48:40	48.0	48.0	16.6667
09/27/2017 20:48:51	49.0	48.0	15.625
09/27/2017 20:49:02	49.0	48.0	15.7068
09/27/2017 20:49:13	49.0	48.0	17.8295
09/27/2017 20:49:24	49.0	48.0	18.7335
09/27/2017 20:49:35	49.0	48.0	18.9974
09/27/2017 20:49:46	49.0	48.0	17.0157
09/27/2017 20:49:57	49.0	48.0	17.5066
09/27/2017 20:50:08	48.0	48.0	16.4062
09/27/2017 20:50:19	49.0	47.0	21.1196
09/27/2017 20:50:30	49.0	48.0	16.8421
09/27/2017 20:50:41	49.0	48.0	16.7102
09/27/2017 20:50:52	49.0	48.0	18.2292
09/27/2017 20:51:03	51.0	50.0	16.9713
09/27/2017 20:51:14	53.0	51.0	16.6667
09/27/2017 20:51:25	55.0	53.0	23.3735
09/27/2017 20:51:36	57.0	55.0	17.5393
09/27/2017 20:51:47	57.0	56.0	19.3717
09/27/2017 20:51:58	55.0	54.0	17.1504
09/27/2017 20:52:09	54.0	53.0	16.4062
09/27/2017 20:52:20	52.0	52.0	16.7539
09/27/2017 20:52:31	52.0	51.0	24.6305
09/27/2017 20:52:42	51.0	51.0	18.0157
09/27/2017 20:52:53	51.0	50.0	17.0157
09/27/2017 20:53:04	51.0	50.0	16.7102
09/27/2017 20:53:15	50.0	50.0	19.3211
09/27/2017 20:53:27	50.0	50.0	16.188
09/27/2017 20:53:38	50.0	49.0	20.0993
09/27/2017 20:53:49	49.0	49.0	17.6166
09/27/2017 20:54:00	49.0	48.0	19.0601
09/27/2017 20:54:11	49.0	48.0	18.3727
09/27/2017 20:54:22	50.0	48.0	16.9271
09/27/2017 20:54:33	50.0	49.0	16.7102
09/27/2017 20:54:44	50.0	48.0	22.9268
09/27/2017 20:54:55	49.0	48.0	19.7917
09/27/2017 20:55:06	49.0	48.0	16.5354
09/27/2017 20:55:17	50.0	48.0	15.8854
09/27/2017 20:55:28	49.0	48.0	17.3575
09/27/2017 20:55:39	49.0	48.0	17.2324
09/27/2017 20:55:50	49.0	48.0	23.43
09/27/2017 20:56:01	49.0	48.0	15.8442
09/27/2017 20:56:12	49.0	48.0	16.7539
09/27/2017 20:56:23	49.0	47.0	17.1875
09/27/2017 20:56:34	50.0	48.0	17.2775
09/27/2017 20:56:45	49.0	48.0	16.5354
09/27/2017 20:56:56	49.0	48.0	19.7436
09/27/2017 20:57:07	49.0	48.0	17.9688
09/27/2017 20:57:18	50.0	48.0	16.1039
09/27/2017 20:57:29	49.0	48.0	15.1832
09/27/2017 20:57:40	50.0	48.0	16.4921
09/27/2017 20:57:51	50.0	48.0	20.1044
09/27/2017 20:58:02	50.0	48.0	18.75
09/27/2017 20:58:13	50.0	48.0	15.9686
09/27/2017 20:58:24	51.0	48.0	16.7102
09/27/2017 20:58:35	49.0	48.0	18.5864
09/27/2017 20:58:46	51.0	50.0	17.2324
09/27/2017 20:58:57	49.0	48.0	17.4935
09/27/2017 20:59:08	49.0	48.0	17.1875
09/27/2017 20:59:19	49.0	48.0	24.5823
09/27/2017 20:59:30	49.0	48.0	15.7068
09/27/2017 20:59:41	49.0	48.0	18.1347
09/27/2017 20:59:52	49.0	48.0	15.445
09/27/2017 21:00:03	49.0	48.0	17.3228
09/27/2017 21:00:14	49.0	48.0	17.4479
09/27/2017 21:00:25	49.0	48.0	19.4805
09/27/2017 21:00:37	49.0	48.0	16.6234
09/27/2017 21:00:48	49.0	48.0	14.8052
09/27/2017 21:00:59	49.0	48.0	17.1875
09/27/2017 21:01:10	49.0	48.0	16.9713
09/27/2017 21:01:21	49.0	48.0	16.4062
09/27/2017 21:01:32	48.0	48.0	17.1875
09/27/2017 21:01:43	49.0	48.0	23.2274
09/27/2017 21:01:54	49.0	48.0	17.1429
09/27/2017 21:02:05	49.0	48.0	15.9686
09/27/2017 21:02:16	49.0	48.0	18.3246
09/27/2017 21:02:27	49.0	48.0	17.4026
09/27/2017 21:02:38	49.0	48.0	15.9269
09/27/2017 21:02:49	49.0	48.0	17.7546
09/27/2017 21:03:00	49.0	48.0	19.8454
09/27/2017 21:03:11	49.0	48.0	16.9271
09/27/2017 21:03:22	49.0	48.0	16.1039
09/27/2017 21:03:33	49.0	48.0	16.1458
09/27/2017 21:03:44	49.0	49.0	15.1042
09/27/2017 21:03:55	49.0	48.0	15.6658
09/27/2017 21:04:06	49.0	48.0	19.6382
09/27/2017 21:04:17	50.0	48.0	16.7102
09/27/2017 21:04:28	49.0	49.0	18.3727
09/27/2017 21:04:39	49.0	48.0	18.0412
09/27/2017 21:04:50	50.0	50.0	19.0722
09/27/2017 21:05:01	51.0	50.0	19.1214
09/27/2017 21:05:12	51.0	50.0	15.4856
09/27/2017 21:05:23	50.0	48.0	21.4976
09/27/2017 21:05:34	49.0	49.0	16.273
09/27/2017 21:05:45	50.0	49.0	14.8936
09/27/2017 21:05:56	49.0	48.0	17.3684
09/27/2017 21:06:07	50.0	48.0	18.0157
09/27/2017 21:06:18	49.0	48.0	17.8478
09/27/2017 21:06:29	49.0	48.0	19.0104
09/27/2017 21:06:40	49.0	49.0	22.5248
09/27/2017 21:06:51	49.0	49.0	17.801
09/27/2017 21:07:02	50.0	50.0	18.75
09/27/2017 21:07:13	53.0	52.0	18.0157
09/27/2017 21:07:24	55.0	53.0	13.089
09/27/2017 21:07:36	55.0	54.0	14.0992
09/27/2017 21:07:47	56.0	55.0	12.5
09/27/2017 21:07:58	56.0	56.0	13.8298
09/27/2017 21:08:09	55.0	54.0	12.8272
09/27/2017 21:08:20	53.0	53.0	12.8609
09/27/2017 21:08:31	52.0	51.0	12.5654
09/27/2017 21:08:42	51.0	51.0	13.7203
09/27/2017 21:08:53	50.0	49.0	13.7203
09/27/2017 21:09:04	50.0	50.0	20.6388
09/27/2017 21:09:15	50.0	49.0	13.9842
09/27/2017 21:09:26	50.0	48.0	14.0212
09/27/2017 21:09:37	49.0	48.0	14.0212
09/27/2017 21:09:48	49.0	48.0	17.7546
09/27/2017 21:09:59	49.0	48.0	17.0604
09/27/2017 21:10:10	50.0	48.0	17.0543
09/27/2017 21:10:21	49.0	49.0	23.2446
09/27/2017 21:10:32	50.0	48.0	19.3211
09/27/2017 21:10:43	49.0	48.0	16.5375
09/27/2017 21:10:54	49.0	48.0	19.1601
09/27/2017 21:11:05	49.0	48.0	16.9713
09/27/2017 21:11:16	49.0	49.0	15.9269
09/27/2017 21:11:27	50.0	48.0	18.4896
09/27/2017 21:11:38	50.0	48.0	22.0874
09/27/2017 21:11:49	49.0	48.0	17.5393
09/27/2017 21:12:00	50.0	48.0	15.748
09/27/2017 21:12:11	50.0	48.0	17.5393
09/27/2017 21:12:22	50.0	48.0	16.0105
09/27/2017 21:12:33	50.0	49.0	15.0649
09/27/2017 21:12:44	50.0	48.0	19.5822
09/27/2017 21:12:55	49.0	48.0	19.5373
09/27/2017 21:13:06	50.0	48.0	17.7546
09/27/2017 21:13:17	49.0	48.0	15.8442
09/27/2017 21:13:28	50.0	48.0	16.6667
09/27/2017 21:13:39	50.0	49.0	15.9269
09/27/2017 21:13:50	49.0	49.0	15.9686
09/27/2017 21:14:02	50.0	49.0	16.4103
09/27/2017 21:14:13	50.0	48.0	18.75
09/27/2017 21:14:24	50.0	49.0	17.4026
09/27/2017 21:14:35	50.0	48.0	17.1875
09/27/2017 21:14:46	50.0	48.0	18.75
09/27/2017 21:14:57	49.0	49.0	16.3636
09/27/2017 21:15:08	49.0	49.0	17.2775
09/27/2017 21:15:19	50.0	48.0	18.6528
09/27/2017 21:15:30	50.0	49.0	19.3211
09/27/2017 21:15:41	49.0	48.0	17.4935
09/27/2017 21:15:52	49.0	49.0	15.5844
09/27/2017 21:16:03	49.0	49.0	16.9271
09/27/2017 21:16:14	49.0	48.0	18.1347
09/27/2017 21:16:25	49.0	50.0	16.188
09/27/2017 21:16:36	50.0	48.0	16.9666
09/27/2017 21:16:47	50.0	48.0	18.3938
09/27/2017 21:16:58	50.0	49.0	15.1042
09/27/2017 21:17:09	50.0	50.0	17.7546
09/27/2017 21:17:20	49.0	48.0	16.1458
09/27/2017 21:17:31	49.0	49.0	19.0104
09/27/2017 21:17:42	49.0	48.0	17.8756
09/27/2017 21:17:53	49.0	48.0	20.3008
09/27/2017 21:18:04	49.0	48.0	17.0157
09/27/2017 21:18:15	49.0	49.0	16.8394
09/27/2017 21:18:26	50.0	48.0	14.8438
09/27/2017 21:18:37	49.0	49.0	13.5638
09/27/2017 21:18:48	48.0	48.0	13.7566
09/27/2017 21:18:59	48.0	48.0	14.7368
09/27/2017 21:19:10	48.0	47.0	23.2227
09/27/2017 21:19:21	48.0	47.0	13.9842
09/27/2017 21:19:32	48.0	47.0	13.7203
09/27/2017 21:19:43	48.0	47.0	17.3684
09/27/2017 21:19:54	48.0	47.0	14.248
09/27/2017 21:20:05	48.0	47.0	13.2979
09/27/2017 21:20:17	48.0	47.0	14.8438
09/27/2017 21:20:28	48.0	47.0	19.403
09/27/2017 21:20:39	48.0	47.0	13.7931
09/27/2017 21:20:50	48.0	46.0	13.6842
09/27/2017 21:21:01	48.0	47.0	13.4921
09/27/2017 21:21:12	48.0	46.0	17.4935
09/27/2017 21:21:23	50.0	49.0	15.748
09/27/2017 21:21:34	53.0	51.0	15.1832
09/27/2017 21:21:45	53.0	53.0	21.7391
09/27/2017 21:21:56	55.0	54.0	18.4896
09/27/2017 21:22:07	56.0	55.0	17.1875
09/27/2017 21:22:18	55.0	55.0	18.961
09/27/2017 21:22:29	55.0	54.0	18.6842
09/27/2017 21:22:40	53.0	53.0	18.7013
09/27/2017 21:22:51	53.0	52.0	17.3575
09/27/2017 21:23:02	51.0	51.0	22.8501
09/27/2017 21:23:13	51.0	50.0	18.1579
09/27/2017 21:23:24	52.0	50.0	17.2775
09/27/2017 21:23:35	51.0	50.0	17.0157
09/27/2017 21:23:46	50.0	49.0	19.5312
09/27/2017 21:23:57	50.0	49.0	16.188
09/27/2017 21:24:08	50.0	50.0	17.0604
09/27/2017 21:24:19	50.0	50.0	16.5789
09/27/2017 21:24:30	50.0	49.0	19.8473
09/27/2017 21:24:41	50.0	48.0	19.084
09/27/2017 21:24:52	49.0	49.0	16.0622
09/27/2017 21:25:03	49.0	50.0	15.5844
09/27/2017 21:25:14	49.0	49.0	15.9269
09/27/2017 21:25:25	50.0	49.0	17.5258
09/27/2017 21:25:36	49.0	49.0	16.7539
09/27/2017 21:25:47	50.0	49.0	15.5844
09/27/2017 21:25:58	49.0	49.0	19.0601
09/27/2017 21:26:09	49.0	48.0	17.2775
09/27/2017 21:26:20	50.0	49.0	17.8478
09/27/2017 21:26:31	49.0	49.0	19.9495
09/27/2017 21:26:42	49.0	48.0	18.1347
09/27/2017 21:26:53	50.0	49.0	22
09/27/2017 21:27:04	49.0	49.0	16.3158
09/27/2017 21:27:15	50.0	48.0	19.5
09/27/2017 21:27:27	50.0	48.0	14.6214
09/27/2017 21:27:38	49.0	49.0	19.171
09/27/2017 21:27:49	49.0	48.0	15.7068
09/27/2017 21:28:00	50.0	49.0	17.7546
09/27/2017 21:28:11	49.0	49.0	18.9744
09/27/2017 21:28:22	50.0	50.0	17.5853
09/27/2017 21:28:33	49.0	49.0	17.2775
09/27/2017 21:28:44	50.0	49.0	20.0501
09/27/2017 21:28:55	49.0	49.0	17.4479
09/27/2017 21:29:06	50.0	49.0	17.3228
09/27/2017 21:29:17	50.0	49.0	17.2324
09/27/2017 21:29:28	49.0	48.0	17.6166
09/27/2017 21:29:39	49.0	48.0	19.7917
09/27/2017 21:29:50	49.0	49.0	16.1458
09/27/2017 21:30:01	50.0	49.0	15.7068
09/27/2017 21:30:12	50.0	49.0	18.2292
09/27/2017 21:30:23	49.0	49.0	20.1474
09/27/2017 21:30:34	50.0	48.0	15.4047
09/27/2017 21:30:45	49.0	49.0	18.799
09/27/2017 21:30:56	49.0	49.0	19.3717
09/27/2017 21:31:07	50.0	48.0	17.4935
09/27/2017 21:31:18	49.0	49.0	19.3717
09/27/2017 21:31:29	49.0	48.0	15.8854
09/27/2017 21:31:40	50.0	49.0	16.7959
09/27/2017 21:31:51	49.0	48.0	18.5864
09/27/2017 21:32:02	49.0	48.0	16.9713
09/27/2017 21:32:13	50.0	50.0	18.75
09/27/2017 21:32:24	49.0	49.0	15.8442
09/27/2017 21:32:35	49.0	50.0	17.2775
09/27/2017 21:32:46	49.0	49.0	19.4872
09/27/2017 21:32:57	51.0	50.0	18.1818
09/27/2017 21:33:08	51.0	51.0	16.7526
09/27/2017 21:33:19	52.0	51.0	19.3798
09/27/2017 21:33:30	51.0	51.0	20.0521
09/27/2017 21:33:41	51.0	51.0	21.7617
09/27/2017 21:33:52	51.0	51.0	22.113
09/27/2017 21:34:03	53.0	51.0	18.863
09/27/2017 21:34:14	53.0	51.0	19.4301
09/27/2017 21:34:25	53.0	52.0	21.447
09/27/2017 21:34:36	52.0	52.0	19.3798
09/27/2017 21:34:47	52.0	51.0	17.0984
09/27/2017 21:34:58	53.0	51.0	19.8454
09/27/2017 21:35:09	53.0	52.0	20.75
09/27/2017 21:35:20	54.0	52.0	19.8454
09/27/2017 21:35:31	52.0	51.0	18.799
09/27/2017 21:35:42	53.0	51.0	19.4301
09/27/2017 21:35:54	53.0	51.0	19.0323
09/27/2017 21:36:05	51.0	51.0	19.8758
09/27/2017 21:36:17	50.0	50.0	23.1061
09/27/2017 21:36:29	52.0	52.0	15.5405
09/27/2017 21:36:40	50.0	48.0	13.2979
09/27/2017 21:36:51	49.0	48.0	16.8865
09/27/2017 21:37:02	50.0	49.0	18.3727
09/27/2017 21:37:13	50.0	50.0	18.0628
09/27/2017 21:37:24	50.0	50.0	16.7539
09/27/2017 21:37:35	52.0	52.0	21.6749
09/27/2017 21:37:46	55.0	53.0	17.5393
09/27/2017 21:37:57	56.0	55.0	15.4856
09/27/2017 21:38:08	57.0	56.0	15.445
09/27/2017 21:38:19	55.0	54.0	17.4026
09/27/2017 21:38:30	54.0	53.0	15.8442
09/27/2017 21:38:41	53.0	52.0	16.4062
09/27/2017 21:38:52	52.0	51.0	16.5354
09/27/2017 21:39:03	51.0	51.0	18.2768
09/27/2017 21:39:14	51.0	50.0	18.1579
09/27/2017 21:39:25	51.0	50.0	15.8854
09/27/2017 21:39:36	51.0	50.0	17.4935
09/27/2017 21:39:48	51.0	49.0	16.7526
09/27/2017 21:39:59	50.0	50.0	15.9686
09/27/2017 21:40:10	50.0	50.0	16.7102
09/27/2017 21:40:21	50.0	48.0	16.9666
09/27/2017 21:40:32	49.0	49.0	17.4935
09/27/2017 21:40:43	50.0	49.0	18.1102
09/27/2017 21:40:54	50.0	49.0	19.5312
09/27/2017 21:41:05	50.0	48.0	18.9474
09/27/2017 21:41:16	50.0	48.0	22.6044
09/27/2017 21:41:27	50.0	48.0	18.8976
09/27/2017 21:41:38	51.0	50.0	20.1044
09/27/2017 21:41:49	50.0	49.0	17.801
09/27/2017 21:42:00	50.0	49.0	16.4921
09/27/2017 21:42:11	50.0	49.0	18.961
09/27/2017 21:42:22	50.0	49.0	18.799
09/27/2017 21:42:33	50.0	48.0	16.7959
09/27/2017 21:42:44	50.0	49.0	17.2324
09/27/2017 21:42:55	50.0	49.0	15.9269
09/27/2017 21:43:06	50.0	49.0	16.4921
09/27/2017 21:43:17	50.0	49.0	14.8438
09/27/2017 21:43:28	50.0	49.0	15.748
09/27/2017 21:43:39	50.0	49.0	19.1601
09/27/2017 21:43:50	49.0	48.0	19.8433
09/27/2017 21:44:01	50.0	49.0	15.625
09/27/2017 21:44:12	50.0	48.0	21.9753
09/27/2017 21:44:23	50.0	48.0	16.7979
09/27/2017 21:44:34	50.0	49.0	16.188
09/27/2017 21:44:45	49.0	48.0	16.273
09/27/2017 21:44:56	49.0	49.0	17.5393
09/27/2017 21:45:07	49.0	48.0	14.8052
09/27/2017 21:45:18	49.0	48.0	18.0371
09/27/2017 21:45:29	49.0	48.0	16.9271
09/27/2017 21:45:40	49.0	49.0	17.3684
09/27/2017 21:45:51	49.0	49.0	17.6781
09/27/2017 21:46:02	49.0	48.0	17.2324
09/27/2017 21:46:13	49.0	48.0	18.5864
09/27/2017 21:46:24	49.0	48.0	18.1102
09/27/2017 21:46:35	49.0	48.0	15.625
09/27/2017 21:46:46	49.0	50.0	17.942
09/27/2017 21:46:58	49.0	49.0	17.1958
09/27/2017 21:47:09	49.0	49.0	18.0628
09/27/2017 21:47:20	50.0	50.0	15.9686
09/27/2017 21:47:31	49.0	49.0	16.7539
09/27/2017 21:47:42	49.0	49.0	16.0622
09/27/2017 21:47:53	50.0	48.0	17.5393
09/27/2017 21:48:04	49.0	48.0	16.5803
09/27/2017 21:48:15	48.0	49.0	17.9688
09/27/2017 21:48:26	49.0	50.0	17.0157
09/27/2017 21:48:37	49.0	49.0	16.4921
09/27/2017 21:48:48	49.0	49.0	17.6316
09/27/2017 21:48:59	49.0	49.0	18.3463
09/27/2017 21:49:10	50.0	49.0	17.2324
09/27/2017 21:49:21	49.0	49.0	24.1546
09/27/2017 21:49:32	50.0	49.0	17.5393
09/27/2017 21:49:43	49.0	48.0	22.043
09/27/2017 21:49:54	50.0	48.0	15.8854
09/27/2017 21:50:05	49.0	48.0	17.801
09/27/2017 21:50:16	49.0	48.0	20.0528
09/27/2017 21:50:27	49.0	49.0	15.0649
09/27/2017 21:50:38	49.0	48.0	18.0628
09/27/2017 21:50:49	49.0	48.0	14.3979
09/27/2017 21:51:00	50.0	48.0	17.6316
09/27/2017 21:51:11	49.0	48.0	15.625
09/27/2017 21:51:22	50.0	48.0	20.6718
09/27/2017 21:51:33	49.0	48.0	16.8865
09/27/2017 21:51:44	49.0	49.0	19.0722
09/27/2017 21:51:55	49.0	48.0	15.2231
09/27/2017 21:52:06	49.0	49.0	19.726
09/27/2017 21:52:17	49.0	49.0	18.2292
09/27/2017 21:52:28	50.0	49.0	18.0157
09/27/2017 21:52:39	50.0	49.0	17.4935
09/27/2017 21:52:50	49.0	49.0	15.445
09/27/2017 21:53:01	50.0	48.0	16.0105
09/27/2017 21:53:12	50.0	48.0	19.6335
09/27/2017 21:53:23	50.0	50.0	19.8454
09/27/2017 21:53:34	52.0	51.0	16.188
09/27/2017 21:53:45	55.0	53.0	17.1429
09/27/2017 21:53:56	55.0	55.0	12.8947
09/27/2017 21:54:08	58.0	56.0	16.3212
09/27/2017 21:54:19	55.0	54.0	18.4697
09/27/2017 21:54:30	54.0	54.0	16.7539
09/27/2017 21:54:41	53.0	53.0	24.0099
09/27/2017 21:54:52	52.0	51.0	16.0526
09/27/2017 21:55:03	52.0	51.0	19.2612
09/27/2017 21:55:14	51.0	51.0	18.5379
09/27/2017 21:55:25	51.0	50.0	18.0157
09/27/2017 21:55:36	51.0	50.0	17.0604
09/27/2017 21:55:47	51.0	50.0	15.2231
09/27/2017 21:55:58	50.0	50.0	21.9212
09/27/2017 21:56:09	51.0	50.0	16.2304
09/27/2017 21:56:20	50.0	50.0	15.2231
09/27/2017 21:56:31	51.0	50.0	16.6667
09/27/2017 21:56:42	50.0	50.0	21.8997
09/27/2017 21:56:53	53.0	51.0	17.0157
09/27/2017 21:57:04	50.0	50.0	20.7895
09/27/2017 21:57:15	50.0	50.0	19.8953
09/27/2017 21:57:26	51.0	50.0	17.1053
09/27/2017 21:57:37	51.0	50.0	16.5354
09/27/2017 21:57:48	50.0	49.0	17.1429
09/27/2017 21:57:59	51.0	50.0	16.273
09/27/2017 21:58:10	50.0	49.0	21.8593
09/27/2017 21:58:21	50.0	50.0	15.7068
09/27/2017 21:58:32	50.0	50.0	17.0984
09/27/2017 21:58:43	50.0	49.0	17.2324
09/27/2017 21:58:54	50.0	49.0	20.3125
09/27/2017 21:59:05	50.0	50.0	15.4856
09/27/2017 21:59:16	50.0	50.0	18.254
09/27/2017 21:59:27	50.0	50.0	19.0476
09/27/2017 21:59:38	50.0	49.0	17.942
09/27/2017 21:59:49	50.0	50.0	15.873
09/27/2017 22:00:00	50.0	50.0	14.2105
09/27/2017 22:00:11	50.0	48.0	21.6545
09/27/2017 22:00:22	50.0	49.0	16.9271
09/27/2017 22:00:33	50.0	49.0	16.0622
09/27/2017 22:00:44	50.0	49.0	15.9269
09/27/2017 22:00:55	50.0	50.0	17.9688
09/27/2017 22:01:07	50.0	49.0	16.1458
09/27/2017 22:01:18	50.0	49.0	17.2775
09/27/2017 22:01:29	50.0	49.0	16.7102
09/27/2017 22:01:40	50.0	49.0	18.1102
09/27/2017 22:01:51	50.0	48.0	15.748
09/27/2017 22:02:02	50.0	48.0	19.0601
09/27/2017 22:02:13	50.0	49.0	23.4867
09/27/2017 22:02:24	50.0	49.0	17.1429
09/27/2017 22:02:35	50.0	49.0	15.2231
09/27/2017 22:02:46	50.0	49.0	16.1039
09/27/2017 22:02:57	50.0	48.0	17.2324
09/27/2017 22:03:08	50.0	49.0	19.2105
09/27/2017 22:03:19	50.0	49.0	17.2324
09/27/2017 22:03:30	49.0	49.0	16.4062
09/27/2017 22:03:41	49.0	49.0	17.7083
09/27/2017 22:03:52	49.0	49.0	23.913
09/27/2017 22:04:03	49.0	49.0	16.9713
09/27/2017 22:04:14	49.0	49.0	14.8438
09/27/2017 22:04:25	49.0	49.0	16.6234
09/27/2017 22:04:36	50.0	49.0	16.8394
09/27/2017 22:04:47	50.0	49.0	17.7546
09/27/2017 22:04:58	49.0	48.0	17.6623
09/27/2017 22:05:09	49.0	50.0	21.7172
09/27/2017 22:05:20	50.0	50.0	18.3246
09/27/2017 22:05:31	50.0	50.0	17.6623
09/27/2017 22:05:42	50.0	49.0	19.5312
09/27/2017 22:05:53	49.0	49.0	17.7083
09/27/2017 22:06:04	49.0	49.0	17.1875
09/27/2017 22:06:15	49.0	48.0	17.4935
09/27/2017 22:06:26	49.0	49.0	16.4062
09/27/2017 22:06:37	50.0	49.0	17.4026
09/27/2017 22:06:48	50.0	49.0	16.7959
09/27/2017 22:06:59	49.0	48.0	17.4935
09/27/2017 22:07:10	49.0	50.0	15.7623
09/27/2017 22:07:21	50.0	49.0	18.0628
09/27/2017 22:07:32	50.0	49.0	17.4935
09/27/2017 22:07:43	49.0	49.0	16.6667
09/27/2017 22:07:54	49.0	50.0	16.7979
09/27/2017 22:08:05	50.0	50.0	17.2324
09/27/2017 22:08:16	50.0	49.0	16.1039
09/27/2017 22:08:28	50.0	50.0	15.3247
09/27/2017 22:08:39	50.0	49.0	18.0157
09/27/2017 22:08:50	50.0	49.0	17.7546
09/27/2017 22:09:01	50.0	49.0	22.6277
09/27/2017 22:09:12	50.0	49.0	15.9269
09/27/2017 22:09:23	50.0	50.0	17.7083
09/27/2017 22:09:34	53.0	52.0	16.5375
09/27/2017 22:09:45	55.0	53.0	17.3575
09/27/2017 22:09:56	55.0	55.0	18.3246
09/27/2017 22:10:07	57.0	56.0	17.2324
09/27/2017 22:10:18	56.0	55.0	20.5
09/27/2017 22:10:29	53.0	53.0	16.3212
09/27/2017 22:10:40	53.0	53.0	16.6667
09/27/2017 22:10:51	52.0	51.0	18.961
09/27/2017 22:11:02	51.0	51.0	17.6316
09/27/2017 22:11:13	51.0	51.0	18.6352
09/27/2017 22:11:24	53.0	51.0	16.0207
09/27/2017 22:11:35	50.0	50.0	17.9688
09/27/2017 22:11:46	51.0	51.0	18.3246
09/27/2017 22:11:57	50.0	49.0	18.5379
09/27/2017 22:12:08	50.0	50.0	17.2324
09/27/2017 22:12:19	50.0	50.0	17.0604
09/27/2017 22:12:30	50.0	50.0	22.9426
09/27/2017 22:12:41	50.0	50.0	15.1042
09/27/2017 22:12:52	50.0	50.0	17.9221
09/27/2017 22:13:03	50.0	50.0	17.4479
09/27/2017 22:13:14	50.0	49.0	18.3727
09/27/2017 22:13:25	50.0	50.0	20.8122
09/27/2017 22:13:36	50.0	48.0	16.6667
09/27/2017 22:13:47	50.0	50.0	16.6234
09/27/2017 22:13:58	50.0	50.0	19.1214
09/27/2017 22:14:09	52.0	51.0	19.7917
09/27/2017 22:14:20	52.0	51.0	16.8831
09/27/2017 22:14:31	53.0	51.0	17.8295
09/27/2017 22:14:42	52.0	51.0	18.4615
09/27/2017 22:14:53	53.0	52.0	19.7943
09/27/2017 22:15:04	53.0	51.0	18.5567
09/27/2017 22:15:15	53.0	52.0	18.0879
09/27/2017 22:15:26	53.0	52.0	16.3009
09/27/2017 22:15:37	52.0	51.0	22.871
09/27/2017 22:15:48	51.0	50.0	16.3636
09/27/2017 22:15:59	50.0	50.0	17.4479
09/27/2017 22:16:10	51.0	50.0	16.9271
09/27/2017 22:16:21	50.0	50.0	15.445
09/27/2017 22:16:33	50.0	50.0	19.9495
09/27/2017 22:16:44	50.0	50.0	19.3211
09/27/2017 22:16:55	50.0	49.0	20.1571
09/27/2017 22:17:06	50.0	49.0	17.1429
09/27/2017 22:17:17	51.0	50.0	16.4491
09/27/2017 22:17:28	50.0	49.0	18.0157
09/27/2017 22:17:39	50.0	48.0	17.0157
09/27/2017 22:17:50	50.0	49.0	16.9713
09/27/2017 22:18:01	50.0	48.0	17.5393
09/27/2017 22:18:12	50.0	48.0	17.4935
09/27/2017 22:18:23	50.0	49.0	18.0879
09/27/2017 22:18:34	49.0	48.0	16.4491
09/27/2017 22:18:45	50.0	49.0	17.8756
09/27/2017 22:18:56	49.0	49.0	15.8442
09/27/2017 22:19:07	49.0	49.0	16.4491
09/27/2017 22:19:18	49.0	49.0	17.4026
09/27/2017 22:19:29	50.0	49.0	16.0622
09/27/2017 22:19:40	50.0	49.0	20.3431
09/27/2017 22:19:51	50.0	49.0	17.1429
09/27/2017 22:20:02	50.0	48.0	16.9713
09/27/2017 22:20:13	50.0	48.0	17.0604
09/27/2017 22:20:24	49.0	48.0	17.6623
09/27/2017 22:20:35	50.0	48.0	22.4939
09/27/2017 22:20:46	50.0	48.0	18.1102
09/27/2017 22:20:57	49.0	48.0	16.7102
09/27/2017 22:21:08	50.0	48.0	18.799
09/27/2017 22:21:19	49.0	48.0	15.9269
09/27/2017 22:21:30	50.0	48.0	17.2152
09/27/2017 22:21:41	49.0	49.0	15.544
09/27/2017 22:21:52	50.0	49.0	16.9271
09/27/2017 22:22:03	49.0	49.0	16.6234
09/27/2017 22:22:14	50.0	48.0	15.8854
09/27/2017 22:22:25	50.0	48.0	16.188
09/27/2017 22:22:36	49.0	48.0	16.0105
09/27/2017 22:22:47	49.0	48.0	18.2292
09/27/2017 22:22:58	49.0	48.0	15.6658
09/27/2017 22:23:09	50.0	48.0	16.5354
09/27/2017 22:23:20	49.0	48.0	15.3646
09/27/2017 22:23:31	49.0	48.0	18.2768
09/27/2017 22:23:42	50.0	49.0	15.5844
09/27/2017 22:23:53	49.0	48.0	18.0628
09/27/2017 22:24:05	50.0	49.0	16.4491
09/27/2017 22:24:16	49.0	49.0	15.1042
09/27/2017 22:24:27	50.0	49.0	17.2775
09/27/2017 22:24:38	49.0	48.0	19.3798
09/27/2017 22:24:49	49.0	49.0	18.3727
09/27/2017 22:25:00	49.0	48.0	18.3246
09/27/2017 22:25:11	50.0	48.0	17.2775
09/27/2017 22:25:22	51.0	50.0	16.4491
09/27/2017 22:25:33	53.0	52.0	17.4807
09/27/2017 22:25:44	55.0	54.0	16.7102
09/27/2017 22:25:55	56.0	56.0	16.6234
09/27/2017 22:26:06	56.0	56.0	16.6667
09/27/2017 22:26:17	54.0	53.0	19.3717
09/27/2017 22:26:28	53.0	52.0	19.5545
09/27/2017 22:26:39	53.0	52.0	17.8295
09/27/2017 22:26:50	54.0	52.0	18.9119
09/27/2017 22:27:01	53.0	53.0	21.671
09/27/2017 22:27:12	53.0	52.0	19.6891
09/27/2017 22:27:23	53.0	53.0	24.5783
09/27/2017 22:27:34	54.0	52.0	17.7835
09/27/2017 22:27:45	53.0	53.0	17.4479
09/27/2017 22:27:56	54.0	53.0	19.5373
09/27/2017 22:28:07	54.0	53.0	19.6382
09/27/2017 22:28:18	54.0	52.0	23.6715
09/27/2017 22:28:29	53.0	52.0	17.8295
09/27/2017 22:28:40	54.0	53.0	22.2798
09/27/2017 22:28:51	53.0	52.0	17.0103
09/27/2017 22:29:02	54.0	53.0	16.9271
09/27/2017 22:29:13	53.0	52.0	25.1816
09/27/2017 22:29:24	53.0	52.0	21.3918
09/27/2017 22:29:35	54.0	53.0	19.1214
09/27/2017 22:29:46	53.0	53.0	15.7623
09/27/2017 22:29:57	54.0	53.0	21.2987
09/27/2017 22:30:08	54.0	53.0	23.5872
09/27/2017 22:30:19	54.0	53.0	19.1214
09/27/2017 22:30:30	54.0	53.0	18.299
09/27/2017 22:30:41	54.0	53.0	18.9119
09/27/2017 22:30:52	54.0	53.0	19.6382
09/27/2017 22:31:03	54.0	53.0	22.0844
09/27/2017 22:31:14	55.0	53.0	17.3575
09/27/2017 22:31:25	55.0	53.0	18.6528
09/27/2017 22:31:36	54.0	52.0	19.3299
09/27/2017 22:31:47	54.0	53.0	21.5584
09/27/2017 22:31:58	54.0	53.0	18.7179
09/27/2017 22:32:09	54.0	52.0	18.5567
09/27/2017 22:32:20	54.0	53.0	19.7403
09/27/2017 22:32:31	54.0	53.0	19.6335
09/27/2017 22:32:42	53.0	53.0	12.3684
09/27/2017 22:32:53	51.0	51.0	14.248
09/27/2017 22:33:04	51.0	50.0	19.9005
09/27/2017 22:33:16	50.0	50.0	12.336
09/27/2017 22:33:27	50.0	49.0	13.5638
09/27/2017 22:33:38	49.0	49.0	14.4357
09/27/2017 22:33:49	49.0	49.0	13.7566
09/27/2017 22:34:00	49.0	49.0	19.1489
09/27/2017 22:34:11	49.0	48.0	16.6227
09/27/2017 22:34:22	50.0	49.0	17.7835
09/27/2017 22:34:33	50.0	49.0	19.171
09/27/2017 22:34:44	51.0	50.0	19.5373
09/27/2017 22:34:55	52.0	51.0	16.6234
09/27/2017 22:35:06	52.0	51.0	23.1169
09/27/2017 22:35:17	52.0	51.0	19.3798
09/27/2017 22:35:28	53.0	52.0	19.2802
09/27/2017 22:35:39	53.0	51.0	17.3575
09/27/2017 22:35:50	53.0	52.0	20.155
09/27/2017 22:36:01	54.0	52.0	19.171
09/27/2017 22:36:12	53.0	52.0	18.4416
09/27/2017 22:36:23	54.0	52.0	17.6623
09/27/2017 22:36:34	54.0	52.0	19.8454
09/27/2017 22:36:45	54.0	53.0	19.8966
09/27/2017 22:36:56	54.0	53.0	18.1818
09/27/2017 22:37:07	53.0	52.0	16.5375
09/27/2017 22:37:18	53.0	52.0	19.1214
09/27/2017 22:37:29	54.0	52.0	19.8966
09/27/2017 22:37:40	53.0	53.0	19.1214
09/27/2017 22:37:51	53.0	53.0	13.2275
09/27/2017 22:38:02	51.0	51.0	13.577
09/27/2017 22:38:13	51.0	50.0	12.7937
09/27/2017 22:38:24	51.0	49.0	14.9215
09/27/2017 22:38:35	50.0	49.0	13.9474
09/27/2017 22:38:46	50.0	49.0	12.5654
09/27/2017 22:38:57	50.0	48.0	13.4565
09/27/2017 22:39:08	49.0	48.0	19.5876
09/27/2017 22:39:19	51.0	50.0	18.961
09/27/2017 22:39:30	51.0	51.0	19.8966
09/27/2017 22:39:41	52.0	51.0	18.961
09/27/2017 22:39:52	52.0	52.0	18.5567
09/27/2017 22:40:03	53.0	52.0	21.4634
09/27/2017 22:40:14	53.0	52.0	19.9482
09/27/2017 22:40:25	53.0	51.0	17.8295
09/27/2017 22:40:36	55.0	52.0	18.1347
09/27/2017 22:40:47	53.0	52.0	18.1347
09/27/2017 22:40:58	54.0	52.0	19.3798
09/27/2017 22:41:09	54.0	53.0	18.9119
09/27/2017 22:41:20	57.0	56.0	18.5567
09/27/2017 22:41:32	57.0	56.0	20.1031
09/27/2017 22:41:43	56.0	54.0	22.2798
09/27/2017 22:41:54	55.0	54.0	19.171
09/27/2017 22:42:05	55.0	54.0	18.2768
09/27/2017 22:42:16	54.0	53.0	18.6047
09/27/2017 22:42:27	54.0	53.0	19.2208
09/27/2017 22:42:38	54.0	52.0	19.5876
09/27/2017 22:42:49	55.0	53.0	21.9072
09/27/2017 22:43:00	54.0	53.0	19.3798
09/27/2017 22:43:11	54.0	53.0	18.0879
09/27/2017 22:43:22	54.0	52.0	19.8966
09/27/2017 22:43:33	54.0	53.0	20.2073
09/27/2017 22:43:44	54.0	53.0	17.5711
09/27/2017 22:43:55	55.0	53.0	17.9688
09/27/2017 22:44:06	52.0	51.0	16.5354
09/27/2017 22:44:17	51.0	51.0	18.2584
09/27/2017 22:44:28	52.0	52.0	3.60825
09/27/2017 22:44:39	50.0	50.0	2.03562
