02/16/2018 16:48:00	31.0	31.0	5.27638
02/16/2018 16:48:11	28.0	29.0	11.7188
02/16/2018 16:48:22	29.0	29.0	2.53165
02/16/2018 16:48:33	29.0	29.0	3.04569
02/16/2018 16:48:44	30.0	29.0	2.55102
02/16/2018 16:48:55	29.0	30.0	4.34783
02/16/2018 16:49:06	30.0	31.0	3.32226
02/16/2018 16:49:17	30.0	30.0	7.11864
02/16/2018 16:49:28	30.0	32.0	3.7037
02/16/2018 16:49:39	31.0	31.0	0.505051
02/16/2018 16:49:50	31.0	32.0	0.757576
02/16/2018 16:50:01	31.0	32.0	0.505051
02/16/2018 16:50:12	32.0	32.0	0.503778
02/16/2018 16:50:23	32.0	32.0	1.0101
02/16/2018 16:50:34	32.0	33.0	0.503778
02/16/2018 16:50:45	32.0	32.0	5.08906
02/16/2018 16:50:56	33.0	33.0	1.01781
02/16/2018 16:51:07	33.0	34.0	3.31126
02/16/2018 16:51:18	33.0	33.0	4.84694
02/16/2018 16:51:29	33.0	34.0	3.81679
02/16/2018 16:51:40	33.0	34.0	0.506329
02/16/2018 16:51:51	34.0	34.0	0.759494
02/16/2018 16:52:02	34.0	35.0	1.00756
02/16/2018 16:52:16	34.0	34.0	70.1754
02/16/2018 16:52:28	36.0	36.0	17.2702
02/16/2018 16:52:39	37.0	37.0	17.2414
02/16/2018 16:52:50	37.0	37.0	23.7342
02/16/2018 16:53:01	39.0	39.0	14.2105
02/16/2018 16:53:12	39.0	39.0	13.941
02/16/2018 16:53:23	40.0	40.0	19.4888
02/16/2018 16:53:35	41.0	40.0	15.6863
02/16/2018 16:53:46	41.0	41.0	17.0157
02/16/2018 16:53:57	42.0	42.0	15.625
02/16/2018 16:54:08	44.0	44.0	17.2324
02/16/2018 16:54:19	45.0	44.0	17.9688
02/16/2018 16:54:30	45.0	45.0	14.7368
02/16/2018 16:54:41	45.0	46.0	17.0157
02/16/2018 16:54:52	47.0	46.0	15.6658
02/16/2018 16:55:03	48.0	47.0	14.8825
02/16/2018 16:55:14	47.0	47.0	14.1732
02/16/2018 16:55:26	47.0	47.0	13.2275
02/16/2018 16:55:37	48.0	47.0	18.0157
02/16/2018 16:55:48	49.0	49.0	16.9271
02/16/2018 16:55:59	50.0	50.0	17.5853
02/16/2018 16:56:10	50.0	51.0	17.0157
02/16/2018 16:56:21	51.0	51.0	18.5379
02/16/2018 16:56:32	53.0	53.0	12.5
02/16/2018 16:56:43	51.0	51.0	14.1732
02/16/2018 16:56:54	51.0	51.0	13.9108
02/16/2018 16:57:05	51.0	51.0	15.9686
02/16/2018 16:57:16	53.0	53.0	18.799
02/16/2018 16:57:27	53.0	53.0	20.1044
02/16/2018 16:57:38	54.0	54.0	15.9269
02/16/2018 16:57:49	55.0	54.0	22.0708
02/16/2018 16:58:00	54.0	54.0	16.0105
02/16/2018 16:58:11	55.0	55.0	16.1039
02/16/2018 16:58:22	56.0	56.0	17.8756
02/16/2018 16:58:33	56.0	56.0	17.2775
02/16/2018 16:58:44	54.0	54.0	15.5844
02/16/2018 16:58:55	51.0	51.0	18.0879
02/16/2018 16:59:06	51.0	51.0	14.2857
02/16/2018 16:59:17	48.0	48.0	15.9686
02/16/2018 16:59:28	47.0	47.0	16.188
02/16/2018 16:59:39	49.0	48.0	20.0528
02/16/2018 16:59:50	50.0	51.0	16.5354
02/16/2018 17:00:01	52.0	52.0	18.75
02/16/2018 17:00:12	52.0	53.0	16.6667
02/16/2018 17:00:23	54.0	53.0	18.799
02/16/2018 17:00:34	55.0	54.0	14.9215
02/16/2018 17:00:45	56.0	56.0	16.9713
02/16/2018 17:00:56	57.0	56.0	18.0412
02/16/2018 17:01:07	55.0	54.0	22.1932
02/16/2018 17:01:18	52.0	51.0	14.1732
02/16/2018 17:01:29	50.0	50.0	15.5963
02/16/2018 17:01:41	48.0	48.0	13.8298
02/16/2018 17:01:52	47.0	47.0	12.7321
02/16/2018 17:02:03	47.0	47.0	14.6341
02/16/2018 17:02:14	49.0	49.0	14.2105
02/16/2018 17:02:25	50.0	50.0	12.8947
02/16/2018 17:02:36	51.0	51.0	19.7411
02/16/2018 17:02:47	53.0	53.0	17.4731
02/16/2018 17:02:58	55.0	55.0	13.1579
02/16/2018 17:03:09	55.0	54.0	17.4479
02/16/2018 17:03:20	56.0	56.0	13.4921
02/16/2018 17:03:31	56.0	56.0	11.9048
02/16/2018 17:03:42	56.0	56.0	11.6711
02/16/2018 17:03:53	54.0	54.0	12.3684
02/16/2018 17:04:04	51.0	52.0	12.8947
02/16/2018 17:04:15	50.0	51.0	13.9842
02/16/2018 17:04:26	48.0	48.0	13.7931
02/16/2018 17:04:37	48.0	48.0	14.5119
02/16/2018 17:04:48	47.0	47.0	14.4385
02/16/2018 17:05:00	47.0	47.0	14.5119
02/16/2018 17:05:11	49.0	48.0	14.5503
02/16/2018 17:05:22	50.0	50.0	14.248
02/16/2018 17:05:33	51.0	51.0	15.5263
02/16/2018 17:05:44	52.0	52.0	12.5654
02/16/2018 17:05:55	53.0	53.0	12.1372
02/16/2018 17:06:06	54.0	54.0	12.6316
02/16/2018 17:06:17	54.0	55.0	12.4011
02/16/2018 17:06:28	55.0	55.0	12.1053
02/16/2018 17:06:39	56.0	55.0	12.1693
02/16/2018 17:06:50	56.0	56.0	12.6316
02/16/2018 17:07:01	54.0	54.0	12.6316
02/16/2018 17:07:12	53.0	53.0	14.8148
02/16/2018 17:07:23	50.0	50.0	14.2857
02/16/2018 17:07:34	49.0	49.0	15.0794
02/16/2018 17:07:45	48.0	48.0	13.7203
02/16/2018 17:07:56	47.0	47.0	13.9842
02/16/2018 17:08:07	47.0	48.0	14.5889
02/16/2018 17:08:18	49.0	49.0	14.0212
02/16/2018 17:08:29	50.0	50.0	12.5984
02/16/2018 17:08:40	51.0	51.0	13.7931
02/16/2018 17:08:51	52.0	53.0	12.1053
02/16/2018 17:09:02	53.0	53.0	12.4011
02/16/2018 17:09:13	54.0	54.0	14.248
02/16/2018 17:09:24	55.0	54.0	15.2
02/16/2018 17:09:35	56.0	55.0	12.1372
02/16/2018 17:09:46	54.0	54.0	13.9474
02/16/2018 17:09:58	51.0	52.0	13.369
02/16/2018 17:10:09	50.0	51.0	15.9151
02/16/2018 17:10:20	50.0	50.0	23.057
02/16/2018 17:10:31	54.0	51.0	0.502513
02/16/2018 17:10:42	47.0	46.0	0.759494
02/16/2018 17:10:53	48.0	48.0	0.75188
02/16/2018 17:11:04	48.0	48.0	0.251889
02/16/2018 17:11:15	49.0	50.0	0.757576
02/16/2018 17:11:26	49.0	50.0	0.753769
02/16/2018 17:11:37	49.0	50.0	0.251889
02/16/2018 17:11:48	49.0	50.0	3.29114
02/16/2018 17:11:59	50.0	50.0	5.12821
02/16/2018 17:12:10	50.0	50.0	0.251889
02/16/2018 17:12:21	49.0	50.0	1.00756
02/16/2018 17:12:32	49.0	50.0	0.251889
02/16/2018 17:12:43	49.0	50.0	0.503778
02/16/2018 17:12:54	49.0	50.0	1.00756
02/16/2018 17:13:05	49.0	50.0	0.251889
02/16/2018 17:13:16	49.0	50.0	1.00756
02/16/2018 17:13:27	49.0	49.0	0.251889
02/16/2018 17:13:38	50.0	49.0	0.753769
02/16/2018 17:13:49	49.0	48.0	1.0101
02/16/2018 17:14:00	49.0	49.0	2.02532
02/16/2018 17:14:11	49.0	48.0	0.251889
02/16/2018 17:14:22	49.0	49.0	0.757576
02/16/2018 17:14:33	49.0	48.0	0.505051
02/16/2018 17:14:44	49.0	48.0	0.502513
02/16/2018 17:14:55	48.0	48.0	1.25945
02/16/2018 17:15:06	47.0	48.0	0.502513
02/16/2018 17:15:17	48.0	48.0	0.503778
02/16/2018 17:15:28	48.0	47.0	1.0101
02/16/2018 17:15:39	47.0	47.0	0.753769
02/16/2018 17:15:50	48.0	48.0	0.251889
02/16/2018 17:16:01	48.0	48.0	0.505051
02/16/2018 17:16:13	48.0	47.0	0.251889
02/16/2018 17:16:24	48.0	47.0	0.759494
02/16/2018 17:16:35	47.0	47.0	0.252525
02/16/2018 17:16:46	47.0	46.0	0.503778
02/16/2018 17:16:57	47.0	47.0	1.00756
02/16/2018 17:17:08	46.0	46.0	0.503778
02/16/2018 17:17:19	47.0	47.0	0.502513
02/16/2018 17:17:30	46.0	46.0	1.26263
02/16/2018 17:17:41	46.0	47.0	0.505051
02/16/2018 17:17:52	47.0	47.0	0.503778
02/16/2018 17:18:03	46.0	46.0	1.00756
02/16/2018 17:18:14	46.0	47.0	0.75188
02/16/2018 17:18:25	46.0	46.0	0
02/16/2018 17:18:36	46.0	46.0	0.757576
02/16/2018 17:18:47	46.0	46.0	0.503778
02/16/2018 17:18:58	46.0	46.0	1.25628
02/16/2018 17:19:09	45.0	46.0	1.0101
02/16/2018 17:19:20	46.0	46.0	0.753769
02/16/2018 17:19:31	46.0	45.0	1.0101
02/16/2018 17:19:42	45.0	46.0	0
02/16/2018 17:19:53	46.0	45.0	0.502513
02/16/2018 17:20:04	45.0	45.0	0.755668
02/16/2018 17:20:15	44.0	45.0	0.503778
02/16/2018 17:20:26	45.0	45.0	0.502513
02/16/2018 17:20:37	45.0	45.0	1.25628
02/16/2018 17:20:48	45.0	45.0	0.502513
02/16/2018 17:20:59	45.0	45.0	0.503778
02/16/2018 17:21:10	45.0	46.0	0.507614
02/16/2018 17:21:21	44.0	45.0	0.503778
02/16/2018 17:21:32	46.0	45.0	0.759494
02/16/2018 17:21:43	45.0	45.0	0.503778
02/16/2018 17:21:54	45.0	45.0	1.00756
02/16/2018 17:22:05	45.0	45.0	1.00756
02/16/2018 17:22:16	44.0	45.0	0.502513
02/16/2018 17:22:27	44.0	44.0	0.503778
02/16/2018 17:22:38	45.0	45.0	0.755668
02/16/2018 17:22:49	44.0	45.0	0.253165
02/16/2018 17:23:01	45.0	45.0	0.503778
02/16/2018 17:23:12	44.0	44.0	0.755668
02/16/2018 17:23:23	44.0	45.0	0.503778
02/16/2018 17:23:34	44.0	45.0	0.503778
02/16/2018 17:23:45	44.0	45.0	0.502513
02/16/2018 17:23:56	45.0	45.0	1.25628
02/16/2018 17:24:07	43.0	45.0	1.00756
02/16/2018 17:24:18	44.0	44.0	0.251889
02/16/2018 17:24:29	44.0	44.0	0.753769
02/16/2018 17:24:40	44.0	44.0	0.753769
02/16/2018 17:24:51	44.0	44.0	0.503778
02/16/2018 17:25:02	44.0	44.0	0.757576
02/16/2018 17:25:13	44.0	44.0	1.0101
02/16/2018 17:25:24	43.0	44.0	0.251889
02/16/2018 17:25:35	44.0	44.0	0.503778
02/16/2018 17:25:46	44.0	44.0	0.757576
02/16/2018 17:25:57	44.0	44.0	0.503778
02/16/2018 17:26:08	44.0	44.0	0.502513
02/16/2018 17:26:19	43.0	44.0	0.753769
02/16/2018 17:26:30	44.0	44.0	0
02/16/2018 17:26:41	43.0	44.0	1.00756
02/16/2018 17:26:52	43.0	43.0	0.502513
02/16/2018 17:27:03	44.0	44.0	0.503778
02/16/2018 17:27:14	44.0	44.0	0.755668
02/16/2018 17:27:25	43.0	44.0	0.252525
02/16/2018 17:27:36	43.0	44.0	1.50754
02/16/2018 17:27:47	44.0	44.0	1.51515
02/16/2018 17:27:58	44.0	44.0	0.503778
02/16/2018 17:28:09	44.0	44.0	0.252525
02/16/2018 17:28:20	44.0	44.0	1.26263
02/16/2018 17:28:31	43.0	43.0	0.252525
02/16/2018 17:28:42	43.0	44.0	0.503778
02/16/2018 17:28:53	43.0	43.0	0.252525
02/16/2018 17:29:04	43.0	43.0	0.503778
02/16/2018 17:29:15	43.0	44.0	1.51515
02/16/2018 17:29:26	43.0	43.0	0.757576
02/16/2018 17:29:37	43.0	43.0	1.76768
02/16/2018 17:29:48	43.0	43.0	1.25628
02/16/2018 17:30:00	43.0	43.0	0.755668
02/16/2018 17:30:11	43.0	44.0	0.503778
02/16/2018 17:30:22	42.0	43.0	1.00503
02/16/2018 17:30:33	43.0	43.0	0.503778
02/16/2018 17:30:44	43.0	43.0	0.251889
02/16/2018 17:30:55	43.0	42.0	0.757576
02/16/2018 17:31:06	42.0	43.0	0.252525
02/16/2018 17:31:17	43.0	44.0	0.75188
02/16/2018 17:31:28	43.0	43.0	0.501253
02/16/2018 17:31:39	42.0	43.0	2.28426
02/16/2018 17:31:50	43.0	43.0	1.0101
02/16/2018 17:32:01	42.0	43.0	0.502513
02/16/2018 17:32:12	43.0	42.0	0.502513
02/16/2018 17:32:23	43.0	43.0	1.01781
02/16/2018 17:32:34	42.0	43.0	0.755668
02/16/2018 17:32:45	42.0	42.0	0.252525
02/16/2018 17:32:56	43.0	42.0	1.25945
02/16/2018 17:33:07	42.0	43.0	0.252525
02/16/2018 17:33:18	44.0	43.0	0.753769
02/16/2018 17:33:29	42.0	43.0	0.507614
02/16/2018 17:33:40	42.0	42.0	0.252525
02/16/2018 17:33:51	42.0	42.0	0.757576
02/16/2018 17:34:02	42.0	43.0	1.00756
02/16/2018 17:34:13	42.0	42.0	0.503778
02/16/2018 17:34:24	43.0	42.0	1.26263
02/16/2018 17:34:35	42.0	42.0	0
02/16/2018 17:34:46	42.0	42.0	0.503778
02/16/2018 17:34:57	42.0	42.0	1.00756
02/16/2018 17:35:08	43.0	43.0	0.505051
02/16/2018 17:35:19	43.0	43.0	0.503778
02/16/2018 17:35:30	43.0	42.0	1.0101
02/16/2018 17:35:41	42.0	42.0	0.252525
02/16/2018 17:35:52	42.0	42.0	0.252525
02/16/2018 17:36:03	42.0	42.0	1.25945
02/16/2018 17:36:14	42.0	43.0	0.251256
02/16/2018 17:36:25	42.0	43.0	1.0101
02/16/2018 17:36:36	42.0	42.0	0.251889
02/16/2018 17:36:48	42.0	42.0	0.753769
02/16/2018 17:36:59	43.0	42.0	1.0101
02/16/2018 17:37:10	42.0	42.0	0.505051
02/16/2018 17:37:21	42.0	42.0	0.502513
02/16/2018 17:37:32	42.0	44.0	1.0101
02/16/2018 17:37:43	42.0	42.0	0
02/16/2018 17:37:54	42.0	43.0	0.503778
02/16/2018 17:38:05	42.0	42.0	1.00756
02/16/2018 17:38:16	43.0	42.0	0.505051
02/16/2018 17:38:27	42.0	42.0	0.503778
02/16/2018 17:38:38	42.0	42.0	1.26582
02/16/2018 17:38:49	43.0	42.0	0.252525
02/16/2018 17:39:00	42.0	42.0	1.51134
02/16/2018 17:39:11	41.0	43.0	0.252525
02/16/2018 17:39:22	42.0	42.0	0.502513
02/16/2018 17:39:33	42.0	42.0	1.01266
02/16/2018 17:39:44	42.0	42.0	1.25945
02/16/2018 17:39:55	42.0	42.0	0.252525
02/16/2018 17:40:06	42.0	42.0	1.00756
02/16/2018 17:40:17	43.0	42.0	0.753769
02/16/2018 17:40:28	42.0	42.0	0.251889
02/16/2018 17:40:39	42.0	42.0	1.0101
02/16/2018 17:40:50	42.0	42.0	0.252525
02/16/2018 17:41:01	42.0	42.0	0.252525
02/16/2018 17:41:12	42.0	42.0	0.755668
02/16/2018 17:41:23	42.0	42.0	0.252525
02/16/2018 17:41:34	42.0	42.0	1.00756
02/16/2018 17:41:45	42.0	42.0	0.503778
02/16/2018 17:41:56	42.0	42.0	0.502513
02/16/2018 17:42:07	42.0	42.0	1.26263
02/16/2018 17:42:18	42.0	42.0	0.252525
02/16/2018 17:42:29	42.0	42.0	0.503778
02/16/2018 17:42:40	43.0	42.0	1.00756
02/16/2018 17:42:51	41.0	42.0	0.505051
02/16/2018 17:43:02	41.0	42.0	0.502513
02/16/2018 17:43:13	42.0	42.0	0.505051
02/16/2018 17:43:25	42.0	42.0	0.75188
02/16/2018 17:43:36	42.0	42.0	0.505051
02/16/2018 17:43:47	42.0	42.0	0.757576
02/16/2018 17:43:58	42.0	42.0	2.267
02/16/2018 17:44:09	42.0	42.0	1.51134
02/16/2018 17:44:20	42.0	42.0	0.505051
02/16/2018 17:44:31	42.0	42.0	0.252525
02/16/2018 17:44:42	43.0	42.0	0.759494
02/16/2018 17:44:53	42.0	42.0	0.503778
02/16/2018 17:45:04	42.0	42.0	0.503778
02/16/2018 17:45:15	42.0	42.0	2.26131
02/16/2018 17:45:26	42.0	42.0	0.251889
02/16/2018 17:45:37	41.0	42.0	0.753769
02/16/2018 17:45:48	42.0	42.0	1.0101
02/16/2018 17:45:59	41.0	42.0	0.505051
02/16/2018 17:46:10	42.0	42.0	0.252525
02/16/2018 17:46:21	42.0	42.0	1.01266
02/16/2018 17:46:32	41.0	42.0	0.252525
02/16/2018 17:46:43	42.0	43.0	0.761421
02/16/2018 17:46:54	42.0	42.0	0.251889
02/16/2018 17:47:05	41.0	42.0	0.755668
02/16/2018 17:47:16	41.0	42.0	2.78481
02/16/2018 17:47:27	41.0	42.0	0.502513
02/16/2018 17:47:38	42.0	42.0	0.252525
02/16/2018 17:47:49	42.0	42.0	1.76768
02/16/2018 17:48:00	41.0	42.0	0.502513
02/16/2018 17:48:11	43.0	42.0	0.503778
02/16/2018 17:48:22	42.0	42.0	1.00756
02/16/2018 17:48:33	42.0	42.0	0.252525
02/16/2018 17:48:44	42.0	42.0	1.25628
02/16/2018 17:48:55	42.0	43.0	1.00756
02/16/2018 17:49:06	43.0	42.0	0.505051
02/16/2018 17:49:17	42.0	42.0	2.27848
02/16/2018 17:49:28	42.0	42.0	0.503778
02/16/2018 17:49:39	41.0	42.0	0.251889
02/16/2018 17:49:51	41.0	42.0	1.25945
02/16/2018 17:50:02	42.0	42.0	0.251889
02/16/2018 17:50:13	42.0	42.0	0.757576
02/16/2018 17:50:24	42.0	42.0	0.759494
02/16/2018 17:50:35	42.0	42.0	0.503778
02/16/2018 17:50:46	42.0	42.0	0.251889
02/16/2018 17:50:57	42.0	42.0	1.26263
02/16/2018 17:51:08	42.0	42.0	0.503778
02/16/2018 17:51:19	41.0	42.0	1.77215
02/16/2018 17:51:30	42.0	42.0	0
02/16/2018 17:51:41	41.0	42.0	0.503778
02/16/2018 17:51:52	41.0	42.0	1.0101
02/16/2018 17:52:03	41.0	42.0	0.503778
02/16/2018 17:52:14	42.0	42.0	0.252525
02/16/2018 17:52:25	41.0	42.0	1.25945
02/16/2018 17:52:36	41.0	42.0	0.502513
02/16/2018 17:52:47	42.0	42.0	0.757576
02/16/2018 17:52:58	41.0	41.0	1.01266
02/16/2018 17:53:09	42.0	42.0	0.503778
02/16/2018 17:53:20	42.0	42.0	0.755668
02/16/2018 17:53:31	41.0	42.0	0.755668
02/16/2018 17:53:42	43.0	42.0	0.252525
02/16/2018 17:53:53	41.0	42.0	1.00756
02/16/2018 17:54:04	41.0	41.0	0.503778
02/16/2018 17:54:15	41.0	42.0	0.251889
02/16/2018 17:54:26	42.0	41.0	1.26582
02/16/2018 17:54:37	42.0	42.0	0.502513
02/16/2018 17:54:48	41.0	42.0	0.502513
02/16/2018 17:54:59	42.0	42.0	0.757576
02/16/2018 17:55:10	42.0	42.0	0.503778
02/16/2018 17:55:21	42.0	42.0	0
02/16/2018 17:55:32	41.0	42.0	1.0101
02/16/2018 17:55:43	41.0	42.0	0.503778
02/16/2018 17:55:54	41.0	42.0	0.503778
02/16/2018 17:56:05	41.0	42.0	1.51899
02/16/2018 17:56:17	42.0	42.0	1.00503
02/16/2018 17:56:28	42.0	42.0	0.755668
02/16/2018 17:56:39	42.0	42.0	0.503778
02/16/2018 17:56:50	42.0	42.0	0.252525
02/16/2018 17:57:01	42.0	42.0	1.25945
02/16/2018 17:57:12	42.0	42.0	0.503778
02/16/2018 17:57:23	42.0	41.0	0.502513
02/16/2018 17:57:34	43.0	42.0	1.26904
02/16/2018 17:57:45	41.0	42.0	0.251889
02/16/2018 17:57:56	42.0	42.0	0.503778
02/16/2018 17:58:07	41.0	42.0	0.507614
02/16/2018 17:58:18	43.0	42.0	0.755668
02/16/2018 17:58:29	42.0	42.0	0.252525
02/16/2018 17:58:40	43.0	43.0	1.0101
02/16/2018 17:58:51	41.0	42.0	0.755668
02/16/2018 17:59:02	42.0	42.0	1.01266
02/16/2018 17:59:13	42.0	42.0	0.755668
02/16/2018 17:59:24	41.0	42.0	0.755668
02/16/2018 17:59:35	42.0	42.0	1.00756
02/16/2018 17:59:46	41.0	42.0	0.503778
02/16/2018 17:59:57	41.0	42.0	0
02/16/2018 18:00:08	42.0	42.0	1.0101
02/16/2018 18:00:19	41.0	42.0	0.251889
02/16/2018 18:00:30	41.0	42.0	0.753769
02/16/2018 18:00:41	41.0	42.0	0.759494
02/16/2018 18:00:52	41.0	42.0	0.252525
02/16/2018 18:01:03	41.0	42.0	0.502513
02/16/2018 18:01:14	41.0	42.0	0.505051
02/16/2018 18:01:25	42.0	42.0	0.505051
02/16/2018 18:01:36	42.0	42.0	0.505051
02/16/2018 18:01:47	41.0	42.0	0.503778
02/16/2018 18:01:58	42.0	42.0	0.252525
02/16/2018 18:02:09	42.0	42.0	1.25628
02/16/2018 18:02:20	41.0	42.0	0.502513
02/16/2018 18:02:32	42.0	42.0	0.753769
02/16/2018 18:02:43	42.0	42.0	1.00503
02/16/2018 18:02:54	41.0	42.0	1.51134
02/16/2018 18:03:05	42.0	42.0	0.251889
02/16/2018 18:03:16	41.0	42.0	1.25945
02/16/2018 18:03:27	42.0	42.0	0.502513
02/16/2018 18:03:38	41.0	42.0	0.506329
02/16/2018 18:03:49	42.0	42.0	1.51899
02/16/2018 18:04:00	42.0	41.0	0.505051
02/16/2018 18:04:11	42.0	42.0	0.503778
02/16/2018 18:04:22	42.0	42.0	0.505051
02/16/2018 18:04:33	41.0	42.0	0.251889
02/16/2018 18:04:44	41.0	42.0	1.26263
02/16/2018 18:04:55	43.0	42.0	2.27848
02/16/2018 18:05:06	41.0	42.0	0.503778
02/16/2018 18:05:17	42.0	42.0	1.0101
02/16/2018 18:05:28	42.0	42.0	0.252525
02/16/2018 18:05:39	42.0	42.0	0.251889
02/16/2018 18:05:50	42.0	42.0	1.01266
02/16/2018 18:06:01	41.0	42.0	0.503778
02/16/2018 18:06:12	41.0	42.0	1.00756
02/16/2018 18:06:23	41.0	42.0	1.26263
02/16/2018 18:06:34	41.0	42.0	0.503778
02/16/2018 18:06:45	42.0	42.0	1.01266
02/16/2018 18:06:56	43.0	42.0	2.267
02/16/2018 18:07:07	41.0	42.0	0.755668
02/16/2018 18:07:18	42.0	42.0	0.759494
02/16/2018 18:07:29	42.0	42.0	0.503778
02/16/2018 18:07:40	42.0	42.0	0.502513
02/16/2018 18:07:51	41.0	42.0	4.31472
02/16/2018 18:08:02	41.0	42.0	0.252525
02/16/2018 18:08:13	41.0	42.0	0.505051
02/16/2018 18:08:24	42.0	42.0	1.00756
02/16/2018 18:08:35	42.0	42.0	0.503778
02/16/2018 18:08:46	41.0	42.0	0.75188
02/16/2018 18:08:57	42.0	42.0	1.51515
02/16/2018 18:09:09	41.0	42.0	0.505051
02/16/2018 18:09:20	41.0	42.0	1.01266
02/16/2018 18:09:31	41.0	42.0	0.505051
02/16/2018 18:09:42	41.0	42.0	0.505051
02/16/2018 18:09:53	42.0	42.0	0.757576
02/16/2018 18:10:04	42.0	42.0	0.503778
02/16/2018 18:10:15	42.0	42.0	0.252525
02/16/2018 18:10:26	41.0	42.0	1.0101
02/16/2018 18:10:37	42.0	42.0	0.502513
02/16/2018 18:10:48	42.0	42.0	0.75188
02/16/2018 18:10:59	42.0	42.0	1.51134
02/16/2018 18:11:10	42.0	42.0	0.505051
02/16/2018 18:11:21	42.0	42.0	0.505051
02/16/2018 18:11:32	42.0	43.0	1.0101
02/16/2018 18:11:43	42.0	42.0	0.503778
02/16/2018 18:11:54	42.0	42.0	1.00756
02/16/2018 18:12:05	42.0	42.0	0.753769
02/16/2018 18:12:16	42.0	42.0	1.01523
02/16/2018 18:12:27	42.0	42.0	1.00756
02/16/2018 18:12:38	42.0	42.0	0.252525
02/16/2018 18:12:49	41.0	42.0	0.503778
02/16/2018 18:13:00	41.0	42.0	0.757576
02/16/2018 18:13:11	42.0	42.0	0.503778
02/16/2018 18:13:22	42.0	41.0	0.251889
02/16/2018 18:13:33	42.0	42.0	0.755668
02/16/2018 18:13:44	41.0	42.0	0.252525
02/16/2018 18:13:55	42.0	42.0	0.503778
02/16/2018 18:14:06	41.0	42.0	1.00503
02/16/2018 18:14:17	41.0	42.0	0.753769
02/16/2018 18:14:28	42.0	42.0	0.502513
02/16/2018 18:14:39	42.0	42.0	0.503778
02/16/2018 18:14:50	42.0	42.0	0.251889
02/16/2018 18:15:01	41.0	42.0	0.506329
02/16/2018 18:15:12	42.0	42.0	0.502513
02/16/2018 18:15:24	41.0	42.0	0.252525
02/16/2018 18:15:35	41.0	42.0	1.25945
02/16/2018 18:15:46	41.0	42.0	0.503778
02/16/2018 18:15:57	42.0	42.0	0.503778
02/16/2018 18:16:08	42.0	42.0	1.0101
02/16/2018 18:16:19	42.0	42.0	0.503778
02/16/2018 18:16:30	42.0	42.0	0.503778
02/16/2018 18:16:41	42.0	42.0	1.26263
02/16/2018 18:16:52	42.0	42.0	0.503778
02/16/2018 18:17:03	42.0	42.0	0.503778
02/16/2018 18:17:14	42.0	42.0	0.252525
02/16/2018 18:17:25	41.0	42.0	0.503778
02/16/2018 18:17:36	42.0	42.0	0.757576
02/16/2018 18:17:47	43.0	42.0	0.755668
02/16/2018 18:17:58	42.0	42.0	0.75
02/16/2018 18:18:09	42.0	42.0	1.25628
02/16/2018 18:18:20	41.0	42.0	0.503778
02/16/2018 18:18:31	42.0	42.0	0.503778
02/16/2018 18:18:42	41.0	42.0	0.759494
02/16/2018 18:18:53	41.0	42.0	0.75188
02/16/2018 18:19:04	41.0	42.0	0.252525
02/16/2018 18:19:15	41.0	42.0	0.757576
02/16/2018 18:19:26	43.0	42.0	0.503778
02/16/2018 18:19:37	41.0	42.0	0.506329
02/16/2018 18:19:48	42.0	41.0	0.502513
02/16/2018 18:19:59	41.0	42.0	0.252525
02/16/2018 18:20:10	41.0	42.0	1.0101
02/16/2018 18:20:21	42.0	42.0	0.251889
02/16/2018 18:20:32	42.0	42.0	2.27848
02/16/2018 18:20:43	41.0	42.0	0.755668
02/16/2018 18:20:54	41.0	42.0	1.0101
02/16/2018 18:21:05	42.0	42.0	0.757576
02/16/2018 18:21:16	41.0	42.0	1.26263
02/16/2018 18:21:27	42.0	41.0	0.252525
02/16/2018 18:21:39	41.0	42.0	0.503778
02/16/2018 18:21:50	42.0	42.0	0.759494
02/16/2018 18:22:01	42.0	42.0	0.755668
02/16/2018 18:22:12	41.0	42.0	0.252525
02/16/2018 18:22:23	42.0	42.0	0.505051
02/16/2018 18:22:34	41.0	42.0	2.27273
02/16/2018 18:22:45	42.0	42.0	1.00756
02/16/2018 18:22:56	41.0	42.0	0.503778
02/16/2018 18:23:07	42.0	42.0	0.251889
02/16/2018 18:23:18	41.0	42.0	1.00756
02/16/2018 18:23:29	42.0	42.0	0.503778
02/16/2018 18:23:40	42.0	42.0	0.75188
02/16/2018 18:23:51	41.0	42.0	0.757576
02/16/2018 18:24:02	42.0	42.0	0.753769
02/16/2018 18:24:13	42.0	42.0	0.501253
02/16/2018 18:24:24	42.0	42.0	1.0101
02/16/2018 18:24:35	42.0	42.0	2.76382
02/16/2018 18:24:46	42.0	42.0	0.755668
02/16/2018 18:24:57	42.0	42.0	0.503778
02/16/2018 18:25:08	42.0	42.0	0.503778
02/16/2018 18:25:19	41.0	42.0	0.757576
02/16/2018 18:25:30	42.0	42.0	0.503778
02/16/2018 18:25:41	41.0	42.0	1.75879
02/16/2018 18:25:52	43.0	42.0	1.51899
02/16/2018 18:26:03	42.0	42.0	0.251889
02/16/2018 18:26:14	42.0	42.0	0.252525
02/16/2018 18:26:25	41.0	42.0	0.757576
02/16/2018 18:26:36	42.0	42.0	1.00503
02/16/2018 18:26:47	42.0	42.0	0.252525
02/16/2018 18:26:58	42.0	42.0	1.77215
02/16/2018 18:27:09	42.0	42.0	0.753769
02/16/2018 18:27:20	42.0	42.0	0.503778
02/16/2018 18:27:31	42.0	42.0	0.506329
02/16/2018 18:27:42	42.0	41.0	0.753769
02/16/2018 18:27:53	42.0	42.0	0.759494
02/16/2018 18:28:04	42.0	42.0	0.251889
02/16/2018 18:28:15	42.0	42.0	0.753769
02/16/2018 18:28:27	42.0	42.0	0.506329
02/16/2018 18:28:38	42.0	42.0	0.503778
02/16/2018 18:28:49	43.0	42.0	0.502513
02/16/2018 18:29:00	42.0	42.0	1.0101
02/16/2018 18:29:11	42.0	42.0	0.503778
02/16/2018 18:29:22	41.0	42.0	0.753769
02/16/2018 18:29:33	42.0	42.0	1.0101
02/16/2018 18:29:44	41.0	42.0	0.253165
02/16/2018 18:29:55	41.0	42.0	0.502513
02/16/2018 18:30:06	42.0	42.0	0.755668
02/16/2018 18:30:17	41.0	42.0	0.251256
02/16/2018 18:30:28	41.0	42.0	1.25945
02/16/2018 18:30:39	42.0	42.0	0.502513
02/16/2018 18:30:50	41.0	42.0	0.753769
02/16/2018 18:31:01	42.0	42.0	1.25628
02/16/2018 18:31:12	41.0	42.0	1.0101
02/16/2018 18:31:23	42.0	42.0	0.252525
02/16/2018 18:31:34	42.0	42.0	1.25945
02/16/2018 18:31:45	41.0	42.0	0.502513
02/16/2018 18:31:56	43.0	42.0	0.503778
02/16/2018 18:32:07	42.0	42.0	1.00756
02/16/2018 18:32:18	42.0	42.0	0.252525
02/16/2018 18:32:29	42.0	42.0	0.505051
02/16/2018 18:32:40	43.0	42.0	0.251889
02/16/2018 18:32:51	42.0	42.0	0.505051
02/16/2018 18:33:02	43.0	42.0	1.77215
02/16/2018 18:33:13	42.0	42.0	1.00756
02/16/2018 18:33:24	42.0	42.0	0.251889
02/16/2018 18:33:35	42.0	43.0	1.00756
02/16/2018 18:33:46	42.0	42.0	0.252525
02/16/2018 18:33:57	42.0	42.0	0.503778
02/16/2018 18:34:08	42.0	42.0	1.00756
02/16/2018 18:34:19	42.0	42.0	1.01266
02/16/2018 18:34:30	42.0	43.0	0.501253
02/16/2018 18:34:41	42.0	42.0	1.00756
02/16/2018 18:34:53	41.0	42.0	0.502513
02/16/2018 18:35:04	42.0	42.0	0.755668
02/16/2018 18:35:15	43.0	42.0	0
02/16/2018 18:35:26	42.0	42.0	0.503778
02/16/2018 18:35:37	42.0	42.0	1.0101
02/16/2018 18:35:48	42.0	42.0	0.757576
02/16/2018 18:35:59	42.0	42.0	0.757576
02/16/2018 18:36:10	42.0	42.0	0.757576
02/16/2018 18:36:21	42.0	42.0	0.503778
02/16/2018 18:36:32	42.0	42.0	0.503778
02/16/2018 18:36:43	42.0	42.0	1.00756
02/16/2018 18:36:54	42.0	42.0	0.503778
02/16/2018 18:37:05	43.0	43.0	0.753769
02/16/2018 18:37:16	43.0	42.0	1.01266
02/16/2018 18:37:27	42.0	42.0	0.503778
02/16/2018 18:37:38	43.0	43.0	0.503778
02/16/2018 18:37:49	42.0	42.0	1.01266
02/16/2018 18:38:00	42.0	43.0	0.505051
02/16/2018 18:38:11	42.0	42.0	2.77778
02/16/2018 18:38:22	42.0	42.0	0.502513
02/16/2018 18:38:33	43.0	42.0	0.502513
02/16/2018 18:38:44	41.0	42.0	1.00503
02/16/2018 18:38:55	42.0	42.0	0.251889
02/16/2018 18:39:06	42.0	42.0	0.503778
02/16/2018 18:39:17	42.0	42.0	0.755668
02/16/2018 18:39:28	42.0	42.0	0.252525
02/16/2018 18:39:39	42.0	42.0	0.505051
02/16/2018 18:39:50	42.0	42.0	0.757576
02/16/2018 18:40:01	42.0	42.0	0.503778
02/16/2018 18:40:12	42.0	42.0	1.25945
02/16/2018 18:40:23	42.0	42.0	0.757576
02/16/2018 18:40:34	42.0	42.0	0.251889
02/16/2018 18:40:45	43.0	42.0	1.26263
02/16/2018 18:40:56	42.0	42.0	0.251889
02/16/2018 18:41:07	42.0	42.0	0.503778
02/16/2018 18:41:19	42.0	42.0	0.755668
02/16/2018 18:41:30	42.0	42.0	0.251889
02/16/2018 18:41:41	41.0	42.0	1.0101
02/16/2018 18:41:52	42.0	42.0	0.757576
02/16/2018 18:42:03	42.0	41.0	0.503778
02/16/2018 18:42:14	42.0	42.0	2.27273
02/16/2018 18:42:25	41.0	42.0	1.25945
02/16/2018 18:42:36	42.0	42.0	0.502513
02/16/2018 18:42:47	42.0	42.0	0.753769
02/16/2018 18:42:58	42.0	42.0	1.01266
02/16/2018 18:43:09	42.0	42.0	1.0101
02/16/2018 18:43:20	42.0	42.0	1.0101
02/16/2018 18:43:31	42.0	43.0	0.506329
02/16/2018 18:43:42	42.0	42.0	0.252525
02/16/2018 18:43:53	42.0	42.0	0.755668
02/16/2018 18:44:04	42.0	42.0	0.502513
02/16/2018 18:44:15	42.0	42.0	2.51256
02/16/2018 18:44:26	42.0	42.0	1.25945
02/16/2018 18:44:37	42.0	42.0	0.503778
02/16/2018 18:44:48	42.0	42.0	0.502513
02/16/2018 18:44:59	42.0	42.0	1.25628
02/16/2018 18:45:10	42.0	42.0	0.502513
02/16/2018 18:45:21	43.0	42.0	0.503778
02/16/2018 18:45:32	42.0	42.0	1.01266
02/16/2018 18:45:43	42.0	42.0	0.505051
02/16/2018 18:45:54	42.0	42.0	1.26582
02/16/2018 18:46:05	42.0	42.0	0.503778
02/16/2018 18:46:16	42.0	42.0	0.757576
02/16/2018 18:46:27	41.0	42.0	0.507614
02/16/2018 18:46:38	42.0	42.0	0.505051
02/16/2018 18:46:49	42.0	42.0	0.503778
02/16/2018 18:47:00	42.0	42.0	1.0101
02/16/2018 18:47:11	42.0	42.0	0.502513
02/16/2018 18:47:22	42.0	42.0	0.502513
02/16/2018 18:47:33	41.0	42.0	0.757576
02/16/2018 18:47:44	42.0	42.0	0.503778
02/16/2018 18:47:55	42.0	42.0	1.00756
02/16/2018 18:48:07	41.0	42.0	1.0101
02/16/2018 18:48:18	42.0	42.0	0
02/16/2018 18:48:29	42.0	42.0	0.757576
02/16/2018 18:48:40	42.0	42.0	0.251889
02/16/2018 18:48:51	42.0	42.0	0.252525
02/16/2018 18:49:02	41.0	42.0	1.76322
02/16/2018 18:49:13	42.0	42.0	0.503778
02/16/2018 18:49:24	42.0	42.0	0.503778
02/16/2018 18:49:35	42.0	42.0	1.50754
02/16/2018 18:49:46	42.0	42.0	0.503778
02/16/2018 18:49:57	41.0	42.0	0.503778
02/16/2018 18:50:08	41.0	42.0	1.00756
02/16/2018 18:50:19	42.0	42.0	0
02/16/2018 18:50:30	42.0	42.0	0.503778
02/16/2018 18:50:41	42.0	42.0	0.759494
02/16/2018 18:50:52	42.0	42.0	0.503778
02/16/2018 18:51:03	42.0	42.0	0.253165
02/16/2018 18:51:14	41.0	42.0	0.503778
02/16/2018 18:51:25	42.0	42.0	0.502513
02/16/2018 18:51:36	42.0	42.0	0.757576
02/16/2018 18:51:47	42.0	42.0	0.503778
02/16/2018 18:51:58	42.0	42.0	0.505051
02/16/2018 18:52:09	42.0	42.0	1.00756
02/16/2018 18:52:20	42.0	42.0	0.503778
02/16/2018 18:52:31	42.0	42.0	0.251889
02/16/2018 18:52:42	42.0	42.0	1.0101
02/16/2018 18:52:53	42.0	42.0	0.252525
02/16/2018 18:53:04	42.0	42.0	0.253165
02/16/2018 18:53:15	42.0	42.0	1.50754
02/16/2018 18:53:26	42.0	42.0	0.503778
02/16/2018 18:53:37	42.0	42.0	1.0101
02/16/2018 18:53:48	42.0	42.0	0.503778
02/16/2018 18:53:59	42.0	43.0	0.753769
02/16/2018 18:54:10	42.0	42.0	1.0101
02/16/2018 18:54:22	42.0	42.0	0
02/16/2018 18:54:33	42.0	42.0	0.503778
02/16/2018 18:54:44	43.0	42.0	1.00756
02/16/2018 18:54:55	43.0	42.0	0.251889
02/16/2018 18:55:06	42.0	42.0	0.755668
02/16/2018 18:55:17	42.0	42.0	0.759494
02/16/2018 18:55:28	42.0	42.0	0.503778
02/16/2018 18:55:39	42.0	42.0	0.252525
02/16/2018 18:55:50	42.0	42.0	3.03797
02/16/2018 18:56:01	43.0	42.0	0.252525
02/16/2018 18:56:12	42.0	42.0	1.0101
02/16/2018 18:56:23	41.0	42.0	0.757576
02/16/2018 18:56:34	42.0	42.0	0.505051
02/16/2018 18:56:45	42.0	42.0	0.759494
02/16/2018 18:56:56	42.0	42.0	0.503778
02/16/2018 18:57:07	42.0	42.0	0.251889
02/16/2018 18:57:18	42.0	42.0	1.0101
02/16/2018 18:57:29	42.0	42.0	0.503778
02/16/2018 18:57:40	42.0	42.0	0.505051
02/16/2018 18:57:51	42.0	42.0	4.60358
02/16/2018 18:58:02	42.0	42.0	1.25945
02/16/2018 18:58:13	42.0	42.0	0.503778
02/16/2018 18:58:24	42.0	42.0	1.01266
02/16/2018 18:58:35	42.0	42.0	0.502513
02/16/2018 18:58:46	42.0	42.0	1.01266
02/16/2018 18:58:57	42.0	42.0	0.251256
02/16/2018 18:59:08	42.0	42.0	0.252525
02/16/2018 18:59:19	42.0	42.0	1.00503
02/16/2018 18:59:30	42.0	42.0	0.502513
02/16/2018 18:59:41	42.0	42.0	0.503778
02/16/2018 18:59:52	42.0	42.0	3.03797
02/16/2018 19:00:03	42.0	42.0	0.503778
02/16/2018 19:00:14	42.0	42.0	0
02/16/2018 19:00:25	42.0	42.0	1.26263
02/16/2018 19:00:36	42.0	42.0	0.503778
02/16/2018 19:00:47	42.0	42.0	0.503778
02/16/2018 19:00:59	42.0	43.0	0.755668
02/16/2018 19:01:10	42.0	42.0	0.753769
02/16/2018 19:01:21	42.0	42.0	1.00503
02/16/2018 19:01:32	42.0	42.0	0.503778
02/16/2018 19:01:43	41.0	43.0	0.502513
02/16/2018 19:01:54	41.0	42.0	2.27848
02/16/2018 19:02:05	41.0	42.0	0.252525
02/16/2018 19:02:16	41.0	42.0	0.503778
02/16/2018 19:02:27	42.0	42.0	0.757576
02/16/2018 19:02:38	42.0	42.0	1.25628
02/16/2018 19:02:49	42.0	43.0	0.502513
02/16/2018 19:03:00	41.0	42.0	0.761421
02/16/2018 19:03:11	41.0	42.0	0.251889
02/16/2018 19:03:22	42.0	42.0	0.252525
02/16/2018 19:03:33	42.0	42.0	0.252525
02/16/2018 19:03:44	41.0	42.0	0.757576
02/16/2018 19:03:55	41.0	42.0	1.51134
02/16/2018 19:04:06	41.0	42.0	0.502513
02/16/2018 19:04:17	42.0	42.0	0.251889
02/16/2018 19:04:28	41.0	42.0	0.757576
02/16/2018 19:04:39	41.0	42.0	0.502513
02/16/2018 19:04:50	42.0	42.0	0.251889
02/16/2018 19:05:01	42.0	42.0	0.506329
02/16/2018 19:05:12	41.0	42.0	0.502513
02/16/2018 19:05:23	42.0	43.0	0.502513
02/16/2018 19:05:34	42.0	42.0	0.757576
02/16/2018 19:05:45	42.0	42.0	0.503778
02/16/2018 19:05:56	42.0	42.0	0.252525
02/16/2018 19:06:07	42.0	43.0	1.00756
02/16/2018 19:06:18	42.0	42.0	0.252525
02/16/2018 19:06:29	42.0	42.0	0.753769
02/16/2018 19:06:40	41.0	42.0	0.503778
02/16/2018 19:06:51	41.0	42.0	0.503778
02/16/2018 19:07:02	42.0	42.0	1.00756
02/16/2018 19:07:13	42.0	42.0	0.755668
02/16/2018 19:07:25	42.0	43.0	0.252525
02/16/2018 19:07:36	42.0	42.0	1.26263
02/16/2018 19:07:47	42.0	42.0	0.755668
02/16/2018 19:07:58	42.0	42.0	0.753769
02/16/2018 19:08:09	41.0	42.0	2.27848
02/16/2018 19:08:20	42.0	42.0	0.503778
02/16/2018 19:08:31	41.0	42.0	0.503778
02/16/2018 19:08:42	42.0	42.0	1.0101
02/16/2018 19:08:53	42.0	42.0	0.503778
02/16/2018 19:09:04	42.0	43.0	0.506329
02/16/2018 19:09:15	41.0	43.0	0.753769
02/16/2018 19:09:26	42.0	42.0	0.503778
02/16/2018 19:09:37	42.0	43.0	1.26263
02/16/2018 19:09:48	42.0	43.0	0.502513
02/16/2018 19:09:59	42.0	42.0	0.753769
02/16/2018 19:10:10	42.0	42.0	0.759494
02/16/2018 19:10:21	42.0	42.0	0.753769
02/16/2018 19:10:32	41.0	42.0	0.251889
02/16/2018 19:10:43	42.0	42.0	1.00756
02/16/2018 19:10:54	41.0	42.0	0.503778
02/16/2018 19:11:05	42.0	42.0	1.25945
02/16/2018 19:11:16	42.0	42.0	0.761421
02/16/2018 19:11:27	42.0	42.0	0.503778
02/16/2018 19:11:38	42.0	42.0	1.00756
02/16/2018 19:11:49	42.0	42.0	1.0101
02/16/2018 19:12:00	43.0	43.0	1.00503
02/16/2018 19:12:11	42.0	42.0	1.0101
02/16/2018 19:12:22	42.0	42.0	0.252525
02/16/2018 19:12:33	42.0	42.0	0.251889
02/16/2018 19:12:44	42.0	42.0	1.51515
02/16/2018 19:12:55	42.0	42.0	0.755668
02/16/2018 19:13:06	42.0	42.0	0.505051
02/16/2018 19:13:17	42.0	42.0	0.505051
02/16/2018 19:13:28	41.0	42.0	0.755668
02/16/2018 19:13:39	42.0	42.0	0.502513
02/16/2018 19:13:50	42.0	42.0	1.0101
02/16/2018 19:14:01	42.0	42.0	0.502513
02/16/2018 19:14:13	42.0	42.0	1.51134
02/16/2018 19:14:24	42.0	42.0	0.252525
02/16/2018 19:14:35	42.0	42.0	0.503778
02/16/2018 19:14:46	42.0	42.0	0.759494
02/16/2018 19:14:57	42.0	43.0	0.503778
02/16/2018 19:15:08	42.0	42.0	0.75188
02/16/2018 19:15:19	43.0	42.0	0.507614
02/16/2018 19:15:30	42.0	42.0	1.25945
02/16/2018 19:15:41	42.0	42.0	0.503778
02/16/2018 19:15:52	42.0	43.0	0.757576
02/16/2018 19:16:03	42.0	42.0	0.75188
02/16/2018 19:16:14	42.0	42.0	0.252525
02/16/2018 19:16:25	42.0	42.0	0.506329
02/16/2018 19:16:36	42.0	42.0	0.755668
02/16/2018 19:16:47	42.0	42.0	0.757576
02/16/2018 19:16:58	42.0	42.0	0.755668
02/16/2018 19:17:09	42.0	43.0	0.502513
02/16/2018 19:17:20	42.0	42.0	0.506329
02/16/2018 19:17:31	42.0	42.0	2.267
02/16/2018 19:17:42	43.0	42.0	0.753769
02/16/2018 19:17:53	42.0	42.0	1.00503
02/16/2018 19:18:04	42.0	43.0	0.503778
02/16/2018 19:18:15	42.0	42.0	0.251889
02/16/2018 19:18:26	42.0	42.0	1.77215
02/16/2018 19:18:37	42.0	42.0	0.252525
02/16/2018 19:18:48	42.0	42.0	0.753769
02/16/2018 19:18:59	42.0	42.0	1.00756
02/16/2018 19:19:10	42.0	43.0	0.503778
02/16/2018 19:19:21	42.0	42.0	0.251889
02/16/2018 19:19:32	42.0	42.0	2.77078
02/16/2018 19:19:43	42.0	42.0	0
02/16/2018 19:19:54	43.0	42.0	1.00756
02/16/2018 19:20:05	42.0	42.0	1.50754
02/16/2018 19:20:16	42.0	42.0	1.00503
02/16/2018 19:20:28	42.0	42.0	1.00756
02/16/2018 19:20:39	43.0	43.0	0.505051
02/16/2018 19:20:50	42.0	43.0	0.753769
02/16/2018 19:21:01	42.0	42.0	1.0101
02/16/2018 19:21:12	42.0	42.0	0.503778
02/16/2018 19:21:23	43.0	42.0	0.251889
02/16/2018 19:21:34	43.0	42.0	1.01523
02/16/2018 19:21:45	42.0	42.0	0.252525
02/16/2018 19:21:56	42.0	42.0	1.00251
02/16/2018 19:22:07	43.0	43.0	0.252525
02/16/2018 19:22:18	42.0	42.0	0.252525
02/16/2018 19:22:29	42.0	42.0	0.759494
02/16/2018 19:22:40	42.0	42.0	0.755668
02/16/2018 19:22:51	43.0	42.0	0.505051
02/16/2018 19:23:02	42.0	42.0	1.26582
02/16/2018 19:23:13	42.0	42.0	0.502513
02/16/2018 19:23:24	42.0	42.0	0.252525
02/16/2018 19:23:35	42.0	42.0	0.757576
02/16/2018 19:23:46	43.0	42.0	0.753769
02/16/2018 19:23:57	42.0	42.0	0.502513
02/16/2018 19:24:08	42.0	42.0	0.755668
02/16/2018 19:24:19	42.0	42.0	0.502513
02/16/2018 19:24:30	42.0	42.0	0.503778
02/16/2018 19:24:41	43.0	42.0	0.251889
02/16/2018 19:24:52	42.0	42.0	0.251889
02/16/2018 19:25:03	43.0	43.0	1.25945
02/16/2018 19:25:14	42.0	42.0	0.251889
02/16/2018 19:25:25	42.0	42.0	0.503778
02/16/2018 19:25:36	42.0	42.0	0.759494
02/16/2018 19:25:47	42.0	43.0	0.505051
02/16/2018 19:25:58	42.0	42.0	0.505051
02/16/2018 19:26:09	42.0	42.0	1.25945
02/16/2018 19:26:20	42.0	42.0	0.252525
02/16/2018 19:26:31	43.0	43.0	0.753769
02/16/2018 19:26:42	42.0	42.0	0.757576
02/16/2018 19:26:53	43.0	42.0	0.753769
02/16/2018 19:27:05	42.0	42.0	0.251889
02/16/2018 19:27:16	43.0	42.0	0.503778
02/16/2018 19:27:27	42.0	42.0	0.502513
02/16/2018 19:27:38	43.0	42.0	1.0101
02/16/2018 19:27:49	42.0	42.0	0.759494
02/16/2018 19:28:00	42.0	42.0	0.505051
02/16/2018 19:28:11	42.0	43.0	1.00756
02/16/2018 19:28:22	43.0	42.0	0.753769
02/16/2018 19:28:33	42.0	42.0	0.753769
02/16/2018 19:28:44	43.0	42.0	0.759494
02/16/2018 19:28:55	42.0	42.0	0.505051
02/16/2018 19:29:06	43.0	42.0	0.503778
02/16/2018 19:29:17	42.0	42.0	0.757576
02/16/2018 19:29:28	43.0	42.0	0.502513
02/16/2018 19:29:39	42.0	42.0	0.503778
02/16/2018 19:29:50	43.0	43.0	0.252525
02/16/2018 19:30:01	43.0	42.0	0.503778
02/16/2018 19:30:12	43.0	42.0	16.6667
02/16/2018 19:30:23	43.0	43.0	0.253165
02/16/2018 19:30:34	42.0	44.0	3.80711
02/16/2018 19:30:45	42.0	42.0	2.53807
02/16/2018 19:30:56	43.0	43.0	1.00756
02/16/2018 19:31:07	42.0	43.0	3.04569
02/16/2018 19:31:18	43.0	44.0	4.08163
02/16/2018 19:31:29	42.0	43.0	0.761421
02/16/2018 19:31:40	42.0	43.0	2.79188
02/16/2018 19:31:51	43.0	43.0	1.0101
02/16/2018 19:32:02	42.0	43.0	0.502513
02/16/2018 19:32:13	42.0	44.0	0.757576
02/16/2018 19:32:24	42.0	42.0	0.252525
02/16/2018 19:32:35	43.0	43.0	0.503778
02/16/2018 19:32:46	42.0	43.0	1.25945
02/16/2018 19:32:57	42.0	42.0	0.503778
02/16/2018 19:33:08	43.0	44.0	2.77778
02/16/2018 19:33:19	44.0	44.0	1.25945
02/16/2018 19:33:31	42.0	42.0	26.1307
02/16/2018 19:33:42	46.0	47.0	4.35897
02/16/2018 19:33:53	43.0	44.0	1.77665
02/16/2018 19:34:04	43.0	44.0	3.80711
02/16/2018 19:34:15	43.0	44.0	2.53165
02/16/2018 19:34:26	43.0	44.0	2.80612
02/16/2018 19:34:37	43.0	43.0	3.30789
02/16/2018 19:34:48	43.0	43.0	0.759494
02/16/2018 19:34:59	43.0	44.0	4.3257
02/16/2018 19:35:10	44.0	44.0	4.83461
02/16/2018 19:35:21	43.0	44.0	2.53807
02/16/2018 19:35:32	43.0	44.0	8.4375
02/16/2018 19:35:43	45.0	45.0	7.3107
02/16/2018 19:35:54	46.0	45.0	7.55208
02/16/2018 19:36:05	46.0	46.0	7.03125
02/16/2018 19:36:16	47.0	47.0	8.17942
02/16/2018 19:36:27	47.0	47.0	7.3107
02/16/2018 19:36:38	47.0	47.0	6.77083
02/16/2018 19:36:49	48.0	48.0	7.29167
02/16/2018 19:37:00	48.0	48.0	7.5718
02/16/2018 19:37:11	49.0	49.0	9.09091
02/16/2018 19:37:22	49.0	49.0	7.8534
02/16/2018 19:37:33	50.0	50.0	7.03125
02/16/2018 19:37:44	50.0	51.0	6.78851
02/16/2018 19:37:55	51.0	51.0	7.5718
02/16/2018 19:38:06	51.0	51.0	7.01299
02/16/2018 19:38:18	51.0	52.0	6.49351
02/16/2018 19:38:29	51.0	52.0	8.39895
02/16/2018 19:38:40	52.0	53.0	2.33161
02/16/2018 19:38:51	52.0	52.0	29.6578
02/16/2018 19:39:02	53.0	52.0	13.9785
02/16/2018 19:39:13	50.0	50.0	14.2105
02/16/2018 19:39:24	48.0	48.0	13.6842
02/16/2018 19:39:35	47.0	46.0	15.2231
02/16/2018 19:39:46	48.0	48.0	13.4211
02/16/2018 19:39:57	49.0	50.0	13.2626
02/16/2018 19:40:08	50.0	50.0	18.7919
02/16/2018 19:40:20	52.0	52.0	14.4231
02/16/2018 19:40:32	52.0	52.0	30.5389
02/16/2018 19:40:43	57.0	55.0	14.6277
02/16/2018 19:40:54	54.0	54.0	22.1622
02/16/2018 19:41:05	55.0	54.0	16.0526
02/16/2018 19:41:16	52.0	52.0	13.3858
02/16/2018 19:41:27	50.0	50.0	17.2316
02/16/2018 19:41:38	49.0	49.0	14.8541
02/16/2018 19:41:49	47.0	48.0	14.9733
02/16/2018 19:42:00	46.0	47.0	17.5637
02/16/2018 19:42:11	49.0	49.0	12.4011
02/16/2018 19:42:22	50.0	50.0	13.0548
02/16/2018 19:42:34	51.0	51.0	11.9048
02/16/2018 19:42:45	51.0	53.0	11.9048
02/16/2018 19:42:56	52.0	53.0	12.9288
02/16/2018 19:43:07	53.0	53.0	11.1702
02/16/2018 19:43:18	54.0	54.0	12.1693
02/16/2018 19:43:29	54.0	55.0	12.6316
02/16/2018 19:43:40	55.0	55.0	12.7321
02/16/2018 19:43:51	55.0	56.0	12.9288
02/16/2018 19:44:02	57.0	56.0	12.4339
02/16/2018 19:44:13	54.0	54.0	11.8421
02/16/2018 19:44:24	51.0	52.0	13.1234
02/16/2018 19:44:35	50.0	50.0	14.0212
02/16/2018 19:44:46	49.0	48.0	13.8298
02/16/2018 19:44:57	48.0	48.0	14.7757
02/16/2018 19:45:08	47.0	47.0	13.7931
02/16/2018 19:45:19	46.0	47.0	12.0735
02/16/2018 19:45:30	48.0	48.0	14.5119
02/16/2018 19:45:41	50.0	50.0	11.8421
02/16/2018 19:45:52	51.0	51.0	12.2016
02/16/2018 19:46:03	51.0	52.0	13.6126
02/16/2018 19:46:14	52.0	53.0	11.4058
02/16/2018 19:46:25	54.0	53.0	11.8421
02/16/2018 19:46:36	55.0	54.0	12.8609
02/16/2018 19:46:47	55.0	55.0	12.1053
02/16/2018 19:46:58	55.0	55.0	12.3684
02/16/2018 19:47:09	55.0	56.0	12.7937
02/16/2018 19:47:20	54.0	55.0	11.8421
02/16/2018 19:47:31	52.0	52.0	13.577
02/16/2018 19:47:42	50.0	51.0	13.7203
02/16/2018 19:47:53	49.0	50.0	14.6982
02/16/2018 19:48:05	48.0	48.0	14.0584
02/16/2018 19:48:16	48.0	48.0	14.2105
02/16/2018 19:48:27	47.0	48.0	13.2979
02/16/2018 19:48:38	48.0	48.0	14.6982
02/16/2018 19:48:49	49.0	50.0	12.3037
02/16/2018 19:49:00	50.0	51.0	12.5654
02/16/2018 19:49:11	52.0	52.0	13.1234
02/16/2018 19:49:22	52.0	53.0	12.336
02/16/2018 19:49:33	54.0	53.0	11.811
02/16/2018 19:49:44	55.0	54.0	12.3037
02/16/2018 19:49:55	55.0	55.0	12.5654
02/16/2018 19:50:06	55.0	56.0	11.8734
02/16/2018 19:50:17	55.0	56.0	12.1053
02/16/2018 19:50:28	55.0	55.0	12.0735
02/16/2018 19:50:39	53.0	53.0	12.8947
02/16/2018 19:50:50	51.0	51.0	13.0667
02/16/2018 19:51:01	49.0	50.0	13.7566
02/16/2018 19:51:12	49.0	48.0	15.8311
02/16/2018 19:51:23	48.0	48.0	14.5119
02/16/2018 19:51:34	47.0	48.0	13.089
02/16/2018 19:51:45	47.0	47.0	15.445
02/16/2018 19:51:56	48.0	48.0	13.9474
02/16/2018 19:52:07	50.0	50.0	12.6649
02/16/2018 19:52:18	51.0	51.0	13.6842
02/16/2018 19:52:29	52.0	52.0	12.0735
02/16/2018 19:52:40	53.0	53.0	12.8609
02/16/2018 19:52:51	54.0	53.0	11.6095
02/16/2018 19:53:02	55.0	54.0	12.8272
02/16/2018 19:53:13	56.0	55.0	12.4011
02/16/2018 19:53:25	55.0	56.0	11.8421
02/16/2018 19:53:36	57.0	56.0	11.8421
02/16/2018 19:53:47	54.0	54.0	13.3159
02/16/2018 19:53:58	51.0	52.0	12.6649
02/16/2018 19:54:09	50.0	51.0	14.2857
02/16/2018 19:54:20	50.0	49.0	16.1804
02/16/2018 19:54:31	48.0	48.0	14.0957
02/16/2018 19:54:42	48.0	47.0	13.7203
02/16/2018 19:54:53	47.0	46.0	14.5503
02/16/2018 19:55:04	48.0	48.0	13.9474
02/16/2018 19:55:15	49.0	50.0	13.8743
02/16/2018 19:55:26	51.0	51.0	13.7566
02/16/2018 19:55:37	52.0	52.0	12.336
02/16/2018 19:55:48	53.0	53.0	12.4339
02/16/2018 19:55:59	55.0	54.0	12.5984
02/16/2018 19:56:10	54.0	54.0	12.6649
02/16/2018 19:56:21	56.0	55.0	12.3037
02/16/2018 19:56:32	56.0	56.0	12.0735
02/16/2018 19:56:43	56.0	56.0	11.1406
02/16/2018 19:56:54	55.0	54.0	12.5
02/16/2018 19:57:05	52.0	53.0	12.766
02/16/2018 19:57:16	50.0	51.0	14.8148
02/16/2018 19:57:27	50.0	50.0	12.8947
02/16/2018 19:57:38	49.0	49.0	14.5503
02/16/2018 19:57:49	48.0	48.0	13.7931
02/16/2018 19:58:00	48.0	48.0	13.7931
02/16/2018 19:58:11	47.0	47.0	13.2626
02/16/2018 19:58:22	48.0	47.0	15.2231
02/16/2018 19:58:33	49.0	49.0	12.7937
02/16/2018 19:58:45	50.0	50.0	13.0548
02/16/2018 19:58:56	51.0	51.0	13.3508
02/16/2018 19:59:07	53.0	53.0	12.0735
02/16/2018 19:59:18	53.0	53.0	11.8734
02/16/2018 19:59:29	55.0	54.0	13.089
02/16/2018 19:59:40	55.0	54.0	12.8272
02/16/2018 19:59:51	55.0	56.0	11.5789
02/16/2018 20:00:02	57.0	56.0	12.8272
02/16/2018 20:00:13	55.0	55.0	12.0735
02/16/2018 20:00:24	52.0	53.0	12.5654
02/16/2018 20:00:35	51.0	51.0	13.6842
02/16/2018 20:00:46	50.0	50.0	13.7203
02/16/2018 20:00:57	49.0	49.0	14.5119
02/16/2018 20:01:08	48.0	48.0	14.2105
02/16/2018 20:01:19	48.0	48.0	13.9474
02/16/2018 20:01:30	47.0	47.0	15.5673
02/16/2018 20:01:41	47.0	47.0	13.3858
02/16/2018 20:01:52	49.0	48.0	13.4565
02/16/2018 20:02:03	50.0	50.0	13.6126
02/16/2018 20:02:14	51.0	51.0	11.8421
02/16/2018 20:02:25	52.0	53.0	12.7273
02/16/2018 20:02:36	53.0	53.0	12.8609
02/16/2018 20:02:47	54.0	54.0	12.0735
02/16/2018 20:02:58	55.0	55.0	11.7801
02/16/2018 20:03:09	56.0	55.0	12.5984
02/16/2018 20:03:20	56.0	56.0	11.5486
02/16/2018 20:03:31	56.0	55.0	13.2812
02/16/2018 20:03:42	53.0	53.0	12.336
02/16/2018 20:03:53	52.0	51.0	13.7203
02/16/2018 20:04:05	50.0	50.0	14.3603
02/16/2018 20:04:16	49.0	49.0	13.4565
02/16/2018 20:04:27	48.0	48.0	13.6126
02/16/2018 20:04:38	48.0	47.0	15.2632
02/16/2018 20:04:49	48.0	47.0	13.9842
02/16/2018 20:05:00	48.0	47.0	13.9108
02/16/2018 20:05:11	48.0	48.0	14.4737
02/16/2018 20:05:22	50.0	50.0	12.336
02/16/2018 20:05:33	51.0	51.0	12.5984
02/16/2018 20:05:44	52.0	53.0	12.1053
02/16/2018 20:05:55	53.0	53.0	12.9288
02/16/2018 20:06:06	54.0	54.0	13.3858
02/16/2018 20:06:17	55.0	54.0	13.089
02/16/2018 20:06:28	55.0	55.0	11.5486
02/16/2018 20:06:39	56.0	55.0	18.9974
02/16/2018 20:06:50	55.0	55.0	16.6234
02/16/2018 20:07:01	54.0	53.0	16.6667
02/16/2018 20:07:12	52.0	51.0	16.6667
02/16/2018 20:07:23	51.0	51.0	18.4896
02/16/2018 20:07:34	50.0	51.0	16.8394
02/16/2018 20:07:45	49.0	49.0	18.799
02/16/2018 20:07:56	49.0	48.0	17.1429
02/16/2018 20:08:07	49.0	48.0	15.4047
02/16/2018 20:08:18	48.0	47.0	17.2324
02/16/2018 20:08:29	48.0	47.0	16.6234
02/16/2018 20:08:40	48.0	47.0	16.4491
02/16/2018 20:08:51	47.0	46.0	15.285
02/16/2018 20:09:02	47.0	46.0	18.1818
02/16/2018 20:09:14	48.0	48.0	17.7285
02/16/2018 20:09:25	50.0	50.0	16.4948
02/16/2018 20:09:36	52.0	52.0	18.3727
02/16/2018 20:09:47	53.0	53.0	15.6658
02/16/2018 20:09:58	55.0	54.0	17.3684
02/16/2018 20:10:09	55.0	55.0	16.2304
02/16/2018 20:10:20	57.0	56.0	17.1875
02/16/2018 20:10:31	55.0	54.0	16.9271
02/16/2018 20:10:42	55.0	53.0	15.9269
02/16/2018 20:10:53	51.0	51.0	18.6047
02/16/2018 20:11:04	50.0	50.0	17.2324
02/16/2018 20:11:15	50.0	50.0	17.1875
02/16/2018 20:11:26	50.0	48.0	16.4491
02/16/2018 20:11:37	49.0	48.0	16.5789
02/16/2018 20:11:48	48.0	48.0	16.9271
02/16/2018 20:11:59	48.0	48.0	17.1875
02/16/2018 20:12:10	48.0	47.0	16.0105
02/16/2018 20:12:21	47.0	47.0	16.4062
02/16/2018 20:12:32	48.0	48.0	15.1832
02/16/2018 20:12:43	51.0	51.0	15.445
02/16/2018 20:12:54	52.0	51.0	18.961
02/16/2018 20:13:05	53.0	53.0	16.9271
02/16/2018 20:13:16	55.0	54.0	17.4479
02/16/2018 20:13:27	56.0	56.0	18.0628
02/16/2018 20:13:38	58.0	56.0	17.6316
02/16/2018 20:13:49	55.0	54.0	16.6234
02/16/2018 20:14:00	53.0	53.0	14.2857
02/16/2018 20:14:11	52.0	51.0	16.6667
02/16/2018 20:14:22	51.0	50.0	18.5379
02/16/2018 20:14:33	50.0	50.0	16.9271
02/16/2018 20:14:44	50.0	48.0	16.4921
02/16/2018 20:14:55	49.0	48.0	15.625
02/16/2018 20:15:06	49.0	48.0	16.188
02/16/2018 20:15:18	48.0	48.0	18.0157
02/16/2018 20:15:29	48.0	48.0	18.0157
02/16/2018 20:15:40	47.0	47.0	16.0207
02/16/2018 20:15:51	48.0	47.0	16.188
02/16/2018 20:16:02	47.0	47.0	16.6234
02/16/2018 20:16:13	49.0	50.0	18.5864
02/16/2018 20:16:24	51.0	51.0	16.9713
02/16/2018 20:16:35	52.0	52.0	18.8976
02/16/2018 20:16:46	54.0	54.0	15.3247
02/16/2018 20:16:57	56.0	55.0	15.7068
02/16/2018 20:17:08	56.0	55.0	15.8854
02/16/2018 20:17:19	55.0	55.0	16.3636
02/16/2018 20:17:30	54.0	53.0	16.3636
02/16/2018 20:17:41	52.0	52.0	15.544
02/16/2018 20:17:52	51.0	51.0	17.2775
02/16/2018 20:18:03	50.0	50.0	19.171
02/16/2018 20:18:14	49.0	49.0	15.0649
02/16/2018 20:18:25	48.0	48.0	17.6923
02/16/2018 20:18:36	48.0	48.0	16.6234
02/16/2018 20:18:47	48.0	48.0	17.1429
02/16/2018 20:18:58	48.0	47.0	17.5393
02/16/2018 20:19:09	48.0	48.0	16.4062
02/16/2018 20:19:20	47.0	46.0	15.8854
02/16/2018 20:19:31	50.0	49.0	18.75
02/16/2018 20:19:42	51.0	51.0	18.4896
02/16/2018 20:19:53	52.0	52.0	17.2324
02/16/2018 20:20:04	54.0	53.0	16.9713
02/16/2018 20:20:15	55.0	54.0	17.801
02/16/2018 20:20:26	56.0	55.0	16.9271
02/16/2018 20:20:37	57.0	56.0	16.6667
02/16/2018 20:20:48	54.0	54.0	17.5393
02/16/2018 20:20:59	52.0	52.0	17.4026
02/16/2018 20:21:10	51.0	51.0	17.4479
02/16/2018 20:21:21	50.0	50.0	16.9713
02/16/2018 20:21:32	49.0	50.0	16.1458
02/16/2018 20:21:43	49.0	49.0	15.9686
02/16/2018 20:21:54	49.0	48.0	15.9686
02/16/2018 20:22:05	48.0	48.0	18.5379
02/16/2018 20:22:16	48.0	48.0	17.2775
02/16/2018 20:22:28	48.0	48.0	18.1102
02/16/2018 20:22:39	48.0	47.0	19.2208
02/16/2018 20:22:50	47.0	46.0	16.7102
02/16/2018 20:23:01	48.0	48.0	17.7546
02/16/2018 20:23:12	49.0	49.0	17.4026
02/16/2018 20:23:23	51.0	51.0	16.188
02/16/2018 20:23:34	52.0	52.0	14.7368
02/16/2018 20:23:45	53.0	53.0	16.6234
02/16/2018 20:23:56	55.0	54.0	17.1875
02/16/2018 20:24:07	56.0	55.0	16.9271
02/16/2018 20:24:18	57.0	56.0	17.2775
02/16/2018 20:24:29	57.0	54.0	17.4026
02/16/2018 20:24:40	53.0	53.0	16.2791
02/16/2018 20:24:51	52.0	51.0	14.2487
02/16/2018 20:25:02	50.0	50.0	16.0622
02/16/2018 20:25:13	50.0	50.0	16.7102
02/16/2018 20:25:24	49.0	49.0	17.0157
02/16/2018 20:25:35	48.0	48.0	15.9686
02/16/2018 20:25:46	48.0	48.0	17.2324
02/16/2018 20:25:57	48.0	47.0	20.3125
02/16/2018 20:26:08	48.0	47.0	15.1832
02/16/2018 20:26:19	48.0	46.0	17.1429
02/16/2018 20:26:30	47.0	47.0	16.3636
02/16/2018 20:26:41	49.0	50.0	16.0207
02/16/2018 20:26:52	51.0	51.0	15.3646
02/16/2018 20:27:03	53.0	52.0	15.1042
02/16/2018 20:27:14	53.0	53.0	15.8854
02/16/2018 20:27:25	55.0	54.0	16.6667
02/16/2018 20:27:36	55.0	55.0	16.2304
02/16/2018 20:27:47	57.0	56.0	16.9271
02/16/2018 20:27:58	54.0	54.0	15.625
02/16/2018 20:28:09	53.0	53.0	17.4935
02/16/2018 20:28:20	51.0	51.0	18.3727
02/16/2018 20:28:31	51.0	50.0	18.5864
02/16/2018 20:28:42	50.0	50.0	16.7979
02/16/2018 20:28:53	49.0	49.0	16.9271
02/16/2018 20:29:04	49.0	48.0	17.0157
02/16/2018 20:29:15	49.0	48.0	17.4479
02/16/2018 20:29:26	49.0	48.0	16.5375
02/16/2018 20:29:37	48.0	48.0	15.625
02/16/2018 20:29:48	48.0	48.0	19.7403
02/16/2018 20:30:00	49.0	48.0	19.4301
02/16/2018 20:30:11	48.0	48.0	18.863
02/16/2018 20:30:22	49.0	49.0	13.3858
02/16/2018 20:30:33	48.0	47.0	17.1875
02/16/2018 20:30:44	49.0	48.0	15.7895
02/16/2018 20:30:55	49.0	50.0	15
02/16/2018 20:31:06	50.0	51.0	20.1058
02/16/2018 20:31:17	53.0	53.0	18.2292
02/16/2018 20:31:28	54.0	53.0	16.1458
02/16/2018 20:31:39	56.0	55.0	17.4935
02/16/2018 20:31:50	56.0	56.0	17.1429
02/16/2018 20:32:01	57.0	56.0	16.0622
02/16/2018 20:32:12	54.0	54.0	18.799
02/16/2018 20:32:23	52.0	52.0	15.1042
02/16/2018 20:32:34	51.0	51.0	17.5711
02/16/2018 20:32:45	50.0	50.0	13.2275
02/16/2018 20:32:56	49.0	48.0	13.4211
02/16/2018 20:33:07	48.0	48.0	13.9474
02/16/2018 20:33:18	48.0	47.0	13.1926
02/16/2018 20:33:29	47.0	47.0	13.1579
02/16/2018 20:33:40	48.0	48.0	12.0419
02/16/2018 20:33:51	50.0	50.0	12.5984
02/16/2018 20:34:02	51.0	51.0	13.5065
02/16/2018 20:34:13	51.0	53.0	11.5789
02/16/2018 20:34:24	52.0	53.0	11.5789
02/16/2018 20:34:35	54.0	54.0	12.7937
02/16/2018 20:34:46	55.0	54.0	12.0419
02/16/2018 20:34:57	55.0	56.0	11.3158
02/16/2018 20:35:08	57.0	56.0	12.0735
02/16/2018 20:35:19	56.0	56.0	11.3158
02/16/2018 20:35:30	53.0	54.0	12.0419
02/16/2018 20:35:42	52.0	52.0	13.9474
02/16/2018 20:35:53	50.0	51.0	12.1372
02/16/2018 20:36:04	50.0	50.0	16.4491
02/16/2018 20:36:15	49.0	49.0	18.5379
02/16/2018 20:36:26	49.0	50.0	19.0104
02/16/2018 20:36:37	49.0	48.0	16.9271
02/16/2018 20:36:48	48.0	48.0	17.801
02/16/2018 20:36:59	48.0	48.0	18.4416
02/16/2018 20:37:10	49.0	48.0	16.7539
02/16/2018 20:37:21	49.0	48.0	16.7102
02/16/2018 20:37:32	48.0	48.0	17.0984
02/16/2018 20:37:43	48.0	48.0	17.0984
02/16/2018 20:37:54	48.0	48.0	14.8438
02/16/2018 20:38:05	48.0	48.0	16.8394
02/16/2018 20:38:16	48.0	48.0	18.2768
02/16/2018 20:38:27	48.0	47.0	18.75
02/16/2018 20:38:38	50.0	49.0	15.9686
02/16/2018 20:38:49	51.0	52.0	16.4921
02/16/2018 20:39:00	53.0	53.0	15.3247
02/16/2018 20:39:11	54.0	54.0	17.1429
02/16/2018 20:39:22	55.0	55.0	17.2324
02/16/2018 20:39:33	56.0	55.0	16.7102
02/16/2018 20:39:44	56.0	56.0	17.4935
02/16/2018 20:39:55	54.0	54.0	14.7757
02/16/2018 20:40:06	52.0	52.0	17.1429
02/16/2018 20:40:17	51.0	51.0	17.4479
02/16/2018 20:40:28	50.0	50.0	19.2208
02/16/2018 20:40:39	50.0	50.0	16.4921
02/16/2018 20:40:50	49.0	49.0	19.3211
02/16/2018 20:41:01	49.0	48.0	17.1875
02/16/2018 20:41:12	48.0	48.0	17.1429
02/16/2018 20:41:23	49.0	48.0	18.7661
02/16/2018 20:41:34	49.0	48.0	15.8854
02/16/2018 20:41:45	48.0	48.0	18.0157
02/16/2018 20:41:56	48.0	47.0	15.445
02/16/2018 20:42:07	47.0	48.0	17.8478
02/16/2018 20:42:18	50.0	50.0	16.7539
02/16/2018 20:42:29	52.0	52.0	17.0157
02/16/2018 20:42:41	53.0	53.0	16.7979
02/16/2018 20:42:52	55.0	55.0	14.3603
02/16/2018 20:43:03	55.0	55.0	16.2304
02/16/2018 20:43:14	58.0	57.0	17.1875
02/16/2018 20:43:25	55.0	54.0	16.5803
02/16/2018 20:43:36	52.0	53.0	15.625
02/16/2018 20:43:47	51.0	51.0	16.1039
02/16/2018 20:43:58	50.0	51.0	18.7831
02/16/2018 20:44:09	50.0	50.0	17.9221
02/16/2018 20:44:20	50.0	49.0	13.2275
02/16/2018 20:44:31	48.0	48.0	15.0396
02/16/2018 20:44:42	48.0	47.0	13.3858
02/16/2018 20:44:53	47.0	46.0	13.4565
02/16/2018 20:45:04	47.0	47.0	14.7368
02/16/2018 20:45:15	48.0	48.0	13.9474
02/16/2018 20:45:26	50.0	51.0	11.8421
02/16/2018 20:45:37	52.0	51.0	13.3508
02/16/2018 20:45:48	52.0	53.0	11.811
02/16/2018 20:45:59	53.0	53.0	12.0419
02/16/2018 20:46:10	54.0	54.0	12.8609
02/16/2018 20:46:21	55.0	56.0	11.7493
02/16/2018 20:46:32	55.0	55.0	11.7188
02/16/2018 20:46:43	56.0	56.0	13.0548
02/16/2018 20:46:54	54.0	54.0	17.7083
02/16/2018 20:47:05	53.0	53.0	18.2768
02/16/2018 20:47:16	52.0	52.0	14.7668
02/16/2018 20:47:27	51.0	51.0	16.4921
02/16/2018 20:47:38	50.0	50.0	17.2775
02/16/2018 20:47:49	50.0	49.0	16.1458
02/16/2018 20:48:00	49.0	50.0	18.1347
02/16/2018 20:48:11	49.0	49.0	17.4935
02/16/2018 20:48:22	49.0	49.0	17.5393
02/16/2018 20:48:33	49.0	48.0	15.8854
02/16/2018 20:48:44	49.0	48.0	16.9271
02/16/2018 20:48:56	49.0	48.0	17.2775
02/16/2018 20:49:07	48.0	47.0	18.7013
02/16/2018 20:49:18	49.0	48.0	17.7546
02/16/2018 20:49:29	48.0	48.0	16.9271
02/16/2018 20:49:40	48.0	47.0	18.0157
02/16/2018 20:49:51	48.0	47.0	16.7539
02/16/2018 20:50:02	47.0	47.0	17.2324
02/16/2018 20:50:13	47.0	47.0	18.0157
02/16/2018 20:50:24	50.0	50.0	18.5864
02/16/2018 20:50:35	52.0	51.0	16.6667
02/16/2018 20:50:46	52.0	53.0	15.9269
02/16/2018 20:50:57	54.0	54.0	14.8052
02/16/2018 20:51:08	54.0	54.0	16.6667
02/16/2018 20:51:19	56.0	55.0	19.0601
02/16/2018 20:51:30	57.0	57.0	18.4896
02/16/2018 20:51:41	55.0	54.0	18.4896
02/16/2018 20:51:52	53.0	54.0	15.9269
02/16/2018 20:52:03	51.0	52.0	16.5354
02/16/2018 20:52:14	50.0	51.0	15.8442
02/16/2018 20:52:25	50.0	50.0	16.9713
02/16/2018 20:52:36	49.0	49.0	16.4491
02/16/2018 20:52:47	49.0	49.0	19.6335
02/16/2018 20:52:58	50.0	50.0	17.5711
02/16/2018 20:53:09	48.0	48.0	19.5312
02/16/2018 20:53:20	48.0	48.0	18.0157
02/16/2018 20:53:31	48.0	48.0	18.1347
02/16/2018 20:53:42	48.0	48.0	17.0157
02/16/2018 20:53:53	48.0	48.0	15.7068
02/16/2018 20:54:04	48.0	48.0	19.2208
02/16/2018 20:54:15	48.0	47.0	15.8031
02/16/2018 20:54:26	48.0	47.0	15.1436
02/16/2018 20:54:37	50.0	50.0	16.7539
02/16/2018 20:54:48	51.0	51.0	17.1429
02/16/2018 20:54:59	53.0	53.0	15.8442
02/16/2018 20:55:10	54.0	54.0	17.7835
02/16/2018 20:55:21	55.0	55.0	17.3228
02/16/2018 20:55:32	55.0	56.0	17.2324
02/16/2018 20:55:43	57.0	56.0	17.2324
02/16/2018 20:55:54	56.0	54.0	16.9271
02/16/2018 20:56:05	53.0	52.0	15.445
02/16/2018 20:56:17	52.0	51.0	16.7102
02/16/2018 20:56:28	50.0	51.0	17.801
02/16/2018 20:56:39	50.0	50.0	17.5711
02/16/2018 20:56:50	49.0	49.0	17.7083
02/16/2018 20:57:01	49.0	49.0	17.1429
02/16/2018 20:57:12	49.0	48.0	16.9713
02/16/2018 20:57:23	49.0	48.0	18.75
02/16/2018 20:57:34	48.0	48.0	17.4026
02/16/2018 20:57:45	49.0	48.0	16.8394
02/16/2018 20:57:56	48.0	48.0	18.1102
02/16/2018 20:58:07	48.0	48.0	15.544
02/16/2018 20:58:18	48.0	48.0	18.1579
02/16/2018 20:58:29	48.0	48.0	18.9119
02/16/2018 20:58:40	49.0	48.0	19.2802
02/16/2018 20:58:51	50.0	49.0	17.5258
02/16/2018 20:59:02	50.0	49.0	20.155
02/16/2018 20:59:13	49.0	49.0	19.3299
02/16/2018 20:59:24	49.0	49.0	17.9949
02/16/2018 20:59:35	51.0	50.0	21.9638
02/16/2018 20:59:46	50.0	50.0	18.5567
02/16/2018 20:59:57	50.0	50.0	16.3636
02/16/2018 21:00:08	50.0	50.0	22.6221
02/16/2018 21:00:19	49.0	50.0	19.0231
02/16/2018 21:00:30	50.0	50.0	19.6382
02/16/2018 21:00:41	50.0	49.0	19.4805
02/16/2018 21:00:52	49.0	48.0	18.7661
02/16/2018 21:01:03	51.0	50.0	17.3575
02/16/2018 21:01:14	51.0	50.0	19.3299
02/16/2018 21:01:25	50.0	49.0	14.3617
02/16/2018 21:01:36	48.0	49.0	17.801
02/16/2018 21:01:47	48.0	48.0	16.6234
02/16/2018 21:01:58	48.0	48.0	17.7249
02/16/2018 21:02:09	48.0	47.0	16.9271
02/16/2018 21:02:20	48.0	48.0	17.7546
02/16/2018 21:02:31	47.0	47.0	17.4935
02/16/2018 21:02:42	46.0	47.0	16.6234
02/16/2018 21:02:53	49.0	48.0	17.801
02/16/2018 21:03:04	50.0	51.0	17.4479
02/16/2018 21:03:15	51.0	52.0	17.9688
02/16/2018 21:03:26	53.0	53.0	15.0259
02/16/2018 21:03:37	54.0	54.0	16.3636
02/16/2018 21:03:48	55.0	54.0	14.8825
02/16/2018 21:03:59	56.0	56.0	15.2231
02/16/2018 21:04:10	56.0	56.0	15.4047
02/16/2018 21:04:22	54.0	54.0	16.4921
02/16/2018 21:04:33	52.0	52.0	15.3247
02/16/2018 21:04:44	51.0	51.0	15.1436
02/16/2018 21:04:55	50.0	50.0	16.6234
02/16/2018 21:05:06	49.0	50.0	17.6623
02/16/2018 21:05:17	49.0	49.0	18.2768
02/16/2018 21:05:28	49.0	49.0	18.4416
02/16/2018 21:05:39	48.0	48.0	17.0984
02/16/2018 21:05:50	48.0	48.0	17.1875
02/16/2018 21:06:01	48.0	48.0	15.8854
02/16/2018 21:06:12	48.0	48.0	18.5864
02/16/2018 21:06:23	48.0	48.0	16.8831
02/16/2018 21:06:34	50.0	50.0	16.5354
02/16/2018 21:06:45	52.0	53.0	17.4935
02/16/2018 21:06:56	54.0	54.0	19.0601
02/16/2018 21:07:07	55.0	54.0	15.9269
02/16/2018 21:07:18	56.0	56.0	18.5379
02/16/2018 21:07:29	57.0	56.0	17.4479
02/16/2018 21:07:40	55.0	54.0	16.9713
02/16/2018 21:07:51	53.0	53.0	17.5393
02/16/2018 21:08:02	51.0	52.0	17.6166
02/16/2018 21:08:13	51.0	51.0	16.9713
02/16/2018 21:08:24	50.0	50.0	16.4921
02/16/2018 21:08:35	50.0	49.0	15.4047
02/16/2018 21:08:46	49.0	48.0	19.7368
02/16/2018 21:08:57	48.0	48.0	15.3646
02/16/2018 21:09:08	48.0	48.0	16.4491
02/16/2018 21:09:19	48.0	47.0	17.2324
02/16/2018 21:09:30	48.0	47.0	17.1429
02/16/2018 21:09:41	47.0	48.0	18.0157
02/16/2018 21:09:52	47.0	48.0	18.4896
02/16/2018 21:10:03	47.0	47.0	17.8478
02/16/2018 21:10:14	49.0	49.0	16.0622
02/16/2018 21:10:25	50.0	51.0	17.0604
02/16/2018 21:10:36	52.0	52.0	18.799
02/16/2018 21:10:47	54.0	54.0	15.5844
02/16/2018 21:10:58	55.0	54.0	18.0157
02/16/2018 21:11:09	56.0	55.0	16.9271
02/16/2018 21:11:21	57.0	57.0	18.5379
02/16/2018 21:11:32	55.0	54.0	17.2324
02/16/2018 21:11:43	53.0	53.0	17.2775
02/16/2018 21:11:54	51.0	52.0	16.4921
02/16/2018 21:12:05	51.0	51.0	15.748
02/16/2018 21:12:16	50.0	51.0	17.6166
02/16/2018 21:12:27	49.0	50.0	15.445
02/16/2018 21:12:38	49.0	49.0	18.2768
02/16/2018 21:12:49	49.0	49.0	14.7287
02/16/2018 21:13:00	48.0	48.0	18.2768
02/16/2018 21:13:11	48.0	48.0	17.801
02/16/2018 21:13:22	48.0	48.0	15.9269
02/16/2018 21:13:33	47.0	48.0	17.0157
02/16/2018 21:13:44	48.0	47.0	16.4062
02/16/2018 21:13:55	48.0	47.0	16.6667
02/16/2018 21:14:06	47.0	48.0	15.1436
02/16/2018 21:14:17	48.0	47.0	18.0157
02/16/2018 21:14:28	49.0	50.0	16.1458
02/16/2018 21:14:39	51.0	52.0	16.6234
02/16/2018 21:14:50	52.0	53.0	15.6658
02/16/2018 21:15:01	54.0	53.0	16.3158
02/16/2018 21:15:12	55.0	55.0	16.273
02/16/2018 21:15:23	56.0	55.0	15.544
02/16/2018 21:15:34	56.0	56.0	18.2768
02/16/2018 21:15:45	53.0	54.0	16.4062
02/16/2018 21:15:56	52.0	53.0	15.1832
02/16/2018 21:16:07	51.0	51.0	17.4935
02/16/2018 21:16:18	50.0	50.0	14.9606
02/16/2018 21:16:29	50.0	50.0	17.1875
02/16/2018 21:16:40	50.0	49.0	16.8831
02/16/2018 21:16:51	49.0	49.0	14.8438
02/16/2018 21:17:02	48.0	49.0	15.6658
02/16/2018 21:17:13	49.0	48.0	17.4479
02/16/2018 21:17:24	48.0	48.0	15.4856
02/16/2018 21:17:35	48.0	48.0	16.188
02/16/2018 21:17:46	48.0	48.0	18.75
02/16/2018 21:17:57	48.0	48.0	17.7083
02/16/2018 21:18:08	48.0	48.0	17.1429
02/16/2018 21:18:19	48.0	48.0	16.1039
02/16/2018 21:18:31	47.0	47.0	18.1579
02/16/2018 21:18:42	48.0	48.0	18.0157
02/16/2018 21:18:53	48.0	47.0	15.9269
02/16/2018 21:19:04	48.0	47.0	16.9713
02/16/2018 21:19:15	48.0	48.0	16.4921
02/16/2018 21:19:26	48.0	47.0	18.8482
02/16/2018 21:19:37	48.0	47.0	18.0628
02/16/2018 21:19:48	48.0	47.0	14.9606
02/16/2018 21:19:59	48.0	48.0	16.7102
02/16/2018 21:20:10	47.0	47.0	16.1458
02/16/2018 21:20:21	48.0	47.0	17.5393
02/16/2018 21:20:32	48.0	47.0	18.961
02/16/2018 21:20:43	49.0	48.0	19.2208
02/16/2018 21:20:54	47.0	47.0	16.1458
02/16/2018 21:21:05	49.0	49.0	16.3212
02/16/2018 21:21:16	50.0	51.0	17.8478
02/16/2018 21:21:27	52.0	52.0	14.3603
02/16/2018 21:21:38	54.0	53.0	16.1039
02/16/2018 21:21:49	55.0	55.0	15.8442
02/16/2018 21:22:00	56.0	56.0	16.2304
02/16/2018 21:22:11	57.0	56.0	16.4062
02/16/2018 21:22:22	55.0	55.0	17.7546
02/16/2018 21:22:33	52.0	53.0	16.9713
02/16/2018 21:22:44	52.0	52.0	17.0604
02/16/2018 21:22:55	50.0	51.0	18.8976
02/16/2018 21:23:06	50.0	50.0	18.6842
02/16/2018 21:23:17	49.0	49.0	17.8756
02/16/2018 21:23:28	49.0	49.0	16.7539
02/16/2018 21:23:39	49.0	50.0	16.1039
02/16/2018 21:23:50	49.0	49.0	17.7546
02/16/2018 21:24:01	49.0	48.0	14.2105
02/16/2018 21:24:12	48.0	48.0	18.4416
02/16/2018 21:24:23	48.0	48.0	16.9713
02/16/2018 21:24:34	48.0	48.0	18.8482
02/16/2018 21:24:45	48.0	48.0	15.8031
02/16/2018 21:24:56	48.0	48.0	15.1436
02/16/2018 21:25:07	48.0	47.0	16.6667
02/16/2018 21:25:18	48.0	47.0	18.799
02/16/2018 21:25:29	50.0	48.0	16.9713
02/16/2018 21:25:40	47.0	47.0	16.4921
02/16/2018 21:25:52	48.0	47.0	17.4026
02/16/2018 21:26:03	47.0	47.0	15.5844
02/16/2018 21:26:14	48.0	47.0	18.3463
02/16/2018 21:26:25	48.0	48.0	17.9221
02/16/2018 21:26:36	48.0	46.0	16.5354
02/16/2018 21:26:47	48.0	47.0	16.9271
02/16/2018 21:26:58	48.0	47.0	15.7068
02/16/2018 21:27:09	50.0	51.0	18.2292
02/16/2018 21:27:20	51.0	52.0	15.4047
02/16/2018 21:27:31	53.0	53.0	18.0412
02/16/2018 21:27:42	54.0	54.0	15.8442
02/16/2018 21:27:53	55.0	56.0	17.9688
02/16/2018 21:28:04	57.0	56.0	20.8877
02/16/2018 21:28:15	55.0	55.0	16.1458
02/16/2018 21:28:26	54.0	54.0	18.2768
02/16/2018 21:28:37	53.0	53.0	15.544
02/16/2018 21:28:48	52.0	51.0	16.9713
02/16/2018 21:28:59	51.0	51.0	16.6234
02/16/2018 21:29:10	49.0	50.0	19.5312
02/16/2018 21:29:21	49.0	50.0	15.5039
02/16/2018 21:29:32	49.0	50.0	17.4935
02/16/2018 21:29:43	49.0	48.0	17.0543
02/16/2018 21:29:54	49.0	48.0	17.4479
02/16/2018 21:30:05	48.0	48.0	17.6166
02/16/2018 21:30:16	48.0	48.0	16.1039
02/16/2018 21:30:27	48.0	48.0	15.3247
02/16/2018 21:30:38	48.0	47.0	16.3636
02/16/2018 21:30:49	48.0	48.0	16.5375
02/16/2018 21:31:00	50.0	50.0	16.3636
02/16/2018 21:31:11	51.0	51.0	16.8394
02/16/2018 21:31:22	53.0	53.0	17.4935
02/16/2018 21:31:33	55.0	54.0	17.2324
02/16/2018 21:31:44	56.0	56.0	18.9474
02/16/2018 21:31:55	57.0	57.0	18.4896
02/16/2018 21:32:06	55.0	55.0	15.8442
02/16/2018 21:32:17	53.0	53.0	18.1818
02/16/2018 21:32:28	52.0	52.0	17.6166
02/16/2018 21:32:39	51.0	51.0	17.0984
02/16/2018 21:32:50	51.0	51.0	16.9271
02/16/2018 21:33:01	50.0	50.0	15.8442
02/16/2018 21:33:13	49.0	50.0	15.5844
02/16/2018 21:33:24	49.0	49.0	19.3211
02/16/2018 21:33:35	49.0	49.0	15.4856
02/16/2018 21:33:46	49.0	49.0	16.9271
02/16/2018 21:33:57	48.0	49.0	18.2768
02/16/2018 21:34:08	48.0	48.0	16.8831
02/16/2018 21:34:19	48.0	48.0	17.3575
02/16/2018 21:34:30	48.0	48.0	17.1875
02/16/2018 21:34:41	48.0	48.0	16.7102
02/16/2018 21:34:52	48.0	48.0	15.8854
02/16/2018 21:35:03	48.0	48.0	16.7539
02/16/2018 21:35:14	48.0	47.0	17.5393
02/16/2018 21:35:25	48.0	48.0	18.8976
02/16/2018 21:35:36	48.0	47.0	18.799
02/16/2018 21:35:47	48.0	47.0	19.5312
02/16/2018 21:35:58	48.0	48.0	16.2371
02/16/2018 21:36:09	49.0	49.0	15.9269
02/16/2018 21:36:20	51.0	51.0	16.188
02/16/2018 21:36:31	53.0	52.0	18.2768
02/16/2018 21:36:42	53.0	54.0	15.1436
02/16/2018 21:36:53	55.0	54.0	15.625
02/16/2018 21:37:04	56.0	56.0	19.2708
02/16/2018 21:37:15	56.0	56.0	17.1875
02/16/2018 21:37:26	55.0	54.0	17.7083
02/16/2018 21:37:37	53.0	53.0	14.3603
02/16/2018 21:37:48	51.0	52.0	20.2597
02/16/2018 21:37:59	53.0	51.0	17.4026
02/16/2018 21:38:10	52.0	51.0	19.0722
02/16/2018 21:38:21	52.0	51.0	18.0879
02/16/2018 21:38:32	52.0	51.0	16.3212
02/16/2018 21:38:43	51.0	51.0	18.6047
02/16/2018 21:38:54	51.0	51.0	22.1354
02/16/2018 21:39:05	51.0	51.0	18.0412
02/16/2018 21:39:16	51.0	51.0	14.0584
02/16/2018 21:39:27	49.0	49.0	16.9271
02/16/2018 21:39:38	49.0	49.0	18.6842
02/16/2018 21:39:49	48.0	48.0	18.0157
02/16/2018 21:40:00	49.0	49.0	17.9688
02/16/2018 21:40:11	48.0	48.0	18.0157
02/16/2018 21:40:22	49.0	49.0	16.4062
02/16/2018 21:40:33	48.0	48.0	19.171
02/16/2018 21:40:44	48.0	48.0	14.3979
02/16/2018 21:40:56	48.0	49.0	17.7083
02/16/2018 21:41:07	49.0	48.0	15.8854
02/16/2018 21:41:18	48.0	48.0	16.3636
02/16/2018 21:41:29	48.0	48.0	14.7668
02/16/2018 21:41:40	49.0	48.0	16.1458
02/16/2018 21:41:51	51.0	51.0	17.7083
02/16/2018 21:42:02	52.0	53.0	19.3211
02/16/2018 21:42:13	53.0	53.0	17.9688
02/16/2018 21:42:24	55.0	54.0	19.0104
02/16/2018 21:42:35	55.0	55.0	18.2768
02/16/2018 21:42:46	57.0	57.0	17.801
02/16/2018 21:42:57	55.0	54.0	17.6623
02/16/2018 21:43:08	53.0	53.0	18.4416
02/16/2018 21:43:19	52.0	52.0	16.8394
02/16/2018 21:43:30	51.0	51.0	19.0104
02/16/2018 21:43:41	50.0	50.0	15.1436
02/16/2018 21:43:52	50.0	48.0	16.3636
02/16/2018 21:44:03	50.0	49.0	14.8825
02/16/2018 21:44:14	49.0	48.0	18.5379
02/16/2018 21:44:25	48.0	48.0	15.6658
02/16/2018 21:44:36	48.0	48.0	19.3717
02/16/2018 21:44:47	48.0	48.0	15.3646
02/16/2018 21:44:58	48.0	48.0	18.7013
02/16/2018 21:45:09	49.0	49.0	17.9688
02/16/2018 21:45:20	48.0	48.0	14.0212
02/16/2018 21:45:31	48.0	48.0	14.8541
02/16/2018 21:45:42	47.0	47.0	6.51558
02/16/2018 21:45:53	49.0	49.0	15.8774
02/16/2018 21:46:04	51.0	51.0	2.54453
02/16/2018 21:46:15	50.0	50.0	3.80711
02/16/2018 21:46:26	50.0	51.0	3.81679
02/16/2018 21:46:37	51.0	51.0	2.53165
02/16/2018 21:46:48	51.0	51.0	1.52284
02/16/2018 21:46:59	51.0	51.0	47.2313
02/16/2018 21:47:12	58.0	54.0	14.6479
02/16/2018 21:47:23	50.0	51.0	14.1732
02/16/2018 21:47:35	49.0	49.0	25
02/16/2018 21:47:46	49.0	50.0	18.1538
02/16/2018 21:47:58	48.0	48.0	16.3842
02/16/2018 21:48:09	49.0	48.0	17.0604
02/16/2018 21:48:20	49.0	48.0	17.0157
02/16/2018 21:48:31	50.0	50.0	14.8825
02/16/2018 21:48:42	52.0	52.0	15.445
02/16/2018 21:48:53	53.0	53.0	15.0396
02/16/2018 21:49:04	54.0	54.0	15.625
02/16/2018 21:49:15	56.0	55.0	15.6658
02/16/2018 21:49:26	56.0	55.0	15.1042
02/16/2018 21:49:37	57.0	57.0	15.1042
02/16/2018 21:49:48	55.0	55.0	16.4921
02/16/2018 21:49:59	53.0	52.0	16.9713
02/16/2018 21:50:10	52.0	51.0	17.2324
02/16/2018 21:50:21	52.0	51.0	17.5393
02/16/2018 21:50:32	50.0	51.0	18.4211
02/16/2018 21:50:43	50.0	49.0	17.2775
02/16/2018 21:50:54	49.0	49.0	18.8976
02/16/2018 21:51:05	49.0	48.0	15.9686
02/16/2018 21:51:16	49.0	48.0	16.4921
02/16/2018 21:51:27	48.0	48.0	15.1436
02/16/2018 21:51:38	48.0	48.0	15.5039
02/16/2018 21:51:49	48.0	48.0	19.4737
02/16/2018 21:52:00	49.0	48.0	18.4697
02/16/2018 21:52:11	48.0	48.0	18.9474
02/16/2018 21:52:22	49.0	47.0	17.801
02/16/2018 21:52:33	49.0	48.0	17.4026
02/16/2018 21:52:44	49.0	49.0	21.039
02/16/2018 21:52:55	49.0	49.0	18.3463
02/16/2018 21:53:06	49.0	48.0	16.9271
02/16/2018 21:53:17	50.0	50.0	18.6047
02/16/2018 21:53:28	51.0	49.0	21.5584
02/16/2018 21:53:39	50.0	49.0	17.8295
02/16/2018 21:53:50	51.0	50.0	19.5822
02/16/2018 21:54:01	50.0	50.0	18.6528
02/16/2018 21:54:12	51.0	51.0	21.5584
02/16/2018 21:54:23	50.0	50.0	20.5195
02/16/2018 21:54:35	50.0	49.0	17.268
02/16/2018 21:54:46	50.0	50.0	18.4896
02/16/2018 21:54:57	50.0	51.0	18.1818
02/16/2018 21:55:08	50.0	51.0	18.3938
02/16/2018 21:55:19	50.0	51.0	17.0543
02/16/2018 21:55:30	50.0	51.0	18.961
02/16/2018 21:55:41	51.0	51.0	22.1354
02/16/2018 21:55:52	50.0	50.0	17.7835
02/16/2018 21:56:03	51.0	51.0	16.8831
02/16/2018 21:56:14	50.0	50.0	17.8295
02/16/2018 21:56:25	50.0	50.0	19.0722
02/16/2018 21:56:36	50.0	51.0	18.3463
02/16/2018 21:56:47	51.0	51.0	19.7403
02/16/2018 21:56:58	50.0	50.0	17.9949
02/16/2018 21:57:09	51.0	51.0	19.5312
02/16/2018 21:57:20	50.0	50.0	18.4416
02/16/2018 21:57:31	51.0	51.0	17.9221
02/16/2018 21:57:42	50.0	50.0	21.1886
02/16/2018 21:57:53	51.0	51.0	18.9119
02/16/2018 21:58:04	51.0	50.0	18.3463
02/16/2018 21:58:15	51.0	50.0	18.1818
02/16/2018 21:58:26	50.0	50.0	18.9119
02/16/2018 21:58:37	50.0	51.0	14.0584
02/16/2018 21:58:48	48.0	48.0	14.1333
02/16/2018 21:58:59	48.0	48.0	15.0396
02/16/2018 21:59:10	48.0	48.0	13.4921
02/16/2018 21:59:21	48.0	46.0	14.8541
02/16/2018 21:59:32	48.0	48.0	14.5119
02/16/2018 21:59:43	49.0	50.0	13.5279
02/16/2018 21:59:54	51.0	51.0	12.4011
02/16/2018 22:00:05	52.0	53.0	12.1693
02/16/2018 22:00:16	53.0	53.0	12.9288
02/16/2018 22:00:27	54.0	54.0	18.4416
02/16/2018 22:00:38	56.0	57.0	19.9482
02/16/2018 22:00:49	57.0	56.0	18.4896
02/16/2018 22:01:00	55.0	55.0	18.7013
02/16/2018 22:01:11	54.0	54.0	19.0722
02/16/2018 22:01:22	54.0	53.0	21.5026
02/16/2018 22:01:33	54.0	53.0	18.299
02/16/2018 22:01:44	52.0	52.0	19.5876
02/16/2018 22:01:55	52.0	52.0	19.2208
02/16/2018 22:02:06	52.0	52.0	19.4805
02/16/2018 22:02:17	51.0	51.0	17.9221
02/16/2018 22:02:28	51.0	51.0	18.4416
02/16/2018 22:02:39	52.0	51.0	19.0722
02/16/2018 22:02:51	51.0	51.0	17.8756
02/16/2018 22:03:02	51.0	51.0	18.1347
02/16/2018 22:03:13	52.0	51.0	17.0543
02/16/2018 22:03:24	52.0	51.0	20.2073
02/16/2018 22:03:35	52.0	51.0	18.9119
02/16/2018 22:03:46	51.0	51.0	19.3798
02/16/2018 22:03:57	50.0	51.0	18.6528
02/16/2018 22:04:08	51.0	51.0	17.8295
02/16/2018 22:04:19	51.0	51.0	16.8831
02/16/2018 22:04:30	50.0	50.0	18.509
02/16/2018 22:04:41	51.0	51.0	17.9221
02/16/2018 22:04:52	51.0	51.0	19.8966
02/16/2018 22:05:03	50.0	51.0	16.4948
02/16/2018 22:05:14	51.0	51.0	21.6146
02/16/2018 22:05:25	50.0	50.0	20
02/16/2018 22:05:36	52.0	51.0	16.5803
02/16/2018 22:05:47	51.0	51.0	15.7623
02/16/2018 22:05:58	51.0	51.0	18.0879
02/16/2018 22:06:09	51.0	51.0	20.9302
02/16/2018 22:06:20	51.0	51.0	19.3798
02/16/2018 22:06:31	50.0	50.0	16.7959
02/16/2018 22:06:42	50.0	51.0	19.8966
02/16/2018 22:06:53	51.0	50.0	19.7403
02/16/2018 22:07:04	50.0	50.0	19.9482
02/16/2018 22:07:15	51.0	51.0	19.1214
02/16/2018 22:07:26	50.0	50.0	19.6382
02/16/2018 22:07:37	51.0	51.0	18.863
02/16/2018 22:07:48	51.0	51.0	21.9638
02/16/2018 22:07:59	50.0	50.0	19.8966
02/16/2018 22:08:10	51.0	50.0	21.134
02/16/2018 22:08:21	51.0	50.0	22.0207
02/16/2018 22:08:32	50.0	50.0	21.1886
02/16/2018 22:08:43	50.0	51.0	16.6667
02/16/2018 22:08:54	51.0	50.0	21.4099
02/16/2018 22:09:05	51.0	50.0	20
02/16/2018 22:09:16	51.0	50.0	20.8763
02/16/2018 22:09:27	51.0	50.0	18.3463
02/16/2018 22:09:38	50.0	50.0	20.1031
02/16/2018 22:09:49	50.0	50.0	14.3617
02/16/2018 22:10:00	48.0	48.0	16.273
02/16/2018 22:10:11	49.0	48.0	13.6126
02/16/2018 22:10:22	48.0	48.0	14.4737
02/16/2018 22:10:33	47.0	47.0	13.9474
02/16/2018 22:10:44	48.0	48.0	13.4921
02/16/2018 22:10:55	50.0	50.0	14.4357
02/16/2018 22:11:06	52.0	51.0	12.5654
02/16/2018 22:11:17	53.0	53.0	12.5654
02/16/2018 22:11:29	54.0	54.0	12.6316
02/16/2018 22:11:40	55.0	55.0	12.6316
02/16/2018 22:11:51	55.0	56.0	11.7801
02/16/2018 22:12:02	57.0	56.0	12.5984
02/16/2018 22:12:13	56.0	56.0	11.811
02/16/2018 22:12:24	54.0	54.0	13.4211
02/16/2018 22:12:35	52.0	52.0	12.6649
02/16/2018 22:12:46	51.0	51.0	13.9108
02/16/2018 22:12:57	50.0	50.0	14.5119
02/16/2018 22:13:08	49.0	49.0	14.1732
02/16/2018 22:13:19	49.0	48.0	13.4565
02/16/2018 22:13:30	48.0	48.0	15
02/16/2018 22:13:41	48.0	48.0	13.4565
02/16/2018 22:13:52	47.0	47.0	13.4211
02/16/2018 22:14:03	47.0	47.0	14.0584
02/16/2018 22:14:14	48.0	48.0	13.6126
02/16/2018 22:14:25	50.0	50.0	12.5326
02/16/2018 22:14:36	50.0	51.0	13.089
02/16/2018 22:14:47	53.0	53.0	12.336
02/16/2018 22:14:58	53.0	54.0	11.9792
02/16/2018 22:15:09	54.0	54.0	13.577
02/16/2018 22:15:20	55.0	55.0	11.8421
02/16/2018 22:15:31	56.0	56.0	12.8947
02/16/2018 22:15:42	55.0	55.0	11.811
02/16/2018 22:15:53	53.0	54.0	14.0584
02/16/2018 22:16:04	52.0	52.0	12.8609
02/16/2018 22:16:15	50.0	51.0	12.8609
02/16/2018 22:16:26	50.0	50.0	13.3858
02/16/2018 22:16:38	49.0	49.0	14.5119
02/16/2018 22:16:49	48.0	48.0	13.4211
02/16/2018 22:17:00	48.0	48.0	14.1361
02/16/2018 22:17:11	48.0	48.0	15.1436
02/16/2018 22:17:22	48.0	48.0	13.7931
02/16/2018 22:17:33	47.0	47.0	14.4737
02/16/2018 22:17:44	48.0	47.0	13.3508
02/16/2018 22:17:55	50.0	50.0	12.8609
02/16/2018 22:18:06	51.0	51.0	12.1053
02/16/2018 22:18:17	52.0	53.0	12.5326
02/16/2018 22:18:28	53.0	53.0	11.7801
02/16/2018 22:18:39	55.0	54.0	13.5065
02/16/2018 22:18:50	55.0	55.0	12.2715
02/16/2018 22:19:01	56.0	56.0	12.3037
02/16/2018 22:19:12	56.0	56.0	12.5984
02/16/2018 22:19:23	54.0	54.0	13.6483
02/16/2018 22:19:34	52.0	53.0	12.5
02/16/2018 22:19:45	50.0	51.0	14.4357
02/16/2018 22:19:56	50.0	51.0	13.4211
02/16/2018 22:20:07	50.0	50.0	13.6126
02/16/2018 22:20:18	49.0	49.0	14.4357
02/16/2018 22:20:29	48.0	48.0	13.8021
02/16/2018 22:20:40	48.0	48.0	14.1732
02/16/2018 22:20:51	48.0	48.0	14.7368
02/16/2018 22:21:02	48.0	48.0	14.9606
02/16/2018 22:21:13	48.0	47.0	13.7203
02/16/2018 22:21:24	48.0	47.0	14.3603
02/16/2018 22:21:35	49.0	50.0	13.0548
02/16/2018 22:21:47	51.0	51.0	13.1234
02/16/2018 22:21:58	52.0	52.0	11.5789
02/16/2018 22:22:09	53.0	54.0	12.8609
02/16/2018 22:22:20	55.0	54.0	12.5654
02/16/2018 22:22:31	55.0	55.0	12.4675
02/16/2018 22:22:42	57.0	56.0	12.2396
02/16/2018 22:22:53	55.0	56.0	12.8609
02/16/2018 22:23:04	55.0	54.0	13.6483
02/16/2018 22:23:15	52.0	53.0	14.4357
02/16/2018 22:23:26	51.0	52.0	14.4737
02/16/2018 22:23:37	50.0	50.0	12.5984
02/16/2018 22:23:48	50.0	50.0	14.2105
02/16/2018 22:23:59	49.0	48.0	14.1732
02/16/2018 22:24:10	49.0	49.0	14.4357
02/16/2018 22:24:21	48.0	48.0	13.9108
02/16/2018 22:24:32	48.0	47.0	12.9973
02/16/2018 22:24:43	48.0	47.0	13.6483
02/16/2018 22:24:54	48.0	47.0	14.8825
02/16/2018 22:25:05	48.0	48.0	13.8743
02/16/2018 22:25:16	48.0	49.0	13.4921
02/16/2018 22:25:27	51.0	50.0	14.3979
02/16/2018 22:25:38	52.0	52.0	12.5654
02/16/2018 22:25:49	53.0	53.0	12.7604
02/16/2018 22:26:00	54.0	54.0	13.1234
02/16/2018 22:26:11	55.0	55.0	12.2715
02/16/2018 22:26:22	56.0	55.0	12.336
02/16/2018 22:26:33	56.0	56.0	12.0735
02/16/2018 22:26:44	53.0	54.0	13.089
02/16/2018 22:26:56	51.0	52.0	13.5417
02/16/2018 22:27:07	51.0	51.0	14.0992
02/16/2018 22:27:18	50.0	50.0	13.6842
02/16/2018 22:27:29	49.0	49.0	15.2231
02/16/2018 22:27:40	49.0	48.0	14.6597
02/16/2018 22:27:51	49.0	48.0	16.0526
02/16/2018 22:28:02	48.0	49.0	14.6982
02/16/2018 22:28:13	47.0	48.0	14.3229
02/16/2018 22:28:24	47.0	47.0	14.3229
02/16/2018 22:28:35	47.0	47.0	14.2105
02/16/2018 22:28:46	47.0	47.0	14.1732
02/16/2018 22:28:57	49.0	48.0	14.0625
02/16/2018 22:29:08	50.0	51.0	13.1234
02/16/2018 22:29:19	51.0	52.0	13.0208
02/16/2018 22:29:30	52.0	53.0	12.5654
02/16/2018 22:29:41	54.0	54.0	12.0104
02/16/2018 22:29:52	55.0	55.0	12.336
02/16/2018 22:30:03	56.0	56.0	16.9935
02/16/2018 22:30:14	55.0	55.0	14.9206
02/16/2018 22:30:25	53.0	54.0	16.129
02/16/2018 22:30:36	51.0	51.0	18.8925
02/16/2018 22:30:47	50.0	51.0	16.9279
02/16/2018 22:30:58	49.0	50.0	17.2414
02/16/2018 22:31:09	48.0	48.0	17.3502
02/16/2018 22:31:20	48.0	48.0	15.8879
02/16/2018 22:31:31	49.0	49.0	17.2524
02/16/2018 22:31:42	50.0	51.0	17.4342
02/16/2018 22:31:54	51.0	52.0	17.6656
02/16/2018 22:32:05	54.0	53.0	17.1617
02/16/2018 22:32:16	53.0	53.0	15.4574
02/16/2018 22:32:27	54.0	53.0	15.8228
02/16/2018 22:32:38	54.0	54.0	16.0131
02/16/2018 22:32:49	55.0	55.0	15.9091
02/16/2018 22:33:00	55.0	55.0	15.6051
02/16/2018 22:33:11	55.0	55.0	16.0494
02/16/2018 22:33:22	56.0	55.0	14.9206
02/16/2018 22:33:33	56.0	57.0	15.047
02/16/2018 22:33:44	56.0	56.0	16.2939
02/16/2018 22:33:55	55.0	56.0	16.1392
02/16/2018 22:34:06	52.0	53.0	15.9744
02/16/2018 22:34:17	51.0	51.0	17.8683
02/16/2018 22:34:28	49.0	50.0	17.7632
02/16/2018 22:34:39	49.0	49.0	20.6349
02/16/2018 22:34:50	48.0	48.0	17.0418
02/16/2018 22:35:01	48.0	47.0	17.9487
02/16/2018 22:35:12	48.0	49.0	17.8683
02/16/2018 22:35:23	49.0	50.0	17.7419
02/16/2018 22:35:34	51.0	51.0	16.9872
02/16/2018 22:35:45	51.0	53.0	16.8831
02/16/2018 22:35:56	52.0	53.0	16.879
02/16/2018 22:36:07	53.0	53.0	16.6134
02/16/2018 22:36:18	53.0	54.0	13.9752
02/16/2018 22:36:29	54.0	54.0	15.0943
02/16/2018 22:36:40	55.0	55.0	16.0131
02/16/2018 22:36:52	55.0	56.0	15.5556
02/16/2018 22:37:03	56.0	55.0	16.7192
02/16/2018 22:37:14	56.0	56.0	15.7233
02/16/2018 22:37:25	56.0	55.0	15.9875
02/16/2018 22:37:36	57.0	56.0	16.4516
02/16/2018 22:37:47	56.0	56.0	16.6113
02/16/2018 22:37:58	56.0	56.0	16.9811
02/16/2018 22:38:09	53.0	53.0	17.8125
02/16/2018 22:38:20	51.0	51.0	19.8052
02/16/2018 22:38:31	50.0	50.0	18.6709
02/16/2018 22:38:42	48.0	49.0	16.9329
02/16/2018 22:38:53	48.0	48.0	17.6656
02/16/2018 22:39:04	49.0	48.0	18.5304
02/16/2018 22:39:15	49.0	50.0	17.4455
02/16/2018 22:39:26	50.0	51.0	18.125
02/16/2018 22:39:37	51.0	52.0	16.0256
02/16/2018 22:39:48	51.0	53.0	17.9811
02/16/2018 22:39:59	53.0	53.0	13.9466
02/16/2018 22:40:10	53.0	53.0	9.79381
02/16/2018 22:40:21	53.0	53.0	10.3093
02/16/2018 22:40:32	53.0	53.0	9.09091
02/16/2018 22:40:43	53.0	53.0	10.2041
02/16/2018 22:40:54	53.0	52.0	9.84456
02/16/2018 22:41:05	53.0	53.0	11.399
02/16/2018 22:41:16	54.0	53.0	10.2302
02/16/2018 22:41:27	53.0	53.0	10.3093
02/16/2018 22:41:38	52.0	54.0	9.56072
02/16/2018 22:41:49	53.0	53.0	10.0257
02/16/2018 22:42:00	53.0	53.0	11.6279
02/16/2018 22:42:11	53.0	54.0	10
02/16/2018 22:42:23	52.0	54.0	10.0257
02/16/2018 22:42:34	53.0	53.0	10.7969
02/16/2018 22:42:45	53.0	54.0	9.76864
02/16/2018 22:42:56	53.0	53.0	10.0775
02/16/2018 22:43:07	53.0	54.0	10.0257
02/16/2018 22:43:18	53.0	54.0	9.79381
02/16/2018 22:43:29	53.0	53.0	10.5128
02/16/2018 22:43:40	53.0	53.0	9.32642
02/16/2018 22:43:51	53.0	53.0	10.2564
02/16/2018 22:44:02	54.0	54.0	9.84456
02/16/2018 22:44:13	53.0	53.0	10.2828
02/16/2018 22:44:24	53.0	53.0	10.0515
02/16/2018 22:44:35	53.0	54.0	9.61039
02/16/2018 22:44:46	54.0	53.0	9.79381
02/16/2018 22:44:57	53.0	54.0	10.0257
02/16/2018 22:45:08	53.0	53.0	10.5398
02/16/2018 22:45:19	53.0	53.0	10.2828
02/16/2018 22:45:30	53.0	53.0	10
02/16/2018 22:45:41	53.0	53.0	11.0256
02/16/2018 22:45:52	53.0	53.0	10.4859
02/16/2018 22:46:03	53.0	53.0	10.9415
02/16/2018 22:46:14	53.0	53.0	9.84456
02/16/2018 22:46:25	53.0	53.0	10.9415
02/16/2018 22:46:36	53.0	54.0	10.2828
02/16/2018 22:46:47	53.0	53.0	10.7417
02/16/2018 22:46:58	54.0	53.0	10.4859
02/16/2018 22:47:09	52.0	54.0	10.7969
02/16/2018 22:47:20	53.0	53.0	10.2302
02/16/2018 22:47:31	53.0	53.0	10.2302
02/16/2018 22:47:42	53.0	54.0	10.7417
02/16/2018 22:47:53	53.0	54.0	11.4213
02/16/2018 22:48:04	54.0	53.0	12.0603
02/16/2018 22:48:15	53.0	54.0	13.4663
02/16/2018 22:48:26	53.0	53.0	15.2334
02/16/2018 22:48:37	53.0	53.0	17.5258
02/16/2018 22:48:48	53.0	53.0	15.8568
02/16/2018 22:48:59	53.0	54.0	15.8974
02/16/2018 22:49:10	54.0	54.0	15.7761
02/16/2018 22:49:22	54.0	54.0	16.624
02/16/2018 22:49:33	54.0	53.0	15.601
02/16/2018 22:49:44	54.0	54.0	16.2437
02/16/2018 22:49:55	54.0	53.0	17.3028
02/16/2018 22:50:06	53.0	54.0	16.7089
02/16/2018 22:50:17	54.0	53.0	16.2791
02/16/2018 22:50:28	54.0	54.0	16.0714
02/16/2018 22:50:39	54.0	54.0	16.962
02/16/2018 22:50:50	54.0	54.0	17.4242
02/16/2018 22:51:01	54.0	54.0	16.7513
02/16/2018 22:51:12	54.0	53.0	17.866
02/16/2018 22:51:23	54.0	54.0	19.0123
02/16/2018 22:51:34	54.0	53.0	18.7192
02/16/2018 22:51:45	54.0	54.0	20
02/16/2018 22:51:56	54.0	54.0	19.8529
02/16/2018 22:52:07	54.0	54.0	20.1946
02/16/2018 22:52:18	54.0	54.0	18.5
02/16/2018 22:52:29	54.0	54.0	19.8529
02/16/2018 22:52:40	54.0	54.0	19.7044
02/16/2018 22:52:51	55.0	54.0	18.9655
02/16/2018 22:53:02	55.0	54.0	18.9189
02/16/2018 22:53:13	54.0	54.0	19.1646
02/16/2018 22:53:24	54.0	54.0	20.6311
02/16/2018 22:53:35	54.0	54.0	20.1946
02/16/2018 22:53:46	54.0	54.0	20.2439
02/16/2018 22:53:57	54.0	54.0	20.6311
02/16/2018 22:54:08	54.0	54.0	20.6311
02/16/2018 22:54:19	55.0	54.0	20.6311
02/16/2018 22:54:30	54.0	54.0	21.1538
02/16/2018 22:54:41	54.0	54.0	19.8547
02/16/2018 22:54:52	55.0	54.0	6.64962
02/16/2018 22:55:03	55.0	54.0	7.14286
02/16/2018 22:55:14	55.0	54.0	6.41026
02/16/2018 22:55:25	55.0	54.0	6.39386
02/16/2018 22:55:36	55.0	54.0	6.42674
02/16/2018 22:55:47	55.0	54.0	6.4433
02/16/2018 22:55:59	55.0	55.0	6.64962
02/16/2018 22:56:10	55.0	54.0	7.14286
02/16/2018 22:56:21	55.0	55.0	7.71208
02/16/2018 22:56:32	55.0	54.0	2.79898
