10/13/2017 17:05:30	32.0	32.0	6.02094
10/13/2017 17:05:42	30.0	30.0	0.757576
10/13/2017 17:05:49	31.0	30.0	5.14139
10/13/2017 17:06:00	30.0	30.0	0.757576
10/13/2017 17:06:11	32.0	31.0	0.505051
10/13/2017 17:06:22	31.0	32.0	3.82653
10/13/2017 17:06:33	32.0	32.0	4.33333
10/13/2017 17:06:44	32.0	33.0	3.66667
10/13/2017 17:06:55	33.0	33.0	3.02013
10/13/2017 17:07:06	33.0	34.0	4.68227
10/13/2017 17:07:17	33.0	34.0	4.34783
10/13/2017 17:07:28	33.0	34.0	0.757576
10/13/2017 17:07:39	34.0	34.0	0.505051
10/13/2017 17:07:50	34.0	34.0	0.253165
10/13/2017 17:08:02	34.0	34.0	0.505051
10/13/2017 17:08:13	35.0	34.0	0.753769
10/13/2017 17:08:24	35.0	35.0	0.251889
10/13/2017 17:08:35	34.0	35.0	0.753769
10/13/2017 17:08:46	35.0	35.0	0.503778
10/13/2017 17:08:57	35.0	35.0	0.503778
10/13/2017 17:09:08	36.0	35.0	0.252525
10/13/2017 17:09:19	36.0	36.0	0.505051
10/13/2017 17:09:30	35.0	35.0	0.503778
10/13/2017 17:09:41	36.0	36.0	0.252525
10/13/2017 17:09:52	36.0	36.0	0
10/13/2017 17:10:03	36.0	36.0	0.505051
10/13/2017 17:10:14	36.0	36.0	0.506329
10/13/2017 17:10:25	37.0	37.0	0.253165
10/13/2017 17:10:36	37.0	37.0	0.755668
10/13/2017 17:10:47	37.0	37.0	0.503778
10/13/2017 17:10:58	37.0	37.0	0.505051
10/13/2017 17:11:09	37.0	37.0	0.252525
10/13/2017 17:11:20	37.0	36.0	0.505051
10/13/2017 17:11:31	37.0	37.0	0.252525
10/13/2017 17:11:42	38.0	37.0	0.757576
10/13/2017 17:11:53	37.0	37.0	0.503778
10/13/2017 17:12:04	39.0	38.0	0.503778
10/13/2017 17:12:15	37.0	37.0	0.505051
10/13/2017 17:12:26	38.0	37.0	0.505051
10/13/2017 17:12:37	38.0	37.0	0.252525
10/13/2017 17:12:48	38.0	37.0	0.503778
10/13/2017 17:12:59	38.0	37.0	0.503778
10/13/2017 17:13:10	38.0	37.0	4.82234
10/13/2017 17:13:21	39.0	38.0	0.503778
10/13/2017 17:13:32	39.0	38.0	0.505051
10/13/2017 17:13:43	38.0	38.0	0.755668
10/13/2017 17:13:54	39.0	39.0	0.253165
10/13/2017 17:14:05	39.0	38.0	0.252525
10/13/2017 17:14:16	39.0	38.0	0.505051
10/13/2017 17:14:27	39.0	39.0	0.503778
10/13/2017 17:14:38	39.0	39.0	0.252525
10/13/2017 17:14:50	39.0	39.0	0.505051
10/13/2017 17:15:01	39.0	39.0	57.9747
10/13/2017 17:15:12	46.0	45.0	15.1125
10/13/2017 17:15:23	42.0	40.0	24.5125
10/13/2017 17:15:35	42.0	42.0	20.8754
10/13/2017 17:15:46	43.0	42.0	17.7898
10/13/2017 17:15:57	43.0	42.0	16.5138
10/13/2017 17:16:08	44.0	44.0	14.0212
10/13/2017 17:16:19	45.0	44.0	13.5279
10/13/2017 17:16:30	46.0	45.0	17.6316
10/13/2017 17:16:41	46.0	46.0	21.883
10/13/2017 17:16:52	47.0	47.0	17.0157
10/13/2017 17:17:03	47.0	47.0	13.9842
10/13/2017 17:17:14	48.0	48.0	19.7368
10/13/2017 17:17:25	49.0	48.0	18.1102
10/13/2017 17:17:36	50.0	50.0	19.8473
10/13/2017 17:17:47	50.0	51.0	14.9215
10/13/2017 17:17:58	51.0	51.0	17.6781
10/13/2017 17:18:10	51.0	51.0	17.1429
10/13/2017 17:18:21	52.0	52.0	16.4062
10/13/2017 17:18:32	53.0	53.0	18.4896
10/13/2017 17:18:43	53.0	52.0	17.6316
10/13/2017 17:18:54	54.0	53.0	13.089
10/13/2017 17:19:05	54.0	54.0	16.7979
10/13/2017 17:19:16	55.0	54.0	13.9474
10/13/2017 17:19:27	54.0	54.0	16.4491
10/13/2017 17:19:38	55.0	54.0	16.4491
10/13/2017 17:19:49	56.0	56.0	16.273
10/13/2017 17:20:00	57.0	56.0	16.4021
10/13/2017 17:20:11	56.0	56.0	15.625
10/13/2017 17:20:22	57.0	56.0	23.8356
10/13/2017 17:20:33	55.0	55.0	13.6126
10/13/2017 17:20:44	52.0	52.0	16.5354
10/13/2017 17:20:55	51.0	51.0	14.248
10/13/2017 17:21:06	49.0	49.0	14.7368
10/13/2017 17:21:17	47.0	47.0	13.8298
10/13/2017 17:21:28	47.0	47.0	14.0212
10/13/2017 17:21:39	49.0	48.0	15.445
10/13/2017 17:21:50	51.0	51.0	17.1875
10/13/2017 17:22:01	51.0	51.0	17.4935
10/13/2017 17:22:12	52.0	52.0	16.5789
10/13/2017 17:22:23	54.0	53.0	12.8272
10/13/2017 17:22:34	54.0	54.0	18.7335
10/13/2017 17:22:45	55.0	55.0	19.5312
10/13/2017 17:22:56	57.0	55.0	13.8817
10/13/2017 17:23:07	56.0	56.0	12.5984
10/13/2017 17:23:18	57.0	56.0	15.9269
10/13/2017 17:23:29	56.0	55.0	18.7328
10/13/2017 17:23:40	54.0	54.0	17.5393
10/13/2017 17:23:51	52.0	52.0	20.0521
10/13/2017 17:24:02	51.0	51.0	20.1493
10/13/2017 17:24:13	50.0	49.0	16.8394
10/13/2017 17:24:24	50.0	48.0	17.4935
10/13/2017 17:24:35	49.0	48.0	16.1458
10/13/2017 17:24:47	48.0	48.0	11.8734
10/13/2017 17:24:58	48.0	47.0	18.2741
10/13/2017 17:25:09	49.0	48.0	20.1018
10/13/2017 17:25:20	51.0	51.0	16.9713
10/13/2017 17:25:31	53.0	53.0	12.336
10/13/2017 17:25:42	53.0	53.0	15.4047
10/13/2017 17:25:53	55.0	54.0	16.4491
10/13/2017 17:26:04	57.0	55.0	12.1053
10/13/2017 17:26:15	56.0	56.0	19.6602
10/13/2017 17:26:26	57.0	56.0	12.1053
10/13/2017 17:26:37	54.0	53.0	11.8734
10/13/2017 17:26:48	51.0	51.0	13.5638
10/13/2017 17:26:59	50.0	51.0	20.936
10/13/2017 17:27:10	50.0	50.0	13.9842
10/13/2017 17:27:21	49.0	48.0	14.4737
10/13/2017 17:27:32	48.0	48.0	17.3469
10/13/2017 17:27:43	48.0	47.0	14.2105
10/13/2017 17:27:54	48.0	46.0	13.7566
10/13/2017 17:28:05	48.0	47.0	20.1493
10/13/2017 17:28:16	50.0	50.0	13.4921
10/13/2017 17:28:27	51.0	51.0	13.4211
10/13/2017 17:28:38	52.0	52.0	12.4011
10/13/2017 17:28:49	53.0	52.0	11.8734
10/13/2017 17:29:00	54.0	54.0	13.9535
10/13/2017 17:29:11	55.0	55.0	12.0419
10/13/2017 17:29:22	55.0	56.0	13.2626
10/13/2017 17:29:33	56.0	56.0	12.0735
10/13/2017 17:29:44	56.0	56.0	12.3684
10/13/2017 17:29:55	54.0	54.0	12.336
10/13/2017 17:30:06	51.0	52.0	14.0212
10/13/2017 17:30:18	51.0	51.0	13.5638
10/13/2017 17:30:29	50.0	50.0	14.7757
10/13/2017 17:30:40	49.0	48.0	13.2979
10/13/2017 17:30:51	48.0	48.0	14.6214
10/13/2017 17:31:02	48.0	47.0	14.7399
10/13/2017 17:31:13	47.0	47.0	14.2857
10/13/2017 17:31:24	47.0	47.0	14.4
10/13/2017 17:31:35	47.0	46.0	14.5889
10/13/2017 17:31:46	47.0	47.0	11.9048
10/13/2017 17:31:57	48.0	48.0	15.3061
10/13/2017 17:32:08	50.0	50.0	13.6483
10/13/2017 17:32:19	51.0	51.0	12.8272
10/13/2017 17:32:30	53.0	52.0	12.1693
10/13/2017 17:32:41	54.0	53.0	11.9048
10/13/2017 17:32:52	54.0	54.0	12.234
10/13/2017 17:33:03	55.0	55.0	12.336
10/13/2017 17:33:14	56.0	56.0	12.7321
10/13/2017 17:33:25	57.0	56.0	12.5984
10/13/2017 17:33:36	54.0	53.0	17.9028
10/13/2017 17:33:47	52.0	51.0	12.1372
10/13/2017 17:33:58	51.0	51.0	14.5119
10/13/2017 17:34:09	50.0	50.0	14.0584
10/13/2017 17:34:20	50.0	49.0	14.2857
10/13/2017 17:34:31	49.0	48.0	22.3301
10/13/2017 17:34:42	48.0	48.0	14.7757
10/13/2017 17:34:54	48.0	47.0	13.5279
10/13/2017 17:35:05	48.0	47.0	14.3617
10/13/2017 17:35:16	47.0	46.0	14.0957
10/13/2017 17:35:27	47.0	46.0	25.5132
10/13/2017 17:35:38	48.0	47.0	14.3617
10/13/2017 17:35:49	50.0	49.0	13.6
10/13/2017 17:36:00	51.0	50.0	15.2815
10/13/2017 17:36:11	52.0	52.0	12.6316
10/13/2017 17:36:22	54.0	53.0	13.6126
10/13/2017 17:36:33	54.0	54.0	12.8272
10/13/2017 17:36:44	55.0	54.0	12.3684
10/13/2017 17:36:55	56.0	55.0	13.577
10/13/2017 17:37:06	56.0	56.0	13.0208
10/13/2017 17:37:17	53.0	53.0	13.9037
10/13/2017 17:37:28	52.0	51.0	14.8541
10/13/2017 17:37:39	51.0	51.0	14.6982
10/13/2017 17:37:50	50.0	50.0	15.1832
10/13/2017 17:38:01	49.0	49.0	14.0212
10/13/2017 17:38:12	49.0	48.0	13.7931
10/13/2017 17:38:23	48.0	48.0	19.802
10/13/2017 17:38:35	48.0	47.0	15.2231
10/13/2017 17:38:46	48.0	47.0	16.0112
10/13/2017 17:38:57	47.0	47.0	0.508906
10/13/2017 17:39:08	48.0	48.0	1.00503
10/13/2017 17:39:19	49.0	48.0	2.03046
10/13/2017 17:39:30	49.0	48.0	2.54453
10/13/2017 17:39:41	50.0	50.0	3.06122
10/13/2017 17:39:52	50.0	50.0	2.27848
10/13/2017 17:40:03	51.0	50.0	2.53165
10/13/2017 17:40:14	50.0	51.0	0.759494
10/13/2017 17:40:25	51.0	51.0	0.503778
10/13/2017 17:40:36	51.0	51.0	1.51134
10/13/2017 17:40:47	51.0	51.0	37.799
10/13/2017 17:40:59	52.0	52.0	19.1176
10/13/2017 17:41:10	54.0	55.0	15.2
10/13/2017 17:41:22	54.0	54.0	15
10/13/2017 17:41:33	54.0	54.0	12.6649
10/13/2017 17:41:44	55.0	54.0	11.6711
10/13/2017 17:41:55	55.0	55.0	13.1234
10/13/2017 17:42:06	55.0	56.0	12.4011
10/13/2017 17:42:17	56.0	56.0	12.1372
10/13/2017 17:42:29	55.0	54.0	13.3159
10/13/2017 17:42:40	52.0	52.0	11.9048
10/13/2017 17:42:51	51.0	51.0	13.5279
10/13/2017 17:43:02	50.0	50.0	18.481
10/13/2017 17:43:13	50.0	49.0	13.7203
10/13/2017 17:43:24	49.0	48.0	13.4921
10/13/2017 17:43:35	49.0	47.0	26.0241
10/13/2017 17:43:46	48.0	47.0	14.9333
10/13/2017 17:43:57	48.0	47.0	14.5503
10/13/2017 17:44:08	49.0	48.0	14.9606
10/13/2017 17:44:19	50.0	50.0	16.273
10/13/2017 17:44:30	52.0	51.0	15.8311
10/13/2017 17:44:41	55.0	53.0	17.5532
10/13/2017 17:44:52	54.0	54.0	16.7102
10/13/2017 17:45:03	56.0	55.0	16.8865
10/13/2017 17:45:14	57.0	57.0	12.963
10/13/2017 17:45:25	55.0	53.0	17.6781
10/13/2017 17:45:36	53.0	52.0	12.1693
10/13/2017 17:45:47	52.0	51.0	18.6352
10/13/2017 17:45:58	51.0	51.0	16.0105
10/13/2017 17:46:09	50.0	50.0	14.248
10/13/2017 17:46:20	49.0	48.0	13.9108
10/13/2017 17:46:31	49.0	48.0	17.8478
10/13/2017 17:46:42	49.0	48.0	15.3439
10/13/2017 17:46:53	49.0	48.0	16.4921
10/13/2017 17:47:04	49.0	48.0	15.2231
10/13/2017 17:47:15	48.0	47.0	12.8272
10/13/2017 17:47:26	48.0	47.0	14.0212
10/13/2017 17:47:37	47.0	47.0	13.7203
10/13/2017 17:47:48	48.0	47.0	13.9108
10/13/2017 17:48:00	50.0	50.0	12.336
10/13/2017 17:48:11	51.0	51.0	11.9048
10/13/2017 17:48:22	53.0	53.0	13.5065
10/13/2017 17:48:33	54.0	53.0	15.2406
10/13/2017 17:48:44	55.0	54.0	12.3037
10/13/2017 17:48:55	56.0	55.0	17.9803
10/13/2017 17:49:06	56.0	56.0	11.6711
10/13/2017 17:49:17	57.0	56.0	12.336
10/13/2017 17:49:28	54.0	54.0	19.9029
10/13/2017 17:49:39	53.0	52.0	13.1579
10/13/2017 17:49:50	51.0	51.0	13.7931
10/13/2017 17:50:01	50.0	50.0	20
10/13/2017 17:50:12	50.0	49.0	13.8298
10/13/2017 17:50:23	49.0	49.0	13.6364
10/13/2017 17:50:34	49.0	48.0	16.3158
10/13/2017 17:50:45	48.0	48.0	14.248
10/13/2017 17:50:56	49.0	47.0	12.4339
10/13/2017 17:51:07	48.0	47.0	14.3236
10/13/2017 17:51:18	47.0	47.0	14.6667
10/13/2017 17:51:29	49.0	47.0	16.0526
10/13/2017 17:51:40	50.0	50.0	12.2016
10/13/2017 17:51:51	51.0	51.0	12.6984
10/13/2017 17:52:02	52.0	53.0	12.2667
10/13/2017 17:52:13	54.0	53.0	12.6649
10/13/2017 17:52:24	55.0	54.0	12.1693
10/13/2017 17:52:35	55.0	55.0	11.9048
10/13/2017 17:52:47	56.0	55.0	13.4211
10/13/2017 17:52:58	57.0	56.0	12.1693
10/13/2017 17:53:09	54.0	54.0	12.1053
10/13/2017 17:53:20	53.0	53.0	14.0584
10/13/2017 17:53:31	51.0	51.0	11.1406
10/13/2017 17:53:42	50.0	50.0	14.5889
10/13/2017 17:53:53	50.0	49.0	13.8298
10/13/2017 17:54:04	49.0	48.0	13.0667
10/13/2017 17:54:15	49.0	48.0	13.4211
10/13/2017 17:54:26	49.0	47.0	14.0584
10/13/2017 17:54:37	48.0	47.0	13.8298
10/13/2017 17:54:48	48.0	47.0	14.4737
10/13/2017 17:54:59	48.0	47.0	14.4
10/13/2017 17:55:10	48.0	47.0	13.7566
10/13/2017 17:55:21	50.0	49.0	12.336
10/13/2017 17:55:32	51.0	51.0	12.6649
10/13/2017 17:55:43	53.0	52.0	12.1053
10/13/2017 17:55:54	54.0	53.0	13.1234
10/13/2017 17:56:05	55.0	54.0	12.6316
10/13/2017 17:56:16	55.0	55.0	12.3037
10/13/2017 17:56:27	57.0	55.0	13.6842
10/13/2017 17:56:38	55.0	55.0	12.7321
10/13/2017 17:56:49	53.0	53.0	11.6402
10/13/2017 17:57:00	51.0	51.0	17.3913
10/13/2017 17:57:11	50.0	50.0	14.2857
10/13/2017 17:57:22	50.0	49.0	13.6729
10/13/2017 17:57:33	50.0	48.0	24.4499
10/13/2017 17:57:45	49.0	48.0	14.248
10/13/2017 17:57:56	49.0	48.0	14.5889
10/13/2017 17:58:07	48.0	48.0	21.3235
10/13/2017 17:58:18	48.0	47.0	14.2857
10/13/2017 17:58:29	48.0	47.0	14.248
10/13/2017 17:58:40	48.0	47.0	19.3955
10/13/2017 17:58:51	47.0	47.0	13.7931
10/13/2017 17:59:02	47.0	47.0	14.2857
10/13/2017 17:59:13	49.0	50.0	16.7526
10/13/2017 17:59:24	51.0	51.0	12.2667
10/13/2017 17:59:35	52.0	52.0	13.1234
10/13/2017 17:59:46	53.0	53.0	12.6316
10/13/2017 17:59:57	54.0	54.0	12.3684
10/13/2017 18:00:08	55.0	54.0	12.5654
10/13/2017 18:00:19	56.0	55.0	12.963
10/13/2017 18:00:30	56.0	56.0	12.0735
10/13/2017 18:00:41	54.0	54.0	13.5065
10/13/2017 18:00:52	53.0	53.0	14.248
10/13/2017 18:01:03	51.0	51.0	12.4339
10/13/2017 18:01:14	50.0	50.0	14.5119
10/13/2017 18:01:25	50.0	49.0	15.2632
10/13/2017 18:01:36	49.0	48.0	13.7931
10/13/2017 18:01:47	49.0	49.0	14.4737
10/13/2017 18:01:58	48.0	48.0	14.6277
10/13/2017 18:02:09	48.0	48.0	14.3236
10/13/2017 18:02:20	48.0	47.0	13.7566
10/13/2017 18:02:32	47.0	47.0	14.4
10/13/2017 18:02:43	49.0	47.0	12.9288
10/13/2017 18:02:54	50.0	50.0	12.4011
10/13/2017 18:03:05	51.0	51.0	14.7222
10/13/2017 18:03:16	52.0	52.0	11.1406
10/13/2017 18:03:27	54.0	54.0	12.4011
10/13/2017 18:03:38	55.0	54.0	12.1693
10/13/2017 18:03:49	55.0	55.0	12.4339
10/13/2017 18:04:00	57.0	56.0	12.963
10/13/2017 18:04:11	57.0	56.0	12.8609
10/13/2017 18:04:22	54.0	53.0	13.4565
10/13/2017 18:04:33	52.0	51.0	15.5673
10/13/2017 18:04:44	51.0	50.0	13.2626
10/13/2017 18:04:55	51.0	50.0	13.8298
10/13/2017 18:05:06	50.0	50.0	13.5279
10/13/2017 18:05:17	50.0	49.0	18.6667
10/13/2017 18:05:28	51.0	51.0	13.2979
10/13/2017 18:05:39	49.0	48.0	14.8825
10/13/2017 18:05:50	49.0	48.0	13.6842
10/13/2017 18:06:01	48.0	48.0	13.4921
10/13/2017 18:06:12	48.0	47.0	17.2237
10/13/2017 18:06:23	48.0	47.0	14.9215
10/13/2017 18:06:34	49.0	49.0	14.248
10/13/2017 18:06:45	51.0	51.0	21.7391
10/13/2017 18:06:56	52.0	51.0	12.8609
10/13/2017 18:07:08	53.0	53.0	12.5654
10/13/2017 18:07:19	54.0	53.0	21.9858
10/13/2017 18:07:30	55.0	55.0	12.8272
10/13/2017 18:07:41	56.0	55.0	12.6316
10/13/2017 18:07:52	57.0	56.0	20.2934
10/13/2017 18:08:03	55.0	55.0	12.6316
10/13/2017 18:08:14	53.0	53.0	11.811
10/13/2017 18:08:25	51.0	51.0	18.4343
10/13/2017 18:08:36	51.0	50.0	13.7203
10/13/2017 18:08:47	50.0	49.0	13.9842
10/13/2017 18:08:58	49.0	49.0	14.2857
10/13/2017 18:09:09	49.0	48.0	14.2105
10/13/2017 18:09:20	49.0	48.0	13.8743
10/13/2017 18:09:31	48.0	48.0	14.248
10/13/2017 18:09:42	48.0	47.0	13.2626
10/13/2017 18:09:53	48.0	47.0	14.248
10/13/2017 18:10:04	48.0	47.0	14.3236
10/13/2017 18:10:15	47.0	47.0	14.0212
10/13/2017 18:10:26	47.0	47.0	14.2857
10/13/2017 18:10:37	49.0	49.0	14.0584
10/13/2017 18:10:48	51.0	51.0	12.336
10/13/2017 18:10:59	52.0	52.0	12.5654
10/13/2017 18:11:10	53.0	53.0	13.0573
10/13/2017 18:11:21	54.0	54.0	12.1693
10/13/2017 18:11:32	55.0	54.0	12.3037
10/13/2017 18:11:43	56.0	56.0	12.5654
10/13/2017 18:11:55	57.0	56.0	12.0735
10/13/2017 18:12:06	55.0	54.0	12.6316
10/13/2017 18:12:17	53.0	53.0	14.4357
10/13/2017 18:12:28	52.0	51.0	13.1579
10/13/2017 18:12:39	51.0	50.0	13.3858
10/13/2017 18:12:50	50.0	49.0	13.7203
10/13/2017 18:13:01	49.0	49.0	13.8743
10/13/2017 18:13:12	49.0	48.0	14.1732
10/13/2017 18:13:23	49.0	48.0	13.7203
10/13/2017 18:13:34	49.0	48.0	13.4921
10/13/2017 18:13:45	49.0	48.0	13.7203
10/13/2017 18:13:56	48.0	47.0	13.7566
10/13/2017 18:14:07	48.0	48.0	13.4565
10/13/2017 18:14:18	48.0	46.0	14.2105
10/13/2017 18:14:29	49.0	47.0	13.0319
10/13/2017 18:14:40	47.0	47.0	13.9842
10/13/2017 18:14:51	48.0	48.0	12.7321
10/13/2017 18:15:02	50.0	50.0	12.1053
10/13/2017 18:15:13	51.0	51.0	11.8421
10/13/2017 18:15:24	52.0	52.0	12.3037
10/13/2017 18:15:35	54.0	53.0	12.3037
10/13/2017 18:15:46	55.0	54.0	11.811
10/13/2017 18:15:57	55.0	55.0	12.7604
10/13/2017 18:16:08	57.0	56.0	12.7937
10/13/2017 18:16:19	56.0	55.0	11.8421
10/13/2017 18:16:30	54.0	53.0	12.6649
10/13/2017 18:16:41	52.0	52.0	12.6316
10/13/2017 18:16:52	51.0	51.0	13.7203
10/13/2017 18:17:04	50.0	50.0	14.1361
10/13/2017 18:17:15	50.0	50.0	13.7203
10/13/2017 18:17:26	49.0	48.0	13.9474
10/13/2017 18:17:37	49.0	48.0	12.9288
10/13/2017 18:17:48	48.0	48.0	14.3979
10/13/2017 18:17:59	49.0	48.0	24.2991
10/13/2017 18:18:10	48.0	47.0	14.2105
10/13/2017 18:18:21	48.0	47.0	13.9108
10/13/2017 18:18:32	48.0	46.0	14.0992
10/13/2017 18:18:43	47.0	47.0	14.2105
10/13/2017 18:18:54	49.0	48.0	13.8381
10/13/2017 18:19:05	51.0	50.0	12.8272
10/13/2017 18:19:16	52.0	51.0	12.0735
10/13/2017 18:19:27	53.0	53.0	12.3037
10/13/2017 18:19:38	54.0	53.0	12.0735
10/13/2017 18:19:49	55.0	54.0	19.5122
10/13/2017 18:20:00	56.0	56.0	12.5654
10/13/2017 18:20:11	56.0	55.0	12.336
10/13/2017 18:20:22	54.0	53.0	12.5
10/13/2017 18:20:33	52.0	52.0	12.9973
10/13/2017 18:20:44	51.0	51.0	13.9474
10/13/2017 18:20:55	50.0	50.0	13.7566
10/13/2017 18:21:06	50.0	50.0	17.0051
10/13/2017 18:21:17	49.0	48.0	14.7757
10/13/2017 18:21:28	49.0	48.0	14.248
10/13/2017 18:21:39	49.0	47.0	13.7203
10/13/2017 18:21:50	48.0	48.0	13.7203
10/13/2017 18:22:02	48.0	48.0	13.2626
10/13/2017 18:22:13	48.0	47.0	14.3979
10/13/2017 18:22:24	48.0	47.0	14.3979
10/13/2017 18:22:35	48.0	47.0	14.2105
10/13/2017 18:22:46	47.0	47.0	13.4565
10/13/2017 18:22:57	49.0	48.0	14.1732
10/13/2017 18:23:08	51.0	50.0	13.6842
10/13/2017 18:23:19	52.0	51.0	13.0548
10/13/2017 18:23:30	53.0	53.0	11.6402
10/13/2017 18:23:41	54.0	53.0	12.5984
10/13/2017 18:23:52	55.0	54.0	12.1053
10/13/2017 18:24:03	56.0	55.0	12.336
10/13/2017 18:24:14	56.0	56.0	12.3037
10/13/2017 18:24:25	54.0	53.0	20.7824
10/13/2017 18:24:36	54.0	52.0	13.6483
10/13/2017 18:24:47	51.0	51.0	13.6842
10/13/2017 18:24:58	51.0	50.0	13.4565
10/13/2017 18:25:09	50.0	50.0	13.9108
10/13/2017 18:25:20	49.0	49.0	22.8029
10/13/2017 18:25:31	49.0	48.0	13.9108
10/13/2017 18:25:42	48.0	48.0	14.0212
10/13/2017 18:25:53	48.0	47.0	13.4211
10/13/2017 18:26:04	48.0	47.0	13.9474
10/13/2017 18:26:15	48.0	47.0	22.8571
10/13/2017 18:26:26	47.0	47.0	14.2105
10/13/2017 18:26:37	47.0	47.0	13.9474
10/13/2017 18:26:48	48.0	47.0	13.9108
10/13/2017 18:27:00	50.0	50.0	13.9108
10/13/2017 18:27:11	51.0	51.0	14.2105
10/13/2017 18:27:22	52.0	53.0	3.13316
10/13/2017 18:27:33	53.0	53.0	3.30789
10/13/2017 18:27:44	51.0	51.0	1.77215
10/13/2017 18:27:55	50.0	49.0	1.78117
10/13/2017 18:28:06	48.0	47.0	11.6711
10/13/2017 18:28:17	51.0	50.0	3.81679
10/13/2017 18:28:28	48.0	48.0	8.78553
10/13/2017 18:28:39	50.0	50.0	2.52525
10/13/2017 18:28:50	50.0	49.0	3.33333
10/13/2017 18:29:01	50.0	50.0	2.65781
10/13/2017 18:29:12	51.0	50.0	3.29114
10/13/2017 18:29:23	50.0	51.0	0
10/13/2017 18:29:34	50.0	50.0	3.29114
10/13/2017 18:29:45	51.0	51.0	14.1026
10/13/2017 18:29:56	51.0	51.0	1.00251
10/13/2017 18:30:07	51.0	51.0	19.2513
10/13/2017 18:30:18	56.0	53.0	7.50751
10/13/2017 18:30:30	51.0	51.0	14.0584
10/13/2017 18:30:41	50.0	49.0	14.7368
10/13/2017 18:30:52	49.0	48.0	13.7203
10/13/2017 18:31:03	48.0	47.0	14.6597
10/13/2017 18:31:14	48.0	47.0	19.1919
10/13/2017 18:31:25	49.0	49.0	13.7363
10/13/2017 18:31:36	50.0	50.0	13.6872
10/13/2017 18:31:47	51.0	51.0	14.8148
10/13/2017 18:31:58	52.0	53.0	12.6316
10/13/2017 18:32:09	53.0	53.0	15.7068
10/13/2017 18:32:20	55.0	54.0	16.2234
10/13/2017 18:32:31	56.0	55.0	16.8394
10/13/2017 18:32:42	58.0	58.0	11.7962
10/13/2017 18:32:53	53.0	54.0	15.3034
10/13/2017 18:33:04	52.0	52.0	14.8936
10/13/2017 18:33:15	51.0	51.0	14.0212
10/13/2017 18:33:27	50.0	49.0	15.9151
10/13/2017 18:33:38	49.0	48.0	16.1039
10/13/2017 18:33:49	49.0	48.0	14.4357
10/13/2017 18:34:00	49.0	48.0	15.4856
10/13/2017 18:34:11	48.0	48.0	14.5889
10/13/2017 18:34:22	48.0	47.0	18.2058
10/13/2017 18:34:33	48.0	47.0	17.4479
10/13/2017 18:34:44	49.0	48.0	15.2632
10/13/2017 18:34:55	48.0	48.0	14.7368
10/13/2017 18:35:06	48.0	48.0	15.9269
10/13/2017 18:35:17	48.0	48.0	14.6277
10/13/2017 18:35:28	48.0	47.0	14.0584
10/13/2017 18:35:39	46.0	46.0	14.4772
10/13/2017 18:35:50	48.0	48.0	13.2626
10/13/2017 18:36:01	50.0	50.0	14.6667
10/13/2017 18:36:12	51.0	52.0	14.7368
10/13/2017 18:36:23	53.0	53.0	12.234
10/13/2017 18:36:34	55.0	53.0	12.8609
10/13/2017 18:36:45	55.0	54.0	11.7021
10/13/2017 18:36:56	55.0	55.0	16.6667
10/13/2017 18:37:07	55.0	54.0	12.3037
10/13/2017 18:37:18	53.0	52.0	12.7321
10/13/2017 18:37:29	51.0	51.0	13.7931
10/13/2017 18:37:40	50.0	50.0	21.0526
10/13/2017 18:37:51	50.0	49.0	15.4255
10/13/2017 18:38:02	50.0	49.0	18.2768
10/13/2017 18:38:13	49.0	48.0	17.7249
10/13/2017 18:38:24	49.0	48.0	15.748
10/13/2017 18:38:35	49.0	48.0	15.8854
10/13/2017 18:38:47	49.0	49.0	18.2292
10/13/2017 18:38:58	49.0	48.0	19.8433
10/13/2017 18:39:09	50.0	48.0	14.5889
10/13/2017 18:39:20	48.0	47.0	14.1333
10/13/2017 18:39:31	49.0	48.0	12.9288
10/13/2017 18:39:42	48.0	47.0	15.2231
10/13/2017 18:39:53	48.0	47.0	15.748
10/13/2017 18:40:04	48.0	47.0	14.0584
10/13/2017 18:40:15	48.0	47.0	15.2231
10/13/2017 18:40:26	48.0	46.0	19.9501
10/13/2017 18:40:37	47.0	46.0	13.7931
10/13/2017 18:40:48	47.0	47.0	13.8667
10/13/2017 18:40:59	48.0	46.0	14.4737
10/13/2017 18:41:10	49.0	48.0	15.9794
10/13/2017 18:41:21	51.0	51.0	14.3236
10/13/2017 18:41:32	52.0	51.0	12.7321
10/13/2017 18:41:43	52.0	53.0	12.336
10/13/2017 18:41:54	53.0	53.0	12.4339
10/13/2017 18:42:05	55.0	54.0	11.9048
10/13/2017 18:42:16	55.0	54.0	12.3684
10/13/2017 18:42:27	55.0	54.0	22.5882
10/13/2017 18:42:38	53.0	53.0	14.0212
10/13/2017 18:42:49	51.0	51.0	13.5279
10/13/2017 18:43:00	50.0	50.0	14.2857
10/13/2017 18:43:11	50.0	50.0	14.9333
10/13/2017 18:43:22	49.0	48.0	14.3617
10/13/2017 18:43:34	49.0	48.0	15
10/13/2017 18:43:45	48.0	48.0	15
10/13/2017 18:43:56	48.0	47.0	14.8148
10/13/2017 18:44:07	48.0	47.0	14.1361
10/13/2017 18:44:18	48.0	47.0	20.5729
10/13/2017 18:44:29	49.0	49.0	22.8155
10/13/2017 18:44:40	51.0	50.0	14.7368
10/13/2017 18:44:51	49.0	48.0	18.6047
10/13/2017 18:45:02	51.0	50.0	19.2708
10/13/2017 18:45:13	51.0	50.0	21.0797
10/13/2017 18:45:24	50.0	50.0	14.5503
10/13/2017 18:45:35	49.0	48.0	13.3333
10/13/2017 18:45:46	49.0	48.0	14.4737
10/13/2017 18:45:57	48.0	48.0	19.5822
10/13/2017 18:46:08	49.0	48.0	18.3463
10/13/2017 18:46:19	50.0	49.0	13.1926
10/13/2017 18:46:30	48.0	47.0	15.9091
10/13/2017 18:46:41	48.0	47.0	15.1703
10/13/2017 18:46:53	48.0	47.0	14.3617
10/13/2017 18:47:04	48.0	48.0	14.0957
10/13/2017 18:47:15	50.0	49.0	14.5889
10/13/2017 18:47:26	51.0	51.0	21.2435
10/13/2017 18:47:37	55.0	54.0	16.6667
10/13/2017 18:47:48	56.0	56.0	18.7013
10/13/2017 18:47:59	57.0	56.0	18.863
10/13/2017 18:48:10	55.0	54.0	18.4573
10/13/2017 18:48:21	52.0	51.0	19.5767
10/13/2017 18:48:32	51.0	51.0	11.9681
10/13/2017 18:48:43	50.0	51.0	14.8148
10/13/2017 18:48:54	49.0	49.0	13.7931
10/13/2017 18:49:05	49.0	48.0	12.6316
10/13/2017 18:49:16	49.0	48.0	12
10/13/2017 18:49:27	48.0	48.0	19
10/13/2017 18:49:38	48.0	48.0	13.369
10/13/2017 18:49:49	48.0	48.0	20.6388
10/13/2017 18:50:00	47.0	47.0	13.8298
10/13/2017 18:50:11	47.0	47.0	19.202
10/13/2017 18:50:22	48.0	47.0	14.4357
10/13/2017 18:50:33	50.0	49.0	15.4047
10/13/2017 18:50:45	51.0	51.0	13.1926
10/13/2017 18:50:56	52.0	52.0	12.3684
10/13/2017 18:51:07	53.0	53.0	12.8272
10/13/2017 18:51:18	55.0	54.0	13.3508
10/13/2017 18:51:29	55.0	55.0	12.3684
10/13/2017 18:51:40	56.0	56.0	12.3037
10/13/2017 18:51:51	56.0	55.0	12.5654
10/13/2017 18:52:02	54.0	53.0	17.5676
10/13/2017 18:52:13	51.0	52.0	16.3588
10/13/2017 18:52:24	51.0	51.0	16.6667
10/13/2017 18:52:35	51.0	51.0	17.4935
10/13/2017 18:52:46	51.0	50.0	16.4491
10/13/2017 18:52:57	51.0	50.0	18.1122
10/13/2017 18:53:08	50.0	50.0	17.5393
10/13/2017 18:53:19	50.0	49.0	13.4565
10/13/2017 18:53:30	49.0	48.0	14.4737
10/13/2017 18:53:41	49.0	48.0	11.8734
10/13/2017 18:53:52	48.0	48.0	14.2857
10/13/2017 18:54:03	48.0	47.0	17.8478
10/13/2017 18:54:14	48.0	47.0	23.2446
10/13/2017 18:54:26	49.0	48.0	16.8421
10/13/2017 18:54:37	49.0	48.0	15.1042
10/13/2017 18:54:48	49.0	48.0	15.8442
10/13/2017 18:54:59	49.0	48.0	18.3246
10/13/2017 18:55:10	49.0	48.0	13.7566
10/13/2017 18:55:21	48.0	47.0	12.6316
10/13/2017 18:55:32	48.0	47.0	14.4737
10/13/2017 18:55:43	48.0	47.0	14.5503
10/13/2017 18:55:54	47.0	47.0	13.3333
10/13/2017 18:56:05	47.0	47.0	15.0794
10/13/2017 18:56:16	49.0	49.0	14.5889
10/13/2017 18:56:27	50.0	51.0	13.6483
10/13/2017 18:56:38	52.0	52.0	12.4011
10/13/2017 18:56:49	53.0	53.0	12.1053
10/13/2017 18:57:00	54.0	55.0	12.1693
10/13/2017 18:57:11	56.0	54.0	12.3684
10/13/2017 18:57:22	56.0	55.0	12.1372
10/13/2017 18:57:33	56.0	55.0	11.6095
10/13/2017 18:57:44	54.0	53.0	12.1372
10/13/2017 18:57:55	51.0	51.0	14.2857
10/13/2017 18:58:06	51.0	50.0	14.6982
10/13/2017 18:58:17	50.0	50.0	13.7566
10/13/2017 18:58:28	50.0	49.0	13.3858
10/13/2017 18:58:39	49.0	48.0	14.248
10/13/2017 18:58:50	48.0	48.0	21.8447
10/13/2017 18:59:01	49.0	48.0	13.4565
10/13/2017 18:59:12	48.0	47.0	14.0212
10/13/2017 18:59:23	48.0	47.0	14.2857
10/13/2017 18:59:35	48.0	47.0	13.5279
10/13/2017 18:59:46	48.0	47.0	14.248
10/13/2017 18:59:57	48.0	46.0	14.248
10/13/2017 19:00:08	49.0	48.0	13.9474
10/13/2017 19:00:19	50.0	50.0	15.2455
10/13/2017 19:00:30	51.0	51.0	13.1234
10/13/2017 19:00:41	53.0	53.0	12.7604
10/13/2017 19:00:52	54.0	54.0	13.089
10/13/2017 19:01:03	55.0	54.0	11.811
10/13/2017 19:01:14	56.0	55.0	12.336
10/13/2017 19:01:25	57.0	55.0	12.1372
10/13/2017 19:01:36	56.0	55.0	12.5654
10/13/2017 19:01:47	53.0	53.0	13.1234
10/13/2017 19:01:58	53.0	51.0	13.7566
10/13/2017 19:02:09	51.0	50.0	13.6842
10/13/2017 19:02:20	50.0	50.0	14.5455
10/13/2017 19:02:31	50.0	48.0	14.0212
10/13/2017 19:02:42	49.0	48.0	14.1361
10/13/2017 19:02:53	49.0	48.0	21.1679
10/13/2017 19:03:04	48.0	48.0	13.6842
10/13/2017 19:03:15	48.0	47.0	14.2857
10/13/2017 19:03:26	48.0	48.0	13.4565
10/13/2017 19:03:37	48.0	47.0	14.0212
10/13/2017 19:03:48	48.0	46.0	13.6483
10/13/2017 19:03:59	48.0	47.0	15.1436
10/13/2017 19:04:10	49.0	49.0	13.7566
10/13/2017 19:04:21	51.0	50.0	14.1732
10/13/2017 19:04:32	52.0	51.0	13.577
10/13/2017 19:04:44	53.0	53.0	12.3684
10/13/2017 19:04:55	55.0	54.0	12.7937
10/13/2017 19:05:06	55.0	55.0	12.7604
10/13/2017 19:05:17	56.0	55.0	12.2715
10/13/2017 19:05:28	57.0	56.0	12.0735
10/13/2017 19:05:39	54.0	54.0	13.0548
10/13/2017 19:05:50	52.0	52.0	13.1579
10/13/2017 19:06:01	51.0	51.0	13.9474
10/13/2017 19:06:12	50.0	50.0	13.2275
10/13/2017 19:06:23	50.0	49.0	14.8825
10/13/2017 19:06:34	50.0	48.0	14.3603
10/13/2017 19:06:45	49.0	48.0	13.9842
10/13/2017 19:06:56	49.0	48.0	13.9474
10/13/2017 19:07:07	48.0	48.0	16.4524
10/13/2017 19:07:18	48.0	48.0	14.4357
10/13/2017 19:07:29	48.0	47.0	13.7203
10/13/2017 19:07:40	48.0	47.0	16.1538
10/13/2017 19:07:51	48.0	47.0	14.2105
10/13/2017 19:08:02	48.0	47.0	13.9842
10/13/2017 19:08:13	47.0	46.0	18.797
10/13/2017 19:08:24	49.0	48.0	13.9842
10/13/2017 19:08:35	50.0	50.0	11.8734
10/13/2017 19:08:46	51.0	51.0	17.0426
10/13/2017 19:08:57	53.0	52.0	12.5326
10/13/2017 19:09:08	54.0	54.0	13.0548
10/13/2017 19:09:19	55.0	55.0	13.9175
10/13/2017 19:09:30	55.0	56.0	12.8609
10/13/2017 19:09:41	57.0	56.0	12.2016
10/13/2017 19:09:53	55.0	54.0	17.9747
10/13/2017 19:10:04	53.0	52.0	13.9474
10/13/2017 19:10:15	51.0	52.0	13.4565
10/13/2017 19:10:26	51.0	51.0	15.8031
10/13/2017 19:10:37	50.0	50.0	13.9842
10/13/2017 19:10:48	48.0	49.0	13.2275
10/13/2017 19:10:59	49.0	48.0	15.544
10/13/2017 19:11:10	49.0	48.0	13.5279
10/13/2017 19:11:21	49.0	48.0	13.4565
10/13/2017 19:11:32	48.0	48.0	14.6597
10/13/2017 19:11:43	48.0	47.0	13.7203
10/13/2017 19:11:54	48.0	47.0	13.4921
10/13/2017 19:12:05	47.0	46.0	13.9108
10/13/2017 19:12:16	47.0	47.0	14.248
10/13/2017 19:12:27	47.0	47.0	13.9108
10/13/2017 19:12:38	49.0	48.0	13.6126
10/13/2017 19:12:49	51.0	50.0	13.7203
10/13/2017 19:13:00	52.0	52.0	12.8947
10/13/2017 19:13:11	53.0	53.0	13.0208
10/13/2017 19:13:22	55.0	53.0	12.9288
10/13/2017 19:13:33	55.0	54.0	12.5326
10/13/2017 19:13:44	56.0	56.0	12.7937
10/13/2017 19:13:55	54.0	54.0	12.5984
10/13/2017 19:14:06	52.0	52.0	12.3037
10/13/2017 19:14:17	51.0	51.0	14.4357
10/13/2017 19:14:28	50.0	50.0	13.5279
10/13/2017 19:14:39	49.0	50.0	13.6842
10/13/2017 19:14:51	49.0	48.0	13.4211
10/13/2017 19:15:02	48.0	48.0	13.9842
10/13/2017 19:15:13	48.0	48.0	13.9474
10/13/2017 19:15:24	48.0	47.0	14.0212
10/13/2017 19:15:35	48.0	47.0	13.6842
10/13/2017 19:15:46	48.0	47.0	13.7931
10/13/2017 19:15:57	47.0	46.0	13.6842
10/13/2017 19:16:08	48.0	47.0	15.4047
10/13/2017 19:16:19	50.0	49.0	13.9842
10/13/2017 19:16:30	51.0	51.0	13.1234
10/13/2017 19:16:41	52.0	53.0	18.4275
10/13/2017 19:16:52	53.0	53.0	12.8609
10/13/2017 19:17:03	54.0	54.0	12.8272
10/13/2017 19:17:14	55.0	54.0	18.3374
10/13/2017 19:17:25	56.0	55.0	12.987
10/13/2017 19:17:36	55.0	55.0	13.3508
10/13/2017 19:17:47	54.0	53.0	15.285
10/13/2017 19:17:58	52.0	51.0	14.1732
10/13/2017 19:18:09	50.0	50.0	14.248
10/13/2017 19:18:20	50.0	49.0	14.1732
10/13/2017 19:18:31	49.0	49.0	14.0212
10/13/2017 19:18:42	49.0	48.0	13.2275
10/13/2017 19:18:53	48.0	48.0	13.7203
10/13/2017 19:19:04	48.0	48.0	14.0212
10/13/2017 19:19:15	48.0	48.0	14.0212
10/13/2017 19:19:26	48.0	47.0	13.0319
10/13/2017 19:19:37	48.0	47.0	14.1732
10/13/2017 19:19:49	48.0	47.0	13.9842
10/13/2017 19:20:00	47.0	47.0	13.6842
10/13/2017 19:20:11	49.0	48.0	14.7368
10/13/2017 19:20:22	50.0	50.0	13.8743
10/13/2017 19:20:33	52.0	51.0	13.6842
10/13/2017 19:20:44	53.0	53.0	13.0208
10/13/2017 19:20:55	54.0	54.0	13.3858
10/13/2017 19:21:06	55.0	54.0	11.8421
10/13/2017 19:21:17	56.0	55.0	21.4286
10/13/2017 19:21:28	56.0	56.0	13.6483
10/13/2017 19:21:39	55.0	54.0	12.1053
10/13/2017 19:21:50	53.0	53.0	15.1042
10/13/2017 19:22:01	52.0	51.0	14.7368
10/13/2017 19:22:12	51.0	50.0	13.7566
10/13/2017 19:22:23	50.0	49.0	13.9108
10/13/2017 19:22:34	49.0	49.0	13.5279
10/13/2017 19:22:45	49.0	48.0	14.0992
10/13/2017 19:22:56	48.0	48.0	18.75
10/13/2017 19:23:07	48.0	48.0	13.9108
10/13/2017 19:23:18	48.0	48.0	14.2105
10/13/2017 19:23:29	47.0	47.0	13.9108
10/13/2017 19:23:40	47.0	47.0	13.9474
10/13/2017 19:23:51	49.0	48.0	22.1687
10/13/2017 19:24:02	50.0	50.0	14.1732
10/13/2017 19:24:13	51.0	51.0	11.811
10/13/2017 19:24:24	53.0	53.0	12.7937
10/13/2017 19:24:35	54.0	53.0	12.1053
10/13/2017 19:24:47	55.0	55.0	18.3168
10/13/2017 19:24:58	56.0	55.0	12.0419
10/13/2017 19:25:09	57.0	57.0	13.089
10/13/2017 19:25:20	55.0	54.0	12.5654
10/13/2017 19:25:31	53.0	53.0	13.9474
10/13/2017 19:25:42	51.0	52.0	14.4737
10/13/2017 19:25:53	51.0	50.0	13.2626
10/13/2017 19:26:04	50.0	50.0	14.248
10/13/2017 19:26:15	49.0	49.0	13.4565
10/13/2017 19:26:26	49.0	48.0	19.9501
10/13/2017 19:26:37	48.0	48.0	13.6842
10/13/2017 19:26:48	48.0	47.0	14.5119
10/13/2017 19:26:59	48.0	47.0	13.7566
10/13/2017 19:27:10	47.0	47.0	14.4737
10/13/2017 19:27:21	47.0	47.0	14.4737
10/13/2017 19:27:32	47.0	47.0	14.5889
10/13/2017 19:27:43	48.0	47.0	15.0134
10/13/2017 19:27:54	50.0	50.0	15.4047
10/13/2017 19:28:05	52.0	52.0	12.5654
10/13/2017 19:28:16	53.0	53.0	13.5417
10/13/2017 19:28:27	54.0	54.0	13.6842
10/13/2017 19:28:38	55.0	55.0	12.3037
10/13/2017 19:28:49	55.0	55.0	12.5984
10/13/2017 19:29:00	57.0	56.0	11.8421
10/13/2017 19:29:11	54.0	54.0	12.8272
10/13/2017 19:29:22	53.0	52.0	14.2105
10/13/2017 19:29:33	51.0	51.0	14.9606
10/13/2017 19:29:44	50.0	50.0	13.7203
10/13/2017 19:29:56	50.0	50.0	13.9842
10/13/2017 19:30:07	49.0	49.0	13.9474
10/13/2017 19:30:18	49.0	48.0	14.9215
10/13/2017 19:30:29	48.0	48.0	13.9474
10/13/2017 19:30:40	48.0	48.0	13.7566
10/13/2017 19:30:51	48.0	47.0	14.3603
10/13/2017 19:31:02	48.0	47.0	14.9606
10/13/2017 19:31:13	48.0	47.0	13.1234
10/13/2017 19:31:24	48.0	47.0	13.9474
10/13/2017 19:31:35	48.0	47.0	14.6597
10/13/2017 19:31:46	50.0	50.0	13.9474
10/13/2017 19:31:57	51.0	51.0	12.0735
10/13/2017 19:32:08	52.0	53.0	11.8421
10/13/2017 19:32:19	54.0	53.0	12.5984
10/13/2017 19:32:30	55.0	54.0	13.3159
10/13/2017 19:32:41	56.0	55.0	12.5984
10/13/2017 19:32:52	56.0	55.0	12.336
10/13/2017 19:33:03	56.0	56.0	13.2468
10/13/2017 19:33:14	54.0	53.0	13.4565
10/13/2017 19:33:25	52.0	52.0	13.6126
10/13/2017 19:33:36	51.0	51.0	13.6126
10/13/2017 19:33:47	50.0	50.0	20.3931
10/13/2017 19:33:58	50.0	50.0	13.7203
10/13/2017 19:34:09	49.0	49.0	14.4357
10/13/2017 19:34:20	49.0	48.0	12.6649
10/13/2017 19:34:31	49.0	48.0	13.9842
10/13/2017 19:34:42	48.0	48.0	14.4737
10/13/2017 19:34:54	48.0	48.0	12.963
10/13/2017 19:35:05	48.0	47.0	14.9215
10/13/2017 19:35:16	48.0	47.0	14.2105
10/13/2017 19:35:27	48.0	46.0	14.1732
10/13/2017 19:35:38	48.0	47.0	13.4921
10/13/2017 19:35:49	50.0	49.0	25.522
10/13/2017 19:36:00	51.0	51.0	12.8342
10/13/2017 19:36:11	52.0	51.0	12.7937
10/13/2017 19:36:22	54.0	53.0	12.7604
10/13/2017 19:36:33	54.0	54.0	14.2857
10/13/2017 19:36:44	55.0	54.0	11.5486
10/13/2017 19:36:55	57.0	55.0	12.5984
10/13/2017 19:37:06	56.0	55.0	14.0625
10/13/2017 19:37:17	54.0	53.0	13.9474
10/13/2017 19:37:28	52.0	53.0	13.7203
10/13/2017 19:37:39	51.0	51.0	12.9288
10/13/2017 19:37:50	50.0	50.0	16.9666
10/13/2017 19:38:01	49.0	49.0	13.7203
10/13/2017 19:38:12	49.0	49.0	14.2105
10/13/2017 19:38:23	49.0	48.0	13.6483
10/13/2017 19:38:34	48.0	48.0	14.2105
10/13/2017 19:38:45	48.0	48.0	13.9474
10/13/2017 19:38:56	48.0	47.0	13.9842
10/13/2017 19:39:07	48.0	48.0	20.197
10/13/2017 19:39:18	47.0	46.0	13.7203
10/13/2017 19:39:29	48.0	47.0	13.4921
10/13/2017 19:39:40	49.0	49.0	14.4357
10/13/2017 19:39:52	51.0	51.0	12.9288
10/13/2017 19:40:03	52.0	52.0	12.1372
10/13/2017 19:40:14	53.0	53.0	12.8609
10/13/2017 19:40:25	55.0	54.0	25.058
10/13/2017 19:40:36	55.0	55.0	12.3684
10/13/2017 19:40:47	56.0	56.0	12.3684
10/13/2017 19:40:58	55.0	55.0	12.8272
10/13/2017 19:41:09	54.0	53.0	12.6316
10/13/2017 19:41:20	52.0	52.0	13.089
10/13/2017 19:41:31	51.0	51.0	13.5279
10/13/2017 19:41:42	50.0	50.0	24.9417
10/13/2017 19:41:53	50.0	50.0	13.7203
10/13/2017 19:42:04	50.0	48.0	13.7931
10/13/2017 19:42:15	49.0	48.0	13.7566
10/13/2017 19:42:26	49.0	48.0	14.5503
10/13/2017 19:42:37	48.0	47.0	14.1732
10/13/2017 19:42:48	48.0	48.0	13.7203
10/13/2017 19:42:59	48.0	47.0	21.3429
10/13/2017 19:43:10	48.0	47.0	13.7566
10/13/2017 19:43:21	48.0	47.0	13.9842
10/13/2017 19:43:32	47.0	46.0	14.3979
10/13/2017 19:43:43	48.0	47.0	14.2105
10/13/2017 19:43:54	49.0	48.0	13.7566
10/13/2017 19:44:05	51.0	51.0	14.2105
10/13/2017 19:44:16	52.0	52.0	18
10/13/2017 19:44:27	54.0	53.0	13.089
10/13/2017 19:44:38	54.0	54.0	11.8734
10/13/2017 19:44:49	55.0	54.0	12.8272
10/13/2017 19:45:01	56.0	55.0	13.9474
10/13/2017 19:45:12	56.0	55.0	13.0548
10/13/2017 19:45:23	54.0	53.0	13.2275
10/13/2017 19:45:34	51.0	51.0	15.8031
10/13/2017 19:45:45	51.0	50.0	12.7321
10/13/2017 19:45:56	50.0	49.0	14.1732
10/13/2017 19:46:07	49.0	49.0	14.4357
10/13/2017 19:46:18	50.0	48.0	13.7566
10/13/2017 19:46:29	49.0	48.0	13.8298
10/13/2017 19:46:40	48.0	47.0	13.7203
10/13/2017 19:46:51	48.0	47.0	14.2857
10/13/2017 19:47:02	48.0	48.0	13.7566
10/13/2017 19:47:13	48.0	47.0	13.3858
10/13/2017 19:47:24	48.0	47.0	16.5816
10/13/2017 19:47:35	47.0	47.0	13.8743
10/13/2017 19:47:46	47.0	47.0	13.7931
10/13/2017 19:47:57	48.0	48.0	13.9108
10/13/2017 19:48:08	50.0	50.0	13.7566
10/13/2017 19:48:19	52.0	51.0	12.8609
10/13/2017 19:48:30	52.0	53.0	12.5326
10/13/2017 19:48:41	54.0	54.0	19.8068
10/13/2017 19:48:52	55.0	54.0	13.0548
10/13/2017 19:49:03	55.0	55.0	12.2396
10/13/2017 19:49:14	56.0	56.0	13.5417
10/13/2017 19:49:25	55.0	55.0	12.4011
10/13/2017 19:49:36	53.0	53.0	14.1732
10/13/2017 19:49:47	51.0	51.0	13.8743
10/13/2017 19:49:59	50.0	51.0	14.2857
10/13/2017 19:50:10	50.0	49.0	14.1732
10/13/2017 19:50:21	49.0	48.0	13.5279
10/13/2017 19:50:32	49.0	48.0	15.0259
10/13/2017 19:50:43	48.0	48.0	13.9842
10/13/2017 19:50:54	48.0	48.0	13.4921
10/13/2017 19:51:05	48.0	47.0	14.0212
10/13/2017 19:51:16	48.0	47.0	13.4921
10/13/2017 19:51:27	48.0	47.0	14.9606
10/13/2017 19:51:38	47.0	47.0	13.7203
10/13/2017 19:51:49	48.0	47.0	21.875
10/13/2017 19:52:00	47.0	47.0	13.3508
10/13/2017 19:52:11	47.0	47.0	13.9474
10/13/2017 19:52:22	48.0	47.0	13.8743
10/13/2017 19:52:33	48.0	47.0	13.3508
10/13/2017 19:52:44	50.0	49.0	14.2105
10/13/2017 19:52:55	52.0	51.0	12.5654
10/13/2017 19:53:06	53.0	52.0	12.5984
10/13/2017 19:53:17	54.0	53.0	12.8272
10/13/2017 19:53:28	55.0	54.0	13.3858
10/13/2017 19:53:39	55.0	54.0	13.6598
10/13/2017 19:53:50	57.0	55.0	12.7937
10/13/2017 19:54:01	55.0	54.0	12.5984
10/13/2017 19:54:12	53.0	53.0	13.6842
10/13/2017 19:54:23	52.0	51.0	13.6483
10/13/2017 19:54:34	51.0	50.0	14.0212
10/13/2017 19:54:45	51.0	49.0	12.8609
10/13/2017 19:54:56	50.0	48.0	19.202
10/13/2017 19:55:08	49.0	48.0	14.2105
10/13/2017 19:55:19	48.0	48.0	13.6842
10/13/2017 19:55:30	48.0	48.0	14.6982
10/13/2017 19:55:41	48.0	47.0	13.9108
10/13/2017 19:55:52	48.0	48.0	13.6842
10/13/2017 19:56:03	48.0	47.0	13.7203
10/13/2017 19:56:14	47.0	47.0	14.9215
10/13/2017 19:56:25	48.0	46.0	13.9108
10/13/2017 19:56:36	47.0	47.0	13.4565
10/13/2017 19:56:47	49.0	48.0	13.9842
10/13/2017 19:56:58	50.0	50.0	17.8218
10/13/2017 19:57:09	52.0	51.0	12.9288
10/13/2017 19:57:20	53.0	52.0	12.5984
10/13/2017 19:57:31	54.0	54.0	13.0548
10/13/2017 19:57:42	55.0	55.0	19.2683
10/13/2017 19:57:53	56.0	56.0	12.5654
10/13/2017 19:58:04	56.0	56.0	12.6984
10/13/2017 19:58:15	55.0	55.0	12.8272
10/13/2017 19:58:26	54.0	53.0	13.9108
10/13/2017 19:58:37	51.0	52.0	14.248
10/13/2017 19:58:48	50.0	50.0	13.7203
10/13/2017 19:58:59	50.0	50.0	16.8798
10/13/2017 19:59:10	50.0	49.0	13.6842
10/13/2017 19:59:21	49.0	48.0	14.4357
10/13/2017 19:59:32	48.0	48.0	18.5
10/13/2017 19:59:43	48.0	48.0	13.7203
10/13/2017 19:59:55	48.0	48.0	13.6483
10/13/2017 20:00:06	48.0	47.0	14.6214
10/13/2017 20:00:17	48.0	47.0	12.6316
10/13/2017 20:00:28	48.0	47.0	14.1361
10/13/2017 20:00:39	48.0	47.0	13.4211
10/13/2017 20:00:50	48.0	47.0	13.6842
10/13/2017 20:01:01	49.0	48.0	14.248
10/13/2017 20:01:12	50.0	50.0	12.8947
10/13/2017 20:01:23	51.0	52.0	12.8609
10/13/2017 20:01:34	53.0	53.0	13.4715
10/13/2017 20:01:45	54.0	53.0	13.0548
10/13/2017 20:01:56	55.0	54.0	13.1234
10/13/2017 20:02:07	56.0	55.0	13.2812
10/13/2017 20:02:18	56.0	56.0	12.3037
10/13/2017 20:02:29	54.0	54.0	14.1732
10/13/2017 20:02:40	52.0	53.0	13.9474
10/13/2017 20:02:51	51.0	51.0	23.5154
10/13/2017 20:03:02	50.0	51.0	13.8743
10/13/2017 20:03:13	49.0	50.0	13.9108
10/13/2017 20:03:24	49.0	49.0	14.0212
10/13/2017 20:03:35	48.0	48.0	13.6483
10/13/2017 20:03:46	49.0	48.0	13.7566
10/13/2017 20:03:57	48.0	47.0	14.2105
10/13/2017 20:04:08	48.0	48.0	14.8825
10/13/2017 20:04:19	48.0	47.0	13.5279
10/13/2017 20:04:30	48.0	47.0	23.0952
10/13/2017 20:04:41	47.0	47.0	14.0212
10/13/2017 20:04:53	48.0	47.0	15.4047
10/13/2017 20:05:04	50.0	50.0	13.4565
10/13/2017 20:05:15	51.0	51.0	12.4339
10/13/2017 20:05:26	52.0	53.0	12.3037
10/13/2017 20:05:37	54.0	53.0	12.8609
10/13/2017 20:05:48	55.0	55.0	13.0208
10/13/2017 20:05:59	55.0	55.0	12.5984
10/13/2017 20:06:10	56.0	55.0	13.089
10/13/2017 20:06:21	55.0	54.0	12.4011
10/13/2017 20:06:32	52.0	52.0	13.3858
10/13/2017 20:06:43	52.0	51.0	13.4921
10/13/2017 20:06:54	51.0	50.0	13.9842
10/13/2017 20:07:05	50.0	50.0	13.6842
10/13/2017 20:07:16	50.0	48.0	14.2105
10/13/2017 20:07:27	48.0	48.0	13.2275
10/13/2017 20:07:38	49.0	48.0	14.3979
10/13/2017 20:07:49	49.0	48.0	12.9973
10/13/2017 20:08:00	48.0	48.0	13.4565
10/13/2017 20:08:11	48.0	47.0	13.9842
10/13/2017 20:08:22	47.0	47.0	13.7566
10/13/2017 20:08:33	48.0	47.0	13.7203
10/13/2017 20:08:44	48.0	47.0	11.811
10/13/2017 20:08:55	48.0	46.0	16.4524
10/13/2017 20:09:06	47.0	47.0	13.4565
10/13/2017 20:09:17	49.0	48.0	23.9336
10/13/2017 20:09:28	51.0	50.0	13.6842
10/13/2017 20:09:39	51.0	51.0	13.6126
10/13/2017 20:09:50	53.0	52.0	12.7604
10/13/2017 20:10:02	54.0	53.0	12.6316
10/13/2017 20:10:13	55.0	54.0	12.0735
10/13/2017 20:10:24	56.0	55.0	12.7937
10/13/2017 20:10:35	57.0	56.0	12.3684
10/13/2017 20:10:46	55.0	54.0	12.3684
10/13/2017 20:10:57	53.0	53.0	14.3979
10/13/2017 20:11:08	51.0	51.0	14.3979
10/13/2017 20:11:19	51.0	51.0	15.5039
10/13/2017 20:11:30	50.0	49.0	14.248
10/13/2017 20:11:41	49.0	49.0	14.6214
10/13/2017 20:11:52	49.0	48.0	13.9474
10/13/2017 20:12:03	48.0	48.0	13.3159
10/13/2017 20:12:14	48.0	47.0	13.4211
10/13/2017 20:12:25	48.0	47.0	13.9474
10/13/2017 20:12:36	48.0	47.0	13.9474
10/13/2017 20:12:47	48.0	47.0	13.7931
10/13/2017 20:12:58	47.0	47.0	16.8367
10/13/2017 20:13:09	47.0	47.0	13.9842
10/13/2017 20:13:20	48.0	47.0	14.3979
10/13/2017 20:13:31	48.0	48.0	14.2105
10/13/2017 20:13:42	50.0	50.0	13.7203
10/13/2017 20:13:53	51.0	51.0	13.4211
10/13/2017 20:14:04	52.0	52.0	12.3037
10/13/2017 20:14:15	53.0	54.0	14.0212
10/13/2017 20:14:26	55.0	54.0	13.3858
10/13/2017 20:14:37	56.0	55.0	13.2124
10/13/2017 20:14:48	56.0	56.0	12.1053
10/13/2017 20:15:00	54.0	54.0	12.3684
10/13/2017 20:15:11	53.0	52.0	14.6597
10/13/2017 20:15:22	52.0	52.0	13.9108
10/13/2017 20:15:33	50.0	50.0	15.6658
10/13/2017 20:15:44	49.0	50.0	13.7203
10/13/2017 20:15:55	49.0	49.0	14.6597
10/13/2017 20:16:06	49.0	48.0	13.9108
10/13/2017 20:16:17	49.0	48.0	14.0212
10/13/2017 20:16:28	48.0	47.0	14.1732
10/13/2017 20:16:39	48.0	47.0	12.9973
10/13/2017 20:16:50	48.0	48.0	23.3491
10/13/2017 20:17:01	48.0	46.0	15
10/13/2017 20:17:12	48.0	47.0	13.6842
10/13/2017 20:17:23	47.0	47.0	13.4565
10/13/2017 20:17:34	48.0	47.0	14.0212
10/13/2017 20:17:45	47.0	47.0	14.4737
10/13/2017 20:17:56	49.0	49.0	14.2857
10/13/2017 20:18:07	51.0	51.0	13.9108
10/13/2017 20:18:18	51.0	51.0	12.5654
10/13/2017 20:18:29	53.0	53.0	12.5654
10/13/2017 20:18:40	55.0	54.0	14.2105
10/13/2017 20:18:51	55.0	55.0	12.1053
10/13/2017 20:19:02	56.0	55.0	14.1732
10/13/2017 20:19:13	56.0	55.0	12.5326
10/13/2017 20:19:24	53.0	53.0	12.5654
10/13/2017 20:19:35	51.0	51.0	13.7931
10/13/2017 20:19:46	50.0	51.0	14.9606
10/13/2017 20:19:58	50.0	50.0	17.8841
10/13/2017 20:20:09	50.0	50.0	14.6982
10/13/2017 20:20:20	49.0	48.0	12.9288
10/13/2017 20:20:31	48.0	49.0	13.5279
10/13/2017 20:20:42	48.0	48.0	13.9474
10/13/2017 20:20:53	48.0	48.0	22.542
10/13/2017 20:21:04	48.0	48.0	13.9842
10/13/2017 20:21:15	47.0	47.0	13.7566
10/13/2017 20:21:26	48.0	48.0	14.6597
10/13/2017 20:21:37	50.0	50.0	13.4565
10/13/2017 20:21:48	51.0	51.0	22.7818
10/13/2017 20:21:59	53.0	53.0	12.7937
10/13/2017 20:22:10	54.0	53.0	13.0548
10/13/2017 20:22:21	55.0	54.0	12.0735
10/13/2017 20:22:32	55.0	55.0	12.5654
10/13/2017 20:22:43	56.0	56.0	18.0247
10/13/2017 20:22:54	57.0	57.0	13.0548
10/13/2017 20:23:05	55.0	54.0	11.8421
10/13/2017 20:23:16	52.0	53.0	14.4357
10/13/2017 20:23:27	51.0	51.0	14.0212
10/13/2017 20:23:38	50.0	50.0	17.2589
10/13/2017 20:23:49	49.0	49.0	13.7566
10/13/2017 20:24:00	49.0	48.0	13.4565
10/13/2017 20:24:11	48.0	49.0	14.9606
10/13/2017 20:24:22	48.0	48.0	13.6842
10/13/2017 20:24:33	48.0	48.0	15.1436
10/13/2017 20:24:44	48.0	47.0	13.4565
10/13/2017 20:24:55	48.0	46.0	13.7566
10/13/2017 20:25:07	49.0	48.0	13.7566
10/13/2017 20:25:18	50.0	50.0	16.7979
10/13/2017 20:25:29	52.0	51.0	12.5654
10/13/2017 20:25:40	52.0	52.0	12.0735
10/13/2017 20:25:51	54.0	54.0	12.5654
10/13/2017 20:26:02	54.0	54.0	12.4339
10/13/2017 20:26:13	56.0	54.0	12.6316
10/13/2017 20:26:24	56.0	55.0	12.5326
10/13/2017 20:26:35	56.0	56.0	12.8272
10/13/2017 20:26:46	53.0	53.0	13.1579
10/13/2017 20:26:57	52.0	53.0	19.25
10/13/2017 20:27:08	51.0	51.0	13.6842
10/13/2017 20:27:19	50.0	49.0	14.2105
10/13/2017 20:27:30	49.0	48.0	13.9474
10/13/2017 20:27:41	48.0	48.0	14.4737
10/13/2017 20:27:52	48.0	48.0	22.7273
10/13/2017 20:28:03	48.0	47.0	14.4737
10/13/2017 20:28:14	48.0	47.0	13.4565
10/13/2017 20:28:25	48.0	47.0	14.6982
10/13/2017 20:28:36	50.0	48.0	13.4921
10/13/2017 20:28:47	51.0	50.0	13.5417
10/13/2017 20:28:58	52.0	51.0	12.5654
10/13/2017 20:29:09	53.0	53.0	12.7604
10/13/2017 20:29:20	54.0	54.0	12.9288
10/13/2017 20:29:31	55.0	55.0	12.1053
10/13/2017 20:29:42	56.0	55.0	12.8272
10/13/2017 20:29:53	57.0	56.0	13.0208
10/13/2017 20:30:04	56.0	55.0	12.8272
10/13/2017 20:30:16	53.0	53.0	12.6316
10/13/2017 20:30:27	51.0	52.0	14.8825
10/13/2017 20:30:38	51.0	50.0	13.9842
10/13/2017 20:30:49	50.0	50.0	14.9606
10/13/2017 20:31:00	50.0	48.0	14.2105
10/13/2017 20:31:11	48.0	48.0	14.4737
10/13/2017 20:31:22	48.0	47.0	13.7203
10/13/2017 20:31:33	48.0	46.0	24.1135
10/13/2017 20:31:44	48.0	47.0	13.1579
10/13/2017 20:31:55	48.0	47.0	13.4921
10/13/2017 20:32:06	49.0	48.0	14.2857
10/13/2017 20:32:17	51.0	50.0	13.089
10/13/2017 20:32:28	52.0	51.0	15.9091
10/13/2017 20:32:39	52.0	53.0	12.8272
10/13/2017 20:32:50	54.0	53.0	12.3684
10/13/2017 20:33:01	55.0	54.0	12.8272
10/13/2017 20:33:12	56.0	56.0	12.3684
10/13/2017 20:33:23	56.0	56.0	20.0483
10/13/2017 20:33:34	57.0	56.0	13.0208
10/13/2017 20:33:45	55.0	54.0	12.7937
10/13/2017 20:33:56	52.0	52.0	18.1579
10/13/2017 20:34:07	51.0	51.0	15.8442
10/13/2017 20:34:18	51.0	50.0	17.4935
10/13/2017 20:34:29	50.0	50.0	14.7368
10/13/2017 20:34:40	50.0	50.0	16.9713
10/13/2017 20:34:51	49.0	49.0	17.3575
10/13/2017 20:35:02	49.0	48.0	17.6623
10/13/2017 20:35:13	49.0	48.0	15.8854
10/13/2017 20:35:24	49.0	48.0	17.942
10/13/2017 20:35:35	48.0	48.0	14.6597
10/13/2017 20:35:47	48.0	48.0	15.9686
10/13/2017 20:35:58	48.0	47.0	15.7895
10/13/2017 20:36:09	48.0	46.0	13.9474
10/13/2017 20:36:20	48.0	48.0	14.6597
10/13/2017 20:36:31	50.0	49.0	13.5279
10/13/2017 20:36:42	51.0	51.0	14.2857
10/13/2017 20:36:53	52.0	51.0	12.1053
10/13/2017 20:37:04	53.0	53.0	13.8021
10/13/2017 20:37:15	54.0	54.0	13.1579
10/13/2017 20:37:26	55.0	54.0	12.6316
10/13/2017 20:37:37	55.0	56.0	13.0208
10/13/2017 20:37:48	57.0	56.0	22.3529
10/13/2017 20:37:59	56.0	55.0	12.3037
10/13/2017 20:38:10	53.0	53.0	14.026
10/13/2017 20:38:21	52.0	52.0	13.6126
10/13/2017 20:38:32	50.0	50.0	14.3236
10/13/2017 20:38:43	50.0	50.0	14.0212
10/13/2017 20:38:54	49.0	49.0	13.6483
10/13/2017 20:39:05	49.0	48.0	16.4948
10/13/2017 20:39:16	48.0	48.0	13.7566
10/13/2017 20:39:27	48.0	48.0	14.4737
10/13/2017 20:39:38	48.0	47.0	13.4921
10/13/2017 20:39:49	48.0	47.0	14.3236
10/13/2017 20:40:00	47.0	47.0	13.6842
10/13/2017 20:40:11	48.0	48.0	14.0584
10/13/2017 20:40:22	50.0	50.0	22.8029
10/13/2017 20:40:33	52.0	52.0	18.1347
10/13/2017 20:40:44	53.0	53.0	15.8442
10/13/2017 20:40:55	54.0	54.0	17.1875
10/13/2017 20:41:07	55.0	55.0	19.0104
10/13/2017 20:41:18	56.0	56.0	17.5393
10/13/2017 20:41:29	56.0	56.0	14.7668
10/13/2017 20:41:40	53.0	54.0	17.0604
10/13/2017 20:41:51	53.0	53.0	15.8442
10/13/2017 20:42:02	51.0	51.0	17.4026
10/13/2017 20:42:13	50.0	51.0	20.936
10/13/2017 20:42:24	51.0	50.0	16.7102
10/13/2017 20:42:35	50.0	50.0	17.1429
10/13/2017 20:42:46	50.0	48.0	16.1039
10/13/2017 20:42:57	49.0	49.0	16.9713
10/13/2017 20:43:08	49.0	48.0	18.3784
10/13/2017 20:43:19	48.0	48.0	15.8031
10/13/2017 20:43:30	49.0	48.0	17.2775
10/13/2017 20:43:41	49.0	49.0	16.9713
10/13/2017 20:43:52	48.0	48.0	16.8831
10/13/2017 20:44:03	49.0	48.0	14.8825
10/13/2017 20:44:14	49.0	48.0	17.7546
10/13/2017 20:44:25	48.0	48.0	18.3938
10/13/2017 20:44:36	49.0	48.0	21.7172
10/13/2017 20:44:47	48.0	48.0	16.8394
10/13/2017 20:44:58	49.0	48.0	16.4491
10/13/2017 20:45:09	48.0	47.0	23.8554
10/13/2017 20:45:20	48.0	48.0	17.1429
10/13/2017 20:45:31	48.0	48.0	17.7083
10/13/2017 20:45:42	48.0	48.0	17.1355
10/13/2017 20:45:53	48.0	47.0	20.0521
10/13/2017 20:46:04	49.0	48.0	17.7083
10/13/2017 20:46:15	47.0	48.0	17.6623
10/13/2017 20:46:26	48.0	47.0	16.9713
10/13/2017 20:46:37	48.0	47.0	18.1818
10/13/2017 20:46:48	48.0	47.0	16.8831
10/13/2017 20:46:59	48.0	47.0	17.2324
10/13/2017 20:47:10	48.0	48.0	16.3636
10/13/2017 20:47:21	48.0	48.0	19.3798
10/13/2017 20:47:32	47.0	48.0	17.7546
10/13/2017 20:47:43	47.0	48.0	16.3636
10/13/2017 20:47:55	48.0	47.0	17.4935
10/13/2017 20:48:06	48.0	47.0	15.3247
10/13/2017 20:48:17	48.0	48.0	16.5375
10/13/2017 20:48:28	48.0	47.0	19.171
10/13/2017 20:48:39	48.0	47.0	17.0157
10/13/2017 20:48:50	48.0	47.0	16.9713
10/13/2017 20:49:01	49.0	49.0	18.799
10/13/2017 20:49:12	50.0	50.0	17.6623
10/13/2017 20:49:23	52.0	52.0	15.6658
10/13/2017 20:49:34	54.0	53.0	17.8478
10/13/2017 20:49:45	55.0	54.0	16.4062
10/13/2017 20:49:56	56.0	56.0	17.7083
10/13/2017 20:50:07	57.0	56.0	17.1429
10/13/2017 20:50:18	54.0	54.0	17.801
10/13/2017 20:50:29	52.0	53.0	16.7539
10/13/2017 20:50:40	52.0	51.0	17.0157
10/13/2017 20:50:51	51.0	51.0	16.6667
10/13/2017 20:51:02	51.0	50.0	16.2304
10/13/2017 20:51:13	50.0	50.0	19.2708
10/13/2017 20:51:24	49.0	49.0	17.0543
10/13/2017 20:51:35	49.0	49.0	16.6234
10/13/2017 20:51:46	50.0	49.0	18.0628
10/13/2017 20:51:57	49.0	48.0	15.8854
10/13/2017 20:52:08	48.0	48.0	18.0628
10/13/2017 20:52:19	49.0	49.0	18.0157
10/13/2017 20:52:30	49.0	48.0	16.1039
10/13/2017 20:52:41	49.0	48.0	16.4491
10/13/2017 20:52:52	49.0	48.0	19.7403
10/13/2017 20:53:03	49.0	47.0	17.4935
10/13/2017 20:53:14	48.0	48.0	18.3246
10/13/2017 20:53:25	48.0	48.0	18.299
10/13/2017 20:53:36	48.0	47.0	17.1875
10/13/2017 20:53:47	48.0	48.0	19.5822
10/13/2017 20:53:58	48.0	48.0	19.3299
10/13/2017 20:54:09	49.0	48.0	18.2292
10/13/2017 20:54:20	48.0	49.0	18.6528
10/13/2017 20:54:31	48.0	47.0	21.9212
10/13/2017 20:54:42	49.0	47.0	16.7979
10/13/2017 20:54:53	48.0	48.0	19.8433
10/13/2017 20:55:05	49.0	47.0	25
10/13/2017 20:55:16	48.0	47.0	17.3575
10/13/2017 20:55:27	48.0	48.0	16.7102
10/13/2017 20:55:38	48.0	47.0	22.3618
10/13/2017 20:55:49	47.0	47.0	16.1039
10/13/2017 20:56:00	48.0	47.0	15.7068
10/13/2017 20:56:11	48.0	47.0	16.1458
10/13/2017 20:56:22	48.0	47.0	16.1039
10/13/2017 20:56:33	48.0	47.0	17.2775
10/13/2017 20:56:44	48.0	47.0	16.8421
10/13/2017 20:56:55	48.0	47.0	16.6667
10/13/2017 20:57:06	48.0	47.0	17.801
10/13/2017 20:57:17	48.0	47.0	17.0157
10/13/2017 20:57:28	49.0	48.0	16.6234
10/13/2017 20:57:39	48.0	48.0	18.0157
10/13/2017 20:57:50	49.0	47.0	18.1102
10/13/2017 20:58:01	48.0	48.0	17.9688
10/13/2017 20:58:12	48.0	48.0	17.3575
10/13/2017 20:58:23	48.0	48.0	18.5864
10/13/2017 20:58:34	48.0	47.0	15.8442
10/13/2017 20:58:45	48.0	47.0	16.6667
10/13/2017 20:58:56	48.0	47.0	15.3247
10/13/2017 20:59:07	48.0	47.0	18.0628
10/13/2017 20:59:18	48.0	47.0	17.3913
10/13/2017 20:59:29	48.0	47.0	16.9713
10/13/2017 20:59:40	48.0	47.0	18.4896
10/13/2017 20:59:51	49.0	47.0	23.8443
10/13/2017 21:00:02	48.0	47.0	17.9221
10/13/2017 21:00:13	48.0	47.0	15.7068
10/13/2017 21:00:24	49.0	47.0	20.7161
10/13/2017 21:00:35	48.0	47.0	17.4935
10/13/2017 21:00:46	47.0	47.0	14.9215
10/13/2017 21:00:57	50.0	49.0	17.4479
10/13/2017 21:01:08	51.0	51.0	16.9271
10/13/2017 21:01:19	53.0	52.0	16.1039
10/13/2017 21:01:30	54.0	53.0	15.5844
10/13/2017 21:01:41	55.0	54.0	16.1458
10/13/2017 21:01:52	56.0	55.0	16.9713
10/13/2017 21:02:03	58.0	57.0	15.9269
10/13/2017 21:02:14	55.0	54.0	15.6658
10/13/2017 21:02:26	53.0	53.0	17.2324
10/13/2017 21:02:37	52.0	51.0	15.625
10/13/2017 21:02:48	51.0	51.0	17.1429
10/13/2017 21:02:59	50.0	50.0	18.3463
10/13/2017 21:03:10	51.0	49.0	17.4479
10/13/2017 21:03:21	50.0	49.0	16.4062
10/13/2017 21:03:32	49.0	49.0	22.0049
10/13/2017 21:03:43	49.0	48.0	17.0604
10/13/2017 21:03:54	49.0	48.0	15.625
10/13/2017 21:04:05	48.0	48.0	21.2195
10/13/2017 21:04:16	49.0	48.0	16.2304
10/13/2017 21:04:27	48.0	48.0	15.9269
10/13/2017 21:04:38	48.0	48.0	16.7959
10/13/2017 21:04:49	48.0	48.0	17.1429
10/13/2017 21:05:00	50.0	50.0	19.8454
10/13/2017 21:05:11	49.0	49.0	19.5373
10/13/2017 21:05:22	50.0	50.0	14.6667
10/13/2017 21:05:33	49.0	48.0	16.2304
10/13/2017 21:05:44	53.0	50.0	16.4456
10/13/2017 21:05:55	49.0	48.0	20.3518
10/13/2017 21:06:06	48.0	48.0	17.2324
10/13/2017 21:06:17	49.0	48.0	16.3636
10/13/2017 21:06:28	48.0	48.0	17.3127
10/13/2017 21:06:39	49.0	48.0	19.2708
10/13/2017 21:06:50	48.0	48.0	18.0157
10/13/2017 21:07:01	48.0	48.0	20.2073
10/13/2017 21:07:12	48.0	47.0	18.3727
10/13/2017 21:07:23	48.0	48.0	16.9271
10/13/2017 21:07:34	48.0	48.0	13.9842
10/13/2017 21:07:45	47.0	47.0	14.4357
10/13/2017 21:07:56	47.0	47.0	13.0548
10/13/2017 21:08:07	49.0	49.0	13.6842
10/13/2017 21:08:18	51.0	51.0	14.6597
10/13/2017 21:08:29	52.0	51.0	12.3684
10/13/2017 21:08:40	53.0	53.0	12.8272
10/13/2017 21:08:52	54.0	53.0	21.564
10/13/2017 21:09:03	55.0	54.0	12.987
10/13/2017 21:09:14	55.0	55.0	11.8421
10/13/2017 21:09:25	56.0	55.0	13.8021
10/13/2017 21:09:36	56.0	55.0	12.0419
10/13/2017 21:09:47	53.0	53.0	14.0625
10/13/2017 21:09:58	51.0	52.0	15.8442
10/13/2017 21:10:09	51.0	51.0	16.4491
10/13/2017 21:10:20	51.0	50.0	16.4491
10/13/2017 21:10:31	50.0	50.0	15.8854
10/13/2017 21:10:42	50.0	50.0	15.8854
10/13/2017 21:10:53	50.0	49.0	20.5195
10/13/2017 21:11:04	50.0	49.0	16.8831
10/13/2017 21:11:15	49.0	49.0	18.1579
10/13/2017 21:11:26	49.0	48.0	17.3127
10/13/2017 21:11:37	50.0	49.0	16.7102
10/13/2017 21:11:48	49.0	48.0	17.1429
10/13/2017 21:11:59	49.0	48.0	16.8394
10/13/2017 21:12:10	49.0	48.0	16.5803
10/13/2017 21:12:21	49.0	48.0	16.273
10/13/2017 21:12:32	49.0	48.0	17.7083
10/13/2017 21:12:43	48.0	48.0	16.6667
10/13/2017 21:12:54	49.0	48.0	18.0157
10/13/2017 21:13:05	48.0	48.0	16.7526
10/13/2017 21:13:16	48.0	48.0	17.801
10/13/2017 21:13:27	49.0	48.0	18.9873
10/13/2017 21:13:38	48.0	48.0	16.7979
10/13/2017 21:13:49	48.0	48.0	17.5393
10/13/2017 21:14:00	49.0	48.0	21.7284
10/13/2017 21:14:11	48.0	48.0	17.1875
10/13/2017 21:14:22	49.0	48.0	17.1875
10/13/2017 21:14:33	49.0	47.0	20.3431
10/13/2017 21:14:44	48.0	48.0	18.799
10/13/2017 21:14:55	48.0	47.0	19.3211
10/13/2017 21:15:06	48.0	47.0	25.5422
10/13/2017 21:15:17	49.0	48.0	18.0628
10/13/2017 21:15:28	48.0	48.0	14.9215
10/13/2017 21:15:39	48.0	48.0	24.7573
10/13/2017 21:15:51	48.0	48.0	18.2768
10/13/2017 21:16:02	48.0	48.0	18.3727
10/13/2017 21:16:13	48.0	47.0	24.3373
10/13/2017 21:16:24	48.0	48.0	17.3127
10/13/2017 21:16:35	48.0	47.0	18.5379
10/13/2017 21:16:46	48.0	47.0	24.1546
10/13/2017 21:16:57	48.0	47.0	16.6667
10/13/2017 21:17:08	48.0	47.0	20.0521
10/13/2017 21:17:19	48.0	47.0	22.3022
10/13/2017 21:17:30	48.0	48.0	15.5844
10/13/2017 21:17:41	48.0	48.0	18.0628
10/13/2017 21:17:52	48.0	47.0	25
10/13/2017 21:18:03	48.0	48.0	19.5822
10/13/2017 21:18:14	49.0	48.0	18.4416
10/13/2017 21:18:25	48.0	48.0	21.393
10/13/2017 21:18:36	48.0	47.0	15.6658
10/13/2017 21:18:47	48.0	48.0	16.7539
10/13/2017 21:18:58	48.0	48.0	14.8438
10/13/2017 21:19:09	48.0	47.0	14.248
10/13/2017 21:19:20	48.0	47.0	13.6842
10/13/2017 21:19:31	47.0	47.0	14.6597
10/13/2017 21:19:42	48.0	46.0	13.2275
10/13/2017 21:19:53	49.0	49.0	13.9474
10/13/2017 21:20:04	51.0	50.0	13.9842
10/13/2017 21:20:15	52.0	51.0	12.5984
10/13/2017 21:20:26	53.0	53.0	12.7604
10/13/2017 21:20:37	55.0	53.0	12.5984
10/13/2017 21:20:48	55.0	54.0	12.3037
10/13/2017 21:20:59	55.0	56.0	13.0208
10/13/2017 21:21:10	56.0	55.0	13.3508
10/13/2017 21:21:21	54.0	54.0	13.9108
10/13/2017 21:21:32	52.0	52.0	13.6126
10/13/2017 21:21:43	51.0	51.0	13.4565
10/13/2017 21:21:54	51.0	50.0	16.9271
10/13/2017 21:22:06	51.0	50.0	18.2292
10/13/2017 21:22:17	50.0	50.0	16.1458
10/13/2017 21:22:28	50.0	50.0	16.1458
10/13/2017 21:22:39	49.0	49.0	18.3246
10/13/2017 21:22:50	49.0	50.0	17.4935
10/13/2017 21:23:01	49.0	49.0	17.2324
10/13/2017 21:23:12	49.0	49.0	18.75
10/13/2017 21:23:23	49.0	48.0	16.0622
10/13/2017 21:23:34	49.0	48.0	17.4935
10/13/2017 21:23:45	49.0	48.0	18.2768
10/13/2017 21:23:56	49.0	48.0	17.4935
10/13/2017 21:24:07	49.0	49.0	19.3211
10/13/2017 21:24:18	49.0	48.0	32.2981
10/13/2017 21:24:29	49.0	48.0	18.0628
10/13/2017 21:24:40	50.0	49.0	17.4935
10/13/2017 21:24:51	49.0	48.0	17.7083
10/13/2017 21:25:02	49.0	48.0	16.5354
10/13/2017 21:25:13	49.0	48.0	17.4479
10/13/2017 21:25:24	49.0	48.0	16.7526
10/13/2017 21:25:35	49.0	48.0	16.7539
10/13/2017 21:25:46	48.0	47.0	16.1458
10/13/2017 21:25:57	48.0	48.0	22.2772
10/13/2017 21:26:08	48.0	47.0	17.2324
10/13/2017 21:26:19	48.0	48.0	16.4921
10/13/2017 21:26:30	48.0	48.0	24.7596
10/13/2017 21:26:41	48.0	47.0	19.3211
10/13/2017 21:26:52	48.0	48.0	17.7546
10/13/2017 21:27:03	48.0	47.0	21.34
10/13/2017 21:27:14	48.0	48.0	16.4062
10/13/2017 21:27:25	48.0	47.0	15.5844
10/13/2017 21:27:36	49.0	48.0	16.1458
10/13/2017 21:27:47	49.0	48.0	18.2292
10/13/2017 21:27:58	49.0	48.0	17.0984
10/13/2017 21:28:09	48.0	48.0	17.8478
10/13/2017 21:28:20	48.0	48.0	18.3938
10/13/2017 21:28:31	48.0	48.0	17.1875
10/13/2017 21:28:42	48.0	48.0	16.2304
10/13/2017 21:28:53	49.0	49.0	17.7083
10/13/2017 21:29:04	49.0	48.0	15.8442
10/13/2017 21:29:15	49.0	48.0	16.8831
10/13/2017 21:29:27	48.0	48.0	17.6781
10/13/2017 21:29:38	48.0	47.0	16.1039
10/13/2017 21:29:49	49.0	48.0	15.625
10/13/2017 21:30:00	48.0	48.0	18.3463
10/13/2017 21:30:11	48.0	48.0	19.4805
10/13/2017 21:30:22	48.0	48.0	17.2775
10/13/2017 21:30:33	49.0	47.0	15.9269
10/13/2017 21:30:44	48.0	47.0	16.188
10/13/2017 21:30:55	48.0	47.0	17.7083
10/13/2017 21:31:06	47.0	48.0	20.1044
10/13/2017 21:31:17	48.0	47.0	15.544
10/13/2017 21:31:28	48.0	48.0	17.7546
10/13/2017 21:31:39	48.0	47.0	16.4921
10/13/2017 21:31:50	49.0	48.0	22.1675
10/13/2017 21:32:01	49.0	48.0	16.3158
10/13/2017 21:32:12	48.0	48.0	16.188
10/13/2017 21:32:23	48.0	47.0	25.2404
10/13/2017 21:32:34	48.0	47.0	18.2768
10/13/2017 21:32:45	49.0	47.0	16.5354
10/13/2017 21:32:56	49.0	48.0	18.5751
10/13/2017 21:33:07	49.0	48.0	17.9688
10/13/2017 21:33:18	49.0	48.0	17.0157
10/13/2017 21:33:29	49.0	48.0	17.6623
10/13/2017 21:33:40	48.0	48.0	19.0104
10/13/2017 21:33:51	49.0	47.0	27.6139
10/13/2017 21:34:02	50.0	49.0	19.9482
10/13/2017 21:34:13	50.0	50.0	19.171
10/13/2017 21:34:24	51.0	50.0	18.509
10/13/2017 21:34:35	51.0	50.0	19.9482
10/13/2017 21:34:46	50.0	50.0	20
10/13/2017 21:34:57	50.0	50.0	20.3608
10/13/2017 21:35:08	51.0	50.0	20.2073
10/13/2017 21:35:19	51.0	50.0	19.171
10/13/2017 21:35:30	51.0	50.0	18.9744
10/13/2017 21:35:41	51.0	51.0	21.3542
10/13/2017 21:35:52	51.0	50.0	18.3938
10/13/2017 21:36:03	51.0	50.0	19.1214
10/13/2017 21:36:14	50.0	51.0	22.4806
10/13/2017 21:36:25	52.0	51.0	19.1214
10/13/2017 21:36:36	55.0	54.0	22.7041
10/13/2017 21:36:47	56.0	55.0	18.0879
10/13/2017 21:36:59	57.0	56.0	22.8137
10/13/2017 21:37:10	56.0	54.0	20.9068
10/13/2017 21:37:21	52.0	52.0	16.4921
10/13/2017 21:37:33	52.0	51.0	17.8947
10/13/2017 21:37:44	51.0	51.0	16.7102
10/13/2017 21:37:55	50.0	50.0	15.9269
10/13/2017 21:38:06	50.0	50.0	15.1042
10/13/2017 21:38:17	51.0	50.0	16.7979
10/13/2017 21:38:28	50.0	50.0	16.8394
10/13/2017 21:38:39	50.0	50.0	16.1458
10/13/2017 21:38:50	50.0	49.0	18.4211
10/13/2017 21:39:01	49.0	49.0	19.0355
10/13/2017 21:39:12	49.0	48.0	15.0649
10/13/2017 21:39:23	49.0	49.0	15.8031
10/13/2017 21:39:34	49.0	48.0	17.1875
10/13/2017 21:39:45	49.0	48.0	16.8831
10/13/2017 21:39:56	49.0	48.0	20.6897
10/13/2017 21:40:07	49.0	48.0	15.7068
10/13/2017 21:40:18	49.0	48.0	16.1039
10/13/2017 21:40:29	49.0	48.0	16.4491
10/13/2017 21:40:40	49.0	48.0	15.8442
10/13/2017 21:40:51	49.0	48.0	15.748
10/13/2017 21:41:02	49.0	48.0	15.8854
10/13/2017 21:41:13	48.0	48.0	14.8438
10/13/2017 21:41:24	49.0	48.0	16.1039
10/13/2017 21:41:35	49.0	48.0	16.8421
10/13/2017 21:41:46	48.0	48.0	16.188
10/13/2017 21:41:57	49.0	48.0	14.9606
10/13/2017 21:42:08	48.0	48.0	20.3125
10/13/2017 21:42:19	50.0	49.0	16.3158
10/13/2017 21:42:30	49.0	48.0	16.3588
10/13/2017 21:42:41	50.0	48.0	15.1436
10/13/2017 21:42:52	49.0	49.0	18.0628
10/13/2017 21:43:03	49.0	48.0	17.6781
10/13/2017 21:43:14	49.0	48.0	15.3646
10/13/2017 21:43:25	49.0	48.0	15.2231
10/13/2017 21:43:36	49.0	48.0	16.6234
10/13/2017 21:43:47	49.0	48.0	17.4026
10/13/2017 21:43:58	49.0	48.0	18.2292
10/13/2017 21:44:09	49.0	49.0	16.7979
10/13/2017 21:44:20	49.0	48.0	17.6623
10/13/2017 21:44:31	49.0	48.0	16.4921
10/13/2017 21:44:43	49.0	48.0	17.4935
10/13/2017 21:44:54	49.0	48.0	16.5803
10/13/2017 21:45:05	48.0	48.0	22.6601
10/13/2017 21:45:16	48.0	48.0	15.625
10/13/2017 21:45:27	49.0	49.0	18.0628
10/13/2017 21:45:38	49.0	49.0	15.1042
10/13/2017 21:45:49	49.0	48.0	15.9269
10/13/2017 21:46:00	48.0	48.0	18.1579
10/13/2017 21:46:11	49.0	48.0	16.1458
10/13/2017 21:46:22	49.0	48.0	18.9119
10/13/2017 21:46:33	48.0	48.0	17.4935
10/13/2017 21:46:44	49.0	48.0	17.7546
10/13/2017 21:46:55	48.0	48.0	17.5393
10/13/2017 21:47:06	49.0	48.0	21.5686
10/13/2017 21:47:17	49.0	48.0	16.9713
10/13/2017 21:47:28	49.0	48.0	17.1875
10/13/2017 21:47:39	49.0	49.0	16.4491
10/13/2017 21:47:50	49.0	48.0	16.273
10/13/2017 21:48:01	49.0	48.0	15.6658
10/13/2017 21:48:12	49.0	49.0	15.9269
10/13/2017 21:48:23	49.0	49.0	21.4464
10/13/2017 21:48:34	48.0	48.0	16.1039
10/13/2017 21:48:45	49.0	50.0	15.544
10/13/2017 21:48:56	49.0	48.0	16.6234
10/13/2017 21:49:07	49.0	48.0	16.6234
10/13/2017 21:49:18	49.0	48.0	17.5393
10/13/2017 21:49:29	48.0	48.0	16.1039
10/13/2017 21:49:40	48.0	48.0	16.1458
10/13/2017 21:49:51	49.0	48.0	16.6667
10/13/2017 21:50:02	49.0	48.0	15.445
10/13/2017 21:50:13	49.0	48.0	21.7822
10/13/2017 21:50:24	48.0	48.0	15.3247
10/13/2017 21:50:35	49.0	49.0	14.5455
10/13/2017 21:50:46	49.0	49.0	17.5393
10/13/2017 21:50:57	48.0	49.0	16.188
10/13/2017 21:51:08	48.0	48.0	16.1458
10/13/2017 21:51:19	48.0	48.0	15.6658
10/13/2017 21:51:30	49.0	48.0	17.3684
10/13/2017 21:51:41	48.0	48.0	16.1039
10/13/2017 21:51:52	48.0	48.0	16.1458
10/13/2017 21:52:03	49.0	49.0	22.5182
10/13/2017 21:52:15	51.0	51.0	16.2304
10/13/2017 21:52:26	53.0	53.0	16.4491
10/13/2017 21:52:37	55.0	54.0	16.7539
10/13/2017 21:52:48	55.0	56.0	15.3034
10/13/2017 21:52:59	57.0	56.0	16.7979
10/13/2017 21:53:10	55.0	54.0	18.75
10/13/2017 21:53:21	53.0	54.0	16.7539
10/13/2017 21:53:32	52.0	53.0	17.1053
10/13/2017 21:53:43	51.0	52.0	15.8854
10/13/2017 21:53:54	51.0	51.0	19.084
10/13/2017 21:54:05	51.0	51.0	17.0984
10/13/2017 21:54:16	50.0	51.0	16.8831
10/13/2017 21:54:27	50.0	50.0	21.6418
10/13/2017 21:54:38	50.0	50.0	16.5789
10/13/2017 21:54:49	51.0	50.0	16.1039
10/13/2017 21:55:00	51.0	50.0	18.1347
10/13/2017 21:55:11	50.0	50.0	16.9713
10/13/2017 21:55:22	50.0	50.0	15.445
10/13/2017 21:55:33	50.0	49.0	18.5864
10/13/2017 21:55:44	50.0	50.0	17.1875
10/13/2017 21:55:55	50.0	50.0	15.9686
10/13/2017 21:56:06	50.0	50.0	15.4047
10/13/2017 21:56:17	50.0	49.0	16.4491
10/13/2017 21:56:28	50.0	49.0	15.445
10/13/2017 21:56:39	50.0	50.0	18.1102
10/13/2017 21:56:50	49.0	49.0	20.403
10/13/2017 21:57:01	49.0	50.0	15.4047
10/13/2017 21:57:12	50.0	50.0	16.2304
10/13/2017 21:57:23	50.0	49.0	24.0876
10/13/2017 21:57:34	50.0	49.0	16.9713
10/13/2017 21:57:45	49.0	49.0	17.4479
10/13/2017 21:57:56	49.0	49.0	16.9231
10/13/2017 21:58:07	49.0	49.0	16.7539
10/13/2017 21:58:18	49.0	49.0	17.1429
10/13/2017 21:58:29	50.0	49.0	17.8756
10/13/2017 21:58:40	49.0	49.0	15.9269
10/13/2017 21:58:51	50.0	49.0	17.2775
10/13/2017 21:59:02	49.0	49.0	16.5354
10/13/2017 21:59:13	49.0	50.0	15.6658
10/13/2017 21:59:24	49.0	50.0	16.273
10/13/2017 21:59:35	49.0	50.0	18.1347
10/13/2017 21:59:47	49.0	49.0	17.801
10/13/2017 21:59:58	49.0	49.0	16.4062
10/13/2017 22:00:09	50.0	49.0	15.5263
10/13/2017 22:00:20	50.0	50.0	16.7539
10/13/2017 22:00:31	49.0	49.0	17.1429
10/13/2017 22:00:42	49.0	49.0	17.4935
10/13/2017 22:00:53	49.0	48.0	19.0722
10/13/2017 22:01:04	49.0	49.0	16.7102
10/13/2017 22:01:15	49.0	49.0	16.9713
10/13/2017 22:01:26	49.0	49.0	22.4344
10/13/2017 22:01:37	49.0	49.0	16.1458
10/13/2017 22:01:48	49.0	49.0	16.9271
10/13/2017 22:01:59	49.0	49.0	21.7604
10/13/2017 22:02:10	49.0	50.0	14.1361
10/13/2017 22:02:21	48.0	48.0	15.8442
10/13/2017 22:02:32	49.0	49.0	16.1039
10/13/2017 22:02:43	49.0	49.0	16.1458
10/13/2017 22:02:54	49.0	49.0	16.5803
10/13/2017 22:03:05	50.0	49.0	17.6623
10/13/2017 22:03:16	49.0	49.0	17.6316
10/13/2017 22:03:27	49.0	48.0	17.0157
10/13/2017 22:03:38	49.0	49.0	16.273
10/13/2017 22:03:49	49.0	49.0	15.9686
10/13/2017 22:04:00	49.0	49.0	15.445
10/13/2017 22:04:11	49.0	49.0	18.799
10/13/2017 22:04:22	49.0	48.0	15.4047
10/13/2017 22:04:33	50.0	50.0	15.625
10/13/2017 22:04:44	50.0	49.0	17.0984
10/13/2017 22:04:55	50.0	50.0	16.4062
10/13/2017 22:05:06	49.0	49.0	15.7068
10/13/2017 22:05:17	49.0	49.0	19.2612
10/13/2017 22:05:28	51.0	51.0	16.3636
10/13/2017 22:05:39	49.0	48.0	15.1042
10/13/2017 22:05:50	49.0	48.0	17.0157
10/13/2017 22:06:01	49.0	49.0	15.8854
10/13/2017 22:06:12	49.0	48.0	17.5393
10/13/2017 22:06:23	49.0	48.0	16.188
10/13/2017 22:06:34	49.0	48.0	15.6658
10/13/2017 22:06:45	49.0	48.0	17.4935
10/13/2017 22:06:56	49.0	48.0	18.7013
10/13/2017 22:07:07	49.0	48.0	17.0984
10/13/2017 22:07:18	48.0	48.0	15.7068
10/13/2017 22:07:30	49.0	48.0	15.8442
10/13/2017 22:07:41	49.0	48.0	19.8511
10/13/2017 22:07:52	49.0	49.0	15.625
10/13/2017 22:08:03	48.0	48.0	17.5853
10/13/2017 22:08:14	50.0	50.0	20.5446
10/13/2017 22:08:25	52.0	53.0	17.801
10/13/2017 22:08:36	54.0	54.0	15.9686
10/13/2017 22:08:47	55.0	55.0	22.3301
10/13/2017 22:08:58	56.0	56.0	15.6658
10/13/2017 22:09:09	56.0	55.0	14.6982
10/13/2017 22:09:20	55.0	54.0	22.5248
10/13/2017 22:09:31	53.0	53.0	16.1458
10/13/2017 22:09:42	52.0	52.0	16.5789
10/13/2017 22:09:53	51.0	51.0	19.4872
10/13/2017 22:10:04	51.0	51.0	16.6667
10/13/2017 22:10:15	50.0	50.0	19.5822
10/13/2017 22:10:26	50.0	50.0	17.3575
10/13/2017 22:10:37	51.0	50.0	17.5393
10/13/2017 22:10:48	50.0	50.0	17.2324
10/13/2017 22:10:59	51.0	50.0	17.2324
10/13/2017 22:11:10	50.0	50.0	18.1347
10/13/2017 22:11:21	50.0	49.0	15.0649
10/13/2017 22:11:32	49.0	50.0	17.6166
10/13/2017 22:11:43	50.0	50.0	17.4479
10/13/2017 22:11:54	50.0	49.0	16.1458
10/13/2017 22:12:05	50.0	49.0	16.0207
10/13/2017 22:12:16	49.0	49.0	16.4921
10/13/2017 22:12:27	49.0	48.0	17.5393
10/13/2017 22:12:38	49.0	49.0	17.8117
10/13/2017 22:12:49	50.0	49.0	18.3246
10/13/2017 22:13:00	49.0	49.0	18.0157
10/13/2017 22:13:11	50.0	48.0	16.4491
10/13/2017 22:13:22	50.0	49.0	17.8947
10/13/2017 22:13:33	50.0	48.0	16.6234
10/13/2017 22:13:44	49.0	48.0	15.8854
10/13/2017 22:13:55	50.0	48.0	15.8442
10/13/2017 22:14:06	49.0	49.0	16.4491
10/13/2017 22:14:17	49.0	49.0	16.188
10/13/2017 22:14:28	49.0	48.0	16.5354
10/13/2017 22:14:39	49.0	49.0	18.1347
10/13/2017 22:14:50	49.0	48.0	16.4062
10/13/2017 22:15:01	49.0	48.0	18.0157
10/13/2017 22:15:13	49.0	48.0	17.3575
10/13/2017 22:15:24	49.0	48.0	16.6234
10/13/2017 22:15:35	49.0	48.0	14.5833
10/13/2017 22:15:46	49.0	48.0	19.9482
10/13/2017 22:15:57	50.0	50.0	17.9221
10/13/2017 22:16:08	51.0	50.0	19.3299
10/13/2017 22:16:19	51.0	50.0	17.6166
10/13/2017 22:16:30	52.0	51.0	18.3463
10/13/2017 22:16:41	52.0	50.0	20.5195
10/13/2017 22:16:52	51.0	50.0	19.2208
10/13/2017 22:17:03	51.0	51.0	17.8295
10/13/2017 22:17:14	52.0	51.0	12.8609
10/13/2017 22:17:25	50.0	50.0	22.5248
10/13/2017 22:17:36	50.0	50.0	16.1458
10/13/2017 22:17:47	50.0	50.0	16.1954
10/13/2017 22:17:58	50.0	49.0	16.4491
10/13/2017 22:18:09	50.0	49.0	18.4896
10/13/2017 22:18:20	50.0	49.0	15.4047
10/13/2017 22:18:31	50.0	50.0	17.7546
10/13/2017 22:18:42	50.0	50.0	15.1832
10/13/2017 22:18:53	49.0	50.0	18.6842
10/13/2017 22:19:04	49.0	49.0	15.2231
10/13/2017 22:19:15	49.0	49.0	16.7102
10/13/2017 22:19:26	50.0	48.0	22.9268
10/13/2017 22:19:37	49.0	48.0	15.625
10/13/2017 22:19:48	49.0	49.0	18.0157
10/13/2017 22:19:59	49.0	48.0	17.1875
10/13/2017 22:20:10	49.0	48.0	15.1042
10/13/2017 22:20:21	49.0	48.0	15.9269
10/13/2017 22:20:32	49.0	49.0	16.8421
10/13/2017 22:20:43	49.0	49.0	17.5393
10/13/2017 22:20:54	49.0	48.0	17.2775
10/13/2017 22:21:05	48.0	49.0	16.2371
10/13/2017 22:21:16	49.0	49.0	16.8421
10/13/2017 22:21:27	49.0	48.0	16.1458
10/13/2017 22:21:38	49.0	49.0	16.0526
10/13/2017 22:21:49	49.0	48.0	17.5853
10/13/2017 22:22:00	49.0	48.0	14.8825
10/13/2017 22:22:11	48.0	49.0	17.0604
10/13/2017 22:22:22	49.0	48.0	17.0543
10/13/2017 22:22:33	49.0	48.0	17.5853
10/13/2017 22:22:44	48.0	49.0	16.188
10/13/2017 22:22:55	48.0	48.0	17.4479
10/13/2017 22:23:06	49.0	48.0	15.4856
10/13/2017 22:23:18	49.0	50.0	23.4146
10/13/2017 22:23:29	49.0	49.0	16.3158
10/13/2017 22:23:40	49.0	48.0	14.8438
10/13/2017 22:23:51	49.0	49.0	17.4479
10/13/2017 22:24:02	49.0	49.0	15.625
10/13/2017 22:24:13	50.0	50.0	15.4047
10/13/2017 22:24:24	51.0	51.0	15.7068
10/13/2017 22:24:35	54.0	53.0	16.5803
10/13/2017 22:24:46	55.0	54.0	17.5853
10/13/2017 22:24:57	56.0	55.0	16.188
10/13/2017 22:25:08	55.0	56.0	17.5853
10/13/2017 22:25:19	54.0	54.0	17.7546
10/13/2017 22:25:30	52.0	53.0	15.7623
10/13/2017 22:25:41	52.0	52.0	15.6658
10/13/2017 22:25:52	52.0	51.0	17.5853
10/13/2017 22:26:03	51.0	51.0	17.3228
10/13/2017 22:26:14	50.0	51.0	16.1458
10/13/2017 22:26:25	50.0	51.0	18.4416
10/13/2017 22:26:36	50.0	50.0	16.4491
10/13/2017 22:26:47	50.0	50.0	17.8756
10/13/2017 22:26:58	50.0	50.0	17.2324
10/13/2017 22:27:09	50.0	50.0	15.5673
10/13/2017 22:27:20	49.0	50.0	17.1429
10/13/2017 22:27:31	50.0	50.0	17.0984
10/13/2017 22:27:42	50.0	50.0	17.1875
10/13/2017 22:27:53	50.0	50.0	15.445
10/13/2017 22:28:04	49.0	50.0	15.544
10/13/2017 22:28:15	50.0	49.0	16.9713
10/13/2017 22:28:26	49.0	50.0	20.9719
10/13/2017 22:28:37	51.0	51.0	18.863
10/13/2017 22:28:48	51.0	51.0	21.8593
10/13/2017 22:28:59	51.0	51.0	19.7403
10/13/2017 22:29:10	52.0	52.0	19.0231
10/13/2017 22:29:21	52.0	51.0	19.1214
10/13/2017 22:29:32	52.0	52.0	15.8031
10/13/2017 22:29:43	53.0	53.0	24.3902
10/13/2017 22:29:54	52.0	52.0	22.1354
10/13/2017 22:30:05	52.0	51.0	18.0879
10/13/2017 22:30:16	52.0	51.0	17.8295
10/13/2017 22:30:27	53.0	51.0	19.4301
10/13/2017 22:30:38	53.0	52.0	20.3608
10/13/2017 22:30:49	52.0	52.0	18.4416
10/13/2017 22:31:00	52.0	52.0	18.1347
10/13/2017 22:31:11	52.0	53.0	18.3463
10/13/2017 22:31:22	53.0	53.0	19.171
10/13/2017 22:31:33	52.0	52.0	17.0984
10/13/2017 22:31:45	52.0	52.0	16.8394
10/13/2017 22:31:56	53.0	52.0	20.155
10/13/2017 22:32:07	53.0	52.0	25.6039
10/13/2017 22:32:18	51.0	52.0	20.6186
10/13/2017 22:32:29	52.0	51.0	17.7835
10/13/2017 22:32:40	52.0	52.0	19.6382
10/13/2017 22:32:51	53.0	52.0	20.3608
10/13/2017 22:33:02	53.0	53.0	19.1214
10/13/2017 22:33:13	52.0	52.0	17.0543
10/13/2017 22:33:24	52.0	52.0	18.299
10/13/2017 22:33:35	53.0	53.0	23.399
10/13/2017 22:33:46	53.0	52.0	18.6047
10/13/2017 22:33:57	53.0	52.0	18.0879
10/13/2017 22:34:08	53.0	52.0	20.3608
10/13/2017 22:34:19	52.0	53.0	12.5654
10/13/2017 22:34:30	51.0	51.0	13.9108
10/13/2017 22:34:41	50.0	50.0	11.6095
10/13/2017 22:34:52	50.0	49.0	14.1732
10/13/2017 22:35:03	49.0	49.0	11.9048
10/13/2017 22:35:14	49.0	48.0	14.8148
10/13/2017 22:35:25	50.0	49.0	18.75
10/13/2017 22:35:36	50.0	49.0	16.6667
10/13/2017 22:35:47	50.0	50.0	19.7436
10/13/2017 22:35:58	51.0	51.0	21.7054
10/13/2017 22:36:09	52.0	51.0	20.2597
10/13/2017 22:36:20	51.0	51.0	20.1031
10/13/2017 22:36:31	51.0	51.0	18.9119
10/13/2017 22:36:42	53.0	51.0	18.7013
10/13/2017 22:36:53	53.0	53.0	20.155
10/13/2017 22:37:04	51.0	51.0	17.0984
10/13/2017 22:37:15	52.0	53.0	19.7436
10/13/2017 22:37:26	52.0	52.0	17.8571
10/13/2017 22:37:37	53.0	53.0	18.9119
10/13/2017 22:37:48	53.0	52.0	18.9119
10/13/2017 22:37:59	53.0	52.0	20.4604
10/13/2017 22:38:10	53.0	52.0	18.2292
10/13/2017 22:38:21	53.0	52.0	18.1347
10/13/2017 22:38:32	52.0	52.0	18.9119
10/13/2017 22:38:43	52.0	52.0	18.3463
10/13/2017 22:38:54	53.0	52.0	19.2802
10/13/2017 22:39:05	52.0	52.0	17.6623
10/13/2017 22:39:16	52.0	52.0	18.3463
10/13/2017 22:39:27	52.0	53.0	22.5248
10/13/2017 22:39:38	54.0	53.0	18.5567
10/13/2017 22:39:49	53.0	52.0	18.0879
10/13/2017 22:40:00	53.0	52.0	18.1818
10/13/2017 22:40:11	53.0	53.0	18.75
10/13/2017 22:40:22	57.0	56.0	19.3798
10/13/2017 22:40:33	58.0	57.0	20.6718
10/13/2017 22:40:44	57.0	56.0	18.2292
10/13/2017 22:40:55	55.0	55.0	26.3158
10/13/2017 22:41:06	55.0	54.0	18.1818
10/13/2017 22:41:17	55.0	54.0	18.1818
10/13/2017 22:41:29	54.0	53.0	17.8295
10/13/2017 22:41:40	54.0	54.0	18.5567
10/13/2017 22:41:51	54.0	54.0	19.5876
10/13/2017 22:42:02	53.0	53.0	19.7436
10/13/2017 22:42:13	53.0	53.0	18.6528
10/13/2017 22:42:24	53.0	53.0	20.7595
10/13/2017 22:42:35	53.0	53.0	19.1214
10/13/2017 22:42:46	53.0	53.0	18.4416
10/13/2017 22:42:57	54.0	54.0	17.1429
10/13/2017 22:43:08	54.0	53.0	21.447
10/13/2017 22:43:19	53.0	53.0	18.4615
10/13/2017 22:43:30	54.0	53.0	18.2292
10/13/2017 22:43:41	53.0	53.0	19.2208
10/13/2017 22:43:52	52.0	53.0	18.7661
10/13/2017 22:44:03	54.0	53.0	21.2435
10/13/2017 22:44:14	52.0	53.0	18.1347
10/13/2017 22:44:25	53.0	53.0	21.6216
10/13/2017 22:44:36	53.0	53.0	17.5258
10/13/2017 22:44:47	53.0	53.0	18.4896
10/13/2017 22:44:58	53.0	53.0	18.3938
10/13/2017 22:45:09	53.0	53.0	16.3636
10/13/2017 22:45:20	52.0	53.0	17.9949
10/13/2017 22:45:31	53.0	53.0	22.0779
10/13/2017 22:45:42	51.0	51.0	12.4011
10/13/2017 22:45:53	51.0	51.0	15.3453
10/13/2017 22:46:04	50.0	50.0	13.4565
10/13/2017 22:46:15	49.0	50.0	13.5279
10/13/2017 22:46:26	50.0	50.0	12.8
10/13/2017 22:46:37	49.0	49.0	13.7931
10/13/2017 22:46:48	49.0	49.0	14.0212
10/13/2017 22:46:59	48.0	48.0	13.7931
10/13/2017 22:47:10	49.0	48.0	12.3684
10/13/2017 22:47:21	48.0	48.0	16.8421
10/13/2017 22:47:32	49.0	48.0	14.2857
10/13/2017 22:47:43	49.0	48.0	0.757576
