03/07/2018 18:56:47	59.0	57.0	0
03/07/2018 18:56:58	51.0	51.0	0.755668
03/07/2018 18:57:09	49.0	48.0	0.252525
03/07/2018 18:57:20	47.0	47.0	0.503778
03/07/2018 18:57:31	48.0	48.0	0.757576
03/07/2018 18:57:42	48.0	48.0	0.753769
03/07/2018 18:57:53	49.0	48.0	0.502513
03/07/2018 18:58:04	50.0	49.0	25.4593
03/07/2018 18:58:15	51.0	54.0	10.2167
03/07/2018 18:58:27	50.0	51.0	14.6982
03/07/2018 18:58:38	53.0	52.0	12.336
03/07/2018 18:58:49	53.0	52.0	13.6126
03/07/2018 18:59:00	52.0	52.0	13.0548
03/07/2018 18:59:11	54.0	53.0	14.9215
03/07/2018 18:59:22	56.0	55.0	17.8451
03/07/2018 18:59:33	55.0	54.0	19.1126
03/07/2018 18:59:44	54.0	53.0	15
03/07/2018 18:59:55	51.0	51.0	19.6262
03/07/2018 19:00:06	50.0	50.0	19.2982
03/07/2018 19:00:17	49.0	48.0	15.9686
03/07/2018 19:00:28	49.0	49.0	19.171
03/07/2018 19:00:40	49.0	48.0	16.1458
03/07/2018 19:00:51	48.0	48.0	16.6667
03/07/2018 19:01:02	48.0	47.0	17.8947
03/07/2018 19:01:13	48.0	47.0	17.5853
03/07/2018 19:01:24	48.0	47.0	18.5567
03/07/2018 19:01:35	48.0	47.0	17.942
03/07/2018 19:01:46	50.0	48.0	17.4935
03/07/2018 19:01:57	51.0	51.0	18.799
03/07/2018 19:02:08	52.0	52.0	16.8831
03/07/2018 19:02:19	54.0	53.0	15.2231
03/07/2018 19:02:30	55.0	54.0	16.9271
03/07/2018 19:02:41	56.0	55.0	18.2768
03/07/2018 19:02:52	57.0	55.0	16.8394
03/07/2018 19:03:03	55.0	54.0	17.9221
03/07/2018 19:03:14	53.0	52.0	18.8482
03/07/2018 19:03:25	52.0	52.0	16.4062
03/07/2018 19:03:36	50.0	50.0	18.5864
03/07/2018 19:03:47	50.0	49.0	18.0628
03/07/2018 19:03:58	50.0	50.0	15.6658
03/07/2018 19:04:09	49.0	48.0	18.5864
03/07/2018 19:04:20	50.0	48.0	16.188
03/07/2018 19:04:31	49.0	48.0	18.75
03/07/2018 19:04:42	49.0	48.0	15.9269
03/07/2018 19:04:53	48.0	48.0	17.7719
03/07/2018 19:05:04	49.0	48.0	16.4491
03/07/2018 19:05:15	49.0	47.0	16.1458
03/07/2018 19:05:26	49.0	48.0	18.5864
03/07/2018 19:05:37	48.0	47.0	22.3975
03/07/2018 19:05:48	48.0	48.0	18.0628
03/07/2018 19:05:59	50.0	48.0	16.9271
03/07/2018 19:06:10	48.0	47.0	16.5354
03/07/2018 19:06:21	48.0	47.0	17.0604
03/07/2018 19:06:32	48.0	47.0	17.2324
03/07/2018 19:06:43	48.0	48.0	18.4697
03/07/2018 19:06:54	47.0	47.0	17.0157
03/07/2018 19:07:05	48.0	47.0	16.6667
03/07/2018 19:07:16	48.0	47.0	16.6234
03/07/2018 19:07:28	48.0	48.0	15.3646
03/07/2018 19:07:39	48.0	48.0	18.0628
03/07/2018 19:07:50	48.0	47.0	17.1053
03/07/2018 19:08:01	47.0	48.0	19.2708
03/07/2018 19:08:12	49.0	48.0	14.5833
03/07/2018 19:08:23	49.0	49.0	20.3655
03/07/2018 19:08:34	52.0	51.0	15.9269
03/07/2018 19:08:45	52.0	52.0	17.1875
03/07/2018 19:08:56	54.0	53.0	13.3159
03/07/2018 19:09:07	55.0	54.0	14.6982
03/07/2018 19:09:18	55.0	55.0	13.3508
03/07/2018 19:09:29	56.0	55.0	13.6483
03/07/2018 19:09:40	57.0	56.0	15.4856
03/07/2018 19:09:51	55.0	54.0	15.7068
03/07/2018 19:10:02	53.0	52.0	14.7757
03/07/2018 19:10:13	51.0	51.0	15.5263
03/07/2018 19:10:24	50.0	50.0	15.7895
03/07/2018 19:10:35	50.0	50.0	15.4856
03/07/2018 19:10:46	50.0	49.0	16.9312
03/07/2018 19:10:57	48.0	48.0	16.5789
03/07/2018 19:11:08	48.0	48.0	15.7895
03/07/2018 19:11:19	48.0	48.0	15.4047
03/07/2018 19:11:30	48.0	47.0	16.5354
03/07/2018 19:11:41	48.0	47.0	17.4479
03/07/2018 19:11:52	50.0	49.0	16.1458
03/07/2018 19:12:04	51.0	51.0	17.8082
03/07/2018 19:12:15	52.0	53.0	14.6597
03/07/2018 19:12:26	53.0	53.0	15.9686
03/07/2018 19:12:37	54.0	54.0	15.2632
03/07/2018 19:12:48	56.0	55.0	13.9108
03/07/2018 19:12:59	57.0	56.0	13.6483
03/07/2018 19:13:10	55.0	54.0	15.445
03/07/2018 19:13:21	53.0	53.0	15.5673
03/07/2018 19:13:32	51.0	51.0	15.8311
03/07/2018 19:13:43	50.0	51.0	16.9271
03/07/2018 19:13:54	50.0	49.0	15.7068
03/07/2018 19:14:05	49.0	49.0	17.2324
03/07/2018 19:14:16	49.0	49.0	15.5263
03/07/2018 19:14:27	49.0	48.0	16.3158
03/07/2018 19:14:38	48.0	48.0	16.273
03/07/2018 19:14:49	48.0	48.0	17.7546
03/07/2018 19:15:00	48.0	48.0	16.095
03/07/2018 19:15:11	47.0	47.0	15.6658
03/07/2018 19:15:22	49.0	49.0	14.9215
03/07/2018 19:15:33	50.0	51.0	14.1732
03/07/2018 19:15:44	52.0	53.0	14.3229
03/07/2018 19:15:55	53.0	54.0	12.8272
03/07/2018 19:16:06	55.0	53.0	15.8501
03/07/2018 19:16:17	55.0	55.0	12.5326
03/07/2018 19:16:29	56.0	55.0	13.2468
03/07/2018 19:16:40	57.0	56.0	13.577
03/07/2018 19:16:51	55.0	54.0	13.5065
03/07/2018 19:17:02	53.0	52.0	13.577
03/07/2018 19:17:13	51.0	51.0	15.4047
03/07/2018 19:17:24	51.0	50.0	15.1042
03/07/2018 19:17:35	49.0	49.0	15.2455
03/07/2018 19:17:46	49.0	48.0	15.9269
03/07/2018 19:17:57	49.0	48.0	14.5833
03/07/2018 19:18:08	47.0	48.0	15.7623
03/07/2018 19:18:19	48.0	47.0	13.9108
03/07/2018 19:18:30	47.0	47.0	15.544
03/07/2018 19:18:41	48.0	47.0	14.2487
03/07/2018 19:18:52	47.0	47.0	14.6214
03/07/2018 19:19:03	49.0	49.0	14.2857
03/07/2018 19:19:14	51.0	51.0	16.7959
03/07/2018 19:19:25	52.0	52.0	13.4367
03/07/2018 19:19:36	53.0	53.0	13.6951
03/07/2018 19:19:47	55.0	54.0	14.026
03/07/2018 19:19:58	55.0	55.0	13.2812
03/07/2018 19:20:09	56.0	56.0	12.7604
03/07/2018 19:20:20	57.0	56.0	14.026
03/07/2018 19:20:31	55.0	54.0	12.7604
03/07/2018 19:20:42	53.0	53.0	15.7216
03/07/2018 19:20:53	51.0	52.0	15.9794
03/07/2018 19:21:04	50.0	50.0	16.2371
03/07/2018 19:21:15	50.0	50.0	17.2589
03/07/2018 19:21:26	50.0	49.0	16.1954
03/07/2018 19:21:38	49.0	48.0	16.8798
03/07/2018 19:21:49	48.0	47.0	16.4103
03/07/2018 19:22:00	48.0	48.0	16.8367
03/07/2018 19:22:11	47.0	48.0	17.2152
03/07/2018 19:22:22	47.0	47.0	18.2278
03/07/2018 19:22:33	48.0	48.0	15.4639
03/07/2018 19:22:44	50.0	50.0	16.3265
03/07/2018 19:22:55	51.0	51.0	17.6322
03/07/2018 19:23:06	53.0	52.0	14.578
03/07/2018 19:23:17	54.0	53.0	17.3028
03/07/2018 19:23:28	55.0	54.0	15.601
03/07/2018 19:23:39	56.0	55.0	14.0665
03/07/2018 19:23:50	57.0	56.0	13.3676
03/07/2018 19:24:01	57.0	55.0	14.8338
03/07/2018 19:24:12	54.0	53.0	20.2439
03/07/2018 19:24:23	52.0	51.0	17.1717
03/07/2018 19:24:34	51.0	50.0	18.0905
03/07/2018 19:24:45	50.0	50.0	19.7531
03/07/2018 19:24:56	49.0	50.0	20.6897
03/07/2018 19:25:07	49.0	48.0	19.7044
03/07/2018 19:25:18	48.0	48.0	22.2222
03/07/2018 19:25:29	48.0	48.0	21.7918
03/07/2018 19:25:40	48.0	47.0	23.5849
03/07/2018 19:25:51	48.0	47.0	23.0404
03/07/2018 19:26:02	47.0	47.0	23.8208
03/07/2018 19:26:13	49.0	48.0	22.619
03/07/2018 19:26:24	50.0	49.0	21.4458
03/07/2018 19:26:35	51.0	51.0	21.5496
03/07/2018 19:26:47	53.0	52.0	63.1737
03/07/2018 19:26:59	54.0	54.0	22.2527
03/07/2018 19:27:10	52.0	52.0	24.2206
03/07/2018 19:27:22	51.0	51.0	20.1018
03/07/2018 19:27:33	51.0	50.0	24.4957
03/07/2018 19:27:44	50.0	50.0	28.2878
03/07/2018 19:27:55	50.0	48.0	20.4489
03/07/2018 19:28:06	49.0	49.0	22.381
03/07/2018 19:28:17	49.0	48.0	21.9697
03/07/2018 19:28:28	49.0	48.0	21.9451
03/07/2018 19:28:39	49.0	49.0	25.8581
03/07/2018 19:28:50	48.0	47.0	24.5283
03/07/2018 19:29:01	47.0	48.0	20.8845
03/07/2018 19:29:12	48.0	48.0	26.097
03/07/2018 19:29:23	47.0	46.0	23.3577
03/07/2018 19:29:34	48.0	46.0	24.594
03/07/2018 19:29:45	49.0	48.0	24.6512
03/07/2018 19:29:56	51.0	51.0	23.0588
03/07/2018 19:30:07	52.0	51.0	24.7113
03/07/2018 19:30:18	53.0	53.0	22.2482
03/07/2018 19:30:29	54.0	54.0	24.1135
03/07/2018 19:30:41	55.0	54.0	22.77
03/07/2018 19:30:52	56.0	55.0	23.1651
03/07/2018 19:31:03	56.0	55.0	24.3736
03/07/2018 19:31:14	54.0	54.0	24.7664
03/07/2018 19:31:25	52.0	52.0	25.5172
03/07/2018 19:31:36	51.0	51.0	24.9423
03/07/2018 19:31:47	50.0	49.0	24.2353
03/07/2018 19:31:58	50.0	49.0	23.7089
03/07/2018 19:32:09	49.0	48.0	23.0404
03/07/2018 19:32:20	48.0	48.0	24.5902
03/07/2018 19:32:31	48.0	47.0	22.5962
03/07/2018 19:32:42	48.0	47.0	22.4344
03/07/2018 19:32:53	48.0	48.0	22.7053
03/07/2018 19:33:04	48.0	47.0	22.8029
03/07/2018 19:33:15	48.0	47.0	24
03/07/2018 19:33:26	50.0	50.0	24.7113
03/07/2018 19:33:37	51.0	51.0	21.4976
03/07/2018 19:33:48	53.0	52.0	21.3429
03/07/2018 19:33:59	54.0	54.0	21.3615
03/07/2018 19:34:10	55.0	54.0	21.0024
03/07/2018 19:34:21	56.0	55.0	23.5566
03/07/2018 19:34:32	56.0	56.0	21.8824
03/07/2018 19:34:43	56.0	55.0	20.2934
03/07/2018 19:34:54	55.0	54.0	21.3592
03/07/2018 19:35:05	52.0	52.0	21.0145
03/07/2018 19:35:16	51.0	51.0	20.8333
03/07/2018 19:35:27	51.0	50.0	21.4112
03/07/2018 19:35:38	49.0	49.0	19.3548
03/07/2018 19:35:50	49.0	49.0	19.1067
03/07/2018 19:36:01	49.0	48.0	19.603
03/07/2018 19:36:12	48.0	47.0	19.1067
03/07/2018 19:36:23	48.0	48.0	19.2982
03/07/2018 19:36:34	48.0	47.0	20.2934
03/07/2018 19:36:45	49.0	49.0	18.9526
03/07/2018 19:36:56	50.0	51.0	19.1436
03/07/2018 19:37:07	52.0	53.0	25.4762
03/07/2018 19:37:18	55.0	54.0	22.7273
03/07/2018 19:37:29	56.0	55.0	25.8993
03/07/2018 19:37:40	57.0	56.0	21.6545
03/07/2018 19:37:51	56.0	56.0	23.6145
03/07/2018 19:38:02	54.0	53.0	21.9212
03/07/2018 19:38:13	52.0	53.0	21.9512
03/07/2018 19:38:24	51.0	51.0	23.3735
03/07/2018 19:38:35	51.0	51.0	23.741
03/07/2018 19:38:46	51.0	50.0	23.4719
03/07/2018 19:38:57	50.0	49.0	24.5783
03/07/2018 19:39:08	50.0	49.0	23.7288
03/07/2018 19:39:19	49.0	49.0	24.1627
03/07/2018 19:39:30	49.0	48.0	23.3735
03/07/2018 19:39:41	48.0	48.0	21.8447
03/07/2018 19:39:52	48.0	48.0	22.871
03/07/2018 19:40:03	48.0	47.0	23.3577
03/07/2018 19:40:14	48.0	48.0	23.601
03/07/2018 19:40:25	49.0	48.0	22.5806
03/07/2018 19:40:36	50.0	49.0	20.6897
03/07/2018 19:40:47	47.0	47.0	19.5599
03/07/2018 19:40:58	48.0	46.0	19.7044
03/07/2018 19:41:09	50.0	49.0	20.5314
03/07/2018 19:41:20	51.0	51.0	19.5062
03/07/2018 19:41:31	52.0	53.0	17.5309
03/07/2018 19:41:42	53.0	53.0	18.8725
03/07/2018 19:41:54	54.0	54.0	17.1216
03/07/2018 19:42:05	55.0	55.0	17.2414
03/07/2018 19:42:16	56.0	56.0	18.6275
03/07/2018 19:42:27	57.0	57.0	17.5879
03/07/2018 19:42:38	55.0	54.0	18.8119
03/07/2018 19:42:49	53.0	53.0	18.1592
03/07/2018 19:43:00	51.0	51.0	18.797
03/07/2018 19:43:11	51.0	51.0	19.802
03/07/2018 19:43:22	50.0	50.0	18.7032
03/07/2018 19:43:33	50.0	48.0	17.4684
03/07/2018 19:43:44	48.0	47.0	19
03/07/2018 19:43:55	49.0	48.0	18.8586
03/07/2018 19:44:06	48.0	48.0	16.962
03/07/2018 19:44:17	48.0	47.0	18.6398
03/07/2018 19:44:28	47.0	47.0	17.7665
03/07/2018 19:44:39	49.0	49.0	16.4524
03/07/2018 19:44:50	51.0	51.0	18.9526
03/07/2018 19:45:01	52.0	52.0	16.7089
03/07/2018 19:45:12	53.0	53.0	16.0804
03/07/2018 19:45:23	54.0	54.0	15.9091
03/07/2018 19:45:34	55.0	55.0	15.5779
03/07/2018 19:45:45	56.0	56.0	15.736
03/07/2018 19:45:56	57.0	56.0	14.5408
03/07/2018 19:46:07	54.0	54.0	15.1282
03/07/2018 19:46:18	52.0	53.0	16.3683
03/07/2018 19:46:29	52.0	51.0	14.6214
03/07/2018 19:46:40	50.0	50.0	15.2455
03/07/2018 19:46:52	50.0	50.0	15.3646
03/07/2018 19:47:03	49.0	49.0	14.8825
03/07/2018 19:47:14	49.0	48.0	14.1361
03/07/2018 19:47:25	48.0	48.0	15.8854
03/07/2018 19:47:36	48.0	47.0	14.3603
03/07/2018 19:47:47	48.0	47.0	14.026
03/07/2018 19:47:58	48.0	47.0	14.6214
03/07/2018 19:48:09	49.0	48.0	14.1361
03/07/2018 19:48:20	50.0	51.0	15.3247
03/07/2018 19:48:31	52.0	52.0	12.7604
03/07/2018 19:48:42	53.0	53.0	12.5984
03/07/2018 19:48:53	54.0	55.0	13.9108
03/07/2018 19:49:04	55.0	54.0	12.7604
03/07/2018 19:49:15	56.0	56.0	12.2396
03/07/2018 19:49:26	57.0	56.0	13.0548
03/07/2018 19:49:37	54.0	55.0	12.4011
03/07/2018 19:49:48	52.0	52.0	12.5654
03/07/2018 19:49:59	51.0	51.0	13.7566
03/07/2018 19:50:10	50.0	50.0	13.4565
03/07/2018 19:50:21	50.0	50.0	13.4211
03/07/2018 19:50:32	49.0	49.0	13.8298
03/07/2018 19:50:43	49.0	49.0	13.6483
03/07/2018 19:50:54	48.0	48.0	14.5503
03/07/2018 19:51:05	48.0	48.0	13.2275
03/07/2018 19:51:16	48.0	48.0	13.9108
03/07/2018 19:51:27	47.0	48.0	14.4737
03/07/2018 19:51:38	48.0	47.0	14.6982
03/07/2018 19:51:49	49.0	49.0	13.4921
03/07/2018 19:52:01	51.0	51.0	14.6597
03/07/2018 19:52:12	52.0	52.0	12.5326
03/07/2018 19:52:23	53.0	53.0	12.5326
03/07/2018 19:52:34	55.0	54.0	12.5984
03/07/2018 19:52:45	55.0	55.0	12.1053
03/07/2018 19:52:56	56.0	56.0	11.7801
03/07/2018 19:53:07	57.0	56.0	13.0208
03/07/2018 19:53:18	54.0	54.0	12.5654
03/07/2018 19:53:29	52.0	53.0	13.9842
03/07/2018 19:53:40	51.0	51.0	13.7931
03/07/2018 19:53:51	50.0	50.0	13.6842
03/07/2018 19:54:02	50.0	50.0	14.4737
03/07/2018 19:54:13	49.0	48.0	13.2275
03/07/2018 19:54:24	49.0	48.0	14.4357
03/07/2018 19:54:35	49.0	48.0	14.0584
03/07/2018 19:54:46	49.0	48.0	13.9842
03/07/2018 19:54:57	48.0	48.0	14.1361
03/07/2018 19:55:08	48.0	48.0	14.0212
03/07/2018 19:55:19	48.0	47.0	13.4565
03/07/2018 19:55:30	49.0	48.0	14.2105
03/07/2018 19:55:41	50.0	50.0	13.1579
03/07/2018 19:55:52	52.0	51.0	12.5984
03/07/2018 19:56:03	53.0	53.0	13.3858
03/07/2018 19:56:14	54.0	53.0	12.8272
03/07/2018 19:56:25	55.0	54.0	12.1053
03/07/2018 19:56:36	56.0	55.0	12.5654
03/07/2018 19:56:47	57.0	56.0	12.5654
03/07/2018 19:56:58	55.0	54.0	12.0419
03/07/2018 19:57:10	52.0	53.0	14.248
03/07/2018 19:57:21	51.0	51.0	14.0992
03/07/2018 19:57:32	50.0	51.0	14.1732
03/07/2018 19:57:43	49.0	50.0	15.1436
03/07/2018 19:57:54	49.0	49.0	13.4565
03/07/2018 19:58:05	48.0	48.0	14.248
03/07/2018 19:58:16	48.0	48.0	14.7757
03/07/2018 19:58:27	48.0	48.0	13.4211
03/07/2018 19:58:38	47.0	47.0	14.1732
03/07/2018 19:58:49	48.0	47.0	12.9288
03/07/2018 19:59:00	47.0	47.0	14.4737
03/07/2018 19:59:11	49.0	49.0	14.248
03/07/2018 19:59:22	50.0	51.0	13.6842
03/07/2018 19:59:33	52.0	52.0	13.1579
03/07/2018 19:59:44	53.0	54.0	12.1053
03/07/2018 19:59:55	54.0	54.0	13.3858
03/07/2018 20:00:06	55.0	54.0	12.3037
03/07/2018 20:00:17	56.0	55.0	12.6316
03/07/2018 20:00:28	57.0	56.0	12.1053
03/07/2018 20:00:39	55.0	55.0	12.3684
03/07/2018 20:00:50	53.0	53.0	13.6842
03/07/2018 20:01:01	51.0	52.0	13.2275
03/07/2018 20:01:12	50.0	51.0	13.9108
03/07/2018 20:01:23	50.0	50.0	14.0212
03/07/2018 20:01:34	49.0	49.0	14.0212
03/07/2018 20:01:45	49.0	48.0	14.2857
03/07/2018 20:01:56	48.0	48.0	13.4565
03/07/2018 20:02:07	48.0	48.0	13.6126
03/07/2018 20:02:19	48.0	48.0	13.9842
03/07/2018 20:02:30	47.0	47.0	13.4921
03/07/2018 20:02:41	47.0	47.0	14.2105
03/07/2018 20:02:52	49.0	50.0	14.1732
03/07/2018 20:03:03	51.0	51.0	12.6984
03/07/2018 20:03:14	52.0	52.0	12.2016
03/07/2018 20:03:25	53.0	53.0	12.8609
03/07/2018 20:03:36	54.0	54.0	12.4011
03/07/2018 20:03:47	55.0	55.0	12.5
03/07/2018 20:03:58	56.0	55.0	12.4668
03/07/2018 20:04:09	55.0	54.0	12.1053
03/07/2018 20:04:20	53.0	53.0	13.1926
03/07/2018 20:04:31	51.0	52.0	13.9842
03/07/2018 20:04:42	50.0	51.0	13.2275
03/07/2018 20:04:53	50.0	50.0	14.0584
03/07/2018 20:05:04	49.0	49.0	13.9108
03/07/2018 20:05:15	48.0	49.0	13.2275
03/07/2018 20:05:26	48.0	49.0	14.5119
03/07/2018 20:05:37	48.0	48.0	13.6842
03/07/2018 20:05:48	48.0	48.0	14.4357
03/07/2018 20:05:59	47.0	47.0	13.9842
03/07/2018 20:06:10	47.0	48.0	13.7566
03/07/2018 20:06:21	47.0	47.0	13.6483
03/07/2018 20:06:32	49.0	48.0	15
03/07/2018 20:06:43	50.0	50.0	13.2275
03/07/2018 20:06:54	51.0	52.0	12.5654
03/07/2018 20:07:05	53.0	52.0	11.6095
03/07/2018 20:07:17	54.0	53.0	13.3508
03/07/2018 20:07:28	55.0	54.0	12.5984
03/07/2018 20:07:39	56.0	56.0	11.5789
03/07/2018 20:07:50	56.0	56.0	11.5486
03/07/2018 20:08:01	57.0	56.0	13.089
03/07/2018 20:08:12	54.0	54.0	12.6649
03/07/2018 20:08:23	52.0	52.0	13.1579
03/07/2018 20:08:34	51.0	51.0	14.5503
03/07/2018 20:08:45	50.0	50.0	12.963
03/07/2018 20:08:56	50.0	50.0	14.1732
03/07/2018 20:09:07	49.0	48.0	14.3236
03/07/2018 20:09:18	49.0	48.0	13.4921
03/07/2018 20:09:29	48.0	48.0	13.1926
03/07/2018 20:09:40	49.0	48.0	15.7895
03/07/2018 20:09:51	48.0	47.0	12.9973
03/07/2018 20:10:02	47.0	47.0	14.2105
03/07/2018 20:10:13	48.0	48.0	13.4565
03/07/2018 20:10:24	50.0	50.0	13.7566
03/07/2018 20:10:35	52.0	52.0	12.8272
03/07/2018 20:10:46	53.0	53.0	11.9363
03/07/2018 20:10:57	54.0	54.0	11.811
03/07/2018 20:11:08	55.0	54.0	12.1372
03/07/2018 20:11:19	55.0	55.0	11.7801
03/07/2018 20:11:30	56.0	56.0	12.0735
03/07/2018 20:11:41	57.0	56.0	14.3979
03/07/2018 20:11:52	55.0	54.0	11.8734
03/07/2018 20:12:03	52.0	53.0	11.8734
03/07/2018 20:12:14	51.0	51.0	13.9842
03/07/2018 20:12:25	50.0	50.0	13.1926
03/07/2018 20:12:37	50.0	49.0	12.963
03/07/2018 20:12:48	49.0	48.0	13.7566
03/07/2018 20:12:59	48.0	48.0	13.2626
03/07/2018 20:13:10	48.0	47.0	14.5889
03/07/2018 20:13:21	48.0	46.0	13.1579
03/07/2018 20:13:32	47.0	46.0	12.9973
03/07/2018 20:13:43	48.0	47.0	15
03/07/2018 20:13:54	49.0	50.0	13.6483
03/07/2018 20:14:05	50.0	51.0	12.7937
03/07/2018 20:14:16	52.0	52.0	12.1372
03/07/2018 20:14:27	53.0	53.0	11.7493
03/07/2018 20:14:38	54.0	54.0	12.336
03/07/2018 20:14:49	55.0	55.0	12.6649
03/07/2018 20:15:00	56.0	55.0	11.5486
03/07/2018 20:15:11	56.0	56.0	12.3037
03/07/2018 20:15:22	56.0	55.0	12.3684
03/07/2018 20:15:33	54.0	53.0	13.4211
03/07/2018 20:15:44	52.0	52.0	13.6126
03/07/2018 20:15:55	50.0	51.0	13.6483
03/07/2018 20:16:06	50.0	50.0	13.2275
03/07/2018 20:16:17	49.0	49.0	14.9215
03/07/2018 20:16:28	49.0	48.0	13.4565
03/07/2018 20:16:39	48.0	47.0	14.4357
03/07/2018 20:16:50	48.0	47.0	13.6
03/07/2018 20:17:01	48.0	48.0	13.6842
03/07/2018 20:17:12	49.0	50.0	12.8609
03/07/2018 20:17:23	51.0	51.0	13.9842
03/07/2018 20:17:35	52.0	52.0	11.7801
03/07/2018 20:17:46	53.0	54.0	11.6095
03/07/2018 20:17:57	55.0	54.0	13.1926
03/07/2018 20:18:08	55.0	54.0	11.3456
03/07/2018 20:18:19	56.0	55.0	12.3037
03/07/2018 20:18:30	56.0	56.0	12.0419
03/07/2018 20:18:41	56.0	55.0	12.2715
03/07/2018 20:18:52	53.0	53.0	13.9108
03/07/2018 20:19:03	51.0	51.0	12.9973
03/07/2018 20:19:14	51.0	50.0	13.9108
03/07/2018 20:19:25	49.0	50.0	13.9842
03/07/2018 20:19:36	49.0	48.0	13.7203
03/07/2018 20:19:47	48.0	48.0	13.6842
03/07/2018 20:19:58	48.0	47.0	14.0212
03/07/2018 20:20:09	49.0	50.0	12.3684
03/07/2018 20:20:20	50.0	51.0	13.9108
03/07/2018 20:20:31	53.0	52.0	12.8947
03/07/2018 20:20:42	53.0	53.0	12.2715
03/07/2018 20:20:53	54.0	54.0	12.5326
03/07/2018 20:21:04	55.0	54.0	12.1053
03/07/2018 20:21:15	55.0	56.0	12.0104
03/07/2018 20:21:26	56.0	56.0	12.5654
03/07/2018 20:21:37	57.0	56.0	12.3037
03/07/2018 20:21:48	55.0	55.0	12.1053
03/07/2018 20:21:59	53.0	53.0	13.7566
03/07/2018 20:22:10	52.0	51.0	14.0212
03/07/2018 20:22:21	50.0	50.0	13.6126
03/07/2018 20:22:32	49.0	49.0	14.4357
03/07/2018 20:22:43	48.0	49.0	13.6483
03/07/2018 20:22:55	48.0	47.0	13.9474
03/07/2018 20:23:06	48.0	48.0	14.3979
03/07/2018 20:23:17	49.0	50.0	14.3979
03/07/2018 20:23:28	51.0	51.0	11.5486
03/07/2018 20:23:39	52.0	52.0	12.1693
03/07/2018 20:23:50	53.0	53.0	12.336
03/07/2018 20:24:01	54.0	54.0	12.7604
03/07/2018 20:24:12	55.0	54.0	12.5654
03/07/2018 20:24:23	55.0	56.0	11.5183
03/07/2018 20:24:34	56.0	55.0	13.089
03/07/2018 20:24:45	57.0	56.0	12.2715
03/07/2018 20:24:56	54.0	54.0	13.4565
03/07/2018 20:25:07	51.0	52.0	13.9108
03/07/2018 20:25:18	50.0	51.0	14.8148
03/07/2018 20:25:29	49.0	50.0	13.1926
03/07/2018 20:25:40	49.0	48.0	14.6982
03/07/2018 20:25:51	48.0	47.0	13.1926
03/07/2018 20:26:02	49.0	48.0	13.7203
03/07/2018 20:26:13	50.0	50.0	13.1234
03/07/2018 20:26:24	51.0	51.0	13.9842
03/07/2018 20:26:35	52.0	52.0	13.0208
03/07/2018 20:26:46	53.0	53.0	12.1053
03/07/2018 20:26:57	54.0	54.0	12.5326
03/07/2018 20:27:08	55.0	54.0	13.1234
03/07/2018 20:27:19	55.0	55.0	13.3508
03/07/2018 20:27:30	56.0	56.0	11.3158
03/07/2018 20:27:41	57.0	56.0	13.3159
03/07/2018 20:27:52	55.0	54.0	12.7937
03/07/2018 20:28:03	52.0	51.0	14.3603
03/07/2018 20:28:15	50.0	51.0	14.4737
03/07/2018 20:28:26	49.0	50.0	14.6214
03/07/2018 20:28:37	49.0	49.0	13.2275
03/07/2018 20:28:48	47.0	47.0	14.5119
03/07/2018 20:28:59	48.0	47.0	14.1732
03/07/2018 20:29:10	49.0	50.0	13.6126
03/07/2018 20:29:21	52.0	50.0	11.8734
03/07/2018 20:29:32	51.0	52.0	12.5654
03/07/2018 20:29:43	52.0	53.0	12.8272
03/07/2018 20:29:54	54.0	54.0	12.0735
03/07/2018 20:30:05	55.0	54.0	11.3757
03/07/2018 20:30:16	55.0	54.0	12.0735
03/07/2018 20:30:27	55.0	55.0	12.5654
03/07/2018 20:30:38	56.0	56.0	11.9792
03/07/2018 20:30:49	57.0	56.0	12.5984
03/07/2018 20:31:00	54.0	54.0	13.6842
03/07/2018 20:31:11	51.0	52.0	13.4211
03/07/2018 20:31:22	50.0	51.0	14.0212
03/07/2018 20:31:33	49.0	49.0	14.7368
03/07/2018 20:31:44	48.0	48.0	12.963
03/07/2018 20:31:55	48.0	48.0	14.248
03/07/2018 20:32:06	48.0	48.0	13.4921
03/07/2018 20:32:17	49.0	50.0	13.089
03/07/2018 20:32:28	51.0	51.0	12.2715
03/07/2018 20:32:39	52.0	52.0	12.3037
03/07/2018 20:32:50	53.0	53.0	12.8272
03/07/2018 20:33:01	54.0	54.0	12.2715
03/07/2018 20:33:12	54.0	54.0	12.0419
03/07/2018 20:33:24	55.0	55.0	12.0735
03/07/2018 20:33:35	55.0	56.0	12.3037
03/07/2018 20:33:46	57.0	56.0	11.7801
03/07/2018 20:33:57	56.0	56.0	13.0208
03/07/2018 20:34:08	54.0	54.0	13.6126
03/07/2018 20:34:19	52.0	52.0	13.6483
03/07/2018 20:34:30	50.0	50.0	14.2105
03/07/2018 20:34:41	49.0	49.0	13.7566
03/07/2018 20:34:52	48.0	47.0	14.0992
03/07/2018 20:35:03	48.0	47.0	14.1732
03/07/2018 20:35:14	48.0	47.0	13.6483
03/07/2018 20:35:25	50.0	50.0	13.9108
03/07/2018 20:35:36	51.0	51.0	11.811
03/07/2018 20:35:47	52.0	51.0	12.7937
03/07/2018 20:35:58	52.0	53.0	12.5326
03/07/2018 20:36:09	54.0	54.0	11.8421
03/07/2018 20:36:20	54.0	54.0	16.188
03/07/2018 20:36:31	56.0	55.0	18.0879
03/07/2018 20:36:42	58.0	57.0	15.8442
03/07/2018 20:36:53	55.0	54.0	15.0259
03/07/2018 20:37:04	53.0	52.0	17.2324
03/07/2018 20:37:15	51.0	51.0	15.9686
03/07/2018 20:37:26	50.0	50.0	16.2371
03/07/2018 20:37:37	49.0	49.0	16.9271
03/07/2018 20:37:48	49.0	48.0	17.1429
03/07/2018 20:37:59	49.0	48.0	16.3212
03/07/2018 20:38:10	48.0	48.0	17.6166
03/07/2018 20:38:21	48.0	47.0	17.7546
03/07/2018 20:38:32	48.0	46.0	15.6658
03/07/2018 20:38:43	49.0	49.0	17.6623
03/07/2018 20:38:54	51.0	51.0	17.9688
03/07/2018 20:39:05	52.0	52.0	29.765
03/07/2018 20:39:16	55.0	54.0	17.4479
03/07/2018 20:39:27	55.0	54.0	17.5853
03/07/2018 20:39:39	56.0	55.0	17.4479
03/07/2018 20:39:50	56.0	55.0	17.6623
03/07/2018 20:40:01	54.0	54.0	15.8031
03/07/2018 20:40:12	52.0	52.0	16.3636
03/07/2018 20:40:23	51.0	51.0	17.8756
03/07/2018 20:40:34	50.0	50.0	17.2324
03/07/2018 20:40:45	49.0	50.0	17.1875
03/07/2018 20:40:56	49.0	48.0	16.4491
03/07/2018 20:41:07	49.0	49.0	15.625
03/07/2018 20:41:18	48.0	48.0	18.3727
03/07/2018 20:41:29	49.0	48.0	17.7546
03/07/2018 20:41:40	48.0	47.0	15.625
03/07/2018 20:41:51	48.0	47.0	18.0628
03/07/2018 20:42:02	49.0	47.0	15.3247
03/07/2018 20:42:13	48.0	47.0	16.2791
03/07/2018 20:42:24	49.0	49.0	19.3798
03/07/2018 20:42:35	51.0	51.0	16.4062
03/07/2018 20:42:46	52.0	52.0	17.2324
03/07/2018 20:42:57	55.0	54.0	19.7917
03/07/2018 20:43:08	55.0	54.0	16.3636
03/07/2018 20:43:19	55.0	55.0	17.4479
03/07/2018 20:43:30	57.0	56.0	18.1818
03/07/2018 20:43:41	55.0	54.0	19.4301
03/07/2018 20:43:52	53.0	53.0	16.0622
03/07/2018 20:44:03	52.0	51.0	15.0649
03/07/2018 20:44:14	50.0	50.0	15.1042
03/07/2018 20:44:25	50.0	50.0	19.8953
03/07/2018 20:44:36	49.0	48.0	15.9686
03/07/2018 20:44:47	49.0	48.0	16.5803
03/07/2018 20:44:58	48.0	48.0	19.1099
03/07/2018 20:45:09	49.0	48.0	16.1039
03/07/2018 20:45:20	48.0	48.0	15.1042
03/07/2018 20:45:31	48.0	48.0	16.3212
03/07/2018 20:45:42	48.0	47.0	17.7546
03/07/2018 20:45:53	48.0	48.0	17.0157
03/07/2018 20:46:04	48.0	47.0	16.3636
03/07/2018 20:46:15	48.0	48.0	17.9688
03/07/2018 20:46:26	48.0	47.0	15.6658
03/07/2018 20:46:37	48.0	47.0	19.685
03/07/2018 20:46:48	47.0	48.0	19.5312
03/07/2018 20:46:59	49.0	50.0	16.3212
03/07/2018 20:47:11	52.0	51.0	15.6658
03/07/2018 20:47:22	53.0	53.0	15.7068
03/07/2018 20:47:33	54.0	54.0	17.801
03/07/2018 20:47:44	55.0	54.0	17.0157
03/07/2018 20:47:55	57.0	56.0	15.544
03/07/2018 20:48:06	57.0	56.0	16.4062
03/07/2018 20:48:17	53.0	53.0	16.6667
03/07/2018 20:48:28	52.0	51.0	18.1347
03/07/2018 20:48:39	52.0	51.0	19.0104
03/07/2018 20:48:50	50.0	50.0	15.9269
03/07/2018 20:49:01	50.0	50.0	15.6658
03/07/2018 20:49:12	50.0	49.0	19.4805
03/07/2018 20:49:23	49.0	48.0	17.9221
03/07/2018 20:49:34	49.0	48.0	16.9271
03/07/2018 20:49:45	49.0	48.0	16.1039
03/07/2018 20:49:56	48.0	48.0	16.8394
03/07/2018 20:50:07	49.0	48.0	17.3575
03/07/2018 20:50:18	48.0	47.0	15.7623
03/07/2018 20:50:29	48.0	48.0	18.3938
03/07/2018 20:50:40	48.0	48.0	16.095
03/07/2018 20:50:51	48.0	47.0	17.8295
03/07/2018 20:51:02	48.0	47.0	17.6166
03/07/2018 20:51:13	48.0	47.0	16.8831
03/07/2018 20:51:24	48.0	47.0	16.6667
03/07/2018 20:51:35	48.0	47.0	16.5375
03/07/2018 20:51:46	47.0	47.0	16.9713
03/07/2018 20:51:57	50.0	49.0	18.2768
03/07/2018 20:52:08	50.0	51.0	16.5375
03/07/2018 20:52:19	52.0	52.0	18.0157
03/07/2018 20:52:30	54.0	53.0	17.6166
03/07/2018 20:52:41	55.0	54.0	18.5379
03/07/2018 20:52:52	57.0	56.0	16.188
03/07/2018 20:53:03	57.0	56.0	17.801
03/07/2018 20:53:14	54.0	54.0	15.1042
03/07/2018 20:53:25	53.0	53.0	18.1818
03/07/2018 20:53:36	52.0	52.0	14.1732
03/07/2018 20:53:47	52.0	51.0	18.0157
03/07/2018 20:53:58	50.0	50.0	15.625
03/07/2018 20:54:09	50.0	49.0	16.8831
03/07/2018 20:54:21	50.0	49.0	17.5393
03/07/2018 20:54:32	49.0	48.0	17.1875
03/07/2018 20:54:43	49.0	48.0	14.9215
03/07/2018 20:54:54	49.0	48.0	17.1429
03/07/2018 20:55:05	49.0	48.0	16.8831
03/07/2018 20:55:16	49.0	48.0	15.5844
03/07/2018 20:55:27	49.0	48.0	16.4921
03/07/2018 20:55:38	48.0	47.0	16.9271
03/07/2018 20:55:49	48.0	47.0	16.2791
03/07/2018 20:56:00	48.0	47.0	16.0207
03/07/2018 20:56:11	48.0	47.0	17.4935
03/07/2018 20:56:22	49.0	48.0	16.9713
03/07/2018 20:56:33	51.0	51.0	18.0157
03/07/2018 20:56:44	52.0	52.0	18.0628
03/07/2018 20:56:55	54.0	53.0	15.9383
03/07/2018 20:57:06	55.0	54.0	15.625
03/07/2018 20:57:17	56.0	55.0	14.7287
03/07/2018 20:57:28	57.0	56.0	15.0649
03/07/2018 20:57:39	55.0	55.0	18.799
03/07/2018 20:57:50	54.0	53.0	16.4062
03/07/2018 20:58:01	52.0	52.0	16.3158
03/07/2018 20:58:12	51.0	51.0	17.9688
03/07/2018 20:58:23	51.0	50.0	16.4062
03/07/2018 20:58:34	50.0	50.0	17.4026
03/07/2018 20:58:45	50.0	50.0	17.8478
03/07/2018 20:58:56	49.0	49.0	16.273
03/07/2018 20:59:07	49.0	49.0	16.4948
03/07/2018 20:59:18	49.0	49.0	15.8854
03/07/2018 20:59:29	49.0	49.0	18.3463
03/07/2018 20:59:40	49.0	48.0	17.8756
03/07/2018 20:59:51	49.0	48.0	18.5567
03/07/2018 21:00:02	50.0	50.0	18.9119
03/07/2018 21:00:13	50.0	49.0	20.3608
03/07/2018 21:00:24	50.0	50.0	13.2626
03/07/2018 21:00:35	49.0	49.0	15.3034
03/07/2018 21:00:46	49.0	48.0	17.6623
03/07/2018 21:00:57	48.0	48.0	14.1732
03/07/2018 21:01:08	49.0	48.0	16.6667
03/07/2018 21:01:19	49.0	48.0	14.6277
03/07/2018 21:01:31	48.0	47.0	16.9271
03/07/2018 21:01:42	48.0	47.0	15.9269
03/07/2018 21:01:53	48.0	47.0	16.6667
03/07/2018 21:02:04	48.0	47.0	16.4062
03/07/2018 21:02:15	48.0	48.0	19.4805
03/07/2018 21:02:26	48.0	47.0	18.3246
03/07/2018 21:02:37	48.0	47.0	16.9713
03/07/2018 21:02:48	48.0	48.0	18.3938
03/07/2018 21:02:59	48.0	47.0	13.6483
03/07/2018 21:03:10	48.0	48.0	13.6483
03/07/2018 21:03:21	47.0	47.0	13.9842
03/07/2018 21:03:32	49.0	48.0	13.8743
03/07/2018 21:03:43	50.0	50.0	13.5065
03/07/2018 21:03:54	52.0	51.0	13.3159
03/07/2018 21:04:05	52.0	52.0	12.0735
03/07/2018 21:04:16	54.0	53.0	12.2715
03/07/2018 21:04:27	55.0	54.0	12.8272
03/07/2018 21:04:38	55.0	54.0	11.2565
03/07/2018 21:04:49	57.0	56.0	13.0208
03/07/2018 21:05:00	56.0	56.0	12.5326
03/07/2018 21:05:11	53.0	53.0	13.9474
03/07/2018 21:05:22	51.0	51.0	14.6982
03/07/2018 21:05:33	51.0	51.0	13.8743
03/07/2018 21:05:44	50.0	49.0	13.089
03/07/2018 21:05:55	49.0	49.0	14.5503
03/07/2018 21:06:06	48.0	48.0	13.3858
03/07/2018 21:06:17	49.0	48.0	13.9474
03/07/2018 21:06:28	48.0	48.0	14.4737
03/07/2018 21:06:39	48.0	48.0	13.4565
03/07/2018 21:06:50	48.0	47.0	16.0622
03/07/2018 21:07:02	48.0	48.0	17.2775
03/07/2018 21:07:13	48.0	48.0	17.7083
03/07/2018 21:07:24	48.0	48.0	17.9221
03/07/2018 21:07:35	48.0	48.0	16.1039
03/07/2018 21:07:46	48.0	48.0	17.2324
03/07/2018 21:07:57	48.0	48.0	17.4026
03/07/2018 21:08:08	49.0	48.0	17.7083
03/07/2018 21:08:19	48.0	48.0	16.8831
03/07/2018 21:08:30	48.0	48.0	18.2292
03/07/2018 21:08:41	48.0	48.0	16.9271
03/07/2018 21:08:52	48.0	48.0	19.171
03/07/2018 21:09:03	48.0	48.0	16.7102
03/07/2018 21:09:14	49.0	48.0	18.0157
03/07/2018 21:09:25	49.0	48.0	17.801
03/07/2018 21:09:36	49.0	48.0	16.6234
03/07/2018 21:09:47	49.0	48.0	15.748
03/07/2018 21:09:58	49.0	48.0	16.7539
03/07/2018 21:10:09	49.0	49.0	18.75
03/07/2018 21:10:20	48.0	48.0	18.1818
03/07/2018 21:10:31	48.0	48.0	17.4026
03/07/2018 21:10:42	48.0	48.0	15.544
03/07/2018 21:10:53	48.0	48.0	17.4935
03/07/2018 21:11:04	50.0	48.0	17.5853
03/07/2018 21:11:15	49.0	48.0	18.0628
03/07/2018 21:11:26	48.0	48.0	17.4935
03/07/2018 21:11:37	48.0	48.0	16.2371
03/07/2018 21:11:48	48.0	47.0	17.2324
03/07/2018 21:11:59	48.0	48.0	18.4416
03/07/2018 21:12:10	48.0	48.0	15.9269
03/07/2018 21:12:21	48.0	48.0	15.6658
03/07/2018 21:12:32	49.0	48.0	17.8756
03/07/2018 21:12:43	48.0	47.0	17.7083
03/07/2018 21:12:54	49.0	47.0	16.3636
03/07/2018 21:13:05	49.0	48.0	17.7546
03/07/2018 21:13:16	49.0	48.0	14.3979
03/07/2018 21:13:27	48.0	47.0	16.188
03/07/2018 21:13:38	49.0	48.0	17.1875
03/07/2018 21:13:49	49.0	47.0	17.2775
03/07/2018 21:14:00	49.0	48.0	15.8854
03/07/2018 21:14:11	48.0	48.0	18.7013
03/07/2018 21:14:23	50.0	49.0	18.799
03/07/2018 21:14:34	49.0	47.0	16.5803
03/07/2018 21:14:45	48.0	48.0	16.0105
03/07/2018 21:14:56	49.0	48.0	18.4896
03/07/2018 21:15:07	49.0	48.0	16.9713
03/07/2018 21:15:18	48.0	48.0	18.1102
03/07/2018 21:15:29	48.0	48.0	15.8442
03/07/2018 21:15:40	48.0	48.0	19.5822
03/07/2018 21:15:51	49.0	48.0	13.6842
03/07/2018 21:16:02	48.0	48.0	13.2626
03/07/2018 21:16:13	48.0	47.0	15.2632
03/07/2018 21:16:24	49.0	49.0	14.1732
03/07/2018 21:16:35	50.0	50.0	13.1234
03/07/2018 21:16:46	52.0	51.0	12.3684
03/07/2018 21:16:57	52.0	53.0	13.5065
03/07/2018 21:17:08	54.0	53.0	12.4675
03/07/2018 21:17:19	55.0	54.0	11.7801
03/07/2018 21:17:30	56.0	54.0	12.336
03/07/2018 21:17:41	56.0	55.0	12.5326
03/07/2018 21:17:52	55.0	54.0	12.2396
03/07/2018 21:18:03	53.0	53.0	12.9288
03/07/2018 21:18:14	51.0	51.0	14.4357
03/07/2018 21:18:25	51.0	51.0	13.6126
03/07/2018 21:18:36	50.0	49.0	16.1954
03/07/2018 21:18:47	50.0	50.0	17.3127
03/07/2018 21:18:58	50.0	49.0	18.6352
03/07/2018 21:19:09	50.0	49.0	17.3575
03/07/2018 21:19:20	50.0	50.0	19.0601
03/07/2018 21:19:31	49.0	50.0	17.1875
03/07/2018 21:19:42	50.0	49.0	17.7546
03/07/2018 21:19:53	49.0	50.0	16.5375
03/07/2018 21:20:04	50.0	49.0	17.5853
03/07/2018 21:20:15	49.0	48.0	17.9221
03/07/2018 21:20:26	49.0	49.0	18.1347
03/07/2018 21:20:37	49.0	48.0	17.4026
03/07/2018 21:20:49	49.0	48.0	16.6667
03/07/2018 21:21:00	49.0	49.0	16.1039
03/07/2018 21:21:11	49.0	48.0	16.5803
03/07/2018 21:21:22	50.0	48.0	19.6335
03/07/2018 21:21:33	49.0	48.0	16.6667
03/07/2018 21:21:44	49.0	48.0	18.1818
03/07/2018 21:21:55	49.0	48.0	16.4491
03/07/2018 21:22:06	49.0	48.0	16.1458
03/07/2018 21:22:17	49.0	48.0	19.7917
03/07/2018 21:22:28	48.0	48.0	15.3646
03/07/2018 21:22:39	48.0	48.0	16.4062
03/07/2018 21:22:50	49.0	48.0	19.5822
03/07/2018 21:23:01	49.0	48.0	18.0628
03/07/2018 21:23:12	48.0	48.0	15.4639
03/07/2018 21:23:23	48.0	48.0	17.801
03/07/2018 21:23:34	48.0	47.0	15.5844
03/07/2018 21:23:45	48.0	48.0	16.6667
03/07/2018 21:23:56	48.0	48.0	21.1488
03/07/2018 21:24:07	50.0	48.0	16.3636
03/07/2018 21:24:18	49.0	48.0	19.5822
03/07/2018 21:24:29	49.0	48.0	16.8394
03/07/2018 21:24:40	49.0	48.0	15.8031
03/07/2018 21:24:51	48.0	48.0	17.9688
03/07/2018 21:25:02	49.0	48.0	19.0722
03/07/2018 21:25:13	48.0	49.0	15.8854
03/07/2018 21:25:24	49.0	48.0	17.9688
03/07/2018 21:25:35	49.0	48.0	17.2324
03/07/2018 21:25:46	49.0	47.0	17.5393
03/07/2018 21:25:57	48.0	48.0	18.3938
03/07/2018 21:26:08	48.0	48.0	18.0879
03/07/2018 21:26:19	49.0	48.0	15.285
03/07/2018 21:26:30	48.0	47.0	18.5379
03/07/2018 21:26:41	48.0	48.0	17.1875
03/07/2018 21:26:52	48.0	48.0	15.7623
03/07/2018 21:27:03	49.0	48.0	19.2208
03/07/2018 21:27:14	49.0	48.0	16.6667
03/07/2018 21:27:25	49.0	48.0	18.7013
03/07/2018 21:27:36	49.0	48.0	16.7102
03/07/2018 21:27:47	49.0	48.0	16.1039
03/07/2018 21:27:58	49.0	48.0	18.6352
03/07/2018 21:28:10	49.0	48.0	16.3636
03/07/2018 21:28:21	49.0	48.0	17.9688
03/07/2018 21:28:32	49.0	48.0	17.6623
03/07/2018 21:28:43	48.0	48.0	17.4935
03/07/2018 21:28:54	49.0	48.0	17.6623
03/07/2018 21:29:05	49.0	48.0	17.9221
03/07/2018 21:29:16	49.0	48.0	18.4896
03/07/2018 21:29:27	50.0	49.0	15.3646
03/07/2018 21:29:38	49.0	48.0	16.4491
03/07/2018 21:29:49	49.0	48.0	19.5312
03/07/2018 21:30:00	49.0	50.0	20.4134
03/07/2018 21:30:11	51.0	50.0	18.1586
03/07/2018 21:30:22	51.0	51.0	18.7661
03/07/2018 21:30:33	51.0	50.0	18.299
03/07/2018 21:30:44	52.0	51.0	18.5567
03/07/2018 21:30:55	52.0	51.0	18.0879
03/07/2018 21:31:06	52.0	51.0	17.3127
03/07/2018 21:31:17	52.0	51.0	22.0779
03/07/2018 21:31:28	52.0	51.0	20.0514
03/07/2018 21:31:39	51.0	51.0	20.4663
03/07/2018 21:31:50	52.0	51.0	18.299
03/07/2018 21:32:01	52.0	51.0	20
03/07/2018 21:32:12	52.0	52.0	20.8763
03/07/2018 21:32:23	51.0	51.0	21.5584
03/07/2018 21:32:34	51.0	51.0	18.0879
03/07/2018 21:32:45	52.0	51.0	14.2857
03/07/2018 21:32:56	51.0	51.0	18.5379
03/07/2018 21:33:07	54.0	53.0	18.0157
03/07/2018 21:33:18	55.0	54.0	17.4026
03/07/2018 21:33:29	56.0	56.0	17.0604
03/07/2018 21:33:40	55.0	56.0	17.801
03/07/2018 21:33:51	54.0	53.0	16.1458
03/07/2018 21:34:02	53.0	53.0	19.0601
03/07/2018 21:34:13	52.0	51.0	16.6667
03/07/2018 21:34:24	51.0	51.0	17.0157
03/07/2018 21:34:35	50.0	51.0	17.3684
03/07/2018 21:34:46	50.0	51.0	16.5375
03/07/2018 21:34:57	50.0	50.0	17.1875
03/07/2018 21:35:08	51.0	51.0	17.9221
03/07/2018 21:35:19	50.0	49.0	16.2791
03/07/2018 21:35:30	49.0	49.0	17.3575
03/07/2018 21:35:41	49.0	49.0	18.0412
03/07/2018 21:35:52	49.0	49.0	17.2324
03/07/2018 21:36:04	49.0	48.0	18.4896
03/07/2018 21:36:15	49.0	48.0	17.6166
03/07/2018 21:36:26	48.0	48.0	16.8394
03/07/2018 21:36:37	49.0	48.0	19.3717
03/07/2018 21:36:48	50.0	51.0	16.6667
03/07/2018 21:36:59	48.0	48.0	17.2324
03/07/2018 21:37:10	49.0	48.0	16.6667
03/07/2018 21:37:21	49.0	48.0	15.9269
03/07/2018 21:37:32	48.0	47.0	17.1875
03/07/2018 21:37:43	48.0	47.0	16.4062
03/07/2018 21:37:54	48.0	47.0	19.3717
03/07/2018 21:38:05	48.0	47.0	15.544
03/07/2018 21:38:16	48.0	48.0	16.273
03/07/2018 21:38:27	48.0	48.0	17.0604
03/07/2018 21:38:38	48.0	48.0	16.273
03/07/2018 21:38:49	49.0	48.0	17.5393
03/07/2018 21:39:00	49.0	48.0	15.6658
03/07/2018 21:39:11	48.0	47.0	15.9269
03/07/2018 21:39:22	48.0	48.0	17.0984
03/07/2018 21:39:33	48.0	48.0	17.1429
03/07/2018 21:39:44	48.0	47.0	18.75
03/07/2018 21:39:55	48.0	47.0	17.9688
03/07/2018 21:40:06	48.0	46.0	20.155
03/07/2018 21:40:17	48.0	47.0	16.1039
03/07/2018 21:40:28	48.0	47.0	16.6667
03/07/2018 21:40:39	48.0	46.0	17.1429
03/07/2018 21:40:50	48.0	47.0	15.8031
03/07/2018 21:41:01	48.0	47.0	16.8831
03/07/2018 21:41:12	50.0	50.0	17.5393
03/07/2018 21:41:23	52.0	51.0	16.6667
03/07/2018 21:41:34	53.0	53.0	16.6667
03/07/2018 21:41:45	55.0	54.0	16.3636
03/07/2018 21:41:56	55.0	55.0	18.7013
03/07/2018 21:42:07	57.0	56.0	16.4491
03/07/2018 21:42:18	56.0	55.0	17.0984
03/07/2018 21:42:29	53.0	53.0	16.3588
03/07/2018 21:42:40	52.0	51.0	17.268
03/07/2018 21:42:51	51.0	51.0	16.9713
03/07/2018 21:43:03	51.0	50.0	15.544
03/07/2018 21:43:14	51.0	50.0	18.5864
03/07/2018 21:43:25	50.0	49.0	16.4921
03/07/2018 21:43:36	50.0	49.0	17.4935
03/07/2018 21:43:47	50.0	49.0	16.5375
03/07/2018 21:43:58	49.0	49.0	17.2324
03/07/2018 21:44:09	50.0	49.0	17.1429
03/07/2018 21:44:20	49.0	48.0	19.0104
03/07/2018 21:44:31	49.0	48.0	17.6623
03/07/2018 21:44:42	49.0	48.0	16.6667
03/07/2018 21:44:53	49.0	48.0	14.0992
03/07/2018 21:45:04	48.0	48.0	19.0104
03/07/2018 21:45:15	49.0	48.0	19.2208
03/07/2018 21:45:26	48.0	48.0	16.7102
03/07/2018 21:45:37	48.0	47.0	15.8442
03/07/2018 21:45:48	49.0	47.0	15.5844
03/07/2018 21:45:59	48.0	47.0	17.2775
03/07/2018 21:46:10	48.0	48.0	17.6623
03/07/2018 21:46:21	48.0	47.0	17.1875
03/07/2018 21:46:32	48.0	47.0	16.7979
03/07/2018 21:46:43	48.0	47.0	16.5789
03/07/2018 21:46:54	48.0	47.0	19.2208
03/07/2018 21:47:05	49.0	49.0	18.5379
03/07/2018 21:47:16	51.0	51.0	19.9475
03/07/2018 21:47:27	52.0	52.0	18.2768
03/07/2018 21:47:38	54.0	53.0	16.1458
03/07/2018 21:47:49	55.0	54.0	16.1954
03/07/2018 21:48:00	56.0	55.0	18.6842
03/07/2018 21:48:11	58.0	57.0	17.5393
03/07/2018 21:48:22	55.0	54.0	18.2292
03/07/2018 21:48:33	53.0	54.0	20.0521
03/07/2018 21:48:44	52.0	52.0	16.9713
03/07/2018 21:48:55	51.0	52.0	17.0604
03/07/2018 21:49:06	51.0	51.0	15.2632
03/07/2018 21:49:17	51.0	50.0	17.0984
03/07/2018 21:49:28	50.0	50.0	16.8831
03/07/2018 21:49:39	50.0	50.0	17.5711
03/07/2018 21:49:50	49.0	49.0	17.1429
03/07/2018 21:50:01	49.0	48.0	17.2775
03/07/2018 21:50:12	49.0	49.0	17.2324
03/07/2018 21:50:24	49.0	48.0	18.0157
03/07/2018 21:50:35	49.0	48.0	17.1875
03/07/2018 21:50:46	49.0	48.0	18.2768
03/07/2018 21:50:57	49.0	48.0	17.3575
03/07/2018 21:51:08	48.0	48.0	17.7083
03/07/2018 21:51:19	48.0	49.0	16.6667
03/07/2018 21:51:30	49.0	48.0	15.1436
03/07/2018 21:51:41	48.0	48.0	18.4416
03/07/2018 21:51:52	48.0	48.0	19.0104
03/07/2018 21:52:03	48.0	47.0	16.4491
03/07/2018 21:52:14	48.0	48.0	18.2292
03/07/2018 21:52:25	48.0	48.0	18.4697
03/07/2018 21:52:36	48.0	48.0	15.8442
03/07/2018 21:52:47	48.0	47.0	15.9269
03/07/2018 21:52:58	48.0	47.0	18.6047
03/07/2018 21:53:09	48.0	47.0	17.7546
03/07/2018 21:53:20	47.0	46.0	16.9713
03/07/2018 21:53:31	48.0	47.0	17.2324
03/07/2018 21:53:42	50.0	49.0	18.5864
03/07/2018 21:53:53	51.0	51.0	17.2775
03/07/2018 21:54:04	53.0	53.0	15.285
03/07/2018 21:54:15	54.0	54.0	16.4062
03/07/2018 21:54:26	55.0	55.0	15.3646
03/07/2018 21:54:37	57.0	56.0	16.7102
03/07/2018 21:54:48	55.0	55.0	17.1875
03/07/2018 21:54:59	54.0	53.0	13.3858
03/07/2018 21:55:10	51.0	51.0	17.3575
03/07/2018 21:55:21	51.0	51.0	16.4062
03/07/2018 21:55:32	50.0	50.0	18.2768
03/07/2018 21:55:43	50.0	50.0	16.8831
03/07/2018 21:55:54	50.0	50.0	17.0604
03/07/2018 21:56:05	50.0	49.0	17.7546
03/07/2018 21:56:16	50.0	49.0	16.9713
03/07/2018 21:56:27	50.0	48.0	17.1875
03/07/2018 21:56:38	50.0	49.0	17.801
03/07/2018 21:56:49	49.0	48.0	16.7959
03/07/2018 21:57:00	49.0	48.0	17.6166
03/07/2018 21:57:11	49.0	48.0	18.799
03/07/2018 21:57:22	49.0	48.0	20.3125
03/07/2018 21:57:34	48.0	47.0	17.0984
03/07/2018 21:57:45	49.0	48.0	16.3636
03/07/2018 21:57:56	49.0	48.0	17.0157
03/07/2018 21:58:07	50.0	48.0	16.6667
03/07/2018 21:58:18	49.0	48.0	17.9688
03/07/2018 21:58:29	49.0	48.0	15.625
03/07/2018 21:58:40	49.0	48.0	16.9271
03/07/2018 21:58:51	49.0	48.0	17.0984
03/07/2018 21:59:02	48.0	48.0	17.4479
03/07/2018 21:59:13	48.0	48.0	18.6047
03/07/2018 21:59:24	48.0	48.0	15.8031
03/07/2018 21:59:35	48.0	48.0	17.2324
03/07/2018 21:59:46	48.0	48.0	18.4211
03/07/2018 21:59:57	49.0	48.0	17.5853
03/07/2018 22:00:08	48.0	48.0	19.7917
03/07/2018 22:00:19	49.0	48.0	15.0649
03/07/2018 22:00:30	49.0	48.0	19.6382
03/07/2018 22:00:41	49.0	48.0	16.7102
03/07/2018 22:00:52	49.0	48.0	15.5844
03/07/2018 22:01:03	48.0	48.0	16.188
03/07/2018 22:01:14	48.0	48.0	15.625
03/07/2018 22:01:25	49.0	48.0	16.6667
03/07/2018 22:01:36	48.0	48.0	18.5379
03/07/2018 22:01:47	48.0	48.0	16.2304
03/07/2018 22:01:58	49.0	48.0	17.8295
03/07/2018 22:02:09	48.0	48.0	17.1875
03/07/2018 22:02:20	49.0	48.0	17.5853
03/07/2018 22:02:31	49.0	48.0	18.799
03/07/2018 22:02:42	49.0	48.0	18.7013
03/07/2018 22:02:53	49.0	48.0	16.9271
03/07/2018 22:03:04	49.0	48.0	17.0604
03/07/2018 22:03:15	49.0	49.0	19.2708
03/07/2018 22:03:26	49.0	48.0	16.4948
03/07/2018 22:03:37	49.0	48.0	16.7959
03/07/2018 22:03:48	49.0	48.0	17.4026
03/07/2018 22:03:59	49.0	48.0	16.1458
03/07/2018 22:04:10	48.0	48.0	17.9688
03/07/2018 22:04:21	48.0	48.0	16.2791
03/07/2018 22:04:32	49.0	48.0	18.0157
03/07/2018 22:04:43	49.0	48.0	16.8831
03/07/2018 22:04:54	49.0	48.0	17.5393
03/07/2018 22:05:06	48.0	48.0	16.3636
03/07/2018 22:05:17	48.0	48.0	15.4047
03/07/2018 22:05:28	49.0	48.0	15.3247
03/07/2018 22:05:39	49.0	48.0	16.7979
03/07/2018 22:05:50	48.0	48.0	15.7068
03/07/2018 22:06:01	48.0	48.0	17.4026
03/07/2018 22:06:12	48.0	48.0	16.9271
03/07/2018 22:06:23	49.0	48.0	16.4491
03/07/2018 22:06:34	49.0	47.0	16.6234
03/07/2018 22:06:45	49.0	48.0	16.4491
03/07/2018 22:06:56	49.0	48.0	17.3575
03/07/2018 22:07:07	49.0	48.0	16.7102
03/07/2018 22:07:18	48.0	48.0	18.799
03/07/2018 22:07:29	49.0	48.0	18.799
03/07/2018 22:07:40	49.0	48.0	15.9686
03/07/2018 22:07:51	49.0	47.0	16.6234
03/07/2018 22:08:02	49.0	48.0	17.0543
03/07/2018 22:08:13	48.0	48.0	17.6166
03/07/2018 22:08:24	49.0	48.0	20
03/07/2018 22:08:35	48.0	48.0	17.3228
03/07/2018 22:08:46	49.0	48.0	21.7617
03/07/2018 22:08:57	51.0	49.0	21.8182
03/07/2018 22:09:08	51.0	50.0	19.3798
03/07/2018 22:09:19	52.0	51.0	19.3211
03/07/2018 22:09:30	51.0	50.0	22.4806
03/07/2018 22:09:41	51.0	50.0	21.7617
03/07/2018 22:09:52	52.0	52.0	17.8295
03/07/2018 22:10:03	55.0	54.0	17.3575
03/07/2018 22:10:14	57.0	56.0	23.8227
03/07/2018 22:10:25	58.0	57.0	16.8394
03/07/2018 22:10:36	55.0	54.0	16.9271
03/07/2018 22:10:47	53.0	53.0	18.1818
03/07/2018 22:10:58	52.0	52.0	18.1579
03/07/2018 22:11:09	54.0	52.0	16.6234
03/07/2018 22:11:20	51.0	51.0	17.4479
03/07/2018 22:11:31	51.0	50.0	16.8421
03/07/2018 22:11:42	51.0	51.0	17.7083
03/07/2018 22:11:53	50.0	50.0	16.9713
03/07/2018 22:12:04	51.0	50.0	17.3575
03/07/2018 22:12:15	50.0	49.0	17.1875
03/07/2018 22:12:26	49.0	49.0	16.8831
03/07/2018 22:12:37	49.0	50.0	15.8031
03/07/2018 22:12:48	50.0	49.0	16.6234
03/07/2018 22:13:00	49.0	49.0	16.8421
03/07/2018 22:13:11	49.0	49.0	16.1458
03/07/2018 22:13:22	50.0	48.0	17.0543
03/07/2018 22:13:33	49.0	49.0	16.6667
03/07/2018 22:13:44	49.0	48.0	16.2371
03/07/2018 22:13:55	49.0	48.0	18.4416
03/07/2018 22:14:06	49.0	48.0	17.1429
03/07/2018 22:14:17	49.0	48.0	15.0259
03/07/2018 22:14:28	49.0	49.0	16.9271
03/07/2018 22:14:39	49.0	48.0	17.4026
03/07/2018 22:14:50	49.0	48.0	16.6234
03/07/2018 22:15:01	49.0	48.0	17.0984
03/07/2018 22:15:12	49.0	49.0	15.9269
03/07/2018 22:15:23	49.0	48.0	15.625
03/07/2018 22:15:34	49.0	48.0	15.625
03/07/2018 22:15:45	50.0	49.0	17.4479
03/07/2018 22:15:56	49.0	49.0	18.6352
03/07/2018 22:16:07	49.0	48.0	16.6667
03/07/2018 22:16:18	49.0	49.0	15.3247
03/07/2018 22:16:29	49.0	48.0	17.9688
03/07/2018 22:16:40	49.0	48.0	18.1818
03/07/2018 22:16:51	49.0	48.0	17.4026
03/07/2018 22:17:02	49.0	48.0	16.6234
03/07/2018 22:17:13	49.0	48.0	18.1818
03/07/2018 22:17:24	50.0	50.0	17.9221
03/07/2018 22:17:35	50.0	49.0	16.4921
03/07/2018 22:17:46	49.0	48.0	18.75
03/07/2018 22:17:57	49.0	50.0	17.1429
03/07/2018 22:18:08	49.0	48.0	17.9221
03/07/2018 22:18:19	49.0	48.0	16.3636
03/07/2018 22:18:30	49.0	48.0	15.2455
03/07/2018 22:18:41	49.0	49.0	15.9269
03/07/2018 22:18:52	50.0	49.0	16.1039
03/07/2018 22:19:03	49.0	49.0	17.1429
03/07/2018 22:19:14	49.0	49.0	18.0157
03/07/2018 22:19:25	49.0	48.0	17.1875
03/07/2018 22:19:36	50.0	49.0	19.171
03/07/2018 22:19:47	50.0	50.0	16.7102
03/07/2018 22:19:58	50.0	50.0	16.9713
03/07/2018 22:20:09	50.0	49.0	19.7943
03/07/2018 22:20:20	50.0	50.0	19.0722
03/07/2018 22:20:32	52.0	51.0	21.8182
03/07/2018 22:20:43	51.0	51.0	19.3299
03/07/2018 22:20:54	52.0	51.0	18.1347
03/07/2018 22:21:05	53.0	52.0	20.0514
03/07/2018 22:21:16	52.0	52.0	19.7943
03/07/2018 22:21:27	54.0	53.0	19.5876
03/07/2018 22:21:38	52.0	52.0	19.1816
03/07/2018 22:21:49	53.0	53.0	17.8756
03/07/2018 22:22:00	52.0	52.0	18.6528
03/07/2018 22:22:11	53.0	52.0	19.0722
03/07/2018 22:22:22	53.0	52.0	18.75
03/07/2018 22:22:33	53.0	53.0	16.6234
03/07/2018 22:22:44	54.0	53.0	20.1031
03/07/2018 22:22:55	53.0	53.0	20.2073
03/07/2018 22:23:06	53.0	53.0	16.9231
03/07/2018 22:23:17	54.0	54.0	18.3463
03/07/2018 22:23:28	54.0	53.0	20.6718
03/07/2018 22:23:39	53.0	53.0	17.5711
03/07/2018 22:23:50	54.0	53.0	18.1347
03/07/2018 22:24:01	54.0	53.0	18.4896
03/07/2018 22:24:12	54.0	54.0	19.0231
03/07/2018 22:24:23	53.0	53.0	17.6166
03/07/2018 22:24:34	54.0	53.0	21.8182
03/07/2018 22:24:45	55.0	54.0	17.7835
03/07/2018 22:24:56	54.0	53.0	20.2597
03/07/2018 22:25:07	54.0	54.0	19.4301
03/07/2018 22:25:18	54.0	53.0	18.961
03/07/2018 22:25:29	54.0	53.0	18.9119
03/07/2018 22:25:40	56.0	54.0	19.6382
03/07/2018 22:25:51	58.0	58.0	18.0412
03/07/2018 22:26:02	58.0	56.0	19.5876
03/07/2018 22:26:13	56.0	55.0	11.811
03/07/2018 22:26:24	53.0	53.0	11.1111
03/07/2018 22:26:35	52.0	51.0	12.6316
03/07/2018 22:26:46	51.0	51.0	12.336
03/07/2018 22:26:57	51.0	51.0	12.5984
03/07/2018 22:27:08	51.0	50.0	14.7757
03/07/2018 22:27:19	50.0	50.0	13.3159
03/07/2018 22:27:30	50.0	50.0	12.3037
03/07/2018 22:27:41	50.0	49.0	11.8421
03/07/2018 22:27:52	50.0	49.0	14.4357
03/07/2018 22:28:03	49.0	49.0	17.1875
03/07/2018 22:28:14	51.0	50.0	19.8433
03/07/2018 22:28:25	51.0	51.0	19.3798
03/07/2018 22:28:36	52.0	53.0	20.9302
03/07/2018 22:28:47	53.0	52.0	19.7403
03/07/2018 22:28:58	53.0	53.0	17.4026
03/07/2018 22:29:09	54.0	52.0	20.3655
03/07/2018 22:29:20	53.0	52.0	18.9744
03/07/2018 22:29:31	54.0	53.0	19.3299
03/07/2018 22:29:43	54.0	53.0	18.7013
03/07/2018 22:29:54	54.0	53.0	17.5711
03/07/2018 22:30:05	54.0	52.0	23.5751
03/07/2018 22:30:16	53.0	53.0	20.7254
03/07/2018 22:30:27	54.0	53.0	19.8966
03/07/2018 22:30:38	54.0	53.0	16.3212
03/07/2018 22:30:49	54.0	53.0	19.3798
03/07/2018 22:31:00	55.0	54.0	18.2292
03/07/2018 22:31:11	54.0	53.0	17.9949
03/07/2018 22:31:22	55.0	53.0	20.5729
03/07/2018 22:31:33	54.0	53.0	19.1214
03/07/2018 22:31:44	54.0	53.0	21.447
03/07/2018 22:31:55	53.0	53.0	18.6528
03/07/2018 22:32:06	54.0	53.0	18.0879
03/07/2018 22:32:17	55.0	53.0	19.3798
03/07/2018 22:32:28	54.0	53.0	20.5195
03/07/2018 22:32:39	55.0	54.0	20.8763
03/07/2018 22:32:50	53.0	53.0	21.7054
03/07/2018 22:33:01	54.0	53.0	20.4134
03/07/2018 22:33:12	53.0	53.0	20.1031
03/07/2018 22:33:23	54.0	53.0	19.5876
03/07/2018 22:33:34	54.0	53.0	18.1818
03/07/2018 22:33:45	54.0	53.0	19.9482
03/07/2018 22:33:56	54.0	53.0	18.6047
03/07/2018 22:34:07	54.0	53.0	18.4896
03/07/2018 22:34:18	54.0	53.0	21.6495
03/07/2018 22:34:29	53.0	53.0	18.2051
03/07/2018 22:34:40	54.0	53.0	20.4134
03/07/2018 22:34:51	55.0	53.0	20
03/07/2018 22:35:02	54.0	53.0	18.0412
03/07/2018 22:35:13	55.0	54.0	20.7254
03/07/2018 22:35:24	53.0	53.0	18.3938
03/07/2018 22:35:35	54.0	53.0	21.2987
03/07/2018 22:35:46	54.0	53.0	18.8144
03/07/2018 22:35:57	54.0	53.0	19.171
03/07/2018 22:36:08	54.0	53.0	19.8966
03/07/2018 22:36:19	54.0	54.0	20.3608
03/07/2018 22:36:30	54.0	54.0	21.5385
03/07/2018 22:36:41	54.0	53.0	18.9119
03/07/2018 22:36:52	55.0	53.0	17.4026
03/07/2018 22:37:03	53.0	52.0	20.7792
03/07/2018 22:37:14	54.0	53.0	17.0103
03/07/2018 22:37:25	54.0	53.0	20.8333
03/07/2018 22:37:36	52.0	52.0	18.7013
03/07/2018 22:37:47	52.0	52.0	18.3938
03/07/2018 22:37:58	54.0	53.0	19.171
03/07/2018 22:38:09	53.0	52.0	19.6382
03/07/2018 22:38:20	53.0	52.0	16.7959
03/07/2018 22:38:31	53.0	52.0	21.5584
03/07/2018 22:38:42	52.0	51.0	14.248
03/07/2018 22:38:53	50.0	51.0	13.1234
03/07/2018 22:39:04	50.0	49.0	13.7203
03/07/2018 22:39:15	49.0	48.0	14.4737
03/07/2018 22:39:27	49.0	48.0	11.5789
03/07/2018 22:39:38	48.0	48.0	14.1732
03/07/2018 22:39:49	48.0	48.0	14.2857
03/07/2018 22:40:00	48.0	48.0	13.6842
03/07/2018 22:40:11	47.0	47.0	12.8947
03/07/2018 22:40:22	47.0	47.0	13.9842
03/07/2018 22:40:33	48.0	47.0	13.4921
03/07/2018 22:40:44	47.0	47.0	13.6483
03/07/2018 22:40:55	48.0	48.0	15.3846
03/07/2018 22:41:06	51.0	51.0	12.0419
03/07/2018 22:41:17	51.0	51.0	13.3858
03/07/2018 22:41:28	53.0	52.0	12.0419
03/07/2018 22:41:39	53.0	53.0	12.0735
03/07/2018 22:41:50	55.0	54.0	12.8272
03/07/2018 22:42:01	56.0	55.0	11.811
03/07/2018 22:42:12	57.0	56.0	11.811
03/07/2018 22:42:23	55.0	54.0	13.089
03/07/2018 22:42:34	53.0	53.0	12.3037
03/07/2018 22:42:45	51.0	51.0	14.1732
03/07/2018 22:42:56	50.0	51.0	14.7368
03/07/2018 22:43:07	49.0	50.0	12.336
03/07/2018 22:43:18	49.0	50.0	12.5984
03/07/2018 22:43:29	49.0	48.0	13.2979
03/07/2018 22:43:40	48.0	48.0	13.9108
03/07/2018 22:43:51	47.0	47.0	12.5
03/07/2018 22:44:02	47.0	47.0	13.9108
03/07/2018 22:44:13	47.0	46.0	13.1926
03/07/2018 22:44:24	49.0	48.0	13.3858
03/07/2018 22:44:35	50.0	50.0	11.5789
03/07/2018 22:44:47	51.0	51.0	12.5654
03/07/2018 22:44:58	53.0	53.0	13.7203
03/07/2018 22:45:09	53.0	54.0	12.2715
03/07/2018 22:45:20	55.0	54.0	12.0735
03/07/2018 22:45:31	55.0	54.0	11.6095
03/07/2018 22:45:42	57.0	56.0	11.6095
03/07/2018 22:45:53	54.0	54.0	12.1372
03/07/2018 22:46:04	52.0	52.0	12.6649
03/07/2018 22:46:15	51.0	50.0	13.9108
03/07/2018 22:46:26	50.0	49.0	13.8743
03/07/2018 22:46:37	48.0	48.0	16.4894
03/07/2018 22:46:48	47.0	47.0	13.4565
03/07/2018 22:46:59	47.0	47.0	13.9842
03/07/2018 22:47:10	49.0	49.0	12.3037
03/07/2018 22:47:21	51.0	50.0	12.0419
03/07/2018 22:47:32	52.0	52.0	12.3037
03/07/2018 22:47:43	53.0	53.0	12.336
03/07/2018 22:47:54	54.0	54.0	12.336
03/07/2018 22:48:05	55.0	54.0	13.1234
03/07/2018 22:48:16	55.0	55.0	11.0526
03/07/2018 22:48:27	55.0	55.0	12.0104
03/07/2018 22:48:38	55.0	55.0	12.8947
03/07/2018 22:48:49	53.0	53.0	12.5984
03/07/2018 22:49:00	51.0	51.0	14.6597
03/07/2018 22:49:11	50.0	50.0	14.4737
03/07/2018 22:49:22	48.0	48.0	13.4565
03/07/2018 22:49:33	48.0	47.0	13.1926
03/07/2018 22:49:44	47.0	46.0	13.1926
03/07/2018 22:49:55	50.0	49.0	12.5326
03/07/2018 22:50:06	51.0	51.0	11.6095
03/07/2018 22:50:18	52.0	51.0	12.336
03/07/2018 22:50:29	53.0	53.0	12.2396
03/07/2018 22:50:40	54.0	54.0	12.1372
03/07/2018 22:50:51	54.0	54.0	11.8734
03/07/2018 22:51:02	56.0	55.0	11.3158
03/07/2018 22:51:13	57.0	55.0	12.336
03/07/2018 22:51:24	55.0	54.0	12.1053
03/07/2018 22:51:35	52.0	51.0	12.1372
03/07/2018 22:51:46	50.0	51.0	14.7757
03/07/2018 22:51:57	49.0	48.0	13.6483
03/07/2018 22:52:08	48.0	48.0	12.6316
03/07/2018 22:52:19	47.0	47.0	14.2857
03/07/2018 22:52:30	47.0	47.0	13.089
03/07/2018 22:52:41	49.0	48.0	13.1926
03/07/2018 22:52:52	50.0	50.0	12.2396
03/07/2018 22:53:03	51.0	51.0	12.336
03/07/2018 22:53:14	53.0	52.0	12.4011
03/07/2018 22:53:25	54.0	54.0	12.336
03/07/2018 22:53:36	55.0	54.0	11.5183
03/07/2018 22:53:47	56.0	54.0	12.8609
03/07/2018 22:53:58	56.0	56.0	11.4883
03/07/2018 22:54:09	57.0	56.0	12.3037
03/07/2018 22:54:20	55.0	54.0	12.5654
03/07/2018 22:54:31	52.0	51.0	13.089
03/07/2018 22:54:42	50.0	50.0	11.5789
03/07/2018 22:54:53	50.0	49.0	14.7757
03/07/2018 22:55:04	49.0	48.0	12.963
03/07/2018 22:55:15	48.0	47.0	14.5503
03/07/2018 22:55:26	48.0	48.0	13.4921
03/07/2018 22:55:38	50.0	50.0	12.1053
03/07/2018 22:55:49	51.0	52.0	13.0548
03/07/2018 22:56:00	52.0	52.0	12.0419
03/07/2018 22:56:11	53.0	53.0	12.336
03/07/2018 22:56:22	54.0	54.0	13.089
03/07/2018 22:56:33	56.0	54.0	12.8947
03/07/2018 22:56:44	56.0	56.0	11.3757
03/07/2018 22:56:55	55.0	55.0	12.8609
03/07/2018 22:57:06	53.0	53.0	11.5789
03/07/2018 22:57:17	51.0	51.0	13.7566
03/07/2018 22:57:28	50.0	50.0	14.9606
03/07/2018 22:57:39	49.0	48.0	13.2626
03/07/2018 22:57:50	48.0	48.0	12.0419
03/07/2018 22:58:01	48.0	47.0	11.6095
03/07/2018 22:58:12	48.0	47.0	13.4565
03/07/2018 22:58:23	49.0	49.0	12.8609
03/07/2018 22:58:34	51.0	51.0	12.3684
03/07/2018 22:58:45	52.0	52.0	12.0735
03/07/2018 22:58:56	54.0	53.0	12.5984
03/07/2018 22:59:07	54.0	53.0	12.1053
03/07/2018 22:59:18	55.0	55.0	12.5326
03/07/2018 22:59:29	56.0	55.0	12.0104
03/07/2018 22:59:40	56.0	56.0	10.7895
03/07/2018 22:59:51	57.0	56.0	11.8421
03/07/2018 23:00:02	54.0	53.0	13.089
03/07/2018 23:00:13	52.0	51.0	12.234
03/07/2018 23:00:24	50.0	51.0	12.4011
03/07/2018 23:00:35	50.0	50.0	15.2632
03/07/2018 23:00:46	49.0	48.0	13.4921
03/07/2018 23:00:57	48.0	48.0	14.0212
03/07/2018 23:01:09	48.0	48.0	13.9108
03/07/2018 23:01:20	48.0	48.0	12.3684
03/07/2018 23:01:31	50.0	50.0	12.8947
03/07/2018 23:01:42	51.0	51.0	11.5486
03/07/2018 23:01:53	52.0	53.0	11.8421
03/07/2018 23:02:04	54.0	53.0	12.6316
03/07/2018 23:02:15	55.0	54.0	11.5486
03/07/2018 23:02:26	55.0	55.0	12.3037
03/07/2018 23:02:37	56.0	56.0	11.5789
03/07/2018 23:02:48	57.0	57.0	12.0735
03/07/2018 23:02:59	55.0	54.0	12.5326
03/07/2018 23:03:10	53.0	53.0	13.4211
03/07/2018 23:03:21	51.0	51.0	12.0419
03/07/2018 23:03:32	50.0	51.0	12.6316
03/07/2018 23:03:43	50.0	49.0	12.1372
03/07/2018 23:03:54	49.0	48.0	14.248
03/07/2018 23:04:05	48.0	48.0	13.1234
03/07/2018 23:04:16	48.0	48.0	13.4565
03/07/2018 23:04:27	48.0	47.0	13.1926
03/07/2018 23:04:38	47.0	47.0	14.5503
03/07/2018 23:04:49	49.0	48.0	11.5789
03/07/2018 23:05:00	51.0	51.0	13.0548
03/07/2018 23:05:11	51.0	52.0	13.0208
03/07/2018 23:05:22	53.0	52.0	11.5789
03/07/2018 23:05:33	54.0	54.0	12.1053
03/07/2018 23:05:44	55.0	54.0	12.336
03/07/2018 23:05:55	56.0	56.0	11.2565
03/07/2018 23:06:06	57.0	55.0	11.0236
03/07/2018 23:06:17	57.0	57.0	12.336
03/07/2018 23:06:28	55.0	54.0	11.811
03/07/2018 23:06:40	53.0	53.0	12.6316
03/07/2018 23:06:51	51.0	51.0	13.4921
03/07/2018 23:07:02	50.0	50.0	14.6982
03/07/2018 23:07:13	50.0	48.0	12.336
03/07/2018 23:07:24	48.0	48.0	13.4921
03/07/2018 23:07:35	48.0	47.0	13.1926
03/07/2018 23:07:46	48.0	47.0	13.1926
03/07/2018 23:07:57	50.0	49.0	11.8734
03/07/2018 23:08:08	51.0	51.0	12.0735
03/07/2018 23:08:19	52.0	52.0	12.5984
03/07/2018 23:08:30	54.0	53.0	12.3037
03/07/2018 23:08:41	54.0	54.0	12.2715
03/07/2018 23:08:52	55.0	54.0	12.2715
03/07/2018 23:09:03	56.0	56.0	11.4883
03/07/2018 23:09:14	57.0	56.0	12.1372
03/07/2018 23:09:25	55.0	54.0	12.3037
03/07/2018 23:09:36	53.0	53.0	11.811
03/07/2018 23:09:47	51.0	51.0	14.0584
03/07/2018 23:09:58	50.0	50.0	13.4211
03/07/2018 23:10:09	49.0	50.0	13.9842
03/07/2018 23:10:20	48.0	48.0	14.2105
03/07/2018 23:10:31	48.0	48.0	12.7937
03/07/2018 23:10:42	48.0	47.0	13.2626
03/07/2018 23:10:53	48.0	48.0	14.7757
03/07/2018 23:11:04	50.0	50.0	12.2396
03/07/2018 23:11:15	51.0	51.0	12.3684
03/07/2018 23:11:26	52.0	52.0	12.5654
03/07/2018 23:11:37	53.0	53.0	12.336
03/07/2018 23:11:48	55.0	55.0	12.5654
03/07/2018 23:12:00	56.0	55.0	11.0526
03/07/2018 23:12:11	56.0	55.0	13.577
03/07/2018 23:12:22	57.0	56.0	12.7937
03/07/2018 23:12:33	54.0	53.0	12.6316
03/07/2018 23:12:44	52.0	51.0	12.5326
03/07/2018 23:12:55	51.0	50.0	15.0396
03/07/2018 23:13:06	50.0	50.0	13.2275
03/07/2018 23:13:17	49.0	48.0	14.5119
03/07/2018 23:13:28	48.0	48.0	12.336
03/07/2018 23:13:39	48.0	47.0	12.1693
03/07/2018 23:13:50	48.0	48.0	12.5654
03/07/2018 23:14:01	49.0	50.0	12.8272
03/07/2018 23:14:12	51.0	51.0	13.6483
03/07/2018 23:14:23	52.0	52.0	12.7937
03/07/2018 23:14:34	53.0	53.0	12.336
03/07/2018 23:14:45	55.0	54.0	11.5789
03/07/2018 23:14:56	55.0	54.0	12.8609
03/07/2018 23:15:07	56.0	56.0	10.9661
03/07/2018 23:15:18	56.0	56.0	12.0419
03/07/2018 23:15:29	55.0	55.0	11.8421
03/07/2018 23:15:40	52.0	53.0	12.1053
03/07/2018 23:15:51	51.0	51.0	12.7321
03/07/2018 23:16:02	50.0	50.0	14.2857
03/07/2018 23:16:13	49.0	50.0	12.0104
03/07/2018 23:16:24	48.0	48.0	13.7566
03/07/2018 23:16:35	48.0	48.0	12.9288
03/07/2018 23:16:46	47.0	47.0	13.4921
03/07/2018 23:16:57	47.0	47.0	12.9288
03/07/2018 23:17:08	48.0	48.0	13.9108
03/07/2018 23:17:20	50.0	50.0	12.0419
03/07/2018 23:17:31	51.0	51.0	13.089
03/07/2018 23:17:42	53.0	52.0	12.0419
03/07/2018 23:17:53	53.0	53.0	11.5789
03/07/2018 23:18:04	55.0	54.0	12.8272
03/07/2018 23:18:15	55.0	55.0	12.0419
03/07/2018 23:18:26	56.0	56.0	11.1979
03/07/2018 23:18:37	56.0	56.0	12.1053
03/07/2018 23:18:48	54.0	53.0	12.1372
03/07/2018 23:18:59	51.0	51.0	12.2715
03/07/2018 23:19:10	50.0	50.0	15
03/07/2018 23:19:21	50.0	48.0	14.3979
03/07/2018 23:19:32	49.0	48.0	14.1732
03/07/2018 23:19:43	48.0	48.0	14.4737
03/07/2018 23:19:54	48.0	47.0	13.9474
03/07/2018 23:20:05	47.0	47.0	11.811
03/07/2018 23:20:16	49.0	48.0	13.9474
03/07/2018 23:20:27	50.0	51.0	12.3037
03/07/2018 23:20:38	51.0	51.0	12.3684
03/07/2018 23:20:49	52.0	53.0	12.2715
03/07/2018 23:21:00	54.0	54.0	11.811
03/07/2018 23:21:11	55.0	54.0	13.089
03/07/2018 23:21:22	55.0	56.0	11.2861
03/07/2018 23:21:33	56.0	55.0	11.811
03/07/2018 23:21:44	57.0	56.0	12.3684
03/07/2018 23:21:55	53.0	53.0	12.5984
03/07/2018 23:22:06	52.0	51.0	12.3684
03/07/2018 23:22:17	50.0	51.0	14.5119
03/07/2018 23:22:28	49.0	50.0	13.6842
03/07/2018 23:22:39	48.0	49.0	13.9842
03/07/2018 23:22:51	48.0	48.0	13.9842
03/07/2018 23:23:02	48.0	47.0	13.7566
03/07/2018 23:23:13	47.0	46.0	12.3684
03/07/2018 23:23:24	48.0	48.0	12.9973
03/07/2018 23:23:35	50.0	51.0	12.7937
03/07/2018 23:23:46	51.0	51.0	12.6316
03/07/2018 23:23:57	53.0	52.0	12.0419
03/07/2018 23:24:08	54.0	53.0	12.1053
03/07/2018 23:24:19	54.0	54.0	13.0548
03/07/2018 23:24:30	55.0	55.0	11.4583
03/07/2018 23:24:41	56.0	56.0	11.4883
03/07/2018 23:24:52	57.0	56.0	12.1372
03/07/2018 23:25:03	55.0	54.0	12.0735
03/07/2018 23:25:14	52.0	52.0	12.0104
03/07/2018 23:25:25	51.0	51.0	14.3236
03/07/2018 23:25:36	50.0	49.0	13.1579
03/07/2018 23:25:47	49.0	48.0	12.7321
03/07/2018 23:25:58	49.0	48.0	13.4921
03/07/2018 23:26:09	47.0	47.0	13.0548
03/07/2018 23:26:20	47.0	47.0	13.2275
03/07/2018 23:26:31	48.0	47.0	12.1372
03/07/2018 23:26:42	50.0	49.0	12.0735
03/07/2018 23:26:53	51.0	51.0	12.8947
03/07/2018 23:27:04	52.0	53.0	12.2715
03/07/2018 23:27:15	54.0	53.0	12.1053
03/07/2018 23:27:26	54.0	54.0	12.0735
03/07/2018 23:27:37	56.0	54.0	11.811
03/07/2018 23:27:48	55.0	56.0	12.5654
03/07/2018 23:27:59	57.0	56.0	12.8947
03/07/2018 23:28:10	55.0	54.0	12.1053
03/07/2018 23:28:22	52.0	52.0	12.0735
03/07/2018 23:28:33	51.0	51.0	14.248
03/07/2018 23:28:44	50.0	50.0	13.9474
03/07/2018 23:28:55	49.0	49.0	14.4357
03/07/2018 23:29:06	49.0	47.0	13.5279
03/07/2018 23:29:17	48.0	47.0	13.1579
03/07/2018 23:29:28	47.0	47.0	14.248
03/07/2018 23:29:39	49.0	49.0	12.5326
03/07/2018 23:29:50	51.0	51.0	13.3159
03/07/2018 23:30:01	52.0	52.0	12.4011
03/07/2018 23:30:12	53.0	53.0	12.0419
03/07/2018 23:30:23	54.0	54.0	11.9048
03/07/2018 23:30:34	55.0	55.0	13.5417
03/07/2018 23:30:45	55.0	56.0	11.2272
03/07/2018 23:30:56	56.0	56.0	12.3037
03/07/2018 23:31:07	55.0	55.0	12.5984
03/07/2018 23:31:18	52.0	53.0	12.1053
03/07/2018 23:31:29	51.0	51.0	14.2105
03/07/2018 23:31:40	50.0	50.0	14.1361
03/07/2018 23:31:51	49.0	49.0	13.6483
03/07/2018 23:32:02	48.0	48.0	13.5279
03/07/2018 23:32:13	48.0	47.0	13.4565
03/07/2018 23:32:24	49.0	48.0	12.8947
03/07/2018 23:32:35	50.0	50.0	13.089
03/07/2018 23:32:46	51.0	51.0	12.2715
03/07/2018 23:32:57	52.0	52.0	11.811
03/07/2018 23:33:08	53.0	53.0	12.5984
03/07/2018 23:33:19	55.0	54.0	11.5789
03/07/2018 23:33:30	55.0	55.0	12.3037
03/07/2018 23:33:42	56.0	55.0	11.7801
03/07/2018 23:33:53	57.0	56.0	11.7801
03/07/2018 23:34:04	56.0	55.0	12.1053
03/07/2018 23:34:15	53.0	53.0	12.0419
03/07/2018 23:34:26	51.0	51.0	13.7203
03/07/2018 23:34:37	49.0	50.0	14.7368
03/07/2018 23:34:48	48.0	48.0	14.1732
03/07/2018 23:34:59	47.0	47.0	13.1234
03/07/2018 23:35:10	48.0	48.0	14.9606
03/07/2018 23:35:21	50.0	49.0	12.1053
03/07/2018 23:35:32	51.0	51.0	12.5326
03/07/2018 23:35:43	53.0	52.0	12.8272
03/07/2018 23:35:54	53.0	53.0	12.1372
03/07/2018 23:36:05	54.0	54.0	12.3037
03/07/2018 23:36:16	55.0	54.0	12.6316
03/07/2018 23:36:27	56.0	55.0	11.7801
03/07/2018 23:36:38	57.0	55.0	11.2565
03/07/2018 23:36:49	57.0	57.0	12.336
03/07/2018 23:37:00	54.0	54.0	13.0208
03/07/2018 23:37:11	51.0	51.0	14.0992
03/07/2018 23:37:22	50.0	50.0	13.4565
03/07/2018 23:37:33	48.0	48.0	13.4565
03/07/2018 23:37:44	48.0	47.0	14.4737
03/07/2018 23:37:55	47.0	47.0	13.7566
03/07/2018 23:38:06	48.0	48.0	13.6842
03/07/2018 23:38:17	50.0	50.0	13.0548
03/07/2018 23:38:28	51.0	51.0	12.3037
03/07/2018 23:38:39	52.0	53.0	12.336
03/07/2018 23:38:50	53.0	53.0	12.8272
03/07/2018 23:39:02	54.0	54.0	12.0735
03/07/2018 23:39:13	55.0	54.0	11.7801
03/07/2018 23:39:24	55.0	55.0	12.7937
03/07/2018 23:39:35	56.0	55.0	11.1979
03/07/2018 23:39:46	57.0	56.0	12.8947
03/07/2018 23:39:57	54.0	54.0	12.2396
03/07/2018 23:40:08	51.0	52.0	14.2105
03/07/2018 23:40:19	49.0	50.0	13.4211
03/07/2018 23:40:30	49.0	48.0	13.9108
03/07/2018 23:40:41	48.0	48.0	11.8421
03/07/2018 23:40:52	47.0	46.0	13.2275
03/07/2018 23:41:03	48.0	47.0	14.4357
03/07/2018 23:41:14	49.0	49.0	11.7801
03/07/2018 23:41:25	51.0	51.0	13.8381
03/07/2018 23:41:36	51.0	52.0	11.8421
03/07/2018 23:41:47	52.0	53.0	12.5
03/07/2018 23:41:58	53.0	54.0	12.1053
03/07/2018 23:42:09	54.0	54.0	0.755668
