11/15/2017 16:20:11	30.0	29.0	0
11/15/2017 16:20:22	26.0	27.0	1.26263
11/15/2017 16:20:33	27.0	27.0	0.503778
11/15/2017 16:20:44	28.0	26.0	0.253165
11/15/2017 16:20:55	28.0	28.0	0.761421
11/15/2017 16:21:06	27.0	28.0	0.753769
11/15/2017 16:21:17	29.0	28.0	0.503778
11/15/2017 16:21:28	30.0	29.0	1.51515
11/15/2017 16:21:39	29.0	29.0	0.759494
11/15/2017 16:21:50	29.0	29.0	0.755668
11/15/2017 16:22:01	29.0	28.0	1.01266
11/15/2017 16:22:12	30.0	28.0	0.753769
11/15/2017 16:22:23	30.0	30.0	0.759494
11/15/2017 16:22:34	30.0	29.0	4.08163
11/15/2017 16:22:45	30.0	30.0	0.505051
11/15/2017 16:22:56	30.0	30.0	1.51515
11/15/2017 16:23:07	31.0	31.0	0.503778
11/15/2017 16:23:18	31.0	31.0	0.502513
11/15/2017 16:23:29	33.0	31.0	0.759494
11/15/2017 16:23:40	33.0	32.0	0.503778
11/15/2017 16:23:51	33.0	32.0	0.505051
11/15/2017 16:24:02	33.0	32.0	0.757576
11/15/2017 16:24:13	32.0	32.0	0.505051
11/15/2017 16:24:24	33.0	33.0	0.503778
11/15/2017 16:24:35	33.0	32.0	1.76322
11/15/2017 16:24:46	34.0	34.0	0.502513
11/15/2017 16:24:57	33.0	33.0	1.01266
11/15/2017 16:25:08	34.0	33.0	0.253165
11/15/2017 16:25:20	34.0	33.0	0.252525
11/15/2017 16:25:31	35.0	34.0	2.79188
11/15/2017 16:25:42	34.0	34.0	3.81679
11/15/2017 16:25:53	34.0	34.0	2.01511
11/15/2017 16:26:04	34.0	34.0	1.26263
11/15/2017 16:26:15	34.0	33.0	2.27848
11/15/2017 16:26:26	35.0	35.0	0.505051
11/15/2017 16:26:37	35.0	35.0	1.0101
11/15/2017 16:26:48	35.0	35.0	0.505051
11/15/2017 16:26:59	36.0	35.0	0.506329
11/15/2017 16:27:10	36.0	35.0	0.505051
11/15/2017 16:27:21	37.0	35.0	0.252525
11/15/2017 16:27:32	36.0	36.0	2.77778
11/15/2017 16:27:43	37.0	36.0	1.00503
11/15/2017 16:27:54	36.0	36.0	0.251889
11/15/2017 16:28:05	36.0	35.0	2.54453
11/15/2017 16:28:16	36.0	36.0	0.755668
11/15/2017 16:28:27	37.0	36.0	23.7942
11/15/2017 16:28:38	37.0	36.0	1.0101
11/15/2017 16:28:49	37.0	36.0	5.34351
11/15/2017 16:29:00	36.0	37.0	8.15217
11/15/2017 16:29:11	38.0	37.0	1.26263
11/15/2017 16:29:22	38.0	37.0	0.252525
11/15/2017 16:29:33	37.0	37.0	3.5533
11/15/2017 16:29:44	37.0	37.0	0.502513
11/15/2017 16:29:55	37.0	37.0	1.25945
11/15/2017 16:30:06	38.0	37.0	1.78117
11/15/2017 16:30:17	40.0	38.0	0.253165
11/15/2017 16:30:28	37.0	38.0	0.505051
11/15/2017 16:30:39	38.0	37.0	1.25945
11/15/2017 16:30:50	38.0	37.0	0.251889
11/15/2017 16:31:01	38.0	37.0	0.503778
11/15/2017 16:31:12	38.0	37.0	1.0101
11/15/2017 16:31:24	38.0	38.0	0.503778
11/15/2017 16:31:35	38.0	38.0	0.757576
11/15/2017 16:31:46	38.0	38.0	0.755668
11/15/2017 16:31:57	38.0	38.0	0.753769
11/15/2017 16:32:08	38.0	38.0	0.757576
11/15/2017 16:32:19	39.0	38.0	0.503778
11/15/2017 16:32:30	38.0	38.0	0
11/15/2017 16:32:41	38.0	38.0	0.505051
11/15/2017 16:32:52	39.0	38.0	0.252525
11/15/2017 16:33:03	38.0	38.0	1.76768
11/15/2017 16:33:14	39.0	38.0	1.0101
11/15/2017 16:33:25	39.0	39.0	0.503778
11/15/2017 16:33:36	39.0	38.0	0.502513
11/15/2017 16:33:47	39.0	39.0	1.26263
11/15/2017 16:33:58	39.0	39.0	0.503778
11/15/2017 16:34:09	40.0	39.0	0.753769
11/15/2017 16:34:20	39.0	39.0	0.759494
11/15/2017 16:34:31	39.0	39.0	0.503778
11/15/2017 16:34:42	39.0	38.0	2.53165
11/15/2017 16:34:53	39.0	39.0	0.506329
11/15/2017 16:35:04	41.0	40.0	0.505051
11/15/2017 16:35:15	40.0	40.0	1.25945
11/15/2017 16:35:26	40.0	39.0	0.502513
11/15/2017 16:35:37	40.0	40.0	0.503778
11/15/2017 16:35:48	41.0	40.0	1.00756
11/15/2017 16:35:59	40.0	39.0	0.251889
11/15/2017 16:36:10	40.0	39.0	0.755668
11/15/2017 16:36:21	39.0	39.0	0.759494
11/15/2017 16:36:32	40.0	39.0	0.505051
11/15/2017 16:36:43	40.0	39.0	3.5443
11/15/2017 16:36:54	40.0	39.0	2.78481
11/15/2017 16:37:05	40.0	39.0	2.79188
11/15/2017 16:37:16	40.0	40.0	1.77215
11/15/2017 16:37:28	40.0	40.0	5.37084
11/15/2017 16:37:39	40.0	40.0	2.68456
11/15/2017 16:37:50	40.0	40.0	3.67893
11/15/2017 16:38:01	41.0	40.0	2.01511
11/15/2017 16:38:12	41.0	40.0	0.507614
11/15/2017 16:38:23	41.0	40.0	4.3257
11/15/2017 16:38:34	41.0	40.0	65.651
11/15/2017 16:38:48	46.0	42.0	8.70712
11/15/2017 16:38:59	42.0	41.0	15.508
11/15/2017 16:39:10	43.0	42.0	13.9842
11/15/2017 16:39:21	43.0	43.0	15.0396
11/15/2017 16:39:32	44.0	44.0	14.8541
11/15/2017 16:39:43	45.0	45.0	13.9108
11/15/2017 16:39:54	46.0	45.0	19.0601
11/15/2017 16:40:05	47.0	46.0	21.0692
11/15/2017 16:40:16	48.0	47.0	20.0521
11/15/2017 16:40:27	49.0	48.0	18.8482
11/15/2017 16:40:38	49.0	48.0	18.3246
11/15/2017 16:40:49	50.0	49.0	12.6649
11/15/2017 16:41:00	50.0	49.0	17.0604
11/15/2017 16:41:11	50.0	50.0	15
11/15/2017 16:41:22	51.0	51.0	12.9288
11/15/2017 16:41:33	51.0	51.0	13.9108
11/15/2017 16:41:45	51.0	51.0	17.8808
11/15/2017 16:41:56	52.0	52.0	13.4286
11/15/2017 16:42:07	52.0	52.0	19.7368
11/15/2017 16:42:18	53.0	53.0	18.6842
11/15/2017 16:42:29	54.0	53.0	18.1579
11/15/2017 16:42:40	55.0	54.0	19.685
11/15/2017 16:42:51	55.0	54.0	18.1579
11/15/2017 16:43:02	55.0	55.0	18.8482
11/15/2017 16:43:13	56.0	55.0	19.0601
11/15/2017 16:43:24	56.0	55.0	12.5654
11/15/2017 16:43:35	54.0	53.0	17.3228
11/15/2017 16:43:46	51.0	51.0	16.2304
11/15/2017 16:43:57	49.0	48.0	15.4856
11/15/2017 16:44:08	47.0	47.0	19.7889
11/15/2017 16:44:19	49.0	49.0	19.5822
11/15/2017 16:44:30	51.0	50.0	17.5853
11/15/2017 16:44:41	52.0	51.0	20.3166
11/15/2017 16:44:53	53.0	53.0	18.2058
11/15/2017 16:45:04	54.0	53.0	18.0157
11/15/2017 16:45:15	56.0	55.0	19.7368
11/15/2017 16:45:26	56.0	54.0	18.3727
11/15/2017 16:45:37	57.0	56.0	15
11/15/2017 16:45:48	54.0	54.0	16.1376
11/15/2017 16:45:59	52.0	52.0	4.58221
11/15/2017 16:46:10	50.0	49.0	2.30179
11/15/2017 16:46:21	49.0	47.0	0.503778
11/15/2017 16:46:32	48.0	48.0	0.503778
11/15/2017 16:46:43	48.0	48.0	1.0101
11/15/2017 16:46:54	49.0	48.0	3.06905
11/15/2017 16:47:05	49.0	49.0	3.29949
11/15/2017 16:47:16	49.0	48.0	1.01266
11/15/2017 16:47:27	49.0	48.0	2.04082
11/15/2017 16:47:38	50.0	50.0	19.8052
11/15/2017 16:47:49	50.0	49.0	8.22622
11/15/2017 16:48:00	53.0	53.0	0.755668
11/15/2017 16:48:11	50.0	50.0	1.0101
11/15/2017 16:48:22	49.0	48.0	4.79798
11/15/2017 16:48:33	49.0	48.0	0.252525
11/15/2017 16:48:44	49.0	48.0	3.0303
11/15/2017 16:48:55	49.0	48.0	0.505051
11/15/2017 16:49:06	49.0	48.0	14.135
11/15/2017 16:49:18	50.0	50.0	13.3858
11/15/2017 16:49:29	51.0	51.0	13.8021
11/15/2017 16:49:41	51.0	51.0	20.7921
11/15/2017 16:49:52	52.0	52.0	28.2158
11/15/2017 16:50:03	55.0	53.0	20.7756
11/15/2017 16:50:14	54.0	53.0	19.1099
11/15/2017 16:50:25	55.0	54.0	19.0476
11/15/2017 16:50:36	56.0	54.0	20
11/15/2017 16:50:47	56.0	55.0	19.3717
11/15/2017 16:50:58	56.0	56.0	17.1504
11/15/2017 16:51:09	55.0	54.0	14.6597
11/15/2017 16:51:20	52.0	51.0	14.5503
11/15/2017 16:51:31	50.0	49.0	13.4921
11/15/2017 16:51:42	49.0	49.0	13.9474
11/15/2017 16:51:54	48.0	47.0	16.7979
11/15/2017 16:52:05	48.0	47.0	13.7931
11/15/2017 16:52:16	49.0	48.0	14.2105
11/15/2017 16:52:27	51.0	51.0	13.6842
11/15/2017 16:52:38	52.0	51.0	13.8743
11/15/2017 16:52:49	54.0	53.0	13.6483
11/15/2017 16:53:00	53.0	53.0	12.8686
11/15/2017 16:53:11	55.0	54.0	12.4339
11/15/2017 16:53:22	55.0	54.0	12.2016
11/15/2017 16:53:33	55.0	55.0	12.2016
11/15/2017 16:53:44	56.0	56.0	12.336
11/15/2017 16:53:55	57.0	55.0	13.7566
11/15/2017 16:54:06	55.0	55.0	18.5864
11/15/2017 16:54:17	54.0	53.0	18.1579
11/15/2017 16:54:28	52.0	51.0	21.0366
11/15/2017 16:54:39	51.0	50.0	17.4479
11/15/2017 16:54:50	50.0	50.0	19.7917
11/15/2017 16:55:01	49.0	48.0	19.6335
11/15/2017 16:55:12	49.0	48.0	15.1042
11/15/2017 16:55:23	48.0	48.0	18.799
11/15/2017 16:55:34	49.0	47.0	17.942
11/15/2017 16:55:45	48.0	47.0	19.8953
11/15/2017 16:55:56	48.0	47.0	19.3122
11/15/2017 16:56:07	50.0	50.0	18.3727
11/15/2017 16:56:18	53.0	52.0	17.8947
11/15/2017 16:56:29	55.0	53.0	17.4026
11/15/2017 16:56:40	55.0	54.0	18.5864
11/15/2017 16:56:51	56.0	56.0	16.188
11/15/2017 16:57:02	58.0	57.0	19.7403
11/15/2017 16:57:13	55.0	54.0	17.8478
11/15/2017 16:57:24	53.0	52.0	19.0601
11/15/2017 16:57:35	51.0	51.0	18.8976
11/15/2017 16:57:46	51.0	50.0	19.5822
11/15/2017 16:57:58	51.0	50.0	17.7249
11/15/2017 16:58:09	50.0	49.0	18.3727
11/15/2017 16:58:20	49.0	48.0	17.3684
11/15/2017 16:58:31	49.0	48.0	18.8482
11/15/2017 16:58:42	49.0	48.0	21.2042
11/15/2017 16:58:53	48.0	47.0	17.2324
11/15/2017 16:59:04	49.0	47.0	17.3228
11/15/2017 16:59:15	50.0	49.0	19.7917
11/15/2017 16:59:26	50.0	51.0	17.9221
11/15/2017 16:59:37	52.0	52.0	17.3228
11/15/2017 16:59:48	54.0	53.0	19.2612
11/15/2017 16:59:59	55.0	54.0	16.7539
11/15/2017 17:00:10	56.0	56.0	23.2493
11/15/2017 17:00:21	55.0	54.0	19.4226
11/15/2017 17:00:32	53.0	53.0	20.0528
11/15/2017 17:00:43	52.0	51.0	17.7546
11/15/2017 17:00:54	51.0	49.0	16.7539
11/15/2017 17:01:05	51.0	49.0	18.8482
11/15/2017 17:01:16	49.0	49.0	19.0104
11/15/2017 17:01:27	49.0	48.0	19.7368
11/15/2017 17:01:38	50.0	48.0	18.5379
11/15/2017 17:01:49	50.0	48.0	19.8953
11/15/2017 17:02:00	49.0	47.0	20.1044
11/15/2017 17:02:11	48.0	47.0	20.5263
11/15/2017 17:02:22	48.0	47.0	17.801
11/15/2017 17:02:33	50.0	48.0	19.3211
11/15/2017 17:02:44	51.0	50.0	19.4226
11/15/2017 17:02:55	52.0	51.0	18.4896
11/15/2017 17:03:06	54.0	53.0	19.5767
11/15/2017 17:03:17	55.0	54.0	17.942
11/15/2017 17:03:28	57.0	55.0	18.8976
11/15/2017 17:03:39	56.0	55.0	19.1601
11/15/2017 17:03:50	54.0	53.0	18.2768
11/15/2017 17:04:01	52.0	52.0	16.7539
11/15/2017 17:04:12	51.0	51.0	19.0476
11/15/2017 17:04:24	50.0	50.0	15.6085
11/15/2017 17:04:35	49.0	48.0	16.1376
11/15/2017 17:04:46	49.0	48.0	16.8865
11/15/2017 17:04:57	49.0	47.0	16.0526
11/15/2017 17:05:08	48.0	47.0	15.3846
11/15/2017 17:05:19	48.0	47.0	15
11/15/2017 17:05:30	50.0	48.0	15.8311
11/15/2017 17:05:41	50.0	50.0	14.6277
11/15/2017 17:05:52	52.0	51.0	14.3617
11/15/2017 17:06:03	54.0	53.0	14.0584
11/15/2017 17:06:14	55.0	53.0	14.4737
11/15/2017 17:06:25	56.0	54.0	13.6483
11/15/2017 17:06:36	57.0	55.0	14.0212
11/15/2017 17:06:47	57.0	56.0	14.0212
11/15/2017 17:06:58	54.0	53.0	15.7068
11/15/2017 17:07:09	52.0	51.0	15.1596
11/15/2017 17:07:20	51.0	50.0	15.3846
11/15/2017 17:07:31	50.0	49.0	15.6915
11/15/2017 17:07:42	49.0	48.0	15.2
11/15/2017 17:07:53	48.0	47.0	15.1194
11/15/2017 17:08:04	48.0	48.0	15.3439
11/15/2017 17:08:15	48.0	47.0	14.8148
11/15/2017 17:08:26	49.0	48.0	14.3236
11/15/2017 17:08:37	51.0	50.0	16.5789
11/15/2017 17:08:48	51.0	51.0	14.4
11/15/2017 17:09:00	53.0	53.0	16.9355
11/15/2017 17:09:11	54.0	53.0	14.0212
11/15/2017 17:09:22	55.0	55.0	13.3858
11/15/2017 17:09:33	56.0	55.0	15.1163
11/15/2017 17:09:44	57.0	55.0	14.6214
11/15/2017 17:09:55	55.0	53.0	15.445
11/15/2017 17:10:06	53.0	51.0	15.6915
11/15/2017 17:10:17	51.0	51.0	15.9574
11/15/2017 17:10:28	51.0	49.0	15.2632
11/15/2017 17:10:39	49.0	48.0	16.1376
11/15/2017 17:10:50	48.0	49.0	16.0526
11/15/2017 17:11:01	48.0	48.0	15.748
11/15/2017 17:11:12	48.0	47.0	16.0105
11/15/2017 17:11:23	48.0	47.0	16.0105
11/15/2017 17:11:34	48.0	47.0	15.3034
11/15/2017 17:11:45	50.0	49.0	15.3034
11/15/2017 17:11:56	51.0	51.0	17.7546
11/15/2017 17:12:07	53.0	52.0	16.5354
11/15/2017 17:12:18	54.0	53.0	22.5131
11/15/2017 17:12:29	56.0	55.0	20.1044
11/15/2017 17:12:40	57.0	56.0	19.4737
11/15/2017 17:12:51	55.0	54.0	20
11/15/2017 17:13:02	53.0	52.0	18.6352
11/15/2017 17:13:13	52.0	51.0	19.2105
11/15/2017 17:13:24	51.0	50.0	19.5312
11/15/2017 17:13:35	50.0	50.0	20
11/15/2017 17:13:46	50.0	49.0	17.7083
11/15/2017 17:13:57	51.0	50.0	18.6528
11/15/2017 17:14:08	49.0	48.0	18.2768
11/15/2017 17:14:20	49.0	48.0	17.8478
11/15/2017 17:14:31	49.0	48.0	18.2292
11/15/2017 17:14:42	49.0	48.0	15.4047
11/15/2017 17:14:53	49.0	47.0	19.9482
11/15/2017 17:15:04	49.0	48.0	18.4211
11/15/2017 17:15:15	48.0	47.0	18.7013
11/15/2017 17:15:26	48.0	47.0	19.0981
11/15/2017 17:15:37	48.0	47.0	18.75
11/15/2017 17:15:48	48.0	47.0	18.8976
11/15/2017 17:15:59	48.0	47.0	20.2597
11/15/2017 17:16:10	48.0	47.0	19.8953
11/15/2017 17:16:21	50.0	48.0	20.3125
11/15/2017 17:16:32	51.0	51.0	20.1571
11/15/2017 17:16:43	52.0	53.0	15.5844
11/15/2017 17:16:54	55.0	53.0	19.0104
11/15/2017 17:17:05	55.0	54.0	17.2775
11/15/2017 17:17:16	57.0	56.0	19.7917
11/15/2017 17:17:27	55.0	54.0	19.2708
11/15/2017 17:17:38	54.0	52.0	17.2775
11/15/2017 17:17:49	52.0	51.0	20.5195
11/15/2017 17:18:00	51.0	50.0	17.4935
11/15/2017 17:18:11	51.0	50.0	19.6335
11/15/2017 17:18:22	51.0	50.0	17.1429
11/15/2017 17:18:33	50.0	48.0	18.9119
11/15/2017 17:18:44	49.0	48.0	16.9271
11/15/2017 17:18:55	49.0	48.0	21.5223
11/15/2017 17:19:06	48.0	47.0	20.0521
11/15/2017 17:19:17	49.0	47.0	18.961
11/15/2017 17:19:28	48.0	47.0	17.1429
11/15/2017 17:19:39	48.0	47.0	18.4896
11/15/2017 17:19:50	48.0	47.0	19.8454
11/15/2017 17:20:01	48.0	47.0	21.8997
11/15/2017 17:20:12	49.0	47.0	18.0879
11/15/2017 17:20:23	49.0	48.0	19.5312
11/15/2017 17:20:34	49.0	47.0	20.2073
11/15/2017 17:20:45	51.0	50.0	18.3463
11/15/2017 17:20:56	52.0	51.0	18.7013
11/15/2017 17:21:08	54.0	53.0	19.6891
11/15/2017 17:21:19	55.0	54.0	19.7403
11/15/2017 17:21:30	57.0	55.0	20.4663
11/15/2017 17:21:41	57.0	55.0	15.1436
11/15/2017 17:21:52	54.0	53.0	16.0622
11/15/2017 17:22:03	52.0	51.0	16.1954
11/15/2017 17:22:14	50.0	50.0	17.4026
11/15/2017 17:22:25	49.0	48.0	17.9221
11/15/2017 17:22:36	51.0	48.0	15.8031
11/15/2017 17:22:47	48.0	48.0	16.8394
11/15/2017 17:22:58	48.0	47.0	16.3212
11/15/2017 17:23:09	48.0	46.0	17.0984
11/15/2017 17:23:20	48.0	48.0	16.3212
11/15/2017 17:23:31	50.0	50.0	16.2371
11/15/2017 17:23:42	51.0	51.0	16.0622
11/15/2017 17:23:53	53.0	53.0	15.5039
11/15/2017 17:24:04	55.0	54.0	15.0259
11/15/2017 17:24:15	55.0	54.0	15.9383
11/15/2017 17:24:26	56.0	55.0	14.4703
11/15/2017 17:24:37	57.0	56.0	15.9383
11/15/2017 17:24:48	56.0	54.0	17.268
11/15/2017 17:24:59	53.0	51.0	16.4524
11/15/2017 17:25:10	51.0	51.0	16.5803
11/15/2017 17:25:21	50.0	50.0	16.8798
11/15/2017 17:25:32	49.0	48.0	18.6701
11/15/2017 17:25:43	49.0	48.0	18.8295
11/15/2017 17:25:54	48.0	48.0	17.3913
11/15/2017 17:26:05	49.0	47.0	17.5573
11/15/2017 17:26:16	48.0	47.0	17.7378
11/15/2017 17:26:28	48.0	46.0	18.481
11/15/2017 17:26:39	48.0	47.0	18.4343
11/15/2017 17:26:50	50.0	49.0	17.6471
11/15/2017 17:27:01	51.0	51.0	19.5431
11/15/2017 17:27:12	53.0	52.0	19.3955
11/15/2017 17:27:23	55.0	53.0	18.481
11/15/2017 17:27:34	55.0	53.0	17.7215
11/15/2017 17:27:45	56.0	55.0	14.91
11/15/2017 17:27:56	57.0	56.0	18.1818
11/15/2017 17:28:07	55.0	54.0	15.051
11/15/2017 17:28:18	53.0	52.0	18.75
11/15/2017 17:28:29	52.0	51.0	18.7342
11/15/2017 17:28:40	51.0	50.0	21.8137
11/15/2017 17:28:51	50.0	49.0	20.5446
11/15/2017 17:29:02	49.0	48.0	24.6411
11/15/2017 17:29:13	49.0	48.0	21.1823
11/15/2017 17:29:24	48.0	47.0	23.2446
11/15/2017 17:29:35	48.0	47.0	21.9512
11/15/2017 17:29:46	48.0	47.0	21.1587
11/15/2017 17:29:57	48.0	47.0	22.8571
11/15/2017 17:30:08	47.0	46.0	21.2048
11/15/2017 17:30:19	49.0	47.0	19.202
11/15/2017 17:30:30	51.0	50.0	21.4106
11/15/2017 17:30:41	53.0	51.0	21.0127
11/15/2017 17:30:52	54.0	53.0	20.8543
11/15/2017 17:31:03	56.0	54.0	21.5736
11/15/2017 17:31:14	58.0	56.0	21.1587
11/15/2017 17:31:25	57.0	54.0	21.5736
11/15/2017 17:31:36	54.0	53.0	22
11/15/2017 17:31:48	52.0	51.0	22.1393
11/15/2017 17:31:59	52.0	50.0	22.6131
11/15/2017 17:32:10	51.0	49.0	22.4181
11/15/2017 17:32:21	50.0	49.0	20.1493
11/15/2017 17:32:32	50.0	48.0	22.5806
11/15/2017 17:32:43	50.0	48.0	21.75
11/15/2017 17:32:54	50.0	48.0	23.5149
11/15/2017 17:33:05	49.0	48.0	23.7624
11/15/2017 17:33:16	49.0	48.0	21.1055
11/15/2017 17:33:27	49.0	47.0	22.8856
11/15/2017 17:33:38	48.0	47.0	23.6585
11/15/2017 17:33:49	49.0	48.0	22.0844
11/15/2017 17:34:00	48.0	47.0	22.9064
11/15/2017 17:34:11	48.0	47.0	25
11/15/2017 17:34:22	48.0	47.0	21.9807
11/15/2017 17:34:33	48.0	47.0	23.399
11/15/2017 17:34:44	48.0	47.0	24.4499
11/15/2017 17:34:55	50.0	50.0	24.5146
11/15/2017 17:35:06	51.0	51.0	21.5686
11/15/2017 17:35:17	53.0	53.0	23.3251
11/15/2017 17:35:28	55.0	54.0	23.7288
11/15/2017 17:35:39	55.0	55.0	26.764
11/15/2017 17:35:50	58.0	58.0	23.6145
11/15/2017 17:36:01	56.0	54.0	24.2647
11/15/2017 17:36:12	54.0	53.0	25.3041
11/15/2017 17:36:23	53.0	52.0	24.6377
11/15/2017 17:36:34	51.0	50.0	23.0392
11/15/2017 17:36:45	50.0	50.0	25.5422
11/15/2017 17:36:56	50.0	49.0	24.6944
11/15/2017 17:37:07	49.0	48.0	26.1501
11/15/2017 17:37:18	50.0	48.0	24.3902
11/15/2017 17:37:29	49.0	48.0	24.3902
11/15/2017 17:37:40	50.0	48.0	24.6411
11/15/2017 17:37:51	49.0	48.0	24.0964
11/15/2017 17:38:02	49.0	48.0	20.6813
11/15/2017 17:38:13	49.0	47.0	26.0143
11/15/2017 17:38:24	48.0	47.0	22.6829
11/15/2017 17:38:35	49.0	48.0	23.3173
11/15/2017 17:38:47	48.0	47.0	26.7943
11/15/2017 17:38:58	49.0	47.0	22.8501
11/15/2017 17:39:09	48.0	47.0	26.3285
11/15/2017 17:39:20	49.0	47.0	23.4867
11/15/2017 17:39:31	49.0	47.0	25.4808
11/15/2017 17:39:42	50.0	50.0	25.2427
11/15/2017 17:39:53	52.0	51.0	24.6305
11/15/2017 17:40:04	55.0	53.0	23.8554
11/15/2017 17:40:15	55.0	54.0	24.3902
11/15/2017 17:40:26	57.0	55.0	22.6601
11/15/2017 17:40:37	56.0	56.0	25.1816
11/15/2017 17:40:48	55.0	53.0	24.3243
11/15/2017 17:40:59	54.0	53.0	22.113
11/15/2017 17:41:10	52.0	51.0	18.8119
11/15/2017 17:41:21	52.0	50.0	22.1675
11/15/2017 17:41:32	50.0	48.0	24.3243
11/15/2017 17:41:43	50.0	48.0	24.7573
11/15/2017 17:41:54	49.0	48.0	23.2614
11/15/2017 17:42:05	49.0	47.0	19
11/15/2017 17:42:16	48.0	47.0	19.0955
11/15/2017 17:42:27	48.0	46.0	18.797
11/15/2017 17:42:38	49.0	47.0	20.5514
11/15/2017 17:42:49	50.0	50.0	19.0594
11/15/2017 17:43:00	51.0	50.0	19.0594
11/15/2017 17:43:11	53.0	51.0	17.7057
11/15/2017 17:43:22	54.0	53.0	18.2045
11/15/2017 17:43:33	55.0	54.0	17.75
11/15/2017 17:43:44	55.0	54.0	16.6247
11/15/2017 17:43:55	57.0	55.0	18
11/15/2017 17:44:06	57.0	55.0	20.197
11/15/2017 17:44:17	54.0	53.0	19.4514
11/15/2017 17:44:28	52.0	51.0	20.2469
11/15/2017 17:44:39	50.0	50.0	20.8955
11/15/2017 17:44:51	50.0	49.0	19.4514
11/15/2017 17:45:02	49.0	48.0	19.6517
11/15/2017 17:45:13	48.0	47.0	20.7921
11/15/2017 17:45:24	49.0	47.0	20.3931
11/15/2017 17:45:35	48.0	47.0	21.3759
11/15/2017 17:45:46	49.0	48.0	21.0918
11/15/2017 17:45:57	50.0	50.0	20.0495
11/15/2017 17:46:08	52.0	51.0	19.3069
11/15/2017 17:46:19	53.0	53.0	18.2716
11/15/2017 17:46:30	54.0	54.0	17.9104
11/15/2017 17:46:41	55.0	54.0	19.4514
11/15/2017 17:46:52	56.0	55.0	17.207
11/15/2017 17:47:03	57.0	56.0	18.6104
11/15/2017 17:47:14	54.0	54.0	20.297
11/15/2017 17:47:25	52.0	51.0	20.4938
11/15/2017 17:47:36	51.0	50.0	20.8437
11/15/2017 17:47:47	50.0	49.0	20.4489
11/15/2017 17:47:58	49.0	48.0	19.5545
11/15/2017 17:48:09	48.0	47.0	19.7007
11/15/2017 17:48:20	48.0	47.0	19.598
11/15/2017 17:48:31	48.0	47.0	17.8117
11/15/2017 17:48:42	47.0	47.0	18.5751
11/15/2017 17:48:53	48.0	47.0	19.9501
11/15/2017 17:49:04	50.0	48.0	17.6768
11/15/2017 17:49:15	51.0	51.0	19.598
11/15/2017 17:49:26	53.0	52.0	19.3955
11/15/2017 17:49:37	54.0	53.0	16.6247
11/15/2017 17:49:48	55.0	54.0	18.481
11/15/2017 17:50:00	55.0	55.0	15.601
11/15/2017 17:50:11	57.0	56.0	21.8362
11/15/2017 17:50:22	55.0	54.0	23.1707
11/15/2017 17:50:33	53.0	52.0	15.2062
11/15/2017 17:50:44	51.0	51.0	16.8798
11/15/2017 17:50:55	50.0	50.0	16.0622
11/15/2017 17:51:06	49.0	48.0	14.8438
11/15/2017 17:51:17	48.0	48.0	17.602
11/15/2017 17:51:28	48.0	47.0	14.6597
11/15/2017 17:51:39	48.0	47.0	15.1436
11/15/2017 17:51:50	48.0	46.0	14.7368
11/15/2017 17:52:01	49.0	48.0	17.0984
11/15/2017 17:52:12	51.0	50.0	14.2857
11/15/2017 17:52:23	52.0	51.0	14.026
11/15/2017 17:52:34	53.0	53.0	13.3159
11/15/2017 17:52:45	54.0	53.0	14.1753
11/15/2017 17:52:56	55.0	54.0	13.8021
11/15/2017 17:53:07	55.0	55.0	13.0208
11/15/2017 17:53:18	56.0	55.0	12.987
11/15/2017 17:53:29	56.0	55.0	13.4211
11/15/2017 17:53:40	53.0	53.0	12.5654
11/15/2017 17:53:51	51.0	51.0	13.7203
11/15/2017 17:54:02	50.0	50.0	14.8148
11/15/2017 17:54:13	49.0	48.0	13.7203
11/15/2017 17:54:24	49.0	48.0	13.2275
11/15/2017 17:54:35	48.0	47.0	13.4921
11/15/2017 17:54:46	48.0	47.0	13.9474
11/15/2017 17:54:57	49.0	48.0	14.0957
11/15/2017 17:55:09	51.0	49.0	13.7203
11/15/2017 17:55:20	52.0	50.0	11.8734
11/15/2017 17:55:31	53.0	52.0	12.8609
11/15/2017 17:55:42	54.0	53.0	12.6316
11/15/2017 17:55:53	55.0	54.0	12.0419
11/15/2017 17:56:04	56.0	54.0	12.5984
11/15/2017 17:56:15	56.0	55.0	11.3158
11/15/2017 17:56:26	57.0	56.0	12.3684
11/15/2017 17:56:37	54.0	53.0	13.0548
11/15/2017 17:56:48	52.0	51.0	13.1926
11/15/2017 17:56:59	50.0	50.0	12.963
11/15/2017 17:57:10	50.0	49.0	14.0212
11/15/2017 17:57:21	49.0	48.0	13.4921
11/15/2017 17:57:32	48.0	47.0	14.5503
11/15/2017 17:57:43	48.0	47.0	13.2275
11/15/2017 17:57:54	47.0	47.0	13.7566
11/15/2017 17:58:05	49.0	48.0	14.7757
11/15/2017 17:58:16	50.0	50.0	13.1926
11/15/2017 17:58:27	52.0	51.0	11.8421
11/15/2017 17:58:38	53.0	51.0	12.4011
11/15/2017 17:58:49	54.0	53.0	12.5326
11/15/2017 17:59:00	55.0	53.0	12.8272
11/15/2017 17:59:11	55.0	54.0	12.9288
11/15/2017 17:59:22	56.0	55.0	11.3158
11/15/2017 17:59:33	57.0	56.0	15.1436
11/15/2017 17:59:44	54.0	53.0	12.6316
11/15/2017 17:59:55	52.0	51.0	12.9288
11/15/2017 18:00:06	50.0	50.0	14.2857
11/15/2017 18:00:17	49.0	48.0	15.0794
11/15/2017 18:00:29	50.0	48.0	13.7203
11/15/2017 18:00:40	48.0	48.0	14.4737
11/15/2017 18:00:51	47.0	47.0	13.4565
11/15/2017 18:01:02	48.0	47.0	13.9474
11/15/2017 18:01:13	49.0	48.0	12.9973
11/15/2017 18:01:24	51.0	50.0	13.1579
11/15/2017 18:01:35	52.0	51.0	12.1053
11/15/2017 18:01:46	53.0	53.0	12.5326
11/15/2017 18:01:57	54.0	53.0	11.8421
11/15/2017 18:02:08	55.0	54.0	12.3037
11/15/2017 18:02:19	56.0	54.0	14.9606
11/15/2017 18:02:30	57.0	55.0	10.2902
11/15/2017 18:02:41	57.0	56.0	12.9288
11/15/2017 18:02:52	55.0	54.0	12.4011
11/15/2017 18:03:03	52.0	52.0	12.6316
11/15/2017 18:03:14	51.0	51.0	13.4921
11/15/2017 18:03:25	50.0	49.0	14.0212
11/15/2017 18:03:36	49.0	48.0	12.234
11/15/2017 18:03:47	48.0	48.0	13.2275
11/15/2017 18:03:58	48.0	47.0	13.4921
11/15/2017 18:04:09	48.0	47.0	14.0212
11/15/2017 18:04:20	50.0	49.0	17.1053
11/15/2017 18:04:31	51.0	51.0	12.3684
11/15/2017 18:04:42	52.0	51.0	12.5984
11/15/2017 18:04:53	53.0	53.0	12.4668
11/15/2017 18:05:04	54.0	53.0	11.8734
11/15/2017 18:05:15	55.0	54.0	12.1053
11/15/2017 18:05:26	56.0	55.0	13.4211
11/15/2017 18:05:37	56.0	55.0	11.811
11/15/2017 18:05:49	55.0	55.0	13.1579
11/15/2017 18:06:00	53.0	52.0	12.5984
11/15/2017 18:06:11	51.0	51.0	13.7931
11/15/2017 18:06:22	50.0	49.0	13.4921
11/15/2017 18:06:33	49.0	48.0	12.1053
11/15/2017 18:06:44	48.0	48.0	13.7203
11/15/2017 18:06:55	48.0	47.0	13.9108
11/15/2017 18:07:06	48.0	47.0	13.0319
11/15/2017 18:07:17	50.0	49.0	12.8272
11/15/2017 18:07:28	51.0	51.0	13.4565
11/15/2017 18:07:39	52.0	52.0	11.6095
11/15/2017 18:07:50	54.0	53.0	11.6095
11/15/2017 18:08:01	55.0	53.0	12.5654
11/15/2017 18:08:12	55.0	54.0	11.5789
11/15/2017 18:08:23	56.0	54.0	11.3158
11/15/2017 18:08:34	56.0	55.0	12.5984
11/15/2017 18:08:45	55.0	54.0	12.336
11/15/2017 18:08:56	52.0	52.0	14.0212
11/15/2017 18:09:07	51.0	51.0	13.7203
11/15/2017 18:09:18	49.0	48.0	13.1234
11/15/2017 18:09:29	49.0	48.0	13.8298
11/15/2017 18:09:40	48.0	47.0	14.3617
11/15/2017 18:09:51	47.0	47.0	14.2857
11/15/2017 18:10:02	50.0	48.0	14.5119
11/15/2017 18:10:13	50.0	49.0	12.6316
11/15/2017 18:10:24	51.0	51.0	13.4565
11/15/2017 18:10:35	52.0	51.0	12.7937
11/15/2017 18:10:46	54.0	53.0	12.3037
11/15/2017 18:10:58	55.0	53.0	12.8272
11/15/2017 18:11:09	55.0	54.0	12.336
11/15/2017 18:11:20	56.0	56.0	12.5
11/15/2017 18:11:31	57.0	56.0	12.8609
11/15/2017 18:11:42	55.0	54.0	13.0208
11/15/2017 18:11:53	53.0	52.0	12.7321
11/15/2017 18:12:04	51.0	50.0	14.2857
11/15/2017 18:12:15	51.0	49.0	13.5279
11/15/2017 18:12:26	49.0	48.0	13.7566
11/15/2017 18:12:37	49.0	48.0	13.7931
11/15/2017 18:12:48	48.0	46.0	15.1194
11/15/2017 18:12:59	48.0	46.0	14.2105
11/15/2017 18:13:10	49.0	48.0	14.4357
11/15/2017 18:13:21	51.0	49.0	13.2626
11/15/2017 18:13:32	52.0	51.0	12.6984
11/15/2017 18:13:43	53.0	52.0	11.6095
11/15/2017 18:13:54	54.0	53.0	12.0735
11/15/2017 18:14:05	55.0	54.0	12.8947
11/15/2017 18:14:16	56.0	54.0	12.5326
11/15/2017 18:14:27	57.0	55.0	13.1234
11/15/2017 18:14:38	56.0	54.0	15.2231
11/15/2017 18:14:49	56.0	53.0	11.8734
11/15/2017 18:15:00	52.0	51.0	13.4921
11/15/2017 18:15:11	51.0	50.0	15.0396
11/15/2017 18:15:22	50.0	48.0	13.2626
11/15/2017 18:15:33	49.0	48.0	13.2626
11/15/2017 18:15:44	48.0	47.0	12.4011
11/15/2017 18:15:55	47.0	47.0	14.8541
11/15/2017 18:16:06	48.0	47.0	14.248
11/15/2017 18:16:18	50.0	49.0	12.6316
11/15/2017 18:16:29	51.0	50.0	12.336
11/15/2017 18:16:40	52.0	51.0	12.8947
11/15/2017 18:16:51	53.0	53.0	11.8421
11/15/2017 18:17:02	54.0	53.0	11.811
11/15/2017 18:17:13	55.0	54.0	12.1053
11/15/2017 18:17:24	56.0	55.0	12.336
11/15/2017 18:17:35	57.0	56.0	12.5984
11/15/2017 18:17:46	55.0	54.0	13.1234
11/15/2017 18:17:57	53.0	52.0	13.6842
11/15/2017 18:18:08	51.0	50.0	13.0667
11/15/2017 18:18:19	50.0	49.0	13.7566
11/15/2017 18:18:30	49.0	49.0	13.9108
11/15/2017 18:18:41	48.0	48.0	13.1926
11/15/2017 18:18:52	48.0	47.0	13.2626
11/15/2017 18:19:03	47.0	47.0	12.5654
11/15/2017 18:19:14	49.0	48.0	12.1693
11/15/2017 18:19:25	50.0	50.0	12.6649
11/15/2017 18:19:36	51.0	51.0	11.5486
11/15/2017 18:19:47	53.0	52.0	13.089
11/15/2017 18:19:58	54.0	53.0	11.811
11/15/2017 18:20:09	55.0	54.0	12.3684
11/15/2017 18:20:20	56.0	55.0	12.5654
11/15/2017 18:20:31	56.0	55.0	11.2861
11/15/2017 18:20:42	57.0	56.0	12.1053
11/15/2017 18:20:53	54.0	54.0	12.6649
11/15/2017 18:21:04	51.0	52.0	11.6402
11/15/2017 18:21:15	51.0	50.0	13.4921
11/15/2017 18:21:26	50.0	50.0	13.9842
11/15/2017 18:21:37	49.0	49.0	13.4565
11/15/2017 18:21:49	49.0	48.0	14.7757
11/15/2017 18:22:00	48.0	47.0	14.1361
11/15/2017 18:22:11	48.0	46.0	13.5279
11/15/2017 18:22:22	49.0	48.0	13.7566
11/15/2017 18:22:33	50.0	50.0	13.1579
11/15/2017 18:22:44	51.0	51.0	12.0419
11/15/2017 18:22:55	53.0	52.0	13.577
11/15/2017 18:23:06	54.0	53.0	11.8421
11/15/2017 18:23:17	55.0	54.0	12.7937
11/15/2017 18:23:28	55.0	55.0	11.6095
11/15/2017 18:23:39	57.0	56.0	12.5984
11/15/2017 18:23:50	55.0	54.0	11.3158
11/15/2017 18:24:01	53.0	52.0	13.1926
11/15/2017 18:24:12	51.0	51.0	13.7203
11/15/2017 18:24:23	49.0	49.0	14.2857
11/15/2017 18:24:34	49.0	49.0	14.7757
11/15/2017 18:24:45	49.0	48.0	15.3439
11/15/2017 18:24:56	48.0	47.0	13.7931
11/15/2017 18:25:07	48.0	46.0	13.4921
11/15/2017 18:25:18	48.0	47.0	13.1579
11/15/2017 18:25:29	50.0	49.0	13.1234
11/15/2017 18:25:40	51.0	51.0	12.5984
11/15/2017 18:25:51	52.0	52.0	12.5326
11/15/2017 18:26:02	53.0	53.0	13.089
11/15/2017 18:26:13	55.0	54.0	11.8421
11/15/2017 18:26:24	55.0	55.0	12.0419
11/15/2017 18:26:35	56.0	55.0	12.5984
11/15/2017 18:26:46	56.0	55.0	12.8272
11/15/2017 18:26:57	54.0	53.0	13.0548
11/15/2017 18:27:09	51.0	51.0	13.3858
11/15/2017 18:27:20	51.0	50.0	13.9474
11/15/2017 18:27:31	50.0	48.0	14.5503
11/15/2017 18:27:42	49.0	48.0	14.6214
11/15/2017 18:27:53	48.0	47.0	13.1926
11/15/2017 18:28:04	48.0	47.0	14.0584
11/15/2017 18:28:15	49.0	47.0	12.6649
11/15/2017 18:28:26	50.0	49.0	11.8421
11/15/2017 18:28:37	51.0	51.0	12.5654
11/15/2017 18:28:48	52.0	52.0	12.5984
11/15/2017 18:28:59	54.0	53.0	12.2715
11/15/2017 18:29:10	54.0	53.0	13.3858
11/15/2017 18:29:21	55.0	54.0	13.3508
11/15/2017 18:29:32	57.0	56.0	15.3646
11/15/2017 18:29:43	56.0	56.0	12.0419
11/15/2017 18:29:54	54.0	54.0	12.0735
11/15/2017 18:30:05	52.0	51.0	13.6842
11/15/2017 18:30:16	50.0	50.0	13.7203
11/15/2017 18:30:27	50.0	49.0	13.2626
11/15/2017 18:30:38	49.0	49.0	16.3158
11/15/2017 18:30:49	49.0	48.0	12.4668
11/15/2017 18:31:00	48.0	47.0	12.4668
11/15/2017 18:31:11	48.0	47.0	14.5503
11/15/2017 18:31:22	48.0	47.0	12.7321
11/15/2017 18:31:33	50.0	48.0	13.4211
11/15/2017 18:31:44	51.0	50.0	12.3684
11/15/2017 18:31:55	52.0	52.0	12.5654
11/15/2017 18:32:06	53.0	53.0	11.8421
11/15/2017 18:32:18	54.0	53.0	12.1053
11/15/2017 18:32:29	55.0	54.0	12.3037
11/15/2017 18:32:40	57.0	55.0	12.5326
11/15/2017 18:32:51	57.0	55.0	12.3037
11/15/2017 18:33:02	55.0	54.0	11.6402
11/15/2017 18:33:13	53.0	52.0	12.7937
11/15/2017 18:33:24	51.0	51.0	14.2105
11/15/2017 18:33:35	51.0	50.0	14.2857
11/15/2017 18:33:46	49.0	49.0	14.5889
11/15/2017 18:33:57	49.0	48.0	12.6649
11/15/2017 18:34:08	49.0	47.0	12.4011
11/15/2017 18:34:19	48.0	47.0	14.7757
11/15/2017 18:34:30	48.0	47.0	13.6842
11/15/2017 18:34:41	50.0	48.0	12.0735
11/15/2017 18:34:52	51.0	51.0	14.1732
11/15/2017 18:35:03	53.0	53.0	12.0735
11/15/2017 18:35:14	53.0	53.0	13.089
11/15/2017 18:35:25	55.0	54.0	12.3037
11/15/2017 18:35:36	55.0	55.0	10.4439
11/15/2017 18:35:47	57.0	55.0	11.7493
11/15/2017 18:35:58	57.0	56.0	12.336
11/15/2017 18:36:09	54.0	53.0	12.3037
11/15/2017 18:36:20	52.0	52.0	13.4211
11/15/2017 18:36:31	51.0	50.0	12.0735
11/15/2017 18:36:42	51.0	49.0	13.2275
11/15/2017 18:36:53	49.0	48.0	13.9108
11/15/2017 18:37:04	49.0	48.0	12.963
11/15/2017 18:37:15	48.0	48.0	13.6483
11/15/2017 18:37:26	48.0	48.0	14.5503
11/15/2017 18:37:37	48.0	47.0	13.0319
11/15/2017 18:37:49	47.0	47.0	13.6483
11/15/2017 18:38:00	48.0	48.0	13.7203
11/15/2017 18:38:11	50.0	49.0	12.3684
11/15/2017 18:38:22	51.0	51.0	13.2812
11/15/2017 18:38:33	53.0	51.0	12.336
11/15/2017 18:38:44	54.0	53.0	12.0419
11/15/2017 18:38:55	55.0	54.0	12.8272
11/15/2017 18:39:06	55.0	54.0	11.5486
11/15/2017 18:39:17	56.0	55.0	12.0419
11/15/2017 18:39:28	57.0	55.0	14.3603
11/15/2017 18:39:39	54.0	53.0	13.4921
11/15/2017 18:39:50	52.0	51.0	11.9048
11/15/2017 18:40:01	51.0	50.0	17.2414
11/15/2017 18:40:12	50.0	50.0	13.7203
11/15/2017 18:40:23	49.0	48.0	14.0992
11/15/2017 18:40:34	49.0	48.0	13.7203
11/15/2017 18:40:45	49.0	48.0	12.963
11/15/2017 18:40:56	48.0	47.0	13.1234
11/15/2017 18:41:07	48.0	47.0	13.6483
11/15/2017 18:41:18	48.0	47.0	13.9842
11/15/2017 18:41:29	48.0	47.0	14.2105
11/15/2017 18:41:40	49.0	48.0	13.9108
11/15/2017 18:41:51	51.0	51.0	12.5984
11/15/2017 18:42:02	52.0	51.0	12.8947
11/15/2017 18:42:13	54.0	53.0	11.7801
11/15/2017 18:42:24	55.0	54.0	12.5654
11/15/2017 18:42:35	55.0	54.0	12.5984
11/15/2017 18:42:46	56.0	55.0	11.2272
11/15/2017 18:42:57	57.0	56.0	12.0104
11/15/2017 18:43:09	54.0	54.0	12.3684
11/15/2017 18:43:20	53.0	53.0	11.7801
11/15/2017 18:43:31	51.0	50.0	13.4211
11/15/2017 18:43:42	51.0	50.0	13.9842
11/15/2017 18:43:53	50.0	50.0	13.6483
11/15/2017 18:44:04	49.0	49.0	14.3236
11/15/2017 18:44:15	48.0	48.0	13.4565
11/15/2017 18:44:26	49.0	48.0	14.4357
11/15/2017 18:44:37	48.0	47.0	13.9842
11/15/2017 18:44:48	47.0	47.0	13.2626
11/15/2017 18:44:59	48.0	46.0	12.6984
11/15/2017 18:45:10	47.0	47.0	14.8148
11/15/2017 18:45:21	48.0	47.0	14.8148
11/15/2017 18:45:32	50.0	48.0	13.1234
11/15/2017 18:45:43	50.0	51.0	12.5984
11/15/2017 18:45:54	52.0	52.0	11.8734
11/15/2017 18:46:05	53.0	53.0	12.8272
11/15/2017 18:46:16	55.0	54.0	12.3037
11/15/2017 18:46:27	55.0	55.0	11.5183
11/15/2017 18:46:38	57.0	55.0	11.7493
11/15/2017 18:46:49	57.0	56.0	11.5789
11/15/2017 18:47:00	54.0	54.0	13.3858
11/15/2017 18:47:11	52.0	52.0	15.2632
11/15/2017 18:47:22	52.0	52.0	12.0419
11/15/2017 18:47:33	50.0	49.0	13.7566
11/15/2017 18:47:44	50.0	48.0	13.1926
11/15/2017 18:47:55	49.0	48.0	13.2979
11/15/2017 18:48:06	48.0	48.0	13.9474
11/15/2017 18:48:17	48.0	48.0	14.2857
11/15/2017 18:48:29	48.0	47.0	13.4921
11/15/2017 18:48:40	48.0	47.0	12.9288
11/15/2017 18:48:51	48.0	47.0	13.4921
11/15/2017 18:49:02	48.0	47.0	14.2105
11/15/2017 18:49:13	48.0	47.0	14.6982
11/15/2017 18:49:24	50.0	48.0	12.1053
11/15/2017 18:49:35	51.0	50.0	12.5326
11/15/2017 18:49:46	52.0	51.0	14.3979
11/15/2017 18:49:57	53.0	53.0	12.5654
11/15/2017 18:50:08	55.0	54.0	11.8421
11/15/2017 18:50:19	56.0	54.0	13.0548
11/15/2017 18:50:30	57.0	56.0	11.5183
11/15/2017 18:50:41	56.0	54.0	12.336
11/15/2017 18:50:52	54.0	53.0	12.8272
11/15/2017 18:51:03	52.0	51.0	12.3684
11/15/2017 18:51:14	51.0	51.0	11.811
11/15/2017 18:51:25	50.0	50.0	13.8381
11/15/2017 18:51:36	50.0	49.0	12.963
11/15/2017 18:51:47	49.0	48.0	14.7368
11/15/2017 18:51:58	49.0	48.0	13.2275
11/15/2017 18:52:09	49.0	47.0	13.4921
11/15/2017 18:52:20	48.0	47.0	14.248
11/15/2017 18:52:31	47.0	47.0	13.2626
11/15/2017 18:52:42	48.0	47.0	13.7203
11/15/2017 18:52:53	50.0	49.0	12.3684
11/15/2017 18:53:04	51.0	51.0	12.3684
11/15/2017 18:53:15	52.0	52.0	11.8421
11/15/2017 18:53:26	54.0	53.0	12.1053
11/15/2017 18:53:37	55.0	54.0	11.8734
11/15/2017 18:53:49	56.0	55.0	11.0236
11/15/2017 18:54:00	57.0	56.0	13.2812
11/15/2017 18:54:11	56.0	55.0	11.5789
11/15/2017 18:54:22	53.0	53.0	12.0104
11/15/2017 18:54:33	53.0	51.0	12.4011
11/15/2017 18:54:44	51.0	50.0	13.9108
11/15/2017 18:54:55	50.0	49.0	13.2275
11/15/2017 18:55:06	49.0	49.0	13.6842
11/15/2017 18:55:17	49.0	48.0	13.7203
11/15/2017 18:55:28	49.0	48.0	13.1234
11/15/2017 18:55:39	48.0	48.0	13.9842
11/15/2017 18:55:50	48.0	47.0	14.4357
11/15/2017 18:56:01	47.0	47.0	14.7368
11/15/2017 18:56:12	48.0	47.0	12.963
11/15/2017 18:56:23	48.0	46.0	13.6842
11/15/2017 18:56:34	47.0	47.0	13.9842
11/15/2017 18:56:45	48.0	48.0	13.2626
11/15/2017 18:56:56	50.0	50.0	13.0208
11/15/2017 18:57:07	52.0	51.0	13.3159
11/15/2017 18:57:18	53.0	53.0	13.6842
11/15/2017 18:57:29	54.0	53.0	12.4011
11/15/2017 18:57:40	56.0	54.0	12.5654
11/15/2017 18:57:51	56.0	54.0	11.811
11/15/2017 18:58:02	56.0	56.0	12.8272
11/15/2017 18:58:13	54.0	53.0	12.2715
11/15/2017 18:58:24	52.0	52.0	12.3037
11/15/2017 18:58:35	51.0	51.0	14.3236
11/15/2017 18:58:46	50.0	49.0	7.20222
11/15/2017 18:58:57	50.0	50.0	2.03046
11/15/2017 18:59:09	48.0	47.0	11.0825
11/15/2017 18:59:20	49.0	48.0	3.29949
11/15/2017 18:59:31	49.0	49.0	0.503778
11/15/2017 18:59:42	51.0	50.0	1.00756
11/15/2017 18:59:53	50.0	50.0	0.252525
11/15/2017 19:00:04	51.0	50.0	1.77215
11/15/2017 19:00:15	51.0	51.0	0.251889
11/15/2017 19:00:26	51.0	51.0	0.755668
11/15/2017 19:00:37	51.0	51.0	1.25628
11/15/2017 19:00:48	51.0	51.0	2.01511
11/15/2017 19:00:59	51.0	51.0	0
11/15/2017 19:01:10	51.0	51.0	1.51515
11/15/2017 19:01:21	52.0	51.0	0
11/15/2017 19:01:32	51.0	51.0	1.0101
11/15/2017 19:01:43	51.0	51.0	1.0101
11/15/2017 19:01:54	51.0	51.0	0.253165
11/15/2017 19:02:05	51.0	51.0	0.253165
11/15/2017 19:02:16	52.0	51.0	1.0101
11/15/2017 19:02:27	50.0	50.0	0.252525
11/15/2017 19:02:38	51.0	50.0	0.755668
11/15/2017 19:02:49	50.0	50.0	2.0202
11/15/2017 19:03:00	51.0	51.0	0.753769
11/15/2017 19:03:11	50.0	50.0	1.0101
11/15/2017 19:03:22	51.0	50.0	0.502513
11/15/2017 19:03:33	50.0	50.0	0.252525
11/15/2017 19:03:44	50.0	50.0	0.757576
11/15/2017 19:03:55	50.0	50.0	0.503778
11/15/2017 19:04:06	51.0	50.0	0.251889
11/15/2017 19:04:17	50.0	49.0	1.0101
11/15/2017 19:04:28	50.0	49.0	0
11/15/2017 19:04:39	50.0	50.0	0.505051
11/15/2017 19:04:50	50.0	49.0	2.53807
11/15/2017 19:05:01	50.0	48.0	0.503778
11/15/2017 19:05:12	51.0	49.0	0.253165
11/15/2017 19:05:23	50.0	49.0	0.757576
11/15/2017 19:05:34	50.0	49.0	0.503778
11/15/2017 19:05:45	51.0	50.0	1.26263
11/15/2017 19:05:56	49.0	48.0	0.503778
11/15/2017 19:06:08	50.0	49.0	0.505051
11/15/2017 19:06:19	49.0	48.0	1.51515
11/15/2017 19:06:30	49.0	49.0	0.252525
11/15/2017 19:06:41	50.0	48.0	1.51515
11/15/2017 19:06:52	50.0	48.0	1.01266
11/15/2017 19:07:03	49.0	49.0	0
11/15/2017 19:07:14	49.0	48.0	0.503778
11/15/2017 19:07:25	49.0	48.0	2.0202
11/15/2017 19:07:36	49.0	48.0	0.503778
11/15/2017 19:07:47	48.0	48.0	0.502513
11/15/2017 19:07:58	49.0	48.0	0.505051
11/15/2017 19:08:09	49.0	48.0	0.252525
11/15/2017 19:08:20	49.0	48.0	0.505051
11/15/2017 19:08:31	49.0	48.0	0.503778
11/15/2017 19:08:42	49.0	48.0	0.251889
11/15/2017 19:08:53	49.0	48.0	1.0101
11/15/2017 19:09:04	48.0	48.0	0.251889
11/15/2017 19:09:15	48.0	48.0	0.252525
11/15/2017 19:09:26	49.0	48.0	0.505051
11/15/2017 19:09:37	49.0	48.0	0.503778
11/15/2017 19:09:48	49.0	48.0	0.252525
11/15/2017 19:09:59	48.0	48.0	1.25945
11/15/2017 19:10:10	49.0	48.0	1.51134
11/15/2017 19:10:21	49.0	48.0	0.505051
11/15/2017 19:10:32	48.0	48.0	1.00756
11/15/2017 19:10:43	49.0	48.0	0.503778
11/15/2017 19:10:54	48.0	48.0	1.0101
11/15/2017 19:11:05	49.0	48.0	0.503778
11/15/2017 19:11:16	49.0	47.0	0.252525
11/15/2017 19:11:27	48.0	47.0	1.0101
11/15/2017 19:11:38	48.0	48.0	1.0101
11/15/2017 19:11:49	48.0	48.0	1.51515
11/15/2017 19:12:00	48.0	48.0	0.757576
11/15/2017 19:12:11	49.0	48.0	0.503778
11/15/2017 19:12:22	48.0	48.0	0.502513
11/15/2017 19:12:33	48.0	47.0	1.00756
11/15/2017 19:12:45	48.0	48.0	0.753769
11/15/2017 19:12:56	49.0	48.0	0
11/15/2017 19:13:07	49.0	48.0	1.01266
11/15/2017 19:13:18	48.0	48.0	0.253165
11/15/2017 19:13:29	50.0	48.0	0.759494
11/15/2017 19:13:40	49.0	48.0	0.757576
11/15/2017 19:13:51	48.0	48.0	1.00503
11/15/2017 19:14:02	49.0	48.0	0.757576
11/15/2017 19:14:13	49.0	47.0	0.503778
11/15/2017 19:14:24	48.0	47.0	0.252525
11/15/2017 19:14:35	48.0	48.0	1.0101
11/15/2017 19:14:46	48.0	47.0	1.26582
11/15/2017 19:14:57	49.0	47.0	0
11/15/2017 19:15:08	50.0	48.0	0.506329
11/15/2017 19:15:19	49.0	48.0	0.505051
11/15/2017 19:15:30	48.0	47.0	0.252525
11/15/2017 19:15:41	48.0	48.0	2.27273
11/15/2017 19:15:52	48.0	47.0	0.251889
11/15/2017 19:16:03	49.0	48.0	0.503778
11/15/2017 19:16:14	49.0	47.0	0.503778
11/15/2017 19:16:25	49.0	48.0	0.757576
11/15/2017 19:16:36	49.0	48.0	1.25945
11/15/2017 19:16:47	48.0	48.0	0
11/15/2017 19:16:58	49.0	48.0	0.505051
11/15/2017 19:17:09	48.0	47.0	0.503778
11/15/2017 19:17:20	49.0	47.0	0.503778
11/15/2017 19:17:31	49.0	48.0	0.503778
11/15/2017 19:17:42	49.0	48.0	0.755668
11/15/2017 19:17:53	49.0	48.0	0.502513
11/15/2017 19:18:04	49.0	48.0	0.252525
11/15/2017 19:18:15	49.0	48.0	1.00756
11/15/2017 19:18:26	50.0	48.0	2.52525
11/15/2017 19:18:37	49.0	48.0	0.503778
11/15/2017 19:18:48	49.0	47.0	1.0101
11/15/2017 19:18:59	49.0	48.0	0.753769
11/15/2017 19:19:10	49.0	48.0	1.00756
11/15/2017 19:19:21	49.0	48.0	0.753769
11/15/2017 19:19:33	48.0	47.0	0.503778
11/15/2017 19:19:44	48.0	48.0	1.00756
11/15/2017 19:19:55	49.0	47.0	0.503778
11/15/2017 19:20:06	48.0	47.0	0.503778
11/15/2017 19:20:17	48.0	48.0	1.00503
11/15/2017 19:20:28	49.0	48.0	1.50754
11/15/2017 19:20:39	49.0	48.0	0.753769
11/15/2017 19:20:50	48.0	47.0	0.759494
11/15/2017 19:21:01	49.0	48.0	0.753769
11/15/2017 19:21:12	48.0	48.0	1.0101
11/15/2017 19:21:23	48.0	47.0	0.757576
11/15/2017 19:21:34	48.0	47.0	0.505051
11/15/2017 19:21:45	49.0	48.0	0.502513
11/15/2017 19:21:56	49.0	47.0	0.755668
11/15/2017 19:22:07	48.0	47.0	1.00756
11/15/2017 19:22:18	49.0	47.0	1.0101
11/15/2017 19:22:29	48.0	48.0	2.25564
11/15/2017 19:22:40	48.0	47.0	0.503778
11/15/2017 19:22:51	49.0	48.0	0.505051
11/15/2017 19:23:02	48.0	47.0	0.503778
11/15/2017 19:23:13	49.0	47.0	0
11/15/2017 19:23:24	49.0	47.0	0.757576
11/15/2017 19:23:35	49.0	47.0	0.757576
11/15/2017 19:23:46	49.0	47.0	1.00756
11/15/2017 19:23:57	48.0	47.0	1.76768
11/15/2017 19:24:08	48.0	48.0	0.503778
11/15/2017 19:24:19	48.0	48.0	0.252525
11/15/2017 19:24:30	48.0	47.0	1.00756
11/15/2017 19:24:41	49.0	48.0	1.00756
11/15/2017 19:24:52	48.0	47.0	0.757576
11/15/2017 19:25:03	48.0	47.0	0.253165
11/15/2017 19:25:14	49.0	47.0	0.505051
11/15/2017 19:25:25	48.0	48.0	1.00503
11/15/2017 19:25:36	49.0	48.0	0.753769
11/15/2017 19:25:48	48.0	47.0	0.503778
11/15/2017 19:25:59	49.0	48.0	0.755668
11/15/2017 19:26:10	48.0	48.0	0.503778
11/15/2017 19:26:21	48.0	48.0	1.00503
11/15/2017 19:26:32	48.0	48.0	1.51515
11/15/2017 19:26:43	48.0	48.0	0.502513
11/15/2017 19:26:54	50.0	48.0	0.253165
11/15/2017 19:27:05	49.0	48.0	1.0101
11/15/2017 19:27:16	48.0	48.0	0.503778
11/15/2017 19:27:27	49.0	48.0	0.503778
11/15/2017 19:27:38	48.0	48.0	0.503778
11/15/2017 19:27:49	48.0	48.0	0.502513
11/15/2017 19:28:00	48.0	48.0	0.761421
11/15/2017 19:28:11	48.0	47.0	0.252525
11/15/2017 19:28:22	49.0	48.0	0.753769
11/15/2017 19:28:33	49.0	48.0	1.25628
11/15/2017 19:28:44	49.0	48.0	0.503778
11/15/2017 19:28:55	49.0	48.0	0.252525
11/15/2017 19:29:06	49.0	48.0	0.757576
11/15/2017 19:29:17	50.0	48.0	0.252525
11/15/2017 19:29:28	49.0	47.0	1.00503
11/15/2017 19:29:39	49.0	48.0	1.0101
11/15/2017 19:29:50	48.0	48.0	0.503778
11/15/2017 19:30:01	48.0	47.0	3.31633
11/15/2017 19:30:12	49.0	48.0	1.26582
11/15/2017 19:30:23	48.0	48.0	0.253165
11/15/2017 19:30:34	49.0	48.0	1.0101
11/15/2017 19:30:45	50.0	48.0	0.252525
11/15/2017 19:30:56	49.0	48.0	0.251889
11/15/2017 19:31:07	48.0	48.0	1.25945
11/15/2017 19:31:18	49.0	49.0	0.503778
11/15/2017 19:31:29	49.0	48.0	0.503778
11/15/2017 19:31:40	49.0	48.0	0.757576
11/15/2017 19:31:51	49.0	48.0	0.755668
11/15/2017 19:32:02	49.0	48.0	0.502513
11/15/2017 19:32:14	48.0	48.0	1.01266
11/15/2017 19:32:25	48.0	48.0	0.251889
11/15/2017 19:32:36	48.0	48.0	0.753769
11/15/2017 19:32:47	49.0	48.0	0.755668
11/15/2017 19:32:58	49.0	48.0	0.505051
11/15/2017 19:33:09	48.0	48.0	1.00756
11/15/2017 19:33:20	49.0	48.0	0.503778
11/15/2017 19:33:31	50.0	48.0	0.502513
11/15/2017 19:33:42	49.0	48.0	1.01266
11/15/2017 19:33:53	51.0	50.0	1.00756
11/15/2017 19:34:04	49.0	48.0	0.503778
11/15/2017 19:34:15	48.0	48.0	1.00756
11/15/2017 19:34:26	48.0	48.0	0.503778
11/15/2017 19:34:37	49.0	48.0	0.75188
11/15/2017 19:34:48	49.0	48.0	1.0101
11/15/2017 19:34:59	49.0	48.0	0.505051
11/15/2017 19:35:10	49.0	48.0	0.503778
11/15/2017 19:35:21	49.0	48.0	1.0101
11/15/2017 19:35:32	49.0	48.0	0.251889
11/15/2017 19:35:43	49.0	48.0	1.50754
11/15/2017 19:35:54	50.0	48.0	0.502513
11/15/2017 19:36:05	49.0	48.0	1.25945
11/15/2017 19:36:16	50.0	48.0	1.0101
11/15/2017 19:36:27	49.0	49.0	0.503778
11/15/2017 19:36:38	49.0	48.0	43.0412
11/15/2017 19:36:49	55.0	54.0	29.1139
11/15/2017 19:37:01	51.0	51.0	13.9842
11/15/2017 19:37:12	51.0	51.0	12.8609
11/15/2017 19:37:23	52.0	52.0	12.8272
11/15/2017 19:37:34	53.0	52.0	12.0735
11/15/2017 19:37:45	53.0	53.0	11.7801
11/15/2017 19:37:56	54.0	54.0	12.336
11/15/2017 19:38:07	55.0	54.0	14.1361
11/15/2017 19:38:18	55.0	54.0	12.5654
11/15/2017 19:38:29	55.0	55.0	12.5984
11/15/2017 19:38:40	56.0	55.0	13.1579
11/15/2017 19:38:51	56.0	56.0	21.3836
11/15/2017 19:39:02	55.0	54.0	29.321
11/15/2017 19:39:13	55.0	54.0	14.8541
11/15/2017 19:39:25	51.0	51.0	30.1775
11/15/2017 19:39:36	51.0	51.0	16.095
11/15/2017 19:39:47	51.0	51.0	19.3211
11/15/2017 19:39:58	50.0	49.0	16.5354
11/15/2017 19:40:09	50.0	49.0	17.5853
11/15/2017 19:40:20	50.0	49.0	17.8478
11/15/2017 19:40:31	50.0	49.0	15.6499
11/15/2017 19:40:42	49.0	48.0	15.1194
11/15/2017 19:40:53	49.0	48.0	13.5638
11/15/2017 19:41:04	49.0	48.0	14.8148
11/15/2017 19:41:15	48.0	47.0	14.5119
11/15/2017 19:41:26	48.0	47.0	13.8298
11/15/2017 19:41:37	49.0	47.0	14.0957
11/15/2017 19:41:49	50.0	49.0	14.2857
11/15/2017 19:42:00	51.0	51.0	12.9288
11/15/2017 19:42:11	52.0	52.0	12.8272
11/15/2017 19:42:22	54.0	53.0	12.336
11/15/2017 19:42:33	55.0	54.0	13.1926
11/15/2017 19:42:44	56.0	54.0	12.1053
11/15/2017 19:42:55	57.0	55.0	11.6095
11/15/2017 19:43:06	56.0	55.0	12.9288
11/15/2017 19:43:17	54.0	53.0	12.4011
11/15/2017 19:43:28	53.0	53.0	12.8947
11/15/2017 19:43:39	51.0	51.0	15.0794
11/15/2017 19:43:50	51.0	50.0	12.6649
11/15/2017 19:44:01	50.0	49.0	13.7566
11/15/2017 19:44:12	50.0	49.0	14.3617
11/15/2017 19:44:23	49.0	48.0	14.3236
11/15/2017 19:44:34	48.0	48.0	15.0396
11/15/2017 19:44:45	49.0	48.0	13.5279
11/15/2017 19:44:56	48.0	48.0	14.7757
11/15/2017 19:45:07	48.0	48.0	14.5503
11/15/2017 19:45:18	48.0	47.0	13.5279
11/15/2017 19:45:29	48.0	48.0	13.9842
11/15/2017 19:45:40	48.0	47.0	15.0396
11/15/2017 19:45:51	48.0	48.0	14.4737
11/15/2017 19:46:02	47.0	47.0	13.4211
11/15/2017 19:46:13	48.0	46.0	13.9474
11/15/2017 19:46:24	48.0	47.0	14.4357
11/15/2017 19:46:35	48.0	47.0	14.4357
11/15/2017 19:46:46	47.0	47.0	14.8148
11/15/2017 19:46:58	48.0	48.0	13.7566
11/15/2017 19:47:09	47.0	47.0	13.4921
11/15/2017 19:47:20	48.0	47.0	14.0212
11/15/2017 19:47:31	48.0	47.0	13.5638
11/15/2017 19:47:42	50.0	49.0	15.7895
11/15/2017 19:47:53	50.0	51.0	13.7203
11/15/2017 19:48:04	52.0	52.0	12.6316
11/15/2017 19:48:15	54.0	53.0	12.6316
11/15/2017 19:48:26	55.0	54.0	13.3159
11/15/2017 19:48:37	56.0	55.0	12.336
11/15/2017 19:48:48	57.0	56.0	13.089
11/15/2017 19:48:59	56.0	54.0	12.5654
11/15/2017 19:49:10	54.0	53.0	14.1732
11/15/2017 19:49:21	53.0	52.0	14.5119
11/15/2017 19:49:32	51.0	51.0	13.4921
11/15/2017 19:49:43	50.0	50.0	13.6
11/15/2017 19:49:54	50.0	50.0	14.5503
11/15/2017 19:50:05	50.0	49.0	14.4737
11/15/2017 19:50:16	49.0	48.0	14.7368
11/15/2017 19:50:27	49.0	48.0	15.2632
11/15/2017 19:50:38	49.0	48.0	13.9842
11/15/2017 19:50:49	49.0	48.0	14.7945
11/15/2017 19:51:00	48.0	48.0	13.7203
11/15/2017 19:51:11	48.0	48.0	14.248
11/15/2017 19:51:22	48.0	48.0	14.0212
11/15/2017 19:51:33	48.0	48.0	13.2275
11/15/2017 19:51:44	48.0	48.0	14.0584
11/15/2017 19:51:55	48.0	47.0	14.248
11/15/2017 19:52:07	48.0	47.0	14.6597
11/15/2017 19:52:18	48.0	48.0	13.7203
11/15/2017 19:52:29	49.0	47.0	14.9606
11/15/2017 19:52:40	48.0	47.0	13.4921
11/15/2017 19:52:51	48.0	47.0	14.9606
11/15/2017 19:53:02	48.0	47.0	14.2105
11/15/2017 19:53:13	48.0	47.0	13.9842
11/15/2017 19:53:24	48.0	47.0	14.5119
11/15/2017 19:53:35	47.0	47.0	14.5119
11/15/2017 19:53:46	48.0	47.0	14.3979
11/15/2017 19:53:57	48.0	47.0	14.6277
11/15/2017 19:54:08	47.0	47.0	13.7566
11/15/2017 19:54:19	48.0	47.0	13.6842
11/15/2017 19:54:30	48.0	47.0	15
11/15/2017 19:54:41	48.0	47.0	15.0794
11/15/2017 19:54:52	48.0	47.0	14.0584
11/15/2017 19:55:03	47.0	47.0	14.8541
11/15/2017 19:55:14	49.0	49.0	13.7931
11/15/2017 19:55:25	50.0	50.0	14.1732
11/15/2017 19:55:36	52.0	51.0	12.1053
11/15/2017 19:55:47	53.0	53.0	12.5984
11/15/2017 19:55:58	54.0	53.0	13.1234
11/15/2017 19:56:09	55.0	54.0	12.1372
11/15/2017 19:56:20	56.0	56.0	12.3037
11/15/2017 19:56:31	57.0	56.0	13.3159
11/15/2017 19:56:42	55.0	54.0	12.5984
11/15/2017 19:56:53	53.0	53.0	13.4211
11/15/2017 19:57:04	52.0	51.0	14.6982
11/15/2017 19:57:16	51.0	50.0	15.2632
11/15/2017 19:57:27	50.0	50.0	13.4921
11/15/2017 19:57:38	50.0	50.0	15.3034
11/15/2017 19:57:49	49.0	48.0	15.5263
11/15/2017 19:58:00	50.0	48.0	13.4565
11/15/2017 19:58:11	50.0	48.0	13.5279
11/15/2017 19:58:22	49.0	49.0	14.7368
11/15/2017 19:58:33	49.0	48.0	14.6982
11/15/2017 19:58:44	49.0	48.0	13.7931
11/15/2017 19:58:55	49.0	48.0	13.6842
11/15/2017 19:59:06	49.0	47.0	15.2632
11/15/2017 19:59:17	49.0	47.0	16.7979
11/15/2017 19:59:28	48.0	48.0	15.7068
11/15/2017 19:59:39	49.0	48.0	13.6
11/15/2017 19:59:50	48.0	47.0	13.8298
11/15/2017 20:00:01	49.0	48.0	16.6667
11/15/2017 20:00:12	48.0	47.0	14.0212
11/15/2017 20:00:23	48.0	47.0	13.8743
11/15/2017 20:00:34	48.0	47.0	13.2275
11/15/2017 20:00:45	48.0	47.0	13.7931
11/15/2017 20:00:56	49.0	48.0	13.2626
11/15/2017 20:01:07	48.0	47.0	14.0212
11/15/2017 20:01:18	48.0	47.0	14.2857
11/15/2017 20:01:29	48.0	47.0	13.5279
11/15/2017 20:01:40	48.0	47.0	14.4737
11/15/2017 20:01:51	48.0	47.0	13.9842
11/15/2017 20:02:02	48.0	47.0	13.4921
11/15/2017 20:02:14	48.0	47.0	15.1832
11/15/2017 20:02:25	48.0	47.0	13.7203
11/15/2017 20:02:36	48.0	47.0	14.248
11/15/2017 20:02:47	48.0	47.0	14.0584
11/15/2017 20:02:58	48.0	47.0	13.7203
11/15/2017 20:03:09	48.0	47.0	14.248
11/15/2017 20:03:20	48.0	47.0	14.0584
11/15/2017 20:03:31	48.0	47.0	13.9842
11/15/2017 20:03:42	48.0	47.0	14.2857
11/15/2017 20:03:53	48.0	47.0	15.1042
11/15/2017 20:04:04	48.0	47.0	14.6597
11/15/2017 20:04:15	48.0	47.0	15.2231
11/15/2017 20:04:26	48.0	47.0	14.1732
11/15/2017 20:04:37	48.0	47.0	14.4737
11/15/2017 20:04:48	48.0	46.0	14.0584
11/15/2017 20:04:59	48.0	47.0	14.0212
11/15/2017 20:05:10	48.0	47.0	15.7895
11/15/2017 20:05:21	48.0	47.0	14.9215
11/15/2017 20:05:32	48.0	47.0	14.1361
11/15/2017 20:05:43	49.0	47.0	13.7203
11/15/2017 20:05:54	48.0	47.0	14.5119
11/15/2017 20:06:05	49.0	47.0	13.2626
11/15/2017 20:06:16	48.0	47.0	14.5503
11/15/2017 20:06:27	47.0	47.0	13.4921
11/15/2017 20:06:38	48.0	47.0	13.9842
11/15/2017 20:06:49	49.0	48.0	13.2979
11/15/2017 20:07:00	48.0	47.0	13.4921
11/15/2017 20:07:12	48.0	47.0	13.1926
11/15/2017 20:07:23	48.0	47.0	14.7757
11/15/2017 20:07:34	48.0	47.0	13.6842
11/15/2017 20:07:45	48.0	47.0	13.9474
11/15/2017 20:07:56	48.0	47.0	13.9842
11/15/2017 20:08:07	48.0	47.0	13.9108
11/15/2017 20:08:18	48.0	47.0	14.2105
11/15/2017 20:08:29	48.0	47.0	13.9842
11/15/2017 20:08:40	48.0	47.0	14.1732
11/15/2017 20:08:51	48.0	48.0	14.2105
11/15/2017 20:09:02	48.0	47.0	14.2105
11/15/2017 20:09:13	48.0	47.0	13.6126
11/15/2017 20:09:24	48.0	47.0	14.3617
11/15/2017 20:09:35	48.0	47.0	15.7068
11/15/2017 20:09:46	48.0	47.0	15.8311
11/15/2017 20:09:57	50.0	49.0	13.7931
11/15/2017 20:10:08	48.0	46.0	14.4357
11/15/2017 20:10:19	48.0	47.0	13.4565
11/15/2017 20:10:30	48.0	47.0	14.5503
11/15/2017 20:10:41	48.0	47.0	13.4565
11/15/2017 20:10:52	47.0	47.0	15.445
11/15/2017 20:11:03	48.0	47.0	13.6842
11/15/2017 20:11:14	48.0	47.0	13.6126
11/15/2017 20:11:25	48.0	47.0	14.6982
11/15/2017 20:11:36	48.0	46.0	13.9474
11/15/2017 20:11:47	50.0	48.0	13.1234
11/15/2017 20:11:58	50.0	50.0	12.8609
11/15/2017 20:12:10	52.0	52.0	13.0208
11/15/2017 20:12:21	54.0	53.0	12.3037
11/15/2017 20:12:32	55.0	54.0	12.336
11/15/2017 20:12:43	56.0	56.0	12.3037
11/15/2017 20:12:54	56.0	56.0	14.0992
11/15/2017 20:13:05	56.0	56.0	13.3159
11/15/2017 20:13:16	53.0	53.0	13.089
11/15/2017 20:13:27	52.0	52.0	13.1234
11/15/2017 20:13:38	52.0	51.0	13.089
11/15/2017 20:13:49	51.0	50.0	13.9108
11/15/2017 20:14:00	50.0	50.0	14.6982
11/15/2017 20:14:11	50.0	50.0	13.2626
11/15/2017 20:14:22	50.0	49.0	14.1361
11/15/2017 20:14:33	49.0	49.0	15.5263
11/15/2017 20:14:44	49.0	48.0	12.7321
11/15/2017 20:14:55	49.0	48.0	15.2632
11/15/2017 20:15:06	48.0	48.0	14.4737
11/15/2017 20:15:17	49.0	48.0	14.1732
11/15/2017 20:15:28	49.0	48.0	13.6483
11/15/2017 20:15:39	49.0	48.0	15.7895
11/15/2017 20:15:50	48.0	48.0	13.4921
11/15/2017 20:16:01	49.0	48.0	13.1926
11/15/2017 20:16:12	48.0	48.0	14.248
11/15/2017 20:16:23	49.0	48.0	13.9474
11/15/2017 20:16:34	49.0	48.0	13.8381
11/15/2017 20:16:45	48.0	48.0	13.7931
11/15/2017 20:16:56	49.0	48.0	14.2105
11/15/2017 20:17:08	48.0	48.0	13.9474
11/15/2017 20:17:19	48.0	47.0	14.1361
11/15/2017 20:17:30	49.0	47.0	13.1579
11/15/2017 20:17:41	49.0	47.0	14.2105
11/15/2017 20:17:52	48.0	47.0	13.4211
11/15/2017 20:18:03	48.0	48.0	14.3979
11/15/2017 20:18:14	48.0	47.0	14.2857
11/15/2017 20:18:25	49.0	48.0	13.5279
11/15/2017 20:18:36	48.0	48.0	13.3858
11/15/2017 20:18:47	49.0	47.0	14.3979
11/15/2017 20:18:58	48.0	48.0	13.3858
11/15/2017 20:19:09	48.0	47.0	13.9474
11/15/2017 20:19:20	48.0	47.0	13.6483
11/15/2017 20:19:31	49.0	48.0	13.3858
11/15/2017 20:19:42	48.0	47.0	13.9842
11/15/2017 20:19:53	49.0	47.0	15.4856
11/15/2017 20:20:04	48.0	47.0	13.9842
11/15/2017 20:20:15	49.0	48.0	14.3236
11/15/2017 20:20:26	48.0	47.0	13.1926
11/15/2017 20:20:37	48.0	47.0	12.9973
11/15/2017 20:20:48	49.0	48.0	14.7757
11/15/2017 20:20:59	49.0	48.0	14.3229
11/15/2017 20:21:10	49.0	47.0	14.2105
11/15/2017 20:21:21	49.0	48.0	14.4737
11/15/2017 20:21:32	49.0	47.0	13.9842
11/15/2017 20:21:43	48.0	47.0	13.6842
11/15/2017 20:21:54	48.0	47.0	16.4491
11/15/2017 20:22:06	48.0	47.0	13.1579
11/15/2017 20:22:17	48.0	47.0	13.7203
11/15/2017 20:22:28	48.0	47.0	13.7203
11/15/2017 20:22:39	48.0	47.0	13.1926
11/15/2017 20:22:50	49.0	47.0	14.1732
11/15/2017 20:23:01	48.0	48.0	15.8311
11/15/2017 20:23:12	49.0	47.0	24.6032
11/15/2017 20:23:23	52.0	51.0	18.9474
11/15/2017 20:23:34	49.0	49.0	13.2626
11/15/2017 20:23:45	49.0	48.0	13.7203
11/15/2017 20:23:56	49.0	48.0	13.9842
11/15/2017 20:24:07	49.0	48.0	12.9973
11/15/2017 20:24:18	49.0	47.0	14.2105
11/15/2017 20:24:29	49.0	48.0	17.8478
11/15/2017 20:24:40	50.0	48.0	15.2231
11/15/2017 20:24:51	49.0	48.0	13.6483
11/15/2017 20:25:02	48.0	47.0	13.9108
11/15/2017 20:25:13	49.0	47.0	13.9842
11/15/2017 20:25:24	48.0	48.0	14.248
11/15/2017 20:25:35	49.0	47.0	14.5119
11/15/2017 20:25:46	48.0	47.0	13.1579
11/15/2017 20:25:57	48.0	47.0	13.9474
11/15/2017 20:26:08	48.0	47.0	14.1732
11/15/2017 20:26:19	48.0	47.0	14.1732
11/15/2017 20:26:30	49.0	47.0	14.9215
11/15/2017 20:26:41	48.0	47.0	13.3858
11/15/2017 20:26:52	48.0	48.0	12.963
11/15/2017 20:27:03	48.0	48.0	14.5503
11/15/2017 20:27:15	49.0	47.0	13.8743
11/15/2017 20:27:26	48.0	47.0	13.9842
11/15/2017 20:27:37	48.0	47.0	13.7203
11/15/2017 20:27:48	48.0	48.0	13.4211
11/15/2017 20:27:59	47.0	47.0	14.7368
11/15/2017 20:28:10	49.0	47.0	13.7931
11/15/2017 20:28:21	50.0	50.0	13.7203
11/15/2017 20:28:32	51.0	51.0	13.8743
11/15/2017 20:28:43	53.0	53.0	17.2775
11/15/2017 20:28:54	55.0	54.0	16.7102
11/15/2017 20:29:05	56.0	55.0	15.9269
11/15/2017 20:29:16	57.0	56.0	18.3938
11/15/2017 20:29:27	55.0	54.0	15.625
11/15/2017 20:29:38	54.0	52.0	13.5638
11/15/2017 20:29:49	51.0	51.0	14.2105
11/15/2017 20:30:00	51.0	51.0	14.3979
11/15/2017 20:30:11	50.0	49.0	14.5119
11/15/2017 20:30:22	50.0	50.0	15.1832
11/15/2017 20:30:33	49.0	49.0	14.248
11/15/2017 20:30:44	49.0	48.0	13.9842
11/15/2017 20:30:55	49.0	48.0	13.9842
11/15/2017 20:31:06	48.0	47.0	14.248
11/15/2017 20:31:17	49.0	47.0	13.9474
11/15/2017 20:31:28	48.0	47.0	14.8541
11/15/2017 20:31:39	48.0	48.0	14.6982
11/15/2017 20:31:50	47.0	47.0	13.9474
11/15/2017 20:32:01	48.0	47.0	14.2857
11/15/2017 20:32:12	50.0	49.0	15.2231
11/15/2017 20:32:24	52.0	51.0	12.3037
11/15/2017 20:32:35	53.0	52.0	13.089
11/15/2017 20:32:46	54.0	53.0	12.6984
11/15/2017 20:32:57	55.0	54.0	12.1372
11/15/2017 20:33:08	56.0	54.0	12.0735
11/15/2017 20:33:19	54.0	53.0	14.1361
11/15/2017 20:33:30	53.0	52.0	13.089
11/15/2017 20:33:41	51.0	50.0	13.5279
11/15/2017 20:33:52	51.0	50.0	13.9474
11/15/2017 20:34:03	49.0	48.0	13.7203
11/15/2017 20:34:14	49.0	48.0	15
11/15/2017 20:34:25	48.0	47.0	14.1361
11/15/2017 20:34:36	48.0	47.0	13.9108
11/15/2017 20:34:47	48.0	47.0	15.2632
11/15/2017 20:34:58	48.0	47.0	14.0212
11/15/2017 20:35:09	49.0	48.0	14.1732
11/15/2017 20:35:20	50.0	50.0	14.0212
11/15/2017 20:35:31	52.0	51.0	11.8421
11/15/2017 20:35:42	53.0	53.0	12.5326
11/15/2017 20:35:53	54.0	53.0	12.6316
11/15/2017 20:36:04	55.0	53.0	11.5486
11/15/2017 20:36:15	56.0	55.0	10.8753
11/15/2017 20:36:26	56.0	56.0	12.5984
11/15/2017 20:36:37	55.0	54.0	32.732
11/15/2017 20:36:48	54.0	54.0	14.1361
11/15/2017 20:36:59	52.0	52.0	13.7566
11/15/2017 20:37:10	51.0	50.0	13.7203
11/15/2017 20:37:21	50.0	50.0	14.248
11/15/2017 20:37:32	49.0	49.0	13.4565
11/15/2017 20:37:44	49.0	48.0	13.5279
11/15/2017 20:37:55	49.0	48.0	14.2105
11/15/2017 20:38:06	48.0	47.0	13.6842
11/15/2017 20:38:17	48.0	47.0	13.9474
11/15/2017 20:38:28	50.0	49.0	15
11/15/2017 20:38:39	51.0	51.0	13.1579
11/15/2017 20:38:50	52.0	51.0	11.8421
11/15/2017 20:39:01	53.0	53.0	13.3858
11/15/2017 20:39:12	54.0	53.0	12.336
11/15/2017 20:39:23	55.0	54.0	11.8734
11/15/2017 20:39:34	56.0	55.0	12.5326
11/15/2017 20:39:45	56.0	55.0	11.8421
11/15/2017 20:39:56	56.0	55.0	13.089
11/15/2017 20:40:07	53.0	53.0	14.2105
11/15/2017 20:40:18	51.0	51.0	13.9108
11/15/2017 20:40:29	50.0	50.0	15
11/15/2017 20:40:40	50.0	49.0	13.6842
11/15/2017 20:40:51	49.0	48.0	14.0957
11/15/2017 20:41:02	48.0	47.0	18.1579
11/15/2017 20:41:13	48.0	47.0	17.7546
11/15/2017 20:41:24	48.0	47.0	19.3211
11/15/2017 20:41:35	48.0	47.0	19.4737
11/15/2017 20:41:46	48.0	47.0	17.7546
11/15/2017 20:41:57	48.0	47.0	17.7546
11/15/2017 20:42:08	48.0	47.0	18.5379
11/15/2017 20:42:19	48.0	47.0	16.2304
11/15/2017 20:42:30	48.0	47.0	19.6335
11/15/2017 20:42:41	48.0	47.0	16.5354
11/15/2017 20:42:52	48.0	47.0	17.0157
11/15/2017 20:43:03	48.0	46.0	18.8976
11/15/2017 20:43:14	49.0	48.0	17.801
11/15/2017 20:43:25	51.0	50.0	18.2768
11/15/2017 20:43:37	53.0	52.0	17.3228
11/15/2017 20:43:48	54.0	53.0	16.2791
11/15/2017 20:43:59	55.0	54.0	21.0191
11/15/2017 20:44:10	54.0	54.0	19.8953
11/15/2017 20:44:21	54.0	52.0	19.171
11/15/2017 20:44:32	52.0	51.0	19.685
11/15/2017 20:44:43	51.0	50.0	18.1347
11/15/2017 20:44:54	50.0	50.0	17.7083
11/15/2017 20:45:05	50.0	49.0	17.9688
11/15/2017 20:45:16	49.0	48.0	17.4479
11/15/2017 20:45:27	51.0	49.0	17.5393
11/15/2017 20:45:38	49.0	48.0	18.5864
11/15/2017 20:45:49	49.0	48.0	17.0157
11/15/2017 20:46:00	49.0	48.0	14.8825
11/15/2017 20:46:11	49.0	48.0	18.2768
11/15/2017 20:46:22	49.0	48.0	18.0628
11/15/2017 20:46:33	49.0	48.0	18.1102
11/15/2017 20:46:44	49.0	48.0	18.5379
11/15/2017 20:46:55	49.0	48.0	17.5853
11/15/2017 20:47:06	48.0	48.0	20.21
11/15/2017 20:47:17	49.0	48.0	16.7102
11/15/2017 20:47:28	48.0	47.0	16.7539
11/15/2017 20:47:39	48.0	47.0	18.6528
11/15/2017 20:47:50	49.0	47.0	18.2292
11/15/2017 20:48:01	49.0	48.0	18.0157
11/15/2017 20:48:13	48.0	47.0	19.3211
11/15/2017 20:48:24	49.0	48.0	19.4226
11/15/2017 20:48:35	48.0	47.0	18.0628
11/15/2017 20:48:46	49.0	47.0	18.0628
11/15/2017 20:48:57	49.0	47.0	16.273
11/15/2017 20:49:08	49.0	48.0	20.2597
11/15/2017 20:49:19	49.0	48.0	17.5393
11/15/2017 20:49:30	49.0	47.0	19.1099
11/15/2017 20:49:41	48.0	47.0	18.2292
11/15/2017 20:49:52	48.0	47.0	17.4935
11/15/2017 20:50:03	48.0	47.0	18.8482
11/15/2017 20:50:14	49.0	47.0	18.2768
11/15/2017 20:50:25	48.0	47.0	20.4244
11/15/2017 20:50:36	49.0	47.0	19.4226
11/15/2017 20:50:47	49.0	48.0	17.5853
11/15/2017 20:50:58	49.0	47.0	17.3228
11/15/2017 20:51:09	49.0	48.0	17.9221
11/15/2017 20:51:20	49.0	48.0	18.5864
11/15/2017 20:51:31	48.0	47.0	18.8976
11/15/2017 20:51:42	49.0	48.0	18.799
11/15/2017 20:51:53	49.0	48.0	17.8756
11/15/2017 20:52:04	50.0	48.0	18.0628
11/15/2017 20:52:15	49.0	48.0	18.2292
11/15/2017 20:52:26	49.0	48.0	19.2708
11/15/2017 20:52:37	49.0	48.0	18.9474
11/15/2017 20:52:48	48.0	48.0	19.1099
11/15/2017 20:52:59	50.0	48.0	15.748
11/15/2017 20:53:10	49.0	48.0	18.3727
11/15/2017 20:53:21	50.0	47.0	18.0628
11/15/2017 20:53:32	49.0	47.0	18.0628
11/15/2017 20:53:43	49.0	48.0	16.7979
11/15/2017 20:53:54	49.0	48.0	17.4479
11/15/2017 20:54:05	49.0	48.0	19.2708
11/15/2017 20:54:16	49.0	48.0	17.1429
11/15/2017 20:54:27	48.0	48.0	17.801
11/15/2017 20:54:38	49.0	48.0	17.8756
11/15/2017 20:54:49	49.0	48.0	17.4026
11/15/2017 20:55:00	50.0	48.0	19.4805
11/15/2017 20:55:11	49.0	48.0	19.0104
11/15/2017 20:55:23	49.0	48.0	18.4896
11/15/2017 20:55:34	49.0	48.0	17.9688
11/15/2017 20:55:45	50.0	48.0	19.9475
11/15/2017 20:55:56	50.0	48.0	18.75
11/15/2017 20:56:07	48.0	47.0	16.7539
11/15/2017 20:56:18	49.0	48.0	16.6234
11/15/2017 20:56:29	50.0	48.0	16.6234
11/15/2017 20:56:40	49.0	48.0	19.7403
11/15/2017 20:56:51	49.0	48.0	19.1099
11/15/2017 20:57:02	50.0	48.0	17.801
11/15/2017 20:57:13	50.0	48.0	20.3125
11/15/2017 20:57:24	49.0	48.0	18.75
11/15/2017 20:57:35	49.0	47.0	18.1102
11/15/2017 20:57:46	49.0	47.0	15.1042
11/15/2017 20:57:57	50.0	48.0	17.5393
11/15/2017 20:58:08	49.0	48.0	16.4921
11/15/2017 20:58:19	49.0	48.0	16.9271
11/15/2017 20:58:30	49.0	48.0	17.4479
11/15/2017 20:58:41	49.0	48.0	17.4026
11/15/2017 20:58:52	49.0	48.0	19.0601
11/15/2017 20:59:03	50.0	48.0	19.171
11/15/2017 20:59:14	49.0	48.0	19.9482
11/15/2017 20:59:25	52.0	51.0	17.1875
11/15/2017 20:59:36	54.0	53.0	18.0628
11/15/2017 20:59:47	56.0	54.0	21.2598
11/15/2017 20:59:58	56.0	54.0	19.1099
11/15/2017 21:00:09	56.0	55.0	13.3508
11/15/2017 21:00:20	54.0	53.0	15.7068
11/15/2017 21:00:31	53.0	52.0	18.5379
11/15/2017 21:00:42	53.0	52.0	18.75
11/15/2017 21:00:53	52.0	51.0	18.8482
11/15/2017 21:01:04	52.0	51.0	18.8482
11/15/2017 21:01:15	51.0	50.0	20.1571
11/15/2017 21:01:26	50.0	50.0	18.75
11/15/2017 21:01:37	51.0	50.0	18.5864
11/15/2017 21:01:48	50.0	50.0	19.5822
11/15/2017 21:01:59	50.0	49.0	18.2768
11/15/2017 21:02:10	50.0	50.0	16.5354
11/15/2017 21:02:21	50.0	49.0	17.1429
11/15/2017 21:02:33	50.0	48.0	18.1818
11/15/2017 21:02:44	51.0	50.0	17.7083
11/15/2017 21:02:55	50.0	50.0	17.7546
11/15/2017 21:03:06	50.0	49.0	16.9271
11/15/2017 21:03:17	50.0	48.0	19.0601
11/15/2017 21:03:28	50.0	48.0	18.1347
11/15/2017 21:03:39	50.0	48.0	18.799
11/15/2017 21:03:50	51.0	49.0	17.4935
11/15/2017 21:04:01	50.0	48.0	17.9688
11/15/2017 21:04:12	50.0	49.0	17.7083
11/15/2017 21:04:23	49.0	49.0	19.2208
11/15/2017 21:04:34	49.0	49.0	17.8478
11/15/2017 21:04:45	50.0	49.0	18.0879
11/15/2017 21:04:56	50.0	48.0	18.8482
11/15/2017 21:05:07	50.0	48.0	18.1818
11/15/2017 21:05:18	50.0	49.0	18.4896
11/15/2017 21:05:29	50.0	49.0	18.2768
11/15/2017 21:05:40	50.0	48.0	18.3246
11/15/2017 21:05:51	50.0	49.0	16.1458
11/15/2017 21:06:02	50.0	49.0	19.5312
11/15/2017 21:06:13	51.0	49.0	17.801
11/15/2017 21:06:24	50.0	49.0	17.801
11/15/2017 21:06:35	50.0	49.0	19.0231
11/15/2017 21:06:46	51.0	50.0	19.5876
11/15/2017 21:06:57	51.0	50.0	19.8966
11/15/2017 21:07:08	53.0	51.0	14.1732
11/15/2017 21:07:19	50.0	50.0	16.188
11/15/2017 21:07:30	50.0	50.0	17.8478
11/15/2017 21:07:41	51.0	50.0	15.508
11/15/2017 21:07:52	51.0	50.0	17.6623
11/15/2017 21:08:03	50.0	50.0	16.4062
11/15/2017 21:08:14	51.0	50.0	19.0104
11/15/2017 21:08:25	50.0	49.0	16.2304
11/15/2017 21:08:36	50.0	50.0	19.0601
11/15/2017 21:08:47	50.0	49.0	17.8478
11/15/2017 21:08:58	50.0	49.0	18.8976
11/15/2017 21:09:09	50.0	49.0	17.5853
11/15/2017 21:09:20	51.0	51.0	14.7368
11/15/2017 21:09:32	50.0	49.0	13.4921
11/15/2017 21:09:43	49.0	48.0	13.6842
11/15/2017 21:09:54	49.0	48.0	14.248
11/15/2017 21:10:05	49.0	48.0	13.7203
11/15/2017 21:10:16	49.0	48.0	14.5503
11/15/2017 21:10:27	49.0	48.0	14.248
11/15/2017 21:10:38	49.0	48.0	13.9108
11/15/2017 21:10:49	49.0	48.0	14.5119
11/15/2017 21:11:00	48.0	48.0	13.6842
11/15/2017 21:11:11	48.0	48.0	13.9108
11/15/2017 21:11:22	48.0	48.0	13.3858
11/15/2017 21:11:33	49.0	48.0	14.7368
11/15/2017 21:11:44	49.0	48.0	15.4856
11/15/2017 21:11:55	49.0	48.0	14.5119
11/15/2017 21:12:06	49.0	47.0	16.4921
11/15/2017 21:12:17	49.0	49.0	19.1099
11/15/2017 21:12:28	50.0	49.0	19.2208
11/15/2017 21:12:39	50.0	49.0	18.2768
11/15/2017 21:12:50	50.0	50.0	18.3727
11/15/2017 21:13:01	50.0	49.0	20.3125
11/15/2017 21:13:12	51.0	51.0	19.6891
11/15/2017 21:13:23	50.0	49.0	19.6335
11/15/2017 21:13:34	51.0	51.0	18.6528
11/15/2017 21:13:45	51.0	50.0	18.5379
11/15/2017 21:13:56	50.0	50.0	16.0105
11/15/2017 21:14:07	50.0	50.0	17.7083
11/15/2017 21:14:18	51.0	50.0	19.1099
11/15/2017 21:14:29	50.0	50.0	17.2324
11/15/2017 21:14:40	51.0	50.0	19.5312
11/15/2017 21:14:51	51.0	50.0	18.2768
11/15/2017 21:15:02	50.0	50.0	17.4479
11/15/2017 21:15:13	50.0	51.0	17.4935
11/15/2017 21:15:24	53.0	52.0	18.0412
11/15/2017 21:15:35	56.0	54.0	19.0104
11/15/2017 21:15:47	56.0	56.0	18.3246
11/15/2017 21:15:58	57.0	56.0	17.7083
11/15/2017 21:16:09	55.0	54.0	20.2597
11/15/2017 21:16:20	54.0	53.0	20
11/15/2017 21:16:31	54.0	53.0	18.0628
11/15/2017 21:16:42	53.0	52.0	17.2775
11/15/2017 21:16:53	53.0	52.0	17.7546
11/15/2017 21:17:04	52.0	51.0	17.7083
11/15/2017 21:17:15	52.0	51.0	18.75
11/15/2017 21:17:26	51.0	51.0	18.0157
11/15/2017 21:17:37	51.0	50.0	20.1044
11/15/2017 21:17:48	51.0	51.0	18.799
11/15/2017 21:17:59	51.0	51.0	13.4211
11/15/2017 21:18:10	51.0	50.0	17.5853
11/15/2017 21:18:21	51.0	51.0	16.3212
11/15/2017 21:18:32	51.0	51.0	18.0157
11/15/2017 21:18:43	52.0	50.0	17.5393
11/15/2017 21:18:54	51.0	51.0	17.4935
11/15/2017 21:19:05	51.0	50.0	17.8478
11/15/2017 21:19:16	51.0	50.0	18.8482
11/15/2017 21:19:27	51.0	50.0	21.9895
11/15/2017 21:19:38	51.0	51.0	19.0104
11/15/2017 21:19:49	51.0	50.0	18.799
11/15/2017 21:20:00	51.0	50.0	17.3228
11/15/2017 21:20:11	51.0	51.0	18.0628
11/15/2017 21:20:22	51.0	50.0	13.9842
11/15/2017 21:20:33	51.0	50.0	14.5119
11/15/2017 21:20:44	50.0	49.0	13.7566
11/15/2017 21:20:55	50.0	50.0	13.7566
11/15/2017 21:21:06	50.0	49.0	14.0992
11/15/2017 21:21:17	50.0	49.0	14.7757
11/15/2017 21:21:28	50.0	48.0	13.8743
11/15/2017 21:21:39	50.0	48.0	13.9842
11/15/2017 21:21:50	50.0	49.0	15.0396
11/15/2017 21:22:01	50.0	49.0	16.273
11/15/2017 21:22:12	51.0	50.0	13.7203
11/15/2017 21:22:24	49.0	49.0	13.9842
11/15/2017 21:22:35	50.0	48.0	14.6597
11/15/2017 21:22:46	50.0	48.0	13.4921
11/15/2017 21:22:57	50.0	49.0	14.7757
11/15/2017 21:23:08	49.0	49.0	16.3212
11/15/2017 21:23:19	50.0	49.0	18.799
11/15/2017 21:23:30	50.0	49.0	18.4896
11/15/2017 21:23:41	50.0	50.0	18.75
11/15/2017 21:23:52	51.0	51.0	20.7792
11/15/2017 21:24:03	51.0	50.0	16.0105
11/15/2017 21:24:14	52.0	50.0	20.3655
11/15/2017 21:24:25	51.0	50.0	17.9688
11/15/2017 21:24:36	53.0	51.0	17.2775
11/15/2017 21:24:47	51.0	51.0	17.9221
11/15/2017 21:24:58	51.0	51.0	19.6891
11/15/2017 21:25:09	52.0	51.0	18.0628
11/15/2017 21:25:20	52.0	50.0	15.5263
11/15/2017 21:25:31	51.0	51.0	18.1102
11/15/2017 21:25:42	52.0	50.0	18.5864
11/15/2017 21:25:53	52.0	51.0	17.9688
11/15/2017 21:26:04	51.0	50.0	18.8976
11/15/2017 21:26:15	51.0	50.0	17.9221
11/15/2017 21:26:26	51.0	51.0	17.4026
11/15/2017 21:26:37	52.0	51.0	17.7083
11/15/2017 21:26:48	51.0	50.0	18.2768
11/15/2017 21:26:59	51.0	50.0	18.8976
11/15/2017 21:27:10	51.0	50.0	14.5833
11/15/2017 21:27:21	51.0	51.0	16.7539
11/15/2017 21:27:32	51.0	50.0	18.8482
11/15/2017 21:27:43	51.0	50.0	15.5844
11/15/2017 21:27:54	50.0	50.0	18.1818
11/15/2017 21:28:05	51.0	50.0	18.1579
11/15/2017 21:28:16	51.0	50.0	18.9474
11/15/2017 21:28:27	51.0	50.0	17.801
11/15/2017 21:28:38	51.0	51.0	18.4211
11/15/2017 21:28:49	51.0	50.0	18.75
11/15/2017 21:29:00	52.0	51.0	17.7546
11/15/2017 21:29:12	51.0	51.0	21.2042
11/15/2017 21:29:23	51.0	51.0	17.0543
11/15/2017 21:29:34	52.0	51.0	19.2208
11/15/2017 21:29:45	53.0	51.0	17.5393
11/15/2017 21:29:56	52.0	51.0	15.8854
11/15/2017 21:30:07	52.0	50.0	19.9482
11/15/2017 21:30:18	51.0	51.0	17.4935
11/15/2017 21:30:29	52.0	51.0	17.5853
11/15/2017 21:30:40	51.0	51.0	18.5379
11/15/2017 21:30:51	51.0	51.0	18.3246
11/15/2017 21:31:02	52.0	51.0	17.0543
11/15/2017 21:31:13	54.0	53.0	16.8831
11/15/2017 21:31:24	55.0	54.0	18.5379
11/15/2017 21:31:35	58.0	55.0	20.1571
11/15/2017 21:31:46	57.0	55.0	18.5864
11/15/2017 21:31:57	55.0	54.0	18.0157
11/15/2017 21:32:08	54.0	53.0	16.7102
11/15/2017 21:32:19	54.0	53.0	18.9474
11/15/2017 21:32:30	54.0	53.0	17.0604
11/15/2017 21:32:41	53.0	52.0	18.4416
11/15/2017 21:32:52	54.0	52.0	17.5393
11/15/2017 21:33:03	53.0	52.0	21.0938
11/15/2017 21:33:14	53.0	52.0	16.4491
11/15/2017 21:33:25	52.0	51.0	17.5853
11/15/2017 21:33:36	52.0	51.0	16.4921
11/15/2017 21:33:47	52.0	52.0	18.961
11/15/2017 21:33:58	53.0	51.0	17.4935
11/15/2017 21:34:09	52.0	51.0	19.4737
11/15/2017 21:34:20	53.0	52.0	18.3246
11/15/2017 21:34:31	52.0	51.0	18.0157
11/15/2017 21:34:42	53.0	51.0	20.6186
11/15/2017 21:34:53	55.0	53.0	21.134
11/15/2017 21:35:04	56.0	53.0	22.3377
11/15/2017 21:35:15	55.0	54.0	18.6047
11/15/2017 21:35:26	54.0	53.0	23.1959
11/15/2017 21:35:37	55.0	54.0	18.299
11/15/2017 21:35:48	55.0	53.0	24.2894
11/15/2017 21:35:59	54.0	54.0	19.3798
11/15/2017 21:36:10	55.0	54.0	21.7617
11/15/2017 21:36:21	56.0	54.0	20.2073
11/15/2017 21:36:32	55.0	54.0	19.7917
11/15/2017 21:36:43	57.0	55.0	19.3798
11/15/2017 21:36:54	55.0	54.0	20.7254
11/15/2017 21:37:05	56.0	54.0	19.6891
11/15/2017 21:37:17	55.0	54.0	20.0514
11/15/2017 21:37:28	55.0	54.0	21.2435
11/15/2017 21:37:39	55.0	55.0	12.7321
11/15/2017 21:37:50	53.0	53.0	17.8947
11/15/2017 21:38:01	54.0	53.0	18.6352
11/15/2017 21:38:12	53.0	53.0	18.0157
11/15/2017 21:38:23	54.0	53.0	19.4226
11/15/2017 21:38:34	53.0	52.0	19.6891
11/15/2017 21:38:45	54.0	52.0	19.8433
11/15/2017 21:38:56	53.0	52.0	16.7102
11/15/2017 21:39:07	52.0	52.0	16.7102
11/15/2017 21:39:18	52.0	51.0	19.6335
11/15/2017 21:39:29	52.0	51.0	18.3727
11/15/2017 21:39:40	52.0	51.0	17.4479
11/15/2017 21:39:51	51.0	51.0	17.801
11/15/2017 21:40:02	52.0	51.0	17.1429
11/15/2017 21:40:13	51.0	51.0	18.6528
11/15/2017 21:40:24	50.0	51.0	19.0104
11/15/2017 21:40:35	51.0	51.0	17.7546
11/15/2017 21:40:46	50.0	51.0	16.1458
11/15/2017 21:40:57	50.0	50.0	17.1875
11/15/2017 21:41:08	51.0	50.0	16.4491
11/15/2017 21:41:19	51.0	50.0	17.5393
11/15/2017 21:41:30	51.0	50.0	17.9688
11/15/2017 21:41:41	50.0	50.0	18.1818
11/15/2017 21:41:52	50.0	50.0	17.7083
11/15/2017 21:42:03	50.0	49.0	17.9221
11/15/2017 21:42:14	50.0	49.0	17.2775
11/15/2017 21:42:25	50.0	48.0	19.4737
11/15/2017 21:42:36	50.0	49.0	16.2304
11/15/2017 21:42:47	50.0	48.0	17.8756
11/15/2017 21:42:58	50.0	49.0	19.5251
11/15/2017 21:43:09	49.0	49.0	16.4921
11/15/2017 21:43:20	50.0	49.0	16.7102
11/15/2017 21:43:31	49.0	49.0	20.3166
11/15/2017 21:43:42	50.0	49.0	16.6234
11/15/2017 21:43:53	49.0	49.0	15.9686
11/15/2017 21:44:05	50.0	48.0	20.2597
11/15/2017 21:44:16	49.0	49.0	17.801
11/15/2017 21:44:27	49.0	48.0	19.7917
11/15/2017 21:44:38	49.0	48.0	17.4479
11/15/2017 21:44:49	49.0	48.0	19.171
11/15/2017 21:45:00	49.0	48.0	19.1601
11/15/2017 21:45:11	49.0	48.0	16.6667
11/15/2017 21:45:22	49.0	48.0	18.961
11/15/2017 21:45:33	49.0	48.0	18.2768
11/15/2017 21:45:44	49.0	48.0	20.3125
11/15/2017 21:45:55	50.0	48.0	19.171
11/15/2017 21:46:06	50.0	48.0	17.7083
11/15/2017 21:46:17	49.0	48.0	20.3125
11/15/2017 21:46:28	49.0	48.0	17.9688
11/15/2017 21:46:39	49.0	48.0	17.2324
11/15/2017 21:46:50	49.0	48.0	18.7013
11/15/2017 21:47:01	49.0	47.0	18.5864
11/15/2017 21:47:12	48.0	47.0	19.2708
11/15/2017 21:47:23	49.0	47.0	19.0601
11/15/2017 21:47:34	48.0	47.0	18.7013
11/15/2017 21:47:45	48.0	47.0	18.2768
11/15/2017 21:47:56	48.0	47.0	18.3246
11/15/2017 21:48:07	49.0	48.0	17.2775
11/15/2017 21:48:18	48.0	47.0	17.2775
11/15/2017 21:48:29	49.0	47.0	18.2768
11/15/2017 21:48:40	48.0	47.0	18.5379
11/15/2017 21:48:51	49.0	48.0	18.1102
11/15/2017 21:49:02	48.0	48.0	17.2324
11/15/2017 21:49:13	48.0	47.0	18.7013
11/15/2017 21:49:24	48.0	48.0	16.8831
11/15/2017 21:49:35	48.0	47.0	15.9269
11/15/2017 21:49:46	50.0	48.0	16.8865
11/15/2017 21:49:57	49.0	47.0	17.2324
11/15/2017 21:50:08	47.0	47.0	18.4416
11/15/2017 21:50:19	48.0	47.0	18.6528
11/15/2017 21:50:30	51.0	50.0	16.4491
11/15/2017 21:50:41	52.0	51.0	16.9713
11/15/2017 21:50:52	53.0	52.0	18.1818
11/15/2017 21:51:03	54.0	53.0	18.75
11/15/2017 21:51:14	55.0	54.0	17.3228
11/15/2017 21:51:25	57.0	56.0	17.2775
11/15/2017 21:51:36	56.0	55.0	17.6623
11/15/2017 21:51:48	55.0	53.0	18.7335
11/15/2017 21:51:59	53.0	52.0	17.8947
11/15/2017 21:52:10	51.0	51.0	16.7102
11/15/2017 21:52:21	51.0	50.0	18.5864
11/15/2017 21:52:32	50.0	50.0	18.3246
11/15/2017 21:52:43	50.0	48.0	17.7546
11/15/2017 21:52:54	49.0	48.0	16.4921
11/15/2017 21:53:05	49.0	48.0	18.1818
11/15/2017 21:53:16	49.0	48.0	18.8976
11/15/2017 21:53:27	48.0	48.0	19.4805
11/15/2017 21:53:38	48.0	48.0	18.0628
11/15/2017 21:53:49	48.0	47.0	17.801
11/15/2017 21:54:00	48.0	48.0	17.4935
11/15/2017 21:54:11	49.0	47.0	17.4479
11/15/2017 21:54:22	48.0	47.0	19.2708
11/15/2017 21:54:33	48.0	47.0	18.8976
11/15/2017 21:54:44	48.0	47.0	20.2597
11/15/2017 21:54:55	48.0	47.0	17.7546
11/15/2017 21:55:06	49.0	47.0	19.6335
11/15/2017 21:55:17	48.0	47.0	18.3246
11/15/2017 21:55:28	48.0	47.0	17.9688
11/15/2017 21:55:39	48.0	48.0	18.2058
11/15/2017 21:55:50	47.0	47.0	17.2324
11/15/2017 21:56:01	49.0	48.0	19.8953
11/15/2017 21:56:12	51.0	51.0	17.8947
11/15/2017 21:56:23	52.0	52.0	18.1818
11/15/2017 21:56:34	54.0	53.0	18.5379
11/15/2017 21:56:45	56.0	54.0	18.4416
11/15/2017 21:56:56	57.0	56.0	18.3246
11/15/2017 21:57:07	57.0	55.0	17.8478
11/15/2017 21:57:18	54.0	53.0	17.8478
11/15/2017 21:57:29	52.0	52.0	17.2324
11/15/2017 21:57:40	52.0	50.0	17.942
11/15/2017 21:57:51	51.0	50.0	15.625
11/15/2017 21:58:02	50.0	49.0	17.801
11/15/2017 21:58:13	50.0	48.0	17.3575
11/15/2017 21:58:24	49.0	48.0	18.1579
11/15/2017 21:58:35	49.0	48.0	19.0104
11/15/2017 21:58:46	49.0	48.0	18.1818
11/15/2017 21:58:57	49.0	48.0	18.5864
11/15/2017 21:59:08	48.0	48.0	19.8953
11/15/2017 21:59:20	48.0	47.0	13.6483
11/15/2017 21:59:31	47.0	46.0	16.4491
11/15/2017 21:59:42	49.0	48.0	18.75
11/15/2017 21:59:53	51.0	50.0	17.3228
11/15/2017 22:00:04	53.0	52.0	18.6528
11/15/2017 22:00:15	54.0	54.0	20.7895
11/15/2017 22:00:26	55.0	54.0	16.1458
11/15/2017 22:00:37	57.0	56.0	20.5729
11/15/2017 22:00:48	57.0	55.0	19.0601
11/15/2017 22:00:59	54.0	54.0	18.6352
11/15/2017 22:01:10	52.0	52.0	17.5393
11/15/2017 22:01:21	52.0	51.0	17.9221
11/15/2017 22:01:32	51.0	50.0	20.4663
11/15/2017 22:01:43	50.0	49.0	19.0601
11/15/2017 22:01:54	50.0	50.0	17.4935
11/15/2017 22:02:05	50.0	48.0	17.7835
11/15/2017 22:02:16	49.0	49.0	19.0601
11/15/2017 22:02:27	49.0	48.0	21.039
11/15/2017 22:02:38	49.0	48.0	18.75
11/15/2017 22:02:49	49.0	48.0	18.0157
11/15/2017 22:03:00	48.0	48.0	18.2768
11/15/2017 22:03:11	49.0	47.0	17.5393
11/15/2017 22:03:22	49.0	48.0	19.2208
11/15/2017 22:03:33	49.0	47.0	20.0521
11/15/2017 22:03:44	48.0	48.0	17.0604
11/15/2017 22:03:55	48.0	47.0	16.7102
11/15/2017 22:04:06	48.0	47.0	17.801
11/15/2017 22:04:17	49.0	48.0	17.4935
11/15/2017 22:04:28	48.0	47.0	18.2292
11/15/2017 22:04:39	48.0	48.0	18.5864
11/15/2017 22:04:50	48.0	48.0	18.863
11/15/2017 22:05:01	48.0	48.0	16.1039
11/15/2017 22:05:12	48.0	48.0	19.8966
11/15/2017 22:05:23	48.0	48.0	18.799
11/15/2017 22:05:34	48.0	48.0	20.21
11/15/2017 22:05:45	48.0	48.0	18.5379
11/15/2017 22:05:56	48.0	47.0	20.0521
11/15/2017 22:06:07	48.0	47.0	19.0104
11/15/2017 22:06:18	48.0	47.0	20.3655
11/15/2017 22:06:30	48.0	47.0	16.6667
11/15/2017 22:06:41	48.0	48.0	18.799
11/15/2017 22:06:52	48.0	48.0	18.1818
11/15/2017 22:07:03	48.0	47.0	19.1601
11/15/2017 22:07:14	48.0	48.0	18.6352
11/15/2017 22:07:25	48.0	48.0	19.0601
11/15/2017 22:07:36	49.0	48.0	18.961
11/15/2017 22:07:47	49.0	47.0	20.7254
11/15/2017 22:07:58	49.0	48.0	18.5379
11/15/2017 22:08:09	49.0	48.0	16.7102
11/15/2017 22:08:20	49.0	49.0	18.0628
11/15/2017 22:08:31	49.0	49.0	17.3575
11/15/2017 22:08:42	49.0	48.0	17.9688
11/15/2017 22:08:53	48.0	48.0	17.5393
11/15/2017 22:09:04	49.0	48.0	17.9688
11/15/2017 22:09:15	48.0	48.0	17.4479
11/15/2017 22:09:26	48.0	48.0	18.4416
11/15/2017 22:09:37	49.0	48.0	17.9221
11/15/2017 22:09:48	48.0	47.0	19.0601
11/15/2017 22:09:59	48.0	47.0	19.4805
11/15/2017 22:10:10	48.0	47.0	18.5864
11/15/2017 22:10:21	49.0	48.0	17.7083
11/15/2017 22:10:32	48.0	47.0	16.188
11/15/2017 22:10:43	48.0	48.0	19.8433
11/15/2017 22:10:54	48.0	48.0	16.9271
11/15/2017 22:11:05	50.0	48.0	17.4479
11/15/2017 22:11:16	49.0	48.0	19.6335
11/15/2017 22:11:27	49.0	47.0	19.8433
11/15/2017 22:11:38	48.0	48.0	18.4416
11/15/2017 22:11:49	48.0	48.0	18.5864
11/15/2017 22:12:00	50.0	48.0	19.1099
11/15/2017 22:12:11	49.0	48.0	19.2208
11/15/2017 22:12:22	49.0	48.0	17.6623
11/15/2017 22:12:33	49.0	48.0	18.9474
11/15/2017 22:12:44	49.0	47.0	18.9119
11/15/2017 22:12:55	49.0	48.0	19.0104
11/15/2017 22:13:06	49.0	48.0	17.4479
11/15/2017 22:13:17	50.0	48.0	20.3085
11/15/2017 22:13:28	51.0	50.0	22.6221
11/15/2017 22:13:39	50.0	50.0	22.0207
11/15/2017 22:13:50	52.0	50.0	20.155
11/15/2017 22:14:01	53.0	51.0	19.2708
11/15/2017 22:14:12	52.0	51.0	19.6382
11/15/2017 22:14:23	51.0	51.0	21.2821
11/15/2017 22:14:35	53.0	51.0	14.4737
11/15/2017 22:14:46	51.0	50.0	18.8482
11/15/2017 22:14:57	51.0	50.0	16.4524
11/15/2017 22:15:08	51.0	50.0	17.7546
11/15/2017 22:15:19	51.0	50.0	20.6266
11/15/2017 22:15:30	50.0	49.0	16.5354
11/15/2017 22:15:41	51.0	50.0	16.7539
11/15/2017 22:15:52	51.0	50.0	17.5393
11/15/2017 22:16:03	53.0	52.0	18.7013
11/15/2017 22:16:14	54.0	54.0	17.0157
11/15/2017 22:16:25	57.0	55.0	20.1044
11/15/2017 22:16:36	57.0	56.0	18.2292
11/15/2017 22:16:47	55.0	54.0	17.9221
11/15/2017 22:16:58	54.0	53.0	18.8482
11/15/2017 22:17:09	53.0	52.0	17.3575
11/15/2017 22:17:20	52.0	52.0	18.4896
11/15/2017 22:17:31	52.0	51.0	15.9794
11/15/2017 22:17:42	51.0	51.0	19.0104
11/15/2017 22:17:53	51.0	50.0	17.4026
11/15/2017 22:18:04	51.0	51.0	15.6658
11/15/2017 22:18:15	51.0	50.0	18.1347
11/15/2017 22:18:26	50.0	50.0	19.4301
11/15/2017 22:18:37	51.0	50.0	18.1818
11/15/2017 22:18:48	50.0	50.0	18.2768
11/15/2017 22:18:59	51.0	50.0	19.3211
11/15/2017 22:19:10	50.0	50.0	18.5379
11/15/2017 22:19:21	50.0	50.0	18.2768
11/15/2017 22:19:32	50.0	50.0	17.1429
11/15/2017 22:19:43	50.0	50.0	17.801
11/15/2017 22:19:54	51.0	50.0	19.5312
11/15/2017 22:20:05	50.0	50.0	17.4026
11/15/2017 22:20:16	50.0	50.0	18.3246
11/15/2017 22:20:27	51.0	50.0	19.0601
11/15/2017 22:20:38	50.0	50.0	18.3938
11/15/2017 22:20:49	51.0	50.0	20.6806
11/15/2017 22:21:00	51.0	49.0	18.4416
11/15/2017 22:21:11	50.0	50.0	16.9713
11/15/2017 22:21:22	51.0	50.0	18.1818
11/15/2017 22:21:33	50.0	50.0	18.2292
11/15/2017 22:21:44	50.0	50.0	16.6234
11/15/2017 22:21:56	50.0	50.0	18.7013
11/15/2017 22:22:07	50.0	50.0	18.6528
11/15/2017 22:22:18	51.0	50.0	18.961
11/15/2017 22:22:29	50.0	50.0	17.4479
11/15/2017 22:22:40	50.0	50.0	19.171
11/15/2017 22:22:51	51.0	50.0	18.4416
11/15/2017 22:23:02	51.0	50.0	18.3246
11/15/2017 22:23:13	51.0	50.0	18.3938
11/15/2017 22:23:24	51.0	50.0	17.6316
11/15/2017 22:23:35	50.0	50.0	19.0601
11/15/2017 22:23:46	51.0	50.0	16.4948
11/15/2017 22:23:57	51.0	50.0	17.4479
11/15/2017 22:24:08	50.0	50.0	17.4479
11/15/2017 22:24:19	51.0	50.0	18.1818
11/15/2017 22:24:30	51.0	50.0	18.5379
11/15/2017 22:24:41	51.0	51.0	17.4935
11/15/2017 22:24:52	50.0	50.0	18.799
11/15/2017 22:25:03	50.0	51.0	22.4227
11/15/2017 22:25:14	53.0	52.0	19.4872
11/15/2017 22:25:25	54.0	52.0	20.2564
11/15/2017 22:25:36	52.0	52.0	20.4134
11/15/2017 22:25:47	55.0	53.0	19.6891
11/15/2017 22:25:58	53.0	53.0	18.6528
11/15/2017 22:26:09	54.0	53.0	18.5567
11/15/2017 22:26:20	53.0	52.0	19.3798
11/15/2017 22:26:31	55.0	53.0	20.3608
11/15/2017 22:26:42	55.0	53.0	20.9302
11/15/2017 22:26:53	54.0	53.0	20.1031
11/15/2017 22:27:04	54.0	53.0	22.8205
11/15/2017 22:27:15	53.0	53.0	21.6495
11/15/2017 22:27:26	54.0	53.0	20.0514
11/15/2017 22:27:37	55.0	54.0	21.8509
11/15/2017 22:27:48	55.0	53.0	21.1886
11/15/2017 22:27:59	56.0	54.0	20.2597
11/15/2017 22:28:10	55.0	54.0	21.7054
11/15/2017 22:28:21	54.0	53.0	18.8144
11/15/2017 22:28:32	55.0	54.0	19.6382
11/15/2017 22:28:43	54.0	53.0	22.5641
11/15/2017 22:28:54	55.0	53.0	20.6718
11/15/2017 22:29:05	55.0	53.0	21.447
11/15/2017 22:29:16	55.0	53.0	20.3608
11/15/2017 22:29:27	55.0	54.0	22.4806
11/15/2017 22:29:38	54.0	54.0	20.3085
11/15/2017 22:29:49	54.0	53.0	20.8226
11/15/2017 22:30:00	55.0	54.0	19.8454
11/15/2017 22:30:11	56.0	54.0	21.5938
11/15/2017 22:30:22	55.0	53.0	19.3798
11/15/2017 22:30:33	54.0	53.0	21.5938
11/15/2017 22:30:44	55.0	53.0	21.5938
11/15/2017 22:30:55	56.0	54.0	21.6495
11/15/2017 22:31:06	54.0	53.0	14.8052
11/15/2017 22:31:18	52.0	52.0	13.8381
11/15/2017 22:31:29	52.0	51.0	14.8438
11/15/2017 22:31:40	51.0	51.0	14.8825
11/15/2017 22:31:51	53.0	52.0	13.2812
11/15/2017 22:32:02	54.0	54.0	13.7662
11/15/2017 22:32:13	56.0	54.0	12.7604
11/15/2017 22:32:24	58.0	56.0	18.8482
11/15/2017 22:32:35	56.0	56.0	21.134
11/15/2017 22:32:46	57.0	56.0	20.5656
11/15/2017 22:32:57	56.0	55.0	19.2802
11/15/2017 22:33:08	56.0	55.0	19.0722
11/15/2017 22:33:19	55.0	54.0	19.6931
11/15/2017 22:33:30	56.0	54.0	21.7617
11/15/2017 22:33:41	57.0	54.0	19.1214
11/15/2017 22:33:52	56.0	54.0	18.1586
11/15/2017 22:34:03	56.0	55.0	23.5751
11/15/2017 22:34:14	55.0	54.0	19.7436
11/15/2017 22:34:25	56.0	54.0	20.8226
11/15/2017 22:34:36	56.0	54.0	20.3608
11/15/2017 22:34:47	56.0	54.0	23.1362
11/15/2017 22:34:58	55.0	54.0	22.5641
11/15/2017 22:35:09	56.0	54.0	22.365
11/15/2017 22:35:20	56.0	54.0	21.7054
11/15/2017 22:35:31	56.0	54.0	20.3608
11/15/2017 22:35:42	57.0	54.0	20
11/15/2017 22:35:53	55.0	54.0	21.3918
11/15/2017 22:36:04	56.0	55.0	21.2435
11/15/2017 22:36:15	55.0	54.0	21.8509
11/15/2017 22:36:26	55.0	54.0	21.9072
11/15/2017 22:36:37	57.0	54.0	19.4872
11/15/2017 22:36:48	57.0	54.0	21.8509
11/15/2017 22:36:59	57.0	54.0	21.5385
11/15/2017 22:37:10	56.0	54.0	23.9075
11/15/2017 22:37:21	56.0	55.0	20.4134
11/15/2017 22:37:32	57.0	55.0	19.7943
11/15/2017 22:37:43	56.0	54.0	21.0256
11/15/2017 22:37:54	56.0	54.0	22.9974
11/15/2017 22:38:05	56.0	54.0	19.6382
11/15/2017 22:38:16	57.0	55.0	19.5373
11/15/2017 22:38:27	57.0	54.0	22.7979
11/15/2017 22:38:38	56.0	54.0	23.7113
11/15/2017 22:38:49	57.0	55.0	22.9592
11/15/2017 22:39:00	57.0	55.0	22.8792
11/15/2017 22:39:11	56.0	54.0	21.0797
11/15/2017 22:39:22	55.0	54.0	22.7621
11/15/2017 22:39:33	56.0	54.0	23.7852
11/15/2017 22:39:44	57.0	56.0	19.7436
11/15/2017 22:39:55	56.0	54.0	20.5656
11/15/2017 22:40:06	55.0	54.0	22.108
11/15/2017 22:40:17	56.0	54.0	23.0964
11/15/2017 22:40:28	56.0	54.0	22.9592
11/15/2017 22:40:39	55.0	54.0	21.2821
11/15/2017 22:40:50	55.0	53.0	22.0812
11/15/2017 22:41:01	55.0	54.0	24.4898
11/15/2017 22:41:12	55.0	54.0	22.335
11/15/2017 22:41:23	56.0	54.0	20.7161
11/15/2017 22:41:35	55.0	54.0	21.1196
11/15/2017 22:41:46	56.0	54.0	21.7722
11/15/2017 22:41:57	55.0	53.0	20.2564
11/15/2017 22:42:08	55.0	53.0	20.5584
11/15/2017 22:42:19	53.0	53.0	20.0508
11/15/2017 22:42:30	54.0	53.0	22.8643
11/15/2017 22:42:41	54.0	53.0	18.8442
11/15/2017 22:42:52	54.0	53.0	23.7975
11/15/2017 22:43:03	53.0	52.0	24.3108
11/15/2017 22:43:14	54.0	53.0	20.603
11/15/2017 22:43:25	53.0	52.0	20.3046
11/15/2017 22:43:36	53.0	52.0	22.25
11/15/2017 22:43:47	54.0	52.0	23.6908
11/15/2017 22:43:58	53.0	52.0	24.0786
11/15/2017 22:44:09	52.0	51.0	23.9401
11/15/2017 22:44:20	52.0	51.0	21.3568
11/15/2017 22:44:31	53.0	51.0	23.2673
11/15/2017 22:44:42	52.0	51.0	25.0614
11/15/2017 22:44:53	53.0	53.0	21.75
11/15/2017 22:45:04	53.0	52.0	22.5248
11/15/2017 22:45:15	53.0	51.0	24.8756
11/15/2017 22:45:26	54.0	51.0	26.4851
11/15/2017 22:45:37	52.0	51.0	23.7037
11/15/2017 22:45:48	53.0	51.0	24.1895
11/15/2017 22:45:59	51.0	51.0	24.4444
11/15/2017 22:46:10	52.0	51.0	25.3071
11/15/2017 22:46:21	53.0	51.0	25.9901
11/15/2017 22:46:32	52.0	51.0	23.7745
11/15/2017 22:46:43	52.0	51.0	25.4902
11/15/2017 22:46:54	51.0	51.0	24.3176
11/15/2017 22:47:05	51.0	50.0	25.6659
11/15/2017 22:47:16	51.0	51.0	26.2136
11/15/2017 22:47:27	52.0	51.0	25.8065
11/15/2017 22:47:38	51.0	51.0	25.6881
11/15/2017 22:47:49	52.0	52.0	24.2494
11/15/2017 22:48:00	54.0	54.0	23.5431
11/15/2017 22:48:11	54.0	54.0	24.3182
11/15/2017 22:48:22	56.0	55.0	22.6636
11/15/2017 22:48:33	57.0	55.0	24.0275
11/15/2017 22:48:44	54.0	54.0	23.5294
11/15/2017 22:48:55	53.0	52.0	23.8095
11/15/2017 22:49:06	51.0	51.0	26.0274
11/15/2017 22:49:17	50.0	50.0	22.4344
11/15/2017 22:49:28	49.0	49.0	22.5962
11/15/2017 22:49:39	49.0	49.0	22.276
11/15/2017 22:49:51	48.0	48.0	22.7818
11/15/2017 22:50:02	48.0	47.0	21.7604
11/15/2017 22:50:13	47.0	47.0	20.8333
11/15/2017 22:50:24	49.0	49.0	23.1504
11/15/2017 22:50:35	51.0	51.0	20.7317
11/15/2017 22:50:46	52.0	52.0	23.6585
11/15/2017 22:50:57	55.0	54.0	1.26582
11/15/2017 22:51:08	51.0	51.0	0.251889
11/15/2017 22:51:19	50.0	50.0	0.503778
11/15/2017 22:51:30	48.0	47.0	2.03046
