03/29/2018 12:02:04	57.0	56.0	0.251256
03/29/2018 12:02:15	51.0	51.0	1.25628
03/29/2018 12:02:27	51.0	51.0	39.0863
03/29/2018 12:02:39	51.0	52.0	19.6013
03/29/2018 12:02:50	52.0	51.0	42.7692
03/29/2018 12:03:01	52.0	53.0	11.9048
03/29/2018 12:03:12	53.0	52.0	16.0526
03/29/2018 12:03:23	53.0	53.0	15.7068
03/29/2018 12:03:34	54.0	53.0	20.8202
03/29/2018 12:03:45	55.0	54.0	19.9475
03/29/2018 12:03:56	55.0	54.0	18.3246
03/29/2018 12:04:07	55.0	54.0	19.0104
03/29/2018 12:04:18	55.0	55.0	17.4479
03/29/2018 12:04:29	57.0	56.0	17.2775
03/29/2018 12:04:40	57.0	56.0	16.7959
03/29/2018 12:04:51	55.0	55.0	17.801
03/29/2018 12:05:03	52.0	52.0	15.5844
03/29/2018 12:05:14	51.0	51.0	20.1044
03/29/2018 12:05:25	50.0	48.0	18.4896
03/29/2018 12:05:36	48.0	47.0	17.7083
03/29/2018 12:05:47	47.0	47.0	18.2292
03/29/2018 12:05:58	49.0	48.0	18.2768
03/29/2018 12:06:09	50.0	49.0	17.4026
03/29/2018 12:06:20	51.0	51.0	16.4062
03/29/2018 12:06:31	52.0	52.0	16.7539
03/29/2018 12:06:42	53.0	53.0	18.75
03/29/2018 12:06:53	54.0	54.0	17.7083
03/29/2018 12:07:04	55.0	54.0	17.4479
03/29/2018 12:07:15	56.0	56.0	15.9686
03/29/2018 12:07:26	56.0	55.0	16.8831
03/29/2018 12:07:37	57.0	57.0	16.6234
03/29/2018 12:07:48	54.0	53.0	16
03/29/2018 12:07:59	52.0	51.0	15.625
03/29/2018 12:08:10	50.0	50.0	16.8831
03/29/2018 12:08:21	49.0	48.0	16.6667
03/29/2018 12:08:32	48.0	48.0	18.7013
03/29/2018 12:08:43	49.0	48.0	16.4491
03/29/2018 12:08:54	48.0	47.0	17.5393
03/29/2018 12:09:05	49.0	47.0	18.0628
03/29/2018 12:09:16	50.0	50.0	17.2775
03/29/2018 12:09:27	51.0	51.0	16.6667
03/29/2018 12:09:38	53.0	53.0	17.1875
03/29/2018 12:09:49	53.0	54.0	15.6658
03/29/2018 12:10:00	55.0	54.0	18.617
03/29/2018 12:10:11	56.0	55.0	16.5354
03/29/2018 12:10:22	57.0	56.0	17.5853
03/29/2018 12:10:33	56.0	54.0	16.4062
03/29/2018 12:10:44	53.0	52.0	16.8421
03/29/2018 12:10:55	51.0	50.0	18.2058
03/29/2018 12:11:06	50.0	50.0	18.0157
03/29/2018 12:11:17	49.0	48.0	18.2292
03/29/2018 12:11:28	48.0	48.0	16.8394
03/29/2018 12:11:39	47.0	47.0	17.801
03/29/2018 12:11:51	48.0	47.0	17.0984
03/29/2018 12:12:02	50.0	49.0	16.8421
03/29/2018 12:12:13	51.0	51.0	17.8478
03/29/2018 12:12:24	52.0	53.0	16.7539
03/29/2018 12:12:35	54.0	54.0	16.6234
03/29/2018 12:12:46	55.0	54.0	18.2058
03/29/2018 12:12:57	56.0	55.0	17.3228
03/29/2018 12:13:08	57.0	56.0	15.3646
03/29/2018 12:13:19	56.0	55.0	15.9686
03/29/2018 12:13:30	54.0	53.0	16.9271
03/29/2018 12:13:41	52.0	51.0	19.685
03/29/2018 12:13:52	50.0	50.0	15.9269
03/29/2018 12:14:03	49.0	49.0	16.4021
03/29/2018 12:14:14	49.0	48.0	17.2324
03/29/2018 12:14:25	48.0	48.0	16.5789
03/29/2018 12:14:36	48.0	47.0	14.9606
03/29/2018 12:14:47	48.0	48.0	15.9686
03/29/2018 12:14:58	50.0	50.0	17.5853
03/29/2018 12:15:09	51.0	51.0	17.2775
03/29/2018 12:15:20	53.0	53.0	16.3212
03/29/2018 12:15:31	54.0	53.0	17.2775
03/29/2018 12:15:42	56.0	56.0	16.9713
03/29/2018 12:15:53	56.0	56.0	17.4603
03/29/2018 12:16:04	56.0	55.0	16.2304
03/29/2018 12:16:15	54.0	53.0	17.5393
03/29/2018 12:16:26	51.0	51.0	19.1099
03/29/2018 12:16:37	51.0	50.0	17.4935
03/29/2018 12:16:48	50.0	50.0	17.5853
03/29/2018 12:16:59	50.0	50.0	17.5853
03/29/2018 12:17:10	49.0	48.0	16.3588
03/29/2018 12:17:21	48.0	48.0	16.5354
03/29/2018 12:17:32	48.0	48.0	19.6335
03/29/2018 12:17:43	48.0	48.0	17.6781
03/29/2018 12:17:54	49.0	48.0	16.7102
03/29/2018 12:18:05	50.0	51.0	18.0157
03/29/2018 12:18:16	52.0	51.0	16.273
03/29/2018 12:18:28	54.0	53.0	17.2775
03/29/2018 12:18:39	54.0	54.0	18.4896
03/29/2018 12:18:50	55.0	54.0	18.5379
03/29/2018 12:19:01	56.0	55.0	16.8865
03/29/2018 12:19:12	57.0	56.0	16.0622
03/29/2018 12:19:23	55.0	54.0	16.5354
03/29/2018 12:19:34	53.0	53.0	21.9178
03/29/2018 12:19:45	50.0	51.0	32.4427
03/29/2018 12:19:56	50.0	50.0	18.4358
03/29/2018 12:20:07	49.0	48.0	18.3333
03/29/2018 12:20:18	48.0	48.0	17.7546
03/29/2018 12:20:29	48.0	48.0	17.1875
03/29/2018 12:20:40	48.0	47.0	17.5711
03/29/2018 12:20:51	48.0	46.0	18.3727
03/29/2018 12:21:02	48.0	47.0	16.7979
03/29/2018 12:21:13	50.0	50.0	19.171
03/29/2018 12:21:25	51.0	51.0	16.8394
03/29/2018 12:21:36	52.0	53.0	16.7979
03/29/2018 12:21:47	54.0	54.0	18.1102
03/29/2018 12:21:58	55.0	55.0	17.6316
03/29/2018 12:22:09	56.0	55.0	19.5822
03/29/2018 12:22:20	55.0	55.0	17.7083
03/29/2018 12:22:31	52.0	52.0	18.7013
03/29/2018 12:22:42	51.0	51.0	16.8421
03/29/2018 12:22:53	51.0	51.0	18.9474
03/29/2018 12:23:04	49.0	49.0	16.7979
03/29/2018 12:23:15	49.0	49.0	19.7917
03/29/2018 12:23:26	48.0	48.0	17.7546
03/29/2018 12:23:37	48.0	47.0	16.4491
03/29/2018 12:23:48	47.0	47.0	17.8756
03/29/2018 12:23:59	47.0	47.0	13.9474
03/29/2018 12:24:10	48.0	48.0	13.7203
03/29/2018 12:24:21	49.0	50.0	13.9108
03/29/2018 12:24:32	50.0	51.0	12.7937
03/29/2018 12:24:43	52.0	52.0	12.5984
03/29/2018 12:24:54	52.0	53.0	13.1234
03/29/2018 12:25:05	54.0	54.0	12.1053
03/29/2018 12:25:16	54.0	54.0	12.3684
03/29/2018 12:25:27	56.0	55.0	13.1579
03/29/2018 12:25:38	56.0	55.0	12.2715
03/29/2018 12:25:49	56.0	56.0	12.5326
03/29/2018 12:26:00	54.0	54.0	15
03/29/2018 12:26:11	52.0	52.0	14.1361
03/29/2018 12:26:22	50.0	51.0	15.1832
03/29/2018 12:26:34	48.0	49.0	15.1042
03/29/2018 12:26:45	48.0	48.0	14.5119
03/29/2018 12:26:56	47.0	47.0	14.1732
03/29/2018 12:27:07	47.0	47.0	14.6597
03/29/2018 12:27:18	48.0	47.0	13.6842
03/29/2018 12:27:29	49.0	49.0	14.5119
03/29/2018 12:27:40	51.0	50.0	12.5326
03/29/2018 12:27:51	52.0	51.0	12.7937
03/29/2018 12:28:02	52.0	53.0	13.6126
03/29/2018 12:28:13	54.0	53.0	12.5326
03/29/2018 12:28:24	55.0	54.0	12.5654
03/29/2018 12:28:35	55.0	54.0	12.5984
03/29/2018 12:28:46	55.0	56.0	11.7801
03/29/2018 12:28:57	56.0	55.0	12.2715
03/29/2018 12:29:08	53.0	53.0	14.9606
03/29/2018 12:29:19	51.0	51.0	13.6126
03/29/2018 12:29:30	49.0	50.0	14.6597
03/29/2018 12:29:41	49.0	48.0	14.6597
03/29/2018 12:29:52	48.0	48.0	13.9108
03/29/2018 12:30:03	47.0	46.0	14.4737
03/29/2018 12:30:14	47.0	47.0	14.2105
03/29/2018 12:30:25	49.0	48.0	13.9474
03/29/2018 12:30:36	50.0	50.0	13.8021
03/29/2018 12:30:48	51.0	52.0	13.0208
03/29/2018 12:30:59	52.0	53.0	12.7937
03/29/2018 12:31:10	53.0	53.0	12.8272
03/29/2018 12:31:21	54.0	53.0	12.7937
03/29/2018 12:31:32	55.0	54.0	12.2715
03/29/2018 12:31:43	55.0	55.0	13.2812
03/29/2018 12:31:54	56.0	56.0	12.987
03/29/2018 12:32:05	55.0	55.0	12.0735
03/29/2018 12:32:16	53.0	53.0	13.3159
03/29/2018 12:32:27	50.0	51.0	14.6214
03/29/2018 12:32:38	50.0	49.0	13.577
03/29/2018 12:32:49	48.0	48.0	14.3229
03/29/2018 12:33:00	48.0	48.0	14.7368
03/29/2018 12:33:11	47.0	46.0	15.1436
03/29/2018 12:33:22	48.0	49.0	13.8381
03/29/2018 12:33:33	50.0	50.0	12.2396
03/29/2018 12:33:44	51.0	51.0	13.0208
03/29/2018 12:33:55	52.0	52.0	12.5326
03/29/2018 12:34:06	53.0	53.0	12.3037
03/29/2018 12:34:17	54.0	54.0	12.8272
03/29/2018 12:34:28	55.0	55.0	12.5326
03/29/2018 12:34:39	56.0	55.0	12.2078
03/29/2018 12:34:50	56.0	56.0	12.5
03/29/2018 12:35:01	57.0	56.0	12.7273
03/29/2018 12:35:12	54.0	53.0	13.2124
03/29/2018 12:35:23	52.0	51.0	14.8825
03/29/2018 12:35:34	50.0	50.0	14.0992
03/29/2018 12:35:45	49.0	48.0	14.3603
03/29/2018 12:35:56	48.0	48.0	14.2857
03/29/2018 12:36:07	48.0	48.0	14.6214
03/29/2018 12:36:19	48.0	47.0	15.7623
03/29/2018 12:36:30	49.0	49.0	14.3979
03/29/2018 12:36:41	50.0	50.0	12.5326
03/29/2018 12:36:52	51.0	52.0	22.1893
03/29/2018 12:37:03	53.0	53.0	12.7273
03/29/2018 12:37:15	54.0	54.0	12.5
03/29/2018 12:37:26	55.0	54.0	12.6943
03/29/2018 12:37:37	55.0	56.0	12.4675
03/29/2018 12:37:48	56.0	56.0	12.2715
03/29/2018 12:37:59	56.0	56.0	13.3508
03/29/2018 12:38:10	55.0	54.0	13.2812
03/29/2018 12:38:21	52.0	52.0	17.4935
03/29/2018 12:38:32	51.0	51.0	18.3938
03/29/2018 12:38:43	50.0	51.0	18.1818
03/29/2018 12:38:54	50.0	50.0	19.2208
03/29/2018 12:39:05	49.0	49.0	18.4416
03/29/2018 12:39:16	49.0	48.0	14.9871
03/29/2018 12:39:27	48.0	48.0	14.8825
03/29/2018 12:39:38	47.0	47.0	13.8021
03/29/2018 12:39:49	48.0	48.0	13.9474
03/29/2018 12:40:00	50.0	50.0	13.6126
03/29/2018 12:40:11	52.0	52.0	13.0208
03/29/2018 12:40:22	52.0	53.0	19.3798
03/29/2018 12:40:33	54.0	54.0	16.7526
03/29/2018 12:40:44	55.0	55.0	18.961
03/29/2018 12:40:55	57.0	56.0	16.6234
03/29/2018 12:41:06	56.0	55.0	20.2073
03/29/2018 12:41:17	53.0	53.0	18.863
03/29/2018 12:41:28	51.0	52.0	18.3463
03/29/2018 12:41:39	50.0	51.0	16.0622
03/29/2018 12:41:50	50.0	50.0	17.9221
03/29/2018 12:42:01	49.0	48.0	18.4416
03/29/2018 12:42:12	49.0	48.0	19.4805
03/29/2018 12:42:23	48.0	48.0	19.4301
03/29/2018 12:42:34	48.0	48.0	18.8144
03/29/2018 12:42:45	47.0	47.0	16.3636
03/29/2018 12:42:56	47.0	47.0	19.3798
03/29/2018 12:43:07	47.0	47.0	18.3938
03/29/2018 12:43:18	48.0	47.0	18.961
03/29/2018 12:43:29	50.0	50.0	17.0984
03/29/2018 12:43:41	51.0	51.0	18.2768
03/29/2018 12:43:52	53.0	52.0	18.1347
03/29/2018 12:44:03	54.0	54.0	16.0622
03/29/2018 12:44:14	55.0	54.0	18.3938
03/29/2018 12:44:25	56.0	56.0	17.7546
03/29/2018 12:44:36	57.0	56.0	18.3463
03/29/2018 12:44:47	55.0	54.0	18.3938
03/29/2018 12:44:58	54.0	53.0	17.6166
03/29/2018 12:45:09	52.0	51.0	19.3798
03/29/2018 12:45:20	50.0	50.0	16.7959
03/29/2018 12:45:31	50.0	50.0	16.7959
03/29/2018 12:45:42	49.0	48.0	18.863
03/29/2018 12:45:53	49.0	48.0	18.6047
03/29/2018 12:46:04	48.0	48.0	17.8756
03/29/2018 12:46:15	47.0	47.0	17.4026
03/29/2018 12:46:26	47.0	46.0	17.6623
03/29/2018 12:46:37	48.0	49.0	17.1429
03/29/2018 12:46:48	50.0	50.0	17.1795
03/29/2018 12:46:59	52.0	52.0	18.6528
03/29/2018 12:47:10	53.0	53.0	18.3463
03/29/2018 12:47:21	55.0	54.0	16.3636
03/29/2018 12:47:32	56.0	55.0	17.1355
03/29/2018 12:47:43	56.0	56.0	19.0601
03/29/2018 12:47:54	55.0	54.0	19.9482
03/29/2018 12:48:05	52.0	52.0	19.7943
03/29/2018 12:48:16	51.0	51.0	18.509
03/29/2018 12:48:27	50.0	51.0	17.1795
03/29/2018 12:48:38	50.0	50.0	19.7436
03/29/2018 12:48:49	49.0	49.0	17.7546
03/29/2018 12:49:00	49.0	48.0	18.299
03/29/2018 12:49:11	48.0	48.0	18.1347
03/29/2018 12:49:22	47.0	47.0	18.863
03/29/2018 12:49:33	48.0	47.0	18.6047
03/29/2018 12:49:44	50.0	50.0	17.4807
03/29/2018 12:49:55	51.0	51.0	18.3463
03/29/2018 12:50:06	53.0	52.0	20.4663
03/29/2018 12:50:17	54.0	54.0	19.7436
03/29/2018 12:50:28	55.0	55.0	19.0231
03/29/2018 12:50:39	56.0	55.0	18.7661
03/29/2018 12:50:50	55.0	55.0	17.2237
03/29/2018 12:51:02	54.0	53.0	18.3673
03/29/2018 12:51:13	51.0	51.0	19.8473
03/29/2018 12:51:24	50.0	50.0	18.6701
03/29/2018 12:51:35	49.0	50.0	21.447
03/29/2018 12:51:46	49.0	48.0	19.797
03/29/2018 12:51:57	48.0	48.0	18.2051
03/29/2018 12:52:08	48.0	47.0	19.2308
03/29/2018 12:52:19	48.0	47.0	19.4872
03/29/2018 12:52:30	48.0	48.0	18.8295
03/29/2018 12:52:41	47.0	46.0	19.6429
03/29/2018 12:52:52	49.0	48.0	18.1122
03/29/2018 12:53:03	50.0	50.0	20.2046
03/29/2018 12:53:14	52.0	51.0	20
03/29/2018 12:53:25	53.0	53.0	19.1436
03/29/2018 12:53:36	55.0	54.0	19.7436
03/29/2018 12:53:47	55.0	54.0	19.4373
03/29/2018 12:53:58	57.0	57.0	20.0508
03/29/2018 12:54:09	56.0	55.0	22.3077
03/29/2018 12:54:20	53.0	53.0	21.2658
03/29/2018 12:54:31	52.0	52.0	20.4545
03/29/2018 12:54:42	51.0	51.0	21.2121
03/29/2018 12:54:53	51.0	51.0	20.75
03/29/2018 12:55:04	52.0	51.0	19.7007
03/29/2018 12:55:15	51.0	51.0	20
03/29/2018 12:55:26	51.0	51.0	21.3198
03/29/2018 12:55:37	51.0	50.0	21.7284
03/29/2018 12:55:48	52.0	51.0	22.1393
03/29/2018 12:55:59	51.0	50.0	22.6368
03/29/2018 12:56:10	50.0	50.0	20.802
03/29/2018 12:56:21	50.0	50.0	24.4332
03/29/2018 12:56:32	51.0	49.0	23.3831
03/29/2018 12:56:43	49.0	49.0	24.7664
03/29/2018 12:56:54	48.0	47.0	24.6512
03/29/2018 12:57:05	47.0	47.0	24.5327
03/29/2018 12:57:16	49.0	48.0	24.6544
03/29/2018 12:57:27	50.0	50.0	23.6534
03/29/2018 12:57:38	51.0	51.0	24.4851
03/29/2018 12:57:49	53.0	53.0	23.0047
03/29/2018 12:58:00	53.0	53.0	22.6636
03/29/2018 12:58:11	54.0	54.0	21.4286
03/29/2018 12:58:23	55.0	54.0	22.7166
03/29/2018 12:58:34	56.0	56.0	21.5962
03/29/2018 12:58:45	56.0	56.0	22.0141
03/29/2018 12:58:56	55.0	56.0	22.8235
03/29/2018 12:59:07	53.0	53.0	24.9423
03/29/2018 12:59:18	51.0	51.0	24.0654
03/29/2018 12:59:29	50.0	50.0	22.5962
03/29/2018 12:59:40	49.0	48.0	23.2394
03/29/2018 12:59:51	49.0	47.0	23.2227
03/29/2018 13:00:02	48.0	47.0	22.673
03/29/2018 13:00:13	48.0	48.0	23.0404
03/29/2018 13:00:24	50.0	49.0	23.9437
03/29/2018 13:00:35	50.0	51.0	21.7494
03/29/2018 13:00:46	52.0	51.0	21.2264
03/29/2018 13:00:57	53.0	53.0	21.9858
03/29/2018 13:01:08	54.0	53.0	21.8824
03/29/2018 13:01:19	55.0	54.0	20.3349
03/29/2018 13:01:30	56.0	56.0	20.6731
03/29/2018 13:01:41	56.0	56.0	19.9041
03/29/2018 13:01:52	56.0	56.0	20.241
03/29/2018 13:02:03	54.0	53.0	21.9277
03/29/2018 13:02:14	52.0	52.0	21.6867
03/29/2018 13:02:25	51.0	50.0	20.2934
03/29/2018 13:02:36	49.0	48.0	20.936
03/29/2018 13:02:47	49.0	48.0	20.5379
03/29/2018 13:02:58	48.0	48.0	20.3931
03/29/2018 13:03:09	48.0	47.0	20.0489
03/29/2018 13:03:20	49.0	48.0	21.3075
03/29/2018 13:03:32	50.0	51.0	19.6078
03/29/2018 13:03:43	51.0	51.0	18.6275
03/29/2018 13:03:54	52.0	52.0	19.5181
03/29/2018 13:04:05	54.0	52.0	19.708
03/29/2018 13:04:16	55.0	54.0	19.1748
03/29/2018 13:04:27	56.0	54.0	20.0477
03/29/2018 13:04:38	55.0	55.0	20
03/29/2018 13:04:49	56.0	56.0	20.2381
03/29/2018 13:05:00	56.0	56.0	20.0483
03/29/2018 13:05:11	54.0	53.0	20.6813
03/29/2018 13:05:22	52.0	52.0	20.6388
03/29/2018 13:05:33	50.0	50.0	17.6179
03/29/2018 13:05:44	49.0	49.0	19.9005
03/29/2018 13:05:55	48.0	48.0	18.6567
03/29/2018 13:06:06	48.0	46.0	20.9756
03/29/2018 13:06:17	48.0	47.0	17.7057
03/29/2018 13:06:28	49.0	48.0	19.7044
03/29/2018 13:06:39	51.0	50.0	18.3168
03/29/2018 13:06:50	52.0	51.0	18.3824
03/29/2018 13:07:01	53.0	53.0	17.7778
03/29/2018 13:07:12	53.0	52.0	18.0693
03/29/2018 13:07:23	55.0	54.0	17.5309
03/29/2018 13:07:34	55.0	54.0	16.6253
03/29/2018 13:07:45	56.0	55.0	17.8218
03/29/2018 13:07:56	56.0	56.0	16.4179
03/29/2018 13:08:07	56.0	55.0	17.9361
03/29/2018 13:08:18	54.0	53.0	18.8725
03/29/2018 13:08:29	51.0	51.0	20.098
03/29/2018 13:08:40	50.0	50.0	19.656
03/29/2018 13:08:52	49.0	48.0	19.656
03/29/2018 13:09:03	48.0	48.0	19.9017
03/29/2018 13:09:14	48.0	47.0	19.4514
03/29/2018 13:09:25	48.0	47.0	19.4514
03/29/2018 13:09:36	49.0	50.0	16.7082
03/29/2018 13:09:47	51.0	51.0	18.1141
03/29/2018 13:09:58	52.0	52.0	17.7778
03/29/2018 13:10:09	53.0	52.0	17.3267
03/29/2018 13:10:20	54.0	54.0	19.2593
03/29/2018 13:10:31	55.0	54.0	17.2414
03/29/2018 13:10:42	55.0	55.0	18.4915
03/29/2018 13:10:53	56.0	55.0	17.8218
03/29/2018 13:11:04	57.0	57.0	16.0401
03/29/2018 13:11:15	54.0	54.0	16.75
03/29/2018 13:11:26	52.0	52.0	18.7032
03/29/2018 13:11:37	51.0	51.0	17.9747
03/29/2018 13:11:48	49.0	49.0	18.3879
03/29/2018 13:11:59	48.0	48.0	17.7665
03/29/2018 13:12:10	48.0	47.0	15.6812
03/29/2018 13:12:21	47.0	47.0	18.8442
03/29/2018 13:12:32	49.0	48.0	17.5879
03/29/2018 13:12:43	50.0	50.0	15.6566
03/29/2018 13:12:54	51.0	51.0	16.2437
03/29/2018 13:13:05	52.0	53.0	16.6247
03/29/2018 13:13:16	54.0	54.0	14.7583
03/29/2018 13:13:27	55.0	54.0	16.2025
03/29/2018 13:13:38	55.0	54.0	14.7583
03/29/2018 13:13:49	55.0	56.0	14.7959
03/29/2018 13:14:00	56.0	56.0	16.2025
03/29/2018 13:14:12	56.0	55.0	14.1026
03/29/2018 13:14:23	52.0	52.0	14.7668
03/29/2018 13:14:34	51.0	50.0	14.3959
03/29/2018 13:14:45	50.0	50.0	15.5039
03/29/2018 13:14:56	49.0	48.0	15.8031
03/29/2018 13:15:07	48.0	48.0	14.8825
03/29/2018 13:15:18	47.0	47.0	15.285
03/29/2018 13:15:29	49.0	48.0	16.6667
03/29/2018 13:15:40	50.0	51.0	14.1753
03/29/2018 13:15:51	51.0	52.0	14.1388
03/29/2018 13:16:02	52.0	53.0	13.6951
03/29/2018 13:16:13	54.0	54.0	13.4715
03/29/2018 13:16:24	54.0	54.0	13.2124
03/29/2018 13:16:35	55.0	55.0	13.7662
03/29/2018 13:16:46	56.0	56.0	13.4367
03/29/2018 13:16:57	57.0	56.0	13.2124
03/29/2018 13:17:08	55.0	56.0	13.2468
03/29/2018 13:17:19	53.0	53.0	12.5654
03/29/2018 13:17:30	52.0	51.0	15.4047
03/29/2018 13:17:41	50.0	50.0	13.4565
03/29/2018 13:17:52	49.0	49.0	13.3858
03/29/2018 13:18:03	48.0	48.0	14.2105
03/29/2018 13:18:14	48.0	47.0	12.7321
03/29/2018 13:18:25	48.0	48.0	13.1926
03/29/2018 13:18:36	50.0	49.0	13.1234
03/29/2018 13:18:47	51.0	51.0	12.0735
03/29/2018 13:18:58	52.0	52.0	12.8609
03/29/2018 13:19:09	53.0	53.0	12.5984
03/29/2018 13:19:20	54.0	54.0	11.8421
03/29/2018 13:19:32	55.0	54.0	11.3158
03/29/2018 13:19:43	55.0	55.0	11.9048
03/29/2018 13:19:54	57.0	56.0	11.811
03/29/2018 13:20:05	56.0	56.0	13.3508
03/29/2018 13:20:16	53.0	53.0	11.8734
03/29/2018 13:20:27	51.0	51.0	14.2857
03/29/2018 13:20:38	50.0	50.0	14.2857
03/29/2018 13:20:49	49.0	48.0	13.9474
03/29/2018 13:21:00	48.0	48.0	13.6483
03/29/2018 13:21:11	47.0	47.0	14.2105
03/29/2018 13:21:22	48.0	48.0	13.5279
03/29/2018 13:21:33	49.0	49.0	12.8947
03/29/2018 13:21:44	51.0	50.0	13.8381
03/29/2018 13:21:55	52.0	52.0	14.6982
03/29/2018 13:22:06	53.0	53.0	12.7937
03/29/2018 13:22:17	54.0	53.0	12.8272
03/29/2018 13:22:28	56.0	54.0	12.3037
03/29/2018 13:22:39	55.0	55.0	12.7937
03/29/2018 13:22:50	56.0	55.0	12.0104
03/29/2018 13:23:01	56.0	56.0	13.089
03/29/2018 13:23:12	54.0	54.0	13.9842
03/29/2018 13:23:23	52.0	51.0	13.089
03/29/2018 13:23:34	50.0	50.0	13.7203
03/29/2018 13:23:45	49.0	49.0	14.5119
03/29/2018 13:23:56	48.0	47.0	13.6842
03/29/2018 13:24:07	48.0	47.0	13.3508
03/29/2018 13:24:18	48.0	46.0	14.6982
03/29/2018 13:24:29	49.0	49.0	13.2626
03/29/2018 13:24:41	51.0	51.0	12.5984
03/29/2018 13:24:52	51.0	51.0	13.1234
03/29/2018 13:25:03	53.0	53.0	13.1234
03/29/2018 13:25:14	53.0	53.0	13.1234
03/29/2018 13:25:25	54.0	54.0	11.6402
03/29/2018 13:25:36	56.0	54.0	12.0735
03/29/2018 13:25:47	55.0	55.0	12.0735
03/29/2018 13:25:58	56.0	56.0	12.336
03/29/2018 13:26:09	54.0	54.0	12.4011
03/29/2018 13:26:20	51.0	51.0	14.6982
03/29/2018 13:26:31	50.0	50.0	13.4565
03/29/2018 13:26:42	50.0	49.0	13.9474
03/29/2018 13:26:53	49.0	48.0	14.7757
03/29/2018 13:27:04	48.0	48.0	14.0212
03/29/2018 13:27:15	47.0	47.0	13.9842
03/29/2018 13:27:26	48.0	48.0	13.7203
03/29/2018 13:27:37	50.0	50.0	11.9363
03/29/2018 13:27:48	51.0	51.0	11.8421
03/29/2018 13:27:59	51.0	51.0	12.8609
03/29/2018 13:28:10	53.0	52.0	11.3158
03/29/2018 13:28:21	54.0	54.0	12.6649
03/29/2018 13:28:32	55.0	54.0	11.5183
03/29/2018 13:28:43	56.0	54.0	12.1053
03/29/2018 13:28:54	56.0	56.0	12.7937
03/29/2018 13:29:05	56.0	56.0	12.3037
03/29/2018 13:29:16	53.0	53.0	12.336
03/29/2018 13:29:27	51.0	51.0	13.7203
03/29/2018 13:29:38	50.0	50.0	13.6842
03/29/2018 13:29:49	49.0	48.0	13.2626
03/29/2018 13:30:01	48.0	48.0	14.0584
03/29/2018 13:30:12	48.0	47.0	13.4565
03/29/2018 13:30:23	47.0	47.0	13.7566
03/29/2018 13:30:34	48.0	48.0	13.9842
03/29/2018 13:30:45	50.0	50.0	13.3508
03/29/2018 13:30:56	50.0	51.0	13.089
03/29/2018 13:31:07	52.0	52.0	12.1053
03/29/2018 13:31:18	53.0	53.0	11.811
03/29/2018 13:31:29	54.0	54.0	13.0548
03/29/2018 13:31:40	55.0	55.0	11.811
03/29/2018 13:31:51	55.0	55.0	11.811
03/29/2018 13:32:02	56.0	56.0	12.1372
03/29/2018 13:32:13	55.0	54.0	12.7604
03/29/2018 13:32:24	52.0	52.0	12.5654
03/29/2018 13:32:35	51.0	51.0	14.6982
03/29/2018 13:32:46	50.0	49.0	12.963
03/29/2018 13:32:57	48.0	48.0	13.9474
03/29/2018 13:33:08	48.0	48.0	13.7931
03/29/2018 13:33:19	48.0	46.0	13.4565
03/29/2018 13:33:30	47.0	47.0	13.9108
03/29/2018 13:33:41	49.0	48.0	13.4921
03/29/2018 13:33:52	51.0	51.0	12.5654
03/29/2018 13:34:03	52.0	52.0	13.0548
03/29/2018 13:34:14	53.0	53.0	12.5326
03/29/2018 13:34:25	54.0	54.0	11.811
03/29/2018 13:34:36	55.0	54.0	12.8272
03/29/2018 13:34:47	55.0	54.0	12.0419
03/29/2018 13:34:58	55.0	55.0	11.7801
03/29/2018 13:35:10	57.0	56.0	12.336
03/29/2018 13:35:21	55.0	54.0	13.3858
03/29/2018 13:35:32	52.0	53.0	14.1361
03/29/2018 13:35:43	51.0	51.0	14.4737
03/29/2018 13:35:54	50.0	49.0	14.3603
03/29/2018 13:36:05	49.0	48.0	14.8825
03/29/2018 13:36:16	49.0	47.0	13.7566
03/29/2018 13:36:27	48.0	46.0	13.9474
03/29/2018 13:36:38	48.0	47.0	15.5673
03/29/2018 13:36:49	51.0	50.0	12.4011
03/29/2018 13:37:00	51.0	51.0	12.5984
03/29/2018 13:37:11	52.0	52.0	12.6316
03/29/2018 13:37:22	54.0	53.0	11.811
03/29/2018 13:37:33	54.0	54.0	11.8421
03/29/2018 13:37:44	55.0	54.0	13.089
03/29/2018 13:37:55	55.0	55.0	11.0236
03/29/2018 13:38:06	56.0	56.0	11.7801
03/29/2018 13:38:17	56.0	55.0	12.6316
03/29/2018 13:38:28	53.0	54.0	12.6984
03/29/2018 13:38:39	51.0	51.0	14.6597
03/29/2018 13:38:50	50.0	50.0	14.7368
03/29/2018 13:39:01	50.0	48.0	13.6842
03/29/2018 13:39:12	48.0	48.0	12.963
03/29/2018 13:39:23	48.0	48.0	13.8743
03/29/2018 13:39:34	49.0	48.0	12.8609
03/29/2018 13:39:45	50.0	50.0	13.9108
03/29/2018 13:39:56	51.0	51.0	12.5326
03/29/2018 13:40:07	52.0	52.0	12.5984
03/29/2018 13:40:18	54.0	53.0	12.5984
03/29/2018 13:40:29	55.0	54.0	12.8272
03/29/2018 13:40:41	55.0	54.0	13.3858
03/29/2018 13:40:52	56.0	55.0	12.2715
03/29/2018 13:41:03	57.0	56.0	11.0818
03/29/2018 13:41:14	56.0	55.0	12.1372
03/29/2018 13:41:25	53.0	54.0	12.8272
03/29/2018 13:41:36	51.0	51.0	13.9474
03/29/2018 13:41:47	50.0	51.0	13.6126
03/29/2018 13:41:58	49.0	48.0	14.6597
03/29/2018 13:42:09	49.0	48.0	13.4211
03/29/2018 13:42:20	48.0	47.0	14.5119
03/29/2018 13:42:31	48.0	47.0	13.7203
03/29/2018 13:42:42	49.0	48.0	13.8381
03/29/2018 13:42:53	50.0	51.0	13.0548
03/29/2018 13:43:04	51.0	51.0	12.2715
03/29/2018 13:43:15	53.0	52.0	12.336
03/29/2018 13:43:26	54.0	53.0	12.5984
03/29/2018 13:43:37	54.0	54.0	12.0419
03/29/2018 13:43:48	55.0	54.0	11.5183
03/29/2018 13:43:59	56.0	55.0	13.2812
03/29/2018 13:44:10	56.0	55.0	12.3037
03/29/2018 13:44:21	54.0	54.0	12.5654
03/29/2018 13:44:32	52.0	52.0	13.7566
03/29/2018 13:44:43	51.0	51.0	13.9842
03/29/2018 13:44:54	49.0	49.0	13.5279
03/29/2018 13:45:05	48.0	47.0	13.6842
03/29/2018 13:45:16	47.0	47.0	13.6126
03/29/2018 13:45:27	48.0	46.0	13.9108
03/29/2018 13:45:38	48.0	48.0	13.9474
03/29/2018 13:45:49	50.0	50.0	12.8272
03/29/2018 13:46:01	51.0	51.0	12.8609
03/29/2018 13:46:12	52.0	52.0	12.0419
03/29/2018 13:46:23	54.0	53.0	12.0735
03/29/2018 13:46:34	54.0	54.0	12.3037
03/29/2018 13:46:45	55.0	54.0	11.5486
03/29/2018 13:46:56	55.0	55.0	11.7188
03/29/2018 13:47:07	56.0	56.0	12.7937
03/29/2018 13:47:18	56.0	55.0	11.7801
03/29/2018 13:47:29	54.0	53.0	12.2715
03/29/2018 13:47:40	52.0	51.0	13.5279
03/29/2018 13:47:51	50.0	50.0	13.7203
03/29/2018 13:48:02	49.0	48.0	14.1732
03/29/2018 13:48:13	49.0	48.0	13.4565
03/29/2018 13:48:24	48.0	47.0	13.8743
03/29/2018 13:48:35	48.0	47.0	14.2857
03/29/2018 13:48:46	49.0	48.0	13.8743
03/29/2018 13:48:57	50.0	50.0	12.7937
03/29/2018 13:49:08	51.0	51.0	12.3037
03/29/2018 13:49:19	52.0	52.0	12.0104
03/29/2018 13:49:30	54.0	53.0	12.0735
03/29/2018 13:49:41	55.0	54.0	12.8272
03/29/2018 13:49:52	55.0	54.0	12.2715
03/29/2018 13:50:03	56.0	55.0	11.2565
03/29/2018 13:50:14	56.0	56.0	12.1053
03/29/2018 13:50:25	56.0	56.0	12.5326
03/29/2018 13:50:36	54.0	53.0	14.3979
03/29/2018 13:50:47	51.0	51.0	13.4921
03/29/2018 13:50:58	51.0	49.0	13.9108
03/29/2018 13:51:09	49.0	48.0	14.248
03/29/2018 13:51:21	48.0	48.0	14.3979
03/29/2018 13:51:32	47.0	47.0	14.4357
03/29/2018 13:51:43	48.0	47.0	14.7368
03/29/2018 13:51:54	48.0	48.0	13.6842
03/29/2018 13:52:05	50.0	50.0	12.0735
03/29/2018 13:52:16	51.0	51.0	14.0992
03/29/2018 13:52:27	52.0	52.0	11.8421
03/29/2018 13:52:38	53.0	53.0	11.2861
03/29/2018 13:52:49	54.0	53.0	12.5654
03/29/2018 13:53:00	55.0	54.0	12.4675
03/29/2018 13:53:11	55.0	55.0	11.6095
03/29/2018 13:53:22	57.0	56.0	11.5486
03/29/2018 13:53:33	56.0	56.0	12.0104
03/29/2018 13:53:44	53.0	53.0	12.963
03/29/2018 13:53:55	51.0	51.0	13.3858
03/29/2018 13:54:06	50.0	50.0	14.2105
03/29/2018 13:54:17	49.0	48.0	14.3603
03/29/2018 13:54:28	49.0	47.0	13.9108
03/29/2018 13:54:39	48.0	47.0	13.9108
03/29/2018 13:54:50	48.0	47.0	14.2105
03/29/2018 13:55:01	48.0	47.0	12.5326
03/29/2018 13:55:12	50.0	48.0	13.089
03/29/2018 13:55:23	51.0	50.0	13.089
03/29/2018 13:55:34	52.0	51.0	12.3037
03/29/2018 13:55:45	53.0	52.0	12.5654
03/29/2018 13:55:56	54.0	53.0	12.6316
03/29/2018 13:56:07	55.0	53.0	12.5326
03/29/2018 13:56:18	55.0	54.0	13.3159
03/29/2018 13:56:30	55.0	55.0	12.2396
03/29/2018 13:56:41	57.0	56.0	11.7801
03/29/2018 13:56:52	55.0	54.0	13.8021
03/29/2018 13:57:03	52.0	51.0	12.1372
03/29/2018 13:57:14	51.0	50.0	13.7203
03/29/2018 13:57:25	49.0	49.0	13.9842
03/29/2018 13:57:36	48.0	48.0	13.2275
03/29/2018 13:57:47	48.0	47.0	13.1579
03/29/2018 13:57:58	47.0	47.0	14.2857
03/29/2018 13:58:09	49.0	48.0	14.0992
03/29/2018 13:58:20	50.0	50.0	12.7604
03/29/2018 13:58:31	51.0	51.0	13.3159
03/29/2018 13:58:42	52.0	51.0	12.0419
03/29/2018 13:58:53	53.0	54.0	12.5654
03/29/2018 13:59:04	55.0	54.0	12.336
03/29/2018 13:59:15	55.0	54.0	12.0419
03/29/2018 13:59:26	56.0	55.0	12.3037
03/29/2018 13:59:37	56.0	56.0	11.7801
03/29/2018 13:59:48	54.0	54.0	11.7801
03/29/2018 13:59:59	52.0	52.0	12.8272
03/29/2018 14:00:10	51.0	50.0	13.1579
03/29/2018 14:00:21	49.0	50.0	13.6126
03/29/2018 14:00:32	48.0	48.0	15
03/29/2018 14:00:43	48.0	47.0	14.7368
03/29/2018 14:00:54	47.0	47.0	13.1579
03/29/2018 14:01:05	47.0	47.0	13.7566
03/29/2018 14:01:16	49.0	48.0	12.1372
03/29/2018 14:01:27	51.0	50.0	12.3037
03/29/2018 14:01:38	52.0	51.0	12.5326
03/29/2018 14:01:50	52.0	53.0	12.3037
03/29/2018 14:02:01	54.0	53.0	11.811
03/29/2018 14:02:12	55.0	54.0	12.2396
03/29/2018 14:02:23	55.0	55.0	11.5183
03/29/2018 14:02:34	56.0	56.0	11.811
03/29/2018 14:02:45	56.0	56.0	12.5326
03/29/2018 14:02:56	55.0	54.0	11.9792
03/29/2018 14:03:07	52.0	52.0	13.5417
03/29/2018 14:03:18	51.0	51.0	13.8743
03/29/2018 14:03:29	50.0	49.0	13.6842
03/29/2018 14:03:40	49.0	48.0	13.9842
03/29/2018 14:03:51	48.0	48.0	13.2275
03/29/2018 14:04:02	47.0	46.0	18.2768
03/29/2018 14:04:13	48.0	47.0	18.3938
03/29/2018 14:04:24	48.0	47.0	16.6234
03/29/2018 14:04:35	48.0	47.0	18.0628
03/29/2018 14:04:46	48.0	47.0	17.2324
03/29/2018 14:04:57	48.0	47.0	16.3636
03/29/2018 14:05:08	50.0	49.0	17.5393
03/29/2018 14:05:19	51.0	51.0	16.5803
03/29/2018 14:05:30	52.0	53.0	17.4935
03/29/2018 14:05:41	54.0	53.0	15.9794
03/29/2018 14:05:52	55.0	54.0	15.625
03/29/2018 14:06:03	56.0	55.0	15.1436
03/29/2018 14:06:14	56.0	56.0	16.9271
03/29/2018 14:06:25	56.0	55.0	18.799
03/29/2018 14:06:36	53.0	52.0	17.1875
03/29/2018 14:06:47	52.0	51.0	18.2768
03/29/2018 14:06:58	50.0	50.0	16.9271
03/29/2018 14:07:09	49.0	49.0	16.4491
03/29/2018 14:07:20	48.0	48.0	14.6982
03/29/2018 14:07:31	48.0	47.0	13.1579
03/29/2018 14:07:42	47.0	46.0	14.0625
03/29/2018 14:07:54	48.0	47.0	14.5455
03/29/2018 14:08:05	50.0	49.0	13.9108
03/29/2018 14:08:16	51.0	50.0	12.0419
03/29/2018 14:08:27	52.0	51.0	12.8609
03/29/2018 14:08:38	53.0	53.0	11.5486
03/29/2018 14:08:49	54.0	54.0	12.8272
03/29/2018 14:09:00	55.0	54.0	12.3037
03/29/2018 14:09:11	56.0	54.0	11.5486
03/29/2018 14:09:22	57.0	56.0	13.0208
03/29/2018 14:09:33	57.0	56.0	20.3085
03/29/2018 14:09:44	56.0	54.0	13.089
03/29/2018 14:09:55	52.0	52.0	13.3858
03/29/2018 14:10:06	51.0	51.0	12.8947
03/29/2018 14:10:17	50.0	49.0	13.6483
03/29/2018 14:10:28	49.0	48.0	14.0212
03/29/2018 14:10:39	48.0	47.0	14.2105
03/29/2018 14:10:50	47.0	47.0	14.1361
03/29/2018 14:11:01	47.0	47.0	13.9474
03/29/2018 14:11:12	49.0	48.0	12.6316
03/29/2018 14:11:23	51.0	50.0	12.0735
03/29/2018 14:11:34	52.0	52.0	12.5984
03/29/2018 14:11:45	53.0	53.0	12.3037
03/29/2018 14:11:56	54.0	53.0	11.5183
03/29/2018 14:12:07	54.0	54.0	12.0104
03/29/2018 14:12:18	55.0	55.0	11.5183
03/29/2018 14:12:29	55.0	54.0	12.336
03/29/2018 14:12:40	54.0	54.0	12.7937
03/29/2018 14:12:51	52.0	52.0	12.336
03/29/2018 14:13:02	51.0	51.0	13.4565
03/29/2018 14:13:14	50.0	49.0	13.4921
03/29/2018 14:13:25	49.0	49.0	13.4211
03/29/2018 14:13:36	48.0	48.0	14.7368
03/29/2018 14:13:47	48.0	47.0	13.1579
03/29/2018 14:13:58	47.0	46.0	12.6316
03/29/2018 14:14:09	48.0	48.0	13.6126
03/29/2018 14:14:20	50.0	50.0	12.336
03/29/2018 14:14:31	51.0	51.0	11.811
03/29/2018 14:14:42	52.0	52.0	12.5984
03/29/2018 14:14:53	53.0	53.0	11.5183
03/29/2018 14:15:04	54.0	53.0	12.7937
03/29/2018 14:15:15	55.0	54.0	11.9792
03/29/2018 14:15:26	55.0	55.0	12.2396
03/29/2018 14:15:37	56.0	56.0	11.8734
03/29/2018 14:15:48	55.0	54.0	12.5326
03/29/2018 14:15:59	52.0	52.0	12.5326
03/29/2018 14:16:10	50.0	51.0	13.6842
03/29/2018 14:16:21	50.0	49.0	14.2105
03/29/2018 14:16:32	49.0	48.0	12.9973
03/29/2018 14:16:43	47.0	48.0	14.0212
03/29/2018 14:16:54	48.0	47.0	13.6842
03/29/2018 14:17:05	47.0	46.0	13.4921
03/29/2018 14:17:16	49.0	48.0	14.248
03/29/2018 14:17:27	50.0	51.0	12.1053
03/29/2018 14:17:38	51.0	51.0	12.1053
03/29/2018 14:17:49	53.0	52.0	12.2396
03/29/2018 14:18:00	54.0	53.0	12.2078
03/29/2018 14:18:11	54.0	54.0	13.6126
03/29/2018 14:18:22	55.0	54.0	11.811
03/29/2018 14:18:34	56.0	55.0	11.7188
03/29/2018 14:18:45	57.0	55.0	12.5326
03/29/2018 14:18:56	54.0	54.0	13.0548
03/29/2018 14:19:07	52.0	52.0	12.0735
03/29/2018 14:19:18	51.0	51.0	14.4737
03/29/2018 14:19:29	50.0	50.0	13.3858
03/29/2018 14:19:40	49.0	48.0	13.2275
03/29/2018 14:19:51	48.0	47.0	14.4737
03/29/2018 14:20:02	48.0	47.0	14.1361
03/29/2018 14:20:13	47.0	47.0	14.1361
03/29/2018 14:20:24	48.0	47.0	14.1361
03/29/2018 14:20:35	50.0	49.0	12.7937
03/29/2018 14:20:46	51.0	51.0	12.3684
03/29/2018 14:20:57	52.0	51.0	12.5984
03/29/2018 14:21:08	53.0	53.0	12.4675
03/29/2018 14:21:19	54.0	53.0	12.1693
03/29/2018 14:21:30	54.0	54.0	13.3159
03/29/2018 14:21:41	57.0	56.0	11.3456
03/29/2018 14:21:52	56.0	55.0	11.9792
03/29/2018 14:22:03	57.0	56.0	12.987
03/29/2018 14:22:14	55.0	54.0	12.4675
03/29/2018 14:22:25	52.0	53.0	12.8947
03/29/2018 14:22:36	51.0	51.0	14.1361
03/29/2018 14:22:47	49.0	49.0	13.1579
03/29/2018 14:22:58	49.0	48.0	14.6597
03/29/2018 14:23:09	48.0	47.0	12.6984
03/29/2018 14:23:20	48.0	47.0	13.6483
03/29/2018 14:23:31	47.0	46.0	14.4737
03/29/2018 14:23:42	49.0	48.0	13.9108
03/29/2018 14:23:54	51.0	50.0	12.8272
03/29/2018 14:24:05	51.0	51.0	12.5654
03/29/2018 14:24:16	53.0	53.0	11.9792
03/29/2018 14:24:27	54.0	53.0	12.8609
03/29/2018 14:24:38	55.0	54.0	12.2396
03/29/2018 14:24:49	55.0	54.0	12.987
03/29/2018 14:25:00	56.0	55.0	12.5326
03/29/2018 14:25:11	55.0	55.0	11.8421
03/29/2018 14:25:22	53.0	53.0	12.2715
03/29/2018 14:25:33	51.0	51.0	15
03/29/2018 14:25:44	50.0	50.0	12.2396
03/29/2018 14:25:55	49.0	49.0	12.6316
03/29/2018 14:26:06	48.0	48.0	13.6842
03/29/2018 14:26:17	48.0	47.0	13.1926
03/29/2018 14:26:28	47.0	47.0	14.4737
03/29/2018 14:26:39	49.0	48.0	12.5654
03/29/2018 14:26:50	51.0	50.0	12.0419
03/29/2018 14:27:01	52.0	51.0	12.7937
03/29/2018 14:27:12	53.0	53.0	12.0735
03/29/2018 14:27:23	54.0	53.0	11.3158
03/29/2018 14:27:34	55.0	54.0	12.336
03/29/2018 14:27:45	55.0	54.0	12.2715
03/29/2018 14:27:56	57.0	55.0	12.0104
03/29/2018 14:28:07	57.0	56.0	12.5326
03/29/2018 14:28:18	54.0	54.0	12.8609
03/29/2018 14:28:29	52.0	51.0	12.4339
03/29/2018 14:28:40	51.0	50.0	13.6842
03/29/2018 14:28:51	50.0	50.0	12.9288
03/29/2018 14:29:02	49.0	48.0	14.248
03/29/2018 14:29:13	48.0	47.0	14.3979
03/29/2018 14:29:25	47.0	47.0	13.9108
03/29/2018 14:29:36	48.0	48.0	13.4211
03/29/2018 14:29:47	50.0	51.0	12.0419
03/29/2018 14:29:58	51.0	51.0	12.2715
03/29/2018 14:30:09	52.0	53.0	13.5065
03/29/2018 14:30:20	54.0	54.0	12.2715
03/29/2018 14:30:31	54.0	54.0	11.4883
03/29/2018 14:30:42	55.0	54.0	13.2812
03/29/2018 14:30:53	57.0	55.0	12.1762
03/29/2018 14:31:04	56.0	56.0	12.2715
03/29/2018 14:31:15	54.0	53.0	12.5326
03/29/2018 14:31:26	52.0	51.0	13.1234
03/29/2018 14:31:37	50.0	50.0	12.6649
03/29/2018 14:31:48	49.0	49.0	13.6483
03/29/2018 14:31:59	48.0	48.0	13.8381
03/29/2018 14:32:10	48.0	48.0	14.2105
03/29/2018 14:32:21	48.0	47.0	13.2275
03/29/2018 14:32:32	48.0	48.0	12.8947
03/29/2018 14:32:43	49.0	49.0	14.0992
03/29/2018 14:32:54	51.0	51.0	11.5486
03/29/2018 14:33:05	51.0	52.0	12.5984
03/29/2018 14:33:16	53.0	53.0	12.336
03/29/2018 14:33:27	55.0	54.0	12.3037
03/29/2018 14:33:38	55.0	54.0	12.0419
03/29/2018 14:33:49	56.0	56.0	12.3037
03/29/2018 14:34:00	56.0	56.0	11.2861
03/29/2018 14:34:11	56.0	56.0	12.1053
03/29/2018 14:34:22	55.0	54.0	13.2812
03/29/2018 14:34:33	52.0	52.0	13.1579
03/29/2018 14:34:44	50.0	50.0	14.2105
03/29/2018 14:34:56	50.0	49.0	12.8609
03/29/2018 14:35:07	49.0	48.0	12.6649
03/29/2018 14:35:18	48.0	48.0	13.7203
03/29/2018 14:35:29	47.0	46.0	13.6842
03/29/2018 14:35:40	47.0	47.0	13.3858
03/29/2018 14:35:51	49.0	49.0	13.9108
03/29/2018 14:36:02	50.0	51.0	11.5486
03/29/2018 14:36:13	51.0	51.0	12.5
03/29/2018 14:36:24	53.0	53.0	12.3037
03/29/2018 14:36:35	54.0	53.0	12.1053
03/29/2018 14:36:46	55.0	54.0	12.2715
03/29/2018 14:36:57	55.0	54.0	12.1053
03/29/2018 14:37:08	57.0	55.0	12.8272
03/29/2018 14:37:19	56.0	56.0	12.8272
03/29/2018 14:37:30	53.0	54.0	11.3158
03/29/2018 14:37:41	52.0	51.0	13.4211
03/29/2018 14:37:52	50.0	51.0	14.4737
03/29/2018 14:38:03	49.0	48.0	13.7203
03/29/2018 14:38:14	49.0	48.0	13.089
03/29/2018 14:38:25	48.0	47.0	13.9474
03/29/2018 14:38:36	47.0	47.0	12.8609
03/29/2018 14:38:47	47.0	47.0	13.6842
03/29/2018 14:38:58	49.0	49.0	13.7931
03/29/2018 14:39:09	51.0	51.0	13.3508
03/29/2018 14:39:20	52.0	51.0	12.0419
03/29/2018 14:39:31	52.0	53.0	12.7937
03/29/2018 14:39:42	54.0	53.0	12.0735
03/29/2018 14:39:53	55.0	54.0	12.3037
03/29/2018 14:40:05	55.0	55.0	11.5183
03/29/2018 14:40:16	56.0	55.0	11.2565
03/29/2018 14:40:27	57.0	56.0	12.7937
03/29/2018 14:40:38	54.0	53.0	12.0104
03/29/2018 14:40:49	52.0	51.0	12.8609
03/29/2018 14:41:00	50.0	50.0	13.9108
03/29/2018 14:41:11	49.0	50.0	14.3236
03/29/2018 14:41:22	48.0	48.0	12.963
03/29/2018 14:41:33	48.0	47.0	14.6214
03/29/2018 14:41:44	47.0	47.0	12.7937
03/29/2018 14:41:55	48.0	47.0	15.2231
03/29/2018 14:42:06	49.0	50.0	13.577
03/29/2018 14:42:17	51.0	51.0	12.4675
03/29/2018 14:42:28	52.0	53.0	12.0104
03/29/2018 14:42:39	53.0	53.0	12.2715
03/29/2018 14:42:50	54.0	54.0	12.3037
03/29/2018 14:43:01	55.0	54.0	12.1372
03/29/2018 14:43:12	55.0	56.0	12.7937
03/29/2018 14:43:23	56.0	56.0	13.2468
03/29/2018 14:43:34	55.0	55.0	12.7937
03/29/2018 14:43:45	53.0	53.0	11.811
03/29/2018 14:43:56	52.0	51.0	13.3508
03/29/2018 14:44:07	50.0	50.0	13.7566
03/29/2018 14:44:18	48.0	48.0	13.4565
03/29/2018 14:44:29	48.0	48.0	13.8381
03/29/2018 14:44:40	47.0	47.0	14.4737
03/29/2018 14:44:51	46.0	47.0	12.8272
03/29/2018 14:45:02	48.0	48.0	13.9108
03/29/2018 14:45:14	49.0	49.0	13.3508
03/29/2018 14:45:25	51.0	51.0	11.5486
03/29/2018 14:45:36	51.0	52.0	12.3037
03/29/2018 14:45:47	53.0	53.0	11.3158
03/29/2018 14:45:58	53.0	54.0	12.5326
03/29/2018 14:46:09	55.0	54.0	12.0735
03/29/2018 14:46:20	55.0	55.0	11.5789
03/29/2018 14:46:31	56.0	56.0	11.5486
03/29/2018 14:46:42	54.0	55.0	12.6316
03/29/2018 14:46:53	52.0	52.0	12.3037
03/29/2018 14:47:04	51.0	51.0	12.4668
03/29/2018 14:47:15	50.0	50.0	13.4211
03/29/2018 14:47:26	49.0	48.0	14.3603
03/29/2018 14:47:37	48.0	48.0	13.4211
03/29/2018 14:47:48	48.0	46.0	13.2275
03/29/2018 14:47:59	47.0	46.0	13.6842
03/29/2018 14:48:10	48.0	48.0	14.9215
03/29/2018 14:48:21	49.0	49.0	13.5065
03/29/2018 14:48:32	50.0	51.0	12.336
03/29/2018 14:48:43	52.0	52.0	13.0548
03/29/2018 14:48:54	53.0	53.0	12.2078
03/29/2018 14:49:05	54.0	53.0	11.3158
03/29/2018 14:49:16	55.0	54.0	12.8947
03/29/2018 14:49:27	55.0	55.0	12.0104
03/29/2018 14:49:38	57.0	56.0	11.5789
03/29/2018 14:49:49	54.0	54.0	13.089
03/29/2018 14:50:00	52.0	51.0	12.5
03/29/2018 14:50:11	50.0	51.0	14.1361
03/29/2018 14:50:22	50.0	50.0	13.2275
03/29/2018 14:50:33	49.0	49.0	13.4565
03/29/2018 14:50:45	48.0	48.0	14.5503
03/29/2018 14:50:56	49.0	48.0	14.2857
03/29/2018 14:51:07	46.0	46.0	12.336
03/29/2018 14:51:18	48.0	46.0	14.4737
03/29/2018 14:51:29	49.0	50.0	12.1372
03/29/2018 14:51:40	50.0	50.0	12.0735
03/29/2018 14:51:51	51.0	51.0	12.7937
03/29/2018 14:52:02	53.0	52.0	12.2396
03/29/2018 14:52:13	54.0	53.0	11.5789
03/29/2018 14:52:24	54.0	54.0	13.0208
03/29/2018 14:52:35	55.0	54.0	11.9792
03/29/2018 14:52:46	55.0	55.0	12.7937
03/29/2018 14:52:57	55.0	55.0	12.5654
03/29/2018 14:53:08	53.0	53.0	12.3037
03/29/2018 14:53:19	52.0	51.0	13.9474
03/29/2018 14:53:30	50.0	50.0	14.9215
03/29/2018 14:53:41	48.0	49.0	13.8743
03/29/2018 14:53:52	49.0	48.0	13.3858
03/29/2018 14:54:03	48.0	47.0	13.6483
03/29/2018 14:54:14	48.0	47.0	13.1579
03/29/2018 14:54:25	48.0	47.0	14.6982
03/29/2018 14:54:36	50.0	50.0	13.577
03/29/2018 14:54:47	51.0	51.0	14.026
03/29/2018 14:54:58	52.0	51.0	13.1234
03/29/2018 14:55:09	53.0	53.0	11.6883
03/29/2018 14:55:20	54.0	54.0	12.0419
03/29/2018 14:55:31	55.0	54.0	12.8609
03/29/2018 14:55:42	55.0	54.0	11.5183
03/29/2018 14:55:53	56.0	55.0	12.0419
03/29/2018 14:56:05	55.0	54.0	12.1372
03/29/2018 14:56:16	52.0	52.0	12.5984
03/29/2018 14:56:27	51.0	51.0	13.9474
03/29/2018 14:56:38	50.0	50.0	15
03/29/2018 14:56:49	49.0	48.0	13.089
03/29/2018 14:57:00	48.0	47.0	14.2105
03/29/2018 14:57:11	48.0	47.0	13.4565
03/29/2018 14:57:22	47.0	46.0	12.8272
03/29/2018 14:57:33	47.0	47.0	13.2275
03/29/2018 14:57:44	49.0	48.0	12.766
03/29/2018 14:57:55	51.0	51.0	11.811
03/29/2018 14:58:06	51.0	51.0	13.6483
03/29/2018 14:58:17	53.0	53.0	12.2715
03/29/2018 14:58:28	54.0	54.0	12.0419
03/29/2018 14:58:39	54.0	54.0	12.0104
03/29/2018 14:58:50	55.0	54.0	11.7493
03/29/2018 14:59:01	55.0	56.0	11.2861
03/29/2018 14:59:12	56.0	55.0	12.5984
03/29/2018 14:59:23	55.0	55.0	11.9792
03/29/2018 14:59:34	53.0	53.0	13.0208
03/29/2018 14:59:45	51.0	51.0	13.089
03/29/2018 14:59:56	50.0	50.0	13.8743
03/29/2018 15:00:07	49.0	48.0	14.0992
03/29/2018 15:00:18	48.0	48.0	14.6597
03/29/2018 15:00:29	47.0	47.0	13.1579
03/29/2018 15:00:40	48.0	47.0	14.4737
03/29/2018 15:00:51	49.0	48.0	13.3508
03/29/2018 15:01:02	50.0	50.0	12.336
03/29/2018 15:01:13	52.0	51.0	12.1053
03/29/2018 15:01:25	53.0	53.0	11.9481
03/29/2018 15:01:36	54.0	53.0	12.1053
03/29/2018 15:01:47	54.0	54.0	12.2715
03/29/2018 15:01:58	56.0	55.0	12.2715
03/29/2018 15:02:09	57.0	55.0	11.2565
03/29/2018 15:02:20	57.0	55.0	13.0208
03/29/2018 15:02:31	55.0	54.0	12.9199
03/29/2018 15:02:42	52.0	53.0	12.0735
03/29/2018 15:02:53	50.0	51.0	12.8947
03/29/2018 15:03:04	50.0	49.0	13.4211
03/29/2018 15:03:15	49.0	48.0	12.8947
03/29/2018 15:03:26	48.0	48.0	13.3858
03/29/2018 15:03:37	47.0	48.0	13.3858
03/29/2018 15:03:48	47.0	47.0	14.6982
03/29/2018 15:03:59	48.0	48.0	13.3858
03/29/2018 15:04:10	50.0	50.0	12.7937
03/29/2018 15:04:21	51.0	51.0	12.8609
03/29/2018 15:04:32	53.0	53.0	11.8421
03/29/2018 15:04:43	54.0	54.0	12.0735
03/29/2018 15:04:54	54.0	54.0	12.8272
03/29/2018 15:05:05	55.0	55.0	12.0104
03/29/2018 15:05:16	56.0	55.0	11.4883
03/29/2018 15:05:27	56.0	56.0	12.2715
03/29/2018 15:05:38	54.0	54.0	13.0208
03/29/2018 15:05:49	52.0	52.0	13.3858
03/29/2018 15:06:00	50.0	50.0	14.3979
03/29/2018 15:06:11	50.0	50.0	13.2275
03/29/2018 15:06:22	48.0	48.0	15.2632
03/29/2018 15:06:34	48.0	48.0	12.6649
03/29/2018 15:06:45	48.0	47.0	13.4211
03/29/2018 15:06:56	47.0	46.0	13.9842
03/29/2018 15:07:07	48.0	48.0	13.6126
03/29/2018 15:07:18	50.0	49.0	12.336
03/29/2018 15:07:29	51.0	51.0	13.089
03/29/2018 15:07:40	52.0	52.0	11.3158
03/29/2018 15:07:51	54.0	53.0	12.7273
03/29/2018 15:08:02	53.0	54.0	13.0208
03/29/2018 15:08:13	55.0	54.0	12.336
03/29/2018 15:08:24	55.0	55.0	12.9288
03/29/2018 15:08:35	55.0	56.0	11.8421
03/29/2018 15:08:46	55.0	55.0	11.5183
03/29/2018 15:08:57	53.0	53.0	12.7604
03/29/2018 15:09:08	51.0	51.0	13.1926
03/29/2018 15:09:19	50.0	50.0	14.1361
03/29/2018 15:09:30	49.0	48.0	13.3508
03/29/2018 15:09:41	48.0	48.0	12.8947
03/29/2018 15:09:52	48.0	47.0	13.6483
03/29/2018 15:10:03	47.0	47.0	14.5119
03/29/2018 15:10:14	48.0	47.0	13.3508
03/29/2018 15:10:25	50.0	50.0	14.6597
03/29/2018 15:10:36	51.0	51.0	15.748
03/29/2018 15:10:47	52.0	53.0	12.5654
03/29/2018 15:10:58	54.0	53.0	12.2715
03/29/2018 15:11:09	54.0	54.0	12.3037
03/29/2018 15:11:20	55.0	55.0	12.5984
03/29/2018 15:11:31	55.0	55.0	12.5654
03/29/2018 15:11:42	56.0	56.0	12.5
03/29/2018 15:11:54	55.0	54.0	12.5654
03/29/2018 15:12:05	52.0	53.0	13.3159
03/29/2018 15:12:16	51.0	51.0	13.6483
03/29/2018 15:12:27	50.0	49.0	17.6781
03/29/2018 15:12:38	49.0	49.0	15.4856
03/29/2018 15:12:49	48.0	48.0	15.0396
03/29/2018 15:13:00	48.0	46.0	14.7757
03/29/2018 15:13:11	48.0	47.0	17.6781
03/29/2018 15:13:22	47.0	47.0	15.8311
03/29/2018 15:13:33	49.0	48.0	14.1361
03/29/2018 15:13:44	51.0	51.0	13.0208
03/29/2018 15:13:55	52.0	51.0	11.811
03/29/2018 15:14:06	53.0	53.0	12.5
03/29/2018 15:14:17	53.0	54.0	11.3456
03/29/2018 15:14:28	54.0	54.0	12.5984
03/29/2018 15:14:39	55.0	55.0	12.336
03/29/2018 15:14:50	56.0	56.0	18.1347
03/29/2018 15:15:01	55.0	55.0	17.2324
03/29/2018 15:15:12	52.0	53.0	15.748
03/29/2018 15:15:23	51.0	51.0	16.5354
03/29/2018 15:15:34	50.0	50.0	15.9269
03/29/2018 15:15:45	49.0	49.0	15.9686
03/29/2018 15:15:56	49.0	48.0	18.0628
03/29/2018 15:16:07	48.0	47.0	16.095
03/29/2018 15:16:18	47.0	47.0	17.1958
