02/14/2018 18:30:22	46.0	46.0	0.75188
02/14/2018 18:30:33	46.0	46.0	3.80711
02/14/2018 18:30:44	46.0	46.0	0.757576
02/14/2018 18:30:55	46.0	46.0	1.26582
02/14/2018 18:31:06	46.0	46.0	2.77778
02/14/2018 18:31:17	46.0	45.0	0.503778
02/14/2018 18:31:28	48.0	49.0	5.76923
02/14/2018 18:31:39	53.0	50.0	2.51889
02/14/2018 18:31:50	53.0	50.0	3.04569
02/14/2018 18:32:01	49.0	48.0	22.0779
02/14/2018 18:32:12	48.0	49.0	3.80711
02/14/2018 18:32:23	48.0	49.0	3.05344
02/14/2018 18:32:34	48.0	48.0	2.03562
02/14/2018 18:32:45	48.0	48.0	1.0101
02/14/2018 18:32:56	48.0	48.0	3.30789
02/14/2018 18:33:07	48.0	48.0	6.66667
02/14/2018 18:33:18	48.0	47.0	0
02/14/2018 18:33:29	48.0	48.0	1.79028
02/14/2018 18:33:40	47.0	47.0	1.77665
02/14/2018 18:33:51	47.0	47.0	3.05344
02/14/2018 18:34:02	47.0	46.0	1.25945
02/14/2018 18:34:13	48.0	47.0	1.75879
02/14/2018 18:34:24	47.0	47.0	2.28426
02/14/2018 18:34:35	47.0	47.0	1.78571
02/14/2018 18:34:46	47.0	46.0	1.27226
02/14/2018 18:34:57	47.0	47.0	3.33333
02/14/2018 18:35:08	47.0	46.0	3.66667
02/14/2018 18:35:19	47.0	47.0	3.29949
02/14/2018 18:35:30	47.0	46.0	4.68227
02/14/2018 18:35:41	48.0	46.0	5.01672
02/14/2018 18:35:52	47.0	47.0	2.34114
02/14/2018 18:36:03	47.0	47.0	4.34783
02/14/2018 18:36:14	47.0	47.0	1.25628
02/14/2018 18:36:26	47.0	47.0	2.03046
02/14/2018 18:36:37	46.0	47.0	2.79898
02/14/2018 18:36:48	47.0	47.0	6.66667
02/14/2018 18:36:59	47.0	47.0	0.251889
02/14/2018 18:37:10	46.0	47.0	3.56234
02/14/2018 18:37:22	49.0	51.0	35.1064
02/14/2018 18:37:33	48.0	47.0	18.3607
02/14/2018 18:37:44	50.0	50.0	18.543
02/14/2018 18:37:55	50.0	50.0	14.2857
02/14/2018 18:38:06	50.0	50.0	16.1677
02/14/2018 18:38:17	50.0	50.0	13.6126
02/14/2018 18:38:29	51.0	51.0	13.7203
02/14/2018 18:38:40	51.0	51.0	12.336
02/14/2018 18:38:51	52.0	52.0	13.4921
02/14/2018 18:39:02	52.0	53.0	12.6316
02/14/2018 18:39:13	53.0	53.0	16.7979
02/14/2018 18:39:24	55.0	54.0	12.6649
02/14/2018 18:39:35	54.0	54.0	13.3858
02/14/2018 18:39:46	55.0	54.0	18.1579
02/14/2018 18:39:57	56.0	56.0	17.4935
02/14/2018 18:40:08	56.0	56.0	13.4565
02/14/2018 18:40:19	56.0	56.0	12.1053
02/14/2018 18:40:30	56.0	56.0	13.1234
02/14/2018 18:40:41	54.0	54.0	14.0212
02/14/2018 18:40:52	52.0	52.0	15.0794
02/14/2018 18:41:03	51.0	50.0	14.5119
02/14/2018 18:41:14	50.0	50.0	15.3439
02/14/2018 18:41:25	49.0	49.0	15.1194
02/14/2018 18:41:36	48.0	48.0	14.6277
02/14/2018 18:41:47	48.0	46.0	13.8298
02/14/2018 18:41:58	47.0	47.0	15.1596
02/14/2018 18:42:09	49.0	48.0	14.6667
02/14/2018 18:42:20	50.0	50.0	15.8311
02/14/2018 18:42:31	51.0	51.0	17.1053
02/14/2018 18:42:42	52.0	53.0	27.11
02/14/2018 18:42:54	54.0	54.0	13.8667
02/14/2018 18:43:05	55.0	54.0	17.942
02/14/2018 18:43:16	56.0	56.0	12.4011
02/14/2018 18:43:27	56.0	55.0	12.234
02/14/2018 18:43:38	57.0	57.0	13.2275
02/14/2018 18:43:49	55.0	54.0	12.4668
02/14/2018 18:44:00	53.0	52.0	17.0604
02/14/2018 18:44:11	51.0	51.0	12.4339
02/14/2018 18:44:22	50.0	50.0	13.941
02/14/2018 18:44:33	49.0	50.0	14.3617
02/14/2018 18:44:44	49.0	48.0	14.3236
02/14/2018 18:44:55	49.0	48.0	12.963
02/14/2018 18:45:06	48.0	48.0	15.1194
02/14/2018 18:45:17	48.0	47.0	13.3333
02/14/2018 18:45:28	47.0	47.0	14.1176
02/14/2018 18:45:39	49.0	48.0	14.5503
02/14/2018 18:45:50	51.0	51.0	12.1693
02/14/2018 18:46:01	52.0	52.0	13.6842
02/14/2018 18:46:12	53.0	53.0	12.6984
02/14/2018 18:46:23	54.0	54.0	12.1372
02/14/2018 18:46:34	55.0	55.0	12.4011
02/14/2018 18:46:45	57.0	55.0	13.3858
02/14/2018 18:46:56	57.0	56.0	12.3684
02/14/2018 18:47:08	56.0	55.0	12.9288
02/14/2018 18:47:19	54.0	53.0	16.0526
02/14/2018 18:47:30	53.0	53.0	18.0851
02/14/2018 18:47:41	51.0	51.0	15.6915
02/14/2018 18:47:52	51.0	51.0	14.9333
02/14/2018 18:48:03	50.0	50.0	21.6561
02/14/2018 18:48:14	49.0	50.0	20.3883
02/14/2018 18:48:26	49.0	49.0	14.6277
02/14/2018 18:48:37	49.0	48.0	15.7333
02/14/2018 18:48:48	49.0	48.0	14.1333
02/14/2018 18:48:59	49.0	49.0	18.3727
02/14/2018 18:49:10	49.0	48.0	18.4987
02/14/2018 18:49:21	49.0	48.0	16.4491
02/14/2018 18:49:32	49.0	48.0	14.0957
02/14/2018 18:49:43	49.0	48.0	15.3034
02/14/2018 18:49:54	49.0	48.0	13.2626
02/14/2018 18:50:05	48.0	48.0	14.4
02/14/2018 18:50:16	48.0	47.0	15.3846
02/14/2018 18:50:27	48.0	47.0	12.1294
02/14/2018 18:50:38	48.0	47.0	14.4357
02/14/2018 18:50:49	50.0	48.0	15.4255
02/14/2018 18:51:00	47.0	47.0	15.5914
02/14/2018 18:51:11	48.0	48.0	14.5161
02/14/2018 18:51:22	49.0	49.0	13.2275
02/14/2018 18:51:33	51.0	50.0	17.9894
02/14/2018 18:51:44	53.0	53.0	13.1926
02/14/2018 18:51:55	53.0	53.0	12.6984
02/14/2018 18:52:07	57.0	55.0	12.4011
02/14/2018 18:52:18	55.0	54.0	12.6316
02/14/2018 18:52:29	56.0	55.0	12.336
02/14/2018 18:52:40	56.0	56.0	12.6316
02/14/2018 18:52:51	55.0	54.0	13.9474
02/14/2018 18:53:02	53.0	53.0	13.8667
02/14/2018 18:53:13	51.0	51.0	12.4668
02/14/2018 18:53:24	50.0	51.0	15.8311
02/14/2018 18:53:35	50.0	50.0	14.3617
02/14/2018 18:53:46	49.0	49.0	13.6364
02/14/2018 18:53:57	49.0	48.0	13.7203
02/14/2018 18:54:08	49.0	48.0	14.4
02/14/2018 18:54:19	48.0	48.0	14.1711
02/14/2018 18:54:30	48.0	48.0	14.1333
02/14/2018 18:54:41	48.0	48.0	13.6364
02/14/2018 18:54:52	49.0	48.0	13.9037
02/14/2018 18:55:03	47.0	47.0	14.0212
02/14/2018 18:55:14	48.0	47.0	14.2857
02/14/2018 18:55:25	48.0	47.0	14.6667
02/14/2018 18:55:36	49.0	48.0	13.6729
02/14/2018 18:55:47	50.0	50.0	12.1372
02/14/2018 18:55:58	52.0	51.0	13.4565
02/14/2018 18:56:09	53.0	53.0	12.1693
02/14/2018 18:56:20	54.0	53.0	12.5
02/14/2018 18:56:31	56.0	54.0	12.4339
02/14/2018 18:56:42	56.0	55.0	11.8734
02/14/2018 18:56:53	57.0	56.0	11.9363
02/14/2018 18:57:05	55.0	54.0	13.1579
02/14/2018 18:57:16	53.0	53.0	13.9842
02/14/2018 18:57:27	51.0	51.0	13.4921
02/14/2018 18:57:38	51.0	50.0	13.3333
02/14/2018 18:57:49	50.0	50.0	14.3236
02/14/2018 18:58:00	50.0	50.0	16.7131
02/14/2018 18:58:11	49.0	49.0	14.2857
02/14/2018 18:58:22	49.0	48.0	14.5889
02/14/2018 18:58:33	49.0	48.0	14.8541
02/14/2018 18:58:44	48.0	47.0	15.0396
02/14/2018 18:58:55	48.0	48.0	14.4737
02/14/2018 18:59:06	48.0	48.0	15.1596
02/14/2018 18:59:17	48.0	47.0	14.8936
02/14/2018 18:59:28	48.0	47.0	12.6649
02/14/2018 18:59:39	48.0	47.0	14.3236
02/14/2018 18:59:50	48.0	47.0	13.4921
02/14/2018 19:00:01	48.0	47.0	12.8947
02/14/2018 19:00:12	49.0	48.0	13.9037
02/14/2018 19:00:23	50.0	51.0	13.2275
02/14/2018 19:00:34	52.0	51.0	13.7203
02/14/2018 19:00:45	53.0	53.0	11.6095
02/14/2018 19:00:56	54.0	54.0	12.5984
02/14/2018 19:01:07	55.0	54.0	12.4011
02/14/2018 19:01:18	56.0	55.0	12.5326
02/14/2018 19:01:29	56.0	55.0	12.5984
02/14/2018 19:01:40	54.0	54.0	13.2979
02/14/2018 19:01:51	52.0	52.0	14.0212
02/14/2018 19:02:02	51.0	51.0	12.3037
02/14/2018 19:02:14	50.0	50.0	14.3617
02/14/2018 19:02:25	50.0	50.0	13.4921
02/14/2018 19:02:36	49.0	49.0	13.0208
02/14/2018 19:02:47	49.0	49.0	14.5503
02/14/2018 19:02:58	49.0	48.0	14.248
02/14/2018 19:03:09	48.0	48.0	15.3439
02/14/2018 19:03:20	49.0	48.0	14.6277
02/14/2018 19:03:31	49.0	47.0	14.0212
02/14/2018 19:03:42	49.0	47.0	14.0584
02/14/2018 19:03:53	48.0	48.0	13.7203
02/14/2018 19:04:04	48.0	47.0	13.3333
02/14/2018 19:04:15	48.0	47.0	13.6126
02/14/2018 19:04:26	48.0	47.0	13.4565
02/14/2018 19:04:37	48.0	47.0	14.5119
02/14/2018 19:04:48	48.0	47.0	14.7757
02/14/2018 19:04:59	48.0	46.0	14.0957
02/14/2018 19:05:10	48.0	47.0	14.5503
02/14/2018 19:05:21	50.0	50.0	15.0396
02/14/2018 19:05:32	50.0	51.0	13.9474
02/14/2018 19:05:43	51.0	51.0	14.0992
02/14/2018 19:05:54	53.0	53.0	12.3037
02/14/2018 19:06:05	54.0	54.0	12.1693
02/14/2018 19:06:16	55.0	54.0	12.9288
02/14/2018 19:06:27	56.0	56.0	11.8421
02/14/2018 19:06:38	57.0	56.0	13.2468
02/14/2018 19:06:49	55.0	54.0	12.6316
02/14/2018 19:07:00	52.0	53.0	12.1372
02/14/2018 19:07:11	52.0	51.0	12.336
02/14/2018 19:07:23	50.0	50.0	14.791
02/14/2018 19:07:34	50.0	49.0	14.1732
02/14/2018 19:07:45	50.0	49.0	13.9108
02/14/2018 19:07:56	49.0	49.0	13.2979
02/14/2018 19:08:07	49.0	48.0	13.9474
02/14/2018 19:08:18	48.0	48.0	13.8743
02/14/2018 19:08:29	48.0	48.0	13.9842
02/14/2018 19:08:40	48.0	48.0	12.963
02/14/2018 19:08:51	49.0	47.0	14.2105
02/14/2018 19:09:02	48.0	47.0	14.2105
02/14/2018 19:09:13	48.0	48.0	13.5638
02/14/2018 19:09:24	48.0	48.0	14.4737
02/14/2018 19:09:35	47.0	47.0	13.9474
02/14/2018 19:09:46	48.0	47.0	13.2275
02/14/2018 19:09:57	47.0	47.0	12.3684
02/14/2018 19:10:08	49.0	48.0	13.2275
02/14/2018 19:10:19	50.0	50.0	12.3037
02/14/2018 19:10:30	52.0	51.0	12.4011
02/14/2018 19:10:41	53.0	53.0	12.1372
02/14/2018 19:10:52	53.0	53.0	14.0992
02/14/2018 19:11:03	55.0	54.0	11.8421
02/14/2018 19:11:14	55.0	56.0	12.5326
02/14/2018 19:11:25	57.0	56.0	11.7493
02/14/2018 19:11:36	56.0	55.0	13.0548
02/14/2018 19:11:47	54.0	54.0	11.5486
02/14/2018 19:11:58	52.0	53.0	14.6597
02/14/2018 19:12:10	51.0	51.0	13.1579
02/14/2018 19:12:21	50.0	51.0	13.9474
02/14/2018 19:12:32	50.0	50.0	14.1361
02/14/2018 19:12:43	50.0	50.0	13.9842
02/14/2018 19:12:54	49.0	49.0	14.7368
02/14/2018 19:13:05	49.0	48.0	14.7368
02/14/2018 19:13:16	49.0	48.0	14.2105
02/14/2018 19:13:27	49.0	48.0	14.7757
02/14/2018 19:13:38	48.0	48.0	14.3236
02/14/2018 19:13:49	48.0	48.0	13.9842
02/14/2018 19:14:00	48.0	47.0	14.0584
02/14/2018 19:14:11	48.0	48.0	13.6842
02/14/2018 19:14:22	48.0	48.0	12.8947
02/14/2018 19:14:33	48.0	47.0	13.7566
02/14/2018 19:14:44	48.0	48.0	14.4737
02/14/2018 19:14:55	48.0	47.0	13.3858
02/14/2018 19:15:06	48.0	48.0	14.0584
02/14/2018 19:15:17	48.0	46.0	14.1361
02/14/2018 19:15:28	48.0	47.0	13.7566
02/14/2018 19:15:39	47.0	47.0	14.2105
02/14/2018 19:15:50	48.0	48.0	13.7203
02/14/2018 19:16:01	50.0	50.0	12.6984
02/14/2018 19:16:12	52.0	51.0	12.5984
02/14/2018 19:16:23	52.0	52.0	12.5326
02/14/2018 19:16:34	54.0	53.0	12.1372
02/14/2018 19:16:45	55.0	55.0	12.3037
02/14/2018 19:16:56	56.0	55.0	11.5183
02/14/2018 19:17:07	56.0	56.0	11.7801
02/14/2018 19:17:18	56.0	56.0	12.0419
02/14/2018 19:17:30	54.0	54.0	12.5654
02/14/2018 19:17:41	53.0	52.0	13.4211
02/14/2018 19:17:52	51.0	51.0	11.811
02/14/2018 19:18:03	51.0	51.0	12.6316
02/14/2018 19:18:14	50.0	50.0	13.3858
02/14/2018 19:18:25	49.0	49.0	13.6842
02/14/2018 19:18:36	49.0	49.0	14.1361
02/14/2018 19:18:47	49.0	49.0	14.2105
02/14/2018 19:18:58	49.0	48.0	13.9474
02/14/2018 19:19:09	49.0	48.0	13.6842
02/14/2018 19:19:20	48.0	47.0	13.9474
02/14/2018 19:19:31	48.0	48.0	12.4011
02/14/2018 19:19:42	48.0	48.0	12.6984
02/14/2018 19:19:53	48.0	47.0	14.248
02/14/2018 19:20:04	48.0	47.0	13.0319
02/14/2018 19:20:15	47.0	47.0	14.2857
02/14/2018 19:20:26	48.0	47.0	12.9288
02/14/2018 19:20:37	48.0	48.0	13.9108
02/14/2018 19:20:48	50.0	51.0	13.8381
02/14/2018 19:20:59	52.0	52.0	13.089
02/14/2018 19:21:10	53.0	53.0	11.8421
02/14/2018 19:21:21	55.0	54.0	12.6984
02/14/2018 19:21:32	56.0	54.0	11.3456
02/14/2018 19:21:43	56.0	55.0	11.5486
02/14/2018 19:21:54	57.0	56.0	11.8734
02/14/2018 19:22:05	55.0	54.0	12.336
02/14/2018 19:22:16	53.0	53.0	12.336
02/14/2018 19:22:27	51.0	51.0	12.0419
02/14/2018 19:22:38	50.0	51.0	12.5326
02/14/2018 19:22:50	51.0	50.0	12.3684
02/14/2018 19:23:01	50.0	49.0	14.2105
02/14/2018 19:23:12	49.0	49.0	13.6842
02/14/2018 19:23:23	49.0	48.0	14.4737
02/14/2018 19:23:34	49.0	48.0	13.2626
02/14/2018 19:23:45	49.0	48.0	13.5279
02/14/2018 19:23:56	48.0	48.0	14.2105
02/14/2018 19:24:07	48.0	48.0	14.7368
02/14/2018 19:24:18	49.0	47.0	14.1732
02/14/2018 19:24:29	48.0	47.0	15.0396
02/14/2018 19:24:40	48.0	47.0	15.6499
02/14/2018 19:24:51	54.0	50.0	0.757576
02/14/2018 19:25:02	48.0	47.0	1.78117
02/14/2018 19:25:13	49.0	49.0	3.05344
02/14/2018 19:25:24	50.0	50.0	1.0101
02/14/2018 19:25:35	50.0	50.0	3.67893
02/14/2018 19:25:46	51.0	50.0	3.01003
02/14/2018 19:25:57	51.0	50.0	2.79188
02/14/2018 19:26:08	51.0	51.0	0.503778
02/14/2018 19:26:19	52.0	51.0	3.80711
02/14/2018 19:26:30	52.0	51.0	5.10204
02/14/2018 19:26:41	52.0	52.0	0.251889
02/14/2018 19:26:52	51.0	51.0	53.3149
02/14/2018 19:27:03	52.0	53.0	8.9701
02/14/2018 19:27:15	51.0	50.0	7.27273
02/14/2018 19:27:26	50.0	49.0	6.56168
02/14/2018 19:27:37	48.0	48.0	7.34908
02/14/2018 19:27:48	48.0	47.0	7.03125
02/14/2018 19:27:59	47.0	47.0	6.80628
02/14/2018 19:28:10	49.0	49.0	7.03125
02/14/2018 19:28:21	51.0	50.0	6.28272
02/14/2018 19:28:32	51.0	51.0	6.25
02/14/2018 19:28:43	53.0	52.0	6.5445
02/14/2018 19:28:54	53.0	53.0	5.72917
02/14/2018 19:29:05	54.0	54.0	5.98958
02/14/2018 19:29:16	55.0	54.0	6.25
02/14/2018 19:29:27	55.0	56.0	5.98958
02/14/2018 19:29:38	56.0	56.0	6.25
02/14/2018 19:29:49	57.0	56.0	5.95855
02/14/2018 19:30:00	57.0	56.0	5.98958
02/14/2018 19:30:11	54.0	54.0	7.38786
02/14/2018 19:30:22	52.0	52.0	6.77083
02/14/2018 19:30:33	51.0	51.0	6.26632
02/14/2018 19:30:44	50.0	50.0	7.59162
02/14/2018 19:30:55	49.0	49.0	6.75325
02/14/2018 19:31:06	49.0	48.0	7.59162
02/14/2018 19:31:17	48.0	48.0	7.08661
02/14/2018 19:31:28	49.0	47.0	6.80628
02/14/2018 19:31:39	48.0	47.0	6.78851
02/14/2018 19:31:50	48.0	47.0	7.59162
02/14/2018 19:32:02	47.0	46.0	6.29921
02/14/2018 19:32:13	48.0	48.0	7.8329
02/14/2018 19:32:24	50.0	50.0	6.26632
02/14/2018 19:32:35	52.0	51.0	6.77083
02/14/2018 19:32:46	53.0	53.0	6.77083
02/14/2018 19:32:57	55.0	53.0	6.49351
02/14/2018 19:33:08	55.0	54.0	6.25
02/14/2018 19:33:19	56.0	55.0	6.51042
02/14/2018 19:33:30	56.0	55.0	6.21762
02/14/2018 19:33:41	57.0	56.0	5.72917
02/14/2018 19:33:52	55.0	54.0	6.82415
02/14/2018 19:34:03	53.0	52.0	6.51042
02/14/2018 19:34:14	51.0	51.0	7.8125
02/14/2018 19:34:25	50.0	51.0	7.3107
02/14/2018 19:34:36	50.0	50.0	7.04961
02/14/2018 19:34:47	50.0	48.0	7.27273
02/14/2018 19:34:58	49.0	48.0	7.36842
02/14/2018 19:35:09	48.0	48.0	6.28272
02/14/2018 19:35:20	48.0	48.0	8.09399
02/14/2018 19:35:31	48.0	47.0	7.01299
02/14/2018 19:35:42	47.0	47.0	6.56168
02/14/2018 19:35:53	47.0	47.0	7.8329
02/14/2018 19:36:04	48.0	47.0	8.09399
02/14/2018 19:36:15	49.0	48.0	6.52742
02/14/2018 19:36:26	50.0	50.0	7.29167
02/14/2018 19:36:37	51.0	51.0	7.01299
02/14/2018 19:36:48	53.0	52.0	6.00522
02/14/2018 19:36:59	54.0	54.0	7.03125
02/14/2018 19:37:10	54.0	54.0	6.25
02/14/2018 19:37:22	56.0	56.0	6.52742
02/14/2018 19:37:33	57.0	55.0	6.23377
02/14/2018 19:37:44	56.0	56.0	6.51042
02/14/2018 19:37:55	54.0	53.0	6.5445
02/14/2018 19:38:06	52.0	52.0	7.87402
02/14/2018 19:38:17	51.0	51.0	6.26632
02/14/2018 19:38:28	50.0	50.0	7.8125
02/14/2018 19:38:39	50.0	49.0	6.5445
02/14/2018 19:38:50	50.0	49.0	7.04961
02/14/2018 19:39:01	49.0	48.0	6.80628
02/14/2018 19:39:12	48.0	48.0	10.4712
02/14/2018 19:39:23	48.0	48.0	6.52742
02/14/2018 19:39:34	49.0	47.0	7.06806
02/14/2018 19:39:45	48.0	47.0	7.04961
02/14/2018 19:39:56	49.0	47.0	8.66142
02/14/2018 19:40:07	48.0	47.0	9.13838
02/14/2018 19:40:18	50.0	48.0	6.5445
02/14/2018 19:40:29	48.0	47.0	7.03125
02/14/2018 19:40:40	48.0	47.0	6.5445
02/14/2018 19:40:51	49.0	48.0	7.04961
02/14/2018 19:41:02	51.0	51.0	7.08661
02/14/2018 19:41:13	52.0	51.0	6.5445
02/14/2018 19:41:24	53.0	53.0	5.74413
02/14/2018 19:41:35	54.0	54.0	7.04961
02/14/2018 19:41:46	55.0	54.0	6.26632
02/14/2018 19:41:57	56.0	55.0	3.125
02/14/2018 19:42:08	60.0	59.0	9.73451
02/14/2018 19:42:20	54.0	53.0	12.6984
02/14/2018 19:42:31	52.0	52.0	14.0212
02/14/2018 19:42:42	51.0	51.0	13.9108
02/14/2018 19:42:53	51.0	50.0	17.8344
02/14/2018 19:43:04	50.0	50.0	22.3443
02/14/2018 19:43:15	54.0	51.0	16.0131
02/14/2018 19:43:26	50.0	49.0	13.7203
02/14/2018 19:43:37	49.0	48.0	19.1601
02/14/2018 19:43:48	50.0	48.0	17.2414
02/14/2018 19:43:59	50.0	48.0	19.8433
02/14/2018 19:44:10	50.0	48.0	19.3717
02/14/2018 19:44:21	49.0	49.0	14.8541
02/14/2018 19:44:32	49.0	48.0	13.9842
02/14/2018 19:44:43	49.0	48.0	14.8248
02/14/2018 19:44:55	49.0	48.0	16.095
02/14/2018 19:45:06	50.0	49.0	15.0794
02/14/2018 19:45:17	48.0	48.0	14.0212
02/14/2018 19:45:28	48.0	47.0	13.7566
02/14/2018 19:45:39	48.0	47.0	14.5503
02/14/2018 19:45:50	48.0	47.0	15
02/14/2018 19:46:01	48.0	47.0	11.5789
02/14/2018 19:46:12	48.0	46.0	15.1596
02/14/2018 19:46:23	48.0	47.0	15.8311
02/14/2018 19:46:34	49.0	48.0	18.5185
02/14/2018 19:46:45	49.0	48.0	14.3236
02/14/2018 19:46:56	48.0	48.0	13.8667
02/14/2018 19:47:07	48.0	47.0	14.8541
02/14/2018 19:47:18	48.0	47.0	14.0212
02/14/2018 19:47:29	47.0	46.0	14.0584
02/14/2018 19:47:40	51.0	50.0	12.963
02/14/2018 19:47:51	51.0	50.0	13.4921
02/14/2018 19:48:02	52.0	51.0	12.8609
02/14/2018 19:48:13	53.0	53.0	12.2016
02/14/2018 19:48:24	54.0	54.0	11.6402
02/14/2018 19:48:35	55.0	55.0	12.234
02/14/2018 19:48:46	57.0	56.0	12.1053
02/14/2018 19:48:57	56.0	55.0	11.4058
02/14/2018 19:49:09	54.0	53.0	33.3333
02/14/2018 19:49:20	53.0	53.0	18.9474
02/14/2018 19:49:31	53.0	52.0	19.0476
02/14/2018 19:49:42	52.0	52.0	18.5676
02/14/2018 19:49:53	51.0	50.0	15.873
02/14/2018 19:50:04	51.0	50.0	12.5
02/14/2018 19:50:15	51.0	50.0	13.2275
02/14/2018 19:50:26	50.0	49.0	15.3439
02/14/2018 19:50:37	50.0	49.0	18.2768
02/14/2018 19:50:48	50.0	49.0	13.2275
02/14/2018 19:50:59	49.0	48.0	14.4772
02/14/2018 19:51:10	49.0	49.0	14.0957
02/14/2018 19:51:21	49.0	48.0	14.8248
02/14/2018 19:51:32	49.0	48.0	13.3333
02/14/2018 19:51:43	48.0	48.0	13.4565
02/14/2018 19:51:55	48.0	48.0	13.8298
02/14/2018 19:52:06	48.0	47.0	15
02/14/2018 19:52:17	49.0	48.0	16.7553
02/14/2018 19:52:28	52.0	50.0	13.2979
02/14/2018 19:52:39	49.0	48.0	13.2979
02/14/2018 19:52:50	48.0	48.0	15.1194
02/14/2018 19:53:01	48.0	47.0	14.0584
02/14/2018 19:53:12	48.0	47.0	14.3617
02/14/2018 19:53:23	47.0	47.0	12.4011
02/14/2018 19:53:34	48.0	47.0	14.3617
02/14/2018 19:53:45	48.0	47.0	14.3236
02/14/2018 19:53:56	48.0	47.0	15.1194
02/14/2018 19:54:07	48.0	48.0	14.4
02/14/2018 19:54:18	50.0	50.0	12.6984
02/14/2018 19:54:29	51.0	51.0	12.4339
02/14/2018 19:54:40	53.0	53.0	15.2632
02/14/2018 19:54:51	54.0	54.0	12.9288
02/14/2018 19:55:02	55.0	54.0	11.7021
02/14/2018 19:55:13	56.0	56.0	12.8947
02/14/2018 19:55:24	57.0	56.0	12.4339
02/14/2018 19:55:35	55.0	54.0	12.8947
02/14/2018 19:55:46	53.0	53.0	11.8734
02/14/2018 19:55:57	52.0	51.0	14.7757
02/14/2018 19:56:08	51.0	51.0	11.9048
02/14/2018 19:56:19	50.0	51.0	14.3236
02/14/2018 19:56:30	50.0	50.0	15.1194
02/14/2018 19:56:41	50.0	49.0	14.7757
02/14/2018 19:56:52	49.0	48.0	13.9474
02/14/2018 19:57:03	49.0	49.0	14.5119
02/14/2018 19:57:15	49.0	48.0	14.3617
02/14/2018 19:57:26	49.0	49.0	14.5503
02/14/2018 19:57:37	49.0	48.0	15.0396
02/14/2018 19:57:48	48.0	48.0	13.5279
02/14/2018 19:57:59	49.0	48.0	13.9037
02/14/2018 19:58:10	48.0	47.0	14.3236
02/14/2018 19:58:21	49.0	48.0	14.7757
02/14/2018 19:58:32	49.0	48.0	14.3617
02/14/2018 19:58:43	48.0	47.0	13.5279
02/14/2018 19:58:54	48.0	47.0	14.248
02/14/2018 19:59:05	48.0	47.0	14.8148
02/14/2018 19:59:16	48.0	47.0	13.7931
02/14/2018 19:59:27	49.0	49.0	13.7931
02/14/2018 19:59:38	50.0	51.0	12.8609
02/14/2018 19:59:49	53.0	52.0	12.6649
02/14/2018 20:00:00	54.0	53.0	13.1579
02/14/2018 20:00:11	54.0	54.0	12.8947
02/14/2018 20:00:22	55.0	55.0	12.6316
02/14/2018 20:00:33	57.0	56.0	11.5486
02/14/2018 20:00:44	57.0	55.0	12.1372
02/14/2018 20:00:55	54.0	54.0	11.9048
02/14/2018 20:01:06	53.0	52.0	13.9474
02/14/2018 20:01:17	52.0	51.0	14.2857
02/14/2018 20:01:28	51.0	50.0	15.1194
02/14/2018 20:01:39	50.0	50.0	15.0794
02/14/2018 20:01:50	49.0	50.0	14.0957
02/14/2018 20:02:01	50.0	50.0	14.2857
02/14/2018 20:02:12	49.0	49.0	15.4255
02/14/2018 20:02:23	49.0	49.0	13.6483
02/14/2018 20:02:35	48.0	48.0	14.5889
02/14/2018 20:02:46	48.0	48.0	14.4737
02/14/2018 20:02:57	49.0	48.0	14.7368
02/14/2018 20:03:08	48.0	48.0	14.3236
02/14/2018 20:03:19	48.0	47.0	17.9625
02/14/2018 20:03:30	48.0	47.0	14.7757
02/14/2018 20:03:41	48.0	48.0	15.4255
02/14/2018 20:03:52	49.0	47.0	15.6499
02/14/2018 20:04:03	49.0	48.0	16.4491
02/14/2018 20:04:14	48.0	48.0	15.2
02/14/2018 20:04:25	49.0	48.0	14.4772
02/14/2018 20:04:36	48.0	48.0	13.6
02/14/2018 20:04:47	48.0	47.0	14.9333
02/14/2018 20:04:58	48.0	48.0	14.9333
02/14/2018 20:05:09	48.0	48.0	14.3236
02/14/2018 20:05:20	48.0	47.0	15.3846
02/14/2018 20:05:31	48.0	47.0	14.8541
02/14/2018 20:05:42	47.0	48.0	14.8148
02/14/2018 20:05:53	48.0	47.0	14.6667
02/14/2018 20:06:04	47.0	47.0	14.8148
02/14/2018 20:06:15	48.0	48.0	15.2231
02/14/2018 20:06:26	48.0	47.0	14.3236
02/14/2018 20:06:37	49.0	48.0	14.3617
02/14/2018 20:06:48	50.0	49.0	15.4255
02/14/2018 20:06:59	52.0	51.0	16.0526
02/14/2018 20:07:10	53.0	53.0	12.6984
02/14/2018 20:07:21	54.0	54.0	14.2857
02/14/2018 20:07:33	55.0	55.0	12.4339
02/14/2018 20:07:44	57.0	56.0	13.1234
02/14/2018 20:07:55	57.0	56.0	14.4737
02/14/2018 20:08:06	55.0	54.0	13.6842
02/14/2018 20:08:17	53.0	53.0	12.5654
02/14/2018 20:08:28	52.0	51.0	14.8148
02/14/2018 20:08:39	51.0	51.0	14.8541
02/14/2018 20:08:50	51.0	51.0	16.7109
02/14/2018 20:09:01	50.0	50.0	12.9288
02/14/2018 20:09:12	50.0	49.0	18.3024
02/14/2018 20:09:23	51.0	49.0	12.1693
02/14/2018 20:09:34	49.0	48.0	14.8936
02/14/2018 20:09:45	49.0	48.0	14.0212
02/14/2018 20:09:56	49.0	48.0	16.7109
02/14/2018 20:10:07	49.0	48.0	13.7931
02/14/2018 20:10:18	48.0	48.0	14.7368
02/14/2018 20:10:29	48.0	48.0	15.3034
02/14/2018 20:10:40	48.0	48.0	15.0794
02/14/2018 20:10:51	48.0	48.0	13.6842
02/14/2018 20:11:02	49.0	48.0	12.5
02/14/2018 20:11:13	50.0	49.0	14.6277
02/14/2018 20:11:24	48.0	48.0	15.6085
02/14/2018 20:11:35	49.0	47.0	15.9151
02/14/2018 20:11:46	49.0	47.0	15.6499
02/14/2018 20:11:57	49.0	48.0	14.8936
02/14/2018 20:12:08	48.0	48.0	15.1194
02/14/2018 20:12:19	48.0	48.0	14.7757
02/14/2018 20:12:30	48.0	48.0	14.3236
02/14/2018 20:12:42	48.0	48.0	14.6277
02/14/2018 20:12:53	48.0	48.0	14.248
02/14/2018 20:13:04	48.0	48.0	15.4255
02/14/2018 20:13:15	48.0	47.0	14.1333
02/14/2018 20:13:26	48.0	48.0	14.0957
02/14/2018 20:13:37	47.0	48.0	14.4
02/14/2018 20:13:48	48.0	48.0	13.7566
02/14/2018 20:13:59	49.0	50.0	12.8609
02/14/2018 20:14:10	51.0	51.0	12.336
02/14/2018 20:14:21	53.0	53.0	12.3037
02/14/2018 20:14:32	53.0	54.0	12.8609
02/14/2018 20:14:43	55.0	54.0	12.3684
02/14/2018 20:14:54	56.0	55.0	13.3508
02/14/2018 20:15:05	57.0	57.0	12.0104
02/14/2018 20:15:16	56.0	56.0	12.5984
02/14/2018 20:15:27	54.0	54.0	12.1372
02/14/2018 20:15:38	52.0	53.0	13.4565
02/14/2018 20:15:49	51.0	51.0	12.5654
02/14/2018 20:16:00	51.0	51.0	12.3684
02/14/2018 20:16:11	51.0	50.0	14.7757
02/14/2018 20:16:22	50.0	50.0	12.8
02/14/2018 20:16:33	49.0	49.0	13.7203
02/14/2018 20:16:44	49.0	49.0	13.2275
02/14/2018 20:16:55	49.0	49.0	15.0396
02/14/2018 20:17:06	49.0	49.0	13.7566
02/14/2018 20:17:17	49.0	48.0	13.7931
02/14/2018 20:17:28	48.0	48.0	13.7203
02/14/2018 20:17:39	48.0	49.0	14.3236
02/14/2018 20:17:50	48.0	48.0	12.4668
02/14/2018 20:18:02	48.0	48.0	14.4357
02/14/2018 20:18:13	49.0	48.0	13.9842
02/14/2018 20:18:24	48.0	48.0	13.5279
02/14/2018 20:18:35	49.0	48.0	13.4565
02/14/2018 20:18:46	48.0	47.0	13.4921
02/14/2018 20:18:57	48.0	48.0	13.4565
02/14/2018 20:19:08	48.0	48.0	15.3846
02/14/2018 20:19:19	48.0	47.0	12.9973
02/14/2018 20:19:30	48.0	47.0	13.6842
02/14/2018 20:19:41	48.0	47.0	14.8541
02/14/2018 20:19:52	49.0	48.0	17.2775
02/14/2018 20:20:03	50.0	50.0	17.8478
02/14/2018 20:20:14	49.0	48.0	14.8052
02/14/2018 20:20:25	49.0	48.0	17.6316
02/14/2018 20:20:36	49.0	48.0	52.8112
02/14/2018 20:20:48	49.0	49.0	18.5379
02/14/2018 20:20:59	49.0	49.0	17.1053
02/14/2018 20:21:10	49.0	48.0	19.1601
02/14/2018 20:21:21	49.0	48.0	16.9713
02/14/2018 20:21:32	50.0	49.0	18.6352
02/14/2018 20:21:43	49.0	48.0	15.9686
02/14/2018 20:21:54	50.0	49.0	17.801
02/14/2018 20:22:05	49.0	49.0	16.6667
02/14/2018 20:22:16	49.0	48.0	16.4491
02/14/2018 20:22:27	49.0	50.0	18.4211
02/14/2018 20:22:38	51.0	50.0	19.2105
02/14/2018 20:22:49	49.0	49.0	19.1601
02/14/2018 20:23:00	49.0	48.0	19.4805
02/14/2018 20:23:11	49.0	48.0	17.1504
02/14/2018 20:23:22	50.0	48.0	17.3684
02/14/2018 20:23:33	50.0	50.0	18.2292
02/14/2018 20:23:44	49.0	48.0	16.6667
02/14/2018 20:23:55	48.0	49.0	16.9271
02/14/2018 20:24:06	49.0	48.0	18.6352
02/14/2018 20:24:17	49.0	48.0	18.4896
02/14/2018 20:24:28	50.0	49.0	20.4724
02/14/2018 20:24:40	50.0	48.0	16.4921
02/14/2018 20:24:51	50.0	49.0	18.0157
02/14/2018 20:25:02	49.0	49.0	18.8482
02/14/2018 20:25:13	50.0	49.0	19.0104
02/14/2018 20:25:24	49.0	50.0	18.3727
02/14/2018 20:25:35	49.0	50.0	18.5864
02/14/2018 20:25:46	49.0	49.0	16.5789
02/14/2018 20:25:57	49.0	49.0	18.3246
02/14/2018 20:26:08	49.0	48.0	17.1429
02/14/2018 20:26:19	50.0	48.0	20.6266
02/14/2018 20:26:30	49.0	48.0	14.5503
02/14/2018 20:26:41	49.0	48.0	13.5638
02/14/2018 20:26:52	50.0	48.0	13.9842
02/14/2018 20:27:03	49.0	48.0	13.2626
02/14/2018 20:27:14	48.0	47.0	14.0212
02/14/2018 20:27:25	48.0	48.0	13.4211
02/14/2018 20:27:36	48.0	48.0	11.9681
02/14/2018 20:27:47	47.0	47.0	14.3236
02/14/2018 20:27:58	48.0	48.0	13.7931
02/14/2018 20:28:09	50.0	50.0	13.5638
02/14/2018 20:28:20	51.0	51.0	13.1579
02/14/2018 20:28:31	53.0	53.0	13.3858
02/14/2018 20:28:42	54.0	54.0	12.8609
02/14/2018 20:28:53	55.0	55.0	11.6095
02/14/2018 20:29:04	56.0	56.0	12.7937
02/14/2018 20:29:15	57.0	56.0	12.1693
02/14/2018 20:29:26	54.0	55.0	13.1579
02/14/2018 20:29:37	52.0	53.0	12.3684
02/14/2018 20:29:48	51.0	52.0	12.3684
02/14/2018 20:29:59	51.0	51.0	13.5279
02/14/2018 20:30:10	50.0	50.0	17.1875
02/14/2018 20:30:21	50.0	51.0	18.8482
02/14/2018 20:30:33	50.0	50.0	19.3717
02/14/2018 20:30:44	50.0	51.0	19.685
02/14/2018 20:30:55	50.0	50.0	16.3636
02/14/2018 20:31:06	50.0	50.0	18.0628
02/14/2018 20:31:17	51.0	50.0	19.3717
02/14/2018 20:31:28	50.0	50.0	17.9688
02/14/2018 20:31:39	50.0	50.0	18.5379
02/14/2018 20:31:50	50.0	49.0	18.799
02/14/2018 20:32:01	50.0	48.0	18.3246
02/14/2018 20:32:12	50.0	50.0	16.2304
02/14/2018 20:32:23	51.0	51.0	20.8995
02/14/2018 20:32:34	50.0	49.0	19.8433
02/14/2018 20:32:45	50.0	50.0	17.7546
02/14/2018 20:32:56	50.0	50.0	18.8976
02/14/2018 20:33:07	50.0	50.0	15.9686
02/14/2018 20:33:18	49.0	50.0	18.5864
02/14/2018 20:33:29	49.0	50.0	18.4211
02/14/2018 20:33:40	50.0	49.0	14.8825
02/14/2018 20:33:51	50.0	50.0	19.3717
02/14/2018 20:34:02	50.0	50.0	18.9974
02/14/2018 20:34:13	50.0	50.0	19.8953
02/14/2018 20:34:24	49.0	49.0	19.0601
02/14/2018 20:34:35	50.0	50.0	18.863
02/14/2018 20:34:46	49.0	50.0	17.8478
02/14/2018 20:34:57	50.0	50.0	15.625
02/14/2018 20:35:08	49.0	49.0	17.2775
02/14/2018 20:35:19	49.0	49.0	17.2324
02/14/2018 20:35:30	49.0	49.0	17.4935
02/14/2018 20:35:41	49.0	49.0	17.7083
02/14/2018 20:35:52	49.0	49.0	17.9221
02/14/2018 20:36:03	49.0	49.0	18.961
02/14/2018 20:36:14	49.0	49.0	17.5393
02/14/2018 20:36:25	49.0	49.0	19.7368
02/14/2018 20:36:36	49.0	49.0	18.6352
02/14/2018 20:36:47	49.0	48.0	18.1818
02/14/2018 20:36:58	49.0	49.0	13.9474
02/14/2018 20:37:09	49.0	48.0	14.5119
02/14/2018 20:37:20	48.0	48.0	12.963
02/14/2018 20:37:31	48.0	47.0	14.0212
02/14/2018 20:37:42	47.0	47.0	16.7109
02/14/2018 20:37:54	48.0	48.0	17.4479
02/14/2018 20:38:05	48.0	48.0	12.6984
02/14/2018 20:38:16	48.0	48.0	17.1053
02/14/2018 20:38:27	49.0	48.0	17.5393
02/14/2018 20:38:38	49.0	48.0	17.801
02/14/2018 20:38:49	49.0	48.0	19.9475
02/14/2018 20:39:00	49.0	49.0	17.2775
02/14/2018 20:39:11	49.0	49.0	20.0521
02/14/2018 20:39:22	49.0	49.0	18.5864
02/14/2018 20:39:33	49.0	49.0	16.2304
02/14/2018 20:39:44	49.0	49.0	13.8298
02/14/2018 20:39:55	49.0	49.0	17.2324
02/14/2018 20:40:06	50.0	49.0	18.1579
02/14/2018 20:40:17	50.0	49.0	16.5354
02/14/2018 20:40:28	50.0	49.0	19.0601
02/14/2018 20:40:39	49.0	49.0	17.3684
02/14/2018 20:40:50	49.0	49.0	18.3727
02/14/2018 20:41:01	50.0	49.0	19.4226
02/14/2018 20:41:12	49.0	49.0	15.4047
02/14/2018 20:41:23	49.0	48.0	17.1875
02/14/2018 20:41:34	49.0	49.0	17.7546
02/14/2018 20:41:45	49.0	48.0	16.6234
02/14/2018 20:41:56	49.0	48.0	17.1875
02/14/2018 20:42:07	49.0	48.0	17.3228
02/14/2018 20:42:18	48.0	49.0	17.0157
02/14/2018 20:42:29	49.0	49.0	16.9713
02/14/2018 20:42:40	49.0	49.0	17.3575
02/14/2018 20:42:51	48.0	48.0	17.4479
02/14/2018 20:43:02	49.0	47.0	16.9271
02/14/2018 20:43:13	49.0	49.0	17.9688
02/14/2018 20:43:24	49.0	48.0	18.5864
02/14/2018 20:43:35	49.0	48.0	18.1102
02/14/2018 20:43:46	49.0	48.0	18.4697
02/14/2018 20:43:57	50.0	48.0	17.3684
02/14/2018 20:44:08	49.0	48.0	17.9221
02/14/2018 20:44:19	49.0	48.0	16.4921
02/14/2018 20:44:30	51.0	50.0	17.4935
02/14/2018 20:44:41	52.0	51.0	18.5864
02/14/2018 20:44:53	54.0	53.0	17.1053
02/14/2018 20:45:04	55.0	54.0	19.2612
02/14/2018 20:45:15	57.0	56.0	11.6095
02/14/2018 20:45:26	57.0	56.0	11.811
02/14/2018 20:45:37	55.0	55.0	12.8947
02/14/2018 20:45:48	53.0	53.0	12.8947
02/14/2018 20:45:59	52.0	51.0	13.5279
02/14/2018 20:46:10	51.0	51.0	17.8191
02/14/2018 20:46:21	51.0	51.0	17.801
02/14/2018 20:46:32	51.0	50.0	17.9688
02/14/2018 20:46:43	51.0	50.0	16.7539
02/14/2018 20:46:54	51.0	50.0	14.7757
02/14/2018 20:47:05	50.0	50.0	17.0157
02/14/2018 20:47:16	50.0	49.0	14.0212
02/14/2018 20:47:27	50.0	48.0	13.1579
02/14/2018 20:47:38	49.0	48.0	13.7931
02/14/2018 20:47:49	49.0	48.0	12.6316
02/14/2018 20:48:00	49.0	48.0	13.7566
02/14/2018 20:48:11	48.0	48.0	15.5263
02/14/2018 20:48:22	48.0	47.0	18.0157
02/14/2018 20:48:33	50.0	48.0	18.3246
02/14/2018 20:48:44	49.0	48.0	17.6623
02/14/2018 20:48:55	50.0	49.0	19.5767
02/14/2018 20:49:06	49.0	48.0	14.2857
02/14/2018 20:49:17	49.0	48.0	14.2105
02/14/2018 20:49:28	48.0	48.0	14.2105
02/14/2018 20:49:39	48.0	48.0	14.0584
02/14/2018 20:49:50	48.0	48.0	13.7566
02/14/2018 20:50:01	48.0	47.0	14.0212
02/14/2018 20:50:12	48.0	47.0	22.1649
02/14/2018 20:50:23	50.0	49.0	19.0104
02/14/2018 20:50:34	51.0	50.0	18.6047
02/14/2018 20:50:45	52.0	51.0	20.6186
02/14/2018 20:50:57	51.0	50.0	14.0212
02/14/2018 20:51:08	49.0	49.0	13.7203
02/14/2018 20:51:19	52.0	51.0	17.5853
02/14/2018 20:51:30	50.0	49.0	14.3236
02/14/2018 20:51:41	50.0	49.0	19.7889
02/14/2018 20:51:52	49.0	48.0	14.0162
02/14/2018 20:52:03	50.0	48.0	15.2632
02/14/2018 20:52:14	49.0	49.0	18.7335
02/14/2018 20:52:25	49.0	48.0	13.7203
02/14/2018 20:52:36	49.0	49.0	16.4491
02/14/2018 20:52:47	49.0	49.0	17.8478
02/14/2018 20:52:58	49.0	49.0	17.5393
02/14/2018 20:53:09	49.0	49.0	17.801
02/14/2018 20:53:20	49.0	48.0	19.1601
02/14/2018 20:53:31	49.0	48.0	19.4226
02/14/2018 20:53:42	49.0	49.0	13.4921
02/14/2018 20:53:53	49.0	48.0	14.0957
02/14/2018 20:54:04	49.0	48.0	12.2016
02/14/2018 20:54:15	48.0	48.0	14.4
02/14/2018 20:54:26	48.0	48.0	14.7757
02/14/2018 20:54:37	48.0	47.0	13.2275
02/14/2018 20:54:48	48.0	47.0	13.7566
02/14/2018 20:54:59	47.0	47.0	14.248
02/14/2018 20:55:10	49.0	48.0	13.2626
02/14/2018 20:55:21	50.0	51.0	12.6316
02/14/2018 20:55:32	53.0	52.0	11.8734
02/14/2018 20:55:43	53.0	53.0	12.5984
02/14/2018 20:55:54	54.0	54.0	12.0735
02/14/2018 20:56:05	55.0	55.0	12.3037
02/14/2018 20:56:16	56.0	56.0	11.8734
02/14/2018 20:56:28	57.0	56.0	12.8272
02/14/2018 20:56:39	55.0	54.0	12.8272
02/14/2018 20:56:50	53.0	52.0	12.8609
02/14/2018 20:57:01	52.0	51.0	12.6649
02/14/2018 20:57:12	50.0	51.0	14.2105
02/14/2018 20:57:23	50.0	50.0	14.2105
02/14/2018 20:57:34	50.0	50.0	14.0212
02/14/2018 20:57:45	49.0	50.0	13.6842
02/14/2018 20:57:56	49.0	49.0	13.4565
02/14/2018 20:58:07	49.0	48.0	13.8298
02/14/2018 20:58:18	49.0	48.0	13.7203
02/14/2018 20:58:29	48.0	48.0	14.7757
02/14/2018 20:58:40	48.0	47.0	13.2626
02/14/2018 20:58:51	48.0	48.0	13.4921
02/14/2018 20:59:02	48.0	47.0	16.9761
02/14/2018 20:59:13	48.0	47.0	14.2105
02/14/2018 20:59:24	48.0	48.0	13.5279
02/14/2018 20:59:35	48.0	48.0	14.0584
02/14/2018 20:59:46	48.0	46.0	15.3439
02/14/2018 20:59:57	49.0	48.0	20.1571
02/14/2018 21:00:08	51.0	51.0	20.1044
02/14/2018 21:00:19	54.0	53.0	17.5393
02/14/2018 21:00:30	56.0	54.0	18.8976
02/14/2018 21:00:41	57.0	56.0	18.6352
02/14/2018 21:00:52	56.0	56.0	16.188
02/14/2018 21:01:03	55.0	54.0	16.7979
02/14/2018 21:01:14	54.0	53.0	16.9713
02/14/2018 21:01:25	53.0	53.0	16.0105
02/14/2018 21:01:36	52.0	52.0	16.0105
02/14/2018 21:01:47	51.0	51.0	18.3246
02/14/2018 21:01:58	51.0	51.0	18.5864
02/14/2018 21:02:09	51.0	51.0	16.9713
02/14/2018 21:02:21	50.0	50.0	16.4062
02/14/2018 21:02:32	50.0	50.0	18.7335
02/14/2018 21:02:43	50.0	50.0	17.0157
02/14/2018 21:02:54	50.0	50.0	17.2324
02/14/2018 21:03:05	50.0	50.0	18.3246
02/14/2018 21:03:16	51.0	50.0	15.2231
02/14/2018 21:03:27	50.0	50.0	17.2324
02/14/2018 21:03:38	49.0	49.0	18.3727
02/14/2018 21:03:49	50.0	50.0	18.6842
02/14/2018 21:04:00	50.0	50.0	17.1053
02/14/2018 21:04:11	50.0	50.0	16.7539
02/14/2018 21:04:22	50.0	50.0	20.3166
02/14/2018 21:04:33	50.0	50.0	20
02/14/2018 21:04:44	50.0	50.0	16.4491
02/14/2018 21:04:55	50.0	50.0	15.445
02/14/2018 21:05:06	50.0	49.0	13.8667
02/14/2018 21:05:17	50.0	49.0	19.8953
02/14/2018 21:05:28	50.0	49.0	18.1818
02/14/2018 21:05:39	49.0	49.0	16.6227
02/14/2018 21:05:50	50.0	50.0	14.8148
02/14/2018 21:06:01	49.0	49.0	13.2275
02/14/2018 21:06:12	49.0	49.0	13.2275
02/14/2018 21:06:23	48.0	48.0	15.3439
02/14/2018 21:06:34	49.0	48.0	14.3236
02/14/2018 21:06:45	48.0	48.0	12.6649
02/14/2018 21:06:56	47.0	48.0	13.2275
02/14/2018 21:07:07	48.0	48.0	13.9842
02/14/2018 21:07:18	48.0	47.0	14.1732
02/14/2018 21:07:29	48.0	48.0	14.0957
02/14/2018 21:07:40	47.0	48.0	14.3236
02/14/2018 21:07:51	48.0	47.0	14.2105
02/14/2018 21:08:02	47.0	46.0	14.8825
02/14/2018 21:08:13	48.0	47.0	12.7321
02/14/2018 21:08:24	50.0	50.0	13.6126
02/14/2018 21:08:36	51.0	51.0	11.9048
02/14/2018 21:08:47	52.0	53.0	12.0419
02/14/2018 21:08:58	54.0	54.0	13.6483
02/14/2018 21:09:09	55.0	54.0	13.089
02/14/2018 21:09:20	57.0	56.0	12.8609
02/14/2018 21:09:31	57.0	56.0	12.5984
02/14/2018 21:09:42	56.0	56.0	12.0735
02/14/2018 21:09:53	54.0	53.0	12.8609
02/14/2018 21:10:04	52.0	52.0	13.4921
02/14/2018 21:10:15	52.0	51.0	19.1099
02/14/2018 21:10:26	51.0	51.0	19.7889
02/14/2018 21:10:37	51.0	51.0	15.2231
02/14/2018 21:10:48	50.0	50.0	18.5864
02/14/2018 21:10:59	51.0	51.0	16.2304
02/14/2018 21:11:10	50.0	50.0	16.8421
02/14/2018 21:11:21	50.0	51.0	20.7792
02/14/2018 21:11:32	52.0	51.0	13.4211
02/14/2018 21:11:43	49.0	50.0	12.5654
02/14/2018 21:11:54	49.0	49.0	13.9474
02/14/2018 21:12:05	48.0	48.0	14.2857
02/14/2018 21:12:16	48.0	49.0	13.4921
02/14/2018 21:12:27	49.0	48.0	13.9474
02/14/2018 21:12:38	49.0	48.0	12.8947
02/14/2018 21:12:49	48.0	48.0	13.0319
02/14/2018 21:13:00	49.0	48.0	13.7566
02/14/2018 21:13:11	49.0	48.0	14.2857
02/14/2018 21:13:22	48.0	48.0	13.2626
02/14/2018 21:13:33	48.0	48.0	13.1926
02/14/2018 21:13:44	47.0	48.0	14.248
02/14/2018 21:13:55	48.0	48.0	13.2626
02/14/2018 21:14:07	48.0	47.0	14.9215
02/14/2018 21:14:18	48.0	48.0	13.2979
02/14/2018 21:14:29	47.0	48.0	13.9108
02/14/2018 21:14:40	49.0	48.0	13.7931
02/14/2018 21:14:51	50.0	50.0	16.7102
02/14/2018 21:15:02	53.0	53.0	19.685
02/14/2018 21:15:13	53.0	53.0	17.0604
02/14/2018 21:15:24	55.0	54.0	19.2708
02/14/2018 21:15:35	57.0	56.0	18.6352
02/14/2018 21:15:46	56.0	56.0	18.4896
02/14/2018 21:15:57	55.0	54.0	18.8482
02/14/2018 21:16:08	53.0	53.0	17.0157
02/14/2018 21:16:19	54.0	53.0	18.0628
02/14/2018 21:16:30	53.0	52.0	17.5853
02/14/2018 21:16:41	52.0	52.0	18.2292
02/14/2018 21:16:52	51.0	51.0	14.3236
02/14/2018 21:17:03	50.0	50.0	13.7931
02/14/2018 21:17:14	50.0	50.0	13.1579
02/14/2018 21:17:25	51.0	50.0	19.8953
02/14/2018 21:17:36	50.0	50.0	16.4921
02/14/2018 21:17:47	50.0	49.0	16.6227
02/14/2018 21:17:58	50.0	50.0	18.961
02/14/2018 21:18:09	50.0	50.0	17.7546
02/14/2018 21:18:20	50.0	50.0	15.9686
02/14/2018 21:18:31	50.0	49.0	18.6352
02/14/2018 21:18:42	50.0	49.0	17.801
02/14/2018 21:18:53	49.0	49.0	18.5379
02/14/2018 21:19:04	50.0	49.0	18.5379
02/14/2018 21:19:15	49.0	50.0	16.9713
02/14/2018 21:19:26	49.0	50.0	18.4896
02/14/2018 21:19:37	50.0	49.0	18.2292
02/14/2018 21:19:48	49.0	49.0	18.6352
02/14/2018 21:19:59	49.0	49.0	17.5393
02/14/2018 21:20:10	49.0	49.0	17.3228
02/14/2018 21:20:21	50.0	48.0	16.273
02/14/2018 21:20:32	50.0	49.0	15.6658
02/14/2018 21:20:44	49.0	49.0	17.0157
02/14/2018 21:20:55	49.0	50.0	18.6352
02/14/2018 21:21:06	49.0	49.0	17.8478
02/14/2018 21:21:17	50.0	49.0	17.8478
02/14/2018 21:21:28	50.0	49.0	17.801
02/14/2018 21:21:39	49.0	49.0	17.5853
02/14/2018 21:21:50	50.0	50.0	16.4491
02/14/2018 21:22:01	50.0	48.0	18.8482
02/14/2018 21:22:12	50.0	49.0	18.6352
02/14/2018 21:22:23	49.0	49.0	18.5379
02/14/2018 21:22:34	50.0	49.0	15.445
02/14/2018 21:22:45	50.0	50.0	17.9688
02/14/2018 21:22:56	50.0	49.0	17.5393
02/14/2018 21:23:07	49.0	49.0	16.4921
02/14/2018 21:23:18	49.0	49.0	17.0984
02/14/2018 21:23:29	49.0	49.0	15.8031
02/14/2018 21:23:40	49.0	48.0	18.5864
02/14/2018 21:23:51	49.0	49.0	19.2208
02/14/2018 21:24:02	50.0	50.0	18.75
02/14/2018 21:24:13	50.0	50.0	17.0157
02/14/2018 21:24:24	50.0	49.0	16.4491
02/14/2018 21:24:35	50.0	50.0	17.2324
02/14/2018 21:24:46	50.0	49.0	17.0157
02/14/2018 21:24:57	49.0	50.0	17.7083
02/14/2018 21:25:08	49.0	49.0	19.1099
02/14/2018 21:25:19	49.0	50.0	16.0526
02/14/2018 21:25:30	50.0	49.0	18.75
02/14/2018 21:25:41	50.0	50.0	17.7083
02/14/2018 21:25:52	49.0	49.0	20.4188
02/14/2018 21:26:03	51.0	51.0	20.3655
02/14/2018 21:26:14	51.0	51.0	20.9302
02/14/2018 21:26:25	52.0	51.0	23.1771
02/14/2018 21:26:36	52.0	51.0	20.6718
02/14/2018 21:26:47	51.0	51.0	20.8763
02/14/2018 21:26:58	52.0	51.0	20.4663
02/14/2018 21:27:09	53.0	52.0	21.671
02/14/2018 21:27:20	51.0	51.0	22.3958
02/14/2018 21:27:31	53.0	52.0	18.961
02/14/2018 21:27:42	53.0	52.0	20.4134
02/14/2018 21:27:53	52.0	52.0	21.0938
02/14/2018 21:28:04	53.0	52.0	19.9482
02/14/2018 21:28:15	52.0	51.0	19.8966
02/14/2018 21:28:26	53.0	52.0	17.3684
02/14/2018 21:28:37	50.0	50.0	13.7566
02/14/2018 21:28:49	49.0	50.0	19.6335
02/14/2018 21:29:00	50.0	50.0	17.2414
02/14/2018 21:29:11	51.0	49.0	18.3246
02/14/2018 21:29:22	50.0	50.0	17.8478
02/14/2018 21:29:33	50.0	49.0	18.2768
02/14/2018 21:29:44	50.0	50.0	17.2775
02/14/2018 21:29:55	50.0	49.0	17.9688
02/14/2018 21:30:06	49.0	49.0	15.285
02/14/2018 21:30:17	50.0	48.0	18.2768
02/14/2018 21:30:28	49.0	49.0	16.6667
02/14/2018 21:30:39	49.0	48.0	18.7335
02/14/2018 21:30:50	50.0	49.0	19.2612
02/14/2018 21:31:01	51.0	51.0	18.2292
02/14/2018 21:31:12	53.0	54.0	20.0521
02/14/2018 21:31:23	55.0	54.0	19.2708
02/14/2018 21:31:34	57.0	55.0	17.3684
02/14/2018 21:31:45	58.0	56.0	16.9713
02/14/2018 21:31:56	56.0	54.0	17.6166
02/14/2018 21:32:07	54.0	54.0	17.2775
02/14/2018 21:32:18	52.0	52.0	17.3575
02/14/2018 21:32:29	52.0	51.0	17.7083
02/14/2018 21:32:40	51.0	51.0	18.799
02/14/2018 21:32:51	51.0	51.0	16.9713
02/14/2018 21:33:02	51.0	50.0	17.0157
02/14/2018 21:33:13	50.0	50.0	16.7539
02/14/2018 21:33:24	51.0	50.0	17.1875
02/14/2018 21:33:35	50.0	49.0	16.6667
02/14/2018 21:33:46	49.0	50.0	19.3717
02/14/2018 21:33:57	50.0	50.0	18.3246
02/14/2018 21:34:08	50.0	49.0	15.9269
02/14/2018 21:34:19	50.0	50.0	19.2708
02/14/2018 21:34:30	49.0	49.0	17.0157
02/14/2018 21:34:41	50.0	50.0	18.5864
02/14/2018 21:34:52	50.0	50.0	17.4935
02/14/2018 21:35:03	50.0	49.0	17.3228
02/14/2018 21:35:14	49.0	48.0	19.8953
02/14/2018 21:35:25	50.0	49.0	19.0601
02/14/2018 21:35:36	49.0	48.0	17.7546
02/14/2018 21:35:47	49.0	49.0	18.7013
02/14/2018 21:35:58	49.0	49.0	18.4896
02/14/2018 21:36:09	49.0	49.0	17.3575
02/14/2018 21:36:21	49.0	49.0	17.5853
02/14/2018 21:36:32	49.0	48.0	16.6667
02/14/2018 21:36:43	49.0	48.0	16.9271
02/14/2018 21:36:54	49.0	48.0	17.4935
02/14/2018 21:37:05	49.0	48.0	19.7917
02/14/2018 21:37:16	49.0	48.0	19.5312
02/14/2018 21:37:27	48.0	48.0	17.3228
02/14/2018 21:37:38	49.0	48.0	17.5853
02/14/2018 21:37:49	49.0	48.0	15.748
02/14/2018 21:38:00	49.0	49.0	19.6335
02/14/2018 21:38:11	49.0	48.0	16.4062
02/14/2018 21:38:22	49.0	49.0	16.3158
02/14/2018 21:38:33	48.0	48.0	17.4026
02/14/2018 21:38:44	49.0	48.0	16.4921
02/14/2018 21:38:55	49.0	48.0	19.3211
02/14/2018 21:39:06	49.0	48.0	17.2324
02/14/2018 21:39:17	50.0	49.0	16.3158
02/14/2018 21:39:28	49.0	49.0	17.1429
02/14/2018 21:39:39	49.0	50.0	17.4479
02/14/2018 21:39:50	49.0	48.0	14.8825
02/14/2018 21:40:01	49.0	48.0	17.1429
02/14/2018 21:40:12	49.0	48.0	17.5853
02/14/2018 21:40:23	49.0	49.0	17.3228
02/14/2018 21:40:34	49.0	49.0	19.171
02/14/2018 21:40:45	49.0	48.0	17.9688
02/14/2018 21:40:56	49.0	48.0	17.3228
02/14/2018 21:41:07	49.0	49.0	17.2775
02/14/2018 21:41:18	49.0	48.0	18.0628
02/14/2018 21:41:29	48.0	48.0	17.3575
02/14/2018 21:41:40	49.0	49.0	17.3228
02/14/2018 21:41:51	48.0	48.0	17.1875
02/14/2018 21:42:02	49.0	48.0	19.2708
02/14/2018 21:42:13	49.0	48.0	18.4416
02/14/2018 21:42:24	49.0	48.0	17.7546
02/14/2018 21:42:35	49.0	48.0	18.0157
02/14/2018 21:42:46	49.0	48.0	17.3228
02/14/2018 21:42:57	49.0	48.0	18.8976
02/14/2018 21:43:08	48.0	48.0	18.1102
02/14/2018 21:43:19	48.0	48.0	16.2304
02/14/2018 21:43:30	49.0	48.0	16.7539
02/14/2018 21:43:42	50.0	48.0	17.7546
02/14/2018 21:43:53	48.0	48.0	15.5844
02/14/2018 21:44:04	49.0	49.0	18.6842
02/14/2018 21:44:15	49.0	48.0	18.3246
02/14/2018 21:44:26	49.0	49.0	19.4737
02/14/2018 21:44:37	49.0	49.0	18.1579
02/14/2018 21:44:48	48.0	49.0	17.942
02/14/2018 21:44:59	49.0	49.0	17.0604
02/14/2018 21:45:10	49.0	48.0	21.2042
02/14/2018 21:45:21	49.0	49.0	19.8433
02/14/2018 21:45:32	49.0	49.0	15.3646
02/14/2018 21:45:43	49.0	49.0	16.4491
02/14/2018 21:45:54	49.0	48.0	18.5864
02/14/2018 21:46:05	49.0	49.0	17.7083
02/14/2018 21:46:16	49.0	48.0	19.6335
02/14/2018 21:46:27	49.0	48.0	18.961
02/14/2018 21:46:38	50.0	49.0	18.0157
02/14/2018 21:46:49	48.0	49.0	17.8478
02/14/2018 21:47:00	51.0	51.0	18.3246
02/14/2018 21:47:11	53.0	53.0	17.7546
02/14/2018 21:47:22	55.0	54.0	18.0628
02/14/2018 21:47:33	55.0	55.0	16.8421
02/14/2018 21:47:44	58.0	57.0	18.4896
02/14/2018 21:47:55	55.0	55.0	18.5379
02/14/2018 21:48:06	56.0	54.0	18.4896
02/14/2018 21:48:17	53.0	53.0	16.4062
02/14/2018 21:48:28	52.0	53.0	17.4479
02/14/2018 21:48:39	51.0	51.0	17.6781
02/14/2018 21:48:50	51.0	51.0	18.961
02/14/2018 21:49:01	50.0	51.0	18.799
02/14/2018 21:49:12	50.0	51.0	21.8997
02/14/2018 21:49:23	50.0	51.0	18.5379
02/14/2018 21:49:34	50.0	50.0	18.0628
02/14/2018 21:49:45	50.0	51.0	17.5853
02/14/2018 21:49:56	50.0	50.0	17.5853
02/14/2018 21:50:07	49.0	50.0	18.799
02/14/2018 21:50:18	50.0	51.0	18.2768
02/14/2018 21:50:29	50.0	50.0	17.7546
02/14/2018 21:50:40	50.0	50.0	18.2292
02/14/2018 21:50:51	49.0	50.0	16.7102
02/14/2018 21:51:03	50.0	50.0	19.3211
02/14/2018 21:51:14	50.0	50.0	14.4737
02/14/2018 21:51:25	49.0	48.0	18.5864
02/14/2018 21:51:36	50.0	50.0	18.0628
02/14/2018 21:51:47	50.0	49.0	17.5393
02/14/2018 21:51:58	50.0	50.0	16.188
02/14/2018 21:52:09	49.0	49.0	18.6842
02/14/2018 21:52:20	50.0	50.0	18.5864
02/14/2018 21:52:31	50.0	49.0	18.8976
02/14/2018 21:52:42	49.0	50.0	18.75
02/14/2018 21:52:53	49.0	49.0	17.1429
02/14/2018 21:53:04	49.0	49.0	19.2208
02/14/2018 21:53:15	49.0	49.0	19.2105
02/14/2018 21:53:26	49.0	50.0	16.8831
02/14/2018 21:53:37	49.0	49.0	17.2775
02/14/2018 21:53:48	49.0	50.0	16.188
02/14/2018 21:53:59	50.0	50.0	19.4226
02/14/2018 21:54:10	49.0	48.0	19.685
02/14/2018 21:54:21	49.0	49.0	19.8953
02/14/2018 21:54:32	49.0	49.0	18.4416
02/14/2018 21:54:43	49.0	49.0	16.6667
02/14/2018 21:54:54	49.0	49.0	18.7013
02/14/2018 21:55:05	49.0	50.0	16.7539
02/14/2018 21:55:16	49.0	49.0	20.2597
02/14/2018 21:55:27	49.0	50.0	15.3247
02/14/2018 21:55:38	50.0	49.0	17.7546
02/14/2018 21:55:49	49.0	49.0	16.9271
02/14/2018 21:56:00	49.0	48.0	17.3684
02/14/2018 21:56:11	49.0	49.0	22.2513
02/14/2018 21:56:22	49.0	48.0	18.1102
02/14/2018 21:56:33	48.0	48.0	14.9606
02/14/2018 21:56:44	48.0	48.0	14.8148
02/14/2018 21:56:55	48.0	48.0	14.248
02/14/2018 21:57:06	48.0	48.0	13.6483
02/14/2018 21:57:17	48.0	47.0	15.9269
02/14/2018 21:57:28	51.0	50.0	18.75
02/14/2018 21:57:39	51.0	51.0	12.1053
02/14/2018 21:57:51	53.0	53.0	13.1234
02/14/2018 21:58:02	54.0	54.0	14.0625
02/14/2018 21:58:13	55.0	54.0	12.3037
02/14/2018 21:58:24	56.0	56.0	13.3159
02/14/2018 21:58:35	57.0	55.0	11.7493
02/14/2018 21:58:46	55.0	56.0	15.8031
02/14/2018 21:58:57	54.0	54.0	13.8021
02/14/2018 21:59:08	52.0	53.0	13.3159
02/14/2018 21:59:19	51.0	51.0	13.6126
02/14/2018 21:59:30	50.0	50.0	13.6483
02/14/2018 21:59:41	50.0	50.0	13.9474
02/14/2018 21:59:52	49.0	50.0	19.171
02/14/2018 22:00:03	50.0	50.0	17.2324
02/14/2018 22:00:14	50.0	50.0	17.2324
02/14/2018 22:00:25	49.0	50.0	19.0601
02/14/2018 22:00:36	50.0	50.0	18.75
02/14/2018 22:00:47	49.0	50.0	21.2435
02/14/2018 22:00:58	49.0	49.0	16.9271
02/14/2018 22:01:09	49.0	49.0	18.961
02/14/2018 22:01:20	50.0	50.0	17.0157
02/14/2018 22:01:31	50.0	50.0	20.2597
02/14/2018 22:01:42	49.0	49.0	18.5379
02/14/2018 22:01:53	50.0	50.0	19.4805
02/14/2018 22:02:04	50.0	50.0	19.7917
02/14/2018 22:02:15	51.0	50.0	16.2304
02/14/2018 22:02:26	49.0	49.0	20.4724
02/14/2018 22:02:37	49.0	50.0	18.8482
02/14/2018 22:02:48	50.0	50.0	19.7403
02/14/2018 22:02:59	49.0	49.0	16.8394
02/14/2018 22:03:10	50.0	50.0	19.5822
02/14/2018 22:03:21	50.0	50.0	19.8433
02/14/2018 22:03:32	49.0	48.0	18.961
02/14/2018 22:03:43	49.0	48.0	17.2324
02/14/2018 22:03:54	49.0	49.0	17.5853
02/14/2018 22:04:06	49.0	49.0	18.5864
02/14/2018 22:04:17	49.0	49.0	16.9271
02/14/2018 22:04:28	50.0	50.0	17.9688
02/14/2018 22:04:39	49.0	48.0	18.5864
02/14/2018 22:04:50	49.0	49.0	17.4026
02/14/2018 22:05:01	49.0	49.0	18.7013
02/14/2018 22:05:12	50.0	49.0	15.445
02/14/2018 22:05:23	49.0	48.0	14.6982
02/14/2018 22:05:34	48.0	48.0	17.1875
02/14/2018 22:05:45	49.0	49.0	20
02/14/2018 22:05:56	49.0	49.0	16.8831
02/14/2018 22:06:07	50.0	49.0	18.6352
02/14/2018 22:06:18	50.0	49.0	16.9271
02/14/2018 22:06:29	49.0	49.0	18.509
02/14/2018 22:06:40	50.0	49.0	15.0396
02/14/2018 22:06:51	49.0	48.0	14.4737
02/14/2018 22:07:02	49.0	49.0	18.961
02/14/2018 22:07:13	50.0	49.0	16.7959
02/14/2018 22:07:24	50.0	49.0	19.171
02/14/2018 22:07:35	49.0	49.0	16.273
02/14/2018 22:07:46	49.0	48.0	17.7083
02/14/2018 22:07:57	49.0	48.0	18.1818
02/14/2018 22:08:08	49.0	49.0	17.4479
02/14/2018 22:08:19	49.0	49.0	19.5312
02/14/2018 22:08:30	49.0	48.0	14.9215
02/14/2018 22:08:41	48.0	48.0	18.2292
02/14/2018 22:08:52	49.0	48.0	19.0601
02/14/2018 22:09:03	48.0	48.0	18.961
02/14/2018 22:09:14	49.0	48.0	19.0104
02/14/2018 22:09:25	48.0	48.0	13.9108
02/14/2018 22:09:36	47.0	48.0	18.0879
02/14/2018 22:09:47	49.0	48.0	16.4062
02/14/2018 22:09:58	48.0	48.0	17.7083
02/14/2018 22:10:09	49.0	48.0	18.0628
02/14/2018 22:10:20	49.0	48.0	18.75
02/14/2018 22:10:31	49.0	48.0	16.3636
02/14/2018 22:10:42	50.0	50.0	17.6623
02/14/2018 22:10:53	49.0	48.0	14.1732
02/14/2018 22:11:05	48.0	48.0	15.7068
02/14/2018 22:11:16	48.0	48.0	14.8825
02/14/2018 22:11:27	50.0	50.0	14.8825
02/14/2018 22:11:38	52.0	51.0	12.7604
02/14/2018 22:11:49	52.0	53.0	12.8272
02/14/2018 22:12:00	54.0	54.0	13.8021
02/14/2018 22:12:11	55.0	54.0	13.8021
02/14/2018 22:12:22	56.0	56.0	13.0208
02/14/2018 22:12:33	56.0	56.0	13.5065
02/14/2018 22:12:44	57.0	56.0	19.0601
02/14/2018 22:12:55	54.0	54.0	19.2708
02/14/2018 22:13:06	53.0	53.0	15.285
02/14/2018 22:13:17	52.0	51.0	13.3508
02/14/2018 22:13:28	51.0	50.0	14.1732
02/14/2018 22:13:39	50.0	51.0	14.0625
02/14/2018 22:13:50	49.0	50.0	16.2304
02/14/2018 22:14:01	49.0	49.0	13.6126
02/14/2018 22:14:12	50.0	49.0	18.4896
02/14/2018 22:14:23	50.0	50.0	14.9606
02/14/2018 22:14:34	49.0	48.0	20.6266
02/14/2018 22:14:45	50.0	50.0	19.4805
02/14/2018 22:14:56	49.0	50.0	17.9221
02/14/2018 22:15:07	49.0	50.0	19.5312
02/14/2018 22:15:18	50.0	50.0	18.961
02/14/2018 22:15:29	50.0	50.0	19.4805
02/14/2018 22:15:40	50.0	50.0	20.9845
02/14/2018 22:15:51	50.0	50.0	18.1347
02/14/2018 22:16:02	50.0	50.0	19.2208
02/14/2018 22:16:13	50.0	50.0	19.0601
02/14/2018 22:16:24	49.0	49.0	18.1347
02/14/2018 22:16:35	49.0	49.0	17.9221
02/14/2018 22:16:46	49.0	49.0	19.0601
02/14/2018 22:16:57	49.0	49.0	18.5379
02/14/2018 22:17:08	49.0	49.0	17.6623
02/14/2018 22:17:19	49.0	49.0	17.6623
02/14/2018 22:17:31	50.0	49.0	19.0104
02/14/2018 22:17:42	49.0	49.0	17.7083
02/14/2018 22:17:53	49.0	48.0	14.9215
02/14/2018 22:18:04	48.0	48.0	15.4047
02/14/2018 22:18:15	48.0	48.0	16.6667
02/14/2018 22:18:26	48.0	47.0	18.4896
02/14/2018 22:18:37	48.0	48.0	18.4896
02/14/2018 22:18:48	48.0	48.0	20.2597
02/14/2018 22:18:59	49.0	48.0	17.8295
02/14/2018 22:19:10	49.0	49.0	18.75
02/14/2018 22:19:21	49.0	48.0	16.0622
02/14/2018 22:19:32	48.0	48.0	14.8438
02/14/2018 22:19:43	49.0	48.0	19.8966
02/14/2018 22:19:54	49.0	48.0	18.7013
02/14/2018 22:20:05	49.0	49.0	20.7792
02/14/2018 22:20:16	49.0	48.0	20.8226
02/14/2018 22:20:27	48.0	48.0	22.108
02/14/2018 22:20:38	49.0	48.0	19.5373
02/14/2018 22:20:49	51.0	51.0	21.134
02/14/2018 22:21:00	51.0	51.0	20.7161
02/14/2018 22:21:11	50.0	50.0	20.9719
02/14/2018 22:21:22	53.0	52.0	22.0207
02/14/2018 22:21:33	52.0	51.0	22.8205
02/14/2018 22:21:44	50.0	50.0	18.0412
02/14/2018 22:21:55	52.0	51.0	20.9719
02/14/2018 22:22:06	52.0	51.0	15.7216
02/14/2018 22:22:17	50.0	50.0	16.4948
02/14/2018 22:22:28	49.0	49.0	15.6658
02/14/2018 22:22:39	49.0	48.0	17.7835
02/14/2018 22:22:50	49.0	50.0	17.6166
02/14/2018 22:23:01	51.0	50.0	18.509
02/14/2018 22:23:12	49.0	48.0	15.1832
02/14/2018 22:23:23	49.0	48.0	19.0231
02/14/2018 22:23:34	48.0	49.0	19.9488
02/14/2018 22:23:45	51.0	51.0	20.6186
02/14/2018 22:23:56	52.0	51.0	14.9871
02/14/2018 22:24:07	50.0	49.0	16.2371
02/14/2018 22:24:18	49.0	48.0	16.7095
02/14/2018 22:24:29	48.0	48.0	15.9383
02/14/2018 22:24:41	48.0	48.0	17.9028
02/14/2018 22:24:52	48.0	48.0	16.7939
02/14/2018 22:25:03	48.0	47.0	16.6667
02/14/2018 22:25:14	49.0	49.0	16.4948
02/14/2018 22:25:25	51.0	51.0	18.2278
02/14/2018 22:25:36	52.0	51.0	16.0305
02/14/2018 22:25:47	54.0	53.0	15.6962
02/14/2018 22:25:58	55.0	54.0	14.1753
02/14/2018 22:26:09	56.0	55.0	14.91
02/14/2018 22:26:20	57.0	56.0	12.8866
02/14/2018 22:26:31	56.0	56.0	14.8718
02/14/2018 22:26:42	54.0	53.0	16.0305
02/14/2018 22:26:53	52.0	52.0	19.3069
02/14/2018 22:27:04	51.0	51.0	17.4242
02/14/2018 22:27:15	50.0	51.0	18.6869
02/14/2018 22:27:26	50.0	50.0	18.7032
02/14/2018 22:27:37	49.0	49.0	18.8586
02/14/2018 22:27:48	49.0	49.0	20.0495
02/14/2018 22:27:59	49.0	48.0	21.3592
02/14/2018 22:28:10	49.0	48.0	20
02/14/2018 22:28:21	49.0	48.0	21.2048
02/14/2018 22:28:32	49.0	49.0	20.8333
02/14/2018 22:28:43	48.0	48.0	23.5714
02/14/2018 22:28:54	48.0	48.0	21.7918
02/14/2018 22:29:05	48.0	47.0	22.4344
02/14/2018 22:29:16	48.0	48.0	22.0339
02/14/2018 22:29:27	48.0	47.0	22.8571
02/14/2018 22:29:39	48.0	48.0	21.6867
02/14/2018 22:29:50	50.0	50.0	21.8978
02/14/2018 22:30:01	51.0	51.0	22.4344
02/14/2018 22:30:12	52.0	53.0	21.957
02/14/2018 22:30:23	54.0	53.0	20.8232
02/14/2018 22:30:34	55.0	54.0	19.9029
02/14/2018 22:30:45	56.0	55.0	18.4729
02/14/2018 22:30:56	56.0	56.0	18.8725
02/14/2018 22:31:07	55.0	54.0	20.1439
02/14/2018 22:31:18	53.0	53.0	23.4192
02/14/2018 22:31:29	52.0	51.0	22.9314
02/14/2018 22:31:40	51.0	51.0	22.8029
02/14/2018 22:31:51	51.0	51.0	25.463
02/14/2018 22:32:02	50.0	50.0	25.058
02/14/2018 22:32:13	49.0	50.0	24.5327
02/14/2018 22:32:24	49.0	49.0	24.356
02/14/2018 22:32:35	49.0	48.0	24.5327
02/14/2018 22:32:46	49.0	48.0	23.3256
02/14/2018 22:32:57	48.0	48.0	25.1765
02/14/2018 22:33:08	48.0	48.0	25.0585
02/14/2018 22:33:19	48.0	48.0	24.8244
02/14/2018 22:33:30	48.0	48.0	24.1218
02/14/2018 22:33:41	48.0	47.0	24.356
02/14/2018 22:33:52	48.0	48.0	24
02/14/2018 22:34:03	48.0	47.0	25.1174
02/14/2018 22:34:14	47.0	48.0	22.5962
02/14/2018 22:34:25	47.0	47.0	23.6277
02/14/2018 22:34:36	49.0	50.0	23.9535
02/14/2018 22:34:47	51.0	51.0	20.9246
02/14/2018 22:34:59	52.0	52.0	22.4096
02/14/2018 22:35:10	53.0	53.0	24.1379
02/14/2018 22:35:21	55.0	54.0	23.5981
02/14/2018 22:35:32	56.0	54.0	23.4339
02/14/2018 22:35:43	57.0	56.0	23.5566
02/14/2018 22:35:54	55.0	55.0	22.4586
02/14/2018 22:36:05	53.0	53.0	21.7494
02/14/2018 22:36:16	51.0	52.0	21.7918
02/14/2018 22:36:27	51.0	51.0	22.4344
02/14/2018 22:36:38	50.0	50.0	21.934
02/14/2018 22:36:49	50.0	50.0	23.389
02/14/2018 22:37:00	49.0	50.0	20.7824
02/14/2018 22:37:11	49.0	50.0	21.4634
02/14/2018 22:37:22	50.0	49.0	25.4197
02/14/2018 22:37:33	49.0	48.0	21.4286
02/14/2018 22:37:44	49.0	48.0	20
02/14/2018 22:37:55	48.0	48.0	19.403
02/14/2018 22:38:06	49.0	48.0	8.64198
02/14/2018 22:38:17	48.0	48.0	0.505051
02/14/2018 22:38:28	49.0	48.0	0.252525
02/14/2018 22:38:39	50.0	50.0	0.755668
02/14/2018 22:38:50	50.0	51.0	0.503778
02/14/2018 22:39:01	50.0	51.0	1.26582
02/14/2018 22:39:12	51.0	51.0	3.30789
02/14/2018 22:39:23	51.0	51.0	0.251889
02/14/2018 22:39:34	51.0	51.0	0.753769
02/14/2018 22:39:45	52.0	51.0	0
02/14/2018 22:39:56	51.0	51.0	0.753769
02/14/2018 22:40:07	52.0	51.0	0.755668
02/14/2018 22:40:18	53.0	52.0	0.502513
02/14/2018 22:40:29	51.0	52.0	0.505051
02/14/2018 22:40:40	51.0	51.0	7.16113
