01/25/2018 10:48:07	30.0	29.0	0
01/25/2018 10:48:18	27.0	27.0	1.26582
01/25/2018 10:48:29	28.0	26.0	0.503778
01/25/2018 10:48:40	29.0	28.0	0.503778
01/25/2018 10:48:51	29.0	27.0	18.1347
01/25/2018 10:49:02	31.0	30.0	15.5673
01/25/2018 10:49:14	31.0	30.0	15.748
01/25/2018 10:49:25	32.0	32.0	18.7831
01/25/2018 10:49:36	33.0	32.0	20.8
01/25/2018 10:49:47	34.0	33.0	15.2632
01/25/2018 10:49:58	34.0	35.0	15.6085
01/25/2018 10:50:09	35.0	35.0	20
01/25/2018 10:50:21	38.0	36.0	20.9386
01/25/2018 10:50:32	37.0	36.0	16.4179
01/25/2018 10:50:43	38.0	37.0	15.0396
01/25/2018 10:50:54	39.0	38.0	13.1579
01/25/2018 10:51:05	39.0	38.0	15.7333
01/25/2018 10:51:16	40.0	39.0	14.0212
01/25/2018 10:51:27	41.0	40.0	17.1123
01/25/2018 10:51:38	42.0	40.0	13.9474
01/25/2018 10:51:49	42.0	42.0	15.1832
01/25/2018 10:52:00	42.0	42.0	14.7757
01/25/2018 10:52:11	42.0	43.0	13.7931
01/25/2018 10:52:22	43.0	44.0	15
01/25/2018 10:52:33	44.0	43.0	14.3979
01/25/2018 10:52:44	45.0	44.0	15.5673
01/25/2018 10:52:55	45.0	44.0	26.4026
01/25/2018 10:53:06	46.0	45.0	13.8298
01/25/2018 10:53:17	47.0	46.0	15.3034
01/25/2018 10:53:29	47.0	46.0	15
01/25/2018 10:53:40	46.0	46.0	13.8298
01/25/2018 10:53:51	47.0	46.0	14.8541
01/25/2018 10:54:02	48.0	47.0	12.336
01/25/2018 10:54:13	49.0	46.0	14.5119
01/25/2018 10:54:24	49.0	47.0	14.3979
01/25/2018 10:54:35	49.0	48.0	13.8298
01/25/2018 10:54:46	49.0	48.0	13.5417
01/25/2018 10:54:57	50.0	48.0	14.2857
01/25/2018 10:55:08	50.0	49.0	14.2857
01/25/2018 10:55:19	50.0	49.0	14.3236
01/25/2018 10:55:30	50.0	50.0	15.0396
01/25/2018 10:55:41	50.0	50.0	14.0212
01/25/2018 10:55:52	51.0	51.0	15.0396
01/25/2018 10:56:03	51.0	51.0	12.1372
01/25/2018 10:56:14	52.0	51.0	13.7203
01/25/2018 10:56:25	51.0	52.0	12.8947
01/25/2018 10:56:36	52.0	52.0	14.8541
01/25/2018 10:56:47	52.0	52.0	14.0212
01/25/2018 10:56:58	53.0	52.0	14.0584
01/25/2018 10:57:09	53.0	52.0	14.4737
01/25/2018 10:57:20	53.0	53.0	13.3508
01/25/2018 10:57:31	53.0	53.0	12.1693
01/25/2018 10:57:42	54.0	53.0	12.1053
01/25/2018 10:57:53	54.0	53.0	12.9973
01/25/2018 10:58:04	54.0	53.0	12.336
01/25/2018 10:58:15	54.0	53.0	12.4339
01/25/2018 10:58:27	54.0	54.0	14.3979
01/25/2018 10:58:38	54.0	54.0	13.4565
01/25/2018 10:58:49	55.0	54.0	12.8609
01/25/2018 10:59:00	55.0	54.0	15.2
01/25/2018 10:59:11	55.0	55.0	12.5654
01/25/2018 10:59:22	55.0	55.0	12.6649
01/25/2018 10:59:33	56.0	55.0	12.8609
01/25/2018 10:59:44	57.0	55.0	12.6984
01/25/2018 10:59:55	56.0	55.0	13.4211
01/25/2018 11:00:06	56.0	56.0	14.0162
01/25/2018 11:00:17	57.0	56.0	12.4011
01/25/2018 11:00:28	56.0	56.0	13.6842
01/25/2018 11:00:39	57.0	56.0	12.6316
01/25/2018 11:00:50	53.0	53.0	14.2105
01/25/2018 11:01:01	51.0	50.0	14.8148
01/25/2018 11:01:12	49.0	48.0	13.2275
01/25/2018 11:01:23	48.0	48.0	15.873
01/25/2018 11:01:34	48.0	48.0	15.2632
01/25/2018 11:01:45	50.0	50.0	13.1234
01/25/2018 11:01:56	51.0	51.0	12.3684
01/25/2018 11:02:07	52.0	51.0	15.3439
01/25/2018 11:02:18	53.0	53.0	12.5984
01/25/2018 11:02:29	54.0	53.0	12.8947
01/25/2018 11:02:40	54.0	54.0	13.5417
01/25/2018 11:02:51	55.0	54.0	12.8609
01/25/2018 11:03:02	55.0	54.0	12.5654
01/25/2018 11:03:14	55.0	54.0	13.8381
01/25/2018 11:03:25	56.0	56.0	12.5984
01/25/2018 11:03:36	56.0	56.0	13.6126
01/25/2018 11:03:47	57.0	56.0	13.089
01/25/2018 11:03:58	55.0	54.0	14.0625
01/25/2018 11:04:09	52.0	52.0	14.1711
01/25/2018 11:04:20	50.0	50.0	15.3846
01/25/2018 11:04:31	50.0	50.0	14.6982
01/25/2018 11:04:42	48.0	47.0	12.6316
01/25/2018 11:04:53	48.0	48.0	14.5119
01/25/2018 11:05:04	50.0	50.0	13.1579
01/25/2018 11:05:15	51.0	51.0	15.7895
01/25/2018 11:05:26	52.0	51.0	13.2812
01/25/2018 11:05:37	53.0	53.0	13.3508
01/25/2018 11:05:48	53.0	53.0	13.1234
01/25/2018 11:05:59	54.0	53.0	13.3159
01/25/2018 11:06:10	55.0	54.0	12.6649
01/25/2018 11:06:21	55.0	55.0	12.6316
01/25/2018 11:06:32	55.0	56.0	15.3439
01/25/2018 11:06:43	57.0	56.0	13.6483
01/25/2018 11:06:54	57.0	56.0	12.3684
01/25/2018 11:07:05	53.0	53.0	13.7566
01/25/2018 11:07:16	51.0	51.0	15.6085
01/25/2018 11:07:27	50.0	50.0	14.9215
01/25/2018 11:07:38	48.0	48.0	12.8272
01/25/2018 11:07:49	48.0	47.0	14.3617
01/25/2018 11:08:00	49.0	48.0	14.2857
01/25/2018 11:08:12	50.0	50.0	14.7368
01/25/2018 11:08:23	51.0	51.0	13.1579
01/25/2018 11:08:34	52.0	53.0	12.1372
01/25/2018 11:08:45	54.0	53.0	13.7566
01/25/2018 11:08:56	54.0	54.0	14.0992
01/25/2018 11:09:07	54.0	54.0	12.8947
01/25/2018 11:09:18	55.0	55.0	13.4211
01/25/2018 11:09:29	56.0	56.0	12.2016
01/25/2018 11:09:40	56.0	56.0	13.089
01/25/2018 11:09:51	57.0	56.0	13.3858
01/25/2018 11:10:02	54.0	54.0	14.7368
01/25/2018 11:10:13	51.0	51.0	14.4737
01/25/2018 11:10:24	50.0	50.0	15
01/25/2018 11:10:35	49.0	48.0	16.273
01/25/2018 11:10:46	48.0	47.0	13.0548
01/25/2018 11:10:57	49.0	48.0	15.7895
01/25/2018 11:11:08	50.0	50.0	13.7566
01/25/2018 11:11:19	51.0	51.0	13.1926
01/25/2018 11:11:30	52.0	53.0	14.5503
01/25/2018 11:11:41	53.0	53.0	13.089
01/25/2018 11:11:52	54.0	54.0	14.2857
01/25/2018 11:12:03	55.0	54.0	12.7604
01/25/2018 11:12:14	55.0	55.0	12.8272
01/25/2018 11:12:25	56.0	56.0	12.8609
01/25/2018 11:12:36	57.0	56.0	14.5833
01/25/2018 11:12:47	55.0	54.0	12.5984
01/25/2018 11:12:58	52.0	52.0	14.9606
01/25/2018 11:13:09	50.0	50.0	14.0212
01/25/2018 11:13:21	49.0	48.0	14.1361
01/25/2018 11:13:32	48.0	48.0	15.445
01/25/2018 11:13:43	47.0	47.0	15.0649
01/25/2018 11:13:54	48.0	47.0	15.3646
01/25/2018 11:14:05	50.0	49.0	14.3229
01/25/2018 11:14:16	52.0	51.0	13.577
01/25/2018 11:14:27	52.0	52.0	14.6214
01/25/2018 11:14:38	53.0	53.0	15.2455
01/25/2018 11:14:49	54.0	53.0	13.2468
01/25/2018 11:15:00	55.0	54.0	13.8381
01/25/2018 11:15:11	56.0	54.0	13.0548
01/25/2018 11:15:22	56.0	55.0	13.089
01/25/2018 11:15:33	57.0	56.0	13.3159
01/25/2018 11:15:44	55.0	55.0	13.8381
01/25/2018 11:15:55	53.0	52.0	14.3979
01/25/2018 11:16:06	51.0	50.0	15.4856
01/25/2018 11:16:17	50.0	49.0	15.1436
01/25/2018 11:16:28	48.0	48.0	15.5844
01/25/2018 11:16:39	48.0	47.0	15.7068
01/25/2018 11:16:50	49.0	48.0	15.1042
01/25/2018 11:17:01	50.0	50.0	14.026
01/25/2018 11:17:12	51.0	52.0	15.5844
01/25/2018 11:17:23	52.0	52.0	13.0548
01/25/2018 11:17:34	53.0	53.0	13.8021
01/25/2018 11:17:45	55.0	54.0	13.7662
01/25/2018 11:17:56	55.0	54.0	13.2468
01/25/2018 11:18:07	56.0	55.0	13.7662
01/25/2018 11:18:18	57.0	55.0	13.1783
01/25/2018 11:18:29	57.0	56.0	13.2812
01/25/2018 11:18:41	54.0	54.0	14.6597
01/25/2018 11:18:52	51.0	52.0	15.9269
01/25/2018 11:19:03	51.0	50.0	15.445
01/25/2018 11:19:14	49.0	49.0	16.0622
01/25/2018 11:19:25	48.0	48.0	15.0649
01/25/2018 11:19:36	48.0	47.0	16.1954
01/25/2018 11:19:47	49.0	48.0	15.0259
01/25/2018 11:19:58	50.0	50.0	15.0649
01/25/2018 11:20:09	51.0	51.0	15.0259
01/25/2018 11:20:20	53.0	53.0	13.6951
01/25/2018 11:20:31	54.0	53.0	13.4367
01/25/2018 11:20:42	54.0	54.0	14.5455
01/25/2018 11:20:53	56.0	54.0	13.9175
01/25/2018 11:21:04	56.0	56.0	13.1783
01/25/2018 11:21:15	56.0	56.0	13.9896
01/25/2018 11:21:26	55.0	55.0	14.0665
01/25/2018 11:21:37	54.0	53.0	15.8031
01/25/2018 11:21:48	51.0	51.0	16.9231
01/25/2018 11:21:59	49.0	50.0	18.0203
01/25/2018 11:22:10	49.0	48.0	17.0483
01/25/2018 11:22:21	48.0	48.0	17.7665
01/25/2018 11:22:32	47.0	47.0	18.25
01/25/2018 11:22:43	49.0	48.0	18.1818
01/25/2018 11:22:54	50.0	50.0	17.9293
01/25/2018 11:23:05	51.0	51.0	18.5464
01/25/2018 11:23:16	52.0	53.0	14.6154
01/25/2018 11:23:27	53.0	53.0	14.7583
01/25/2018 11:23:38	54.0	54.0	15.7761
01/25/2018 11:23:50	55.0	55.0	16.2437
01/25/2018 11:24:01	56.0	56.0	15.0127
01/25/2018 11:24:12	57.0	56.0	16.5829
01/25/2018 11:24:23	55.0	54.0	20.4433
01/25/2018 11:24:34	54.0	53.0	17.5879
01/25/2018 11:24:45	51.0	51.0	17.2932
01/25/2018 11:24:56	50.0	50.0	22.542
01/25/2018 11:25:07	49.0	48.0	22.5962
01/25/2018 11:25:18	48.0	48.0	21.1679
01/25/2018 11:25:29	48.0	47.0	21.6346
01/25/2018 11:25:40	49.0	49.0	20.2439
01/25/2018 11:25:51	50.0	51.0	22.3558
01/25/2018 11:26:02	52.0	52.0	18.3824
01/25/2018 11:26:13	53.0	53.0	21.0654
01/25/2018 11:26:24	54.0	54.0	18.2266
01/25/2018 11:26:35	55.0	55.0	21.2919
01/25/2018 11:26:46	55.0	55.0	18.5366
01/25/2018 11:26:57	57.0	56.0	18.0247
01/25/2018 11:27:08	57.0	56.0	21.2919
01/25/2018 11:27:19	55.0	54.0	22.4586
01/25/2018 11:27:30	52.0	53.0	20.0483
01/25/2018 11:27:41	51.0	51.0	23.1678
01/25/2018 11:27:52	50.0	50.0	23.8771
01/25/2018 11:28:03	49.0	48.0	25.1152
01/25/2018 11:28:14	48.0	48.0	23.753
01/25/2018 11:28:25	48.0	46.0	24
01/25/2018 11:28:36	50.0	48.0	25.576
01/25/2018 11:28:47	51.0	51.0	24.2424
01/25/2018 11:28:59	51.0	52.0	23.6659
01/25/2018 11:29:10	53.0	53.0	22.7378
01/25/2018 11:29:21	54.0	53.0	22.2482
01/25/2018 11:29:32	55.0	54.0	25.3165
01/25/2018 11:29:43	59.0	58.0	34.8718
01/25/2018 11:29:54	59.0	58.0	36.6834
01/25/2018 11:30:05	59.0	58.0	34.2569
01/25/2018 11:30:16	59.0	59.0	33.5025
01/25/2018 11:30:27	60.0	59.0	35.443
01/25/2018 11:30:38	59.0	60.0	34.596
01/25/2018 11:30:49	60.0	59.0	34.005
01/25/2018 11:31:00	60.0	59.0	36.1596
01/25/2018 11:31:11	60.0	58.0	35.101
01/25/2018 11:31:22	60.0	59.0	36.4322
01/25/2018 11:31:33	61.0	59.0	34.0852
01/25/2018 11:31:44	60.0	60.0	34.75
01/25/2018 11:31:55	61.0	59.0	34.4221
01/25/2018 11:32:06	60.0	60.0	36.0902
01/25/2018 11:32:17	60.0	59.0	28.382
01/25/2018 11:32:28	59.0	59.0	35.101
01/25/2018 11:32:39	60.0	59.0	34.25
01/25/2018 11:32:50	60.0	58.0	30.6931
01/25/2018 11:33:01	60.0	58.0	33
01/25/2018 11:33:12	60.0	59.0	32.8321
01/25/2018 11:33:23	61.0	59.0	32.5926
01/25/2018 11:33:34	61.0	60.0	34.3358
01/25/2018 11:33:45	60.0	60.0	34.7395
01/25/2018 11:33:56	60.0	59.0	37.7171
01/25/2018 11:34:07	60.0	60.0	34.9127
01/25/2018 11:34:18	62.0	59.0	32.5123
01/25/2018 11:34:29	59.0	59.0	30.3704
01/25/2018 11:34:40	60.0	59.0	33.4152
01/25/2018 11:34:51	60.0	59.0	36.5
01/25/2018 11:35:02	60.0	59.0	33.4165
01/25/2018 11:35:13	60.0	60.0	38.806
01/25/2018 11:35:24	61.0	60.0	37.9052
01/25/2018 11:35:35	62.0	59.0	36.75
01/25/2018 11:35:46	61.0	60.0	37.4065
01/25/2018 11:35:57	61.0	60.0	35.396
01/25/2018 11:36:08	60.0	59.0	36.8421
01/25/2018 11:36:19	62.0	60.0	33.2518
01/25/2018 11:36:30	62.0	59.0	37.5921
01/25/2018 11:36:41	61.0	60.0	39.1727
01/25/2018 11:36:52	61.0	60.0	31.9613
01/25/2018 11:37:03	61.0	59.0	37.6528
01/25/2018 11:37:15	61.0	60.0	36.0697
01/25/2018 11:37:26	63.0	59.0	34.398
01/25/2018 11:37:37	63.0	60.0	32.9238
01/25/2018 11:37:48	62.0	59.0	35.8209
01/25/2018 11:37:59	61.0	59.0	40.0485
01/25/2018 11:38:10	62.0	60.0	33.1695
01/25/2018 11:38:21	61.0	59.0	33.4963
01/25/2018 11:38:32	61.0	59.0	33.3333
01/25/2018 11:38:43	60.0	59.0	34.9633
01/25/2018 11:38:54	60.0	60.0	17.207
01/25/2018 11:39:05	56.0	55.0	18.2716
01/25/2018 11:39:16	54.0	53.0	17.4129
01/25/2018 11:39:27	52.0	51.0	16.5
01/25/2018 11:39:38	50.0	51.0	20.9877
01/25/2018 11:39:49	50.0	50.0	20.2469
01/25/2018 11:40:00	49.0	48.0	20
01/25/2018 11:40:11	48.0	48.0	17.4564
01/25/2018 11:40:22	49.0	48.0	20.9756
01/25/2018 11:40:33	48.0	48.0	18.7654
01/25/2018 11:40:44	50.0	49.0	21.4634
01/25/2018 11:40:55	51.0	51.0	17.5743
01/25/2018 11:41:06	52.0	52.0	18.3168
01/25/2018 11:41:17	53.0	53.0	17.1216
01/25/2018 11:41:28	54.0	54.0	18.2266
01/25/2018 11:41:39	55.0	55.0	17
01/25/2018 11:41:50	56.0	56.0	19.1646
01/25/2018 11:42:01	56.0	55.0	18.1818
01/25/2018 11:42:12	54.0	53.0	19.3627
01/25/2018 11:42:23	52.0	51.0	17.4684
01/25/2018 11:42:34	51.0	50.0	17.75
01/25/2018 11:42:45	49.0	49.0	20.1493
01/25/2018 11:42:56	49.0	48.0	19.7531
01/25/2018 11:43:08	48.0	48.0	17.5743
01/25/2018 11:43:19	47.0	47.0	18.6398
01/25/2018 11:43:30	47.0	47.0	19.8511
01/25/2018 11:43:41	48.0	48.0	19.6517
01/25/2018 11:43:52	50.0	51.0	18.408
01/25/2018 11:44:03	51.0	51.0	16.5414
01/25/2018 11:44:14	53.0	53.0	17.5
01/25/2018 11:44:25	54.0	53.0	17.5743
01/25/2018 11:44:36	55.0	54.0	15.869
01/25/2018 11:44:47	55.0	56.0	16.2025
01/25/2018 11:44:58	56.0	56.0	15.869
01/25/2018 11:45:09	55.0	55.0	16.75
01/25/2018 11:45:20	52.0	53.0	29.3532
01/25/2018 11:45:31	54.0	54.0	35.1351
01/25/2018 11:45:42	56.0	54.0	21.4815
01/25/2018 11:45:53	52.0	52.0	35.2798
01/25/2018 11:46:04	57.0	54.0	31.0513
01/25/2018 11:46:15	56.0	54.0	25.5583
01/25/2018 11:46:26	55.0	54.0	15.4639
01/25/2018 11:46:37	52.0	51.0	15.4242
01/25/2018 11:46:48	52.0	51.0	23.4568
01/25/2018 11:46:59	54.0	53.0	14.2119
01/25/2018 11:47:10	51.0	51.0	26.7157
01/25/2018 11:47:21	55.0	53.0	22.5728
01/25/2018 11:47:32	53.0	52.0	14.433
01/25/2018 11:47:43	50.0	50.0	39.9527
01/25/2018 11:47:54	54.0	53.0	38.7173
01/25/2018 11:48:05	54.0	54.0	39.4799
01/25/2018 11:48:16	55.0	54.0	34.1584
01/25/2018 11:48:27	57.0	55.0	40.3341
01/25/2018 11:48:38	59.0	56.0	38.0835
01/25/2018 11:48:49	58.0	57.0	35.3808
01/25/2018 11:49:00	59.0	57.0	39.6509
01/25/2018 11:49:11	59.0	58.0	38.8626
01/25/2018 11:49:22	60.0	58.0	36.2283
01/25/2018 11:49:33	60.0	58.0	38.5922
01/25/2018 11:49:44	61.0	58.0	36.9193
01/25/2018 11:49:55	59.0	59.0	34.8148
01/25/2018 11:50:06	59.0	58.0	38.2716
01/25/2018 11:50:17	60.0	60.0	33.5821
01/25/2018 11:50:29	61.0	59.0	35.9494
01/25/2018 11:50:40	61.0	59.0	35.1282
01/25/2018 11:50:51	62.0	59.0	34.2711
01/25/2018 11:51:02	61.0	59.0	29.7158
01/25/2018 11:51:13	61.0	59.0	32.9897
01/25/2018 11:51:24	60.0	60.0	31.8653
01/25/2018 11:51:35	60.0	60.0	31.5245
01/25/2018 11:51:46	60.0	59.0	33.1606
01/25/2018 11:51:57	61.0	60.0	31.5245
01/25/2018 11:52:08	62.0	59.0	32.2078
01/25/2018 11:52:19	61.0	60.0	34.456
01/25/2018 11:52:30	62.0	59.0	32.0413
01/25/2018 11:52:41	62.0	59.0	30.4124
01/25/2018 11:52:52	61.0	60.0	33.0729
01/25/2018 11:53:03	62.0	59.0	33.2474
01/25/2018 11:53:14	60.0	60.0	34.1146
01/25/2018 11:53:25	61.0	59.0	34.456
01/25/2018 11:53:36	60.0	60.0	32.6425
01/25/2018 11:53:47	61.0	59.0	35.1562
01/25/2018 11:53:58	62.0	60.0	31.701
01/25/2018 11:54:09	61.0	59.0	34.456
01/25/2018 11:54:20	60.0	59.0	33.5065
01/25/2018 11:54:31	59.0	59.0	33.5938
01/25/2018 11:54:42	59.0	58.0	30.4688
01/25/2018 11:54:53	59.0	57.0	32.1244
01/25/2018 11:55:04	60.0	57.0	33.162
01/25/2018 11:55:15	61.0	58.0	34.0206
01/25/2018 11:55:26	60.0	59.0	32.2917
01/25/2018 11:55:37	61.0	59.0	34.9741
01/25/2018 11:55:48	61.0	60.0	32.3834
01/25/2018 11:55:59	61.0	59.0	33.4197
01/25/2018 11:56:10	62.0	59.0	32.2917
01/25/2018 11:56:21	61.0	60.0	37.2751
01/25/2018 11:56:32	61.0	60.0	33.8501
01/25/2018 11:56:43	60.0	60.0	34.3669
01/25/2018 11:56:54	61.0	60.0	34.8958
01/25/2018 11:57:05	62.0	59.0	34.1969
01/25/2018 11:57:16	61.0	60.0	13.2468
01/25/2018 11:57:27	56.0	55.0	13.1234
01/25/2018 11:57:38	53.0	53.0	15.0396
01/25/2018 11:57:49	51.0	52.0	12.5654
01/25/2018 11:58:00	51.0	51.0	14.7368
01/25/2018 11:58:11	50.0	49.0	13.2626
01/25/2018 11:58:22	49.0	48.0	15.4047
01/25/2018 11:58:33	48.0	48.0	14.7368
01/25/2018 11:58:45	48.0	48.0	15.3034
01/25/2018 11:58:56	47.0	47.0	14.5119
01/25/2018 11:59:07	48.0	47.0	15.445
01/25/2018 11:59:18	50.0	49.0	12.8609
01/25/2018 11:59:29	51.0	51.0	14.0212
01/25/2018 11:59:40	52.0	52.0	13.3858
01/25/2018 11:59:51	53.0	54.0	14.026
01/25/2018 12:00:02	55.0	54.0	14.0992
01/25/2018 12:00:13	56.0	55.0	12.8947
01/25/2018 12:00:24	56.0	56.0	12.8609
01/25/2018 12:00:35	57.0	56.0	15.1436
01/25/2018 12:00:46	55.0	55.0	14.3603
01/25/2018 12:00:57	53.0	53.0	14.0992
01/25/2018 12:01:08	51.0	51.0	15.748
01/25/2018 12:01:19	50.0	50.0	14.4357
01/25/2018 12:01:30	49.0	48.0	16.2304
01/25/2018 12:01:41	48.0	48.0	15.9269
01/25/2018 12:01:52	48.0	48.0	15.1596
01/25/2018 12:02:03	47.0	47.0	14.4357
01/25/2018 12:02:14	49.0	49.0	15.748
01/25/2018 12:02:25	51.0	50.0	13.0548
01/25/2018 12:02:36	52.0	52.0	14.3603
01/25/2018 12:02:47	53.0	53.0	13.7662
01/25/2018 12:02:58	54.0	53.0	12.7937
01/25/2018 12:03:09	55.0	54.0	14.0992
01/25/2018 12:03:20	55.0	56.0	13.2812
01/25/2018 12:03:31	56.0	55.0	15.0259
01/25/2018 12:03:42	57.0	56.0	14.3979
01/25/2018 12:03:53	54.0	54.0	13.3508
01/25/2018 12:04:05	51.0	51.0	15.1832
01/25/2018 12:04:16	51.0	51.0	14.8825
01/25/2018 12:04:27	50.0	48.0	13.8743
01/25/2018 12:04:38	49.0	48.0	13.1234
01/25/2018 12:04:49	48.0	47.0	14.7757
01/25/2018 12:05:00	48.0	47.0	15.4856
01/25/2018 12:05:11	49.0	48.0	14.1732
01/25/2018 12:05:22	50.0	50.0	14.0625
01/25/2018 12:05:33	51.0	51.0	13.9108
01/25/2018 12:05:44	53.0	52.0	13.8021
01/25/2018 12:05:55	54.0	53.0	12.8272
01/25/2018 12:06:06	55.0	54.0	15.1042
01/25/2018 12:06:17	55.0	55.0	13.6483
01/25/2018 12:06:28	56.0	56.0	13.0548
01/25/2018 12:06:39	57.0	56.0	13.8381
01/25/2018 12:06:50	53.0	54.0	14.5503
01/25/2018 12:07:01	52.0	52.0	13.577
01/25/2018 12:07:12	50.0	50.0	14.248
01/25/2018 12:07:23	50.0	49.0	15.3034
01/25/2018 12:07:34	49.0	48.0	14.248
01/25/2018 12:07:45	48.0	48.0	15
01/25/2018 12:07:56	47.0	47.0	13.5417
01/25/2018 12:08:07	48.0	48.0	14.7368
01/25/2018 12:08:18	49.0	50.0	13.6126
01/25/2018 12:08:29	51.0	51.0	13.6483
01/25/2018 12:08:40	52.0	52.0	14.3603
01/25/2018 12:08:51	54.0	53.0	13.1579
01/25/2018 12:09:02	54.0	54.0	12.5984
01/25/2018 12:09:13	55.0	55.0	14.1361
01/25/2018 12:09:25	55.0	56.0	13.8743
01/25/2018 12:09:36	56.0	56.0	12.5984
01/25/2018 12:09:47	55.0	55.0	13.1234
01/25/2018 12:09:58	53.0	53.0	13.6483
01/25/2018 12:10:09	51.0	51.0	14.4357
01/25/2018 12:10:20	50.0	50.0	13.5417
01/25/2018 12:10:31	49.0	50.0	13.6483
01/25/2018 12:10:42	48.0	48.0	14.9606
01/25/2018 12:10:53	48.0	47.0	15.5673
01/25/2018 12:11:04	47.0	46.0	12.4011
01/25/2018 12:11:15	49.0	48.0	14.3617
01/25/2018 12:11:26	50.0	50.0	13.6483
01/25/2018 12:11:37	51.0	51.0	13.3858
01/25/2018 12:11:48	52.0	53.0	12.8609
01/25/2018 12:11:59	54.0	54.0	13.4565
01/25/2018 12:12:10	54.0	54.0	15.1436
01/25/2018 12:12:21	56.0	55.0	13.1234
01/25/2018 12:12:32	57.0	55.0	13.9474
01/25/2018 12:12:43	53.0	53.0	14.8052
01/25/2018 12:12:54	52.0	52.0	16.7979
01/25/2018 12:13:05	51.0	51.0	17.6623
01/25/2018 12:13:16	50.0	51.0	16.3212
01/25/2018 12:13:27	50.0	49.0	16.9271
01/25/2018 12:13:38	49.0	49.0	15.5844
01/25/2018 12:13:49	49.0	48.0	18.2768
01/25/2018 12:14:00	49.0	48.0	16.9271
01/25/2018 12:14:11	49.0	48.0	16.9713
01/25/2018 12:14:22	48.0	48.0	17.801
01/25/2018 12:14:33	48.0	48.0	15.6658
01/25/2018 12:14:44	48.0	47.0	16.4921
01/25/2018 12:14:55	48.0	47.0	17.0543
01/25/2018 12:15:06	48.0	48.0	17.2775
01/25/2018 12:15:17	48.0	47.0	17.1875
01/25/2018 12:15:28	49.0	48.0	17.2324
01/25/2018 12:15:39	51.0	51.0	15.625
01/25/2018 12:15:50	52.0	52.0	17.3228
01/25/2018 12:16:01	55.0	53.0	16.4062
01/25/2018 12:16:13	56.0	55.0	17.7083
01/25/2018 12:16:24	57.0	56.0	15.9269
01/25/2018 12:16:35	55.0	54.0	18.5379
01/25/2018 12:16:46	52.0	53.0	15.1436
01/25/2018 12:16:57	52.0	52.0	19.4805
01/25/2018 12:17:08	53.0	51.0	15.445
01/25/2018 12:17:19	50.0	50.0	16.7102
01/25/2018 12:17:30	50.0	49.0	16.7959
01/25/2018 12:17:41	49.0	48.0	18.0157
01/25/2018 12:17:52	49.0	48.0	20.0521
01/25/2018 12:18:03	49.0	48.0	16.7102
01/25/2018 12:18:14	48.0	48.0	16.4491
01/25/2018 12:18:25	49.0	48.0	17.5393
01/25/2018 12:18:36	48.0	48.0	17.4026
01/25/2018 12:18:47	48.0	47.0	15.4047
01/25/2018 12:18:58	49.0	48.0	16.2304
01/25/2018 12:19:09	51.0	50.0	17.4935
01/25/2018 12:19:20	53.0	52.0	16.6667
01/25/2018 12:19:31	53.0	53.0	15.8854
01/25/2018 12:19:42	55.0	54.0	15.2632
01/25/2018 12:19:53	57.0	56.0	17.9688
01/25/2018 12:20:04	56.0	55.0	15.9686
01/25/2018 12:20:15	54.0	53.0	16.1458
01/25/2018 12:20:26	53.0	52.0	18.7335
01/25/2018 12:20:37	51.0	51.0	14.9215
01/25/2018 12:20:48	50.0	50.0	15.8854
01/25/2018 12:20:59	50.0	49.0	16.7102
01/25/2018 12:21:10	50.0	49.0	17.801
01/25/2018 12:21:21	49.0	48.0	15.7895
01/25/2018 12:21:32	48.0	47.0	17.4935
01/25/2018 12:21:43	48.0	47.0	17.0604
01/25/2018 12:21:54	49.0	48.0	15.4047
01/25/2018 12:22:05	48.0	47.0	17.0604
01/25/2018 12:22:16	48.0	48.0	16.7539
01/25/2018 12:22:27	47.0	47.0	15.9686
01/25/2018 12:22:38	47.0	47.0	16.5354
01/25/2018 12:22:49	50.0	49.0	17.2324
01/25/2018 12:23:00	51.0	50.0	16.9713
01/25/2018 12:23:11	53.0	52.0	16.7102
01/25/2018 12:23:22	55.0	54.0	18.1102
01/25/2018 12:23:33	55.0	54.0	18.3246
01/25/2018 12:23:44	56.0	55.0	15.4856
01/25/2018 12:23:55	57.0	56.0	16.5354
01/25/2018 12:24:07	54.0	54.0	19.0601
01/25/2018 12:24:18	52.0	51.0	15.8031
01/25/2018 12:24:29	51.0	51.0	17.6316
01/25/2018 12:24:40	50.0	50.0	16.1458
01/25/2018 12:24:51	50.0	50.0	16.7539
01/25/2018 12:25:02	49.0	48.0	18.3246
01/25/2018 12:25:13	49.0	48.0	15.7068
01/25/2018 12:25:24	48.0	47.0	18.5864
01/25/2018 12:25:35	48.0	46.0	16.4062
01/25/2018 12:25:46	49.0	48.0	14.5833
01/25/2018 12:25:57	48.0	47.0	17.4935
01/25/2018 12:26:08	49.0	48.0	16.5354
01/25/2018 12:26:19	51.0	51.0	16.2304
01/25/2018 12:26:30	52.0	52.0	15.8854
01/25/2018 12:26:41	54.0	53.0	16.7539
01/25/2018 12:26:52	55.0	54.0	18.3246
01/25/2018 12:27:03	56.0	55.0	16.9271
01/25/2018 12:27:14	56.0	55.0	18.8976
01/25/2018 12:27:25	54.0	53.0	16.2304
01/25/2018 12:27:36	53.0	52.0	16.4921
01/25/2018 12:27:47	51.0	51.0	17.6316
01/25/2018 12:27:58	50.0	50.0	17.8478
01/25/2018 12:28:09	50.0	50.0	15.9269
01/25/2018 12:28:20	49.0	49.0	15.7895
01/25/2018 12:28:31	49.0	48.0	15.3646
01/25/2018 12:28:42	48.0	48.0	17.6316
01/25/2018 12:28:53	48.0	48.0	16.7979
01/25/2018 12:29:04	48.0	48.0	17.2775
01/25/2018 12:29:15	48.0	47.0	17.5393
01/25/2018 12:29:26	48.0	47.0	16.2304
01/25/2018 12:29:37	47.0	47.0	15.445
01/25/2018 12:29:48	48.0	48.0	18.0157
01/25/2018 12:29:59	50.0	50.0	16.5354
01/25/2018 12:30:10	51.0	51.0	16.6227
01/25/2018 12:30:21	55.0	53.0	17.1053
01/25/2018 12:30:32	55.0	54.0	16.0105
01/25/2018 12:30:43	56.0	56.0	15.9686
01/25/2018 12:30:54	56.0	55.0	17.8947
01/25/2018 12:31:05	54.0	53.0	16.4491
01/25/2018 12:31:16	52.0	53.0	16.4491
01/25/2018 12:31:27	50.0	51.0	17.8947
01/25/2018 12:31:38	50.0	50.0	16.1458
01/25/2018 12:31:50	50.0	50.0	15.9686
01/25/2018 12:32:01	49.0	48.0	17.7719
01/25/2018 12:32:12	49.0	48.0	15.7068
01/25/2018 12:32:23	49.0	48.0	16.6667
01/25/2018 12:32:34	48.0	48.0	16.4921
01/25/2018 12:32:45	48.0	48.0	17.033
01/25/2018 12:32:56	48.0	47.0	16.5354
01/25/2018 12:33:07	48.0	47.0	17.4479
01/25/2018 12:33:18	50.0	48.0	18.0879
01/25/2018 12:33:29	51.0	49.0	16.8831
01/25/2018 12:33:40	50.0	49.0	17.1429
01/25/2018 12:33:51	50.0	49.0	21.447
01/25/2018 12:34:02	49.0	48.0	18.1818
01/25/2018 12:34:13	48.0	48.0	17.8478
01/25/2018 12:34:24	48.0	47.0	15.1436
01/25/2018 12:34:35	47.0	47.0	16.4491
01/25/2018 12:34:46	47.0	46.0	16.7102
01/25/2018 12:34:57	47.0	47.0	17.6623
01/25/2018 12:35:08	51.0	50.0	14.6982
01/25/2018 12:35:19	51.0	51.0	18.3727
01/25/2018 12:35:30	53.0	53.0	15.8854
01/25/2018 12:35:41	54.0	54.0	16.6667
01/25/2018 12:35:52	56.0	55.0	16.8865
01/25/2018 12:36:03	56.0	56.0	15.1042
01/25/2018 12:36:14	55.0	54.0	16.4921
01/25/2018 12:36:25	52.0	53.0	15.3646
01/25/2018 12:36:36	51.0	51.0	16.188
01/25/2018 12:36:47	50.0	50.0	15.7895
01/25/2018 12:36:58	49.0	50.0	21.9895
01/25/2018 12:37:09	52.0	51.0	31.1856
01/25/2018 12:37:20	53.0	53.0	32.732
01/25/2018 12:37:31	55.0	54.0	31.7829
01/25/2018 12:37:42	57.0	55.0	32.6425
01/25/2018 12:37:53	58.0	55.0	31.2821
01/25/2018 12:38:04	58.0	56.0	33.3333
01/25/2018 12:38:15	59.0	56.0	33.6788
01/25/2018 12:38:26	59.0	57.0	31.8653
01/25/2018 12:38:37	59.0	58.0	33.4197
01/25/2018 12:38:48	59.0	58.0	33.7629
01/25/2018 12:38:59	59.0	58.0	31.1054
01/25/2018 12:39:10	59.0	58.0	30.7692
01/25/2018 12:39:21	59.0	57.0	32.1244
01/25/2018 12:39:32	59.0	57.0	34.456
01/25/2018 12:39:44	59.0	58.0	35.4756
01/25/2018 12:39:55	59.0	58.0	32.1244
01/25/2018 12:40:06	60.0	58.0	34.2784
01/25/2018 12:40:17	59.0	58.0	34.2784
01/25/2018 12:40:28	60.0	58.0	33.5052
01/25/2018 12:40:39	59.0	58.0	37.2396
01/25/2018 12:40:50	61.0	58.0	34.1026
01/25/2018 12:41:01	61.0	59.0	31.8653
01/25/2018 12:41:12	60.0	59.0	17.6623
01/25/2018 12:41:23	55.0	54.0	18.799
01/25/2018 12:41:34	53.0	53.0	17.3228
01/25/2018 12:41:45	52.0	52.0	18.1818
01/25/2018 12:41:56	51.0	51.0	17.3575
01/25/2018 12:42:07	50.0	50.0	17.2324
01/25/2018 12:42:18	50.0	50.0	15.3247
01/25/2018 12:42:29	50.0	50.0	17.7546
01/25/2018 12:42:40	48.0	49.0	17.7546
01/25/2018 12:42:51	48.0	48.0	16.9713
01/25/2018 12:43:02	50.0	49.0	17.2775
01/25/2018 12:43:13	48.0	49.0	17.3228
01/25/2018 12:43:24	48.0	47.0	16.8831
01/25/2018 12:43:35	48.0	47.0	16.188
01/25/2018 12:43:46	48.0	48.0	15.445
01/25/2018 12:43:57	47.0	46.0	15.8442
01/25/2018 12:44:08	47.0	47.0	18.6352
01/25/2018 12:44:19	49.0	49.0	17.2324
01/25/2018 12:44:30	51.0	51.0	17.3228
01/25/2018 12:44:41	54.0	53.0	16.3158
01/25/2018 12:44:52	54.0	53.0	17.4935
01/25/2018 12:45:03	55.0	55.0	18.1579
01/25/2018 12:45:14	56.0	56.0	16.188
01/25/2018 12:45:25	56.0	56.0	15.748
01/25/2018 12:45:36	54.0	54.0	17.2324
01/25/2018 12:45:47	52.0	52.0	16.8865
01/25/2018 12:45:58	51.0	51.0	19.1099
01/25/2018 12:46:09	50.0	50.0	18.3463
01/25/2018 12:46:20	50.0	49.0	18.8482
01/25/2018 12:46:31	49.0	48.0	18.5379
01/25/2018 12:46:42	48.0	48.0	15.445
01/25/2018 12:46:53	48.0	48.0	16.9271
01/25/2018 12:47:04	48.0	47.0	15.4047
01/25/2018 12:47:15	48.0	48.0	15.625
01/25/2018 12:47:26	50.0	49.0	17.0157
01/25/2018 12:47:37	51.0	51.0	16.5354
01/25/2018 12:47:49	53.0	53.0	16.1458
01/25/2018 12:48:00	54.0	54.0	18.5379
01/25/2018 12:48:11	55.0	54.0	15.748
01/25/2018 12:48:22	57.0	56.0	17.6781
01/25/2018 12:48:33	56.0	55.0	15.1832
01/25/2018 12:48:44	55.0	53.0	15.9686
01/25/2018 12:48:55	52.0	52.0	16.5354
01/25/2018 12:49:06	52.0	50.0	16.7979
01/25/2018 12:49:17	51.0	50.0	19.4805
01/25/2018 12:49:28	49.0	48.0	17.1429
01/25/2018 12:49:39	49.0	49.0	15.9269
01/25/2018 12:49:50	49.0	48.0	16.4491
01/25/2018 12:50:01	49.0	48.0	17.4935
01/25/2018 12:50:12	49.0	48.0	16.5803
01/25/2018 12:50:23	49.0	48.0	16.188
01/25/2018 12:50:34	48.0	48.0	17.0604
01/25/2018 12:50:45	48.0	48.0	16.0105
01/25/2018 12:50:56	48.0	47.0	16.0622
01/25/2018 12:51:07	48.0	47.0	17.1875
01/25/2018 12:51:18	50.0	50.0	15.544
01/25/2018 12:51:29	51.0	51.0	16.3158
01/25/2018 12:51:40	52.0	53.0	15.9269
01/25/2018 12:51:51	55.0	54.0	16.7979
01/25/2018 12:52:02	55.0	55.0	16.6234
01/25/2018 12:52:13	57.0	56.0	15.9269
01/25/2018 12:52:24	55.0	55.0	15.8854
01/25/2018 12:52:35	53.0	53.0	15.9686
01/25/2018 12:52:46	52.0	51.0	17.2775
01/25/2018 12:52:57	51.0	51.0	18.7013
01/25/2018 12:53:08	50.0	50.0	15.625
01/25/2018 12:53:19	50.0	50.0	16.8394
01/25/2018 12:53:30	50.0	49.0	15.9269
01/25/2018 12:53:41	49.0	49.0	16.7959
01/25/2018 12:53:52	49.0	48.0	16.188
01/25/2018 12:54:03	49.0	48.0	17.1429
01/25/2018 12:54:14	48.0	48.0	15.4856
01/25/2018 12:54:25	48.0	47.0	14.8825
01/25/2018 12:54:36	48.0	47.0	13.7203
01/25/2018 12:54:47	49.0	47.0	15
01/25/2018 12:54:58	50.0	49.0	12.336
01/25/2018 12:55:09	51.0	50.0	13.3858
01/25/2018 12:55:21	52.0	52.0	13.6126
01/25/2018 12:55:32	53.0	53.0	13.3508
01/25/2018 12:55:43	54.0	54.0	12.5984
01/25/2018 12:55:54	54.0	54.0	12.8947
01/25/2018 12:56:05	55.0	56.0	12.8609
01/25/2018 12:56:16	56.0	56.0	11.658
01/25/2018 12:56:27	57.0	56.0	12.8609
01/25/2018 12:56:38	54.0	53.0	12.1053
01/25/2018 12:56:49	52.0	52.0	13.4211
01/25/2018 12:57:00	50.0	50.0	13.2979
01/25/2018 12:57:11	49.0	50.0	14.248
01/25/2018 12:57:22	48.0	48.0	13.8298
01/25/2018 12:57:33	48.0	47.0	15.0396
01/25/2018 12:57:44	48.0	47.0	12.5326
01/25/2018 12:57:55	49.0	48.0	15.3034
01/25/2018 12:58:06	50.0	51.0	13.1579
01/25/2018 12:58:17	51.0	51.0	13.3159
01/25/2018 12:58:28	53.0	53.0	12.8947
01/25/2018 12:58:39	54.0	54.0	13.1234
01/25/2018 12:58:50	54.0	54.0	12.1372
01/25/2018 12:59:01	55.0	55.0	12.3037
01/25/2018 12:59:12	56.0	55.0	12.0419
01/25/2018 12:59:23	57.0	56.0	12.336
01/25/2018 12:59:34	57.0	56.0	13.6483
01/25/2018 12:59:45	54.0	53.0	13.0319
01/25/2018 12:59:56	52.0	51.0	12.8947
01/25/2018 13:00:07	51.0	50.0	13.7203
01/25/2018 13:00:18	50.0	49.0	14.248
01/25/2018 13:00:29	49.0	48.0	15.445
01/25/2018 13:00:41	48.0	47.0	15.0396
01/25/2018 13:00:52	48.0	47.0	12.1372
01/25/2018 13:01:03	49.0	48.0	14.2857
01/25/2018 13:01:14	50.0	50.0	12.3684
01/25/2018 13:01:25	51.0	51.0	12.5984
01/25/2018 13:01:36	53.0	53.0	13.3858
01/25/2018 13:01:47	54.0	53.0	13.089
01/25/2018 13:01:58	55.0	54.0	12.963
01/25/2018 13:02:09	55.0	55.0	15.8311
01/25/2018 13:02:20	57.0	56.0	16.5803
01/25/2018 13:02:31	55.0	54.0	17.5393
01/25/2018 13:02:42	53.0	52.0	16.4921
01/25/2018 13:02:53	52.0	51.0	16.188
01/25/2018 13:03:04	51.0	51.0	17.1053
01/25/2018 13:03:15	51.0	50.0	16.2304
01/25/2018 13:03:26	50.0	49.0	16.4921
01/25/2018 13:03:37	50.0	49.0	16.7539
01/25/2018 13:03:48	49.0	48.0	15.9686
01/25/2018 13:03:59	49.0	48.0	15.748
01/25/2018 13:04:10	49.0	48.0	16.6667
01/25/2018 13:04:21	49.0	47.0	16.1039
01/25/2018 13:04:32	49.0	48.0	17.1875
01/25/2018 13:04:43	49.0	48.0	19.1601
01/25/2018 13:04:54	48.0	48.0	15.8854
01/25/2018 13:05:05	47.0	47.0	17.801
01/25/2018 13:05:16	48.0	47.0	17.3228
01/25/2018 13:05:27	48.0	47.0	16.7539
01/25/2018 13:05:38	48.0	47.0	16.4491
01/25/2018 13:05:49	47.0	47.0	15.9686
01/25/2018 13:06:00	48.0	48.0	15.445
01/25/2018 13:06:11	50.0	50.0	19.7403
01/25/2018 13:06:22	52.0	52.0	16.0105
01/25/2018 13:06:33	53.0	53.0	17.7546
01/25/2018 13:06:44	56.0	55.0	16.1039
01/25/2018 13:06:55	57.0	55.0	17.6781
01/25/2018 13:07:06	57.0	56.0	17.0604
01/25/2018 13:07:17	54.0	54.0	18.1347
01/25/2018 13:07:28	53.0	52.0	15.2231
01/25/2018 13:07:39	51.0	51.0	16.9713
01/25/2018 13:07:51	50.0	50.0	16.6667
01/25/2018 13:08:02	50.0	49.0	16.9271
01/25/2018 13:08:13	49.0	49.0	16.273
01/25/2018 13:08:24	49.0	49.0	17.1875
01/25/2018 13:08:35	49.0	48.0	15.8442
01/25/2018 13:08:46	49.0	48.0	17.0157
01/25/2018 13:08:57	48.0	48.0	17.5393
01/25/2018 13:09:08	48.0	47.0	17.0157
01/25/2018 13:09:19	48.0	47.0	16.9271
01/25/2018 13:09:30	48.0	48.0	17.8478
01/25/2018 13:09:41	48.0	47.0	16.1458
01/25/2018 13:09:52	51.0	50.0	15.4047
01/25/2018 13:10:03	52.0	51.0	18.9974
01/25/2018 13:10:14	53.0	53.0	15.8854
01/25/2018 13:10:25	55.0	54.0	15.7895
01/25/2018 13:10:36	55.0	55.0	16.7539
01/25/2018 13:10:47	57.0	56.0	15.1042
01/25/2018 13:10:58	54.0	54.0	17.4479
01/25/2018 13:11:09	54.0	53.0	17.3684
01/25/2018 13:11:20	51.0	51.0	17.1875
01/25/2018 13:11:31	50.0	50.0	15.9269
01/25/2018 13:11:42	50.0	49.0	16.6234
01/25/2018 13:11:53	49.0	49.0	18.1818
01/25/2018 13:12:04	49.0	48.0	16.5803
01/25/2018 13:12:15	49.0	48.0	15.625
01/25/2018 13:12:26	49.0	48.0	15.1436
01/25/2018 13:12:37	49.0	48.0	19.3717
01/25/2018 13:12:48	48.0	47.0	17.7083
01/25/2018 13:12:59	48.0	47.0	16.3636
01/25/2018 13:13:10	48.0	47.0	14.8148
01/25/2018 13:13:21	47.0	47.0	13.089
01/25/2018 13:13:32	49.0	48.0	13.7566
01/25/2018 13:13:43	50.0	50.0	13.6483
01/25/2018 13:13:54	51.0	52.0	13.1579
01/25/2018 13:14:05	53.0	53.0	13.5417
01/25/2018 13:14:16	54.0	53.0	13.4211
01/25/2018 13:14:27	55.0	54.0	12.3684
01/25/2018 13:14:38	55.0	54.0	13.1579
01/25/2018 13:14:49	55.0	56.0	12.1053
01/25/2018 13:15:01	57.0	56.0	12.8947
01/25/2018 13:15:12	55.0	54.0	12.8609
01/25/2018 13:15:23	53.0	52.0	13.9842
01/25/2018 13:15:34	51.0	50.0	13.4921
01/25/2018 13:15:45	51.0	50.0	13.1926
01/25/2018 13:15:56	49.0	48.0	13.7203
01/25/2018 13:16:07	49.0	48.0	12.8609
01/25/2018 13:16:18	48.0	47.0	14.8148
01/25/2018 13:16:29	48.0	47.0	14.5119
01/25/2018 13:16:40	50.0	49.0	13.5279
01/25/2018 13:16:51	51.0	51.0	14.2105
01/25/2018 13:17:02	52.0	52.0	12.0735
01/25/2018 13:17:13	53.0	53.0	13.1579
01/25/2018 13:17:24	54.0	53.0	12.1372
01/25/2018 13:17:35	55.0	55.0	12.3684
01/25/2018 13:17:46	56.0	55.0	12.5984
01/25/2018 13:17:57	57.0	56.0	13.3508
01/25/2018 13:18:08	56.0	55.0	13.9108
01/25/2018 13:18:19	53.0	53.0	13.1926
01/25/2018 13:18:30	51.0	51.0	13.089
01/25/2018 13:18:41	50.0	50.0	13.4921
01/25/2018 13:18:52	49.0	49.0	13.1234
01/25/2018 13:19:03	48.0	48.0	13.4921
01/25/2018 13:19:14	48.0	47.0	14.248
01/25/2018 13:19:25	48.0	47.0	14.2857
01/25/2018 13:19:36	47.0	47.0	14.0212
01/25/2018 13:19:47	47.0	48.0	15.5673
01/25/2018 13:19:58	50.0	50.0	14.4357
01/25/2018 13:20:09	51.0	51.0	13.6483
01/25/2018 13:20:21	52.0	53.0	13.4211
01/25/2018 13:20:32	53.0	53.0	12.336
01/25/2018 13:20:43	54.0	54.0	12.6316
01/25/2018 13:20:54	55.0	55.0	13.1234
01/25/2018 13:21:05	56.0	56.0	12.8609
01/25/2018 13:21:16	57.0	56.0	12.4011
01/25/2018 13:21:27	55.0	55.0	12.8947
01/25/2018 13:21:38	53.0	53.0	12.8272
01/25/2018 13:21:49	51.0	51.0	12.8609
01/25/2018 13:22:00	50.0	50.0	13.3858
01/25/2018 13:22:11	49.0	49.0	15
01/25/2018 13:22:22	48.0	48.0	14.3236
01/25/2018 13:22:33	48.0	48.0	13.5279
01/25/2018 13:22:44	48.0	47.0	14.8541
01/25/2018 13:22:55	49.0	49.0	13.3858
01/25/2018 13:23:06	51.0	51.0	12.3037
01/25/2018 13:23:17	53.0	51.0	12.336
01/25/2018 13:23:28	53.0	53.0	12.4668
01/25/2018 13:23:39	54.0	54.0	12.7937
01/25/2018 13:23:50	55.0	54.0	12.8609
01/25/2018 13:24:01	55.0	55.0	12.1372
01/25/2018 13:24:12	57.0	56.0	13.0548
01/25/2018 13:24:23	55.0	54.0	13.4211
01/25/2018 13:24:34	53.0	53.0	14.2105
01/25/2018 13:24:45	51.0	51.0	12.6316
01/25/2018 13:24:56	50.0	50.0	13.4211
01/25/2018 13:25:07	49.0	48.0	13.089
01/25/2018 13:25:18	49.0	48.0	13.7203
01/25/2018 13:25:29	48.0	47.0	13.1234
01/25/2018 13:25:41	47.0	47.0	13.9842
01/25/2018 13:25:52	49.0	48.0	14.0584
01/25/2018 13:26:03	50.0	50.0	12.6316
01/25/2018 13:26:14	52.0	51.0	12.8609
01/25/2018 13:26:25	53.0	53.0	12.5654
01/25/2018 13:26:36	54.0	53.0	13.6126
01/25/2018 13:26:47	55.0	54.0	12.6316
01/25/2018 13:26:58	56.0	55.0	13.1234
01/25/2018 13:27:09	57.0	56.0	12.0735
01/25/2018 13:27:20	56.0	56.0	12.5984
01/25/2018 13:27:31	53.0	54.0	12.1053
01/25/2018 13:27:42	51.0	51.0	14.6214
01/25/2018 13:27:53	50.0	50.0	13.9474
01/25/2018 13:28:04	49.0	49.0	14.0584
01/25/2018 13:28:15	48.0	48.0	14.4357
01/25/2018 13:28:26	48.0	48.0	14.0212
01/25/2018 13:28:37	47.0	47.0	13.6842
01/25/2018 13:28:48	47.0	47.0	13.7203
01/25/2018 13:28:59	49.0	49.0	14.2105
01/25/2018 13:29:10	50.0	51.0	12.6649
01/25/2018 13:29:21	52.0	52.0	12.3684
01/25/2018 13:29:32	53.0	53.0	12.1053
01/25/2018 13:29:43	54.0	54.0	13.2275
01/25/2018 13:29:54	55.0	55.0	12.1053
01/25/2018 13:30:05	56.0	55.0	11.8734
01/25/2018 13:30:16	56.0	56.0	12.9288
01/25/2018 13:30:27	55.0	55.0	12.3684
01/25/2018 13:30:38	52.0	53.0	12.6316
01/25/2018 13:30:49	51.0	51.0	13.9842
01/25/2018 13:31:00	51.0	50.0	16.2304
01/25/2018 13:31:12	50.0	50.0	15.7068
01/25/2018 13:31:23	49.0	49.0	14.5119
01/25/2018 13:31:34	49.0	48.0	13.4211
01/25/2018 13:31:45	48.0	47.0	13.8021
01/25/2018 13:31:56	47.0	47.0	13.7566
01/25/2018 13:32:07	48.0	48.0	13.7566
01/25/2018 13:32:18	50.0	50.0	12.8272
01/25/2018 13:32:29	51.0	51.0	13.089
01/25/2018 13:32:40	52.0	52.0	12.1053
01/25/2018 13:32:51	53.0	53.0	13.6483
01/25/2018 13:33:02	54.0	54.0	12.5654
01/25/2018 13:33:13	55.0	55.0	12.5984
01/25/2018 13:33:24	56.0	55.0	12.336
01/25/2018 13:33:35	57.0	56.0	12.5984
01/25/2018 13:33:46	55.0	55.0	14.3603
01/25/2018 13:33:57	52.0	53.0	12.6316
01/25/2018 13:34:08	51.0	51.0	14.0212
01/25/2018 13:34:19	50.0	50.0	14.248
01/25/2018 13:34:30	49.0	49.0	13.1234
01/25/2018 13:34:41	49.0	48.0	13.3858
01/25/2018 13:34:52	48.0	48.0	13.577
01/25/2018 13:35:03	47.0	47.0	13.4921
01/25/2018 13:35:14	48.0	47.0	14.4357
01/25/2018 13:35:25	50.0	50.0	13.1234
01/25/2018 13:35:36	51.0	51.0	12.6316
01/25/2018 13:35:47	52.0	52.0	13.3159
01/25/2018 13:35:58	53.0	53.0	13.089
01/25/2018 13:36:09	54.0	54.0	12.5326
01/25/2018 13:36:20	55.0	55.0	13.1234
01/25/2018 13:36:32	55.0	55.0	11.811
01/25/2018 13:36:43	56.0	56.0	12.5654
01/25/2018 13:36:54	54.0	54.0	12.1372
01/25/2018 13:37:05	53.0	52.0	12.3684
01/25/2018 13:37:16	51.0	51.0	13.6483
01/25/2018 13:37:27	51.0	50.0	14.3236
01/25/2018 13:37:38	49.0	49.0	12.8947
01/25/2018 13:37:49	48.0	48.0	13.1234
01/25/2018 13:38:00	48.0	47.0	13.8381
01/25/2018 13:38:11	48.0	47.0	11.6402
01/25/2018 13:38:22	49.0	48.0	14.248
01/25/2018 13:38:33	50.0	50.0	12.6649
01/25/2018 13:38:44	51.0	51.0	12.4011
01/25/2018 13:38:55	53.0	53.0	12.7937
01/25/2018 13:39:06	54.0	53.0	12.8609
01/25/2018 13:39:17	55.0	54.0	12.8947
01/25/2018 13:39:28	55.0	55.0	13.6842
01/25/2018 13:39:39	57.0	56.0	12.0419
01/25/2018 13:39:50	57.0	56.0	12.8609
01/25/2018 13:40:01	54.0	54.0	13.1579
01/25/2018 13:40:12	52.0	52.0	14.4357
01/25/2018 13:40:23	52.0	51.0	11.8734
01/25/2018 13:40:34	50.0	50.0	15.8311
01/25/2018 13:40:45	49.0	48.0	12.8947
01/25/2018 13:40:56	48.0	48.0	13.7203
01/25/2018 13:41:07	48.0	47.0	12.6316
01/25/2018 13:41:18	48.0	46.0	13.7203
01/25/2018 13:41:29	48.0	46.0	12.4011
01/25/2018 13:41:40	49.0	48.0	13.5279
01/25/2018 13:41:52	51.0	51.0	13.1234
01/25/2018 13:42:03	52.0	51.0	13.3858
01/25/2018 13:42:14	53.0	53.0	12.5984
01/25/2018 13:42:25	54.0	53.0	11.8734
01/25/2018 13:42:36	55.0	54.0	13.1234
01/25/2018 13:42:47	56.0	55.0	12.8609
01/25/2018 13:42:58	56.0	56.0	12.5984
01/25/2018 13:43:09	56.0	55.0	12.6316
01/25/2018 13:43:20	53.0	53.0	12.5654
01/25/2018 13:43:31	51.0	51.0	13.3159
01/25/2018 13:43:42	51.0	50.0	14.2857
01/25/2018 13:43:53	49.0	49.0	14.4737
01/25/2018 13:44:04	49.0	48.0	13.9474
01/25/2018 13:44:15	48.0	47.0	14.5889
01/25/2018 13:44:26	47.0	48.0	12.336
01/25/2018 13:44:37	47.0	47.0	14.6277
01/25/2018 13:44:48	49.0	48.0	13.6483
01/25/2018 13:44:59	51.0	50.0	13.7566
01/25/2018 13:45:10	52.0	52.0	12.9288
01/25/2018 13:45:21	53.0	53.0	12.1693
01/25/2018 13:45:32	54.0	54.0	12.336
01/25/2018 13:45:43	55.0	55.0	13.1234
01/25/2018 13:45:54	56.0	55.0	12.1053
01/25/2018 13:46:05	57.0	56.0	12.3684
01/25/2018 13:46:16	55.0	54.0	12.9288
01/25/2018 13:46:27	53.0	52.0	12.336
01/25/2018 13:46:38	51.0	50.0	13.5279
01/25/2018 13:46:49	49.0	50.0	15.1832
01/25/2018 13:47:00	49.0	48.0	14.6982
01/25/2018 13:47:11	49.0	48.0	14.4737
01/25/2018 13:47:23	47.0	48.0	15.3034
01/25/2018 13:47:34	47.0	46.0	13.6483
01/25/2018 13:47:45	47.0	47.0	14.5889
01/25/2018 13:47:56	49.0	49.0	14.248
01/25/2018 13:48:07	51.0	51.0	13.1234
01/25/2018 13:48:18	51.0	51.0	13.5417
01/25/2018 13:48:29	53.0	53.0	12.8609
01/25/2018 13:48:40	54.0	54.0	12.6316
01/25/2018 13:48:51	55.0	55.0	13.089
01/25/2018 13:49:02	55.0	55.0	12.1053
01/25/2018 13:49:13	56.0	55.0	12.4011
01/25/2018 13:49:24	54.0	54.0	15.0794
01/25/2018 13:49:35	51.0	52.0	13.4211
01/25/2018 13:49:46	51.0	51.0	13.9474
01/25/2018 13:49:57	49.0	49.0	13.1234
01/25/2018 13:50:08	49.0	48.0	13.4565
01/25/2018 13:50:19	48.0	48.0	14.2105
01/25/2018 13:50:30	47.0	47.0	13.8298
01/25/2018 13:50:41	47.0	46.0	12.1372
01/25/2018 13:50:52	49.0	49.0	14.0212
01/25/2018 13:51:03	50.0	50.0	11.8734
01/25/2018 13:51:14	51.0	52.0	12.3684
01/25/2018 13:51:25	53.0	53.0	14.3979
01/25/2018 13:51:36	54.0	53.0	12.1372
01/25/2018 13:51:47	54.0	54.0	11.6095
01/25/2018 13:51:58	55.0	56.0	13.4211
01/25/2018 13:52:09	56.0	56.0	11.6711
01/25/2018 13:52:20	56.0	55.0	12.6316
01/25/2018 13:52:31	53.0	53.0	12.5984
01/25/2018 13:52:43	51.0	52.0	11.8734
01/25/2018 13:52:54	50.0	50.0	15.3034
01/25/2018 13:53:05	49.0	49.0	12.5984
01/25/2018 13:53:16	48.0	48.0	14.5119
01/25/2018 13:53:27	48.0	47.0	14.5119
01/25/2018 13:53:38	47.0	48.0	12.336
01/25/2018 13:53:49	47.0	48.0	11.811
01/25/2018 13:54:00	50.0	49.0	13.6842
01/25/2018 13:54:11	51.0	51.0	12.8609
01/25/2018 13:54:22	52.0	52.0	12.6316
01/25/2018 13:54:33	53.0	53.0	12.4011
01/25/2018 13:54:44	54.0	54.0	11.9363
01/25/2018 13:54:55	55.0	54.0	12.336
01/25/2018 13:55:06	55.0	56.0	12.8609
01/25/2018 13:55:17	56.0	56.0	12.8947
01/25/2018 13:55:28	55.0	56.0	13.8743
01/25/2018 13:55:39	53.0	53.0	12.5984
01/25/2018 13:55:50	51.0	51.0	13.9842
01/25/2018 13:56:01	50.0	50.0	14.5889
01/25/2018 13:56:12	49.0	49.0	13.5279
01/25/2018 13:56:23	48.0	48.0	14.4737
01/25/2018 13:56:34	48.0	48.0	14.248
01/25/2018 13:56:45	48.0	47.0	13.0548
01/25/2018 13:56:56	48.0	48.0	14.0584
01/25/2018 13:57:07	50.0	50.0	13.9842
01/25/2018 13:57:18	51.0	51.0	12.336
01/25/2018 13:57:29	52.0	53.0	12.336
01/25/2018 13:57:40	53.0	54.0	13.1579
01/25/2018 13:57:51	55.0	55.0	12.5984
01/25/2018 13:58:03	55.0	55.0	12.8609
01/25/2018 13:58:14	56.0	55.0	12.8272
01/25/2018 13:58:25	56.0	56.0	12.3684
01/25/2018 13:58:36	53.0	53.0	13.3858
01/25/2018 13:58:47	51.0	51.0	13.7203
01/25/2018 13:58:58	50.0	50.0	12.336
01/25/2018 13:59:09	49.0	49.0	15
01/25/2018 13:59:20	48.0	48.0	14.4737
01/25/2018 13:59:31	48.0	48.0	13.2275
01/25/2018 13:59:42	48.0	47.0	13.6842
01/25/2018 13:59:53	47.0	47.0	14.3236
01/25/2018 14:00:04	48.0	48.0	12.4011
01/25/2018 14:00:15	50.0	50.0	12.8947
01/25/2018 14:00:26	52.0	52.0	13.0548
01/25/2018 14:00:37	53.0	53.0	12.3037
01/25/2018 14:00:48	54.0	54.0	11.8421
01/25/2018 14:00:59	55.0	55.0	13.089
01/25/2018 14:01:10	55.0	55.0	13.3508
01/25/2018 14:01:21	56.0	55.0	12.3037
01/25/2018 14:01:32	57.0	56.0	12.5984
01/25/2018 14:01:43	54.0	54.0	13.3508
01/25/2018 14:01:54	52.0	51.0	13.5638
01/25/2018 14:02:05	51.0	50.0	14.248
01/25/2018 14:02:16	50.0	49.0	13.1234
01/25/2018 14:02:27	48.0	48.0	13.7566
01/25/2018 14:02:38	48.0	48.0	12.8609
01/25/2018 14:02:49	47.0	47.0	13.8298
01/25/2018 14:03:00	47.0	46.0	14.7757
01/25/2018 14:03:11	49.0	48.0	13.4921
01/25/2018 14:03:23	50.0	50.0	13.089
01/25/2018 14:03:34	52.0	52.0	13.4921
01/25/2018 14:03:45	52.0	53.0	12.8947
01/25/2018 14:03:56	54.0	53.0	12.336
01/25/2018 14:04:07	55.0	54.0	12.3684
01/25/2018 14:04:18	55.0	54.0	12.6316
01/25/2018 14:04:29	56.0	56.0	12.6316
01/25/2018 14:04:40	57.0	56.0	12.6316
01/25/2018 14:04:51	54.0	53.0	14.0957
01/25/2018 14:05:02	52.0	51.0	13.6842
01/25/2018 14:05:13	50.0	50.0	13.8743
01/25/2018 14:05:24	49.0	49.0	15
01/25/2018 14:05:35	49.0	48.0	13.4921
01/25/2018 14:05:46	48.0	47.0	14.5503
01/25/2018 14:05:57	47.0	47.0	13.4211
01/25/2018 14:06:08	49.0	49.0	13.7566
01/25/2018 14:06:19	51.0	50.0	12.8947
01/25/2018 14:06:30	52.0	52.0	12.3037
01/25/2018 14:06:41	53.0	53.0	12.3684
01/25/2018 14:06:52	54.0	54.0	13.1926
01/25/2018 14:07:03	55.0	55.0	12.8272
01/25/2018 14:07:14	55.0	55.0	13.8381
01/25/2018 14:07:25	57.0	56.0	12.6316
01/25/2018 14:07:36	55.0	56.0	11.9048
01/25/2018 14:07:47	52.0	53.0	14.4357
01/25/2018 14:07:58	51.0	51.0	14.8148
01/25/2018 14:08:09	50.0	50.0	13.9474
01/25/2018 14:08:20	49.0	48.0	14.5119
01/25/2018 14:08:31	48.0	48.0	13.9842
01/25/2018 14:08:43	48.0	47.0	13.1926
01/25/2018 14:08:54	48.0	47.0	13.577
01/25/2018 14:09:05	49.0	48.0	14.1732
01/25/2018 14:09:16	50.0	51.0	12.5654
01/25/2018 14:09:27	52.0	53.0	13.6126
01/25/2018 14:09:38	53.0	53.0	12.336
01/25/2018 14:09:49	54.0	54.0	12.1053
01/25/2018 14:10:00	54.0	54.0	12.9288
01/25/2018 14:10:11	56.0	55.0	12.3684
01/25/2018 14:10:22	56.0	55.0	13.0548
01/25/2018 14:10:33	56.0	55.0	12.6984
01/25/2018 14:10:44	53.0	53.0	13.1579
01/25/2018 14:10:55	52.0	51.0	12.7937
01/25/2018 14:11:06	51.0	51.0	13.9474
01/25/2018 14:11:17	49.0	49.0	12.0735
01/25/2018 14:11:28	49.0	48.0	14.0212
01/25/2018 14:11:39	49.0	48.0	13.4211
01/25/2018 14:11:50	49.0	47.0	14.9606
01/25/2018 14:12:01	48.0	47.0	15
01/25/2018 14:12:12	50.0	50.0	13.2979
01/25/2018 14:12:23	51.0	51.0	13.8381
01/25/2018 14:12:34	52.0	53.0	12.1693
01/25/2018 14:12:45	53.0	53.0	12.8609
01/25/2018 14:12:56	55.0	55.0	12.1372
01/25/2018 14:13:07	56.0	54.0	14.7368
01/25/2018 14:13:18	56.0	56.0	10.7612
01/25/2018 14:13:29	57.0	56.0	12.5984
01/25/2018 14:13:40	55.0	55.0	13.3508
01/25/2018 14:13:51	53.0	53.0	12.8272
01/25/2018 14:14:02	51.0	51.0	14.1732
01/25/2018 14:14:14	50.0	50.0	14.7368
01/25/2018 14:14:25	49.0	49.0	12.336
01/25/2018 14:14:36	49.0	48.0	13.089
01/25/2018 14:14:47	47.0	48.0	12.5984
01/25/2018 14:14:58	48.0	47.0	13.4565
01/25/2018 14:15:09	49.0	49.0	13.9842
01/25/2018 14:15:20	50.0	51.0	12.336
01/25/2018 14:15:31	52.0	52.0	12.1372
01/25/2018 14:15:42	53.0	53.0	13.0548
01/25/2018 14:15:53	55.0	54.0	12.8272
01/25/2018 14:16:04	55.0	55.0	12.336
01/25/2018 14:16:15	56.0	56.0	12.9288
01/25/2018 14:16:26	56.0	56.0	11.6095
01/25/2018 14:16:37	55.0	55.0	13.6842
01/25/2018 14:16:48	55.0	54.0	12.4011
01/25/2018 14:16:59	51.0	51.0	13.7931
01/25/2018 14:17:10	50.0	50.0	12.963
01/25/2018 14:17:21	49.0	49.0	14.1361
01/25/2018 14:17:32	48.0	48.0	14.4357
01/25/2018 14:17:43	48.0	48.0	14.7757
01/25/2018 14:17:54	47.0	47.0	14.5119
01/25/2018 14:18:05	49.0	49.0	14.2105
01/25/2018 14:18:16	51.0	51.0	13.1579
01/25/2018 14:18:27	52.0	52.0	12.1693
01/25/2018 14:18:38	53.0	53.0	13.9108
01/25/2018 14:18:49	54.0	54.0	13.577
01/25/2018 14:19:00	55.0	54.0	13.089
01/25/2018 14:19:11	56.0	55.0	12.5984
01/25/2018 14:19:22	56.0	56.0	12.5326
01/25/2018 14:19:34	57.0	56.0	12.5654
01/25/2018 14:19:45	54.0	54.0	11.8734
01/25/2018 14:19:56	51.0	52.0	12.0735
01/25/2018 14:20:07	50.0	51.0	14.0584
01/25/2018 14:20:18	49.0	49.0	13.7566
01/25/2018 14:20:29	49.0	48.0	14.7368
01/25/2018 14:20:40	48.0	47.0	13.9842
01/25/2018 14:20:51	47.0	47.0	14.0957
01/25/2018 14:21:02	48.0	48.0	14.0212
01/25/2018 14:21:13	50.0	49.0	12.8609
01/25/2018 14:21:24	51.0	51.0	12.8947
01/25/2018 14:21:35	52.0	52.0	12.5984
01/25/2018 14:21:46	53.0	53.0	12.8272
01/25/2018 14:21:57	54.0	54.0	14.1361
01/25/2018 14:22:08	55.0	54.0	13.6126
01/25/2018 14:22:19	55.0	56.0	12.1693
01/25/2018 14:22:30	56.0	56.0	12.3684
01/25/2018 14:22:41	57.0	56.0	13.0548
01/25/2018 14:22:52	54.0	54.0	12.8609
01/25/2018 14:23:03	51.0	52.0	12.1053
01/25/2018 14:23:14	51.0	50.0	13.4211
01/25/2018 14:23:25	50.0	50.0	14.3236
01/25/2018 14:23:36	48.0	49.0	13.4565
01/25/2018 14:23:47	48.0	48.0	13.7203
01/25/2018 14:23:58	48.0	47.0	13.1926
01/25/2018 14:24:09	48.0	48.0	13.8298
01/25/2018 14:24:20	50.0	50.0	13.2812
01/25/2018 14:24:31	51.0	51.0	13.3508
01/25/2018 14:24:42	52.0	53.0	12.3684
01/25/2018 14:24:53	53.0	53.0	12.5984
01/25/2018 14:25:05	54.0	54.0	12.6316
01/25/2018 14:25:16	55.0	55.0	12.2016
01/25/2018 14:25:27	56.0	56.0	12.1053
01/25/2018 14:25:38	57.0	56.0	12.5984
01/25/2018 14:25:49	55.0	54.0	12.0735
01/25/2018 14:26:00	53.0	53.0	12.4668
01/25/2018 14:26:11	51.0	51.0	13.7203
01/25/2018 14:26:22	50.0	50.0	14.248
01/25/2018 14:26:33	49.0	48.0	12.8609
01/25/2018 14:26:44	48.0	48.0	13.4211
01/25/2018 14:26:55	48.0	47.0	14.3979
01/25/2018 14:27:06	48.0	47.0	12.8947
01/25/2018 14:27:17	49.0	50.0	12.1372
01/25/2018 14:27:28	50.0	51.0	12.6316
01/25/2018 14:27:39	51.0	52.0	13.577
01/25/2018 14:27:50	53.0	53.0	13.3508
01/25/2018 14:28:01	54.0	54.0	13.1234
01/25/2018 14:28:12	55.0	55.0	12.5326
01/25/2018 14:28:23	56.0	55.0	12.1053
01/25/2018 14:28:34	57.0	56.0	12.3684
01/25/2018 14:28:45	56.0	55.0	12.1372
01/25/2018 14:28:56	53.0	53.0	11.811
01/25/2018 14:29:07	51.0	51.0	14.3617
01/25/2018 14:29:18	50.0	50.0	13.9474
01/25/2018 14:29:29	49.0	49.0	14.2857
01/25/2018 14:29:40	49.0	48.0	14.248
01/25/2018 14:29:51	48.0	48.0	14.5119
01/25/2018 14:30:02	47.0	47.0	13.9474
01/25/2018 14:30:14	48.0	49.0	15.0794
01/25/2018 14:30:25	50.0	50.0	12.1372
01/25/2018 14:30:36	52.0	51.0	12.1053
01/25/2018 14:30:47	53.0	53.0	12.7604
01/25/2018 14:30:58	54.0	53.0	12.8272
01/25/2018 14:31:09	55.0	54.0	13.3508
01/25/2018 14:31:20	56.0	55.0	12.1372
01/25/2018 14:31:31	56.0	56.0	12.3037
01/25/2018 14:31:42	57.0	56.0	13.3858
01/25/2018 14:31:53	54.0	53.0	12.5984
01/25/2018 14:32:04	52.0	52.0	12.963
01/25/2018 14:32:15	51.0	50.0	16.0105
01/25/2018 14:32:26	50.0	50.0	13.7203
01/25/2018 14:32:37	49.0	48.0	13.7931
01/25/2018 14:32:48	48.0	48.0	14.2857
01/25/2018 14:32:59	48.0	47.0	14.248
01/25/2018 14:33:10	49.0	48.0	14.2105
01/25/2018 14:33:21	50.0	50.0	12.9288
01/25/2018 14:33:32	51.0	51.0	12.5984
01/25/2018 14:33:43	53.0	52.0	12.8947
01/25/2018 14:33:54	54.0	53.0	12.4011
01/25/2018 14:34:05	55.0	54.0	12.5654
01/25/2018 14:34:16	55.0	55.0	13.9474
01/25/2018 14:34:27	56.0	56.0	11.811
01/25/2018 14:34:38	57.0	56.0	12.1372
01/25/2018 14:34:49	55.0	55.0	13.9842
01/25/2018 14:35:00	52.0	51.0	12.5984
01/25/2018 14:35:11	51.0	51.0	13.4921
01/25/2018 14:35:22	50.0	50.0	14.7757
01/25/2018 14:35:34	49.0	48.0	13.4565
01/25/2018 14:35:45	49.0	48.0	14.1732
01/25/2018 14:35:56	48.0	47.0	14.9606
01/25/2018 14:36:07	47.0	46.0	13.7566
01/25/2018 14:36:18	49.0	49.0	13.5417
01/25/2018 14:36:29	50.0	50.0	12.1053
01/25/2018 14:36:40	52.0	51.0	12.4339
01/25/2018 14:36:51	53.0	53.0	12.6316
01/25/2018 14:37:02	54.0	54.0	12.8947
01/25/2018 14:37:13	55.0	54.0	12.1053
01/25/2018 14:37:24	55.0	55.0	13.3858
01/25/2018 14:37:35	57.0	56.0	11.811
01/25/2018 14:37:46	56.0	56.0	12.336
01/25/2018 14:37:57	54.0	54.0	13.9842
01/25/2018 14:38:08	52.0	51.0	13.7566
01/25/2018 14:38:19	50.0	50.0	13.7931
01/25/2018 14:38:30	49.0	50.0	15.3034
01/25/2018 14:38:41	48.0	49.0	13.2275
01/25/2018 14:38:52	48.0	48.0	12.6649
01/25/2018 14:39:03	47.0	47.0	13.2275
01/25/2018 14:39:14	49.0	49.0	13.8298
01/25/2018 14:39:25	51.0	50.0	12.4011
01/25/2018 14:39:36	52.0	51.0	12.5984
01/25/2018 14:39:47	53.0	53.0	12.3037
01/25/2018 14:39:58	54.0	53.0	13.1234
01/25/2018 14:40:09	55.0	54.0	12.8272
01/25/2018 14:40:20	56.0	55.0	12.1372
01/25/2018 14:40:31	57.0	56.0	12.2715
01/25/2018 14:40:42	57.0	56.0	12.5984
01/25/2018 14:40:54	54.0	53.0	14.0212
01/25/2018 14:41:05	51.0	51.0	13.7203
01/25/2018 14:41:16	50.0	50.0	12.766
01/25/2018 14:41:27	49.0	50.0	13.7566
01/25/2018 14:41:38	49.0	49.0	13.1579
01/25/2018 14:41:49	48.0	48.0	14.1732
01/25/2018 14:42:00	48.0	47.0	14.4357
01/25/2018 14:42:11	49.0	49.0	12.336
01/25/2018 14:42:22	50.0	50.0	12.5984
01/25/2018 14:42:33	51.0	51.0	13.9108
01/25/2018 14:42:44	53.0	53.0	12.8272
01/25/2018 14:42:55	54.0	54.0	12.4011
01/25/2018 14:43:06	55.0	55.0	12.8272
01/25/2018 14:43:17	56.0	55.0	12.8609
01/25/2018 14:43:28	56.0	56.0	11.5789
01/25/2018 14:43:39	57.0	56.0	13.3508
01/25/2018 14:43:50	54.0	53.0	12.3684
01/25/2018 14:44:01	52.0	51.0	14.4737
01/25/2018 14:44:12	50.0	50.0	13.2626
01/25/2018 14:44:23	50.0	49.0	13.6126
01/25/2018 14:44:34	49.0	48.0	14.6982
01/25/2018 14:44:45	48.0	48.0	13.3858
01/25/2018 14:44:56	47.0	46.0	12.3037
01/25/2018 14:45:07	49.0	49.0	15.0396
01/25/2018 14:45:18	50.0	51.0	12.0419
01/25/2018 14:45:29	52.0	52.0	12.3037
01/25/2018 14:45:40	53.0	52.0	14.3979
01/25/2018 14:45:51	54.0	54.0	13.9474
01/25/2018 14:46:02	56.0	54.0	12.5984
01/25/2018 14:46:13	55.0	54.0	12.4339
01/25/2018 14:46:25	56.0	56.0	8.63874
01/25/2018 14:46:36	57.0	56.0	0.503778
01/25/2018 14:46:47	54.0	54.0	1.00756
01/25/2018 14:46:58	51.0	51.0	0.503778
01/25/2018 14:47:09	50.0	49.0	7.97872
01/25/2018 14:47:20	48.0	48.0	3.5443
01/25/2018 14:47:31	49.0	48.0	3.56234
01/25/2018 14:47:42	49.0	49.0	2.04604
01/25/2018 14:47:53	50.0	50.0	3.85604
01/25/2018 14:47:28	51.0	50.0	2.79898
01/25/2018 14:47:39	51.0	51.0	0.251256
01/25/2018 14:47:50	50.0	50.0	0.251256
01/25/2018 14:48:01	51.0	51.0	0.251889
01/25/2018 14:48:12	50.0	50.0	0.502513
01/25/2018 14:48:23	50.0	51.0	0.503778
01/25/2018 14:48:34	50.0	50.0	0.502513
01/25/2018 14:48:45	50.0	50.0	0.505051
01/25/2018 14:48:56	51.0	50.0	0.502513
01/25/2018 14:49:07	50.0	50.0	0.503778
01/25/2018 14:49:18	50.0	50.0	0.502513
01/25/2018 14:49:29	50.0	50.0	0.252525
01/25/2018 14:49:40	50.0	50.0	2.77778
01/25/2018 14:49:51	49.0	49.0	0.755668
01/25/2018 14:50:02	50.0	50.0	0.503778
01/25/2018 14:50:13	50.0	50.0	0.503778
01/25/2018 14:50:24	49.0	49.0	0.503778
01/25/2018 14:50:35	49.0	49.0	0.252525
01/25/2018 14:50:46	49.0	49.0	0.503778
01/25/2018 14:50:57	49.0	49.0	0.755668
01/25/2018 14:51:08	49.0	49.0	0.252525
01/25/2018 14:51:19	49.0	48.0	0.503778
01/25/2018 14:51:30	48.0	49.0	1.00756
01/25/2018 14:51:41	49.0	49.0	0.252525
01/25/2018 14:51:52	49.0	48.0	0.503778
01/25/2018 14:52:03	48.0	48.0	0.503778
01/25/2018 14:52:14	49.0	48.0	0.753769
01/25/2018 14:52:25	48.0	48.0	0.506329
01/25/2018 14:52:37	49.0	48.0	0.505051
01/25/2018 14:52:48	48.0	48.0	0.251889
01/25/2018 14:52:59	48.0	48.0	0.503778
01/25/2018 14:53:10	47.0	48.0	0
01/25/2018 14:53:21	48.0	47.0	3.31633
01/25/2018 14:53:32	48.0	48.0	0.755668
01/25/2018 14:53:43	48.0	48.0	0.503778
01/25/2018 14:53:54	48.0	47.0	0.252525
01/25/2018 14:54:05	47.0	47.0	2.79898
01/25/2018 14:54:16	48.0	48.0	2.80612
01/25/2018 14:54:27	47.0	47.0	2.0202
01/25/2018 14:54:38	47.0	47.0	1.76768
01/25/2018 14:54:49	49.0	48.0	1.26904
01/25/2018 14:55:00	47.0	48.0	5.31646
01/25/2018 14:55:11	48.0	47.0	13.1105
01/25/2018 14:55:22	47.0	47.0	0.753769
01/25/2018 14:55:33	48.0	47.0	3.80711
01/25/2018 14:55:44	47.0	46.0	0.502513
01/25/2018 14:55:55	47.0	46.0	2.53165
01/25/2018 14:56:06	47.0	47.0	0.503778
01/25/2018 14:56:17	47.0	47.0	1.0101
01/25/2018 14:56:28	47.0	46.0	0.755668
01/25/2018 14:56:39	47.0	47.0	0.251889
01/25/2018 14:56:50	48.0	46.0	0.252525
01/25/2018 14:57:01	47.0	46.0	0.503778
01/25/2018 14:57:12	46.0	46.0	0.503778
01/25/2018 14:57:23	46.0	46.0	3.29949
01/25/2018 14:57:34	46.0	46.0	0.753769
01/25/2018 14:57:45	47.0	47.0	0.252525
01/25/2018 14:57:56	46.0	46.0	0.502513
01/25/2018 14:58:07	47.0	45.0	0.502513
01/25/2018 14:58:18	46.0	46.0	0.503778
01/25/2018 14:58:29	45.0	45.0	0.252525
01/25/2018 14:58:40	46.0	46.0	1.26904
01/25/2018 14:58:51	45.0	46.0	0.252525
01/25/2018 14:59:02	46.0	46.0	0.252525
01/25/2018 14:59:14	46.0	46.0	0.502513
01/25/2018 14:59:25	46.0	46.0	0.502513
01/25/2018 14:59:36	46.0	45.0	0.505051
01/25/2018 14:59:47	46.0	45.0	0.252525
01/25/2018 14:59:58	45.0	45.0	0.502513
01/25/2018 15:00:09	46.0	45.0	0.503778
01/25/2018 15:00:20	46.0	46.0	0.505051
01/25/2018 15:00:31	45.0	46.0	0.503778
01/25/2018 15:00:42	46.0	45.0	1.25945
01/25/2018 15:00:53	46.0	45.0	0.502513
01/25/2018 15:01:04	46.0	46.0	0.251889
01/25/2018 15:01:15	45.0	45.0	1.00756
01/25/2018 15:01:26	45.0	46.0	0.252525
01/25/2018 15:01:37	45.0	45.0	1.00503
01/25/2018 15:01:48	44.0	45.0	0.753769
01/25/2018 15:01:59	45.0	45.0	0
01/25/2018 15:02:10	44.0	44.0	1.0101
01/25/2018 15:02:21	45.0	45.0	0.753769
01/25/2018 15:02:32	44.0	44.0	0.502513
01/25/2018 15:02:43	44.0	45.0	0.757576
01/25/2018 15:02:54	44.0	44.0	0
01/25/2018 15:03:05	44.0	44.0	0.502513
01/25/2018 15:03:16	45.0	44.0	1.00503
01/25/2018 15:03:27	44.0	44.0	0.753769
01/25/2018 15:03:38	45.0	45.0	0.252525
01/25/2018 15:03:49	45.0	46.0	1.26263
01/25/2018 15:04:00	44.0	44.0	0.503778
01/25/2018 15:04:11	45.0	44.0	0.757576
01/25/2018 15:04:22	46.0	45.0	0.757576
01/25/2018 15:04:33	44.0	44.0	0.755668
01/25/2018 15:04:44	44.0	44.0	0.759494
01/25/2018 15:04:55	44.0	44.0	0.502513
01/25/2018 15:05:06	44.0	44.0	0.251889
01/25/2018 15:05:17	43.0	45.0	1.01266
01/25/2018 15:05:28	45.0	45.0	0.502513
01/25/2018 15:05:39	43.0	44.0	0.503778
01/25/2018 15:05:50	45.0	44.0	1.01266
01/25/2018 15:06:02	44.0	44.0	0.505051
01/25/2018 15:06:13	44.0	44.0	0.502513
01/25/2018 15:06:24	44.0	44.0	1.00756
01/25/2018 15:06:35	44.0	44.0	0.502513
01/25/2018 15:06:46	45.0	45.0	0.252525
01/25/2018 15:06:57	44.0	44.0	0.757576
01/25/2018 15:07:08	44.0	44.0	0.753769
01/25/2018 15:07:19	44.0	44.0	0.252525
01/25/2018 15:07:30	44.0	44.0	1.25628
01/25/2018 15:07:41	45.0	45.0	0.251256
01/25/2018 15:07:52	44.0	45.0	1.0101
01/25/2018 15:08:03	45.0	44.0	0.503778
01/25/2018 15:08:14	43.0	44.0	0.252525
01/25/2018 15:08:25	44.0	44.0	1.25945
01/25/2018 15:08:36	44.0	44.0	0.252525
01/25/2018 15:08:47	44.0	45.0	0.505051
01/25/2018 15:08:58	44.0	44.0	0.755668
01/25/2018 15:09:09	44.0	45.0	0.251889
01/25/2018 15:09:20	44.0	44.0	0.502513
01/25/2018 15:09:31	45.0	45.0	1.00756
01/25/2018 15:09:42	44.0	44.0	0.251889
01/25/2018 15:09:53	45.0	45.0	0.505051
01/25/2018 15:10:04	46.0	45.0	0.759494
01/25/2018 15:10:15	44.0	44.0	0.252525
01/25/2018 15:10:26	44.0	44.0	0.251889
01/25/2018 15:10:37	45.0	45.0	0.503778
01/25/2018 15:10:48	44.0	44.0	0.251889
01/25/2018 15:10:59	44.0	44.0	1.01266
01/25/2018 15:11:10	44.0	44.0	0.75188
01/25/2018 15:11:21	44.0	44.0	1.0101
01/25/2018 15:11:32	44.0	44.0	0.757576
01/25/2018 15:11:43	44.0	44.0	0.503778
01/25/2018 15:11:54	44.0	44.0	0.251889
01/25/2018 15:12:05	45.0	45.0	1.25628
01/25/2018 15:12:16	44.0	44.0	0
01/25/2018 15:12:28	44.0	44.0	0.505051
01/25/2018 15:12:39	45.0	44.0	0.757576
01/25/2018 15:12:50	44.0	44.0	0
01/25/2018 15:13:01	44.0	44.0	0.252525
01/25/2018 15:13:12	44.0	44.0	0.757576
01/25/2018 15:13:23	44.0	44.0	0.503778
01/25/2018 15:13:34	44.0	44.0	0
01/25/2018 15:13:45	44.0	44.0	0.505051
01/25/2018 15:13:56	44.0	45.0	0.251889
01/25/2018 15:14:07	44.0	44.0	1.0101
01/25/2018 15:14:18	45.0	44.0	0.253165
01/25/2018 15:14:29	45.0	44.0	0.503778
01/25/2018 15:14:40	44.0	44.0	0.759494
01/25/2018 15:14:51	44.0	45.0	0.753769
01/25/2018 15:15:02	44.0	45.0	0.503778
01/25/2018 15:15:13	44.0	44.0	1.0101
01/25/2018 15:15:24	45.0	44.0	0.251889
01/25/2018 15:15:35	44.0	44.0	0.503778
01/25/2018 15:15:46	45.0	44.0	0.757576
01/25/2018 15:15:57	44.0	44.0	0.252525
01/25/2018 15:16:08	45.0	44.0	0.502513
01/25/2018 15:16:19	45.0	45.0	1.0101
01/25/2018 15:16:30	44.0	44.0	0.503778
01/25/2018 15:16:41	45.0	45.0	0.503778
01/25/2018 15:16:52	46.0	45.0	1.00756
01/25/2018 15:17:03	44.0	45.0	0.251889
01/25/2018 15:17:14	45.0	45.0	1.00251
01/25/2018 15:17:25	44.0	44.0	0.251889
01/25/2018 15:17:36	44.0	44.0	0.503778
01/25/2018 15:17:47	44.0	45.0	0.757576
01/25/2018 15:17:58	44.0	45.0	0.755668
01/25/2018 15:18:09	46.0	45.0	0.502513
01/25/2018 15:18:20	46.0	45.0	0.757576
01/25/2018 15:18:31	45.0	45.0	0.251889
01/25/2018 15:18:43	44.0	45.0	0.505051
01/25/2018 15:18:54	45.0	44.0	1.00756
01/25/2018 15:19:05	44.0	45.0	0.503778
01/25/2018 15:19:16	45.0	45.0	0.251889
01/25/2018 15:19:27	46.0	45.0	1.25945
01/25/2018 15:19:38	45.0	45.0	0.503778
01/25/2018 15:19:49	44.0	44.0	0.503778
01/25/2018 15:20:00	45.0	44.0	1.00756
01/25/2018 15:20:11	44.0	45.0	0.252525
01/25/2018 15:20:22	44.0	44.0	0.252525
01/25/2018 15:20:33	45.0	44.0	0.755668
01/25/2018 15:20:44	44.0	45.0	0.503778
01/25/2018 15:20:55	45.0	45.0	0.757576
01/25/2018 15:21:06	44.0	44.0	0.252525
01/25/2018 15:21:17	45.0	45.0	0.753769
01/25/2018 15:21:28	45.0	45.0	1.0101
01/25/2018 15:21:39	45.0	44.0	0.502513
01/25/2018 15:21:50	45.0	45.0	0.503778
01/25/2018 15:22:01	44.0	44.0	0.506329
01/25/2018 15:22:12	45.0	44.0	0.503778
01/25/2018 15:22:23	45.0	45.0	0.502513
01/25/2018 15:22:34	45.0	44.0	1.00756
01/25/2018 15:22:45	45.0	45.0	0
01/25/2018 15:22:56	46.0	45.0	0.502513
01/25/2018 15:23:07	45.0	44.0	1.00756
01/25/2018 15:23:18	45.0	45.0	0.753769
01/25/2018 15:23:29	45.0	45.0	1.00503
01/25/2018 15:23:40	45.0	45.0	0.503778
01/25/2018 15:23:51	44.0	45.0	0.502513
01/25/2018 15:24:02	45.0	45.0	1.00756
01/25/2018 15:24:13	44.0	45.0	0.252525
01/25/2018 15:24:24	45.0	45.0	0.753769
01/25/2018 15:24:35	44.0	45.0	1.0101
01/25/2018 15:24:46	44.0	45.0	0.503778
01/25/2018 15:24:57	45.0	46.0	0.75188
01/25/2018 15:25:08	45.0	45.0	0.757576
01/25/2018 15:25:20	44.0	45.0	0.252525
01/25/2018 15:25:31	45.0	45.0	0.502513
01/25/2018 15:25:42	44.0	45.0	0.505051
01/25/2018 15:25:53	44.0	45.0	0.503778
01/25/2018 15:26:04	45.0	45.0	0
01/25/2018 15:26:15	45.0	45.0	0.757576
01/25/2018 15:26:26	45.0	46.0	0.505051
01/25/2018 15:26:37	46.0	45.0	0.753769
01/25/2018 15:26:48	45.0	45.0	0.503778
01/25/2018 15:26:59	46.0	45.0	0.251889
01/25/2018 15:27:10	45.0	45.0	1.0101
01/25/2018 15:27:21	45.0	45.0	1.00756
01/25/2018 15:27:32	46.0	45.0	0.503778
01/25/2018 15:27:43	46.0	45.0	0.755668
01/25/2018 15:27:54	45.0	44.0	0.505051
01/25/2018 15:28:05	46.0	45.0	0.251889
01/25/2018 15:28:16	46.0	45.0	1.00756
01/25/2018 15:28:27	45.0	45.0	0.252525
01/25/2018 15:28:38	45.0	46.0	0.505051
01/25/2018 15:28:49	46.0	46.0	0.506329
01/25/2018 15:29:00	45.0	45.0	0.505051
01/25/2018 15:29:11	45.0	45.0	0.503778
01/25/2018 15:29:22	47.0	45.0	1.00503
01/25/2018 15:29:33	45.0	45.0	0.502513
01/25/2018 15:29:44	45.0	45.0	0.503778
01/25/2018 15:29:55	46.0	45.0	0.757576
01/25/2018 15:30:06	45.0	46.0	0.75188
01/25/2018 15:30:17	45.0	45.0	0.502513
01/25/2018 15:30:28	46.0	46.0	0.755668
01/25/2018 15:30:39	47.0	45.0	0.503778
01/25/2018 15:30:50	45.0	45.0	0.759494
01/25/2018 15:31:01	45.0	45.0	0.505051
01/25/2018 15:31:12	45.0	45.0	0.502513
01/25/2018 15:31:23	45.0	45.0	1.75879
01/25/2018 15:31:34	45.0	46.0	0.251889
01/25/2018 15:31:45	45.0	45.0	0.253165
01/25/2018 15:31:56	46.0	46.0	1.00756
01/25/2018 15:32:08	45.0	46.0	0.505051
01/25/2018 15:32:19	45.0	45.0	0.502513
01/25/2018 15:32:30	45.0	45.0	1.0101
01/25/2018 15:32:41	46.0	46.0	0.251256
01/25/2018 15:32:52	46.0	45.0	0.252525
01/25/2018 15:33:03	46.0	45.0	0.755668
01/25/2018 15:33:14	45.0	45.0	0.253165
01/25/2018 15:33:25	46.0	46.0	0.252525
01/25/2018 15:33:36	45.0	46.0	0.757576
01/25/2018 15:33:47	45.0	46.0	0.502513
01/25/2018 15:33:58	45.0	45.0	0.503778
01/25/2018 15:34:09	45.0	45.0	0.252525
01/25/2018 15:34:20	46.0	45.0	0.503778
01/25/2018 15:34:31	45.0	45.0	0.757576
01/25/2018 15:34:42	45.0	45.0	0.505051
01/25/2018 15:34:53	45.0	45.0	0.252525
01/25/2018 15:35:04	45.0	46.0	0.759494
01/25/2018 15:35:15	46.0	46.0	0.755668
01/25/2018 15:35:26	46.0	45.0	0.503778
01/25/2018 15:35:37	46.0	45.0	1.25945
01/25/2018 15:35:48	46.0	45.0	0.252525
01/25/2018 15:35:59	46.0	45.0	0.755668
01/25/2018 15:36:10	46.0	46.0	1.00756
01/25/2018 15:36:21	45.0	45.0	0.503778
01/25/2018 15:36:32	46.0	45.0	0
01/25/2018 15:36:43	46.0	46.0	1.00756
01/25/2018 15:36:54	46.0	45.0	0.502513
01/25/2018 15:37:05	46.0	46.0	0.755668
01/25/2018 15:37:16	47.0	46.0	0.251889
01/25/2018 15:37:27	46.0	45.0	0.503778
01/25/2018 15:37:38	46.0	45.0	0.757576
01/25/2018 15:37:49	45.0	45.0	0.505051
01/25/2018 15:38:00	46.0	45.0	0.252525
01/25/2018 15:38:11	46.0	45.0	1.00756
01/25/2018 15:38:22	46.0	45.0	0.252525
01/25/2018 15:38:33	46.0	45.0	0.503778
01/25/2018 15:38:45	45.0	46.0	1.00756
01/25/2018 15:38:56	46.0	45.0	0.505051
01/25/2018 15:39:07	45.0	45.0	0.251889
01/25/2018 15:39:18	46.0	46.0	1.01266
01/25/2018 15:39:29	46.0	46.0	0.503778
01/25/2018 15:39:40	46.0	45.0	0.503778
01/25/2018 15:39:51	46.0	46.0	1.0101
01/25/2018 15:40:02	45.0	45.0	0.503778
01/25/2018 15:40:13	46.0	45.0	0.753769
01/25/2018 15:40:24	46.0	45.0	0.252525
01/25/2018 15:40:35	46.0	45.0	0.503778
01/25/2018 15:40:46	46.0	46.0	0.757576
01/25/2018 15:40:57	45.0	46.0	0.252525
01/25/2018 15:41:08	45.0	45.0	0.251889
01/25/2018 15:41:19	46.0	46.0	1.25945
01/25/2018 15:41:30	45.0	45.0	0.252525
01/25/2018 15:41:41	45.0	45.0	0.503778
01/25/2018 15:41:52	46.0	45.0	1.25945
01/25/2018 15:42:03	45.0	46.0	0.505051
01/25/2018 15:42:14	46.0	45.0	0.251889
01/25/2018 15:42:25	46.0	45.0	1.25313
01/25/2018 15:42:36	46.0	45.0	0.251889
01/25/2018 15:42:47	46.0	46.0	0.253165
01/25/2018 15:42:58	46.0	45.0	1.01266
01/25/2018 15:43:09	46.0	45.0	0.252525
01/25/2018 15:43:20	46.0	45.0	0
01/25/2018 15:43:31	45.0	45.0	0.755668
01/25/2018 15:43:42	45.0	46.0	0.252525
01/25/2018 15:43:53	45.0	45.0	0.506329
01/25/2018 15:44:04	47.0	45.0	0.75188
01/25/2018 15:44:15	45.0	45.0	0
01/25/2018 15:44:26	46.0	46.0	0.757576
01/25/2018 15:44:37	45.0	46.0	0.502513
01/25/2018 15:44:48	45.0	46.0	0.503778
01/25/2018 15:44:59	47.0	45.0	1.0101
01/25/2018 15:45:10	46.0	46.0	0.502513
01/25/2018 15:45:21	45.0	46.0	0.503778
01/25/2018 15:45:32	46.0	46.0	1.0101
01/25/2018 15:45:44	46.0	46.0	0.252525
01/25/2018 15:45:55	46.0	46.0	0.753769
01/25/2018 15:46:06	46.0	46.0	0.759494
01/25/2018 15:46:17	46.0	45.0	0.502513
01/25/2018 15:46:28	46.0	45.0	0.252525
01/25/2018 15:46:39	46.0	46.0	1.25628
01/25/2018 15:46:50	46.0	46.0	0.252525
01/25/2018 15:47:01	46.0	45.0	1.00503
01/25/2018 15:47:12	47.0	46.0	0.253165
01/25/2018 15:47:23	45.0	46.0	3.04569
01/25/2018 15:47:34	46.0	45.0	1.00503
01/25/2018 15:47:45	47.0	45.0	0.753769
01/25/2018 15:47:56	46.0	45.0	0.503778
01/25/2018 15:48:07	46.0	46.0	0.506329
01/25/2018 15:48:18	46.0	46.0	0.503778
01/25/2018 15:48:29	46.0	46.0	0.251889
01/25/2018 15:48:40	45.0	46.0	1.50754
01/25/2018 15:48:51	47.0	46.0	0.251889
01/25/2018 15:49:02	48.0	46.0	0.252525
01/25/2018 15:49:13	46.0	45.0	0.757576
01/25/2018 15:49:24	45.0	45.0	1.00251
01/25/2018 15:49:35	46.0	45.0	0.251889
01/25/2018 15:49:46	46.0	46.0	1.25945
01/25/2018 15:49:57	45.0	46.0	0.503778
01/25/2018 15:50:08	46.0	45.0	1.0101
01/25/2018 15:50:19	46.0	46.0	0.502513
01/25/2018 15:50:30	46.0	46.0	0.252525
01/25/2018 15:50:41	47.0	45.0	0.757576
01/25/2018 15:50:52	45.0	45.0	0.502513
01/25/2018 15:51:03	46.0	46.0	0.502513
01/25/2018 15:51:14	45.0	46.0	1.01266
01/25/2018 15:51:25	46.0	45.0	0.252525
01/25/2018 15:51:36	46.0	45.0	0.502513
01/25/2018 15:51:47	46.0	45.0	0.505051
01/25/2018 15:51:58	46.0	46.0	0.75188
01/25/2018 15:52:10	46.0	45.0	0.252525
01/25/2018 15:52:21	46.0	45.0	1.0101
01/25/2018 15:52:32	46.0	45.0	0.251889
01/25/2018 15:52:43	47.0	46.0	0.502513
01/25/2018 15:52:54	46.0	45.0	1.00756
01/25/2018 15:53:05	46.0	45.0	0.503778
01/25/2018 15:53:16	46.0	45.0	0.759494
01/25/2018 15:53:27	46.0	45.0	0.503778
01/25/2018 15:53:38	45.0	45.0	0.753769
01/25/2018 15:53:49	46.0	46.0	0.757576
01/25/2018 15:54:00	46.0	45.0	0.505051
01/25/2018 15:54:11	46.0	46.0	0.251889
01/25/2018 15:54:22	47.0	46.0	1.00756
01/25/2018 15:54:33	47.0	46.0	0.251889
01/25/2018 15:54:44	46.0	46.0	0.753769
01/25/2018 15:54:55	46.0	46.0	1.00503
01/25/2018 15:55:06	47.0	46.0	0.503778
01/25/2018 15:55:17	46.0	46.0	0.502513
01/25/2018 15:55:28	46.0	46.0	0.757576
01/25/2018 15:55:39	47.0	46.0	0.503778
01/25/2018 15:55:50	46.0	45.0	0.503778
01/25/2018 15:56:01	46.0	46.0	0.755668
01/25/2018 15:56:12	47.0	45.0	0.503778
01/25/2018 15:56:23	46.0	45.0	0.503778
01/25/2018 15:56:34	45.0	46.0	0.505051
01/25/2018 15:56:45	46.0	45.0	0.503778
01/25/2018 15:56:56	46.0	46.0	1.25628
01/25/2018 15:57:07	46.0	46.0	0.753769
01/25/2018 15:57:18	46.0	46.0	0.251889
01/25/2018 15:57:29	47.0	46.0	1.0101
01/25/2018 15:57:40	45.0	45.0	0.252525
01/25/2018 15:57:51	46.0	46.0	0.505051
01/25/2018 15:58:02	46.0	45.0	0.759494
01/25/2018 15:58:13	46.0	45.0	0.503778
01/25/2018 15:58:24	47.0	46.0	0.502513
01/25/2018 15:58:35	46.0	45.0	0.757576
01/25/2018 15:58:46	46.0	46.0	0.251889
01/25/2018 15:58:58	46.0	45.0	0.503778
01/25/2018 15:59:09	46.0	46.0	0.755668
01/25/2018 15:59:20	46.0	45.0	0.253165
01/25/2018 15:59:31	46.0	46.0	0.501253
01/25/2018 15:59:42	46.0	45.0	0.253165
01/25/2018 15:59:53	46.0	45.0	0.503778
01/25/2018 16:00:04	46.0	46.0	0.761421
01/25/2018 16:00:15	46.0	46.0	0.252525
01/25/2018 16:00:26	46.0	46.0	0.502513
01/25/2018 16:00:37	46.0	46.0	0.755668
01/25/2018 16:00:48	46.0	46.0	0.753769
01/25/2018 16:00:59	45.0	46.0	0.251889
01/25/2018 16:01:10	46.0	46.0	1.00756
01/25/2018 16:01:21	46.0	46.0	1.00503
01/25/2018 16:01:32	46.0	46.0	0.503778
01/25/2018 16:01:43	46.0	45.0	1.26263
01/25/2018 16:01:54	46.0	46.0	0.252525
01/25/2018 16:02:05	46.0	46.0	0.503778
01/25/2018 16:02:16	46.0	45.0	0.757576
01/25/2018 16:02:27	46.0	45.0	0.503778
01/25/2018 16:02:38	46.0	46.0	0.252525
01/25/2018 16:02:49	46.0	45.0	0.753769
01/25/2018 16:03:00	47.0	46.0	0.503778
01/25/2018 16:03:11	46.0	46.0	1.01266
01/25/2018 16:03:22	46.0	46.0	0.502513
01/25/2018 16:03:33	46.0	46.0	0.252525
01/25/2018 16:03:44	46.0	45.0	0.757576
01/25/2018 16:03:55	46.0	45.0	0.503778
01/25/2018 16:04:06	46.0	46.0	0.502513
01/25/2018 16:04:17	46.0	46.0	1.01266
01/25/2018 16:04:28	46.0	45.0	0.251889
01/25/2018 16:04:39	46.0	46.0	0.505051
01/25/2018 16:04:50	46.0	45.0	0.755668
01/25/2018 16:05:01	47.0	46.0	0.503778
01/25/2018 16:05:12	46.0	45.0	0.75188
01/25/2018 16:05:24	46.0	45.0	1.0101
01/25/2018 16:05:35	46.0	45.0	0.503778
01/25/2018 16:05:46	47.0	46.0	0.503778
01/25/2018 16:05:57	46.0	45.0	0.503778
01/25/2018 16:06:08	46.0	46.0	0.252525
01/25/2018 16:06:19	46.0	46.0	1.25945
01/25/2018 16:06:30	46.0	46.0	0.503778
01/25/2018 16:06:41	46.0	46.0	0.753769
01/25/2018 16:06:52	46.0	46.0	0.505051
01/25/2018 16:07:03	46.0	46.0	0.503778
01/25/2018 16:07:14	46.0	45.0	0.502513
01/25/2018 16:07:25	46.0	46.0	1.25945
01/25/2018 16:07:36	46.0	45.0	0.503778
01/25/2018 16:07:47	48.0	46.0	0.503778
01/25/2018 16:07:58	46.0	46.0	0.757576
01/25/2018 16:08:09	46.0	45.0	0.753769
01/25/2018 16:08:20	46.0	46.0	0.502513
01/25/2018 16:08:31	46.0	45.0	1.25628
01/25/2018 16:08:42	46.0	45.0	0.252525
01/25/2018 16:08:53	46.0	46.0	0.503778
01/25/2018 16:09:04	46.0	46.0	1.01266
01/25/2018 16:09:15	46.0	46.0	0.753769
01/25/2018 16:09:26	46.0	46.0	0.755668
01/25/2018 16:09:37	46.0	46.0	0.251889
01/25/2018 16:09:48	46.0	46.0	0.75188
01/25/2018 16:09:59	46.0	46.0	1.0101
01/25/2018 16:10:10	47.0	46.0	0
01/25/2018 16:10:21	46.0	45.0	0.252525
01/25/2018 16:10:32	46.0	46.0	0.759494
01/25/2018 16:10:43	46.0	46.0	0.251889
01/25/2018 16:10:54	46.0	46.0	0.503778
01/25/2018 16:11:05	47.0	46.0	1.25945
01/25/2018 16:11:16	46.0	46.0	0.503778
01/25/2018 16:11:27	46.0	46.0	0.502513
01/25/2018 16:11:38	45.0	45.0	1.25945
01/25/2018 16:11:50	46.0	46.0	0.502513
01/25/2018 16:12:01	46.0	47.0	0.755668
01/25/2018 16:12:12	46.0	46.0	0.759494
01/25/2018 16:12:23	46.0	46.0	0.252525
01/25/2018 16:12:34	47.0	46.0	0.757576
01/25/2018 16:12:45	47.0	46.0	0.503778
01/25/2018 16:12:56	46.0	46.0	0.502513
01/25/2018 16:13:07	47.0	46.0	1.25945
01/25/2018 16:13:18	46.0	45.0	0.505051
01/25/2018 16:13:29	47.0	46.0	0.753769
01/25/2018 16:13:40	46.0	46.0	0.759494
01/25/2018 16:13:51	46.0	46.0	0.75188
01/25/2018 16:14:02	47.0	46.0	0.252525
01/25/2018 16:14:13	46.0	46.0	1.00756
01/25/2018 16:14:24	46.0	45.0	0.252525
01/25/2018 16:14:35	47.0	46.0	0.503778
01/25/2018 16:14:46	46.0	46.0	1.00756
01/25/2018 16:14:57	46.0	45.0	0.501253
01/25/2018 16:15:08	46.0	46.0	0.753769
01/25/2018 16:15:19	47.0	46.0	0.251889
01/25/2018 16:15:30	46.0	46.0	0.503778
01/25/2018 16:15:41	47.0	46.0	0.755668
01/25/2018 16:15:52	46.0	45.0	0.503778
01/25/2018 16:16:03	46.0	46.0	0
01/25/2018 16:16:14	46.0	45.0	0.757576
01/25/2018 16:16:25	46.0	45.0	0.502513
01/25/2018 16:16:36	46.0	46.0	0.502513
01/25/2018 16:16:47	46.0	46.0	0.757576
01/25/2018 16:16:58	46.0	46.0	0.505051
01/25/2018 16:17:09	46.0	46.0	0.251889
01/25/2018 16:17:20	46.0	46.0	1.00503
01/25/2018 16:17:31	46.0	46.0	0.252525
01/25/2018 16:17:42	47.0	46.0	0.503778
01/25/2018 16:17:53	46.0	46.0	1.00503
01/25/2018 16:18:04	46.0	46.0	0.75188
01/25/2018 16:18:15	46.0	46.0	0.502513
01/25/2018 16:18:26	46.0	46.0	0.757576
01/25/2018 16:18:38	46.0	46.0	0.252525
01/25/2018 16:18:49	46.0	46.0	0.503778
01/25/2018 16:19:00	47.0	45.0	0.505051
01/25/2018 16:19:11	46.0	46.0	0.252525
01/25/2018 16:19:22	46.0	45.0	0.755668
01/25/2018 16:19:33	46.0	47.0	0.252525
01/25/2018 16:19:44	46.0	45.0	0.505051
01/25/2018 16:19:55	46.0	46.0	1.00756
01/25/2018 16:20:06	47.0	45.0	0.505051
01/25/2018 16:20:17	46.0	46.0	0.502513
01/25/2018 16:20:28	46.0	46.0	0.755668
01/25/2018 16:20:39	47.0	46.0	0
01/25/2018 16:20:50	47.0	46.0	0.505051
01/25/2018 16:21:01	46.0	46.0	0.753769
01/25/2018 16:21:12	48.0	46.0	0.503778
01/25/2018 16:21:23	46.0	46.0	0.251889
01/25/2018 16:21:34	46.0	46.0	1.0101
01/25/2018 16:21:45	46.0	46.0	0.502513
01/25/2018 16:21:56	46.0	46.0	0.503778
01/25/2018 16:22:07	47.0	45.0	0.757576
01/25/2018 16:22:18	46.0	46.0	0.252525
01/25/2018 16:22:29	46.0	45.0	0.252525
01/25/2018 16:22:40	46.0	46.0	0.253165
01/25/2018 16:22:51	46.0	46.0	0.501253
01/25/2018 16:23:02	46.0	47.0	0.759494
01/25/2018 16:23:13	46.0	45.0	0.251889
01/25/2018 16:23:24	46.0	47.0	0.502513
01/25/2018 16:23:35	46.0	46.0	1.26263
01/25/2018 16:23:46	46.0	46.0	0.252525
01/25/2018 16:23:57	46.0	46.0	0.753769
01/25/2018 16:24:08	47.0	46.0	1.00756
01/25/2018 16:24:19	46.0	45.0	1.00251
01/25/2018 16:24:30	46.0	45.0	0.502513
01/25/2018 16:24:41	46.0	45.0	0.759494
01/25/2018 16:24:52	46.0	45.0	0.753769
01/25/2018 16:25:03	46.0	46.0	0.503778
01/25/2018 16:25:15	46.0	46.0	1.00756
01/25/2018 16:25:26	46.0	46.0	0.503778
01/25/2018 16:25:37	46.0	46.0	0.755668
01/25/2018 16:25:48	46.0	45.0	0.505051
01/25/2018 16:25:59	46.0	46.0	0.502513
01/25/2018 16:26:10	46.0	46.0	0.759494
01/25/2018 16:26:21	46.0	46.0	0.503778
01/25/2018 16:26:32	46.0	46.0	0.753769
01/25/2018 16:26:43	46.0	46.0	0.757576
01/25/2018 16:26:54	47.0	46.0	0.502513
01/25/2018 16:27:05	46.0	46.0	0.75
01/25/2018 16:27:16	46.0	46.0	1.25945
01/25/2018 16:27:27	47.0	46.0	0.251889
01/25/2018 16:27:38	46.0	46.0	0.502513
01/25/2018 16:27:49	46.0	46.0	1.0101
01/25/2018 16:28:00	46.0	46.0	0.252525
01/25/2018 16:28:11	47.0	46.0	0.505051
01/25/2018 16:28:22	46.0	46.0	1.00756
01/25/2018 16:28:33	46.0	46.0	0.505051
01/25/2018 16:28:44	46.0	46.0	0.503778
01/25/2018 16:28:55	46.0	46.0	0.505051
01/25/2018 16:29:06	46.0	46.0	0.253165
01/25/2018 16:29:17	46.0	46.0	1.00756
01/25/2018 16:29:28	46.0	45.0	0.252525
01/25/2018 16:29:39	47.0	47.0	0.503778
01/25/2018 16:29:50	46.0	46.0	1.00756
01/25/2018 16:30:01	46.0	46.0	0.503778
01/25/2018 16:30:12	46.0	45.0	0.251256
01/25/2018 16:30:23	46.0	46.0	1.00503
01/25/2018 16:30:34	47.0	46.0	0.502513
01/25/2018 16:30:45	46.0	47.0	0.75188
01/25/2018 16:30:56	46.0	46.0	0.755668
01/25/2018 16:31:07	46.0	46.0	0.503778
01/25/2018 16:31:18	46.0	47.0	0.503778
01/25/2018 16:31:29	47.0	46.0	0.503778
01/25/2018 16:31:40	46.0	46.0	0.502513
01/25/2018 16:31:52	46.0	46.0	0.252525
01/25/2018 16:32:03	46.0	45.0	1.25628
01/25/2018 16:32:14	46.0	46.0	0.502513
01/25/2018 16:32:25	46.0	46.0	0.757576
01/25/2018 16:32:36	46.0	46.0	0.502513
01/25/2018 16:32:47	46.0	46.0	0.755668
01/25/2018 16:32:58	47.0	46.0	0.757576
01/25/2018 16:33:09	46.0	46.0	0.252525
01/25/2018 16:33:20	47.0	46.0	0.503778
01/25/2018 16:33:31	47.0	46.0	0.755668
01/25/2018 16:33:42	46.0	45.0	0.503778
01/25/2018 16:33:53	46.0	46.0	0.503778
01/25/2018 16:34:04	46.0	46.0	0.757576
01/25/2018 16:34:15	46.0	46.0	0.251889
01/25/2018 16:34:26	47.0	46.0	0.251889
01/25/2018 16:34:37	47.0	46.0	0.755668
01/25/2018 16:34:48	46.0	46.0	0.252525
01/25/2018 16:34:59	46.0	46.0	0.503778
01/25/2018 16:35:10	47.0	46.0	0.507614
01/25/2018 16:35:21	46.0	46.0	0.757576
01/25/2018 16:35:32	46.0	46.0	0.502513
01/25/2018 16:35:43	47.0	46.0	0.755668
01/25/2018 16:35:54	46.0	46.0	0.251889
01/25/2018 16:36:05	46.0	47.0	0.753769
01/25/2018 16:36:16	47.0	46.0	0.757576
01/25/2018 16:36:27	46.0	46.0	0.503778
01/25/2018 16:36:38	47.0	47.0	0.502513
01/25/2018 16:36:49	47.0	47.0	0.251889
01/25/2018 16:37:00	46.0	46.0	1.00503
01/25/2018 16:37:11	46.0	47.0	1.00756
01/25/2018 16:37:22	46.0	46.0	0.503778
01/25/2018 16:37:33	46.0	46.0	0.251256
01/25/2018 16:37:44	46.0	46.0	0.753769
01/25/2018 16:37:55	46.0	46.0	0.251256
01/25/2018 16:38:07	46.0	47.0	0.753769
01/25/2018 16:38:18	47.0	46.0	1.25945
01/25/2018 16:38:29	47.0	47.0	0.503778
01/25/2018 16:38:40	46.0	47.0	0.251889
01/25/2018 16:38:51	46.0	46.0	0.757576
01/25/2018 16:39:02	46.0	46.0	0.251889
01/25/2018 16:39:13	46.0	46.0	0.503778
01/25/2018 16:39:24	46.0	46.0	0.507614
01/25/2018 16:39:35	47.0	46.0	0.505051
01/25/2018 16:39:46	46.0	46.0	0.502513
01/25/2018 16:39:57	47.0	47.0	0.505051
01/25/2018 16:40:08	47.0	46.0	0.505051
01/25/2018 16:40:19	47.0	47.0	0.753769
01/25/2018 16:40:30	46.0	46.0	1.0101
01/25/2018 16:40:41	47.0	47.0	0.75188
01/25/2018 16:40:52	47.0	46.0	0.503778
01/25/2018 16:41:03	46.0	46.0	0.755668
01/25/2018 16:41:14	47.0	46.0	0.502513
01/25/2018 16:41:25	46.0	46.0	0.755668
01/25/2018 16:41:36	46.0	46.0	1.00503
01/25/2018 16:41:47	48.0	47.0	0.251256
01/25/2018 16:41:58	48.0	46.0	0.505051
01/25/2018 16:42:09	47.0	46.0	0.502513
01/25/2018 16:42:20	46.0	46.0	0.503778
01/25/2018 16:42:31	48.0	46.0	1.00756
01/25/2018 16:42:42	47.0	47.0	0.753769
01/25/2018 16:42:53	46.0	46.0	0.252525
01/25/2018 16:43:04	47.0	46.0	1.25945
01/25/2018 16:43:15	47.0	46.0	0.252525
01/25/2018 16:43:26	48.0	47.0	0.503778
01/25/2018 16:43:37	47.0	46.0	1.0101
01/25/2018 16:43:48	46.0	46.0	0.755668
01/25/2018 16:43:59	47.0	46.0	0.503778
01/25/2018 16:44:10	48.0	47.0	1.0101
01/25/2018 16:44:21	46.0	46.0	0.503778
01/25/2018 16:44:32	47.0	46.0	0.755668
01/25/2018 16:44:43	47.0	46.0	1.0101
01/25/2018 16:44:55	47.0	46.0	0.753769
01/25/2018 16:45:06	48.0	47.0	0.759494
01/25/2018 16:45:17	47.0	46.0	0.503778
01/25/2018 16:45:28	47.0	46.0	0.505051
01/25/2018 16:45:39	46.0	46.0	0.757576
01/25/2018 16:45:50	49.0	47.0	0.503778
01/25/2018 16:46:01	47.0	47.0	0.251889
01/25/2018 16:46:12	48.0	46.0	1.26263
01/25/2018 16:46:23	47.0	47.0	0.502513
01/25/2018 16:46:34	47.0	46.0	0.505051
01/25/2018 16:46:45	49.0	47.0	1.0101
01/25/2018 16:46:56	49.0	46.0	0.502513
01/25/2018 16:47:07	48.0	46.0	0.503778
01/25/2018 16:47:18	46.0	46.0	1.25945
01/25/2018 16:47:29	47.0	46.0	0.502513
01/25/2018 16:47:40	48.0	47.0	0.503778
01/25/2018 16:47:51	47.0	47.0	0.252525
01/25/2018 16:48:02	49.0	47.0	0.502513
01/25/2018 16:48:13	47.0	46.0	0.757576
01/25/2018 16:48:24	47.0	46.0	0.755668
01/25/2018 16:48:35	47.0	47.0	0.251256
01/25/2018 16:48:46	47.0	46.0	1.00756
01/25/2018 16:48:57	48.0	47.0	0.252525
01/25/2018 16:49:08	47.0	47.0	0.503778
01/25/2018 16:49:19	47.0	47.0	1.26263
01/25/2018 16:49:30	47.0	46.0	0.503778
01/25/2018 16:49:41	47.0	46.0	0.503778
01/25/2018 16:49:52	46.0	47.0	0.506329
01/25/2018 16:50:03	48.0	47.0	0.755668
01/25/2018 16:50:14	48.0	46.0	0.252525
01/25/2018 16:50:25	47.0	47.0	1.25628
01/25/2018 16:50:36	48.0	47.0	0.251889
01/25/2018 16:50:47	47.0	47.0	0.503778
01/25/2018 16:50:58	47.0	47.0	0.753769
01/25/2018 16:51:09	48.0	47.0	0.503778
01/25/2018 16:51:20	47.0	47.0	1.00756
01/25/2018 16:51:31	48.0	46.0	0.502513
01/25/2018 16:51:42	47.0	46.0	0.502513
01/25/2018 16:51:53	48.0	47.0	0.755668
01/25/2018 16:52:05	48.0	47.0	0
01/25/2018 16:52:16	48.0	46.0	0.503778
01/25/2018 16:52:27	47.0	46.0	1.00503
01/25/2018 16:52:38	48.0	47.0	0.252525
01/25/2018 16:52:49	48.0	47.0	0.502513
01/25/2018 16:53:00	47.0	47.0	1.01266
01/25/2018 16:53:11	47.0	46.0	0.503778
01/25/2018 16:53:22	47.0	46.0	0.503778
01/25/2018 16:53:33	48.0	47.0	1.00503
01/25/2018 16:53:44	48.0	47.0	0.252525
01/25/2018 16:53:55	48.0	46.0	0.251889
01/25/2018 16:54:06	48.0	46.0	0.757576
01/25/2018 16:54:17	49.0	48.0	0.503778
01/25/2018 16:54:28	48.0	46.0	0.757576
01/25/2018 16:54:39	47.0	46.0	0.502513
01/25/2018 16:54:50	47.0	47.0	0.252525
01/25/2018 16:55:01	47.0	46.0	1.0101
01/25/2018 16:55:12	47.0	46.0	0.251889
01/25/2018 16:55:23	48.0	47.0	0.503778
01/25/2018 16:55:34	48.0	47.0	0.757576
01/25/2018 16:55:45	48.0	47.0	0.501253
01/25/2018 16:55:56	47.0	47.0	0.251889
01/25/2018 16:56:07	49.0	47.0	0.757576
01/25/2018 16:56:18	47.0	47.0	0.503778
01/25/2018 16:56:29	47.0	47.0	0.503778
01/25/2018 16:56:40	47.0	47.0	1.00756
01/25/2018 16:56:51	48.0	47.0	0.755668
01/25/2018 16:57:02	48.0	47.0	0.503778
01/25/2018 16:57:13	47.0	47.0	1.00756
01/25/2018 16:57:24	48.0	47.0	0.252525
01/25/2018 16:57:35	47.0	47.0	0.75188
01/25/2018 16:57:46	48.0	47.0	0.757576
01/25/2018 16:57:57	47.0	47.0	0.502513
01/25/2018 16:58:08	47.0	46.0	0.757576
01/25/2018 16:58:19	48.0	47.0	0.505051
01/25/2018 16:58:30	47.0	47.0	0.251889
01/25/2018 16:58:41	47.0	47.0	1.00503
01/25/2018 16:58:52	47.0	46.0	0.503778
01/25/2018 16:59:04	47.0	47.0	0.252525
01/25/2018 16:59:15	47.0	47.0	0.759494
01/25/2018 16:59:26	48.0	46.0	0.252525
01/25/2018 16:59:37	47.0	46.0	0.755668
01/25/2018 16:59:48	47.0	47.0	1.00756
01/25/2018 16:59:59	48.0	47.0	0.503778
01/25/2018 17:00:10	47.0	47.0	0.252525
01/25/2018 17:00:21	48.0	47.0	1.25945
01/25/2018 17:00:32	48.0	46.0	0.251889
01/25/2018 17:00:43	48.0	47.0	0.503778
01/25/2018 17:00:54	48.0	47.0	0.757576
01/25/2018 17:01:05	47.0	47.0	0.503778
01/25/2018 17:01:16	47.0	47.0	0.757576
01/25/2018 17:01:27	48.0	47.0	0.253165
01/25/2018 17:01:38	48.0	46.0	0
01/25/2018 17:01:49	47.0	47.0	1.0101
01/25/2018 17:02:00	48.0	46.0	0.502513
01/25/2018 17:02:11	47.0	46.0	0.753769
01/25/2018 17:02:22	48.0	47.0	1.00756
01/25/2018 17:02:33	47.0	47.0	0.502513
01/25/2018 17:02:44	48.0	47.0	0.503778
01/25/2018 17:02:55	47.0	46.0	1.0101
01/25/2018 17:03:06	49.0	47.0	0.755668
01/25/2018 17:03:17	47.0	47.0	0.251889
01/25/2018 17:03:28	48.0	47.0	1.0101
01/25/2018 17:03:39	49.0	47.0	0.251889
01/25/2018 17:03:50	47.0	46.0	0.252525
01/25/2018 17:04:01	48.0	47.0	1.0101
01/25/2018 17:04:12	47.0	47.0	0.253165
01/25/2018 17:04:23	48.0	47.0	0.755668
01/25/2018 17:04:34	48.0	47.0	0.503778
01/25/2018 17:04:45	48.0	46.0	0.502513
01/25/2018 17:04:56	47.0	46.0	1.00756
01/25/2018 17:05:07	47.0	46.0	0.503778
01/25/2018 17:05:18	47.0	46.0	0.505051
01/25/2018 17:05:29	48.0	47.0	0.757576
01/25/2018 17:05:40	47.0	47.0	0.755668
01/25/2018 17:05:52	47.0	47.0	0.251889
01/25/2018 17:06:03	47.0	47.0	1.0101
01/25/2018 17:06:14	47.0	47.0	0.251889
01/25/2018 17:06:25	48.0	47.0	0.252525
01/25/2018 17:06:36	47.0	47.0	0.506329
01/25/2018 17:06:47	47.0	47.0	0.252525
01/25/2018 17:06:58	47.0	47.0	0.502513
01/25/2018 17:07:09	48.0	47.0	1.00503
01/25/2018 17:07:20	47.0	47.0	0.252525
01/25/2018 17:07:31	48.0	46.0	0.755668
01/25/2018 17:07:42	48.0	46.0	0.505051
01/25/2018 17:07:53	48.0	46.0	0
01/25/2018 17:08:04	48.0	47.0	0.757576
01/25/2018 17:08:15	48.0	46.0	0.251256
01/25/2018 17:08:26	48.0	47.0	0.503778
01/25/2018 17:08:37	47.0	46.0	1.00756
01/25/2018 17:08:48	47.0	47.0	0.505051
01/25/2018 17:08:59	48.0	47.0	0.503778
01/25/2018 17:09:10	48.0	47.0	1.0101
01/25/2018 17:09:21	48.0	47.0	0.503778
01/25/2018 17:09:32	48.0	46.0	0.503778
01/25/2018 17:09:43	48.0	46.0	0.508906
01/25/2018 17:09:54	47.0	47.0	0.753769
01/25/2018 17:10:05	47.0	46.0	0.251889
01/25/2018 17:10:16	48.0	46.0	1.0101
01/25/2018 17:10:27	46.0	47.0	0.251889
01/25/2018 17:10:38	47.0	47.0	1.00503
01/25/2018 17:10:49	47.0	47.0	0.251889
01/25/2018 17:11:00	47.0	46.0	0.503778
01/25/2018 17:11:11	48.0	47.0	1.00756
01/25/2018 17:11:22	49.0	47.0	0.503778
01/25/2018 17:11:33	48.0	46.0	0.251889
01/25/2018 17:11:44	48.0	47.0	1.00756
01/25/2018 17:11:55	48.0	47.0	0.503778
01/25/2018 17:12:06	48.0	47.0	0.251889
01/25/2018 17:12:17	47.0	47.0	0.757576
01/25/2018 17:12:28	48.0	47.0	0.502513
01/25/2018 17:12:40	47.0	46.0	0.503778
01/25/2018 17:12:51	49.0	47.0	0.757576
01/25/2018 17:13:02	48.0	47.0	0.502513
01/25/2018 17:13:13	48.0	47.0	0.251889
01/25/2018 17:13:24	47.0	47.0	1.00756
01/25/2018 17:13:35	48.0	47.0	0.252525
01/25/2018 17:13:46	47.0	46.0	1.00503
01/25/2018 17:13:57	47.0	47.0	0.503778
01/25/2018 17:14:08	48.0	46.0	0.503778
01/25/2018 17:14:19	47.0	46.0	1.0101
01/25/2018 17:14:30	47.0	47.0	0.252525
01/25/2018 17:14:41	47.0	47.0	0.251889
01/25/2018 17:14:52	47.0	46.0	0.759494
01/25/2018 17:15:03	47.0	46.0	0.252525
01/25/2018 17:15:14	47.0	47.0	0.503778
01/25/2018 17:15:25	47.0	47.0	0.757576
01/25/2018 17:15:36	48.0	46.0	0.505051
01/25/2018 17:15:47	48.0	47.0	0.251889
01/25/2018 17:15:58	48.0	46.0	0.508906
01/25/2018 17:16:09	47.0	47.0	0.502513
01/25/2018 17:16:20	47.0	47.0	0.502513
01/25/2018 17:16:31	48.0	47.0	0.757576
01/25/2018 17:16:42	47.0	47.0	0
01/25/2018 17:16:53	47.0	47.0	1.00756
01/25/2018 17:17:04	47.0	47.0	0.505051
01/25/2018 17:17:15	48.0	47.0	0.252525
01/25/2018 17:17:26	48.0	47.0	1.0101
01/25/2018 17:17:37	47.0	47.0	0.251889
01/25/2018 17:17:48	48.0	47.0	0.251889
01/25/2018 17:17:59	48.0	47.0	1.00756
01/25/2018 17:18:10	47.0	46.0	0.252525
01/25/2018 17:18:21	48.0	48.0	0.753769
01/25/2018 17:18:32	47.0	47.0	0.757576
01/25/2018 17:18:43	48.0	47.0	0.252525
01/25/2018 17:18:54	47.0	47.0	0
01/25/2018 17:19:05	48.0	46.0	1.01266
01/25/2018 17:19:16	47.0	47.0	0.503778
01/25/2018 17:19:27	48.0	46.0	0.503778
01/25/2018 17:19:39	48.0	47.0	1.0101
01/25/2018 17:19:50	48.0	47.0	0.503778
01/25/2018 17:20:01	48.0	47.0	0
01/25/2018 17:20:12	47.0	47.0	0.505051
01/25/2018 17:20:23	47.0	47.0	0.753769
01/25/2018 17:20:34	49.0	47.0	1.00503
01/25/2018 17:20:45	47.0	47.0	0.503778
01/25/2018 17:20:56	48.0	47.0	0.502513
01/25/2018 17:21:07	48.0	47.0	0.757576
01/25/2018 17:21:18	47.0	47.0	0.251889
01/25/2018 17:21:29	48.0	46.0	0.753769
01/25/2018 17:21:40	48.0	47.0	0.755668
01/25/2018 17:21:51	47.0	47.0	0.503778
01/25/2018 17:22:02	47.0	47.0	0.251889
01/25/2018 17:22:13	47.0	47.0	1.00756
01/25/2018 17:22:24	47.0	46.0	0.251889
01/25/2018 17:22:35	48.0	47.0	0.503778
01/25/2018 17:22:46	48.0	46.0	0.505051
01/25/2018 17:22:57	48.0	47.0	0.503778
01/25/2018 17:23:08	49.0	47.0	0.252525
01/25/2018 17:23:19	48.0	47.0	1.0101
01/25/2018 17:23:30	47.0	47.0	0.252525
01/25/2018 17:23:41	48.0	47.0	1.00503
01/25/2018 17:23:52	48.0	48.0	0.252525
01/25/2018 17:24:03	47.0	47.0	0.502513
01/25/2018 17:24:14	48.0	47.0	1.25945
01/25/2018 17:24:25	47.0	46.0	0.502513
01/25/2018 17:24:36	47.0	47.0	0.503778
01/25/2018 17:24:47	48.0	47.0	1.00756
01/25/2018 17:24:58	48.0	46.0	0.252525
01/25/2018 17:25:09	47.0	47.0	0.251889
01/25/2018 17:25:20	47.0	47.0	1.0101
01/25/2018 17:25:31	47.0	47.0	0.251889
01/25/2018 17:25:42	47.0	47.0	0.755668
01/25/2018 17:25:53	47.0	47.0	1.00503
01/25/2018 17:26:04	48.0	47.0	0.503778
01/25/2018 17:26:16	48.0	46.0	0.502513
01/25/2018 17:26:27	47.0	46.0	0.757576
01/25/2018 17:26:38	47.0	47.0	0.502513
01/25/2018 17:26:49	48.0	47.0	0.505051
01/25/2018 17:27:00	47.0	47.0	0.505051
01/25/2018 17:27:11	48.0	47.0	0.252525
01/25/2018 17:27:22	47.0	47.0	1.00503
01/25/2018 17:27:33	48.0	47.0	0.505051
01/25/2018 17:27:44	47.0	46.0	0.502513
01/25/2018 17:27:55	47.0	47.0	0.759494
01/25/2018 17:28:06	48.0	47.0	0
01/25/2018 17:28:17	48.0	47.0	0.503778
01/25/2018 17:28:28	48.0	46.0	0.757576
01/25/2018 17:28:39	47.0	46.0	0.253165
01/25/2018 17:28:50	47.0	47.0	0.753769
01/25/2018 17:29:01	48.0	47.0	1.25628
01/25/2018 17:29:12	48.0	47.0	0.502513
01/25/2018 17:29:23	48.0	47.0	0.252525
01/25/2018 17:29:34	48.0	47.0	1.00756
01/25/2018 17:29:45	47.0	47.0	0.503778
01/25/2018 17:29:56	47.0	47.0	0.755668
01/25/2018 17:30:07	48.0	47.0	0.502513
01/25/2018 17:30:18	48.0	47.0	0.753769
01/25/2018 17:30:29	48.0	47.0	0.755668
01/25/2018 17:30:40	47.0	47.0	0.253165
01/25/2018 17:30:51	47.0	47.0	0.503778
01/25/2018 17:31:02	47.0	47.0	1.0101
01/25/2018 17:31:13	48.0	47.0	0.251889
01/25/2018 17:31:24	48.0	46.0	0.755668
01/25/2018 17:31:35	48.0	47.0	0.757576
01/25/2018 17:31:46	48.0	47.0	0.503778
01/25/2018 17:31:57	47.0	47.0	0.251889
01/25/2018 17:32:08	47.0	46.0	0.505051
01/25/2018 17:32:19	47.0	47.0	0.251256
01/25/2018 17:32:30	48.0	47.0	0.753769
01/25/2018 17:32:41	48.0	47.0	1.00756
01/25/2018 17:32:52	48.0	48.0	0.503778
