11/18/2017 21:33:48	57.0	56.0	59.335
11/18/2017 21:33:59	55.0	57.0	36.5269
11/18/2017 21:34:11	50.0	50.0	20.6186
11/18/2017 21:34:22	49.0	48.0	21.0117
11/18/2017 21:34:34	48.0	48.0	20.5128
11/18/2017 21:34:45	48.0	48.0	18.9974
11/18/2017 21:34:56	52.0	49.0	17.2414
11/18/2017 21:35:07	48.0	47.0	15.748
11/18/2017 21:35:18	48.0	47.0	18.2768
11/18/2017 21:35:29	49.0	48.0	18.75
11/18/2017 21:35:40	51.0	51.0	18.1102
11/18/2017 21:35:51	52.0	51.0	18.3024
11/18/2017 21:36:02	53.0	54.0	18.9474
11/18/2017 21:36:13	55.0	54.0	18.1579
11/18/2017 21:36:24	56.0	56.0	17.5853
11/18/2017 21:36:35	57.0	56.0	16.7102
11/18/2017 21:36:46	55.0	54.0	20.5263
11/18/2017 21:36:58	53.0	53.0	19.0104
11/18/2017 21:37:09	51.0	52.0	17.3684
11/18/2017 21:37:20	52.0	51.0	17.8947
11/18/2017 21:37:31	50.0	51.0	16.5354
11/18/2017 21:37:42	50.0	50.0	17.2775
11/18/2017 21:37:53	49.0	50.0	17.801
11/18/2017 21:38:04	49.0	48.0	17.1504
11/18/2017 21:38:15	49.0	49.0	18.1579
11/18/2017 21:38:26	49.0	49.0	19.2708
11/18/2017 21:38:37	48.0	48.0	16.6667
11/18/2017 21:38:48	48.0	48.0	18.3673
11/18/2017 21:38:59	50.0	50.0	18.5379
11/18/2017 21:39:10	51.0	50.0	21.0938
11/18/2017 21:39:21	50.0	48.0	18.8144
11/18/2017 21:39:32	52.0	51.0	21.1886
11/18/2017 21:39:43	51.0	50.0	19.7917
11/18/2017 21:39:54	51.0	51.0	17.8756
11/18/2017 21:40:05	51.0	51.0	18.2292
11/18/2017 21:40:16	51.0	50.0	21.2435
11/18/2017 21:40:27	51.0	51.0	17.8756
11/18/2017 21:40:38	52.0	51.0	18.863
11/18/2017 21:40:49	51.0	51.0	18.9119
11/18/2017 21:41:00	51.0	51.0	17.6781
11/18/2017 21:41:11	52.0	51.0	19.6891
11/18/2017 21:41:22	52.0	51.0	19.7403
11/18/2017 21:41:33	51.0	50.0	23.4421
11/18/2017 21:41:45	51.0	50.0	22.8758
11/18/2017 21:41:56	50.0	49.0	22.4913
11/18/2017 21:42:07	49.0	49.0	18.254
11/18/2017 21:42:18	49.0	49.0	16.7539
11/18/2017 21:42:29	49.0	48.0	17.6471
11/18/2017 21:42:40	49.0	48.0	17.4026
11/18/2017 21:42:51	48.0	48.0	19.3717
11/18/2017 21:43:02	48.0	47.0	15.6085
11/18/2017 21:43:13	48.0	47.0	15.4856
11/18/2017 21:43:24	48.0	48.0	16.1376
11/18/2017 21:43:35	49.0	48.0	24.5487
11/18/2017 21:43:46	48.0	47.0	18.5185
11/18/2017 21:43:57	48.0	48.0	18.75
11/18/2017 21:44:09	48.0	48.0	20.6997
11/18/2017 21:44:20	48.0	47.0	19.4737
11/18/2017 21:44:31	48.0	46.0	19.1099
11/18/2017 21:44:42	48.0	48.0	15.1194
11/18/2017 21:44:53	50.0	50.0	8.82353
11/18/2017 21:45:04	51.0	51.0	1.28205
11/18/2017 21:45:15	51.0	51.0	1.28866
11/18/2017 21:45:26	52.0	51.0	1.79487
11/18/2017 21:45:37	51.0	53.0	1.81347
11/18/2017 21:45:48	52.0	52.0	6.23377
11/18/2017 21:45:59	52.0	53.0	5.97403
11/18/2017 21:46:10	52.0	53.0	1.54242
11/18/2017 21:46:21	52.0	53.0	53.4527
11/18/2017 21:46:32	59.0	58.0	8.17942
11/18/2017 21:46:44	51.0	51.0	25.9016
11/18/2017 21:46:55	49.0	50.0	21.7532
11/18/2017 21:47:06	49.0	48.0	16.7131
11/18/2017 21:47:18	47.0	47.0	19.5312
11/18/2017 21:47:29	49.0	49.0	18.1102
11/18/2017 21:47:40	50.0	50.0	21.0526
11/18/2017 21:47:51	52.0	52.0	17.3228
11/18/2017 21:48:02	53.0	53.0	16.0105
11/18/2017 21:48:13	55.0	54.0	15.8442
11/18/2017 21:48:24	55.0	55.0	18.9974
11/18/2017 21:48:35	56.0	56.0	20.3077
11/18/2017 21:48:46	56.0	57.0	14.8438
11/18/2017 21:48:57	56.0	55.0	15.9686
11/18/2017 21:49:08	53.0	53.0	16.5789
11/18/2017 21:49:19	52.0	51.0	16.7979
11/18/2017 21:49:30	51.0	51.0	17.2775
11/18/2017 21:49:41	50.0	49.0	17.0157
11/18/2017 21:49:52	50.0	48.0	17.9221
11/18/2017 21:50:03	49.0	48.0	17.5393
11/18/2017 21:50:14	48.0	47.0	17.4479
11/18/2017 21:50:25	48.0	48.0	17.2324
11/18/2017 21:50:36	50.0	50.0	18.0157
11/18/2017 21:50:47	52.0	51.0	18.1818
11/18/2017 21:50:58	53.0	53.0	12.3684
11/18/2017 21:51:09	53.0	53.0	12.766
11/18/2017 21:51:20	55.0	54.0	13.1579
11/18/2017 21:51:31	55.0	55.0	17.7083
11/18/2017 21:51:42	56.0	55.0	17.1875
11/18/2017 21:51:53	56.0	55.0	15.748
11/18/2017 21:52:04	54.0	54.0	18.1579
11/18/2017 21:52:16	51.0	52.0	16.8421
11/18/2017 21:52:27	50.0	51.0	17.0157
11/18/2017 21:52:38	50.0	50.0	17.7546
11/18/2017 21:52:49	49.0	49.0	17.4935
11/18/2017 21:53:00	49.0	48.0	17.6944
11/18/2017 21:53:11	48.0	48.0	16.7979
11/18/2017 21:53:22	48.0	47.0	17.2775
11/18/2017 21:53:33	48.0	47.0	17.0604
11/18/2017 21:53:44	48.0	47.0	16.4921
11/18/2017 21:53:55	50.0	50.0	16.7539
11/18/2017 21:54:06	51.0	51.0	16.9713
11/18/2017 21:54:17	52.0	53.0	15.4856
11/18/2017 21:54:28	54.0	53.0	20.3704
11/18/2017 21:54:39	55.0	54.0	17.0157
11/18/2017 21:54:50	56.0	55.0	16.273
11/18/2017 21:55:01	57.0	56.0	18.5864
11/18/2017 21:55:12	55.0	54.0	17.5393
11/18/2017 21:55:23	52.0	52.0	17.7546
11/18/2017 21:55:34	51.0	51.0	17.0157
11/18/2017 21:55:45	50.0	50.0	16.4921
11/18/2017 21:55:56	49.0	50.0	17.1053
11/18/2017 21:56:07	48.0	48.0	18.5864
11/18/2017 21:56:18	48.0	48.0	19.7889
11/18/2017 21:56:29	48.0	47.0	17.0157
11/18/2017 21:56:40	48.0	47.0	17.3228
11/18/2017 21:56:51	47.0	46.0	17.7249
11/18/2017 21:57:02	47.0	47.0	15.8854
11/18/2017 21:57:13	50.0	50.0	18.7335
11/18/2017 21:57:24	51.0	51.0	20.1571
11/18/2017 21:57:35	54.0	54.0	16.273
11/18/2017 21:57:46	54.0	54.0	17.3228
11/18/2017 21:57:57	55.0	54.0	18.3727
11/18/2017 21:58:08	56.0	56.0	17.0984
11/18/2017 21:58:19	56.0	55.0	16.9271
11/18/2017 21:58:30	54.0	54.0	17.8478
11/18/2017 21:58:41	52.0	52.0	19.3717
11/18/2017 21:58:52	51.0	51.0	18.3246
11/18/2017 21:59:03	50.0	50.0	16.8421
11/18/2017 21:59:14	49.0	48.0	18.0628
11/18/2017 21:59:25	49.0	48.0	17.8478
11/18/2017 21:59:37	48.0	48.0	16.8865
11/18/2017 21:59:48	48.0	48.0	19.0601
11/18/2017 21:59:59	48.0	47.0	16.1458
11/18/2017 22:00:10	49.0	48.0	15.5673
11/18/2017 22:00:21	51.0	50.0	16.4921
11/18/2017 22:00:32	52.0	53.0	18.5864
11/18/2017 22:00:43	53.0	53.0	16.4921
11/18/2017 22:00:54	55.0	55.0	16.0105
11/18/2017 22:01:05	56.0	56.0	17.4479
11/18/2017 22:01:16	57.0	57.0	17.9688
11/18/2017 22:01:27	55.0	54.0	16.7979
11/18/2017 22:01:38	52.0	53.0	19.0104
11/18/2017 22:01:49	51.0	51.0	17.1429
11/18/2017 22:02:00	50.0	51.0	19.3717
11/18/2017 22:02:11	49.0	50.0	17.2324
11/18/2017 22:02:22	49.0	48.0	16.3636
11/18/2017 22:02:33	49.0	48.0	19.7917
11/18/2017 22:02:44	48.0	48.0	15.1832
11/18/2017 22:02:55	47.0	47.0	18.8482
11/18/2017 22:03:06	49.0	48.0	19.3717
11/18/2017 22:03:17	51.0	51.0	18.9119
11/18/2017 22:03:28	52.0	53.0	17.9688
11/18/2017 22:03:39	54.0	54.0	18.3246
11/18/2017 22:03:50	55.0	54.0	19.6335
11/18/2017 22:04:01	56.0	56.0	17.3575
11/18/2017 22:04:12	56.0	57.0	18.0628
11/18/2017 22:04:23	54.0	54.0	17.7546
11/18/2017 22:04:34	52.0	52.0	19.7403
11/18/2017 22:04:45	51.0	51.0	18.799
11/18/2017 22:04:56	50.0	50.0	17.8478
11/18/2017 22:05:07	49.0	50.0	19.3211
11/18/2017 22:05:18	49.0	48.0	16.0622
11/18/2017 22:05:29	48.0	48.0	17.8478
11/18/2017 22:05:40	48.0	47.0	16.3636
11/18/2017 22:05:51	48.0	48.0	19.4226
11/18/2017 22:06:02	48.0	48.0	17.6623
11/18/2017 22:06:13	48.0	47.0	17.1429
11/18/2017 22:06:25	49.0	48.0	20.155
11/18/2017 22:06:36	50.0	50.0	15.625
11/18/2017 22:06:47	52.0	51.0	18.6842
11/18/2017 22:06:58	54.0	53.0	18.3727
11/18/2017 22:07:09	55.0	54.0	16.0105
11/18/2017 22:07:20	56.0	55.0	18.8976
11/18/2017 22:07:31	57.0	55.0	18.3938
11/18/2017 22:07:42	57.0	55.0	19.5312
11/18/2017 22:07:53	53.0	53.0	16.3636
11/18/2017 22:08:04	52.0	51.0	20.3593
11/18/2017 22:08:15	50.0	51.0	17.1429
11/18/2017 22:08:26	49.0	50.0	18.1347
11/18/2017 22:08:37	49.0	50.0	18.2768
11/18/2017 22:08:48	49.0	48.0	19.5312
11/18/2017 22:08:59	48.0	48.0	16.7539
11/18/2017 22:09:10	48.0	48.0	17.1875
11/18/2017 22:09:21	48.0	48.0	16.6667
11/18/2017 22:09:32	48.0	48.0	16.6667
11/18/2017 22:09:43	48.0	48.0	18.4896
11/18/2017 22:09:54	47.0	47.0	17.801
11/18/2017 22:10:05	49.0	49.0	17.9221
11/18/2017 22:10:16	51.0	51.0	17.2775
11/18/2017 22:10:27	53.0	53.0	18.3938
11/18/2017 22:10:38	55.0	54.0	18.0879
11/18/2017 22:10:49	56.0	55.0	16.9271
11/18/2017 22:11:00	58.0	57.0	17.3684
11/18/2017 22:11:11	56.0	55.0	18.3727
11/18/2017 22:11:22	54.0	54.0	18.0628
11/18/2017 22:11:33	52.0	52.0	17.7083
11/18/2017 22:11:44	51.0	51.0	18.4416
11/18/2017 22:11:55	50.0	51.0	18.2292
11/18/2017 22:12:06	50.0	50.0	17.4026
11/18/2017 22:12:18	49.0	50.0	18.3938
11/18/2017 22:12:29	49.0	48.0	18.0879
11/18/2017 22:12:40	48.0	48.0	18.75
11/18/2017 22:12:51	49.0	49.0	18.4896
11/18/2017 22:13:02	48.0	48.0	18.799
11/18/2017 22:13:13	48.0	48.0	18.4896
11/18/2017 22:13:24	48.0	48.0	18.1818
11/18/2017 22:13:35	50.0	50.0	17.3127
11/18/2017 22:13:46	51.0	52.0	15.8442
11/18/2017 22:13:57	54.0	53.0	17.6166
11/18/2017 22:14:08	55.0	54.0	16.9713
11/18/2017 22:14:19	55.0	55.0	17.268
11/18/2017 22:14:30	57.0	57.0	16.9271
11/18/2017 22:14:41	55.0	55.0	16.9271
11/18/2017 22:14:52	52.0	53.0	20.2597
11/18/2017 22:15:03	52.0	51.0	17.9221
11/18/2017 22:15:14	50.0	51.0	19.1214
11/18/2017 22:15:25	50.0	51.0	19.4301
11/18/2017 22:15:36	50.0	50.0	18.1818
11/18/2017 22:15:47	49.0	49.0	18.3463
11/18/2017 22:15:58	49.0	49.0	17.3127
11/18/2017 22:16:09	49.0	48.0	18.7013
11/18/2017 22:16:20	48.0	48.0	20.155
11/18/2017 22:16:31	48.0	47.0	18.4615
11/18/2017 22:16:42	49.0	49.0	18.9119
11/18/2017 22:16:53	49.0	49.0	20.4545
11/18/2017 22:17:04	49.0	49.0	21.4834
11/18/2017 22:17:15	50.0	50.0	19.7943
11/18/2017 22:17:26	50.0	50.0	18.4143
11/18/2017 22:17:37	50.0	50.0	20.155
11/18/2017 22:17:48	49.0	49.0	19.797
11/18/2017 22:17:59	51.0	51.0	17.2589
11/18/2017 22:18:11	48.0	48.0	18.1818
11/18/2017 22:18:22	48.0	48.0	19.0231
11/18/2017 22:18:33	49.0	48.0	18.0879
11/18/2017 22:18:44	48.0	47.0	18.7179
11/18/2017 22:18:55	48.0	48.0	20.1031
11/18/2017 22:19:06	47.0	46.0	17.5711
11/18/2017 22:19:17	47.0	47.0	17.9487
11/18/2017 22:19:28	47.0	47.0	20.155
11/18/2017 22:19:39	49.0	49.0	20.5656
11/18/2017 22:19:50	51.0	51.0	16.8367
11/18/2017 22:20:01	53.0	53.0	17.6471
11/18/2017 22:20:12	54.0	54.0	18.7179
11/18/2017 22:20:23	55.0	54.0	18.7817
11/18/2017 22:20:34	56.0	56.0	18.4143
11/18/2017 22:20:45	57.0	56.0	21.2121
11/18/2017 22:20:56	56.0	56.0	19.1919
11/18/2017 22:21:07	53.0	53.0	19.4444
11/18/2017 22:21:18	51.0	51.0	17.9028
11/18/2017 22:21:29	51.0	51.0	20.1018
11/18/2017 22:21:40	50.0	50.0	18.2741
11/18/2017 22:21:51	49.0	49.0	19.1919
11/18/2017 22:22:02	49.0	48.0	21.1587
11/18/2017 22:22:13	49.0	48.0	19.2405
11/18/2017 22:22:24	48.0	49.0	21.4646
11/18/2017 22:22:35	48.0	48.0	18.5279
11/18/2017 22:22:46	48.0	48.0	19.3955
11/18/2017 22:22:57	48.0	47.0	20.6549
11/18/2017 22:23:08	49.0	49.0	21.4464
11/18/2017 22:23:19	51.0	51.0	22.8643
11/18/2017 22:23:30	52.0	53.0	21.883
11/18/2017 22:23:41	54.0	54.0	20.1493
11/18/2017 22:23:52	55.0	55.0	19.75
11/18/2017 22:24:03	57.0	56.0	20.0495
11/18/2017 22:24:14	56.0	56.0	20.6468
11/18/2017 22:24:25	54.0	54.0	20.4938
11/18/2017 22:24:36	52.0	53.0	22.3039
11/18/2017 22:24:47	51.0	52.0	20.25
11/18/2017 22:24:59	51.0	51.0	21.393
11/18/2017 22:25:10	50.0	50.0	21.25
11/18/2017 22:25:21	49.0	48.0	21.8137
11/18/2017 22:25:32	49.0	49.0	22.6368
11/18/2017 22:25:43	48.0	48.0	21
11/18/2017 22:25:54	48.0	48.0	21.2346
11/18/2017 22:26:05	48.0	48.0	21.4815
11/18/2017 22:26:16	48.0	47.0	22.6044
11/18/2017 22:26:27	47.0	48.0	24.0964
11/18/2017 22:26:38	48.0	48.0	22.7941
11/18/2017 22:26:49	48.0	48.0	23.3251
11/18/2017 22:27:00	50.0	50.0	23.7864
11/18/2017 22:27:11	52.0	51.0	23.6715
11/18/2017 22:27:22	52.0	53.0	23.5872
11/18/2017 22:27:33	56.0	54.0	24.5146
11/18/2017 22:27:44	57.0	56.0	24.4019
11/18/2017 22:27:55	56.0	55.0	22.3039
11/18/2017 22:28:06	53.0	53.0	23.9905
11/18/2017 22:28:17	53.0	52.0	25.1781
11/18/2017 22:28:28	52.0	52.0	24.3243
11/18/2017 22:28:39	52.0	52.0	24.6944
11/18/2017 22:28:50	52.0	51.0	25.3659
11/18/2017 22:29:01	52.0	51.0	24.5146
11/18/2017 22:29:12	51.0	51.0	24.6341
11/18/2017 22:29:23	51.0	51.0	22.9469
11/18/2017 22:29:34	51.0	51.0	25.4854
11/18/2017 22:29:45	52.0	51.0	25.6098
11/18/2017 22:29:56	50.0	50.0	23.9709
11/18/2017 22:30:07	51.0	51.0	23.4719
11/18/2017 22:30:18	51.0	51.0	23.9709
11/18/2017 22:30:29	51.0	50.0	26.747
11/18/2017 22:30:40	51.0	51.0	25.6039
11/18/2017 22:30:51	51.0	51.0	23.4867
11/18/2017 22:31:02	51.0	50.0	23.741
11/18/2017 22:31:13	50.0	50.0	23.913
11/18/2017 22:31:24	50.0	51.0	26.9231
11/18/2017 22:31:35	51.0	51.0	25.7831
11/18/2017 22:31:46	50.0	51.0	26.764
11/18/2017 22:31:57	50.0	51.0	24.5742
11/18/2017 22:32:08	50.0	50.0	24.6411
11/18/2017 22:32:19	51.0	51.0	24.94
11/18/2017 22:32:30	50.0	51.0	24.4552
11/18/2017 22:32:41	51.0	51.0	23.8443
11/18/2017 22:32:52	50.0	50.0	24.2788
11/18/2017 22:33:03	50.0	50.0	24.4656
11/18/2017 22:33:14	50.0	51.0	25.5422
11/18/2017 22:33:25	51.0	51.0	23.6145
11/18/2017 22:33:36	51.0	50.0	27.0588
11/18/2017 22:33:47	50.0	50.0	25.3589
11/18/2017 22:33:59	51.0	51.0	27.9805
11/18/2017 22:34:10	51.0	51.0	23.6715
11/18/2017 22:34:21	51.0	51.0	18.7032
11/18/2017 22:34:32	49.0	49.0	20.1474
11/18/2017 22:34:43	48.0	48.0	18.2045
11/18/2017 22:34:54	48.0	47.0	20
11/18/2017 22:35:05	47.0	48.0	20.1474
11/18/2017 22:35:16	48.0	48.0	19.5545
11/18/2017 22:35:27	49.0	50.0	20.8845
11/18/2017 22:35:38	51.0	51.0	19.4103
11/18/2017 22:35:49	52.0	53.0	18.7805
11/18/2017 22:36:00	53.0	53.0	19.6602
11/18/2017 22:36:11	54.0	54.0	23.1325
11/18/2017 22:36:22	56.0	55.0	24.7002
11/18/2017 22:36:33	58.0	57.0	25.6659
11/18/2017 22:36:44	57.0	56.0	24.8193
11/18/2017 22:36:55	55.0	55.0	23.601
11/18/2017 22:37:06	55.0	54.0	27.2059
11/18/2017 22:37:17	53.0	53.0	24.57
11/18/2017 22:37:28	53.0	53.0	25.6659
11/18/2017 22:37:39	52.0	52.0	24.1463
11/18/2017 22:37:50	54.0	53.0	25.6724
11/18/2017 22:38:01	53.0	52.0	24.3902
11/18/2017 22:38:12	53.0	52.0	22.549
11/18/2017 22:38:23	53.0	52.0	24.9389
11/18/2017 22:38:34	53.0	51.0	21.7822
11/18/2017 22:38:45	53.0	52.0	23.8329
11/18/2017 22:38:56	53.0	52.0	21.8137
11/18/2017 22:39:07	52.0	51.0	22.1675
11/18/2017 22:39:18	52.0	51.0	23.8916
11/18/2017 22:39:29	52.0	52.0	23.0958
11/18/2017 22:39:40	53.0	53.0	25.062
11/18/2017 22:39:51	51.0	51.0	22.6601
11/18/2017 22:40:02	53.0	52.0	21.5159
11/18/2017 22:40:13	52.0	51.0	24.4444
11/18/2017 22:40:24	52.0	51.0	26.4706
11/18/2017 22:40:35	51.0	51.0	22.4691
11/18/2017 22:40:46	53.0	52.0	20.9877
11/18/2017 22:40:57	52.0	51.0	26.4198
11/18/2017 22:41:08	53.0	52.0	25.122
11/18/2017 22:41:19	52.0	51.0	24.57
11/18/2017 22:41:30	53.0	51.0	22.9268
11/18/2017 22:41:41	53.0	52.0	24.1463
11/18/2017 22:41:52	52.0	52.0	26.9608
11/18/2017 22:42:03	53.0	52.0	22.716
11/18/2017 22:42:14	53.0	52.0	22.7941
11/18/2017 22:42:25	52.0	52.0	26.6344
11/18/2017 22:42:36	52.0	51.0	20.6388
11/18/2017 22:42:48	53.0	51.0	25.9804
11/18/2017 22:42:59	52.0	52.0	23.9609
11/18/2017 22:43:10	52.0	52.0	24.4552
11/18/2017 22:43:21	53.0	51.0	23.4867
11/18/2017 22:43:32	52.0	51.0	24.7573
11/18/2017 22:43:43	53.0	51.0	26.57
11/18/2017 22:43:54	51.0	52.0	24.3373
11/18/2017 22:44:05	53.0	52.0	22.8155
11/18/2017 22:44:16	52.0	51.0	23.1144
11/18/2017 22:44:27	52.0	51.0	27.4699
11/18/2017 22:44:38	53.0	51.0	26.1501
11/18/2017 22:44:49	52.0	52.0	23.0024
11/18/2017 22:45:00	51.0	51.0	22.5728
11/18/2017 22:45:11	52.0	51.0	24.9389
11/18/2017 22:45:22	52.0	51.0	23.601
11/18/2017 22:45:33	52.0	51.0	25.6098
11/18/2017 22:45:44	52.0	51.0	22.1675
11/18/2017 22:45:55	50.0	51.0	27.0936
11/18/2017 22:46:06	52.0	51.0	23.7164
11/18/2017 22:46:17	51.0	51.0	22.1945
11/18/2017 22:46:28	50.0	51.0	22.0551
11/18/2017 22:46:39	52.0	51.0	22
11/18/2017 22:46:50	51.0	50.0	23.3083
11/18/2017 22:47:01	51.0	51.0	22.1106
11/18/2017 22:47:12	51.0	51.0	20.2532
11/18/2017 22:47:23	51.0	51.0	17.7378
11/18/2017 22:47:34	51.0	51.0	20.3608
11/18/2017 22:47:45	51.0	51.0	18.9119
11/18/2017 22:47:56	51.0	50.0	20.6186
11/18/2017 22:48:07	50.0	50.0	17.5711
11/18/2017 22:48:18	50.0	51.0	19.5373
11/18/2017 22:48:29	50.0	50.0	20.2597
11/18/2017 22:48:40	50.0	50.0	19.1214
11/18/2017 22:48:51	50.0	50.0	18.4416
11/18/2017 22:49:02	51.0	50.0	13.6483
11/18/2017 22:49:13	49.0	48.0	14.5119
11/18/2017 22:49:24	48.0	48.0	13.7203
11/18/2017 22:49:35	48.0	47.0	13.9474
11/18/2017 22:49:46	48.0	47.0	14.9606
11/18/2017 22:49:57	49.0	50.0	13.9842
11/18/2017 22:50:08	51.0	51.0	14.5119
11/18/2017 22:50:19	52.0	51.0	13.9108
11/18/2017 22:50:30	53.0	53.0	0.506329
