10/25/2017 17:36:09	36.0	35.0	5.98958
10/25/2017 17:36:20	34.0	33.0	1.01523
10/25/2017 17:36:31	33.0	33.0	0.252525
10/25/2017 17:36:42	34.0	34.0	0.503778
10/25/2017 17:36:53	34.0	35.0	1.52284
10/25/2017 17:37:05	35.0	35.0	60.3774
10/25/2017 17:37:16	38.0	39.0	15.9151
10/25/2017 17:37:27	37.0	37.0	14.3979
10/25/2017 17:37:38	39.0	37.0	19.0231
10/25/2017 17:37:49	40.0	40.0	24.2525
10/25/2017 17:38:01	41.0	40.0	15.4079
10/25/2017 17:38:12	41.0	40.0	14.6982
10/25/2017 17:38:23	42.0	42.0	13.9474
10/25/2017 17:38:35	43.0	42.0	15.8385
10/25/2017 17:38:46	43.0	43.0	11.3757
10/25/2017 17:38:57	44.0	44.0	8.61619
10/25/2017 17:39:08	44.0	43.0	8.57143
10/25/2017 17:39:19	44.0	44.0	8.92388
10/25/2017 17:39:30	45.0	45.0	15.7895
10/25/2017 17:39:41	46.0	45.0	15.445
10/25/2017 17:39:52	47.0	47.0	16.9271
10/25/2017 17:40:03	48.0	48.0	14.5833
10/25/2017 17:40:14	49.0	48.0	17.4026
10/25/2017 17:40:25	50.0	50.0	16.3212
10/25/2017 17:40:36	50.0	51.0	17.6623
10/25/2017 17:40:47	51.0	51.0	17.1429
10/25/2017 17:40:58	52.0	52.0	25.3968
10/25/2017 17:41:09	54.0	54.0	16.5354
10/25/2017 17:41:20	53.0	54.0	20.0521
10/25/2017 17:41:31	54.0	54.0	17.2324
10/25/2017 17:41:42	54.0	54.0	18.2292
10/25/2017 17:41:53	56.0	55.0	16.3636
10/25/2017 17:42:04	57.0	55.0	20.8995
10/25/2017 17:42:15	58.0	56.0	16.2371
10/25/2017 17:42:26	55.0	54.0	19.7403
10/25/2017 17:42:37	52.0	51.0	19.2708
10/25/2017 17:42:48	51.0	51.0	18.1818
10/25/2017 17:42:59	50.0	49.0	19.2708
10/25/2017 17:43:10	49.0	48.0	16.3636
10/25/2017 17:43:21	49.0	47.0	18.799
10/25/2017 17:43:32	49.0	48.0	17.0984
10/25/2017 17:43:43	48.0	47.0	17.8478
10/25/2017 17:43:54	48.0	47.0	16.8394
10/25/2017 17:44:06	48.0	47.0	15.8854
10/25/2017 17:44:17	48.0	47.0	17.2775
10/25/2017 17:44:28	48.0	47.0	18.4416
10/25/2017 17:44:39	51.0	50.0	18.9119
10/25/2017 17:44:50	51.0	51.0	16.6667
10/25/2017 17:45:01	53.0	53.0	18.1347
10/25/2017 17:45:12	54.0	54.0	17.4935
10/25/2017 17:45:23	55.0	54.0	16.6667
10/25/2017 17:45:34	57.0	56.0	13.577
10/25/2017 17:45:45	57.0	55.0	13.3159
10/25/2017 17:45:56	54.0	54.0	13.0548
10/25/2017 17:46:07	52.0	52.0	15.3034
10/25/2017 17:46:18	51.0	51.0	16.1376
10/25/2017 17:46:29	51.0	50.0	17.1053
10/25/2017 17:46:40	50.0	50.0	18.1818
10/25/2017 17:46:51	50.0	49.0	16.3212
10/25/2017 17:47:02	49.0	48.0	14.9733
10/25/2017 17:47:13	49.0	48.0	15.5844
10/25/2017 17:47:24	48.0	47.0	15.445
10/25/2017 17:47:35	48.0	47.0	14.8825
10/25/2017 17:47:46	48.0	47.0	15.1436
10/25/2017 17:47:57	48.0	47.0	15.2231
10/25/2017 17:48:08	47.0	46.0	15.8442
10/25/2017 17:48:19	49.0	48.0	15.3646
10/25/2017 17:48:30	52.0	50.0	15.3247
10/25/2017 17:48:41	52.0	52.0	13.577
10/25/2017 17:48:52	53.0	53.0	13.2468
10/25/2017 17:49:03	55.0	54.0	14.6907
10/25/2017 17:49:14	55.0	54.0	14.5455
10/25/2017 17:49:26	56.0	55.0	13.577
10/25/2017 17:49:37	57.0	57.0	14.3979
10/25/2017 17:49:48	56.0	54.0	13.5065
10/25/2017 17:49:59	53.0	53.0	16.4491
10/25/2017 17:50:10	52.0	51.0	16.2791
10/25/2017 17:50:21	50.0	51.0	16.4948
10/25/2017 17:50:32	50.0	50.0	16.3636
10/25/2017 17:50:43	50.0	49.0	14.6907
10/25/2017 17:50:54	50.0	49.0	16.4524
10/25/2017 17:51:05	49.0	48.0	17.5711
10/25/2017 17:51:16	49.0	48.0	16.7959
10/25/2017 17:51:27	49.0	48.0	15.8031
10/25/2017 17:51:38	48.0	47.0	16.7526
10/25/2017 17:51:49	49.0	48.0	16.7095
10/25/2017 17:52:00	48.0	47.0	16.3636
10/25/2017 17:52:11	48.0	47.0	17.2324
10/25/2017 17:52:22	48.0	48.0	19.2308
10/25/2017 17:52:33	49.0	48.0	20.5195
10/25/2017 17:52:44	49.0	48.0	15.9383
10/25/2017 17:52:55	50.0	48.0	19.5876
10/25/2017 17:53:06	49.0	48.0	17.8756
10/25/2017 17:53:17	49.0	48.0	19.0722
10/25/2017 17:53:28	50.0	48.0	18.593
10/25/2017 17:53:39	48.0	48.0	19.1919
10/25/2017 17:53:50	48.0	48.0	18.8776
10/25/2017 17:54:01	48.0	48.0	20.7921
10/25/2017 17:54:12	48.0	47.0	21.197
10/25/2017 17:54:24	48.0	48.0	24.3553
10/25/2017 17:54:35	49.0	48.0	16.0714
10/25/2017 17:54:46	48.0	48.0	21.34
10/25/2017 17:54:57	48.0	47.0	21.6545
10/25/2017 17:55:08	48.0	48.0	22.3587
10/25/2017 17:55:19	48.0	48.0	18.8442
10/25/2017 17:55:30	48.0	48.0	18.3623
10/25/2017 17:55:41	49.0	48.0	22.8155
10/25/2017 17:55:52	48.0	48.0	23.3735
10/25/2017 17:56:03	49.0	47.0	24.4552
10/25/2017 17:56:14	49.0	47.0	25.5618
10/25/2017 17:56:25	48.0	47.0	19.3627
10/25/2017 17:56:36	47.0	48.0	19.6078
10/25/2017 17:56:47	48.0	47.0	24.9406
10/25/2017 17:56:58	48.0	48.0	22.9469
10/25/2017 17:57:09	48.0	47.0	23.7981
10/25/2017 17:57:20	48.0	47.0	25.3555
10/25/2017 17:57:31	48.0	47.0	23.6967
10/25/2017 17:57:42	48.0	47.0	22.9665
10/25/2017 17:57:53	48.0	48.0	21.7184
10/25/2017 17:58:04	48.0	47.0	22.9858
10/25/2017 17:58:15	47.0	47.0	25.5319
10/25/2017 17:58:26	48.0	47.0	24.5863
10/25/2017 17:58:37	48.0	47.0	24.8227
10/25/2017 17:58:48	48.0	47.0	26.1072
10/25/2017 17:59:00	48.0	47.0	25.5924
10/25/2017 17:59:11	49.0	48.0	26.3279
10/25/2017 17:59:22	48.0	47.0	23.5294
10/25/2017 17:59:33	48.0	47.0	25.2927
10/25/2017 17:59:44	48.0	47.0	24.1299
10/25/2017 17:59:55	48.0	47.0	26.1176
10/25/2017 18:00:06	47.0	47.0	24.2925
10/25/2017 18:00:17	48.0	47.0	22.3005
10/25/2017 18:00:28	47.0	46.0	26.5116
10/25/2017 18:00:39	48.0	47.0	25.2336
10/25/2017 18:00:50	48.0	47.0	24.0741
10/25/2017 18:01:01	48.0	48.0	24.6883
10/25/2017 18:01:12	51.0	51.0	22.0588
10/25/2017 18:01:23	52.0	52.0	21.6418
10/25/2017 18:01:34	55.0	53.0	23.9709
10/25/2017 18:01:45	55.0	54.0	22.0339
10/25/2017 18:01:56	57.0	56.0	20.7317
10/25/2017 18:02:07	56.0	54.0	22.4939
10/25/2017 18:02:18	53.0	53.0	24.1463
10/25/2017 18:02:29	52.0	53.0	25.1748
10/25/2017 18:02:40	51.0	51.0	23.8213
10/25/2017 18:02:51	50.0	50.0	24.424
10/25/2017 18:03:02	50.0	50.0	24.3056
10/25/2017 18:03:13	50.0	50.0	22.5182
10/25/2017 18:03:24	49.0	50.0	23.7209
10/25/2017 18:03:35	49.0	49.0	23.0583
10/25/2017 18:03:46	49.0	48.0	22.4824
10/25/2017 18:03:57	49.0	48.0	22.4096
10/25/2017 18:04:08	49.0	48.0	22.2749
10/25/2017 18:04:20	49.0	48.0	20.0969
10/25/2017 18:04:31	49.0	48.0	22.6933
10/25/2017 18:04:42	48.0	48.0	22.2494
10/25/2017 18:04:53	48.0	48.0	22.3039
10/25/2017 18:05:04	48.0	47.0	20.8437
10/25/2017 18:05:15	48.0	48.0	21.8137
10/25/2017 18:05:26	48.0	48.0	20.7407
10/25/2017 18:05:37	48.0	47.0	21.5827
10/25/2017 18:05:48	48.0	48.0	20.6897
10/25/2017 18:05:59	48.0	47.0	20.5
10/25/2017 18:06:10	48.0	48.0	19.3069
10/25/2017 18:06:21	48.0	47.0	20
10/25/2017 18:06:32	48.0	47.0	16.2025
10/25/2017 18:06:43	48.0	47.0	21.0918
10/25/2017 18:06:54	48.0	47.0	20.1493
10/25/2017 18:07:05	48.0	47.0	25.8537
10/25/2017 18:07:16	48.0	47.0	27.3159
10/25/2017 18:07:27	50.0	48.0	22.5653
10/25/2017 18:07:38	49.0	48.0	24.7619
10/25/2017 18:07:49	49.0	48.0	24.5283
10/25/2017 18:08:00	49.0	48.0	25.3041
10/25/2017 18:08:11	49.0	49.0	21.1679
10/25/2017 18:08:22	48.0	48.0	20
10/25/2017 18:08:33	48.0	48.0	20.4878
10/25/2017 18:08:44	47.0	47.0	20.936
10/25/2017 18:08:55	47.0	47.0	19.5062
10/25/2017 18:09:06	47.0	47.0	19.1542
10/25/2017 18:09:17	47.0	47.0	20.2469
10/25/2017 18:09:28	48.0	47.0	20.7824
10/25/2017 18:09:40	50.0	50.0	18.6275
10/25/2017 18:09:51	51.0	51.0	19.1176
10/25/2017 18:10:02	53.0	53.0	18.9781
10/25/2017 18:10:13	54.0	54.0	18.8725
10/25/2017 18:10:24	55.0	54.0	18.3824
10/25/2017 18:10:35	56.0	55.0	19.4245
10/25/2017 18:10:46	56.0	55.0	19.1176
10/25/2017 18:10:57	53.0	54.0	17.4877
10/25/2017 18:11:08	53.0	52.0	20.7317
10/25/2017 18:11:19	51.0	51.0	19.603
10/25/2017 18:11:30	50.0	50.0	21.4976
10/25/2017 18:11:41	50.0	50.0	20.1474
10/25/2017 18:11:52	49.0	48.0	19.9501
10/25/2017 18:12:03	49.0	48.0	18.9055
10/25/2017 18:12:14	49.0	48.0	20.3431
10/25/2017 18:12:25	48.0	48.0	20.297
10/25/2017 18:12:36	49.0	48.0	19.5545
10/25/2017 18:12:47	48.0	47.0	18.5
10/25/2017 18:12:58	49.0	47.0	19.7531
10/25/2017 18:13:09	48.0	47.0	17.9551
10/25/2017 18:13:20	48.0	47.0	19.202
10/25/2017 18:13:31	48.0	47.0	19.2593
10/25/2017 18:13:42	47.0	47.0	19.5062
10/25/2017 18:13:53	48.0	47.0	20.0495
10/25/2017 18:14:04	48.0	47.0	17.2152
10/25/2017 18:14:15	50.0	49.0	19.3069
10/25/2017 18:14:26	51.0	51.0	17.9293
10/25/2017 18:14:38	52.0	52.0	18.0693
10/25/2017 18:14:49	53.0	53.0	18.4275
10/25/2017 18:15:00	54.0	54.0	17.75
10/25/2017 18:15:11	55.0	55.0	15.443
10/25/2017 18:15:22	57.0	55.0	18
10/25/2017 18:15:33	54.0	54.0	16.8734
10/25/2017 18:15:44	52.0	53.0	16.4103
10/25/2017 18:15:55	51.0	51.0	17.9747
10/25/2017 18:16:06	50.0	50.0	16.4103
10/25/2017 18:16:17	50.0	50.0	17.9293
10/25/2017 18:16:28	49.0	50.0	16.4948
10/25/2017 18:16:39	49.0	48.0	15.285
10/25/2017 18:16:50	48.0	48.0	15.9794
10/25/2017 18:17:01	48.0	48.0	16.7959
10/25/2017 18:17:12	48.0	48.0	14.5455
10/25/2017 18:17:23	48.0	47.0	15.1436
10/25/2017 18:17:34	48.0	47.0	15.1436
10/25/2017 18:17:45	48.0	47.0	15.3247
10/25/2017 18:17:56	48.0	47.0	14.6597
10/25/2017 18:18:07	47.0	47.0	13.9108
10/25/2017 18:18:18	47.0	47.0	14.9606
10/25/2017 18:18:29	47.0	47.0	15.2231
10/25/2017 18:18:40	47.0	47.0	13.7203
10/25/2017 18:18:51	48.0	47.0	13.7566
10/25/2017 18:19:02	50.0	50.0	14.4357
10/25/2017 18:19:13	51.0	51.0	13.4921
10/25/2017 18:19:24	52.0	52.0	12.1053
10/25/2017 18:19:35	53.0	53.0	12.7937
10/25/2017 18:19:47	55.0	54.0	12.5984
10/25/2017 18:19:58	55.0	55.0	11.7801
10/25/2017 18:20:09	57.0	55.0	12.4011
10/25/2017 18:20:20	55.0	54.0	13.9108
10/25/2017 18:20:31	53.0	53.0	13.3858
10/25/2017 18:20:42	51.0	51.0	13.6842
10/25/2017 18:20:53	51.0	51.0	14.2105
10/25/2017 18:21:04	50.0	50.0	14.248
10/25/2017 18:21:15	49.0	48.0	14.2105
10/25/2017 18:21:26	49.0	48.0	14.0992
10/25/2017 18:21:37	49.0	49.0	14.7757
10/25/2017 18:21:48	48.0	48.0	13.9108
10/25/2017 18:21:59	48.0	48.0	13.7566
10/25/2017 18:22:10	48.0	48.0	14.4737
10/25/2017 18:22:21	48.0	48.0	13.7203
10/25/2017 18:22:32	48.0	48.0	13.4565
10/25/2017 18:22:43	48.0	47.0	14.0584
10/25/2017 18:22:54	48.0	48.0	13.4565
10/25/2017 18:23:05	50.0	50.0	13.089
10/25/2017 18:23:16	51.0	51.0	12.336
10/25/2017 18:23:27	52.0	53.0	11.8421
10/25/2017 18:23:38	53.0	53.0	13.6842
10/25/2017 18:23:49	54.0	55.0	12.0735
10/25/2017 18:24:00	55.0	55.0	12.8272
10/25/2017 18:24:11	56.0	56.0	12.3684
10/25/2017 18:24:22	56.0	55.0	12.1372
10/25/2017 18:24:33	54.0	53.0	13.6126
10/25/2017 18:24:44	52.0	52.0	14.6982
10/25/2017 18:24:56	51.0	51.0	13.9474
10/25/2017 18:25:07	50.0	50.0	13.9842
10/25/2017 18:25:18	49.0	49.0	14.248
10/25/2017 18:25:29	49.0	49.0	13.7203
10/25/2017 18:25:40	49.0	48.0	13.6842
10/25/2017 18:25:51	49.0	48.0	14.0212
10/25/2017 18:26:02	48.0	48.0	14.9215
10/25/2017 18:26:13	48.0	48.0	14.2105
10/25/2017 18:26:24	48.0	47.0	13.7203
10/25/2017 18:26:35	48.0	47.0	13.6842
10/25/2017 18:26:46	48.0	47.0	14.3236
10/25/2017 18:26:57	48.0	47.0	13.2626
10/25/2017 18:27:08	48.0	47.0	13.7203
10/25/2017 18:27:19	49.0	49.0	14.248
10/25/2017 18:27:30	51.0	51.0	12.8947
10/25/2017 18:27:41	52.0	52.0	12.2715
10/25/2017 18:27:52	53.0	53.0	13.6842
10/25/2017 18:28:03	54.0	54.0	13.6483
10/25/2017 18:28:14	55.0	55.0	12.5654
10/25/2017 18:28:25	57.0	56.0	13.0208
10/25/2017 18:28:36	57.0	57.0	12.5984
10/25/2017 18:28:47	55.0	54.0	13.4211
10/25/2017 18:28:58	53.0	53.0	13.7203
10/25/2017 18:29:09	51.0	51.0	14.4357
10/25/2017 18:29:20	51.0	50.0	14.4737
10/25/2017 18:29:31	50.0	50.0	13.7203
10/25/2017 18:29:42	49.0	50.0	13.6842
10/25/2017 18:29:53	48.0	48.0	15.8311
10/25/2017 18:30:05	49.0	49.0	13.7203
10/25/2017 18:30:16	49.0	48.0	13.7203
10/25/2017 18:30:27	48.0	48.0	15.7333
10/25/2017 18:30:38	48.0	48.0	0.503778
10/25/2017 18:30:49	49.0	48.0	0.502513
10/25/2017 18:31:00	49.0	48.0	0.757576
10/25/2017 18:31:11	49.0	50.0	0.252525
10/25/2017 18:31:22	51.0	50.0	0.252525
10/25/2017 18:31:33	50.0	51.0	0.502513
10/25/2017 18:31:44	51.0	51.0	0.253165
10/25/2017 18:31:55	51.0	51.0	2.77078
10/25/2017 18:32:06	50.0	51.0	0.503778
10/25/2017 18:32:17	51.0	51.0	0.503778
10/25/2017 18:32:28	51.0	50.0	0.755668
10/25/2017 18:32:39	51.0	51.0	0.251889
10/25/2017 18:32:50	51.0	51.0	0.252525
10/25/2017 18:33:01	52.0	51.0	1.00756
10/25/2017 18:33:12	51.0	51.0	0.503778
10/25/2017 18:33:23	50.0	51.0	0.503778
10/25/2017 18:33:34	50.0	51.0	1.0101
10/25/2017 18:33:45	50.0	51.0	0.503778
10/25/2017 18:33:56	50.0	50.0	2.267
10/25/2017 18:34:07	50.0	51.0	0.503778
10/25/2017 18:34:18	50.0	50.0	0.502513
10/25/2017 18:34:29	50.0	50.0	1.0101
10/25/2017 18:34:40	50.0	49.0	0.251256
10/25/2017 18:34:51	50.0	50.0	0.505051
10/25/2017 18:35:02	51.0	50.0	0.506329
10/25/2017 18:35:13	51.0	50.0	0.757576
10/25/2017 18:35:24	49.0	50.0	0.502513
10/25/2017 18:35:35	50.0	51.0	1.0101
10/25/2017 18:35:46	49.0	49.0	0.250627
10/25/2017 18:35:57	49.0	49.0	2.267
10/25/2017 18:36:08	49.0	48.0	1.01266
10/25/2017 18:36:19	50.0	50.0	0.251889
10/25/2017 18:36:30	50.0	49.0	0.506329
10/25/2017 18:36:41	50.0	49.0	0.251889
10/25/2017 18:36:52	49.0	48.0	0.252525
10/25/2017 18:37:04	49.0	49.0	0.506329
10/25/2017 18:37:15	49.0	49.0	0.503778
10/25/2017 18:37:26	49.0	48.0	0.251889
10/25/2017 18:37:37	49.0	48.0	1.0101
10/25/2017 18:37:48	49.0	49.0	0.252525
10/25/2017 18:37:59	48.0	48.0	0.502513
10/25/2017 18:38:10	50.0	48.0	1.26263
10/25/2017 18:38:21	49.0	48.0	0.503778
10/25/2017 18:38:32	48.0	48.0	0.502513
10/25/2017 18:38:43	49.0	48.0	1.0101
10/25/2017 18:38:54	48.0	48.0	0.252525
10/25/2017 18:39:05	47.0	48.0	0.503778
10/25/2017 18:39:16	48.0	48.0	0.506329
10/25/2017 18:39:27	48.0	48.0	0.755668
10/25/2017 18:39:38	48.0	48.0	0.503778
10/25/2017 18:39:49	49.0	48.0	0.503778
10/25/2017 18:40:00	48.0	48.0	1.00756
10/25/2017 18:40:11	48.0	48.0	1.26263
10/25/2017 18:40:22	48.0	48.0	0.251889
10/25/2017 18:40:33	48.0	48.0	0.503778
10/25/2017 18:40:44	48.0	48.0	1.00756
10/25/2017 18:40:55	48.0	48.0	0.502513
10/25/2017 18:41:06	48.0	48.0	0.252525
10/25/2017 18:41:17	48.0	48.0	0.759494
10/25/2017 18:41:28	48.0	48.0	0.503778
10/25/2017 18:41:39	48.0	47.0	0.503778
10/25/2017 18:41:50	47.0	47.0	1.00756
10/25/2017 18:42:01	47.0	47.0	0.503778
10/25/2017 18:42:12	47.0	47.0	0.759494
10/25/2017 18:42:23	47.0	47.0	0.502513
10/25/2017 18:42:34	47.0	47.0	0.755668
10/25/2017 18:42:45	47.0	47.0	0.505051
10/25/2017 18:42:56	47.0	47.0	0.755668
10/25/2017 18:43:07	48.0	48.0	0.252525
10/25/2017 18:43:18	47.0	47.0	0.757576
10/25/2017 18:43:29	47.0	47.0	0.503778
10/25/2017 18:43:41	47.0	47.0	0.502513
10/25/2017 18:43:52	47.0	46.0	0.755668
10/25/2017 18:44:03	47.0	47.0	0.503778
10/25/2017 18:44:14	47.0	47.0	0.503778
10/25/2017 18:44:25	47.0	47.0	1.00756
10/25/2017 18:44:36	47.0	47.0	0.502513
10/25/2017 18:44:47	47.0	46.0	0.503778
10/25/2017 18:44:58	47.0	46.0	0.505051
10/25/2017 18:45:09	47.0	47.0	0.502513
10/25/2017 18:45:20	48.0	47.0	1.00503
10/25/2017 18:45:31	47.0	47.0	0.502513
10/25/2017 18:45:42	48.0	47.0	0.753769
10/25/2017 18:45:53	47.0	47.0	0.755668
10/25/2017 18:46:04	47.0	47.0	0.253165
10/25/2017 18:46:15	46.0	47.0	0.502513
10/25/2017 18:46:26	47.0	46.0	1.0101
10/25/2017 18:46:37	47.0	47.0	0.252525
10/25/2017 18:46:48	48.0	47.0	0.503778
10/25/2017 18:46:59	48.0	47.0	0.757576
10/25/2017 18:47:10	46.0	46.0	0.75188
10/25/2017 18:47:21	47.0	47.0	0.251889
10/25/2017 18:47:32	47.0	47.0	0.759494
10/25/2017 18:47:43	47.0	47.0	0.503778
10/25/2017 18:47:54	47.0	46.0	0.753769
10/25/2017 18:48:05	47.0	47.0	0.251889
10/25/2017 18:48:16	47.0	46.0	0.253165
10/25/2017 18:48:27	47.0	47.0	0.757576
10/25/2017 18:48:38	48.0	47.0	0.753769
10/25/2017 18:48:49	47.0	47.0	0.503778
10/25/2017 18:49:00	47.0	47.0	1.01266
10/25/2017 18:49:11	47.0	46.0	0.251889
10/25/2017 18:49:22	47.0	47.0	0.502513
10/25/2017 18:49:33	46.0	47.0	2.53165
10/25/2017 18:49:44	47.0	46.0	0.252525
10/25/2017 18:49:55	47.0	46.0	0.757576
10/25/2017 18:50:06	46.0	47.0	0.505051
10/25/2017 18:50:17	46.0	46.0	0.252525
10/25/2017 18:50:28	46.0	47.0	0.502513
10/25/2017 18:50:40	46.0	47.0	1.0101
10/25/2017 18:50:51	46.0	46.0	0.502513
10/25/2017 18:51:02	47.0	46.0	0.757576
10/25/2017 18:51:13	46.0	46.0	0.503778
10/25/2017 18:51:24	47.0	47.0	0.503778
10/25/2017 18:51:35	47.0	47.0	2.51889
10/25/2017 18:51:46	47.0	47.0	0.755668
10/25/2017 18:51:57	47.0	47.0	0.502513
10/25/2017 18:52:08	47.0	47.0	1.00756
10/25/2017 18:52:19	46.0	47.0	0.503778
10/25/2017 18:52:30	47.0	47.0	0.503778
10/25/2017 18:52:41	47.0	46.0	0.759494
10/25/2017 18:52:52	47.0	47.0	0.253165
10/25/2017 18:53:03	46.0	46.0	0.502513
10/25/2017 18:53:14	46.0	47.0	0.757576
10/25/2017 18:53:25	47.0	46.0	0.252525
10/25/2017 18:53:36	47.0	47.0	2.51256
10/25/2017 18:53:47	46.0	46.0	0.252525
10/25/2017 18:53:58	47.0	47.0	0.252525
10/25/2017 18:54:09	47.0	46.0	0.757576
10/25/2017 18:54:20	47.0	46.0	0.251256
10/25/2017 18:54:31	47.0	47.0	0.502513
10/25/2017 18:54:42	47.0	46.0	0.755668
10/25/2017 18:54:53	46.0	46.0	0.502513
10/25/2017 18:55:04	47.0	47.0	0.502513
10/25/2017 18:55:15	46.0	46.0	1.00756
10/25/2017 18:55:26	46.0	47.0	0.503778
10/25/2017 18:55:37	46.0	47.0	0.753769
10/25/2017 18:55:48	47.0	46.0	0.757576
10/25/2017 18:55:59	46.0	47.0	0.506329
10/25/2017 18:56:10	46.0	47.0	0.252525
10/25/2017 18:56:21	46.0	46.0	1.00756
10/25/2017 18:56:32	46.0	46.0	0.502513
10/25/2017 18:56:43	46.0	46.0	1.0101
10/25/2017 18:56:54	47.0	47.0	0.753769
10/25/2017 18:57:05	47.0	46.0	0.753769
10/25/2017 18:57:16	46.0	46.0	0.757576
10/25/2017 18:57:27	47.0	47.0	0.503778
10/25/2017 18:57:39	46.0	46.0	0.252525
10/25/2017 18:57:50	46.0	46.0	1.00756
10/25/2017 18:58:01	46.0	46.0	0.252525
10/25/2017 18:58:12	46.0	46.0	0.503778
10/25/2017 18:58:23	47.0	47.0	1.00756
10/25/2017 18:58:34	46.0	46.0	0.252525
10/25/2017 18:58:45	46.0	46.0	0.253165
10/25/2017 18:58:56	46.0	45.0	1.80412
10/25/2017 18:59:07	47.0	46.0	0.503778
10/25/2017 18:59:18	47.0	47.0	0.759494
10/25/2017 18:59:29	46.0	47.0	0.503778
10/25/2017 18:59:40	46.0	47.0	0.252525
10/25/2017 18:59:51	47.0	46.0	0.755668
10/25/2017 19:00:02	47.0	46.0	0.251889
10/25/2017 19:00:13	46.0	46.0	0.505051
10/25/2017 19:00:24	47.0	47.0	1.00756
10/25/2017 19:00:35	48.0	47.0	0.503778
10/25/2017 19:00:46	46.0	46.0	0.503778
10/25/2017 19:00:57	46.0	45.0	1.26582
10/25/2017 19:01:08	46.0	46.0	0.502513
10/25/2017 19:01:19	46.0	47.0	0.505051
10/25/2017 19:01:30	46.0	46.0	1.00503
10/25/2017 19:01:41	46.0	46.0	0.251889
10/25/2017 19:01:52	46.0	46.0	0.251889
10/25/2017 19:02:03	46.0	46.0	0.253165
10/25/2017 19:02:14	47.0	46.0	0.252525
10/25/2017 19:02:25	47.0	46.0	1.0101
10/25/2017 19:02:36	46.0	46.0	0.251889
10/25/2017 19:02:47	46.0	46.0	0.252525
10/25/2017 19:02:58	47.0	46.0	1.0101
10/25/2017 19:03:09	47.0	46.0	0.505051
10/25/2017 19:03:20	48.0	46.0	0
10/25/2017 19:03:31	46.0	47.0	0.757576
10/25/2017 19:03:42	46.0	46.0	0.503778
10/25/2017 19:03:53	47.0	47.0	0.502513
10/25/2017 19:04:04	47.0	47.0	1.0101
10/25/2017 19:04:15	46.0	46.0	0.502513
10/25/2017 19:04:27	46.0	46.0	0.753769
10/25/2017 19:04:38	46.0	47.0	0.506329
10/25/2017 19:04:49	46.0	46.0	0.503778
10/25/2017 19:05:00	46.0	46.0	0.757576
10/25/2017 19:05:11	46.0	46.0	0.505051
10/25/2017 19:05:22	47.0	46.0	0.252525
10/25/2017 19:05:33	47.0	46.0	1.0101
10/25/2017 19:05:44	46.0	46.0	0.252525
10/25/2017 19:05:55	46.0	46.0	0.75188
10/25/2017 19:06:06	46.0	46.0	1.0101
10/25/2017 19:06:17	46.0	46.0	0.753769
10/25/2017 19:06:28	46.0	46.0	0.502513
10/25/2017 19:06:39	47.0	45.0	1.00756
10/25/2017 19:06:50	46.0	46.0	0.251889
10/25/2017 19:07:01	46.0	46.0	0.503778
10/25/2017 19:07:12	46.0	46.0	1.26904
10/25/2017 19:07:23	47.0	47.0	0.503778
10/25/2017 19:07:34	46.0	46.0	1.0101
10/25/2017 19:07:45	46.0	46.0	0.251889
10/25/2017 19:07:56	46.0	47.0	0.755668
10/25/2017 19:08:07	46.0	47.0	0.759494
10/25/2017 19:08:18	46.0	47.0	0.753769
10/25/2017 19:08:29	46.0	46.0	0.252525
10/25/2017 19:08:40	46.0	46.0	1.26263
10/25/2017 19:08:51	46.0	46.0	0.757576
10/25/2017 19:09:02	46.0	46.0	0.503778
10/25/2017 19:09:13	46.0	46.0	2.27848
10/25/2017 19:09:24	46.0	46.0	0.753769
10/25/2017 19:09:35	46.0	46.0	0.252525
10/25/2017 19:09:46	46.0	46.0	1.0101
10/25/2017 19:09:57	46.0	46.0	0.502513
10/25/2017 19:10:08	47.0	47.0	1.51134
10/25/2017 19:10:19	47.0	46.0	0.503778
10/25/2017 19:10:30	46.0	46.0	0.503778
10/25/2017 19:10:41	46.0	46.0	0.755668
10/25/2017 19:10:52	46.0	47.0	0.755668
10/25/2017 19:11:03	47.0	46.0	0.503778
10/25/2017 19:11:15	46.0	47.0	2.77778
10/25/2017 19:11:26	48.0	46.0	0.503778
10/25/2017 19:11:37	46.0	47.0	0.503778
10/25/2017 19:11:48	46.0	46.0	0.757576
10/25/2017 19:11:59	46.0	47.0	0.503778
10/25/2017 19:12:10	48.0	47.0	0.253807
10/25/2017 19:12:21	46.0	45.0	0.503778
10/25/2017 19:12:32	47.0	47.0	0.505051
10/25/2017 19:12:43	47.0	46.0	1.00756
10/25/2017 19:12:54	46.0	46.0	0.505051
10/25/2017 19:13:05	46.0	46.0	0.502513
10/25/2017 19:13:16	46.0	46.0	2.77778
10/25/2017 19:13:27	48.0	46.0	0.505051
10/25/2017 19:13:38	47.0	46.0	1.00503
10/25/2017 19:13:49	46.0	46.0	0.755668
10/25/2017 19:14:00	46.0	46.0	1.00756
10/25/2017 19:14:11	46.0	46.0	0.252525
10/25/2017 19:14:22	46.0	45.0	0.757576
10/25/2017 19:14:33	46.0	45.0	0.252525
10/25/2017 19:14:44	46.0	46.0	0.505051
10/25/2017 19:14:55	46.0	45.0	1.00503
10/25/2017 19:15:06	47.0	47.0	0.503778
10/25/2017 19:15:17	46.0	46.0	0.757576
10/25/2017 19:15:28	46.0	46.0	0.502513
10/25/2017 19:15:39	46.0	45.0	0
10/25/2017 19:15:50	46.0	46.0	0.505051
10/25/2017 19:16:01	46.0	46.0	0.502513
10/25/2017 19:16:12	46.0	45.0	0.505051
10/25/2017 19:16:23	46.0	46.0	1.26263
10/25/2017 19:16:34	46.0	45.0	0.251256
10/25/2017 19:16:45	46.0	46.0	0.502513
10/25/2017 19:16:56	46.0	45.0	1.00756
10/25/2017 19:17:07	46.0	46.0	0.753769
10/25/2017 19:17:18	46.0	47.0	0.502513
10/25/2017 19:17:29	46.0	46.0	1.0101
10/25/2017 19:17:40	46.0	46.0	0.502513
10/25/2017 19:17:52	46.0	46.0	0.753769
10/25/2017 19:18:03	46.0	46.0	0.251889
10/25/2017 19:18:14	47.0	46.0	0.503778
10/25/2017 19:18:25	46.0	46.0	1.25945
10/25/2017 19:18:36	46.0	46.0	0.253165
10/25/2017 19:18:47	46.0	46.0	0.251256
10/25/2017 19:18:58	46.0	46.0	1.0101
10/25/2017 19:19:09	46.0	46.0	0
10/25/2017 19:19:20	45.0	46.0	0.755668
10/25/2017 19:19:31	46.0	46.0	0.759494
10/25/2017 19:19:42	46.0	46.0	0.503778
10/25/2017 19:19:53	46.0	46.0	0.251889
10/25/2017 19:20:04	46.0	45.0	1.01266
10/25/2017 19:20:15	45.0	45.0	0.251889
10/25/2017 19:20:26	46.0	46.0	0.753769
10/25/2017 19:20:37	46.0	45.0	0.759494
10/25/2017 19:20:48	46.0	46.0	0.503778
10/25/2017 19:20:59	47.0	46.0	1.50754
10/25/2017 19:21:10	46.0	45.0	0.503778
10/25/2017 19:21:21	47.0	46.0	0.505051
10/25/2017 19:21:32	45.0	46.0	1.25628
10/25/2017 19:21:43	46.0	45.0	0.753769
10/25/2017 19:21:54	45.0	45.0	0.251889
10/25/2017 19:22:05	46.0	45.0	0.757576
10/25/2017 19:22:16	46.0	46.0	0.252525
10/25/2017 19:22:27	46.0	47.0	0.503778
10/25/2017 19:22:38	45.0	45.0	1.0101
10/25/2017 19:22:49	45.0	46.0	0.503778
10/25/2017 19:23:00	46.0	45.0	0.503778
10/25/2017 19:23:11	46.0	45.0	1.00756
10/25/2017 19:23:22	46.0	46.0	0.252525
10/25/2017 19:23:33	46.0	46.0	1.26263
10/25/2017 19:23:44	46.0	46.0	0.503778
10/25/2017 19:23:55	45.0	46.0	0.505051
10/25/2017 19:24:06	46.0	45.0	0.757576
10/25/2017 19:24:17	46.0	46.0	0.253165
10/25/2017 19:24:29	46.0	46.0	0.252525
10/25/2017 19:24:40	46.0	46.0	1.0101
10/25/2017 19:24:51	46.0	46.0	0.502513
10/25/2017 19:25:02	46.0	46.0	0.505051
10/25/2017 19:25:13	46.0	46.0	1.00756
10/25/2017 19:25:24	46.0	46.0	0.502513
10/25/2017 19:25:35	46.0	45.0	0.757576
10/25/2017 19:25:46	46.0	45.0	0.505051
10/25/2017 19:25:57	46.0	46.0	0.505051
10/25/2017 19:26:08	46.0	46.0	0.755668
10/25/2017 19:26:19	45.0	46.0	0.253165
10/25/2017 19:26:30	45.0	45.0	0
10/25/2017 19:26:41	45.0	45.0	1.26263
10/25/2017 19:26:52	46.0	46.0	2.27848
10/25/2017 19:27:03	45.0	46.0	0.502513
10/25/2017 19:27:14	46.0	45.0	1.25628
10/25/2017 19:27:25	46.0	46.0	0.753769
10/25/2017 19:27:36	46.0	46.0	0.252525
10/25/2017 19:27:47	46.0	46.0	1.0101
10/25/2017 19:27:58	46.0	46.0	0
10/25/2017 19:28:09	45.0	46.0	0.503778
10/25/2017 19:28:20	46.0	46.0	0.759494
10/25/2017 19:28:31	45.0	45.0	0.503778
10/25/2017 19:28:42	45.0	45.0	0.759494
10/25/2017 19:28:53	45.0	45.0	2.51889
10/25/2017 19:29:04	45.0	45.0	0.251889
10/25/2017 19:29:15	46.0	47.0	1.0101
10/25/2017 19:29:26	46.0	45.0	0
10/25/2017 19:29:37	46.0	45.0	0.251889
10/25/2017 19:29:48	45.0	46.0	1.01266
10/25/2017 19:29:59	46.0	45.0	0.252525
10/25/2017 19:30:10	45.0	46.0	0.502513
10/25/2017 19:30:21	45.0	46.0	1.00756
10/25/2017 19:30:32	45.0	46.0	0.503778
10/25/2017 19:30:43	46.0	45.0	0.252525
10/25/2017 19:30:54	46.0	45.0	3.02267
10/25/2017 19:31:05	46.0	45.0	0.506329
10/25/2017 19:31:17	46.0	45.0	0.757576
10/25/2017 19:31:28	46.0	45.0	0.251889
10/25/2017 19:31:39	46.0	45.0	0.505051
10/25/2017 19:31:50	46.0	45.0	0.506329
10/25/2017 19:32:01	46.0	45.0	0.505051
10/25/2017 19:32:12	45.0	45.0	0.503778
10/25/2017 19:32:23	46.0	45.0	0.759494
10/25/2017 19:32:34	46.0	45.0	0.502513
10/25/2017 19:32:45	46.0	45.0	0.503778
10/25/2017 19:32:56	46.0	45.0	1.0101
10/25/2017 19:33:07	45.0	45.0	0.75188
10/25/2017 19:33:18	46.0	45.0	0.252525
10/25/2017 19:33:29	46.0	45.0	0.757576
10/25/2017 19:33:40	46.0	45.0	0.251256
10/25/2017 19:33:51	47.0	45.0	0.505051
10/25/2017 19:34:02	45.0	45.0	0.757576
10/25/2017 19:34:13	46.0	45.0	0.252525
10/25/2017 19:34:24	45.0	46.0	1.26263
10/25/2017 19:34:35	46.0	45.0	0.251889
10/25/2017 19:34:46	46.0	45.0	0.503778
10/25/2017 19:34:57	45.0	46.0	0.755668
10/25/2017 19:35:08	45.0	46.0	0.503778
10/25/2017 19:35:19	46.0	45.0	0.251256
10/25/2017 19:35:30	46.0	46.0	1.25945
10/25/2017 19:35:41	45.0	46.0	0.755668
10/25/2017 19:35:52	45.0	45.0	0.503778
10/25/2017 19:36:03	46.0	45.0	0.757576
10/25/2017 19:36:14	45.0	46.0	0.503778
10/25/2017 19:36:25	45.0	45.0	0.503778
10/25/2017 19:36:36	46.0	45.0	0.503778
10/25/2017 19:36:47	46.0	45.0	0.503778
10/25/2017 19:36:58	46.0	45.0	0.757576
10/25/2017 19:37:09	46.0	45.0	0.505051
10/25/2017 19:37:20	46.0	46.0	0.753769
10/25/2017 19:37:31	46.0	46.0	0.755668
10/25/2017 19:37:42	46.0	45.0	0.252525
10/25/2017 19:37:54	46.0	45.0	0.503778
10/25/2017 19:38:05	46.0	45.0	1.25628
10/25/2017 19:38:16	46.0	46.0	0.251889
10/25/2017 19:38:27	46.0	45.0	0.502513
10/25/2017 19:38:38	45.0	45.0	1.25945
10/25/2017 19:38:49	45.0	46.0	0.252525
10/25/2017 19:39:00	46.0	45.0	0.505051
10/25/2017 19:39:11	45.0	46.0	0
10/25/2017 19:39:22	46.0	45.0	0.755668
10/25/2017 19:39:33	45.0	46.0	1.0101
10/25/2017 19:39:44	45.0	45.0	0.502513
10/25/2017 19:39:55	45.0	45.0	0.252525
10/25/2017 19:40:06	45.0	45.0	1.0101
10/25/2017 19:40:17	46.0	45.0	0.252525
10/25/2017 19:40:28	45.0	45.0	0.252525
10/25/2017 19:40:39	46.0	45.0	0.755668
10/25/2017 19:40:50	45.0	45.0	0.502513
10/25/2017 19:41:01	45.0	46.0	0.252525
10/25/2017 19:41:12	45.0	44.0	1.0101
10/25/2017 19:41:23	45.0	45.0	0.757576
10/25/2017 19:41:34	46.0	46.0	0.755668
10/25/2017 19:41:45	46.0	45.0	0.757576
10/25/2017 19:41:56	45.0	45.0	0.503778
10/25/2017 19:42:07	45.0	45.0	1.25945
10/25/2017 19:42:18	45.0	44.0	0.251889
10/25/2017 19:42:29	45.0	45.0	0.502513
10/25/2017 19:42:40	45.0	45.0	1.00756
10/25/2017 19:42:51	47.0	46.0	0.753769
10/25/2017 19:43:02	45.0	44.0	0.252525
10/25/2017 19:43:13	45.0	45.0	0.759494
10/25/2017 19:43:24	45.0	45.0	0.252525
10/25/2017 19:43:35	46.0	45.0	0.503778
10/25/2017 19:43:46	45.0	45.0	0.505051
10/25/2017 19:43:57	45.0	45.0	0.505051
10/25/2017 19:44:08	46.0	45.0	0.251889
10/25/2017 19:44:19	45.0	45.0	0.757576
10/25/2017 19:44:30	45.0	45.0	2.01511
10/25/2017 19:44:42	45.0	45.0	0.757576
10/25/2017 19:44:53	45.0	45.0	0.252525
10/25/2017 19:45:04	45.0	45.0	0.503778
10/25/2017 19:45:15	45.0	45.0	0.755668
10/25/2017 19:45:26	45.0	45.0	0.503778
10/25/2017 19:45:37	45.0	45.0	0.503778
10/25/2017 19:45:48	45.0	45.0	0.759494
10/25/2017 19:45:59	46.0	45.0	0.503778
10/25/2017 19:46:10	45.0	45.0	0.505051
10/25/2017 19:46:21	45.0	45.0	1.25945
10/25/2017 19:46:32	46.0	45.0	1.51134
10/25/2017 19:46:43	45.0	45.0	0.252525
10/25/2017 19:46:54	45.0	45.0	0.759494
10/25/2017 19:47:05	45.0	45.0	0.503778
10/25/2017 19:47:16	44.0	45.0	0.755668
10/25/2017 19:47:27	45.0	44.0	0.505051
10/25/2017 19:47:38	46.0	45.0	0.503778
10/25/2017 19:47:49	46.0	45.0	1.00756
10/25/2017 19:48:00	46.0	45.0	0.755668
10/25/2017 19:48:11	45.0	45.0	1.00251
10/25/2017 19:48:22	46.0	45.0	1.00756
10/25/2017 19:48:33	46.0	45.0	2.27848
10/25/2017 19:48:44	45.0	46.0	0.253165
10/25/2017 19:48:55	45.0	45.0	1.26263
10/25/2017 19:49:06	45.0	45.0	0.252525
10/25/2017 19:49:17	45.0	46.0	0.505051
10/25/2017 19:49:28	45.0	45.0	1.00756
10/25/2017 19:49:39	44.0	45.0	0.505051
10/25/2017 19:49:50	45.0	45.0	0.503778
10/25/2017 19:50:01	46.0	45.0	0.506329
10/25/2017 19:50:12	46.0	44.0	0.755668
10/25/2017 19:50:23	45.0	45.0	1.00756
10/25/2017 19:50:34	45.0	45.0	0.503778
10/25/2017 19:50:45	45.0	44.0	0.503778
10/25/2017 19:50:56	44.0	44.0	1.00756
10/25/2017 19:51:08	45.0	45.0	0.252525
10/25/2017 19:51:19	45.0	45.0	0.502513
10/25/2017 19:51:30	46.0	45.0	0.759494
10/25/2017 19:51:41	46.0	45.0	0.753769
10/25/2017 19:51:52	45.0	45.0	0.251889
10/25/2017 19:52:03	44.0	45.0	1.00756
10/25/2017 19:52:14	44.0	45.0	0.251889
10/25/2017 19:52:25	44.0	45.0	0.505051
10/25/2017 19:52:36	44.0	44.0	1.26263
10/25/2017 19:52:47	45.0	46.0	0.503778
10/25/2017 19:52:58	44.0	45.0	1.00756
10/25/2017 19:53:09	44.0	45.0	0.503778
10/25/2017 19:53:20	45.0	44.0	0.251889
10/25/2017 19:53:31	45.0	45.0	1.00756
10/25/2017 19:53:42	44.0	45.0	0.503778
10/25/2017 19:53:53	44.0	45.0	0.753769
10/25/2017 19:54:04	45.0	46.0	1.0101
10/25/2017 19:54:15	44.0	45.0	0.502513
10/25/2017 19:54:26	45.0	45.0	0.503778
10/25/2017 19:54:37	45.0	45.0	1.00756
10/25/2017 19:54:48	44.0	45.0	0.252525
10/25/2017 19:54:59	45.0	44.0	0.505051
10/25/2017 19:55:10	44.0	45.0	1.00756
10/25/2017 19:55:21	46.0	45.0	0.503778
10/25/2017 19:55:32	45.0	45.0	0.503778
10/25/2017 19:55:43	45.0	45.0	0.503778
10/25/2017 19:55:54	46.0	45.0	0.252525
10/25/2017 19:56:05	46.0	45.0	1.26263
10/25/2017 19:56:16	45.0	45.0	0.503778
10/25/2017 19:56:27	46.0	45.0	0.503778
10/25/2017 19:56:38	46.0	45.0	1.25945
10/25/2017 19:56:49	45.0	44.0	0.252525
10/25/2017 19:57:00	44.0	44.0	0.503778
10/25/2017 19:57:11	44.0	45.0	0.759494
10/25/2017 19:57:23	45.0	45.0	0.505051
10/25/2017 19:57:34	44.0	44.0	0.505051
10/25/2017 19:57:45	45.0	45.0	1.50754
10/25/2017 19:57:56	44.0	45.0	0.503778
10/25/2017 19:58:07	46.0	45.0	0.503778
10/25/2017 19:58:18	45.0	44.0	0.502513
10/25/2017 19:58:29	46.0	45.0	0.503778
10/25/2017 19:58:40	46.0	45.0	0.506329
10/25/2017 19:58:51	45.0	44.0	1.00503
10/25/2017 19:59:02	45.0	45.0	0.503778
10/25/2017 19:59:13	46.0	44.0	1.50754
10/25/2017 19:59:24	45.0	44.0	0.252525
10/25/2017 19:59:35	44.0	44.0	0.505051
10/25/2017 19:59:46	45.0	45.0	0.757576
10/25/2017 19:59:57	45.0	44.0	0.753769
10/25/2017 20:00:08	45.0	45.0	0.252525
10/25/2017 20:00:19	45.0	45.0	1.26263
10/25/2017 20:00:30	45.0	44.0	0.251889
10/25/2017 20:00:41	46.0	45.0	0.501253
10/25/2017 20:00:52	45.0	45.0	0.505051
10/25/2017 20:01:03	45.0	45.0	0.252525
10/25/2017 20:01:14	44.0	44.0	0.759494
10/25/2017 20:01:25	44.0	45.0	0
10/25/2017 20:01:36	45.0	45.0	0.253165
10/25/2017 20:01:47	45.0	44.0	1.00503
10/25/2017 20:01:58	45.0	44.0	0.502513
10/25/2017 20:02:09	44.0	44.0	2.52525
10/25/2017 20:02:20	45.0	45.0	1.51515
10/25/2017 20:02:31	44.0	44.0	0.502513
10/25/2017 20:02:42	45.0	45.0	0.503778
10/25/2017 20:02:53	45.0	45.0	0.757576
10/25/2017 20:03:04	45.0	44.0	0.753769
10/25/2017 20:03:15	44.0	44.0	0.505051
10/25/2017 20:03:26	44.0	45.0	1.50754
10/25/2017 20:03:37	44.0	44.0	0.503778
10/25/2017 20:03:49	44.0	44.0	1.0101
10/25/2017 20:04:00	44.0	43.0	0.757576
10/25/2017 20:04:11	44.0	44.0	2.27273
10/25/2017 20:04:22	44.0	44.0	0.757576
10/25/2017 20:04:33	45.0	45.0	0.503778
10/25/2017 20:04:44	44.0	44.0	0.252525
10/25/2017 20:04:55	44.0	45.0	1.00756
10/25/2017 20:05:06	44.0	44.0	0.505051
10/25/2017 20:05:17	45.0	44.0	0.505051
10/25/2017 20:05:28	45.0	45.0	1.0101
10/25/2017 20:05:39	44.0	44.0	0.251889
10/25/2017 20:05:50	45.0	45.0	0.505051
10/25/2017 20:06:01	44.0	44.0	1.00756
10/25/2017 20:06:12	44.0	44.0	2.27273
10/25/2017 20:06:23	45.0	45.0	1.00756
10/25/2017 20:06:34	44.0	44.0	0.505051
10/25/2017 20:06:45	45.0	44.0	0.251889
10/25/2017 20:06:56	44.0	44.0	1.0101
10/25/2017 20:07:07	44.0	44.0	0.505051
10/25/2017 20:07:18	45.0	44.0	0.503778
10/25/2017 20:07:29	45.0	44.0	1.01266
10/25/2017 20:07:40	44.0	44.0	1.00756
10/25/2017 20:07:51	45.0	44.0	0.502513
10/25/2017 20:08:02	44.0	44.0	1.0101
10/25/2017 20:08:13	46.0	45.0	0.502513
10/25/2017 20:08:24	44.0	44.0	0.503778
10/25/2017 20:08:35	44.0	44.0	1.00756
10/25/2017 20:08:46	45.0	45.0	0.505051
10/25/2017 20:08:57	45.0	45.0	0
10/25/2017 20:09:08	46.0	45.0	0.503778
10/25/2017 20:09:19	45.0	45.0	0.503778
10/25/2017 20:09:30	45.0	44.0	1.0101
10/25/2017 20:09:41	45.0	45.0	0.503778
10/25/2017 20:09:52	46.0	44.0	0.252525
10/25/2017 20:10:03	45.0	44.0	1.0101
10/25/2017 20:10:14	46.0	45.0	0.503778
10/25/2017 20:10:26	44.0	44.0	0.253165
10/25/2017 20:10:37	45.0	44.0	1.0101
10/25/2017 20:10:48	45.0	44.0	1.0101
10/25/2017 20:10:59	46.0	45.0	0.251889
10/25/2017 20:11:10	44.0	45.0	1.25945
10/25/2017 20:11:21	45.0	44.0	0.252525
10/25/2017 20:11:32	44.0	44.0	1.00503
10/25/2017 20:11:43	45.0	44.0	0.252525
10/25/2017 20:11:54	46.0	44.0	0.503778
10/25/2017 20:12:05	44.0	44.0	0.755668
10/25/2017 20:12:16	45.0	44.0	0.755668
10/25/2017 20:12:27	44.0	45.0	0.252525
10/25/2017 20:12:38	44.0	44.0	1.25945
10/25/2017 20:12:49	45.0	44.0	0.251889
10/25/2017 20:13:00	45.0	44.0	0.503778
10/25/2017 20:13:11	45.0	45.0	0.759494
10/25/2017 20:13:22	45.0	45.0	0.753769
10/25/2017 20:13:33	46.0	44.0	0.252525
10/25/2017 20:13:44	45.0	44.0	1.00756
10/25/2017 20:13:55	44.0	44.0	0.252525
10/25/2017 20:14:06	45.0	44.0	0.505051
10/25/2017 20:14:17	46.0	45.0	0.252525
10/25/2017 20:14:28	45.0	45.0	0.503778
10/25/2017 20:14:39	45.0	44.0	1.00756
10/25/2017 20:14:50	45.0	44.0	0.251889
10/25/2017 20:15:01	45.0	45.0	0.503778
10/25/2017 20:15:12	45.0	45.0	0.757576
10/25/2017 20:15:23	45.0	45.0	0.503778
10/25/2017 20:15:34	45.0	44.0	0
10/25/2017 20:15:45	45.0	44.0	0.759494
10/25/2017 20:15:56	45.0	44.0	0.503778
10/25/2017 20:16:07	45.0	44.0	0.503778
10/25/2017 20:16:18	45.0	44.0	0.757576
10/25/2017 20:16:29	45.0	44.0	0.503778
10/25/2017 20:16:40	44.0	44.0	0.252525
10/25/2017 20:16:51	45.0	45.0	1.25945
10/25/2017 20:17:03	46.0	45.0	0.503778
10/25/2017 20:17:14	45.0	45.0	1.0101
10/25/2017 20:17:25	45.0	44.0	0.503778
10/25/2017 20:17:36	45.0	44.0	0.505051
10/25/2017 20:17:47	44.0	44.0	1.00503
10/25/2017 20:17:58	44.0	44.0	0.503778
10/25/2017 20:18:09	45.0	45.0	0.505051
10/25/2017 20:18:20	46.0	44.0	1.51134
10/25/2017 20:18:31	45.0	44.0	0.503778
10/25/2017 20:18:42	46.0	45.0	0.503778
10/25/2017 20:18:53	45.0	44.0	1.50754
10/25/2017 20:19:04	45.0	44.0	0.503778
10/25/2017 20:19:15	45.0	45.0	0.503778
10/25/2017 20:19:26	45.0	45.0	0.252525
10/25/2017 20:19:37	45.0	45.0	0.505051
10/25/2017 20:19:48	45.0	44.0	1.51515
10/25/2017 20:19:59	45.0	45.0	0.506329
10/25/2017 20:20:10	45.0	44.0	0.503778
10/25/2017 20:20:21	45.0	45.0	1.00756
10/25/2017 20:20:32	45.0	44.0	0.502513
10/25/2017 20:20:43	45.0	45.0	0.753769
10/25/2017 20:20:54	44.0	44.0	0.759494
10/25/2017 20:21:05	46.0	45.0	0.503778
10/25/2017 20:21:16	45.0	45.0	0
10/25/2017 20:21:27	45.0	45.0	1.00756
10/25/2017 20:21:38	45.0	44.0	0.252525
10/25/2017 20:21:49	45.0	45.0	2.77078
10/25/2017 20:22:00	45.0	45.0	1.26582
10/25/2017 20:22:11	45.0	45.0	0.503778
10/25/2017 20:22:22	46.0	46.0	1.0101
10/25/2017 20:22:33	46.0	45.0	0.755668
10/25/2017 20:22:44	45.0	45.0	0.753769
10/25/2017 20:22:55	45.0	45.0	0.507614
10/25/2017 20:23:06	46.0	44.0	0.503778
10/25/2017 20:23:17	45.0	45.0	0.503778
10/25/2017 20:23:28	45.0	45.0	0.759494
10/25/2017 20:23:39	45.0	44.0	0.251889
10/25/2017 20:23:51	45.0	45.0	1.77215
10/25/2017 20:24:02	46.0	44.0	0.505051
10/25/2017 20:24:13	45.0	45.0	0.755668
10/25/2017 20:24:24	45.0	45.0	0.252525
10/25/2017 20:24:35	46.0	45.0	1.00756
10/25/2017 20:24:46	45.0	44.0	0.253165
10/25/2017 20:24:57	45.0	44.0	1.00756
10/25/2017 20:25:08	45.0	45.0	0.253165
10/25/2017 20:25:19	45.0	45.0	0.252525
10/25/2017 20:25:30	45.0	45.0	1.50754
10/25/2017 20:25:41	46.0	45.0	0.252525
10/25/2017 20:25:52	45.0	44.0	2.51889
10/25/2017 20:26:03	45.0	44.0	1.0101
10/25/2017 20:26:14	45.0	45.0	0.252525
10/25/2017 20:26:25	45.0	45.0	0.505051
10/25/2017 20:26:36	45.0	45.0	1.00503
10/25/2017 20:26:47	45.0	45.0	0.753769
10/25/2017 20:26:58	45.0	45.0	0.502513
10/25/2017 20:27:09	45.0	44.0	1.26263
10/25/2017 20:27:20	45.0	44.0	0.503778
10/25/2017 20:27:31	46.0	45.0	0.503778
10/25/2017 20:27:42	45.0	45.0	0.503778
10/25/2017 20:27:53	46.0	45.0	0.502513
10/25/2017 20:28:04	45.0	44.0	1.25945
10/25/2017 20:28:15	46.0	45.0	0.502513
10/25/2017 20:28:26	45.0	44.0	0.505051
10/25/2017 20:28:37	45.0	45.0	0.757576
10/25/2017 20:28:48	45.0	45.0	0.503778
10/25/2017 20:28:59	45.0	44.0	0.503778
10/25/2017 20:29:10	46.0	45.0	0.759494
10/25/2017 20:29:21	46.0	45.0	0.502513
10/25/2017 20:29:32	46.0	45.0	0.503778
10/25/2017 20:29:43	46.0	46.0	0.757576
10/25/2017 20:29:54	45.0	45.0	0.503778
10/25/2017 20:30:05	46.0	45.0	0.252525
10/25/2017 20:30:16	45.0	45.0	0.753769
10/25/2017 20:30:28	45.0	45.0	0.503778
10/25/2017 20:30:39	46.0	45.0	1.25945
10/25/2017 20:30:50	46.0	45.0	0.251889
10/25/2017 20:31:01	46.0	45.0	0.505051
10/25/2017 20:31:12	45.0	45.0	0.759494
10/25/2017 20:31:23	45.0	45.0	0.253165
10/25/2017 20:31:34	46.0	45.0	0.505051
10/25/2017 20:31:45	46.0	45.0	0.757576
10/25/2017 20:31:56	45.0	44.0	0.505051
10/25/2017 20:32:07	45.0	45.0	0.503778
10/25/2017 20:32:18	45.0	45.0	0.759494
10/25/2017 20:32:29	46.0	45.0	0.252525
10/25/2017 20:32:40	46.0	45.0	0.753769
10/25/2017 20:32:51	46.0	45.0	0.503778
10/25/2017 20:33:02	46.0	45.0	0.503778
10/25/2017 20:33:13	46.0	45.0	0.757576
10/25/2017 20:33:24	45.0	45.0	0.755668
10/25/2017 20:33:35	45.0	45.0	0.251889
10/25/2017 20:33:46	46.0	45.0	1.01266
10/25/2017 20:33:57	45.0	45.0	0.251889
10/25/2017 20:34:08	45.0	45.0	0.253165
10/25/2017 20:34:19	46.0	45.0	1.00756
10/25/2017 20:34:30	46.0	45.0	0.252525
10/25/2017 20:34:41	46.0	45.0	0.252525
10/25/2017 20:34:52	46.0	45.0	1.01266
10/25/2017 20:35:03	46.0	45.0	0.503778
10/25/2017 20:35:14	46.0	45.0	0.755668
10/25/2017 20:35:25	45.0	45.0	0.759494
10/25/2017 20:35:36	45.0	45.0	0.503778
10/25/2017 20:35:47	46.0	46.0	1.25945
10/25/2017 20:35:58	45.0	46.0	0.252525
10/25/2017 20:36:09	45.0	46.0	0.505051
10/25/2017 20:36:20	46.0	46.0	0.505051
10/25/2017 20:36:31	46.0	45.0	0.505051
10/25/2017 20:36:42	45.0	45.0	0.502513
10/25/2017 20:36:53	46.0	46.0	1.26263
10/25/2017 20:37:04	46.0	45.0	0.251889
10/25/2017 20:37:15	46.0	46.0	0.503778
10/25/2017 20:37:27	45.0	46.0	0.759494
10/25/2017 20:37:38	45.0	45.0	0.755668
10/25/2017 20:37:49	46.0	46.0	0.505051
10/25/2017 20:38:00	46.0	45.0	1.26263
10/25/2017 20:38:11	45.0	45.0	0.503778
10/25/2017 20:38:22	46.0	45.0	1.25628
10/25/2017 20:38:33	45.0	45.0	0.252525
10/25/2017 20:38:44	46.0	45.0	0.502513
10/25/2017 20:38:55	45.0	45.0	1.25628
10/25/2017 20:39:06	46.0	46.0	0.252525
10/25/2017 20:39:17	45.0	46.0	0.502513
10/25/2017 20:39:28	46.0	45.0	1.76768
10/25/2017 20:39:39	46.0	45.0	0.252525
10/25/2017 20:39:50	46.0	45.0	0.503778
10/25/2017 20:40:01	46.0	46.0	0.755668
10/25/2017 20:40:12	46.0	46.0	0.755668
10/25/2017 20:40:23	46.0	46.0	0.503778
10/25/2017 20:40:34	46.0	45.0	1.00756
10/25/2017 20:40:45	46.0	45.0	0.505051
10/25/2017 20:40:56	47.0	46.0	1.00503
10/25/2017 20:41:07	45.0	45.0	0.503778
10/25/2017 20:41:18	45.0	45.0	0.252525
10/25/2017 20:41:29	45.0	45.0	2.79188
10/25/2017 20:41:40	46.0	45.0	0.251889
10/25/2017 20:41:51	46.0	46.0	0.503778
10/25/2017 20:42:02	45.0	46.0	1.25628
10/25/2017 20:42:13	46.0	46.0	0.753769
10/25/2017 20:42:24	45.0	45.0	0.252525
10/25/2017 20:42:35	46.0	46.0	1.00503
10/25/2017 20:42:46	45.0	45.0	0
10/25/2017 20:42:57	46.0	46.0	0.505051
10/25/2017 20:43:08	46.0	46.0	1.00756
10/25/2017 20:43:19	45.0	45.0	0.503778
10/25/2017 20:43:30	46.0	45.0	2.02532
10/25/2017 20:43:41	46.0	45.0	0.505051
10/25/2017 20:43:52	46.0	46.0	0.252525
10/25/2017 20:44:04	46.0	46.0	1.0101
10/25/2017 20:44:15	45.0	45.0	0.502513
10/25/2017 20:44:26	47.0	47.0	0.502513
10/25/2017 20:44:37	47.0	46.0	0.506329
10/25/2017 20:44:48	45.0	45.0	0.503778
10/25/2017 20:44:59	46.0	46.0	0
10/25/2017 20:45:10	46.0	45.0	1.25945
10/25/2017 20:45:21	47.0	46.0	0.503778
10/25/2017 20:45:32	46.0	45.0	0.252525
10/25/2017 20:45:43	46.0	46.0	1.0101
10/25/2017 20:45:54	46.0	45.0	0.502513
10/25/2017 20:46:05	46.0	45.0	1.00503
10/25/2017 20:46:16	46.0	46.0	0.503778
10/25/2017 20:46:27	46.0	45.0	0.503778
10/25/2017 20:46:38	46.0	45.0	1.00756
10/25/2017 20:46:49	46.0	46.0	0.503778
10/25/2017 20:47:00	46.0	45.0	0.252525
10/25/2017 20:47:11	45.0	45.0	1.0101
10/25/2017 20:47:22	46.0	46.0	0.503778
10/25/2017 20:47:33	46.0	45.0	0.755668
10/25/2017 20:47:44	46.0	45.0	0.761421
10/25/2017 20:47:55	45.0	45.0	0.505051
10/25/2017 20:48:06	46.0	45.0	0.252525
10/25/2017 20:48:17	46.0	45.0	1.00756
10/25/2017 20:48:28	46.0	46.0	0.503778
10/25/2017 20:48:39	46.0	45.0	0.503778
10/25/2017 20:48:50	47.0	47.0	0.503778
10/25/2017 20:49:01	46.0	45.0	0.251889
10/25/2017 20:49:12	46.0	45.0	0.759494
10/25/2017 20:49:23	46.0	45.0	0
10/25/2017 20:49:34	46.0	46.0	0.503778
10/25/2017 20:49:45	46.0	46.0	0.757576
10/25/2017 20:49:56	46.0	45.0	0.505051
10/25/2017 20:50:07	46.0	45.0	0.503778
10/25/2017 20:50:18	46.0	46.0	1.01266
10/25/2017 20:50:29	46.0	46.0	0.251889
10/25/2017 20:50:40	46.0	45.0	0.753769
10/25/2017 20:50:51	46.0	45.0	1.00503
10/25/2017 20:51:03	46.0	45.0	0.503778
10/25/2017 20:51:14	45.0	46.0	0.753769
10/25/2017 20:51:25	46.0	45.0	0.503778
10/25/2017 20:51:36	46.0	46.0	0.503778
10/25/2017 20:51:47	46.0	45.0	1.0101
10/25/2017 20:51:58	46.0	45.0	0.505051
10/25/2017 20:52:09	46.0	45.0	0.755668
10/25/2017 20:52:20	45.0	45.0	0.759494
10/25/2017 20:52:31	47.0	45.0	0.753769
10/25/2017 20:52:42	46.0	45.0	0.251889
10/25/2017 20:52:53	46.0	45.0	1.0101
10/25/2017 20:53:04	46.0	46.0	0.252525
10/25/2017 20:53:15	46.0	46.0	0.502513
10/25/2017 20:53:26	46.0	47.0	1.0101
10/25/2017 20:53:37	46.0	45.0	0.251889
10/25/2017 20:53:48	46.0	45.0	0.505051
10/25/2017 20:53:59	45.0	45.0	0.759494
10/25/2017 20:54:10	46.0	46.0	0.505051
10/25/2017 20:54:21	46.0	45.0	1.00756
10/25/2017 20:54:32	46.0	46.0	0.252525
10/25/2017 20:54:43	47.0	46.0	0.503778
10/25/2017 20:54:54	46.0	45.0	1.26904
10/25/2017 20:55:05	46.0	46.0	0.75188
10/25/2017 20:55:16	47.0	45.0	0.503778
10/25/2017 20:55:27	46.0	45.0	0.759494
10/25/2017 20:55:38	47.0	46.0	0.503778
10/25/2017 20:55:49	46.0	46.0	0.251889
10/25/2017 20:56:00	47.0	45.0	4.83461
10/25/2017 20:56:11	46.0	45.0	0.503778
10/25/2017 20:56:22	46.0	46.0	0.505051
10/25/2017 20:56:33	46.0	45.0	1.25945
10/25/2017 20:56:44	46.0	45.0	0.502513
10/25/2017 20:56:55	46.0	45.0	1.0101
10/25/2017 20:57:06	47.0	45.0	2.51889
10/25/2017 20:57:17	47.0	46.0	0.251889
10/25/2017 20:57:28	46.0	46.0	0.757576
10/25/2017 20:57:40	46.0	45.0	0.252525
10/25/2017 20:57:51	46.0	45.0	0.503778
10/25/2017 20:58:02	46.0	45.0	1.26263
10/25/2017 20:58:13	46.0	45.0	0.503778
10/25/2017 20:58:24	46.0	45.0	0.252525
10/25/2017 20:58:35	47.0	45.0	1.25945
10/25/2017 20:58:46	46.0	45.0	0.503778
10/25/2017 20:58:57	46.0	45.0	0.252525
10/25/2017 20:59:08	46.0	45.0	3.03797
10/25/2017 20:59:19	46.0	45.0	0.251889
10/25/2017 20:59:30	46.0	45.0	1.00756
10/25/2017 20:59:41	47.0	46.0	0.251889
10/25/2017 20:59:52	46.0	46.0	0.252525
10/25/2017 21:00:03	46.0	45.0	0.506329
10/25/2017 21:00:14	46.0	45.0	0.252525
10/25/2017 21:00:25	46.0	46.0	0.251889
10/25/2017 21:00:36	46.0	46.0	1.01266
10/25/2017 21:00:47	46.0	46.0	0.502513
10/25/2017 21:00:58	46.0	45.0	0.505051
10/25/2017 21:01:09	46.0	46.0	2.77778
10/25/2017 21:01:20	46.0	46.0	0.503778
10/25/2017 21:01:31	47.0	46.0	0.252525
10/25/2017 21:01:42	46.0	46.0	1.25945
10/25/2017 21:01:53	46.0	45.0	0
10/25/2017 21:02:04	46.0	46.0	1.00756
10/25/2017 21:02:15	46.0	46.0	0.253165
10/25/2017 21:02:26	46.0	46.0	0.503778
10/25/2017 21:02:37	47.0	46.0	0.755668
10/25/2017 21:02:48	47.0	45.0	0.503778
10/25/2017 21:02:59	46.0	45.0	0.503778
10/25/2017 21:03:10	47.0	46.0	3.03797
10/25/2017 21:03:21	46.0	46.0	0.753769
10/25/2017 21:03:32	46.0	46.0	0.251889
10/25/2017 21:03:43	47.0	46.0	1.0101
10/25/2017 21:03:54	46.0	45.0	0.503778
10/25/2017 21:04:05	48.0	46.0	0.503778
10/25/2017 21:04:16	47.0	46.0	0.759494
10/25/2017 21:04:28	46.0	45.0	0.753769
10/25/2017 21:04:39	46.0	45.0	0.252525
10/25/2017 21:04:50	46.0	46.0	0.503778
10/25/2017 21:05:01	46.0	46.0	0.502513
10/25/2017 21:05:12	46.0	46.0	1.0101
10/25/2017 21:05:23	46.0	45.0	0.505051
10/25/2017 21:05:34	47.0	46.0	0.252525
10/25/2017 21:05:45	46.0	45.0	1.25628
10/25/2017 21:05:56	47.0	46.0	0.252525
10/25/2017 21:06:07	46.0	46.0	0.503778
10/25/2017 21:06:18	47.0	46.0	0.506329
10/25/2017 21:06:29	48.0	46.0	0.505051
10/25/2017 21:06:40	46.0	45.0	0.252525
10/25/2017 21:06:51	46.0	46.0	1.01266
10/25/2017 21:07:02	46.0	46.0	0.502513
10/25/2017 21:07:13	46.0	45.0	0.753769
10/25/2017 21:07:24	46.0	45.0	0.503778
10/25/2017 21:07:35	46.0	45.0	0.755668
10/25/2017 21:07:46	46.0	46.0	1.01266
10/25/2017 21:07:57	46.0	46.0	0.503778
10/25/2017 21:08:08	46.0	46.0	0.503778
10/25/2017 21:08:19	47.0	46.0	1.0101
10/25/2017 21:08:30	46.0	46.0	0.252525
10/25/2017 21:08:41	46.0	45.0	0.503778
10/25/2017 21:08:52	46.0	46.0	1.00756
10/25/2017 21:09:03	47.0	46.0	0.503778
10/25/2017 21:09:14	46.0	45.0	0.251889
10/25/2017 21:09:25	46.0	46.0	1.25628
10/25/2017 21:09:36	46.0	46.0	0.502513
10/25/2017 21:09:47	46.0	45.0	0.505051
10/25/2017 21:09:58	46.0	46.0	0.251889
10/25/2017 21:10:09	46.0	46.0	0.502513
10/25/2017 21:10:20	46.0	46.0	1.00503
10/25/2017 21:10:31	46.0	45.0	0.505051
10/25/2017 21:10:42	46.0	46.0	0.252525
10/25/2017 21:10:54	46.0	45.0	0.755668
10/25/2017 21:11:05	46.0	45.0	0.252525
10/25/2017 21:11:16	47.0	45.0	0.503778
10/25/2017 21:11:27	46.0	45.0	0.755668
10/25/2017 21:11:38	47.0	46.0	0.251889
10/25/2017 21:11:49	46.0	46.0	0.252525
10/25/2017 21:12:00	46.0	46.0	1.26904
10/25/2017 21:12:11	46.0	45.0	0.755668
10/25/2017 21:12:22	46.0	47.0	0.252525
10/25/2017 21:12:33	46.0	46.0	0.761421
10/25/2017 21:12:44	46.0	46.0	0.503778
10/25/2017 21:12:55	46.0	46.0	0.757576
10/25/2017 21:13:06	46.0	46.0	0.252525
10/25/2017 21:13:17	46.0	46.0	0.753769
10/25/2017 21:13:28	46.0	45.0	0.757576
10/25/2017 21:13:39	46.0	46.0	0.502513
10/25/2017 21:13:50	46.0	45.0	0.502513
10/25/2017 21:14:01	46.0	45.0	1.00756
10/25/2017 21:14:12	46.0	45.0	0
10/25/2017 21:14:23	46.0	47.0	0.502513
10/25/2017 21:14:34	47.0	47.0	0.506329
10/25/2017 21:14:45	46.0	46.0	0.503778
10/25/2017 21:14:56	46.0	46.0	0.252525
10/25/2017 21:15:07	46.0	46.0	1.26263
10/25/2017 21:15:18	46.0	46.0	0.252525
10/25/2017 21:15:29	46.0	46.0	1.0101
10/25/2017 21:15:40	46.0	46.0	0.503778
10/25/2017 21:15:51	46.0	46.0	0.251889
10/25/2017 21:16:02	47.0	46.0	1.00756
10/25/2017 21:16:13	47.0	46.0	0.251889
10/25/2017 21:16:24	46.0	45.0	0.753769
10/25/2017 21:16:35	46.0	45.0	1.00756
10/25/2017 21:16:46	46.0	46.0	1.26263
10/25/2017 21:16:57	46.0	45.0	0.503778
10/25/2017 21:17:08	46.0	45.0	1.01266
10/25/2017 21:17:19	46.0	46.0	0.503778
10/25/2017 21:17:30	46.0	46.0	0.505051
10/25/2017 21:17:42	46.0	45.0	1.00756
10/25/2017 21:17:53	46.0	45.0	0.753769
10/25/2017 21:18:04	46.0	45.0	0.755668
10/25/2017 21:18:15	46.0	46.0	0.503778
10/25/2017 21:18:26	47.0	46.0	0.503778
10/25/2017 21:18:37	46.0	47.0	1.25628
10/25/2017 21:18:48	47.0	45.0	2.27848
10/25/2017 21:18:59	46.0	45.0	0.505051
10/25/2017 21:19:10	46.0	47.0	1.25313
10/25/2017 21:19:21	46.0	46.0	0.505051
10/25/2017 21:19:32	46.0	47.0	0.505051
10/25/2017 21:19:43	46.0	46.0	0.759494
10/25/2017 21:19:54	46.0	47.0	0.505051
10/25/2017 21:20:05	48.0	46.0	0.503778
10/25/2017 21:20:16	46.0	46.0	1.0101
10/25/2017 21:20:27	46.0	45.0	0.252525
10/25/2017 21:20:38	46.0	46.0	0.505051
10/25/2017 21:20:49	46.0	46.0	1.76768
10/25/2017 21:21:00	46.0	46.0	0.755668
10/25/2017 21:21:11	46.0	46.0	0.759494
10/25/2017 21:21:22	46.0	46.0	0.253165
10/25/2017 21:21:33	47.0	46.0	0.251889
10/25/2017 21:21:44	46.0	46.0	1.26263
10/25/2017 21:21:55	46.0	45.0	0.251889
10/25/2017 21:22:06	46.0	46.0	0.503778
10/25/2017 21:22:17	47.0	47.0	0.757576
10/25/2017 21:22:28	46.0	45.0	0.252525
10/25/2017 21:22:39	46.0	46.0	0.252525
10/25/2017 21:22:50	46.0	45.0	1.26263
10/25/2017 21:23:01	46.0	45.0	0
10/25/2017 21:23:12	46.0	46.0	0.753769
10/25/2017 21:23:23	46.0	46.0	0
10/25/2017 21:23:34	46.0	45.0	0.503778
10/25/2017 21:23:45	47.0	45.0	0.755668
10/25/2017 21:23:56	46.0	46.0	0.505051
10/25/2017 21:24:07	47.0	45.0	0.252525
10/25/2017 21:24:18	47.0	46.0	1.25945
10/25/2017 21:24:30	47.0	46.0	0.753769
10/25/2017 21:24:41	46.0	45.0	0.503778
10/25/2017 21:24:52	46.0	46.0	1.25945
10/25/2017 21:25:03	46.0	46.0	0.252525
10/25/2017 21:25:14	47.0	46.0	0.753769
10/25/2017 21:25:25	47.0	46.0	1.00756
10/25/2017 21:25:36	46.0	46.0	0.753769
10/25/2017 21:25:47	47.0	46.0	0.503778
10/25/2017 21:25:58	46.0	47.0	0.755668
10/25/2017 21:26:09	46.0	46.0	0.252525
10/25/2017 21:26:20	46.0	46.0	1.0101
10/25/2017 21:26:31	46.0	45.0	0.502513
10/25/2017 21:26:42	46.0	46.0	0.503778
10/25/2017 21:26:53	46.0	45.0	1.00756
10/25/2017 21:27:04	48.0	46.0	0.503778
10/25/2017 21:27:15	46.0	46.0	0.503778
10/25/2017 21:27:26	46.0	46.0	1.76322
10/25/2017 21:27:37	47.0	46.0	0.251889
10/25/2017 21:27:48	46.0	46.0	0.753769
10/25/2017 21:27:59	46.0	46.0	1.00756
10/25/2017 21:28:10	46.0	46.0	0.753769
10/25/2017 21:28:21	47.0	47.0	0.505051
10/25/2017 21:28:32	46.0	46.0	0.505051
10/25/2017 21:28:43	48.0	46.0	0.503778
10/25/2017 21:28:54	46.0	45.0	1.00756
10/25/2017 21:29:05	46.0	46.0	0.502513
10/25/2017 21:29:16	47.0	46.0	0.252525
10/25/2017 21:29:27	47.0	46.0	1.00756
10/25/2017 21:29:38	46.0	46.0	0.502513
10/25/2017 21:29:49	47.0	47.0	0.505051
10/25/2017 21:30:00	46.0	46.0	1.25945
10/25/2017 21:30:11	47.0	47.0	0.503778
10/25/2017 21:30:22	46.0	46.0	0.502513
10/25/2017 21:30:33	46.0	46.0	0.506329
10/25/2017 21:30:44	46.0	46.0	0.753769
10/25/2017 21:30:55	46.0	46.0	0.75188
10/25/2017 21:31:06	46.0	46.0	0.251889
10/25/2017 21:31:18	47.0	46.0	0.503778
10/25/2017 21:31:29	46.0	46.0	1.00756
10/25/2017 21:31:40	48.0	47.0	0.503778
10/25/2017 21:31:51	46.0	46.0	0.251889
10/25/2017 21:32:02	46.0	46.0	1.0101
10/25/2017 21:32:13	46.0	46.0	0.252525
10/25/2017 21:32:24	46.0	45.0	0.503778
10/25/2017 21:32:35	47.0	46.0	1.25945
10/25/2017 21:32:46	46.0	46.0	0.503778
10/25/2017 21:32:57	46.0	46.0	0.505051
10/25/2017 21:33:08	46.0	46.0	0.755668
10/25/2017 21:33:19	47.0	46.0	0.505051
10/25/2017 21:33:30	47.0	47.0	0.251889
10/25/2017 21:33:41	47.0	46.0	1.00756
10/25/2017 21:33:52	48.0	47.0	0.502513
10/25/2017 21:34:03	46.0	47.0	0.505051
10/25/2017 21:34:14	48.0	46.0	0.503778
10/25/2017 21:34:25	46.0	45.0	2.03046
10/25/2017 21:34:36	46.0	46.0	0.505051
10/25/2017 21:34:47	46.0	45.0	0.755668
10/25/2017 21:34:58	46.0	46.0	0.502513
10/25/2017 21:35:09	46.0	46.0	1.0101
10/25/2017 21:35:20	46.0	46.0	0.251889
10/25/2017 21:35:31	47.0	45.0	0.503778
10/25/2017 21:35:42	46.0	46.0	0.759494
10/25/2017 21:35:53	46.0	46.0	0.503778
10/25/2017 21:36:04	46.0	46.0	0.251889
10/25/2017 21:36:15	46.0	45.0	1.25628
10/25/2017 21:36:26	46.0	45.0	2.0202
10/25/2017 21:36:37	47.0	46.0	1.25945
10/25/2017 21:36:48	46.0	46.0	0.503778
10/25/2017 21:36:59	47.0	46.0	0.251889
10/25/2017 21:37:10	47.0	46.0	1.51134
10/25/2017 21:37:21	46.0	46.0	0.251889
10/25/2017 21:37:32	46.0	46.0	0.505051
10/25/2017 21:37:43	46.0	45.0	1.0101
10/25/2017 21:37:55	46.0	46.0	0.503778
10/25/2017 21:38:06	46.0	46.0	0.503778
10/25/2017 21:38:17	46.0	46.0	1.0101
10/25/2017 21:38:28	47.0	47.0	2.76382
10/25/2017 21:38:39	46.0	46.0	0.503778
10/25/2017 21:38:50	46.0	47.0	0.757576
10/25/2017 21:39:01	46.0	46.0	0.252525
10/25/2017 21:39:12	46.0	46.0	0.759494
10/25/2017 21:39:23	47.0	46.0	0.75188
10/25/2017 21:39:34	46.0	46.0	0.502513
10/25/2017 21:39:45	46.0	46.0	1.25945
10/25/2017 21:39:56	46.0	45.0	0.502513
10/25/2017 21:40:07	46.0	45.0	0.503778
10/25/2017 21:40:18	46.0	45.0	1.0101
10/25/2017 21:40:29	46.0	47.0	1.00756
10/25/2017 21:40:40	46.0	46.0	0.502513
10/25/2017 21:40:51	47.0	46.0	0.759494
10/25/2017 21:41:02	47.0	46.0	0.502513
10/25/2017 21:41:13	46.0	46.0	0.502513
10/25/2017 21:41:24	46.0	46.0	1.25945
10/25/2017 21:41:35	46.0	46.0	0.251889
10/25/2017 21:41:46	46.0	46.0	0.759494
10/25/2017 21:41:57	46.0	46.0	0.502513
10/25/2017 21:42:08	47.0	46.0	0.253165
10/25/2017 21:42:19	46.0	46.0	1.25945
10/25/2017 21:42:30	46.0	47.0	0.503778
10/25/2017 21:42:41	46.0	46.0	0.251889
10/25/2017 21:42:52	46.0	46.0	1.25628
10/25/2017 21:43:03	46.0	46.0	0.251889
10/25/2017 21:43:14	47.0	47.0	0.753769
10/25/2017 21:43:25	45.0	46.0	0.757576
10/25/2017 21:43:36	47.0	47.0	0.503778
10/25/2017 21:43:47	46.0	46.0	0.251889
10/25/2017 21:43:58	46.0	47.0	1.25628
10/25/2017 21:44:09	46.0	46.0	0.503778
10/25/2017 21:44:20	46.0	46.0	0.503778
10/25/2017 21:44:32	46.0	46.0	0.252525
10/25/2017 21:44:43	46.0	46.0	0.503778
10/25/2017 21:44:54	47.0	46.0	1.00756
10/25/2017 21:45:05	46.0	47.0	0.75188
10/25/2017 21:45:16	46.0	46.0	0
10/25/2017 21:45:27	47.0	47.0	1.0101
10/25/2017 21:45:38	46.0	47.0	0.503778
10/25/2017 21:45:49	46.0	47.0	0
10/25/2017 21:46:00	46.0	46.0	4.82234
10/25/2017 21:46:11	46.0	47.0	0.503778
10/25/2017 21:46:22	46.0	46.0	0.252525
10/25/2017 21:46:33	46.0	46.0	0.757576
10/25/2017 21:46:44	46.0	46.0	0.503778
10/25/2017 21:46:55	47.0	46.0	0.755668
10/25/2017 21:47:06	46.0	47.0	1.00503
10/25/2017 21:47:17	46.0	46.0	0.502513
10/25/2017 21:47:28	47.0	46.0	1.0101
10/25/2017 21:47:39	46.0	46.0	0.503778
10/25/2017 21:47:50	47.0	47.0	0.503778
10/25/2017 21:48:01	46.0	46.0	0.759494
10/25/2017 21:48:12	47.0	47.0	0.502513
10/25/2017 21:48:23	46.0	46.0	0
10/25/2017 21:48:34	46.0	46.0	0.757576
10/25/2017 21:48:45	46.0	45.0	0.503778
10/25/2017 21:48:56	47.0	47.0	0.503778
10/25/2017 21:49:07	46.0	47.0	1.0101
10/25/2017 21:49:18	46.0	46.0	0.503778
10/25/2017 21:49:29	47.0	46.0	0.503778
10/25/2017 21:49:40	47.0	47.0	0.503778
10/25/2017 21:49:51	46.0	46.0	0.251889
10/25/2017 21:50:02	46.0	46.0	0.505051
10/25/2017 21:50:13	46.0	47.0	0.503778
10/25/2017 21:50:24	46.0	46.0	0
10/25/2017 21:50:35	47.0	47.0	1.00756
10/25/2017 21:50:46	47.0	47.0	0.503778
10/25/2017 21:50:57	46.0	47.0	0.755668
10/25/2017 21:51:08	46.0	47.0	1.00503
10/25/2017 21:51:20	47.0	47.0	0.252525
10/25/2017 21:51:31	46.0	46.0	0.503778
10/25/2017 21:51:42	46.0	46.0	0.759494
10/25/2017 21:51:53	46.0	47.0	0.252525
10/25/2017 21:52:04	46.0	46.0	0.503778
10/25/2017 21:52:15	46.0	47.0	1.00503
10/25/2017 21:52:26	46.0	46.0	0.253165
10/25/2017 21:52:37	46.0	46.0	1.00503
10/25/2017 21:52:48	46.0	46.0	0.755668
10/25/2017 21:52:59	46.0	46.0	1.77665
10/25/2017 21:53:10	46.0	46.0	1.25945
10/25/2017 21:53:21	47.0	47.0	0.502513
10/25/2017 21:53:32	46.0	47.0	0.252525
10/25/2017 21:53:43	46.0	46.0	7.71208
10/25/2017 21:53:54	46.0	46.0	69.697
10/25/2017 21:54:06	49.0	48.0	5.5409
10/25/2017 21:54:17	49.0	48.0	0.253165
10/25/2017 21:54:28	48.0	48.0	3.82653
10/25/2017 21:54:39	49.0	49.0	3.5533
10/25/2017 21:54:50	48.0	48.0	1.78571
10/25/2017 21:55:01	48.0	47.0	2.28426
10/25/2017 21:55:12	48.0	48.0	0.759494
10/25/2017 21:55:23	49.0	48.0	3.98671
10/25/2017 21:55:34	47.0	47.0	3
10/25/2017 21:55:45	48.0	47.0	3.33333
10/25/2017 21:55:56	47.0	47.0	3.34448
10/25/2017 21:56:07	48.0	47.0	4.31894
10/25/2017 21:56:18	47.0	47.0	2.00669
10/25/2017 21:56:29	48.0	47.0	1.00756
10/25/2017 21:56:40	47.0	47.0	9.62099
10/25/2017 21:56:52	47.0	47.0	2.03046
10/25/2017 21:57:03	47.0	46.0	26.7568
10/25/2017 21:57:14	53.0	49.0	15.1613
10/25/2017 21:57:25	48.0	48.0	13.0548
10/25/2017 21:57:36	50.0	48.0	18.5864
10/25/2017 21:57:47	51.0	51.0	20.3166
10/25/2017 21:57:58	51.0	51.0	14.3979
10/25/2017 21:58:09	52.0	51.0	16.4384
10/25/2017 21:58:20	52.0	52.0	20
10/25/2017 21:58:31	59.0	54.0	2.03562
10/25/2017 21:58:42	53.0	51.0	3.04569
10/25/2017 21:58:53	52.0	52.0	3.91645
10/25/2017 21:59:05	52.0	51.0	80.7692
10/25/2017 21:59:16	52.0	52.0	14.6199
10/25/2017 21:59:28	50.0	50.0	13.9108
10/25/2017 21:59:39	49.0	48.0	13.1926
10/25/2017 21:59:50	47.0	47.0	12.8272
10/25/2017 22:00:01	48.0	48.0	13.4921
10/25/2017 22:00:12	49.0	48.0	13.1579
10/25/2017 22:00:23	50.0	50.0	11.811
10/25/2017 22:00:34	51.0	51.0	13.1579
10/25/2017 22:00:45	52.0	51.0	11.3158
10/25/2017 22:00:56	52.0	53.0	11.2861
10/25/2017 22:01:07	53.0	52.0	12.0419
10/25/2017 22:01:18	54.0	53.0	20.1087
10/25/2017 22:01:29	57.0	56.0	17.9688
10/25/2017 22:01:40	55.0	55.0	16.2304
10/25/2017 22:01:51	57.0	56.0	15.9269
10/25/2017 22:02:02	55.0	55.0	17.7083
10/25/2017 22:02:13	53.0	53.0	14.5455
10/25/2017 22:02:24	51.0	51.0	13.6483
10/25/2017 22:02:35	50.0	49.0	13.2275
10/25/2017 22:02:46	48.0	48.0	13.6126
10/25/2017 22:02:57	48.0	47.0	13.1579
10/25/2017 22:03:08	48.0	47.0	13.2979
10/25/2017 22:03:19	48.0	47.0	16.3978
10/25/2017 22:03:30	51.0	50.0	5.7377
10/25/2017 22:03:41	52.0	51.0	2.0202
10/25/2017 22:03:52	50.0	50.0	46.2725
10/25/2017 22:04:04	56.0	57.0	12.4654
10/25/2017 22:04:15	50.0	50.0	11.811
10/25/2017 22:04:26	49.0	48.0	13.1579
10/25/2017 22:04:37	48.0	47.0	19.8052
10/25/2017 22:04:48	48.0	48.0	18.6275
10/25/2017 22:04:59	48.0	47.0	17.5532
10/25/2017 22:05:10	49.0	48.0	19.2612
10/25/2017 22:05:21	51.0	51.0	22.7666
10/25/2017 22:05:33	51.0	51.0	13.4921
10/25/2017 22:05:44	52.0	53.0	15.9686
10/25/2017 22:05:55	54.0	54.0	17.801
10/25/2017 22:06:06	55.0	54.0	17.3228
10/25/2017 22:06:17	56.0	56.0	16.8865
10/25/2017 22:06:28	56.0	56.0	20.1117
10/25/2017 22:06:39	53.0	53.0	14.5503
10/25/2017 22:06:50	51.0	52.0	14.0957
10/25/2017 22:07:01	50.0	51.0	16.8449
10/25/2017 22:07:12	50.0	50.0	14.0212
10/25/2017 22:07:23	49.0	48.0	18.5915
10/25/2017 22:07:34	49.0	48.0	15.4856
10/25/2017 22:07:45	48.0	47.0	16.3158
10/25/2017 22:07:56	49.0	48.0	15.1596
10/25/2017 22:08:07	47.0	47.0	16.3588
10/25/2017 22:08:18	48.0	48.0	14.8148
10/25/2017 22:08:29	48.0	47.0	15.5263
10/25/2017 22:08:40	49.0	48.0	13.1234
10/25/2017 22:08:51	50.0	49.0	12.3684
10/25/2017 22:09:02	51.0	51.0	12.8947
10/25/2017 22:09:13	52.0	53.0	13.089
10/25/2017 22:09:24	53.0	53.0	13.4565
10/25/2017 22:09:35	54.0	54.0	12.3684
10/25/2017 22:09:46	55.0	55.0	12.9288
10/25/2017 22:09:57	56.0	55.0	12.4668
10/25/2017 22:10:08	57.0	56.0	13.3508
10/25/2017 22:10:19	55.0	54.0	12.4011
10/25/2017 22:10:30	53.0	52.0	13.6483
10/25/2017 22:10:42	51.0	51.0	12.3684
10/25/2017 22:10:53	50.0	50.0	14.5503
10/25/2017 22:11:04	50.0	49.0	15.4667
10/25/2017 22:11:15	49.0	48.0	17.0088
10/25/2017 22:11:26	48.0	48.0	22.8205
10/25/2017 22:11:37	54.0	49.0	3.05344
10/25/2017 22:11:48	49.0	48.0	1.99336
10/25/2017 22:11:59	49.0	49.0	2.03562
10/25/2017 22:12:10	50.0	49.0	37.1658
10/25/2017 22:12:21	52.0	54.0	13.7566
10/25/2017 22:12:32	53.0	53.0	12.8342
10/25/2017 22:12:43	54.0	53.0	14.248
10/25/2017 22:12:54	56.0	54.0	15.1596
10/25/2017 22:13:06	55.0	55.0	12.5
10/25/2017 22:13:17	54.0	53.0	16.8865
10/25/2017 22:13:28	52.0	52.0	12.5984
10/25/2017 22:13:39	51.0	51.0	15.748
10/25/2017 22:13:51	50.0	50.0	29.096
10/25/2017 22:14:02	50.0	49.0	12.9973
10/25/2017 22:14:13	49.0	49.0	12.6649
10/25/2017 22:14:24	49.0	48.0	15.9686
10/25/2017 22:14:35	49.0	48.0	14.8541
10/25/2017 22:14:46	48.0	48.0	15.1042
10/25/2017 22:14:57	48.0	47.0	14.248
10/25/2017 22:15:08	47.0	47.0	15.0794
10/25/2017 22:15:19	49.0	48.0	12.7604
10/25/2017 22:15:30	50.0	50.0	13.1579
10/25/2017 22:15:41	51.0	51.0	13.9108
10/25/2017 22:15:52	52.0	53.0	12.8609
10/25/2017 22:16:03	53.0	53.0	11.6711
10/25/2017 22:16:14	55.0	54.0	12.3684
10/25/2017 22:16:25	56.0	55.0	12.5654
10/25/2017 22:16:36	56.0	57.0	13.1579
10/25/2017 22:16:47	54.0	55.0	12.1372
10/25/2017 22:16:58	52.0	53.0	14.4737
10/25/2017 22:17:09	51.0	51.0	13.4211
10/25/2017 22:17:20	50.0	50.0	14.0584
10/25/2017 22:17:32	50.0	49.0	14.7368
10/25/2017 22:17:43	49.0	48.0	15.0396
10/25/2017 22:17:54	49.0	48.0	14.5503
10/25/2017 22:18:05	48.0	48.0	12.7937
10/25/2017 22:18:16	48.0	47.0	12.8947
10/25/2017 22:18:27	47.0	47.0	13.7566
10/25/2017 22:18:38	48.0	48.0	14.1732
10/25/2017 22:18:49	50.0	50.0	12.4011
10/25/2017 22:19:00	51.0	51.0	12.6316
10/25/2017 22:19:11	53.0	52.0	12.3684
10/25/2017 22:19:22	54.0	54.0	13.0548
10/25/2017 22:19:33	55.0	55.0	12.5
10/25/2017 22:19:44	55.0	55.0	12.8272
10/25/2017 22:19:55	57.0	56.0	11.6095
10/25/2017 22:20:06	55.0	54.0	12.7937
10/25/2017 22:20:17	53.0	53.0	13.089
10/25/2017 22:20:28	51.0	51.0	13.9474
10/25/2017 22:20:39	50.0	51.0	13.4921
10/25/2017 22:20:50	50.0	50.0	15.445
10/25/2017 22:21:01	49.0	49.0	13.3159
10/25/2017 22:21:12	49.0	48.0	14.4357
10/25/2017 22:21:23	49.0	48.0	15.2231
10/25/2017 22:21:34	48.0	48.0	13.9842
10/25/2017 22:21:45	48.0	47.0	15.2632
10/25/2017 22:21:56	48.0	47.0	14.5119
10/25/2017 22:22:07	47.0	47.0	13.0208
10/25/2017 22:22:18	47.0	47.0	14.3236
10/25/2017 22:22:29	47.0	47.0	14.6982
10/25/2017 22:22:41	49.0	49.0	14.026
10/25/2017 22:22:52	51.0	51.0	13.1579
10/25/2017 22:23:03	52.0	52.0	12.5984
10/25/2017 22:23:14	53.0	53.0	12.5326
10/25/2017 22:23:25	55.0	54.0	13.3858
10/25/2017 22:23:36	55.0	55.0	11.5789
10/25/2017 22:23:47	57.0	56.0	12.987
10/25/2017 22:23:58	55.0	54.0	13.577
10/25/2017 22:24:09	52.0	52.0	13.0548
10/25/2017 22:24:20	51.0	51.0	14.9606
10/25/2017 22:24:31	50.0	50.0	14.3603
10/25/2017 22:24:42	50.0	49.0	13.9108
10/25/2017 22:24:53	50.0	48.0	16.188
10/25/2017 22:25:04	48.0	48.0	15.4856
10/25/2017 22:25:15	49.0	48.0	13.3858
10/25/2017 22:25:26	48.0	47.0	16.5789
10/25/2017 22:25:37	48.0	48.0	15.5263
10/25/2017 22:25:48	48.0	47.0	15.2632
10/25/2017 22:25:59	48.0	47.0	17.0604
10/25/2017 22:26:10	49.0	48.0	14.1361
10/25/2017 22:26:21	50.0	50.0	15.9686
10/25/2017 22:26:32	51.0	51.0	14.248
10/25/2017 22:26:43	53.0	52.0	13.577
10/25/2017 22:26:54	54.0	54.0	13.6842
10/25/2017 22:27:05	55.0	54.0	13.9108
10/25/2017 22:27:16	57.0	55.0	13.7203
10/25/2017 22:27:27	56.0	56.0	14.2105
10/25/2017 22:27:38	54.0	55.0	14.1732
10/25/2017 22:27:49	52.0	53.0	15.748
10/25/2017 22:28:01	51.0	51.0	15.1436
10/25/2017 22:28:12	50.0	50.0	15.748
10/25/2017 22:28:23	50.0	49.0	17.0157
10/25/2017 22:28:34	49.0	49.0	16.3588
10/25/2017 22:28:45	49.0	48.0	14.3979
10/25/2017 22:28:56	48.0	48.0	15.3439
10/25/2017 22:29:07	48.0	48.0	14.8825
10/25/2017 22:29:18	48.0	47.0	13.6842
10/25/2017 22:29:29	48.0	47.0	13.6483
10/25/2017 22:29:40	49.0	49.0	16.8865
10/25/2017 22:29:51	50.0	50.0	13.8743
10/25/2017 22:30:02	51.0	52.0	13.9108
10/25/2017 22:30:13	53.0	53.0	13.6126
10/25/2017 22:30:24	54.0	54.0	14.1361
10/25/2017 22:30:35	55.0	55.0	13.9474
10/25/2017 22:30:46	56.0	55.0	14.9606
10/25/2017 22:30:57	55.0	54.0	14.3603
10/25/2017 22:31:08	52.0	52.0	14.4357
10/25/2017 22:31:19	51.0	51.0	14.2105
10/25/2017 22:31:30	50.0	50.0	14.2105
10/25/2017 22:31:41	50.0	49.0	13.9108
10/25/2017 22:31:52	49.0	48.0	16.3158
10/25/2017 22:32:03	48.0	48.0	15.748
10/25/2017 22:32:14	48.0	47.0	16.8865
10/25/2017 22:32:25	48.0	47.0	14.3229
10/25/2017 22:32:36	48.0	47.0	13.6483
10/25/2017 22:32:47	50.0	49.0	15.5844
10/25/2017 22:32:58	51.0	51.0	14.3979
10/25/2017 22:33:10	52.0	53.0	14.9606
10/25/2017 22:33:21	53.0	52.0	13.6842
10/25/2017 22:33:32	54.0	54.0	13.7203
10/25/2017 22:33:43	55.0	55.0	14.1732
10/25/2017 22:33:54	56.0	56.0	13.9108
10/25/2017 22:34:05	56.0	56.0	14.3979
10/25/2017 22:34:16	54.0	53.0	14.6597
10/25/2017 22:34:27	51.0	51.0	15.6499
10/25/2017 22:34:38	51.0	50.0	14.0992
10/25/2017 22:34:49	50.0	49.0	15.1042
10/25/2017 22:35:00	49.0	48.0	15.6915
10/25/2017 22:35:11	49.0	48.0	15.2632
10/25/2017 22:35:22	48.0	48.0	16.7979
10/25/2017 22:35:33	48.0	48.0	15.3846
10/25/2017 22:35:44	47.0	47.0	14.5833
10/25/2017 22:35:55	48.0	47.0	13.8743
10/25/2017 22:36:06	50.0	50.0	14.3603
10/25/2017 22:36:17	51.0	51.0	15.748
10/25/2017 22:36:28	52.0	52.0	14.0625
10/25/2017 22:36:39	54.0	53.0	14.0992
10/25/2017 22:36:50	54.0	54.0	14.8438
10/25/2017 22:37:01	56.0	55.0	13.6842
10/25/2017 22:37:12	56.0	56.0	13.8743
10/25/2017 22:37:23	54.0	55.0	14.9215
10/25/2017 22:37:34	52.0	53.0	13.4565
10/25/2017 22:37:45	51.0	51.0	15.8442
10/25/2017 22:37:56	50.0	50.0	17.1504
10/25/2017 22:38:07	51.0	50.0	16.5354
10/25/2017 22:38:18	49.0	49.0	12.9534
10/25/2017 22:38:30	48.0	48.0	14.0992
10/25/2017 22:38:41	48.0	47.0	14.3603
10/25/2017 22:38:52	48.0	47.0	17.4935
10/25/2017 22:39:03	47.0	47.0	13.9474
10/25/2017 22:39:14	48.0	47.0	15.9686
10/25/2017 22:39:25	49.0	48.0	16.1458
10/25/2017 22:39:36	50.0	50.0	16.3158
10/25/2017 22:39:47	52.0	51.0	14.4357
10/25/2017 22:39:58	52.0	53.0	15.4047
10/25/2017 22:40:09	54.0	53.0	14.5833
10/25/2017 22:40:20	55.0	54.0	13.6483
10/25/2017 22:40:31	56.0	54.0	15.1042
10/25/2017 22:40:42	56.0	56.0	14.2487
10/25/2017 22:40:53	57.0	56.0	14.3979
10/25/2017 22:41:04	54.0	54.0	14.6214
10/25/2017 22:41:15	52.0	52.0	13.4211
10/25/2017 22:41:26	51.0	51.0	16.0105
10/25/2017 22:41:37	50.0	50.0	16.273
10/25/2017 22:41:48	50.0	49.0	15.9686
10/25/2017 22:41:59	48.0	49.0	16.7979
10/25/2017 22:42:10	49.0	48.0	14.6982
10/25/2017 22:42:21	48.0	48.0	14.0625
10/25/2017 22:42:32	48.0	47.0	16.7979
10/25/2017 22:42:43	47.0	46.0	15.5263
10/25/2017 22:42:54	48.0	48.0	15.445
10/25/2017 22:43:05	50.0	50.0	14.6214
10/25/2017 22:43:16	52.0	51.0	17.0543
10/25/2017 22:43:27	54.0	53.0	16.1039
10/25/2017 22:43:38	55.0	54.0	18.2768
10/25/2017 22:43:49	55.0	55.0	17.8756
10/25/2017 22:44:01	57.0	56.0	15.8442
10/25/2017 22:44:12	56.0	54.0	17.1875
10/25/2017 22:44:23	54.0	53.0	16.8831
10/25/2017 22:44:34	53.0	52.0	15.9794
10/25/2017 22:44:45	51.0	51.0	16.5803
10/25/2017 22:44:56	50.0	50.0	18.9119
10/25/2017 22:45:07	49.0	50.0	15.8442
10/25/2017 22:45:18	50.0	50.0	16.9713
10/25/2017 22:45:29	49.0	49.0	20.4188
10/25/2017 22:45:40	49.0	48.0	16.3212
10/25/2017 22:45:51	49.0	48.0	19.5822
10/25/2017 22:46:02	48.0	48.0	18.3938
10/25/2017 22:46:13	48.0	48.0	18.961
10/25/2017 22:46:24	48.0	48.0	17.3575
10/25/2017 22:46:35	49.0	48.0	21.7949
10/25/2017 22:46:46	49.0	48.0	18.4
10/25/2017 22:46:57	48.0	48.0	17.6923
10/25/2017 22:47:08	48.0	48.0	16.6234
10/25/2017 22:47:19	48.0	47.0	17.0984
10/25/2017 22:47:30	48.0	47.0	16.7959
10/25/2017 22:47:41	48.0	48.0	16.2304
10/25/2017 22:47:52	48.0	48.0	18.4896
10/25/2017 22:48:03	48.0	48.0	17.3575
10/25/2017 22:48:14	48.0	47.0	18.961
10/25/2017 22:48:25	48.0	47.0	18.75
10/25/2017 22:48:36	48.0	47.0	16.4062
10/25/2017 22:48:47	48.0	48.0	21.2987
10/25/2017 22:48:58	48.0	47.0	17.8756
10/25/2017 22:49:09	48.0	48.0	18.7013
10/25/2017 22:49:20	48.0	47.0	15.7623
10/25/2017 22:49:31	48.0	47.0	16.0207
10/25/2017 22:49:42	48.0	47.0	17.4935
10/25/2017 22:49:53	48.0	47.0	18.3938
10/25/2017 22:50:04	48.0	48.0	19.9482
10/25/2017 22:50:15	51.0	50.0	17.9221
10/25/2017 22:50:26	52.0	51.0	17.0984
10/25/2017 22:50:38	54.0	53.0	17.3575
10/25/2017 22:50:49	55.0	54.0	16.8831
10/25/2017 22:51:00	56.0	56.0	17.5393
10/25/2017 22:51:11	55.0	54.0	17.3127
10/25/2017 22:51:22	53.0	53.0	18.5379
10/25/2017 22:51:33	52.0	51.0	16.8394
10/25/2017 22:51:44	50.0	51.0	18.1347
10/25/2017 22:51:55	50.0	49.0	18.2768
10/25/2017 22:52:06	49.0	49.0	16.7959
10/25/2017 22:52:17	49.0	49.0	17.6166
10/25/2017 22:52:28	49.0	48.0	18.2292
10/25/2017 22:52:39	49.0	48.0	17.6166
10/25/2017 22:52:50	49.0	48.0	21.3542
10/25/2017 22:53:01	49.0	48.0	17.4026
10/25/2017 22:53:12	50.0	49.0	17.7083
10/25/2017 22:53:23	49.0	48.0	16.3212
10/25/2017 22:53:34	49.0	48.0	17.5853
10/25/2017 22:53:45	48.0	48.0	18.5567
10/25/2017 22:53:56	48.0	47.0	16.6234
10/25/2017 22:54:07	49.0	47.0	18.3938
10/25/2017 22:54:18	48.0	47.0	16.3212
10/25/2017 22:54:29	48.0	47.0	18.9119
10/25/2017 22:54:40	48.0	47.0	17.3127
10/25/2017 22:54:51	48.0	47.0	19.2802
10/25/2017 22:55:02	48.0	47.0	17.268
10/25/2017 22:55:13	49.0	48.0	19.2708
10/25/2017 22:55:24	50.0	49.0	20.1031
10/25/2017 22:55:35	51.0	51.0	15.285
10/25/2017 22:55:46	54.0	53.0	17.9688
10/25/2017 22:55:57	55.0	54.0	18.5864
10/25/2017 22:56:08	56.0	55.0	20.8763
10/25/2017 22:56:19	57.0	56.0	17.7083
10/25/2017 22:56:30	56.0	55.0	17.6166
10/25/2017 22:56:41	53.0	53.0	19.7403
10/25/2017 22:56:52	51.0	52.0	16.5375
10/25/2017 22:57:03	52.0	51.0	18.961
10/25/2017 22:57:14	50.0	50.0	16.8831
10/25/2017 22:57:25	50.0	50.0	18.4896
10/25/2017 22:57:36	50.0	49.0	18.4416
10/25/2017 22:57:47	50.0	49.0	16.0622
10/25/2017 22:57:58	49.0	48.0	20.2073
10/25/2017 22:58:09	49.0	49.0	17.0543
10/25/2017 22:58:20	49.0	48.0	17.8756
10/25/2017 22:58:32	49.0	48.0	18.961
10/25/2017 22:58:43	48.0	48.0	16.8831
10/25/2017 22:58:54	48.0	48.0	20.0521
10/25/2017 22:59:05	48.0	47.0	19.0104
10/25/2017 22:59:16	48.0	47.0	18.0879
10/25/2017 22:59:27	48.0	47.0	16.9271
10/25/2017 22:59:38	49.0	48.0	18.6047
10/25/2017 22:59:49	51.0	51.0	19.1214
10/25/2017 23:00:00	53.0	52.0	17.9221
10/25/2017 23:00:11	54.0	53.0	19.7403
10/25/2017 23:00:22	55.0	54.0	17.7378
10/25/2017 23:00:33	56.0	55.0	18.961
10/25/2017 23:00:44	57.0	56.0	18.299
10/25/2017 23:00:55	55.0	54.0	19.0231
10/25/2017 23:01:06	54.0	53.0	16.6234
10/25/2017 23:01:17	52.0	51.0	20.4663
10/25/2017 23:01:28	51.0	51.0	17.4026
10/25/2017 23:01:39	51.0	50.0	18.8144
10/25/2017 23:01:50	50.0	50.0	17.7835
10/25/2017 23:02:01	50.0	50.0	17.268
10/25/2017 23:02:12	49.0	48.0	18.9744
10/25/2017 23:02:23	49.0	48.0	18.8144
10/25/2017 23:02:34	49.0	48.0	19.3299
10/25/2017 23:02:45	49.0	48.0	19.7436
10/25/2017 23:02:56	49.0	48.0	20.2046
10/25/2017 23:03:07	49.0	47.0	20.6186
10/25/2017 23:03:18	48.0	47.0	19.2308
10/25/2017 23:03:29	49.0	48.0	18.509
10/25/2017 23:03:40	48.0	47.0	20.2073
10/25/2017 23:03:51	49.0	47.0	18.2519
10/25/2017 23:04:02	50.0	49.0	19.898
10/25/2017 23:04:13	52.0	51.0	17.4359
10/25/2017 23:04:24	54.0	52.0	18.3463
10/25/2017 23:04:35	54.0	54.0	21.134
10/25/2017 23:04:46	55.0	55.0	15.544
10/25/2017 23:04:57	57.0	56.0	17.0918
10/25/2017 23:05:08	55.0	54.0	16.624
10/25/2017 23:05:19	53.0	52.0	18.2051
10/25/2017 23:05:30	51.0	51.0	17.6923
10/25/2017 23:05:41	50.0	51.0	21.0797
10/25/2017 23:05:52	50.0	50.0	21.5736
10/25/2017 23:06:03	49.0	49.0	21.2276
10/25/2017 23:06:15	49.0	48.0	16.5816
10/25/2017 23:06:26	49.0	48.0	20.8122
10/25/2017 23:06:37	48.0	47.0	21.519
10/25/2017 23:06:48	49.0	47.0	19.8473
10/25/2017 23:06:59	48.0	47.0	17.8571
10/25/2017 23:07:10	48.0	47.0	19.4872
10/25/2017 23:07:21	49.0	47.0	19.797
10/25/2017 23:07:32	51.0	49.0	19.4937
10/25/2017 23:07:43	51.0	50.0	19.8492
10/25/2017 23:07:54	53.0	52.0	19.1436
10/25/2017 23:08:05	54.0	53.0	20.1005
10/25/2017 23:08:16	55.0	55.0	20.2532
10/25/2017 23:08:27	56.0	56.0	22.9008
10/25/2017 23:08:38	58.0	57.0	22.0551
10/25/2017 23:08:49	57.0	57.0	20.5063
10/25/2017 23:09:00	56.0	54.0	21.7703
10/25/2017 23:09:11	52.0	53.0	25.4808
10/25/2017 23:09:22	51.0	51.0	21.8045
10/25/2017 23:09:33	51.0	50.0	20
10/25/2017 23:09:44	49.0	49.0	20.5
10/25/2017 23:09:55	50.0	49.0	20.7824
10/25/2017 23:10:06	49.0	48.0	21.4464
10/25/2017 23:10:17	49.0	48.0	22.1662
10/25/2017 23:10:28	49.0	48.0	20.0993
10/25/2017 23:10:39	48.0	48.0	21.9753
10/25/2017 23:10:50	49.0	47.0	23.1707
10/25/2017 23:11:01	48.0	48.0	22.8643
10/25/2017 23:11:12	48.0	47.0	23.2274
10/25/2017 23:11:23	48.0	47.0	23.9808
10/25/2017 23:11:34	47.0	47.0	22.5182
10/25/2017 23:11:45	49.0	48.0	25.5924
10/25/2017 23:11:56	51.0	50.0	25.9346
10/25/2017 23:12:07	51.0	51.0	24.4186
10/25/2017 23:12:18	53.0	52.0	22.3558
10/25/2017 23:12:29	54.0	54.0	21.3942
10/25/2017 23:12:40	55.0	54.0	21.5827
10/25/2017 23:12:52	55.0	55.0	22.8029
10/25/2017 23:13:03	56.0	56.0	24.4131
10/25/2017 23:13:14	55.0	54.0	24.537
10/25/2017 23:13:25	52.0	52.0	23.7089
10/25/2017 23:13:36	51.0	50.0	23.7089
10/25/2017 23:13:47	50.0	50.0	25.0591
10/25/2017 23:13:58	49.0	48.0	24.7573
10/25/2017 23:14:09	49.0	48.0	23.7864
10/25/2017 23:14:20	49.0	48.0	22.2222
10/25/2017 23:14:31	49.0	48.0	21.8137
10/25/2017 23:14:42	48.0	48.0	24.3309
10/25/2017 23:14:53	48.0	47.0	23.301
10/25/2017 23:15:04	48.0	48.0	23.2446
10/25/2017 23:15:15	48.0	48.0	23.0024
10/25/2017 23:15:26	48.0	48.0	23.301
10/25/2017 23:15:37	48.0	47.0	23.4719
10/25/2017 23:15:48	48.0	47.0	21.5159
10/25/2017 23:15:59	48.0	47.0	23.1884
10/25/2017 23:16:10	48.0	47.0	23.3173
10/25/2017 23:16:21	48.0	47.0	23.0583
10/25/2017 23:16:32	48.0	47.0	23.0024
10/25/2017 23:16:43	50.0	50.0	25.6039
10/25/2017 23:16:54	52.0	52.0	21.5686
10/25/2017 23:17:05	53.0	53.0	22.1675
10/25/2017 23:17:16	55.0	54.0	23.6585
10/25/2017 23:17:27	58.0	56.0	22.3301
10/25/2017 23:17:38	57.0	56.0	22.5728
10/25/2017 23:17:49	55.0	54.0	27.5534
10/25/2017 23:18:00	53.0	52.0	22.0874
10/25/2017 23:18:11	51.0	51.0	22.6829
10/25/2017 23:18:22	51.0	50.0	22.4638
10/25/2017 23:18:33	50.0	50.0	23.741
10/25/2017 23:18:44	50.0	49.0	24.5283
10/25/2017 23:18:55	50.0	49.0	25.1781
10/25/2017 23:19:06	49.0	48.0	26.087
10/25/2017 23:19:17	49.0	48.0	24.7031
10/25/2017 23:19:28	49.0	48.0	23.6145
10/25/2017 23:19:39	49.0	48.0	22.9665
10/25/2017 23:19:50	48.0	48.0	22.9665
10/25/2017 23:20:01	49.0	48.0	18.6104
10/25/2017 23:20:12	48.0	47.0	23.1884
10/25/2017 23:20:23	48.0	47.0	23.4146
10/25/2017 23:20:35	48.0	47.0	21.8137
10/25/2017 23:20:46	48.0	47.0	22.3587
10/25/2017 23:20:57	49.0	47.0	25.1232
10/25/2017 23:21:08	49.0	48.0	23.0958
10/25/2017 23:21:19	48.0	47.0	23.7981
10/25/2017 23:21:30	49.0	49.0	23.2099
10/25/2017 23:21:41	51.0	50.0	22.5806
10/25/2017 23:21:52	52.0	53.0	20.7407
10/25/2017 23:22:03	54.0	54.0	20.197
10/25/2017 23:22:14	56.0	54.0	20.5446
10/25/2017 23:22:25	57.0	56.0	21.5881
10/25/2017 23:22:36	57.0	56.0	19.2593
10/25/2017 23:22:47	53.0	53.0	23.0392
10/25/2017 23:22:58	51.0	51.0	23.9024
10/25/2017 23:23:09	50.0	50.0	20.0489
10/25/2017 23:23:20	49.0	49.0	23.0024
10/25/2017 23:23:31	49.0	48.0	21.7822
10/25/2017 23:23:42	48.0	47.0	20.6813
10/25/2017 23:23:53	47.0	47.0	22.1675
10/25/2017 23:24:04	48.0	48.0	24.8815
10/25/2017 23:24:15	50.0	50.0	21.8225
10/25/2017 23:24:26	52.0	51.0	19.7044
10/25/2017 23:24:37	52.0	53.0	18.9055
10/25/2017 23:24:48	54.0	53.0	20.5379
10/25/2017 23:24:59	55.0	54.0	22.2772
10/25/2017 23:25:10	56.0	56.0	21.0918
10/25/2017 23:25:21	56.0	56.0	17.5879
10/25/2017 23:25:32	55.0	54.0	20.1995
10/25/2017 23:25:43	54.0	53.0	22.549
10/25/2017 23:25:54	52.0	51.0	22.0049
10/25/2017 23:26:05	51.0	51.0	21.0918
10/25/2017 23:26:16	50.0	50.0	21.4815
10/25/2017 23:26:27	50.0	50.0	19.9005
10/25/2017 23:26:38	50.0	49.0	24.7573
10/25/2017 23:26:49	50.0	49.0	21.5159
10/25/2017 23:27:00	49.0	49.0	24.4552
10/25/2017 23:27:11	50.0	48.0	23.7164
10/25/2017 23:27:23	49.0	48.0	23.0024
10/25/2017 23:27:34	49.0	48.0	22.7384
10/25/2017 23:27:45	49.0	48.0	22.4939
10/25/2017 23:27:56	48.0	48.0	24.6377
10/25/2017 23:28:07	48.0	48.0	24.4604
10/25/2017 23:28:18	48.0	48.0	25.1816
10/25/2017 23:28:29	49.0	48.0	23.1144
10/25/2017 23:28:40	48.0	47.0	22.549
10/25/2017 23:28:51	48.0	47.0	23.9609
10/25/2017 23:29:02	48.0	47.0	23.8329
10/25/2017 23:29:13	48.0	47.0	23.4568
10/25/2017 23:29:24	48.0	47.0	23.3577
10/25/2017 23:29:35	48.0	47.0	22.4939
10/25/2017 23:29:46	48.0	47.0	24.2131
10/25/2017 23:29:57	49.0	48.0	22.9268
10/25/2017 23:30:08	50.0	50.0	22.2222
10/25/2017 23:30:19	52.0	52.0	23.0583
10/25/2017 23:30:30	54.0	53.0	22.0049
10/25/2017 23:30:41	55.0	54.0	25.1816
10/25/2017 23:30:52	56.0	56.0	21.1443
10/25/2017 23:31:03	55.0	54.0	19.3548
10/25/2017 23:31:14	53.0	53.0	20.0993
10/25/2017 23:31:25	52.0	51.0	19.8992
10/25/2017 23:31:36	52.0	51.0	19.9495
10/25/2017 23:31:47	50.0	50.0	21.1587
10/25/2017 23:31:58	50.0	49.0	21.2121
10/25/2017 23:32:09	50.0	49.0	17.5127
10/25/2017 23:32:20	49.0	49.0	18.7179
10/25/2017 23:32:31	49.0	48.0	18.2741
10/25/2017 23:32:42	49.0	48.0	16.8831
10/25/2017 23:32:53	49.0	48.0	19.6891
10/25/2017 23:33:04	49.0	48.0	17.3575
10/25/2017 23:33:15	49.0	48.0	20.0521
10/25/2017 23:33:26	48.0	48.0	16.0207
10/25/2017 23:33:37	48.0	48.0	18.2768
10/25/2017 23:33:48	49.0	48.0	15.9686
10/25/2017 23:33:59	49.0	47.0	18.1818
10/25/2017 23:34:10	49.0	48.0	17.8478
10/25/2017 23:34:21	48.0	48.0	17.4479
10/25/2017 23:34:32	48.0	48.0	17.4935
10/25/2017 23:34:43	48.0	48.0	18.6842
10/25/2017 23:34:54	48.0	48.0	16.7102
10/25/2017 23:35:05	48.0	47.0	16.6667
10/25/2017 23:35:17	49.0	48.0	19.3211
10/25/2017 23:35:28	48.0	48.0	18.0628
10/25/2017 23:35:39	47.0	47.0	18.0157
10/25/2017 23:35:50	47.0	48.0	16.4491
10/25/2017 23:36:01	48.0	47.0	17.6623
10/25/2017 23:36:12	48.0	48.0	16.7539
10/25/2017 23:36:23	48.0	48.0	16.9713
10/25/2017 23:36:34	48.0	48.0	19.4805
10/25/2017 23:36:45	49.0	50.0	19.9482
10/25/2017 23:36:56	49.0	48.0	17.8295
10/25/2017 23:37:07	50.0	49.0	20.155
10/25/2017 23:37:18	50.0	50.0	18.8144
10/25/2017 23:37:29	51.0	50.0	20.3608
10/25/2017 23:37:40	50.0	50.0	18.863
10/25/2017 23:37:51	50.0	50.0	19.3798
10/25/2017 23:38:02	51.0	50.0	17.5711
10/25/2017 23:38:13	51.0	51.0	22.7979
10/25/2017 23:38:24	50.0	50.0	18.863
10/25/2017 23:38:35	51.0	50.0	19.6382
10/25/2017 23:38:46	50.0	51.0	19.7403
10/25/2017 23:38:57	51.0	50.0	20.6186
10/25/2017 23:39:08	51.0	51.0	22.4227
10/25/2017 23:39:20	51.0	50.0	15.8311
10/25/2017 23:39:31	50.0	49.0	17.4603
10/25/2017 23:39:42	49.0	49.0	17.9688
10/25/2017 23:39:53	49.0	48.0	18.2768
10/25/2017 23:40:04	49.0	48.0	17.9221
10/25/2017 23:40:15	49.0	48.0	17.2324
10/25/2017 23:40:26	48.0	48.0	17.2775
10/25/2017 23:40:37	48.0	48.0	16.6667
10/25/2017 23:40:48	48.0	48.0	16.6667
10/25/2017 23:40:59	48.0	47.0	18.5864
10/25/2017 23:41:10	48.0	49.0	16.3636
10/25/2017 23:41:21	50.0	51.0	17.4479
10/25/2017 23:41:32	52.0	52.0	16.7102
10/25/2017 23:41:43	54.0	53.0	17.1875
10/25/2017 23:41:54	55.0	54.0	17.4479
10/25/2017 23:42:05	56.0	55.0	16.9713
10/25/2017 23:42:16	57.0	56.0	17.4026
10/25/2017 23:42:27	55.0	54.0	17.2324
10/25/2017 23:42:38	53.0	53.0	19.171
10/25/2017 23:42:49	51.0	51.0	17.4479
10/25/2017 23:43:00	50.0	51.0	15.3646
10/25/2017 23:43:11	50.0	50.0	20.1571
10/25/2017 23:43:22	50.0	49.0	18.5379
10/25/2017 23:43:33	49.0	49.0	18.5864
10/25/2017 23:43:44	48.0	48.0	18.2768
10/25/2017 23:43:55	49.0	48.0	17.1875
10/25/2017 23:44:06	48.0	48.0	19.1601
10/25/2017 23:44:17	48.0	48.0	16.7539
10/25/2017 23:44:28	48.0	48.0	16.1458
10/25/2017 23:44:40	48.0	48.0	18.2292
10/25/2017 23:44:51	48.0	48.0	18.7013
10/25/2017 23:45:02	48.0	48.0	18.5864
10/25/2017 23:45:13	48.0	48.0	18.5864
10/25/2017 23:45:24	48.0	47.0	17.1875
10/25/2017 23:45:35	48.0	47.0	17.2324
10/25/2017 23:45:46	49.0	47.0	15.4047
10/25/2017 23:45:57	48.0	47.0	18.0157
10/25/2017 23:46:08	48.0	48.0	18.5379
10/25/2017 23:46:19	48.0	47.0	19.2105
10/25/2017 23:46:30	48.0	47.0	16.3158
10/25/2017 23:46:41	50.0	49.0	16.4921
10/25/2017 23:46:52	51.0	51.0	16.3636
10/25/2017 23:47:03	53.0	52.0	17.2324
10/25/2017 23:47:14	54.0	53.0	17.7546
10/25/2017 23:47:25	56.0	55.0	17.4026
10/25/2017 23:47:36	57.0	56.0	16.6667
10/25/2017 23:47:47	55.0	54.0	14.9606
10/25/2017 23:47:58	53.0	52.0	17.7083
10/25/2017 23:48:09	51.0	51.0	18.8482
10/25/2017 23:48:20	50.0	50.0	17.4479
10/25/2017 23:48:31	51.0	49.0	17.2324
10/25/2017 23:48:42	50.0	49.0	16.9271
10/25/2017 23:48:53	50.0	49.0	17.4479
10/25/2017 23:49:04	49.0	49.0	15.0649
10/25/2017 23:49:15	50.0	48.0	15.285
10/25/2017 23:49:26	49.0	48.0	16.273
10/25/2017 23:49:37	49.0	48.0	19.2105
10/25/2017 23:49:48	49.0	48.0	19.7917
10/25/2017 23:49:59	49.0	48.0	17.0157
10/25/2017 23:50:10	48.0	49.0	16.3636
10/25/2017 23:50:21	49.0	48.0	16.3636
10/25/2017 23:50:32	49.0	48.0	16.6667
10/25/2017 23:50:43	48.0	47.0	17.8478
10/25/2017 23:50:54	49.0	48.0	16.7539
10/25/2017 23:51:05	49.0	48.0	14.8825
10/25/2017 23:51:16	48.0	48.0	17.5393
10/25/2017 23:51:27	48.0	48.0	18.1818
10/25/2017 23:51:38	48.0	47.0	16.0105
10/25/2017 23:51:49	48.0	47.0	16.7979
10/25/2017 23:52:00	49.0	47.0	16.9713
10/25/2017 23:52:11	48.0	48.0	17.0984
10/25/2017 23:52:22	48.0	47.0	16.7102
10/25/2017 23:52:34	48.0	47.0	18.1102
10/25/2017 23:52:45	48.0	47.0	17.0157
10/25/2017 23:52:56	48.0	47.0	16.4491
10/25/2017 23:53:07	48.0	48.0	17.6781
10/25/2017 23:53:18	48.0	47.0	17.5853
10/25/2017 23:53:29	47.0	47.0	18.0628
10/25/2017 23:53:40	48.0	48.0	17.1429
10/25/2017 23:53:51	47.0	47.0	16.7102
10/25/2017 23:54:02	47.0	47.0	17.0157
10/25/2017 23:54:13	48.0	47.0	16.1039
10/25/2017 23:54:24	48.0	47.0	16.2304
10/25/2017 23:54:35	47.0	48.0	17.801
10/25/2017 23:54:46	49.0	47.0	19.3211
10/25/2017 23:54:57	48.0	47.0	16.4491
10/25/2017 23:55:08	48.0	48.0	16.8831
10/25/2017 23:55:19	48.0	47.0	20.9424
10/25/2017 23:55:30	51.0	49.0	17.4935
10/25/2017 23:55:41	49.0	48.0	17.4935
10/25/2017 23:55:52	48.0	48.0	18.0157
10/25/2017 23:56:03	49.0	47.0	15.625
10/25/2017 23:56:14	49.0	48.0	16.273
10/25/2017 23:56:25	48.0	48.0	16.4921
10/25/2017 23:56:36	49.0	48.0	18.1102
10/25/2017 23:56:47	48.0	48.0	16.0105
10/25/2017 23:56:58	48.0	48.0	15.1832
10/25/2017 23:57:09	48.0	48.0	17.2775
10/25/2017 23:57:20	49.0	47.0	16.273
10/25/2017 23:57:31	49.0	48.0	16.1039
10/25/2017 23:57:42	48.0	48.0	16.7539
10/25/2017 23:57:53	48.0	47.0	14.9215
10/25/2017 23:58:04	48.0	48.0	17.5853
10/25/2017 23:58:15	49.0	48.0	17.5393
10/25/2017 23:58:26	48.0	47.0	16.273
10/25/2017 23:58:37	48.0	48.0	16.2304
10/25/2017 23:58:48	48.0	47.0	15.9269
10/25/2017 23:58:59	48.0	47.0	16.4491
10/25/2017 23:59:10	48.0	47.0	16.0526
10/25/2017 23:59:21	48.0	48.0	18.2768
10/25/2017 23:59:32	48.0	47.0	17.1875
10/25/2017 23:59:43	48.0	47.0	17.7546
10/25/2017 23:59:54	48.0	47.0	15.748
10/26/2017 00:00:05	48.0	47.0	16.6234
10/26/2017 00:00:17	48.0	47.0	15.1042
10/26/2017 00:00:28	48.0	48.0	18.2768
10/26/2017 00:00:39	48.0	47.0	19.1099
10/26/2017 00:00:50	48.0	47.0	15.625
10/26/2017 00:01:01	49.0	47.0	15.9686
10/26/2017 00:01:12	48.0	48.0	15.1436
10/26/2017 00:01:23	48.0	47.0	16.7979
10/26/2017 00:01:34	48.0	48.0	16.8421
10/26/2017 00:01:45	48.0	47.0	16.0105
10/26/2017 00:01:56	48.0	47.0	18.0628
10/26/2017 00:02:07	48.0	47.0	16.7539
10/26/2017 00:02:18	48.0	47.0	16.188
10/26/2017 00:02:29	49.0	50.0	16.7102
10/26/2017 00:02:40	52.0	51.0	16.8865
10/26/2017 00:02:51	53.0	53.0	16.9713
10/26/2017 00:03:02	55.0	54.0	15.625
10/26/2017 00:03:13	56.0	56.0	16.2304
10/26/2017 00:03:24	57.0	56.0	18.2768
10/26/2017 00:03:35	54.0	53.0	18.3246
10/26/2017 00:03:46	52.0	52.0	15.8854
10/26/2017 00:03:57	51.0	51.0	18.799
10/26/2017 00:04:08	50.0	50.0	16.4491
10/26/2017 00:04:19	50.0	50.0	18.3727
10/26/2017 00:04:30	50.0	49.0	16.1458
10/26/2017 00:04:41	50.0	48.0	15.445
10/26/2017 00:04:52	49.0	49.0	15.625
10/26/2017 00:05:03	49.0	48.0	17.1429
10/26/2017 00:05:14	49.0	48.0	15.625
10/26/2017 00:05:25	49.0	48.0	18.799
10/26/2017 00:05:36	48.0	48.0	15.4856
10/26/2017 00:05:47	49.0	48.0	14.9606
10/26/2017 00:05:58	48.0	47.0	15
10/26/2017 00:06:09	49.0	48.0	17.6316
10/26/2017 00:06:20	48.0	47.0	15.9686
10/26/2017 00:06:31	48.0	47.0	19.2612
10/26/2017 00:06:42	49.0	47.0	15.8854
10/26/2017 00:06:53	48.0	47.0	15.3646
10/26/2017 00:07:04	48.0	48.0	15.8442
10/26/2017 00:07:15	48.0	47.0	17.7546
10/26/2017 00:07:26	48.0	47.0	20.1044
10/26/2017 00:07:37	48.0	47.0	15.2231
10/26/2017 00:07:48	49.0	47.0	14.6214
10/26/2017 00:08:00	48.0	47.0	16.188
10/26/2017 00:08:11	48.0	47.0	16.4921
10/26/2017 00:08:22	48.0	47.0	16.3636
10/26/2017 00:08:33	48.0	47.0	17.3575
10/26/2017 00:08:44	48.0	47.0	16.9713
10/26/2017 00:08:55	49.0	48.0	15.9269
10/26/2017 00:09:06	51.0	50.0	19.1099
10/26/2017 00:09:17	53.0	52.0	17.5393
10/26/2017 00:09:28	54.0	53.0	17.3228
10/26/2017 00:09:39	56.0	54.0	15.625
10/26/2017 00:09:50	57.0	56.0	17.801
10/26/2017 00:10:01	55.0	54.0	16.7539
10/26/2017 00:10:12	54.0	53.0	16.273
10/26/2017 00:10:23	53.0	52.0	18.6842
10/26/2017 00:10:34	51.0	51.0	19.1099
10/26/2017 00:10:45	51.0	50.0	14.6597
10/26/2017 00:10:56	51.0	49.0	16.4491
10/26/2017 00:11:07	50.0	49.0	16.9271
10/26/2017 00:11:18	50.0	48.0	17.7546
10/26/2017 00:11:29	49.0	48.0	17.2324
10/26/2017 00:11:40	50.0	48.0	15.1832
10/26/2017 00:11:51	49.0	48.0	15.9686
10/26/2017 00:12:02	49.0	48.0	18.0628
10/26/2017 00:12:13	48.0	48.0	16.7979
10/26/2017 00:12:24	48.0	47.0	19.1099
10/26/2017 00:12:35	48.0	47.0	16.0105
10/26/2017 00:12:46	48.0	47.0	17.4935
10/26/2017 00:12:57	48.0	47.0	17.1875
10/26/2017 00:13:08	48.0	47.0	16.1458
10/26/2017 00:13:19	48.0	47.0	15.6658
10/26/2017 00:13:30	48.0	47.0	18.1102
10/26/2017 00:13:41	48.0	47.0	16.4491
10/26/2017 00:13:52	48.0	47.0	18.3246
10/26/2017 00:14:03	47.0	47.0	17.3684
10/26/2017 00:14:14	47.0	47.0	16.8831
10/26/2017 00:14:25	48.0	47.0	15.625
10/26/2017 00:14:36	48.0	47.0	17.7546
10/26/2017 00:14:47	47.0	46.0	17.2775
10/26/2017 00:14:58	47.0	47.0	13.9108
10/26/2017 00:15:09	49.0	50.0	18.4896
10/26/2017 00:15:20	51.0	51.0	15.3247
10/26/2017 00:15:31	54.0	53.0	15.2231
10/26/2017 00:15:43	55.0	54.0	16.6234
10/26/2017 00:15:54	57.0	55.0	22.1932
10/26/2017 00:16:05	56.0	55.0	18.4416
10/26/2017 00:16:16	55.0	54.0	18.9744
10/26/2017 00:16:27	55.0	53.0	16.9231
10/26/2017 00:16:38	53.0	53.0	19.4805
10/26/2017 00:16:49	52.0	53.0	18.3938
10/26/2017 00:17:00	53.0	52.0	17.6166
10/26/2017 00:17:11	52.0	51.0	21.5054
10/26/2017 00:17:22	52.0	53.0	17.6781
10/26/2017 00:17:33	50.0	50.0	18.2768
10/26/2017 00:17:44	50.0	49.0	16.273
10/26/2017 00:17:55	49.0	49.0	17.0157
10/26/2017 00:18:06	49.0	49.0	15.5673
10/26/2017 00:18:17	49.0	48.0	20.155
10/26/2017 00:18:28	49.0	48.0	18.9119
10/26/2017 00:18:39	49.0	48.0	16.7979
10/26/2017 00:18:50	49.0	48.0	16.5803
10/26/2017 00:19:01	49.0	48.0	15.6658
10/26/2017 00:19:12	49.0	48.0	16.2304
10/26/2017 00:19:23	49.0	48.0	15.8854
10/26/2017 00:19:34	48.0	48.0	15.445
10/26/2017 00:19:45	49.0	47.0	14.1361
10/26/2017 00:19:56	48.0	48.0	17.2324
10/26/2017 00:20:07	48.0	47.0	14.6214
10/26/2017 00:20:18	48.0	47.0	16.3636
10/26/2017 00:20:29	49.0	48.0	16.188
10/26/2017 00:20:40	48.0	47.0	15.8442
10/26/2017 00:20:51	48.0	47.0	18.3938
10/26/2017 00:21:02	48.0	48.0	17.4935
10/26/2017 00:21:13	48.0	47.0	15.3646
10/26/2017 00:21:24	47.0	48.0	17.1053
10/26/2017 00:21:35	48.0	47.0	17.0157
10/26/2017 00:21:46	48.0	47.0	15.445
10/26/2017 00:21:57	48.0	47.0	17.5393
10/26/2017 00:22:08	47.0	47.0	16.188
10/26/2017 00:22:19	48.0	47.0	15.1436
10/26/2017 00:22:30	48.0	47.0	15.4047
10/26/2017 00:22:41	48.0	47.0	16.7102
10/26/2017 00:22:52	48.0	47.0	18.0157
10/26/2017 00:23:03	48.0	47.0	15.8854
10/26/2017 00:23:14	48.0	47.0	17.5393
10/26/2017 00:23:25	48.0	47.0	18.0628
10/26/2017 00:23:36	48.0	47.0	15.9269
10/26/2017 00:23:47	48.0	47.0	16.0526
10/26/2017 00:23:59	48.0	47.0	17.1053
10/26/2017 00:24:10	48.0	47.0	16.4062
10/26/2017 00:24:21	48.0	47.0	18.0879
10/26/2017 00:24:32	49.0	47.0	17.5393
10/26/2017 00:24:43	47.0	47.0	16.9713
10/26/2017 00:24:54	47.0	47.0	17.0157
10/26/2017 00:25:05	47.0	47.0	16.0105
10/26/2017 00:25:16	48.0	47.0	14.8052
10/26/2017 00:25:27	48.0	47.0	17.1429
10/26/2017 00:25:38	48.0	47.0	16.3588
10/26/2017 00:25:49	49.0	47.0	17.0157
10/26/2017 00:26:00	48.0	47.0	19.4737
10/26/2017 00:26:11	49.0	48.0	17.2324
10/26/2017 00:26:22	47.0	47.0	15.7068
10/26/2017 00:26:33	48.0	47.0	15.3646
10/26/2017 00:26:44	48.0	47.0	15.625
10/26/2017 00:26:55	50.0	49.0	16.8421
10/26/2017 00:27:06	52.0	51.0	16.8831
10/26/2017 00:27:17	54.0	53.0	15.8442
10/26/2017 00:27:28	55.0	54.0	16.2304
10/26/2017 00:27:39	56.0	55.0	16.4062
10/26/2017 00:27:50	56.0	56.0	14.8825
10/26/2017 00:28:01	54.0	53.0	18.799
10/26/2017 00:28:12	51.0	51.0	16.3588
10/26/2017 00:28:23	51.0	51.0	18.3938
10/26/2017 00:28:34	53.0	52.0	18.9119
10/26/2017 00:28:45	51.0	51.0	18.2051
10/26/2017 00:28:56	53.0	51.0	18.509
10/26/2017 00:29:07	52.0	51.0	18.1347
10/26/2017 00:29:18	52.0	51.0	19.7943
10/26/2017 00:29:29	51.0	50.0	17.9688
10/26/2017 00:29:40	51.0	51.0	17.8756
10/26/2017 00:29:51	51.0	51.0	19.8454
10/26/2017 00:30:02	52.0	51.0	19.6891
10/26/2017 00:30:13	51.0	51.0	21.1886
10/26/2017 00:30:24	51.0	50.0	17.6166
10/26/2017 00:30:35	51.0	50.0	19.2708
10/26/2017 00:30:46	51.0	50.0	18.6047
10/26/2017 00:30:57	52.0	51.0	19.171
10/26/2017 00:31:08	51.0	50.0	17.8756
10/26/2017 00:31:19	51.0	50.0	18.299
10/26/2017 00:31:30	52.0	50.0	17.9221
10/26/2017 00:31:41	51.0	50.0	18.8144
10/26/2017 00:31:52	51.0	50.0	19.7917
10/26/2017 00:32:03	51.0	50.0	19.4805
10/26/2017 00:32:14	51.0	50.0	19.0104
10/26/2017 00:32:25	51.0	51.0	19.0722
10/26/2017 00:32:36	51.0	50.0	18.0879
10/26/2017 00:32:47	51.0	50.0	19.1214
10/26/2017 00:32:58	51.0	51.0	19.6891
10/26/2017 00:33:10	51.0	50.0	18.863
10/26/2017 00:33:21	51.0	50.0	17.6166
10/26/2017 00:33:32	51.0	50.0	17.1429
10/26/2017 00:33:43	52.0	51.0	18.299
10/26/2017 00:33:54	51.0	51.0	19.7943
10/26/2017 00:34:05	50.0	50.0	17.6166
10/26/2017 00:34:16	51.0	50.0	21.3542
10/26/2017 00:34:27	50.0	50.0	15.8442
10/26/2017 00:34:38	50.0	50.0	13.1579
10/26/2017 00:34:49	49.0	48.0	14.0212
10/26/2017 00:35:00	48.0	48.0	14.0212
10/26/2017 00:35:11	48.0	47.0	15.2632
10/26/2017 00:35:22	48.0	47.0	13.4921
10/26/2017 00:35:33	48.0	47.0	13.7566
10/26/2017 00:35:44	49.0	49.0	13.4211
10/26/2017 00:35:55	51.0	51.0	17.0157
10/26/2017 00:36:06	54.0	53.0	16.7102
10/26/2017 00:36:17	54.0	53.0	21.039
10/26/2017 00:36:28	58.0	56.0	18.2519
10/26/2017 00:36:39	57.0	56.0	18.6047
10/26/2017 00:36:50	55.0	54.0	18.0879
10/26/2017 00:37:01	54.0	53.0	19.4805
10/26/2017 00:37:12	54.0	53.0	19.8966
10/26/2017 00:37:23	53.0	53.0	18.1347
10/26/2017 00:37:34	53.0	53.0	16.8831
10/26/2017 00:37:45	53.0	51.0	19.7436
10/26/2017 00:37:56	52.0	52.0	21.0256
10/26/2017 00:38:07	53.0	52.0	18.6528
10/26/2017 00:38:18	52.0	52.0	17.9949
10/26/2017 00:38:29	52.0	52.0	18.8144
10/26/2017 00:38:40	54.0	52.0	19.0722
10/26/2017 00:38:51	52.0	51.0	18.4416
10/26/2017 00:39:02	52.0	51.0	19.6382
10/26/2017 00:39:13	51.0	51.0	19.0722
10/26/2017 00:39:24	53.0	52.0	20.5656
10/26/2017 00:39:35	52.0	52.0	18.7661
10/26/2017 00:39:46	51.0	52.0	19.3798
10/26/2017 00:39:57	52.0	51.0	21.134
10/26/2017 00:40:08	53.0	52.0	19.6382
10/26/2017 00:40:19	52.0	51.0	19.171
10/26/2017 00:40:30	52.0	51.0	17.9949
10/26/2017 00:40:41	53.0	51.0	20.155
10/26/2017 00:40:52	53.0	51.0	21.6146
10/26/2017 00:41:03	52.0	51.0	19.1214
10/26/2017 00:41:14	51.0	51.0	17.7835
10/26/2017 00:41:25	51.0	52.0	19.0231
10/26/2017 00:41:36	52.0	52.0	18.8144
10/26/2017 00:41:47	52.0	52.0	17.8756
10/26/2017 00:41:58	53.0	51.0	17.4026
10/26/2017 00:42:09	52.0	53.0	20.4663
10/26/2017 00:42:20	52.0	51.0	19.4301
10/26/2017 00:42:31	52.0	51.0	18.6528
10/26/2017 00:42:43	52.0	51.0	17.3127
10/26/2017 00:42:54	52.0	52.0	19.6891
10/26/2017 00:43:05	52.0	52.0	19.8966
10/26/2017 00:43:16	52.0	52.0	17.9221
10/26/2017 00:43:27	53.0	52.0	20.3608
10/26/2017 00:43:38	51.0	51.0	19.6382
10/26/2017 00:43:49	53.0	51.0	19.6382
10/26/2017 00:44:00	52.0	51.0	20.3085
10/26/2017 00:44:11	51.0	52.0	17.8756
10/26/2017 00:44:22	52.0	51.0	19.9482
10/26/2017 00:44:33	53.0	51.0	19.5312
10/26/2017 00:44:44	52.0	51.0	19.171
10/26/2017 00:44:55	53.0	52.0	18.0879
10/26/2017 00:45:06	52.0	52.0	18.9119
10/26/2017 00:45:17	52.0	52.0	18.6047
10/26/2017 00:45:28	52.0	51.0	16.6234
10/26/2017 00:45:39	51.0	52.0	17.3575
10/26/2017 00:45:50	51.0	51.0	17.0984
10/26/2017 00:46:01	52.0	51.0	18.0879
10/26/2017 00:46:12	53.0	52.0	18.7661
10/26/2017 00:46:23	52.0	51.0	19.9482
10/26/2017 00:46:34	51.0	51.0	16.7959
10/26/2017 00:46:45	51.0	51.0	18.4615
10/26/2017 00:46:56	52.0	51.0	18.5567
10/26/2017 00:47:07	52.0	51.0	19.4805
10/26/2017 00:47:18	51.0	50.0	21.039
10/26/2017 00:47:29	51.0	50.0	18.9119
10/26/2017 00:47:40	51.0	51.0	18.1818
10/26/2017 00:47:51	51.0	51.0	17.5711
10/26/2017 00:48:02	51.0	50.0	18.0412
10/26/2017 00:48:13	51.0	51.0	18.961
10/26/2017 00:48:24	51.0	51.0	17.9688
10/26/2017 00:48:35	51.0	50.0	20.0521
10/26/2017 00:48:46	50.0	50.0	14.7368
10/26/2017 00:48:57	49.0	48.0	13.6842
10/26/2017 00:49:08	48.0	48.0	14.7368
10/26/2017 00:49:19	48.0	47.0	14.4737
10/26/2017 00:49:30	48.0	47.0	14.0584
10/26/2017 00:49:41	48.0	47.0	13.089
10/26/2017 00:49:52	48.0	47.0	13.2275
10/26/2017 00:50:03	49.0	49.0	13.3508
10/26/2017 00:50:14	50.0	50.0	12.0735
10/26/2017 00:50:25	52.0	52.0	12.7937
10/26/2017 00:50:36	53.0	53.0	12.8272
10/26/2017 00:50:47	54.0	54.0	12.5984
10/26/2017 00:50:58	55.0	55.0	12.2715
10/26/2017 00:51:10	56.0	56.0	12.7604
10/26/2017 00:51:21	57.0	56.0	11.6095
10/26/2017 00:51:32	53.0	53.0	12.3684
10/26/2017 00:51:43	52.0	52.0	13.7203
10/26/2017 00:51:54	51.0	51.0	12.7937
10/26/2017 00:52:05	50.0	50.0	14.7368
10/26/2017 00:52:16	49.0	50.0	13.7203
10/26/2017 00:52:27	49.0	48.0	15
10/26/2017 00:52:38	49.0	48.0	12.5654
10/26/2017 00:52:49	48.0	47.0	13.7931
10/26/2017 00:53:00	47.0	47.0	15.1832
10/26/2017 00:53:11	48.0	47.0	11.8421
