11/25/2017 19:28:04	51.0	49.0	1.53061
11/25/2017 19:28:16	45.0	46.0	51.497
11/25/2017 19:28:28	47.0	48.0	12.8947
11/25/2017 19:28:39	46.0	46.0	13.9108
11/25/2017 19:28:50	47.0	48.0	13.3508
11/25/2017 19:29:01	47.0	47.0	18.4953
11/25/2017 19:29:13	48.0	48.0	18.2759
11/25/2017 19:29:24	49.0	49.0	15.9011
11/25/2017 19:29:35	49.0	49.0	13.4111
11/25/2017 19:29:47	49.0	48.0	13.2275
11/25/2017 19:29:58	49.0	50.0	12.8947
11/25/2017 19:30:09	50.0	50.0	13.7566
11/25/2017 19:30:20	50.0	50.0	13.5279
11/25/2017 19:30:31	52.0	51.0	13.9108
11/25/2017 19:30:42	50.0	51.0	20
11/25/2017 19:30:53	51.0	52.0	18.5379
11/25/2017 19:31:04	54.0	53.0	16.7539
11/25/2017 19:31:15	53.0	53.0	43.4579
11/25/2017 19:31:26	54.0	54.0	12.8
11/25/2017 19:31:37	52.0	53.0	17.1053
11/25/2017 19:31:48	55.0	54.0	11.8734
11/25/2017 19:31:59	54.0	54.0	17.801
11/25/2017 19:32:10	55.0	54.0	12.6649
11/25/2017 19:32:21	55.0	54.0	12.6649
11/25/2017 19:32:32	55.0	55.0	12.336
11/25/2017 19:32:43	55.0	55.0	12.5
11/25/2017 19:32:54	56.0	55.0	12.6649
11/25/2017 19:33:05	55.0	55.0	12.0104
11/25/2017 19:33:16	56.0	55.0	12.6649
11/25/2017 19:33:27	57.0	55.0	11.6095
11/25/2017 19:33:38	55.0	55.0	12.7937
11/25/2017 19:33:49	57.0	56.0	12.1372
11/25/2017 19:34:01	56.0	55.0	11.811
11/25/2017 19:34:12	56.0	56.0	12.0735
11/25/2017 19:34:23	53.0	53.0	11.8734
11/25/2017 19:34:34	51.0	50.0	13.4565
11/25/2017 19:34:45	49.0	49.0	14.1732
11/25/2017 19:34:56	48.0	47.0	14.6982
11/25/2017 19:35:07	48.0	47.0	13.9108
11/25/2017 19:35:18	49.0	49.0	13.577
11/25/2017 19:35:29	50.0	50.0	12.336
11/25/2017 19:35:40	51.0	51.0	13.089
11/25/2017 19:35:51	52.0	53.0	12.5984
11/25/2017 19:36:02	53.0	53.0	12.5326
11/25/2017 19:36:13	53.0	53.0	11.811
11/25/2017 19:36:24	54.0	54.0	12.6649
11/25/2017 19:36:35	55.0	54.0	12.0104
11/25/2017 19:36:46	55.0	55.0	14.0992
11/25/2017 19:36:57	56.0	56.0	12.963
11/25/2017 19:37:08	57.0	55.0	11.2861
11/25/2017 19:37:19	57.0	56.0	12.7937
11/25/2017 19:37:30	54.0	53.0	12.7937
11/25/2017 19:37:41	51.0	51.0	12.9973
11/25/2017 19:37:52	50.0	50.0	14.4385
11/25/2017 19:38:03	48.0	48.0	12.6649
11/25/2017 19:38:14	48.0	47.0	13.9108
11/25/2017 19:38:25	47.0	47.0	15.5673
11/25/2017 19:38:36	49.0	48.0	14.9215
11/25/2017 19:38:47	51.0	50.0	12.3684
11/25/2017 19:38:58	51.0	51.0	13.3159
11/25/2017 19:39:09	52.0	53.0	12.5
11/25/2017 19:39:21	53.0	53.0	11.811
11/25/2017 19:39:32	54.0	54.0	12.5984
11/25/2017 19:39:43	54.0	54.0	11.5486
11/25/2017 19:39:54	55.0	55.0	12.8947
11/25/2017 19:40:05	56.0	55.0	11.4883
11/25/2017 19:40:16	56.0	56.0	11.7493
11/25/2017 19:40:27	56.0	56.0	13.0548
11/25/2017 19:40:38	53.0	54.0	12.336
11/25/2017 19:40:49	51.0	51.0	13.4921
11/25/2017 19:41:00	50.0	50.0	15.6658
11/25/2017 19:41:11	49.0	48.0	14.7757
11/25/2017 19:41:22	48.0	47.0	13.7931
11/25/2017 19:41:33	47.0	47.0	13.7931
11/25/2017 19:41:44	49.0	48.0	13.7203
11/25/2017 19:41:55	50.0	50.0	11.8421
11/25/2017 19:42:06	51.0	51.0	12.336
11/25/2017 19:42:17	52.0	52.0	12.0735
11/25/2017 19:42:28	53.0	53.0	11.7801
11/25/2017 19:42:39	54.0	54.0	12.3037
11/25/2017 19:42:50	55.0	54.0	11.811
11/25/2017 19:43:01	55.0	55.0	12.6649
11/25/2017 19:43:12	56.0	56.0	11.5183
11/25/2017 19:43:23	57.0	56.0	12.2396
11/25/2017 19:43:34	54.0	54.0	12.6316
11/25/2017 19:43:45	52.0	52.0	12.8947
11/25/2017 19:43:56	51.0	50.0	12.963
11/25/2017 19:44:07	49.0	48.0	13.7566
11/25/2017 19:44:18	49.0	48.0	12.336
11/25/2017 19:44:29	48.0	47.0	13.4565
11/25/2017 19:44:40	48.0	47.0	14.248
11/25/2017 19:44:52	49.0	49.0	13.6483
11/25/2017 19:45:03	50.0	51.0	12.3037
11/25/2017 19:45:14	51.0	52.0	12.5654
11/25/2017 19:45:25	52.0	52.0	12.3037
11/25/2017 19:45:36	54.0	53.0	12.5654
11/25/2017 19:45:47	54.0	54.0	11.811
11/25/2017 19:45:58	55.0	54.0	12.0735
11/25/2017 19:46:09	55.0	55.0	12.1053
11/25/2017 19:46:20	56.0	55.0	12.2715
11/25/2017 19:46:31	55.0	55.0	12.0735
11/25/2017 19:46:42	52.0	53.0	12.6316
11/25/2017 19:46:53	51.0	51.0	12.8947
11/25/2017 19:47:04	50.0	50.0	13.9108
11/25/2017 19:47:15	49.0	48.0	14.1732
11/25/2017 19:47:26	48.0	48.0	13.1926
11/25/2017 19:47:37	48.0	47.0	13.4921
11/25/2017 19:47:48	47.0	47.0	13.9474
11/25/2017 19:47:59	49.0	48.0	13.1234
11/25/2017 19:48:10	50.0	50.0	12.0104
11/25/2017 19:48:21	51.0	51.0	12.0419
11/25/2017 19:48:32	52.0	53.0	14.8825
11/25/2017 19:48:43	53.0	53.0	13.9108
11/25/2017 19:48:54	54.0	54.0	11.9048
11/25/2017 19:49:05	55.0	54.0	11.5486
11/25/2017 19:49:16	56.0	56.0	12.3037
11/25/2017 19:49:27	57.0	55.0	11.811
11/25/2017 19:49:38	56.0	56.0	12.5326
11/25/2017 19:49:49	53.0	53.0	13.5417
11/25/2017 19:50:00	51.0	51.0	13.7931
11/25/2017 19:50:12	50.0	50.0	12.963
11/25/2017 19:50:23	49.0	48.0	14.5119
11/25/2017 19:50:34	48.0	48.0	13.7203
11/25/2017 19:50:45	47.0	47.0	13.9474
11/25/2017 19:50:56	48.0	48.0	13.7203
11/25/2017 19:51:07	50.0	50.0	12.6316
11/25/2017 19:51:18	51.0	51.0	13.0548
11/25/2017 19:51:29	52.0	52.0	12.1053
11/25/2017 19:51:40	53.0	53.0	11.7801
11/25/2017 19:51:51	54.0	54.0	12.7604
11/25/2017 19:52:02	54.0	54.0	12.5326
11/25/2017 19:52:13	55.0	55.0	11.9792
11/25/2017 19:52:24	55.0	56.0	11.7493
11/25/2017 19:52:35	56.0	56.0	13.0208
11/25/2017 19:52:46	55.0	55.0	12.3037
11/25/2017 19:52:57	53.0	53.0	12.1053
11/25/2017 19:53:08	51.0	51.0	12.6649
11/25/2017 19:53:19	51.0	50.0	14.0992
11/25/2017 19:53:30	49.0	49.0	15.9686
11/25/2017 19:53:41	48.0	48.0	13.3858
11/25/2017 19:53:52	48.0	47.0	14.6982
11/25/2017 19:54:03	48.0	48.0	12.6984
11/25/2017 19:54:14	49.0	50.0	13.2468
11/25/2017 19:54:25	51.0	51.0	12.5654
11/25/2017 19:54:36	52.0	52.0	14.6597
11/25/2017 19:54:47	53.0	53.0	11.2272
11/25/2017 19:54:58	54.0	54.0	12.7604
11/25/2017 19:55:09	55.0	54.0	12.0735
11/25/2017 19:55:20	55.0	55.0	11.2861
11/25/2017 19:55:31	56.0	56.0	12.3037
11/25/2017 19:55:43	56.0	56.0	12.2715
11/25/2017 19:55:54	55.0	54.0	12.1053
11/25/2017 19:56:05	52.0	52.0	12.0735
11/25/2017 19:56:16	51.0	51.0	13.4565
11/25/2017 19:56:27	50.0	49.0	13.6483
11/25/2017 19:56:38	49.0	48.0	14.2105
11/25/2017 19:56:49	48.0	47.0	12.5984
11/25/2017 19:57:00	47.0	47.0	14.2857
11/25/2017 19:57:11	49.0	47.0	11.6402
11/25/2017 19:57:22	50.0	50.0	12.8272
11/25/2017 19:57:33	50.0	51.0	12.0735
11/25/2017 19:57:44	52.0	52.0	12.3037
11/25/2017 19:57:55	53.0	53.0	11.7801
11/25/2017 19:58:06	54.0	53.0	12.5984
11/25/2017 19:58:17	55.0	54.0	12.0419
11/25/2017 19:58:28	55.0	54.0	11.7801
11/25/2017 19:58:39	56.0	55.0	11.7801
11/25/2017 19:58:50	57.0	55.0	12.0735
11/25/2017 19:59:01	57.0	55.0	11.3456
11/25/2017 19:59:12	53.0	53.0	12.5984
11/25/2017 19:59:23	51.0	51.0	12.6984
11/25/2017 19:59:34	50.0	50.0	14.1361
11/25/2017 19:59:45	49.0	48.0	13.2275
11/25/2017 19:59:56	48.0	48.0	13.3858
11/25/2017 20:00:07	47.0	47.0	13.7203
11/25/2017 20:00:18	48.0	48.0	13.4211
11/25/2017 20:00:29	50.0	50.0	11.6095
11/25/2017 20:00:40	51.0	51.0	12.5326
11/25/2017 20:00:51	53.0	52.0	12.2715
11/25/2017 20:01:03	53.0	53.0	11.7493
11/25/2017 20:01:14	54.0	54.0	12.3037
11/25/2017 20:01:25	55.0	54.0	12.4352
11/25/2017 20:01:36	56.0	55.0	11.2565
11/25/2017 20:01:47	56.0	56.0	12.5
11/25/2017 20:01:58	57.0	57.0	13.5065
11/25/2017 20:02:09	54.0	53.0	11.5486
11/25/2017 20:02:20	52.0	52.0	12.3684
11/25/2017 20:02:31	51.0	51.0	14.3229
11/25/2017 20:02:42	49.0	50.0	14.0992
11/25/2017 20:02:53	48.0	48.0	13.6126
11/25/2017 20:03:04	48.0	46.0	13.1234
11/25/2017 20:03:15	48.0	47.0	14.1732
11/25/2017 20:03:26	49.0	49.0	15.1934
11/25/2017 20:03:37	51.0	50.0	13.6126
11/25/2017 20:03:48	52.0	52.0	13.3858
11/25/2017 20:03:59	54.0	54.0	12.5326
11/25/2017 20:04:10	54.0	53.0	13.0548
11/25/2017 20:04:21	55.0	54.0	12.0419
11/25/2017 20:04:32	55.0	54.0	11.7493
11/25/2017 20:04:43	56.0	56.0	12.5
11/25/2017 20:04:54	57.0	55.0	11.2272
11/25/2017 20:05:06	55.0	53.0	12.8947
11/25/2017 20:05:17	52.0	52.0	11.6711
11/25/2017 20:05:28	50.0	50.0	13.577
11/25/2017 20:05:39	49.0	48.0	13.8743
11/25/2017 20:05:50	49.0	48.0	13.6842
11/25/2017 20:06:01	48.0	47.0	13.8381
11/25/2017 20:06:12	47.0	47.0	14.3229
11/25/2017 20:06:23	48.0	47.0	13.6126
11/25/2017 20:06:34	50.0	49.0	12.5326
11/25/2017 20:06:45	51.0	51.0	12.7273
11/25/2017 20:06:56	52.0	51.0	12.0735
11/25/2017 20:07:07	53.0	52.0	12.2715
11/25/2017 20:07:18	54.0	53.0	11.7493
11/25/2017 20:07:29	55.0	54.0	12.8272
11/25/2017 20:07:40	55.0	55.0	11.9792
11/25/2017 20:07:51	56.0	56.0	11.9792
11/25/2017 20:08:02	56.0	56.0	11.7493
11/25/2017 20:08:13	54.0	54.0	12.5
11/25/2017 20:08:24	51.0	52.0	13.2275
11/25/2017 20:08:35	51.0	50.0	13.6126
11/25/2017 20:08:46	49.0	49.0	13.9474
11/25/2017 20:08:57	48.0	49.0	13.9474
11/25/2017 20:09:08	48.0	47.0	13.9108
11/25/2017 20:09:19	47.0	47.0	13.8021
11/25/2017 20:09:30	48.0	48.0	13.7566
11/25/2017 20:09:41	50.0	50.0	12.0419
11/25/2017 20:09:52	51.0	50.0	12.0735
11/25/2017 20:10:03	51.0	52.0	12.336
11/25/2017 20:10:14	53.0	53.0	12.0419
11/25/2017 20:10:26	54.0	54.0	12.336
11/25/2017 20:10:37	54.0	54.0	12.0419
11/25/2017 20:10:48	55.0	54.0	11.2861
11/25/2017 20:10:59	56.0	56.0	11.7801
11/25/2017 20:11:10	57.0	56.0	11.7801
11/25/2017 20:11:21	54.0	54.0	12.5326
11/25/2017 20:11:32	52.0	52.0	13.2812
11/25/2017 20:11:43	50.0	50.0	13.6126
11/25/2017 20:11:54	49.0	49.0	13.577
11/25/2017 20:12:05	49.0	48.0	13.9474
11/25/2017 20:12:16	48.0	47.0	12.3037
11/25/2017 20:12:27	47.0	47.0	13.4211
11/25/2017 20:12:38	48.0	48.0	14.7368
11/25/2017 20:12:49	50.0	50.0	12.0419
11/25/2017 20:13:00	50.0	50.0	12.0735
11/25/2017 20:13:11	52.0	52.0	11.4883
11/25/2017 20:13:22	53.0	52.0	11.811
11/25/2017 20:13:33	54.0	54.0	12.7937
11/25/2017 20:13:44	55.0	54.0	13.8381
11/25/2017 20:13:55	56.0	54.0	12.7937
11/25/2017 20:14:06	57.0	56.0	11.8421
11/25/2017 20:14:17	56.0	56.0	11.9792
11/25/2017 20:14:28	55.0	55.0	12.0735
11/25/2017 20:14:39	53.0	52.0	13.577
11/25/2017 20:14:50	51.0	51.0	14.4357
11/25/2017 20:15:01	50.0	50.0	13.6842
11/25/2017 20:15:12	49.0	48.0	13.8743
11/25/2017 20:15:23	48.0	47.0	13.5065
11/25/2017 20:15:34	48.0	47.0	14.2487
11/25/2017 20:15:45	47.0	47.0	14.3603
11/25/2017 20:15:57	49.0	48.0	12.6316
11/25/2017 20:16:08	50.0	50.0	13.2124
11/25/2017 20:16:19	51.0	51.0	12.0419
11/25/2017 20:16:30	52.0	53.0	12.7604
11/25/2017 20:16:41	53.0	53.0	12.5654
11/25/2017 20:16:52	54.0	54.0	12.0735
11/25/2017 20:17:03	54.0	55.0	12.2396
11/25/2017 20:17:14	56.0	55.0	11.7801
11/25/2017 20:17:25	56.0	56.0	12.0104
11/25/2017 20:17:36	55.0	54.0	12.2396
11/25/2017 20:17:47	52.0	52.0	14.0625
11/25/2017 20:17:58	50.0	51.0	13.5417
11/25/2017 20:18:09	50.0	49.0	13.7662
11/25/2017 20:18:20	49.0	48.0	13.3858
11/25/2017 20:18:31	48.0	47.0	15.3247
11/25/2017 20:18:42	47.0	47.0	15.5263
11/25/2017 20:18:53	47.0	47.0	12.336
11/25/2017 20:19:04	49.0	49.0	13.3858
11/25/2017 20:19:15	51.0	50.0	13.3159
11/25/2017 20:19:26	52.0	51.0	12.2396
11/25/2017 20:19:37	52.0	52.0	11.8421
11/25/2017 20:19:48	53.0	53.0	16.0622
11/25/2017 20:19:59	55.0	54.0	12.2396
11/25/2017 20:20:10	55.0	55.0	11.7801
11/25/2017 20:20:21	56.0	55.0	12.2396
11/25/2017 20:20:32	56.0	56.0	11.9792
11/25/2017 20:20:43	56.0	56.0	12.6615
11/25/2017 20:20:54	54.0	54.0	12.7937
11/25/2017 20:21:05	52.0	53.0	12.2396
11/25/2017 20:21:16	51.0	51.0	12.8609
11/25/2017 20:21:28	50.0	50.0	13.089
11/25/2017 20:21:39	49.0	48.0	13.3858
11/25/2017 20:21:50	48.0	48.0	14.8438
11/25/2017 20:22:01	47.0	47.0	14.0992
11/25/2017 20:22:12	47.0	46.0	13.3858
11/25/2017 20:22:23	49.0	48.0	13.9842
11/25/2017 20:22:34	50.0	49.0	11.9792
11/25/2017 20:22:45	51.0	51.0	12.987
11/25/2017 20:22:56	52.0	52.0	12.336
11/25/2017 20:23:07	53.0	53.0	12.5326
11/25/2017 20:23:18	54.0	53.0	11.7493
11/25/2017 20:23:29	55.0	54.0	13.2468
11/25/2017 20:23:40	55.0	55.0	12.2078
11/25/2017 20:23:51	57.0	56.0	11.4583
11/25/2017 20:24:02	56.0	56.0	13.3508
11/25/2017 20:24:13	54.0	54.0	12.5326
11/25/2017 20:24:24	51.0	51.0	13.3858
11/25/2017 20:24:35	51.0	50.0	14.0992
11/25/2017 20:24:46	49.0	48.0	14.1732
11/25/2017 20:24:57	49.0	48.0	14.6214
11/25/2017 20:25:08	47.0	47.0	13.9108
11/25/2017 20:25:19	48.0	46.0	13.3858
11/25/2017 20:25:30	49.0	48.0	14.1361
11/25/2017 20:25:41	50.0	50.0	12.2715
11/25/2017 20:25:52	51.0	51.0	12.2715
11/25/2017 20:26:03	52.0	51.0	14.7668
11/25/2017 20:26:14	53.0	53.0	12.5
11/25/2017 20:26:25	54.0	53.0	11.7801
11/25/2017 20:26:36	55.0	54.0	13.4715
11/25/2017 20:26:48	55.0	54.0	12.4675
11/25/2017 20:26:59	56.0	55.0	12.2396
11/25/2017 20:27:10	56.0	56.0	13.2812
11/25/2017 20:27:21	56.0	56.0	12.2396
11/25/2017 20:27:32	53.0	53.0	13.0208
11/25/2017 20:27:43	51.0	51.0	13.8743
11/25/2017 20:27:54	50.0	50.0	14.8438
11/25/2017 20:28:05	48.0	48.0	13.8021
11/25/2017 20:28:16	48.0	47.0	14.3229
11/25/2017 20:28:27	47.0	47.0	13.0208
11/25/2017 20:28:38	48.0	48.0	15.2231
11/25/2017 20:28:49	50.0	49.0	13.8381
11/25/2017 20:29:00	50.0	51.0	13.0208
11/25/2017 20:29:11	52.0	52.0	13.5065
11/25/2017 20:29:22	53.0	53.0	12.5326
11/25/2017 20:29:33	54.0	53.0	12.6943
11/25/2017 20:29:44	55.0	53.0	12.7273
11/25/2017 20:29:55	55.0	54.0	11.9792
11/25/2017 20:30:06	56.0	54.0	12.987
11/25/2017 20:30:17	57.0	55.0	12.4352
11/25/2017 20:30:28	55.0	55.0	13.2124
11/25/2017 20:30:39	53.0	53.0	13.0548
11/25/2017 20:30:50	51.0	51.0	12.987
11/25/2017 20:31:01	50.0	49.0	13.577
11/25/2017 20:31:12	48.0	48.0	14.9215
11/25/2017 20:31:23	48.0	47.0	14.3229
11/25/2017 20:31:34	48.0	47.0	14.5455
11/25/2017 20:31:45	48.0	48.0	14.4737
11/25/2017 20:31:56	50.0	50.0	12.7273
11/25/2017 20:32:07	51.0	51.0	13.2468
11/25/2017 20:32:18	52.0	52.0	13.2124
11/25/2017 20:32:30	53.0	53.0	12.7273
11/25/2017 20:32:41	54.0	53.0	12.7604
11/25/2017 20:32:52	54.0	54.0	12.2715
11/25/2017 20:33:03	55.0	54.0	12.2078
11/25/2017 20:33:14	56.0	55.0	12.7937
11/25/2017 20:33:25	56.0	55.0	13.2812
11/25/2017 20:33:36	57.0	56.0	12.4675
11/25/2017 20:33:47	55.0	54.0	13.7662
11/25/2017 20:33:58	52.0	51.0	14.0625
11/25/2017 20:34:09	50.0	51.0	14.026
11/25/2017 20:34:20	49.0	48.0	13.8743
11/25/2017 20:34:31	47.0	47.0	16.188
11/25/2017 20:34:42	47.0	47.0	13.7662
11/25/2017 20:34:53	48.0	48.0	14.6214
11/25/2017 20:35:04	50.0	50.0	13.2124
11/25/2017 20:35:15	51.0	51.0	13.4715
11/25/2017 20:35:26	51.0	52.0	14.0625
11/25/2017 20:35:37	52.0	53.0	12.9534
11/25/2017 20:35:48	55.0	53.0	13.2812
11/25/2017 20:35:59	54.0	54.0	12.9534
11/25/2017 20:36:10	55.0	54.0	13.7306
11/25/2017 20:36:21	55.0	55.0	13.4715
11/25/2017 20:36:32	56.0	55.0	13.1105
11/25/2017 20:36:43	56.0	56.0	13.6598
11/25/2017 20:36:54	54.0	53.0	12.987
11/25/2017 20:37:05	51.0	51.0	15.4639
11/25/2017 20:37:16	50.0	49.0	13.4715
11/25/2017 20:37:27	48.0	48.0	14.5078
11/25/2017 20:37:38	48.0	48.0	15.285
11/25/2017 20:37:50	48.0	47.0	14.433
11/25/2017 20:38:01	50.0	49.0	14.2857
11/25/2017 20:38:12	51.0	51.0	13.6598
11/25/2017 20:38:23	52.0	52.0	14.2857
11/25/2017 20:38:34	52.0	52.0	12.6943
11/25/2017 20:38:45	54.0	53.0	14.9871
11/25/2017 20:38:56	55.0	54.0	15.0259
11/25/2017 20:39:07	55.0	54.0	12.5326
11/25/2017 20:39:18	56.0	54.0	12.4352
11/25/2017 20:39:29	56.0	55.0	13.8462
11/25/2017 20:39:40	57.0	56.0	12.9534
11/25/2017 20:39:51	55.0	55.0	13.6598
11/25/2017 20:40:02	53.0	52.0	13.9896
11/25/2017 20:40:13	51.0	51.0	16.4103
11/25/2017 20:40:24	49.0	49.0	16.285
11/25/2017 20:40:35	48.0	48.0	14.9485
11/25/2017 20:40:46	47.0	47.0	16.0714
11/25/2017 20:40:57	47.0	47.0	16.8798
11/25/2017 20:41:08	49.0	49.0	14.91
11/25/2017 20:41:19	50.0	51.0	13.6247
11/25/2017 20:41:30	52.0	51.0	13.9535
11/25/2017 20:41:41	53.0	53.0	13.8462
11/25/2017 20:41:52	53.0	53.0	14.0665
11/25/2017 20:42:03	54.0	54.0	13.6951
11/25/2017 20:42:14	55.0	54.0	13.6598
11/25/2017 20:42:25	56.0	55.0	12.4352
11/25/2017 20:42:36	56.0	56.0	13.1443
11/25/2017 20:42:47	57.0	55.0	13.5897
11/25/2017 20:42:58	55.0	54.0	16.5829
11/25/2017 20:43:09	53.0	51.0	16.0714
11/25/2017 20:43:21	51.0	51.0	18.2045
11/25/2017 20:43:32	49.0	49.0	20.6107
11/25/2017 20:43:43	49.0	48.0	18.5279
11/25/2017 20:43:54	48.0	48.0	18.7817
11/25/2017 20:44:05	48.0	47.0	19.8473
11/25/2017 20:44:16	47.0	46.0	24.2574
11/25/2017 20:44:27	48.0	47.0	19.1919
11/25/2017 20:44:38	50.0	49.0	22.3618
11/25/2017 20:44:49	51.0	51.0	21.7822
11/25/2017 20:45:00	53.0	52.0	20.1511
11/25/2017 20:45:11	53.0	54.0	20.0501
11/25/2017 20:45:22	55.0	54.0	22.4691
11/25/2017 20:45:33	55.0	54.0	21
11/25/2017 20:45:44	56.0	55.0	21.2121
11/25/2017 20:45:55	53.0	54.0	23.2274
11/25/2017 20:46:06	51.0	52.0	20.7407
11/25/2017 20:46:17	50.0	50.0	21.0918
11/25/2017 20:46:28	50.0	49.0	23.7374
11/25/2017 20:46:39	49.0	49.0	24.5098
11/25/2017 20:46:50	49.0	48.0	22.67
11/25/2017 20:47:01	48.0	48.0	21.9512
11/25/2017 20:47:12	49.0	48.0	22.6131
11/25/2017 20:47:23	48.0	47.0	23.7745
11/25/2017 20:47:34	49.0	48.0	22.5806
11/25/2017 20:47:45	51.0	50.0	23.5872
11/25/2017 20:47:56	52.0	51.0	27.2953
11/25/2017 20:48:07	54.0	53.0	23.0958
11/25/2017 20:48:18	54.0	54.0	23.6453
11/25/2017 20:48:29	56.0	54.0	22.1951
11/25/2017 20:48:40	57.0	56.0	23.6585
11/25/2017 20:48:51	55.0	54.0	25
11/25/2017 20:49:02	53.0	52.0	25.4854
11/25/2017 20:49:13	52.0	51.0	25.7985
11/25/2017 20:49:24	51.0	50.0	21.1443
11/25/2017 20:49:35	49.0	49.0	22.6044
11/25/2017 20:49:46	50.0	48.0	23.7981
11/25/2017 20:49:57	49.0	48.0	25
11/25/2017 20:50:08	48.0	47.0	23.9709
11/25/2017 20:50:20	48.0	46.0	23.9024
11/25/2017 20:50:31	47.0	46.0	24.5146
11/25/2017 20:50:42	48.0	47.0	25.3012
11/25/2017 20:50:53	48.0	47.0	24.7549
11/25/2017 20:51:04	50.0	49.0	25.6724
11/25/2017 20:51:15	52.0	51.0	25.1196
11/25/2017 20:51:26	53.0	52.0	24.2131
11/25/2017 20:51:37	54.0	53.0	23.9709
11/25/2017 20:51:48	54.0	54.0	25.3589
11/25/2017 20:51:59	55.0	55.0	24.5192
11/25/2017 20:52:10	57.0	56.0	23.913
11/25/2017 20:52:21	55.0	54.0	24.7573
11/25/2017 20:52:32	52.0	51.0	24.6973
11/25/2017 20:52:43	51.0	50.0	25.1799
11/25/2017 20:52:54	50.0	50.0	26.0241
11/25/2017 20:53:05	50.0	49.0	25.2955
11/25/2017 20:53:16	49.0	48.0	26.0143
11/25/2017 20:53:27	49.0	48.0	25.1799
11/25/2017 20:53:38	49.0	48.0	24.5192
11/25/2017 20:53:49	50.0	48.0	24.5783
11/25/2017 20:54:00	48.0	46.0	25
11/25/2017 20:54:11	47.0	46.0	25.1196
11/25/2017 20:54:22	48.0	46.0	25.5924
11/25/2017 20:54:33	48.0	47.0	25.3555
11/25/2017 20:54:44	50.0	49.0	24.8193
11/25/2017 20:54:55	51.0	51.0	22.0339
11/25/2017 20:55:06	52.0	51.0	25.1816
11/25/2017 20:55:17	53.0	53.0	23.43
11/25/2017 20:55:28	54.0	54.0	24.8175
11/25/2017 20:55:39	55.0	55.0	25.6532
11/25/2017 20:55:50	57.0	56.0	25.4854
11/25/2017 20:56:01	54.0	54.0	24.3309
11/25/2017 20:56:12	52.0	52.0	25.1208
11/25/2017 20:56:23	51.0	50.0	25.908
11/25/2017 20:56:34	50.0	50.0	25.5981
11/25/2017 20:56:45	49.0	49.0	26.4286
11/25/2017 20:56:56	49.0	48.0	26.57
11/25/2017 20:57:07	49.0	48.0	26.1391
11/25/2017 20:57:18	48.0	48.0	24.5192
11/25/2017 20:57:30	48.0	47.0	26.0766
11/25/2017 20:57:41	48.0	47.0	25.3589
11/25/2017 20:57:52	47.0	47.0	25.2427
11/25/2017 20:58:03	47.0	47.0	23.4719
11/25/2017 20:58:14	47.0	47.0	23.6145
11/25/2017 20:58:25	49.0	49.0	22.3844
11/25/2017 20:58:36	51.0	51.0	27.0784
11/25/2017 20:58:47	52.0	52.0	25.7831
11/25/2017 20:58:58	53.0	53.0	24.0291
11/25/2017 20:59:09	55.0	54.0	26.969
11/25/2017 20:59:20	55.0	55.0	22.3587
11/25/2017 20:59:31	56.0	56.0	24.8175
11/25/2017 20:59:42	55.0	54.0	22.3844
11/25/2017 20:59:53	53.0	53.0	23.0958
11/25/2017 21:00:04	52.0	52.0	25.7282
11/25/2017 21:00:15	51.0	50.0	27.4038
11/25/2017 21:00:26	50.0	50.0	25
11/25/2017 21:00:37	50.0	49.0	26.3158
11/25/2017 21:00:48	48.0	48.0	25.8454
11/25/2017 21:00:59	49.0	48.0	22.113
11/25/2017 21:01:10	49.0	48.0	19.7531
11/25/2017 21:01:21	47.0	47.0	22.439
11/25/2017 21:01:32	48.0	47.0	23.9024
11/25/2017 21:01:43	47.0	47.0	23.2274
11/25/2017 21:01:54	48.0	47.0	24.2788
11/25/2017 21:02:05	47.0	47.0	24.4552
11/25/2017 21:02:16	47.0	47.0	22.9829
11/25/2017 21:02:27	47.0	47.0	24.0786
11/25/2017 21:02:38	47.0	46.0	22.3587
11/25/2017 21:02:49	47.0	46.0	21.0269
11/25/2017 21:03:00	49.0	49.0	22.9829
11/25/2017 21:03:11	50.0	51.0	21.6749
11/25/2017 21:03:22	52.0	51.0	22.9829
11/25/2017 21:03:33	53.0	53.0	23.7164
11/25/2017 21:03:44	54.0	53.0	23.4719
11/25/2017 21:03:55	57.0	56.0	26.9231
11/25/2017 21:04:06	57.0	56.0	23.4719
11/25/2017 21:04:17	55.0	54.0	20.25
11/25/2017 21:04:28	53.0	53.0	23.7745
11/25/2017 21:04:39	51.0	51.0	23.7164
11/25/2017 21:04:51	50.0	50.0	25.4279
11/25/2017 21:05:02	49.0	49.0	22.9268
11/25/2017 21:05:13	49.0	49.0	22.549
11/25/2017 21:05:24	49.0	48.0	23.3251
11/25/2017 21:05:35	48.0	47.0	23.9609
11/25/2017 21:05:46	48.0	47.0	22.8643
11/25/2017 21:05:57	47.0	48.0	22.0297
11/25/2017 21:06:08	47.0	46.0	23.8329
11/25/2017 21:06:19	48.0	47.0	22.6044
11/25/2017 21:06:30	48.0	46.0	23.9609
11/25/2017 21:06:41	48.0	48.0	21.7284
11/25/2017 21:06:52	51.0	50.0	21.8362
11/25/2017 21:07:03	51.0	52.0	22.4439
11/25/2017 21:07:14	53.0	53.0	20.6549
11/25/2017 21:07:25	54.0	54.0	19.697
11/25/2017 21:07:36	56.0	54.0	25.4279
11/25/2017 21:07:47	58.0	57.0	23.0958
11/25/2017 21:07:58	55.0	54.0	25.3695
11/25/2017 21:08:09	55.0	54.0	17.8667
11/25/2017 21:08:20	51.0	51.0	15.5263
11/25/2017 21:08:31	51.0	50.0	18.2051
11/25/2017 21:08:42	50.0	50.0	14.6667
11/25/2017 21:08:53	49.0	48.0	17.8756
11/25/2017 21:09:04	49.0	47.0	18.5864
11/25/2017 21:09:15	48.0	48.0	17.1429
11/25/2017 21:09:26	49.0	48.0	17.5853
11/25/2017 21:09:37	48.0	47.0	18.1579
11/25/2017 21:09:48	48.0	47.0	18.8976
11/25/2017 21:09:59	47.0	46.0	17.7083
11/25/2017 21:10:10	49.0	48.0	18.5864
11/25/2017 21:10:21	48.0	47.0	14.9215
11/25/2017 21:10:32	47.0	46.0	14.0212
11/25/2017 21:10:43	48.0	47.0	15.2231
11/25/2017 21:10:54	50.0	50.0	11.8734
11/25/2017 21:11:05	51.0	50.0	12.5984
11/25/2017 21:11:17	52.0	52.0	12.3037
11/25/2017 21:11:28	53.0	53.0	12.4011
11/25/2017 21:11:39	54.0	54.0	11.811
11/25/2017 21:11:50	54.0	54.0	12.3037
11/25/2017 21:12:01	55.0	55.0	12.8272
11/25/2017 21:12:12	56.0	55.0	12.3037
11/25/2017 21:12:23	55.0	55.0	12.5326
11/25/2017 21:12:34	52.0	53.0	12.8272
11/25/2017 21:12:45	51.0	51.0	14.9606
11/25/2017 21:12:56	50.0	49.0	13.4211
11/25/2017 21:13:07	49.0	49.0	15.1194
11/25/2017 21:13:18	48.0	48.0	14.7757
11/25/2017 21:13:29	50.0	49.0	20.3655
11/25/2017 21:13:40	48.0	48.0	17.7083
11/25/2017 21:13:51	48.0	48.0	16.4062
11/25/2017 21:14:02	48.0	47.0	18.3246
11/25/2017 21:14:13	48.0	46.0	17.7083
11/25/2017 21:14:24	48.0	47.0	18.3727
11/25/2017 21:14:35	48.0	47.0	18.6352
11/25/2017 21:14:46	48.0	46.0	18.7013
11/25/2017 21:14:57	47.0	48.0	17.8478
11/25/2017 21:15:08	48.0	47.0	19.3717
11/25/2017 21:15:19	48.0	47.0	18.8482
11/25/2017 21:15:30	49.0	47.0	17.6623
11/25/2017 21:15:41	48.0	47.0	18.5864
11/25/2017 21:15:52	47.0	46.0	16.9271
11/25/2017 21:16:03	47.0	47.0	17.6623
11/25/2017 21:16:14	48.0	47.0	18.5379
11/25/2017 21:16:25	50.0	50.0	18.0628
11/25/2017 21:16:36	52.0	52.0	19.0601
11/25/2017 21:16:47	53.0	53.0	17.2324
11/25/2017 21:16:58	54.0	54.0	16.9713
11/25/2017 21:17:09	56.0	55.0	18.2292
11/25/2017 21:17:20	57.0	55.0	18.0628
11/25/2017 21:17:31	55.0	54.0	17.6623
11/25/2017 21:17:43	53.0	53.0	19.5312
11/25/2017 21:17:54	51.0	51.0	20
11/25/2017 21:18:05	51.0	51.0	17.7546
11/25/2017 21:18:16	50.0	50.0	20.5195
11/25/2017 21:18:27	50.0	50.0	17.7083
11/25/2017 21:18:38	50.0	49.0	18.5864
11/25/2017 21:18:49	49.0	48.0	19.9475
11/25/2017 21:19:00	49.0	48.0	20.1571
11/25/2017 21:19:11	48.0	47.0	18.6842
11/25/2017 21:19:22	49.0	47.0	18.0628
11/25/2017 21:19:33	48.0	47.0	19.0601
11/25/2017 21:19:44	49.0	47.0	17.4935
11/25/2017 21:19:55	48.0	47.0	19.3717
11/25/2017 21:20:06	48.0	46.0	17.6623
11/25/2017 21:20:17	48.0	47.0	17.9688
11/25/2017 21:20:28	48.0	46.0	16.273
11/25/2017 21:20:39	47.0	47.0	18.5379
11/25/2017 21:20:50	48.0	47.0	17.0604
11/25/2017 21:21:01	48.0	47.0	18.1102
11/25/2017 21:21:12	47.0	47.0	19.685
11/25/2017 21:21:23	48.0	47.0	16.4921
11/25/2017 21:21:34	50.0	50.0	17.6316
11/25/2017 21:21:45	52.0	51.0	12.0419
11/25/2017 21:21:56	53.0	52.0	11.7801
11/25/2017 21:22:07	53.0	53.0	11.5789
11/25/2017 21:22:18	55.0	54.0	11.8421
11/25/2017 21:22:29	55.0	55.0	12.336
11/25/2017 21:22:40	56.0	55.0	12.0735
11/25/2017 21:22:51	56.0	55.0	13.089
11/25/2017 21:23:02	55.0	54.0	12.8947
11/25/2017 21:23:13	52.0	52.0	12.0735
11/25/2017 21:23:24	51.0	51.0	13.3858
11/25/2017 21:23:35	50.0	50.0	14.2857
11/25/2017 21:23:46	50.0	49.0	12.5984
11/25/2017 21:23:57	49.0	48.0	14.3979
11/25/2017 21:24:09	48.0	47.0	13.9842
11/25/2017 21:24:20	48.0	47.0	15.2632
11/25/2017 21:24:31	48.0	47.0	18.2768
11/25/2017 21:24:42	48.0	47.0	17.8478
11/25/2017 21:24:53	48.0	47.0	19.5822
11/25/2017 21:25:04	48.0	47.0	19.0104
11/25/2017 21:25:15	48.0	47.0	19.7368
11/25/2017 21:25:26	48.0	47.0	17.9221
11/25/2017 21:25:37	48.0	47.0	19.3211
11/25/2017 21:25:48	48.0	46.0	19.2708
11/25/2017 21:25:59	48.0	47.0	19.8953
11/25/2017 21:26:10	48.0	47.0	20.1044
11/25/2017 21:26:21	48.0	47.0	18.8482
11/25/2017 21:26:32	47.0	47.0	18.0628
11/25/2017 21:26:43	48.0	47.0	16.6667
11/25/2017 21:26:54	48.0	47.0	18.1102
11/25/2017 21:27:05	47.0	46.0	17.7546
11/25/2017 21:27:16	50.0	49.0	18.8482
11/25/2017 21:27:27	51.0	51.0	18.5864
11/25/2017 21:27:38	52.0	53.0	18.4896
11/25/2017 21:27:49	55.0	54.0	19.7368
11/25/2017 21:28:00	55.0	54.0	16.3636
11/25/2017 21:28:11	56.0	56.0	21.466
11/25/2017 21:28:22	57.0	56.0	20.8877
11/25/2017 21:28:33	55.0	55.0	19.6335
11/25/2017 21:28:44	54.0	53.0	18.5379
11/25/2017 21:28:55	52.0	51.0	18.0628
11/25/2017 21:29:06	50.0	50.0	17.4479
11/25/2017 21:29:17	50.0	50.0	20.1044
11/25/2017 21:29:28	50.0	49.0	19.0104
11/25/2017 21:29:39	49.0	48.0	17.7083
11/25/2017 21:29:50	49.0	48.0	17.2775
11/25/2017 21:30:01	49.0	48.0	17.0604
11/25/2017 21:30:12	48.0	48.0	18.5864
11/25/2017 21:30:23	48.0	47.0	18.6528
11/25/2017 21:30:34	48.0	47.0	16.1458
11/25/2017 21:30:45	48.0	48.0	16.9312
11/25/2017 21:30:56	48.0	47.0	18.5864
11/25/2017 21:31:08	48.0	47.0	16.9713
11/25/2017 21:31:19	49.0	48.0	18.0628
11/25/2017 21:31:30	51.0	50.0	18.3246
11/25/2017 21:31:41	52.0	52.0	19.8433
11/25/2017 21:31:52	53.0	53.0	17.4935
11/25/2017 21:32:03	55.0	54.0	17.4026
11/25/2017 21:32:14	56.0	55.0	19.7403
11/25/2017 21:32:25	57.0	55.0	16.188
11/25/2017 21:32:36	55.0	53.0	16.8394
11/25/2017 21:32:47	53.0	52.0	17.9221
11/25/2017 21:32:58	51.0	51.0	17.6623
11/25/2017 21:33:09	51.0	51.0	17.801
11/25/2017 21:33:20	50.0	49.0	18.1818
11/25/2017 21:33:31	50.0	48.0	18.8482
11/25/2017 21:33:42	49.0	48.0	19.3717
11/25/2017 21:33:53	49.0	48.0	19.685
11/25/2017 21:34:04	49.0	48.0	19.7403
11/25/2017 21:34:15	49.0	48.0	17.5393
11/25/2017 21:34:26	48.0	47.0	17.3127
11/25/2017 21:34:37	49.0	48.0	19.0601
11/25/2017 21:34:48	49.0	47.0	17.8947
11/25/2017 21:34:59	48.0	47.0	18.2292
11/25/2017 21:35:10	48.0	47.0	19.6891
11/25/2017 21:35:21	48.0	48.0	17.0157
11/25/2017 21:35:32	49.0	48.0	18.4896
11/25/2017 21:35:43	48.0	48.0	20.7349
11/25/2017 21:35:54	49.0	48.0	18.799
11/25/2017 21:36:05	49.0	48.0	18.8482
11/25/2017 21:36:16	48.0	48.0	18.5379
11/25/2017 21:36:27	48.0	48.0	19.6891
11/25/2017 21:36:38	49.0	48.0	21.7054
11/25/2017 21:36:49	50.0	48.0	19.5876
11/25/2017 21:37:00	50.0	49.0	21.9638
11/25/2017 21:37:11	51.0	49.0	19.2208
11/25/2017 21:37:22	51.0	49.0	21.9072
11/25/2017 21:37:33	51.0	50.0	20.5656
11/25/2017 21:37:44	50.0	50.0	21.7054
11/25/2017 21:37:55	50.0	49.0	19.3299
11/25/2017 21:38:06	50.0	49.0	22.1649
11/25/2017 21:38:17	50.0	50.0	19.5876
11/25/2017 21:38:28	50.0	50.0	20.3608
11/25/2017 21:38:39	50.0	50.0	20
11/25/2017 21:38:50	51.0	50.0	23.5142
11/25/2017 21:39:02	51.0	50.0	19.3299
11/25/2017 21:39:13	51.0	50.0	18.9119
11/25/2017 21:39:24	51.0	50.0	15.2632
11/25/2017 21:39:35	48.0	48.0	19.5251
11/25/2017 21:39:46	50.0	48.0	19.1601
11/25/2017 21:39:57	49.0	48.0	17.801
11/25/2017 21:40:08	48.0	48.0	16.1039
11/25/2017 21:40:19	49.0	47.0	19.2208
11/25/2017 21:40:30	49.0	48.0	17.0157
11/25/2017 21:40:41	49.0	48.0	18.4896
11/25/2017 21:40:52	48.0	47.0	15.625
11/25/2017 21:41:03	48.0	47.0	16.6667
11/25/2017 21:41:14	47.0	47.0	15.7623
11/25/2017 21:41:25	47.0	47.0	16.4491
11/25/2017 21:41:36	50.0	48.0	18.4416
11/25/2017 21:41:47	50.0	50.0	16.6234
11/25/2017 21:41:58	52.0	52.0	15.6658
11/25/2017 21:42:09	54.0	53.0	19.6335
11/25/2017 21:42:20	55.0	54.0	18.0628
11/25/2017 21:42:31	56.0	54.0	16.7539
11/25/2017 21:42:42	56.0	56.0	16.7979
11/25/2017 21:42:53	54.0	53.0	16.273
11/25/2017 21:43:04	52.0	52.0	17.2775
11/25/2017 21:43:15	51.0	50.0	18.1579
11/25/2017 21:43:26	50.0	49.0	18.799
11/25/2017 21:43:37	49.0	49.0	15.8031
11/25/2017 21:43:48	49.0	48.0	18.6842
11/25/2017 21:43:59	49.0	47.0	19.6335
11/25/2017 21:44:10	48.0	47.0	16.3636
11/25/2017 21:44:21	48.0	47.0	17.7546
11/25/2017 21:44:32	47.0	46.0	18.6528
11/25/2017 21:44:43	49.0	49.0	17.4935
11/25/2017 21:44:54	51.0	50.0	18.0157
11/25/2017 21:45:05	52.0	52.0	17.8295
11/25/2017 21:45:16	54.0	54.0	17.2775
11/25/2017 21:45:27	54.0	54.0	17.0604
11/25/2017 21:45:38	55.0	56.0	17.1429
11/25/2017 21:45:49	57.0	57.0	17.9688
11/25/2017 21:46:01	54.0	54.0	18.961
11/25/2017 21:46:12	53.0	53.0	18.5379
11/25/2017 21:46:23	51.0	50.0	18.799
11/25/2017 21:46:34	50.0	49.0	17.4935
11/25/2017 21:46:45	49.0	48.0	16.7539
11/25/2017 21:46:56	49.0	48.0	16.1039
11/25/2017 21:47:07	47.0	47.0	17.7546
11/25/2017 21:47:18	48.0	47.0	16.9713
11/25/2017 21:47:29	50.0	48.0	17.9688
11/25/2017 21:47:40	51.0	51.0	17.3228
11/25/2017 21:47:51	53.0	52.0	17.9688
11/25/2017 21:48:02	54.0	52.0	20.0521
11/25/2017 21:48:13	55.0	54.0	19.2708
11/25/2017 21:48:24	55.0	55.0	18.9474
11/25/2017 21:48:35	57.0	56.0	17.4479
11/25/2017 21:48:46	54.0	54.0	18.4416
11/25/2017 21:48:57	52.0	52.0	15.5039
11/25/2017 21:49:08	50.0	50.0	16.4491
11/25/2017 21:49:19	50.0	49.0	17.4142
11/25/2017 21:49:30	49.0	48.0	18.3727
11/25/2017 21:49:41	48.0	47.0	19.2612
11/25/2017 21:49:52	48.0	47.0	17.0604
11/25/2017 21:50:03	48.0	47.0	19.7403
11/25/2017 21:50:14	48.0	48.0	18.5379
11/25/2017 21:50:25	50.0	49.0	17.2775
11/25/2017 21:50:36	51.0	51.0	16.6667
11/25/2017 21:50:47	52.0	52.0	19.8966
11/25/2017 21:50:58	53.0	53.0	18.5864
11/25/2017 21:51:09	54.0	54.0	17.1875
11/25/2017 21:51:20	55.0	55.0	15.9686
11/25/2017 21:51:31	57.0	56.0	17.2324
11/25/2017 21:51:42	54.0	53.0	17.4935
11/25/2017 21:51:53	53.0	52.0	17.2775
11/25/2017 21:52:04	51.0	50.0	16.9713
11/25/2017 21:52:15	49.0	48.0	19.4301
11/25/2017 21:52:26	49.0	48.0	18.8976
11/25/2017 21:52:37	47.0	46.0	17.4935
11/25/2017 21:52:48	47.0	47.0	17.4935
11/25/2017 21:52:59	50.0	49.0	17.6623
11/25/2017 21:53:10	51.0	51.0	17.1429
11/25/2017 21:53:22	53.0	52.0	19.2708
11/25/2017 21:53:33	54.0	53.0	17.4026
11/25/2017 21:53:44	55.0	54.0	19.0104
11/25/2017 21:53:55	55.0	54.0	16.7539
11/25/2017 21:54:06	57.0	56.0	17.7083
11/25/2017 21:54:17	56.0	55.0	19.171
11/25/2017 21:54:28	53.0	53.0	17.6623
11/25/2017 21:54:39	51.0	51.0	16.1458
11/25/2017 21:54:50	50.0	49.0	16.273
11/25/2017 21:55:01	49.0	48.0	19.3211
11/25/2017 21:55:12	48.0	47.0	18.0157
11/25/2017 21:55:23	47.0	47.0	18.2292
11/25/2017 21:55:34	48.0	47.0	17.4935
11/25/2017 21:55:45	47.0	47.0	17.7546
11/25/2017 21:55:56	49.0	48.0	16.9271
11/25/2017 21:56:07	51.0	50.0	17.1875
11/25/2017 21:56:18	52.0	52.0	17.9688
11/25/2017 21:56:29	53.0	53.0	17.801
11/25/2017 21:56:40	55.0	54.0	15.748
11/25/2017 21:56:51	55.0	54.0	19.2208
11/25/2017 21:57:02	56.0	55.0	18.2292
11/25/2017 21:57:13	57.0	56.0	16.7979
11/25/2017 21:57:24	54.0	53.0	19.1601
11/25/2017 21:57:35	52.0	51.0	16.5354
11/25/2017 21:57:46	50.0	49.0	19.3717
11/25/2017 21:57:57	49.0	49.0	18.2292
11/25/2017 21:58:08	49.0	48.0	17.3228
11/25/2017 21:58:19	48.0	48.0	18.4896
11/25/2017 21:58:30	48.0	47.0	18.2768
11/25/2017 21:58:41	48.0	48.0	18.5379
11/25/2017 21:58:52	50.0	49.0	17.801
11/25/2017 21:59:03	51.0	51.0	15.7895
11/25/2017 21:59:14	53.0	53.0	19.0104
11/25/2017 21:59:25	54.0	53.0	18.961
11/25/2017 21:59:36	55.0	54.0	18.8482
11/25/2017 21:59:47	56.0	55.0	20
11/25/2017 21:59:58	57.0	55.0	20.2597
11/25/2017 22:00:10	52.0	52.0	17.7083
11/25/2017 22:00:21	51.0	51.0	18.6352
11/25/2017 22:00:32	50.0	49.0	16.6667
11/25/2017 22:00:43	49.0	48.0	19.0104
11/25/2017 22:00:54	49.0	47.0	18.799
11/25/2017 22:01:05	48.0	46.0	18.5864
11/25/2017 22:01:16	48.0	47.0	17.7546
11/25/2017 22:01:27	50.0	49.0	18.0157
11/25/2017 22:01:38	51.0	51.0	19.4805
11/25/2017 22:01:49	53.0	52.0	14.1732
11/25/2017 22:02:00	53.0	53.0	19.8953
11/25/2017 22:02:11	54.0	54.0	18.4416
11/25/2017 22:02:22	55.0	55.0	19.3211
11/25/2017 22:02:33	56.0	55.0	18.6842
11/25/2017 22:02:44	55.0	55.0	20.9424
11/25/2017 22:02:55	53.0	53.0	16.4921
11/25/2017 22:03:06	51.0	51.0	16.2304
11/25/2017 22:03:17	51.0	51.0	18.7013
11/25/2017 22:03:28	50.0	48.0	17.801
11/25/2017 22:03:39	48.0	48.0	18.3727
11/25/2017 22:03:50	48.0	47.0	18.1818
11/25/2017 22:04:01	48.0	48.0	19.8953
11/25/2017 22:04:12	50.0	50.0	19.8953
11/25/2017 22:04:23	52.0	51.0	17.0984
11/25/2017 22:04:34	53.0	53.0	18.4896
11/25/2017 22:04:45	54.0	54.0	17.9221
11/25/2017 22:04:56	55.0	54.0	16.1039
11/25/2017 22:05:07	56.0	56.0	18.5864
11/25/2017 22:05:18	56.0	56.0	20.4724
11/25/2017 22:05:29	54.0	53.0	17.1875
11/25/2017 22:05:40	52.0	51.0	20.7349
11/25/2017 22:05:51	50.0	50.0	17.1429
11/25/2017 22:06:02	49.0	48.0	17.6623
11/25/2017 22:06:13	49.0	47.0	17.2775
11/25/2017 22:06:24	49.0	47.0	18.4416
11/25/2017 22:06:35	48.0	47.0	15.8854
11/25/2017 22:06:46	48.0	47.0	16.8831
11/25/2017 22:06:57	48.0	47.0	18.3246
11/25/2017 22:07:08	50.0	49.0	20.4188
11/25/2017 22:07:19	51.0	51.0	19.2708
11/25/2017 22:07:30	54.0	53.0	17.4026
11/25/2017 22:07:42	54.0	53.0	19.1099
11/25/2017 22:07:53	55.0	54.0	16.7102
11/25/2017 22:08:04	56.0	55.0	18.2768
11/25/2017 22:08:15	56.0	55.0	17.2775
11/25/2017 22:08:26	53.0	54.0	18.0157
11/25/2017 22:08:37	51.0	51.0	17.2775
11/25/2017 22:08:48	50.0	50.0	18.1579
11/25/2017 22:08:59	50.0	49.0	19.0601
11/25/2017 22:09:10	49.0	48.0	17.5393
11/25/2017 22:09:21	49.0	48.0	19.7403
11/25/2017 22:09:32	48.0	48.0	19.3211
11/25/2017 22:09:43	48.0	48.0	20.1571
11/25/2017 22:09:54	48.0	48.0	16.3636
11/25/2017 22:10:05	47.0	47.0	19.5822
11/25/2017 22:10:16	48.0	46.0	17.7546
11/25/2017 22:10:27	50.0	49.0	17.6166
11/25/2017 22:10:38	51.0	51.0	16.3636
11/25/2017 22:10:49	52.0	53.0	18.2292
11/25/2017 22:11:00	54.0	52.0	15.625
11/25/2017 22:11:11	55.0	54.0	19.2208
11/25/2017 22:11:22	56.0	56.0	18.961
11/25/2017 22:11:33	57.0	56.0	17.3575
11/25/2017 22:11:44	54.0	53.0	18.863
11/25/2017 22:11:55	51.0	51.0	16.9271
11/25/2017 22:12:06	51.0	51.0	16.4062
11/25/2017 22:12:17	51.0	50.0	18.5379
11/25/2017 22:12:28	50.0	48.0	20.2597
11/25/2017 22:12:39	49.0	48.0	18.5379
11/25/2017 22:12:50	48.0	48.0	16.3212
11/25/2017 22:13:01	48.0	48.0	18.6528
11/25/2017 22:13:12	48.0	48.0	19.6335
11/25/2017 22:13:23	47.0	47.0	19.0104
11/25/2017 22:13:34	48.0	47.0	19.8433
11/25/2017 22:13:45	48.0	47.0	19.1099
11/25/2017 22:13:56	48.0	48.0	16.7979
11/25/2017 22:14:07	51.0	50.0	16.3588
11/25/2017 22:14:18	52.0	51.0	20.5729
11/25/2017 22:14:29	54.0	53.0	20.1044
11/25/2017 22:14:40	57.0	54.0	16.188
11/25/2017 22:14:52	56.0	55.0	18.5864
11/25/2017 22:15:03	56.0	56.0	18.75
11/25/2017 22:15:14	55.0	54.0	18.0157
11/25/2017 22:15:25	53.0	53.0	21.0526
11/25/2017 22:15:36	52.0	51.0	23.1959
11/25/2017 22:15:47	52.0	52.0	19.6382
11/25/2017 22:15:58	52.0	51.0	18.509
11/25/2017 22:16:09	52.0	51.0	16.8394
11/25/2017 22:16:20	51.0	51.0	19.4805
11/25/2017 22:16:31	52.0	50.0	21.1886
11/25/2017 22:16:42	52.0	51.0	19.5876
11/25/2017 22:16:53	51.0	50.0	20.2597
11/25/2017 22:17:04	50.0	50.0	21.2366
11/25/2017 22:17:15	49.0	48.0	18.1347
11/25/2017 22:17:26	49.0	48.0	17.1429
11/25/2017 22:17:37	49.0	48.0	16.8394
11/25/2017 22:17:48	49.0	48.0	17.2324
11/25/2017 22:17:59	49.0	47.0	18.4896
11/25/2017 22:18:10	48.0	48.0	18.961
11/25/2017 22:18:21	48.0	46.0	18.4896
11/25/2017 22:18:32	48.0	47.0	19.1601
11/25/2017 22:18:43	47.0	47.0	18.2768
11/25/2017 22:18:54	47.0	47.0	16.188
11/25/2017 22:19:05	47.0	46.0	20.1044
11/25/2017 22:19:16	49.0	49.0	16.4062
11/25/2017 22:19:27	51.0	50.0	17.4026
11/25/2017 22:19:38	52.0	52.0	17.4935
11/25/2017 22:19:49	54.0	53.0	17.1875
11/25/2017 22:20:00	55.0	55.0	17.9688
11/25/2017 22:20:11	56.0	56.0	17.7083
11/25/2017 22:20:22	56.0	56.0	19.1099
11/25/2017 22:20:33	56.0	54.0	16.4062
11/25/2017 22:20:44	53.0	53.0	16.9713
11/25/2017 22:20:55	51.0	51.0	19.0104
11/25/2017 22:21:06	51.0	50.0	17.5393
11/25/2017 22:21:17	50.0	49.0	17.5393
11/25/2017 22:21:28	50.0	49.0	20.5195
11/25/2017 22:21:39	49.0	48.0	16.7102
11/25/2017 22:21:50	48.0	48.0	16.1039
11/25/2017 22:22:01	48.0	48.0	19.7917
11/25/2017 22:22:13	48.0	47.0	18.1102
11/25/2017 22:22:24	48.0	48.0	19.7403
11/25/2017 22:22:35	48.0	47.0	19.5822
11/25/2017 22:22:46	48.0	48.0	18.4211
11/25/2017 22:22:57	48.0	47.0	20.1571
11/25/2017 22:23:08	48.0	47.0	17.2775
11/25/2017 22:23:19	48.0	47.0	17.1875
11/25/2017 22:23:30	47.0	46.0	18.6528
11/25/2017 22:23:41	49.0	48.0	16.8831
11/25/2017 22:23:52	51.0	50.0	17.0157
11/25/2017 22:24:03	52.0	51.0	18.5864
11/25/2017 22:24:14	53.0	53.0	17.5393
11/25/2017 22:24:25	55.0	54.0	17.7083
11/25/2017 22:24:36	56.0	55.0	18.75
11/25/2017 22:24:47	57.0	55.0	18.5379
11/25/2017 22:24:58	54.0	53.0	17.1875
11/25/2017 22:25:09	52.0	51.0	17.7083
11/25/2017 22:25:20	51.0	51.0	19.3211
11/25/2017 22:25:31	51.0	51.0	21.0938
11/25/2017 22:25:42	50.0	49.0	19.0601
11/25/2017 22:25:53	50.0	49.0	18.0628
11/25/2017 22:26:04	49.0	48.0	19.1099
11/25/2017 22:26:15	49.0	48.0	17.1875
11/25/2017 22:26:26	49.0	49.0	19.3211
11/25/2017 22:26:37	49.0	48.0	16.8394
11/25/2017 22:26:48	49.0	48.0	19.0104
11/25/2017 22:26:59	49.0	47.0	20.8333
11/25/2017 22:27:10	50.0	49.0	20.7254
11/25/2017 22:27:21	50.0	50.0	19.5312
11/25/2017 22:27:32	50.0	50.0	19.3299
11/25/2017 22:27:43	50.0	49.0	18.299
11/25/2017 22:27:54	50.0	50.0	19.7917
11/25/2017 22:28:05	51.0	50.0	20.7692
11/25/2017 22:28:16	50.0	49.0	22.5389
11/25/2017 22:28:27	50.0	50.0	17.4026
11/25/2017 22:28:38	51.0	50.0	19.0722
11/25/2017 22:28:49	51.0	49.0	19.3798
11/25/2017 22:29:00	51.0	50.0	19.0231
11/25/2017 22:29:11	52.0	51.0	21.3918
11/25/2017 22:29:22	51.0	51.0	21.134
11/25/2017 22:29:33	51.0	51.0	19.5876
11/25/2017 22:29:44	50.0	50.0	20.155
11/25/2017 22:29:55	50.0	50.0	20.6718
11/25/2017 22:30:06	50.0	50.0	18.0157
11/25/2017 22:30:17	51.0	51.0	19.3299
11/25/2017 22:30:28	50.0	50.0	21.5584
11/25/2017 22:30:40	52.0	50.0	22.1354
11/25/2017 22:30:51	51.0	49.0	20.0514
11/25/2017 22:31:02	51.0	50.0	19.5312
11/25/2017 22:31:13	52.0	50.0	23.3161
11/25/2017 22:31:24	52.0	51.0	23.057
11/25/2017 22:31:35	50.0	50.0	19.8454
11/25/2017 22:31:46	50.0	49.0	18.5864
11/25/2017 22:31:57	50.0	50.0	20.4663
11/25/2017 22:32:08	51.0	50.0	20.7792
11/25/2017 22:32:19	51.0	51.0	19.0104
11/25/2017 22:32:30	51.0	50.0	19.3798
11/25/2017 22:32:41	50.0	49.0	18.863
11/25/2017 22:32:52	50.0	50.0	21.2987
11/25/2017 22:33:03	51.0	50.0	12.5984
11/25/2017 22:33:14	49.0	48.0	13.1579
11/25/2017 22:33:25	48.0	48.0	13.577
11/25/2017 22:33:36	47.0	47.0	12.7321
11/25/2017 22:33:47	48.0	48.0	12.0104
11/25/2017 22:33:58	50.0	50.0	14.1732
11/25/2017 22:34:09	53.0	54.0	13.3858
11/25/2017 22:34:20	53.0	52.0	16.188
11/25/2017 22:34:31	55.0	54.0	20.4134
11/25/2017 22:34:42	58.0	56.0	20.9845
11/25/2017 22:34:53	58.0	56.0	18.961
11/25/2017 22:35:04	56.0	55.0	21.5584
11/25/2017 22:35:15	53.0	53.0	21.5385
11/25/2017 22:35:26	54.0	53.0	19.1214
11/25/2017 22:35:37	53.0	52.0	20.6718
11/25/2017 22:35:48	53.0	51.0	18.6528
11/25/2017 22:35:59	52.0	51.0	20.2597
11/25/2017 22:36:10	53.0	51.0	21.447
11/25/2017 22:36:21	52.0	52.0	19.171
11/25/2017 22:36:32	52.0	51.0	22.4227
11/25/2017 22:36:43	51.0	51.0	22.4806
11/25/2017 22:36:54	52.0	51.0	21.8182
11/25/2017 22:37:05	51.0	51.0	19.0722
11/25/2017 22:37:16	53.0	51.0	18.2292
11/25/2017 22:37:27	52.0	51.0	19.7943
11/25/2017 22:37:38	51.0	51.0	20.6186
11/25/2017 22:37:49	52.0	51.0	19.2208
11/25/2017 22:38:00	51.0	51.0	20.4134
11/25/2017 22:38:11	51.0	51.0	20.5195
11/25/2017 22:38:22	51.0	51.0	21.0938
11/25/2017 22:38:33	52.0	51.0	18.9119
11/25/2017 22:38:44	51.0	50.0	21.3542
11/25/2017 22:38:55	51.0	51.0	22.1354
11/25/2017 22:39:06	51.0	51.0	22.2798
11/25/2017 22:39:17	52.0	51.0	19.0104
11/25/2017 22:39:28	52.0	51.0	21.9638
11/25/2017 22:39:39	52.0	51.0	19.171
11/25/2017 22:39:50	52.0	51.0	18.6528
11/25/2017 22:40:02	50.0	50.0	17.5711
11/25/2017 22:40:13	51.0	50.0	19.0722
11/25/2017 22:40:24	51.0	51.0	20.9845
11/25/2017 22:40:35	51.0	51.0	19.171
11/25/2017 22:40:46	52.0	51.0	20.2597
11/25/2017 22:40:57	51.0	51.0	19.8454
11/25/2017 22:41:08	51.0	51.0	19.171
11/25/2017 22:41:19	52.0	51.0	21.2987
11/25/2017 22:41:30	51.0	51.0	18.4896
11/25/2017 22:41:41	52.0	51.0	21.039
11/25/2017 22:41:52	51.0	51.0	19.8966
11/25/2017 22:42:03	51.0	51.0	20.6186
11/25/2017 22:42:14	51.0	51.0	20.9845
11/25/2017 22:42:25	50.0	50.0	18.6047
11/25/2017 22:42:36	52.0	50.0	20.2073
11/25/2017 22:42:47	52.0	50.0	19.2208
11/25/2017 22:42:58	51.0	50.0	20.8333
11/25/2017 22:43:09	51.0	49.0	19.6382
11/25/2017 22:43:20	51.0	50.0	19.0104
11/25/2017 22:43:31	51.0	49.0	18.1347
11/25/2017 22:43:42	51.0	50.0	19.3798
11/25/2017 22:43:53	50.0	50.0	20.1044
11/25/2017 22:44:04	50.0	49.0	19.5876
11/25/2017 22:44:15	50.0	48.0	18.8482
11/25/2017 22:44:26	50.0	48.0	22.2798
11/25/2017 22:44:37	50.0	48.0	18.299
11/25/2017 22:44:48	49.0	48.0	19.0601
11/25/2017 22:44:59	50.0	48.0	21.875
11/25/2017 22:45:10	50.0	48.0	22.7154
11/25/2017 22:45:21	49.0	48.0	20.155
11/25/2017 22:45:32	48.0	47.0	19.6382
11/25/2017 22:45:43	49.0	48.0	22.1354
11/25/2017 22:45:54	50.0	48.0	21.5584
11/25/2017 22:46:05	49.0	48.0	17.9221
11/25/2017 22:46:16	49.0	47.0	19.4226
11/25/2017 22:46:27	48.0	48.0	18.6047
11/25/2017 22:46:38	51.0	50.0	20.7254
11/25/2017 22:46:49	52.0	52.0	18.75
11/25/2017 22:47:00	55.0	53.0	19.6891
11/25/2017 22:47:11	55.0	54.0	20.8226
11/25/2017 22:47:22	57.0	56.0	18.3938
11/25/2017 22:47:33	57.0	55.0	20
11/25/2017 22:47:44	54.0	53.0	20
11/25/2017 22:47:55	53.0	52.0	21.3918
11/25/2017 22:48:06	51.0	51.0	19.5822
11/25/2017 22:48:17	51.0	50.0	20.3125
11/25/2017 22:48:28	50.0	50.0	18.75
11/25/2017 22:48:39	50.0	49.0	19.7403
11/25/2017 22:48:50	50.0	50.0	19.171
11/25/2017 22:49:01	49.0	49.0	17.7835
11/25/2017 22:49:12	50.0	49.0	17.801
11/25/2017 22:49:23	49.0	47.0	23.1169
11/25/2017 22:49:34	49.0	48.0	20
11/25/2017 22:49:45	50.0	48.0	18.6047
11/25/2017 22:49:56	48.0	48.0	20.155
11/25/2017 22:50:07	49.0	48.0	18.9119
11/25/2017 22:50:18	49.0	47.0	18.6047
11/25/2017 22:50:29	49.0	47.0	20.2073
11/25/2017 22:50:40	49.0	48.0	16.6234
11/25/2017 22:50:51	52.0	51.0	20.7254
11/25/2017 22:51:02	54.0	52.0	22.2222
11/25/2017 22:51:14	55.0	54.0	18.8976
11/25/2017 22:51:25	57.0	56.0	18.3938
11/25/2017 22:51:36	56.0	56.0	19.0722
11/25/2017 22:51:47	54.0	54.0	18.961
11/25/2017 22:51:58	54.0	52.0	19.7403
11/25/2017 22:52:09	51.0	51.0	12.5654
11/25/2017 22:52:20	49.0	49.0	12.7937
11/25/2017 22:52:31	48.0	48.0	15.1832
11/25/2017 22:52:42	48.0	47.0	16.4021
11/25/2017 22:52:53	50.0	49.0	12.8947
11/25/2017 22:53:04	51.0	51.0	13.4565
11/25/2017 22:53:15	52.0	52.0	12.8272
11/25/2017 22:53:26	53.0	53.0	12.2715
11/25/2017 22:53:37	54.0	53.0	12.6316
11/25/2017 22:53:48	55.0	53.0	12.0735
11/25/2017 22:53:59	55.0	55.0	11.3456
11/25/2017 22:54:10	56.0	55.0	12.2396
11/25/2017 22:54:21	56.0	55.0	11.0236
11/25/2017 22:54:32	57.0	55.0	12.5326
11/25/2017 22:54:43	55.0	54.0	12.8272
11/25/2017 22:54:54	52.0	52.0	12.6649
11/25/2017 22:55:05	51.0	50.0	13.8743
11/25/2017 22:55:16	49.0	48.0	14.9606
11/25/2017 22:55:27	48.0	47.0	13.6842
11/25/2017 22:55:38	48.0	47.0	12.6984
11/25/2017 22:55:49	50.0	49.0	13.089
11/25/2017 22:56:00	50.0	50.0	12.3037
11/25/2017 22:56:11	52.0	51.0	12.6316
11/25/2017 22:56:22	53.0	53.0	12.3037
11/25/2017 22:56:33	53.0	53.0	12.2715
11/25/2017 22:56:44	55.0	53.0	12.3684
11/25/2017 22:56:55	55.0	54.0	12.2396
11/25/2017 22:57:06	56.0	54.0	12.336
11/25/2017 22:57:18	56.0	55.0	12.5984
11/25/2017 22:57:29	57.0	55.0	11.2565
11/25/2017 22:57:40	56.0	55.0	12.336
11/25/2017 22:57:51	52.0	52.0	12.6984
11/25/2017 22:58:02	50.0	51.0	13.6126
11/25/2017 22:58:13	49.0	48.0	12.6649
11/25/2017 22:58:24	48.0	47.0	15.0794
11/25/2017 22:58:35	47.0	47.0	12.3684
11/25/2017 22:58:46	49.0	49.0	11.5486
11/25/2017 22:58:57	51.0	50.0	12.5654
11/25/2017 22:59:08	52.0	51.0	11.8734
11/25/2017 22:59:19	52.0	53.0	12.8947
11/25/2017 22:59:30	54.0	53.0	11.5789
11/25/2017 22:59:41	54.0	54.0	11.5789
11/25/2017 22:59:52	55.0	54.0	11.7493
11/25/2017 23:00:03	56.0	55.0	10.9661
11/25/2017 23:00:14	56.0	55.0	11.1979
11/25/2017 23:00:25	57.0	55.0	11.2861
11/25/2017 23:00:36	53.0	53.0	12.8947
11/25/2017 23:00:47	51.0	51.0	11.4883
11/25/2017 23:00:58	50.0	50.0	12.6316
11/25/2017 23:01:09	49.0	47.0	13.6126
11/25/2017 23:01:20	47.0	47.0	12.3037
11/25/2017 23:01:31	49.0	48.0	12.6316
11/25/2017 23:01:42	50.0	50.0	11.1406
11/25/2017 23:01:53	51.0	51.0	12.1372
11/25/2017 23:02:04	52.0	52.0	12.1053
11/25/2017 23:02:15	53.0	53.0	11.5486
11/25/2017 23:02:26	55.0	54.0	12.1372
11/25/2017 23:02:37	55.0	54.0	12.7937
11/25/2017 23:02:48	56.0	55.0	12.8272
11/25/2017 23:03:00	57.0	55.0	11.9792
11/25/2017 23:03:11	57.0	56.0	12.0419
11/25/2017 23:03:22	55.0	54.0	12.1053
11/25/2017 23:03:33	53.0	52.0	13.4565
11/25/2017 23:03:44	51.0	50.0	13.4565
11/25/2017 23:03:55	49.0	49.0	12.0735
11/25/2017 23:04:06	48.0	47.0	13.9474
11/25/2017 23:04:17	48.0	46.0	12.6984
11/25/2017 23:04:28	50.0	49.0	13.7203
11/25/2017 23:04:39	51.0	50.0	11.3158
11/25/2017 23:04:50	51.0	51.0	11.811
11/25/2017 23:05:01	53.0	52.0	12.7937
11/25/2017 23:05:12	54.0	53.0	11.811
11/25/2017 23:05:23	54.0	54.0	11.2565
11/25/2017 23:05:34	55.0	54.0	12.336
11/25/2017 23:05:45	55.0	55.0	13.2468
11/25/2017 23:05:56	57.0	55.0	11.7188
11/25/2017 23:06:07	56.0	56.0	11.4286
11/25/2017 23:06:18	57.0	56.0	11.4883
11/25/2017 23:06:29	55.0	54.0	12.0419
11/25/2017 23:06:40	51.0	51.0	13.9474
11/25/2017 23:06:51	50.0	49.0	13.6842
11/25/2017 23:07:02	49.0	48.0	12.9973
11/25/2017 23:07:13	48.0	46.0	12.0735
11/25/2017 23:07:24	49.0	48.0	13.4565
11/25/2017 23:07:35	50.0	50.0	13.9108
11/25/2017 23:07:46	52.0	50.0	12.0419
11/25/2017 23:07:57	52.0	52.0	12.0735
11/25/2017 23:08:08	53.0	53.0	12.5654
11/25/2017 23:08:19	54.0	53.0	12.0419
11/25/2017 23:08:31	55.0	54.0	11.2861
11/25/2017 23:08:42	55.0	54.0	13.4565
11/25/2017 23:08:53	56.0	55.0	11.5183
11/25/2017 23:09:04	57.0	55.0	11.6883
11/25/2017 23:09:15	56.0	55.0	12.1053
11/25/2017 23:09:26	53.0	53.0	12.2715
11/25/2017 23:09:37	51.0	51.0	12.0419
11/25/2017 23:09:48	49.0	49.0	12.4011
11/25/2017 23:09:59	48.0	47.0	12.7937
11/25/2017 23:10:10	48.0	46.0	12.3684
11/25/2017 23:10:21	49.0	49.0	12.6316
11/25/2017 23:10:32	50.0	50.0	12.0104
11/25/2017 23:10:43	51.0	51.0	13.9108
11/25/2017 23:10:54	53.0	53.0	11.2861
11/25/2017 23:11:05	53.0	53.0	12.2396
11/25/2017 23:11:16	54.0	54.0	12.5984
11/25/2017 23:11:27	55.0	54.0	11.9481
11/25/2017 23:11:38	55.0	54.0	11.0236
11/25/2017 23:11:49	56.0	55.0	11.3757
11/25/2017 23:12:00	56.0	56.0	10.7612
11/25/2017 23:12:11	55.0	54.0	12.5654
11/25/2017 23:12:22	52.0	52.0	12.6984
11/25/2017 23:12:33	50.0	51.0	12.8947
11/25/2017 23:12:44	49.0	48.0	12.6316
11/25/2017 23:12:55	48.0	47.0	12.8947
11/25/2017 23:13:06	48.0	48.0	11.8734
11/25/2017 23:13:17	49.0	49.0	13.089
11/25/2017 23:13:28	51.0	51.0	12.8272
11/25/2017 23:13:39	52.0	52.0	12.0104
11/25/2017 23:13:50	54.0	52.0	12.5326
11/25/2017 23:14:01	54.0	53.0	11.7801
11/25/2017 23:14:12	55.0	54.0	12.3037
11/25/2017 23:14:24	55.0	54.0	12.0735
11/25/2017 23:14:35	55.0	55.0	11.2565
11/25/2017 23:14:46	57.0	56.0	11.3158
11/25/2017 23:14:57	55.0	54.0	12.3684
11/25/2017 23:15:08	52.0	52.0	11.8734
11/25/2017 23:15:19	50.0	50.0	12.336
11/25/2017 23:15:30	49.0	48.0	13.7662
11/25/2017 23:15:41	48.0	47.0	12.336
11/25/2017 23:15:52	48.0	47.0	12.5654
11/25/2017 23:16:03	49.0	48.0	13.089
11/25/2017 23:16:14	51.0	51.0	12.0735
11/25/2017 23:16:25	52.0	51.0	12.7937
11/25/2017 23:16:36	53.0	52.0	11.5789
11/25/2017 23:16:47	53.0	53.0	10.5263
11/25/2017 23:16:58	54.0	54.0	12.3684
11/25/2017 23:17:09	55.0	54.0	10.5263
11/25/2017 23:17:20	55.0	55.0	11.5183
11/25/2017 23:17:31	56.0	56.0	13.3508
11/25/2017 23:17:42	57.0	56.0	12.7604
11/25/2017 23:17:53	56.0	56.0	11.3456
11/25/2017 23:18:04	53.0	52.0	12.8947
11/25/2017 23:18:15	51.0	50.0	13.1234
11/25/2017 23:18:26	49.0	49.0	12.5984
11/25/2017 23:18:37	48.0	47.0	13.6842
11/25/2017 23:18:48	47.0	47.0	13.7203
11/25/2017 23:18:59	49.0	48.0	14.1732
11/25/2017 23:19:10	50.0	50.0	11.811
11/25/2017 23:19:21	51.0	51.0	11.811
11/25/2017 23:19:32	52.0	52.0	11.6095
11/25/2017 23:19:43	53.0	53.0	12.1762
11/25/2017 23:19:54	54.0	54.0	12.0735
11/25/2017 23:20:06	55.0	54.0	12.6316
11/25/2017 23:20:17	55.0	54.0	11.0236
11/25/2017 23:20:28	56.0	55.0	11.5789
11/25/2017 23:20:39	55.0	56.0	11.5183
11/25/2017 23:20:50	55.0	55.0	11.8734
11/25/2017 23:21:01	53.0	53.0	12.5326
11/25/2017 23:21:12	50.0	51.0	12.6984
11/25/2017 23:21:23	49.0	49.0	12.0104
11/25/2017 23:21:34	48.0	47.0	12.6316
11/25/2017 23:21:45	47.0	46.0	13.3508
11/25/2017 23:21:56	49.0	48.0	12.6316
11/25/2017 23:22:07	50.0	50.0	13.0548
11/25/2017 23:22:18	51.0	51.0	13.8021
11/25/2017 23:22:29	52.0	52.0	12.8272
11/25/2017 23:22:40	53.0	53.0	12.8609
11/25/2017 23:22:51	54.0	53.0	11.7493
11/25/2017 23:23:02	55.0	54.0	12.2396
11/25/2017 23:23:13	55.0	54.0	12.1053
11/25/2017 23:23:24	56.0	56.0	16.4021
11/25/2017 23:23:35	57.0	55.0	18.1579
11/25/2017 23:23:46	57.0	56.0	18.1102
11/25/2017 23:23:57	53.0	53.0	8.10056
11/25/2017 23:24:08	50.0	51.0	8.57909
