03/06/2018 15:27:26	33.0	33.0	0.251889
03/06/2018 15:27:37	30.0	30.0	1.01266
03/06/2018 15:27:48	30.0	31.0	0.503778
03/06/2018 15:27:59	31.0	31.0	0.503778
03/06/2018 15:28:10	31.0	31.0	0.759494
03/06/2018 15:28:21	30.0	31.0	0.253165
03/06/2018 15:28:32	31.0	32.0	0.251889
03/06/2018 15:28:43	31.0	32.0	1.26263
03/06/2018 15:28:54	33.0	33.0	0.505051
03/06/2018 15:29:05	32.0	33.0	0.505051
03/06/2018 15:29:16	33.0	33.0	1.51515
03/06/2018 15:29:27	33.0	33.0	0.753769
03/06/2018 15:29:38	33.0	33.0	0.503778
03/06/2018 15:29:49	33.0	33.0	1.26263
03/06/2018 15:30:00	33.0	34.0	0.505051
03/06/2018 15:30:11	34.0	35.0	1.25945
03/06/2018 15:30:22	34.0	35.0	0.503778
03/06/2018 15:30:33	35.0	35.0	0.755668
03/06/2018 15:30:44	35.0	35.0	1.25945
03/06/2018 15:30:55	35.0	35.0	0.505051
03/06/2018 15:31:06	35.0	36.0	0.503778
03/06/2018 15:31:17	35.0	35.0	0.759494
03/06/2018 15:31:28	36.0	36.0	0.503778
03/06/2018 15:31:39	36.0	37.0	0.502513
03/06/2018 15:31:51	36.0	36.0	1.26263
03/06/2018 15:32:02	36.0	36.0	0.251889
03/06/2018 15:32:13	36.0	37.0	0.505051
03/06/2018 15:32:24	36.0	37.0	0.503778
03/06/2018 15:32:35	36.0	37.0	0.505051
03/06/2018 15:32:46	37.0	37.0	3.03797
03/06/2018 15:32:57	37.0	37.0	0.755668
03/06/2018 15:33:08	37.0	37.0	0.251889
03/06/2018 15:33:19	37.0	37.0	1.51134
03/06/2018 15:33:30	37.0	38.0	0.503778
03/06/2018 15:33:41	37.0	38.0	0.503778
03/06/2018 15:33:52	38.0	38.0	0.757576
03/06/2018 15:34:03	37.0	37.0	0.503778
03/06/2018 15:34:14	37.0	37.0	0.503778
03/06/2018 15:34:25	37.0	38.0	1.25945
03/06/2018 15:34:36	37.0	38.0	0.753769
03/06/2018 15:34:47	38.0	38.0	1.26263
03/06/2018 15:34:58	38.0	37.0	0.503778
03/06/2018 15:35:09	38.0	38.0	0.252525
03/06/2018 15:35:20	38.0	38.0	0.757576
03/06/2018 15:35:31	38.0	38.0	0.503778
03/06/2018 15:35:42	38.0	39.0	0
03/06/2018 15:35:53	38.0	38.0	0.757576
03/06/2018 15:36:04	39.0	38.0	0.753769
03/06/2018 15:36:15	40.0	37.0	0.252525
03/06/2018 15:36:26	39.0	38.0	1.01266
03/06/2018 15:36:37	39.0	39.0	0.252525
03/06/2018 15:36:48	38.0	39.0	2.77078
03/06/2018 15:36:59	39.0	38.0	1.0101
03/06/2018 15:37:10	39.0	39.0	0.503778
03/06/2018 15:37:21	39.0	39.0	0.503778
03/06/2018 15:37:32	39.0	39.0	0.505051
03/06/2018 15:37:43	39.0	40.0	0.251889
03/06/2018 15:37:55	39.0	39.0	1.0101
03/06/2018 15:38:06	39.0	39.0	0.251889
03/06/2018 15:38:17	40.0	40.0	0.753769
03/06/2018 15:38:28	39.0	40.0	1.00756
03/06/2018 15:38:39	39.0	39.0	0.505051
03/06/2018 15:38:50	39.0	39.0	0.252525
03/06/2018 15:39:01	39.0	40.0	0.757576
03/06/2018 15:39:12	39.0	40.0	0.251889
03/06/2018 15:39:23	40.0	40.0	0.503778
03/06/2018 15:39:34	39.0	40.0	0.759494
03/06/2018 15:39:45	39.0	40.0	0.75188
03/06/2018 15:39:56	39.0	40.0	0.503778
03/06/2018 15:40:07	40.0	40.0	0.253165
03/06/2018 15:40:18	41.0	41.0	0.755668
03/06/2018 15:40:29	41.0	40.0	0.757576
03/06/2018 15:40:40	40.0	40.0	0.503778
03/06/2018 15:40:51	40.0	40.0	0.252525
03/06/2018 15:41:02	40.0	40.0	1.25945
03/06/2018 15:41:13	41.0	41.0	0
03/06/2018 15:41:24	41.0	40.0	0.505051
03/06/2018 15:41:35	40.0	40.0	1.0101
03/06/2018 15:41:46	41.0	40.0	0.505051
03/06/2018 15:41:57	40.0	41.0	0.502513
03/06/2018 15:42:08	41.0	40.0	1.25945
03/06/2018 15:42:19	41.0	42.0	0.252525
03/06/2018 15:42:30	41.0	41.0	0.753769
03/06/2018 15:42:41	41.0	41.0	0
03/06/2018 15:42:52	41.0	41.0	0.753769
03/06/2018 15:43:03	40.0	41.0	1.00756
03/06/2018 15:43:14	41.0	41.0	0.503778
03/06/2018 15:43:25	41.0	41.0	0.753769
03/06/2018 15:43:36	41.0	42.0	1.25945
03/06/2018 15:43:47	41.0	41.0	0.505051
03/06/2018 15:43:58	41.0	41.0	0.503778
03/06/2018 15:44:10	41.0	42.0	1.00503
03/06/2018 15:44:21	41.0	42.0	0.252525
03/06/2018 15:44:32	41.0	42.0	0
03/06/2018 15:44:43	41.0	42.0	1.0101
03/06/2018 15:44:54	42.0	42.0	0.502513
03/06/2018 15:45:05	41.0	42.0	1.00756
03/06/2018 15:45:16	41.0	42.0	0.506329
03/06/2018 15:45:27	41.0	41.0	0.251889
03/06/2018 15:45:38	41.0	42.0	1.00503
03/06/2018 15:45:49	41.0	42.0	0.252525
03/06/2018 15:46:00	42.0	42.0	0.755668
03/06/2018 15:46:11	42.0	41.0	1.00756
03/06/2018 15:46:22	42.0	41.0	0.503778
03/06/2018 15:46:33	42.0	42.0	0.252525
03/06/2018 15:46:44	41.0	41.0	1.01266
03/06/2018 15:46:55	42.0	42.0	0.251889
03/06/2018 15:47:06	42.0	42.0	0.755668
03/06/2018 15:47:17	41.0	41.0	3.81679
03/06/2018 15:47:28	42.0	41.0	0.503778
03/06/2018 15:47:39	41.0	42.0	0.759494
03/06/2018 15:47:50	42.0	42.0	0.503778
03/06/2018 15:48:01	41.0	42.0	0.502513
03/06/2018 15:48:12	43.0	42.0	1.25945
03/06/2018 15:48:23	42.0	42.0	1.0101
03/06/2018 15:48:34	42.0	42.0	0.753769
03/06/2018 15:48:45	41.0	42.0	0.759494
03/06/2018 15:48:56	42.0	42.0	0.503778
03/06/2018 15:49:07	42.0	42.0	0.252525
03/06/2018 15:49:18	42.0	42.0	1.0101
03/06/2018 15:49:29	42.0	42.0	0.505051
03/06/2018 15:49:40	42.0	42.0	0.503778
03/06/2018 15:49:51	43.0	42.0	1.25945
03/06/2018 15:50:02	42.0	42.0	0.252525
03/06/2018 15:50:13	42.0	42.0	0.757576
03/06/2018 15:50:24	43.0	43.0	1.26263
03/06/2018 15:50:36	42.0	41.0	0.252525
03/06/2018 15:50:47	42.0	42.0	1.0101
03/06/2018 15:50:58	42.0	42.0	0.503778
03/06/2018 15:51:09	43.0	42.0	0.753769
03/06/2018 15:51:20	42.0	42.0	0.759494
03/06/2018 15:51:31	42.0	42.0	0.503778
03/06/2018 15:51:42	42.0	42.0	0.503778
03/06/2018 15:51:53	42.0	42.0	0.759494
03/06/2018 15:52:04	42.0	42.0	0.251889
03/06/2018 15:52:15	43.0	42.0	0.503778
03/06/2018 15:52:26	42.0	41.0	2.0202
03/06/2018 15:52:37	43.0	42.0	0
03/06/2018 15:52:48	42.0	42.0	1.25945
03/06/2018 15:52:59	43.0	42.0	0.252525
03/06/2018 15:53:10	43.0	43.0	0.503778
03/06/2018 15:53:21	42.0	42.0	0.759494
03/06/2018 15:53:32	43.0	42.0	0.502513
03/06/2018 15:53:43	43.0	43.0	0.252525
03/06/2018 15:53:54	42.0	42.0	0.505051
03/06/2018 15:54:05	43.0	42.0	0.753769
03/06/2018 15:54:16	43.0	43.0	0.252525
03/06/2018 15:54:27	43.0	42.0	1.76768
03/06/2018 15:54:38	43.0	44.0	0.251889
03/06/2018 15:54:49	43.0	42.0	0.252525
03/06/2018 15:55:00	43.0	43.0	1.01266
03/06/2018 15:55:11	43.0	42.0	0.503778
03/06/2018 15:55:22	43.0	42.0	0.757576
03/06/2018 15:55:33	42.0	43.0	0.503778
03/06/2018 15:55:44	43.0	42.0	0.251889
03/06/2018 15:55:55	43.0	42.0	1.00756
03/06/2018 15:56:06	43.0	43.0	0.753769
03/06/2018 15:56:17	44.0	43.0	0.503778
03/06/2018 15:56:28	43.0	43.0	0.757576
03/06/2018 15:56:39	43.0	43.0	0.503778
03/06/2018 15:56:50	45.0	43.0	0.502513
03/06/2018 15:57:02	43.0	43.0	1.0101
03/06/2018 15:57:13	44.0	44.0	0.503778
03/06/2018 15:57:24	42.0	43.0	0.753769
03/06/2018 15:57:35	44.0	43.0	0.757576
03/06/2018 15:57:46	43.0	43.0	0.251889
03/06/2018 15:57:57	43.0	43.0	1.26263
03/06/2018 15:58:08	43.0	43.0	0.505051
03/06/2018 15:58:19	44.0	43.0	0.753769
03/06/2018 15:58:30	43.0	42.0	0.506329
03/06/2018 15:58:41	44.0	44.0	0.505051
03/06/2018 15:58:52	44.0	44.0	0.502513
03/06/2018 15:59:03	43.0	42.0	1.50754
03/06/2018 15:59:14	43.0	43.0	0.502513
03/06/2018 15:59:25	44.0	44.0	1.00251
03/06/2018 15:59:36	43.0	43.0	0.506329
03/06/2018 15:59:47	43.0	44.0	0.753769
03/06/2018 15:59:58	43.0	43.0	0
03/06/2018 16:00:09	43.0	44.0	0.505051
03/06/2018 16:00:20	43.0	44.0	0.251889
03/06/2018 16:00:31	44.0	43.0	1.25945
03/06/2018 16:00:42	43.0	43.0	0.503778
03/06/2018 16:00:53	44.0	44.0	0.503778
03/06/2018 16:01:04	43.0	43.0	1.0101
03/06/2018 16:01:15	43.0	43.0	0.753769
03/06/2018 16:01:26	43.0	43.0	0.251889
03/06/2018 16:01:37	43.0	43.0	1.0101
03/06/2018 16:01:48	44.0	44.0	0.502513
03/06/2018 16:01:59	43.0	43.0	0.251889
03/06/2018 16:02:10	43.0	44.0	0.755668
03/06/2018 16:02:21	43.0	44.0	0.251889
03/06/2018 16:02:32	43.0	44.0	0.503778
03/06/2018 16:02:43	43.0	43.0	0.503778
03/06/2018 16:02:54	44.0	44.0	0.503778
03/06/2018 16:03:05	44.0	43.0	0.755668
03/06/2018 16:03:16	43.0	43.0	0.755668
03/06/2018 16:03:27	43.0	43.0	0.502513
03/06/2018 16:03:39	43.0	44.0	1.0101
03/06/2018 16:03:50	43.0	44.0	0.503778
03/06/2018 16:04:01	43.0	44.0	0.252525
03/06/2018 16:04:12	43.0	43.0	1.00756
03/06/2018 16:04:23	44.0	44.0	0.502513
03/06/2018 16:04:34	43.0	44.0	0.251889
03/06/2018 16:04:45	44.0	44.0	1.0101
03/06/2018 16:04:56	43.0	44.0	0.251889
03/06/2018 16:05:07	44.0	44.0	0.503778
03/06/2018 16:05:18	43.0	44.0	1.0101
03/06/2018 16:05:29	44.0	43.0	0.503778
03/06/2018 16:05:40	44.0	44.0	1.00756
03/06/2018 16:05:51	44.0	44.0	0.503778
03/06/2018 16:06:02	44.0	43.0	0.502513
03/06/2018 16:06:13	44.0	44.0	0.759494
03/06/2018 16:06:24	45.0	44.0	0.753769
03/06/2018 16:06:35	44.0	44.0	0.502513
03/06/2018 16:06:46	44.0	43.0	1.0101
03/06/2018 16:06:57	44.0	44.0	0.251889
03/06/2018 16:07:08	43.0	44.0	0.503778
03/06/2018 16:07:19	43.0	44.0	0.759494
03/06/2018 16:07:30	43.0	44.0	0.755668
03/06/2018 16:07:41	43.0	44.0	0.502513
03/06/2018 16:07:52	44.0	44.0	1.25945
03/06/2018 16:08:03	43.0	44.0	1.25945
03/06/2018 16:08:14	44.0	44.0	1.0101
03/06/2018 16:08:25	43.0	43.0	0.503778
03/06/2018 16:08:36	44.0	43.0	0.502513
03/06/2018 16:08:47	44.0	44.0	1.00756
03/06/2018 16:08:58	43.0	44.0	0.253165
03/06/2018 16:09:09	43.0	44.0	0.502513
03/06/2018 16:09:20	44.0	44.0	1.0101
03/06/2018 16:09:31	44.0	44.0	0.252525
03/06/2018 16:09:42	43.0	44.0	0.753769
03/06/2018 16:09:53	43.0	44.0	0.507614
03/06/2018 16:10:04	43.0	44.0	2.27273
03/06/2018 16:10:16	43.0	44.0	0.502513
03/06/2018 16:10:27	44.0	43.0	0.757576
03/06/2018 16:10:38	45.0	44.0	0.503778
03/06/2018 16:10:49	43.0	43.0	0.759494
03/06/2018 16:11:00	44.0	44.0	0.505051
03/06/2018 16:11:11	43.0	44.0	0.502513
03/06/2018 16:11:22	43.0	45.0	1.50754
03/06/2018 16:11:33	44.0	44.0	0.502513
03/06/2018 16:11:44	43.0	43.0	0.503778
03/06/2018 16:11:55	43.0	44.0	0.757576
03/06/2018 16:12:06	43.0	43.0	2.77078
03/06/2018 16:12:17	45.0	44.0	0.502513
03/06/2018 16:12:28	43.0	44.0	0.759494
03/06/2018 16:12:39	44.0	44.0	0.503778
03/06/2018 16:12:50	43.0	44.0	0.503778
03/06/2018 16:13:01	43.0	43.0	0.252525
03/06/2018 16:13:12	43.0	44.0	0.502513
03/06/2018 16:13:23	44.0	44.0	0.757576
03/06/2018 16:13:34	44.0	45.0	0.503778
03/06/2018 16:13:45	43.0	44.0	0.251889
03/06/2018 16:13:56	43.0	44.0	1.25945
03/06/2018 16:14:07	44.0	44.0	0.502513
03/06/2018 16:14:18	44.0	44.0	0.505051
03/06/2018 16:14:29	44.0	44.0	1.25945
03/06/2018 16:14:40	43.0	44.0	0.753769
03/06/2018 16:14:51	44.0	44.0	0.252525
03/06/2018 16:15:02	44.0	44.0	0.759494
03/06/2018 16:15:13	44.0	44.0	0.75188
03/06/2018 16:15:24	43.0	44.0	0.753769
03/06/2018 16:15:35	44.0	44.0	0.505051
03/06/2018 16:15:46	44.0	44.0	0.502513
03/06/2018 16:15:57	43.0	44.0	1.25945
03/06/2018 16:16:08	45.0	44.0	0.251889
03/06/2018 16:16:19	44.0	44.0	0.753769
03/06/2018 16:16:30	43.0	44.0	1.00756
03/06/2018 16:16:41	44.0	44.0	0.505051
03/06/2018 16:16:52	44.0	44.0	0.501253
03/06/2018 16:17:04	45.0	44.0	1.0101
03/06/2018 16:17:15	44.0	44.0	0.503778
03/06/2018 16:17:26	44.0	45.0	0.502513
03/06/2018 16:17:37	44.0	45.0	1.25945
03/06/2018 16:17:48	43.0	44.0	0.252525
03/06/2018 16:17:59	43.0	44.0	0.251889
03/06/2018 16:18:10	44.0	44.0	0.755668
03/06/2018 16:18:21	44.0	43.0	0.502513
03/06/2018 16:18:32	44.0	44.0	0.759494
03/06/2018 16:18:43	43.0	44.0	0.251889
03/06/2018 16:18:54	45.0	44.0	0.753769
03/06/2018 16:19:05	44.0	44.0	1.00756
03/06/2018 16:19:16	44.0	44.0	1.00756
03/06/2018 16:19:27	44.0	44.0	0.755668
03/06/2018 16:19:38	44.0	44.0	1.0101
03/06/2018 16:19:49	44.0	44.0	0.251889
03/06/2018 16:20:00	43.0	44.0	0.75188
03/06/2018 16:20:11	44.0	44.0	1.51515
03/06/2018 16:20:22	44.0	44.0	0.251889
03/06/2018 16:20:33	43.0	44.0	0.503778
03/06/2018 16:20:44	44.0	44.0	0.503778
03/06/2018 16:20:55	44.0	45.0	0.502513
03/06/2018 16:21:06	43.0	44.0	0.757576
03/06/2018 16:21:17	43.0	44.0	0.503778
03/06/2018 16:21:28	44.0	44.0	0
03/06/2018 16:21:39	44.0	44.0	0.757576
03/06/2018 16:21:50	44.0	44.0	0.502513
03/06/2018 16:22:01	44.0	44.0	0.502513
03/06/2018 16:22:12	44.0	44.0	0.757576
03/06/2018 16:22:23	44.0	44.0	0.503778
03/06/2018 16:22:34	44.0	44.0	0.503778
03/06/2018 16:22:45	43.0	44.0	0.506329
03/06/2018 16:22:56	43.0	44.0	0
03/06/2018 16:23:07	43.0	44.0	0.753769
03/06/2018 16:23:18	43.0	44.0	0.503778
03/06/2018 16:23:30	44.0	43.0	0
03/06/2018 16:23:41	44.0	44.0	0.757576
03/06/2018 16:23:52	44.0	44.0	0.503778
03/06/2018 16:24:03	43.0	44.0	0.503778
03/06/2018 16:24:14	44.0	45.0	1.25945
03/06/2018 16:24:25	44.0	44.0	0.503778
03/06/2018 16:24:36	44.0	44.0	0.503778
03/06/2018 16:24:47	44.0	43.0	1.26263
03/06/2018 16:24:58	44.0	43.0	0.503778
03/06/2018 16:25:09	44.0	44.0	0.503778
03/06/2018 16:25:20	44.0	44.0	1.00756
03/06/2018 16:25:31	44.0	44.0	0.503778
03/06/2018 16:25:42	44.0	44.0	1.51134
03/06/2018 16:25:53	44.0	43.0	0.505051
03/06/2018 16:26:04	44.0	44.0	0.502513
03/06/2018 16:26:15	44.0	44.0	1.0101
03/06/2018 16:26:26	43.0	43.0	0.503778
03/06/2018 16:26:37	44.0	44.0	0.503778
03/06/2018 16:26:48	44.0	43.0	0.757576
03/06/2018 16:26:59	43.0	44.0	0.503778
03/06/2018 16:27:10	45.0	44.0	0.503778
03/06/2018 16:27:21	44.0	44.0	1.25945
03/06/2018 16:27:32	43.0	44.0	0.252525
03/06/2018 16:27:43	44.0	44.0	1.26263
03/06/2018 16:27:54	44.0	44.0	1.0101
03/06/2018 16:28:05	44.0	44.0	0.252525
03/06/2018 16:28:16	44.0	44.0	0.505051
03/06/2018 16:28:27	43.0	44.0	0.502513
03/06/2018 16:28:38	43.0	44.0	1.00251
03/06/2018 16:28:49	45.0	45.0	1.00503
03/06/2018 16:29:00	44.0	44.0	0.755668
03/06/2018 16:29:11	43.0	44.0	0.251889
03/06/2018 16:29:22	44.0	44.0	1.25945
03/06/2018 16:29:33	44.0	44.0	0.753769
03/06/2018 16:29:44	44.0	44.0	1.50754
03/06/2018 16:29:55	44.0	44.0	1.00503
03/06/2018 16:30:06	44.0	44.0	0.503778
03/06/2018 16:30:17	44.0	44.0	0.251889
03/06/2018 16:30:28	45.0	44.0	1.50376
03/06/2018 16:30:40	44.0	44.0	0.252525
03/06/2018 16:30:51	43.0	44.0	0.503778
03/06/2018 16:31:02	44.0	44.0	0.502513
03/06/2018 16:31:13	43.0	44.0	0.503778
03/06/2018 16:31:24	43.0	44.0	1.00756
03/06/2018 16:31:35	44.0	44.0	0.252525
03/06/2018 16:31:46	43.0	44.0	0.251889
03/06/2018 16:31:57	44.0	44.0	1.0101
03/06/2018 16:32:08	44.0	44.0	0.503778
03/06/2018 16:32:19	44.0	44.0	0.503778
03/06/2018 16:32:30	44.0	44.0	1.25628
03/06/2018 16:32:41	44.0	44.0	0.502513
03/06/2018 16:32:52	44.0	44.0	0.503778
03/06/2018 16:33:03	43.0	44.0	1.25945
03/06/2018 16:33:14	44.0	45.0	0.503778
03/06/2018 16:33:25	44.0	44.0	1.00756
03/06/2018 16:33:36	44.0	44.0	0.755668
03/06/2018 16:33:47	44.0	43.0	0.503778
03/06/2018 16:33:58	43.0	44.0	1.0101
03/06/2018 16:34:09	44.0	44.0	0.502513
03/06/2018 16:34:20	44.0	44.0	0.502513
03/06/2018 16:34:31	44.0	45.0	1.0101
03/06/2018 16:34:42	44.0	44.0	0.505051
03/06/2018 16:34:53	44.0	44.0	0.755668
03/06/2018 16:35:04	44.0	44.0	1.26263
03/06/2018 16:35:15	44.0	44.0	0.252525
03/06/2018 16:35:26	44.0	44.0	0.503778
03/06/2018 16:35:37	44.0	44.0	0.757576
03/06/2018 16:35:48	45.0	44.0	0.505051
03/06/2018 16:35:59	43.0	44.0	0.755668
03/06/2018 16:36:10	45.0	45.0	0.503778
03/06/2018 16:36:21	45.0	45.0	0.503778
03/06/2018 16:36:32	43.0	44.0	1.00756
03/06/2018 16:36:43	44.0	45.0	0.503778
03/06/2018 16:36:54	43.0	44.0	0.502513
03/06/2018 16:37:05	43.0	44.0	1.01266
03/06/2018 16:37:16	43.0	44.0	0.255102
03/06/2018 16:37:28	44.0	44.0	0.503778
03/06/2018 16:37:39	44.0	44.0	1.00503
03/06/2018 16:37:50	44.0	44.0	0.503778
03/06/2018 16:38:01	44.0	44.0	0
03/06/2018 16:38:12	44.0	45.0	0.757576
03/06/2018 16:38:23	44.0	44.0	0.505051
03/06/2018 16:38:34	43.0	44.0	1.25628
03/06/2018 16:38:45	44.0	44.0	0.251889
03/06/2018 16:38:56	45.0	44.0	0.503778
03/06/2018 16:39:07	44.0	44.0	1.00756
03/06/2018 16:39:18	44.0	44.0	0.503778
03/06/2018 16:39:29	44.0	44.0	0.502513
03/06/2018 16:39:40	44.0	44.0	0.759494
03/06/2018 16:39:51	44.0	44.0	0.252525
03/06/2018 16:40:02	44.0	43.0	0.753769
03/06/2018 16:40:13	43.0	43.0	1.00756
03/06/2018 16:40:24	44.0	44.0	0.505051
03/06/2018 16:40:35	44.0	44.0	0.753769
03/06/2018 16:40:46	44.0	44.0	0.757576
03/06/2018 16:40:57	44.0	44.0	0.503778
03/06/2018 16:41:08	43.0	43.0	0.757576
03/06/2018 16:41:19	44.0	44.0	0.505051
03/06/2018 16:41:30	44.0	44.0	0.501253
03/06/2018 16:41:41	44.0	43.0	1.00756
03/06/2018 16:41:52	44.0	44.0	0.251889
03/06/2018 16:42:03	44.0	44.0	0.503778
03/06/2018 16:42:14	44.0	44.0	0.759494
03/06/2018 16:42:25	44.0	44.0	0.252525
03/06/2018 16:42:36	44.0	43.0	0.251256
03/06/2018 16:42:47	44.0	44.0	0.757576
03/06/2018 16:42:58	44.0	44.0	0.502513
03/06/2018 16:43:09	44.0	44.0	0.251889
03/06/2018 16:43:20	44.0	44.0	1.76768
03/06/2018 16:43:31	44.0	44.0	0.503778
03/06/2018 16:43:42	43.0	44.0	1.00756
03/06/2018 16:43:53	43.0	44.0	0.503778
03/06/2018 16:44:05	44.0	44.0	0.251889
03/06/2018 16:44:16	44.0	44.0	1.0101
03/06/2018 16:44:27	43.0	43.0	0.503778
03/06/2018 16:44:38	44.0	44.0	0.502513
03/06/2018 16:44:49	43.0	44.0	0.757576
03/06/2018 16:45:00	43.0	44.0	0.252525
03/06/2018 16:45:11	43.0	44.0	0.753769
03/06/2018 16:45:22	44.0	44.0	2.01511
03/06/2018 16:45:33	43.0	44.0	0.755668
03/06/2018 16:45:44	44.0	44.0	0.502513
03/06/2018 16:45:55	44.0	44.0	0.755668
03/06/2018 16:46:06	45.0	44.0	0.252525
03/06/2018 16:46:17	44.0	44.0	0.759494
03/06/2018 16:46:28	43.0	44.0	0.503778
03/06/2018 16:46:39	44.0	44.0	0.503778
03/06/2018 16:46:50	44.0	44.0	1.0101
03/06/2018 16:47:01	43.0	44.0	0.503778
03/06/2018 16:47:12	43.0	44.0	0.502513
03/06/2018 16:47:23	44.0	44.0	3.03797
03/06/2018 16:47:34	44.0	44.0	0.503778
03/06/2018 16:47:45	43.0	43.0	0.505051
03/06/2018 16:47:56	43.0	43.0	0.757576
03/06/2018 16:48:07	44.0	44.0	0.503778
03/06/2018 16:48:18	44.0	43.0	0.502513
03/06/2018 16:48:29	43.0	44.0	0.761421
03/06/2018 16:48:40	44.0	43.0	0.251889
03/06/2018 16:48:51	44.0	44.0	0.757576
03/06/2018 16:49:02	44.0	43.0	0.251889
03/06/2018 16:49:13	44.0	44.0	0.755668
03/06/2018 16:49:24	44.0	44.0	2.0202
03/06/2018 16:49:35	43.0	44.0	0.506329
03/06/2018 16:49:46	43.0	44.0	0.503778
03/06/2018 16:49:57	44.0	44.0	1.00756
03/06/2018 16:50:08	42.0	43.0	0.755668
03/06/2018 16:50:19	43.0	44.0	0.251889
03/06/2018 16:50:31	43.0	43.0	1.26263
03/06/2018 16:50:42	43.0	44.0	0.251889
03/06/2018 16:50:53	43.0	44.0	0.253165
03/06/2018 16:51:04	43.0	43.0	0.757576
03/06/2018 16:51:15	43.0	44.0	0.502513
03/06/2018 16:51:26	44.0	44.0	0.757576
03/06/2018 16:51:37	43.0	44.0	0.755668
03/06/2018 16:51:48	43.0	44.0	0.502513
03/06/2018 16:51:59	44.0	43.0	0.759494
03/06/2018 16:52:10	44.0	44.0	0
03/06/2018 16:52:21	44.0	43.0	0.503778
03/06/2018 16:52:32	43.0	44.0	1.00756
03/06/2018 16:52:43	44.0	43.0	0.503778
03/06/2018 16:52:54	44.0	43.0	0.251889
03/06/2018 16:53:05	43.0	43.0	1.26263
03/06/2018 16:53:16	44.0	44.0	1.00756
03/06/2018 16:53:27	45.0	43.0	0.753769
03/06/2018 16:53:38	43.0	44.0	0.753769
03/06/2018 16:53:49	45.0	44.0	0.252525
03/06/2018 16:54:00	44.0	44.0	0.759494
03/06/2018 16:54:11	44.0	44.0	0.252525
03/06/2018 16:54:22	44.0	44.0	0.505051
03/06/2018 16:54:33	43.0	44.0	0.506329
03/06/2018 16:54:44	43.0	44.0	0.503778
03/06/2018 16:54:55	44.0	44.0	0.251889
03/06/2018 16:55:06	43.0	43.0	1.0101
03/06/2018 16:55:17	44.0	44.0	0.502513
03/06/2018 16:55:28	44.0	43.0	0.503778
03/06/2018 16:55:39	44.0	43.0	0.761421
03/06/2018 16:55:50	43.0	44.0	0.252525
03/06/2018 16:56:01	44.0	44.0	0.753769
03/06/2018 16:56:12	44.0	44.0	0.505051
03/06/2018 16:56:23	44.0	44.0	0.503778
03/06/2018 16:56:34	44.0	44.0	0.759494
03/06/2018 16:56:45	44.0	44.0	0.251889
03/06/2018 16:56:56	44.0	44.0	1.00756
03/06/2018 16:57:07	43.0	44.0	0.755668
03/06/2018 16:57:18	44.0	44.0	0.503778
03/06/2018 16:57:30	43.0	44.0	0.251256
03/06/2018 16:57:41	44.0	44.0	1.0101
03/06/2018 16:57:52	43.0	44.0	0.503778
03/06/2018 16:58:03	43.0	44.0	0.502513
03/06/2018 16:58:14	44.0	44.0	1.00756
03/06/2018 16:58:25	44.0	44.0	0.505051
03/06/2018 16:58:36	43.0	44.0	0.753769
03/06/2018 16:58:47	44.0	44.0	0.503778
03/06/2018 16:58:58	44.0	44.0	0.503778
03/06/2018 16:59:09	44.0	44.0	1.25313
03/06/2018 16:59:20	43.0	44.0	0.253165
03/06/2018 16:59:31	43.0	43.0	0.251889
03/06/2018 16:59:42	43.0	44.0	1.25945
03/06/2018 16:59:53	44.0	45.0	0.252525
03/06/2018 17:00:04	45.0	45.0	0.503778
03/06/2018 17:00:15	43.0	44.0	0.757576
03/06/2018 17:00:26	44.0	44.0	0.503778
03/06/2018 17:00:37	43.0	43.0	0
03/06/2018 17:00:48	43.0	44.0	1.01266
03/06/2018 17:00:59	44.0	44.0	0.503778
03/06/2018 17:01:10	43.0	44.0	0.505051
03/06/2018 17:01:21	44.0	44.0	0.755668
03/06/2018 17:01:32	45.0	45.0	0.503778
03/06/2018 17:01:43	43.0	44.0	0.759494
03/06/2018 17:01:54	45.0	44.0	0.503778
03/06/2018 17:02:05	45.0	44.0	0.503778
03/06/2018 17:02:16	43.0	44.0	0.755668
03/06/2018 17:02:27	43.0	44.0	0.503778
03/06/2018 17:02:38	45.0	43.0	0.502513
03/06/2018 17:02:49	44.0	44.0	1.25945
03/06/2018 17:03:00	44.0	44.0	1.26263
03/06/2018 17:03:11	44.0	44.0	0.503778
03/06/2018 17:03:22	43.0	44.0	0.755668
03/06/2018 17:03:33	44.0	44.0	0.252525
03/06/2018 17:03:44	44.0	44.0	0.503778
03/06/2018 17:03:55	44.0	45.0	0.75188
03/06/2018 17:04:07	44.0	45.0	0.502513
03/06/2018 17:04:18	44.0	44.0	1.26263
03/06/2018 17:04:29	44.0	44.0	0.503778
03/06/2018 17:04:40	43.0	44.0	0.502513
03/06/2018 17:04:51	44.0	44.0	1.00756
03/06/2018 17:05:02	44.0	44.0	2.77778
03/06/2018 17:05:13	44.0	44.0	0.503778
03/06/2018 17:05:24	44.0	44.0	1.26263
03/06/2018 17:05:35	43.0	44.0	0
03/06/2018 17:05:46	44.0	44.0	0.503778
03/06/2018 17:05:57	44.0	44.0	1.00756
03/06/2018 17:06:08	43.0	45.0	0.503778
03/06/2018 17:06:19	43.0	44.0	0.252525
03/06/2018 17:06:30	45.0	44.0	0.251889
03/06/2018 17:06:41	44.0	44.0	0.502513
03/06/2018 17:06:52	44.0	44.0	1.00756
03/06/2018 17:07:03	44.0	44.0	2.02532
03/06/2018 17:07:14	44.0	44.0	0.251889
03/06/2018 17:07:25	45.0	44.0	1.00756
03/06/2018 17:07:36	44.0	44.0	0.502513
03/06/2018 17:07:47	44.0	44.0	0.753769
03/06/2018 17:07:58	44.0	44.0	1.0101
03/06/2018 17:08:09	43.0	44.0	0.753769
03/06/2018 17:08:20	44.0	44.0	0.502513
03/06/2018 17:08:31	44.0	44.0	1.01266
03/06/2018 17:08:42	44.0	43.0	0.251889
03/06/2018 17:08:53	44.0	44.0	0.506329
03/06/2018 17:09:04	44.0	44.0	0.252525
03/06/2018 17:09:15	44.0	44.0	0.505051
03/06/2018 17:09:26	44.0	44.0	0.755668
03/06/2018 17:09:37	44.0	44.0	0.505051
03/06/2018 17:09:48	44.0	44.0	0.252525
03/06/2018 17:09:59	44.0	45.0	1.01266
03/06/2018 17:10:10	44.0	44.0	0.252525
03/06/2018 17:10:21	44.0	46.0	0.252525
03/06/2018 17:10:33	45.0	46.0	0.506329
03/06/2018 17:10:44	45.0	44.0	0.503778
03/06/2018 17:10:55	44.0	44.0	0
03/06/2018 17:11:06	44.0	44.0	1.0101
03/06/2018 17:11:17	44.0	44.0	0.503778
03/06/2018 17:11:28	44.0	44.0	0.503778
03/06/2018 17:11:39	44.0	45.0	1.00503
03/06/2018 17:11:50	43.0	44.0	0.503778
03/06/2018 17:12:01	44.0	44.0	1.25945
03/06/2018 17:12:12	44.0	44.0	0.252525
03/06/2018 17:12:23	44.0	44.0	0.253165
03/06/2018 17:12:34	44.0	44.0	0.759494
03/06/2018 17:12:45	45.0	44.0	0.503778
03/06/2018 17:12:56	44.0	44.0	0.251889
03/06/2018 17:13:07	44.0	44.0	1.25945
03/06/2018 17:13:18	44.0	45.0	0.251889
03/06/2018 17:13:29	44.0	44.0	0.753769
03/06/2018 17:13:40	45.0	44.0	1.25313
03/06/2018 17:13:51	44.0	44.0	0.503778
03/06/2018 17:14:02	45.0	45.0	0.251889
03/06/2018 17:14:13	45.0	44.0	0.503778
03/06/2018 17:14:24	45.0	45.0	0.755668
03/06/2018 17:14:35	44.0	45.0	1.0101
03/06/2018 17:14:46	44.0	44.0	0.251889
03/06/2018 17:14:57	44.0	44.0	0.252525
03/06/2018 17:15:08	44.0	44.0	1.0101
03/06/2018 17:15:19	44.0	44.0	0.502513
03/06/2018 17:15:30	44.0	44.0	0.503778
03/06/2018 17:15:41	44.0	44.0	0.507614
03/06/2018 17:15:52	45.0	44.0	0.503778
03/06/2018 17:16:03	44.0	45.0	0.252525
03/06/2018 17:16:14	45.0	44.0	0.757576
03/06/2018 17:16:25	45.0	45.0	0.502513
03/06/2018 17:16:36	44.0	45.0	1
03/06/2018 17:16:47	44.0	44.0	0.251889
03/06/2018 17:16:58	44.0	44.0	0.503778
03/06/2018 17:17:09	45.0	44.0	0.759494
03/06/2018 17:17:21	45.0	44.0	0.503778
03/06/2018 17:17:32	44.0	45.0	0.503778
03/06/2018 17:17:43	45.0	45.0	1.01266
03/06/2018 17:17:54	45.0	45.0	0.251889
03/06/2018 17:18:05	44.0	44.0	0.251889
03/06/2018 17:18:16	45.0	44.0	0.755668
03/06/2018 17:18:27	45.0	45.0	0.252525
03/06/2018 17:18:38	44.0	45.0	0.251889
03/06/2018 17:18:49	45.0	44.0	0.755668
03/06/2018 17:19:00	44.0	44.0	0.755668
03/06/2018 17:19:11	45.0	44.0	0.503778
03/06/2018 17:19:22	44.0	44.0	0.503778
03/06/2018 17:19:33	44.0	45.0	0
03/06/2018 17:19:44	45.0	45.0	1.0101
03/06/2018 17:19:55	45.0	44.0	0.502513
03/06/2018 17:20:06	45.0	44.0	0.505051
03/06/2018 17:20:17	45.0	45.0	0.757576
03/06/2018 17:20:28	46.0	45.0	0.505051
03/06/2018 17:20:39	45.0	45.0	2.27273
03/06/2018 17:20:50	45.0	44.0	1.01266
03/06/2018 17:21:01	45.0	44.0	0.503778
03/06/2018 17:21:12	44.0	45.0	0.503778
03/06/2018 17:21:23	44.0	44.0	1.0101
03/06/2018 17:21:34	44.0	45.0	0.753769
03/06/2018 17:21:45	44.0	45.0	0.502513
03/06/2018 17:21:56	45.0	45.0	0.753769
03/06/2018 17:22:07	44.0	44.0	0.502513
03/06/2018 17:22:18	44.0	45.0	1.25628
03/06/2018 17:22:29	44.0	45.0	0.253165
03/06/2018 17:22:40	44.0	45.0	1.26582
03/06/2018 17:22:51	44.0	45.0	1.00756
03/06/2018 17:23:02	45.0	45.0	0.503778
03/06/2018 17:23:13	44.0	44.0	0.503778
03/06/2018 17:23:24	45.0	45.0	1.25945
03/06/2018 17:23:35	45.0	45.0	0.253165
03/06/2018 17:23:46	44.0	46.0	0.251889
03/06/2018 17:23:57	46.0	46.0	1.0101
03/06/2018 17:24:09	45.0	45.0	0.252525
03/06/2018 17:24:20	45.0	45.0	0.505051
03/06/2018 17:24:31	45.0	45.0	0.252525
03/06/2018 17:24:42	44.0	45.0	2.02532
03/06/2018 17:24:53	44.0	45.0	1.00756
03/06/2018 17:25:04	44.0	45.0	0.503778
03/06/2018 17:25:15	44.0	45.0	0.502513
03/06/2018 17:25:26	44.0	45.0	0.505051
03/06/2018 17:25:37	44.0	44.0	0.251889
03/06/2018 17:25:48	46.0	45.0	0.753769
03/06/2018 17:25:59	44.0	44.0	1.25628
03/06/2018 17:26:10	45.0	45.0	0.503778
03/06/2018 17:26:21	44.0	45.0	0.252525
03/06/2018 17:26:32	45.0	46.0	1.25945
03/06/2018 17:26:43	44.0	45.0	0.503778
03/06/2018 17:26:54	44.0	45.0	0.503778
03/06/2018 17:27:05	45.0	45.0	0.503778
03/06/2018 17:27:16	45.0	45.0	1.25628
03/06/2018 17:27:27	44.0	45.0	1.00503
03/06/2018 17:27:38	44.0	44.0	0.252525
03/06/2018 17:27:49	45.0	45.0	0.503778
03/06/2018 17:28:00	45.0	44.0	1.00756
03/06/2018 17:28:11	46.0	46.0	0.503778
03/06/2018 17:28:22	45.0	45.0	0.75188
03/06/2018 17:28:33	45.0	45.0	1.00503
03/06/2018 17:28:44	44.0	45.0	0.252525
03/06/2018 17:28:55	45.0	45.0	0.503778
03/06/2018 17:29:06	44.0	45.0	0.755668
03/06/2018 17:29:17	45.0	45.0	0.503778
03/06/2018 17:29:28	45.0	46.0	0.502513
03/06/2018 17:29:39	46.0	46.0	0.253807
03/06/2018 17:29:50	45.0	46.0	0.251889
03/06/2018 17:30:01	45.0	45.0	0.757576
03/06/2018 17:30:12	44.0	46.0	0.75188
03/06/2018 17:30:23	46.0	45.0	0.753769
03/06/2018 17:30:34	45.0	45.0	0.759494
03/06/2018 17:30:46	45.0	45.0	0.753769
03/06/2018 17:30:57	45.0	45.0	0.502513
03/06/2018 17:31:08	46.0	45.0	1.0101
03/06/2018 17:31:19	45.0	45.0	0.502513
03/06/2018 17:31:30	45.0	45.0	0.503778
03/06/2018 17:31:41	45.0	45.0	0.757576
03/06/2018 17:31:52	45.0	45.0	0.502513
03/06/2018 17:32:03	45.0	45.0	0.252525
03/06/2018 17:32:14	45.0	46.0	1.00756
03/06/2018 17:32:25	45.0	45.0	0.502513
03/06/2018 17:32:36	46.0	45.0	1.0101
03/06/2018 17:32:47	45.0	45.0	0.503778
03/06/2018 17:32:58	45.0	45.0	0.502513
03/06/2018 17:33:09	45.0	46.0	1.01266
03/06/2018 17:33:20	45.0	46.0	0.251889
03/06/2018 17:33:31	46.0	46.0	0.251889
03/06/2018 17:33:42	45.0	45.0	1.25945
03/06/2018 17:33:53	45.0	46.0	0.503778
03/06/2018 17:34:04	45.0	46.0	0.75188
03/06/2018 17:34:15	45.0	45.0	1.00756
03/06/2018 17:34:26	45.0	45.0	0.251889
03/06/2018 17:34:37	46.0	45.0	0.251889
03/06/2018 17:34:48	46.0	46.0	0.757576
03/06/2018 17:34:59	46.0	45.0	0.503778
03/06/2018 17:35:10	46.0	45.0	1.25628
03/06/2018 17:35:21	45.0	45.0	0.252525
03/06/2018 17:35:32	45.0	46.0	0.251256
03/06/2018 17:35:43	46.0	45.0	1.0101
03/06/2018 17:35:54	46.0	45.0	0
03/06/2018 17:36:05	46.0	46.0	0.252525
03/06/2018 17:36:16	46.0	46.0	1.00503
03/06/2018 17:36:27	45.0	45.0	0.252525
03/06/2018 17:36:38	46.0	46.0	0.252525
03/06/2018 17:36:49	47.0	46.0	0.757576
03/06/2018 17:37:00	46.0	46.0	0.755668
03/06/2018 17:37:11	45.0	46.0	0.252525
03/06/2018 17:37:22	46.0	45.0	1.25945
03/06/2018 17:37:34	46.0	45.0	0.503778
03/06/2018 17:37:45	46.0	46.0	1.0101
03/06/2018 17:37:56	46.0	45.0	0.503778
03/06/2018 17:38:07	46.0	47.0	0.251889
03/06/2018 17:38:18	46.0	46.0	0.757576
03/06/2018 17:38:29	47.0	46.0	0.502513
03/06/2018 17:38:40	46.0	46.0	0.251889
03/06/2018 17:38:51	46.0	46.0	0.757576
03/06/2018 17:39:02	46.0	45.0	0.503778
03/06/2018 17:39:13	47.0	46.0	0.503778
03/06/2018 17:39:24	47.0	46.0	1.0101
03/06/2018 17:39:35	46.0	46.0	0.503778
03/06/2018 17:39:46	46.0	46.0	0.251889
03/06/2018 17:39:57	46.0	47.0	0.759494
03/06/2018 17:40:08	46.0	46.0	0.251889
03/06/2018 17:40:19	46.0	46.0	2.77778
03/06/2018 17:40:30	46.0	47.0	0.502513
03/06/2018 17:40:41	45.0	46.0	0.503778
03/06/2018 17:40:52	46.0	47.0	1.00756
03/06/2018 17:41:03	46.0	47.0	0.753769
03/06/2018 17:41:14	46.0	47.0	0.755668
03/06/2018 17:41:25	46.0	45.0	1.00756
03/06/2018 17:41:36	46.0	46.0	0.503778
03/06/2018 17:41:47	46.0	46.0	0.251889
03/06/2018 17:41:58	46.0	46.0	1.50754
03/06/2018 17:42:09	47.0	46.0	0.251256
03/06/2018 17:42:20	46.0	46.0	2.52525
03/06/2018 17:42:31	46.0	46.0	0.506329
03/06/2018 17:42:42	46.0	46.0	0.252525
03/06/2018 17:42:53	46.0	46.0	0.759494
03/06/2018 17:43:04	46.0	46.0	0.503778
03/06/2018 17:43:15	46.0	46.0	0.252525
03/06/2018 17:43:26	46.0	46.0	0.755668
03/06/2018 17:43:37	46.0	46.0	0.502513
03/06/2018 17:43:48	46.0	46.0	0.503778
03/06/2018 17:43:59	46.0	46.0	1.00756
03/06/2018 17:44:10	46.0	46.0	0.759494
03/06/2018 17:44:22	46.0	45.0	2.267
03/06/2018 17:44:33	46.0	46.0	1.00756
03/06/2018 17:44:44	46.0	46.0	0.251889
03/06/2018 17:44:55	46.0	46.0	0.252525
03/06/2018 17:45:06	46.0	46.0	0.755668
03/06/2018 17:45:17	46.0	46.0	0.251889
03/06/2018 17:45:28	46.0	46.0	1.25628
03/06/2018 17:45:39	46.0	47.0	0.251889
03/06/2018 17:45:50	46.0	47.0	0.503778
03/06/2018 17:46:01	46.0	46.0	1.25628
03/06/2018 17:46:12	47.0	46.0	0.252525
03/06/2018 17:46:23	46.0	46.0	0.755668
03/06/2018 17:46:34	46.0	47.0	1.25945
03/06/2018 17:46:45	47.0	47.0	0.503778
03/06/2018 17:46:56	46.0	46.0	0.251889
03/06/2018 17:47:07	46.0	47.0	1.0101
03/06/2018 17:47:18	48.0	46.0	0.502513
03/06/2018 17:47:29	47.0	47.0	0.503778
03/06/2018 17:47:40	47.0	46.0	0.757576
03/06/2018 17:47:51	47.0	47.0	0
03/06/2018 17:48:02	47.0	46.0	1.00756
03/06/2018 17:48:13	46.0	46.0	0.252525
03/06/2018 17:48:24	46.0	46.0	0.503778
03/06/2018 17:48:35	46.0	46.0	0.505051
03/06/2018 17:48:46	47.0	47.0	0.503778
03/06/2018 17:48:57	46.0	46.0	0.251889
03/06/2018 17:49:08	47.0	47.0	1.26263
03/06/2018 17:49:19	46.0	46.0	0.252525
03/06/2018 17:49:30	46.0	47.0	0.251256
03/06/2018 17:49:41	47.0	47.0	1.0101
03/06/2018 17:49:52	46.0	46.0	0.252525
03/06/2018 17:50:03	46.0	47.0	0.505051
03/06/2018 17:50:14	47.0	47.0	0.502513
03/06/2018 17:50:25	46.0	46.0	0.252525
03/06/2018 17:50:36	47.0	46.0	1.00756
03/06/2018 17:50:47	46.0	47.0	0.503778
03/06/2018 17:50:59	46.0	46.0	0.251256
03/06/2018 17:51:10	46.0	46.0	1.00756
03/06/2018 17:51:21	46.0	46.0	0.251889
03/06/2018 17:51:32	46.0	46.0	0.505051
03/06/2018 17:51:43	46.0	47.0	1.00503
03/06/2018 17:51:54	46.0	46.0	0.503778
03/06/2018 17:52:05	46.0	46.0	0.251889
03/06/2018 17:52:16	46.0	47.0	0.759494
03/06/2018 17:52:27	46.0	46.0	0.252525
03/06/2018 17:52:38	46.0	46.0	0.252525
03/06/2018 17:52:49	46.0	47.0	0.757576
03/06/2018 17:53:00	46.0	46.0	0.755668
03/06/2018 17:53:11	47.0	46.0	0.753769
03/06/2018 17:53:22	47.0	47.0	0.505051
03/06/2018 17:53:33	46.0	46.0	0.503778
03/06/2018 17:53:44	47.0	47.0	1.26263
03/06/2018 17:53:55	46.0	46.0	0.505051
03/06/2018 17:54:06	47.0	46.0	0.503778
03/06/2018 17:54:17	47.0	46.0	1.00756
03/06/2018 17:54:28	47.0	46.0	0.252525
03/06/2018 17:54:39	48.0	47.0	0.503778
03/06/2018 17:54:50	48.0	46.0	1.0101
03/06/2018 17:55:01	46.0	46.0	0.503778
03/06/2018 17:55:12	47.0	46.0	0.502513
03/06/2018 17:55:23	47.0	46.0	1.01266
03/06/2018 17:55:34	46.0	46.0	0.252525
03/06/2018 17:55:45	47.0	46.0	0.753769
03/06/2018 17:55:56	46.0	46.0	0.251889
03/06/2018 17:56:07	47.0	47.0	0.755668
03/06/2018 17:56:18	47.0	46.0	0.757576
03/06/2018 17:56:29	47.0	47.0	0.251889
03/06/2018 17:56:40	47.0	46.0	0.252525
03/06/2018 17:56:51	47.0	46.0	1.0101
03/06/2018 17:57:02	48.0	47.0	0.251889
03/06/2018 17:57:13	47.0	46.0	0.506329
03/06/2018 17:57:24	48.0	46.0	1.25628
03/06/2018 17:57:35	47.0	47.0	0.502513
03/06/2018 17:57:47	47.0	46.0	0.502513
03/06/2018 17:57:58	47.0	46.0	3.01508
03/06/2018 17:58:09	47.0	47.0	0.75188
03/06/2018 17:58:20	47.0	46.0	0.251889
03/06/2018 17:58:31	47.0	47.0	0.505051
03/06/2018 17:58:42	46.0	46.0	0.502513
03/06/2018 17:58:53	47.0	46.0	1.25945
03/06/2018 17:59:04	48.0	47.0	0.252525
03/06/2018 17:59:15	48.0	47.0	0.503778
03/06/2018 17:59:26	47.0	47.0	0.755668
03/06/2018 17:59:37	47.0	46.0	0.502513
03/06/2018 17:59:48	48.0	47.0	0.252525
03/06/2018 17:59:59	47.0	47.0	2.77778
03/06/2018 18:00:10	47.0	46.0	0.251889
03/06/2018 18:00:21	47.0	46.0	0.503778
03/06/2018 18:00:32	47.0	46.0	0.757576
03/06/2018 18:00:43	47.0	46.0	0.503778
03/06/2018 18:00:54	48.0	47.0	0.502513
03/06/2018 18:01:05	47.0	46.0	0.252525
03/06/2018 18:01:16	47.0	46.0	1.00503
03/06/2018 18:01:27	47.0	47.0	1.00503
03/06/2018 18:01:38	48.0	46.0	0.503778
03/06/2018 18:01:49	46.0	47.0	0.505051
03/06/2018 18:02:00	47.0	47.0	2.53807
03/06/2018 18:02:11	47.0	46.0	0.252525
03/06/2018 18:02:22	47.0	47.0	0.503778
03/06/2018 18:02:33	47.0	46.0	1.0101
03/06/2018 18:02:44	47.0	46.0	0.753769
03/06/2018 18:02:55	47.0	47.0	0.503778
03/06/2018 18:03:06	46.0	47.0	1.0101
03/06/2018 18:03:17	47.0	47.0	0.252525
03/06/2018 18:03:28	47.0	46.0	1.00756
03/06/2018 18:03:39	47.0	47.0	0
03/06/2018 18:03:50	47.0	46.0	0.502513
03/06/2018 18:04:01	47.0	46.0	1.26263
03/06/2018 18:04:12	47.0	47.0	0.753769
03/06/2018 18:04:23	47.0	47.0	0.251889
03/06/2018 18:04:34	47.0	47.0	0.757576
03/06/2018 18:04:46	48.0	47.0	0.251889
03/06/2018 18:04:57	47.0	47.0	0.502513
03/06/2018 18:05:08	48.0	47.0	0.759494
03/06/2018 18:05:19	47.0	46.0	0.503778
03/06/2018 18:05:30	48.0	47.0	0.75188
03/06/2018 18:05:41	48.0	46.0	1.00503
03/06/2018 18:05:52	47.0	47.0	0.503778
03/06/2018 18:06:03	47.0	47.0	0.503778
03/06/2018 18:06:14	48.0	47.0	0.252525
03/06/2018 18:06:25	47.0	46.0	0.252525
03/06/2018 18:06:36	47.0	47.0	1.0101
03/06/2018 18:06:47	47.0	47.0	0.252525
03/06/2018 18:06:58	47.0	47.0	0.252525
03/06/2018 18:07:09	47.0	47.0	0.755668
03/06/2018 18:07:20	47.0	47.0	0.503778
03/06/2018 18:07:31	47.0	47.0	0.502513
03/06/2018 18:07:42	48.0	47.0	1.0101
03/06/2018 18:07:53	47.0	47.0	0.502513
03/06/2018 18:08:04	47.0	47.0	0.503778
03/06/2018 18:08:15	47.0	46.0	0.505051
03/06/2018 18:08:26	48.0	47.0	0.753769
03/06/2018 18:08:37	47.0	47.0	0.251889
03/06/2018 18:08:48	48.0	47.0	0.753769
03/06/2018 18:08:59	48.0	47.0	0.251889
03/06/2018 18:09:10	47.0	48.0	1.25628
03/06/2018 18:09:21	48.0	47.0	0.503778
03/06/2018 18:09:32	48.0	46.0	0.505051
03/06/2018 18:09:43	47.0	46.0	0.757576
03/06/2018 18:09:54	47.0	47.0	0.503778
03/06/2018 18:10:05	47.0	46.0	0.251889
03/06/2018 18:10:16	47.0	46.0	1.25945
03/06/2018 18:10:27	47.0	46.0	0.502513
03/06/2018 18:10:38	48.0	47.0	0.503778
03/06/2018 18:10:49	47.0	47.0	0.755668
03/06/2018 18:11:00	47.0	47.0	0.251889
03/06/2018 18:11:11	48.0	47.0	0.503778
03/06/2018 18:11:22	47.0	46.0	1.00756
03/06/2018 18:11:34	47.0	47.0	0.503778
03/06/2018 18:11:45	47.0	46.0	0.757576
03/06/2018 18:11:56	47.0	46.0	0.505051
03/06/2018 18:12:07	48.0	47.0	0.251889
03/06/2018 18:12:18	48.0	46.0	0.753769
03/06/2018 18:12:29	48.0	46.0	0
03/06/2018 18:12:40	47.0	47.0	0.755668
03/06/2018 18:12:51	46.0	47.0	0.755668
03/06/2018 18:13:02	47.0	47.0	0.503778
03/06/2018 18:13:13	48.0	47.0	0.251889
03/06/2018 18:13:24	48.0	47.0	1.0101
03/06/2018 18:13:35	47.0	47.0	0
03/06/2018 18:13:46	47.0	46.0	0.252525
03/06/2018 18:13:57	47.0	47.0	0.759494
03/06/2018 18:14:08	47.0	47.0	0.502513
03/06/2018 18:14:19	47.0	47.0	0.755668
03/06/2018 18:14:30	47.0	47.0	0.75188
03/06/2018 18:14:41	47.0	47.0	0.251889
03/06/2018 18:14:52	47.0	47.0	1.00756
03/06/2018 18:15:03	47.0	47.0	0.503778
03/06/2018 18:15:14	47.0	46.0	0.503778
03/06/2018 18:15:25	47.0	46.0	1.00756
03/06/2018 18:15:36	47.0	47.0	0.252525
03/06/2018 18:15:47	47.0	47.0	0.502513
03/06/2018 18:15:58	48.0	47.0	0.755668
03/06/2018 18:16:09	47.0	47.0	0.502513
03/06/2018 18:16:20	47.0	47.0	0.251889
03/06/2018 18:16:31	48.0	47.0	1.25945
03/06/2018 18:16:42	47.0	47.0	0.502513
03/06/2018 18:16:53	47.0	46.0	1.0101
03/06/2018 18:17:04	48.0	47.0	0.251889
03/06/2018 18:17:15	48.0	46.0	0.251889
03/06/2018 18:17:26	47.0	47.0	0.755668
03/06/2018 18:17:37	48.0	47.0	2.27273
03/06/2018 18:17:48	47.0	47.0	0.252525
03/06/2018 18:17:59	48.0	47.0	1.01266
03/06/2018 18:18:10	48.0	46.0	0.503778
03/06/2018 18:18:21	47.0	47.0	0.503778
03/06/2018 18:18:33	47.0	47.0	0.505051
03/06/2018 18:18:44	46.0	47.0	0.503778
03/06/2018 18:18:55	47.0	47.0	0.503778
03/06/2018 18:19:06	47.0	47.0	0.757576
03/06/2018 18:19:17	47.0	47.0	0.251889
03/06/2018 18:19:28	47.0	47.0	0.503778
03/06/2018 18:19:39	47.0	47.0	2.76382
03/06/2018 18:19:50	47.0	47.0	0.503778
03/06/2018 18:20:01	48.0	47.0	1.25628
03/06/2018 18:20:12	48.0	48.0	0
03/06/2018 18:20:23	48.0	47.0	0.503778
03/06/2018 18:20:34	47.0	47.0	0.757576
03/06/2018 18:20:45	48.0	48.0	0.505051
03/06/2018 18:20:56	47.0	47.0	1.00503
03/06/2018 18:21:07	48.0	47.0	1.00503
03/06/2018 18:21:18	48.0	47.0	0.251889
03/06/2018 18:21:29	47.0	47.0	0.252525
03/06/2018 18:21:40	48.0	47.0	2.52525
03/06/2018 18:21:51	47.0	47.0	0.502513
03/06/2018 18:22:02	48.0	48.0	0.753769
03/06/2018 18:22:13	47.0	47.0	1.25628
03/06/2018 18:22:24	47.0	48.0	0.503778
03/06/2018 18:22:35	47.0	47.0	1.0101
03/06/2018 18:22:46	47.0	47.0	0.251889
03/06/2018 18:22:57	48.0	46.0	0.502513
03/06/2018 18:23:08	49.0	47.0	0.757576
03/06/2018 18:23:19	47.0	47.0	0.252525
03/06/2018 18:23:30	48.0	46.0	0.503778
03/06/2018 18:23:41	48.0	47.0	1.0101
03/06/2018 18:23:52	48.0	48.0	0.251889
03/06/2018 18:24:03	49.0	48.0	0.252525
03/06/2018 18:24:14	48.0	47.0	1.0101
03/06/2018 18:24:25	48.0	47.0	0.502513
03/06/2018 18:24:36	48.0	47.0	0.502513
03/06/2018 18:24:47	47.0	47.0	0.755668
03/06/2018 18:24:58	47.0	47.0	0.503778
03/06/2018 18:25:09	47.0	47.0	1.00756
03/06/2018 18:25:20	47.0	47.0	0.753769
03/06/2018 18:25:32	46.0	47.0	0.251889
03/06/2018 18:25:43	47.0	47.0	0.757576
03/06/2018 18:25:54	47.0	47.0	0.251889
03/06/2018 18:26:05	49.0	47.0	0.503778
03/06/2018 18:26:16	47.0	46.0	1.00756
03/06/2018 18:26:27	47.0	46.0	0.502513
03/06/2018 18:26:38	47.0	47.0	0.503778
03/06/2018 18:26:49	48.0	47.0	0.505051
03/06/2018 18:27:00	47.0	47.0	0.503778
03/06/2018 18:27:11	47.0	47.0	0.753769
03/06/2018 18:27:22	48.0	47.0	0.759494
03/06/2018 18:27:33	47.0	47.0	0.753769
03/06/2018 18:27:44	48.0	47.0	0.502513
03/06/2018 18:27:55	48.0	47.0	0.503778
