11/13/2017 19:47:00	57.0	55.0	11.1392
11/13/2017 19:47:11	52.0	52.0	1.26904
11/13/2017 19:47:22	52.0	52.0	34.3137
11/13/2017 19:47:33	53.0	53.0	22.1519
11/13/2017 19:47:45	50.0	50.0	22.1154
11/13/2017 19:47:56	50.0	49.0	17.377
11/13/2017 19:48:08	49.0	48.0	17.4142
11/13/2017 19:48:19	48.0	48.0	15.873
11/13/2017 19:48:30	48.0	48.0	27.3481
11/13/2017 19:48:41	54.0	48.0	2.02532
11/13/2017 19:48:52	48.0	48.0	0.753769
11/13/2017 19:49:03	49.0	48.0	3.29114
11/13/2017 19:49:14	50.0	50.0	8.02676
11/13/2017 19:49:25	51.0	51.0	16.6038
11/13/2017 19:49:37	53.0	53.0	18.4211
11/13/2017 19:49:48	54.0	54.0	15.3226
11/13/2017 19:49:59	56.0	54.0	20.4724
11/13/2017 19:50:10	56.0	56.0	14.6982
11/13/2017 19:50:21	57.0	56.0	13.8298
11/13/2017 19:50:32	56.0	54.0	14.5889
11/13/2017 19:50:43	53.0	52.0	15.1194
11/13/2017 19:50:54	51.0	51.0	15.6499
11/13/2017 19:51:05	50.0	50.0	14.5503
11/13/2017 19:51:16	50.0	49.0	15.0794
11/13/2017 19:51:27	49.0	48.0	15.2632
11/13/2017 19:51:38	49.0	48.0	14.3617
11/13/2017 19:51:49	49.0	47.0	16.5333
11/13/2017 19:52:00	48.0	48.0	16.2234
11/13/2017 19:52:11	49.0	47.0	15.4856
11/13/2017 19:52:22	48.0	47.0	15.5673
11/13/2017 19:52:33	48.0	47.0	14.8541
11/13/2017 19:52:44	48.0	47.0	13.4048
11/13/2017 19:52:55	50.0	49.0	15.6085
11/13/2017 19:53:06	52.0	51.0	14.2857
11/13/2017 19:53:17	53.0	53.0	14.3236
11/13/2017 19:53:29	54.0	54.0	12.8609
11/13/2017 19:53:40	55.0	54.0	13.3858
11/13/2017 19:53:51	56.0	56.0	14.2105
11/13/2017 19:54:02	57.0	56.0	12.6316
11/13/2017 19:54:13	55.0	54.0	14.7368
11/13/2017 19:54:24	53.0	53.0	15.0794
11/13/2017 19:54:35	52.0	51.0	15.0794
11/13/2017 19:54:46	51.0	50.0	13.9037
11/13/2017 19:54:57	50.0	50.0	14.5503
11/13/2017 19:55:08	50.0	49.0	15.0396
11/13/2017 19:55:19	49.0	49.0	15.3034
11/13/2017 19:55:30	49.0	48.0	14.8541
11/13/2017 19:55:41	49.0	48.0	16.0526
11/13/2017 19:55:52	49.0	48.0	15.1194
11/13/2017 19:56:03	49.0	48.0	14.7757
11/13/2017 19:56:14	49.0	48.0	14.5889
11/13/2017 19:56:25	49.0	47.0	15.3846
11/13/2017 19:56:36	49.0	47.0	14.9215
11/13/2017 19:56:47	49.0	47.0	14.8936
11/13/2017 19:56:58	48.0	47.0	16.6667
11/13/2017 19:57:09	49.0	47.0	13.4211
11/13/2017 19:57:20	48.0	47.0	18.8172
11/13/2017 19:57:31	48.0	47.0	16.2234
11/13/2017 19:57:42	49.0	47.0	15.1194
11/13/2017 19:57:53	48.0	47.0	15.9574
11/13/2017 19:58:05	48.0	47.0	16.095
11/13/2017 19:58:16	48.0	48.0	14.3236
11/13/2017 19:58:27	48.0	47.0	15.445
11/13/2017 19:58:38	48.0	47.0	14.8541
11/13/2017 19:58:49	48.0	47.0	15.9574
11/13/2017 19:59:00	50.0	50.0	16.5775
11/13/2017 19:59:11	51.0	51.0	14.0212
11/13/2017 19:59:22	53.0	52.0	13.5279
11/13/2017 19:59:33	54.0	53.0	19.9475
11/13/2017 19:59:44	56.0	55.0	22.5714
11/13/2017 19:59:55	57.0	56.0	16.8
11/13/2017 20:00:06	57.0	55.0	17.7719
11/13/2017 20:00:17	54.0	54.0	15.6085
11/13/2017 20:00:28	52.0	53.0	16.5354
11/13/2017 20:00:39	51.0	51.0	15.9151
11/13/2017 20:00:50	51.0	50.0	16.3588
11/13/2017 20:01:01	51.0	50.0	16.5789
11/13/2017 20:01:12	50.0	50.0	18.2768
11/13/2017 20:01:23	50.0	50.0	18.5379
11/13/2017 20:01:34	50.0	50.0	19.1099
11/13/2017 20:01:45	50.0	49.0	15.4856
11/13/2017 20:01:56	50.0	50.0	19.6335
11/13/2017 20:02:07	50.0	50.0	15.4856
11/13/2017 20:02:18	50.0	50.0	17.3575
11/13/2017 20:02:29	49.0	49.0	16.3158
11/13/2017 20:02:40	49.0	48.0	13.4565
11/13/2017 20:02:51	49.0	48.0	18.1579
11/13/2017 20:03:02	49.0	48.0	14.3617
11/13/2017 20:03:14	49.0	48.0	15.3439
11/13/2017 20:03:25	48.0	48.0	20.6557
11/13/2017 20:03:36	49.0	48.0	25.5521
11/13/2017 20:03:47	50.0	49.0	16.338
11/13/2017 20:03:58	48.0	47.0	20.8571
11/13/2017 20:04:10	48.0	47.0	19.0104
11/13/2017 20:04:21	49.0	48.0	15.6085
11/13/2017 20:04:32	49.0	48.0	17.1875
11/13/2017 20:04:43	49.0	48.0	16.7979
11/13/2017 20:04:54	49.0	48.0	16.9713
11/13/2017 20:05:05	49.0	48.0	16.4021
11/13/2017 20:05:16	49.0	48.0	18.8571
11/13/2017 20:05:27	49.0	48.0	16.7553
11/13/2017 20:05:38	50.0	48.0	16.3588
11/13/2017 20:05:49	48.0	47.0	14.7757
11/13/2017 20:06:00	48.0	47.0	16.3588
11/13/2017 20:06:11	48.0	48.0	21.8997
11/13/2017 20:06:22	48.0	48.0	17.5202
11/13/2017 20:06:33	48.0	47.0	15.873
11/13/2017 20:06:44	48.0	47.0	16.095
11/13/2017 20:06:55	48.0	47.0	15.5263
11/13/2017 20:07:06	48.0	47.0	15.6085
11/13/2017 20:07:17	48.0	47.0	14.7757
11/13/2017 20:07:28	49.0	48.0	18.3024
11/13/2017 20:07:39	47.0	46.0	18.9474
11/13/2017 20:07:50	48.0	47.0	19.5251
11/13/2017 20:08:01	49.0	47.0	20.9424
11/13/2017 20:08:12	50.0	49.0	16.273
11/13/2017 20:08:23	48.0	47.0	16.6667
11/13/2017 20:08:34	48.0	47.0	15.873
11/13/2017 20:08:45	48.0	47.0	15.1194
11/13/2017 20:08:56	48.0	47.0	16.273
11/13/2017 20:09:07	47.0	47.0	15.9574
11/13/2017 20:09:19	48.0	47.0	15.9574
11/13/2017 20:09:30	47.0	47.0	16.4062
11/13/2017 20:09:41	48.0	47.0	16.1376
11/13/2017 20:09:52	49.0	48.0	15.3034
11/13/2017 20:10:03	50.0	51.0	15.9686
11/13/2017 20:10:14	51.0	51.0	16.095
11/13/2017 20:10:25	53.0	54.0	17.0213
11/13/2017 20:10:36	55.0	54.0	18.0628
11/13/2017 20:10:47	56.0	54.0	14.1732
11/13/2017 20:10:58	57.0	56.0	15.7333
11/13/2017 20:11:09	54.0	54.0	15.748
11/13/2017 20:11:20	53.0	51.0	15.873
11/13/2017 20:11:31	52.0	51.0	16.7979
11/13/2017 20:11:42	52.0	51.0	16.095
11/13/2017 20:11:53	50.0	50.0	15.5263
11/13/2017 20:12:04	49.0	49.0	17.9894
11/13/2017 20:12:15	50.0	48.0	16.8421
11/13/2017 20:12:26	49.0	48.0	15.748
11/13/2017 20:12:37	49.0	48.0	16.6667
11/13/2017 20:12:48	49.0	48.0	15.8311
11/13/2017 20:12:59	49.0	48.0	15.445
11/13/2017 20:13:10	49.0	48.0	17.0157
11/13/2017 20:13:21	48.0	48.0	16.4021
11/13/2017 20:13:32	48.0	48.0	18.2635
11/13/2017 20:13:44	48.0	47.0	16.6227
11/13/2017 20:13:55	49.0	47.0	17.4142
11/13/2017 20:14:06	48.0	47.0	14.5503
11/13/2017 20:14:17	48.0	47.0	17.2324
11/13/2017 20:14:28	48.0	48.0	14.9215
11/13/2017 20:14:39	48.0	47.0	17.3228
11/13/2017 20:14:50	50.0	48.0	16.5354
11/13/2017 20:15:01	48.0	47.0	17.2324
11/13/2017 20:15:12	48.0	47.0	16.2304
11/13/2017 20:15:23	48.0	47.0	15.5263
11/13/2017 20:15:34	48.0	47.0	16.4921
11/13/2017 20:15:45	48.0	47.0	16.6227
11/13/2017 20:15:56	48.0	47.0	16.7539
11/13/2017 20:16:07	48.0	47.0	13.8381
11/13/2017 20:16:18	48.0	47.0	16.4921
11/13/2017 20:16:29	48.0	47.0	16.4491
11/13/2017 20:16:40	48.0	47.0	15.7895
11/13/2017 20:16:51	48.0	47.0	16.2304
11/13/2017 20:17:02	48.0	47.0	16.5354
11/13/2017 20:17:13	48.0	47.0	15.2231
11/13/2017 20:17:24	48.0	47.0	16.7979
11/13/2017 20:17:35	48.0	47.0	16.7539
11/13/2017 20:17:46	47.0	47.0	16.7979
11/13/2017 20:17:57	47.0	46.0	15
11/13/2017 20:18:08	47.0	47.0	18.0157
11/13/2017 20:18:20	47.0	47.0	16.273
11/13/2017 20:18:31	47.0	47.0	16.2304
11/13/2017 20:18:42	48.0	47.0	15.4856
11/13/2017 20:18:53	47.0	47.0	16.7979
11/13/2017 20:19:04	48.0	47.0	16.7102
11/13/2017 20:19:15	47.0	46.0	17.801
11/13/2017 20:19:26	47.0	47.0	16.4491
11/13/2017 20:19:37	47.0	46.0	14.9606
11/13/2017 20:19:48	49.0	50.0	15.9686
11/13/2017 20:19:59	52.0	51.0	14.8438
11/13/2017 20:20:10	53.0	52.0	16.3212
11/13/2017 20:20:21	54.0	54.0	17.7083
11/13/2017 20:20:32	55.0	54.0	15.625
11/13/2017 20:20:43	56.0	56.0	14.8438
11/13/2017 20:20:54	56.0	55.0	17.7546
11/13/2017 20:21:05	54.0	53.0	16.7102
11/13/2017 20:21:16	52.0	52.0	15.9269
11/13/2017 20:21:27	52.0	50.0	16.2791
11/13/2017 20:21:38	51.0	50.0	16.9271
11/13/2017 20:21:49	50.0	50.0	16.8831
11/13/2017 20:22:00	50.0	49.0	17.1875
11/13/2017 20:22:11	49.0	48.0	15.625
11/13/2017 20:22:22	49.0	49.0	18.2768
11/13/2017 20:22:33	49.0	48.0	17.9688
11/13/2017 20:22:44	49.0	48.0	14.4357
11/13/2017 20:22:55	48.0	47.0	17.4935
11/13/2017 20:23:07	48.0	47.0	14.9215
11/13/2017 20:23:18	48.0	47.0	15.2455
11/13/2017 20:23:29	48.0	47.0	15.1436
11/13/2017 20:23:40	50.0	49.0	14.8825
11/13/2017 20:23:51	50.0	51.0	15.7623
11/13/2017 20:24:02	52.0	51.0	16.0207
11/13/2017 20:24:13	54.0	53.0	14.6214
11/13/2017 20:24:24	55.0	54.0	14.9485
11/13/2017 20:24:35	55.0	55.0	14.026
11/13/2017 20:24:46	57.0	56.0	14.9871
11/13/2017 20:24:57	55.0	55.0	15.2455
11/13/2017 20:25:08	53.0	53.0	16.7959
11/13/2017 20:25:19	52.0	51.0	15.4047
11/13/2017 20:25:30	50.0	51.0	13.3159
11/13/2017 20:25:41	51.0	50.0	16.0622
11/13/2017 20:25:52	49.0	50.0	16.0622
11/13/2017 20:26:03	49.0	48.0	17.6471
11/13/2017 20:26:14	48.0	48.0	17.0103
11/13/2017 20:26:25	48.0	47.0	15.9794
11/13/2017 20:26:36	49.0	47.0	17.4807
11/13/2017 20:26:47	48.0	47.0	16.8798
11/13/2017 20:26:58	47.0	47.0	17.5573
11/13/2017 20:27:09	49.0	48.0	16.5375
11/13/2017 20:27:20	51.0	49.0	16.6667
11/13/2017 20:27:31	51.0	51.0	16.5394
11/13/2017 20:27:42	53.0	53.0	15.3846
11/13/2017 20:27:53	54.0	53.0	16.8367
11/13/2017 20:28:04	55.0	54.0	13.7662
11/13/2017 20:28:15	56.0	55.0	15.9794
11/13/2017 20:28:27	57.0	56.0	17.6471
11/13/2017 20:28:38	55.0	54.0	15.8163
11/13/2017 20:28:49	53.0	52.0	17.0483
11/13/2017 20:29:00	51.0	51.0	18.0662
11/13/2017 20:29:11	50.0	50.0	19.5489
11/13/2017 20:29:22	49.0	48.0	20.4489
11/13/2017 20:29:33	49.0	48.0	20.0993
11/13/2017 20:29:44	48.0	48.0	18.6567
11/13/2017 20:29:55	48.0	47.0	21.256
11/13/2017 20:30:06	48.0	47.0	20.197
11/13/2017 20:30:17	49.0	48.0	17.8841
11/13/2017 20:30:28	50.0	50.0	20.6388
11/13/2017 20:30:39	53.0	51.0	19.2118
11/13/2017 20:30:50	53.0	53.0	18.3417
11/13/2017 20:31:01	54.0	53.0	17.7057
11/13/2017 20:31:12	54.0	54.0	19.7044
11/13/2017 20:31:23	56.0	54.0	17.8841
11/13/2017 20:31:34	57.0	56.0	17
11/13/2017 20:31:45	57.0	56.0	22.7053
11/13/2017 20:31:56	54.0	53.0	22.7273
11/13/2017 20:32:07	52.0	52.0	21.0269
11/13/2017 20:32:18	51.0	50.0	24.7002
11/13/2017 20:32:29	49.0	50.0	23.5012
11/13/2017 20:32:40	49.0	49.0	23.6842
11/13/2017 20:32:51	49.0	47.0	23.8095
11/13/2017 20:33:02	48.0	47.0	24.105
11/13/2017 20:33:13	48.0	47.0	24.8244
11/13/2017 20:33:25	49.0	48.0	22.8916
11/13/2017 20:33:36	51.0	51.0	23.4597
11/13/2017 20:33:47	52.0	52.0	23.0952
11/13/2017 20:33:58	53.0	53.0	24.5283
11/13/2017 20:34:09	55.0	54.0	22.673
11/13/2017 20:34:20	55.0	54.0	21.2411
11/13/2017 20:34:31	57.0	55.0	20.3883
11/13/2017 20:34:42	57.0	56.0	24.1135
11/13/2017 20:34:53	55.0	54.0	23.9437
11/13/2017 20:35:04	53.0	52.0	24.8837
11/13/2017 20:35:15	51.0	51.0	24.3499
11/13/2017 20:35:26	50.0	49.0	24.7059
11/13/2017 20:35:37	49.0	48.0	25.463
11/13/2017 20:35:48	50.0	48.0	25.1732
11/13/2017 20:35:59	49.0	47.0	23.1504
11/13/2017 20:36:10	48.0	47.0	23.4043
11/13/2017 20:36:21	48.0	47.0	23.6277
11/13/2017 20:36:32	49.0	49.0	24.4019
11/13/2017 20:36:43	50.0	50.0	24.228
11/13/2017 20:36:54	52.0	52.0	23.8318
11/13/2017 20:37:05	53.0	53.0	21.3777
11/13/2017 20:37:16	55.0	54.0	23.5154
11/13/2017 20:37:27	55.0	54.0	23.4742
11/13/2017 20:37:38	56.0	55.0	23.8426
11/13/2017 20:37:49	57.0	56.0	23.6407
11/13/2017 20:38:00	56.0	54.0	24.2925
11/13/2017 20:38:11	53.0	53.0	23.3491
11/13/2017 20:38:22	51.0	51.0	24.0566
11/13/2017 20:38:34	51.0	50.0	23.445
11/13/2017 20:38:45	49.0	48.0	22.542
11/13/2017 20:38:56	49.0	48.0	23.0216
11/13/2017 20:39:07	49.0	48.0	22.3301
11/13/2017 20:39:18	48.0	47.0	22.7818
11/13/2017 20:39:29	49.0	48.0	22.3301
11/13/2017 20:39:40	50.0	50.0	21.4112
11/13/2017 20:39:51	52.0	51.0	20.1493
11/13/2017 20:40:02	53.0	52.0	22.4586
11/13/2017 20:40:13	54.0	53.0	21.7918
11/13/2017 20:40:24	55.0	54.0	21.7073
11/13/2017 20:40:35	55.0	54.0	22.2749
11/13/2017 20:40:46	56.0	56.0	21.564
11/13/2017 20:40:57	57.0	56.0	21.4112
11/13/2017 20:41:08	55.0	53.0	20.9639
11/13/2017 20:41:19	52.0	51.0	20.4938
11/13/2017 20:41:30	51.0	50.0	21.4634
11/13/2017 20:41:41	50.0	49.0	20.5955
11/13/2017 20:41:52	49.0	48.0	20
11/13/2017 20:42:03	50.0	48.0	20
11/13/2017 20:42:14	48.0	47.0	19.9501
11/13/2017 20:42:25	48.0	47.0	19.603
11/13/2017 20:42:36	49.0	48.0	23.4146
11/13/2017 20:42:47	50.0	49.0	18.9394
11/13/2017 20:42:58	52.0	51.0	19.5122
11/13/2017 20:43:09	53.0	53.0	18.3168
11/13/2017 20:43:20	55.0	52.0	19.603
11/13/2017 20:43:31	55.0	54.0	19.5545
11/13/2017 20:43:43	56.0	54.0	18.8586
11/13/2017 20:43:54	57.0	55.0	19.9029
11/13/2017 20:44:05	56.0	56.0	21.3075
11/13/2017 20:44:16	54.0	53.0	20.5955
11/13/2017 20:44:27	52.0	51.0	21.2195
11/13/2017 20:44:38	51.0	50.0	20.3931
11/13/2017 20:44:49	50.0	49.0	21.6749
11/13/2017 20:45:00	49.0	48.0	21.8978
11/13/2017 20:45:11	48.0	47.0	19.5545
11/13/2017 20:45:22	48.0	47.0	20.197
11/13/2017 20:45:33	49.0	48.0	20.2934
11/13/2017 20:45:44	51.0	50.0	21.4112
11/13/2017 20:45:55	52.0	51.0	20.2934
11/13/2017 20:46:06	53.0	52.0	18.6732
11/13/2017 20:46:17	54.0	53.0	21.2871
11/13/2017 20:46:28	56.0	56.0	19.5122
11/13/2017 20:46:39	55.0	55.0	20
11/13/2017 20:46:50	56.0	56.0	20.5811
11/13/2017 20:47:01	57.0	56.0	20.6235
11/13/2017 20:47:12	54.0	53.0	20.297
11/13/2017 20:47:23	52.0	51.0	22.6601
11/13/2017 20:47:34	51.0	50.0	19.8511
11/13/2017 20:47:45	49.0	48.0	20
11/13/2017 20:47:56	49.0	48.0	20.7824
11/13/2017 20:48:07	48.0	47.0	21.8137
11/13/2017 20:48:18	49.0	47.0	21.7822
11/13/2017 20:48:29	50.0	50.0	19.802
11/13/2017 20:48:41	52.0	51.0	19.9017
11/13/2017 20:48:52	53.0	52.0	19.3627
11/13/2017 20:49:03	54.0	53.0	18.2716
11/13/2017 20:49:14	54.0	54.0	21.7822
11/13/2017 20:49:25	55.0	54.0	19.4103
11/13/2017 20:49:36	56.0	55.0	17.5309
11/13/2017 20:49:47	57.0	56.0	18.7654
11/13/2017 20:49:58	55.0	55.0	18.4539
11/13/2017 20:50:09	53.0	53.0	19.5
11/13/2017 20:50:20	51.0	50.0	19.7007
11/13/2017 20:50:31	50.0	49.0	19.598
11/13/2017 20:50:42	49.0	48.0	17.602
11/13/2017 20:50:53	48.0	48.0	20.0501
11/13/2017 20:51:04	48.0	48.0	19.202
11/13/2017 20:51:15	49.0	48.0	18.593
11/13/2017 20:51:26	50.0	50.0	18.7032
11/13/2017 20:51:37	51.0	51.0	18.2045
11/13/2017 20:51:48	53.0	52.0	18.9526
11/13/2017 20:51:59	55.0	53.0	17.2152
11/13/2017 20:52:10	55.0	54.0	17.1285
11/13/2017 20:52:21	56.0	55.0	15.3846
11/13/2017 20:52:32	56.0	56.0	17.7057
11/13/2017 20:52:43	57.0	56.0	15.5216
11/13/2017 20:52:54	54.0	53.0	17.1355
11/13/2017 20:53:05	52.0	51.0	17.602
11/13/2017 20:53:16	50.0	50.0	17.3913
11/13/2017 20:53:27	49.0	50.0	17.4807
11/13/2017 20:53:38	49.0	48.0	17.4026
11/13/2017 20:53:49	49.0	48.0	15.4047
11/13/2017 20:54:01	48.0	47.0	16.5375
11/13/2017 20:54:12	47.0	47.0	14.8052
11/13/2017 20:54:23	49.0	49.0	15.1832
11/13/2017 20:54:34	51.0	51.0	16.2304
11/13/2017 20:54:45	53.0	52.0	14.6214
11/13/2017 20:54:56	53.0	52.0	13.7662
11/13/2017 20:55:07	55.0	54.0	15.2231
11/13/2017 20:55:18	55.0	54.0	14.0625
11/13/2017 20:55:29	56.0	56.0	14.6214
11/13/2017 20:55:40	57.0	56.0	14.6982
11/13/2017 20:55:51	55.0	55.0	13.3159
11/13/2017 20:56:02	53.0	52.0	14.0584
11/13/2017 20:56:13	51.0	51.0	14.248
11/13/2017 20:56:24	50.0	50.0	14.2857
11/13/2017 20:56:35	50.0	48.0	17.1504
11/13/2017 20:56:46	49.0	47.0	14.5503
11/13/2017 20:56:57	48.0	47.0	14.5119
11/13/2017 20:57:08	48.0	46.0	14.6667
11/13/2017 20:57:19	47.0	47.0	14.3236
11/13/2017 20:57:30	49.0	48.0	13.7566
11/13/2017 20:57:41	50.0	50.0	14.7757
11/13/2017 20:57:52	52.0	51.0	12.5984
11/13/2017 20:58:03	53.0	52.0	12.9288
11/13/2017 20:58:14	55.0	53.0	15.3034
11/13/2017 20:58:25	55.0	54.0	15.4047
11/13/2017 20:58:36	56.0	55.0	11.6402
11/13/2017 20:58:47	57.0	55.0	13.1926
11/13/2017 20:58:59	55.0	55.0	12.1372
11/13/2017 20:59:10	54.0	53.0	12.9288
11/13/2017 20:59:21	52.0	51.0	14.0584
11/13/2017 20:59:32	50.0	50.0	14.5119
11/13/2017 20:59:43	50.0	48.0	14.5889
11/13/2017 20:59:54	49.0	48.0	14.4737
11/13/2017 21:00:05	49.0	48.0	14.0212
11/13/2017 21:00:16	49.0	48.0	15.0794
11/13/2017 21:00:27	49.0	47.0	14.3236
11/13/2017 21:00:38	48.0	47.0	13.7566
11/13/2017 21:00:49	48.0	47.0	14.8936
11/13/2017 21:01:00	49.0	49.0	14.0584
11/13/2017 21:01:11	51.0	50.0	14.7368
11/13/2017 21:01:22	52.0	51.0	14.4737
11/13/2017 21:01:33	53.0	52.0	13.577
11/13/2017 21:01:44	54.0	54.0	12.8947
11/13/2017 21:01:55	55.0	54.0	14.6597
11/13/2017 21:02:06	56.0	55.0	12.0735
11/13/2017 21:02:17	57.0	56.0	13.1579
11/13/2017 21:02:28	57.0	56.0	12.5984
11/13/2017 21:02:39	54.0	53.0	13.089
11/13/2017 21:02:50	52.0	53.0	14.8148
11/13/2017 21:03:01	51.0	51.0	14.248
11/13/2017 21:03:12	51.0	50.0	13.5638
11/13/2017 21:03:23	50.0	49.0	15.6499
11/13/2017 21:03:34	49.0	48.0	13.9842
11/13/2017 21:03:45	49.0	48.0	14.5119
11/13/2017 21:03:57	49.0	48.0	16.5789
11/13/2017 21:04:08	48.0	47.0	13.9842
11/13/2017 21:04:19	48.0	47.0	14.3236
11/13/2017 21:04:30	48.0	47.0	14.5889
11/13/2017 21:04:41	48.0	47.0	14.2857
11/13/2017 21:04:52	51.0	49.0	15.0396
11/13/2017 21:05:03	51.0	50.0	14.0212
11/13/2017 21:05:14	52.0	53.0	11.9048
11/13/2017 21:05:25	54.0	53.0	13.1579
11/13/2017 21:05:36	55.0	54.0	12.8609
11/13/2017 21:05:47	55.0	55.0	15.2231
11/13/2017 21:05:58	56.0	55.0	12.6984
11/13/2017 21:06:09	58.0	57.0	13.2275
11/13/2017 21:06:20	55.0	54.0	12.8947
11/13/2017 21:06:31	53.0	53.0	14.7757
11/13/2017 21:06:42	52.0	51.0	13.8667
11/13/2017 21:06:53	51.0	50.0	13.9842
11/13/2017 21:07:04	50.0	50.0	15.1596
11/13/2017 21:07:15	50.0	48.0	14.2105
11/13/2017 21:07:26	49.0	48.0	13.4921
11/13/2017 21:07:37	49.0	48.0	14.248
11/13/2017 21:07:48	48.0	48.0	14.3236
11/13/2017 21:07:59	48.0	48.0	14.5119
11/13/2017 21:08:10	48.0	47.0	14.0957
11/13/2017 21:08:21	49.0	49.0	15.873
11/13/2017 21:08:32	50.0	50.0	16.4021
11/13/2017 21:08:43	52.0	51.0	13.1579
11/13/2017 21:08:54	53.0	53.0	12.7321
11/13/2017 21:09:05	54.0	53.0	14.0584
11/13/2017 21:09:17	55.0	54.0	13.9474
11/13/2017 21:09:28	55.0	55.0	12.8947
11/13/2017 21:09:39	57.0	56.0	13.6483
11/13/2017 21:09:50	56.0	56.0	12.5984
11/13/2017 21:10:01	53.0	53.0	13.6842
11/13/2017 21:10:12	52.0	52.0	14.5503
11/13/2017 21:10:23	51.0	50.0	14.9606
11/13/2017 21:10:34	50.0	49.0	14.5889
11/13/2017 21:10:45	50.0	49.0	14.3236
11/13/2017 21:10:56	49.0	48.0	14.3236
11/13/2017 21:11:07	49.0	48.0	14.6277
11/13/2017 21:11:18	49.0	48.0	14.7757
11/13/2017 21:11:29	49.0	47.0	14.0212
11/13/2017 21:11:40	49.0	47.0	15.0396
11/13/2017 21:11:51	48.0	47.0	13.2979
11/13/2017 21:12:02	48.0	47.0	14.5119
11/13/2017 21:12:13	48.0	47.0	15.0396
11/13/2017 21:12:24	49.0	48.0	14.0212
11/13/2017 21:12:35	50.0	50.0	14.9606
11/13/2017 21:12:46	52.0	51.0	14.5119
11/13/2017 21:12:57	53.0	53.0	12.5984
11/13/2017 21:13:08	54.0	53.0	14.2105
11/13/2017 21:13:19	55.0	54.0	12.6649
11/13/2017 21:13:30	56.0	55.0	12.1693
11/13/2017 21:13:41	57.0	56.0	13.3858
11/13/2017 21:13:52	57.0	56.0	12.8609
11/13/2017 21:14:03	54.0	53.0	14.7757
11/13/2017 21:14:15	52.0	52.0	14.7757
11/13/2017 21:14:26	50.0	51.0	15.6499
11/13/2017 21:14:37	50.0	50.0	13.9842
11/13/2017 21:14:48	50.0	48.0	15.1194
11/13/2017 21:14:59	49.0	48.0	14.2857
11/13/2017 21:15:10	49.0	48.0	14.2857
11/13/2017 21:15:21	48.0	48.0	15.0396
11/13/2017 21:15:32	48.0	47.0	15
11/13/2017 21:15:43	48.0	46.0	15.0794
11/13/2017 21:15:54	48.0	48.0	15.3034
11/13/2017 21:16:05	48.0	47.0	15.5673
11/13/2017 21:16:16	47.0	47.0	14.8541
11/13/2017 21:16:27	49.0	48.0	15.2231
11/13/2017 21:16:38	51.0	50.0	13.6842
11/13/2017 21:16:49	52.0	51.0	13.8743
11/13/2017 21:17:00	53.0	53.0	12.6649
11/13/2017 21:17:11	54.0	54.0	12.3684
11/13/2017 21:17:22	54.0	54.0	13.4921
11/13/2017 21:17:33	56.0	55.0	13.9108
11/13/2017 21:17:44	57.0	56.0	12.5984
11/13/2017 21:17:55	56.0	56.0	13.3508
11/13/2017 21:18:06	54.0	53.0	13.4565
11/13/2017 21:18:17	51.0	52.0	12.2715
11/13/2017 21:18:28	51.0	51.0	14.5119
11/13/2017 21:18:39	50.0	50.0	15.5263
11/13/2017 21:18:50	49.0	49.0	15.1194
11/13/2017 21:19:01	49.0	48.0	14.0212
11/13/2017 21:19:12	48.0	48.0	14.3236
11/13/2017 21:19:24	48.0	48.0	14.0584
11/13/2017 21:19:35	48.0	48.0	13.4565
11/13/2017 21:19:46	47.0	47.0	14.0212
11/13/2017 21:19:57	48.0	47.0	14.7757
11/13/2017 21:20:08	47.0	47.0	13.3333
11/13/2017 21:20:19	47.0	47.0	14.7368
11/13/2017 21:20:30	48.0	47.0	14.2857
11/13/2017 21:20:41	49.0	48.0	15.6085
11/13/2017 21:20:52	51.0	50.0	13.4921
11/13/2017 21:21:03	52.0	51.0	13.1926
11/13/2017 21:21:14	54.0	53.0	12.336
11/13/2017 21:21:25	54.0	53.0	12.4339
11/13/2017 21:21:36	56.0	54.0	12.336
11/13/2017 21:21:47	56.0	55.0	14.1732
11/13/2017 21:21:58	57.0	55.0	13.8381
11/13/2017 21:22:09	55.0	54.0	12.5984
11/13/2017 21:22:20	53.0	52.0	13.5279
11/13/2017 21:22:31	52.0	51.0	14.5503
11/13/2017 21:22:42	51.0	50.0	14.5119
11/13/2017 21:22:53	50.0	50.0	13.9842
11/13/2017 21:23:04	51.0	48.0	15.3034
11/13/2017 21:23:15	49.0	48.0	13.5279
11/13/2017 21:23:26	49.0	48.0	14.2105
11/13/2017 21:23:37	49.0	48.0	15.0396
11/13/2017 21:23:48	49.0	48.0	14.7368
11/13/2017 21:23:59	49.0	47.0	13.577
11/13/2017 21:24:10	48.0	47.0	13.7931
11/13/2017 21:24:21	48.0	47.0	13.7566
11/13/2017 21:24:33	47.0	47.0	14.5119
11/13/2017 21:24:44	48.0	47.0	14.6982
11/13/2017 21:24:55	47.0	47.0	13.9842
11/13/2017 21:25:06	47.0	47.0	15.0396
11/13/2017 21:25:17	48.0	47.0	14.2857
11/13/2017 21:25:28	48.0	47.0	13.6483
11/13/2017 21:25:39	49.0	48.0	14.8148
11/13/2017 21:25:50	51.0	50.0	12.8272
11/13/2017 21:26:01	52.0	51.0	13.577
11/13/2017 21:26:12	53.0	53.0	14.9215
11/13/2017 21:26:23	55.0	53.0	12.4011
11/13/2017 21:26:34	55.0	54.0	12.8272
11/13/2017 21:26:45	57.0	55.0	12.3684
11/13/2017 21:26:56	57.0	56.0	12.6649
11/13/2017 21:27:07	55.0	54.0	12.6984
11/13/2017 21:27:18	53.0	53.0	12.9288
11/13/2017 21:27:29	51.0	51.0	14.2105
11/13/2017 21:27:40	51.0	51.0	14.248
11/13/2017 21:27:51	50.0	50.0	14.0584
11/13/2017 21:28:02	50.0	49.0	13.0319
11/13/2017 21:28:13	49.0	48.0	14.7757
11/13/2017 21:28:24	49.0	48.0	14.4737
11/13/2017 21:28:35	49.0	48.0	14.5119
11/13/2017 21:28:46	48.0	47.0	14.0212
11/13/2017 21:28:57	49.0	47.0	14.5503
11/13/2017 21:29:08	48.0	47.0	14.6982
11/13/2017 21:29:19	48.0	47.0	14.3236
11/13/2017 21:29:30	48.0	47.0	13.7931
11/13/2017 21:29:42	48.0	47.0	15.748
11/13/2017 21:29:53	48.0	47.0	13.7203
11/13/2017 21:30:04	48.0	47.0	14.3603
11/13/2017 21:30:15	48.0	47.0	14.7757
11/13/2017 21:30:26	50.0	48.0	14.248
11/13/2017 21:30:37	52.0	50.0	12.8609
11/13/2017 21:30:48	52.0	52.0	13.1579
11/13/2017 21:30:59	54.0	53.0	14.2105
11/13/2017 21:31:10	54.0	54.0	13.7931
11/13/2017 21:31:21	55.0	54.0	13.3508
11/13/2017 21:31:32	56.0	56.0	12.5984
11/13/2017 21:31:43	56.0	55.0	12.6649
11/13/2017 21:31:54	54.0	53.0	12.6649
11/13/2017 21:32:05	52.0	52.0	14.248
11/13/2017 21:32:16	51.0	50.0	14.5119
11/13/2017 21:32:27	51.0	50.0	14.7368
11/13/2017 21:32:38	50.0	48.0	13.9474
11/13/2017 21:32:49	50.0	48.0	15
11/13/2017 21:33:00	49.0	48.0	13.9474
11/13/2017 21:33:11	49.0	48.0	14.6982
11/13/2017 21:33:22	48.0	48.0	14.8148
11/13/2017 21:33:33	49.0	48.0	13.7566
11/13/2017 21:33:44	48.0	47.0	13.7931
11/13/2017 21:33:55	48.0	47.0	15.2632
11/13/2017 21:34:06	48.0	47.0	14.6982
11/13/2017 21:34:17	47.0	47.0	13.9842
11/13/2017 21:34:28	47.0	46.0	15.0794
11/13/2017 21:34:40	47.0	46.0	13.7566
11/13/2017 21:34:51	47.0	47.0	12.1372
11/13/2017 21:35:02	48.0	47.0	14.7368
11/13/2017 21:35:13	50.0	50.0	13.7931
11/13/2017 21:35:24	51.0	51.0	14.7368
11/13/2017 21:35:35	52.0	52.0	12.9973
11/13/2017 21:35:46	54.0	54.0	12.1053
11/13/2017 21:35:57	54.0	54.0	14.4357
11/13/2017 21:36:08	56.0	54.0	11.9048
11/13/2017 21:36:19	56.0	55.0	12.5
11/13/2017 21:36:30	56.0	55.0	15.6499
11/13/2017 21:36:41	55.0	55.0	14.1732
11/13/2017 21:36:52	52.0	52.0	16.5333
11/13/2017 21:37:03	51.0	51.0	14.4737
11/13/2017 21:37:14	51.0	50.0	14.5119
11/13/2017 21:37:25	50.0	50.0	14.248
11/13/2017 21:37:36	49.0	49.0	14.3236
11/13/2017 21:37:47	49.0	48.0	14.1732
11/13/2017 21:37:58	48.0	48.0	15.0794
11/13/2017 21:38:09	49.0	48.0	14.248
11/13/2017 21:38:20	48.0	47.0	14.6982
11/13/2017 21:38:31	48.0	47.0	14.0584
11/13/2017 21:38:42	48.0	47.0	14.0212
11/13/2017 21:38:53	48.0	47.0	14.2105
11/13/2017 21:39:04	48.0	47.0	14.8148
11/13/2017 21:39:15	47.0	47.0	13.7566
11/13/2017 21:39:26	48.0	47.0	13.9842
11/13/2017 21:39:37	49.0	48.0	17.3228
11/13/2017 21:39:49	50.0	50.0	13.7566
11/13/2017 21:40:00	52.0	51.0	12.8609
11/13/2017 21:40:11	53.0	53.0	12.3684
11/13/2017 21:40:22	54.0	54.0	12.6316
11/13/2017 21:40:33	55.0	54.0	11.811
11/13/2017 21:40:44	56.0	55.0	11.8421
11/13/2017 21:40:55	56.0	56.0	12.4668
11/13/2017 21:41:06	55.0	54.0	15.2231
11/13/2017 21:41:17	53.0	52.0	14.3979
11/13/2017 21:41:28	52.0	51.0	13.9474
11/13/2017 21:41:39	51.0	51.0	14.3236
11/13/2017 21:41:50	51.0	50.0	13.7203
11/13/2017 21:42:01	49.0	49.0	14.248
11/13/2017 21:42:12	49.0	48.0	14.2857
11/13/2017 21:42:23	49.0	48.0	13.7566
11/13/2017 21:42:34	49.0	48.0	13.5279
11/13/2017 21:42:45	49.0	48.0	16.1804
11/13/2017 21:42:56	49.0	48.0	13.9842
11/13/2017 21:43:07	49.0	47.0	13.9474
11/13/2017 21:43:18	48.0	47.0	14.0584
11/13/2017 21:43:29	48.0	47.0	14.2105
11/13/2017 21:43:40	48.0	46.0	14.8148
11/13/2017 21:43:51	48.0	47.0	14.4737
11/13/2017 21:44:02	48.0	47.0	14.1732
11/13/2017 21:44:13	47.0	47.0	14.5503
11/13/2017 21:44:24	47.0	47.0	13.2979
11/13/2017 21:44:35	47.0	47.0	14.248
11/13/2017 21:44:46	48.0	46.0	14.8148
11/13/2017 21:44:58	47.0	46.0	13.7931
11/13/2017 21:45:09	47.0	47.0	14.0957
11/13/2017 21:45:20	48.0	47.0	14.5503
11/13/2017 21:45:31	47.0	46.0	14.2857
11/13/2017 21:45:42	48.0	48.0	13.9474
11/13/2017 21:45:53	50.0	49.0	16.8865
11/13/2017 21:46:04	51.0	51.0	13.089
11/13/2017 21:46:15	52.0	52.0	13.3858
11/13/2017 21:46:26	53.0	53.0	11.811
11/13/2017 21:46:37	54.0	54.0	12.8609
11/13/2017 21:46:48	56.0	55.0	13.6483
11/13/2017 21:46:59	56.0	55.0	14.9606
11/13/2017 21:47:10	55.0	55.0	12.1372
11/13/2017 21:47:21	53.0	53.0	14.1361
11/13/2017 21:47:32	52.0	52.0	13.1234
11/13/2017 21:47:43	50.0	51.0	13.5279
11/13/2017 21:47:54	51.0	50.0	14.8148
11/13/2017 21:48:05	49.0	49.0	13.5279
11/13/2017 21:48:16	49.0	48.0	14.0584
11/13/2017 21:48:27	48.0	49.0	14.3617
11/13/2017 21:48:38	48.0	48.0	14.2105
11/13/2017 21:48:49	48.0	48.0	13.2626
11/13/2017 21:49:00	48.0	48.0	13.9474
11/13/2017 21:49:11	48.0	47.0	14.2105
11/13/2017 21:49:22	48.0	47.0	14.8148
11/13/2017 21:49:33	48.0	48.0	14.2105
11/13/2017 21:49:44	48.0	47.0	14.2857
11/13/2017 21:49:55	48.0	47.0	14.5119
11/13/2017 21:50:07	47.0	47.0	14.7757
11/13/2017 21:50:18	47.0	48.0	13.7203
11/13/2017 21:50:29	47.0	47.0	14.8148
11/13/2017 21:50:40	47.0	47.0	14.0212
11/13/2017 21:50:51	48.0	47.0	13.9474
11/13/2017 21:51:02	49.0	50.0	15.5263
11/13/2017 21:51:13	51.0	51.0	14.6982
11/13/2017 21:51:24	52.0	53.0	14.6597
11/13/2017 21:51:35	53.0	54.0	12.8609
11/13/2017 21:51:46	55.0	54.0	12.1693
11/13/2017 21:51:57	55.0	55.0	12.963
11/13/2017 21:52:08	56.0	55.0	12.8947
11/13/2017 21:52:19	56.0	55.0	12.5984
11/13/2017 21:52:30	54.0	53.0	14.2105
11/13/2017 21:52:41	52.0	51.0	13.9842
11/13/2017 21:52:52	51.0	51.0	14.5503
11/13/2017 21:53:03	50.0	50.0	14.5119
11/13/2017 21:53:14	50.0	50.0	13.2979
11/13/2017 21:53:25	50.0	50.0	14.4737
11/13/2017 21:53:36	49.0	49.0	14.2857
11/13/2017 21:53:47	49.0	49.0	12.3684
11/13/2017 21:53:58	49.0	48.0	12.9288
11/13/2017 21:54:09	48.0	48.0	15.7895
11/13/2017 21:54:20	48.0	48.0	13.2979
11/13/2017 21:54:31	48.0	48.0	14.7757
11/13/2017 21:54:42	48.0	48.0	13.2979
11/13/2017 21:54:53	48.0	48.0	14.0584
11/13/2017 21:55:04	48.0	47.0	14.6982
11/13/2017 21:55:16	48.0	47.0	14.5503
11/13/2017 21:55:27	48.0	48.0	14.4357
11/13/2017 21:55:38	48.0	47.0	14.4737
11/13/2017 21:55:49	47.0	47.0	13.2979
11/13/2017 21:56:00	48.0	48.0	15.5673
11/13/2017 21:56:11	48.0	47.0	15.1194
11/13/2017 21:56:22	48.0	47.0	13.7931
11/13/2017 21:56:33	47.0	48.0	14.5119
11/13/2017 21:56:44	48.0	47.0	14.0584
11/13/2017 21:56:55	48.0	47.0	13.7566
11/13/2017 21:57:06	48.0	47.0	12.234
11/13/2017 21:57:17	48.0	47.0	14.7757
11/13/2017 21:57:28	48.0	48.0	14.4357
11/13/2017 21:57:39	50.0	50.0	15.0396
11/13/2017 21:57:50	51.0	52.0	12.0419
11/13/2017 21:58:01	53.0	53.0	12.8272
11/13/2017 21:58:12	54.0	54.0	13.9474
11/13/2017 21:58:23	55.0	54.0	13.9108
11/13/2017 21:58:34	55.0	55.0	12.0735
11/13/2017 21:58:45	56.0	56.0	13.3508
11/13/2017 21:58:56	54.0	54.0	11.5486
11/13/2017 21:59:07	52.0	53.0	13.4921
11/13/2017 21:59:18	51.0	51.0	14.8148
11/13/2017 21:59:29	51.0	51.0	14.248
11/13/2017 21:59:40	50.0	50.0	14.4737
11/13/2017 21:59:51	50.0	50.0	15.0396
11/13/2017 22:00:02	49.0	49.0	14.4357
11/13/2017 22:00:13	49.0	49.0	14.5119
11/13/2017 22:00:25	49.0	48.0	14.8541
11/13/2017 22:00:36	49.0	48.0	14.6597
11/13/2017 22:00:47	48.0	48.0	15
11/13/2017 22:00:58	48.0	48.0	13.9474
11/13/2017 22:01:09	48.0	48.0	14.2105
11/13/2017 22:01:20	48.0	48.0	14.7368
11/13/2017 22:01:31	48.0	48.0	14.4737
11/13/2017 22:01:42	48.0	48.0	13.0319
11/13/2017 22:01:53	48.0	47.0	14.1333
11/13/2017 22:02:04	48.0	47.0	13.4565
11/13/2017 22:02:15	48.0	47.0	13.5638
11/13/2017 22:02:26	48.0	47.0	15.2231
11/13/2017 22:02:37	48.0	47.0	13.7203
11/13/2017 22:02:48	48.0	47.0	14.8148
11/13/2017 22:02:59	47.0	47.0	13.7566
11/13/2017 22:03:10	48.0	47.0	14.2105
11/13/2017 22:03:21	48.0	47.0	14.7757
11/13/2017 22:03:32	48.0	47.0	15.0396
11/13/2017 22:03:43	48.0	48.0	15.3034
11/13/2017 22:03:54	48.0	48.0	15.1832
11/13/2017 22:04:05	47.0	47.0	14.2105
11/13/2017 22:04:16	48.0	47.0	14.4737
11/13/2017 22:04:27	48.0	47.0	15.1832
11/13/2017 22:04:38	47.0	47.0	14.3979
11/13/2017 22:04:49	48.0	48.0	15.5263
11/13/2017 22:05:00	50.0	49.0	14.0212
11/13/2017 22:05:11	51.0	51.0	14.4737
11/13/2017 22:05:23	52.0	52.0	13.3858
11/13/2017 22:05:34	53.0	53.0	12.1693
11/13/2017 22:05:45	54.0	54.0	13.089
11/13/2017 22:05:56	56.0	55.0	12.8947
11/13/2017 22:06:07	56.0	56.0	12.1053
11/13/2017 22:06:18	56.0	55.0	15.1832
11/13/2017 22:06:29	54.0	54.0	15.3846
11/13/2017 22:06:40	53.0	52.0	13.7566
11/13/2017 22:06:51	51.0	51.0	14.248
11/13/2017 22:07:02	50.0	50.0	15
11/13/2017 22:07:13	50.0	50.0	13.5638
11/13/2017 22:07:24	49.0	50.0	13.9842
11/13/2017 22:07:35	49.0	49.0	14.6982
11/13/2017 22:07:46	49.0	48.0	13.7203
11/13/2017 22:07:57	48.0	48.0	14.0212
11/13/2017 22:08:08	49.0	48.0	13.2626
11/13/2017 22:08:19	49.0	48.0	14.2857
11/13/2017 22:08:30	48.0	48.0	14.5119
11/13/2017 22:08:41	48.0	48.0	13.7931
11/13/2017 22:08:52	48.0	48.0	13.6483
11/13/2017 22:09:03	48.0	48.0	13.7203
11/13/2017 22:09:14	48.0	47.0	14.4357
11/13/2017 22:09:25	48.0	48.0	13.1579
11/13/2017 22:09:36	48.0	47.0	15.0396
11/13/2017 22:09:47	48.0	48.0	14.0957
11/13/2017 22:09:58	48.0	47.0	13.7566
11/13/2017 22:10:09	48.0	47.0	14.2105
11/13/2017 22:10:21	48.0	46.0	14.4737
11/13/2017 22:10:32	48.0	47.0	14.6597
11/13/2017 22:10:43	48.0	47.0	14.0212
11/13/2017 22:10:54	49.0	48.0	13.5279
11/13/2017 22:11:05	48.0	47.0	15.748
11/13/2017 22:11:16	48.0	47.0	13.7566
11/13/2017 22:11:27	48.0	47.0	14.4737
11/13/2017 22:11:38	48.0	47.0	14.0584
11/13/2017 22:11:49	48.0	47.0	14.4737
11/13/2017 22:12:00	47.0	47.0	14.7757
11/13/2017 22:12:11	48.0	47.0	15.6499
11/13/2017 22:12:22	47.0	47.0	13.7566
11/13/2017 22:12:33	48.0	47.0	13.7203
11/13/2017 22:12:44	48.0	46.0	14.248
11/13/2017 22:12:55	49.0	48.0	13.9474
11/13/2017 22:13:06	50.0	50.0	14.6597
11/13/2017 22:13:17	52.0	51.0	13.7203
11/13/2017 22:13:28	53.0	53.0	11.9048
11/13/2017 22:13:39	54.0	53.0	14.4737
11/13/2017 22:13:50	55.0	54.0	13.4211
11/13/2017 22:14:01	56.0	55.0	13.1579
11/13/2017 22:14:12	57.0	56.0	13.2275
11/13/2017 22:14:23	55.0	54.0	12.5984
11/13/2017 22:14:34	54.0	53.0	12.6984
11/13/2017 22:14:45	52.0	52.0	14.4357
11/13/2017 22:14:56	51.0	51.0	14.5119
11/13/2017 22:15:07	51.0	50.0	13.7203
11/13/2017 22:15:18	50.0	50.0	15.0794
11/13/2017 22:15:29	50.0	50.0	13.2275
11/13/2017 22:15:41	50.0	49.0	14.1732
11/13/2017 22:15:52	49.0	48.0	14.8148
11/13/2017 22:16:03	49.0	48.0	14.2105
11/13/2017 22:16:14	49.0	48.0	13.577
11/13/2017 22:16:25	49.0	48.0	16.0105
11/13/2017 22:16:36	49.0	48.0	15.7895
11/13/2017 22:16:47	49.0	48.0	14.9215
11/13/2017 22:16:58	48.0	48.0	14.4737
11/13/2017 22:17:09	48.0	47.0	13.0667
11/13/2017 22:17:20	49.0	47.0	13.6483
11/13/2017 22:17:31	48.0	47.0	13.4211
11/13/2017 22:17:42	48.0	47.0	16.7539
11/13/2017 22:17:53	49.0	47.0	14.4737
11/13/2017 22:18:04	48.0	47.0	14.1732
11/13/2017 22:18:15	49.0	47.0	14.2105
11/13/2017 22:18:26	49.0	47.0	16.0105
11/13/2017 22:18:37	49.0	48.0	16.9312
11/13/2017 22:18:48	49.0	48.0	16.9271
11/13/2017 22:18:59	49.0	48.0	17.2775
11/13/2017 22:19:10	49.0	48.0	15.4047
11/13/2017 22:19:21	49.0	48.0	14.1732
11/13/2017 22:19:32	49.0	48.0	16.5333
11/13/2017 22:19:43	50.0	49.0	16.7102
11/13/2017 22:19:54	49.0	48.0	16.1458
11/13/2017 22:20:05	49.0	50.0	19.7917
11/13/2017 22:20:16	49.0	49.0	14.0957
11/13/2017 22:20:27	49.0	48.0	15.0794
11/13/2017 22:20:38	49.0	48.0	13.5638
11/13/2017 22:20:50	49.0	48.0	15.3846
11/13/2017 22:21:01	49.0	48.0	15.1832
11/13/2017 22:21:12	48.0	48.0	14.4737
11/13/2017 22:21:23	48.0	47.0	13.9842
11/13/2017 22:21:34	48.0	47.0	14.7757
11/13/2017 22:21:45	48.0	47.0	13.2626
11/13/2017 22:21:56	48.0	47.0	17.801
11/13/2017 22:22:07	49.0	48.0	17.4935
11/13/2017 22:22:18	49.0	48.0	16.9713
11/13/2017 22:22:29	49.0	48.0	16.7979
11/13/2017 22:22:40	49.0	49.0	19.5822
11/13/2017 22:22:51	50.0	49.0	18.3246
11/13/2017 22:23:02	50.0	48.0	13.9842
11/13/2017 22:23:13	49.0	48.0	18.4211
11/13/2017 22:23:24	49.0	48.0	17.2775
11/13/2017 22:23:35	50.0	49.0	17.7083
11/13/2017 22:23:46	49.0	48.0	17.5853
11/13/2017 22:23:57	49.0	48.0	16.095
11/13/2017 22:24:08	49.0	47.0	16.8865
11/13/2017 22:24:19	51.0	48.0	14.0584
11/13/2017 22:24:30	48.0	48.0	14.2105
11/13/2017 22:24:41	49.0	47.0	14.3617
11/13/2017 22:24:52	48.0	47.0	13.9842
11/13/2017 22:25:03	49.0	47.0	16.6667
11/13/2017 22:25:14	49.0	48.0	15.8854
11/13/2017 22:25:25	49.0	48.0	17.1875
11/13/2017 22:25:36	49.0	48.0	17.801
11/13/2017 22:25:47	50.0	48.0	14.3236
11/13/2017 22:25:58	48.0	48.0	13.4921
11/13/2017 22:26:09	48.0	48.0	15.5263
11/13/2017 22:26:20	48.0	47.0	14.4357
11/13/2017 22:26:31	48.0	47.0	13.7931
11/13/2017 22:26:43	47.0	47.0	14.7368
11/13/2017 22:26:54	48.0	47.0	14.0212
11/13/2017 22:27:05	48.0	47.0	16.9713
11/13/2017 22:27:16	49.0	47.0	18.6352
11/13/2017 22:27:27	49.0	48.0	17.9688
11/13/2017 22:27:38	50.0	48.0	20.4188
11/13/2017 22:27:49	49.0	48.0	17.4479
11/13/2017 22:28:00	49.0	48.0	17.4935
11/13/2017 22:28:11	49.0	48.0	17.0604
11/13/2017 22:28:22	49.0	48.0	18.5379
11/13/2017 22:28:33	49.0	49.0	17.801
11/13/2017 22:28:44	50.0	48.0	17.5393
11/13/2017 22:28:55	49.0	49.0	16.3158
11/13/2017 22:29:06	50.0	48.0	14.4737
11/13/2017 22:29:17	49.0	48.0	14.2857
11/13/2017 22:29:28	49.0	49.0	11.8734
11/13/2017 22:29:39	51.0	51.0	14.1732
11/13/2017 22:29:50	52.0	51.0	20.1571
11/13/2017 22:30:01	55.0	54.0	17.5853
11/13/2017 22:30:12	55.0	55.0	18.8976
11/13/2017 22:30:23	57.0	56.0	17.4935
11/13/2017 22:30:34	55.0	54.0	18.8976
11/13/2017 22:30:45	54.0	53.0	17.2775
11/13/2017 22:30:56	53.0	52.0	17.5853
11/13/2017 22:31:07	52.0	51.0	17.8478
11/13/2017 22:31:18	51.0	51.0	16.7539
11/13/2017 22:31:29	51.0	51.0	16.5354
11/13/2017 22:31:40	51.0	51.0	17.5853
11/13/2017 22:31:51	51.0	51.0	20.0528
11/13/2017 22:32:02	51.0	50.0	19.0104
11/13/2017 22:32:13	52.0	51.0	14.6597
11/13/2017 22:32:24	51.0	51.0	17.5853
11/13/2017 22:32:35	50.0	50.0	17.3228
11/13/2017 22:32:46	51.0	50.0	19.7917
11/13/2017 22:32:57	51.0	51.0	18.2768
11/13/2017 22:33:08	50.0	50.0	16.9713
11/13/2017 22:33:19	52.0	51.0	20.9424
11/13/2017 22:33:31	50.0	50.0	18.3246
11/13/2017 22:33:42	50.0	50.0	17.0157
11/13/2017 22:33:53	50.0	49.0	17.6623
11/13/2017 22:34:04	50.0	49.0	17.7083
11/13/2017 22:34:15	50.0	50.0	15.7068
11/13/2017 22:34:26	50.0	49.0	19.1099
11/13/2017 22:34:37	50.0	50.0	18.4896
11/13/2017 22:34:48	51.0	50.0	16.4062
11/13/2017 22:34:59	50.0	49.0	16.5354
11/13/2017 22:35:10	50.0	49.0	17.9688
11/13/2017 22:35:21	50.0	50.0	20.21
11/13/2017 22:35:32	50.0	49.0	17.3684
11/13/2017 22:35:43	50.0	50.0	14.7368
11/13/2017 22:35:54	49.0	48.0	14.7757
11/13/2017 22:36:05	49.0	48.0	13.6842
11/13/2017 22:36:16	49.0	48.0	19.0104
11/13/2017 22:36:27	49.0	49.0	16.8865
11/13/2017 22:36:38	50.0	49.0	18.5379
11/13/2017 22:36:49	50.0	50.0	16.7102
11/13/2017 22:37:00	50.0	50.0	19.1099
11/13/2017 22:37:11	51.0	49.0	18.5185
11/13/2017 22:37:22	51.0	50.0	15.7895
11/13/2017 22:37:33	51.0	50.0	16.8831
11/13/2017 22:37:44	50.0	50.0	15.2632
11/13/2017 22:37:55	49.0	49.0	16.5354
11/13/2017 22:38:06	51.0	49.0	15.9269
11/13/2017 22:38:17	50.0	49.0	17.4479
11/13/2017 22:38:28	50.0	50.0	16.7102
11/13/2017 22:38:39	50.0	50.0	22.1932
11/13/2017 22:38:50	50.0	49.0	16.8421
11/13/2017 22:39:01	50.0	50.0	19.2105
11/13/2017 22:39:12	51.0	50.0	17.801
11/13/2017 22:39:23	51.0	49.0	18.0628
11/13/2017 22:39:34	50.0	50.0	15.4856
11/13/2017 22:39:45	50.0	50.0	17.0604
11/13/2017 22:39:56	50.0	50.0	19.4226
11/13/2017 22:40:08	50.0	49.0	19.6335
11/13/2017 22:40:19	50.0	49.0	17.3228
11/13/2017 22:40:30	50.0	49.0	18.799
11/13/2017 22:40:41	50.0	49.0	18.9974
11/13/2017 22:40:52	50.0	49.0	18.1102
11/13/2017 22:41:03	50.0	49.0	16.273
11/13/2017 22:41:14	50.0	49.0	17.801
11/13/2017 22:41:25	50.0	49.0	16.4491
11/13/2017 22:41:36	51.0	49.0	17.2324
11/13/2017 22:41:47	50.0	49.0	16.095
11/13/2017 22:41:58	51.0	49.0	17.7546
11/13/2017 22:42:09	50.0	50.0	14.7368
11/13/2017 22:42:20	49.0	49.0	14.4737
11/13/2017 22:42:31	49.0	49.0	15.2231
11/13/2017 22:42:42	49.0	49.0	14.1732
11/13/2017 22:42:53	49.0	49.0	17.8478
11/13/2017 22:43:04	51.0	50.0	18.1102
11/13/2017 22:43:15	50.0	49.0	17.801
11/13/2017 22:43:26	51.0	49.0	16.8394
11/13/2017 22:43:37	50.0	49.0	18.8482
11/13/2017 22:43:48	50.0	50.0	16.4062
11/13/2017 22:43:59	50.0	50.0	17.0157
11/13/2017 22:44:10	51.0	49.0	18.0628
11/13/2017 22:44:21	51.0	50.0	17.7083
11/13/2017 22:44:32	50.0	50.0	17.2775
11/13/2017 22:44:43	51.0	50.0	20.6806
11/13/2017 22:44:54	52.0	51.0	18.4416
11/13/2017 22:45:05	50.0	50.0	19.3798
11/13/2017 22:45:16	52.0	51.0	19.2208
11/13/2017 22:45:27	54.0	52.0	12.6316
11/13/2017 22:45:38	52.0	53.0	13.089
11/13/2017 22:45:49	54.0	53.0	13.4211
11/13/2017 22:46:00	54.0	54.0	12.3684
11/13/2017 22:46:11	56.0	55.0	12.8947
11/13/2017 22:46:22	56.0	55.0	17.268
11/13/2017 22:46:33	57.0	55.0	20.3085
11/13/2017 22:46:44	57.0	56.0	22.2222
11/13/2017 22:46:56	56.0	54.0	18.7179
11/13/2017 22:47:07	55.0	54.0	21.3918
11/13/2017 22:47:18	55.0	54.0	15.0396
11/13/2017 22:47:29	52.0	51.0	15.2632
11/13/2017 22:47:40	51.0	51.0	16.3588
11/13/2017 22:47:51	52.0	51.0	14.8148
11/13/2017 22:48:02	51.0	51.0	17.3228
11/13/2017 22:48:13	53.0	51.0	18.1102
11/13/2017 22:48:24	51.0	51.0	18.0628
11/13/2017 22:48:35	52.0	51.0	13.1926
11/13/2017 22:48:46	51.0	50.0	18.4211
11/13/2017 22:48:57	51.0	50.0	20.9424
11/13/2017 22:49:08	54.0	51.0	17.4479
11/13/2017 22:49:19	51.0	51.0	19.3717
11/13/2017 22:49:30	51.0	51.0	17.1053
11/13/2017 22:49:41	51.0	51.0	18.1102
11/13/2017 22:49:52	51.0	51.0	17.5393
11/13/2017 22:50:03	51.0	50.0	13.9108
11/13/2017 22:50:14	50.0	50.0	14.2857
11/13/2017 22:50:25	50.0	50.0	13.4921
11/13/2017 22:50:36	50.0	49.0	13.7203
11/13/2017 22:50:47	50.0	49.0	15.9151
11/13/2017 22:50:58	50.0	49.0	14.7757
11/13/2017 22:51:09	50.0	48.0	14.5119
11/13/2017 22:51:20	49.0	48.0	14.5119
11/13/2017 22:51:31	49.0	49.0	15.5263
11/13/2017 22:51:42	50.0	49.0	13.7203
11/13/2017 22:51:53	49.0	48.0	13.9474
11/13/2017 22:52:04	50.0	48.0	18.4211
11/13/2017 22:52:15	50.0	48.0	18.3246
11/13/2017 22:52:26	50.0	49.0	16.1458
11/13/2017 22:52:37	50.0	49.0	19.0601
11/13/2017 22:52:48	50.0	49.0	16.9713
11/13/2017 22:52:59	51.0	49.0	18.3246
11/13/2017 22:53:11	50.0	49.0	16.7102
11/13/2017 22:53:22	51.0	50.0	15.3646
11/13/2017 22:53:33	51.0	50.0	19.9475
11/13/2017 22:53:44	51.0	50.0	16.4062
11/13/2017 22:53:55	51.0	50.0	18.5864
11/13/2017 22:54:06	50.0	50.0	17.2775
11/13/2017 22:54:17	51.0	50.0	18.2058
11/13/2017 22:54:28	51.0	50.0	19.7917
11/13/2017 22:54:39	51.0	50.0	18.8482
11/13/2017 22:54:50	51.0	50.0	19.1099
11/13/2017 22:55:01	50.0	51.0	18.1102
11/13/2017 22:55:12	51.0	51.0	16.4491
11/13/2017 22:55:23	51.0	50.0	17.9688
11/13/2017 22:55:34	50.0	50.0	19.3717
11/13/2017 22:55:45	51.0	50.0	17.0157
11/13/2017 22:55:56	51.0	50.0	18.1818
11/13/2017 22:56:07	51.0	50.0	17.1504
11/13/2017 22:56:18	51.0	50.0	18.799
11/13/2017 22:56:29	50.0	50.0	18.3727
11/13/2017 22:56:40	51.0	50.0	16.9713
11/13/2017 22:56:51	51.0	51.0	16.4491
11/13/2017 22:57:02	51.0	50.0	16.6667
11/13/2017 22:57:13	50.0	50.0	13.9474
11/13/2017 22:57:24	50.0	50.0	16.9271
11/13/2017 22:57:35	51.0	50.0	18.1579
11/13/2017 22:57:46	51.0	50.0	18.3246
11/13/2017 22:57:57	51.0	51.0	17.7546
11/13/2017 22:58:08	51.0	50.0	17.5853
11/13/2017 22:58:19	51.0	50.0	16.6667
11/13/2017 22:58:30	51.0	50.0	13.9842
11/13/2017 22:58:41	50.0	50.0	18.0628
11/13/2017 22:58:52	51.0	50.0	18.5864
11/13/2017 22:59:03	51.0	50.0	12.963
11/13/2017 22:59:14	50.0	50.0	17.942
11/13/2017 22:59:25	52.0	51.0	16.7102
11/13/2017 22:59:36	51.0	51.0	14.4357
11/13/2017 22:59:47	51.0	50.0	14.0584
11/13/2017 22:59:59	50.0	49.0	13.5279
11/13/2017 23:00:10	50.0	49.0	15.0794
11/13/2017 23:00:21	50.0	50.0	13.7931
11/13/2017 23:00:32	50.0	49.0	12.9288
11/13/2017 23:00:43	50.0	49.0	14.3236
11/13/2017 23:00:54	49.0	49.0	16.095
11/13/2017 23:01:05	49.0	49.0	14.3236
11/13/2017 23:01:16	49.0	49.0	13.7203
11/13/2017 23:01:27	49.0	48.0	14.4357
11/13/2017 23:01:38	51.0	51.0	12.6649
11/13/2017 23:01:49	53.0	52.0	13.6842
11/13/2017 23:02:00	55.0	54.0	18.9474
11/13/2017 23:02:11	56.0	55.0	11.2861
11/13/2017 23:02:22	57.0	56.0	12.1372
11/13/2017 23:02:33	56.0	55.0	13.089
11/13/2017 23:02:44	54.0	53.0	13.1579
11/13/2017 23:02:55	53.0	52.0	17.1429
11/13/2017 23:03:06	54.0	53.0	19.3717
11/13/2017 23:03:17	54.0	52.0	18.8976
11/13/2017 23:03:28	53.0	52.0	18.5864
11/13/2017 23:03:39	52.0	51.0	19.8953
11/13/2017 23:03:50	52.0	52.0	18.4416
11/13/2017 23:04:01	52.0	51.0	16.3212
11/13/2017 23:04:12	52.0	51.0	17.2775
11/13/2017 23:04:23	52.0	51.0	15.748
11/13/2017 23:04:34	52.0	51.0	18.961
11/13/2017 23:04:45	53.0	51.0	16.9713
11/13/2017 23:04:56	51.0	51.0	18.5864
11/13/2017 23:05:07	52.0	51.0	18.5864
11/13/2017 23:05:18	51.0	51.0	17.801
11/13/2017 23:05:29	51.0	51.0	16.9713
11/13/2017 23:05:40	52.0	51.0	17.9688
11/13/2017 23:05:51	52.0	51.0	17.2324
11/13/2017 23:06:02	51.0	50.0	16.3158
11/13/2017 23:06:13	51.0	51.0	17.5853
11/13/2017 23:06:25	51.0	50.0	17.0604
11/13/2017 23:06:36	51.0	50.0	17.801
11/13/2017 23:06:47	51.0	50.0	17.4935
11/13/2017 23:06:58	51.0	51.0	16.7539
11/13/2017 23:07:09	51.0	50.0	17.8478
11/13/2017 23:07:20	51.0	51.0	17.2324
11/13/2017 23:07:31	51.0	50.0	18.0157
11/13/2017 23:07:42	51.0	51.0	16.4062
11/13/2017 23:07:53	51.0	50.0	18.3727
11/13/2017 23:08:04	51.0	51.0	17.801
11/13/2017 23:08:15	51.0	51.0	17.5393
11/13/2017 23:08:26	51.0	50.0	16.9271
11/13/2017 23:08:37	51.0	51.0	18.9474
11/13/2017 23:08:48	52.0	51.0	18.8482
11/13/2017 23:08:59	52.0	51.0	17.3228
11/13/2017 23:09:10	53.0	51.0	17.7083
11/13/2017 23:09:21	51.0	51.0	17.942
11/13/2017 23:09:32	51.0	51.0	16.9713
11/13/2017 23:09:43	51.0	51.0	17.4479
11/13/2017 23:09:54	52.0	51.0	17.801
11/13/2017 23:10:05	52.0	50.0	16.9271
11/13/2017 23:10:16	51.0	50.0	17.9894
11/13/2017 23:10:27	51.0	50.0	18.3246
11/13/2017 23:10:38	51.0	50.0	18.6842
11/13/2017 23:10:49	51.0	51.0	17.5393
11/13/2017 23:11:00	51.0	50.0	19.6335
11/13/2017 23:11:11	51.0	51.0	17.5393
11/13/2017 23:11:22	51.0	50.0	19.1601
11/13/2017 23:11:33	51.0	50.0	18.8976
11/13/2017 23:11:44	52.0	51.0	18.799
11/13/2017 23:11:55	50.0	51.0	18.0628
11/13/2017 23:12:06	51.0	51.0	17.6623
11/13/2017 23:12:17	50.0	51.0	19.1099
11/13/2017 23:12:28	52.0	51.0	22.4227
11/13/2017 23:12:39	54.0	52.0	19.6382
11/13/2017 23:12:50	54.0	53.0	20.1044
11/13/2017 23:13:01	55.0	53.0	18.6528
11/13/2017 23:13:12	54.0	53.0	19.8454
11/13/2017 23:13:23	54.0	54.0	19.3798
11/13/2017 23:13:34	54.0	53.0	21.5026
11/13/2017 23:13:45	55.0	53.0	22.4543
11/13/2017 23:13:56	55.0	53.0	21.039
11/13/2017 23:14:07	53.0	52.0	21.1488
11/13/2017 23:14:18	54.0	53.0	23.1169
11/13/2017 23:14:30	54.0	54.0	16.0207
11/13/2017 23:14:41	52.0	52.0	13.9108
11/13/2017 23:14:52	51.0	52.0	12.5333
11/13/2017 23:15:03	51.0	51.0	19.8433
11/13/2017 23:15:14	53.0	52.0	18.299
11/13/2017 23:15:25	53.0	53.0	22.9765
11/13/2017 23:15:36	53.0	53.0	35.4108
11/13/2017 23:15:47	54.0	54.0	18.4492
11/13/2017 23:15:58	52.0	52.0	18.3727
11/13/2017 23:16:09	53.0	53.0	18.1579
11/13/2017 23:16:20	52.0	51.0	16.6234
11/13/2017 23:16:31	52.0	51.0	18.6352
11/13/2017 23:16:42	52.0	51.0	15.8854
11/13/2017 23:16:53	51.0	51.0	18.1102
11/13/2017 23:17:04	51.0	51.0	17.6316
11/13/2017 23:17:15	52.0	51.0	15.6658
11/13/2017 23:17:26	52.0	51.0	17.7083
11/13/2017 23:17:37	52.0	52.0	17.8478
11/13/2017 23:17:48	55.0	53.0	18.5379
11/13/2017 23:17:59	56.0	55.0	15.748
11/13/2017 23:18:10	58.0	56.0	15.6658
11/13/2017 23:18:21	56.0	54.0	15.6658
11/13/2017 23:18:32	54.0	54.0	16.4921
11/13/2017 23:18:43	53.0	53.0	17.801
11/13/2017 23:18:54	53.0	53.0	17.801
11/13/2017 23:19:05	53.0	52.0	18.5864
11/13/2017 23:19:16	53.0	52.0	18.4211
11/13/2017 23:19:27	53.0	52.0	15.9269
11/13/2017 23:19:38	52.0	51.0	17.4935
11/13/2017 23:19:49	52.0	51.0	15
11/13/2017 23:20:01	52.0	51.0	16.2304
11/13/2017 23:20:12	52.0	51.0	18.0628
11/13/2017 23:20:23	52.0	51.0	16.7102
11/13/2017 23:20:34	52.0	51.0	18.5864
11/13/2017 23:20:45	52.0	51.0	18.0157
11/13/2017 23:20:56	51.0	51.0	16.6667
11/13/2017 23:21:07	52.0	51.0	17.3228
11/13/2017 23:21:18	52.0	51.0	17.8478
11/13/2017 23:21:29	51.0	51.0	18.799
11/13/2017 23:21:40	52.0	51.0	17.942
11/13/2017 23:21:51	52.0	52.0	16.1458
11/13/2017 23:22:02	51.0	50.0	15.3247
11/13/2017 23:22:13	51.0	51.0	18.5379
11/13/2017 23:22:24	51.0	51.0	16.9713
11/13/2017 23:22:35	51.0	51.0	18.5864
11/13/2017 23:22:46	51.0	51.0	17.0157
11/13/2017 23:22:57	52.0	51.0	17.7083
11/13/2017 23:23:08	51.0	51.0	18.4896
11/13/2017 23:23:19	51.0	50.0	19.3717
11/13/2017 23:23:30	51.0	51.0	16.188
11/13/2017 23:23:41	51.0	51.0	17.7083
11/13/2017 23:23:52	51.0	50.0	19.0601
11/13/2017 23:24:03	51.0	51.0	20.5263
11/13/2017 23:24:14	51.0	50.0	18.2292
11/13/2017 23:24:25	50.0	50.0	15.4047
11/13/2017 23:24:36	51.0	51.0	18.799
11/13/2017 23:24:47	51.0	50.0	17.5393
11/13/2017 23:24:58	50.0	50.0	17.2324
11/13/2017 23:25:09	51.0	50.0	16.4921
11/13/2017 23:25:20	52.0	50.0	16.1458
11/13/2017 23:25:31	51.0	51.0	17.9221
11/13/2017 23:25:42	51.0	50.0	19.5822
11/13/2017 23:25:53	51.0	50.0	15.8854
11/13/2017 23:26:04	51.0	50.0	18.2058
11/13/2017 23:26:15	51.0	50.0	20.6266
11/13/2017 23:26:26	51.0	50.0	18.7013
11/13/2017 23:26:37	51.0	51.0	18.6352
11/13/2017 23:26:48	50.0	51.0	15.748
11/13/2017 23:26:59	50.0	50.0	17.6781
11/13/2017 23:27:11	51.0	51.0	17.0157
11/13/2017 23:27:22	51.0	50.0	16.7539
11/13/2017 23:27:33	50.0	50.0	18.3246
11/13/2017 23:27:44	50.0	50.0	16.5789
11/13/2017 23:27:55	50.0	50.0	18.5864
11/13/2017 23:28:06	50.0	50.0	13.6842
11/13/2017 23:28:17	51.0	50.0	17.6781
11/13/2017 23:28:28	50.0	49.0	18.6352
11/13/2017 23:28:39	50.0	50.0	17.5393
11/13/2017 23:28:50	50.0	50.0	19.1601
11/13/2017 23:29:01	50.0	50.0	17.6316
11/13/2017 23:29:12	50.0	50.0	18.6352
11/13/2017 23:29:23	50.0	50.0	17.4026
11/13/2017 23:29:34	50.0	50.0	18.0628
11/13/2017 23:29:45	50.0	50.0	17.6623
11/13/2017 23:29:56	50.0	50.0	15.625
11/13/2017 23:30:07	50.0	50.0	18.0628
11/13/2017 23:30:18	50.0	49.0	20.7349
11/13/2017 23:30:29	50.0	49.0	18.75
11/13/2017 23:30:40	50.0	50.0	16.6227
11/13/2017 23:30:51	50.0	50.0	16.4921
11/13/2017 23:31:02	51.0	51.0	18.2768
11/13/2017 23:31:13	50.0	50.0	17.4142
11/13/2017 23:31:24	51.0	50.0	16.2304
11/13/2017 23:31:35	50.0	50.0	16.6667
11/13/2017 23:31:46	51.0	50.0	19.6335
11/13/2017 23:31:57	50.0	50.0	18.9474
11/13/2017 23:32:08	50.0	50.0	18.2768
11/13/2017 23:32:19	51.0	50.0	19.4226
11/13/2017 23:32:30	50.0	50.0	18.5379
11/13/2017 23:32:41	51.0	51.0	18.5864
11/13/2017 23:32:52	51.0	50.0	16.7979
11/13/2017 23:33:03	51.0	50.0	19.1601
11/13/2017 23:33:14	50.0	50.0	18.3246
11/13/2017 23:33:25	53.0	52.0	17.7546
11/13/2017 23:33:36	55.0	54.0	17.7249
11/13/2017 23:33:47	57.0	55.0	18.1102
11/13/2017 23:33:58	58.0	57.0	19.2708
11/13/2017 23:34:09	56.0	55.0	17.2324
11/13/2017 23:34:21	55.0	54.0	17.8478
11/13/2017 23:34:32	54.0	53.0	18.9474
11/13/2017 23:34:43	53.0	51.0	17.5066
11/13/2017 23:34:54	53.0	51.0	18.5864
11/13/2017 23:35:05	52.0	51.0	16.6667
11/13/2017 23:35:16	52.0	51.0	18.8976
11/13/2017 23:35:27	51.0	51.0	16.7979
11/13/2017 23:35:38	52.0	51.0	16.0526
11/13/2017 23:35:49	52.0	50.0	18.4211
11/13/2017 23:36:00	51.0	50.0	20.1044
11/13/2017 23:36:11	51.0	50.0	19.4226
11/13/2017 23:36:22	51.0	50.0	16.2304
11/13/2017 23:36:33	51.0	51.0	19.1099
11/13/2017 23:36:44	51.0	50.0	15.2231
11/13/2017 23:36:55	51.0	50.0	16.9713
11/13/2017 23:37:06	51.0	50.0	18.1102
11/13/2017 23:37:17	51.0	50.0	18.6352
11/13/2017 23:37:28	51.0	50.0	17.2324
11/13/2017 23:37:39	51.0	50.0	20.1044
11/13/2017 23:37:50	51.0	50.0	18.8482
11/13/2017 23:38:01	51.0	51.0	18.799
11/13/2017 23:38:12	51.0	50.0	16.7539
11/13/2017 23:38:23	51.0	49.0	16.7102
11/13/2017 23:38:34	51.0	50.0	17.8478
11/13/2017 23:38:45	50.0	50.0	16.7979
11/13/2017 23:38:56	50.0	50.0	15.2231
11/13/2017 23:39:07	50.0	50.0	18.8976
11/13/2017 23:39:18	50.0	50.0	16.9271
11/13/2017 23:39:29	50.0	50.0	17.3228
11/13/2017 23:39:40	51.0	50.0	16.7539
11/13/2017 23:39:51	51.0	50.0	17.801
11/13/2017 23:40:02	51.0	50.0	18.961
11/13/2017 23:40:13	50.0	49.0	19.7917
11/13/2017 23:40:24	51.0	49.0	18.1102
11/13/2017 23:40:35	50.0	50.0	17.0157
11/13/2017 23:40:46	50.0	50.0	18.6352
11/13/2017 23:40:57	50.0	50.0	16.7539
11/13/2017 23:41:08	51.0	50.0	17.8478
11/13/2017 23:41:19	50.0	50.0	16.5354
11/13/2017 23:41:30	50.0	50.0	15.445
11/13/2017 23:41:42	50.0	50.0	18.0628
11/13/2017 23:41:53	50.0	50.0	17.801
11/13/2017 23:42:04	51.0	50.0	18.2768
11/13/2017 23:42:15	50.0	49.0	16.2304
11/13/2017 23:42:26	51.0	50.0	17.3684
11/13/2017 23:42:37	50.0	50.0	16.5789
11/13/2017 23:42:48	50.0	50.0	19.7368
11/13/2017 23:42:59	50.0	49.0	13.9108
11/13/2017 23:43:10	50.0	48.0	16.188
11/13/2017 23:43:21	51.0	50.0	17.6623
11/13/2017 23:43:32	52.0	50.0	18.3246
11/13/2017 23:43:43	50.0	50.0	18.1102
11/13/2017 23:43:54	50.0	49.0	17.7546
11/13/2017 23:44:05	51.0	50.0	18.0157
11/13/2017 23:44:16	50.0	50.0	20.4724
11/13/2017 23:44:27	50.0	50.0	16.6227
11/13/2017 23:44:38	50.0	49.0	19.8433
11/13/2017 23:44:49	50.0	49.0	16.7539
11/13/2017 23:45:00	51.0	50.0	18.3246
11/13/2017 23:45:11	50.0	50.0	13.7931
11/13/2017 23:45:22	50.0	49.0	13.4211
11/13/2017 23:45:33	50.0	50.0	14.8148
11/13/2017 23:45:44	50.0	48.0	13.9842
11/13/2017 23:45:55	50.0	49.0	14.3236
11/13/2017 23:46:06	49.0	48.0	14.5503
11/13/2017 23:46:17	49.0	48.0	14.5119
11/13/2017 23:46:28	49.0	48.0	13.7566
11/13/2017 23:46:39	49.0	48.0	14.6277
11/13/2017 23:46:50	49.0	48.0	14.0957
11/13/2017 23:47:01	49.0	48.0	14.6597
11/13/2017 23:47:12	48.0	48.0	13.7931
11/13/2017 23:47:23	49.0	49.0	14.5119
11/13/2017 23:47:34	49.0	48.0	14.0584
11/13/2017 23:47:46	49.0	48.0	15.7068
11/13/2017 23:47:57	49.0	48.0	18.4211
11/13/2017 23:48:08	49.0	48.0	16.9713
11/13/2017 23:48:19	50.0	49.0	12.9973
11/13/2017 23:48:30	49.0	48.0	14.3979
11/13/2017 23:48:41	48.0	49.0	19.3717
11/13/2017 23:48:52	50.0	49.0	17.4935
11/13/2017 23:49:03	50.0	49.0	16.6667
11/13/2017 23:49:14	51.0	51.0	18.3727
11/13/2017 23:49:25	53.0	53.0	18.6352
11/13/2017 23:49:36	55.0	54.0	19.8953
11/13/2017 23:49:47	56.0	56.0	12.336
11/13/2017 23:49:58	57.0	56.0	17.5393
11/13/2017 23:50:09	56.0	55.0	19.5822
11/13/2017 23:50:20	55.0	54.0	18.1579
11/13/2017 23:50:31	54.0	54.0	17.2775
11/13/2017 23:50:42	53.0	53.0	20.5729
11/13/2017 23:50:53	53.0	53.0	17.7083
11/13/2017 23:51:04	52.0	52.0	17.9688
11/13/2017 23:51:15	51.0	51.0	14.2857
11/13/2017 23:51:26	51.0	51.0	13.6842
11/13/2017 23:51:37	50.0	50.0	13.3159
11/13/2017 23:51:48	50.0	50.0	14.3617
11/13/2017 23:51:59	50.0	50.0	14.3617
11/13/2017 23:52:10	50.0	50.0	12.4339
11/13/2017 23:52:21	50.0	50.0	14.5889
11/13/2017 23:52:32	50.0	49.0	15.9686
11/13/2017 23:52:43	49.0	49.0	18.2292
11/13/2017 23:52:54	50.0	50.0	18.2768
11/13/2017 23:53:05	51.0	50.0	17.7546
11/13/2017 23:53:16	50.0	50.0	18.3727
11/13/2017 23:53:27	50.0	50.0	17.5853
11/13/2017 23:53:39	50.0	50.0	17.2324
11/13/2017 23:53:50	50.0	50.0	18.3727
11/13/2017 23:54:01	50.0	50.0	15.873
11/13/2017 23:54:12	51.0	50.0	13.4921
11/13/2017 23:54:23	50.0	49.0	15.2231
11/13/2017 23:54:34	49.0	50.0	13.3333
11/13/2017 23:54:45	49.0	48.0	14.5503
11/13/2017 23:54:56	49.0	48.0	15
11/13/2017 23:55:07	49.0	49.0	13.6483
11/13/2017 23:55:18	49.0	49.0	14.7368
11/13/2017 23:55:29	49.0	48.0	14.5503
11/13/2017 23:55:40	49.0	48.0	14.0584
11/13/2017 23:55:51	49.0	48.0	13.9842
11/13/2017 23:56:02	49.0	48.0	14.3236
11/13/2017 23:56:13	49.0	48.0	13.7566
11/13/2017 23:56:24	49.0	48.0	14.1361
11/13/2017 23:56:35	49.0	49.0	13.6
11/13/2017 23:56:46	49.0	48.0	14.7368
11/13/2017 23:56:57	49.0	48.0	14.248
11/13/2017 23:57:08	49.0	48.0	14.2105
11/13/2017 23:57:19	49.0	48.0	14.0212
11/13/2017 23:57:30	49.0	48.0	15
11/13/2017 23:57:41	49.0	48.0	14.0212
11/13/2017 23:57:52	49.0	48.0	14.248
11/13/2017 23:58:03	49.0	48.0	14.4737
11/13/2017 23:58:14	49.0	47.0	14.7757
11/13/2017 23:58:25	49.0	48.0	15.0396
11/13/2017 23:58:36	49.0	49.0	13.4921
11/13/2017 23:58:47	49.0	48.0	14.7757
11/13/2017 23:58:59	49.0	48.0	14.2857
11/13/2017 23:59:10	49.0	48.0	14.5119
11/13/2017 23:59:21	49.0	49.0	15.0396
11/13/2017 23:59:32	49.0	48.0	17.4479
11/13/2017 23:59:43	50.0	49.0	16.188
11/13/2017 23:59:54	50.0	50.0	18.6352
11/14/2017 00:00:05	50.0	50.0	20.21
11/14/2017 00:00:16	50.0	49.0	16.4921
11/14/2017 00:00:27	51.0	51.0	17.801
11/14/2017 00:00:38	51.0	50.0	19.8953
11/14/2017 00:00:49	50.0	51.0	17.2775
11/14/2017 00:01:00	50.0	50.0	17.3684
11/14/2017 00:01:11	51.0	51.0	17.7546
11/14/2017 00:01:22	50.0	50.0	14.9606
11/14/2017 00:01:33	50.0	50.0	18.2768
11/14/2017 00:01:44	51.0	50.0	15.7895
11/14/2017 00:01:55	50.0	50.0	19.1099
11/14/2017 00:02:06	51.0	50.0	18.3246
11/14/2017 00:02:17	50.0	50.0	19.3717
11/14/2017 00:02:28	51.0	50.0	18.9474
11/14/2017 00:02:39	50.0	50.0	18.0157
11/14/2017 00:02:50	51.0	50.0	19.4737
11/14/2017 00:03:01	51.0	51.0	18.6842
11/14/2017 00:03:12	51.0	50.0	19.171
11/14/2017 00:03:23	51.0	50.0	13.4921
11/14/2017 00:03:34	50.0	50.0	13.4921
11/14/2017 00:03:45	50.0	49.0	19.3211
11/14/2017 00:03:56	50.0	50.0	17.0157
11/14/2017 00:04:07	51.0	50.0	18.8976
11/14/2017 00:04:18	51.0	51.0	17.5853
11/14/2017 00:04:29	51.0	51.0	18.3727
11/14/2017 00:04:40	50.0	50.0	13.2979
11/14/2017 00:04:51	50.0	50.0	15.0396
11/14/2017 00:05:02	50.0	50.0	12.0735
11/14/2017 00:05:13	51.0	50.0	13.9474
11/14/2017 00:05:24	52.0	51.0	17.0604
11/14/2017 00:05:35	54.0	54.0	17.8478
11/14/2017 00:05:47	56.0	56.0	18.4211
11/14/2017 00:05:58	57.0	56.0	18.0628
11/14/2017 00:06:09	55.0	54.0	17.7083
11/14/2017 00:06:20	54.0	53.0	14.6214
11/14/2017 00:06:31	54.0	53.0	17.3228
11/14/2017 00:06:42	53.0	53.0	17.9688
11/14/2017 00:06:53	52.0	52.0	17.5393
11/14/2017 00:07:04	52.0	52.0	15.6658
11/14/2017 00:07:15	51.0	51.0	18.8482
11/14/2017 00:07:26	52.0	51.0	18.3727
11/14/2017 00:07:37	51.0	51.0	17.7546
11/14/2017 00:07:48	51.0	51.0	15.8442
11/14/2017 00:07:59	51.0	51.0	17.1429
11/14/2017 00:08:10	51.0	51.0	16.7102
11/14/2017 00:08:21	51.0	51.0	17.2775
11/14/2017 00:08:32	51.0	51.0	20.0528
11/14/2017 00:08:43	51.0	51.0	18.6352
11/14/2017 00:08:54	51.0	51.0	16.188
11/14/2017 00:09:05	51.0	50.0	18.0157
11/14/2017 00:09:16	51.0	51.0	17.9688
11/14/2017 00:09:27	51.0	51.0	17.0157
11/14/2017 00:09:38	51.0	51.0	19.4226
11/14/2017 00:09:49	51.0	51.0	18.3727
11/14/2017 00:10:00	52.0	51.0	17.9688
11/14/2017 00:10:11	52.0	51.0	17.5853
11/14/2017 00:10:22	51.0	51.0	17.6316
11/14/2017 00:10:33	52.0	51.0	16.5375
11/14/2017 00:10:44	52.0	51.0	17.5853
11/14/2017 00:10:55	51.0	51.0	18.0157
11/14/2017 00:11:06	51.0	50.0	18.8482
11/14/2017 00:11:17	51.0	51.0	17.7083
11/14/2017 00:11:28	51.0	51.0	17.0604
11/14/2017 00:11:39	51.0	51.0	17.5393
11/14/2017 00:11:50	51.0	51.0	17.8947
11/14/2017 00:12:01	52.0	50.0	17.1875
11/14/2017 00:12:12	51.0	51.0	19.5312
11/14/2017 00:12:23	52.0	51.0	18.799
11/14/2017 00:12:34	51.0	50.0	18.75
11/14/2017 00:12:45	51.0	50.0	17.3228
11/14/2017 00:12:56	51.0	51.0	19.3717
11/14/2017 00:13:07	52.0	51.0	16.4921
11/14/2017 00:13:19	52.0	51.0	17.801
11/14/2017 00:13:30	51.0	51.0	16.9713
11/14/2017 00:13:41	51.0	51.0	17.3228
11/14/2017 00:13:52	51.0	51.0	16.7539
11/14/2017 00:14:03	53.0	52.0	18.1579
11/14/2017 00:14:14	53.0	52.0	19.9488
11/14/2017 00:14:25	52.0	52.0	21.6146
11/14/2017 00:14:36	54.0	52.0	20.1031
11/14/2017 00:14:47	55.0	53.0	20.155
11/14/2017 00:14:58	55.0	53.0	20.9845
11/14/2017 00:15:09	54.0	53.0	18.4416
11/14/2017 00:15:20	55.0	53.0	20.9302
11/14/2017 00:15:31	54.0	53.0	22.5974
11/14/2017 00:15:42	55.0	54.0	12.5654
11/14/2017 00:15:53	52.0	52.0	15.4255
11/14/2017 00:16:04	52.0	51.0	17.8478
11/14/2017 00:16:15	52.0	51.0	19.2708
11/14/2017 00:16:26	52.0	51.0	20.6186
11/14/2017 00:16:37	54.0	52.0	20.2073
11/14/2017 00:16:48	54.0	53.0	22.3377
11/14/2017 00:16:59	54.0	54.0	14.9606
11/14/2017 00:17:10	52.0	52.0	14.4737
11/14/2017 00:17:21	51.0	51.0	14.6597
11/14/2017 00:17:32	51.0	51.0	16.0526
11/14/2017 00:17:43	51.0	51.0	13.9842
11/14/2017 00:17:54	51.0	50.0	14.7757
11/14/2017 00:18:05	50.0	50.0	14.5503
11/14/2017 00:18:16	50.0	49.0	14.2857
11/14/2017 00:18:27	50.0	50.0	14.4737
11/14/2017 00:18:38	50.0	50.0	14.1732
11/14/2017 00:18:49	50.0	50.0	14.0212
11/14/2017 00:19:00	50.0	50.0	14.5119
11/14/2017 00:19:11	51.0	49.0	14.2105
11/14/2017 00:19:22	50.0	49.0	13.6842
11/14/2017 00:19:33	50.0	50.0	15.5263
11/14/2017 00:19:45	50.0	49.0	14.2857
11/14/2017 00:19:56	49.0	50.0	14.2857
11/14/2017 00:20:07	50.0	49.0	15.0794
11/14/2017 00:20:18	49.0	49.0	13.7566
11/14/2017 00:20:29	49.0	50.0	14.0212
11/14/2017 00:20:40	50.0	50.0	12.8947
11/14/2017 00:20:51	50.0	49.0	14.0212
11/14/2017 00:21:02	49.0	50.0	12.1372
11/14/2017 00:21:13	51.0	51.0	12.9288
11/14/2017 00:21:24	53.0	53.0	12.1693
11/14/2017 00:21:35	54.0	54.0	13.3508
11/14/2017 00:21:46	55.0	55.0	11.2565
11/14/2017 00:21:57	57.0	56.0	13.089
11/14/2017 00:22:08	55.0	55.0	13.0548
11/14/2017 00:22:19	54.0	53.0	12.8609
11/14/2017 00:22:30	53.0	53.0	12.8272
11/14/2017 00:22:41	53.0	52.0	14.3617
11/14/2017 00:22:52	52.0	52.0	13.6483
11/14/2017 00:23:03	51.0	51.0	12.6649
11/14/2017 00:23:14	51.0	50.0	14.5119
11/14/2017 00:23:25	51.0	51.0	17.1958
11/14/2017 00:23:36	52.0	52.0	13.4211
11/14/2017 00:23:47	51.0	50.0	14.8541
11/14/2017 00:23:58	51.0	50.0	13.4211
11/14/2017 00:24:09	50.0	50.0	15.5263
11/14/2017 00:24:20	50.0	50.0	13.9474
11/14/2017 00:24:31	50.0	50.0	13.7931
11/14/2017 00:24:42	50.0	50.0	14.8148
11/14/2017 00:24:53	50.0	50.0	15.7068
11/14/2017 00:25:05	50.0	50.0	15
11/14/2017 00:25:16	50.0	50.0	14.9606
11/14/2017 00:25:27	50.0	49.0	13.9108
11/14/2017 00:25:38	50.0	49.0	14.1732
11/14/2017 00:25:49	50.0	49.0	15.3034
11/14/2017 00:26:00	50.0	49.0	14.2857
11/14/2017 00:26:11	49.0	49.0	12.336
11/14/2017 00:26:22	50.0	49.0	14.3617
11/14/2017 00:26:33	49.0	49.0	13.5279
11/14/2017 00:26:44	50.0	50.0	13.8298
11/14/2017 00:26:55	49.0	49.0	14.2857
11/14/2017 00:27:06	49.0	49.0	14.3979
11/14/2017 00:27:17	49.0	49.0	14.5503
11/14/2017 00:27:28	49.0	49.0	14.0212
11/14/2017 00:27:39	49.0	49.0	15.7895
11/14/2017 00:27:50	50.0	48.0	15.1194
11/14/2017 00:28:01	49.0	49.0	13.7566
11/14/2017 00:28:12	49.0	49.0	14.5119
11/14/2017 00:28:23	50.0	49.0	14.0212
11/14/2017 00:28:34	49.0	49.0	14.7757
11/14/2017 00:28:45	49.0	49.0	14.0584
11/14/2017 00:28:56	49.0	48.0	14.8541
11/14/2017 00:29:07	49.0	49.0	14.1732
11/14/2017 00:29:18	49.0	48.0	14.7757
11/14/2017 00:29:29	49.0	49.0	14.3979
11/14/2017 00:29:40	49.0	49.0	16.4021
11/14/2017 00:29:52	49.0	49.0	14.248
11/14/2017 00:30:03	49.0	49.0	12.5984
11/14/2017 00:30:14	49.0	49.0	14.5119
11/14/2017 00:30:25	49.0	48.0	14.8148
11/14/2017 00:30:36	49.0	48.0	13.4921
11/14/2017 00:30:47	49.0	49.0	16.2304
11/14/2017 00:30:58	49.0	49.0	14.8148
11/14/2017 00:31:09	49.0	48.0	14.3236
11/14/2017 00:31:20	49.0	48.0	14.7368
11/14/2017 00:31:31	49.0	48.0	14.2857
11/14/2017 00:31:42	49.0	49.0	14.3236
11/14/2017 00:31:53	49.0	49.0	13.7203
11/14/2017 00:32:04	48.0	48.0	18.5535
11/14/2017 00:32:15	48.0	48.0	19.0323
11/14/2017 00:32:26	49.0	48.0	20
11/14/2017 00:32:37	49.0	48.0	18.4127
11/14/2017 00:32:48	48.0	48.0	16.3462
11/14/2017 00:32:59	48.0	48.0	20.4473
11/14/2017 00:33:10	48.0	47.0	18.8498
11/14/2017 00:33:21	48.0	47.0	19.8718
11/14/2017 00:33:32	48.0	47.0	17.8914
11/14/2017 00:33:43	48.0	47.0	24.918
11/14/2017 00:33:54	47.0	47.0	6.09418
11/14/2017 00:34:05	48.0	47.0	3.57143
11/14/2017 00:34:16	49.0	48.0	13.1443
11/14/2017 00:34:27	51.0	50.0	4.31472
11/14/2017 00:34:38	51.0	51.0	2.79898
11/14/2017 00:34:50	52.0	51.0	2.53807
11/14/2017 00:35:01	51.0	51.0	4.55696
