02/15/2018 15:55:37	32.0	31.0	0.501253
02/15/2018 15:55:48	29.0	29.0	2.80612
02/15/2018 15:55:59	29.0	30.0	1.01523
02/15/2018 15:56:10	30.0	29.0	2.27848
02/15/2018 15:56:21	30.0	30.0	2.03562
02/15/2018 15:56:32	30.0	30.0	3.57143
02/15/2018 15:56:43	30.0	30.0	5.35117
02/15/2018 15:56:54	31.0	31.0	5.64784
02/15/2018 15:57:05	32.0	32.0	1.53453
02/15/2018 15:57:16	32.0	31.0	4.59184
02/15/2018 15:57:27	32.0	32.0	9.23077
02/15/2018 15:57:38	33.0	32.0	8.01034
02/15/2018 15:57:49	33.0	33.0	1.51899
02/15/2018 15:58:00	33.0	33.0	2.28426
02/15/2018 15:58:11	33.0	33.0	1.77665
02/15/2018 15:58:22	34.0	33.0	0.761421
02/15/2018 15:58:33	33.0	33.0	0.505051
02/15/2018 15:58:44	34.0	34.0	0.251889
02/15/2018 15:58:55	34.0	33.0	2.79188
02/15/2018 15:59:06	33.0	34.0	0.75188
02/15/2018 15:59:17	34.0	35.0	0.252525
02/15/2018 15:59:28	34.0	34.0	3.06122
02/15/2018 15:59:39	34.0	35.0	2.79188
02/15/2018 15:59:50	34.0	35.0	9.21053
02/15/2018 16:00:02	35.0	35.0	3.57143
02/15/2018 16:00:13	35.0	35.0	0.252525
02/15/2018 16:00:24	35.0	35.0	7.69231
02/15/2018 16:00:35	37.0	37.0	4.84694
02/15/2018 16:00:46	36.0	35.0	0.506329
02/15/2018 16:00:57	36.0	36.0	1.75879
02/15/2018 16:01:08	36.0	36.0	3.05344
02/15/2018 16:01:19	36.0	36.0	22.6277
02/15/2018 16:01:31	38.0	38.0	15
02/15/2018 16:01:42	38.0	39.0	15.9686
02/15/2018 16:01:53	39.0	39.0	13.9474
02/15/2018 16:02:04	40.0	40.0	14.1732
02/15/2018 16:02:15	41.0	40.0	13.9108
02/15/2018 16:02:26	41.0	41.0	13.6483
02/15/2018 16:02:37	41.0	42.0	20.5607
02/15/2018 16:02:49	43.0	44.0	15.0502
02/15/2018 16:03:00	44.0	44.0	17.2603
02/15/2018 16:03:11	45.0	44.0	13.8381
02/15/2018 16:03:22	45.0	46.0	13.7203
02/15/2018 16:03:33	46.0	45.0	14.2857
02/15/2018 16:03:44	46.0	46.0	13.9842
02/15/2018 16:03:55	46.0	46.0	12.5654
02/15/2018 16:04:06	48.0	46.0	13.5279
02/15/2018 16:04:17	48.0	47.0	15.8854
02/15/2018 16:04:28	48.0	47.0	14.8148
02/15/2018 16:04:39	49.0	48.0	14.5119
02/15/2018 16:04:50	48.0	48.0	14.1732
02/15/2018 16:05:01	49.0	48.0	13.4565
02/15/2018 16:05:13	49.0	49.0	14.5119
02/15/2018 16:05:24	49.0	50.0	14.4357
02/15/2018 16:05:35	50.0	50.0	12.2715
02/15/2018 16:05:46	50.0	51.0	13.9474
02/15/2018 16:05:57	51.0	51.0	12.336
02/15/2018 16:06:08	51.0	51.0	14.0212
02/15/2018 16:06:19	51.0	51.0	12.6316
02/15/2018 16:06:30	52.0	52.0	12.0419
02/15/2018 16:06:41	52.0	52.0	12.5654
02/15/2018 16:06:52	52.0	52.0	12.7273
02/15/2018 16:07:03	53.0	53.0	11.5789
02/15/2018 16:07:14	53.0	53.0	13.1234
02/15/2018 16:07:25	53.0	53.0	12.1372
02/15/2018 16:07:36	54.0	53.0	12.3037
02/15/2018 16:07:47	55.0	54.0	12.8609
02/15/2018 16:07:58	54.0	54.0	13.1234
02/15/2018 16:08:09	55.0	54.0	11.5486
02/15/2018 16:08:20	55.0	54.0	12.5984
02/15/2018 16:08:31	55.0	55.0	12.5654
02/15/2018 16:08:42	55.0	55.0	13.3508
02/15/2018 16:08:53	56.0	55.0	13.3159
02/15/2018 16:09:04	55.0	55.0	12.0104
02/15/2018 16:09:15	57.0	56.0	12.336
02/15/2018 16:09:26	56.0	56.0	12.6316
02/15/2018 16:09:37	53.0	53.0	12.5984
02/15/2018 16:09:48	51.0	51.0	17.7546
02/15/2018 16:10:00	49.0	49.0	14.9333
02/15/2018 16:10:11	48.0	48.0	17.8947
02/15/2018 16:10:22	48.0	47.0	17.4479
02/15/2018 16:10:33	50.0	50.0	17.1875
02/15/2018 16:10:44	51.0	51.0	14.5833
02/15/2018 16:10:55	52.0	53.0	16.8421
02/15/2018 16:11:06	54.0	53.0	13.4211
02/15/2018 16:11:17	55.0	54.0	12.6984
02/15/2018 16:11:28	55.0	54.0	15.7895
02/15/2018 16:11:39	53.0	53.0	16.6234
02/15/2018 16:11:50	51.0	51.0	16.5354
02/15/2018 16:12:01	50.0	50.0	15.7068
02/15/2018 16:12:12	49.0	48.0	15.3646
02/15/2018 16:12:23	49.0	48.0	15.7895
02/15/2018 16:12:34	47.0	48.0	21.8329
02/15/2018 16:12:45	51.0	50.0	16.4894
02/15/2018 16:12:57	50.0	51.0	16.6234
02/15/2018 16:13:08	53.0	52.0	13.5417
02/15/2018 16:13:19	53.0	53.0	12.336
02/15/2018 16:13:30	54.0	54.0	17.1429
02/15/2018 16:13:41	56.0	54.0	15.4856
02/15/2018 16:13:52	56.0	56.0	13.0208
02/15/2018 16:14:03	56.0	56.0	15.1436
02/15/2018 16:14:14	57.0	57.0	12.5984
02/15/2018 16:14:25	55.0	55.0	12.0735
02/15/2018 16:14:36	52.0	53.0	13.8743
02/15/2018 16:14:47	51.0	51.0	15.7895
02/15/2018 16:14:58	49.0	50.0	13.3858
02/15/2018 16:15:09	48.0	48.0	16.4921
02/15/2018 16:15:20	48.0	48.0	16.7539
02/15/2018 16:15:31	48.0	47.0	20.2985
02/15/2018 16:15:42	49.0	48.0	16.4921
02/15/2018 16:15:53	51.0	51.0	17.4935
02/15/2018 16:16:04	52.0	52.0	18.7013
02/15/2018 16:16:15	54.0	53.0	16.9713
02/15/2018 16:16:26	55.0	54.0	18.5864
02/15/2018 16:16:37	56.0	56.0	17.6623
02/15/2018 16:16:48	57.0	56.0	17.5853
02/15/2018 16:16:59	56.0	55.0	19.1214
02/15/2018 16:17:10	53.0	53.0	16.7102
02/15/2018 16:17:21	51.0	51.0	19.2208
02/15/2018 16:17:32	51.0	51.0	17.5853
02/15/2018 16:17:43	50.0	50.0	17.7083
02/15/2018 16:17:54	49.0	48.0	16.9713
02/15/2018 16:18:05	49.0	48.0	19.1099
02/15/2018 16:18:16	49.0	48.0	16.1458
02/15/2018 16:18:27	48.0	47.0	17.6316
02/15/2018 16:18:38	48.0	47.0	17.1429
02/15/2018 16:18:49	49.0	47.0	16.7102
02/15/2018 16:19:00	49.0	49.0	16.5354
02/15/2018 16:19:11	51.0	51.0	19.6335
02/15/2018 16:19:22	53.0	53.0	16.9271
02/15/2018 16:19:34	54.0	53.0	15.748
02/15/2018 16:19:45	55.0	54.0	14.1361
02/15/2018 16:19:56	57.0	55.0	16.1458
02/15/2018 16:20:07	57.0	56.0	19.1601
02/15/2018 16:20:18	55.0	54.0	19.3211
02/15/2018 16:20:29	53.0	52.0	16.188
02/15/2018 16:20:40	51.0	51.0	17.2775
02/15/2018 16:20:51	50.0	50.0	16.4062
02/15/2018 16:21:02	50.0	49.0	17.2324
02/15/2018 16:21:13	49.0	48.0	14.9215
02/15/2018 16:21:24	49.0	48.0	15.8854
02/15/2018 16:21:35	48.0	48.0	15.7068
02/15/2018 16:21:46	48.0	48.0	16.4491
02/15/2018 16:21:57	48.0	47.0	16.1458
02/15/2018 16:22:08	49.0	50.0	19.1601
02/15/2018 16:22:19	51.0	51.0	17.7546
02/15/2018 16:22:30	53.0	53.0	18.8482
02/15/2018 16:22:41	55.0	54.0	16.0526
02/15/2018 16:22:52	56.0	55.0	18.1347
02/15/2018 16:23:03	57.0	56.0	17.4026
02/15/2018 16:23:14	55.0	55.0	18.799
02/15/2018 16:23:25	54.0	53.0	17.5853
02/15/2018 16:23:36	51.0	51.0	18.3938
02/15/2018 16:23:47	51.0	50.0	16.6667
02/15/2018 16:23:58	50.0	50.0	17.4935
02/15/2018 16:24:09	50.0	49.0	15.9686
02/15/2018 16:24:20	49.0	48.0	14.6597
02/15/2018 16:24:31	48.0	47.0	14.6597
02/15/2018 16:24:42	49.0	48.0	14.4357
02/15/2018 16:24:53	50.0	50.0	13.3159
02/15/2018 16:25:04	52.0	51.0	12.1053
02/15/2018 16:25:15	52.0	53.0	13.5417
02/15/2018 16:25:26	53.0	54.0	12.336
02/15/2018 16:25:37	55.0	54.0	12.7937
02/15/2018 16:25:48	55.0	55.0	12.0419
02/15/2018 16:26:00	56.0	55.0	13.2124
02/15/2018 16:26:11	57.0	56.0	12.5984
02/15/2018 16:26:22	56.0	56.0	13.8021
02/15/2018 16:26:33	53.0	54.0	15.1042
02/15/2018 16:26:44	52.0	51.0	15.4047
02/15/2018 16:26:55	51.0	50.0	15.6658
02/15/2018 16:27:06	49.0	49.0	15.0649
02/15/2018 16:27:17	49.0	48.0	15.625
02/15/2018 16:27:28	48.0	47.0	15.0649
02/15/2018 16:27:39	48.0	47.0	14.3979
02/15/2018 16:27:50	49.0	49.0	14.9606
02/15/2018 16:28:01	50.0	50.0	13.3159
02/15/2018 16:28:12	51.0	51.0	13.0208
02/15/2018 16:28:23	53.0	53.0	14.2119
02/15/2018 16:28:34	54.0	54.0	13.2124
02/15/2018 16:28:45	54.0	54.0	13.5417
02/15/2018 16:28:56	55.0	56.0	12.5326
02/15/2018 16:29:07	56.0	55.0	12.987
02/15/2018 16:29:18	56.0	55.0	13.9896
02/15/2018 16:29:29	53.0	53.0	14.2119
02/15/2018 16:29:40	51.0	51.0	15.8442
02/15/2018 16:29:51	52.0	51.0	16.3212
02/15/2018 16:30:02	50.0	48.0	15.7623
02/15/2018 16:30:13	49.0	48.0	17.4479
02/15/2018 16:30:24	48.0	47.0	15.8442
02/15/2018 16:30:36	47.0	48.0	15.285
02/15/2018 16:30:47	48.0	48.0	15.3646
02/15/2018 16:30:58	50.0	50.0	14.0625
02/15/2018 16:31:09	51.0	51.0	13.8381
02/15/2018 16:31:20	52.0	53.0	14.6907
02/15/2018 16:31:31	54.0	54.0	13.9175
02/15/2018 16:31:42	55.0	54.0	14.2487
02/15/2018 16:31:53	55.0	54.0	17.6471
02/15/2018 16:32:04	57.0	56.0	17.5258
02/15/2018 16:32:15	56.0	56.0	17.1355
02/15/2018 16:32:26	53.0	53.0	16.4103
02/15/2018 16:32:37	51.0	51.0	17.6471
02/15/2018 16:32:48	50.0	51.0	15.8031
02/15/2018 16:32:59	49.0	50.0	16.1125
02/15/2018 16:33:10	49.0	48.0	17.6768
02/15/2018 16:33:21	49.0	48.0	17.3469
02/15/2018 16:33:32	48.0	48.0	21.9512
02/15/2018 16:33:43	48.0	47.0	19.5
02/15/2018 16:33:54	49.0	47.0	18.593
02/15/2018 16:34:05	50.0	50.0	21.7604
02/15/2018 16:34:16	51.0	51.0	19.6517
02/15/2018 16:34:27	53.0	53.0	15.9494
02/15/2018 16:34:38	53.0	53.0	19.8511
02/15/2018 16:34:49	54.0	54.0	15.6566
02/15/2018 16:35:00	55.0	56.0	14.9871
02/15/2018 16:35:11	55.0	56.0	15.736
02/15/2018 16:35:22	53.0	53.0	20.0993
02/15/2018 16:35:33	52.0	51.0	20.4938
02/15/2018 16:35:44	50.0	50.0	19.5545
02/15/2018 16:35:56	50.0	50.0	21.8447
02/15/2018 16:36:07	49.0	48.0	21.6545
02/15/2018 16:36:18	48.0	48.0	21.2714
02/15/2018 16:36:29	48.0	48.0	23.8208
02/15/2018 16:36:40	48.0	47.0	24.3499
02/15/2018 16:36:51	48.0	47.0	22.0339
02/15/2018 16:37:02	49.0	50.0	21.7822
02/15/2018 16:37:13	51.0	52.0	20.4604
02/15/2018 16:37:24	53.0	53.0	18.8917
02/15/2018 16:37:35	54.0	54.0	19.2982
02/15/2018 16:37:46	55.0	55.0	20.2046
02/15/2018 16:37:57	55.0	55.0	20
02/15/2018 16:38:08	55.0	55.0	20.1995
02/15/2018 16:38:19	53.0	53.0	20.3008
02/15/2018 16:38:30	52.0	52.0	21.7284
02/15/2018 16:38:41	51.0	50.0	21.5881
02/15/2018 16:38:52	50.0	50.0	21.4464
02/15/2018 16:39:03	49.0	49.0	22.0844
02/15/2018 16:39:14	49.0	48.0	21.9451
02/15/2018 16:39:25	48.0	48.0	20
02/15/2018 16:39:36	48.0	47.0	20.6434
02/15/2018 16:39:47	48.0	48.0	25
02/15/2018 16:39:58	47.0	47.0	23.5981
02/15/2018 16:40:09	50.0	50.0	25.1152
02/15/2018 16:40:20	51.0	50.0	25.7471
02/15/2018 16:40:31	51.0	52.0	23.0769
02/15/2018 16:40:42	54.0	53.0	21
02/15/2018 16:40:53	55.0	54.0	26.2069
02/15/2018 16:41:04	56.0	55.0	22.6601
02/15/2018 16:41:15	57.0	56.0	22.4138
02/15/2018 16:41:26	54.0	54.0	20.0969
02/15/2018 16:41:38	54.0	52.0	21.9807
02/15/2018 16:41:49	51.0	51.0	22.5728
02/15/2018 16:42:00	50.0	50.0	25.5422
02/15/2018 16:42:11	49.0	50.0	23.7762
02/15/2018 16:42:22	48.0	48.0	24.4604
02/15/2018 16:42:33	48.0	48.0	21.9212
02/15/2018 16:42:44	49.0	48.0	21.6216
02/15/2018 16:42:55	48.0	48.0	22.6506
02/15/2018 16:43:06	48.0	48.0	24.4019
02/15/2018 16:43:17	49.0	50.0	25.1208
02/15/2018 16:43:28	51.0	51.0	22.5182
02/15/2018 16:43:39	52.0	53.0	22.1951
02/15/2018 16:43:50	54.0	54.0	23.4043
02/15/2018 16:44:01	55.0	55.0	24.1935
02/15/2018 16:44:12	55.0	55.0	23.7327
02/15/2018 16:44:23	57.0	56.0	25.9016
02/15/2018 16:44:34	55.0	55.0	21.978
02/15/2018 16:44:45	53.0	52.0	22.3558
02/15/2018 16:44:56	52.0	51.0	23.2941
02/15/2018 16:45:07	50.0	50.0	21.4976
02/15/2018 16:45:18	49.0	49.0	22.7053
02/15/2018 16:45:29	49.0	48.0	21.5496
02/15/2018 16:45:41	48.0	48.0	19.8529
02/15/2018 16:45:52	48.0	47.0	22.7053
02/15/2018 16:46:03	47.0	47.0	21.3592
02/15/2018 16:46:14	50.0	50.0	21.3235
02/15/2018 16:46:25	50.0	51.0	20.438
02/15/2018 16:46:36	52.0	53.0	20.0483
02/15/2018 16:46:47	53.0	53.0	19.8068
02/15/2018 16:46:58	54.0	54.0	19.0244
02/15/2018 16:47:09	55.0	55.0	19.6643
02/15/2018 16:47:20	56.0	56.0	20.3431
02/15/2018 16:47:31	57.0	57.0	18.9781
02/15/2018 16:47:42	54.0	54.0	18.9189
02/15/2018 16:47:53	52.0	53.0	19.202
02/15/2018 16:48:04	51.0	51.0	19.5062
02/15/2018 16:48:15	50.0	50.0	19.9507
02/15/2018 16:48:26	49.0	49.0	20.8333
02/15/2018 16:48:37	49.0	48.0	19.7044
02/15/2018 16:48:48	48.0	48.0	19.403
02/15/2018 16:48:59	48.0	47.0	18.9526
02/15/2018 16:49:10	47.0	47.0	18.4539
02/15/2018 16:49:21	49.0	49.0	19.656
02/15/2018 16:49:32	51.0	51.0	18.8119
02/15/2018 16:49:43	52.0	52.0	17.1642
02/15/2018 16:49:54	53.0	53.0	17.9803
02/15/2018 16:50:05	55.0	54.0	18.2716
02/15/2018 16:50:16	55.0	55.0	16.9154
02/15/2018 16:50:27	56.0	55.0	17.866
02/15/2018 16:50:38	56.0	55.0	16.8734
02/15/2018 16:50:50	53.0	53.0	18.2045
02/15/2018 16:51:01	52.0	51.0	20.197
02/15/2018 16:51:12	51.0	50.0	19.3627
02/15/2018 16:51:23	50.0	49.0	18.7654
02/15/2018 16:51:34	49.0	49.0	19.6078
02/15/2018 16:51:45	48.0	48.0	20.7317
02/15/2018 16:51:56	48.0	47.0	20.4433
02/15/2018 16:52:07	48.0	47.0	20.2934
02/15/2018 16:52:18	49.0	49.0	19.8529
02/15/2018 16:52:29	50.0	51.0	20.5882
02/15/2018 16:52:40	52.0	51.0	16.9576
02/15/2018 16:52:51	54.0	53.0	17.3267
02/15/2018 16:53:02	54.0	54.0	17.8218
02/15/2018 16:53:13	55.0	55.0	18.0929
02/15/2018 16:53:24	56.0	56.0	18.9189
02/15/2018 16:53:35	56.0	56.0	19.0123
02/15/2018 16:53:46	55.0	55.0	17.037
02/15/2018 16:53:57	53.0	53.0	18.9526
02/15/2018 16:54:08	51.0	51.0	19.1067
02/15/2018 16:54:19	50.0	50.0	18.0451
02/15/2018 16:54:30	50.0	50.0	18.8442
02/15/2018 16:54:41	49.0	48.0	19.9005
02/15/2018 16:54:52	49.0	48.0	19.1542
02/15/2018 16:55:03	47.0	47.0	18.797
02/15/2018 16:55:14	48.0	47.0	17.7215
02/15/2018 16:55:25	50.0	49.0	16.0305
02/15/2018 16:55:36	51.0	51.0	17.4129
02/15/2018 16:55:47	52.0	53.0	15.1899
02/15/2018 16:55:59	53.0	53.0	18.3374
02/15/2018 16:56:10	55.0	54.0	18.2045
02/15/2018 16:56:21	55.0	55.0	15.9091
02/15/2018 16:56:32	56.0	55.0	16
02/15/2018 16:56:43	57.0	56.0	16.5829
02/15/2018 16:56:54	54.0	54.0	15.4822
02/15/2018 16:57:05	53.0	53.0	16.8367
02/15/2018 16:57:16	51.0	51.0	15.8442
02/15/2018 16:57:27	50.0	50.0	15.1671
02/15/2018 16:57:38	49.0	48.0	17.7665
02/15/2018 16:57:49	48.0	48.0	15.4639
02/15/2018 16:58:00	48.0	48.0	16.8367
02/15/2018 16:58:11	48.0	47.0	16.624
02/15/2018 16:58:22	48.0	48.0	15.285
02/15/2018 16:58:33	50.0	50.0	13.6247
02/15/2018 16:58:44	51.0	51.0	14.7668
02/15/2018 16:58:55	52.0	53.0	15.3061
02/15/2018 16:59:06	53.0	54.0	14.578
02/15/2018 16:59:17	54.0	54.0	14.1388
02/15/2018 16:59:28	55.0	55.0	13.1783
02/15/2018 16:59:39	57.0	56.0	13.1783
02/15/2018 16:59:50	57.0	56.0	13.2468
02/15/2018 17:00:01	54.0	54.0	13.8743
02/15/2018 17:00:12	52.0	52.0	14.4737
02/15/2018 17:00:23	51.0	50.0	13.3508
02/15/2018 17:00:34	50.0	50.0	13.9108
02/15/2018 17:00:45	49.0	49.0	15.1436
02/15/2018 17:00:56	48.0	48.0	15.1832
02/15/2018 17:01:08	48.0	48.0	13.6483
02/15/2018 17:01:19	48.0	48.0	13.7566
02/15/2018 17:01:30	48.0	48.0	13.4921
02/15/2018 17:01:41	50.0	50.0	12.336
02/15/2018 17:01:52	51.0	51.0	13.1234
02/15/2018 17:02:03	53.0	53.0	13.3858
02/15/2018 17:02:14	54.0	54.0	12.8272
02/15/2018 17:02:25	55.0	54.0	12.0419
02/15/2018 17:02:36	56.0	56.0	12.2715
02/15/2018 17:02:47	57.0	56.0	12.8272
02/15/2018 17:02:58	55.0	54.0	12.3037
02/15/2018 17:03:09	52.0	53.0	13.0548
02/15/2018 17:03:20	52.0	51.0	13.9842
02/15/2018 17:03:31	50.0	50.0	14.3979
02/15/2018 17:03:42	49.0	50.0	14.4357
02/15/2018 17:03:53	48.0	48.0	14.7368
02/15/2018 17:04:04	49.0	48.0	13.7203
02/15/2018 17:04:15	48.0	47.0	14.1361
02/15/2018 17:04:26	47.0	46.0	14.6982
02/15/2018 17:04:37	48.0	48.0	13.7203
02/15/2018 17:04:48	49.0	49.0	13.1234
02/15/2018 17:04:59	51.0	51.0	13.4565
02/15/2018 17:05:10	52.0	53.0	11.8734
02/15/2018 17:05:21	53.0	53.0	12.3684
02/15/2018 17:05:32	55.0	54.0	11.5789
02/15/2018 17:05:43	55.0	55.0	11.811
02/15/2018 17:05:54	57.0	56.0	12.0419
02/15/2018 17:06:05	57.0	56.0	12.2715
02/15/2018 17:06:17	54.0	53.0	13.6483
02/15/2018 17:06:28	52.0	51.0	13.4921
02/15/2018 17:06:39	51.0	51.0	13.9842
02/15/2018 17:06:50	50.0	50.0	13.1579
02/15/2018 17:07:01	49.0	49.0	13.9842
02/15/2018 17:07:12	49.0	48.0	13.1926
02/15/2018 17:07:23	48.0	48.0	14.3979
02/15/2018 17:07:34	48.0	47.0	13.5279
02/15/2018 17:07:45	47.0	46.0	13.4921
02/15/2018 17:07:56	49.0	49.0	13.7566
02/15/2018 17:08:07	51.0	50.0	13.6842
02/15/2018 17:08:18	52.0	53.0	11.811
02/15/2018 17:08:29	54.0	53.0	13.089
02/15/2018 17:08:40	54.0	54.0	12.6316
02/15/2018 17:08:51	55.0	55.0	12.7604
02/15/2018 17:09:02	56.0	56.0	12.0735
02/15/2018 17:09:13	56.0	56.0	13.3508
02/15/2018 17:09:24	54.0	54.0	12.963
02/15/2018 17:09:35	52.0	51.0	14.0212
02/15/2018 17:09:46	50.0	51.0	13.089
02/15/2018 17:09:57	50.0	50.0	13.1926
02/15/2018 17:10:08	49.0	49.0	13.7566
02/15/2018 17:10:19	48.0	48.0	13.4565
02/15/2018 17:10:30	49.0	48.0	14.1732
02/15/2018 17:10:41	47.0	47.0	13.4565
02/15/2018 17:10:52	47.0	47.0	13.4921
02/15/2018 17:11:03	48.0	47.0	14.2105
02/15/2018 17:11:15	48.0	48.0	13.6842
02/15/2018 17:11:26	50.0	51.0	12.336
02/15/2018 17:11:37	51.0	52.0	13.1234
02/15/2018 17:11:48	53.0	53.0	11.8421
02/15/2018 17:11:59	54.0	54.0	12.7937
02/15/2018 17:12:10	55.0	54.0	13.1234
02/15/2018 17:12:21	55.0	56.0	11.0818
02/15/2018 17:12:32	57.0	57.0	14.2105
02/15/2018 17:12:43	55.0	55.0	12.8609
02/15/2018 17:12:54	53.0	53.0	13.4211
02/15/2018 17:13:05	51.0	51.0	13.6842
02/15/2018 17:13:16	50.0	50.0	14.5119
02/15/2018 17:13:27	50.0	49.0	13.6842
02/15/2018 17:13:38	49.0	48.0	14.5119
02/15/2018 17:13:49	48.0	48.0	14.7757
02/15/2018 17:14:00	47.0	48.0	14.5889
02/15/2018 17:14:11	47.0	48.0	14.0212
02/15/2018 17:14:22	47.0	47.0	13.7203
02/15/2018 17:14:33	48.0	48.0	14.6982
02/15/2018 17:14:44	50.0	50.0	13.3858
02/15/2018 17:14:55	51.0	51.0	12.0419
02/15/2018 17:15:06	52.0	53.0	11.6402
02/15/2018 17:15:17	54.0	54.0	11.6402
02/15/2018 17:15:28	55.0	54.0	14.7757
02/15/2018 17:15:39	55.0	56.0	12.3037
02/15/2018 17:15:50	57.0	56.0	13.1579
02/15/2018 17:16:01	55.0	55.0	12.1053
02/15/2018 17:16:12	53.0	53.0	13.4211
02/15/2018 17:16:24	52.0	51.0	13.7931
02/15/2018 17:16:35	50.0	51.0	13.3858
02/15/2018 17:16:46	50.0	50.0	14.5503
02/15/2018 17:16:57	49.0	49.0	13.5638
02/15/2018 17:17:08	49.0	48.0	13.4921
02/15/2018 17:17:19	48.0	48.0	13.9842
02/15/2018 17:17:30	48.0	47.0	14.2105
02/15/2018 17:17:41	48.0	48.0	13.2275
02/15/2018 17:17:52	50.0	50.0	13.4211
02/15/2018 17:18:03	51.0	51.0	12.2396
02/15/2018 17:18:14	53.0	53.0	13.3159
02/15/2018 17:18:25	53.0	53.0	12.5984
02/15/2018 17:18:36	55.0	54.0	12.8609
02/15/2018 17:18:47	55.0	55.0	12.8272
02/15/2018 17:18:58	57.0	56.0	11.811
02/15/2018 17:19:09	56.0	56.0	12.0735
02/15/2018 17:19:20	54.0	54.0	14.0992
02/15/2018 17:19:31	52.0	52.0	13.1234
02/15/2018 17:19:42	51.0	51.0	13.1579
02/15/2018 17:19:53	50.0	50.0	15.5673
02/15/2018 17:20:04	49.0	49.0	13.4921
02/15/2018 17:20:15	48.0	48.0	14.2105
02/15/2018 17:20:26	48.0	48.0	14.2105
02/15/2018 17:20:37	48.0	48.0	13.9474
02/15/2018 17:20:48	47.0	47.0	13.4211
02/15/2018 17:20:59	49.0	49.0	12.6316
02/15/2018 17:21:10	51.0	51.0	13.8743
02/15/2018 17:21:21	52.0	52.0	11.8421
02/15/2018 17:21:32	54.0	53.0	12.5984
02/15/2018 17:21:44	54.0	54.0	12.7273
02/15/2018 17:21:55	55.0	55.0	13.089
02/15/2018 17:22:06	56.0	56.0	11.3158
02/15/2018 17:22:17	57.0	57.0	12.1053
02/15/2018 17:22:28	54.0	54.0	13.089
02/15/2018 17:22:39	52.0	53.0	12.8272
02/15/2018 17:22:50	51.0	51.0	13.1579
02/15/2018 17:23:01	50.0	50.0	14.2105
02/15/2018 17:23:12	49.0	49.0	13.3858
02/15/2018 17:23:23	49.0	48.0	13.9842
02/15/2018 17:23:34	48.0	48.0	14.4737
02/15/2018 17:23:45	48.0	48.0	13.7203
02/15/2018 17:23:56	48.0	47.0	12.6316
02/15/2018 17:24:07	48.0	47.0	14.0212
02/15/2018 17:24:18	48.0	47.0	13.1926
02/15/2018 17:24:29	49.0	50.0	12.5984
02/15/2018 17:24:40	51.0	52.0	13.7203
02/15/2018 17:24:51	53.0	52.0	11.3456
02/15/2018 17:25:02	54.0	53.0	12.6316
02/15/2018 17:25:13	55.0	55.0	11.5486
02/15/2018 17:25:24	56.0	55.0	12.3037
02/15/2018 17:25:35	56.0	56.0	13.5417
02/15/2018 17:25:46	55.0	55.0	12.3037
02/15/2018 17:25:57	53.0	53.0	13.1579
02/15/2018 17:26:08	51.0	51.0	15.1194
02/15/2018 17:26:19	50.0	50.0	12.9288
02/15/2018 17:26:30	49.0	50.0	13.4921
02/15/2018 17:26:41	49.0	48.0	14.4737
02/15/2018 17:26:53	49.0	48.0	13.9842
02/15/2018 17:27:04	48.0	48.0	12.8609
02/15/2018 17:27:15	48.0	48.0	15.7068
02/15/2018 17:27:26	47.0	47.0	12.963
02/15/2018 17:27:37	49.0	48.0	14.248
02/15/2018 17:27:48	50.0	51.0	13.0548
02/15/2018 17:27:59	52.0	53.0	13.0208
02/15/2018 17:28:10	54.0	53.0	13.8743
02/15/2018 17:28:21	54.0	55.0	12.5326
02/15/2018 17:28:32	55.0	54.0	12.4675
02/15/2018 17:28:43	57.0	56.0	13.3159
02/15/2018 17:28:54	55.0	55.0	13.1579
02/15/2018 17:29:05	54.0	53.0	13.089
02/15/2018 17:29:16	51.0	52.0	14.4737
02/15/2018 17:29:27	50.0	51.0	13.1234
02/15/2018 17:29:38	49.0	50.0	14.5833
02/15/2018 17:29:49	49.0	48.0	13.7203
02/15/2018 17:30:00	48.0	48.0	13.7203
02/15/2018 17:30:11	48.0	48.0	15.1832
02/15/2018 17:30:22	48.0	47.0	14.1732
02/15/2018 17:30:33	48.0	47.0	13.4211
02/15/2018 17:30:44	47.0	48.0	13.6842
02/15/2018 17:30:55	49.0	50.0	13.9108
02/15/2018 17:31:06	52.0	52.0	12.0104
02/15/2018 17:31:17	52.0	52.0	12.8609
02/15/2018 17:31:28	53.0	53.0	11.7801
02/15/2018 17:31:39	55.0	54.0	12.7604
02/15/2018 17:31:50	55.0	54.0	12.2715
02/15/2018 17:32:02	56.0	56.0	11.7801
02/15/2018 17:32:13	56.0	56.0	12.0104
02/15/2018 17:32:24	54.0	54.0	12.6316
02/15/2018 17:32:35	53.0	52.0	12.5984
02/15/2018 17:32:46	51.0	51.0	13.9108
02/15/2018 17:32:57	50.0	50.0	13.8743
02/15/2018 17:33:08	49.0	49.0	13.6842
02/15/2018 17:33:19	49.0	49.0	13.6483
02/15/2018 17:33:30	48.0	48.0	13.7566
02/15/2018 17:33:41	48.0	48.0	12.8609
02/15/2018 17:33:52	47.0	47.0	13.7203
02/15/2018 17:34:03	47.0	47.0	13.7203
02/15/2018 17:34:14	48.0	48.0	13.4211
02/15/2018 17:34:25	49.0	50.0	12.6316
02/15/2018 17:34:36	51.0	51.0	12.8272
02/15/2018 17:34:47	52.0	52.0	12.7604
02/15/2018 17:34:58	54.0	53.0	11.811
02/15/2018 17:35:09	54.0	54.0	12.2715
02/15/2018 17:35:20	55.0	55.0	11.9792
02/15/2018 17:35:31	56.0	56.0	12.8609
02/15/2018 17:35:42	56.0	55.0	11.7801
02/15/2018 17:35:53	53.0	53.0	12.8272
02/15/2018 17:36:04	51.0	52.0	13.0548
02/15/2018 17:36:15	51.0	50.0	12.963
02/15/2018 17:36:26	50.0	50.0	13.5638
02/15/2018 17:36:37	49.0	48.0	13.2275
02/15/2018 17:36:48	49.0	48.0	13.4211
02/15/2018 17:36:59	49.0	48.0	14.2105
02/15/2018 17:37:11	48.0	48.0	13.9842
02/15/2018 17:37:22	47.0	47.0	12.963
02/15/2018 17:37:33	47.0	47.0	14.7368
02/15/2018 17:37:44	48.0	47.0	13.6842
02/15/2018 17:37:55	49.0	50.0	13.6842
02/15/2018 17:38:06	51.0	51.0	13.6126
02/15/2018 17:38:17	52.0	52.0	12.3037
02/15/2018 17:38:28	54.0	53.0	12.5654
02/15/2018 17:38:39	54.0	54.0	12.1053
02/15/2018 17:38:50	55.0	55.0	11.7188
02/15/2018 17:39:01	56.0	56.0	14.248
02/15/2018 17:39:12	56.0	56.0	12.3684
02/15/2018 17:39:23	55.0	54.0	11.6402
02/15/2018 17:39:34	51.0	52.0	15.6658
02/15/2018 17:39:45	52.0	51.0	14.1361
02/15/2018 17:39:56	50.0	50.0	16.8831
02/15/2018 17:40:07	49.0	50.0	14.1361
02/15/2018 17:40:18	49.0	48.0	17.6623
02/15/2018 17:40:29	49.0	48.0	12.6984
02/15/2018 17:40:40	48.0	48.0	14.6982
02/15/2018 17:40:51	49.0	47.0	13.1926
02/15/2018 17:41:02	48.0	47.0	13.4211
02/15/2018 17:41:13	48.0	48.0	13.9108
02/15/2018 17:41:24	50.0	50.0	12.3037
02/15/2018 17:41:35	51.0	51.0	13.1579
02/15/2018 17:41:46	52.0	53.0	13.3159
02/15/2018 17:41:57	55.0	54.0	11.5486
02/15/2018 17:42:08	55.0	54.0	12.5654
02/15/2018 17:42:19	56.0	56.0	11.5183
02/15/2018 17:42:30	56.0	56.0	11.8421
02/15/2018 17:42:42	56.0	56.0	12.7937
02/15/2018 17:42:53	53.0	54.0	12.3684
02/15/2018 17:43:04	52.0	52.0	13.6126
02/15/2018 17:43:15	50.0	51.0	13.3858
02/15/2018 17:43:26	50.0	50.0	14.1732
02/15/2018 17:43:37	49.0	48.0	13.3858
02/15/2018 17:43:48	49.0	48.0	16.273
02/15/2018 17:43:59	48.0	48.0	12.9288
02/15/2018 17:44:10	48.0	48.0	13.7566
02/15/2018 17:44:21	48.0	47.0	13.7203
02/15/2018 17:44:32	49.0	49.0	13.6842
02/15/2018 17:44:43	50.0	50.0	13.3858
02/15/2018 17:44:54	52.0	52.0	12.0419
02/15/2018 17:45:05	53.0	53.0	11.8421
02/15/2018 17:45:16	54.0	54.0	12.5654
02/15/2018 17:45:27	55.0	54.0	11.5183
02/15/2018 17:45:38	56.0	56.0	12.4675
02/15/2018 17:45:49	56.0	56.0	12.8272
02/15/2018 17:46:00	54.0	53.0	12.5984
02/15/2018 17:46:11	52.0	51.0	12.6649
02/15/2018 17:46:22	51.0	51.0	13.7203
02/15/2018 17:46:33	50.0	50.0	13.9474
02/15/2018 17:46:44	50.0	49.0	12.6649
02/15/2018 17:46:55	48.0	48.0	13.2626
02/15/2018 17:47:06	49.0	48.0	14.026
02/15/2018 17:47:17	48.0	48.0	16.7109
02/15/2018 17:47:28	48.0	48.0	13.9842
02/15/2018 17:47:40	48.0	48.0	14.5119
02/15/2018 17:47:51	49.0	48.0	15
02/15/2018 17:48:02	48.0	48.0	14.5119
02/15/2018 17:48:13	48.0	47.0	14.6597
02/15/2018 17:48:24	47.0	47.0	15.5263
02/15/2018 17:48:35	47.0	47.0	14.4357
02/15/2018 17:48:46	49.0	49.0	14.2105
02/15/2018 17:48:57	51.0	51.0	15.445
02/15/2018 17:49:08	52.0	52.0	12.8272
02/15/2018 17:49:19	54.0	53.0	13.6483
02/15/2018 17:49:30	55.0	54.0	12.963
02/15/2018 17:49:41	55.0	55.0	12.8272
02/15/2018 17:49:52	57.0	57.0	13.3159
02/15/2018 17:50:03	55.0	55.0	13.3508
02/15/2018 17:50:14	54.0	53.0	14.8825
02/15/2018 17:50:25	52.0	52.0	14.7757
02/15/2018 17:50:36	51.0	51.0	13.9842
02/15/2018 17:50:47	50.0	50.0	14.4737
02/15/2018 17:50:58	49.0	49.0	14.5503
02/15/2018 17:51:09	49.0	48.0	14.1732
02/15/2018 17:51:20	49.0	48.0	15.0794
02/15/2018 17:51:31	49.0	48.0	14.8148
02/15/2018 17:51:42	48.0	48.0	14.7368
02/15/2018 17:51:53	48.0	48.0	14.248
02/15/2018 17:52:04	48.0	47.0	15.9686
02/15/2018 17:52:15	48.0	47.0	14.7368
02/15/2018 17:52:26	50.0	50.0	14.3979
02/15/2018 17:52:38	51.0	51.0	13.7203
02/15/2018 17:52:49	52.0	53.0	13.9474
02/15/2018 17:53:00	53.0	54.0	13.6483
02/15/2018 17:53:11	55.0	54.0	13.6483
02/15/2018 17:53:22	56.0	55.0	12.1372
02/15/2018 17:53:33	57.0	56.0	14.5119
02/15/2018 17:53:44	55.0	55.0	13.3508
02/15/2018 17:53:55	53.0	53.0	15.6499
02/15/2018 17:54:06	52.0	52.0	15.3846
02/15/2018 17:54:17	51.0	51.0	14.6982
02/15/2018 17:54:28	50.0	50.0	14.0584
02/15/2018 17:54:39	50.0	50.0	14.6982
02/15/2018 17:54:50	49.0	49.0	14.4737
02/15/2018 17:55:01	49.0	48.0	14.2105
02/15/2018 17:55:12	48.0	48.0	15
02/15/2018 17:55:23	48.0	48.0	14.7757
02/15/2018 17:55:34	48.0	47.0	14.6982
02/15/2018 17:55:45	47.0	47.0	14.6597
02/15/2018 17:55:56	47.0	47.0	14.0584
02/15/2018 17:56:07	49.0	48.0	14.248
02/15/2018 17:56:18	51.0	51.0	13.9108
02/15/2018 17:56:29	52.0	52.0	12.5654
02/15/2018 17:56:40	53.0	53.0	13.3508
02/15/2018 17:56:51	55.0	55.0	12.3684
02/15/2018 17:57:02	56.0	55.0	13.089
02/15/2018 17:57:13	57.0	56.0	14.026
02/15/2018 17:57:24	56.0	56.0	14.1732
02/15/2018 17:57:36	54.0	54.0	12.6316
02/15/2018 17:57:47	52.0	52.0	15.5673
02/15/2018 17:57:58	51.0	51.0	14.1732
02/15/2018 17:58:09	50.0	50.0	14.7757
02/15/2018 17:58:20	50.0	50.0	14.7757
02/15/2018 17:58:31	48.0	49.0	14.4357
02/15/2018 17:58:42	49.0	48.0	15.0396
02/15/2018 17:58:53	48.0	48.0	13.2626
02/15/2018 17:59:04	48.0	47.0	14.0584
02/15/2018 17:59:15	47.0	48.0	15.2231
02/15/2018 17:59:26	48.0	47.0	15.0396
02/15/2018 17:59:37	48.0	47.0	13.9474
02/15/2018 17:59:48	49.0	49.0	16.0526
02/15/2018 17:59:59	51.0	50.0	13.7566
02/15/2018 18:00:10	52.0	52.0	14.2105
02/15/2018 18:00:21	54.0	53.0	13.6483
02/15/2018 18:00:32	55.0	54.0	12.4011
02/15/2018 18:00:43	56.0	55.0	13.1234
02/15/2018 18:00:54	57.0	56.0	14.6982
02/15/2018 18:01:05	55.0	54.0	13.3858
02/15/2018 18:01:16	53.0	53.0	14.9606
02/15/2018 18:01:27	51.0	51.0	13.3858
02/15/2018 18:01:38	50.0	50.0	14.7368
02/15/2018 18:01:49	50.0	50.0	15.0794
02/15/2018 18:02:00	49.0	49.0	14.0212
02/15/2018 18:02:11	48.0	48.0	14.2105
02/15/2018 18:02:22	48.0	48.0	14.2857
02/15/2018 18:02:33	48.0	48.0	14.4737
02/15/2018 18:02:45	48.0	47.0	14.6597
02/15/2018 18:02:56	47.0	47.0	15.5673
02/15/2018 18:03:07	47.0	47.0	13.0319
02/15/2018 18:03:18	47.0	47.0	14.8825
02/15/2018 18:03:29	48.0	48.0	14.0212
02/15/2018 18:03:40	50.0	50.0	15.1832
02/15/2018 18:03:51	51.0	51.0	13.3858
02/15/2018 18:04:02	53.0	52.0	13.9108
02/15/2018 18:04:13	54.0	54.0	14.7757
02/15/2018 18:04:24	55.0	55.0	13.3159
02/15/2018 18:04:35	56.0	55.0	13.089
02/15/2018 18:04:46	56.0	55.0	12.3037
02/15/2018 18:04:57	54.0	53.0	14.8148
02/15/2018 18:05:08	51.0	53.0	14.3979
02/15/2018 18:05:19	51.0	51.0	14.4737
02/15/2018 18:05:30	50.0	50.0	14.3236
02/15/2018 18:05:41	49.0	49.0	14.2857
02/15/2018 18:05:52	49.0	49.0	13.6483
02/15/2018 18:06:03	49.0	48.0	14.0957
02/15/2018 18:06:14	49.0	48.0	14.2105
02/15/2018 18:06:25	48.0	48.0	15.2632
02/15/2018 18:06:36	49.0	48.0	14.0212
02/15/2018 18:06:47	48.0	48.0	14.1732
02/15/2018 18:06:58	49.0	49.0	14.8052
02/15/2018 18:07:09	51.0	51.0	13.9108
02/15/2018 18:07:20	53.0	52.0	13.089
02/15/2018 18:07:32	53.0	53.0	13.5417
02/15/2018 18:07:43	55.0	54.0	14.0212
02/15/2018 18:07:54	55.0	56.0	12.5984
02/15/2018 18:08:05	57.0	56.0	13.9108
02/15/2018 18:08:16	55.0	54.0	12.7937
02/15/2018 18:08:27	54.0	53.0	14.2857
02/15/2018 18:08:38	52.0	51.0	15
02/15/2018 18:08:49	51.0	51.0	14.4737
02/15/2018 18:09:00	50.0	49.0	15.873
02/15/2018 18:09:11	49.0	49.0	14.6982
02/15/2018 18:09:22	49.0	48.0	13.4565
02/15/2018 18:09:33	49.0	48.0	14.9606
02/15/2018 18:09:44	48.0	48.0	14.5119
02/15/2018 18:09:55	48.0	48.0	14.248
02/15/2018 18:10:06	48.0	47.0	14.8148
02/15/2018 18:10:17	47.0	47.0	14.0584
02/15/2018 18:10:28	48.0	47.0	14.6982
02/15/2018 18:10:39	50.0	50.0	14.0584
02/15/2018 18:10:50	51.0	51.0	14.5119
02/15/2018 18:11:01	53.0	52.0	13.3858
02/15/2018 18:11:12	54.0	54.0	14.1361
02/15/2018 18:11:23	55.0	55.0	12.7604
02/15/2018 18:11:34	57.0	56.0	14.0992
02/15/2018 18:11:45	57.0	56.0	13.8743
02/15/2018 18:11:56	54.0	54.0	14.4357
02/15/2018 18:12:07	52.0	52.0	14.3236
02/15/2018 18:12:18	51.0	51.0	15.1436
02/15/2018 18:12:29	50.0	50.0	14.2857
02/15/2018 18:12:41	50.0	49.0	14.4737
02/15/2018 18:12:52	49.0	48.0	14.3979
02/15/2018 18:13:03	49.0	48.0	14.4737
02/15/2018 18:13:14	48.0	48.0	15.4856
02/15/2018 18:13:25	48.0	47.0	14.2105
02/15/2018 18:13:36	48.0	48.0	14.5119
02/15/2018 18:13:47	48.0	47.0	14.7757
02/15/2018 18:13:58	48.0	47.0	14.248
02/15/2018 18:14:09	47.0	47.0	14.6982
02/15/2018 18:14:20	48.0	48.0	14.5119
02/15/2018 18:14:31	50.0	49.0	13.6126
02/15/2018 18:14:42	52.0	51.0	13.2275
02/15/2018 18:14:53	53.0	53.0	13.3508
02/15/2018 18:15:04	54.0	54.0	13.577
02/15/2018 18:15:15	55.0	54.0	13.6126
02/15/2018 18:15:26	56.0	55.0	12.6316
02/15/2018 18:15:37	57.0	56.0	12.8609
02/15/2018 18:15:48	54.0	53.0	13.9842
02/15/2018 18:15:59	52.0	52.0	14.9215
02/15/2018 18:16:10	50.0	51.0	14.248
02/15/2018 18:16:21	50.0	50.0	13.6842
02/15/2018 18:16:32	49.0	49.0	14.2105
02/15/2018 18:16:43	49.0	49.0	15.0396
02/15/2018 18:16:54	48.0	48.0	14.3979
02/15/2018 18:17:05	48.0	48.0	14.0584
02/15/2018 18:17:16	48.0	48.0	15
02/15/2018 18:17:28	47.0	47.0	14.9215
02/15/2018 18:17:39	47.0	48.0	14.5889
02/15/2018 18:17:50	47.0	47.0	15.2632
02/15/2018 18:18:01	48.0	46.0	15
02/15/2018 18:18:12	47.0	47.0	14.4357
02/15/2018 18:18:23	49.0	49.0	14.8541
02/15/2018 18:18:34	50.0	51.0	13.4211
02/15/2018 18:18:45	52.0	52.0	13.3508
02/15/2018 18:18:56	54.0	53.0	12.8947
02/15/2018 18:19:07	55.0	54.0	12.6316
02/15/2018 18:19:18	56.0	55.0	12.3037
02/15/2018 18:19:29	56.0	56.0	13.0548
02/15/2018 18:19:40	54.0	54.0	13.4565
02/15/2018 18:19:51	52.0	52.0	15.0396
02/15/2018 18:20:02	51.0	51.0	13.9474
02/15/2018 18:20:13	50.0	50.0	14.7757
02/15/2018 18:20:24	50.0	50.0	14.5119
02/15/2018 18:20:35	49.0	49.0	14.2105
02/15/2018 18:20:46	49.0	48.0	14.2105
02/15/2018 18:20:57	49.0	48.0	14.9606
02/15/2018 18:21:08	48.0	48.0	14.4357
02/15/2018 18:21:19	47.0	47.0	13.9842
02/15/2018 18:21:30	47.0	47.0	15.0396
02/15/2018 18:21:41	47.0	47.0	13.5279
02/15/2018 18:21:52	47.0	47.0	14.0212
02/15/2018 18:22:03	50.0	49.0	14.8148
02/15/2018 18:22:14	51.0	51.0	14.4357
02/15/2018 18:22:26	53.0	52.0	13.9842
02/15/2018 18:22:37	54.0	53.0	13.8743
02/15/2018 18:22:48	55.0	54.0	12.6316
02/15/2018 18:22:59	56.0	55.0	12.6316
02/15/2018 18:23:10	57.0	56.0	12.7937
02/15/2018 18:23:21	54.0	54.0	12.6316
02/15/2018 18:23:32	52.0	52.0	14.5119
02/15/2018 18:23:43	51.0	51.0	14.7368
02/15/2018 18:23:54	50.0	50.0	13.9474
02/15/2018 18:24:05	49.0	49.0	14.9606
02/15/2018 18:24:16	50.0	49.0	14.5503
02/15/2018 18:24:27	48.0	48.0	14.6597
02/15/2018 18:24:38	49.0	48.0	15.873
02/15/2018 18:24:49	48.0	48.0	14.2105
02/15/2018 18:25:00	48.0	47.0	15.2632
02/15/2018 18:25:11	48.0	47.0	14.6982
02/15/2018 18:25:22	47.0	47.0	14.5119
02/15/2018 18:25:33	47.0	47.0	14.7368
02/15/2018 18:25:44	47.0	47.0	14.9215
02/15/2018 18:25:55	50.0	50.0	14.3979
02/15/2018 18:26:06	51.0	51.0	15.4856
02/15/2018 18:26:17	53.0	52.0	13.0548
02/15/2018 18:26:28	54.0	53.0	12.5654
02/15/2018 18:26:39	55.0	54.0	14.0625
02/15/2018 18:26:50	56.0	55.0	13.6126
02/15/2018 18:27:01	57.0	56.0	13.9474
02/15/2018 18:27:12	54.0	54.0	14.7757
02/15/2018 18:27:23	53.0	52.0	14.0584
02/15/2018 18:27:35	51.0	51.0	14.3236
02/15/2018 18:27:46	50.0	50.0	14.3979
02/15/2018 18:27:57	49.0	49.0	13.9474
02/15/2018 18:28:08	49.0	49.0	16.0526
02/15/2018 18:28:19	48.0	48.0	14.0212
02/15/2018 18:28:30	48.0	48.0	14.6982
02/15/2018 18:28:41	48.0	48.0	15
02/15/2018 18:28:52	48.0	48.0	14.3236
02/15/2018 18:29:03	48.0	48.0	13.9842
02/15/2018 18:29:14	47.0	47.0	15.748
02/15/2018 18:29:25	48.0	47.0	13.9842
02/15/2018 18:29:36	50.0	49.0	14.9215
02/15/2018 18:29:47	51.0	51.0	14.248
02/15/2018 18:29:58	53.0	52.0	12.0735
02/15/2018 18:30:09	54.0	54.0	13.8743
02/15/2018 18:30:20	55.0	54.0	13.0548
02/15/2018 18:30:31	56.0	55.0	13.0208
02/15/2018 18:30:42	58.0	57.0	12.8947
02/15/2018 18:30:53	55.0	54.0	14.0212
02/15/2018 18:31:04	53.0	53.0	13.9108
02/15/2018 18:31:15	52.0	51.0	14.9606
02/15/2018 18:31:26	50.0	50.0	14.2105
02/15/2018 18:31:37	50.0	49.0	14.5119
02/15/2018 18:31:48	50.0	49.0	14.5119
02/15/2018 18:31:59	49.0	48.0	14.6982
02/15/2018 18:32:10	49.0	48.0	13.6126
02/15/2018 18:32:21	49.0	48.0	15.2632
02/15/2018 18:32:33	48.0	48.0	14.248
02/15/2018 18:32:44	48.0	47.0	13.8743
02/15/2018 18:32:55	48.0	48.0	14.248
02/15/2018 18:33:06	48.0	47.0	13.5279
02/15/2018 18:33:17	47.0	47.0	14.5119
02/15/2018 18:33:28	47.0	47.0	13.7566
02/15/2018 18:33:39	47.0	47.0	14.9606
02/15/2018 18:33:50	47.0	47.0	14.2857
02/15/2018 18:34:01	49.0	50.0	14.4357
02/15/2018 18:34:12	51.0	51.0	13.7566
02/15/2018 18:34:23	52.0	53.0	13.6842
02/15/2018 18:34:34	54.0	53.0	12.8272
02/15/2018 18:34:45	55.0	55.0	12.3684
02/15/2018 18:34:56	56.0	55.0	13.3508
02/15/2018 18:35:07	56.0	55.0	12.6316
02/15/2018 18:35:18	54.0	53.0	12.0735
02/15/2018 18:35:29	52.0	52.0	14.5889
02/15/2018 18:35:40	51.0	51.0	15.1042
02/15/2018 18:35:51	50.0	50.0	14.5503
02/15/2018 18:36:02	50.0	50.0	14.3236
02/15/2018 18:36:13	49.0	48.0	14.6982
02/15/2018 18:36:24	48.0	48.0	15.2632
02/15/2018 18:36:35	48.0	48.0	14.0212
02/15/2018 18:36:46	48.0	48.0	15.0396
02/15/2018 18:36:57	48.0	47.0	14.8541
02/15/2018 18:37:08	47.0	47.0	14.248
02/15/2018 18:37:20	47.0	47.0	13.6842
02/15/2018 18:37:31	48.0	47.0	15.0396
02/15/2018 18:37:42	48.0	48.0	14.6982
02/15/2018 18:37:53	50.0	50.0	13.9474
02/15/2018 18:38:04	51.0	52.0	12.8947
02/15/2018 18:38:15	53.0	52.0	13.9108
02/15/2018 18:38:26	55.0	54.0	13.6483
02/15/2018 18:38:37	55.0	55.0	12.7937
02/15/2018 18:38:48	56.0	56.0	13.089
02/15/2018 18:38:59	56.0	55.0	14.6597
02/15/2018 18:39:10	54.0	53.0	14.5119
02/15/2018 18:39:21	52.0	51.0	14.4357
02/15/2018 18:39:32	51.0	51.0	14.5119
02/15/2018 18:39:43	50.0	50.0	13.9474
02/15/2018 18:39:54	50.0	49.0	14.7757
02/15/2018 18:40:05	49.0	49.0	13.3508
02/15/2018 18:40:16	48.0	48.0	13.9474
02/15/2018 18:40:27	48.0	48.0	13.7566
02/15/2018 18:40:38	48.0	48.0	15.0794
02/15/2018 18:40:49	48.0	48.0	13.9842
02/15/2018 18:41:00	47.0	48.0	15.5263
02/15/2018 18:41:11	48.0	47.0	12.6316
02/15/2018 18:41:22	48.0	47.0	14.4357
02/15/2018 18:41:33	48.0	47.0	14.9606
02/15/2018 18:41:44	47.0	47.0	16.0105
02/15/2018 18:41:55	48.0	48.0	14.5119
02/15/2018 18:42:06	50.0	50.0	15.2632
02/15/2018 18:42:18	51.0	51.0	12.6649
02/15/2018 18:42:29	52.0	53.0	12.7937
02/15/2018 18:42:40	54.0	54.0	13.6483
02/15/2018 18:42:51	55.0	55.0	13.2812
02/15/2018 18:43:02	56.0	55.0	11.7493
02/15/2018 18:43:13	57.0	56.0	12.3037
02/15/2018 18:43:24	55.0	54.0	12.8609
02/15/2018 18:43:35	53.0	53.0	11.811
02/15/2018 18:43:46	51.0	51.0	13.4921
02/15/2018 18:43:57	50.0	51.0	13.4211
02/15/2018 18:44:08	50.0	50.0	14.248
02/15/2018 18:44:19	49.0	49.0	13.6842
02/15/2018 18:44:30	48.0	49.0	13.3858
02/15/2018 18:44:41	48.0	48.0	14.4737
02/15/2018 18:44:52	48.0	47.0	12.6316
02/15/2018 18:45:03	47.0	48.0	13.4565
02/15/2018 18:45:14	47.0	48.0	13.9842
02/15/2018 18:45:25	48.0	48.0	13.6842
02/15/2018 18:45:36	48.0	48.0	12.6649
02/15/2018 18:45:47	50.0	50.0	12.5984
02/15/2018 18:45:58	51.0	51.0	12.3037
02/15/2018 18:46:09	53.0	52.0	11.5789
02/15/2018 18:46:20	53.0	54.0	11.811
02/15/2018 18:46:31	55.0	54.0	12.5326
02/15/2018 18:46:42	55.0	56.0	11.3456
02/15/2018 18:46:53	56.0	56.0	11.3456
02/15/2018 18:47:04	56.0	56.0	12.5654
02/15/2018 18:47:15	54.0	53.0	13.3858
02/15/2018 18:47:26	52.0	51.0	12.3684
02/15/2018 18:47:38	51.0	51.0	13.1926
02/15/2018 18:47:49	50.0	50.0	13.2275
02/15/2018 18:48:00	49.0	50.0	12.7321
02/15/2018 18:48:11	49.0	49.0	13.6842
02/15/2018 18:48:22	49.0	48.0	13.4921
02/15/2018 18:48:33	48.0	48.0	14.1732
02/15/2018 18:48:44	48.0	48.0	13.6483
02/15/2018 18:48:55	48.0	47.0	14.4357
02/15/2018 18:49:06	47.0	47.0	13.8743
02/15/2018 18:49:17	47.0	47.0	15.1832
02/15/2018 18:49:28	49.0	47.0	12.8947
02/15/2018 18:49:39	50.0	50.0	12.8272
02/15/2018 18:49:50	52.0	51.0	13.3858
02/15/2018 18:50:01	53.0	53.0	12.2715
02/15/2018 18:50:12	54.0	54.0	13.2812
02/15/2018 18:50:23	55.0	54.0	11.7801
02/15/2018 18:50:34	56.0	56.0	11.7188
02/15/2018 18:50:45	57.0	56.0	12.4675
02/15/2018 18:50:56	55.0	56.0	12.8609
02/15/2018 18:51:07	53.0	53.0	12.6316
02/15/2018 18:51:18	51.0	51.0	13.8743
02/15/2018 18:51:29	51.0	50.0	14.2105
02/15/2018 18:51:40	50.0	50.0	13.6842
02/15/2018 18:51:51	49.0	49.0	14.6597
02/15/2018 18:52:02	49.0	48.0	15.1832
02/15/2018 18:52:13	48.0	48.0	13.4565
02/15/2018 18:52:24	48.0	48.0	14.6214
02/15/2018 18:52:35	49.0	48.0	13.4211
02/15/2018 18:52:47	48.0	47.0	12.6649
02/15/2018 18:52:58	48.0	47.0	13.9474
02/15/2018 18:53:09	47.0	47.0	12.0735
02/15/2018 18:53:20	47.0	47.0	13.7566
02/15/2018 18:53:31	49.0	48.0	13.1579
02/15/2018 18:53:42	50.0	51.0	12.2715
02/15/2018 18:53:53	52.0	51.0	12.3037
02/15/2018 18:54:04	53.0	53.0	12.8272
02/15/2018 18:54:15	55.0	54.0	11.2861
02/15/2018 18:54:26	55.0	55.0	11.8421
02/15/2018 18:54:37	56.0	56.0	12.3037
02/15/2018 18:54:48	57.0	57.0	11.811
02/15/2018 18:54:59	54.0	54.0	12.2715
02/15/2018 18:55:10	52.0	52.0	12.5326
02/15/2018 18:55:21	51.0	51.0	13.6842
02/15/2018 18:55:32	50.0	50.0	14.5119
02/15/2018 18:55:43	49.0	49.0	13.3508
02/15/2018 18:55:54	49.0	49.0	13.4565
02/15/2018 18:56:05	49.0	48.0	13.4921
02/15/2018 18:56:16	48.0	48.0	14.3979
02/15/2018 18:56:27	48.0	47.0	13.4565
02/15/2018 18:56:38	48.0	48.0	14.6982
02/15/2018 18:56:49	48.0	47.0	13.4565
02/15/2018 18:57:00	47.0	47.0	13.2275
02/15/2018 18:57:11	48.0	47.0	14.0584
02/15/2018 18:57:22	49.0	48.0	11.8734
02/15/2018 18:57:33	50.0	50.0	13.1579
02/15/2018 18:57:44	52.0	52.0	11.811
02/15/2018 18:57:56	54.0	53.0	12.5326
02/15/2018 18:58:07	54.0	54.0	12.5984
02/15/2018 18:58:18	55.0	54.0	11.811
02/15/2018 18:58:29	57.0	55.0	11.7188
02/15/2018 18:58:40	57.0	57.0	13.8021
02/15/2018 18:58:51	55.0	54.0	12.0104
02/15/2018 18:59:02	53.0	53.0	12.5654
02/15/2018 18:59:13	51.0	51.0	13.3159
02/15/2018 18:59:24	50.0	50.0	14.6982
02/15/2018 18:59:35	50.0	50.0	12.8272
02/15/2018 18:59:46	49.0	48.0	14.2105
02/15/2018 18:59:57	48.0	48.0	13.7203
02/15/2018 19:00:08	48.0	48.0	12.8609
02/15/2018 19:00:19	48.0	48.0	13.4565
02/15/2018 19:00:30	48.0	48.0	13.3858
02/15/2018 19:00:41	48.0	47.0	13.6364
02/15/2018 19:00:52	48.0	47.0	13.4211
02/15/2018 19:01:03	48.0	48.0	13.9474
02/15/2018 19:01:14	50.0	50.0	13.577
02/15/2018 19:01:25	51.0	51.0	12.336
02/15/2018 19:01:36	53.0	53.0	11.5789
02/15/2018 19:01:47	54.0	53.0	12.336
02/15/2018 19:01:58	55.0	54.0	12.5654
02/15/2018 19:02:09	56.0	55.0	12.5654
02/15/2018 19:02:20	57.0	56.0	12.3684
02/15/2018 19:02:31	55.0	54.0	12.5654
02/15/2018 19:02:42	53.0	53.0	13.3508
02/15/2018 19:02:53	51.0	52.0	13.1579
02/15/2018 19:03:04	50.0	51.0	13.2275
02/15/2018 19:03:16	50.0	50.0	14.1361
02/15/2018 19:03:27	49.0	49.0	14.5503
02/15/2018 19:03:38	50.0	50.0	13.6483
02/15/2018 19:03:49	49.0	48.0	14.6982
02/15/2018 19:04:00	48.0	48.0	13.1926
02/15/2018 19:04:11	48.0	47.0	13.4921
02/15/2018 19:04:22	48.0	47.0	13.7203
02/15/2018 19:04:33	48.0	47.0	13.2626
02/15/2018 19:04:44	48.0	48.0	13.1579
02/15/2018 19:04:55	50.0	51.0	13.8743
02/15/2018 19:05:06	52.0	51.0	11.5183
02/15/2018 19:05:17	53.0	53.0	12.0735
02/15/2018 19:05:28	54.0	54.0	15.4255
02/15/2018 19:05:39	56.0	55.0	12.3037
02/15/2018 19:05:50	56.0	56.0	11.0818
02/15/2018 19:06:01	57.0	56.0	11.5789
02/15/2018 19:06:12	55.0	54.0	12.2715
02/15/2018 19:06:23	53.0	53.0	12.6984
02/15/2018 19:06:34	51.0	51.0	13.2275
02/15/2018 19:06:45	50.0	51.0	12.6984
02/15/2018 19:06:56	49.0	50.0	13.1926
02/15/2018 19:07:07	49.0	48.0	13.1926
02/15/2018 19:07:18	48.0	48.0	14.6214
02/15/2018 19:07:29	48.0	48.0	15.3034
02/15/2018 19:07:40	48.0	48.0	13.6842
02/15/2018 19:07:51	47.0	48.0	13.6842
02/15/2018 19:08:02	48.0	47.0	14.0212
02/15/2018 19:08:13	48.0	47.0	13.1579
02/15/2018 19:08:25	49.0	50.0	12.3684
02/15/2018 19:08:36	51.0	51.0	13.2468
02/15/2018 19:08:47	53.0	52.0	12.0104
02/15/2018 19:08:58	54.0	53.0	12.5654
02/15/2018 19:09:09	55.0	54.0	12.0104
02/15/2018 19:09:20	56.0	55.0	11.5183
02/15/2018 19:09:31	56.0	57.0	12.5984
02/15/2018 19:09:42	55.0	54.0	13.089
02/15/2018 19:09:53	53.0	53.0	11.3456
02/15/2018 19:10:04	52.0	51.0	12.5984
02/15/2018 19:10:15	50.0	50.0	13.1926
02/15/2018 19:10:26	50.0	49.0	13.8743
02/15/2018 19:10:37	49.0	49.0	13.4921
02/15/2018 19:10:48	48.0	49.0	14.8438
02/15/2018 19:10:59	48.0	48.0	13.6483
02/15/2018 19:11:10	48.0	47.0	14.9606
02/15/2018 19:11:21	48.0	48.0	13.8381
02/15/2018 19:11:32	47.0	47.0	14.248
02/15/2018 19:11:43	47.0	47.0	12.6316
02/15/2018 19:11:54	47.0	47.0	13.1579
02/15/2018 19:12:05	48.0	48.0	14.7757
02/15/2018 19:12:16	50.0	50.0	13.577
02/15/2018 19:12:27	51.0	51.0	12.336
02/15/2018 19:12:38	53.0	53.0	12.3684
02/15/2018 19:12:49	54.0	54.0	12.5654
02/15/2018 19:13:00	55.0	55.0	12.2715
02/15/2018 19:13:11	56.0	55.0	12.336
02/15/2018 19:13:22	57.0	56.0	11.811
02/15/2018 19:13:33	55.0	55.0	12.5984
02/15/2018 19:13:45	53.0	52.0	12.5654
02/15/2018 19:13:56	51.0	51.0	13.1579
02/15/2018 19:14:07	50.0	50.0	12.8609
02/15/2018 19:14:18	49.0	50.0	13.9842
02/15/2018 19:14:29	49.0	48.0	13.4211
02/15/2018 19:14:40	49.0	48.0	14.6982
02/15/2018 19:14:51	48.0	48.0	13.1579
02/15/2018 19:15:02	48.0	48.0	14.0992
02/15/2018 19:15:13	48.0	47.0	14.248
02/15/2018 19:15:24	48.0	47.0	14.5119
02/15/2018 19:15:35	47.0	46.0	13.4921
02/15/2018 19:15:46	49.0	48.0	14.248
02/15/2018 19:15:57	50.0	50.0	12.5654
02/15/2018 19:16:08	52.0	51.0	12.2396
02/15/2018 19:16:19	54.0	53.0	12.3684
02/15/2018 19:16:30	54.0	53.0	11.7801
02/15/2018 19:16:41	55.0	55.0	12.0419
02/15/2018 19:16:52	56.0	55.0	12.336
02/15/2018 19:17:03	56.0	55.0	12.0735
02/15/2018 19:17:14	55.0	54.0	13.3508
02/15/2018 19:17:25	51.0	52.0	12.8947
02/15/2018 19:17:36	51.0	51.0	13.1579
02/15/2018 19:17:47	50.0	51.0	14.4737
02/15/2018 19:17:58	49.0	49.0	13.577
02/15/2018 19:18:09	49.0	48.0	13.1579
02/15/2018 19:18:20	49.0	48.0	14.4737
02/15/2018 19:18:31	48.0	48.0	13.4921
02/15/2018 19:18:42	47.0	47.0	13.9108
02/15/2018 19:18:54	48.0	47.0	13.9474
02/15/2018 19:19:05	47.0	46.0	14.4737
02/15/2018 19:19:16	47.0	47.0	13.2626
02/15/2018 19:19:27	47.0	47.0	14.2105
02/15/2018 19:19:38	49.0	50.0	13.6126
02/15/2018 19:19:49	51.0	51.0	13.3858
02/15/2018 19:20:00	52.0	52.0	12.5
02/15/2018 19:20:11	53.0	53.0	12.3037
02/15/2018 19:20:22	55.0	54.0	12.336
02/15/2018 19:20:33	56.0	54.0	12.2715
02/15/2018 19:20:44	57.0	56.0	11.7801
02/15/2018 19:20:55	53.0	54.0	13.3858
02/15/2018 19:21:06	53.0	52.0	13.3508
02/15/2018 19:21:17	51.0	51.0	13.1579
02/15/2018 19:21:28	50.0	50.0	14.4357
02/15/2018 19:21:39	49.0	49.0	13.3858
02/15/2018 19:21:50	49.0	49.0	12.963
02/15/2018 19:22:01	48.0	48.0	13.0667
02/15/2018 19:22:12	48.0	48.0	14.3603
02/15/2018 19:22:23	48.0	47.0	11.4883
02/15/2018 19:22:34	47.0	47.0	13.6842
02/15/2018 19:22:45	48.0	47.0	13.1579
02/15/2018 19:22:56	47.0	47.0	15.1042
02/15/2018 19:23:07	48.0	48.0	13.4565
02/15/2018 19:23:18	50.0	50.0	12.5326
02/15/2018 19:23:29	52.0	51.0	12.5654
02/15/2018 19:23:40	52.0	52.0	12.0419
02/15/2018 19:23:51	54.0	53.0	11.5183
02/15/2018 19:24:03	55.0	54.0	12.5
02/15/2018 19:24:14	56.0	55.0	11.0236
02/15/2018 19:24:25	57.0	56.0	12.5654
02/15/2018 19:24:36	55.0	54.0	14.5833
02/15/2018 19:24:47	53.0	52.0	11.8421
02/15/2018 19:24:58	50.0	50.0	13.6483
02/15/2018 19:25:09	50.0	50.0	13.1926
02/15/2018 19:25:20	50.0	50.0	13.6842
02/15/2018 19:25:31	49.0	49.0	13.6842
02/15/2018 19:25:42	49.0	48.0	13.4921
02/15/2018 19:25:53	49.0	48.0	13.9474
02/15/2018 19:26:04	48.0	48.0	14.9215
02/15/2018 19:26:15	47.0	47.0	13.4565
02/15/2018 19:26:26	47.0	47.0	13.6483
02/15/2018 19:26:37	47.0	47.0	14.3603
02/15/2018 19:26:48	49.0	48.0	13.4565
02/15/2018 19:26:59	50.0	50.0	12.0735
02/15/2018 19:27:10	52.0	51.0	12.8272
02/15/2018 19:27:21	53.0	53.0	11.811
02/15/2018 19:27:32	55.0	54.0	12.0419
02/15/2018 19:27:43	55.0	54.0	12.5984
02/15/2018 19:27:54	56.0	56.0	11.7493
02/15/2018 19:28:05	57.0	56.0	13.3159
02/15/2018 19:28:16	54.0	54.0	11.5789
02/15/2018 19:28:27	52.0	53.0	12.2715
02/15/2018 19:28:38	51.0	51.0	13.7203
02/15/2018 19:28:49	50.0	50.0	14.3603
02/15/2018 19:29:00	50.0	50.0	13.1579
02/15/2018 19:29:12	49.0	48.0	14.0212
02/15/2018 19:29:23	49.0	48.0	12.963
02/15/2018 19:29:34	48.0	48.0	13.4921
02/15/2018 19:29:45	48.0	47.0	14.4357
02/15/2018 19:29:56	48.0	47.0	13.9474
02/15/2018 19:30:07	48.0	47.0	13.6483
02/15/2018 19:30:18	47.0	46.0	13.7566
02/15/2018 19:30:29	48.0	47.0	14.4357
02/15/2018 19:30:40	49.0	50.0	13.8021
02/15/2018 19:30:51	51.0	51.0	12.5
02/15/2018 19:31:02	52.0	53.0	11.8421
02/15/2018 19:31:13	54.0	54.0	13.5065
02/15/2018 19:31:24	55.0	55.0	12.0104
02/15/2018 19:31:35	55.0	55.0	11.3158
02/15/2018 19:31:46	56.0	56.0	12.1053
02/15/2018 19:31:57	55.0	54.0	12.5
02/15/2018 19:32:08	53.0	53.0	11.5789
02/15/2018 19:32:19	51.0	52.0	13.9474
02/15/2018 19:32:30	50.0	50.0	13.8743
02/15/2018 19:32:41	50.0	50.0	15.6658
02/15/2018 19:32:52	49.0	49.0	13.7203
02/15/2018 19:33:03	49.0	48.0	13.9474
02/15/2018 19:33:14	48.0	48.0	13.4921
02/15/2018 19:33:25	48.0	48.0	13.1579
02/15/2018 19:33:36	48.0	48.0	13.6842
02/15/2018 19:33:47	47.0	47.0	14.1732
02/15/2018 19:33:58	47.0	47.0	13.2979
02/15/2018 19:34:09	48.0	47.0	13.6126
02/15/2018 19:34:20	49.0	48.0	13.6483
02/15/2018 19:34:32	50.0	50.0	12.336
02/15/2018 19:34:43	51.0	52.0	13.3508
02/15/2018 19:34:54	53.0	52.0	11.8734
02/15/2018 19:35:05	54.0	54.0	12.5
02/15/2018 19:35:16	56.0	55.0	11.7801
02/15/2018 19:35:27	56.0	56.0	12.5654
02/15/2018 19:35:38	55.0	56.0	12.0419
02/15/2018 19:35:49	54.0	53.0	12.2396
02/15/2018 19:36:00	52.0	51.0	13.9474
02/15/2018 19:36:11	51.0	50.0	12.8272
02/15/2018 19:36:22	50.0	50.0	13.7203
02/15/2018 19:36:33	49.0	49.0	12.9288
02/15/2018 19:36:44	49.0	48.0	13.8743
02/15/2018 19:36:55	48.0	48.0	13.7203
02/15/2018 19:37:06	48.0	48.0	14.1732
02/15/2018 19:37:17	47.0	48.0	13.6483
02/15/2018 19:37:28	47.0	47.0	12.5654
02/15/2018 19:37:39	47.0	47.0	12.8947
02/15/2018 19:37:50	47.0	47.0	13.9474
02/15/2018 19:38:01	47.0	47.0	14.0212
02/15/2018 19:38:12	47.0	47.0	13.3508
02/15/2018 19:38:23	49.0	49.0	12.0419
02/15/2018 19:38:34	51.0	51.0	12.7937
02/15/2018 19:38:45	52.0	52.0	12.2078
02/15/2018 19:38:56	53.0	53.0	12.7937
02/15/2018 19:39:07	54.0	54.0	12.0419
02/15/2018 19:39:18	56.0	55.0	12.5326
02/15/2018 19:39:29	57.0	56.0	12.336
02/15/2018 19:39:41	55.0	54.0	11.811
02/15/2018 19:39:52	52.0	53.0	12.5654
02/15/2018 19:40:03	51.0	51.0	13.9842
02/15/2018 19:40:14	50.0	50.0	13.9108
02/15/2018 19:40:25	50.0	50.0	14.1732
02/15/2018 19:40:36	49.0	49.0	15.5673
02/15/2018 19:40:47	48.0	48.0	12.8947
02/15/2018 19:40:58	48.0	48.0	13.9474
02/15/2018 19:41:09	48.0	48.0	13.9474
02/15/2018 19:41:20	47.0	47.0	13.8743
02/15/2018 19:41:31	47.0	47.0	12.336
02/15/2018 19:41:42	47.0	47.0	13.1926
02/15/2018 19:41:53	49.0	49.0	13.089
02/15/2018 19:42:04	51.0	51.0	12.3684
02/15/2018 19:42:15	51.0	52.0	11.5486
02/15/2018 19:42:26	53.0	53.0	11.811
02/15/2018 19:42:37	54.0	55.0	11.8421
02/15/2018 19:42:48	55.0	55.0	11.7493
02/15/2018 19:42:59	56.0	56.0	12.7937
02/15/2018 19:43:10	55.0	54.0	12.336
02/15/2018 19:43:21	53.0	53.0	12.8272
02/15/2018 19:43:32	51.0	52.0	11.8734
02/15/2018 19:43:43	50.0	51.0	14.4357
02/15/2018 19:43:54	50.0	50.0	13.8381
02/15/2018 19:44:05	49.0	49.0	14.4357
02/15/2018 19:44:16	49.0	48.0	13.5279
02/15/2018 19:44:27	48.0	48.0	13.6126
02/15/2018 19:44:38	48.0	47.0	13.5638
02/15/2018 19:44:50	48.0	46.0	14.2857
02/15/2018 19:45:01	47.0	47.0	14.1732
02/15/2018 19:45:12	47.0	47.0	14.4737
02/15/2018 19:45:23	48.0	48.0	13.4565
02/15/2018 19:45:34	50.0	50.0	12.3684
02/15/2018 19:45:45	52.0	51.0	12.5984
02/15/2018 19:45:56	53.0	53.0	11.5486
02/15/2018 19:46:07	54.0	54.0	12.0735
02/15/2018 19:46:18	55.0	54.0	13.6126
02/15/2018 19:46:29	57.0	56.0	11.5486
02/15/2018 19:46:40	56.0	56.0	11.3757
02/15/2018 19:46:51	54.0	54.0	12.3684
02/15/2018 19:47:02	52.0	52.0	11.2861
02/15/2018 19:47:13	51.0	51.0	14.2105
02/15/2018 19:47:24	49.0	49.0	13.3508
02/15/2018 19:47:35	49.0	48.0	14.1361
02/15/2018 19:47:46	48.0	48.0	13.9474
02/15/2018 19:47:57	48.0	48.0	14.2105
02/15/2018 19:48:08	47.0	47.0	13.1579
02/15/2018 19:48:19	47.0	47.0	15.1436
02/15/2018 19:48:30	49.0	48.0	12.3684
02/15/2018 19:48:41	50.0	50.0	11.6095
02/15/2018 19:48:52	51.0	51.0	12.336
02/15/2018 19:49:03	52.0	53.0	12.2715
02/15/2018 19:49:14	54.0	54.0	12.7604
02/15/2018 19:49:25	55.0	54.0	12.8947
02/15/2018 19:49:36	55.0	56.0	12.0735
02/15/2018 19:49:47	56.0	56.0	12.0419
02/15/2018 19:49:59	57.0	56.0	12.3037
02/15/2018 19:50:10	54.0	54.0	12.5984
02/15/2018 19:50:21	53.0	52.0	14.4357
02/15/2018 19:50:32	51.0	50.0	13.6126
02/15/2018 19:50:43	50.0	50.0	13.6483
02/15/2018 19:50:54	49.0	49.0	14.1732
02/15/2018 19:51:05	49.0	48.0	13.4565
02/15/2018 19:51:16	48.0	48.0	12.1693
02/15/2018 19:51:27	48.0	47.0	14.6982
02/15/2018 19:51:38	48.0	46.0	12.9288
02/15/2018 19:51:49	47.0	47.0	14.5455
02/15/2018 19:52:00	49.0	48.0	14.2857
02/15/2018 19:52:11	50.0	50.0	12.336
02/15/2018 19:52:22	52.0	52.0	12.5654
02/15/2018 19:52:33	53.0	53.0	12.7604
02/15/2018 19:52:44	54.0	54.0	12.0419
02/15/2018 19:52:55	55.0	54.0	12.3684
02/15/2018 19:53:06	55.0	55.0	12.2715
02/15/2018 19:53:17	56.0	56.0	12.0104
02/15/2018 19:53:28	54.0	54.0	13.3858
02/15/2018 19:53:39	53.0	53.0	12.0735
02/15/2018 19:53:50	51.0	51.0	13.7566
02/15/2018 19:54:01	50.0	50.0	14.6597
02/15/2018 19:54:12	49.0	49.0	13.8381
02/15/2018 19:54:23	48.0	48.0	13.3159
02/15/2018 19:54:34	48.0	47.0	14.4357
02/15/2018 19:54:45	48.0	47.0	13.6842
02/15/2018 19:54:56	48.0	48.0	13.3508
02/15/2018 19:55:08	49.0	49.0	13.2979
02/15/2018 19:55:19	51.0	51.0	12.0735
02/15/2018 19:55:30	52.0	52.0	12.0735
02/15/2018 19:55:41	53.0	53.0	11.811
02/15/2018 19:55:52	54.0	54.0	12.5326
02/15/2018 19:56:03	55.0	55.0	12.336
02/15/2018 19:56:14	55.0	55.0	12.2715
02/15/2018 19:56:25	56.0	56.0	11.0526
02/15/2018 19:56:36	56.0	55.0	12.8947
02/15/2018 19:56:47	53.0	54.0	12.1053
02/15/2018 19:56:58	51.0	52.0	13.8381
02/15/2018 19:57:09	50.0	50.0	14.248
02/15/2018 19:57:20	49.0	50.0	15.6658
02/15/2018 19:57:31	48.0	49.0	13.1926
02/15/2018 19:57:42	48.0	48.0	13.9842
02/15/2018 19:57:53	48.0	47.0	13.8743
02/15/2018 19:58:04	48.0	47.0	13.7203
02/15/2018 19:58:15	48.0	47.0	13.5279
02/15/2018 19:58:26	49.0	49.0	12.7937
02/15/2018 19:58:37	51.0	51.0	12.8272
02/15/2018 19:58:48	52.0	52.0	12.1053
02/15/2018 19:58:59	53.0	53.0	12.0735
02/15/2018 19:59:10	53.0	54.0	12.336
02/15/2018 19:59:21	55.0	54.0	12.5
02/15/2018 19:59:32	55.0	55.0	12.2715
02/15/2018 19:59:43	57.0	56.0	13.1926
02/15/2018 19:59:54	56.0	55.0	13.1234
02/15/2018 20:00:05	53.0	53.0	12.3684
02/15/2018 20:00:16	51.0	51.0	14.9215
02/15/2018 20:00:28	50.0	50.0	13.1926
02/15/2018 20:00:39	49.0	49.0	12.6984
02/15/2018 20:00:50	48.0	49.0	14.248
02/15/2018 20:01:01	48.0	48.0	13.6842
02/15/2018 20:01:12	47.0	47.0	13.2275
02/15/2018 20:01:23	47.0	47.0	13.7566
02/15/2018 20:01:34	49.0	49.0	13.3508
02/15/2018 20:01:45	50.0	50.0	12.8609
02/15/2018 20:01:56	51.0	52.0	13.8021
02/15/2018 20:02:07	53.0	53.0	12.5326
02/15/2018 20:02:18	54.0	54.0	12.7937
02/15/2018 20:02:29	55.0	54.0	12.3037
02/15/2018 20:02:40	55.0	54.0	11.5486
02/15/2018 20:02:51	56.0	56.0	12.3037
02/15/2018 20:03:02	57.0	56.0	11.5486
02/15/2018 20:03:13	54.0	54.0	12.6984
02/15/2018 20:03:24	51.0	52.0	13.9842
02/15/2018 20:03:35	51.0	51.0	13.7203
02/15/2018 20:03:46	49.0	50.0	13.4565
02/15/2018 20:03:57	49.0	48.0	14.7757
02/15/2018 20:04:08	48.0	48.0	13.8743
02/15/2018 20:04:19	48.0	47.0	16.2304
02/15/2018 20:04:30	48.0	47.0	15.9686
02/15/2018 20:04:41	48.0	47.0	15.7068
02/15/2018 20:04:52	47.0	47.0	17.2324
02/15/2018 20:05:03	47.0	47.0	16.9271
02/15/2018 20:05:14	47.0	47.0	17.0543
02/15/2018 20:05:25	49.0	50.0	16.0105
02/15/2018 20:05:36	51.0	51.0	16.6234
02/15/2018 20:05:47	52.0	53.0	17.0984
02/15/2018 20:05:58	54.0	53.0	17.7083
02/15/2018 20:06:10	55.0	54.0	15.445
02/15/2018 20:06:21	56.0	55.0	18.1818
02/15/2018 20:06:32	57.0	56.0	16.4491
02/15/2018 20:06:43	55.0	54.0	17.2775
02/15/2018 20:06:54	53.0	53.0	14.8438
02/15/2018 20:07:05	51.0	51.0	13.8298
02/15/2018 20:07:16	50.0	50.0	18.1818
02/15/2018 20:07:27	50.0	49.0	18.799
02/15/2018 20:07:38	49.0	49.0	18.3246
02/15/2018 20:07:49	49.0	49.0	16.6667
02/15/2018 20:08:00	49.0	48.0	16.4491
02/15/2018 20:08:11	49.0	49.0	17.801
02/15/2018 20:08:22	50.0	48.0	17.9688
02/15/2018 20:08:33	48.0	48.0	17.2324
02/15/2018 20:08:44	48.0	48.0	18.3246
02/15/2018 20:08:55	49.0	48.0	15.625
02/15/2018 20:09:06	48.0	47.0	17.2775
02/15/2018 20:09:17	48.0	47.0	16.3212
02/15/2018 20:09:28	48.0	47.0	16.7102
02/15/2018 20:09:39	49.0	48.0	17.9688
02/15/2018 20:09:50	50.0	51.0	16.9271
02/15/2018 20:10:01	53.0	52.0	15.6658
02/15/2018 20:10:12	54.0	53.0	15.6658
02/15/2018 20:10:23	55.0	54.0	16.7539
02/15/2018 20:10:34	56.0	56.0	15.7623
02/15/2018 20:10:45	56.0	57.0	17.3127
02/15/2018 20:10:56	56.0	55.0	17.1875
02/15/2018 20:11:07	53.0	53.0	16.7539
02/15/2018 20:11:18	52.0	52.0	15.9686
02/15/2018 20:11:29	50.0	51.0	18.4896
02/15/2018 20:11:40	50.0	50.0	15.8031
02/15/2018 20:11:51	49.0	49.0	16.1458
02/15/2018 20:12:02	49.0	48.0	14.5455
02/15/2018 20:12:13	49.0	48.0	17.2324
02/15/2018 20:12:24	48.0	48.0	16.7102
02/15/2018 20:12:35	48.0	48.0	18.5379
02/15/2018 20:12:46	48.0	47.0	15.9269
02/15/2018 20:12:57	48.0	47.0	19.7403
02/15/2018 20:13:08	48.0	47.0	15.748
02/15/2018 20:13:19	49.0	48.0	18.3246
02/15/2018 20:13:31	49.0	48.0	16.6234
02/15/2018 20:13:42	50.0	50.0	16.0105
02/15/2018 20:13:53	52.0	52.0	16.8394
02/15/2018 20:14:04	53.0	53.0	16.8394
02/15/2018 20:14:15	54.0	54.0	17.5393
02/15/2018 20:14:26	56.0	56.0	17.4026
02/15/2018 20:14:37	57.0	56.0	17.4935
02/15/2018 20:14:48	55.0	54.0	17.6623
02/15/2018 20:14:59	53.0	53.0	17.8478
02/15/2018 20:15:10	51.0	51.0	15.3646
02/15/2018 20:15:21	50.0	50.0	17.268
02/15/2018 20:15:32	50.0	50.0	18.5379
02/15/2018 20:15:43	50.0	50.0	19.5312
02/15/2018 20:15:54	49.0	48.0	16.6667
02/15/2018 20:16:05	48.0	48.0	16.5803
02/15/2018 20:16:16	48.0	47.0	16.8394
02/15/2018 20:16:27	48.0	47.0	15.625
02/15/2018 20:16:38	48.0	47.0	16.188
02/15/2018 20:16:49	50.0	49.0	17.801
02/15/2018 20:17:00	51.0	51.0	17.1053
02/15/2018 20:17:11	52.0	52.0	16.6667
02/15/2018 20:17:22	54.0	54.0	16.2791
02/15/2018 20:17:33	56.0	55.0	17.0984
02/15/2018 20:17:44	57.0	56.0	18.2292
02/15/2018 20:17:55	55.0	54.0	16.1039
02/15/2018 20:18:06	53.0	53.0	18.6528
02/15/2018 20:18:17	51.0	51.0	16.9271
02/15/2018 20:18:28	51.0	50.0	18.0157
02/15/2018 20:18:39	50.0	50.0	17.0543
02/15/2018 20:18:50	50.0	49.0	17.1875
02/15/2018 20:19:01	48.0	48.0	16.8831
02/15/2018 20:19:12	48.0	48.0	17.4026
02/15/2018 20:19:23	48.0	47.0	15.8031
02/15/2018 20:19:34	49.0	47.0	18.3938
02/15/2018 20:19:45	49.0	47.0	15.7623
02/15/2018 20:19:56	48.0	47.0	16.3212
02/15/2018 20:20:07	50.0	49.0	17.1429
02/15/2018 20:20:18	51.0	51.0	16.7979
02/15/2018 20:20:29	53.0	52.0	16.8831
02/15/2018 20:20:40	54.0	54.0	15.1436
02/15/2018 20:20:52	56.0	55.0	16.4491
02/15/2018 20:21:03	57.0	55.0	17.4479
02/15/2018 20:21:14	56.0	55.0	18.2292
02/15/2018 20:21:25	53.0	53.0	18.75
02/15/2018 20:21:36	52.0	52.0	16.7102
02/15/2018 20:21:47	51.0	51.0	19.3211
02/15/2018 20:21:58	50.0	50.0	17.9221
02/15/2018 20:22:09	49.0	49.0	20.7254
02/15/2018 20:22:20	50.0	49.0	16.9713
02/15/2018 20:22:31	48.0	48.0	18.2292
02/15/2018 20:22:42	49.0	48.0	16.1039
02/15/2018 20:22:53	48.0	47.0	17.6623
02/15/2018 20:23:04	48.0	47.0	16.9713
02/15/2018 20:23:15	47.0	47.0	16.4491
02/15/2018 20:23:26	48.0	46.0	17.9688
02/15/2018 20:23:37	47.0	47.0	19.2708
02/15/2018 20:23:48	48.0	48.0	18.2768
02/15/2018 20:23:59	49.0	50.0	15.8854
02/15/2018 20:24:10	52.0	51.0	18.5379
02/15/2018 20:24:21	52.0	53.0	18.1818
02/15/2018 20:24:32	54.0	54.0	16.3636
02/15/2018 20:24:43	55.0	55.0	15.625
02/15/2018 20:24:54	56.0	56.0	17.4026
02/15/2018 20:25:05	57.0	57.0	16.2371
02/15/2018 20:25:16	54.0	54.0	15.5844
02/15/2018 20:25:27	53.0	53.0	18.3246
02/15/2018 20:25:38	52.0	51.0	19.1214
02/15/2018 20:25:49	50.0	51.0	18.2768
02/15/2018 20:26:00	49.0	49.0	16.3212
02/15/2018 20:26:11	49.0	48.0	17.6166
02/15/2018 20:26:22	49.0	48.0	16.3636
02/15/2018 20:26:33	49.0	48.0	16.1039
02/15/2018 20:26:44	48.0	47.0	17.1875
02/15/2018 20:26:55	48.0	48.0	18.1818
02/15/2018 20:27:06	48.0	48.0	17.1875
02/15/2018 20:27:17	48.0	47.0	16.6667
02/15/2018 20:27:28	48.0	47.0	16.7102
02/15/2018 20:27:39	48.0	48.0	19.0722
02/15/2018 20:27:50	50.0	51.0	19.171
02/15/2018 20:28:01	53.0	53.0	21.8182
02/15/2018 20:28:13	56.0	54.0	12.5326
02/15/2018 20:28:24	55.0	54.0	15.4047
02/15/2018 20:28:35	55.0	54.0	14.7368
02/15/2018 20:28:46	56.0	54.0	16.8831
02/15/2018 20:28:57	51.0	51.0	14.0212
02/15/2018 20:29:08	50.0	49.0	16.6234
02/15/2018 20:29:19	49.0	49.0	18.75
02/15/2018 20:29:30	49.0	48.0	17.4479
02/15/2018 20:29:41	49.0	48.0	17.4479
02/15/2018 20:29:52	49.0	48.0	16.8831
02/15/2018 20:30:03	49.0	48.0	18.8482
02/15/2018 20:30:14	48.0	47.0	17.0984
02/15/2018 20:30:25	48.0	48.0	16.1039
02/15/2018 20:30:36	48.0	47.0	13.9474
02/15/2018 20:30:47	48.0	48.0	13.1234
02/15/2018 20:30:58	49.0	50.0	12.8947
02/15/2018 20:31:09	51.0	51.0	12.336
02/15/2018 20:31:20	52.0	51.0	12.3037
02/15/2018 20:31:31	53.0	53.0	12.0104
02/15/2018 20:31:42	54.0	54.0	13.0548
02/15/2018 20:31:53	55.0	54.0	12.3037
02/15/2018 20:32:04	56.0	55.0	12.7937
02/15/2018 20:32:15	56.0	56.0	11.5183
02/15/2018 20:32:26	57.0	56.0	11.3456
02/15/2018 20:32:37	53.0	53.0	12.3684
02/15/2018 20:32:48	52.0	52.0	14.2105
02/15/2018 20:32:59	51.0	50.0	13.4211
02/15/2018 20:33:10	49.0	49.0	12.9288
02/15/2018 20:33:21	49.0	48.0	14.3979
02/15/2018 20:33:32	47.0	48.0	15.625
02/15/2018 20:33:43	48.0	48.0	19.2708
02/15/2018 20:33:54	48.0	47.0	17.801
02/15/2018 20:34:06	48.0	47.0	15.8442
02/15/2018 20:34:17	49.0	47.0	15.6658
02/15/2018 20:34:28	48.0	47.0	16.9271
02/15/2018 20:34:39	48.0	47.0	16.6667
02/15/2018 20:34:50	49.0	48.0	17.801
02/15/2018 20:35:01	51.0	51.0	19.0601
02/15/2018 20:35:12	54.0	53.0	18.0157
02/15/2018 20:35:23	54.0	53.0	16.5803
02/15/2018 20:35:34	55.0	55.0	16.9713
02/15/2018 20:35:45	56.0	55.0	17.801
02/15/2018 20:35:56	56.0	55.0	18.0157
02/15/2018 20:36:07	54.0	53.0	17.6166
02/15/2018 20:36:18	51.0	52.0	19.3717
02/15/2018 20:36:29	51.0	51.0	16.4491
02/15/2018 20:36:40	50.0	50.0	17.9221
02/15/2018 20:36:51	49.0	49.0	17.0543
02/15/2018 20:37:02	49.0	49.0	16.6667
02/15/2018 20:37:13	50.0	48.0	17.7546
02/15/2018 20:37:24	49.0	48.0	16.1458
02/15/2018 20:37:35	48.0	48.0	17.4479
02/15/2018 20:37:46	48.0	48.0	16.1039
02/15/2018 20:37:57	48.0	47.0	18.0628
02/15/2018 20:38:08	48.0	47.0	16.0526
02/15/2018 20:38:19	48.0	47.0	16.7102
02/15/2018 20:38:30	48.0	48.0	16.7102
02/15/2018 20:38:41	48.0	47.0	16.9713
02/15/2018 20:38:52	50.0	49.0	19.2708
02/15/2018 20:39:03	51.0	51.0	16.8831
02/15/2018 20:39:14	52.0	52.0	18.0628
02/15/2018 20:39:25	54.0	53.0	16.6667
02/15/2018 20:39:36	56.0	54.0	17.3127
02/15/2018 20:39:47	56.0	55.0	18.0157
02/15/2018 20:39:58	57.0	56.0	16.3636
02/15/2018 20:40:09	55.0	54.0	17.4026
02/15/2018 20:40:20	52.0	53.0	17.8756
02/15/2018 20:40:31	51.0	51.0	18.75
02/15/2018 20:40:42	51.0	50.0	15.8854
02/15/2018 20:40:53	49.0	50.0	19.6335
02/15/2018 20:41:04	49.0	49.0	18.0628
02/15/2018 20:41:16	49.0	48.0	19.5312
02/15/2018 20:41:27	49.0	48.0	15.4047
02/15/2018 20:41:38	48.0	48.0	15.6658
02/15/2018 20:41:49	47.0	47.0	14.248
02/15/2018 20:42:00	47.0	46.0	13.1926
02/15/2018 20:42:11	49.0	48.0	14.248
02/15/2018 20:42:22	50.0	50.0	11.8421
02/15/2018 20:42:33	51.0	51.0	14.0992
02/15/2018 20:42:44	52.0	53.0	12.0735
02/15/2018 20:42:55	53.0	54.0	12.1053
02/15/2018 20:43:06	54.0	55.0	12.0104
02/15/2018 20:43:17	55.0	56.0	13.6483
02/15/2018 20:43:28	57.0	56.0	12.2715
02/15/2018 20:43:39	56.0	55.0	12.7604
02/15/2018 20:43:50	54.0	53.0	12.1372
02/15/2018 20:44:01	52.0	51.0	13.8743
02/15/2018 20:44:12	50.0	50.0	14.5119
02/15/2018 20:44:23	50.0	49.0	14.248
02/15/2018 20:44:34	49.0	48.0	15.8854
02/15/2018 20:44:45	49.0	48.0	17.7546
02/15/2018 20:44:56	48.0	48.0	18.4416
02/15/2018 20:45:07	48.0	48.0	15.2632
02/15/2018 20:45:18	48.0	48.0	17.7546
02/15/2018 20:45:29	49.0	48.0	16.1039
02/15/2018 20:45:40	49.0	48.0	19.0104
02/15/2018 20:45:51	48.0	47.0	15.9686
02/15/2018 20:46:02	50.0	48.0	16.3636
02/15/2018 20:46:13	49.0	47.0	16.5803
02/15/2018 20:46:24	48.0	48.0	16.7102
02/15/2018 20:46:35	48.0	48.0	17.4935
02/15/2018 20:46:46	48.0	47.0	17.4935
02/15/2018 20:46:57	47.0	47.0	17.7083
02/15/2018 20:47:08	48.0	47.0	16.9713
02/15/2018 20:47:20	50.0	50.0	16.4491
02/15/2018 20:47:31	51.0	51.0	16.4491
02/15/2018 20:47:42	53.0	52.0	16.9713
02/15/2018 20:47:53	54.0	53.0	13.7662
02/15/2018 20:48:04	56.0	54.0	18.75
02/15/2018 20:48:15	56.0	55.0	17.1875
02/15/2018 20:48:26	56.0	56.0	16.8831
02/15/2018 20:48:37	54.0	53.0	17.6623
02/15/2018 20:48:48	52.0	52.0	17.3228
02/15/2018 20:48:59	51.0	50.0	16.4062
02/15/2018 20:49:10	50.0	50.0	17.1875
02/15/2018 20:49:21	50.0	49.0	15.3646
02/15/2018 20:49:32	49.0	48.0	18.4211
02/15/2018 20:49:43	49.0	48.0	18.7013
02/15/2018 20:49:54	49.0	48.0	17.4026
02/15/2018 20:50:05	48.0	48.0	15.9269
02/15/2018 20:50:16	49.0	47.0	19.2708
02/15/2018 20:50:27	48.0	48.0	17.2324
02/15/2018 20:50:38	48.0	47.0	15.285
02/15/2018 20:50:49	49.0	48.0	15.3646
02/15/2018 20:51:00	48.0	48.0	16.7959
02/15/2018 20:51:11	49.0	48.0	15.3646
02/15/2018 20:51:22	51.0	51.0	16.3636
02/15/2018 20:51:33	52.0	52.0	15.0649
02/15/2018 20:51:44	54.0	53.0	15.8442
02/15/2018 20:51:55	55.0	54.0	14.9215
02/15/2018 20:52:06	56.0	55.0	16.5375
02/15/2018 20:52:17	57.0	56.0	18.799
02/15/2018 20:52:28	57.0	56.0	16.4491
02/15/2018 20:52:39	54.0	53.0	18.0628
02/15/2018 20:52:50	52.0	52.0	17.6623
02/15/2018 20:53:01	51.0	51.0	17.8756
02/15/2018 20:53:12	50.0	50.0	19.8433
02/15/2018 20:53:23	49.0	50.0	16.1458
02/15/2018 20:53:34	50.0	49.0	17.1429
02/15/2018 20:53:45	49.0	48.0	14.8052
02/15/2018 20:53:56	49.0	49.0	18.1818
02/15/2018 20:54:07	48.0	48.0	18.4416
02/15/2018 20:54:18	48.0	48.0	18.0157
02/15/2018 20:54:29	48.0	48.0	18.6528
02/15/2018 20:54:41	48.0	48.0	17.1875
02/15/2018 20:54:52	48.0	47.0	19.7917
02/15/2018 20:55:03	48.0	47.0	16.6667
02/15/2018 20:55:14	48.0	47.0	17.6623
02/15/2018 20:55:25	48.0	47.0	17.4026
02/15/2018 20:55:36	50.0	49.0	16.3212
02/15/2018 20:55:47	51.0	51.0	23.5142
02/15/2018 20:55:58	54.0	53.0	18.8144
02/15/2018 20:56:09	56.0	55.0	20.4134
02/15/2018 20:56:20	57.0	56.0	17.268
02/15/2018 20:56:31	55.0	54.0	20.3608
02/15/2018 20:56:42	54.0	53.0	22.5389
02/15/2018 20:56:53	53.0	53.0	20.4663
02/15/2018 20:57:04	53.0	53.0	18.961
02/15/2018 20:57:15	51.0	52.0	18.509
02/15/2018 20:57:26	52.0	51.0	20.4663
02/15/2018 20:57:37	51.0	51.0	18.6047
02/15/2018 20:57:48	51.0	51.0	19.7403
02/15/2018 20:57:59	51.0	50.0	17.0984
02/15/2018 20:58:10	51.0	51.0	18.9119
02/15/2018 20:58:21	51.0	51.0	22.8288
02/15/2018 20:58:32	50.0	50.0	17.3228
02/15/2018 20:58:43	48.0	48.0	17.6623
02/15/2018 20:58:54	49.0	48.0	17.6623
02/15/2018 20:59:06	49.0	48.0	18.6528
02/15/2018 20:59:17	48.0	48.0	17.5393
02/15/2018 20:59:28	48.0	48.0	16.0207
02/15/2018 20:59:39	48.0	47.0	17.0984
02/15/2018 20:59:50	49.0	48.0	15.4639
02/15/2018 21:00:01	47.0	47.0	16.7539
02/15/2018 21:00:12	48.0	48.0	17.6623
02/15/2018 21:00:23	50.0	50.0	17.1875
02/15/2018 21:00:34	51.0	51.0	17.9221
02/15/2018 21:00:45	53.0	53.0	18.4896
02/15/2018 21:00:56	54.0	53.0	17.3127
02/15/2018 21:01:07	55.0	54.0	15.625
02/15/2018 21:01:18	56.0	56.0	17.6623
02/15/2018 21:01:29	57.0	57.0	15.0649
02/15/2018 21:01:40	54.0	54.0	15.625
02/15/2018 21:01:51	53.0	52.0	16.1458
02/15/2018 21:02:02	51.0	51.0	14.8052
02/15/2018 21:02:13	50.0	51.0	17.8295
02/15/2018 21:02:24	50.0	50.0	14.8438
02/15/2018 21:02:35	49.0	49.0	17.3575
02/15/2018 21:02:46	48.0	49.0	15.625
02/15/2018 21:02:57	48.0	49.0	15.8854
02/15/2018 21:03:08	48.0	48.0	17.1875
02/15/2018 21:03:19	48.0	48.0	16.188
02/15/2018 21:03:30	48.0	48.0	18.7013
02/15/2018 21:03:41	47.0	48.0	16.7102
02/15/2018 21:03:52	48.0	47.0	16.4491
02/15/2018 21:04:03	48.0	47.0	16.3636
02/15/2018 21:04:14	48.0	48.0	17.8478
02/15/2018 21:04:25	48.0	47.0	16.4491
02/15/2018 21:04:36	48.0	48.0	16.9713
02/15/2018 21:04:47	48.0	48.0	17.7546
02/15/2018 21:04:58	50.0	49.0	15.1436
02/15/2018 21:05:09	51.0	51.0	16.9271
02/15/2018 21:05:20	52.0	52.0	17.4026
02/15/2018 21:05:31	54.0	54.0	16.7539
02/15/2018 21:05:42	55.0	54.0	17.6623
02/15/2018 21:05:53	57.0	56.0	15.5039
02/15/2018 21:06:04	57.0	56.0	16.4491
02/15/2018 21:06:15	55.0	55.0	16.1954
02/15/2018 21:06:27	54.0	53.0	16.8394
02/15/2018 21:06:38	52.0	51.0	17.5258
02/15/2018 21:06:49	51.0	51.0	16.5803
02/15/2018 21:07:00	50.0	50.0	15.3247
02/15/2018 21:07:11	50.0	49.0	17.7083
02/15/2018 21:07:22	49.0	48.0	16.4491
02/15/2018 21:07:33	49.0	48.0	15.8442
02/15/2018 21:07:44	49.0	48.0	17.1429
02/15/2018 21:07:55	48.0	48.0	15.5844
02/15/2018 21:08:06	48.0	48.0	16.5803
02/15/2018 21:08:17	49.0	48.0	16.9271
02/15/2018 21:08:28	48.0	47.0	18.5864
02/15/2018 21:08:39	47.0	47.0	16.6234
02/15/2018 21:08:50	50.0	49.0	16.8831
02/15/2018 21:09:01	51.0	51.0	17.4026
02/15/2018 21:09:12	53.0	53.0	16.188
02/15/2018 21:09:23	55.0	54.0	17.8756
02/15/2018 21:09:34	56.0	55.0	16.5354
02/15/2018 21:09:45	57.0	56.0	18.7013
02/15/2018 21:09:56	55.0	54.0	16.9271
02/15/2018 21:10:07	54.0	53.0	17.4935
02/15/2018 21:10:18	51.0	51.0	15.1436
02/15/2018 21:10:29	51.0	51.0	17.1875
02/15/2018 21:10:40	50.0	50.0	17.6166
02/15/2018 21:10:51	49.0	50.0	16.5375
02/15/2018 21:11:02	49.0	49.0	16.3212
02/15/2018 21:11:13	49.0	48.0	16.9271
02/15/2018 21:11:24	48.0	48.0	16.4062
02/15/2018 21:11:35	49.0	48.0	16.5803
02/15/2018 21:11:46	48.0	48.0	18.0628
02/15/2018 21:11:57	48.0	47.0	16.4062
02/15/2018 21:12:08	48.0	47.0	16.4062
02/15/2018 21:12:19	48.0	47.0	16.4491
02/15/2018 21:12:30	49.0	48.0	14.8438
02/15/2018 21:12:41	51.0	50.0	17.4026
02/15/2018 21:12:52	52.0	52.0	16.4491
02/15/2018 21:13:03	54.0	53.0	14.3603
02/15/2018 21:13:14	55.0	54.0	15.9686
02/15/2018 21:13:25	56.0	56.0	16.3636
02/15/2018 21:13:37	57.0	56.0	17.7083
02/15/2018 21:13:48	55.0	55.0	17.7546
02/15/2018 21:13:59	53.0	53.0	17.2775
02/15/2018 21:14:10	52.0	52.0	15.8442
02/15/2018 21:14:21	51.0	51.0	17.0984
02/15/2018 21:14:32	50.0	51.0	18.0879
02/15/2018 21:14:43	50.0	50.0	17.6623
02/15/2018 21:14:54	49.0	49.0	16.5803
02/15/2018 21:15:05	50.0	49.0	17.801
02/15/2018 21:15:16	49.0	48.0	17.3228
02/15/2018 21:15:27	49.0	48.0	20.2073
02/15/2018 21:15:38	49.0	48.0	20.2073
02/15/2018 21:15:49	48.0	48.0	16.9271
02/15/2018 21:16:00	49.0	48.0	19.3299
02/15/2018 21:16:11	48.0	48.0	17.4026
02/15/2018 21:16:22	48.0	48.0	17.4026
02/15/2018 21:16:33	49.0	48.0	17.8756
02/15/2018 21:16:44	49.0	48.0	17.4026
02/15/2018 21:16:55	48.0	48.0	16.6667
02/15/2018 21:17:06	48.0	48.0	15.8854
02/15/2018 21:17:17	48.0	47.0	17.6166
02/15/2018 21:17:28	48.0	48.0	19.4226
02/15/2018 21:17:39	48.0	47.0	16.188
02/15/2018 21:17:50	48.0	48.0	19.7917
02/15/2018 21:18:01	48.0	47.0	17.5853
02/15/2018 21:18:12	48.0	48.0	17.7083
02/15/2018 21:18:23	48.0	47.0	16.5803
02/15/2018 21:18:34	48.0	47.0	18.0879
02/15/2018 21:18:45	47.0	47.0	15.8442
02/15/2018 21:18:56	48.0	47.0	16.3636
02/15/2018 21:19:07	47.0	47.0	16.8394
02/15/2018 21:19:18	47.0	47.0	16.188
02/15/2018 21:19:29	48.0	48.0	16.6667
02/15/2018 21:19:40	49.0	48.0	17.9221
02/15/2018 21:19:51	51.0	50.0	16.5803
02/15/2018 21:20:02	52.0	52.0	18.9119
02/15/2018 21:20:13	54.0	53.0	16.1458
02/15/2018 21:20:24	55.0	54.0	17.7546
02/15/2018 21:20:36	55.0	55.0	18.863
02/15/2018 21:20:47	56.0	56.0	15.7068
02/15/2018 21:20:58	54.0	54.0	17.1429
02/15/2018 21:21:09	53.0	52.0	18.5379
02/15/2018 21:21:20	51.0	51.0	17.0157
02/15/2018 21:21:31	51.0	51.0	18.0157
02/15/2018 21:21:42	50.0	50.0	18.2768
02/15/2018 21:21:53	50.0	50.0	17.8295
02/15/2018 21:22:04	49.0	49.0	19.3717
02/15/2018 21:22:15	49.0	48.0	18.3463
02/15/2018 21:22:26	49.0	48.0	16.3636
02/15/2018 21:22:37	49.0	48.0	19.7917
02/15/2018 21:22:48	48.0	48.0	16.8394
02/15/2018 21:22:59	48.0	48.0	16.0105
02/15/2018 21:23:10	49.0	48.0	14.5078
02/15/2018 21:23:21	48.0	47.0	16.8831
02/15/2018 21:23:32	48.0	47.0	15.625
02/15/2018 21:23:43	48.0	48.0	16.7959
02/15/2018 21:23:54	48.0	48.0	19.5822
02/15/2018 21:24:05	48.0	48.0	17.1429
02/15/2018 21:24:16	48.0	48.0	16.9713
02/15/2018 21:24:27	48.0	47.0	16.8394
02/15/2018 21:24:38	48.0	47.0	15.3646
02/15/2018 21:24:49	49.0	49.0	16.8394
02/15/2018 21:25:00	51.0	51.0	18.4416
02/15/2018 21:25:11	53.0	52.0	15.625
02/15/2018 21:25:22	54.0	54.0	17.6623
02/15/2018 21:25:33	55.0	54.0	18.2768
02/15/2018 21:25:44	56.0	56.0	17.1429
02/15/2018 21:25:55	55.0	54.0	17.4479
02/15/2018 21:26:06	53.0	53.0	16.1039
02/15/2018 21:26:17	52.0	51.0	18.1818
02/15/2018 21:26:28	51.0	51.0	17.2324
02/15/2018 21:26:39	50.0	50.0	17.3575
02/15/2018 21:26:50	50.0	50.0	16.9713
02/15/2018 21:27:01	49.0	49.0	16.8394
02/15/2018 21:27:12	49.0	49.0	15.1436
02/15/2018 21:27:23	49.0	48.0	15.5844
02/15/2018 21:27:34	48.0	48.0	15.6658
02/15/2018 21:27:45	48.0	48.0	17.4479
02/15/2018 21:27:56	48.0	48.0	16.3212
02/15/2018 21:28:08	48.0	48.0	16.6667
02/15/2018 21:28:19	48.0	48.0	18.5379
02/15/2018 21:28:30	47.0	48.0	16.1458
02/15/2018 21:28:41	49.0	48.0	18.3938
02/15/2018 21:28:52	48.0	48.0	18.7013
02/15/2018 21:29:03	48.0	47.0	15.7623
02/15/2018 21:29:14	48.0	48.0	15.5039
02/15/2018 21:29:25	48.0	48.0	18.7013
02/15/2018 21:29:36	48.0	48.0	18.4416
02/15/2018 21:29:47	48.0	47.0	16.1039
02/15/2018 21:29:58	48.0	47.0	16.3636
02/15/2018 21:30:09	47.0	48.0	19.2208
02/15/2018 21:30:20	48.0	47.0	16.9666
02/15/2018 21:30:31	49.0	48.0	17.8295
02/15/2018 21:30:42	49.0	50.0	17.2324
02/15/2018 21:30:53	51.0	51.0	16.6234
02/15/2018 21:31:04	52.0	53.0	17.6623
02/15/2018 21:31:15	54.0	54.0	16.6234
02/15/2018 21:31:26	55.0	55.0	19.2708
02/15/2018 21:31:37	56.0	55.0	17.0984
02/15/2018 21:31:48	55.0	55.0	17.7546
02/15/2018 21:31:59	53.0	53.0	15.8031
02/15/2018 21:32:10	51.0	52.0	17.6166
02/15/2018 21:32:21	51.0	51.0	16.0207
02/15/2018 21:32:32	50.0	51.0	18.6528
02/15/2018 21:32:43	49.0	50.0	15.8442
02/15/2018 21:32:54	49.0	49.0	15.285
02/15/2018 21:33:05	49.0	49.0	16.5375
02/15/2018 21:33:16	48.0	48.0	16.7526
02/15/2018 21:33:27	48.0	48.0	16.5375
02/15/2018 21:33:38	48.0	48.0	17.0543
02/15/2018 21:33:49	48.0	47.0	16.1458
02/15/2018 21:34:00	48.0	47.0	15.3247
02/15/2018 21:34:11	48.0	47.0	17.3575
02/15/2018 21:34:22	49.0	48.0	17.5711
02/15/2018 21:34:33	48.0	48.0	16.9271
02/15/2018 21:34:44	48.0	48.0	21.7617
02/15/2018 21:34:55	48.0	48.0	20.3608
02/15/2018 21:35:06	49.0	48.0	16.7526
02/15/2018 21:35:17	49.0	49.0	19.6931
02/15/2018 21:35:28	50.0	48.0	22.9974
02/15/2018 21:35:39	50.0	49.0	19.8454
02/15/2018 21:35:50	50.0	49.0	18.299
02/15/2018 21:36:02	50.0	49.0	21.3918
02/15/2018 21:36:13	49.0	48.0	16.0622
02/15/2018 21:36:24	48.0	47.0	17.6166
02/15/2018 21:36:35	48.0	48.0	17.5711
02/15/2018 21:36:46	48.0	47.0	19.2208
02/15/2018 21:36:57	48.0	47.0	19.685
02/15/2018 21:37:08	48.0	48.0	18.961
02/15/2018 21:37:19	48.0	47.0	19.3211
02/15/2018 21:37:30	48.0	47.0	17.0984
02/15/2018 21:37:41	48.0	47.0	17.6623
02/15/2018 21:37:52	47.0	47.0	17.0543
02/15/2018 21:38:03	48.0	47.0	18.9119
02/15/2018 21:38:14	48.0	47.0	16.8831
02/15/2018 21:38:25	48.0	47.0	16.8394
02/15/2018 21:38:36	48.0	47.0	17.5711
02/15/2018 21:38:47	49.0	48.0	17.1429
02/15/2018 21:38:58	51.0	50.0	18.2292
02/15/2018 21:39:09	52.0	52.0	16.4062
02/15/2018 21:39:20	53.0	53.0	17.6166
02/15/2018 21:39:31	54.0	54.0	16.8831
02/15/2018 21:39:42	55.0	55.0	18.961
02/15/2018 21:39:53	56.0	56.0	16.9271
02/15/2018 21:40:04	54.0	54.0	18.6047
02/15/2018 21:40:15	52.0	53.0	16.7959
02/15/2018 21:40:26	51.0	51.0	16.8394
02/15/2018 21:40:37	50.0	50.0	15.2455
02/15/2018 21:40:48	50.0	50.0	19.9482
02/15/2018 21:40:59	49.0	49.0	17.3575
02/15/2018 21:41:10	48.0	48.0	17.3127
02/15/2018 21:41:21	48.0	48.0	16.4062
02/15/2018 21:41:32	48.0	48.0	18.299
02/15/2018 21:41:43	48.0	48.0	15.9383
02/15/2018 21:41:54	49.0	48.0	19.6382
02/15/2018 21:42:05	48.0	48.0	17.0984
02/15/2018 21:42:16	48.0	48.0	18.863
02/15/2018 21:42:27	48.0	48.0	18.1347
02/15/2018 21:42:38	49.0	48.0	19.3798
02/15/2018 21:42:49	49.0	47.0	17.5711
02/15/2018 21:43:00	47.0	47.0	17.5258
02/15/2018 21:43:11	48.0	47.0	17.3127
02/15/2018 21:43:23	47.0	47.0	17.268
02/15/2018 21:43:34	48.0	47.0	17.7835
02/15/2018 21:43:45	48.0	47.0	18.75
02/15/2018 21:43:56	47.0	47.0	16.8394
02/15/2018 21:44:07	48.0	47.0	17.3575
02/15/2018 21:44:18	48.0	47.0	19.8966
02/15/2018 21:44:29	48.0	46.0	18.0412
02/15/2018 21:44:40	47.0	47.0	18.6047
02/15/2018 21:44:51	48.0	48.0	18.863
02/15/2018 21:45:02	50.0	50.0	17.268
02/15/2018 21:45:13	52.0	51.0	16.9666
02/15/2018 21:45:24	53.0	53.0	18.2051
02/15/2018 21:45:35	56.0	54.0	18.509
02/15/2018 21:45:46	56.0	55.0	17.3913
02/15/2018 21:45:57	57.0	55.0	17.9221
02/15/2018 21:46:08	55.0	54.0	19.5373
02/15/2018 21:46:19	53.0	52.0	18.3673
02/15/2018 21:46:30	54.0	53.0	18.5279
02/15/2018 21:46:41	53.0	51.0	19.1327
02/15/2018 21:46:52	51.0	51.0	20.2046
02/15/2018 21:47:03	52.0	51.0	20.2564
02/15/2018 21:47:14	52.0	51.0	21.2821
02/15/2018 21:47:25	51.0	51.0	18.9258
02/15/2018 21:47:36	51.0	50.0	20.6633
02/15/2018 21:47:47	52.0	51.0	22.3077
02/15/2018 21:47:58	51.0	50.0	20.4082
02/15/2018 21:48:09	51.0	50.0	18.7342
02/15/2018 21:48:20	51.0	50.0	20.0501
02/15/2018 21:48:31	51.0	51.0	21.0797
02/15/2018 21:48:42	50.0	50.0	21.2276
02/15/2018 21:48:53	50.0	50.0	21.4834
02/15/2018 21:49:04	50.0	49.0	23.5294
02/15/2018 21:49:15	51.0	50.0	20.3562
02/15/2018 21:49:26	51.0	51.0	21.2658
02/15/2018 21:49:37	51.0	50.0	18.3417
02/15/2018 21:49:48	51.0	51.0	20.6468
02/15/2018 21:49:59	52.0	51.0	22.7848
02/15/2018 21:50:10	50.0	50.0	21.7722
02/15/2018 21:50:21	51.0	51.0	20.6983
02/15/2018 21:50:32	51.0	50.0	20.6549
02/15/2018 21:50:43	51.0	50.0	21.0127
02/15/2018 21:50:54	51.0	50.0	21.3033
02/15/2018 21:51:05	51.0	50.0	20.4489
02/15/2018 21:51:16	51.0	50.0	19.7007
02/15/2018 21:51:27	51.0	50.0	22.5564
02/15/2018 21:51:38	51.0	50.0	24.3719
02/15/2018 21:51:49	51.0	50.0	21.2714
02/15/2018 21:52:00	51.0	51.0	20.4878
02/15/2018 21:52:11	51.0	50.0	24.2424
02/15/2018 21:52:23	49.0	49.0	25.2315
02/15/2018 21:52:34	48.0	48.0	24.7685
02/15/2018 21:52:45	48.0	47.0	23.9535
02/15/2018 21:52:56	47.0	48.0	22.4299
02/15/2018 21:53:07	48.0	47.0	25.7403
02/15/2018 21:53:18	48.0	48.0	25.6944
02/15/2018 21:53:29	50.0	49.0	24.537
02/15/2018 21:53:40	51.0	51.0	25.0569
02/15/2018 21:53:51	52.0	52.0	23.6534
02/15/2018 21:54:02	53.0	53.0	24.3902
02/15/2018 21:54:13	55.0	55.0	25.1834
02/15/2018 21:54:24	57.0	56.0	23.1144
02/15/2018 21:54:35	56.0	55.0	22.0874
02/15/2018 21:54:46	55.0	54.0	23.4146
02/15/2018 21:54:57	54.0	53.0	23.8443
02/15/2018 21:55:08	53.0	53.0	24.8157
02/15/2018 21:55:19	52.0	51.0	24.0291
02/15/2018 21:55:30	51.0	51.0	22.9829
02/15/2018 21:55:41	53.0	51.0	24.8792
02/15/2018 21:55:52	52.0	51.0	24.8792
02/15/2018 21:56:03	52.0	51.0	25
02/15/2018 21:56:14	52.0	50.0	27.619
02/15/2018 21:56:25	51.0	51.0	24.7031
02/15/2018 21:56:36	51.0	51.0	25
02/15/2018 21:56:47	51.0	51.0	27.381
02/15/2018 21:56:58	50.0	51.0	26.6033
02/15/2018 21:57:09	51.0	50.0	25.9524
02/15/2018 21:57:20	51.0	51.0	27.6029
02/15/2018 21:57:31	50.0	50.0	27.5943
02/15/2018 21:57:42	50.0	50.0	26.4423
02/15/2018 21:57:53	50.0	50.0	25.2983
02/15/2018 21:58:04	51.0	51.0	24.4656
02/15/2018 21:58:15	51.0	50.0	23.9709
02/15/2018 21:58:26	50.0	50.0	22.1675
02/15/2018 21:58:37	51.0	51.0	25.9524
02/15/2018 21:58:48	51.0	51.0	27.7251
02/15/2018 21:58:59	50.0	50.0	27.5294
02/15/2018 21:59:10	50.0	50.0	24.4076
02/15/2018 21:59:21	51.0	51.0	25.3623
02/15/2018 21:59:32	51.0	50.0	25.8824
02/15/2018 21:59:43	51.0	51.0	27.6596
02/15/2018 21:59:54	51.0	51.0	25.1799
02/15/2018 22:00:05	51.0	50.0	24.6973
02/15/2018 22:00:16	50.0	50.0	25.8454
02/15/2018 22:00:27	51.0	50.0	24.2718
02/15/2018 22:00:38	51.0	50.0	23.6453
02/15/2018 22:00:49	50.0	50.0	26.7139
02/15/2018 22:01:00	50.0	50.0	26.0241
02/15/2018 22:01:11	50.0	50.0	24.4499
02/15/2018 22:01:23	51.0	50.0	27.0732
02/15/2018 22:01:34	50.0	50.0	25.4118
02/15/2018 22:01:45	50.0	51.0	28.1991
02/15/2018 22:01:56	51.0	50.0	25.4237
02/15/2018 22:02:07	51.0	50.0	23.8443
02/15/2018 22:02:18	51.0	51.0	23.301
02/15/2018 22:02:29	51.0	51.0	23.601
02/15/2018 22:02:40	52.0	51.0	23.8443
02/15/2018 22:02:51	51.0	51.0	22.9268
02/15/2018 22:03:02	51.0	50.0	24.6341
02/15/2018 22:03:13	51.0	50.0	23.301
02/15/2018 22:03:24	50.0	50.0	24.8768
02/15/2018 22:03:35	50.0	50.0	24.3176
02/15/2018 22:03:46	50.0	50.0	22.6368
02/15/2018 22:03:57	50.0	50.0	23.0769
02/15/2018 22:04:08	50.0	50.0	23.3831
02/15/2018 22:04:19	50.0	50.0	22.6368
02/15/2018 22:04:30	50.0	50.0	21.9451
02/15/2018 22:04:41	50.0	50.0	24.7525
02/15/2018 22:04:52	50.0	49.0	20.1995
02/15/2018 22:05:03	51.0	50.0	24.505
02/15/2018 22:05:14	50.0	50.0	21.6958
02/15/2018 22:05:25	50.0	50.0	22.4439
02/15/2018 22:05:36	50.0	50.0	24.8744
02/15/2018 22:05:47	50.0	49.0	20.4545
02/15/2018 22:05:58	51.0	50.0	20.75
02/15/2018 22:06:09	51.0	50.0	21.4106
02/15/2018 22:06:20	50.0	50.0	21.5881
02/15/2018 22:06:31	50.0	49.0	21.5
02/15/2018 22:06:42	51.0	50.0	22.3058
02/15/2018 22:06:53	51.0	49.0	22.8856
02/15/2018 22:07:04	50.0	50.0	18.5
02/15/2018 22:07:15	49.0	48.0	17.0426
02/15/2018 22:07:26	48.0	48.0	19.25
02/15/2018 22:07:37	48.0	48.0	18.8442
02/15/2018 22:07:48	47.0	47.0	17.0426
02/15/2018 22:07:59	47.0	46.0	21.519
02/15/2018 22:08:10	48.0	47.0	2.54453
02/15/2018 22:08:21	48.0	48.0	0
02/15/2018 22:08:32	51.0	50.0	2.79188
02/15/2018 22:08:43	50.0	50.0	3.81679
02/15/2018 22:08:54	50.0	50.0	5.31915
02/15/2018 22:09:05	51.0	51.0	9.01857
