10/24/2017 18:47:12	31.0	31.0	0.503778
10/24/2017 18:47:23	29.0	28.0	1.01266
10/24/2017 18:47:34	28.0	29.0	0.251889
10/24/2017 18:47:45	29.0	29.0	0.503778
10/24/2017 18:47:56	29.0	29.0	2.29008
10/24/2017 18:48:07	29.0	30.0	4.06091
10/24/2017 18:48:18	30.0	30.0	43.6508
10/24/2017 18:48:30	32.0	32.0	34.5324
10/24/2017 18:48:41	33.0	33.0	20.8914
10/24/2017 18:48:52	36.0	36.0	15.6499
10/24/2017 18:49:03	37.0	36.0	19.5251
10/24/2017 18:49:14	36.0	36.0	17.6781
10/24/2017 18:49:25	38.0	37.0	18.2058
10/24/2017 18:49:36	38.0	38.0	18.799
10/24/2017 18:49:47	41.0	41.0	14.8148
10/24/2017 18:49:58	40.0	40.0	16.8865
10/24/2017 18:50:09	41.0	40.0	14.6597
10/24/2017 18:50:20	41.0	42.0	22.5256
10/24/2017 18:50:32	42.0	42.0	20.9622
10/24/2017 18:50:43	44.0	42.0	18.2292
10/24/2017 18:50:54	44.0	43.0	16.7979
10/24/2017 18:51:05	44.0	45.0	22.2892
10/24/2017 18:51:16	45.0	45.0	18.2768
10/24/2017 18:51:27	46.0	46.0	17.7083
10/24/2017 18:51:38	47.0	46.0	15.1832
10/24/2017 18:51:49	47.0	46.0	19.6335
10/24/2017 18:52:00	47.0	47.0	18.5185
10/24/2017 18:52:11	49.0	48.0	14.5889
10/24/2017 18:52:22	48.0	48.0	14.5119
10/24/2017 18:52:33	49.0	48.0	14.2105
10/24/2017 18:52:44	49.0	48.0	14.2857
10/24/2017 18:52:55	50.0	49.0	13.1234
10/24/2017 18:53:06	50.0	50.0	15.0794
10/24/2017 18:53:17	50.0	50.0	13.7566
10/24/2017 18:53:28	50.0	50.0	15.3034
10/24/2017 18:53:39	52.0	52.0	12.6649
10/24/2017 18:53:50	51.0	51.0	13.7203
10/24/2017 18:54:02	51.0	51.0	12.4339
10/24/2017 18:54:13	51.0	51.0	12.963
10/24/2017 18:54:24	51.0	52.0	13.6126
10/24/2017 18:54:35	51.0	51.0	12.8609
10/24/2017 18:54:46	52.0	52.0	13.3858
10/24/2017 18:54:57	52.0	53.0	11.6711
10/24/2017 18:55:08	53.0	53.0	13.6842
10/24/2017 18:55:19	53.0	53.0	12.8272
10/24/2017 18:55:30	54.0	53.0	11.811
10/24/2017 18:55:41	54.0	54.0	12.1053
10/24/2017 18:55:52	54.0	54.0	14.7368
10/24/2017 18:56:03	54.0	54.0	12.9288
10/24/2017 18:56:14	54.0	54.0	13.2626
10/24/2017 18:56:25	55.0	54.0	12.6984
10/24/2017 18:56:36	55.0	54.0	13.1234
10/24/2017 18:56:47	55.0	54.0	12.6984
10/24/2017 18:56:58	55.0	55.0	12.6316
10/24/2017 18:57:09	55.0	55.0	12.6984
10/24/2017 18:57:20	56.0	56.0	13.1234
10/24/2017 18:57:31	56.0	56.0	12.3684
10/24/2017 18:57:42	54.0	53.0	12.963
10/24/2017 18:57:53	51.0	51.0	15.5673
10/24/2017 18:58:04	49.0	48.0	13.8298
10/24/2017 18:58:15	47.0	47.0	14.0957
10/24/2017 18:58:26	47.0	48.0	15.0396
10/24/2017 18:58:37	49.0	49.0	14.3236
10/24/2017 18:58:49	51.0	50.0	13.9108
10/24/2017 18:59:00	51.0	51.0	14.6982
10/24/2017 18:59:11	52.0	52.0	12.6316
10/24/2017 18:59:22	53.0	53.0	14.0625
10/24/2017 18:59:33	54.0	54.0	12.5984
10/24/2017 18:59:44	54.0	54.0	12.8609
10/24/2017 18:59:55	55.0	54.0	12.6984
10/24/2017 19:00:06	55.0	55.0	14.3979
10/24/2017 19:00:17	55.0	55.0	11.8734
10/24/2017 19:00:28	56.0	55.0	13.6126
10/24/2017 19:00:39	56.0	55.0	11.8734
10/24/2017 19:00:50	52.0	53.0	14.248
10/24/2017 19:01:01	50.0	50.0	15.3846
10/24/2017 19:01:12	49.0	49.0	14.0212
10/24/2017 19:01:23	48.0	48.0	14.7757
10/24/2017 19:01:34	48.0	47.0	14.4
10/24/2017 19:01:45	50.0	50.0	14.8148
10/24/2017 19:01:56	50.0	50.0	13.7566
10/24/2017 19:02:07	51.0	51.0	15.0794
10/24/2017 19:02:18	52.0	53.0	12.6316
10/24/2017 19:02:29	53.0	53.0	19.2612
10/24/2017 19:02:40	55.0	54.0	12.3684
10/24/2017 19:02:51	55.0	54.0	13.3508
10/24/2017 19:03:02	55.0	55.0	13.9842
10/24/2017 19:03:13	55.0	56.0	12.3684
10/24/2017 19:03:24	57.0	56.0	12.6649
10/24/2017 19:03:35	55.0	55.0	14.0957
10/24/2017 19:03:46	52.0	52.0	14.1732
10/24/2017 19:03:57	50.0	50.0	14.5503
10/24/2017 19:04:09	50.0	49.0	14.4
10/24/2017 19:04:20	49.0	48.0	14.2105
10/24/2017 19:04:31	47.0	47.0	15.3439
10/24/2017 19:04:42	49.0	48.0	14.0584
10/24/2017 19:04:53	50.0	50.0	12.8609
10/24/2017 19:05:04	51.0	51.0	14.0957
10/24/2017 19:05:15	53.0	53.0	12.8272
10/24/2017 19:05:26	54.0	54.0	14.5946
10/24/2017 19:05:37	54.0	54.0	13.7203
10/24/2017 19:05:48	55.0	54.0	12.2016
10/24/2017 19:05:59	56.0	55.0	13.089
10/24/2017 19:06:10	54.0	53.0	13.7566
10/24/2017 19:06:21	51.0	52.0	14.5889
10/24/2017 19:06:32	50.0	51.0	14.2857
10/24/2017 19:06:43	49.0	49.0	15.0794
10/24/2017 19:06:54	48.0	48.0	14.0584
10/24/2017 19:07:05	48.0	46.0	14.0212
10/24/2017 19:07:16	48.0	48.0	14.2857
10/24/2017 19:07:27	50.0	51.0	13.7566
10/24/2017 19:07:38	51.0	51.0	13.4211
10/24/2017 19:07:49	52.0	53.0	12.7937
10/24/2017 19:08:00	54.0	54.0	13.089
10/24/2017 19:08:11	55.0	54.0	13.4211
10/24/2017 19:08:22	55.0	54.0	11.811
10/24/2017 19:08:33	55.0	55.0	12.336
10/24/2017 19:08:44	57.0	56.0	13.8743
10/24/2017 19:08:55	54.0	54.0	14.4357
10/24/2017 19:09:06	52.0	53.0	14.3617
10/24/2017 19:09:18	50.0	51.0	15.3439
10/24/2017 19:09:29	50.0	49.0	14.7757
10/24/2017 19:09:40	48.0	48.0	14.7368
10/24/2017 19:09:51	48.0	47.0	15
10/24/2017 19:10:02	48.0	47.0	13.7931
10/24/2017 19:10:13	50.0	49.0	15.2632
10/24/2017 19:10:24	50.0	51.0	12.6316
10/24/2017 19:10:35	52.0	51.0	13.0548
10/24/2017 19:10:46	54.0	53.0	12.6984
10/24/2017 19:10:57	54.0	54.0	12.5654
10/24/2017 19:11:08	55.0	54.0	12.963
10/24/2017 19:11:19	56.0	55.0	12.8609
10/24/2017 19:11:30	56.0	55.0	12.5984
10/24/2017 19:11:41	56.0	55.0	13.3508
10/24/2017 19:11:52	53.0	53.0	13.8021
10/24/2017 19:12:03	51.0	51.0	13.9474
10/24/2017 19:12:14	50.0	50.0	13.7931
10/24/2017 19:12:25	49.0	48.0	14.4737
10/24/2017 19:12:36	48.0	47.0	14.6214
10/24/2017 19:12:47	48.0	47.0	14.6597
10/24/2017 19:12:58	48.0	48.0	14.6597
10/24/2017 19:13:09	50.0	50.0	13.4211
10/24/2017 19:13:20	51.0	51.0	13.8381
10/24/2017 19:13:31	53.0	53.0	13.3159
10/24/2017 19:13:42	54.0	53.0	15.2406
10/24/2017 19:13:53	55.0	54.0	13.1234
10/24/2017 19:14:04	56.0	54.0	12.3037
10/24/2017 19:14:15	56.0	55.0	12.1053
10/24/2017 19:14:27	56.0	56.0	12.8609
10/24/2017 19:14:38	55.0	54.0	14.2105
10/24/2017 19:14:49	52.0	52.0	13.3858
10/24/2017 19:15:00	51.0	51.0	14.7757
10/24/2017 19:15:11	50.0	50.0	14.0584
10/24/2017 19:15:22	48.0	48.0	14.4737
10/24/2017 19:15:33	48.0	48.0	15.2632
10/24/2017 19:15:44	48.0	47.0	15.0794
10/24/2017 19:15:55	49.0	48.0	15
10/24/2017 19:16:06	51.0	50.0	13.7566
10/24/2017 19:16:17	52.0	51.0	12.8272
10/24/2017 19:16:28	53.0	53.0	12.8272
10/24/2017 19:16:39	54.0	54.0	12.5984
10/24/2017 19:16:50	55.0	54.0	13.0208
10/24/2017 19:17:01	56.0	55.0	14.0992
10/24/2017 19:17:12	56.0	56.0	12.8609
10/24/2017 19:17:23	55.0	54.0	14.1732
10/24/2017 19:17:34	52.0	52.0	15.445
10/24/2017 19:17:45	51.0	50.0	14.1732
10/24/2017 19:17:56	50.0	50.0	14.6214
10/24/2017 19:18:07	49.0	48.0	15.1832
10/24/2017 19:18:18	49.0	47.0	14.248
10/24/2017 19:18:29	47.0	46.0	14.8148
10/24/2017 19:18:40	49.0	47.0	14.5455
10/24/2017 19:18:51	50.0	49.0	13.6126
10/24/2017 19:19:02	51.0	51.0	15.9269
10/24/2017 19:19:13	52.0	52.0	12.5
10/24/2017 19:19:25	54.0	53.0	12.2715
10/24/2017 19:19:36	54.0	54.0	13.4211
10/24/2017 19:19:47	55.0	56.0	12.987
10/24/2017 19:19:58	56.0	55.0	12.4675
10/24/2017 19:20:09	57.0	56.0	13.5417
10/24/2017 19:20:20	54.0	54.0	14.0625
10/24/2017 19:20:31	52.0	52.0	14.3229
10/24/2017 19:20:42	51.0	51.0	14.248
10/24/2017 19:20:53	50.0	50.0	15.0649
10/24/2017 19:21:04	49.0	48.0	14.3229
10/24/2017 19:21:15	48.0	48.0	14.0992
10/24/2017 19:21:26	48.0	48.0	14.5833
10/24/2017 19:21:37	48.0	47.0	15.4047
10/24/2017 19:21:48	47.0	47.0	14.8052
10/24/2017 19:21:59	49.0	48.0	14.9215
10/24/2017 19:22:10	51.0	51.0	13.6483
10/24/2017 19:22:21	52.0	52.0	13.0208
10/24/2017 19:22:32	53.0	53.0	12.9534
10/24/2017 19:22:43	54.0	54.0	14.2857
10/24/2017 19:22:54	55.0	54.0	13.0208
10/24/2017 19:23:05	56.0	55.0	12.2715
10/24/2017 19:23:16	57.0	56.0	13.6126
10/24/2017 19:23:27	55.0	56.0	12.987
10/24/2017 19:23:38	53.0	53.0	13.2812
10/24/2017 19:23:49	52.0	51.0	14.3603
10/24/2017 19:24:00	51.0	50.0	14.5833
10/24/2017 19:24:11	49.0	49.0	15.3646
10/24/2017 19:24:22	49.0	48.0	13.7203
10/24/2017 19:24:34	48.0	48.0	14.5455
10/24/2017 19:24:45	48.0	47.0	15.6658
10/24/2017 19:24:56	49.0	48.0	14.5833
10/24/2017 19:25:07	50.0	50.0	13.5065
10/24/2017 19:25:18	52.0	51.0	13.8021
10/24/2017 19:25:29	53.0	53.0	13.4715
10/24/2017 19:25:40	54.0	54.0	13.2468
10/24/2017 19:25:51	55.0	54.0	13.0548
10/24/2017 19:26:02	55.0	55.0	12.5326
10/24/2017 19:26:13	57.0	56.0	13.1783
10/24/2017 19:26:24	56.0	54.0	13.577
10/24/2017 19:26:35	53.0	53.0	14.5833
10/24/2017 19:26:46	51.0	51.0	14.8825
10/24/2017 19:26:57	51.0	50.0	13.6483
10/24/2017 19:27:08	50.0	49.0	14.3979
10/24/2017 19:27:19	49.0	48.0	16.188
10/24/2017 19:27:30	48.0	47.0	15.1042
10/24/2017 19:27:41	48.0	47.0	15.285
10/24/2017 19:27:52	48.0	48.0	15.3646
10/24/2017 19:28:03	50.0	50.0	13.8743
10/24/2017 19:28:14	51.0	51.0	12.987
10/24/2017 19:28:25	52.0	52.0	13.5417
10/24/2017 19:28:36	54.0	54.0	13.0548
10/24/2017 19:28:47	55.0	54.0	13.7662
10/24/2017 19:28:58	55.0	55.0	12.7604
10/24/2017 19:29:09	56.0	56.0	13.2124
10/24/2017 19:29:20	56.0	56.0	15.0649
10/24/2017 19:29:31	54.0	53.0	14.3229
10/24/2017 19:29:43	52.0	51.0	13.1234
10/24/2017 19:29:54	50.0	51.0	14.8438
10/24/2017 19:30:05	50.0	50.0	14.3229
10/24/2017 19:30:16	49.0	48.0	14.8825
10/24/2017 19:30:27	49.0	48.0	14.4357
10/24/2017 19:30:38	48.0	48.0	15.3247
10/24/2017 19:30:49	48.0	48.0	14.3229
10/24/2017 19:31:00	50.0	50.0	15.8442
10/24/2017 19:31:11	51.0	51.0	13.8381
10/24/2017 19:31:22	52.0	52.0	14.7668
10/24/2017 19:31:33	54.0	54.0	13.2812
10/24/2017 19:31:44	54.0	54.0	13.4715
10/24/2017 19:31:55	55.0	55.0	13.5065
10/24/2017 19:32:06	56.0	56.0	13.2468
10/24/2017 19:32:17	56.0	55.0	13.5065
10/24/2017 19:32:28	53.0	53.0	14.8052
10/24/2017 19:32:39	51.0	51.0	14.8438
10/24/2017 19:32:50	50.0	50.0	15.7216
10/24/2017 19:33:01	49.0	49.0	15.1832
10/24/2017 19:33:12	49.0	48.0	15.544
10/24/2017 19:33:23	48.0	47.0	15.3247
10/24/2017 19:33:34	48.0	47.0	16.0622
10/24/2017 19:33:45	47.0	47.0	15.1042
10/24/2017 19:33:56	48.0	47.0	15.285
10/24/2017 19:34:07	49.0	50.0	15.625
10/24/2017 19:34:18	51.0	51.0	14.7668
10/24/2017 19:34:29	52.0	53.0	13.4367
10/24/2017 19:34:40	54.0	53.0	13.8021
10/24/2017 19:34:51	55.0	54.0	13.9175
10/24/2017 19:35:03	56.0	55.0	13.9535
10/24/2017 19:35:14	55.0	56.0	14.359
10/24/2017 19:35:25	55.0	54.0	15.2455
10/24/2017 19:35:36	51.0	53.0	15.285
10/24/2017 19:35:47	50.0	51.0	15.625
10/24/2017 19:35:58	50.0	50.0	16.962
10/24/2017 19:36:09	49.0	48.0	16.8798
10/24/2017 19:36:20	48.0	48.0	15.4639
10/24/2017 19:36:31	47.0	47.0	17.7665
10/24/2017 19:36:42	48.0	47.0	18.2278
10/24/2017 19:36:53	48.0	48.0	16.1954
10/24/2017 19:37:04	50.0	50.0	15.8974
10/24/2017 19:37:15	51.0	51.0	14.9485
10/24/2017 19:37:26	53.0	53.0	13.2124
10/24/2017 19:37:37	54.0	54.0	14.2119
10/24/2017 19:37:48	55.0	56.0	14.1388
10/24/2017 19:37:59	56.0	55.0	13.1783
10/24/2017 19:38:10	57.0	56.0	16.4975
10/24/2017 19:38:21	55.0	54.0	17.2932
10/24/2017 19:38:32	52.0	51.0	17.3028
10/24/2017 19:38:43	51.0	50.0	18.0203
10/24/2017 19:38:54	50.0	50.0	19.3548
10/24/2017 19:39:05	49.0	48.0	18.136
10/24/2017 19:39:16	48.0	47.0	22.0339
10/24/2017 19:39:27	48.0	47.0	20.2934
10/24/2017 19:39:38	48.0	48.0	20.9246
10/24/2017 19:39:49	48.0	48.0	20.0495
10/24/2017 19:40:00	50.0	50.0	19.5062
10/24/2017 19:40:12	51.0	51.0	20.6311
10/24/2017 19:40:23	53.0	52.0	16.6247
10/24/2017 19:40:34	54.0	53.0	16.5414
10/24/2017 19:40:45	55.0	55.0	17.9551
10/24/2017 19:40:56	56.0	55.0	18.7032
10/24/2017 19:41:07	58.0	56.0	19.0709
10/24/2017 19:41:18	54.0	54.0	23.2057
10/24/2017 19:41:29	52.0	52.0	22.3022
10/24/2017 19:41:40	50.0	51.0	22.542
10/24/2017 19:41:51	50.0	50.0	24.356
10/24/2017 19:42:02	49.0	49.0	23.7647
10/24/2017 19:42:13	48.0	47.0	24.4186
10/24/2017 19:42:24	47.0	47.0	25.522
10/24/2017 19:42:35	49.0	48.0	24.5902
10/24/2017 19:42:46	50.0	50.0	23.2394
10/24/2017 19:42:57	51.0	51.0	25.463
10/24/2017 19:43:08	53.0	52.0	21.8009
10/24/2017 19:43:19	54.0	54.0	20.4819
10/24/2017 19:43:30	55.0	54.0	22.8235
10/24/2017 19:43:41	55.0	55.0	20.7637
10/24/2017 19:43:52	57.0	56.0	21.3429
10/24/2017 19:44:03	55.0	56.0	22.5882
10/24/2017 19:44:14	53.0	53.0	24.594
10/24/2017 19:44:25	52.0	51.0	25.7541
10/24/2017 19:44:36	50.0	50.0	25.9681
10/24/2017 19:44:47	49.0	48.0	24.1784
10/24/2017 19:44:58	48.0	48.0	26.097
10/24/2017 19:45:09	48.0	47.0	26.5909
10/24/2017 19:45:21	48.0	47.0	22.8029
10/24/2017 19:45:32	50.0	50.0	23.9905
10/24/2017 19:45:43	51.0	51.0	23.7089
10/24/2017 19:45:54	52.0	52.0	23.3491
10/24/2017 19:46:05	54.0	53.0	24.4186
10/24/2017 19:46:16	55.0	54.0	24.9417
10/24/2017 19:46:27	56.0	55.0	24.8292
10/24/2017 19:46:38	57.0	56.0	23.5294
10/24/2017 19:46:49	56.0	55.0	23.3645
10/24/2017 19:47:00	53.0	53.0	25
10/24/2017 19:47:11	51.0	51.0	24.5327
10/24/2017 19:47:22	50.0	50.0	24
10/24/2017 19:47:33	49.0	48.0	24.105
10/24/2017 19:47:44	49.0	47.0	22.673
10/24/2017 19:47:55	49.0	47.0	21.9277
10/24/2017 19:48:06	49.0	48.0	23.753
10/24/2017 19:48:17	50.0	50.0	21.9277
10/24/2017 19:48:28	51.0	51.0	22.2488
10/24/2017 19:48:39	52.0	52.0	21.5496
10/24/2017 19:48:50	54.0	54.0	22.5882
10/24/2017 19:49:01	55.0	54.0	22.0903
10/24/2017 19:49:12	56.0	55.0	23.5566
10/24/2017 19:49:23	56.0	55.0	23.6111
10/24/2017 19:49:34	57.0	56.0	22.1698
10/24/2017 19:49:45	55.0	54.0	18.8119
10/24/2017 19:49:56	53.0	53.0	21.6019
10/24/2017 19:50:07	51.0	51.0	21.6545
10/24/2017 19:50:18	50.0	49.0	19.8511
10/24/2017 19:50:30	49.0	49.0	18.75
10/24/2017 19:50:41	48.0	48.0	20.7921
10/24/2017 19:50:52	48.0	47.0	19.403
10/24/2017 19:51:03	49.0	48.0	19.5
10/24/2017 19:51:14	51.0	51.0	20.2469
10/24/2017 19:51:25	52.0	51.0	19.8044
10/24/2017 19:51:36	53.0	53.0	19.0709
10/24/2017 19:51:47	54.0	54.0	19.0709
10/24/2017 19:51:58	55.0	54.0	18.7192
10/24/2017 19:52:09	56.0	55.0	19.1176
10/24/2017 19:52:20	56.0	56.0	18.0247
10/24/2017 19:52:31	56.0	56.0	17.25
10/24/2017 19:52:42	54.0	53.0	19.656
10/24/2017 19:52:53	51.0	51.0	18.4539
10/24/2017 19:53:04	51.0	51.0	20.7317
10/24/2017 19:53:15	50.0	48.0	19.25
10/24/2017 19:53:26	48.0	48.0	18.9055
10/24/2017 19:53:37	48.0	47.0	20.5882
10/24/2017 19:53:48	48.0	47.0	21.5686
10/24/2017 19:53:59	48.0	48.0	19.5599
10/24/2017 19:54:10	50.0	50.0	21.6867
10/24/2017 19:54:21	51.0	51.0	19.2118
10/24/2017 19:54:32	53.0	53.0	17.866
10/24/2017 19:54:43	54.0	53.0	18.2266
10/24/2017 19:54:54	55.0	54.0	18.4729
10/24/2017 19:55:05	55.0	55.0	17.3267
10/24/2017 19:55:16	56.0	56.0	19.1646
10/24/2017 19:55:27	54.0	53.0	19.0594
10/24/2017 19:55:39	52.0	51.0	21.2195
10/24/2017 19:55:50	50.0	50.0	19.25
10/24/2017 19:56:01	49.0	49.0	21.5496
10/24/2017 19:56:12	49.0	48.0	21.0269
10/24/2017 19:56:23	48.0	47.0	20.2469
10/24/2017 19:56:34	47.0	46.0	20.0993
10/24/2017 19:56:45	49.0	48.0	20.3431
10/24/2017 19:56:56	51.0	50.0	20.4433
10/24/2017 19:57:07	52.0	52.0	18.0693
10/24/2017 19:57:18	53.0	53.0	18.5644
10/24/2017 19:57:29	54.0	54.0	16.5829
10/24/2017 19:57:40	55.0	54.0	17.7778
10/24/2017 19:57:51	56.0	55.0	18.2266
10/24/2017 19:58:02	57.0	55.0	18.7654
10/24/2017 19:58:13	55.0	54.0	20.2934
10/24/2017 19:58:24	52.0	53.0	19.9005
10/24/2017 19:58:35	51.0	50.0	20.936
10/24/2017 19:58:46	50.0	48.0	18.0905
10/24/2017 19:58:57	49.0	48.0	20.2469
10/24/2017 19:59:08	48.0	47.0	18.2957
10/24/2017 19:59:19	48.0	47.0	19.802
10/24/2017 19:59:30	48.0	48.0	18.6398
10/24/2017 19:59:41	50.0	50.0	16.624
10/24/2017 19:59:52	52.0	52.0	17.4242
10/24/2017 20:00:03	53.0	53.0	16.8342
10/24/2017 20:00:14	54.0	54.0	15.6962
10/24/2017 20:00:25	55.0	54.0	16.4557
10/24/2017 20:00:36	56.0	56.0	16.2907
10/24/2017 20:00:47	56.0	56.0	16.4141
10/24/2017 20:00:59	56.0	55.0	16.8342
10/24/2017 20:01:10	53.0	53.0	15.6812
10/24/2017 20:01:21	51.0	51.0	15.7216
10/24/2017 20:01:32	50.0	50.0	16.5375
10/24/2017 20:01:43	49.0	48.0	16.4103
10/24/2017 20:01:54	49.0	48.0	15.5039
10/24/2017 20:02:05	48.0	48.0	16.5803
10/24/2017 20:02:16	47.0	48.0	14.6214
10/24/2017 20:02:27	47.0	47.0	15.7761
10/24/2017 20:02:38	49.0	48.0	14.6214
10/24/2017 20:02:49	51.0	51.0	15.0259
10/24/2017 20:03:00	52.0	51.0	15.2062
10/24/2017 20:03:11	53.0	52.0	13.2124
10/24/2017 20:03:22	54.0	54.0	14.4703
10/24/2017 20:03:33	55.0	54.0	14.2487
10/24/2017 20:03:44	55.0	55.0	13.3159
10/24/2017 20:03:55	55.0	54.0	13.1234
10/24/2017 20:04:06	53.0	53.0	14.248
10/24/2017 20:04:17	51.0	51.0	12.8947
10/24/2017 20:04:28	50.0	49.0	14.1732
10/24/2017 20:04:39	49.0	49.0	14.7757
10/24/2017 20:04:50	48.0	47.0	13.6842
10/24/2017 20:05:01	48.0	47.0	13.9474
10/24/2017 20:05:12	48.0	48.0	14.7368
10/24/2017 20:05:23	50.0	50.0	13.9474
10/24/2017 20:05:34	51.0	51.0	14.7757
10/24/2017 20:05:45	52.0	52.0	12.336
10/24/2017 20:05:56	53.0	54.0	12.7937
10/24/2017 20:06:08	55.0	54.0	12.8609
10/24/2017 20:06:19	55.0	54.0	12.3684
10/24/2017 20:06:30	56.0	56.0	12.3037
10/24/2017 20:06:41	55.0	54.0	13.3858
10/24/2017 20:06:52	52.0	52.0	13.9474
10/24/2017 20:07:03	50.0	51.0	13.9842
10/24/2017 20:07:14	50.0	49.0	14.9606
10/24/2017 20:07:25	49.0	48.0	13.9474
10/24/2017 20:07:36	49.0	48.0	14.4357
10/24/2017 20:07:47	48.0	47.0	14.5503
10/24/2017 20:07:58	50.0	49.0	14.2105
10/24/2017 20:08:09	50.0	50.0	14.248
10/24/2017 20:08:20	51.0	51.0	12.6649
10/24/2017 20:08:31	53.0	53.0	12.4011
10/24/2017 20:08:42	54.0	53.0	13.6483
10/24/2017 20:08:53	55.0	54.0	12.8947
10/24/2017 20:09:04	55.0	55.0	11.8421
10/24/2017 20:09:15	56.0	55.0	12.4011
10/24/2017 20:09:26	54.0	54.0	13.4921
10/24/2017 20:09:37	52.0	53.0	13.7203
10/24/2017 20:09:48	51.0	51.0	15.2632
10/24/2017 20:09:59	50.0	49.0	14.4357
10/24/2017 20:10:10	48.0	48.0	14.8148
10/24/2017 20:10:21	48.0	48.0	15.2632
10/24/2017 20:10:32	48.0	47.0	14.248
10/24/2017 20:10:43	48.0	48.0	14.2105
10/24/2017 20:10:54	50.0	50.0	13.4565
10/24/2017 20:11:05	51.0	51.0	12.3684
10/24/2017 20:11:17	52.0	52.0	12.1693
10/24/2017 20:11:28	54.0	53.0	13.6483
10/24/2017 20:11:39	55.0	54.0	12.0419
10/24/2017 20:11:50	55.0	55.0	13.2275
10/24/2017 20:12:01	57.0	55.0	11.8421
10/24/2017 20:12:12	57.0	56.0	14.2105
10/24/2017 20:12:23	55.0	54.0	13.4565
10/24/2017 20:12:34	52.0	52.0	14.4737
10/24/2017 20:12:45	50.0	50.0	13.6483
10/24/2017 20:12:56	50.0	49.0	14.1333
10/24/2017 20:13:07	49.0	48.0	13.9842
10/24/2017 20:13:18	48.0	47.0	14.248
10/24/2017 20:13:29	48.0	46.0	13.7566
10/24/2017 20:13:40	47.0	47.0	14.4737
10/24/2017 20:13:51	49.0	48.0	14.1732
10/24/2017 20:14:02	50.0	51.0	13.9474
10/24/2017 20:14:13	52.0	51.0	13.6126
10/24/2017 20:14:24	53.0	52.0	13.089
10/24/2017 20:14:35	54.0	53.0	12.6649
10/24/2017 20:14:46	55.0	54.0	12.6316
10/24/2017 20:14:57	56.0	55.0	13.8381
10/24/2017 20:15:08	56.0	56.0	12.3684
10/24/2017 20:15:19	54.0	53.0	13.6842
10/24/2017 20:15:30	51.0	51.0	14.0212
10/24/2017 20:15:41	50.0	51.0	15
10/24/2017 20:15:52	49.0	49.0	13.9474
10/24/2017 20:16:03	48.0	48.0	14.5889
10/24/2017 20:16:14	48.0	48.0	13.9474
10/24/2017 20:16:26	48.0	47.0	14.2857
10/24/2017 20:16:37	47.0	47.0	14.3979
10/24/2017 20:16:48	48.0	48.0	14.2857
10/24/2017 20:16:59	50.0	50.0	12.4011
10/24/2017 20:17:10	51.0	51.0	12.0735
10/24/2017 20:17:21	52.0	53.0	12.8272
10/24/2017 20:17:32	54.0	53.0	12.4339
10/24/2017 20:17:43	55.0	54.0	12.336
10/24/2017 20:17:54	55.0	55.0	12.0735
10/24/2017 20:18:05	56.0	56.0	13.7566
10/24/2017 20:18:16	55.0	54.0	12.4668
10/24/2017 20:18:27	52.0	52.0	12.6316
10/24/2017 20:18:38	51.0	50.0	14.2857
10/24/2017 20:18:49	50.0	50.0	14.0584
10/24/2017 20:19:00	49.0	48.0	14.248
10/24/2017 20:19:11	48.0	48.0	14.4737
10/24/2017 20:19:22	48.0	47.0	14.1361
10/24/2017 20:19:33	47.0	47.0	14.7368
10/24/2017 20:19:44	49.0	48.0	13.6842
10/24/2017 20:19:55	51.0	51.0	14.2105
10/24/2017 20:20:06	52.0	52.0	12.6984
10/24/2017 20:20:17	53.0	52.0	12.1053
10/24/2017 20:20:28	54.0	54.0	12.7937
10/24/2017 20:20:39	55.0	54.0	13.0548
10/24/2017 20:20:50	56.0	56.0	12.3037
10/24/2017 20:21:01	56.0	56.0	12.6316
10/24/2017 20:21:12	54.0	54.0	13.6483
10/24/2017 20:21:23	52.0	52.0	13.6842
10/24/2017 20:21:35	51.0	51.0	13.9842
10/24/2017 20:21:46	50.0	50.0	13.9842
10/24/2017 20:21:57	50.0	48.0	14.2105
10/24/2017 20:22:08	49.0	47.0	14.5119
10/24/2017 20:22:19	48.0	47.0	14.248
10/24/2017 20:22:30	47.0	47.0	13.9842
10/24/2017 20:22:41	49.0	48.0	15.0396
10/24/2017 20:22:52	51.0	50.0	14.1732
10/24/2017 20:23:03	52.0	52.0	13.4565
10/24/2017 20:23:14	53.0	53.0	13.8743
10/24/2017 20:23:25	54.0	54.0	12.7937
10/24/2017 20:23:36	55.0	54.0	12.987
10/24/2017 20:23:47	56.0	55.0	14.3979
10/24/2017 20:23:58	58.0	57.0	12.5654
10/24/2017 20:24:09	55.0	54.0	12.2016
10/24/2017 20:24:20	53.0	53.0	15.0396
10/24/2017 20:24:31	51.0	51.0	13.4921
10/24/2017 20:24:42	50.0	50.0	14.8541
10/24/2017 20:24:53	49.0	48.0	13.4921
10/24/2017 20:25:04	49.0	48.0	14.2105
10/24/2017 20:25:15	47.0	47.0	13.8298
10/24/2017 20:25:26	47.0	47.0	13.9474
10/24/2017 20:25:37	48.0	48.0	14.2105
10/24/2017 20:25:48	50.0	50.0	15
10/24/2017 20:25:59	51.0	52.0	12.9288
10/24/2017 20:26:10	53.0	53.0	12.3684
10/24/2017 20:26:21	54.0	54.0	13.1234
10/24/2017 20:26:32	55.0	54.0	11.8734
10/24/2017 20:26:43	55.0	55.0	12.336
10/24/2017 20:26:55	56.0	56.0	13.3159
10/24/2017 20:27:06	55.0	54.0	13.3858
10/24/2017 20:27:17	52.0	52.0	14.5503
10/24/2017 20:27:28	51.0	51.0	13.7566
10/24/2017 20:27:39	50.0	49.0	13.7203
10/24/2017 20:27:50	49.0	48.0	15.445
10/24/2017 20:28:01	48.0	48.0	13.7566
10/24/2017 20:28:12	47.0	47.0	13.9474
10/24/2017 20:28:23	49.0	48.0	14.248
10/24/2017 20:28:34	51.0	50.0	13.5279
10/24/2017 20:28:45	52.0	51.0	12.1372
10/24/2017 20:28:56	53.0	53.0	13.1234
10/24/2017 20:29:07	54.0	54.0	12.963
10/24/2017 20:29:18	56.0	54.0	13.2468
10/24/2017 20:29:29	55.0	55.0	12.8609
10/24/2017 20:29:40	57.0	55.0	12.0735
10/24/2017 20:29:51	56.0	56.0	12.8609
10/24/2017 20:30:02	53.0	53.0	13.9842
10/24/2017 20:30:13	52.0	51.0	13.9474
10/24/2017 20:30:24	50.0	50.0	14.248
10/24/2017 20:30:35	49.0	48.0	13.9842
10/24/2017 20:30:46	48.0	48.0	13.9842
10/24/2017 20:30:57	47.0	47.0	15.0396
10/24/2017 20:31:08	48.0	48.0	13.9108
10/24/2017 20:31:19	50.0	49.0	14.2857
10/24/2017 20:31:30	51.0	51.0	14.7757
10/24/2017 20:31:41	52.0	52.0	12.336
10/24/2017 20:31:53	54.0	53.0	12.3037
10/24/2017 20:32:04	55.0	54.0	13.3508
10/24/2017 20:32:15	55.0	54.0	12.0419
10/24/2017 20:32:26	56.0	55.0	12.0735
10/24/2017 20:32:37	54.0	54.0	14.1711
10/24/2017 20:32:48	52.0	51.0	13.9108
10/24/2017 20:32:59	51.0	50.0	14.3617
10/24/2017 20:33:10	50.0	49.0	14.5833
10/24/2017 20:33:21	49.0	48.0	13.9842
10/24/2017 20:33:32	48.0	47.0	13.9842
10/24/2017 20:33:43	48.0	46.0	14.2105
10/24/2017 20:33:54	49.0	49.0	13.6126
10/24/2017 20:34:05	51.0	50.0	14.8438
10/24/2017 20:34:16	52.0	52.0	13.4211
10/24/2017 20:34:27	53.0	53.0	12.8609
10/24/2017 20:34:38	54.0	54.0	12.6316
10/24/2017 20:34:49	55.0	54.0	13.0548
10/24/2017 20:35:00	56.0	55.0	12.5
10/24/2017 20:35:11	57.0	55.0	13.8021
10/24/2017 20:35:22	55.0	54.0	13.4211
10/24/2017 20:35:33	52.0	52.0	14.3979
10/24/2017 20:35:44	51.0	51.0	14.1732
10/24/2017 20:35:55	50.0	49.0	13.9108
10/24/2017 20:36:06	48.0	48.0	14.6982
10/24/2017 20:36:17	49.0	48.0	13.9474
10/24/2017 20:36:28	48.0	47.0	14.4357
10/24/2017 20:36:39	48.0	48.0	14.9606
10/24/2017 20:36:50	50.0	50.0	13.1234
10/24/2017 20:37:02	51.0	51.0	14.4357
10/24/2017 20:37:13	52.0	52.0	13.1579
10/24/2017 20:37:24	53.0	54.0	12.5326
10/24/2017 20:37:35	54.0	53.0	13.3858
10/24/2017 20:37:46	55.0	54.0	12.7937
10/24/2017 20:37:57	56.0	55.0	12.7937
10/24/2017 20:38:08	57.0	56.0	12.5
10/24/2017 20:38:19	54.0	54.0	14.248
10/24/2017 20:38:30	51.0	52.0	13.1234
10/24/2017 20:38:41	50.0	50.0	14.0584
10/24/2017 20:38:52	49.0	49.0	13.9842
10/24/2017 20:39:03	48.0	48.0	13.4565
10/24/2017 20:39:14	48.0	47.0	14.4737
10/24/2017 20:39:25	47.0	47.0	14.4737
10/24/2017 20:39:36	49.0	48.0	13.7566
10/24/2017 20:39:47	50.0	50.0	14.1361
10/24/2017 20:39:58	51.0	52.0	12.7937
10/24/2017 20:40:09	53.0	53.0	12.2715
10/24/2017 20:40:20	54.0	54.0	13.089
10/24/2017 20:40:31	54.0	54.0	12.7604
10/24/2017 20:40:42	55.0	55.0	11.6095
10/24/2017 20:40:53	56.0	55.0	12.5984
10/24/2017 20:41:04	55.0	54.0	12.3684
10/24/2017 20:41:15	52.0	52.0	14.2105
10/24/2017 20:41:26	51.0	51.0	15
10/24/2017 20:41:37	50.0	50.0	13.3858
10/24/2017 20:41:48	49.0	48.0	14.7368
10/24/2017 20:41:59	48.0	47.0	14.0212
10/24/2017 20:42:11	47.0	47.0	13.9474
10/24/2017 20:42:22	49.0	48.0	13.9108
10/24/2017 20:42:33	51.0	50.0	13.7203
10/24/2017 20:42:44	52.0	52.0	12.7604
10/24/2017 20:42:55	53.0	52.0	13.6483
10/24/2017 20:43:06	54.0	54.0	12.336
10/24/2017 20:43:17	55.0	54.0	12.5326
10/24/2017 20:43:28	56.0	55.0	12.8272
10/24/2017 20:43:39	56.0	55.0	13.3508
10/24/2017 20:43:50	56.0	54.0	13.0548
10/24/2017 20:44:01	53.0	53.0	13.2626
10/24/2017 20:44:12	50.0	51.0	14.1732
10/24/2017 20:44:23	50.0	50.0	14.2105
10/24/2017 20:44:34	49.0	49.0	14.6982
10/24/2017 20:44:45	48.0	48.0	13.9108
10/24/2017 20:44:56	48.0	47.0	13.7566
10/24/2017 20:45:07	47.0	47.0	14.4737
10/24/2017 20:45:18	49.0	48.0	12.963
10/24/2017 20:45:29	50.0	50.0	12.963
10/24/2017 20:45:40	52.0	51.0	11.8734
10/24/2017 20:45:51	53.0	53.0	12.5326
10/24/2017 20:46:02	54.0	53.0	13.089
10/24/2017 20:46:13	55.0	54.0	13.0208
10/24/2017 20:46:24	56.0	55.0	12.7604
10/24/2017 20:46:35	56.0	56.0	13.1579
10/24/2017 20:46:46	54.0	54.0	12.336
10/24/2017 20:46:57	52.0	52.0	14.5119
10/24/2017 20:47:08	50.0	51.0	13.9474
10/24/2017 20:47:19	49.0	49.0	14.248
10/24/2017 20:47:31	49.0	48.0	13.7931
10/24/2017 20:47:42	48.0	48.0	14.3979
10/24/2017 20:47:53	47.0	47.0	14.1361
10/24/2017 20:48:04	47.0	46.0	14.4357
10/24/2017 20:48:15	49.0	48.0	14.1732
10/24/2017 20:48:26	50.0	50.0	13.6842
10/24/2017 20:48:37	51.0	51.0	12.9288
10/24/2017 20:48:48	53.0	53.0	12.7937
10/24/2017 20:48:59	54.0	54.0	12.5
10/24/2017 20:49:10	54.0	54.0	13.0208
10/24/2017 20:49:21	56.0	56.0	12.5654
10/24/2017 20:49:32	56.0	56.0	12.7937
10/24/2017 20:49:43	54.0	54.0	13.9108
10/24/2017 20:49:54	52.0	53.0	13.9108
10/24/2017 20:50:05	51.0	51.0	19.4737
10/24/2017 20:50:16	50.0	50.0	13.6483
10/24/2017 20:50:27	49.0	48.0	13.9108
10/24/2017 20:50:38	48.0	48.0	14.6597
10/24/2017 20:50:49	48.0	47.0	13.6483
10/24/2017 20:51:00	47.0	47.0	13.9474
10/24/2017 20:51:11	47.0	47.0	14.248
10/24/2017 20:51:22	49.0	49.0	14.0212
10/24/2017 20:51:33	51.0	51.0	12.8609
10/24/2017 20:51:44	52.0	52.0	13.3159
10/24/2017 20:51:55	54.0	53.0	11.5789
10/24/2017 20:52:06	54.0	53.0	12.7937
10/24/2017 20:52:17	55.0	54.0	12.0735
10/24/2017 20:52:28	56.0	55.0	12.3037
10/24/2017 20:52:40	57.0	57.0	12.8272
10/24/2017 20:52:51	55.0	54.0	13.6483
10/24/2017 20:53:02	52.0	53.0	13.6126
10/24/2017 20:53:13	51.0	51.0	14.5119
10/24/2017 20:53:24	50.0	50.0	13.9108
10/24/2017 20:53:35	49.0	49.0	13.7566
10/24/2017 20:53:46	48.0	48.0	14.6982
10/24/2017 20:53:57	47.0	46.0	13.2275
10/24/2017 20:54:08	47.0	47.0	13.2626
10/24/2017 20:54:19	49.0	49.0	14.7368
10/24/2017 20:54:30	50.0	51.0	12.7937
10/24/2017 20:54:41	51.0	52.0	12.8272
10/24/2017 20:54:52	53.0	53.0	13.089
10/24/2017 20:55:03	54.0	53.0	13.1234
10/24/2017 20:55:14	55.0	54.0	13.6951
10/24/2017 20:55:25	55.0	55.0	11.811
10/24/2017 20:55:36	55.0	54.0	12.5326
10/24/2017 20:55:47	52.0	53.0	13.4565
10/24/2017 20:55:58	51.0	51.0	13.7931
10/24/2017 20:56:09	49.0	50.0	13.6842
10/24/2017 20:56:20	49.0	48.0	14.7757
10/24/2017 20:56:31	48.0	48.0	13.6483
10/24/2017 20:56:42	48.0	47.0	14.6597
10/24/2017 20:56:53	47.0	47.0	14.2105
10/24/2017 20:57:04	48.0	48.0	14.1732
10/24/2017 20:57:15	49.0	51.0	17.7546
10/24/2017 20:57:26	52.0	51.0	16.5354
10/24/2017 20:57:37	54.0	54.0	14.1732
10/24/2017 20:57:49	54.0	55.0	18.5567
10/24/2017 20:58:00	55.0	56.0	15.5709
10/24/2017 20:58:12	53.0	54.0	14.0212
10/24/2017 20:58:23	52.0	52.0	18.2292
10/24/2017 20:58:34	51.0	51.0	16.188
10/24/2017 20:58:45	50.0	50.0	13.5279
10/24/2017 20:58:56	49.0	49.0	14.4357
10/24/2017 20:59:07	48.0	48.0	18.0628
10/24/2017 20:59:18	48.0	48.0	14.3236
10/24/2017 20:59:29	47.0	47.0	16.273
10/24/2017 20:59:40	48.0	47.0	13.9842
10/24/2017 20:59:51	47.0	47.0	16.1804
10/24/2017 21:00:03	48.0	47.0	16.9312
10/24/2017 21:00:14	49.0	50.0	16.3158
10/24/2017 21:00:25	51.0	51.0	16.4062
10/24/2017 21:00:36	53.0	53.0	13.8381
10/24/2017 21:00:47	54.0	53.0	12.7604
10/24/2017 21:00:58	55.0	54.0	12.8609
10/24/2017 21:01:09	55.0	54.0	12.336
10/24/2017 21:01:20	56.0	56.0	12.7604
10/24/2017 21:01:31	57.0	56.0	12.5984
10/24/2017 21:01:42	54.0	54.0	13.1234
10/24/2017 21:01:53	52.0	52.0	12.8947
10/24/2017 21:02:04	50.0	51.0	13.1579
10/24/2017 21:02:15	49.0	50.0	13.6842
10/24/2017 21:02:26	48.0	48.0	14.7368
10/24/2017 21:02:37	48.0	47.0	15.1436
10/24/2017 21:02:48	47.0	47.0	13.6842
10/24/2017 21:02:59	48.0	48.0	14.6982
10/24/2017 21:03:10	49.0	50.0	14.4357
10/24/2017 21:03:21	51.0	51.0	13.5417
10/24/2017 21:03:32	52.0	52.0	13.7662
10/24/2017 21:03:43	54.0	54.0	12.336
10/24/2017 21:03:54	54.0	54.0	12.1053
10/24/2017 21:04:05	56.0	55.0	12.7604
10/24/2017 21:04:16	56.0	56.0	12.6649
10/24/2017 21:04:27	54.0	54.0	13.3508
10/24/2017 21:04:38	52.0	52.0	14.6597
10/24/2017 21:04:49	50.0	51.0	14.1732
10/24/2017 21:05:00	49.0	50.0	14.4737
10/24/2017 21:05:11	48.0	49.0	13.9474
10/24/2017 21:05:23	48.0	48.0	13.4565
10/24/2017 21:05:34	47.0	47.0	13.5279
10/24/2017 21:05:45	48.0	47.0	14.4357
10/24/2017 21:05:56	49.0	49.0	13.9108
10/24/2017 21:06:07	51.0	51.0	14.8825
10/24/2017 21:06:18	51.0	53.0	12.336
10/24/2017 21:06:29	53.0	53.0	12.0735
10/24/2017 21:06:40	54.0	54.0	12.6649
10/24/2017 21:06:51	55.0	55.0	12.3037
10/24/2017 21:07:02	56.0	56.0	15.6499
10/24/2017 21:07:13	57.0	56.0	12.8947
10/24/2017 21:07:24	54.0	54.0	13.3508
10/24/2017 21:07:35	51.0	52.0	14.0992
10/24/2017 21:07:46	50.0	50.0	14.3979
10/24/2017 21:07:57	49.0	49.0	15.1042
10/24/2017 21:08:08	48.0	48.0	13.5279
10/24/2017 21:08:19	48.0	47.0	13.9842
10/24/2017 21:08:30	48.0	47.0	13.4565
10/24/2017 21:08:41	47.0	47.0	14.2105
10/24/2017 21:08:52	48.0	47.0	14.3979
10/24/2017 21:09:03	50.0	50.0	13.3858
10/24/2017 21:09:14	51.0	51.0	13.3858
10/24/2017 21:09:25	52.0	53.0	12.7604
10/24/2017 21:09:36	54.0	53.0	12.0419
10/24/2017 21:09:47	55.0	54.0	12.8609
10/24/2017 21:09:58	55.0	55.0	12.0419
10/24/2017 21:10:09	56.0	55.0	12.3037
10/24/2017 21:10:20	54.0	54.0	12.5654
10/24/2017 21:10:32	51.0	52.0	14.0992
10/24/2017 21:10:43	51.0	51.0	14.2105
10/24/2017 21:10:54	49.0	50.0	13.6842
10/24/2017 21:11:05	48.0	48.0	14.0212
10/24/2017 21:11:16	48.0	48.0	14.8825
10/24/2017 21:11:27	48.0	47.0	13.7203
10/24/2017 21:11:38	48.0	48.0	13.7203
10/24/2017 21:11:49	50.0	50.0	12.8609
10/24/2017 21:12:00	51.0	51.0	12.8947
10/24/2017 21:12:11	51.0	52.0	12.5654
10/24/2017 21:12:22	53.0	53.0	12.8609
10/24/2017 21:12:33	54.0	54.0	12.5326
10/24/2017 21:12:44	55.0	54.0	12.0735
10/24/2017 21:12:55	55.0	56.0	12.8609
10/24/2017 21:13:06	55.0	56.0	12.4675
10/24/2017 21:13:17	54.0	53.0	15.5844
10/24/2017 21:13:28	51.0	51.0	13.6483
10/24/2017 21:13:39	51.0	50.0	13.4565
10/24/2017 21:13:50	49.0	49.0	14.9215
10/24/2017 21:14:01	48.0	48.0	13.9474
10/24/2017 21:14:12	48.0	48.0	15
10/24/2017 21:14:23	48.0	47.0	14.2105
10/24/2017 21:14:34	49.0	48.0	13.7203
10/24/2017 21:14:45	50.0	50.0	13.9842
10/24/2017 21:14:56	52.0	52.0	12.5984
10/24/2017 21:15:07	53.0	53.0	12.0735
10/24/2017 21:15:18	54.0	54.0	12.5984
10/24/2017 21:15:30	54.0	54.0	12.4339
10/24/2017 21:15:41	55.0	54.0	13.2468
10/24/2017 21:15:52	56.0	55.0	13.4211
10/24/2017 21:16:03	55.0	55.0	12.5984
10/24/2017 21:16:14	52.0	53.0	13.3159
10/24/2017 21:16:25	51.0	51.0	14.4357
10/24/2017 21:16:36	49.0	49.0	13.577
10/24/2017 21:16:47	48.0	48.0	13.2275
10/24/2017 21:16:58	47.0	47.0	14.2105
10/24/2017 21:17:09	47.0	47.0	14.1361
10/24/2017 21:17:20	49.0	48.0	13.9108
10/24/2017 21:17:31	50.0	49.0	13.9474
10/24/2017 21:17:42	51.0	51.0	12.3037
10/24/2017 21:17:53	52.0	53.0	12.7604
10/24/2017 21:18:04	54.0	53.0	13.3508
10/24/2017 21:18:15	55.0	54.0	14.5455
10/24/2017 21:18:26	56.0	55.0	12.7604
10/24/2017 21:18:37	56.0	56.0	12.6316
10/24/2017 21:18:48	55.0	56.0	12.0735
10/24/2017 21:18:59	54.0	53.0	13.3159
10/24/2017 21:19:10	51.0	51.0	14.2105
10/24/2017 21:19:21	50.0	50.0	13.2275
10/24/2017 21:19:32	48.0	48.0	14.248
10/24/2017 21:19:43	48.0	48.0	13.6483
10/24/2017 21:19:54	47.0	47.0	13.3858
10/24/2017 21:20:05	48.0	49.0	14.2105
10/24/2017 21:20:16	51.0	51.0	12.336
10/24/2017 21:20:27	52.0	51.0	13.0548
10/24/2017 21:20:38	53.0	53.0	12.8272
10/24/2017 21:20:50	54.0	54.0	12.2715
10/24/2017 21:21:01	55.0	54.0	12.5654
10/24/2017 21:21:12	55.0	55.0	13.3858
10/24/2017 21:21:23	56.0	55.0	12.2078
10/24/2017 21:21:34	56.0	56.0	12.8947
10/24/2017 21:21:45	54.0	54.0	12.4011
10/24/2017 21:21:56	52.0	52.0	14.2105
10/24/2017 21:22:07	51.0	50.0	13.7931
10/24/2017 21:22:18	49.0	49.0	13.9842
10/24/2017 21:22:29	48.0	47.0	13.6842
10/24/2017 21:22:40	47.0	47.0	14.5119
10/24/2017 21:22:51	47.0	47.0	13.9108
10/24/2017 21:23:02	49.0	49.0	14.2105
10/24/2017 21:23:13	51.0	51.0	13.9108
10/24/2017 21:23:24	52.0	51.0	12.5
10/24/2017 21:23:35	52.0	53.0	12.4675
10/24/2017 21:23:46	54.0	54.0	12.9288
10/24/2017 21:23:57	54.0	54.0	12.5326
10/24/2017 21:24:08	55.0	55.0	12.5
10/24/2017 21:24:19	57.0	56.0	12.7604
10/24/2017 21:24:30	54.0	54.0	12.3684
10/24/2017 21:24:41	51.0	52.0	14.248
10/24/2017 21:24:52	50.0	50.0	14.0992
10/24/2017 21:25:03	49.0	48.0	13.9474
10/24/2017 21:25:14	48.0	47.0	13.9842
10/24/2017 21:25:25	48.0	47.0	13.6842
10/24/2017 21:25:36	48.0	48.0	12.766
10/24/2017 21:25:48	50.0	49.0	13.577
10/24/2017 21:25:59	51.0	51.0	12.336
10/24/2017 21:26:10	52.0	52.0	12.2715
10/24/2017 21:26:21	54.0	53.0	12.5984
10/24/2017 21:26:32	54.0	53.0	12.5326
10/24/2017 21:26:43	55.0	54.0	12.3037
10/24/2017 21:26:54	55.0	55.0	12.336
10/24/2017 21:27:05	56.0	56.0	12.7937
10/24/2017 21:27:16	56.0	55.0	12.9288
10/24/2017 21:27:27	54.0	53.0	13.3159
10/24/2017 21:27:38	51.0	51.0	13.9108
10/24/2017 21:27:49	50.0	49.0	14.5503
10/24/2017 21:28:00	49.0	48.0	13.3858
10/24/2017 21:28:11	48.0	47.0	14.248
10/24/2017 21:28:22	47.0	47.0	14.1732
10/24/2017 21:28:33	49.0	49.0	12.6316
10/24/2017 21:28:44	51.0	51.0	11.8421
10/24/2017 21:28:55	51.0	51.0	12.8609
10/24/2017 21:29:06	53.0	52.0	12.5326
10/24/2017 21:29:17	54.0	54.0	12.5326
10/24/2017 21:29:28	55.0	54.0	12.8947
10/24/2017 21:29:39	56.0	55.0	12.2396
10/24/2017 21:29:50	56.0	56.0	13.9108
10/24/2017 21:30:01	54.0	55.0	13.4211
10/24/2017 21:30:12	51.0	52.0	13.5279
10/24/2017 21:30:23	50.0	50.0	14.1732
10/24/2017 21:30:34	49.0	48.0	13.6483
10/24/2017 21:30:45	47.0	47.0	13.8743
10/24/2017 21:30:57	47.0	47.0	14.2105
10/24/2017 21:31:08	46.0	47.0	13.9474
10/24/2017 21:31:19	49.0	48.0	13.9474
10/24/2017 21:31:30	50.0	51.0	14.2105
10/24/2017 21:31:41	52.0	51.0	12.336
10/24/2017 21:31:52	52.0	53.0	13.3508
10/24/2017 21:32:03	54.0	54.0	13.3159
10/24/2017 21:32:14	55.0	54.0	11.7801
10/24/2017 21:32:25	55.0	55.0	11.7801
10/24/2017 21:32:36	55.0	55.0	13.089
10/24/2017 21:32:47	55.0	55.0	12.5
10/24/2017 21:32:58	52.0	53.0	14.1361
10/24/2017 21:33:09	51.0	50.0	13.1926
10/24/2017 21:33:20	49.0	50.0	14.248
10/24/2017 21:33:31	48.0	48.0	14.6597
10/24/2017 21:33:42	47.0	47.0	13.2626
10/24/2017 21:33:53	49.0	49.0	13.1234
10/24/2017 21:34:04	50.0	50.0	14.248
10/24/2017 21:34:15	51.0	51.0	12.0104
10/24/2017 21:34:26	52.0	53.0	12.336
10/24/2017 21:34:37	53.0	54.0	12.5984
10/24/2017 21:34:48	55.0	54.0	12.1053
10/24/2017 21:34:59	55.0	54.0	12.0419
10/24/2017 21:35:10	56.0	55.0	12.336
10/24/2017 21:35:21	56.0	56.0	11.3158
10/24/2017 21:35:32	53.0	53.0	13.0208
10/24/2017 21:35:43	51.0	51.0	13.9108
10/24/2017 21:35:54	50.0	50.0	13.6842
10/24/2017 21:36:06	48.0	48.0	14.6982
10/24/2017 21:36:17	47.0	47.0	12.9973
10/24/2017 21:36:28	48.0	47.0	13.2275
10/24/2017 21:36:39	50.0	49.0	14.2105
10/24/2017 21:36:50	51.0	51.0	13.089
10/24/2017 21:37:01	52.0	52.0	12.3037
10/24/2017 21:37:12	53.0	53.0	12.5984
10/24/2017 21:37:23	54.0	54.0	12.5326
10/24/2017 21:37:34	54.0	54.0	12.3684
10/24/2017 21:37:45	55.0	55.0	12.8272
10/24/2017 21:37:56	56.0	56.0	12.5
10/24/2017 21:38:07	55.0	54.0	12.6649
10/24/2017 21:38:18	52.0	51.0	14.0584
10/24/2017 21:38:29	50.0	50.0	13.6126
10/24/2017 21:38:40	49.0	49.0	14.5119
10/24/2017 21:38:51	48.0	47.0	13.7203
10/24/2017 21:39:02	47.0	47.0	13.5279
10/24/2017 21:39:13	48.0	48.0	14.4737
10/24/2017 21:39:24	50.0	50.0	13.3858
10/24/2017 21:39:35	51.0	51.0	13.4211
10/24/2017 21:39:46	52.0	53.0	12.0419
10/24/2017 21:39:57	53.0	53.0	12.1372
10/24/2017 21:40:08	54.0	53.0	12.5984
10/24/2017 21:40:19	55.0	54.0	13.577
10/24/2017 21:40:30	56.0	55.0	12.2715
10/24/2017 21:40:41	56.0	56.0	11.6095
10/24/2017 21:40:52	57.0	56.0	12.5326
10/24/2017 21:41:03	55.0	54.0	12.3684
10/24/2017 21:41:15	52.0	52.0	12.6649
10/24/2017 21:41:26	50.0	51.0	13.3858
10/24/2017 21:41:37	49.0	49.0	14.1732
10/24/2017 21:41:48	48.0	48.0	13.7203
10/24/2017 21:41:59	47.0	47.0	14.6214
10/24/2017 21:42:10	48.0	47.0	13.3858
10/24/2017 21:42:21	50.0	50.0	13.4211
10/24/2017 21:42:32	51.0	52.0	12.8609
10/24/2017 21:42:43	52.0	53.0	13.3508
10/24/2017 21:42:54	53.0	53.0	12.5654
10/24/2017 21:43:05	53.0	54.0	12.8272
10/24/2017 21:43:16	55.0	54.0	12.2715
10/24/2017 21:43:27	55.0	55.0	13.6483
10/24/2017 21:43:38	56.0	56.0	11.2861
10/24/2017 21:43:49	56.0	55.0	12.8272
10/24/2017 21:44:00	54.0	54.0	13.6842
10/24/2017 21:44:11	51.0	52.0	13.7203
10/24/2017 21:44:22	50.0	50.0	14.5503
10/24/2017 21:44:33	49.0	49.0	13.8743
10/24/2017 21:44:44	48.0	48.0	13.6483
10/24/2017 21:44:55	47.0	47.0	13.9842
10/24/2017 21:45:06	48.0	49.0	13.9842
10/24/2017 21:45:17	50.0	50.0	12.5984
10/24/2017 21:45:28	51.0	51.0	13.7203
10/24/2017 21:45:39	52.0	53.0	12.5326
10/24/2017 21:45:50	53.0	54.0	12.5654
10/24/2017 21:46:01	54.0	54.0	12.8609
10/24/2017 21:46:12	55.0	54.0	12.3037
10/24/2017 21:46:24	55.0	56.0	12.5
10/24/2017 21:46:35	56.0	55.0	13.0548
10/24/2017 21:46:46	54.0	53.0	13.3508
10/24/2017 21:46:57	51.0	51.0	13.7566
10/24/2017 21:47:08	50.0	50.0	13.9108
10/24/2017 21:47:19	49.0	48.0	13.4921
10/24/2017 21:47:30	48.0	48.0	13.4211
10/24/2017 21:47:41	47.0	47.0	13.9474
10/24/2017 21:47:52	49.0	50.0	13.6842
10/24/2017 21:48:03	50.0	51.0	13.5417
10/24/2017 21:48:14	51.0	52.0	12.9973
10/24/2017 21:48:25	52.0	53.0	12.1053
10/24/2017 21:48:36	53.0	53.0	12.8272
10/24/2017 21:48:47	54.0	54.0	12.3037
10/24/2017 21:48:58	55.0	55.0	12.3037
10/24/2017 21:49:09	56.0	55.0	12.0735
10/24/2017 21:49:20	56.0	56.0	12.0419
10/24/2017 21:49:31	54.0	54.0	13.4921
10/24/2017 21:49:42	51.0	51.0	14.2857
10/24/2017 21:49:53	50.0	50.0	14.1361
10/24/2017 21:50:04	49.0	48.0	13.7566
10/24/2017 21:50:15	47.0	48.0	13.4211
10/24/2017 21:50:26	48.0	48.0	13.9108
10/24/2017 21:50:37	49.0	49.0	13.8743
10/24/2017 21:50:48	51.0	51.0	13.3858
10/24/2017 21:50:59	52.0	52.0	11.8421
10/24/2017 21:51:10	52.0	53.0	13.3159
10/24/2017 21:51:21	54.0	53.0	12.0735
10/24/2017 21:51:32	55.0	54.0	11.7801
10/24/2017 21:51:44	55.0	55.0	13.089
10/24/2017 21:51:55	55.0	55.0	11.7801
10/24/2017 21:52:06	54.0	54.0	13.8743
10/24/2017 21:52:17	51.0	51.0	14.7368
10/24/2017 21:52:28	50.0	49.0	13.7203
10/24/2017 21:52:39	48.0	48.0	12.963
10/24/2017 21:52:50	47.0	47.0	14.1732
10/24/2017 21:53:01	47.0	48.0	13.1926
10/24/2017 21:53:12	49.0	49.0	14.4357
10/24/2017 21:53:23	51.0	51.0	13.1579
10/24/2017 21:53:34	51.0	52.0	12.5654
10/24/2017 21:53:45	52.0	53.0	12.7937
10/24/2017 21:53:56	54.0	54.0	13.089
10/24/2017 21:54:07	55.0	54.0	11.5486
10/24/2017 21:54:18	55.0	55.0	12.336
10/24/2017 21:54:29	56.0	55.0	12.5984
10/24/2017 21:54:40	55.0	54.0	12.8947
10/24/2017 21:54:51	51.0	52.0	14.5119
10/24/2017 21:55:02	51.0	50.0	14.6982
10/24/2017 21:55:13	49.0	49.0	13.6842
10/24/2017 21:55:24	48.0	47.0	13.9842
10/24/2017 21:55:35	47.0	46.0	13.5279
10/24/2017 21:55:46	48.0	47.0	14.1732
10/24/2017 21:55:57	50.0	50.0	12.8609
10/24/2017 21:56:08	51.0	51.0	13.4211
10/24/2017 21:56:19	51.0	52.0	12.5984
10/24/2017 21:56:30	53.0	53.0	11.7801
10/24/2017 21:56:42	54.0	54.0	12.5
10/24/2017 21:56:53	55.0	54.0	13.3858
10/24/2017 21:57:04	55.0	55.0	13.1234
10/24/2017 21:57:15	56.0	55.0	12.3037
10/24/2017 21:57:26	57.0	55.0	13.1579
10/24/2017 21:57:37	55.0	54.0	12.6316
10/24/2017 21:57:48	52.0	51.0	13.4565
10/24/2017 21:57:59	51.0	50.0	14.7368
10/24/2017 21:58:10	49.0	49.0	13.6483
10/24/2017 21:58:21	48.0	48.0	14.6214
10/24/2017 21:58:32	47.0	47.0	13.577
10/24/2017 21:58:43	48.0	48.0	13.6842
10/24/2017 21:58:54	49.0	49.0	14.8825
10/24/2017 21:59:05	51.0	51.0	14.0625
10/24/2017 21:59:16	52.0	52.0	11.8421
10/24/2017 21:59:27	53.0	53.0	12.4011
10/24/2017 21:59:38	54.0	54.0	12.7937
10/24/2017 21:59:49	55.0	54.0	12.3684
10/24/2017 22:00:00	55.0	55.0	12.336
10/24/2017 22:00:11	56.0	56.0	13.3508
10/24/2017 22:00:22	55.0	54.0	12.0735
10/24/2017 22:00:33	52.0	53.0	13.7931
10/24/2017 22:00:44	50.0	50.0	13.6842
10/24/2017 22:00:55	49.0	49.0	13.1234
10/24/2017 22:01:06	48.0	47.0	14.8825
10/24/2017 22:01:17	47.0	47.0	12.9288
10/24/2017 22:01:28	49.0	48.0	14.0212
10/24/2017 22:01:39	51.0	50.0	12.8609
10/24/2017 22:01:51	51.0	51.0	13.0548
10/24/2017 22:02:02	52.0	51.0	15.4856
10/24/2017 22:02:13	54.0	54.0	15.1832
10/24/2017 22:02:24	56.0	56.0	12.2396
10/24/2017 22:02:35	53.0	53.0	13.8743
10/24/2017 22:02:46	51.0	51.0	13.8743
10/24/2017 22:02:57	50.0	50.0	13.4565
10/24/2017 22:03:08	48.0	48.0	13.7931
10/24/2017 22:03:19	47.0	47.0	14.1361
10/24/2017 22:03:30	48.0	48.0	13.3508
10/24/2017 22:03:41	50.0	50.0	13.9108
10/24/2017 22:03:52	51.0	51.0	12.5654
10/24/2017 22:04:03	52.0	52.0	13.8381
10/24/2017 22:04:14	53.0	53.0	12.1053
10/24/2017 22:04:25	54.0	54.0	11.5486
10/24/2017 22:04:36	55.0	54.0	13.3159
10/24/2017 22:04:47	56.0	55.0	12.3037
10/24/2017 22:04:58	55.0	56.0	12.2715
10/24/2017 22:05:09	54.0	54.0	13.089
10/24/2017 22:05:20	52.0	51.0	13.6842
10/24/2017 22:05:31	50.0	50.0	13.4565
10/24/2017 22:05:42	49.0	48.0	14.2105
10/24/2017 22:05:53	48.0	47.0	13.4211
10/24/2017 22:06:04	47.0	47.0	13.4565
10/24/2017 22:06:15	48.0	47.0	13.9474
10/24/2017 22:06:26	49.0	50.0	12.6649
10/24/2017 22:06:37	51.0	51.0	12.1372
10/24/2017 22:06:48	52.0	52.0	12.3684
10/24/2017 22:06:59	53.0	53.0	12.3037
10/24/2017 22:07:11	54.0	54.0	12.8272
10/24/2017 22:07:22	55.0	54.0	11.811
10/24/2017 22:07:33	56.0	55.0	12.2715
10/24/2017 22:07:44	56.0	56.0	13.3508
10/24/2017 22:07:55	55.0	54.0	12.6984
10/24/2017 22:08:06	52.0	52.0	13.2275
10/24/2017 22:08:17	50.0	50.0	14.3979
10/24/2017 22:08:28	49.0	49.0	13.9474
10/24/2017 22:08:39	48.0	48.0	13.6842
10/24/2017 22:08:50	48.0	46.0	14.248
10/24/2017 22:09:01	47.0	46.0	13.6842
10/24/2017 22:09:12	49.0	48.0	13.7566
10/24/2017 22:09:23	51.0	50.0	13.6483
10/24/2017 22:09:34	52.0	51.0	11.8421
10/24/2017 22:09:45	53.0	53.0	12.7937
10/24/2017 22:09:56	54.0	53.0	12.7937
10/24/2017 22:10:07	55.0	54.0	12.3037
10/24/2017 22:10:18	55.0	54.0	12.336
10/24/2017 22:10:29	56.0	56.0	12.0735
10/24/2017 22:10:40	56.0	56.0	13.8021
10/24/2017 22:10:51	56.0	55.0	12.8947
10/24/2017 22:11:02	51.0	53.0	13.7566
10/24/2017 22:11:13	50.0	51.0	13.7203
10/24/2017 22:11:24	49.0	49.0	13.7203
10/24/2017 22:11:35	48.0	48.0	13.7203
10/24/2017 22:11:46	48.0	47.0	13.4211
10/24/2017 22:11:57	47.0	46.0	13.6126
10/24/2017 22:12:08	49.0	49.0	13.4565
10/24/2017 22:12:20	50.0	50.0	12.9288
10/24/2017 22:12:31	51.0	51.0	12.7937
10/24/2017 22:12:42	52.0	53.0	13.8743
10/24/2017 22:12:53	54.0	53.0	12.8272
10/24/2017 22:13:04	55.0	54.0	12.1053
10/24/2017 22:13:15	55.0	54.0	12.2715
10/24/2017 22:13:26	56.0	56.0	12.3037
10/24/2017 22:13:37	56.0	56.0	12.1053
10/24/2017 22:13:48	54.0	54.0	13.0208
10/24/2017 22:13:59	52.0	53.0	13.9842
10/24/2017 22:14:10	50.0	50.0	13.2275
10/24/2017 22:14:21	49.0	49.0	14.4737
10/24/2017 22:14:32	49.0	48.0	13.7203
10/24/2017 22:14:43	47.0	47.0	15.2231
10/24/2017 22:14:54	47.0	46.0	13.6483
10/24/2017 22:15:05	49.0	50.0	14.248
10/24/2017 22:15:16	51.0	51.0	12.3037
10/24/2017 22:15:27	52.0	52.0	12.963
10/24/2017 22:15:38	53.0	53.0	11.811
10/24/2017 22:15:49	54.0	53.0	12.4011
10/24/2017 22:16:00	55.0	54.0	12.7937
10/24/2017 22:16:11	55.0	55.0	12.2715
10/24/2017 22:16:22	57.0	56.0	11.5486
10/24/2017 22:16:33	54.0	54.0	13.9108
10/24/2017 22:16:44	52.0	51.0	13.0319
10/24/2017 22:16:55	50.0	50.0	13.1926
10/24/2017 22:17:06	49.0	49.0	13.9842
10/24/2017 22:17:17	49.0	48.0	14.1732
10/24/2017 22:17:29	47.0	48.0	14.6982
10/24/2017 22:17:40	47.0	47.0	14.2105
10/24/2017 22:17:51	49.0	50.0	13.9108
10/24/2017 22:18:02	51.0	50.0	12.4011
10/24/2017 22:18:13	51.0	51.0	13.2812
10/24/2017 22:18:24	53.0	53.0	11.5789
10/24/2017 22:18:35	54.0	54.0	12.5984
10/24/2017 22:18:46	55.0	54.0	12.3037
10/24/2017 22:18:57	55.0	55.0	12.2715
10/24/2017 22:19:08	56.0	56.0	12.6316
10/24/2017 22:19:19	54.0	55.0	13.9108
10/24/2017 22:19:30	51.0	52.0	13.8743
10/24/2017 22:19:41	50.0	51.0	14.2105
10/24/2017 22:19:52	49.0	49.0	13.6842
10/24/2017 22:20:03	48.0	47.0	13.2275
10/24/2017 22:20:14	48.0	48.0	14.9215
10/24/2017 22:20:25	48.0	48.0	13.9108
10/24/2017 22:20:36	49.0	48.0	13.6483
10/24/2017 22:20:47	50.0	50.0	12.5984
10/24/2017 22:20:58	51.0	51.0	12.3684
10/24/2017 22:21:09	53.0	53.0	12.3684
10/24/2017 22:21:20	54.0	54.0	12.5326
10/24/2017 22:21:31	55.0	54.0	11.5486
10/24/2017 22:21:42	55.0	55.0	12.8609
10/24/2017 22:21:53	56.0	55.0	12.2715
10/24/2017 22:22:04	56.0	56.0	12.5654
10/24/2017 22:22:15	52.0	53.0	13.6126
10/24/2017 22:22:26	51.0	51.0	13.8743
10/24/2017 22:22:38	50.0	50.0	13.4921
10/24/2017 22:22:49	48.0	49.0	13.9474
10/24/2017 22:23:00	48.0	47.0	13.6842
10/24/2017 22:23:11	47.0	47.0	14.1732
10/24/2017 22:23:22	47.0	47.0	14.5503
10/24/2017 22:23:33	49.0	49.0	13.1926
10/24/2017 22:23:44	50.0	50.0	14.2105
10/24/2017 22:23:55	52.0	51.0	12.2715
10/24/2017 22:24:06	53.0	53.0	12.5326
10/24/2017 22:24:17	54.0	54.0	12.5984
10/24/2017 22:24:28	55.0	54.0	12.2715
10/24/2017 22:24:39	55.0	54.0	12.3684
10/24/2017 22:24:50	56.0	55.0	12.7937
10/24/2017 22:25:01	56.0	56.0	11.811
10/24/2017 22:25:12	54.0	53.0	12.3037
10/24/2017 22:25:23	52.0	51.0	14.3979
10/24/2017 22:25:34	50.0	51.0	13.7203
10/24/2017 22:25:45	49.0	48.0	13.4211
10/24/2017 22:25:56	48.0	48.0	14.1732
10/24/2017 22:26:07	48.0	47.0	13.7566
10/24/2017 22:26:18	48.0	47.0	13.7203
10/24/2017 22:26:29	50.0	49.0	12.9288
10/24/2017 22:26:40	51.0	51.0	13.3508
10/24/2017 22:26:51	52.0	52.0	13.0548
10/24/2017 22:27:02	53.0	52.0	15.9269
10/24/2017 22:27:13	54.0	54.0	12.5
10/24/2017 22:27:24	55.0	54.0	12.8609
10/24/2017 22:27:35	56.0	55.0	12.7937
10/24/2017 22:27:47	56.0	56.0	12.5
10/24/2017 22:27:58	57.0	56.0	12.3684
10/24/2017 22:28:09	54.0	54.0	12.6316
10/24/2017 22:28:20	51.0	52.0	15.2231
10/24/2017 22:28:31	50.0	50.0	13.9842
10/24/2017 22:28:42	49.0	49.0	12.6984
10/24/2017 22:28:53	48.0	48.0	13.9474
10/24/2017 22:29:04	47.0	47.0	14.3979
10/24/2017 22:29:15	49.0	48.0	14.4357
10/24/2017 22:29:26	50.0	50.0	13.6483
10/24/2017 22:29:37	51.0	51.0	13.2812
10/24/2017 22:29:48	52.0	53.0	12.0735
10/24/2017 22:29:59	53.0	54.0	12.8609
10/24/2017 22:30:10	53.0	54.0	12.0735
10/24/2017 22:30:21	55.0	54.0	11.8421
10/24/2017 22:30:32	56.0	56.0	12.5984
10/24/2017 22:30:43	56.0	56.0	12.0735
10/24/2017 22:30:54	54.0	54.0	12.8609
10/24/2017 22:31:05	52.0	53.0	14.1732
10/24/2017 22:31:16	50.0	51.0	13.9108
10/24/2017 22:31:27	49.0	49.0	13.7203
10/24/2017 22:31:38	48.0	48.0	13.7931
10/24/2017 22:31:49	48.0	47.0	14.0992
10/24/2017 22:32:00	48.0	48.0	13.9842
10/24/2017 22:32:11	50.0	50.0	12.8947
10/24/2017 22:32:22	51.0	51.0	13.089
10/24/2017 22:32:33	52.0	53.0	12.1372
10/24/2017 22:32:44	53.0	54.0	12.5326
10/24/2017 22:32:55	54.0	54.0	12.5984
10/24/2017 22:33:07	55.0	55.0	13.089
10/24/2017 22:33:18	55.0	55.0	11.5486
10/24/2017 22:33:29	56.0	56.0	12.4675
10/24/2017 22:33:40	57.0	56.0	12.3037
10/24/2017 22:33:51	55.0	54.0	13.1926
10/24/2017 22:34:02	52.0	52.0	13.4211
10/24/2017 22:34:13	50.0	51.0	14.3979
10/24/2017 22:34:24	49.0	48.0	13.9108
10/24/2017 22:34:35	48.0	48.0	13.9842
10/24/2017 22:34:46	48.0	47.0	13.4211
10/24/2017 22:34:57	49.0	49.0	12.8609
10/24/2017 22:35:08	50.0	50.0	14.1732
10/24/2017 22:35:19	51.0	51.0	13.089
10/24/2017 22:35:30	53.0	53.0	12.7604
10/24/2017 22:35:41	54.0	54.0	13.0548
10/24/2017 22:35:52	54.0	53.0	12.1372
10/24/2017 22:36:03	55.0	55.0	12.2715
10/24/2017 22:36:14	55.0	55.0	12.336
10/24/2017 22:36:25	56.0	55.0	11.8421
10/24/2017 22:36:36	56.0	56.0	12.7937
10/24/2017 22:36:47	54.0	53.0	13.577
10/24/2017 22:36:58	51.0	51.0	14.2105
10/24/2017 22:37:09	50.0	50.0	13.2979
10/24/2017 22:37:20	49.0	48.0	15.4047
10/24/2017 22:37:31	47.0	47.0	13.6483
10/24/2017 22:37:42	47.0	47.0	13.7566
10/24/2017 22:37:53	49.0	49.0	13.3508
10/24/2017 22:38:04	50.0	50.0	12.5984
10/24/2017 22:38:16	52.0	51.0	12.6316
10/24/2017 22:38:27	53.0	53.0	12.0419
10/24/2017 22:38:38	54.0	54.0	12.3684
10/24/2017 22:38:49	55.0	54.0	12.8609
10/24/2017 22:39:00	55.0	54.0	12.1053
10/24/2017 22:39:11	55.0	56.0	12.5
10/24/2017 22:39:22	56.0	56.0	13.4211
10/24/2017 22:39:33	54.0	54.0	12.8272
10/24/2017 22:39:44	52.0	53.0	13.9474
10/24/2017 22:39:55	50.0	51.0	15.1832
10/24/2017 22:40:06	48.0	48.0	13.9842
10/24/2017 22:40:17	48.0	48.0	13.4211
10/24/2017 22:40:28	47.0	47.0	13.9474
10/24/2017 22:40:39	48.0	48.0	13.6842
10/24/2017 22:40:50	50.0	50.0	13.4565
10/24/2017 22:41:01	51.0	51.0	12.8609
10/24/2017 22:41:12	52.0	53.0	12.0735
10/24/2017 22:41:23	53.0	53.0	13.3858
10/24/2017 22:41:34	54.0	54.0	13.0208
10/24/2017 22:41:45	54.0	54.0	11.6095
10/24/2017 22:41:56	55.0	55.0	13.9108
10/24/2017 22:42:07	56.0	56.0	17.5393
10/24/2017 22:42:18	55.0	55.0	16.188
10/24/2017 22:42:29	53.0	53.0	16.4062
10/24/2017 22:42:40	51.0	51.0	17.2775
10/24/2017 22:42:51	49.0	50.0	19.9475
10/24/2017 22:43:02	49.0	49.0	19.7917
10/24/2017 22:43:13	48.0	49.0	16.9271
10/24/2017 22:43:24	48.0	48.0	19.3211
10/24/2017 22:43:35	47.0	47.0	18.4416
10/24/2017 22:43:46	49.0	48.0	19.8433
10/24/2017 22:43:58	50.0	50.0	19.0104
10/24/2017 22:44:09	51.0	52.0	16.7979
10/24/2017 22:44:20	53.0	53.0	18.8976
10/24/2017 22:44:31	54.0	54.0	17.4026
10/24/2017 22:44:42	55.0	55.0	17.7083
10/24/2017 22:44:53	56.0	56.0	18.799
10/24/2017 22:45:04	56.0	57.0	16.6667
10/24/2017 22:45:15	54.0	54.0	16.5354
10/24/2017 22:45:26	52.0	51.0	19.3717
10/24/2017 22:45:37	51.0	51.0	19.4226
10/24/2017 22:45:48	50.0	50.0	18.7335
10/24/2017 22:45:59	49.0	50.0	17.6623
10/24/2017 22:46:10	48.0	48.0	15.6658
10/24/2017 22:46:21	48.0	47.0	16.1458
10/24/2017 22:46:32	48.0	48.0	16.1458
10/24/2017 22:46:43	47.0	47.0	17.4026
10/24/2017 22:46:54	49.0	49.0	18.4896
10/24/2017 22:47:05	51.0	51.0	18.0628
10/24/2017 22:47:16	51.0	52.0	17.7083
10/24/2017 22:47:27	53.0	54.0	17.1875
10/24/2017 22:47:38	55.0	55.0	16.5354
10/24/2017 22:47:49	55.0	55.0	19.0601
10/24/2017 22:48:00	56.0	57.0	19.0601
10/24/2017 22:48:11	54.0	55.0	17.5853
10/24/2017 22:48:22	52.0	53.0	17.4479
10/24/2017 22:48:33	51.0	51.0	16.2304
10/24/2017 22:48:44	50.0	50.0	18.8482
10/24/2017 22:48:55	49.0	50.0	18.7013
10/24/2017 22:49:06	48.0	48.0	18.0628
10/24/2017 22:49:17	48.0	48.0	19.3717
10/24/2017 22:49:28	48.0	48.0	16.7539
10/24/2017 22:49:39	47.0	47.0	18.799
10/24/2017 22:49:50	49.0	48.0	17.0604
10/24/2017 22:50:01	51.0	51.0	18.8976
10/24/2017 22:50:12	52.0	53.0	17.9688
10/24/2017 22:50:23	53.0	53.0	19.0104
10/24/2017 22:50:34	55.0	54.0	16.9271
10/24/2017 22:50:45	55.0	56.0	18.799
10/24/2017 22:50:57	57.0	56.0	17.2324
10/24/2017 22:51:08	56.0	56.0	15.0649
10/24/2017 22:51:19	53.0	53.0	18.5864
10/24/2017 22:51:30	52.0	51.0	19.6335
10/24/2017 22:51:41	52.0	51.0	19.3211
10/24/2017 22:51:52	50.0	50.0	19.171
10/24/2017 22:52:03	50.0	49.0	18.5864
10/24/2017 22:52:14	49.0	49.0	19.3717
10/24/2017 22:52:25	48.0	48.0	18.6842
10/24/2017 22:52:36	48.0	48.0	18.2768
10/24/2017 22:52:47	48.0	48.0	19.9475
10/24/2017 22:52:58	48.0	47.0	17.0157
10/24/2017 22:53:09	47.0	47.0	18.8976
10/24/2017 22:53:20	50.0	50.0	16.6667
10/24/2017 22:53:31	51.0	51.0	17.1875
10/24/2017 22:53:42	53.0	52.0	19.0104
10/24/2017 22:53:53	54.0	54.0	18.4416
10/24/2017 22:54:04	55.0	54.0	18.2768
10/24/2017 22:54:15	57.0	56.0	18.3938
10/24/2017 22:54:26	55.0	54.0	17.7546
10/24/2017 22:54:37	52.0	53.0	18.0879
10/24/2017 22:54:48	51.0	51.0	17.9221
10/24/2017 22:54:59	50.0	50.0	17.2324
10/24/2017 22:55:10	50.0	49.0	18.0157
10/24/2017 22:55:21	49.0	48.0	18.799
10/24/2017 22:55:32	49.0	48.0	19.3717
10/24/2017 22:55:43	48.0	48.0	16.9713
10/24/2017 22:55:54	49.0	47.0	17.8478
10/24/2017 22:56:05	48.0	47.0	17.9688
10/24/2017 22:56:16	48.0	47.0	18.4896
10/24/2017 22:56:27	47.0	47.0	17.5393
10/24/2017 22:56:38	50.0	50.0	17.4935
10/24/2017 22:56:49	52.0	52.0	19.0104
10/24/2017 22:57:00	54.0	53.0	17.2775
10/24/2017 22:57:11	55.0	54.0	19.2208
10/24/2017 22:57:22	55.0	55.0	17.801
10/24/2017 22:57:33	56.0	55.0	17.8947
10/24/2017 22:57:44	56.0	55.0	18.0628
10/24/2017 22:57:55	52.0	53.0	15.8442
10/24/2017 22:58:06	51.0	51.0	18.5864
10/24/2017 22:58:18	50.0	50.0	16.5375
10/24/2017 22:58:29	49.0	49.0	18.1102
10/24/2017 22:58:40	49.0	48.0	21.466
10/24/2017 22:58:51	49.0	48.0	17.3684
10/24/2017 22:59:02	48.0	48.0	18.799
10/24/2017 22:59:13	48.0	47.0	16.4491
10/24/2017 22:59:24	48.0	47.0	18.75
10/24/2017 22:59:35	48.0	47.0	18.0157
10/24/2017 22:59:46	48.0	47.0	20.4724
10/24/2017 22:59:57	50.0	49.0	17.7083
10/24/2017 23:00:08	51.0	50.0	18.1579
10/24/2017 23:00:19	51.0	52.0	16.3636
10/24/2017 23:00:30	54.0	52.0	18.5379
10/24/2017 23:00:41	55.0	54.0	17.7546
10/24/2017 23:00:52	56.0	55.0	18.8976
10/24/2017 23:01:03	57.0	56.0	20.6806
10/24/2017 23:01:14	56.0	55.0	18.3246
10/24/2017 23:01:25	54.0	53.0	17.7546
10/24/2017 23:01:36	52.0	51.0	18.6352
10/24/2017 23:01:47	51.0	50.0	17.8756
10/24/2017 23:01:58	50.0	49.0	17.4935
10/24/2017 23:02:09	50.0	48.0	20.5729
10/24/2017 23:02:20	48.0	48.0	19.0601
10/24/2017 23:02:31	48.0	47.0	19.2708
10/24/2017 23:02:42	48.0	47.0	17.1429
10/24/2017 23:02:53	48.0	47.0	17.0157
10/24/2017 23:03:04	48.0	48.0	17.801
10/24/2017 23:03:15	50.0	50.0	16.7102
10/24/2017 23:03:26	51.0	52.0	19.1099
10/24/2017 23:03:37	53.0	53.0	19.8953
10/24/2017 23:03:48	54.0	54.0	17.4026
10/24/2017 23:03:59	56.0	54.0	20
10/24/2017 23:04:10	56.0	55.0	16.7102
10/24/2017 23:04:21	56.0	55.0	18.0157
10/24/2017 23:04:32	53.0	53.0	18.8482
10/24/2017 23:04:43	52.0	51.0	18.4416
10/24/2017 23:04:54	50.0	51.0	17.9688
10/24/2017 23:05:05	50.0	50.0	20.0521
10/24/2017 23:05:16	49.0	49.0	19.3717
10/24/2017 23:05:28	49.0	48.0	18.8482
10/24/2017 23:05:39	48.0	48.0	18.799
10/24/2017 23:05:50	48.0	48.0	19.1601
10/24/2017 23:06:01	48.0	48.0	19.8433
10/24/2017 23:06:12	48.0	47.0	16.8831
10/24/2017 23:06:23	48.0	47.0	17.0604
10/24/2017 23:06:34	48.0	48.0	19.5312
10/24/2017 23:06:45	50.0	49.0	21.1886
10/24/2017 23:06:56	53.0	53.0	18.6047
10/24/2017 23:07:07	56.0	54.0	20.2073
10/24/2017 23:07:18	57.0	56.0	13.5417
10/24/2017 23:07:29	55.0	54.0	18.5379
10/24/2017 23:07:40	53.0	53.0	18.5379
10/24/2017 23:07:51	51.0	52.0	16.8865
10/24/2017 23:08:02	51.0	51.0	17.4935
10/24/2017 23:08:13	50.0	50.0	15.8854
10/24/2017 23:08:24	50.0	49.0	17.4935
10/24/2017 23:08:35	49.0	49.0	18.4416
10/24/2017 23:08:46	48.0	48.0	18.0157
10/24/2017 23:08:57	49.0	48.0	17.4026
10/24/2017 23:09:08	48.0	47.0	18.2768
10/24/2017 23:09:19	48.0	48.0	18.1347
10/24/2017 23:09:30	48.0	47.0	13.9474
10/24/2017 23:09:41	47.0	47.0	13.6483
10/24/2017 23:09:52	49.0	49.0	14.7757
10/24/2017 23:10:03	50.0	50.0	12.5984
10/24/2017 23:10:14	51.0	51.0	12.5326
10/24/2017 23:10:25	53.0	52.0	12.3684
10/24/2017 23:10:36	54.0	53.0	12.1053
10/24/2017 23:10:47	54.0	54.0	12.336
10/24/2017 23:10:58	55.0	55.0	12.8947
10/24/2017 23:11:09	56.0	55.0	12.0419
10/24/2017 23:11:20	57.0	56.0	13.3508
10/24/2017 23:11:31	56.0	55.0	12.5
10/24/2017 23:11:42	53.0	53.0	12.8272
10/24/2017 23:11:54	51.0	51.0	13.9474
10/24/2017 23:12:05	50.0	50.0	14.0212
10/24/2017 23:12:16	49.0	49.0	19.0104
10/24/2017 23:12:27	49.0	49.0	18.3727
10/24/2017 23:12:38	49.0	49.0	19.685
10/24/2017 23:12:49	48.0	48.0	17.5393
10/24/2017 23:13:00	48.0	48.0	16.7102
10/24/2017 23:13:11	48.0	48.0	15.9269
10/24/2017 23:13:22	48.0	48.0	16.6667
10/24/2017 23:13:33	48.0	48.0	17.0157
10/24/2017 23:13:44	48.0	46.0	18.2768
10/24/2017 23:13:55	48.0	48.0	18.2768
10/24/2017 23:14:06	49.0	50.0	16.7539
10/24/2017 23:14:17	51.0	51.0	17.5393
10/24/2017 23:14:28	53.0	53.0	17.9221
10/24/2017 23:14:39	55.0	54.0	17.4935
10/24/2017 23:14:50	56.0	55.0	17.7546
10/24/2017 23:15:01	56.0	56.0	19.4226
10/24/2017 23:15:12	55.0	54.0	19.0601
10/24/2017 23:15:23	52.0	52.0	17.801
10/24/2017 23:15:34	52.0	51.0	17.5853
10/24/2017 23:15:45	50.0	50.0	19.0601
10/24/2017 23:15:56	51.0	51.0	19.5822
10/24/2017 23:16:07	49.0	48.0	17.7546
10/24/2017 23:16:18	49.0	48.0	18.1102
10/24/2017 23:16:29	49.0	47.0	18.5864
10/24/2017 23:16:40	48.0	48.0	19.5822
10/24/2017 23:16:51	48.0	47.0	18.75
10/24/2017 23:17:02	48.0	48.0	20.6806
10/24/2017 23:17:13	49.0	49.0	20.5729
10/24/2017 23:17:24	51.0	51.0	19.6335
10/24/2017 23:17:35	52.0	53.0	17.2324
10/24/2017 23:17:46	55.0	54.0	19.3211
10/24/2017 23:17:57	55.0	54.0	15.8442
10/24/2017 23:18:08	57.0	56.0	18.2768
10/24/2017 23:18:19	56.0	55.0	16.3158
10/24/2017 23:18:30	54.0	53.0	16.8394
10/24/2017 23:18:42	52.0	51.0	14.9606
10/24/2017 23:18:53	50.0	50.0	14.5833
10/24/2017 23:19:04	50.0	50.0	17.2775
10/24/2017 23:19:15	49.0	48.0	18.6842
10/24/2017 23:19:26	49.0	48.0	17.4479
10/24/2017 23:19:37	49.0	48.0	17.7546
10/24/2017 23:19:48	48.0	49.0	19.0601
10/24/2017 23:19:59	47.0	48.0	17.801
10/24/2017 23:20:10	48.0	47.0	19.4301
10/24/2017 23:20:21	48.0	47.0	20.1044
10/24/2017 23:20:32	48.0	48.0	18.799
10/24/2017 23:20:43	50.0	51.0	12.8947
10/24/2017 23:20:54	51.0	51.0	13.4211
10/24/2017 23:21:05	52.0	53.0	12.5326
10/24/2017 23:21:16	53.0	53.0	13.3508
10/24/2017 23:21:27	54.0	54.0	13.089
10/24/2017 23:21:38	55.0	54.0	11.5789
10/24/2017 23:21:49	55.0	55.0	12.0735
10/24/2017 23:22:00	56.0	56.0	13.6483
10/24/2017 23:22:11	55.0	56.0	12.3037
10/24/2017 23:22:22	53.0	53.0	12.6649
10/24/2017 23:22:33	51.0	51.0	13.2275
10/24/2017 23:22:44	50.0	50.0	13.6483
10/24/2017 23:22:55	49.0	48.0	14.2857
10/24/2017 23:23:06	48.0	48.0	17.6623
10/24/2017 23:23:17	49.0	48.0	17.9688
10/24/2017 23:23:28	48.0	47.0	18.0157
10/24/2017 23:23:39	48.0	47.0	19.4226
10/24/2017 23:23:50	50.0	48.0	16.7539
10/24/2017 23:24:01	50.0	50.0	19.2208
10/24/2017 23:24:12	53.0	52.0	21.875
10/24/2017 23:24:23	54.0	53.0	20.8877
10/24/2017 23:24:34	55.0	55.0	18.3246
10/24/2017 23:24:45	55.0	56.0	21.039
10/24/2017 23:24:57	56.0	56.0	16.8394
10/24/2017 23:25:08	53.0	53.0	16.4921
10/24/2017 23:25:19	51.0	51.0	18.6047
10/24/2017 23:25:30	51.0	50.0	16.4062
10/24/2017 23:25:41	50.0	50.0	17.7083
10/24/2017 23:25:52	49.0	49.0	18.1347
10/24/2017 23:26:03	48.0	48.0	16.9713
10/24/2017 23:26:14	48.0	48.0	19.5312
10/24/2017 23:26:25	48.0	48.0	17.9688
10/24/2017 23:26:36	47.0	47.0	17.7546
10/24/2017 23:26:47	49.0	49.0	18.0157
10/24/2017 23:26:58	50.0	51.0	18.2292
10/24/2017 23:27:09	52.0	52.0	18.4211
10/24/2017 23:27:20	54.0	54.0	17.7083
10/24/2017 23:27:31	55.0	54.0	20.0521
10/24/2017 23:27:42	56.0	56.0	16.6234
10/24/2017 23:27:53	57.0	56.0	20
10/24/2017 23:28:04	55.0	54.0	17.4026
10/24/2017 23:28:15	53.0	53.0	18.6352
10/24/2017 23:28:26	52.0	51.0	17.1053
10/24/2017 23:28:37	51.0	51.0	18.75
10/24/2017 23:28:48	50.0	50.0	19.3717
10/24/2017 23:28:59	49.0	48.0	17.8478
10/24/2017 23:29:10	48.0	48.0	20.1571
10/24/2017 23:29:21	49.0	48.0	17.4142
10/24/2017 23:29:32	48.0	48.0	18.3463
10/24/2017 23:29:43	48.0	47.0	18.4896
10/24/2017 23:29:54	47.0	47.0	18.75
10/24/2017 23:30:05	49.0	48.0	16.8394
10/24/2017 23:30:16	51.0	50.0	18.1102
10/24/2017 23:30:27	52.0	52.0	18.3938
10/24/2017 23:30:38	54.0	53.0	17.1875
10/24/2017 23:30:49	55.0	54.0	17.4479
10/24/2017 23:31:00	56.0	56.0	17.3575
10/24/2017 23:31:11	55.0	55.0	17.0157
10/24/2017 23:31:22	52.0	53.0	17.4479
10/24/2017 23:31:33	51.0	52.0	17.1875
10/24/2017 23:31:44	50.0	51.0	18.3938
10/24/2017 23:31:56	49.0	50.0	17.7546
10/24/2017 23:32:07	49.0	48.0	17.6623
10/24/2017 23:32:18	49.0	48.0	19.0104
10/24/2017 23:32:29	48.0	48.0	18.0157
10/24/2017 23:32:40	48.0	47.0	18.1347
10/24/2017 23:32:51	48.0	47.0	19.4805
10/24/2017 23:33:02	48.0	47.0	18.5864
10/24/2017 23:33:13	47.0	47.0	18.2292
10/24/2017 23:33:24	49.0	49.0	17.6166
10/24/2017 23:33:35	51.0	51.0	18.0628
10/24/2017 23:33:46	53.0	53.0	18.4211
10/24/2017 23:33:57	54.0	54.0	15.9686
10/24/2017 23:34:08	55.0	54.0	17.3575
10/24/2017 23:34:19	56.0	55.0	19.7403
10/24/2017 23:34:30	55.0	56.0	19.2208
10/24/2017 23:34:41	54.0	54.0	23.7726
10/24/2017 23:34:52	54.0	53.0	19.8454
10/24/2017 23:35:03	54.0	53.0	18.1347
10/24/2017 23:35:14	53.0	52.0	20.2597
10/24/2017 23:35:25	51.0	51.0	20.155
10/24/2017 23:35:36	51.0	51.0	22.0779
10/24/2017 23:35:47	50.0	50.0	20.4663
10/24/2017 23:35:58	52.0	51.0	18.961
10/24/2017 23:36:09	51.0	50.0	19.5876
10/24/2017 23:36:20	51.0	50.0	20.3125
10/24/2017 23:36:31	51.0	50.0	21.9072
10/24/2017 23:36:42	50.0	50.0	19.9482
10/24/2017 23:36:53	51.0	50.0	18.9119
10/24/2017 23:37:04	50.0	50.0	19.6382
10/24/2017 23:37:15	50.0	50.0	13.4048
10/24/2017 23:37:26	48.0	48.0	18.7013
10/24/2017 23:37:37	47.0	47.0	19.0601
10/24/2017 23:37:48	49.0	48.0	16.6234
10/24/2017 23:37:59	51.0	50.0	17.1875
10/24/2017 23:38:10	51.0	52.0	19.3211
10/24/2017 23:38:21	53.0	53.0	18.9474
10/24/2017 23:38:32	54.0	54.0	18.3938
10/24/2017 23:38:43	56.0	55.0	16.9271
10/24/2017 23:38:54	57.0	55.0	19.0104
10/24/2017 23:39:06	56.0	55.0	16.5803
10/24/2017 23:39:17	54.0	53.0	16.9713
10/24/2017 23:39:28	52.0	51.0	18.3727
10/24/2017 23:39:39	50.0	51.0	16.8831
10/24/2017 23:39:50	50.0	49.0	18.9474
10/24/2017 23:40:01	49.0	48.0	16.9713
10/24/2017 23:40:12	48.0	48.0	18.0157
10/24/2017 23:40:23	49.0	48.0	17.4026
10/24/2017 23:40:34	48.0	48.0	17.7546
10/24/2017 23:40:45	48.0	47.0	18.0157
10/24/2017 23:40:56	50.0	50.0	20.9424
10/24/2017 23:41:07	51.0	51.0	18.0157
10/24/2017 23:41:18	53.0	53.0	18.6842
10/24/2017 23:41:29	54.0	53.0	18.3727
10/24/2017 23:41:40	55.0	54.0	18.1102
10/24/2017 23:41:51	56.0	55.0	18.0628
10/24/2017 23:42:02	56.0	55.0	16.273
10/24/2017 23:42:13	53.0	53.0	17.5393
10/24/2017 23:42:24	51.0	51.0	18.2768
10/24/2017 23:42:35	51.0	51.0	19.685
10/24/2017 23:42:46	50.0	50.0	18.0157
10/24/2017 23:42:57	49.0	49.0	18.2768
10/24/2017 23:43:08	49.0	48.0	19.3211
10/24/2017 23:43:19	48.0	47.0	17.801
10/24/2017 23:43:30	48.0	47.0	18.0157
10/24/2017 23:43:41	47.0	47.0	18.4896
10/24/2017 23:43:52	49.0	50.0	17.8295
10/24/2017 23:44:03	50.0	51.0	19.1601
10/24/2017 23:44:14	53.0	53.0	18.6528
10/24/2017 23:44:25	54.0	53.0	18.1347
10/24/2017 23:44:36	55.0	54.0	18.8482
10/24/2017 23:44:47	56.0	55.0	17.4479
10/24/2017 23:44:58	57.0	56.0	15.9269
10/24/2017 23:45:09	54.0	54.0	17.4935
10/24/2017 23:45:20	53.0	53.0	16.9271
10/24/2017 23:45:31	51.0	51.0	18.4416
10/24/2017 23:45:42	50.0	50.0	17.1429
10/24/2017 23:45:53	49.0	48.0	17.7546
10/24/2017 23:46:04	49.0	48.0	18.3246
10/24/2017 23:46:16	48.0	47.0	17.4026
10/24/2017 23:46:27	48.0	47.0	18.2292
10/24/2017 23:46:38	48.0	48.0	16.4491
10/24/2017 23:46:49	50.0	50.0	19.3717
10/24/2017 23:47:00	52.0	52.0	19.9475
10/24/2017 23:47:11	54.0	53.0	17.0157
10/24/2017 23:47:22	54.0	54.0	18.1102
10/24/2017 23:47:33	56.0	55.0	17.2775
10/24/2017 23:47:44	56.0	57.0	17.8947
10/24/2017 23:47:55	55.0	54.0	16.7102
10/24/2017 23:48:06	53.0	52.0	18.0157
10/24/2017 23:48:17	51.0	51.0	18.0628
10/24/2017 23:48:28	51.0	51.0	18.0157
10/24/2017 23:48:39	50.0	50.0	17.2324
10/24/2017 23:48:50	49.0	48.0	19.2208
10/24/2017 23:49:01	48.0	48.0	17.8947
10/24/2017 23:49:12	47.0	47.0	16.1039
10/24/2017 23:49:23	48.0	47.0	18.4416
10/24/2017 23:49:34	49.0	49.0	16.9271
10/24/2017 23:49:45	51.0	51.0	17.2324
10/24/2017 23:49:56	52.0	52.0	19.3211
10/24/2017 23:50:07	54.0	53.0	19.3717
10/24/2017 23:50:18	55.0	54.0	18.1102
10/24/2017 23:50:29	56.0	55.0	18.4211
10/24/2017 23:50:40	56.0	56.0	17.0984
10/24/2017 23:50:51	55.0	54.0	17.9221
10/24/2017 23:51:02	52.0	52.0	19.0104
10/24/2017 23:51:13	51.0	51.0	15.8031
10/24/2017 23:51:24	50.0	50.0	16.0622
10/24/2017 23:51:35	49.0	49.0	17.5393
10/24/2017 23:51:46	49.0	48.0	17.7083
10/24/2017 23:51:57	48.0	48.0	16.4491
10/24/2017 23:52:08	48.0	47.0	18.3727
10/24/2017 23:52:19	49.0	48.0	17.8295
10/24/2017 23:52:30	51.0	51.0	17.3228
10/24/2017 23:52:41	52.0	52.0	17.4479
10/24/2017 23:52:52	54.0	54.0	18.1102
10/24/2017 23:53:03	55.0	55.0	16.3636
10/24/2017 23:53:14	55.0	55.0	16.0526
10/24/2017 23:53:25	53.0	53.0	18.3463
10/24/2017 23:53:37	51.0	50.0	19.7917
10/24/2017 23:53:48	50.0	51.0	18.0628
10/24/2017 23:53:59	50.0	49.0	18.3727
10/24/2017 23:54:10	48.0	48.0	19.3717
10/24/2017 23:54:21	48.0	48.0	18.2768
10/24/2017 23:54:32	48.0	47.0	21.3542
10/24/2017 23:54:43	48.0	48.0	19.0601
10/24/2017 23:54:54	47.0	46.0	19.4737
10/24/2017 23:55:05	48.0	48.0	18.0157
10/24/2017 23:55:16	51.0	50.0	17.7083
10/24/2017 23:55:27	52.0	52.0	18.5864
10/24/2017 23:55:38	54.0	53.0	19.8433
10/24/2017 23:55:49	55.0	54.0	18.75
10/24/2017 23:56:00	56.0	55.0	19.171
10/24/2017 23:56:11	57.0	55.0	18.75
10/24/2017 23:56:22	54.0	54.0	18.0157
10/24/2017 23:56:33	52.0	51.0	20.3125
10/24/2017 23:56:44	51.0	51.0	18.4896
10/24/2017 23:56:55	50.0	50.0	15.0396
10/24/2017 23:57:06	49.0	48.0	19.7403
10/24/2017 23:57:17	49.0	48.0	18.4896
10/24/2017 23:57:28	48.0	47.0	17.1504
10/24/2017 23:57:39	48.0	48.0	18.7013
10/24/2017 23:57:50	48.0	47.0	17.7083
10/24/2017 23:58:01	47.0	48.0	20.3655
10/24/2017 23:58:12	49.0	49.0	18.4416
10/24/2017 23:58:23	51.0	51.0	18.5864
10/24/2017 23:58:34	53.0	53.0	19.1099
10/24/2017 23:58:45	55.0	54.0	19.0601
10/24/2017 23:58:56	55.0	54.0	18.0157
10/24/2017 23:59:07	56.0	56.0	19.3798
10/24/2017 23:59:18	54.0	54.0	18.3246
10/24/2017 23:59:29	52.0	52.0	17.5393
10/24/2017 23:59:40	51.0	51.0	18.4896
10/24/2017 23:59:51	50.0	49.0	18.2292
10/25/2017 00:00:02	49.0	49.0	16.6667
10/25/2017 00:00:13	49.0	48.0	17.2775
10/25/2017 00:00:25	49.0	48.0	17.5393
10/25/2017 00:00:36	48.0	48.0	18.9119
10/25/2017 00:00:47	47.0	47.0	18.1102
10/25/2017 00:00:58	47.0	46.0	18.9474
10/25/2017 00:01:09	50.0	49.0	18.0628
10/25/2017 00:01:20	50.0	51.0	16.9713
10/25/2017 00:01:31	52.0	53.0	18.3246
10/25/2017 00:01:42	54.0	54.0	11.3456
10/25/2017 00:01:53	54.0	54.0	20.6806
10/25/2017 00:02:04	56.0	55.0	17.2324
10/25/2017 00:02:15	57.0	57.0	16.9713
10/25/2017 00:02:26	54.0	54.0	17.9221
10/25/2017 00:02:37	52.0	52.0	17.4026
10/25/2017 00:02:48	50.0	51.0	17.0157
10/25/2017 00:02:59	50.0	49.0	18.7013
10/25/2017 00:03:10	50.0	50.0	18.799
10/25/2017 00:03:21	48.0	48.0	17.5853
10/25/2017 00:03:32	49.0	48.0	16.9713
10/25/2017 00:03:43	48.0	47.0	18.0879
10/25/2017 00:03:54	48.0	47.0	19.0601
10/25/2017 00:04:05	47.0	47.0	17.9688
10/25/2017 00:04:16	48.0	47.0	17.0157
10/25/2017 00:04:27	50.0	49.0	16.5375
10/25/2017 00:04:38	50.0	51.0	18.5864
10/25/2017 00:04:49	52.0	53.0	19.5822
10/25/2017 00:05:00	54.0	54.0	20.0521
10/25/2017 00:05:11	55.0	55.0	16.6667
10/25/2017 00:05:22	56.0	56.0	17.2775
10/25/2017 00:05:33	56.0	56.0	16.5354
10/25/2017 00:05:44	54.0	54.0	19.4805
10/25/2017 00:05:55	52.0	52.0	17.7083
10/25/2017 00:06:06	51.0	50.0	16.7959
10/25/2017 00:06:17	50.0	49.0	19.4805
10/25/2017 00:06:28	49.0	48.0	19.1214
10/25/2017 00:06:39	49.0	48.0	18.5864
10/25/2017 00:06:50	49.0	48.0	15.9269
10/25/2017 00:07:01	48.0	47.0	20.6266
10/25/2017 00:07:12	48.0	46.0	19.2708
10/25/2017 00:07:23	48.0	47.0	17.0984
10/25/2017 00:07:35	50.0	49.0	20.5729
10/25/2017 00:07:46	51.0	51.0	20.2632
10/25/2017 00:07:57	52.0	52.0	18.961
10/25/2017 00:08:08	54.0	54.0	17.4479
10/25/2017 00:08:19	55.0	55.0	18.3938
10/25/2017 00:08:30	57.0	55.0	18.75
10/25/2017 00:08:41	57.0	56.0	19.4301
10/25/2017 00:08:52	54.0	54.0	18.8976
10/25/2017 00:09:03	52.0	52.0	19.3717
10/25/2017 00:09:14	51.0	51.0	18.6842
10/25/2017 00:09:25	50.0	50.0	17.7546
10/25/2017 00:09:36	49.0	50.0	18.2292
10/25/2017 00:09:47	48.0	48.0	18.5864
10/25/2017 00:09:58	48.0	48.0	19.5822
10/25/2017 00:10:09	50.0	48.0	20.4188
10/25/2017 00:10:20	48.0	48.0	16.7959
10/25/2017 00:10:31	48.0	47.0	18.0157
10/25/2017 00:10:42	50.0	50.0	18.799
10/25/2017 00:10:53	51.0	51.0	17.5853
10/25/2017 00:11:04	53.0	53.0	16.8394
10/25/2017 00:11:15	53.0	54.0	18.4416
10/25/2017 00:11:26	55.0	54.0	17.2775
10/25/2017 00:11:37	56.0	55.0	18.6842
10/25/2017 00:11:48	56.0	55.0	18.6842
10/25/2017 00:11:59	53.0	53.0	17.4935
10/25/2017 00:12:10	51.0	51.0	16.6234
10/25/2017 00:12:21	50.0	50.0	17.1429
10/25/2017 00:12:32	49.0	49.0	17.1875
10/25/2017 00:12:43	48.0	49.0	17.3575
10/25/2017 00:12:54	48.0	48.0	18.4896
10/25/2017 00:13:05	48.0	48.0	18.75
10/25/2017 00:13:16	47.0	47.0	17.801
10/25/2017 00:13:27	47.0	48.0	17.7546
10/25/2017 00:13:38	49.0	50.0	18.1347
10/25/2017 00:13:49	51.0	51.0	18.4211
10/25/2017 00:14:00	52.0	52.0	18.799
10/25/2017 00:14:11	53.0	54.0	19.1099
10/25/2017 00:14:22	56.0	56.0	17.1875
10/25/2017 00:14:33	56.0	56.0	16.9713
10/25/2017 00:14:44	55.0	56.0	15.6658
10/25/2017 00:14:56	53.0	54.0	19.0104
10/25/2017 00:15:07	51.0	51.0	17.2324
10/25/2017 00:15:18	51.0	51.0	18.0879
10/25/2017 00:15:29	50.0	50.0	19.8454
10/25/2017 00:15:40	51.0	50.0	19.8966
10/25/2017 00:15:51	50.0	50.0	19.4301
10/25/2017 00:16:02	50.0	50.0	18.3938
10/25/2017 00:16:13	51.0	50.0	23.2558
10/25/2017 00:16:24	50.0	49.0	19.6891
10/25/2017 00:16:35	50.0	51.0	19.4805
10/25/2017 00:16:46	51.0	50.0	14.5119
10/25/2017 00:16:57	48.0	48.0	14.2487
10/25/2017 00:17:08	48.0	47.0	18.7013
10/25/2017 00:17:19	47.0	47.0	17.2324
10/25/2017 00:17:30	48.0	48.0	17.0157
10/25/2017 00:17:41	50.0	50.0	18.8976
10/25/2017 00:17:52	52.0	52.0	17.6623
10/25/2017 00:18:03	53.0	53.0	17.4935
10/25/2017 00:18:14	55.0	54.0	20.6806
10/25/2017 00:18:25	55.0	55.0	17.7546
10/25/2017 00:18:36	57.0	56.0	16.8394
10/25/2017 00:18:47	55.0	54.0	17.8478
10/25/2017 00:18:58	53.0	52.0	18.0628
10/25/2017 00:19:09	51.0	51.0	17.801
10/25/2017 00:19:20	51.0	50.0	16.4491
10/25/2017 00:19:31	49.0	50.0	18.4416
10/25/2017 00:19:42	49.0	48.0	19.0104
10/25/2017 00:19:53	48.0	47.0	18.2292
10/25/2017 00:20:04	48.0	47.0	17.7546
10/25/2017 00:20:15	49.0	49.0	19.0104
10/25/2017 00:20:26	50.0	51.0	18.2768
10/25/2017 00:20:37	51.0	52.0	17.801
10/25/2017 00:20:48	53.0	53.0	17.7546
10/25/2017 00:20:59	55.0	54.0	18.1102
10/25/2017 00:21:10	56.0	55.0	17.7083
10/25/2017 00:21:21	57.0	56.0	18.7013
10/25/2017 00:21:32	55.0	54.0	18.0628
10/25/2017 00:21:43	53.0	53.0	16.9713
10/25/2017 00:21:54	51.0	51.0	16.7102
10/25/2017 00:22:05	50.0	51.0	17.9688
10/25/2017 00:22:16	49.0	50.0	19.3211
10/25/2017 00:22:28	49.0	48.0	19.7917
10/25/2017 00:22:39	49.0	48.0	16.1458
10/25/2017 00:22:50	48.0	47.0	16.7102
10/25/2017 00:23:01	48.0	47.0	19.5312
10/25/2017 00:23:12	48.0	48.0	17.5393
10/25/2017 00:23:23	49.0	48.0	16.0622
10/25/2017 00:23:34	48.0	48.0	15.9269
10/25/2017 00:23:45	50.0	50.0	17.6623
10/25/2017 00:23:56	51.0	51.0	18.75
10/25/2017 00:24:07	53.0	53.0	16.5803
10/25/2017 00:24:18	54.0	54.0	17.9688
10/25/2017 00:24:29	55.0	54.0	18.2292
10/25/2017 00:24:40	56.0	56.0	18.0879
10/25/2017 00:24:51	58.0	57.0	17.7083
10/25/2017 00:25:02	55.0	54.0	19.7917
10/25/2017 00:25:13	53.0	53.0	18.4896
10/25/2017 00:25:24	51.0	51.0	17.1429
10/25/2017 00:25:35	50.0	51.0	17.801
10/25/2017 00:25:46	50.0	50.0	16.4921
10/25/2017 00:25:57	49.0	49.0	16.8831
10/25/2017 00:26:08	49.0	48.0	18.8482
10/25/2017 00:26:19	48.0	48.0	18.0628
10/25/2017 00:26:30	49.0	48.0	18.1818
10/25/2017 00:26:41	48.0	48.0	17.7083
10/25/2017 00:26:52	47.0	47.0	19.2708
10/25/2017 00:27:03	48.0	48.0	18.6528
10/25/2017 00:27:14	49.0	49.0	18.961
10/25/2017 00:27:25	51.0	51.0	20.2597
10/25/2017 00:27:36	52.0	53.0	18.8482
10/25/2017 00:27:47	54.0	53.0	19.3211
10/25/2017 00:27:58	55.0	55.0	19.5876
10/25/2017 00:28:09	58.0	57.0	19.6891
10/25/2017 00:28:20	56.0	55.0	19.7403
10/25/2017 00:28:31	55.0	54.0	18.3463
10/25/2017 00:28:42	54.0	53.0	17.6471
10/25/2017 00:28:53	52.0	53.0	21.5938
10/25/2017 00:29:04	51.0	52.0	21.3918
10/25/2017 00:29:15	52.0	51.0	19.7943
10/25/2017 00:29:26	51.0	51.0	21.9072
10/25/2017 00:29:37	52.0	51.0	18.863
10/25/2017 00:29:48	51.0	51.0	20.155
10/25/2017 00:29:59	51.0	51.0	21.447
10/25/2017 00:30:10	51.0	50.0	18.299
10/25/2017 00:30:21	52.0	50.0	18.8144
10/25/2017 00:30:32	51.0	50.0	19.7436
10/25/2017 00:30:44	51.0	51.0	19.8966
10/25/2017 00:30:55	50.0	51.0	21.0256
10/25/2017 00:31:06	50.0	50.0	19.3299
10/25/2017 00:31:17	50.0	50.0	20.3608
10/25/2017 00:31:28	51.0	51.0	19.7943
10/25/2017 00:31:39	51.0	50.0	18.299
10/25/2017 00:31:50	50.0	50.0	18.2051
10/25/2017 00:32:01	50.0	50.0	24.0933
10/25/2017 00:32:12	50.0	50.0	23.4375
10/25/2017 00:32:23	50.0	49.0	21.447
10/25/2017 00:32:34	51.0	50.0	19.1214
10/25/2017 00:32:45	50.0	50.0	19.2802
10/25/2017 00:32:56	50.0	49.0	23.7726
10/25/2017 00:33:07	51.0	50.0	20.6633
10/25/2017 00:33:18	49.0	49.0	20
10/25/2017 00:33:29	51.0	50.0	20.3608
10/25/2017 00:33:40	50.0	50.0	20.2046
10/25/2017 00:33:51	50.0	49.0	13.1579
10/25/2017 00:34:02	49.0	48.0	15.4047
10/25/2017 00:34:13	48.0	48.0	14.3979
10/25/2017 00:34:24	48.0	47.0	14.1361
10/25/2017 00:34:35	49.0	49.0	15.1436
10/25/2017 00:34:46	51.0	51.0	14.026
10/25/2017 00:34:57	51.0	52.0	13.2124
10/25/2017 00:35:08	53.0	53.0	13.3159
10/25/2017 00:35:19	54.0	54.0	19.0104
10/25/2017 00:35:30	56.0	55.0	21.3542
10/25/2017 00:35:41	57.0	56.0	22.2222
10/25/2017 00:35:52	55.0	54.0	20.9302
10/25/2017 00:36:03	55.0	54.0	21.0797
10/25/2017 00:36:14	52.0	52.0	20.4134
10/25/2017 00:36:25	51.0	51.0	20.6186
10/25/2017 00:36:36	51.0	51.0	21.1886
10/25/2017 00:36:47	51.0	51.0	23.3933
10/25/2017 00:36:58	51.0	51.0	17.4479
10/25/2017 00:37:09	51.0	51.0	23.1959
10/25/2017 00:37:20	50.0	50.0	20.4134
10/25/2017 00:37:31	52.0	51.0	20.4663
10/25/2017 00:37:42	50.0	50.0	19.7403
10/25/2017 00:37:53	51.0	50.0	20.4134
10/25/2017 00:38:04	51.0	51.0	21.4834
10/25/2017 00:38:15	50.0	50.0	22.6221
10/25/2017 00:38:26	50.0	50.0	19.8966
10/25/2017 00:38:37	51.0	49.0	21.1196
10/25/2017 00:38:49	50.0	51.0	22.4806
10/25/2017 00:39:00	50.0	49.0	19.1214
10/25/2017 00:39:11	51.0	50.0	21.3542
10/25/2017 00:39:22	51.0	50.0	20.3608
10/25/2017 00:39:33	51.0	50.0	20.5656
10/25/2017 00:39:44	51.0	50.0	19.5373
10/25/2017 00:39:55	50.0	50.0	20.7254
10/25/2017 00:40:06	51.0	50.0	21.3918
10/25/2017 00:40:17	51.0	50.0	21.7054
10/25/2017 00:40:28	50.0	50.0	18.2292
10/25/2017 00:40:39	51.0	50.0	19.9482
10/25/2017 00:40:50	50.0	50.0	20.5656
10/25/2017 00:41:01	51.0	50.0	21.1886
10/25/2017 00:41:12	51.0	50.0	20.0514
10/25/2017 00:41:23	51.0	50.0	21.9949
10/25/2017 00:41:34	50.0	50.0	21.1886
10/25/2017 00:41:45	51.0	50.0	18.9744
10/25/2017 00:41:56	52.0	50.0	19.8454
10/25/2017 00:42:07	50.0	49.0	20
10/25/2017 00:42:18	51.0	50.0	18.8144
10/25/2017 00:42:29	51.0	50.0	20
10/25/2017 00:42:40	51.0	50.0	20.6186
10/25/2017 00:42:51	51.0	50.0	19.3299
10/25/2017 00:43:02	50.0	50.0	21.2435
10/25/2017 00:43:13	50.0	50.0	23.3933
10/25/2017 00:43:24	51.0	50.0	19.8454
10/25/2017 00:43:35	51.0	51.0	20.5128
10/25/2017 00:43:46	50.0	49.0	19.5876
10/25/2017 00:43:57	50.0	50.0	19.6891
10/25/2017 00:44:08	51.0	50.0	20.1031
10/25/2017 00:44:19	51.0	51.0	20.3608
10/25/2017 00:44:30	50.0	50.0	20.2046
10/25/2017 00:44:41	50.0	50.0	20.6186
10/25/2017 00:44:52	50.0	49.0	19.9482
10/25/2017 00:45:03	50.0	49.0	20.6718
10/25/2017 00:45:14	50.0	50.0	17.6166
10/25/2017 00:45:25	51.0	49.0	18.2519
10/25/2017 00:45:36	51.0	49.0	18.3463
10/25/2017 00:45:47	50.0	49.0	21.6146
10/25/2017 00:45:58	49.0	48.0	19.9482
10/25/2017 00:46:09	50.0	49.0	23.5142
10/25/2017 00:46:20	50.0	49.0	20.0514
10/25/2017 00:46:31	51.0	49.0	22.1649
10/25/2017 00:46:42	50.0	48.0	21.5385
10/25/2017 00:46:53	50.0	48.0	20.8226
10/25/2017 00:47:04	49.0	48.0	19.2308
10/25/2017 00:47:15	50.0	48.0	19.4301
10/25/2017 00:47:26	50.0	49.0	18.6701
10/25/2017 00:47:37	50.0	48.0	20.9719
10/25/2017 00:47:48	50.0	49.0	22.3077
10/25/2017 00:47:59	50.0	49.0	20.3085
10/25/2017 00:48:10	50.0	48.0	20.3608
10/25/2017 00:48:21	49.0	48.0	19.1327
10/25/2017 00:48:32	49.0	48.0	20.5584
10/25/2017 00:48:43	50.0	48.0	21.2276
10/25/2017 00:48:54	49.0	48.0	21.9072
10/25/2017 00:49:05	49.0	48.0	20.8651
10/25/2017 00:49:16	49.0	48.0	22.2506
10/25/2017 00:49:28	49.0	48.0	19.9488
10/25/2017 00:49:39	49.0	48.0	21.1735
10/25/2017 00:49:50	48.0	48.0	21.1735
10/25/2017 00:50:01	49.0	48.0	23.6041
10/25/2017 00:50:12	49.0	48.0	20.5656
10/25/2017 00:50:23	48.0	48.0	20.6107
10/25/2017 00:50:34	49.0	47.0	21.5736
10/25/2017 00:50:45	49.0	48.0	19.5929
10/25/2017 00:50:56	52.0	51.0	20.2046
10/25/2017 00:51:07	54.0	53.0	20.5584
10/25/2017 00:51:18	55.0	55.0	21.0256
10/25/2017 00:51:29	57.0	55.0	20.2564
10/25/2017 00:51:40	56.0	55.0	18.4143
10/25/2017 00:51:51	55.0	53.0	21.883
10/25/2017 00:52:02	52.0	51.0	24.1206
10/25/2017 00:52:13	52.0	50.0	23.038
10/25/2017 00:52:24	52.0	51.0	22.2785
10/25/2017 00:52:35	51.0	50.0	22.0253
10/25/2017 00:52:46	49.0	49.0	21.7391
10/25/2017 00:52:57	50.0	50.0	24.5
10/25/2017 00:53:08	50.0	48.0	22.1106
10/25/2017 00:53:19	50.0	48.0	22.9219
10/25/2017 00:53:30	49.0	48.0	24.6883
10/25/2017 00:53:41	49.0	49.0	23.1156
10/25/2017 00:53:52	49.0	48.0	24.1975
10/25/2017 00:54:03	48.0	47.0	24.3108
10/25/2017 00:54:14	49.0	48.0	24.3781
10/25/2017 00:54:25	50.0	49.0	23.1527
10/25/2017 00:54:36	50.0	48.0	22.4439
10/25/2017 00:54:47	50.0	48.0	22.67
10/25/2017 00:54:58	48.0	47.0	23.2446
10/25/2017 00:55:09	50.0	48.0	22.9268
10/25/2017 00:55:20	50.0	48.0	24.6914
10/25/2017 00:55:31	49.0	48.0	24.0786
10/25/2017 00:55:42	48.0	47.0	25.2451
10/25/2017 00:55:53	49.0	48.0	25.0614
10/25/2017 00:56:04	49.0	48.0	24.7573
10/25/2017 00:56:15	49.0	49.0	24.5146
10/25/2017 00:56:26	52.0	51.0	25.9169
10/25/2017 00:56:37	53.0	53.0	25.6724
10/25/2017 00:56:48	57.0	54.0	25.6659
10/25/2017 00:56:59	57.0	56.0	25.7282
10/25/2017 00:57:10	56.0	54.0	26.506
10/25/2017 00:57:21	54.0	53.0	25.8993
10/25/2017 00:57:32	52.0	51.0	26.6827
10/25/2017 00:57:43	52.0	51.0	27.6029
10/25/2017 00:57:54	50.0	49.0	26.1283
10/25/2017 00:58:05	50.0	50.0	28.4337
10/25/2017 00:58:16	50.0	49.0	26.0664
10/25/2017 00:58:27	50.0	49.0	25.2983
10/25/2017 00:58:38	50.0	49.0	26.1905
10/25/2017 00:58:50	49.0	48.0	27.0335
10/25/2017 00:59:01	50.0	49.0	27.3608
10/25/2017 00:59:12	48.0	48.0	25.2404
10/25/2017 00:59:23	49.0	47.0	25.7757
10/25/2017 00:59:34	48.0	48.0	26.2651
10/25/2017 00:59:45	48.0	47.0	25.3589
10/25/2017 00:59:56	50.0	48.0	27.1186
10/25/2017 01:00:07	49.0	48.0	25.8993
10/25/2017 01:00:18	49.0	48.0	26.3033
10/25/2017 01:00:29	49.0	48.0	26.9048
10/25/2017 01:00:40	50.0	48.0	24.5783
10/25/2017 01:00:51	51.0	51.0	24.6341
10/25/2017 01:01:02	53.0	53.0	27.0784
10/25/2017 01:01:13	55.0	54.0	25.5422
10/25/2017 01:01:24	56.0	56.0	26.7773
10/25/2017 01:01:35	58.0	57.0	27.0983
10/25/2017 01:01:46	55.0	54.0	26.0664
10/25/2017 01:01:57	53.0	53.0	23.6585
10/25/2017 01:02:08	53.0	52.0	26.2651
10/25/2017 01:02:19	51.0	51.0	26.1283
10/25/2017 01:02:30	51.0	50.0	24.0964
10/25/2017 01:02:41	51.0	49.0	28.9474
10/25/2017 01:02:52	51.0	49.0	22.3881
10/25/2017 01:03:03	50.0	49.0	23.7864
10/25/2017 01:03:14	49.0	48.0	25.8537
10/25/2017 01:03:25	50.0	49.0	28.6765
10/25/2017 01:03:36	49.0	48.0	25.1816
10/25/2017 01:03:47	49.0	49.0	25.4854
10/25/2017 01:03:58	49.0	48.0	26.7773
10/25/2017 01:04:09	49.0	48.0	25.2983
10/25/2017 01:04:20	49.0	48.0	25.9524
10/25/2017 01:04:31	48.0	47.0	23.8554
10/25/2017 01:04:42	50.0	48.0	26.1905
10/25/2017 01:04:53	52.0	52.0	25.4854
10/25/2017 01:05:04	53.0	53.0	25.0602
10/25/2017 01:05:15	55.0	54.0	23.1144
10/25/2017 01:05:26	57.0	56.0	24.7573
10/25/2017 01:05:37	58.0	56.0	26.3415
10/25/2017 01:05:48	56.0	54.0	26.8765
10/25/2017 01:05:59	54.0	53.0	23.0392
10/25/2017 01:06:10	52.0	51.0	25.9169
10/25/2017 01:06:21	51.0	51.0	23.0958
10/25/2017 01:06:32	50.0	50.0	26.4563
10/25/2017 01:06:43	50.0	50.0	24.2054
10/25/2017 01:06:54	50.0	48.0	21.9212
10/25/2017 01:07:05	50.0	49.0	24.1379
10/25/2017 01:07:16	49.0	48.0	23.3415
10/25/2017 01:07:27	49.0	48.0	24.3243
10/25/2017 01:07:38	48.0	47.0	23.7624
10/25/2017 01:07:49	49.0	48.0	24.1895
10/25/2017 01:08:00	48.0	47.0	24.9383
10/25/2017 01:08:11	49.0	48.0	24.3243
10/25/2017 01:08:22	48.0	47.0	24.0099
10/25/2017 01:08:33	49.0	48.0	22.5
10/25/2017 01:08:44	51.0	51.0	24.57
10/25/2017 01:08:55	53.0	53.0	23.0198
10/25/2017 01:09:07	55.0	54.0	24.5658
10/25/2017 01:09:18	57.0	56.0	23.3251
10/25/2017 01:09:29	58.0	57.0	21.3568
10/25/2017 01:09:40	55.0	55.0	26.3682
10/25/2017 01:09:51	53.0	53.0	24.6231
10/25/2017 01:10:02	53.0	51.0	21.75
10/25/2017 01:10:13	51.0	51.0	23.7037
10/25/2017 01:10:24	51.0	49.0	24.8139
10/25/2017 01:10:35	50.0	50.0	23.3831
10/25/2017 01:10:46	51.0	50.0	24.3176
10/25/2017 01:10:57	50.0	50.0	24.3176
10/25/2017 01:11:08	50.0	48.0	23.8213
10/25/2017 01:11:19	49.0	48.0	24
10/25/2017 01:11:30	48.0	48.0	24.0695
10/25/2017 01:11:41	48.0	48.0	23.5149
10/25/2017 01:11:52	48.0	48.0	26.1084
10/25/2017 01:12:03	49.0	48.0	23.192
10/25/2017 01:12:14	51.0	50.0	24.8157
10/25/2017 01:12:25	54.0	53.0	25.1232
10/25/2017 01:12:36	56.0	54.0	24.0099
10/25/2017 01:12:47	57.0	55.0	25.3071
10/25/2017 01:12:58	56.0	55.0	24.6305
10/25/2017 01:13:09	54.0	53.0	25.9259
10/25/2017 01:13:20	53.0	53.0	24.2054
10/25/2017 01:13:31	52.0	51.0	23.4414
10/25/2017 01:13:42	51.0	50.0	22.4138
10/25/2017 01:13:53	51.0	50.0	22.1675
10/25/2017 01:14:04	48.0	48.0	25.9259
10/25/2017 01:14:15	48.0	48.0	22.8288
10/25/2017 01:14:26	49.0	48.0	25.8537
10/25/2017 01:14:37	50.0	48.0	24.57
10/25/2017 01:14:48	49.0	48.0	26.8949
10/25/2017 01:14:59	49.0	48.0	24.3842
10/25/2017 01:15:10	51.0	49.0	23.301
10/25/2017 01:15:21	53.0	53.0	23.8806
10/25/2017 01:15:32	55.0	54.0	23.9024
10/25/2017 01:15:43	56.0	55.0	24.8157
10/25/2017 01:15:54	57.0	56.0	23.7037
10/25/2017 01:16:05	56.0	56.0	25
10/25/2017 01:16:16	53.0	52.0	23.4414
10/25/2017 01:16:27	52.0	52.0	21.8362
10/25/2017 01:16:38	50.0	50.0	24.6305
10/25/2017 01:16:49	50.0	49.0	22.0551
10/25/2017 01:17:00	51.0	50.0	22.4747
10/25/2017 01:17:11	49.0	48.0	21.9697
10/25/2017 01:17:22	49.0	48.0	22.9798
10/25/2017 01:17:33	48.0	48.0	19.6429
10/25/2017 01:17:44	49.0	48.0	22.4227
10/25/2017 01:17:55	48.0	48.0	23.0769
10/25/2017 01:18:06	51.0	50.0	19.4301
10/25/2017 01:18:17	53.0	52.0	18.299
10/25/2017 01:18:28	55.0	54.0	20.2073
10/25/2017 01:18:39	55.0	55.0	18.8482
10/25/2017 01:18:50	57.0	57.0	12.336
10/25/2017 01:19:01	53.0	53.0	12.3684
10/25/2017 01:19:13	51.0	50.0	13.9842
10/25/2017 01:19:24	49.0	49.0	12.766
10/25/2017 01:19:35	49.0	48.0	14.5119
10/25/2017 01:19:46	48.0	47.0	14.5119
10/25/2017 01:19:57	49.0	49.0	14.0212
10/25/2017 01:20:08	50.0	50.0	12.3684
10/25/2017 01:20:19	51.0	51.0	12.6649
10/25/2017 01:20:30	53.0	52.0	12.2715
10/25/2017 01:20:41	54.0	53.0	12.336
10/25/2017 01:20:52	54.0	54.0	13.1234
10/25/2017 01:21:03	55.0	55.0	12.0735
10/25/2017 01:21:14	55.0	56.0	13.1579
10/25/2017 01:21:25	56.0	56.0	12.5654
10/25/2017 01:21:36	56.0	56.0	3.37662
10/25/2017 01:21:47	56.0	55.0	1.00756
10/25/2017 01:21:58	52.0	53.0	1.0101
10/25/2017 01:22:09	50.0	50.0	0.252525
10/25/2017 01:22:20	47.0	47.0	1.26263
