10/23/2017 20:53:29	57.0	56.0	0.251256
10/23/2017 20:53:40	51.0	52.0	1.25945
10/23/2017 20:53:51	49.0	49.0	0.251256
10/23/2017 20:54:02	48.0	47.0	0.753769
10/23/2017 20:54:13	49.0	48.0	29.0909
10/23/2017 20:54:24	54.0	51.0	16.7939
10/23/2017 20:54:36	51.0	51.0	21.5017
10/23/2017 20:54:47	53.0	53.0	16.8865
10/23/2017 20:54:58	55.0	54.0	15.8854
10/23/2017 20:55:09	56.0	55.0	20.8092
10/23/2017 20:55:20	55.0	55.0	19.8433
10/23/2017 20:55:31	56.0	56.0	17.6781
10/23/2017 20:55:42	56.0	56.0	18.4211
10/23/2017 20:55:53	54.0	54.0	19.5822
10/23/2017 20:56:04	52.0	52.0	18.0628
10/23/2017 20:56:15	51.0	51.0	18.1579
10/23/2017 20:56:26	50.0	50.0	18.3727
10/23/2017 20:56:37	49.0	49.0	19.3211
10/23/2017 20:56:48	49.0	49.0	16.8831
10/23/2017 20:56:59	48.0	48.0	17.7249
10/23/2017 20:57:10	48.0	47.0	18.1818
10/23/2017 20:57:21	48.0	47.0	16.8831
10/23/2017 20:57:32	48.0	47.0	18.6352
10/23/2017 20:57:43	51.0	49.0	18.75
10/23/2017 20:57:54	52.0	51.0	12.3037
10/23/2017 20:58:05	53.0	52.0	12.0735
10/23/2017 20:58:16	53.0	53.0	13.3508
10/23/2017 20:58:27	54.0	54.0	12.8609
10/23/2017 20:58:38	55.0	54.0	11.8421
10/23/2017 20:58:49	55.0	55.0	13.2812
10/23/2017 20:59:00	55.0	55.0	12.3684
10/23/2017 20:59:11	56.0	56.0	11.1111
10/23/2017 20:59:22	55.0	54.0	12.6649
10/23/2017 20:59:33	52.0	53.0	13.9474
10/23/2017 20:59:44	50.0	51.0	13.4565
10/23/2017 20:59:55	49.0	49.0	13.1579
10/23/2017 21:00:07	48.0	48.0	14.5119
10/23/2017 21:00:18	49.0	47.0	13.4211
10/23/2017 21:00:29	47.0	47.0	13.6842
10/23/2017 21:00:40	49.0	48.0	13.9474
10/23/2017 21:00:51	50.0	51.0	13.3858
10/23/2017 21:01:02	51.0	51.0	12.0735
10/23/2017 21:01:13	52.0	53.0	12.3037
10/23/2017 21:01:24	54.0	54.0	12.5326
10/23/2017 21:01:35	55.0	54.0	14.1732
10/23/2017 21:01:46	56.0	56.0	19.3717
10/23/2017 21:01:57	56.0	56.0	19.4737
10/23/2017 21:02:08	55.0	54.0	17.0157
10/23/2017 21:02:19	53.0	52.0	19.3211
10/23/2017 21:02:30	51.0	51.0	18.1818
10/23/2017 21:02:41	50.0	50.0	17.4935
10/23/2017 21:02:52	50.0	50.0	17.8478
10/23/2017 21:03:03	49.0	48.0	17.801
10/23/2017 21:03:14	48.0	48.0	18.3246
10/23/2017 21:03:25	48.0	48.0	17.8947
10/23/2017 21:03:36	48.0	48.0	20.21
10/23/2017 21:03:47	47.0	48.0	18.2768
10/23/2017 21:03:58	49.0	48.0	18.9119
10/23/2017 21:04:09	50.0	51.0	17.9688
10/23/2017 21:04:20	52.0	53.0	18.0157
10/23/2017 21:04:31	54.0	54.0	17.4935
10/23/2017 21:04:42	55.0	54.0	17.6623
10/23/2017 21:04:53	55.0	55.0	17.2324
10/23/2017 21:05:04	56.0	56.0	15.9269
10/23/2017 21:05:15	54.0	54.0	18.5379
10/23/2017 21:05:26	52.0	51.0	17.801
10/23/2017 21:05:37	51.0	51.0	17.9221
10/23/2017 21:05:48	50.0	50.0	18.799
10/23/2017 21:05:59	49.0	49.0	19.2612
10/23/2017 21:06:10	49.0	50.0	18.3246
10/23/2017 21:06:22	48.0	48.0	17.801
10/23/2017 21:06:33	48.0	47.0	20.4188
10/23/2017 21:06:44	47.0	48.0	17.0157
10/23/2017 21:06:55	49.0	50.0	17.5393
10/23/2017 21:07:06	51.0	52.0	20.1571
10/23/2017 21:07:17	53.0	53.0	20.5729
10/23/2017 21:07:28	54.0	54.0	19.9475
10/23/2017 21:07:39	55.0	55.0	15.9269
10/23/2017 21:07:50	56.0	56.0	18.2768
10/23/2017 21:08:01	56.0	57.0	18.4896
10/23/2017 21:08:12	54.0	54.0	16.8421
10/23/2017 21:08:23	53.0	53.0	17.8947
10/23/2017 21:08:34	51.0	51.0	18.799
10/23/2017 21:08:45	50.0	50.0	17.7546
10/23/2017 21:08:56	50.0	50.0	13.7931
10/23/2017 21:09:07	49.0	48.0	13.6842
10/23/2017 21:09:18	48.0	47.0	14.1732
10/23/2017 21:09:29	49.0	48.0	15.0396
10/23/2017 21:09:40	50.0	50.0	13.1926
10/23/2017 21:09:51	51.0	51.0	12.8272
10/23/2017 21:10:02	52.0	52.0	12.987
10/23/2017 21:10:13	54.0	53.0	12.2715
10/23/2017 21:10:24	55.0	54.0	12.0104
10/23/2017 21:10:35	56.0	54.0	12.8272
10/23/2017 21:10:46	57.0	55.0	11.0526
10/23/2017 21:10:57	57.0	55.0	12.8947
10/23/2017 21:11:08	55.0	54.0	13.4211
10/23/2017 21:11:19	52.0	53.0	13.1579
10/23/2017 21:11:30	50.0	50.0	13.6842
10/23/2017 21:11:41	50.0	49.0	14.3603
10/23/2017 21:11:52	49.0	48.0	14.1361
10/23/2017 21:12:03	48.0	48.0	13.4921
10/23/2017 21:12:15	47.0	47.0	13.2275
10/23/2017 21:12:26	49.0	48.0	13.1234
10/23/2017 21:12:37	50.0	50.0	13.1926
10/23/2017 21:12:48	51.0	51.0	13.5417
10/23/2017 21:12:59	52.0	53.0	12.5326
10/23/2017 21:13:10	53.0	53.0	12.0735
10/23/2017 21:13:21	55.0	54.0	12.336
10/23/2017 21:13:32	55.0	55.0	11.3158
10/23/2017 21:13:43	56.0	56.0	12.8272
10/23/2017 21:13:54	56.0	56.0	11.7801
10/23/2017 21:14:05	54.0	53.0	14.1361
10/23/2017 21:14:16	51.0	51.0	13.089
10/23/2017 21:14:27	50.0	50.0	15.3646
10/23/2017 21:14:38	49.0	49.0	14.1732
10/23/2017 21:14:49	49.0	48.0	12.9288
10/23/2017 21:15:00	48.0	47.0	14.3979
10/23/2017 21:15:11	48.0	47.0	14.0212
10/23/2017 21:15:22	48.0	48.0	14.6597
10/23/2017 21:15:33	50.0	50.0	12.7273
10/23/2017 21:15:44	51.0	51.0	13.6842
10/23/2017 21:15:55	53.0	52.0	12.0104
10/23/2017 21:16:06	53.0	53.0	12.0735
10/23/2017 21:16:17	54.0	54.0	12.3684
10/23/2017 21:16:28	55.0	55.0	13.1234
10/23/2017 21:16:39	56.0	56.0	11.4883
10/23/2017 21:16:50	57.0	56.0	13.089
10/23/2017 21:17:01	54.0	54.0	12.4011
10/23/2017 21:17:12	51.0	51.0	13.9842
10/23/2017 21:17:24	50.0	50.0	13.4565
10/23/2017 21:17:35	49.0	49.0	13.7203
10/23/2017 21:17:46	49.0	48.0	13.9474
10/23/2017 21:17:57	48.0	47.0	13.1579
10/23/2017 21:18:08	48.0	47.0	14.1361
10/23/2017 21:18:19	49.0	48.0	13.9108
10/23/2017 21:18:30	51.0	50.0	13.0548
10/23/2017 21:18:41	51.0	52.0	12.2715
10/23/2017 21:18:52	53.0	53.0	12.3684
10/23/2017 21:19:03	54.0	54.0	12.2715
10/23/2017 21:19:14	54.0	54.0	12.7937
10/23/2017 21:19:25	55.0	55.0	12.5984
10/23/2017 21:19:36	55.0	55.0	11.811
10/23/2017 21:19:47	56.0	56.0	11.811
10/23/2017 21:19:58	53.0	54.0	12.6316
10/23/2017 21:20:09	52.0	51.0	13.1579
10/23/2017 21:20:20	50.0	50.0	14.2105
10/23/2017 21:20:31	49.0	49.0	14.0992
10/23/2017 21:20:42	49.0	48.0	14.3603
10/23/2017 21:20:53	48.0	47.0	17.3684
10/23/2017 21:21:04	48.0	47.0	15.3439
10/23/2017 21:21:15	48.0	47.0	13.9842
10/23/2017 21:21:26	47.0	46.0	16.5333
10/23/2017 21:21:37	50.0	49.0	19.685
10/23/2017 21:21:48	52.0	53.0	14.0212
10/23/2017 21:22:00	52.0	52.0	13.1579
10/23/2017 21:22:11	53.0	53.0	21.0702
10/23/2017 21:22:22	55.0	55.0	12.5
10/23/2017 21:22:33	55.0	55.0	13.6842
10/23/2017 21:22:44	56.0	55.0	12.336
10/23/2017 21:22:55	56.0	56.0	12.3684
10/23/2017 21:23:06	53.0	52.0	12.8609
10/23/2017 21:23:17	51.0	51.0	14.3236
10/23/2017 21:23:29	50.0	50.0	15.0396
10/23/2017 21:23:40	49.0	49.0	14.1361
10/23/2017 21:23:51	48.0	48.0	14.5119
10/23/2017 21:24:02	48.0	47.0	15.6658
10/23/2017 21:24:13	48.0	46.0	13.089
10/23/2017 21:24:24	48.0	48.0	14.1732
10/23/2017 21:24:35	50.0	49.0	14.4737
10/23/2017 21:24:46	51.0	51.0	13.8021
10/23/2017 21:24:57	52.0	53.0	11.811
10/23/2017 21:25:08	53.0	53.0	12.7937
10/23/2017 21:25:19	54.0	54.0	12.3037
10/23/2017 21:25:30	55.0	54.0	11.8734
10/23/2017 21:25:41	56.0	55.0	12.3037
10/23/2017 21:25:52	56.0	55.0	12.2396
10/23/2017 21:26:03	55.0	54.0	13.6126
10/23/2017 21:26:14	52.0	52.0	13.3858
10/23/2017 21:26:25	51.0	51.0	13.3858
10/23/2017 21:26:36	50.0	50.0	15.1832
10/23/2017 21:26:47	49.0	48.0	13.6483
10/23/2017 21:26:58	48.0	47.0	13.9108
10/23/2017 21:27:09	47.0	47.0	15.4047
10/23/2017 21:27:20	48.0	47.0	14.6982
10/23/2017 21:27:31	50.0	49.0	12.6649
10/23/2017 21:27:42	51.0	51.0	14.1361
10/23/2017 21:27:53	52.0	52.0	12.5654
10/23/2017 21:28:04	53.0	53.0	12.3037
10/23/2017 21:28:15	54.0	54.0	13.1234
10/23/2017 21:28:27	55.0	55.0	12.5326
10/23/2017 21:28:38	55.0	55.0	11.811
10/23/2017 21:28:49	57.0	56.0	13.0208
10/23/2017 21:29:00	54.0	54.0	13.6126
10/23/2017 21:29:11	52.0	52.0	14.0992
10/23/2017 21:29:22	50.0	51.0	14.1732
10/23/2017 21:29:33	49.0	49.0	13.9108
10/23/2017 21:29:44	48.0	48.0	14.6597
10/23/2017 21:29:55	47.0	48.0	14.1732
10/23/2017 21:30:06	48.0	48.0	14.1732
10/23/2017 21:30:17	50.0	50.0	12.7937
10/23/2017 21:30:28	51.0	51.0	13.4211
10/23/2017 21:30:39	52.0	52.0	12.9534
10/23/2017 21:30:50	54.0	53.0	13.1234
10/23/2017 21:31:01	55.0	54.0	12.5326
10/23/2017 21:31:12	55.0	56.0	12.3037
10/23/2017 21:31:23	56.0	56.0	12.3037
10/23/2017 21:31:34	54.0	54.0	15.978
10/23/2017 21:31:46	52.0	52.0	15.0307
10/23/2017 21:31:57	51.0	51.0	13.9108
10/23/2017 21:32:08	50.0	49.0	14.6982
10/23/2017 21:32:19	50.0	49.0	14.5833
10/23/2017 21:32:30	49.0	48.0	14.2857
10/23/2017 21:32:41	48.0	48.0	15.2231
10/23/2017 21:32:52	47.0	47.0	14.1361
10/23/2017 21:33:03	49.0	50.0	12.4011
10/23/2017 21:33:14	51.0	51.0	11.8421
10/23/2017 21:33:25	52.0	52.0	13.7662
10/23/2017 21:33:36	53.0	53.0	12.5326
10/23/2017 21:33:47	54.0	54.0	13.2468
10/23/2017 21:33:58	55.0	54.0	13.3159
10/23/2017 21:34:09	55.0	56.0	12.0104
10/23/2017 21:34:20	57.0	56.0	12.7604
10/23/2017 21:34:31	55.0	54.0	12.1053
10/23/2017 21:34:42	52.0	52.0	13.6126
10/23/2017 21:34:53	51.0	51.0	13.7203
10/23/2017 21:35:04	50.0	49.0	15.0396
10/23/2017 21:35:15	49.0	49.0	14.1732
10/23/2017 21:35:26	48.0	48.0	14.8825
10/23/2017 21:35:37	48.0	48.0	15.4856
10/23/2017 21:35:48	48.0	47.0	13.9842
10/23/2017 21:36:00	48.0	48.0	14.7757
10/23/2017 21:36:11	50.0	50.0	13.6126
10/23/2017 21:36:22	51.0	51.0	13.3508
10/23/2017 21:36:33	52.0	53.0	13.0548
10/23/2017 21:36:44	53.0	53.0	12.7604
10/23/2017 21:36:55	54.0	54.0	12.7604
10/23/2017 21:37:06	55.0	54.0	13.9474
10/23/2017 21:37:17	56.0	56.0	12.8947
10/23/2017 21:37:28	54.0	54.0	13.0548
10/23/2017 21:37:39	52.0	52.0	14.6214
10/23/2017 21:37:50	51.0	51.0	14.4737
10/23/2017 21:38:01	50.0	50.0	13.9108
10/23/2017 21:38:12	49.0	49.0	15.2231
10/23/2017 21:38:23	48.0	48.0	14.0992
10/23/2017 21:38:34	48.0	48.0	14.6982
10/23/2017 21:38:45	48.0	47.0	13.8743
10/23/2017 21:38:56	48.0	47.0	13.6483
10/23/2017 21:39:07	49.0	49.0	14.3979
10/23/2017 21:39:18	51.0	51.0	14.0625
10/23/2017 21:39:29	52.0	52.0	12.7937
10/23/2017 21:39:40	53.0	53.0	13.0208
10/23/2017 21:39:51	55.0	54.0	12.7937
10/23/2017 21:40:02	55.0	55.0	12.4675
10/23/2017 21:40:13	56.0	56.0	13.2812
10/23/2017 21:40:24	57.0	56.0	12.5326
10/23/2017 21:40:35	55.0	54.0	13.0208
10/23/2017 21:40:47	53.0	52.0	14.1732
10/23/2017 21:40:58	51.0	51.0	14.4357
10/23/2017 21:41:09	50.0	50.0	14.1361
10/23/2017 21:41:20	49.0	48.0	15.1436
10/23/2017 21:41:31	49.0	48.0	13.7203
10/23/2017 21:41:42	48.0	48.0	14.9606
10/23/2017 21:41:53	47.0	47.0	14.3979
10/23/2017 21:42:04	49.0	48.0	14.0992
10/23/2017 21:42:15	50.0	50.0	14.8825
10/23/2017 21:42:26	51.0	51.0	13.3858
10/23/2017 21:42:37	53.0	53.0	12.5326
10/23/2017 21:42:48	54.0	53.0	12.7937
10/23/2017 21:42:59	54.0	55.0	12.5326
10/23/2017 21:43:10	56.0	55.0	12.7273
10/23/2017 21:43:21	56.0	56.0	14.2487
10/23/2017 21:43:32	54.0	54.0	12.336
10/23/2017 21:43:43	52.0	53.0	14.2857
10/23/2017 21:43:54	51.0	51.0	17.4142
10/23/2017 21:44:05	50.0	50.0	11.0236
10/23/2017 21:44:16	49.0	49.0	3.29949
10/23/2017 21:44:27	48.0	47.0	1.00503
10/23/2017 21:44:38	48.0	48.0	4.71204
10/23/2017 21:44:49	51.0	50.0	2.78481
10/23/2017 21:45:00	50.0	49.0	2.54453
10/23/2017 21:45:11	50.0	50.0	1.26263
10/23/2017 21:45:22	51.0	51.0	1.25945
10/23/2017 21:45:33	51.0	51.0	5.08906
10/23/2017 21:45:44	51.0	51.0	1.26263
10/23/2017 21:45:55	51.0	51.0	3.80711
10/23/2017 21:46:06	51.0	51.0	1.51899
10/23/2017 21:46:18	51.0	51.0	2.27848
10/23/2017 21:46:29	51.0	51.0	1.50754
10/23/2017 21:46:40	51.0	51.0	2.02532
10/23/2017 21:46:51	51.0	51.0	2.0202
10/23/2017 21:47:02	51.0	51.0	3.57143
10/23/2017 21:47:13	51.0	51.0	0.755668
10/23/2017 21:47:24	51.0	51.0	7.47423
10/23/2017 21:47:35	50.0	51.0	3.11688
10/23/2017 21:47:46	51.0	51.0	0.502513
10/23/2017 21:47:57	50.0	51.0	2.27848
10/23/2017 21:48:09	51.0	50.0	14.7541
10/23/2017 21:48:21	52.0	52.0	18.5792
10/23/2017 21:48:32	54.0	53.0	17.7285
10/23/2017 21:48:43	55.0	54.0	14.5833
10/23/2017 21:48:54	54.0	54.0	19.2612
10/23/2017 21:49:05	55.0	55.0	17.0732
10/23/2017 21:49:16	56.0	55.0	13.9896
10/23/2017 21:49:27	55.0	55.0	13.2468
10/23/2017 21:49:38	56.0	56.0	13.0548
10/23/2017 21:49:49	55.0	54.0	13.8381
10/23/2017 21:50:00	52.0	52.0	14.3603
10/23/2017 21:50:11	51.0	50.0	14.8438
10/23/2017 21:50:22	49.0	48.0	15.0649
10/23/2017 21:50:33	49.0	49.0	13.1234
10/23/2017 21:50:44	47.0	47.0	15.5844
10/23/2017 21:50:55	47.0	46.0	19.4719
10/23/2017 21:51:06	53.0	50.0	23.5294
10/23/2017 21:51:18	51.0	51.0	20.1413
10/23/2017 21:51:29	51.0	52.0	19.5767
10/23/2017 21:51:40	53.0	53.0	18.3938
10/23/2017 21:51:51	55.0	54.0	22.1354
10/23/2017 21:52:02	56.0	56.0	20.5729
10/23/2017 21:52:13	54.0	54.0	18.1347
10/23/2017 21:52:24	53.0	53.0	19.685
10/23/2017 21:52:35	51.0	51.0	18.5864
10/23/2017 21:52:46	50.0	51.0	17.0984
10/23/2017 21:52:57	50.0	49.0	15.6085
10/23/2017 21:53:08	48.0	49.0	15.9269
10/23/2017 21:53:20	49.0	48.0	18.0108
10/23/2017 21:53:31	47.0	47.0	15.9269
10/23/2017 21:53:42	47.0	47.0	19.2708
10/23/2017 21:53:53	49.0	48.0	21.6146
10/23/2017 21:54:04	51.0	51.0	14.433
10/23/2017 21:54:15	52.0	53.0	14.8438
10/23/2017 21:54:26	54.0	52.0	15.3646
10/23/2017 21:54:37	54.0	53.0	18.8144
10/23/2017 21:54:48	55.0	56.0	22.3958
10/23/2017 21:54:59	57.0	57.0	19.8966
10/23/2017 21:55:10	55.0	54.0	16.0105
10/23/2017 21:55:21	52.0	51.0	15.748
10/23/2017 21:55:32	50.0	51.0	22.372
10/23/2017 21:55:43	51.0	51.0	17.268
10/23/2017 21:55:54	49.0	48.0	16.6667
10/23/2017 21:56:05	48.0	48.0	20.6266
10/23/2017 21:56:16	49.0	48.0	16.9666
10/23/2017 21:56:27	48.0	47.0	17.2324
10/23/2017 21:56:38	48.0	47.0	19.9488
10/23/2017 21:56:49	48.0	47.0	16.3636
10/23/2017 21:57:00	48.0	47.0	21.1196
10/23/2017 21:57:11	48.0	47.0	20
10/23/2017 21:57:22	48.0	47.0	17.268
10/23/2017 21:57:33	50.0	50.0	17.5711
10/23/2017 21:57:44	51.0	51.0	17.602
10/23/2017 21:57:56	52.0	52.0	16.1458
10/23/2017 21:58:07	54.0	54.0	15.0259
10/23/2017 21:58:18	55.0	55.0	16.0207
10/23/2017 21:58:29	54.0	54.0	19.2893
10/23/2017 21:58:40	52.0	53.0	17.1429
10/23/2017 21:58:51	50.0	51.0	18.0412
10/23/2017 21:59:02	50.0	50.0	21.2871
10/23/2017 21:59:13	49.0	49.0	20.8122
10/23/2017 21:59:24	49.0	48.0	21.374
10/23/2017 21:59:35	50.0	49.0	22.2222
10/23/2017 21:59:46	48.0	48.0	18.3673
10/23/2017 21:59:57	48.0	48.0	20.0508
10/23/2017 22:00:08	51.0	51.0	20.1493
10/23/2017 22:00:19	51.0	51.0	21.1302
10/23/2017 22:00:30	51.0	53.0	17.7215
10/23/2017 22:00:41	54.0	53.0	21.1699
10/23/2017 22:00:52	56.0	55.0	18.6047
10/23/2017 22:01:03	56.0	56.0	17.1285
10/23/2017 22:01:14	54.0	54.0	22.0844
10/23/2017 22:01:25	53.0	53.0	22.3301
10/23/2017 22:01:36	51.0	50.0	20.6897
10/23/2017 22:01:47	50.0	50.0	33.1633
10/23/2017 22:01:58	52.0	51.0	19.5929
10/23/2017 22:02:09	50.0	50.0	22.4939
10/23/2017 22:02:20	48.0	48.0	23.9234
10/23/2017 22:02:31	48.0	47.0	19.9367
10/23/2017 22:02:43	48.0	47.0	18.2957
10/23/2017 22:02:54	48.0	48.0	22.7053
10/23/2017 22:03:05	50.0	50.0	23.0583
10/23/2017 22:03:16	51.0	51.0	24.2424
10/23/2017 22:03:27	54.0	53.0	22.2494
10/23/2017 22:03:38	54.0	54.0	22.8856
10/23/2017 22:03:49	56.0	56.0	21.5881
10/23/2017 22:04:00	56.0	56.0	21.608
10/23/2017 22:04:11	54.0	54.0	21.2048
10/23/2017 22:04:22	52.0	52.0	26.776
10/23/2017 22:04:33	51.0	51.0	24.5098
10/23/2017 22:04:44	51.0	51.0	23.0404
10/23/2017 22:04:55	49.0	48.0	24.5283
10/23/2017 22:05:06	49.0	48.0	21.9753
10/23/2017 22:05:17	48.0	48.0	23.6908
10/23/2017 22:05:28	48.0	47.0	26.5985
10/23/2017 22:05:39	49.0	49.0	22.5182
10/23/2017 22:05:50	48.0	47.0	24.6305
10/23/2017 22:06:01	48.0	47.0	24.6944
10/23/2017 22:06:12	50.0	50.0	21.5496
10/23/2017 22:06:23	51.0	51.0	24.4656
10/23/2017 22:06:34	53.0	53.0	21.9048
10/23/2017 22:06:46	54.0	54.0	21.957
10/23/2017 22:06:57	55.0	55.0	22.7488
10/23/2017 22:07:08	55.0	55.0	23.3256
10/23/2017 22:07:19	56.0	56.0	23.0769
10/23/2017 22:07:30	55.0	56.0	22.5962
10/23/2017 22:07:41	52.0	53.0	23.3173
10/23/2017 22:07:52	51.0	52.0	22.9665
10/23/2017 22:08:03	50.0	50.0	23.0769
10/23/2017 22:08:14	49.0	49.0	22.3558
10/23/2017 22:08:25	48.0	48.0	22.1675
10/23/2017 22:08:36	48.0	48.0	25.122
10/23/2017 22:08:47	49.0	49.0	23.8916
10/23/2017 22:08:58	48.0	48.0	19.802
10/23/2017 22:09:09	48.0	48.0	21.6216
10/23/2017 22:09:20	49.0	49.0	20.3474
10/23/2017 22:09:31	51.0	52.0	26.1981
10/23/2017 22:09:43	53.0	53.0	19.4514
10/23/2017 22:09:54	54.0	53.0	28.5714
10/23/2017 22:10:05	56.0	56.0	23.1325
10/23/2017 22:10:16	57.0	56.0	26.747
10/23/2017 22:10:27	55.0	55.0	3.5533
10/23/2017 22:10:38	52.0	52.0	11.3111
10/23/2017 22:10:49	50.0	50.0	72.1805
10/23/2017 22:11:02	49.0	50.0	21.2465
10/23/2017 22:11:13	48.0	49.0	18.7192
10/23/2017 22:11:24	48.0	47.0	19.2593
10/23/2017 22:11:35	47.0	47.0	18.7032
10/23/2017 22:11:46	49.0	49.0	20.8955
10/23/2017 22:11:57	50.0	50.0	16.5829
10/23/2017 22:12:08	51.0	51.0	15.9091
10/23/2017 22:12:19	52.0	52.0	17.25
10/23/2017 22:12:31	54.0	54.0	16.6667
10/23/2017 22:12:42	54.0	54.0	21.4286
10/23/2017 22:12:53	55.0	54.0	23.9295
10/23/2017 22:13:04	55.0	55.0	25.2078
10/23/2017 22:13:16	54.0	54.0	23.1231
10/23/2017 22:13:27	51.0	51.0	23.4414
10/23/2017 22:13:38	51.0	51.0	24.5146
10/23/2017 22:13:49	50.0	50.0	23.2673
10/23/2017 22:14:00	49.0	48.0	24.8139
10/23/2017 22:14:11	49.0	48.0	22.3587
10/23/2017 22:14:22	49.0	49.0	22.6829
10/23/2017 22:14:33	48.0	48.0	20.7317
10/23/2017 22:14:44	48.0	48.0	22.9064
10/23/2017 22:14:55	48.0	48.0	23.0769
10/23/2017 22:15:06	48.0	47.0	21.8905
10/23/2017 22:15:17	47.0	47.0	19.2593
10/23/2017 22:15:28	48.0	49.0	22.3039
10/23/2017 22:15:39	50.0	50.0	24.1294
10/23/2017 22:15:50	52.0	52.0	21.1302
10/23/2017 22:16:02	53.0	53.0	34.4023
10/23/2017 22:16:13	57.0	56.0	22.5
10/23/2017 22:16:24	56.0	56.0	23.7164
10/23/2017 22:16:35	56.0	55.0	20.9877
10/23/2017 22:16:46	57.0	55.0	19.6078
10/23/2017 22:16:57	51.0	51.0	20.398
10/23/2017 22:17:08	50.0	50.0	22.7723
10/23/2017 22:17:19	50.0	50.0	22.7384
10/23/2017 22:17:30	49.0	49.0	21.2714
10/23/2017 22:17:41	48.0	48.0	23.2673
10/23/2017 22:17:52	49.0	48.0	19.6517
10/23/2017 22:18:03	48.0	47.0	20.6983
10/23/2017 22:18:14	48.0	49.0	20.8845
10/23/2017 22:18:25	50.0	49.0	24.57
10/23/2017 22:18:36	51.0	51.0	18.6567
10/23/2017 22:18:47	52.0	52.0	22.6829
10/23/2017 22:18:58	54.0	53.0	18.9655
10/23/2017 22:19:09	55.0	54.0	18.9055
10/23/2017 22:19:20	55.0	55.0	17.9104
10/23/2017 22:19:31	56.0	55.0	17
10/23/2017 22:19:43	57.0	56.0	18.4539
10/23/2017 22:19:54	54.0	53.0	18.2957
10/23/2017 22:20:05	52.0	51.0	19.8492
10/23/2017 22:20:16	50.0	50.0	18.1122
10/23/2017 22:20:27	49.0	50.0	18.9873
10/23/2017 22:20:38	49.0	48.0	19.6474
10/23/2017 22:20:49	48.0	48.0	19.1919
10/23/2017 22:21:00	47.0	47.0	17.1355
10/23/2017 22:21:11	48.0	48.0	18.5751
10/23/2017 22:21:22	50.0	50.0	16.8342
10/23/2017 22:21:33	51.0	51.0	16.6667
10/23/2017 22:21:44	52.0	52.0	17.4242
10/23/2017 22:21:55	54.0	54.0	16.1616
10/23/2017 22:22:06	55.0	54.0	15.2455
10/23/2017 22:22:17	55.0	54.0	14.91
10/23/2017 22:22:28	56.0	56.0	14.8338
10/23/2017 22:22:39	57.0	55.0	14.9485
10/23/2017 22:22:50	56.0	56.0	14.6907
10/23/2017 22:23:01	53.0	54.0	14.6214
10/23/2017 22:23:12	52.0	51.0	16.5375
10/23/2017 22:23:23	50.0	50.0	14.026
10/23/2017 22:23:34	49.0	50.0	15.1832
10/23/2017 22:23:45	49.0	48.0	14.7368
10/23/2017 22:23:56	48.0	47.0	14.9606
10/23/2017 22:24:07	47.0	48.0	14.3603
10/23/2017 22:24:18	48.0	47.0	13.5279
10/23/2017 22:24:29	50.0	50.0	12.7321
10/23/2017 22:24:40	51.0	51.0	13.1579
10/23/2017 22:24:51	51.0	52.0	13.6842
10/23/2017 22:25:03	53.0	53.0	11.8421
10/23/2017 22:25:14	54.0	54.0	12.3684
10/23/2017 22:25:25	55.0	55.0	11.8734
10/23/2017 22:25:36	56.0	56.0	12.8609
10/23/2017 22:25:47	56.0	56.0	13.3508
10/23/2017 22:25:58	55.0	55.0	12.1053
10/23/2017 22:26:09	53.0	53.0	11.9048
10/23/2017 22:26:20	51.0	51.0	13.1579
10/23/2017 22:26:31	50.0	50.0	14.248
10/23/2017 22:26:42	49.0	49.0	13.4565
10/23/2017 22:26:53	48.0	48.0	14.7757
10/23/2017 22:27:04	48.0	48.0	14.9606
10/23/2017 22:27:15	48.0	47.0	14.0584
10/23/2017 22:27:26	48.0	48.0	14.5889
10/23/2017 22:27:37	50.0	50.0	12.9288
10/23/2017 22:27:48	51.0	51.0	11.6095
10/23/2017 22:27:59	52.0	52.0	12.3684
10/23/2017 22:28:10	53.0	54.0	12.1053
10/23/2017 22:28:21	54.0	54.0	13.4565
10/23/2017 22:28:32	55.0	55.0	11.6711
10/23/2017 22:28:43	56.0	55.0	12.5984
10/23/2017 22:28:54	55.0	56.0	12.6649
10/23/2017 22:29:05	53.0	53.0	14.248
10/23/2017 22:29:16	51.0	51.0	12.5984
10/23/2017 22:29:27	50.0	50.0	14.6667
10/23/2017 22:29:38	49.0	49.0	14.0584
10/23/2017 22:29:49	49.0	48.0	14.4737
10/23/2017 22:30:00	48.0	47.0	14.0584
10/23/2017 22:30:12	47.0	47.0	13.2979
10/23/2017 22:30:23	47.0	47.0	13.5279
10/23/2017 22:30:34	49.0	49.0	12.5
10/23/2017 22:30:45	51.0	51.0	12.6649
10/23/2017 22:30:56	52.0	52.0	12.4011
10/23/2017 22:31:07	53.0	53.0	11.6095
10/23/2017 22:31:18	54.0	54.0	12.8609
10/23/2017 22:31:29	55.0	54.0	15.4696
10/23/2017 22:31:40	56.0	56.0	11.8734
10/23/2017 22:31:51	53.0	53.0	12.3684
10/23/2017 22:32:02	52.0	51.0	13.4921
10/23/2017 22:32:13	50.0	50.0	13.0667
10/23/2017 22:32:24	50.0	50.0	13.2275
10/23/2017 22:32:35	49.0	48.0	14.8541
10/23/2017 22:32:46	48.0	47.0	13.1234
10/23/2017 22:32:57	47.0	46.0	13.2979
10/23/2017 22:33:08	48.0	47.0	15.0396
10/23/2017 22:33:19	49.0	48.0	16.2234
10/23/2017 22:33:30	51.0	51.0	14.5503
10/23/2017 22:33:41	52.0	51.0	12.1053
10/23/2017 22:33:52	53.0	53.0	12.3684
10/23/2017 22:34:03	54.0	54.0	12.6316
10/23/2017 22:34:14	55.0	54.0	12.3684
10/23/2017 22:34:25	56.0	55.0	11.8421
10/23/2017 22:34:36	56.0	56.0	12.3037
10/23/2017 22:34:47	57.0	56.0	12.1053
10/23/2017 22:34:58	54.0	54.0	12.3037
10/23/2017 22:35:09	52.0	51.0	13.7203
10/23/2017 22:35:20	51.0	51.0	13.5279
10/23/2017 22:35:31	49.0	49.0	13.5279
10/23/2017 22:35:43	49.0	48.0	14.4737
10/23/2017 22:35:54	48.0	48.0	14.0584
10/23/2017 22:36:05	48.0	47.0	13.7931
10/23/2017 22:36:16	46.0	47.0	14.2857
10/23/2017 22:36:27	48.0	48.0	13.9842
10/23/2017 22:36:38	50.0	50.0	13.4565
10/23/2017 22:36:49	51.0	51.0	11.8421
10/23/2017 22:37:00	52.0	53.0	12.1372
10/23/2017 22:37:11	54.0	54.0	12.963
10/23/2017 22:37:22	55.0	54.0	12.7321
10/23/2017 22:37:33	55.0	54.0	11.811
10/23/2017 22:37:44	56.0	55.0	12.336
10/23/2017 22:37:55	57.0	56.0	11.8734
10/23/2017 22:38:06	54.0	54.0	13.0548
10/23/2017 22:38:17	52.0	53.0	13.1579
10/23/2017 22:38:28	51.0	50.0	14.4737
10/23/2017 22:38:39	50.0	50.0	13.4921
10/23/2017 22:38:50	49.0	49.0	13.5279
10/23/2017 22:39:01	48.0	48.0	13.4921
10/23/2017 22:39:12	47.0	48.0	14.3236
10/23/2017 22:39:23	48.0	47.0	13.7203
10/23/2017 22:39:34	49.0	49.0	12.9288
10/23/2017 22:39:45	51.0	51.0	14.4357
10/23/2017 22:39:56	52.0	52.0	12.3684
10/23/2017 22:40:07	52.0	53.0	13.0548
10/23/2017 22:40:18	54.0	54.0	12.4011
10/23/2017 22:40:29	54.0	55.0	13.0208
10/23/2017 22:40:40	55.0	55.0	12.8609
10/23/2017 22:40:51	57.0	56.0	13.3508
10/23/2017 22:41:03	57.0	57.0	13.0548
10/23/2017 22:41:14	54.0	54.0	18.2292
10/23/2017 22:41:25	52.0	52.0	17.0157
10/23/2017 22:41:36	52.0	51.0	17.0157
10/23/2017 22:41:47	50.0	50.0	17.2324
10/23/2017 22:41:58	49.0	50.0	16.7539
10/23/2017 22:42:09	50.0	48.0	18.3463
10/23/2017 22:42:20	49.0	48.0	18.0157
10/23/2017 22:42:31	48.0	48.0	18.3727
10/23/2017 22:42:42	48.0	49.0	19.2708
10/23/2017 22:42:53	48.0	47.0	17.6316
10/23/2017 22:43:04	49.0	48.0	17.2324
10/23/2017 22:43:15	51.0	51.0	17.9688
10/23/2017 22:43:26	53.0	52.0	18.3727
10/23/2017 22:43:37	55.0	53.0	16.9713
10/23/2017 22:43:48	55.0	54.0	16.9713
10/23/2017 22:43:59	56.0	55.0	19.6335
10/23/2017 22:44:10	57.0	56.0	17.4479
10/23/2017 22:44:21	56.0	55.0	63.6166
10/23/2017 22:44:34	54.0	54.0	18.0851
10/23/2017 22:44:45	51.0	51.0	19.2708
10/23/2017 22:44:56	51.0	51.0	19.7403
10/23/2017 22:45:07	50.0	50.0	18.75
10/23/2017 22:45:18	49.0	49.0	15.1194
10/23/2017 22:45:29	48.0	48.0	13.9842
10/23/2017 22:45:41	48.0	47.0	13.1234
10/23/2017 22:45:52	48.0	48.0	17.5393
10/23/2017 22:46:03	50.0	50.0	17.2324
10/23/2017 22:46:14	52.0	52.0	18.0157
10/23/2017 22:46:25	53.0	53.0	18.3246
10/23/2017 22:46:36	54.0	54.0	16.6227
10/23/2017 22:46:47	56.0	55.0	17.801
10/23/2017 22:46:58	55.0	55.0	18.0157
10/23/2017 22:47:09	53.0	53.0	18.863
10/23/2017 22:47:20	52.0	51.0	18.2292
10/23/2017 22:47:31	50.0	51.0	17.4142
10/23/2017 22:47:42	50.0	50.0	18.3246
10/23/2017 22:47:53	50.0	49.0	16.1458
10/23/2017 22:48:04	48.0	48.0	18.0157
10/23/2017 22:48:15	48.0	48.0	20.1044
10/23/2017 22:48:26	48.0	48.0	18.2768
10/23/2017 22:48:37	47.0	47.0	16.9713
10/23/2017 22:48:48	48.0	48.0	16.4921
10/23/2017 22:48:59	51.0	50.0	19.6891
10/23/2017 22:49:10	51.0	52.0	16.0105
10/23/2017 22:49:21	53.0	52.0	16.6234
10/23/2017 22:49:32	54.0	54.0	12.0419
10/23/2017 22:49:43	55.0	55.0	12.0735
10/23/2017 22:49:54	55.0	55.0	12.5984
10/23/2017 22:50:05	55.0	56.0	18.5379
10/23/2017 22:50:16	56.0	56.0	18.3463
10/23/2017 22:50:27	54.0	54.0	18.75
10/23/2017 22:50:38	52.0	52.0	18.4896
10/23/2017 22:50:49	51.0	51.0	17.0604
10/23/2017 22:51:00	49.0	50.0	19.0601
10/23/2017 22:51:11	49.0	48.0	17.0157
10/23/2017 22:51:22	49.0	49.0	19.4226
10/23/2017 22:51:33	48.0	48.0	16.9271
10/23/2017 22:51:44	48.0	48.0	18.4896
10/23/2017 22:51:55	48.0	47.0	17.2324
10/23/2017 22:52:06	48.0	48.0	17.2775
10/23/2017 22:52:18	47.0	47.0	18.7335
10/23/2017 22:52:29	48.0	48.0	17.9688
10/23/2017 22:52:40	47.0	47.0	17.801
10/23/2017 22:52:51	49.0	49.0	18.799
10/23/2017 22:53:02	51.0	51.0	18.0157
10/23/2017 22:53:13	53.0	52.0	18.1102
10/23/2017 22:53:24	54.0	53.0	18.8482
10/23/2017 22:53:35	56.0	55.0	16.9271
10/23/2017 22:53:46	57.0	55.0	18.8482
10/23/2017 22:53:57	56.0	56.0	19.0104
10/23/2017 22:54:08	54.0	53.0	18.3246
10/23/2017 22:54:19	52.0	52.0	18.5864
10/23/2017 22:54:30	52.0	52.0	18.4896
10/23/2017 22:54:41	50.0	50.0	18.0628
10/23/2017 22:54:52	49.0	50.0	18.961
10/23/2017 22:55:03	49.0	48.0	18.8976
10/23/2017 22:55:14	48.0	48.0	18.1347
10/23/2017 22:55:25	47.0	48.0	19.2708
10/23/2017 22:55:36	48.0	48.0	16.4921
10/23/2017 22:55:47	47.0	47.0	18.8482
10/23/2017 22:55:58	48.0	47.0	18.863
10/23/2017 22:56:09	48.0	47.0	16.9271
10/23/2017 22:56:20	48.0	48.0	18.6352
10/23/2017 22:56:31	50.0	50.0	18.5379
10/23/2017 22:56:42	51.0	51.0	17.9688
10/23/2017 22:56:53	54.0	53.0	19.685
10/23/2017 22:57:04	55.0	54.0	18.6842
10/23/2017 22:57:15	56.0	56.0	17.6166
10/23/2017 22:57:26	57.0	56.0	17.1875
10/23/2017 22:57:37	54.0	54.0	16.7539
10/23/2017 22:57:48	52.0	53.0	17.7546
10/23/2017 22:57:59	51.0	51.0	18.4416
10/23/2017 22:58:10	50.0	50.0	17.9221
10/23/2017 22:58:21	50.0	50.0	19.1099
10/23/2017 22:58:32	48.0	48.0	16.7102
10/23/2017 22:58:43	48.0	48.0	17.5393
10/23/2017 22:58:54	48.0	47.0	17.801
10/23/2017 22:59:05	48.0	47.0	14.4737
10/23/2017 22:59:17	49.0	48.0	12.3684
10/23/2017 22:59:28	50.0	50.0	13.1579
10/23/2017 22:59:39	51.0	52.0	12.2715
10/23/2017 22:59:50	52.0	53.0	18.1102
10/23/2017 23:00:01	54.0	54.0	19.6335
10/23/2017 23:00:12	55.0	54.0	18.75
10/23/2017 23:00:23	57.0	56.0	17.7546
10/23/2017 23:00:34	54.0	54.0	18.4896
10/23/2017 23:00:45	52.0	53.0	18.799
10/23/2017 23:00:56	52.0	51.0	18.0628
10/23/2017 23:01:07	50.0	50.0	13.9108
10/23/2017 23:01:18	49.0	48.0	14.5119
10/23/2017 23:01:29	48.0	48.0	13.9474
10/23/2017 23:01:40	48.0	48.0	13.2275
10/23/2017 23:01:51	48.0	48.0	20.8333
10/23/2017 23:02:02	50.0	50.0	17.9688
10/23/2017 23:02:13	52.0	51.0	18.5379
10/23/2017 23:02:24	54.0	53.0	21.1488
10/23/2017 23:02:35	54.0	54.0	18.9974
10/23/2017 23:02:46	56.0	55.0	18.5864
10/23/2017 23:02:57	57.0	56.0	16.5803
10/23/2017 23:03:08	54.0	53.0	17.2775
10/23/2017 23:03:19	51.0	51.0	19.6335
10/23/2017 23:03:30	51.0	51.0	18.6528
10/23/2017 23:03:41	51.0	50.0	18.1102
10/23/2017 23:03:52	50.0	49.0	20.4724
10/23/2017 23:04:03	48.0	48.0	17.0157
10/23/2017 23:04:14	48.0	48.0	16.4491
10/23/2017 23:04:25	49.0	48.0	18.961
10/23/2017 23:04:36	48.0	47.0	18.0157
10/23/2017 23:04:47	47.0	47.0	17.2324
10/23/2017 23:04:58	47.0	47.0	17.6316
10/23/2017 23:05:09	47.0	47.0	18.0628
10/23/2017 23:05:20	48.0	48.0	16.4948
10/23/2017 23:05:31	50.0	50.0	17.801
10/23/2017 23:05:43	51.0	52.0	19.0601
10/23/2017 23:05:54	52.0	53.0	16.6234
10/23/2017 23:06:05	54.0	54.0	12.5654
10/23/2017 23:06:16	55.0	53.0	12.336
10/23/2017 23:06:27	55.0	56.0	12.2715
10/23/2017 23:06:38	55.0	56.0	12.0104
10/23/2017 23:06:49	56.0	57.0	12.3037
10/23/2017 23:07:00	54.0	54.0	12.6316
10/23/2017 23:07:11	52.0	53.0	17.9221
10/23/2017 23:07:22	52.0	51.0	18.1102
10/23/2017 23:07:33	51.0	51.0	18.7013
10/23/2017 23:07:44	49.0	49.0	17.6166
10/23/2017 23:07:55	49.0	49.0	20
10/23/2017 23:08:06	48.0	48.0	19.685
10/23/2017 23:08:17	49.0	47.0	12.9288
10/23/2017 23:08:28	47.0	46.0	14.6597
10/23/2017 23:08:39	49.0	48.0	12.8609
10/23/2017 23:08:50	50.0	51.0	17.9688
10/23/2017 23:09:01	52.0	51.0	17.0604
10/23/2017 23:09:12	53.0	53.0	17.3684
10/23/2017 23:09:23	55.0	54.0	17.4935
10/23/2017 23:09:34	57.0	56.0	18.6528
10/23/2017 23:09:45	57.0	56.0	12.0419
10/23/2017 23:09:56	54.0	54.0	13.1234
10/23/2017 23:10:07	51.0	53.0	13.2979
10/23/2017 23:10:18	50.0	50.0	13.7566
10/23/2017 23:10:29	49.0	50.0	14.2857
10/23/2017 23:10:40	49.0	48.0	13.0208
10/23/2017 23:10:51	48.0	48.0	13.1926
10/23/2017 23:11:02	47.0	47.0	16.9713
10/23/2017 23:11:13	50.0	49.0	15.748
10/23/2017 23:11:24	51.0	51.0	18.5864
10/23/2017 23:11:35	53.0	52.0	20.4724
10/23/2017 23:11:47	55.0	54.0	18.3938
10/23/2017 23:11:58	57.0	57.0	19.7403
10/23/2017 23:12:09	57.0	57.0	17.6166
10/23/2017 23:12:20	55.0	54.0	20.9845
10/23/2017 23:12:31	53.0	53.0	12.336
10/23/2017 23:12:42	51.0	50.0	14.9606
10/23/2017 23:12:53	50.0	50.0	17.5393
10/23/2017 23:13:04	49.0	49.0	14.5889
10/23/2017 23:13:15	48.0	48.0	13.4211
10/23/2017 23:13:26	48.0	47.0	15.7333
10/23/2017 23:13:37	47.0	47.0	18.0157
10/23/2017 23:13:48	49.0	48.0	18.5864
10/23/2017 23:13:59	51.0	51.0	16.5354
10/23/2017 23:14:10	52.0	53.0	19.3211
10/23/2017 23:14:21	54.0	54.0	17.4935
10/23/2017 23:14:32	55.0	55.0	17.6781
10/23/2017 23:14:43	55.0	56.0	12.7604
10/23/2017 23:14:54	52.0	52.0	12.336
10/23/2017 23:15:05	51.0	51.0	20.6806
10/23/2017 23:15:16	51.0	50.0	17.4026
10/23/2017 23:15:27	50.0	48.0	16.7979
10/23/2017 23:15:38	49.0	48.0	18.1818
10/23/2017 23:15:49	49.0	48.0	16.1458
10/23/2017 23:16:00	48.0	48.0	19.2708
10/23/2017 23:16:11	49.0	47.0	17.5853
10/23/2017 23:16:22	49.0	47.0	14.0212
10/23/2017 23:16:33	48.0	47.0	14.0212
10/23/2017 23:16:44	49.0	49.0	13.7566
10/23/2017 23:16:55	50.0	50.0	12.8272
10/23/2017 23:17:06	51.0	51.0	12.6316
10/23/2017 23:17:17	52.0	52.0	12.5654
10/23/2017 23:17:28	54.0	53.0	12.336
10/23/2017 23:17:39	54.0	54.0	13.5417
10/23/2017 23:17:51	55.0	54.0	12.0419
10/23/2017 23:18:02	55.0	56.0	11.7801
10/23/2017 23:18:13	56.0	55.0	12.7937
10/23/2017 23:18:24	54.0	54.0	11.8734
10/23/2017 23:18:35	52.0	52.0	13.6842
10/23/2017 23:18:46	50.0	51.0	14.1732
10/23/2017 23:18:57	49.0	49.0	14.1732
10/23/2017 23:19:08	49.0	48.0	12.963
10/23/2017 23:19:19	48.0	47.0	14.7368
10/23/2017 23:19:30	47.0	47.0	15
10/23/2017 23:19:41	49.0	48.0	13.7566
10/23/2017 23:19:52	50.0	50.0	12.0419
10/23/2017 23:20:03	51.0	51.0	19.6891
10/23/2017 23:20:14	54.0	53.0	18.3938
10/23/2017 23:20:25	55.0	54.0	17.801
10/23/2017 23:20:36	56.0	55.0	16.4062
10/23/2017 23:20:47	56.0	54.0	16.8421
10/23/2017 23:20:58	53.0	53.0	20.0528
10/23/2017 23:21:09	51.0	51.0	18.6352
10/23/2017 23:21:20	50.0	51.0	17.6623
10/23/2017 23:21:31	50.0	50.0	18.5379
10/23/2017 23:21:42	49.0	49.0	18.2292
10/23/2017 23:21:53	49.0	49.0	17.2775
10/23/2017 23:22:04	49.0	48.0	18.0157
10/23/2017 23:22:15	48.0	48.0	19.1601
10/23/2017 23:22:26	48.0	47.0	17.801
10/23/2017 23:22:37	48.0	47.0	17.3228
10/23/2017 23:22:48	47.0	47.0	14.6982
10/23/2017 23:22:59	47.0	47.0	17.3684
10/23/2017 23:23:10	49.0	49.0	17.0604
10/23/2017 23:23:21	51.0	51.0	19.7889
10/23/2017 23:23:32	52.0	52.0	20
10/23/2017 23:23:43	55.0	54.0	15.445
10/23/2017 23:23:54	55.0	55.0	15.1832
10/23/2017 23:24:06	57.0	56.0	19.9475
10/23/2017 23:24:17	54.0	54.0	19.1099
10/23/2017 23:24:28	52.0	52.0	17.4026
10/23/2017 23:24:39	51.0	51.0	18.0628
10/23/2017 23:24:50	50.0	50.0	18.4211
10/23/2017 23:25:01	49.0	49.0	13.6842
10/23/2017 23:25:12	48.0	48.0	15.8031
10/23/2017 23:25:23	48.0	48.0	17.8947
10/23/2017 23:25:34	48.0	47.0	18.6352
10/23/2017 23:25:45	48.0	47.0	17.1429
10/23/2017 23:25:56	48.0	47.0	16.9713
10/23/2017 23:26:07	47.0	47.0	17.9688
10/23/2017 23:26:18	49.0	49.0	17.0157
10/23/2017 23:26:29	51.0	51.0	18.6352
10/23/2017 23:26:40	52.0	53.0	19.1601
10/23/2017 23:26:51	54.0	54.0	18.2292
10/23/2017 23:27:02	56.0	55.0	11.811
10/23/2017 23:27:13	56.0	54.0	17.7083
10/23/2017 23:27:24	57.0	56.0	17.2775
10/23/2017 23:27:35	54.0	54.0	12.1053
10/23/2017 23:27:46	52.0	52.0	13.0548
10/23/2017 23:27:57	50.0	50.0	11.8421
10/23/2017 23:28:08	49.0	48.0	15.2632
10/23/2017 23:28:19	49.0	48.0	13.6842
10/23/2017 23:28:30	48.0	47.0	13.4565
10/23/2017 23:28:41	47.0	47.0	13.9842
10/23/2017 23:28:52	49.0	48.0	13.4921
10/23/2017 23:29:03	50.0	50.0	12.3037
10/23/2017 23:29:14	51.0	51.0	12.5984
10/23/2017 23:29:25	53.0	53.0	12.336
10/23/2017 23:29:36	54.0	54.0	12.1053
10/23/2017 23:29:47	55.0	54.0	12.6316
10/23/2017 23:29:58	55.0	55.0	11.3456
10/23/2017 23:30:10	56.0	55.0	11.2272
10/23/2017 23:30:21	56.0	56.0	12.1693
10/23/2017 23:30:32	54.0	54.0	12.8272
10/23/2017 23:30:43	51.0	51.0	12.4668
10/23/2017 23:30:54	50.0	50.0	14.4737
10/23/2017 23:31:05	50.0	48.0	13.4921
10/23/2017 23:31:16	49.0	48.0	15.3034
10/23/2017 23:31:27	48.0	47.0	14.1361
10/23/2017 23:31:38	48.0	47.0	13.9474
10/23/2017 23:31:49	50.0	50.0	12.8272
10/23/2017 23:32:00	51.0	51.0	11.811
10/23/2017 23:32:11	52.0	52.0	12.3037
10/23/2017 23:32:22	53.0	53.0	12.5654
10/23/2017 23:32:33	54.0	54.0	14.6597
10/23/2017 23:32:44	56.0	55.0	16.273
10/23/2017 23:32:55	57.0	56.0	16.8421
10/23/2017 23:33:06	55.0	54.0	17.801
10/23/2017 23:33:17	53.0	53.0	18.5864
10/23/2017 23:33:28	53.0	53.0	18.6352
10/23/2017 23:33:39	51.0	51.0	17.7083
10/23/2017 23:33:50	50.0	50.0	19.9475
10/23/2017 23:34:01	49.0	48.0	17.7083
10/23/2017 23:34:12	49.0	48.0	18.2292
10/23/2017 23:34:23	48.0	48.0	17.0157
10/23/2017 23:34:34	49.0	48.0	13.9474
10/23/2017 23:34:45	48.0	47.0	14.2105
10/23/2017 23:34:56	50.0	49.0	13.6842
10/23/2017 23:35:07	51.0	51.0	12.1053
10/23/2017 23:35:18	52.0	51.0	12.7937
10/23/2017 23:35:29	52.0	53.0	11.5789
10/23/2017 23:35:40	54.0	54.0	12.336
10/23/2017 23:35:51	55.0	54.0	12.2715
10/23/2017 23:36:03	56.0	56.0	12.5984
10/23/2017 23:36:14	55.0	54.0	11.3158
10/23/2017 23:36:25	53.0	53.0	13.089
10/23/2017 23:36:36	50.0	51.0	13.9842
10/23/2017 23:36:47	50.0	50.0	13.9474
10/23/2017 23:36:58	49.0	48.0	14.0584
10/23/2017 23:37:09	48.0	48.0	15
10/23/2017 23:37:20	47.0	47.0	13.6126
10/23/2017 23:37:31	49.0	49.0	12.6649
10/23/2017 23:37:42	50.0	50.0	12.8272
10/23/2017 23:37:53	51.0	52.0	12.7937
10/23/2017 23:38:04	52.0	53.0	12.1053
10/23/2017 23:38:15	54.0	54.0	12.1372
10/23/2017 23:38:26	55.0	54.0	12.0735
10/23/2017 23:38:37	55.0	55.0	12.4011
10/23/2017 23:38:48	56.0	55.0	12.336
10/23/2017 23:38:59	55.0	54.0	12.0419
10/23/2017 23:39:10	52.0	52.0	13.6842
10/23/2017 23:39:21	51.0	51.0	15.6658
10/23/2017 23:39:32	50.0	50.0	16.9713
10/23/2017 23:39:43	49.0	49.0	17.3684
10/23/2017 23:39:54	49.0	49.0	17.0604
10/23/2017 23:40:05	49.0	48.0	15.6658
10/23/2017 23:40:16	48.0	48.0	17.4935
10/23/2017 23:40:27	48.0	47.0	15.9269
10/23/2017 23:40:38	47.0	47.0	16.7539
10/23/2017 23:40:49	49.0	48.0	18.6352
10/23/2017 23:41:00	51.0	50.0	19.3211
10/23/2017 23:41:11	52.0	52.0	18.5864
10/23/2017 23:41:22	54.0	53.0	16.273
10/23/2017 23:41:33	55.0	54.0	19.4805
10/23/2017 23:41:44	56.0	55.0	18.1102
10/23/2017 23:41:56	57.0	56.0	12.8272
10/23/2017 23:42:07	54.0	54.0	12.8272
10/23/2017 23:42:18	51.0	51.0	13.4921
10/23/2017 23:42:29	50.0	50.0	13.9108
10/23/2017 23:42:40	49.0	48.0	13.3858
10/23/2017 23:42:51	48.0	48.0	12.1372
10/23/2017 23:43:02	48.0	48.0	14.2105
10/23/2017 23:43:13	49.0	48.0	12.8609
10/23/2017 23:43:24	51.0	50.0	18.0157
10/23/2017 23:43:35	52.0	52.0	16.4921
10/23/2017 23:43:46	54.0	53.0	19.0104
10/23/2017 23:43:57	54.0	54.0	17.8947
10/23/2017 23:44:08	56.0	55.0	16.6667
10/23/2017 23:44:19	56.0	55.0	12.5984
10/23/2017 23:44:30	53.0	53.0	12.1693
10/23/2017 23:44:41	51.0	51.0	17.4026
10/23/2017 23:44:52	50.0	50.0	16.5789
10/23/2017 23:45:03	49.0	49.0	16.1458
10/23/2017 23:45:14	49.0	49.0	18.4211
10/23/2017 23:45:25	48.0	48.0	17.6623
10/23/2017 23:45:36	48.0	47.0	17.5853
10/23/2017 23:45:47	48.0	48.0	16.6234
10/23/2017 23:45:58	48.0	48.0	16.1458
10/23/2017 23:46:09	48.0	48.0	17.5393
10/23/2017 23:46:20	49.0	49.0	15.445
10/23/2017 23:46:31	51.0	51.0	18.9974
10/23/2017 23:46:42	53.0	53.0	18.961
10/23/2017 23:46:53	54.0	53.0	18.3246
10/23/2017 23:47:04	55.0	54.0	18.5864
10/23/2017 23:47:15	56.0	56.0	19.5822
10/23/2017 23:47:26	55.0	55.0	18.3246
10/23/2017 23:47:37	53.0	53.0	16.7979
10/23/2017 23:47:48	51.0	51.0	18.3246
10/23/2017 23:48:00	50.0	51.0	18.8482
10/23/2017 23:48:11	50.0	50.0	15.445
10/23/2017 23:48:22	49.0	50.0	19.5876
10/23/2017 23:48:33	50.0	50.0	18.0879
10/23/2017 23:48:44	49.0	49.0	19.1214
10/23/2017 23:48:55	50.0	50.0	23.057
10/23/2017 23:49:06	50.0	50.0	19.7917
10/23/2017 23:49:17	50.0	50.0	17.5258
10/23/2017 23:49:28	50.0	50.0	20.8333
10/23/2017 23:49:39	50.0	50.0	19.1214
10/23/2017 23:49:50	50.0	49.0	20.8763
10/23/2017 23:50:01	50.0	50.0	18.509
10/23/2017 23:50:12	50.0	50.0	19.0231
10/23/2017 23:50:23	50.0	49.0	19.8966
10/23/2017 23:50:34	50.0	49.0	21.447
10/23/2017 23:50:45	50.0	48.0	19.1214
10/23/2017 23:50:56	50.0	50.0	19.4805
10/23/2017 23:51:07	49.0	49.0	18.3938
10/23/2017 23:51:18	50.0	50.0	23.822
10/23/2017 23:51:29	50.0	50.0	19.9482
10/23/2017 23:51:40	50.0	49.0	19.7403
10/23/2017 23:51:51	50.0	49.0	17.268
10/23/2017 23:52:02	50.0	49.0	17.6623
10/23/2017 23:52:13	49.0	49.0	20.9302
10/23/2017 23:52:24	50.0	49.0	13.0667
10/23/2017 23:52:35	48.0	47.0	17.5393
10/23/2017 23:52:46	48.0	49.0	17.4935
10/23/2017 23:52:57	50.0	50.0	18.2292
10/23/2017 23:53:08	52.0	52.0	18.0628
10/23/2017 23:53:19	53.0	54.0	22.2222
10/23/2017 23:53:30	55.0	54.0	16.8831
10/23/2017 23:53:41	55.0	56.0	16.7539
10/23/2017 23:53:52	57.0	56.0	15.6658
10/23/2017 23:54:03	57.0	55.0	18.75
10/23/2017 23:54:14	54.0	53.0	16.4062
10/23/2017 23:54:25	52.0	52.0	18.6842
10/23/2017 23:54:36	51.0	50.0	16.7979
10/23/2017 23:54:47	49.0	49.0	16.6667
10/23/2017 23:54:58	49.0	48.0	17.3228
10/23/2017 23:55:09	48.0	48.0	17.4935
10/23/2017 23:55:20	48.0	48.0	14.9606
10/23/2017 23:55:31	48.0	47.0	18.4896
10/23/2017 23:55:42	48.0	48.0	15.1832
10/23/2017 23:55:53	49.0	50.0	18.8976
10/23/2017 23:56:04	51.0	51.0	18.3246
10/23/2017 23:56:15	52.0	52.0	1.5544
10/23/2017 23:56:27	51.0	51.0	2.40964
10/23/2017 23:56:38	48.0	48.0	3.5533
10/23/2017 23:56:49	47.0	47.0	2.02532
10/23/2017 23:57:00	47.0	48.0	2.79188
10/23/2017 23:57:11	48.0	48.0	2.53807
10/23/2017 23:57:22	49.0	48.0	2.77778
10/23/2017 23:57:33	49.0	49.0	1.26263
10/23/2017 23:57:44	49.0	50.0	3.5533
10/23/2017 23:57:55	50.0	49.0	1.77215
10/23/2017 23:58:06	50.0	50.0	11.5132
10/23/2017 23:58:17	49.0	50.0	7.14286
10/23/2017 23:58:28	50.0	50.0	1.67785
10/23/2017 23:58:39	50.0	50.0	1.25945
10/23/2017 23:58:50	50.0	50.0	5.08906
10/23/2017 23:59:01	50.0	50.0	50.9044
10/23/2017 23:59:12	53.0	56.0	18.1818
10/23/2017 23:59:23	52.0	53.0	18.3673
10/23/2017 23:59:35	54.0	53.0	22.5806
10/23/2017 23:59:47	55.0	54.0	17.7966
10/23/2017 23:59:58	54.0	54.0	18.5379
10/24/2017 00:00:09	55.0	54.0	16.5354
10/24/2017 00:00:20	55.0	55.0	19.0601
10/24/2017 00:00:31	56.0	56.0	17.5853
10/24/2017 00:00:42	56.0	56.0	16.0105
10/24/2017 00:00:53	55.0	54.0	17.4142
10/24/2017 00:01:04	54.0	53.0	18.8482
10/24/2017 00:01:15	52.0	51.0	16.7102
10/24/2017 00:01:26	51.0	50.0	16.8831
10/24/2017 00:01:37	49.0	49.0	18.3727
10/24/2017 00:01:48	49.0	48.0	16.3158
10/24/2017 00:01:59	48.0	48.0	17.3684
10/24/2017 00:02:10	48.0	47.0	17.2775
10/24/2017 00:02:21	48.0	48.0	17.0157
10/24/2017 00:02:32	50.0	50.0	17.2324
10/24/2017 00:02:43	51.0	51.0	17.801
10/24/2017 00:02:54	52.0	53.0	15.2231
10/24/2017 00:03:05	54.0	54.0	18.0851
10/24/2017 00:03:17	55.0	54.0	18.7668
10/24/2017 00:03:28	56.0	56.0	16.5789
10/24/2017 00:03:39	55.0	54.0	16.8421
10/24/2017 00:03:50	53.0	52.0	17.2775
10/24/2017 00:04:01	51.0	51.0	16.7539
10/24/2017 00:04:12	50.0	50.0	17.1429
10/24/2017 00:04:23	49.0	49.0	19.0601
10/24/2017 00:04:34	48.0	48.0	17.2775
10/24/2017 00:04:45	48.0	48.0	18.3246
10/24/2017 00:04:56	48.0	47.0	16.8865
10/24/2017 00:05:07	48.0	47.0	17.2775
10/24/2017 00:05:18	50.0	50.0	17.8947
10/24/2017 00:05:29	51.0	51.0	15.9686
10/24/2017 00:05:40	53.0	52.0	16.4021
10/24/2017 00:05:51	54.0	54.0	16.3158
10/24/2017 00:06:02	55.0	55.0	17.2414
10/24/2017 00:06:13	57.0	56.0	17.8947
10/24/2017 00:06:24	55.0	54.0	15.7068
10/24/2017 00:06:35	52.0	53.0	18.3246
10/24/2017 00:06:46	52.0	53.0	19.7403
10/24/2017 00:06:57	50.0	50.0	17.2775
10/24/2017 00:07:08	50.0	49.0	18.3246
10/24/2017 00:07:19	49.0	49.0	18.75
10/24/2017 00:07:30	48.0	48.0	18.4211
10/24/2017 00:07:41	49.0	48.0	17.4603
10/24/2017 00:07:52	48.0	48.0	16.3588
10/24/2017 00:08:03	47.0	47.0	16.7539
10/24/2017 00:08:14	48.0	47.0	18.3727
10/24/2017 00:08:25	47.0	47.0	15.9686
10/24/2017 00:08:36	49.0	48.0	15.7068
10/24/2017 00:08:47	51.0	51.0	18.254
10/24/2017 00:08:58	52.0	52.0	16.3158
10/24/2017 00:09:09	53.0	53.0	19.685
10/24/2017 00:09:20	55.0	55.0	19.3717
10/24/2017 00:09:31	56.0	55.0	18.0157
10/24/2017 00:09:42	57.0	56.0	18.6842
10/24/2017 00:09:53	54.0	54.0	16.7102
10/24/2017 00:10:05	52.0	53.0	18.4211
10/24/2017 00:10:16	51.0	51.0	17.1958
10/24/2017 00:10:27	50.0	50.0	16.188
10/24/2017 00:10:38	50.0	49.0	18.1579
10/24/2017 00:10:49	50.0	49.0	17.5853
10/24/2017 00:11:00	49.0	48.0	20.1592
10/24/2017 00:11:11	49.0	48.0	16.8865
10/24/2017 00:11:22	48.0	48.0	16.7979
10/24/2017 00:11:33	48.0	47.0	17.0604
10/24/2017 00:11:44	48.0	48.0	16.6667
10/24/2017 00:11:55	47.0	47.0	18.3246
10/24/2017 00:12:06	47.0	47.0	16.273
10/24/2017 00:12:17	49.0	48.0	18.3727
10/24/2017 00:12:28	52.0	51.0	17.9894
10/24/2017 00:12:39	52.0	53.0	17.8478
10/24/2017 00:12:50	54.0	54.0	18.4697
10/24/2017 00:13:01	55.0	55.0	16.4021
10/24/2017 00:13:12	56.0	56.0	18.7831
10/24/2017 00:13:23	56.0	55.0	16.9811
10/24/2017 00:13:34	53.0	53.0	16.7979
10/24/2017 00:13:45	51.0	52.0	17.1504
10/24/2017 00:13:56	50.0	51.0	18.6352
10/24/2017 00:14:07	50.0	50.0	17.4142
10/24/2017 00:14:18	50.0	49.0	17.2872
10/24/2017 00:14:29	49.0	48.0	18.7335
10/24/2017 00:14:40	49.0	48.0	16.3636
10/24/2017 00:14:51	49.0	48.0	17.2414
10/24/2017 00:15:02	48.0	48.0	15.3439
10/24/2017 00:15:13	48.0	48.0	15.873
10/24/2017 00:15:24	49.0	48.0	18.8329
10/24/2017 00:15:35	48.0	46.0	16.3158
10/24/2017 00:15:46	47.0	47.0	16.3588
10/24/2017 00:15:57	47.0	47.0	17.1053
10/24/2017 00:16:08	48.0	47.0	17.1053
10/24/2017 00:16:19	50.0	49.0	15.3034
10/24/2017 00:16:30	51.0	51.0	17.1504
10/24/2017 00:16:42	54.0	54.0	17.0604
10/24/2017 00:16:53	54.0	54.0	16.5354
10/24/2017 00:17:04	56.0	55.0	17.6316
10/24/2017 00:17:15	57.0	56.0	18.254
10/24/2017 00:17:26	55.0	56.0	18.254
10/24/2017 00:17:37	53.0	53.0	18.883
10/24/2017 00:17:48	52.0	52.0	16.095
10/24/2017 00:17:59	51.0	51.0	15.873
10/24/2017 00:18:10	51.0	51.0	17.7898
10/24/2017 00:18:21	49.0	48.0	14.8825
10/24/2017 00:18:32	49.0	48.0	17.8478
10/24/2017 00:18:43	48.0	48.0	17.3228
10/24/2017 00:18:54	49.0	48.0	17.9894
10/24/2017 00:19:05	48.0	48.0	17.4142
10/24/2017 00:19:16	49.0	48.0	15.748
10/24/2017 00:19:27	48.0	48.0	18.4697
10/24/2017 00:19:38	49.0	48.0	16.9713
10/24/2017 00:19:49	50.0	51.0	16.1376
10/24/2017 00:20:00	52.0	52.0	19.3548
10/24/2017 00:20:11	55.0	54.0	17.4142
10/24/2017 00:20:22	55.0	55.0	16.8421
10/24/2017 00:20:33	56.0	56.0	15.9574
10/24/2017 00:20:44	56.0	56.0	18.2768
10/24/2017 00:20:55	55.0	54.0	18.4416
10/24/2017 00:21:06	54.0	53.0	20.6266
10/24/2017 00:21:17	52.0	52.0	18.5379
10/24/2017 00:21:28	52.0	51.0	20.0521
10/24/2017 00:21:39	53.0	52.0	20.21
10/24/2017 00:21:50	51.0	51.0	20.8877
10/24/2017 00:22:01	51.0	51.0	21.7877
10/24/2017 00:22:12	51.0	51.0	20.4134
10/24/2017 00:22:23	51.0	50.0	21.1488
10/24/2017 00:22:34	50.0	50.0	19.0104
10/24/2017 00:22:45	50.0	50.0	16.9271
10/24/2017 00:22:56	50.0	50.0	21.5584
10/24/2017 00:23:07	50.0	49.0	21.5054
10/24/2017 00:23:19	49.0	50.0	21.9321
10/24/2017 00:23:30	51.0	51.0	18.0879
10/24/2017 00:23:41	50.0	49.0	20.5195
10/24/2017 00:23:52	49.0	50.0	19.6382
10/24/2017 00:24:03	50.0	49.0	20
10/24/2017 00:24:14	50.0	49.0	19.8433
10/24/2017 00:24:25	50.0	50.0	19.4301
10/24/2017 00:24:36	49.0	48.0	15.625
10/24/2017 00:24:47	50.0	49.0	21.0797
10/24/2017 00:24:58	50.0	50.0	21.0938
10/24/2017 00:25:09	50.0	50.0	17.5711
10/24/2017 00:25:20	49.0	49.0	18.2768
10/24/2017 00:25:31	49.0	49.0	19.8966
10/24/2017 00:25:42	50.0	49.0	18.9119
10/24/2017 00:25:53	50.0	50.0	19.7403
10/24/2017 00:26:04	50.0	49.0	18.299
10/24/2017 00:26:15	50.0	50.0	18.4416
10/24/2017 00:26:26	49.0	49.0	22.108
10/24/2017 00:26:37	49.0	48.0	20.8333
10/24/2017 00:26:48	50.0	49.0	18.1818
10/24/2017 00:26:59	50.0	49.0	18.961
10/24/2017 00:27:10	49.0	48.0	21.8182
10/24/2017 00:27:21	49.0	49.0	20.3125
10/24/2017 00:27:32	49.0	49.0	17.3127
10/24/2017 00:27:43	51.0	50.0	20.4663
10/24/2017 00:27:54	50.0	49.0	19.8966
10/24/2017 00:28:05	49.0	48.0	22.7749
10/24/2017 00:28:16	49.0	49.0	15.0134
10/24/2017 00:28:27	47.0	47.0	18.1333
10/24/2017 00:28:38	49.0	49.0	15.445
10/24/2017 00:28:49	51.0	51.0	16.0526
10/24/2017 00:29:00	52.0	52.0	19.5187
10/24/2017 00:29:11	55.0	54.0	18.8482
10/24/2017 00:29:22	55.0	54.0	13.0548
10/24/2017 00:29:33	55.0	55.0	11.7801
10/24/2017 00:29:44	56.0	56.0	12.7937
10/24/2017 00:29:55	56.0	55.0	12.0735
10/24/2017 00:30:06	53.0	53.0	11.7801
10/24/2017 00:30:17	51.0	51.0	13.577
10/24/2017 00:30:29	50.0	50.0	18.4896
10/24/2017 00:30:40	49.0	49.0	19.1099
10/24/2017 00:30:51	49.0	49.0	17.6623
10/24/2017 00:31:02	49.0	49.0	14.4357
10/24/2017 00:31:13	47.0	47.0	12.5984
10/24/2017 00:31:24	48.0	47.0	14.1732
10/24/2017 00:31:35	49.0	49.0	11.7801
10/24/2017 00:31:46	51.0	51.0	13.3858
10/24/2017 00:31:57	52.0	52.0	18.3246
10/24/2017 00:32:08	54.0	54.0	17.8478
10/24/2017 00:32:19	55.0	55.0	19.8433
10/24/2017 00:32:30	56.0	56.0	19.3211
10/24/2017 00:32:41	57.0	56.0	19.3211
10/24/2017 00:32:52	55.0	54.0	17.801
10/24/2017 00:33:03	53.0	53.0	19.2708
10/24/2017 00:33:14	51.0	51.0	18.3727
10/24/2017 00:33:25	50.0	50.0	19.5312
10/24/2017 00:33:36	50.0	50.0	18.0157
10/24/2017 00:33:47	50.0	49.0	17.5853
10/24/2017 00:33:58	48.0	48.0	17.801
10/24/2017 00:34:09	48.0	47.0	14.7368
10/24/2017 00:34:20	47.0	47.0	11.7493
10/24/2017 00:34:31	46.0	46.0	14.3979
10/24/2017 00:34:42	49.0	48.0	13.3508
10/24/2017 00:34:53	51.0	50.0	13.2275
10/24/2017 00:35:04	51.0	51.0	11.811
10/24/2017 00:35:15	52.0	52.0	12.0419
10/24/2017 00:35:26	54.0	54.0	13.089
10/24/2017 00:35:37	55.0	54.0	11.7801
10/24/2017 00:35:48	55.0	55.0	11.3158
10/24/2017 00:35:59	56.0	55.0	12.5326
10/24/2017 00:36:10	55.0	54.0	12.0104
10/24/2017 00:36:21	53.0	52.0	13.3159
10/24/2017 00:36:33	51.0	50.0	12.8272
10/24/2017 00:36:44	50.0	50.0	13.6126
10/24/2017 00:36:55	49.0	48.0	13.1926
10/24/2017 00:37:06	48.0	48.0	13.6842
10/24/2017 00:37:17	47.0	47.0	12.963
10/24/2017 00:37:28	47.0	47.0	14.6982
10/24/2017 00:37:39	48.0	48.0	17.8947
10/24/2017 00:37:50	51.0	50.0	17.4935
10/24/2017 00:38:01	52.0	52.0	16.7539
10/24/2017 00:38:12	54.0	54.0	17.7546
10/24/2017 00:38:23	55.0	54.0	17.7546
10/24/2017 00:38:34	56.0	55.0	13.3858
10/24/2017 00:38:45	55.0	54.0	12.3037
10/24/2017 00:38:56	52.0	53.0	11.8421
10/24/2017 00:39:07	51.0	51.0	17.2324
10/24/2017 00:39:18	50.0	50.0	19.2105
10/24/2017 00:39:29	49.0	49.0	18.1818
10/24/2017 00:39:40	49.0	48.0	18.2768
10/24/2017 00:39:51	49.0	48.0	15.625
10/24/2017 00:40:02	49.0	48.0	19.4805
10/24/2017 00:40:13	49.0	48.0	17.9688
10/24/2017 00:40:24	48.0	48.0	19.685
10/24/2017 00:40:35	48.0	48.0	16.4921
10/24/2017 00:40:46	47.0	46.0	16.0622
10/24/2017 00:40:57	47.0	47.0	14.3229
10/24/2017 00:41:08	48.0	48.0	18.6352
10/24/2017 00:41:19	50.0	49.0	17.5853
10/24/2017 00:41:30	51.0	51.0	17.8478
10/24/2017 00:41:41	53.0	53.0	18.4896
10/24/2017 00:41:52	54.0	54.0	17.5853
10/24/2017 00:42:03	55.0	55.0	16.8831
10/24/2017 00:42:14	57.0	56.0	17.1053
10/24/2017 00:42:25	54.0	54.0	17.8478
10/24/2017 00:42:36	52.0	52.0	16.4062
10/24/2017 00:42:47	51.0	51.0	17.3228
10/24/2017 00:42:59	50.0	51.0	17.9688
10/24/2017 00:43:10	49.0	50.0	16.8831
10/24/2017 00:43:21	49.0	49.0	16.7539
10/24/2017 00:43:32	49.0	48.0	17.8756
10/24/2017 00:43:43	48.0	48.0	15.9686
10/24/2017 00:43:54	48.0	47.0	19.5312
10/24/2017 00:44:05	48.0	47.0	17.2775
10/24/2017 00:44:16	47.0	47.0	17.801
10/24/2017 00:44:27	47.0	47.0	18.2292
10/24/2017 00:44:38	50.0	49.0	18.4896
10/24/2017 00:44:49	51.0	50.0	15.1042
10/24/2017 00:45:00	52.0	52.0	17.7546
10/24/2017 00:45:11	53.0	53.0	19.8433
10/24/2017 00:45:22	55.0	54.0	18.5379
10/24/2017 00:45:33	55.0	55.0	18.1102
10/24/2017 00:45:44	56.0	56.0	17.6316
10/24/2017 00:45:55	54.0	54.0	17.9894
10/24/2017 00:46:06	52.0	52.0	15.8442
10/24/2017 00:46:17	51.0	51.0	18.4211
10/24/2017 00:46:28	50.0	50.0	16.7539
10/24/2017 00:46:39	50.0	49.0	16.7979
10/24/2017 00:46:50	48.0	48.0	16.6667
10/24/2017 00:47:01	49.0	48.0	18.6352
10/24/2017 00:47:12	48.0	47.0	17.4935
10/24/2017 00:47:23	48.0	47.0	15.9686
10/24/2017 00:47:34	50.0	50.0	17.5853
10/24/2017 00:47:45	52.0	51.0	18.799
10/24/2017 00:47:56	54.0	52.0	19.5251
10/24/2017 00:48:07	55.0	54.0	19.7403
10/24/2017 00:48:18	58.0	57.0	21.7054
10/24/2017 00:48:30	56.0	55.0	14.5553
10/24/2017 00:48:41	52.0	52.0	15.748
10/24/2017 00:48:52	51.0	51.0	17.1504
10/24/2017 00:49:03	51.0	51.0	20.3655
10/24/2017 00:49:14	50.0	50.0	18.8482
10/24/2017 00:49:25	49.0	49.0	18.0157
10/24/2017 00:49:36	49.0	48.0	17.2324
10/24/2017 00:49:47	50.0	50.0	16.3158
10/24/2017 00:49:58	48.0	48.0	18.8482
10/24/2017 00:50:09	50.0	48.0	18.3938
10/24/2017 00:50:20	48.0	48.0	13.9474
10/24/2017 00:50:31	48.0	47.0	13.4211
10/24/2017 00:50:42	49.0	49.0	12.8609
10/24/2017 00:50:53	51.0	50.0	12.1693
10/24/2017 00:51:04	52.0	52.0	11.8421
10/24/2017 00:51:15	52.0	53.0	15.9686
10/24/2017 00:51:26	54.0	54.0	17.1053
10/24/2017 00:51:37	55.0	55.0	16.7539
10/24/2017 00:51:48	56.0	55.0	17.8478
10/24/2017 00:51:59	56.0	55.0	17.1875
10/24/2017 00:52:10	54.0	53.0	17.801
10/24/2017 00:52:21	52.0	53.0	15.2231
10/24/2017 00:52:32	51.0	51.0	17.2775
10/24/2017 00:52:43	50.0	50.0	19.1099
10/24/2017 00:52:54	49.0	48.0	18.3727
10/24/2017 00:53:05	49.0	48.0	17.0604
10/24/2017 00:53:16	48.0	48.0	18.8976
10/24/2017 00:53:27	48.0	47.0	18.5864
10/24/2017 00:53:38	48.0	47.0	19.0601
10/24/2017 00:53:49	47.0	47.0	15.9269
10/24/2017 00:54:00	48.0	48.0	18.3938
10/24/2017 00:54:11	50.0	49.0	17.1875
10/24/2017 00:54:22	51.0	51.0	16.2304
10/24/2017 00:54:33	53.0	53.0	17.5393
10/24/2017 00:54:44	54.0	53.0	18.0628
10/24/2017 00:54:55	55.0	54.0	18.9119
10/24/2017 00:55:07	57.0	57.0	18.2768
10/24/2017 00:55:18	55.0	54.0	13.6842
10/24/2017 00:55:29	52.0	52.0	12.4339
10/24/2017 00:55:40	50.0	51.0	12.963
10/24/2017 00:55:51	49.0	50.0	13.9108
10/24/2017 00:56:02	49.0	48.0	19.5312
10/24/2017 00:56:13	48.0	48.0	18.6528
10/24/2017 00:56:24	48.0	48.0	20.0521
10/24/2017 00:56:35	48.0	48.0	13.5638
10/24/2017 00:56:46	46.0	47.0	12.8609
10/24/2017 00:56:57	48.0	48.0	16.4921
10/24/2017 00:57:08	50.0	50.0	17.5393
10/24/2017 00:57:19	52.0	52.0	21.3542
10/24/2017 00:57:30	54.0	53.0	16.188
10/24/2017 00:57:41	55.0	54.0	16.5803
10/24/2017 00:57:52	56.0	56.0	17.6316
10/24/2017 00:58:03	57.0	57.0	17.7083
10/24/2017 00:58:14	55.0	54.0	18.0157
10/24/2017 00:58:25	52.0	53.0	18.0157
10/24/2017 00:58:36	52.0	52.0	16.9271
10/24/2017 00:58:47	50.0	50.0	16.9713
10/24/2017 00:58:58	50.0	50.0	16.6667
10/24/2017 00:59:09	49.0	49.0	17.6623
10/24/2017 00:59:20	49.0	48.0	16.7539
10/24/2017 00:59:31	49.0	48.0	18.3727
10/24/2017 00:59:42	48.0	48.0	17.8478
10/24/2017 00:59:53	48.0	47.0	16.0105
10/24/2017 01:00:04	48.0	48.0	19.1099
10/24/2017 01:00:15	47.0	47.0	18.3727
10/24/2017 01:00:26	48.0	47.0	16.2304
10/24/2017 01:00:37	47.0	47.0	18.254
10/24/2017 01:00:48	49.0	48.0	17.801
10/24/2017 01:00:59	51.0	50.0	22.6221
10/24/2017 01:01:10	54.0	53.0	19.8966
10/24/2017 01:01:21	56.0	56.0	18.961
10/24/2017 01:01:32	58.0	57.0	19.5876
10/24/2017 01:01:43	56.0	55.0	19.7943
10/24/2017 01:01:54	55.0	54.0	12.6316
10/24/2017 01:02:06	51.0	51.0	13.2275
10/24/2017 01:02:17	50.0	50.0	14.2857
10/24/2017 01:02:28	50.0	49.0	14.248
10/24/2017 01:02:39	49.0	48.0	13.3858
10/24/2017 01:02:50	48.0	47.0	13.9842
10/24/2017 01:03:01	48.0	47.0	14.1732
10/24/2017 01:03:12	50.0	50.0	17.7546
10/24/2017 01:03:23	52.0	52.0	16.6227
10/24/2017 01:03:34	54.0	53.0	22.2798
10/24/2017 01:03:45	55.0	54.0	22.7979
10/24/2017 01:03:56	59.0	58.0	20.2073
10/24/2017 01:04:07	55.0	55.0	18.509
10/24/2017 01:04:18	55.0	54.0	23.3766
10/24/2017 01:04:29	54.0	53.0	12.0735
10/24/2017 01:04:40	51.0	51.0	13.577
10/24/2017 01:04:51	50.0	49.0	14.4737
10/24/2017 01:05:02	48.0	48.0	13.4921
10/24/2017 01:05:13	48.0	47.0	12.9973
10/24/2017 01:05:24	47.0	47.0	14.2857
10/24/2017 01:05:35	49.0	48.0	13.7203
10/24/2017 01:05:46	51.0	50.0	12.1053
10/24/2017 01:05:57	51.0	51.0	12.3037
10/24/2017 01:06:08	53.0	53.0	11.5789
10/24/2017 01:06:19	54.0	53.0	13.0548
10/24/2017 01:06:30	55.0	54.0	12.0419
10/24/2017 01:06:41	55.0	55.0	11.2272
10/24/2017 01:06:52	56.0	56.0	12.5984
10/24/2017 01:07:03	55.0	54.0	11.811
10/24/2017 01:07:14	53.0	53.0	12.3037
10/24/2017 01:07:25	51.0	51.0	13.8743
10/24/2017 01:07:36	49.0	49.0	13.6842
10/24/2017 01:07:48	49.0	48.0	13.9474
10/24/2017 01:07:59	48.0	47.0	13.7566
10/24/2017 01:08:10	47.0	47.0	14.1732
10/24/2017 01:08:21	48.0	47.0	12.7604
10/24/2017 01:08:32	49.0	50.0	12.5326
10/24/2017 01:08:43	51.0	51.0	12.336
10/24/2017 01:08:54	52.0	53.0	12.8947
10/24/2017 01:09:05	54.0	53.0	11.811
10/24/2017 01:09:16	54.0	54.0	11.8421
10/24/2017 01:09:27	56.0	55.0	12.3037
10/24/2017 01:09:38	56.0	56.0	11.811
10/24/2017 01:09:49	55.0	55.0	12.336
10/24/2017 01:10:00	53.0	53.0	13.6842
10/24/2017 01:10:11	51.0	51.0	14.4737
10/24/2017 01:10:22	50.0	50.0	14.248
10/24/2017 01:10:33	50.0	50.0	14.4357
10/24/2017 01:10:44	48.0	47.0	12.7321
10/24/2017 01:10:55	48.0	47.0	15.5673
10/24/2017 01:11:06	48.0	46.0	14.2105
10/24/2017 01:11:17	47.0	47.0	13.7931
10/24/2017 01:11:28	50.0	48.0	12.6316
10/24/2017 01:11:39	51.0	50.0	12.7937
10/24/2017 01:11:50	52.0	52.0	12.3037
10/24/2017 01:12:01	53.0	53.0	12.7937
10/24/2017 01:12:12	54.0	53.0	12.5326
10/24/2017 01:12:23	55.0	54.0	11.811
10/24/2017 01:12:34	55.0	55.0	12.2715
10/24/2017 01:12:45	56.0	55.0	12.0735
10/24/2017 01:12:56	55.0	54.0	13.3858
10/24/2017 01:13:08	52.0	52.0	13.5417
10/24/2017 01:13:19	50.0	50.0	14.1711
10/24/2017 01:13:30	50.0	49.0	12.8
10/24/2017 01:13:41	49.0	48.0	14.5503
10/24/2017 01:13:52	48.0	48.0	13.4565
10/24/2017 01:14:03	48.0	47.0	12.963
10/24/2017 01:14:14	48.0	47.0	13.1926
10/24/2017 01:14:25	49.0	49.0	13.7203
10/24/2017 01:14:36	51.0	51.0	12.5984
10/24/2017 01:14:47	52.0	51.0	12.5984
10/24/2017 01:14:58	53.0	53.0	12.3684
10/24/2017 01:15:09	54.0	53.0	12.5984
10/24/2017 01:15:20	55.0	54.0	11.5486
10/24/2017 01:15:31	55.0	55.0	11.2565
10/24/2017 01:15:42	57.0	56.0	13.3858
10/24/2017 01:15:53	54.0	53.0	11.3456
10/24/2017 01:16:04	52.0	52.0	12.9288
10/24/2017 01:16:15	51.0	51.0	15.3439
10/24/2017 01:16:26	50.0	49.0	15.7593
10/24/2017 01:16:37	49.0	48.0	2.82051
