10/26/2017 16:07:57	36.0	36.0	0.502513
10/26/2017 16:08:08	34.0	34.0	0
10/26/2017 16:08:19	35.0	35.0	1.0101
10/26/2017 16:08:30	35.0	34.0	0.252525
10/26/2017 16:08:41	35.0	35.0	0.506329
10/26/2017 16:08:52	35.0	35.0	0.755668
10/26/2017 16:09:03	36.0	36.0	0.252525
10/26/2017 16:09:14	35.0	36.0	1.0101
10/26/2017 16:09:25	36.0	35.0	1.0101
10/26/2017 16:09:36	37.0	36.0	0.503778
10/26/2017 16:09:47	37.0	37.0	1.01523
10/26/2017 16:09:58	37.0	37.0	0.753769
10/26/2017 16:10:09	37.0	37.0	0.502513
10/26/2017 16:10:20	37.0	37.0	1.51899
10/26/2017 16:10:31	38.0	37.0	0.505051
10/26/2017 16:10:42	38.0	37.0	0.253165
10/26/2017 16:10:53	39.0	38.0	1.0101
10/26/2017 16:11:05	38.0	38.0	0.755668
10/26/2017 16:11:16	41.0	39.0	1.00756
10/26/2017 16:11:27	39.0	39.0	0.252525
10/26/2017 16:11:38	38.0	38.0	0.503778
10/26/2017 16:11:49	39.0	38.0	1.0101
10/26/2017 16:12:00	39.0	38.0	0.505051
10/26/2017 16:12:11	39.0	39.0	0.503778
10/26/2017 16:12:22	39.0	40.0	1.0101
10/26/2017 16:12:33	40.0	39.0	0.505051
10/26/2017 16:12:44	40.0	40.0	0.753769
10/26/2017 16:12:55	40.0	40.0	1.01266
10/26/2017 16:13:06	41.0	40.0	0.755668
10/26/2017 16:13:17	41.0	40.0	2.77778
10/26/2017 16:13:28	40.0	40.0	1.51899
10/26/2017 16:13:39	41.0	41.0	0.252525
10/26/2017 16:13:50	41.0	41.0	1.25945
10/26/2017 16:14:01	41.0	40.0	0.502513
10/26/2017 16:14:12	41.0	41.0	0.503778
10/26/2017 16:14:23	41.0	41.0	1.0101
10/26/2017 16:14:34	42.0	41.0	0.252525
10/26/2017 16:14:45	42.0	42.0	0.503778
10/26/2017 16:14:56	42.0	42.0	0.757576
10/26/2017 16:15:07	42.0	42.0	0.753769
10/26/2017 16:15:18	42.0	42.0	1.26263
10/26/2017 16:15:29	43.0	42.0	0.757576
10/26/2017 16:15:40	43.0	43.0	0.505051
10/26/2017 16:15:51	42.0	42.0	0.253165
10/26/2017 16:16:02	43.0	42.0	1.25945
10/26/2017 16:16:13	43.0	42.0	0.503778
10/26/2017 16:16:24	42.0	42.0	0.759494
10/26/2017 16:16:35	42.0	42.0	0.503778
10/26/2017 16:16:46	44.0	43.0	0.252525
10/26/2017 16:16:57	43.0	43.0	0.757576
10/26/2017 16:17:08	44.0	43.0	0.506329
10/26/2017 16:17:20	44.0	44.0	2.27848
10/26/2017 16:17:31	43.0	43.0	1.0101
10/26/2017 16:17:42	43.0	43.0	1.00756
10/26/2017 16:17:53	43.0	43.0	0.253165
10/26/2017 16:18:04	44.0	44.0	1.26582
10/26/2017 16:18:15	45.0	44.0	0.505051
10/26/2017 16:18:26	44.0	44.0	0.503778
10/26/2017 16:18:37	44.0	44.0	0.757576
10/26/2017 16:18:48	44.0	44.0	0.503778
10/26/2017 16:18:59	44.0	44.0	0.757576
10/26/2017 16:19:10	45.0	44.0	0.753769
10/26/2017 16:19:21	44.0	44.0	0.252525
10/26/2017 16:19:32	45.0	44.0	0.757576
10/26/2017 16:19:43	44.0	44.0	0.251889
10/26/2017 16:19:54	45.0	44.0	0.503778
10/26/2017 16:20:05	45.0	44.0	1.26263
10/26/2017 16:20:16	45.0	45.0	0.753769
10/26/2017 16:20:27	44.0	44.0	0.502513
10/26/2017 16:20:38	45.0	45.0	1.0101
10/26/2017 16:20:49	45.0	44.0	0.505051
10/26/2017 16:21:00	45.0	44.0	0.503778
10/26/2017 16:21:11	46.0	45.0	0.757576
10/26/2017 16:21:22	45.0	44.0	0.503778
10/26/2017 16:21:33	46.0	45.0	0.753769
10/26/2017 16:21:44	46.0	45.0	0.502513
10/26/2017 16:21:55	46.0	45.0	0.755668
10/26/2017 16:22:06	45.0	45.0	0.755668
10/26/2017 16:22:17	46.0	45.0	0.753769
10/26/2017 16:22:28	47.0	45.0	2.03562
10/26/2017 16:22:39	46.0	45.0	3.06905
10/26/2017 16:22:50	46.0	45.0	3.52645
10/26/2017 16:23:01	47.0	46.0	3.29114
10/26/2017 16:23:12	46.0	46.0	2.27273
10/26/2017 16:23:23	46.0	45.0	1.26582
10/26/2017 16:23:34	48.0	47.0	2.28426
10/26/2017 16:23:45	46.0	46.0	4.58015
10/26/2017 16:23:57	46.0	46.0	3.83632
10/26/2017 16:24:08	47.0	46.0	60.989
10/26/2017 16:24:20	50.0	48.0	14.7757
10/26/2017 16:24:31	49.0	48.0	14.1361
10/26/2017 16:24:42	50.0	49.0	14.6214
10/26/2017 16:24:53	50.0	50.0	14.3979
10/26/2017 16:25:04	51.0	51.0	13.1579
10/26/2017 16:25:15	51.0	51.0	13.4565
10/26/2017 16:25:26	52.0	52.0	14.6214
10/26/2017 16:25:37	53.0	52.0	12.5
10/26/2017 16:25:48	53.0	53.0	19.6078
10/26/2017 16:25:59	54.0	53.0	20.2091
10/26/2017 16:26:11	55.0	54.0	13.2231
10/26/2017 16:26:23	55.0	54.0	12.3684
10/26/2017 16:26:34	55.0	56.0	22.4044
10/26/2017 16:26:45	57.0	55.0	11.6095
10/26/2017 16:26:56	55.0	54.0	13.1234
10/26/2017 16:27:07	53.0	53.0	14.5889
10/26/2017 16:27:18	51.0	50.0	14.4737
10/26/2017 16:27:29	50.0	50.0	13.5279
10/26/2017 16:27:40	50.0	49.0	15
10/26/2017 16:27:51	49.0	48.0	13.9474
10/26/2017 16:28:02	49.0	48.0	14.5119
10/26/2017 16:28:13	49.0	48.0	14.8541
10/26/2017 16:28:24	49.0	48.0	15.3439
10/26/2017 16:28:35	48.0	48.0	14.0957
10/26/2017 16:28:46	49.0	48.0	14.7849
10/26/2017 16:28:57	48.0	48.0	14.7059
10/26/2017 16:29:08	49.0	48.0	14.7368
10/26/2017 16:29:19	49.0	48.0	15.0396
10/26/2017 16:29:30	48.0	48.0	13.1926
10/26/2017 16:29:41	48.0	48.0	14.8541
10/26/2017 16:29:52	48.0	48.0	13.7566
10/26/2017 16:30:03	49.0	48.0	15
10/26/2017 16:30:14	49.0	47.0	14.2857
10/26/2017 16:30:25	49.0	47.0	14.5889
10/26/2017 16:30:36	49.0	48.0	13.9842
10/26/2017 16:30:47	49.0	48.0	15.2231
10/26/2017 16:30:58	49.0	47.0	14.2105
10/26/2017 16:31:09	49.0	48.0	14.0957
10/26/2017 16:31:21	48.0	48.0	14.6982
10/26/2017 16:31:32	49.0	48.0	14.4737
10/26/2017 16:31:43	49.0	48.0	13.6126
10/26/2017 16:31:54	49.0	48.0	13.9108
10/26/2017 16:32:05	49.0	48.0	14.248
10/26/2017 16:32:16	49.0	48.0	14.9606
10/26/2017 16:32:27	49.0	48.0	15.1832
10/26/2017 16:32:38	49.0	48.0	14.2857
10/26/2017 16:32:49	49.0	48.0	14.4357
10/26/2017 16:33:00	49.0	48.0	14.8936
10/26/2017 16:33:11	49.0	49.0	14.248
10/26/2017 16:33:22	49.0	49.0	14.5503
10/26/2017 16:33:33	49.0	48.0	15.2632
10/26/2017 16:33:44	49.0	48.0	14.4737
10/26/2017 16:33:55	49.0	48.0	15.6085
10/26/2017 16:34:06	51.0	49.0	13.9108
10/26/2017 16:34:17	50.0	48.0	14.248
10/26/2017 16:34:28	50.0	49.0	13.7566
10/26/2017 16:34:39	50.0	48.0	13.9842
10/26/2017 16:34:50	50.0	48.0	15.4891
10/26/2017 16:35:01	49.0	49.0	14.4737
10/26/2017 16:35:12	49.0	49.0	14.6982
10/26/2017 16:35:23	49.0	49.0	15.1351
10/26/2017 16:35:34	49.0	49.0	14.5119
10/26/2017 16:35:45	50.0	49.0	14.248
10/26/2017 16:35:57	50.0	50.0	13.5638
10/26/2017 16:36:08	50.0	49.0	12.9288
10/26/2017 16:36:19	50.0	49.0	14.0584
10/26/2017 16:36:30	49.0	49.0	14.5889
10/26/2017 16:36:41	50.0	49.0	14.248
10/26/2017 16:36:52	50.0	49.0	14.0957
10/26/2017 16:37:03	50.0	49.0	15.445
10/26/2017 16:37:14	50.0	50.0	14.2857
10/26/2017 16:37:25	50.0	49.0	15.3439
10/26/2017 16:37:36	50.0	50.0	14.3617
10/26/2017 16:37:47	50.0	50.0	15.9151
10/26/2017 16:37:58	50.0	49.0	14.8541
10/26/2017 16:38:09	49.0	49.0	13.6
10/26/2017 16:38:20	50.0	50.0	13.1234
10/26/2017 16:38:31	50.0	49.0	15.2632
10/26/2017 16:38:42	50.0	50.0	14.9215
10/26/2017 16:38:53	50.0	49.0	14.4357
10/26/2017 16:39:04	50.0	50.0	16.0105
10/26/2017 16:39:15	49.0	50.0	14.7757
10/26/2017 16:39:26	50.0	50.0	14.5503
10/26/2017 16:39:37	50.0	50.0	15.2231
10/26/2017 16:39:48	50.0	50.0	14.5119
10/26/2017 16:39:59	50.0	50.0	15.8602
10/26/2017 16:40:10	50.0	50.0	14.0957
10/26/2017 16:40:22	51.0	50.0	14.5119
10/26/2017 16:40:33	51.0	50.0	15.3034
10/26/2017 16:40:44	50.0	50.0	14.8148
10/26/2017 16:40:55	51.0	50.0	14.5503
10/26/2017 16:41:06	50.0	50.0	15.3846
10/26/2017 16:41:17	50.0	50.0	14.0584
10/26/2017 16:41:28	50.0	50.0	14.1333
10/26/2017 16:41:39	50.0	50.0	14.5119
10/26/2017 16:41:50	50.0	50.0	13.3508
10/26/2017 16:42:01	51.0	52.0	12.8609
10/26/2017 16:42:12	54.0	54.0	12.7321
10/26/2017 16:42:23	55.0	54.0	12.5654
10/26/2017 16:42:34	56.0	56.0	13.1926
10/26/2017 16:42:45	56.0	55.0	12.963
10/26/2017 16:42:56	54.0	54.0	13.089
10/26/2017 16:43:07	53.0	53.0	12.8609
10/26/2017 16:43:18	52.0	52.0	15.0259
10/26/2017 16:43:29	52.0	52.0	13.9842
10/26/2017 16:43:40	52.0	51.0	14.1361
10/26/2017 16:43:51	51.0	51.0	14.7757
10/26/2017 16:44:02	51.0	51.0	13.1926
10/26/2017 16:44:13	51.0	51.0	14.0992
10/26/2017 16:44:24	51.0	50.0	12.7937
10/26/2017 16:44:35	50.0	50.0	15
10/26/2017 16:44:46	50.0	50.0	14.2105
10/26/2017 16:44:57	51.0	51.0	13.577
10/26/2017 16:45:08	51.0	50.0	14.026
10/26/2017 16:45:20	50.0	50.0	14.6982
10/26/2017 16:45:31	51.0	51.0	12.5984
10/26/2017 16:45:42	51.0	51.0	14.4737
10/26/2017 16:45:53	51.0	51.0	14.1732
10/26/2017 16:46:04	51.0	51.0	15.873
10/26/2017 16:46:15	51.0	51.0	15.5263
10/26/2017 16:46:26	51.0	52.0	13.9108
10/26/2017 16:46:37	51.0	50.0	14.4357
10/26/2017 16:46:48	51.0	51.0	15.3439
10/26/2017 16:46:59	51.0	51.0	13.9474
10/26/2017 16:47:10	51.0	50.0	14.3603
10/26/2017 16:47:21	51.0	50.0	15.4856
10/26/2017 16:47:32	51.0	51.0	14.6597
10/26/2017 16:47:43	50.0	50.0	14.6214
10/26/2017 16:47:54	50.0	50.0	14.2857
10/26/2017 16:48:05	50.0	50.0	14.9215
10/26/2017 16:48:16	50.0	50.0	16.3636
10/26/2017 16:48:27	51.0	50.0	14.6597
10/26/2017 16:48:38	51.0	51.0	14.2105
10/26/2017 16:48:49	50.0	51.0	15.6658
10/26/2017 16:49:00	50.0	50.0	14.9606
10/26/2017 16:49:11	51.0	51.0	15
10/26/2017 16:49:22	50.0	51.0	15
10/26/2017 16:49:33	50.0	50.0	15.2231
10/26/2017 16:49:44	50.0	51.0	14.6214
10/26/2017 16:49:55	51.0	51.0	16.8
10/26/2017 16:50:07	51.0	50.0	14.1732
10/26/2017 16:50:18	51.0	51.0	13.9842
10/26/2017 16:50:29	51.0	51.0	15.0396
10/26/2017 16:50:40	51.0	50.0	14.4737
10/26/2017 16:50:51	50.0	50.0	15.1436
10/26/2017 16:51:02	50.0	51.0	13.9474
10/26/2017 16:51:13	51.0	51.0	14.8825
10/26/2017 16:51:24	51.0	51.0	16.1039
10/26/2017 16:51:35	51.0	50.0	15.1436
10/26/2017 16:51:46	51.0	50.0	14.2105
10/26/2017 16:51:57	51.0	50.0	14.8052
10/26/2017 16:52:08	50.0	50.0	14.9215
10/26/2017 16:52:19	51.0	50.0	14.9606
10/26/2017 16:52:30	50.0	50.0	16.1458
10/26/2017 16:52:41	50.0	51.0	14.9215
10/26/2017 16:52:52	51.0	50.0	12.5654
10/26/2017 16:53:03	50.0	51.0	15.625
10/26/2017 16:53:14	50.0	51.0	13.577
10/26/2017 16:53:25	51.0	50.0	14.8825
10/26/2017 16:53:36	50.0	50.0	16.3636
10/26/2017 16:53:47	51.0	51.0	16.1458
10/26/2017 16:53:58	51.0	50.0	16.188
10/26/2017 16:54:09	50.0	50.0	14.6597
10/26/2017 16:54:20	50.0	51.0	15.0649
10/26/2017 16:54:31	51.0	50.0	14.7668
10/26/2017 16:54:42	51.0	50.0	14.8438
10/26/2017 16:54:53	50.0	50.0	14.3229
10/26/2017 16:55:05	51.0	51.0	16.5375
10/26/2017 16:55:16	51.0	50.0	14.9871
10/26/2017 16:55:27	51.0	50.0	15.7068
10/26/2017 16:55:38	50.0	50.0	15.1042
10/26/2017 16:55:49	50.0	50.0	15.3646
10/26/2017 16:56:00	51.0	50.0	14.9485
10/26/2017 16:56:11	51.0	50.0	14.8438
10/26/2017 16:56:22	50.0	50.0	16.4524
10/26/2017 16:56:33	50.0	50.0	16.0207
10/26/2017 16:56:44	50.0	50.0	16.1954
10/26/2017 16:56:55	51.0	50.0	14.9871
10/26/2017 16:57:06	50.0	50.0	16.5803
10/26/2017 16:57:17	51.0	50.0	14.8718
10/26/2017 16:57:28	51.0	50.0	16.8367
10/26/2017 16:57:39	50.0	50.0	17.5258
10/26/2017 16:57:50	52.0	51.0	14.6907
10/26/2017 16:58:01	53.0	53.0	13.6598
10/26/2017 16:58:12	55.0	54.0	14.7287
10/26/2017 16:58:23	56.0	56.0	13.8817
10/26/2017 16:58:34	57.0	56.0	15.5216
10/26/2017 16:58:45	55.0	54.0	14.3959
10/26/2017 16:58:56	54.0	54.0	15.0895
10/26/2017 16:59:07	54.0	53.0	18.2957
10/26/2017 16:59:18	53.0	52.0	19.3069
10/26/2017 16:59:29	53.0	52.0	19.3069
10/26/2017 16:59:40	52.0	51.0	19.5
10/26/2017 16:59:51	51.0	51.0	18.2045
10/26/2017 17:00:02	51.0	51.0	19.6078
10/26/2017 17:00:14	51.0	51.0	18.6104
10/26/2017 17:00:25	51.0	51.0	19.656
10/26/2017 17:00:36	51.0	51.0	19.3069
10/26/2017 17:00:47	51.0	50.0	16.5
10/26/2017 17:00:58	51.0	51.0	17.75
10/26/2017 17:01:09	51.0	50.0	19.8044
10/26/2017 17:01:20	51.0	50.0	22.1687
10/26/2017 17:01:31	51.0	50.0	20.8738
10/26/2017 17:01:42	51.0	51.0	21.6867
10/26/2017 17:01:53	51.0	51.0	21.5827
10/26/2017 17:02:04	51.0	50.0	21.256
10/26/2017 17:02:15	51.0	50.0	22.9117
10/26/2017 17:02:26	51.0	50.0	23.8876
10/26/2017 17:02:37	51.0	50.0	21.6867
10/26/2017 17:02:48	51.0	50.0	22.488
10/26/2017 17:02:59	50.0	50.0	23.7762
10/26/2017 17:03:10	51.0	50.0	24.0093
10/26/2017 17:03:21	50.0	50.0	22.5653
10/26/2017 17:03:32	51.0	51.0	23.8318
10/26/2017 17:03:43	50.0	50.0	25.9174
10/26/2017 17:03:54	50.0	51.0	24.9423
10/26/2017 17:04:05	51.0	51.0	24.826
10/26/2017 17:04:16	50.0	51.0	25.6293
10/26/2017 17:04:27	50.0	50.0	25.2315
10/26/2017 17:04:38	51.0	50.0	23.8318
10/26/2017 17:04:49	51.0	51.0	24.9417
10/26/2017 17:05:00	51.0	50.0	25.7991
10/26/2017 17:05:12	51.0	51.0	24.3119
10/26/2017 17:05:23	51.0	50.0	24.7664
10/26/2017 17:05:34	51.0	50.0	25.6293
10/26/2017 17:05:45	51.0	50.0	23.5023
10/26/2017 17:05:56	51.0	50.0	25.29
10/26/2017 17:06:07	50.0	50.0	25.1732
10/26/2017 17:06:18	50.0	50.0	24.4755
10/26/2017 17:06:29	51.0	50.0	25.3456
10/26/2017 17:06:40	50.0	50.0	25.1152
10/26/2017 17:06:51	50.0	50.0	25
10/26/2017 17:07:02	50.0	50.0	25.3456
10/26/2017 17:07:13	50.0	50.0	24.4755
10/26/2017 17:07:24	50.0	50.0	24.8848
10/26/2017 17:07:35	50.0	50.0	22.7488
10/26/2017 17:07:46	50.0	50.0	22.4344
10/26/2017 17:07:57	50.0	50.0	25.29
10/26/2017 17:08:08	50.0	50.0	21.8447
10/26/2017 17:08:19	50.0	50.0	23.9437
10/26/2017 17:08:30	50.0	50.0	24.4076
10/26/2017 17:08:41	50.0	50.0	23.9437
10/26/2017 17:08:52	50.0	49.0	24.0566
10/26/2017 17:09:03	50.0	50.0	24.2857
10/26/2017 17:09:14	50.0	50.0	23.2779
10/26/2017 17:09:25	50.0	50.0	21.7391
10/26/2017 17:09:36	50.0	50.0	23.6277
10/26/2017 17:09:47	50.0	50.0	21.6545
10/26/2017 17:09:58	50.0	49.0	21.0145
10/26/2017 17:10:10	50.0	50.0	21.0269
10/26/2017 17:10:21	50.0	49.0	20
10/26/2017 17:10:32	50.0	50.0	21.8978
10/26/2017 17:10:43	50.0	49.0	20.6897
10/26/2017 17:10:54	50.0	50.0	20.4433
10/26/2017 17:11:05	50.0	49.0	21.1823
10/26/2017 17:11:16	50.0	49.0	19.7995
10/26/2017 17:11:27	50.0	50.0	19.3548
10/26/2017 17:11:38	50.0	50.0	20.398
10/26/2017 17:11:49	50.0	49.0	18.9526
10/26/2017 17:12:00	50.0	50.0	19.25
10/26/2017 17:12:11	50.0	50.0	19.9005
10/26/2017 17:12:22	50.0	49.0	19.603
10/26/2017 17:12:33	50.0	50.0	18.797
10/26/2017 17:12:44	51.0	49.0	21.4106
10/26/2017 17:12:55	50.0	50.0	18.8586
10/26/2017 17:13:06	50.0	50.0	19.4514
10/26/2017 17:13:17	50.0	50.0	21.0784
10/26/2017 17:13:28	50.0	50.0	19.5545
10/26/2017 17:13:39	50.0	50.0	19.2982
10/26/2017 17:13:50	51.0	51.0	17.5309
10/26/2017 17:14:01	53.0	53.0	19.0709
10/26/2017 17:14:12	55.0	54.0	18.9189
10/26/2017 17:14:23	56.0	56.0	17.9361
10/26/2017 17:14:34	56.0	56.0	18.0693
10/26/2017 17:14:45	54.0	54.0	19.2683
10/26/2017 17:14:56	53.0	53.0	18.7192
10/26/2017 17:15:08	52.0	52.0	18.408
10/26/2017 17:15:19	52.0	52.0	20
10/26/2017 17:15:30	51.0	51.0	19.7044
10/26/2017 17:15:41	51.0	51.0	20.8845
10/26/2017 17:15:52	52.0	51.0	20.197
10/26/2017 17:16:03	51.0	51.0	19.2593
10/26/2017 17:16:14	51.0	51.0	19.3154
10/26/2017 17:16:25	51.0	51.0	21.4112
10/26/2017 17:16:36	51.0	51.0	19.7044
10/26/2017 17:16:47	51.0	51.0	19.9005
10/26/2017 17:16:58	50.0	51.0	19.9507
10/26/2017 17:17:09	51.0	50.0	20.7824
10/26/2017 17:17:20	50.0	50.0	19.6517
10/26/2017 17:17:31	50.0	51.0	20.3931
10/26/2017 17:17:42	50.0	50.0	20.0489
10/26/2017 17:17:53	50.0	50.0	21.0784
10/26/2017 17:18:04	51.0	50.0	20.2934
10/26/2017 17:18:15	50.0	50.0	20.1493
10/26/2017 17:18:26	50.0	51.0	19.1067
10/26/2017 17:18:37	51.0	50.0	18.408
10/26/2017 17:18:48	50.0	50.0	18.797
10/26/2017 17:18:59	50.0	50.0	19.802
10/26/2017 17:19:10	50.0	50.0	18.5464
10/26/2017 17:19:21	50.0	50.0	18.6398
10/26/2017 17:19:32	50.0	50.0	18.9526
10/26/2017 17:19:43	50.0	50.0	16.624
10/26/2017 17:19:54	50.0	50.0	19.1436
10/26/2017 17:20:05	51.0	50.0	16.7513
10/26/2017 17:20:17	51.0	50.0	17.5127
10/26/2017 17:20:28	50.0	50.0	18.797
10/26/2017 17:20:39	51.0	50.0	16.4524
10/26/2017 17:20:50	50.0	50.0	16.7513
10/26/2017 17:21:01	50.0	50.0	17.3028
10/26/2017 17:21:12	50.0	50.0	15.0259
10/26/2017 17:21:23	50.0	50.0	17.3913
10/26/2017 17:21:34	51.0	50.0	16.4103
10/26/2017 17:21:45	50.0	50.0	16.4103
10/26/2017 17:21:56	50.0	50.0	16.3212
10/26/2017 17:22:07	50.0	50.0	15.544
10/26/2017 17:22:18	50.0	50.0	16.4103
10/26/2017 17:22:29	50.0	50.0	16.4948
10/26/2017 17:22:40	50.0	50.0	14.9215
10/26/2017 17:22:51	50.0	50.0	15.3247
10/26/2017 17:23:02	50.0	50.0	15.2231
10/26/2017 17:23:13	50.0	50.0	14.3979
10/26/2017 17:23:24	50.0	50.0	14.8052
10/26/2017 17:23:35	50.0	50.0	14.6214
10/26/2017 17:23:46	50.0	50.0	14.2105
10/26/2017 17:23:57	50.0	50.0	14.5889
10/26/2017 17:24:08	50.0	50.0	13.7566
10/26/2017 17:24:19	50.0	50.0	13.6483
10/26/2017 17:24:30	50.0	50.0	14.8148
10/26/2017 17:24:41	50.0	50.0	13.9108
10/26/2017 17:24:52	50.0	50.0	15.3034
10/26/2017 17:25:04	50.0	49.0	15
10/26/2017 17:25:15	49.0	50.0	13.9842
10/26/2017 17:25:26	50.0	50.0	13.7931
10/26/2017 17:25:37	50.0	50.0	14.5119
10/26/2017 17:25:48	50.0	50.0	14.0212
10/26/2017 17:25:59	50.0	50.0	13.4565
10/26/2017 17:26:10	50.0	49.0	14.2105
10/26/2017 17:26:21	50.0	50.0	13.9108
10/26/2017 17:26:32	50.0	49.0	14.5119
10/26/2017 17:26:43	50.0	50.0	13.4565
10/26/2017 17:26:54	50.0	50.0	16.0105
10/26/2017 17:27:05	50.0	50.0	14.6982
10/26/2017 17:27:16	50.0	50.0	13.7566
10/26/2017 17:27:27	50.0	50.0	13.6842
10/26/2017 17:27:38	50.0	50.0	14.2857
10/26/2017 17:27:49	50.0	50.0	15.3846
10/26/2017 17:28:00	50.0	50.0	13.9842
10/26/2017 17:28:11	50.0	50.0	14.0584
10/26/2017 17:28:22	50.0	50.0	13.8743
10/26/2017 17:28:33	51.0	50.0	13.6483
10/26/2017 17:28:44	50.0	50.0	14.9606
10/26/2017 17:28:55	51.0	49.0	14.2105
10/26/2017 17:29:06	50.0	50.0	14.5119
10/26/2017 17:29:17	51.0	50.0	15.0396
10/26/2017 17:29:28	50.0	50.0	13.7566
10/26/2017 17:29:39	51.0	49.0	15
10/26/2017 17:29:50	52.0	52.0	12.336
10/26/2017 17:30:02	54.0	53.0	12.6316
10/26/2017 17:30:13	55.0	54.0	12.7937
10/26/2017 17:30:24	56.0	56.0	12.3684
10/26/2017 17:30:35	56.0	55.0	11.8421
10/26/2017 17:30:46	55.0	53.0	12.8947
10/26/2017 17:30:57	53.0	53.0	12.8272
10/26/2017 17:31:08	52.0	52.0	13.7203
10/26/2017 17:31:19	52.0	52.0	15
10/26/2017 17:31:30	52.0	51.0	13.089
10/26/2017 17:31:41	51.0	51.0	12.9973
10/26/2017 17:31:52	51.0	51.0	12.6649
10/26/2017 17:32:03	51.0	51.0	13.0548
10/26/2017 17:32:14	51.0	50.0	13.8667
10/26/2017 17:32:25	51.0	51.0	12.766
10/26/2017 17:32:36	50.0	50.0	13.6126
10/26/2017 17:32:47	50.0	51.0	14.9606
10/26/2017 17:32:58	50.0	50.0	13.2626
10/26/2017 17:33:09	50.0	50.0	14.4357
10/26/2017 17:33:20	51.0	50.0	15.2231
10/26/2017 17:33:31	51.0	50.0	14.2105
10/26/2017 17:33:42	50.0	50.0	13.9474
10/26/2017 17:33:53	50.0	50.0	15.0794
10/26/2017 17:34:04	51.0	51.0	14.4357
10/26/2017 17:34:15	50.0	50.0	14.0584
10/26/2017 17:34:26	50.0	50.0	14.2105
10/26/2017 17:34:37	50.0	50.0	13.6483
10/26/2017 17:34:48	50.0	50.0	14.5119
10/26/2017 17:34:59	51.0	49.0	14.6214
10/26/2017 17:35:11	50.0	50.0	13.9842
10/26/2017 17:35:22	50.0	51.0	14.7757
10/26/2017 17:35:33	50.0	50.0	14.6982
10/26/2017 17:35:44	50.0	50.0	13.7566
10/26/2017 17:35:55	50.0	50.0	14.3979
10/26/2017 17:36:06	50.0	50.0	13.4565
10/26/2017 17:36:17	50.0	50.0	14.0212
10/26/2017 17:36:28	51.0	50.0	14.4737
10/26/2017 17:36:39	51.0	49.0	14.248
10/26/2017 17:36:50	51.0	50.0	13.4921
10/26/2017 17:37:01	51.0	50.0	13.4211
10/26/2017 17:37:12	50.0	49.0	13.9842
10/26/2017 17:37:23	50.0	50.0	14.6982
10/26/2017 17:37:34	51.0	50.0	13.7931
10/26/2017 17:37:45	51.0	50.0	13.4565
10/26/2017 17:37:56	50.0	50.0	13.7566
10/26/2017 17:38:07	50.0	50.0	13.1926
10/26/2017 17:38:18	50.0	50.0	13.7931
10/26/2017 17:38:29	50.0	50.0	15.3439
10/26/2017 17:38:40	50.0	50.0	13.9842
10/26/2017 17:38:51	50.0	50.0	13.9474
10/26/2017 17:39:02	50.0	49.0	14.5503
10/26/2017 17:39:13	50.0	50.0	13.9108
10/26/2017 17:39:24	50.0	50.0	13.9474
10/26/2017 17:39:35	50.0	49.0	13.9108
10/26/2017 17:39:46	50.0	49.0	13.7203
10/26/2017 17:39:58	50.0	50.0	14.3617
10/26/2017 17:40:09	50.0	49.0	13.7203
10/26/2017 17:40:20	51.0	49.0	14.2105
10/26/2017 17:40:31	50.0	49.0	15
10/26/2017 17:40:42	50.0	49.0	13.5279
10/26/2017 17:40:53	50.0	50.0	13.7203
10/26/2017 17:41:04	50.0	49.0	14.8148
10/26/2017 17:41:15	50.0	49.0	13.7566
10/26/2017 17:41:26	50.0	49.0	13.7203
10/26/2017 17:41:37	50.0	49.0	14.2857
10/26/2017 17:41:48	50.0	49.0	14.1732
10/26/2017 17:41:59	50.0	50.0	13.4921
10/26/2017 17:42:10	50.0	50.0	14.2857
10/26/2017 17:42:21	50.0	49.0	13.9474
10/26/2017 17:42:32	50.0	50.0	14.248
10/26/2017 17:42:43	50.0	50.0	13.1234
10/26/2017 17:42:54	50.0	50.0	13.6483
10/26/2017 17:43:05	50.0	50.0	14.2105
10/26/2017 17:43:16	50.0	49.0	13.9474
10/26/2017 17:43:27	50.0	50.0	13.2979
10/26/2017 17:43:38	50.0	49.0	14.248
10/26/2017 17:43:49	50.0	49.0	13.9842
10/26/2017 17:44:00	49.0	50.0	13.6842
10/26/2017 17:44:11	50.0	50.0	14.2857
10/26/2017 17:44:22	49.0	50.0	13.6483
10/26/2017 17:44:33	50.0	49.0	14.2105
10/26/2017 17:44:44	50.0	49.0	14.5119
10/26/2017 17:44:56	50.0	49.0	13.7566
10/26/2017 17:45:07	50.0	49.0	14.5119
10/26/2017 17:45:18	50.0	49.0	13.7203
10/26/2017 17:45:29	50.0	49.0	13.5279
10/26/2017 17:45:40	51.0	50.0	14.2105
10/26/2017 17:45:51	52.0	52.0	12.8609
10/26/2017 17:46:02	54.0	53.0	11.8421
10/26/2017 17:46:13	55.0	54.0	12.8272
10/26/2017 17:46:24	57.0	56.0	11.811
10/26/2017 17:46:35	55.0	55.0	12.6316
10/26/2017 17:46:46	54.0	53.0	13.1234
10/26/2017 17:46:57	53.0	53.0	13.6842
10/26/2017 17:47:08	52.0	52.0	13.7203
10/26/2017 17:47:19	51.0	51.0	14.3979
10/26/2017 17:47:30	51.0	51.0	13.0667
10/26/2017 17:47:41	51.0	51.0	13.9108
10/26/2017 17:47:52	51.0	51.0	13.6842
10/26/2017 17:48:03	50.0	50.0	13.7566
10/26/2017 17:48:14	50.0	50.0	13.7931
10/26/2017 17:48:25	50.0	50.0	13.4565
10/26/2017 17:48:36	50.0	50.0	12.8609
10/26/2017 17:48:47	50.0	50.0	13.7566
10/26/2017 17:48:58	50.0	49.0	13.7203
10/26/2017 17:49:09	50.0	50.0	13.4921
10/26/2017 17:49:20	50.0	49.0	14.7757
10/26/2017 17:49:31	49.0	50.0	13.1579
10/26/2017 17:49:42	49.0	49.0	13.7203
10/26/2017 17:49:53	50.0	49.0	14.248
10/26/2017 17:50:04	50.0	50.0	13.9474
10/26/2017 17:50:16	49.0	49.0	14.1732
10/26/2017 17:50:27	50.0	49.0	13.577
10/26/2017 17:50:38	50.0	50.0	13.2275
10/26/2017 17:50:49	50.0	49.0	14.4737
10/26/2017 17:51:00	49.0	50.0	13.4565
10/26/2017 17:51:11	50.0	49.0	14.2105
10/26/2017 17:51:22	50.0	49.0	13.8381
10/26/2017 17:51:33	50.0	48.0	14.2105
10/26/2017 17:51:44	49.0	49.0	13.7566
10/26/2017 17:51:55	49.0	49.0	15.0396
10/26/2017 17:52:06	50.0	48.0	15.2231
10/26/2017 17:52:17	49.0	49.0	13.9842
10/26/2017 17:52:28	49.0	48.0	14.5119
10/26/2017 17:52:39	49.0	48.0	13.6842
10/26/2017 17:52:50	50.0	49.0	13.5279
10/26/2017 17:53:01	49.0	48.0	13.4921
10/26/2017 17:53:12	49.0	50.0	14.3617
10/26/2017 17:53:23	49.0	48.0	14.2105
10/26/2017 17:53:34	49.0	48.0	14.9215
10/26/2017 17:53:45	49.0	48.0	13.4565
10/26/2017 17:53:56	49.0	49.0	15
10/26/2017 17:54:07	49.0	48.0	14.7368
10/26/2017 17:54:18	49.0	49.0	13.6842
10/26/2017 17:54:29	49.0	49.0	14.3603
10/26/2017 17:54:40	49.0	49.0	13.4565
10/26/2017 17:54:51	49.0	49.0	13.4921
10/26/2017 17:55:03	49.0	48.0	13.8298
10/26/2017 17:55:14	49.0	49.0	13.9474
10/26/2017 17:55:25	50.0	49.0	14.0212
10/26/2017 17:55:36	50.0	49.0	13.5279
10/26/2017 17:55:47	49.0	49.0	13.7566
10/26/2017 17:55:58	49.0	48.0	14.6982
10/26/2017 17:56:09	49.0	49.0	13.577
10/26/2017 17:56:20	49.0	50.0	13.9474
10/26/2017 17:56:31	49.0	49.0	14.0212
10/26/2017 17:56:42	49.0	49.0	14.248
10/26/2017 17:56:53	49.0	48.0	13.9108
10/26/2017 17:57:04	49.0	49.0	14.2857
10/26/2017 17:57:15	49.0	48.0	14.2105
10/26/2017 17:57:26	49.0	48.0	13.6842
10/26/2017 17:57:37	49.0	48.0	14.9215
10/26/2017 17:57:48	49.0	49.0	13.1926
10/26/2017 17:57:59	49.0	49.0	13.4565
10/26/2017 17:58:10	50.0	48.0	14.2105
10/26/2017 17:58:21	49.0	48.0	13.7566
10/26/2017 17:58:32	49.0	48.0	14.0584
10/26/2017 17:58:43	49.0	48.0	14.2105
10/26/2017 17:58:54	49.0	48.0	13.9108
10/26/2017 17:59:05	50.0	48.0	15
10/26/2017 17:59:16	49.0	48.0	13.6483
10/26/2017 17:59:27	49.0	48.0	13.4211
10/26/2017 17:59:38	49.0	48.0	14.248
10/26/2017 17:59:49	49.0	48.0	13.7203
10/26/2017 18:00:01	49.0	48.0	13.7931
10/26/2017 18:00:12	49.0	48.0	14.2105
10/26/2017 18:00:23	48.0	48.0	14.2105
10/26/2017 18:00:34	49.0	48.0	13.9842
10/26/2017 18:00:45	49.0	48.0	14.3236
10/26/2017 18:00:56	49.0	48.0	14.1361
10/26/2017 18:01:07	49.0	48.0	15.445
10/26/2017 18:01:18	49.0	48.0	13.8743
10/26/2017 18:01:29	49.0	48.0	13.7203
10/26/2017 18:01:40	50.0	50.0	14.1732
10/26/2017 18:01:51	51.0	51.0	12.8272
10/26/2017 18:02:02	53.0	53.0	11.4058
10/26/2017 18:02:13	55.0	54.0	12.8609
10/26/2017 18:02:24	55.0	54.0	11.8421
10/26/2017 18:02:35	57.0	55.0	13.0548
10/26/2017 18:02:46	55.0	54.0	12.8947
10/26/2017 18:02:57	53.0	53.0	12.5984
10/26/2017 18:03:08	52.0	51.0	14.3229
10/26/2017 18:03:19	51.0	51.0	14.1732
10/26/2017 18:03:30	51.0	51.0	14.1732
10/26/2017 18:03:41	51.0	50.0	12.9288
10/26/2017 18:03:52	50.0	50.0	13.6842
10/26/2017 18:04:03	50.0	50.0	13.1926
10/26/2017 18:04:14	50.0	49.0	15.0396
10/26/2017 18:04:25	50.0	49.0	13.2275
10/26/2017 18:04:36	50.0	49.0	13.7203
10/26/2017 18:04:47	49.0	49.0	14.5119
10/26/2017 18:04:58	49.0	49.0	14.2105
10/26/2017 18:05:10	49.0	49.0	14.1732
10/26/2017 18:05:21	50.0	50.0	14.5503
10/26/2017 18:05:32	50.0	48.0	13.4211
10/26/2017 18:05:43	49.0	48.0	15.4856
10/26/2017 18:05:54	49.0	48.0	14.2105
10/26/2017 18:06:05	50.0	48.0	13.6842
10/26/2017 18:06:16	49.0	49.0	14.1732
10/26/2017 18:06:27	49.0	48.0	13.2275
10/26/2017 18:06:38	49.0	48.0	13.7203
10/26/2017 18:06:49	49.0	48.0	14.5119
10/26/2017 18:07:00	49.0	48.0	14.248
10/26/2017 18:07:11	49.0	48.0	13.9108
10/26/2017 18:07:22	49.0	48.0	13.9842
10/26/2017 18:07:33	49.0	48.0	13.6842
10/26/2017 18:07:44	49.0	48.0	15.2231
10/26/2017 18:07:55	48.0	48.0	14.5503
10/26/2017 18:08:06	49.0	48.0	13.7566
10/26/2017 18:08:17	49.0	48.0	13.9108
10/26/2017 18:08:28	49.0	48.0	14.4737
10/26/2017 18:08:39	48.0	48.0	14.1361
10/26/2017 18:08:50	49.0	48.0	14.9215
10/26/2017 18:09:01	49.0	48.0	15.3034
10/26/2017 18:09:12	49.0	48.0	13.7203
10/26/2017 18:09:23	49.0	48.0	14.4357
10/26/2017 18:09:34	49.0	48.0	14.1361
10/26/2017 18:09:45	49.0	48.0	13.6842
10/26/2017 18:09:56	48.0	48.0	14.4357
10/26/2017 18:10:08	49.0	48.0	13.5638
10/26/2017 18:10:19	49.0	48.0	13.2275
10/26/2017 18:10:30	48.0	48.0	13.9842
10/26/2017 18:10:41	48.0	49.0	13.4921
10/26/2017 18:10:52	49.0	49.0	13.9108
10/26/2017 18:11:03	48.0	48.0	14.7757
10/26/2017 18:11:14	49.0	48.0	14.0212
10/26/2017 18:11:25	49.0	48.0	13.4211
10/26/2017 18:11:36	49.0	48.0	14.9215
10/26/2017 18:11:47	49.0	48.0	13.3508
10/26/2017 18:11:58	48.0	48.0	14.0212
10/26/2017 18:12:09	48.0	48.0	13.7566
10/26/2017 18:12:20	48.0	48.0	12.9288
10/26/2017 18:12:31	49.0	48.0	15.3646
10/26/2017 18:12:42	48.0	48.0	13.4211
10/26/2017 18:12:53	49.0	48.0	13.9108
10/26/2017 18:13:04	48.0	48.0	14.0212
10/26/2017 18:13:15	49.0	48.0	13.9474
10/26/2017 18:13:26	48.0	48.0	13.7203
10/26/2017 18:13:37	49.0	47.0	14.2857
10/26/2017 18:13:48	49.0	48.0	13.9108
10/26/2017 18:13:59	48.0	47.0	13.7203
10/26/2017 18:14:10	49.0	48.0	13.9842
10/26/2017 18:14:21	49.0	48.0	13.9842
10/26/2017 18:14:32	49.0	48.0	14.2857
10/26/2017 18:14:43	49.0	47.0	13.4921
10/26/2017 18:14:54	49.0	48.0	14.3979
10/26/2017 18:15:06	48.0	48.0	14.0212
10/26/2017 18:15:17	49.0	48.0	13.9474
10/26/2017 18:15:28	49.0	47.0	13.4211
10/26/2017 18:15:39	48.0	47.0	14.6982
10/26/2017 18:15:50	48.0	48.0	12.9973
10/26/2017 18:16:01	48.0	48.0	14.2105
10/26/2017 18:16:12	49.0	48.0	14.5119
10/26/2017 18:16:23	48.0	48.0	13.9474
10/26/2017 18:16:34	48.0	48.0	13.9108
10/26/2017 18:16:45	48.0	48.0	14.6982
10/26/2017 18:16:56	48.0	48.0	13.2275
10/26/2017 18:17:07	48.0	48.0	13.6842
10/26/2017 18:17:18	48.0	48.0	14.1732
10/26/2017 18:17:29	48.0	48.0	13.6842
10/26/2017 18:17:40	49.0	48.0	13.7203
10/26/2017 18:17:51	50.0	50.0	12.1053
10/26/2017 18:18:02	52.0	51.0	12.7937
10/26/2017 18:18:13	53.0	53.0	12.1053
10/26/2017 18:18:24	55.0	54.0	13.0548
10/26/2017 18:18:35	56.0	55.0	11.811
10/26/2017 18:18:46	57.0	56.0	12.6316
10/26/2017 18:18:57	55.0	55.0	11.811
10/26/2017 18:19:08	53.0	53.0	11.8421
10/26/2017 18:19:19	53.0	53.0	15.1832
10/26/2017 18:19:30	52.0	51.0	13.5279
10/26/2017 18:19:41	51.0	50.0	13.2275
10/26/2017 18:19:52	50.0	50.0	14.4357
10/26/2017 18:20:03	50.0	51.0	13.6126
10/26/2017 18:20:15	50.0	49.0	14.2857
10/26/2017 18:20:26	49.0	50.0	14.1732
10/26/2017 18:20:37	49.0	49.0	14.3603
10/26/2017 18:20:48	49.0	48.0	14.4737
10/26/2017 18:20:59	49.0	49.0	16.7979
10/26/2017 18:21:10	50.0	50.0	17.4026
10/26/2017 18:21:21	50.0	50.0	20.3125
10/26/2017 18:21:32	50.0	49.0	17.0604
10/26/2017 18:21:43	50.0	50.0	17.6316
10/26/2017 18:21:54	50.0	50.0	16.6667
10/26/2017 18:22:05	51.0	50.0	17.8478
10/26/2017 18:22:16	50.0	50.0	16.3636
10/26/2017 18:22:27	50.0	50.0	17.1053
10/26/2017 18:22:38	50.0	50.0	16.5789
10/26/2017 18:22:49	50.0	50.0	15.445
10/26/2017 18:23:00	51.0	50.0	15
10/26/2017 18:23:11	50.0	50.0	17.5393
10/26/2017 18:23:22	51.0	50.0	18.6352
10/26/2017 18:23:33	50.0	49.0	17.4026
10/26/2017 18:23:44	50.0	50.0	16.9271
10/26/2017 18:23:55	50.0	49.0	17.1053
10/26/2017 18:24:06	49.0	49.0	17.3228
10/26/2017 18:24:17	50.0	50.0	16.9271
10/26/2017 18:24:28	50.0	49.0	17.7083
10/26/2017 18:24:39	49.0	48.0	17.2324
10/26/2017 18:24:50	50.0	49.0	15.4856
10/26/2017 18:25:01	50.0	49.0	18.0628
10/26/2017 18:25:12	50.0	49.0	16.188
10/26/2017 18:25:23	50.0	49.0	15.625
10/26/2017 18:25:34	50.0	49.0	20.6806
10/26/2017 18:25:45	49.0	49.0	19.3548
10/26/2017 18:25:56	50.0	49.0	16.8394
10/26/2017 18:26:07	50.0	49.0	18.0628
10/26/2017 18:26:18	49.0	48.0	17.4935
10/26/2017 18:26:29	49.0	48.0	15.7068
10/26/2017 18:26:41	51.0	50.0	16.8421
10/26/2017 18:26:52	50.0	49.0	17.2324
10/26/2017 18:27:03	50.0	49.0	15.6658
10/26/2017 18:27:14	50.0	49.0	19.5251
10/26/2017 18:27:25	50.0	50.0	17.4935
10/26/2017 18:27:36	50.0	49.0	17.3684
10/26/2017 18:27:47	50.0	50.0	18.3024
10/26/2017 18:27:58	50.0	50.0	18.3246
10/26/2017 18:28:09	50.0	50.0	17.801
10/26/2017 18:28:20	50.0	49.0	18.4211
10/26/2017 18:28:31	49.0	49.0	17.1875
10/26/2017 18:28:42	50.0	48.0	15.8442
10/26/2017 18:28:53	50.0	49.0	18.2292
10/26/2017 18:29:04	49.0	48.0	20.1044
10/26/2017 18:29:15	49.0	49.0	16.7102
10/26/2017 18:29:26	50.0	48.0	18.5864
10/26/2017 18:29:37	50.0	48.0	17.3228
10/26/2017 18:29:48	49.0	48.0	18.2058
10/26/2017 18:29:59	49.0	48.0	17.6623
10/26/2017 18:30:10	49.0	48.0	16.7102
10/26/2017 18:30:21	49.0	48.0	17.8947
10/26/2017 18:30:32	49.0	48.0	16.2304
10/26/2017 18:30:43	50.0	49.0	18.4896
10/26/2017 18:30:54	50.0	48.0	17.2775
10/26/2017 18:31:05	49.0	49.0	17.4026
10/26/2017 18:31:16	50.0	48.0	18.4697
10/26/2017 18:31:27	50.0	49.0	17.7083
10/26/2017 18:31:38	49.0	48.0	16.9271
10/26/2017 18:31:49	50.0	48.0	18.1102
10/26/2017 18:32:00	50.0	48.0	17.5853
10/26/2017 18:32:11	49.0	49.0	17.0157
10/26/2017 18:32:22	49.0	48.0	17.3575
10/26/2017 18:32:33	49.0	48.0	16.6227
10/26/2017 18:32:44	49.0	49.0	17.1958
10/26/2017 18:32:55	49.0	48.0	16.3588
10/26/2017 18:33:06	50.0	49.0	15.7068
10/26/2017 18:33:17	49.0	48.0	16.2304
10/26/2017 18:33:28	49.0	48.0	14.8052
10/26/2017 18:33:39	49.0	48.0	16.7979
10/26/2017 18:33:51	49.0	48.0	16.6667
10/26/2017 18:34:02	50.0	49.0	17.8478
10/26/2017 18:34:13	52.0	52.0	17.801
10/26/2017 18:34:24	53.0	53.0	18.3246
10/26/2017 18:34:35	56.0	55.0	17.4026
10/26/2017 18:34:46	57.0	56.0	15.9269
10/26/2017 18:34:57	57.0	55.0	16.9271
10/26/2017 18:35:08	55.0	54.0	16.0105
10/26/2017 18:35:19	53.0	52.0	17.8478
10/26/2017 18:35:30	52.0	52.0	15.1436
10/26/2017 18:35:41	51.0	51.0	16.7539
10/26/2017 18:35:52	51.0	50.0	17.1429
10/26/2017 18:36:03	51.0	50.0	17.7083
10/26/2017 18:36:14	51.0	50.0	18.75
10/26/2017 18:36:25	50.0	49.0	14.8825
10/26/2017 18:36:36	50.0	50.0	16.5789
10/26/2017 18:36:47	50.0	49.0	15.9686
10/26/2017 18:36:58	50.0	50.0	17.7546
10/26/2017 18:37:09	50.0	50.0	17.2775
10/26/2017 18:37:20	49.0	48.0	15.8031
10/26/2017 18:37:31	49.0	48.0	15.4856
10/26/2017 18:37:42	49.0	48.0	17.0984
10/26/2017 18:37:53	49.0	48.0	16.1039
10/26/2017 18:38:04	49.0	48.0	17.2324
10/26/2017 18:38:15	49.0	48.0	17.801
10/26/2017 18:38:26	51.0	49.0	14.9215
10/26/2017 18:38:37	49.0	48.0	17.8478
10/26/2017 18:38:48	49.0	48.0	19.2208
10/26/2017 18:38:59	49.0	48.0	17.1875
10/26/2017 18:39:10	49.0	48.0	17.4935
10/26/2017 18:39:21	49.0	48.0	18.5379
10/26/2017 18:39:32	49.0	48.0	17.192
10/26/2017 18:39:43	49.0	48.0	15.0649
10/26/2017 18:39:54	49.0	48.0	17.7083
10/26/2017 18:40:05	48.0	48.0	18.9974
10/26/2017 18:40:16	49.0	48.0	17.7083
10/26/2017 18:40:27	49.0	48.0	17.942
10/26/2017 18:40:38	49.0	48.0	17.1053
10/26/2017 18:40:49	49.0	48.0	17.1429
10/26/2017 18:41:00	49.0	48.0	17.1875
10/26/2017 18:41:12	49.0	48.0	18.6352
10/26/2017 18:41:23	49.0	48.0	17.2324
10/26/2017 18:41:34	49.0	48.0	16.5375
10/26/2017 18:41:45	51.0	49.0	18.6047
10/26/2017 18:41:56	50.0	50.0	17.0103
10/26/2017 18:42:07	51.0	50.0	19.6382
10/26/2017 18:42:18	51.0	50.0	15.9269
10/26/2017 18:42:29	51.0	50.0	19.8966
10/26/2017 18:42:40	51.0	50.0	21.5026
10/26/2017 18:42:51	51.0	50.0	18.2519
10/26/2017 18:43:02	52.0	50.0	19.4301
10/26/2017 18:43:13	51.0	50.0	21.134
10/26/2017 18:43:24	51.0	50.0	19.6382
10/26/2017 18:43:35	50.0	50.0	18.6528
10/26/2017 18:43:46	51.0	50.0	19.2208
10/26/2017 18:43:57	50.0	49.0	19.1816
10/26/2017 18:44:08	51.0	50.0	20.3125
10/26/2017 18:44:19	50.0	50.0	19.4805
10/26/2017 18:44:30	51.0	50.0	18.4416
10/26/2017 18:44:41	51.0	50.0	20.8333
10/26/2017 18:44:52	51.0	50.0	18.3463
10/26/2017 18:45:03	51.0	50.0	19.4301
10/26/2017 18:45:14	51.0	50.0	17.4807
10/26/2017 18:45:25	52.0	51.0	17.6166
10/26/2017 18:45:36	51.0	50.0	20.7254
10/26/2017 18:45:47	51.0	50.0	19.171
10/26/2017 18:45:58	51.0	50.0	19.0722
10/26/2017 18:46:09	51.0	50.0	21.2435
10/26/2017 18:46:20	50.0	50.0	20.155
10/26/2017 18:46:31	51.0	50.0	17.1795
10/26/2017 18:46:42	52.0	50.0	19.2208
10/26/2017 18:46:53	51.0	50.0	18.75
10/26/2017 18:47:04	51.0	50.0	17.1795
10/26/2017 18:47:15	51.0	50.0	19.5312
10/26/2017 18:47:26	50.0	50.0	18.6528
10/26/2017 18:47:37	50.0	50.0	18.9119
10/26/2017 18:47:48	52.0	50.0	18.6528
10/26/2017 18:47:59	52.0	50.0	16.8831
10/26/2017 18:48:10	51.0	50.0	20.4188
10/26/2017 18:48:21	51.0	50.0	18.6528
10/26/2017 18:48:32	51.0	51.0	20.6186
10/26/2017 18:48:43	51.0	50.0	19.9482
10/26/2017 18:48:54	50.0	50.0	18.6528
10/26/2017 18:49:05	51.0	50.0	18.3206
10/26/2017 18:49:17	50.0	50.0	19.3299
10/26/2017 18:49:28	52.0	51.0	20.5729
10/26/2017 18:49:39	51.0	50.0	17.0543
10/26/2017 18:49:50	51.0	50.0	17.3127
10/26/2017 18:50:01	51.0	51.0	18.1347
10/26/2017 18:50:12	54.0	53.0	20.155
10/26/2017 18:50:23	55.0	54.0	19.2802
10/26/2017 18:50:34	57.0	57.0	17.9949
10/26/2017 18:50:45	57.0	55.0	19.4805
10/26/2017 18:50:56	54.0	54.0	18.509
10/26/2017 18:51:07	54.0	53.0	18.4896
10/26/2017 18:51:18	53.0	53.0	19.5373
10/26/2017 18:51:29	52.0	51.0	17.6166
10/26/2017 18:51:40	53.0	52.0	17.8295
10/26/2017 18:51:51	52.0	52.0	16.6234
10/26/2017 18:52:02	52.0	51.0	20.5729
10/26/2017 18:52:13	51.0	51.0	19.0231
10/26/2017 18:52:24	52.0	51.0	17.0984
10/26/2017 18:52:35	52.0	51.0	19.8966
10/26/2017 18:52:46	51.0	51.0	18.1347
10/26/2017 18:52:57	51.0	51.0	18.6528
10/26/2017 18:53:08	51.0	51.0	17.1429
10/26/2017 18:53:19	53.0	51.0	18.6528
10/26/2017 18:53:30	51.0	50.0	17.0543
10/26/2017 18:53:41	52.0	51.0	19.6382
10/26/2017 18:53:52	51.0	51.0	19.3798
10/26/2017 18:54:03	52.0	51.0	17.0103
10/26/2017 18:54:14	52.0	51.0	17.3575
10/26/2017 18:54:25	51.0	51.0	18.6528
10/26/2017 18:54:36	53.0	51.0	21.3542
10/26/2017 18:54:47	51.0	51.0	17.4935
10/26/2017 18:54:58	52.0	51.0	18.0879
10/26/2017 18:55:09	51.0	51.0	20.8226
10/26/2017 18:55:20	51.0	51.0	21.1886
10/26/2017 18:55:31	51.0	51.0	17.1429
10/26/2017 18:55:42	51.0	51.0	18.3463
10/26/2017 18:55:53	52.0	51.0	19.8454
10/26/2017 18:56:04	52.0	51.0	16.7959
10/26/2017 18:56:15	52.0	51.0	16.4948
10/26/2017 18:56:26	52.0	51.0	20.0521
10/26/2017 18:56:37	51.0	50.0	17.8756
10/26/2017 18:56:48	52.0	52.0	17.5258
10/26/2017 18:56:59	53.0	51.0	20.8333
10/26/2017 18:57:10	52.0	50.0	16.0207
10/26/2017 18:57:21	51.0	51.0	17.9221
10/26/2017 18:57:32	52.0	52.0	19.2208
10/26/2017 18:57:43	53.0	52.0	20.2073
10/26/2017 18:57:54	51.0	51.0	20.0521
10/26/2017 18:58:05	51.0	50.0	22.9974
10/26/2017 18:58:16	51.0	51.0	17.4479
10/26/2017 18:58:27	52.0	51.0	18.0879
10/26/2017 18:58:38	52.0	51.0	19.2708
10/26/2017 18:58:49	52.0	51.0	19.0955
10/26/2017 18:59:01	51.0	51.0	20.6186
10/26/2017 18:59:12	52.0	51.0	17.4479
10/26/2017 18:59:23	52.0	51.0	18.5864
10/26/2017 18:59:34	52.0	51.0	20.2597
10/26/2017 18:59:45	53.0	51.0	18.863
10/26/2017 18:59:56	52.0	51.0	20.7254
10/26/2017 19:00:07	52.0	51.0	20.1031
10/26/2017 19:00:18	52.0	51.0	17.5258
10/26/2017 19:00:29	52.0	51.0	18.0412
10/26/2017 19:00:40	51.0	51.0	20.155
10/26/2017 19:00:51	52.0	52.0	19.4301
10/26/2017 19:01:02	51.0	51.0	19.1214
10/26/2017 19:01:13	52.0	51.0	19.5373
10/26/2017 19:01:24	52.0	51.0	18.509
10/26/2017 19:01:35	52.0	51.0	19.8454
10/26/2017 19:01:46	51.0	51.0	19.3798
10/26/2017 19:01:57	52.0	51.0	20.155
10/26/2017 19:02:08	52.0	51.0	18.5567
10/26/2017 19:02:19	53.0	52.0	19.2802
10/26/2017 19:02:30	52.0	51.0	21.2987
10/26/2017 19:02:41	51.0	51.0	18.7013
10/26/2017 19:02:52	53.0	52.0	18.9119
10/26/2017 19:03:03	53.0	52.0	15.8031
10/26/2017 19:03:14	53.0	51.0	18.1818
10/26/2017 19:03:25	52.0	51.0	21.2435
10/26/2017 19:03:36	52.0	52.0	17.8756
10/26/2017 19:03:47	53.0	51.0	19.5822
10/26/2017 19:03:58	52.0	51.0	17.5711
10/26/2017 19:04:09	52.0	51.0	18.9119
10/26/2017 19:04:20	52.0	51.0	24.6787
10/26/2017 19:04:31	51.0	50.0	2.7027
10/26/2017 19:04:42	49.0	48.0	6.18557
10/26/2017 19:04:53	48.0	47.0	4.3257
10/26/2017 19:05:04	49.0	48.0	3.04569
10/26/2017 19:05:15	50.0	50.0	2.6455
10/26/2017 19:05:26	51.0	50.0	5.90164
10/26/2017 19:05:37	51.0	51.0	1.00756
10/26/2017 19:05:48	51.0	51.0	1.51899
10/26/2017 19:05:59	52.0	51.0	51.3587
10/26/2017 19:06:11	54.0	53.0	14.1304
10/26/2017 19:06:22	51.0	51.0	18.123
10/26/2017 19:06:33	50.0	50.0	20.3571
10/26/2017 19:06:44	50.0	50.0	14.2091
10/26/2017 19:06:55	49.0	48.0	17.8191
10/26/2017 19:07:06	49.0	48.0	18.1102
10/26/2017 19:07:17	49.0	48.0	16.7979
10/26/2017 19:07:28	48.0	48.0	18.0157
10/26/2017 19:07:39	50.0	49.0	15.7068
10/26/2017 19:07:50	49.0	48.0	17.7546
10/26/2017 19:08:01	48.0	48.0	17.9221
10/26/2017 19:08:12	48.0	47.0	16.4921
10/26/2017 19:08:23	48.0	48.0	15.9269
10/26/2017 19:08:34	48.0	48.0	17.5393
10/26/2017 19:08:45	50.0	50.0	16.9271
10/26/2017 19:08:56	48.0	48.0	14.1333
10/26/2017 19:09:08	48.0	48.0	13.369
10/26/2017 19:09:19	48.0	48.0	13.7203
10/26/2017 19:09:30	48.0	48.0	15.0396
10/26/2017 19:09:41	48.0	47.0	14.5119
10/26/2017 19:09:52	48.0	47.0	13.5279
10/26/2017 19:10:03	50.0	49.0	13.2979
10/26/2017 19:10:14	51.0	50.0	14.3236
10/26/2017 19:10:25	52.0	51.0	12.8609
10/26/2017 19:10:36	53.0	53.0	12.3684
10/26/2017 19:10:47	54.0	54.0	12.1053
10/26/2017 19:10:58	55.0	55.0	12.1693
10/26/2017 19:11:09	57.0	56.0	12.0419
10/26/2017 19:11:20	57.0	57.0	12.8272
10/26/2017 19:11:31	54.0	54.0	13.0548
10/26/2017 19:11:42	53.0	52.0	13.1926
10/26/2017 19:11:53	51.0	51.0	14.2857
10/26/2017 19:12:04	51.0	51.0	14.248
10/26/2017 19:12:15	50.0	49.0	13.7566
10/26/2017 19:12:26	49.0	49.0	14.0212
10/26/2017 19:12:37	49.0	48.0	14.3236
10/26/2017 19:12:48	49.0	48.0	13.7203
10/26/2017 19:12:59	49.0	48.0	15.3034
10/26/2017 19:13:10	48.0	47.0	13.7931
10/26/2017 19:13:21	48.0	47.0	13.5638
10/26/2017 19:13:32	48.0	47.0	15.0396
10/26/2017 19:13:43	48.0	47.0	13.9474
10/26/2017 19:13:54	48.0	47.0	13.7566
10/26/2017 19:14:06	48.0	47.0	15.2632
10/26/2017 19:14:17	49.0	48.0	14.248
10/26/2017 19:14:28	50.0	50.0	12.766
10/26/2017 19:14:39	51.0	51.0	13.6126
10/26/2017 19:14:50	53.0	53.0	12.336
10/26/2017 19:15:01	54.0	52.0	12.336
10/26/2017 19:15:12	55.0	54.0	12.3684
10/26/2017 19:15:23	56.0	55.0	12.3037
10/26/2017 19:15:34	57.0	56.0	12.6316
10/26/2017 19:15:45	54.0	54.0	12.1053
10/26/2017 19:15:56	53.0	52.0	13.1579
10/26/2017 19:16:07	51.0	50.0	15.2231
10/26/2017 19:16:18	51.0	50.0	14.0957
10/26/2017 19:16:29	50.0	50.0	14.0584
10/26/2017 19:16:40	49.0	49.0	14.5119
10/26/2017 19:16:51	49.0	48.0	14.1732
10/26/2017 19:17:02	49.0	48.0	13.7203
10/26/2017 19:17:13	48.0	48.0	16.4021
10/26/2017 19:17:24	49.0	48.0	13.9842
10/26/2017 19:17:35	48.0	48.0	13.4921
10/26/2017 19:17:46	48.0	47.0	14.9606
10/26/2017 19:17:57	48.0	47.0	13.9842
10/26/2017 19:18:08	48.0	47.0	14.0212
10/26/2017 19:18:19	48.0	47.0	14.5119
10/26/2017 19:18:30	49.0	48.0	13.6
10/26/2017 19:18:41	50.0	50.0	13.6483
10/26/2017 19:18:52	51.0	51.0	12.1053
10/26/2017 19:19:03	53.0	53.0	11.6095
10/26/2017 19:19:14	54.0	54.0	13.3508
10/26/2017 19:19:26	55.0	55.0	12.1053
10/26/2017 19:19:37	57.0	56.0	12.0104
10/26/2017 19:19:48	57.0	56.0	12.4339
10/26/2017 19:19:59	55.0	54.0	12.8609
10/26/2017 19:20:10	52.0	53.0	12.336
10/26/2017 19:20:21	51.0	51.0	14.0584
10/26/2017 19:20:32	51.0	51.0	12.4011
10/26/2017 19:20:43	50.0	50.0	13.9474
10/26/2017 19:20:54	49.0	49.0	14.248
10/26/2017 19:21:05	49.0	48.0	13.7566
10/26/2017 19:21:16	49.0	48.0	14.0584
10/26/2017 19:21:27	48.0	48.0	13.2626
10/26/2017 19:21:38	48.0	48.0	14.248
10/26/2017 19:21:49	48.0	48.0	15.2231
10/26/2017 19:22:00	48.0	48.0	13.8667
10/26/2017 19:22:11	47.0	47.0	13.9474
10/26/2017 19:22:22	48.0	47.0	15.4856
10/26/2017 19:22:33	48.0	47.0	14.1732
10/26/2017 19:22:44	47.0	47.0	14.2857
10/26/2017 19:22:55	48.0	47.0	13.8298
10/26/2017 19:23:06	47.0	47.0	14.2105
10/26/2017 19:23:17	48.0	47.0	14.6982
10/26/2017 19:23:28	49.0	50.0	12.5984
10/26/2017 19:23:39	51.0	51.0	12.5654
10/26/2017 19:23:50	52.0	53.0	12.5984
10/26/2017 19:24:01	53.0	53.0	12.3037
10/26/2017 19:24:12	55.0	54.0	11.5789
10/26/2017 19:24:23	56.0	55.0	12.4339
10/26/2017 19:24:35	57.0	56.0	12.3037
10/26/2017 19:24:46	55.0	54.0	12.3684
10/26/2017 19:24:57	53.0	53.0	13.6483
10/26/2017 19:25:08	52.0	51.0	13.9842
10/26/2017 19:25:19	51.0	51.0	13.1234
10/26/2017 19:25:30	50.0	50.0	14.5503
10/26/2017 19:25:41	50.0	50.0	13.7566
10/26/2017 19:25:52	49.0	49.0	14.4737
10/26/2017 19:26:03	49.0	48.0	14.6982
10/26/2017 19:26:14	49.0	48.0	13.7566
10/26/2017 19:26:25	48.0	47.0	15
10/26/2017 19:26:36	48.0	48.0	13.7566
10/26/2017 19:26:47	48.0	48.0	13.5279
10/26/2017 19:26:58	48.0	47.0	14.1732
10/26/2017 19:27:09	48.0	47.0	13.5279
10/26/2017 19:27:20	48.0	47.0	13.7566
10/26/2017 19:27:31	48.0	47.0	14.9606
10/26/2017 19:27:42	48.0	47.0	13.7566
10/26/2017 19:27:53	48.0	47.0	16.273
10/26/2017 19:28:04	49.0	50.0	14.2857
10/26/2017 19:28:15	50.0	50.0	13.6483
10/26/2017 19:28:26	52.0	51.0	12.1053
10/26/2017 19:28:37	53.0	53.0	13.7662
10/26/2017 19:28:48	55.0	54.0	11.8421
10/26/2017 19:28:59	55.0	55.0	11.811
10/26/2017 19:29:10	56.0	55.0	12.0104
10/26/2017 19:29:21	57.0	55.0	11.8421
10/26/2017 19:29:32	54.0	54.0	13.4565
10/26/2017 19:29:44	52.0	52.0	12.1372
10/26/2017 19:29:55	52.0	51.0	14.6982
10/26/2017 19:30:06	50.0	50.0	14.0992
10/26/2017 19:30:17	49.0	49.0	14.0212
10/26/2017 19:30:28	49.0	48.0	13.4921
10/26/2017 19:30:39	49.0	48.0	13.8743
10/26/2017 19:30:50	48.0	48.0	13.9108
10/26/2017 19:31:01	48.0	47.0	14.6982
10/26/2017 19:31:12	48.0	48.0	14.0212
10/26/2017 19:31:23	48.0	47.0	13.1579
10/26/2017 19:31:34	48.0	47.0	13.8381
10/26/2017 19:31:45	48.0	47.0	14.9606
10/26/2017 19:31:56	48.0	48.0	15.4856
10/26/2017 19:32:07	48.0	47.0	14.6597
10/26/2017 19:32:18	48.0	48.0	13.9474
10/26/2017 19:32:29	50.0	50.0	13.7203
10/26/2017 19:32:40	51.0	51.0	12.8272
10/26/2017 19:32:51	53.0	53.0	12.5326
10/26/2017 19:33:02	54.0	54.0	12.336
10/26/2017 19:33:13	55.0	54.0	12.6316
10/26/2017 19:33:24	56.0	55.0	11.811
10/26/2017 19:33:35	57.0	56.0	11.7493
10/26/2017 19:33:46	55.0	55.0	13.2812
10/26/2017 19:33:57	54.0	53.0	13.3159
10/26/2017 19:34:08	51.0	51.0	12.3684
10/26/2017 19:34:19	51.0	51.0	14.0212
10/26/2017 19:34:30	50.0	49.0	13.4565
10/26/2017 19:34:41	50.0	49.0	14.0625
10/26/2017 19:34:52	49.0	48.0	13.1579
10/26/2017 19:35:04	49.0	48.0	14.0212
10/26/2017 19:35:15	48.0	47.0	13.9474
10/26/2017 19:35:26	48.0	47.0	15.1436
10/26/2017 19:35:37	48.0	47.0	13.4565
10/26/2017 19:35:48	48.0	46.0	13.6483
10/26/2017 19:35:59	48.0	47.0	13.2626
10/26/2017 19:36:10	49.0	48.0	13.4565
10/26/2017 19:36:21	50.0	50.0	13.8743
10/26/2017 19:36:32	52.0	51.0	12.5
10/26/2017 19:36:43	54.0	53.0	11.7801
10/26/2017 19:36:54	55.0	54.0	13.3858
10/26/2017 19:37:05	56.0	55.0	12.2715
10/26/2017 19:37:16	56.0	56.0	12.5654
10/26/2017 19:37:27	56.0	54.0	12.336
10/26/2017 19:37:38	54.0	53.0	13.089
10/26/2017 19:37:49	52.0	52.0	16.0105
10/26/2017 19:38:00	50.0	50.0	13.6483
10/26/2017 19:38:11	50.0	49.0	14.1732
10/26/2017 19:38:22	49.0	49.0	14.248
10/26/2017 19:38:33	49.0	48.0	14.4357
10/26/2017 19:38:44	49.0	48.0	13.7203
10/26/2017 19:38:55	48.0	47.0	14.4737
10/26/2017 19:39:06	48.0	47.0	13.1579
10/26/2017 19:39:17	48.0	47.0	13.7203
10/26/2017 19:39:28	48.0	47.0	14.2105
10/26/2017 19:39:39	48.0	47.0	13.7203
10/26/2017 19:39:50	50.0	49.0	12.5326
10/26/2017 19:40:02	52.0	51.0	13.089
10/26/2017 19:40:13	53.0	52.0	11.811
10/26/2017 19:40:24	54.0	54.0	13.577
10/26/2017 19:40:35	55.0	54.0	12.0735
10/26/2017 19:40:46	57.0	55.0	12.0419
10/26/2017 19:40:57	57.0	56.0	12.8609
10/26/2017 19:41:08	55.0	54.0	11.811
10/26/2017 19:41:19	53.0	52.0	12.5654
10/26/2017 19:41:30	52.0	51.0	12.8272
10/26/2017 19:41:41	51.0	50.0	12.1372
10/26/2017 19:41:52	50.0	48.0	13.9108
10/26/2017 19:42:03	49.0	48.0	14.6597
10/26/2017 19:42:14	49.0	48.0	13.1926
10/26/2017 19:42:25	48.0	47.0	14.2105
10/26/2017 19:42:36	48.0	47.0	13.7931
10/26/2017 19:42:47	48.0	47.0	13.7203
10/26/2017 19:42:58	48.0	47.0	13.6842
10/26/2017 19:43:09	47.0	46.0	14.1732
10/26/2017 19:43:20	48.0	47.0	13.6842
10/26/2017 19:43:31	50.0	49.0	14.7757
10/26/2017 19:43:42	51.0	50.0	13.4211
10/26/2017 19:43:53	52.0	52.0	12.3037
10/26/2017 19:44:04	54.0	53.0	13.3159
10/26/2017 19:44:15	55.0	54.0	12.0419
10/26/2017 19:44:26	56.0	54.0	11.5789
10/26/2017 19:44:37	57.0	55.0	12.336
10/26/2017 19:44:48	56.0	54.0	12.3037
10/26/2017 19:44:59	54.0	53.0	12.336
10/26/2017 19:45:10	52.0	51.0	13.9842
10/26/2017 19:45:22	50.0	50.0	12.8947
10/26/2017 19:45:33	50.0	48.0	13.9842
10/26/2017 19:45:44	50.0	48.0	13.4565
10/26/2017 19:45:55	49.0	48.0	13.9474
10/26/2017 19:46:06	49.0	48.0	14.4357
10/26/2017 19:46:17	48.0	48.0	14.1361
10/26/2017 19:46:28	48.0	47.0	13.3858
10/26/2017 19:46:39	48.0	47.0	13.5279
10/26/2017 19:46:50	48.0	47.0	13.9842
10/26/2017 19:47:01	50.0	49.0	12.3037
10/26/2017 19:47:12	51.0	51.0	12.8947
10/26/2017 19:47:23	53.0	52.0	11.7801
10/26/2017 19:47:34	54.0	53.0	12.0735
10/26/2017 19:47:45	55.0	54.0	12.336
10/26/2017 19:47:56	56.0	54.0	12.5
10/26/2017 19:48:07	56.0	56.0	11.3456
10/26/2017 19:48:18	56.0	54.0	13.0208
10/26/2017 19:48:29	53.0	52.0	12.8947
10/26/2017 19:48:40	52.0	51.0	14.0212
10/26/2017 19:48:51	51.0	50.0	13.8743
10/26/2017 19:49:02	50.0	49.0	13.7931
10/26/2017 19:49:13	49.0	48.0	13.9842
10/26/2017 19:49:24	49.0	48.0	13.7566
10/26/2017 19:49:35	48.0	48.0	13.6483
10/26/2017 19:49:46	48.0	47.0	14.9215
10/26/2017 19:49:57	48.0	47.0	13.7203
10/26/2017 19:50:08	48.0	46.0	13.1579
10/26/2017 19:50:19	48.0	48.0	13.3508
10/26/2017 19:50:31	50.0	50.0	12.5984
10/26/2017 19:50:42	52.0	51.0	12.7604
10/26/2017 19:50:53	53.0	53.0	12.336
10/26/2017 19:51:04	54.0	53.0	11.8421
10/26/2017 19:51:15	55.0	54.0	12.1053
10/26/2017 19:51:26	56.0	55.0	12.0419
10/26/2017 19:51:37	56.0	56.0	12.2715
10/26/2017 19:51:48	55.0	54.0	12.8272
10/26/2017 19:51:59	53.0	52.0	12.8947
10/26/2017 19:52:10	51.0	51.0	13.6126
10/26/2017 19:52:21	50.0	50.0	13.8298
10/26/2017 19:52:32	50.0	49.0	14.3603
10/26/2017 19:52:43	49.0	48.0	13.1579
10/26/2017 19:52:54	48.0	48.0	15
10/26/2017 19:53:05	48.0	47.0	14.0212
10/26/2017 19:53:16	48.0	48.0	12.7321
10/26/2017 19:53:27	48.0	47.0	14.6982
10/26/2017 19:53:38	49.0	48.0	12.9288
10/26/2017 19:53:49	50.0	50.0	13.2468
10/26/2017 19:54:00	51.0	51.0	11.5789
10/26/2017 19:54:11	54.0	53.0	12.3037
10/26/2017 19:54:22	55.0	54.0	12.6316
10/26/2017 19:54:33	55.0	55.0	12.3037
10/26/2017 19:54:44	56.0	55.0	12.2396
10/26/2017 19:54:55	57.0	56.0	12.8609
10/26/2017 19:55:06	55.0	54.0	12.0104
10/26/2017 19:55:17	52.0	52.0	12.8609
10/26/2017 19:55:28	51.0	51.0	14.2105
10/26/2017 19:55:39	50.0	50.0	13.6842
10/26/2017 19:55:51	50.0	48.0	13.9474
10/26/2017 19:56:02	49.0	48.0	14.0212
10/26/2017 19:56:13	49.0	48.0	13.9474
10/26/2017 19:56:24	48.0	47.0	13.9108
10/26/2017 19:56:35	48.0	47.0	14.0957
10/26/2017 19:56:46	48.0	47.0	13.1926
10/26/2017 19:56:57	47.0	47.0	14.9606
10/26/2017 19:57:08	50.0	49.0	14.6214
10/26/2017 19:57:19	51.0	51.0	12.6316
10/26/2017 19:57:30	53.0	52.0	13.2468
10/26/2017 19:57:41	54.0	52.0	12.3037
10/26/2017 19:57:52	55.0	54.0	11.5486
10/26/2017 19:58:03	55.0	55.0	12.5984
10/26/2017 19:58:14	57.0	56.0	11.7801
10/26/2017 19:58:25	57.0	56.0	13.0208
10/26/2017 19:58:36	54.0	54.0	13.3508
10/26/2017 19:58:47	52.0	52.0	12.6316
10/26/2017 19:58:58	51.0	51.0	13.4565
10/26/2017 19:59:09	50.0	50.0	15.445
10/26/2017 19:59:20	49.0	48.0	13.9842
10/26/2017 19:59:31	49.0	48.0	13.8381
10/26/2017 19:59:42	48.0	48.0	13.9474
10/26/2017 19:59:53	48.0	47.0	13.6483
10/26/2017 20:00:04	48.0	47.0	14.248
10/26/2017 20:00:15	48.0	47.0	13.6126
10/26/2017 20:00:26	50.0	50.0	13.9108
10/26/2017 20:00:37	51.0	50.0	12.336
10/26/2017 20:00:48	52.0	52.0	12.5
10/26/2017 20:01:00	54.0	53.0	11.8421
10/26/2017 20:01:11	54.0	54.0	14.1361
10/26/2017 20:01:22	55.0	55.0	11.7801
10/26/2017 20:01:33	56.0	56.0	12.2715
10/26/2017 20:01:44	56.0	55.0	13.0208
10/26/2017 20:01:55	54.0	53.0	13.3858
10/26/2017 20:02:06	52.0	51.0	13.1579
10/26/2017 20:02:17	51.0	51.0	14.3236
10/26/2017 20:02:28	50.0	49.0	13.7566
10/26/2017 20:02:39	49.0	48.0	13.7931
10/26/2017 20:02:50	48.0	48.0	13.9474
10/26/2017 20:03:01	48.0	47.0	13.4211
10/26/2017 20:03:12	48.0	48.0	14.5119
10/26/2017 20:03:23	48.0	47.0	13.2275
10/26/2017 20:03:34	48.0	47.0	14.5833
10/26/2017 20:03:45	47.0	47.0	13.4921
10/26/2017 20:03:56	49.0	48.0	13.4565
10/26/2017 20:04:07	51.0	51.0	12.6649
10/26/2017 20:04:18	52.0	51.0	13.1234
10/26/2017 20:04:29	53.0	53.0	12.0735
10/26/2017 20:04:40	54.0	54.0	11.8421
10/26/2017 20:04:51	55.0	54.0	13.1234
10/26/2017 20:05:02	57.0	55.0	11.7493
10/26/2017 20:05:13	57.0	56.0	12.8947
10/26/2017 20:05:24	55.0	54.0	11.7801
10/26/2017 20:05:35	53.0	53.0	11.811
10/26/2017 20:05:46	52.0	51.0	14.2857
10/26/2017 20:05:57	51.0	50.0	14.3979
10/26/2017 20:06:09	50.0	50.0	13.4211
10/26/2017 20:06:20	49.0	48.0	14.9606
10/26/2017 20:06:31	49.0	48.0	12.9973
10/26/2017 20:06:42	48.0	48.0	13.4921
10/26/2017 20:06:53	48.0	47.0	14.1732
10/26/2017 20:07:04	48.0	47.0	13.2626
10/26/2017 20:07:15	48.0	47.0	12.8947
10/26/2017 20:07:26	48.0	47.0	13.2626
10/26/2017 20:07:37	49.0	49.0	12.8609
10/26/2017 20:07:48	51.0	50.0	11.5183
10/26/2017 20:07:59	51.0	52.0	12.5654
10/26/2017 20:08:10	53.0	53.0	12.0419
10/26/2017 20:08:21	55.0	54.0	13.3508
10/26/2017 20:08:32	56.0	54.0	11.3456
10/26/2017 20:08:43	57.0	55.0	12.3037
10/26/2017 20:08:54	57.0	56.0	13.6126
10/26/2017 20:09:05	55.0	54.0	12.7604
10/26/2017 20:09:16	53.0	53.0	12.8609
10/26/2017 20:09:27	51.0	51.0	14.0584
10/26/2017 20:09:38	51.0	50.0	12.9973
10/26/2017 20:09:49	50.0	48.0	14.8825
10/26/2017 20:10:00	49.0	48.0	14.5119
10/26/2017 20:10:11	49.0	48.0	13.9474
10/26/2017 20:10:22	48.0	47.0	13.1579
10/26/2017 20:10:33	48.0	47.0	14.5119
10/26/2017 20:10:44	48.0	47.0	14.2105
10/26/2017 20:10:55	48.0	48.0	13.7566
10/26/2017 20:11:06	48.0	47.0	13.9474
10/26/2017 20:11:18	48.0	47.0	13.6842
10/26/2017 20:11:29	50.0	49.0	14.1732
10/26/2017 20:11:40	51.0	51.0	11.8421
10/26/2017 20:11:51	53.0	52.0	12.5654
10/26/2017 20:12:02	54.0	53.0	13.089
10/26/2017 20:12:13	55.0	54.0	12.336
10/26/2017 20:12:24	56.0	56.0	11.6095
10/26/2017 20:12:35	56.0	56.0	12.5654
10/26/2017 20:12:46	57.0	55.0	12.7937
10/26/2017 20:12:57	54.0	53.0	13.4565
10/26/2017 20:13:08	51.0	52.0	12.6316
10/26/2017 20:13:19	51.0	50.0	13.9474
10/26/2017 20:13:30	50.0	49.0	13.8743
10/26/2017 20:13:41	50.0	48.0	12.9973
10/26/2017 20:13:52	49.0	48.0	13.1926
10/26/2017 20:14:03	49.0	48.0	14.4737
10/26/2017 20:14:14	48.0	48.0	13.4565
10/26/2017 20:14:25	48.0	47.0	13.4565
10/26/2017 20:14:36	47.0	47.0	14.3236
10/26/2017 20:14:47	48.0	46.0	15
10/26/2017 20:14:58	48.0	48.0	14.7368
10/26/2017 20:15:09	50.0	50.0	13.6126
10/26/2017 20:15:20	51.0	50.0	12.1372
10/26/2017 20:15:31	53.0	52.0	12.0419
10/26/2017 20:15:42	54.0	53.0	13.1234
10/26/2017 20:15:53	55.0	54.0	11.811
10/26/2017 20:16:04	56.0	55.0	12.0419
10/26/2017 20:16:15	57.0	56.0	12.336
10/26/2017 20:16:27	55.0	54.0	12.0735
10/26/2017 20:16:38	53.0	53.0	12.8609
10/26/2017 20:16:49	51.0	51.0	13.9842
10/26/2017 20:17:00	51.0	50.0	13.7203
10/26/2017 20:17:11	50.0	49.0	14.4737
10/26/2017 20:17:22	49.0	48.0	13.4921
10/26/2017 20:17:33	49.0	48.0	14.3603
10/26/2017 20:17:44	48.0	48.0	14.0212
10/26/2017 20:17:55	48.0	47.0	12.7321
10/26/2017 20:18:06	47.0	47.0	13.9842
10/26/2017 20:18:17	48.0	47.0	14.6214
10/26/2017 20:18:28	50.0	49.0	13.6483
10/26/2017 20:18:39	51.0	50.0	13.3508
10/26/2017 20:18:50	53.0	51.0	12.4011
10/26/2017 20:19:01	54.0	53.0	12.0104
10/26/2017 20:19:12	55.0	54.0	12.8272
10/26/2017 20:19:23	55.0	55.0	11.0818
10/26/2017 20:19:34	57.0	56.0	12.5326
10/26/2017 20:19:45	57.0	56.0	12.3684
10/26/2017 20:19:56	54.0	53.0	12.8947
10/26/2017 20:20:07	52.0	52.0	12.9288
10/26/2017 20:20:18	51.0	50.0	13.9474
10/26/2017 20:20:29	50.0	50.0	13.9474
10/26/2017 20:20:40	50.0	48.0	12.9288
10/26/2017 20:20:51	49.0	48.0	14.2857
10/26/2017 20:21:02	48.0	48.0	13.2275
10/26/2017 20:21:13	48.0	48.0	13.9474
10/26/2017 20:21:24	48.0	47.0	13.7566
10/26/2017 20:21:36	48.0	47.0	13.9474
10/26/2017 20:21:47	50.0	50.0	13.9842
10/26/2017 20:21:58	51.0	51.0	12.6649
10/26/2017 20:22:09	52.0	52.0	11.811
10/26/2017 20:22:20	54.0	53.0	13.1234
10/26/2017 20:22:31	54.0	54.0	12.0419
10/26/2017 20:22:42	56.0	55.0	12.2078
10/26/2017 20:22:53	56.0	56.0	12.3684
10/26/2017 20:23:04	55.0	55.0	12.5
10/26/2017 20:23:15	54.0	52.0	13.9108
10/26/2017 20:23:26	51.0	52.0	13.7203
10/26/2017 20:23:37	51.0	50.0	13.6842
10/26/2017 20:23:48	50.0	49.0	13.2275
10/26/2017 20:23:59	49.0	48.0	14.7368
10/26/2017 20:24:10	49.0	47.0	13.4211
10/26/2017 20:24:21	48.0	48.0	13.6842
10/26/2017 20:24:32	48.0	47.0	13.4565
10/26/2017 20:24:43	48.0	47.0	14.1361
10/26/2017 20:24:54	49.0	48.0	13.7203
10/26/2017 20:25:05	50.0	50.0	12.8609
10/26/2017 20:25:16	51.0	51.0	11.7801
10/26/2017 20:25:27	53.0	52.0	13.3159
10/26/2017 20:25:38	54.0	53.0	12.1053
10/26/2017 20:25:49	55.0	55.0	11.5789
10/26/2017 20:26:00	55.0	54.0	13.089
10/26/2017 20:26:11	56.0	55.0	11.6095
10/26/2017 20:26:22	57.0	56.0	14.0625
10/26/2017 20:26:33	55.0	54.0	12.8272
10/26/2017 20:26:45	52.0	52.0	13.3858
10/26/2017 20:26:56	51.0	51.0	13.9108
10/26/2017 20:27:07	50.0	50.0	14.5119
10/26/2017 20:27:18	50.0	48.0	13.6842
10/26/2017 20:27:29	49.0	48.0	14.7368
10/26/2017 20:27:40	48.0	47.0	12.5
10/26/2017 20:27:51	48.0	47.0	14.1732
10/26/2017 20:28:02	48.0	47.0	14.0212
10/26/2017 20:28:13	49.0	48.0	13.5279
10/26/2017 20:28:24	50.0	50.0	13.6842
10/26/2017 20:28:35	51.0	51.0	12.336
10/26/2017 20:28:46	52.0	52.0	12.3037
10/26/2017 20:28:57	53.0	53.0	12.0104
10/26/2017 20:29:08	54.0	54.0	13.3508
10/26/2017 20:29:19	55.0	55.0	11.3456
10/26/2017 20:29:30	56.0	55.0	11.6095
10/26/2017 20:29:41	57.0	56.0	13.089
10/26/2017 20:29:52	55.0	54.0	13.0548
10/26/2017 20:30:03	52.0	52.0	12.1053
10/26/2017 20:30:14	51.0	51.0	14.4357
10/26/2017 20:30:25	51.0	49.0	12.6649
10/26/2017 20:30:36	49.0	49.0	14.2857
10/26/2017 20:30:47	49.0	48.0	13.6483
10/26/2017 20:30:58	48.0	47.0	13.9842
10/26/2017 20:31:09	49.0	47.0	14.2105
10/26/2017 20:31:20	48.0	47.0	14.2105
10/26/2017 20:31:31	49.0	48.0	12.5654
10/26/2017 20:31:42	51.0	50.0	13.4565
10/26/2017 20:31:54	52.0	51.0	12.5654
10/26/2017 20:32:05	53.0	53.0	11.5789
10/26/2017 20:32:16	54.0	54.0	13.3159
10/26/2017 20:32:27	55.0	54.0	11.5486
10/26/2017 20:32:38	56.0	55.0	12.0735
10/26/2017 20:32:49	57.0	56.0	11.811
10/26/2017 20:33:00	57.0	56.0	12.0735
10/26/2017 20:33:11	54.0	53.0	13.0548
10/26/2017 20:33:22	52.0	52.0	13.4211
10/26/2017 20:33:33	51.0	50.0	13.4921
10/26/2017 20:33:44	50.0	50.0	14.4737
10/26/2017 20:33:55	49.0	48.0	13.6483
10/26/2017 20:34:06	49.0	48.0	13.9474
10/26/2017 20:34:17	47.0	47.0	14.0584
10/26/2017 20:34:28	48.0	47.0	13.7566
10/26/2017 20:34:39	48.0	47.0	13.7203
10/26/2017 20:34:50	50.0	49.0	13.6842
10/26/2017 20:35:01	51.0	51.0	13.4211
10/26/2017 20:35:12	52.0	52.0	12.7604
10/26/2017 20:35:23	53.0	53.0	13.089
10/26/2017 20:35:34	54.0	54.0	12.0104
10/26/2017 20:35:45	55.0	54.0	12.4339
10/26/2017 20:35:56	56.0	55.0	11.7801
10/26/2017 20:36:07	56.0	56.0	12.3037
10/26/2017 20:36:18	55.0	54.0	13.1234
10/26/2017 20:36:29	53.0	52.0	13.9474
10/26/2017 20:36:40	51.0	51.0	14.3979
10/26/2017 20:36:51	50.0	50.0	14.3236
10/26/2017 20:37:02	49.0	48.0	13.1579
10/26/2017 20:37:14	49.0	48.0	13.9842
10/26/2017 20:37:25	48.0	48.0	14.248
10/26/2017 20:37:36	48.0	47.0	13.4565
10/26/2017 20:37:47	47.0	47.0	15.625
10/26/2017 20:37:58	47.0	46.0	14.248
10/26/2017 20:38:09	47.0	46.0	13.9474
10/26/2017 20:38:20	49.0	48.0	13.2275
10/26/2017 20:38:31	51.0	51.0	12.336
10/26/2017 20:38:42	51.0	51.0	12.1053
10/26/2017 20:38:53	53.0	53.0	13.0548
10/26/2017 20:39:04	54.0	54.0	12.5654
10/26/2017 20:39:15	55.0	54.0	11.8734
10/26/2017 20:39:26	55.0	55.0	15.9269
10/26/2017 20:39:37	57.0	56.0	17.1429
10/26/2017 20:39:48	55.0	54.0	15.8854
10/26/2017 20:39:59	53.0	52.0	19.2208
10/26/2017 20:40:10	52.0	51.0	16.9713
10/26/2017 20:40:21	51.0	51.0	16.188
10/26/2017 20:40:32	50.0	50.0	18.2292
10/26/2017 20:40:43	50.0	49.0	16.9271
10/26/2017 20:40:54	49.0	48.0	16.9271
10/26/2017 20:41:05	50.0	49.0	16.7102
10/26/2017 20:41:16	49.0	48.0	16.4062
10/26/2017 20:41:27	49.0	48.0	15.3646
10/26/2017 20:41:38	49.0	47.0	18.799
10/26/2017 20:41:49	49.0	47.0	17.6623
10/26/2017 20:42:00	48.0	48.0	19.2208
10/26/2017 20:42:11	49.0	48.0	14.6597
10/26/2017 20:42:22	48.0	47.0	17.6623
10/26/2017 20:42:33	48.0	47.0	17.1429
10/26/2017 20:42:44	48.0	47.0	18.1818
10/26/2017 20:42:55	49.0	48.0	16.4491
10/26/2017 20:43:06	50.0	50.0	18.2724
10/26/2017 20:43:18	52.0	52.0	19.0601
10/26/2017 20:43:29	54.0	53.0	17.801
10/26/2017 20:43:40	55.0	55.0	16.7979
10/26/2017 20:43:51	56.0	55.0	19.0601
10/26/2017 20:44:02	57.0	56.0	18.2768
10/26/2017 20:44:13	55.0	54.0	19.8953
10/26/2017 20:44:24	52.0	52.0	15.8854
10/26/2017 20:44:35	52.0	51.0	18.8976
10/26/2017 20:44:46	51.0	51.0	16.4491
10/26/2017 20:44:57	50.0	50.0	17.6166
10/26/2017 20:45:08	50.0	49.0	17.1875
10/26/2017 20:45:19	49.0	48.0	15.1832
10/26/2017 20:45:30	49.0	48.0	17.2775
10/26/2017 20:45:41	49.0	48.0	17.4935
10/26/2017 20:45:52	48.0	48.0	17.9688
10/26/2017 20:46:03	48.0	47.0	18.3727
10/26/2017 20:46:14	48.0	47.0	17.7546
10/26/2017 20:46:25	48.0	47.0	16.188
10/26/2017 20:46:36	48.0	47.0	17.9688
10/26/2017 20:46:47	48.0	48.0	16.4062
10/26/2017 20:46:58	50.0	49.0	18.799
10/26/2017 20:47:09	52.0	51.0	17.7083
10/26/2017 20:47:20	54.0	53.0	16.188
10/26/2017 20:47:31	54.0	54.0	20.3125
10/26/2017 20:47:42	56.0	54.0	18.3246
10/26/2017 20:47:53	57.0	56.0	17.0157
10/26/2017 20:48:04	55.0	54.0	15.2455
10/26/2017 20:48:15	53.0	53.0	17.7083
10/26/2017 20:48:26	52.0	51.0	15.8442
10/26/2017 20:48:37	51.0	50.0	17.4479
10/26/2017 20:48:49	50.0	49.0	17.1875
10/26/2017 20:49:00	50.0	49.0	19.1099
10/26/2017 20:49:11	49.0	48.0	15.9686
10/26/2017 20:49:22	49.0	48.0	18.1818
10/26/2017 20:49:33	48.0	48.0	18.3463
10/26/2017 20:49:44	49.0	48.0	16.1458
10/26/2017 20:49:55	49.0	48.0	16.273
10/26/2017 20:50:06	48.0	48.0	17.6623
10/26/2017 20:50:17	49.0	48.0	19.4301
10/26/2017 20:50:28	48.0	48.0	17.2775
10/26/2017 20:50:39	48.0	48.0	16.9713
10/26/2017 20:50:50	48.0	47.0	16.9355
10/26/2017 20:51:01	49.0	48.0	17.2324
10/26/2017 20:51:12	48.0	47.0	18.4416
10/26/2017 20:51:23	48.0	47.0	17.6623
10/26/2017 20:51:34	48.0	47.0	16.0622
10/26/2017 20:51:45	48.0	47.0	15.1042
10/26/2017 20:51:56	51.0	50.0	19.2208
10/26/2017 20:52:07	52.0	51.0	19.1099
10/26/2017 20:52:18	53.0	52.0	15.9269
10/26/2017 20:52:29	55.0	54.0	16.3636
10/26/2017 20:52:40	56.0	56.0	18.7013
10/26/2017 20:52:51	57.0	55.0	15.9269
10/26/2017 20:53:02	57.0	54.0	18.5864
10/26/2017 20:53:13	54.0	53.0	17.2324
10/26/2017 20:53:24	53.0	51.0	16.8421
10/26/2017 20:53:35	51.0	51.0	17.7546
10/26/2017 20:53:46	51.0	50.0	17.4935
10/26/2017 20:53:57	50.0	49.0	17.9688
10/26/2017 20:54:08	49.0	48.0	18.0628
10/26/2017 20:54:19	49.0	48.0	16.8831
10/26/2017 20:54:30	50.0	48.0	16.4062
10/26/2017 20:54:41	49.0	48.0	17.3228
10/26/2017 20:54:52	49.0	48.0	15.544
10/26/2017 20:55:03	48.0	48.0	16.3636
10/26/2017 20:55:14	48.0	48.0	16.1458
10/26/2017 20:55:25	49.0	47.0	16.9271
10/26/2017 20:55:36	47.0	47.0	15.8854
10/26/2017 20:55:47	48.0	47.0	16.7959
10/26/2017 20:55:58	48.0	46.0	16.273
10/26/2017 20:56:10	47.0	47.0	18.3938
10/26/2017 20:56:21	49.0	48.0	16.5375
10/26/2017 20:56:32	51.0	50.0	16.4491
10/26/2017 20:56:43	52.0	51.0	17.7546
10/26/2017 20:56:54	54.0	53.0	16.9713
10/26/2017 20:57:05	55.0	54.0	19.1099
10/26/2017 20:57:16	56.0	55.0	16.188
10/26/2017 20:57:27	57.0	56.0	16.1458
10/26/2017 20:57:38	54.0	54.0	17.9688
10/26/2017 20:57:49	53.0	53.0	18.3246
10/26/2017 20:58:00	52.0	53.0	17.3575
10/26/2017 20:58:11	51.0	51.0	15.8031
10/26/2017 20:58:22	51.0	50.0	14.3236
10/26/2017 20:58:33	49.0	49.0	16.1039
10/26/2017 20:58:44	50.0	48.0	17.0604
10/26/2017 20:58:55	49.0	48.0	16.7102
10/26/2017 20:59:06	49.0	48.0	18.3727
10/26/2017 20:59:17	48.0	48.0	16.6667
10/26/2017 20:59:28	48.0	48.0	17.2324
10/26/2017 20:59:39	48.0	48.0	16.8831
10/26/2017 20:59:50	50.0	48.0	17.6623
10/26/2017 21:00:01	48.0	47.0	18.0157
10/26/2017 21:00:12	48.0	47.0	16.9271
10/26/2017 21:00:23	48.0	47.0	15.8442
10/26/2017 21:00:34	50.0	50.0	17.4479
10/26/2017 21:00:45	51.0	51.0	18.0157
10/26/2017 21:00:56	54.0	52.0	15.625
10/26/2017 21:01:07	55.0	54.0	17.9688
10/26/2017 21:01:18	55.0	55.0	17.2775
10/26/2017 21:01:29	56.0	56.0	16.5354
10/26/2017 21:01:40	56.0	55.0	19.171
10/26/2017 21:01:51	54.0	53.0	15.4047
10/26/2017 21:02:02	53.0	52.0	17.7083
10/26/2017 21:02:13	51.0	51.0	17.801
10/26/2017 21:02:24	51.0	50.0	18.1347
10/26/2017 21:02:35	50.0	49.0	16.7102
10/26/2017 21:02:46	49.0	48.0	17.6623
10/26/2017 21:02:57	49.0	48.0	18.3246
10/26/2017 21:03:08	50.0	48.0	16.8394
10/26/2017 21:03:19	49.0	48.0	18.0628
10/26/2017 21:03:30	48.0	48.0	17.6623
10/26/2017 21:03:42	48.0	47.0	18.0157
10/26/2017 21:03:53	48.0	47.0	16.3636
10/26/2017 21:04:04	48.0	47.0	16.6234
10/26/2017 21:04:15	49.0	47.0	16.1458
10/26/2017 21:04:26	48.0	47.0	17.5393
10/26/2017 21:04:37	48.0	47.0	16.4948
10/26/2017 21:04:48	50.0	49.0	15.9794
10/26/2017 21:04:59	53.0	52.0	19.6891
10/26/2017 21:05:10	54.0	53.0	17.7378
10/26/2017 21:05:21	58.0	56.0	18.8679
10/26/2017 21:05:32	56.0	55.0	14.4737
10/26/2017 21:05:43	53.0	53.0	20.5263
10/26/2017 21:05:54	52.0	52.0	13.9474
10/26/2017 21:06:05	51.0	51.0	15.8854
10/26/2017 21:06:16	49.0	50.0	15.8854
10/26/2017 21:06:27	50.0	49.0	16.8831
10/26/2017 21:06:38	50.0	48.0	17.2775
10/26/2017 21:06:49	49.0	48.0	16.4491
10/26/2017 21:07:00	49.0	49.0	17.3228
10/26/2017 21:07:11	49.0	48.0	18.2768
10/26/2017 21:07:22	50.0	48.0	16.4062
10/26/2017 21:07:33	49.0	48.0	13.9474
10/26/2017 21:07:44	47.0	47.0	14.5889
10/26/2017 21:07:55	48.0	48.0	13.1926
10/26/2017 21:08:06	50.0	49.0	13.2275
10/26/2017 21:08:17	51.0	51.0	14.2105
10/26/2017 21:08:28	55.0	53.0	14.248
10/26/2017 21:08:39	54.0	53.0	11.3456
10/26/2017 21:08:50	55.0	54.0	13.0548
10/26/2017 21:09:01	55.0	54.0	12.0419
10/26/2017 21:09:12	57.0	55.0	12.336
10/26/2017 21:09:23	56.0	56.0	12.3037
10/26/2017 21:09:34	55.0	54.0	12.4011
10/26/2017 21:09:45	52.0	52.0	13.2626
10/26/2017 21:09:57	51.0	50.0	13.7203
10/26/2017 21:10:08	50.0	49.0	16.8831
10/26/2017 21:10:19	49.0	48.0	17.4935
10/26/2017 21:10:30	50.0	48.0	17.9688
10/26/2017 21:10:41	49.0	48.0	16.6667
10/26/2017 21:10:52	49.0	48.0	16.3158
10/26/2017 21:11:03	49.0	48.0	16.4062
10/26/2017 21:11:14	49.0	48.0	17.1429
10/26/2017 21:11:25	48.0	47.0	15.748
10/26/2017 21:11:36	48.0	48.0	16.7979
10/26/2017 21:11:47	48.0	48.0	18.0157
10/26/2017 21:11:58	49.0	47.0	19.5312
10/26/2017 21:12:09	48.0	47.0	16.7102
10/26/2017 21:12:20	48.0	47.0	19.3717
10/26/2017 21:12:31	48.0	47.0	16.3636
10/26/2017 21:12:42	48.0	47.0	19.0104
10/26/2017 21:12:53	47.0	47.0	18.2768
10/26/2017 21:13:04	48.0	47.0	16.1458
10/26/2017 21:13:15	47.0	47.0	17.9688
10/26/2017 21:13:26	49.0	48.0	16.6667
10/26/2017 21:13:37	50.0	50.0	14.8825
10/26/2017 21:13:48	52.0	51.0	17.4935
10/26/2017 21:13:59	53.0	53.0	16.7539
10/26/2017 21:14:10	55.0	54.0	16.7102
10/26/2017 21:14:21	56.0	55.0	16.9271
10/26/2017 21:14:32	56.0	56.0	17.1875
10/26/2017 21:14:43	56.0	56.0	14.3603
10/26/2017 21:14:54	54.0	53.0	16.7102
10/26/2017 21:15:05	52.0	52.0	16.3636
10/26/2017 21:15:16	51.0	51.0	17.7083
10/26/2017 21:15:27	50.0	50.0	17.3575
10/26/2017 21:15:38	50.0	50.0	16.2304
10/26/2017 21:15:49	50.0	49.0	16.4491
10/26/2017 21:16:00	49.0	48.0	16.4921
10/26/2017 21:16:11	49.0	48.0	14.3236
10/26/2017 21:16:22	48.0	48.0	18.5864
10/26/2017 21:16:33	48.0	48.0	15.6658
10/26/2017 21:16:44	48.0	47.0	18.5379
10/26/2017 21:16:55	48.0	47.0	15.9686
10/26/2017 21:17:06	48.0	47.0	17.7546
10/26/2017 21:17:18	48.0	48.0	16.4062
10/26/2017 21:17:29	48.0	47.0	17.7546
10/26/2017 21:17:40	47.0	47.0	16.9271
10/26/2017 21:17:51	49.0	48.0	16.8831
10/26/2017 21:18:02	51.0	50.0	17.7083
10/26/2017 21:18:13	53.0	52.0	16.0105
10/26/2017 21:18:24	53.0	53.0	16.4062
10/26/2017 21:18:35	55.0	54.0	19.8433
10/26/2017 21:18:46	56.0	55.0	13.2812
10/26/2017 21:18:57	56.0	56.0	12.0104
10/26/2017 21:19:08	56.0	56.0	12.5326
10/26/2017 21:19:19	53.0	53.0	15.8311
10/26/2017 21:19:30	51.0	51.0	13.6483
10/26/2017 21:19:41	50.0	50.0	13.6483
10/26/2017 21:19:52	49.0	49.0	13.9474
10/26/2017 21:20:03	49.0	48.0	13.7203
10/26/2017 21:20:14	48.0	47.0	14.9215
10/26/2017 21:20:25	48.0	47.0	13.7203
10/26/2017 21:20:36	47.0	47.0	13.4211
10/26/2017 21:20:47	49.0	48.0	14.7757
10/26/2017 21:20:58	50.0	50.0	13.4211
10/26/2017 21:21:09	52.0	51.0	12.7937
10/26/2017 21:21:20	52.0	52.0	14.0625
10/26/2017 21:21:31	54.0	53.0	16.273
10/26/2017 21:21:42	55.0	54.0	17.0157
10/26/2017 21:21:53	57.0	56.0	17.7083
10/26/2017 21:22:04	56.0	55.0	17.2324
10/26/2017 21:22:15	54.0	53.0	18.7013
10/26/2017 21:22:26	53.0	51.0	18.4416
10/26/2017 21:22:37	51.0	50.0	15.8854
10/26/2017 21:22:48	51.0	50.0	16.6667
10/26/2017 21:22:59	50.0	49.0	19.8433
10/26/2017 21:23:10	50.0	49.0	17.2324
10/26/2017 21:23:22	49.0	48.0	18.6528
10/26/2017 21:23:33	49.0	48.0	17.2324
10/26/2017 21:23:44	49.0	48.0	18.7013
10/26/2017 21:23:55	49.0	48.0	19.0104
10/26/2017 21:24:06	48.0	47.0	15.3646
10/26/2017 21:24:17	48.0	48.0	17.9221
10/26/2017 21:24:28	48.0	46.0	16.9713
10/26/2017 21:24:39	48.0	48.0	16.188
10/26/2017 21:24:50	51.0	50.0	16.3212
10/26/2017 21:25:01	52.0	51.0	16.6234
10/26/2017 21:25:12	53.0	53.0	17.4935
10/26/2017 21:25:23	55.0	54.0	15.544
10/26/2017 21:25:34	55.0	55.0	18.3727
10/26/2017 21:25:45	57.0	55.0	17.3575
10/26/2017 21:25:56	55.0	54.0	18.8976
10/26/2017 21:26:07	53.0	53.0	17.7083
10/26/2017 21:26:18	52.0	51.0	16.6234
10/26/2017 21:26:29	51.0	51.0	17.8756
10/26/2017 21:26:40	50.0	50.0	15.748
10/26/2017 21:26:51	49.0	48.0	17.2324
10/26/2017 21:27:02	50.0	48.0	16.3636
10/26/2017 21:27:13	49.0	48.0	15.5844
10/26/2017 21:27:24	48.0	48.0	18.0628
10/26/2017 21:27:35	48.0	48.0	17.1429
10/26/2017 21:27:46	48.0	48.0	17.5258
10/26/2017 21:27:57	49.0	49.0	16.5354
10/26/2017 21:28:08	48.0	47.0	17.0984
10/26/2017 21:28:19	48.0	47.0	18.1347
10/26/2017 21:28:30	47.0	47.0	18.1102
10/26/2017 21:28:41	48.0	47.0	19.2208
10/26/2017 21:28:52	48.0	47.0	16.8831
10/26/2017 21:29:03	49.0	48.0	17.1504
10/26/2017 21:29:14	50.0	50.0	17.7546
10/26/2017 21:29:25	52.0	52.0	18.6352
10/26/2017 21:29:36	53.0	53.0	16.1039
10/26/2017 21:29:47	55.0	54.0	15.7068
10/26/2017 21:29:58	56.0	55.0	18.0157
10/26/2017 21:30:09	57.0	56.0	17.0157
10/26/2017 21:30:20	55.0	54.0	18.0628
10/26/2017 21:30:32	54.0	53.0	17.6623
10/26/2017 21:30:43	52.0	51.0	16.8831
10/26/2017 21:30:54	51.0	50.0	18.4416
10/26/2017 21:31:05	50.0	49.0	20
10/26/2017 21:31:16	49.0	48.0	17.3575
10/26/2017 21:31:27	49.0	48.0	17.1875
10/26/2017 21:31:38	49.0	48.0	19.3211
10/26/2017 21:31:49	49.0	48.0	18.9119
10/26/2017 21:32:00	49.0	48.0	17.5393
10/26/2017 21:32:11	48.0	48.0	16.1458
10/26/2017 21:32:22	48.0	48.0	16.1458
10/26/2017 21:32:33	48.0	48.0	17.9221
10/26/2017 21:32:44	48.0	47.0	18.8482
10/26/2017 21:32:55	48.0	48.0	18.2768
10/26/2017 21:33:06	47.0	47.0	21.5026
10/26/2017 21:33:17	48.0	48.0	17.9949
10/26/2017 21:33:28	49.0	48.0	19.5876
10/26/2017 21:33:39	49.0	48.0	18.8144
10/26/2017 21:33:50	49.0	48.0	19.3299
10/26/2017 21:34:01	49.0	48.0	17.5258
10/26/2017 21:34:12	50.0	49.0	18.7013
10/26/2017 21:34:23	50.0	50.0	20.7692
10/26/2017 21:34:34	51.0	50.0	18.299
10/26/2017 21:34:45	51.0	50.0	18.2051
10/26/2017 21:34:56	51.0	50.0	16.1039
10/26/2017 21:35:07	50.0	49.0	18.0879
10/26/2017 21:35:18	51.0	50.0	18.3463
10/26/2017 21:35:29	50.0	49.0	19.2208
10/26/2017 21:35:40	49.0	49.0	14.1711
10/26/2017 21:35:51	48.0	48.0	17.3228
10/26/2017 21:36:02	48.0	48.0	16.0207
10/26/2017 21:36:13	48.0	47.0	16.9713
10/26/2017 21:36:24	48.0	48.0	15.0649
10/26/2017 21:36:35	49.0	48.0	17.1429
10/26/2017 21:36:46	51.0	50.0	15.625
10/26/2017 21:36:57	52.0	51.0	15.4047
10/26/2017 21:37:08	54.0	53.0	15.3247
10/26/2017 21:37:19	55.0	53.0	15.9686
10/26/2017 21:37:30	56.0	55.0	15.8442
10/26/2017 21:37:41	57.0	56.0	16.3212
10/26/2017 21:37:52	56.0	56.0	16.4062
10/26/2017 21:38:03	55.0	53.0	17.2775
10/26/2017 21:38:14	53.0	52.0	17.1875
10/26/2017 21:38:25	51.0	50.0	18.2292
10/26/2017 21:38:37	51.0	50.0	17.7083
10/26/2017 21:38:48	50.0	49.0	16.4491
10/26/2017 21:38:59	48.0	48.0	18.1347
10/26/2017 21:39:10	49.0	48.0	20.1571
10/26/2017 21:39:21	48.0	48.0	18.75
10/26/2017 21:39:32	48.0	47.0	15.6658
10/26/2017 21:39:43	48.0	47.0	17.1429
10/26/2017 21:39:54	49.0	48.0	19.4805
10/26/2017 21:40:05	51.0	50.0	15.1042
10/26/2017 21:40:16	53.0	52.0	17.1875
10/26/2017 21:40:27	54.0	53.0	17.2324
10/26/2017 21:40:38	55.0	54.0	17.4026
10/26/2017 21:40:49	56.0	55.0	16.4921
10/26/2017 21:41:00	57.0	56.0	18.1818
10/26/2017 21:41:11	55.0	55.0	16.8831
10/26/2017 21:41:22	53.0	53.0	16.9271
10/26/2017 21:41:33	51.0	51.0	15.8854
10/26/2017 21:41:44	51.0	51.0	15.8031
10/26/2017 21:41:55	51.0	50.0	18.7013
10/26/2017 21:42:06	50.0	49.0	16.4921
10/26/2017 21:42:17	49.0	49.0	15.8031
10/26/2017 21:42:28	48.0	48.0	17.5393
10/26/2017 21:42:39	49.0	48.0	18.1347
10/26/2017 21:42:50	48.0	48.0	16.4921
10/26/2017 21:43:01	48.0	47.0	17.4026
10/26/2017 21:43:12	48.0	47.0	18.799
10/26/2017 21:43:23	49.0	48.0	15.625
10/26/2017 21:43:34	51.0	51.0	16.8831
10/26/2017 21:43:45	52.0	52.0	15.0259
10/26/2017 21:43:56	54.0	53.0	17.4479
10/26/2017 21:44:07	55.0	54.0	16.5803
10/26/2017 21:44:18	56.0	56.0	16.1039
10/26/2017 21:44:29	57.0	57.0	16.5803
10/26/2017 21:44:40	55.0	54.0	15.5844
10/26/2017 21:44:51	54.0	53.0	15.7623
10/26/2017 21:45:02	52.0	51.0	17.2775
10/26/2017 21:45:13	50.0	51.0	16.9713
10/26/2017 21:45:24	50.0	50.0	17.1875
10/26/2017 21:45:35	50.0	48.0	15.8442
10/26/2017 21:45:47	50.0	49.0	15.7623
10/26/2017 21:45:58	50.0	48.0	16.4491
10/26/2017 21:46:09	49.0	48.0	17.4479
10/26/2017 21:46:20	49.0	48.0	14.8052
10/26/2017 21:46:31	48.0	47.0	17.0984
10/26/2017 21:46:42	49.0	48.0	18.75
10/26/2017 21:46:53	49.0	47.0	17.5711
10/26/2017 21:47:04	49.0	47.0	15.9269
10/26/2017 21:47:15	48.0	47.0	18.6528
10/26/2017 21:47:26	48.0	47.0	16.6667
10/26/2017 21:47:37	49.0	48.0	17.1429
10/26/2017 21:47:48	51.0	50.0	17.9688
10/26/2017 21:47:59	52.0	52.0	19.2208
10/26/2017 21:48:10	54.0	53.0	16.8831
10/26/2017 21:48:21	55.0	54.0	16.5803
10/26/2017 21:48:32	57.0	55.0	16.7959
10/26/2017 21:48:43	57.0	56.0	17.8295
10/26/2017 21:48:54	55.0	54.0	25.4958
10/26/2017 21:49:05	54.0	54.0	16.4062
10/26/2017 21:49:16	51.0	51.0	16.4491
10/26/2017 21:49:27	51.0	51.0	16.6667
10/26/2017 21:49:38	50.0	49.0	16.1039
10/26/2017 21:49:49	50.0	48.0	17.4026
10/26/2017 21:50:00	49.0	48.0	16.3212
10/26/2017 21:50:11	49.0	48.0	15.3646
10/26/2017 21:50:22	49.0	48.0	17.7546
10/26/2017 21:50:33	48.0	48.0	19.8966
10/26/2017 21:50:44	50.0	50.0	19.6335
10/26/2017 21:50:55	50.0	49.0	18.799
10/26/2017 21:51:06	49.0	48.0	17.0984
10/26/2017 21:51:17	49.0	48.0	17.1429
10/26/2017 21:51:28	48.0	47.0	18.1818
10/26/2017 21:51:39	49.0	47.0	17.7546
10/26/2017 21:51:50	48.0	47.0	16.8831
10/26/2017 21:52:01	48.0	47.0	18.4896
10/26/2017 21:52:12	48.0	47.0	15.544
10/26/2017 21:52:23	48.0	47.0	18.8976
10/26/2017 21:52:34	48.0	47.0	18.1818
10/26/2017 21:52:45	48.0	47.0	17.7546
10/26/2017 21:52:56	49.0	49.0	16.1458
10/26/2017 21:53:07	51.0	51.0	16.6234
10/26/2017 21:53:19	53.0	52.0	16.3636
10/26/2017 21:53:30	55.0	54.0	19.4805
10/26/2017 21:53:41	55.0	55.0	16.4491
10/26/2017 21:53:52	57.0	56.0	16.4921
10/26/2017 21:54:03	55.0	54.0	16.9713
10/26/2017 21:54:14	54.0	53.0	16.4921
10/26/2017 21:54:25	51.0	51.0	16.7959
10/26/2017 21:54:36	51.0	51.0	16.5803
10/26/2017 21:54:47	50.0	50.0	17.8295
10/26/2017 21:54:58	50.0	49.0	16.9271
10/26/2017 21:55:09	49.0	48.0	16.0622
10/26/2017 21:55:20	49.0	48.0	17.9221
10/26/2017 21:55:31	49.0	47.0	18.7013
10/26/2017 21:55:42	49.0	47.0	18.1818
10/26/2017 21:55:53	48.0	47.0	16.6667
10/26/2017 21:56:04	48.0	47.0	18.4416
10/26/2017 21:56:15	48.0	47.0	16.3212
10/26/2017 21:56:26	48.0	47.0	17.1875
10/26/2017 21:56:37	48.0	47.0	18.6528
10/26/2017 21:56:48	50.0	49.0	16.5375
10/26/2017 21:56:59	52.0	51.0	19.4301
10/26/2017 21:57:10	53.0	53.0	16.8394
10/26/2017 21:57:21	55.0	54.0	16.2304
10/26/2017 21:57:32	57.0	55.0	16.6667
10/26/2017 21:57:43	57.0	56.0	18.0879
10/26/2017 21:57:54	56.0	56.0	17.7083
10/26/2017 21:58:05	53.0	52.0	14.8825
10/26/2017 21:58:16	51.0	51.0	18.4416
10/26/2017 21:58:27	51.0	50.0	17.7083
10/26/2017 21:58:38	50.0	49.0	18.863
10/26/2017 21:58:49	51.0	50.0	18.1347
10/26/2017 21:59:00	50.0	48.0	16.7102
10/26/2017 21:59:11	48.0	48.0	17.0984
10/26/2017 21:59:22	49.0	47.0	19.3299
10/26/2017 21:59:33	48.0	48.0	17.0103
10/26/2017 21:59:44	49.0	48.0	17.1429
10/26/2017 21:59:55	49.0	48.0	17.1429
10/26/2017 22:00:06	49.0	48.0	19.4805
10/26/2017 22:00:17	48.0	47.0	18.2768
10/26/2017 22:00:28	48.0	47.0	16.5803
10/26/2017 22:00:39	49.0	48.0	18.5379
10/26/2017 22:00:50	48.0	48.0	17.1875
10/26/2017 22:01:02	48.0	48.0	19.0104
10/26/2017 22:01:13	50.0	50.0	16.5375
10/26/2017 22:01:24	52.0	51.0	16.7095
10/26/2017 22:01:35	53.0	53.0	16.7959
10/26/2017 22:01:46	54.0	54.0	17.1875
10/26/2017 22:01:57	56.0	55.0	16.9271
10/26/2017 22:02:08	57.0	56.0	17.4026
10/26/2017 22:02:19	56.0	56.0	16.3636
10/26/2017 22:02:30	54.0	53.0	17.4479
10/26/2017 22:02:41	52.0	52.0	17.8295
10/26/2017 22:02:52	51.0	51.0	16.9666
10/26/2017 22:03:03	50.0	50.0	19.7917
10/26/2017 22:03:14	50.0	50.0	21.7277
10/26/2017 22:03:25	51.0	50.0	16.6667
10/26/2017 22:03:36	50.0	49.0	16.5803
10/26/2017 22:03:47	50.0	48.0	17.7546
10/26/2017 22:03:58	50.0	48.0	17.8756
10/26/2017 22:04:09	49.0	48.0	17.8295
10/26/2017 22:04:20	49.0	47.0	16.9231
10/26/2017 22:04:31	48.0	47.0	18.6528
10/26/2017 22:04:42	49.0	47.0	17.4026
10/26/2017 22:04:53	49.0	47.0	19.0104
10/26/2017 22:05:04	48.0	47.0	14.7668
10/26/2017 22:05:15	49.0	47.0	19.4872
10/26/2017 22:05:26	49.0	48.0	18.961
10/26/2017 22:05:37	48.0	47.0	20.4663
10/26/2017 22:05:48	49.0	48.0	16.5375
10/26/2017 22:05:59	48.0	47.0	17.3575
10/26/2017 22:06:10	49.0	48.0	17.8295
10/26/2017 22:06:21	48.0	47.0	18.9119
10/26/2017 22:06:32	49.0	48.0	19.1214
10/26/2017 22:06:43	48.0	48.0	18.3938
10/26/2017 22:06:54	48.0	48.0	18.1818
10/26/2017 22:07:05	48.0	48.0	17.6623
10/26/2017 22:07:16	48.0	47.0	18.4896
10/26/2017 22:07:27	49.0	49.0	17.2237
10/26/2017 22:07:38	51.0	51.0	16.3212
10/26/2017 22:07:49	53.0	52.0	21.6146
10/26/2017 22:08:00	54.0	54.0	17.1795
10/26/2017 22:08:11	55.0	54.0	18.7179
10/26/2017 22:08:22	56.0	56.0	18.3463
10/26/2017 22:08:34	56.0	57.0	16.5375
10/26/2017 22:08:45	55.0	54.0	18.509
10/26/2017 22:08:56	53.0	53.0	19.3299
10/26/2017 22:09:07	52.0	51.0	17.268
10/26/2017 22:09:18	51.0	51.0	19.5373
10/26/2017 22:09:29	50.0	50.0	19.6382
10/26/2017 22:09:40	50.0	50.0	18.3673
10/26/2017 22:09:51	50.0	49.0	18.509
10/26/2017 22:10:02	50.0	49.0	19.1327
10/26/2017 22:10:13	49.0	48.0	19.0231
10/26/2017 22:10:24	49.0	48.0	18.509
10/26/2017 22:10:35	49.0	48.0	17.1355
10/26/2017 22:10:46	49.0	48.0	18.7661
10/26/2017 22:10:57	48.0	48.0	17.1355
10/26/2017 22:11:08	48.0	48.0	15.8974
10/26/2017 22:11:19	48.0	48.0	16.7095
10/26/2017 22:11:30	48.0	48.0	20.5656
10/26/2017 22:11:41	49.0	48.0	17.3469
10/26/2017 22:11:52	48.0	48.0	19.1816
10/26/2017 22:12:03	49.0	48.0	19.4444
10/26/2017 22:12:14	51.0	49.0	21.1587
10/26/2017 22:12:25	51.0	50.0	19.0355
10/26/2017 22:12:36	50.0	49.0	19.2405
10/26/2017 22:12:47	50.0	50.0	20.1005
10/26/2017 22:12:58	52.0	50.0	21.4646
10/26/2017 22:13:09	51.0	50.0	19.2893
10/26/2017 22:13:20	50.0	50.0	28.9744
10/26/2017 22:13:31	53.0	50.0	20.155
10/26/2017 22:13:42	48.0	48.0	19.697
10/26/2017 22:13:53	49.0	48.0	21.4106
10/26/2017 22:14:04	49.0	48.0	21.7172
10/26/2017 22:14:15	48.0	48.0	20.1511
10/26/2017 22:14:26	49.0	48.0	21.4646
10/26/2017 22:14:37	49.0	48.0	21.3198
10/26/2017 22:14:48	48.0	47.0	21.4464
10/26/2017 22:14:59	48.0	47.0	22.0812
10/26/2017 22:15:10	48.0	47.0	19.5062
10/26/2017 22:15:21	48.0	47.0	21.066
10/26/2017 22:15:32	48.0	47.0	21.5159
10/26/2017 22:15:43	49.0	47.0	22.3325
10/26/2017 22:15:54	50.0	49.0	20.8333
10/26/2017 22:16:05	51.0	51.0	19.8044
10/26/2017 22:16:16	53.0	52.0	22.4691
10/26/2017 22:16:27	55.0	53.0	21.2195
10/26/2017 22:16:39	55.0	56.0	21.3592
10/26/2017 22:16:50	57.0	56.0	22.4939
10/26/2017 22:17:01	55.0	54.0	22.6368
10/26/2017 22:17:12	53.0	52.0	23.3173
10/26/2017 22:17:23	52.0	52.0	21.5159
10/26/2017 22:17:34	51.0	51.0	22.549
10/26/2017 22:17:45	50.0	49.0	20.7824
10/26/2017 22:17:56	49.0	49.0	22.871
10/26/2017 22:18:07	49.0	49.0	23.2274
10/26/2017 22:18:18	49.0	48.0	21.0396
10/26/2017 22:18:29	48.0	48.0	20.9756
10/26/2017 22:18:40	49.0	48.0	22.113
10/26/2017 22:18:51	48.0	48.0	24.2647
10/26/2017 22:19:02	48.0	47.0	23.1707
10/26/2017 22:19:13	48.0	47.0	24.1463
10/26/2017 22:19:24	48.0	47.0	23.7981
10/26/2017 22:19:35	49.0	47.0	24.4552
10/26/2017 22:19:46	48.0	48.0	23.5577
10/26/2017 22:19:57	48.0	47.0	22.8365
10/26/2017 22:20:08	48.0	47.0	25.3623
10/26/2017 22:20:19	48.0	46.0	24.3902
10/26/2017 22:20:30	49.0	48.0	23.9609
10/26/2017 22:20:41	48.0	47.0	24.228
10/26/2017 22:20:52	48.0	47.0	23.7981
10/26/2017 22:21:03	49.0	48.0	22.4096
10/26/2017 22:21:14	51.0	51.0	23.3173
10/26/2017 22:21:25	52.0	51.0	22.3558
10/26/2017 22:21:36	54.0	53.0	24.7619
10/26/2017 22:21:47	56.0	54.0	24.5192
10/26/2017 22:21:58	57.0	55.0	24.4552
10/26/2017 22:22:09	57.0	55.0	24.5192
10/26/2017 22:22:20	54.0	54.0	25.1196
10/26/2017 22:22:31	52.0	51.0	24.0964
10/26/2017 22:22:42	51.0	50.0	22.0624
10/26/2017 22:22:53	51.0	49.0	23.1678
10/26/2017 22:23:04	50.0	49.0	24.5283
10/26/2017 22:23:15	50.0	49.0	25.7075
10/26/2017 22:23:26	50.0	48.0	24.2353
10/26/2017 22:23:37	49.0	48.0	25.8216
10/26/2017 22:23:48	49.0	48.0	26.1283
10/26/2017 22:23:59	50.0	49.0	22.2488
10/26/2017 22:24:11	49.0	48.0	24.4656
10/26/2017 22:24:22	49.0	47.0	26.1283
10/26/2017 22:24:33	48.0	48.0	26.1283
10/26/2017 22:24:44	49.0	48.0	26.0047
10/26/2017 22:24:55	51.0	50.0	25.4808
10/26/2017 22:25:06	51.0	49.0	24.2788
10/26/2017 22:25:17	50.0	49.0	22.8916
10/26/2017 22:25:28	50.0	49.0	23.6842
10/26/2017 22:25:39	51.0	51.0	26.969
10/26/2017 22:25:50	51.0	51.0	24.105
10/26/2017 22:26:01	50.0	50.0	27.3585
10/26/2017 22:26:12	50.0	50.0	23.3735
10/26/2017 22:26:23	51.0	50.0	24.6411
10/26/2017 22:26:34	51.0	50.0	24.2788
10/26/2017 22:26:45	51.0	50.0	22.2222
10/26/2017 22:26:56	51.0	50.0	25
10/26/2017 22:27:07	51.0	50.0	25.4808
10/26/2017 22:27:18	50.0	50.0	24.105
10/26/2017 22:27:29	51.0	51.0	23.6842
10/26/2017 22:27:40	51.0	50.0	24.8193
10/26/2017 22:27:51	51.0	50.0	23.7864
10/26/2017 22:28:02	52.0	50.0	26.4286
10/26/2017 22:28:13	50.0	49.0	22.7053
10/26/2017 22:28:24	51.0	50.0	24.1463
10/26/2017 22:28:35	51.0	50.0	24.3309
10/26/2017 22:28:46	51.0	50.0	25.1208
10/26/2017 22:28:57	51.0	50.0	25.3041
10/26/2017 22:29:08	51.0	49.0	22.4138
10/26/2017 22:29:19	50.0	50.0	22.5564
10/26/2017 22:29:30	51.0	50.0	24.5742
10/26/2017 22:29:41	50.0	49.0	24.2647
10/26/2017 22:29:52	50.0	49.0	23.399
10/26/2017 22:30:03	51.0	50.0	21.5347
10/26/2017 22:30:14	51.0	51.0	22.963
10/26/2017 22:30:25	51.0	50.0	20.398
10/26/2017 22:30:36	49.0	48.0	18.797
10/26/2017 22:30:47	48.0	47.0	18.593
10/26/2017 22:30:58	48.0	47.0	18.6398
10/26/2017 22:31:09	48.0	47.0	17.6768
10/26/2017 22:31:20	49.0	49.0	19.2593
10/26/2017 22:31:31	51.0	50.0	17.8218
10/26/2017 22:31:42	52.0	52.0	17.3804
10/26/2017 22:31:53	53.0	53.0	20.197
10/26/2017 22:32:04	55.0	54.0	24.8157
10/26/2017 22:32:15	58.0	57.0	22.2222
10/26/2017 22:32:26	57.0	56.0	19.2118
10/26/2017 22:32:37	57.0	54.0	26.1614
10/26/2017 22:32:48	54.0	53.0	23.8916
10/26/2017 22:32:59	53.0	53.0	21.6216
10/26/2017 22:33:10	52.0	51.0	24.7573
10/26/2017 22:33:21	51.0	51.0	21.9753
10/26/2017 22:33:33	52.0	51.0	26.4563
10/26/2017 22:33:44	51.0	51.0	23.1144
10/26/2017 22:33:55	51.0	51.0	22.8155
10/26/2017 22:34:06	51.0	50.0	25.4237
10/26/2017 22:34:17	51.0	51.0	23.6585
10/26/2017 22:34:28	51.0	50.0	25.1799
10/26/2017 22:34:39	51.0	50.0	26.4423
10/26/2017 22:34:50	51.0	50.0	23.2274
10/26/2017 22:35:01	51.0	50.0	23.6585
10/26/2017 22:35:12	51.0	50.0	24.5783
10/26/2017 22:35:23	50.0	50.0	22.3844
10/26/2017 22:35:34	50.0	50.0	23.1707
10/26/2017 22:35:45	50.0	50.0	23.1707
10/26/2017 22:35:56	51.0	51.0	21.7604
10/26/2017 22:36:07	51.0	51.0	26.0976
10/26/2017 22:36:18	50.0	50.0	24.6341
10/26/2017 22:36:29	51.0	51.0	23.7745
10/26/2017 22:36:40	52.0	50.0	24.5098
10/26/2017 22:36:51	51.0	50.0	13.9842
10/26/2017 22:37:02	48.0	48.0	12.8609
10/26/2017 22:37:13	48.0	48.0	14.0584
10/26/2017 22:37:24	48.0	47.0	14.0212
10/26/2017 22:37:35	49.0	49.0	19.2405
10/26/2017 22:37:46	53.0	53.0	19.084
10/26/2017 22:37:57	56.0	55.0	18.3673
10/26/2017 22:38:08	58.0	56.0	20.8651
10/26/2017 22:38:19	57.0	56.0	20.7254
10/26/2017 22:38:30	55.0	53.0	18.6528
10/26/2017 22:38:41	54.0	53.0	17.0543
10/26/2017 22:38:52	54.0	52.0	18.8144
10/26/2017 22:39:03	53.0	52.0	18.299
10/26/2017 22:39:14	54.0	52.0	19.171
10/26/2017 22:39:25	52.0	51.0	18.5567
10/26/2017 22:39:36	52.0	51.0	22.3958
10/26/2017 22:39:47	52.0	50.0	18.9119
10/26/2017 22:39:58	52.0	51.0	18.0879
10/26/2017 22:40:09	52.0	51.0	17.4026
10/26/2017 22:40:20	51.0	51.0	19.2708
10/26/2017 22:40:31	51.0	51.0	21.4099
10/26/2017 22:40:42	51.0	50.0	18.1818
10/26/2017 22:40:53	51.0	50.0	17.3127
10/26/2017 22:41:04	51.0	50.0	18.3938
10/26/2017 22:41:15	51.0	50.0	19.7943
10/26/2017 22:41:26	51.0	50.0	18.0412
10/26/2017 22:41:37	51.0	50.0	16.1039
10/26/2017 22:41:48	51.0	50.0	18.6047
10/26/2017 22:41:59	50.0	50.0	17.8295
10/26/2017 22:42:10	51.0	50.0	19.171
10/26/2017 22:42:21	51.0	49.0	17.0984
10/26/2017 22:42:32	50.0	50.0	18.7013
10/26/2017 22:42:43	51.0	50.0	14.3236
10/26/2017 22:42:54	49.0	47.0	13.4921
10/26/2017 22:43:05	48.0	47.0	11.8734
10/26/2017 22:43:17	49.0	47.0	14.6982
10/26/2017 22:43:28	50.0	49.0	14.0584
10/26/2017 22:43:39	52.0	51.0	12.6316
10/26/2017 22:43:50	53.0	52.0	11.9048
10/26/2017 22:44:01	54.0	53.0	12.1053
10/26/2017 22:44:12	55.0	54.0	13.1234
10/26/2017 22:44:23	55.0	55.0	12.4011
10/26/2017 22:44:34	56.0	55.0	11.8734
10/26/2017 22:44:45	54.0	54.0	13.624
10/26/2017 22:44:56	52.0	51.0	6.66667
