10/07/2017 16:23:49	31.0	31.0	1.04987
10/07/2017 16:24:00	29.0	30.0	0.505051
10/07/2017 16:24:10	29.0	29.0	0.506329
10/07/2017 16:24:21	30.0	30.0	0.252525
10/07/2017 16:24:32	30.0	30.0	0.503778
10/07/2017 16:24:43	31.0	30.0	0.757576
10/07/2017 16:24:54	31.0	31.0	2.02532
10/07/2017 16:25:05	31.0	31.0	0.252525
10/07/2017 16:25:16	31.0	32.0	0.505051
10/07/2017 16:25:27	31.0	32.0	0.252525
10/07/2017 16:25:38	31.0	32.0	1.01266
10/07/2017 16:25:49	32.0	33.0	0.503778
10/07/2017 16:26:00	32.0	32.0	1.0101
10/07/2017 16:26:12	32.0	32.0	0.253165
10/07/2017 16:26:23	32.0	33.0	0.505051
10/07/2017 16:26:34	33.0	34.0	0.251889
10/07/2017 16:26:45	33.0	33.0	0.505051
10/07/2017 16:26:56	34.0	34.0	0.503778
10/07/2017 16:27:07	34.0	34.0	0.503778
10/07/2017 16:27:18	34.0	34.0	0.505051
10/07/2017 16:27:29	34.0	34.0	0.505051
10/07/2017 16:27:40	34.0	34.0	0.502513
10/07/2017 16:27:51	35.0	35.0	0.503778
10/07/2017 16:28:02	35.0	34.0	0.252525
10/07/2017 16:28:13	35.0	35.0	0.253165
10/07/2017 16:28:24	34.0	35.0	0.503778
10/07/2017 16:28:35	35.0	35.0	4.10256
10/07/2017 16:28:46	37.0	36.0	0.503778
10/07/2017 16:28:57	36.0	35.0	0.505051
10/07/2017 16:29:08	35.0	36.0	0.503778
10/07/2017 16:29:19	36.0	36.0	0.505051
10/07/2017 16:29:30	36.0	37.0	0.503778
10/07/2017 16:29:41	36.0	37.0	0.503778
10/07/2017 16:29:52	35.0	36.0	0.505051
10/07/2017 16:30:03	36.0	36.0	0.503778
10/07/2017 16:30:14	36.0	36.0	0.505051
10/07/2017 16:30:25	37.0	36.0	0.252525
10/07/2017 16:30:36	36.0	37.0	0.505051
10/07/2017 16:30:47	36.0	37.0	0.505051
10/07/2017 16:30:58	36.0	37.0	0.505051
10/07/2017 16:31:09	36.0	36.0	0.503778
10/07/2017 16:31:20	37.0	37.0	0.503778
10/07/2017 16:31:31	37.0	38.0	0.755668
10/07/2017 16:31:42	37.0	37.0	0.753769
10/07/2017 16:31:53	37.0	37.0	0.503778
10/07/2017 16:32:04	37.0	37.0	0.755668
10/07/2017 16:32:15	37.0	37.0	0.503778
10/07/2017 16:32:26	38.0	38.0	0.505051
10/07/2017 16:32:38	38.0	37.0	0.503778
10/07/2017 16:32:49	37.0	37.0	0.755668
10/07/2017 16:33:00	38.0	37.0	0.505051
10/07/2017 16:33:11	37.0	37.0	0.503778
10/07/2017 16:33:22	38.0	38.0	0.503778
10/07/2017 16:33:33	37.0	38.0	0.505051
10/07/2017 16:33:44	37.0	37.0	0.505051
10/07/2017 16:33:55	38.0	38.0	0.253165
10/07/2017 16:34:06	37.0	38.0	0.503778
10/07/2017 16:34:17	38.0	38.0	0.503778
10/07/2017 16:34:28	39.0	38.0	0.503778
10/07/2017 16:34:39	38.0	38.0	0.251889
10/07/2017 16:34:50	38.0	38.0	0.503778
10/07/2017 16:35:01	39.0	38.0	0.503778
10/07/2017 16:35:12	38.0	38.0	0.503778
10/07/2017 16:35:23	39.0	39.0	0.251889
10/07/2017 16:35:34	39.0	39.0	0.503778
10/07/2017 16:35:45	39.0	38.0	0.503778
10/07/2017 16:35:56	39.0	39.0	0.505051
10/07/2017 16:36:07	39.0	39.0	0.503778
10/07/2017 16:36:18	39.0	39.0	0.503778
10/07/2017 16:36:29	39.0	39.0	0.503778
10/07/2017 16:36:40	39.0	39.0	0.503778
10/07/2017 16:36:51	39.0	39.0	0.503778
10/07/2017 16:37:02	39.0	39.0	0.505051
10/07/2017 16:37:13	39.0	39.0	0.503778
10/07/2017 16:37:24	39.0	39.0	0.503778
10/07/2017 16:37:35	40.0	40.0	0.503778
10/07/2017 16:37:46	39.0	40.0	0.755668
10/07/2017 16:37:57	40.0	39.0	0.503778
10/07/2017 16:38:08	40.0	40.0	0.503778
10/07/2017 16:38:19	40.0	40.0	0.505051
10/07/2017 16:38:30	39.0	39.0	0.505051
10/07/2017 16:38:41	41.0	40.0	0
10/07/2017 16:38:53	39.0	39.0	0.252525
10/07/2017 16:39:04	40.0	40.0	0.755668
10/07/2017 16:39:15	40.0	39.0	0.502513
10/07/2017 16:39:26	40.0	40.0	0.253165
10/07/2017 16:39:37	40.0	40.0	0.505051
10/07/2017 16:39:48	41.0	40.0	0.755668
10/07/2017 16:39:59	40.0	40.0	0.502513
10/07/2017 16:40:10	40.0	40.0	0.503778
10/07/2017 16:40:21	42.0	40.0	0.503778
10/07/2017 16:40:32	40.0	41.0	0.505051
10/07/2017 16:40:43	40.0	40.0	0.503778
10/07/2017 16:40:54	40.0	39.0	0.503778
10/07/2017 16:41:05	40.0	40.0	67.2794
10/07/2017 16:41:18	45.0	43.0	16.2722
10/07/2017 16:41:30	42.0	42.0	15.2455
10/07/2017 16:41:41	43.0	43.0	15.3646
10/07/2017 16:41:52	43.0	43.0	14.3979
10/07/2017 16:42:03	44.0	45.0	14.8825
10/07/2017 16:42:14	45.0	45.0	17.6768
10/07/2017 16:42:25	45.0	45.0	14.3979
10/07/2017 16:42:36	46.0	45.0	22.2615
10/07/2017 16:42:47	47.0	47.0	19.0635
10/07/2017 16:42:59	47.0	46.0	13.4831
10/07/2017 16:43:10	48.0	47.0	14.4737
10/07/2017 16:43:21	48.0	48.0	16.3265
10/07/2017 16:43:33	49.0	48.0	16.7095
10/07/2017 16:43:44	49.0	50.0	16.624
10/07/2017 16:43:55	49.0	50.0	18.5676
10/07/2017 16:44:06	52.0	51.0	17.9221
10/07/2017 16:44:17	51.0	51.0	17.8756
10/07/2017 16:44:28	52.0	51.0	17.4935
10/07/2017 16:44:39	52.0	53.0	20.0521
10/07/2017 16:44:50	53.0	53.0	19.9475
10/07/2017 16:45:01	53.0	54.0	13.5417
10/07/2017 16:45:12	54.0	53.0	13.0208
10/07/2017 16:45:23	54.0	53.0	12.336
10/07/2017 16:45:34	54.0	53.0	13.4715
10/07/2017 16:45:45	54.0	54.0	13.089
10/07/2017 16:45:56	54.0	54.0	11.8421
10/07/2017 16:46:07	55.0	54.0	14.0992
10/07/2017 16:46:18	55.0	54.0	13.3508
10/07/2017 16:46:29	55.0	55.0	13.8381
10/07/2017 16:46:40	55.0	55.0	14.1753
10/07/2017 16:46:51	56.0	55.0	12.7273
10/07/2017 16:47:02	56.0	55.0	13.8381
10/07/2017 16:47:13	56.0	55.0	12.7604
10/07/2017 16:47:24	57.0	56.0	12.9534
10/07/2017 16:47:35	56.0	56.0	12.3684
10/07/2017 16:47:46	57.0	56.0	12.3684
10/07/2017 16:47:57	57.0	57.0	19.4737
10/07/2017 16:48:08	54.0	54.0	19.4737
10/07/2017 16:48:19	53.0	53.0	17.8295
10/07/2017 16:48:30	51.0	50.0	20.5195
10/07/2017 16:48:41	50.0	50.0	18.2292
10/07/2017 16:48:52	49.0	49.0	17.4479
10/07/2017 16:49:03	48.0	48.0	22.9111
10/07/2017 16:49:15	47.0	47.0	31.7857
10/07/2017 16:49:26	51.0	51.0	16.273
10/07/2017 16:49:37	50.0	51.0	13.8028
10/07/2017 16:49:48	51.0	51.0	18.6842
10/07/2017 16:49:59	52.0	53.0	13.3508
10/07/2017 16:50:10	54.0	54.0	19.4805
10/07/2017 16:50:21	54.0	55.0	16.9713
10/07/2017 16:50:32	56.0	56.0	18.75
10/07/2017 16:50:43	57.0	57.0	19.3717
10/07/2017 16:50:54	56.0	56.0	13.2812
10/07/2017 16:51:05	54.0	53.0	14.3979
10/07/2017 16:51:16	51.0	51.0	14.8052
10/07/2017 16:51:27	50.0	50.0	14.4737
10/07/2017 16:51:38	49.0	49.0	14.3979
10/07/2017 16:51:49	48.0	48.0	14.3236
10/07/2017 16:52:00	48.0	46.0	14.8438
10/07/2017 16:52:11	49.0	48.0	13.2979
10/07/2017 16:52:22	50.0	50.0	13.577
10/07/2017 16:52:33	51.0	51.0	13.1926
10/07/2017 16:52:44	52.0	53.0	14.5455
10/07/2017 16:52:55	53.0	53.0	11.8734
10/07/2017 16:53:06	54.0	54.0	15.1042
10/07/2017 16:53:17	55.0	55.0	12.3684
10/07/2017 16:53:28	55.0	55.0	13.9896
10/07/2017 16:53:40	56.0	56.0	15.0649
10/07/2017 16:53:51	56.0	56.0	13.0208
10/07/2017 16:54:02	57.0	56.0	14.0625
10/07/2017 16:54:13	54.0	54.0	14.2487
10/07/2017 16:54:24	52.0	52.0	12.7604
10/07/2017 16:54:35	51.0	51.0	14.4737
10/07/2017 16:54:46	49.0	50.0	14.6597
10/07/2017 16:54:57	48.0	48.0	14.6597
10/07/2017 16:55:08	48.0	48.0	13.9474
10/07/2017 16:55:19	47.0	47.0	15.3646
10/07/2017 16:55:30	48.0	48.0	14.6597
10/07/2017 16:55:41	49.0	49.0	17.4684
10/07/2017 16:55:52	51.0	51.0	13.8381
10/07/2017 16:56:03	52.0	52.0	12.1053
10/07/2017 16:56:14	53.0	54.0	13.8021
10/07/2017 16:56:25	54.0	54.0	13.6126
10/07/2017 16:56:36	55.0	54.0	13.089
10/07/2017 16:56:47	55.0	55.0	13.2468
10/07/2017 16:56:58	56.0	55.0	12.6615
10/07/2017 16:57:09	57.0	56.0	13.0548
10/07/2017 16:57:20	56.0	56.0	13.4367
10/07/2017 16:57:31	53.0	53.0	14.8438
10/07/2017 16:57:42	52.0	51.0	14.1732
10/07/2017 16:57:53	50.0	51.0	14.4357
10/07/2017 16:58:04	49.0	49.0	13.2979
10/07/2017 16:58:15	49.0	49.0	14.7368
10/07/2017 16:58:26	48.0	48.0	14.248
10/07/2017 16:58:37	47.0	47.0	15.1436
10/07/2017 16:58:49	49.0	50.0	13.9108
10/07/2017 16:59:00	50.0	51.0	14.4357
10/07/2017 16:59:11	52.0	51.0	13.4715
10/07/2017 16:59:22	53.0	53.0	12.336
10/07/2017 16:59:33	54.0	54.0	12.5984
10/07/2017 16:59:44	54.0	55.0	11.7801
10/07/2017 16:59:55	55.0	55.0	15.4822
10/07/2017 17:00:06	56.0	56.0	12.3037
10/07/2017 17:00:17	56.0	56.0	14.8338
10/07/2017 17:00:28	54.0	54.0	13.4565
10/07/2017 17:00:39	51.0	52.0	12.8947
10/07/2017 17:00:50	51.0	51.0	13.6126
10/07/2017 17:01:01	49.0	50.0	15.1832
10/07/2017 17:01:12	48.0	48.0	14.0992
10/07/2017 17:01:23	48.0	48.0	13.7566
10/07/2017 17:01:34	47.0	48.0	14.0212
10/07/2017 17:01:45	48.0	48.0	14.248
10/07/2017 17:01:56	49.0	50.0	13.1926
10/07/2017 17:02:07	50.0	51.0	17.0103
10/07/2017 17:02:18	52.0	52.0	12.7604
10/07/2017 17:02:29	53.0	53.0	12.5654
10/07/2017 17:02:40	54.0	54.0	12.3037
10/07/2017 17:02:51	55.0	54.0	12.8272
10/07/2017 17:03:02	55.0	55.0	12.336
10/07/2017 17:03:13	56.0	56.0	11.8421
10/07/2017 17:03:24	57.0	55.0	12.5984
10/07/2017 17:03:35	54.0	53.0	12.963
10/07/2017 17:03:46	51.0	51.0	13.1579
10/07/2017 17:03:57	51.0	50.0	13.4211
10/07/2017 17:04:09	49.0	49.0	14.2857
10/07/2017 17:04:20	49.0	48.0	13.5279
10/07/2017 17:04:31	48.0	48.0	18.8442
10/07/2017 17:04:42	48.0	47.0	13.9108
10/07/2017 17:04:53	47.0	47.0	14.1732
10/07/2017 17:05:04	48.0	47.0	14.1361
10/07/2017 17:05:15	50.0	50.0	14.3979
10/07/2017 17:05:26	51.0	50.0	12.4011
10/07/2017 17:05:37	52.0	52.0	12.336
10/07/2017 17:05:48	53.0	53.0	13.3159
10/07/2017 17:05:59	55.0	54.0	13.1783
10/07/2017 17:06:10	55.0	55.0	12.5984
10/07/2017 17:06:21	55.0	56.0	11.5789
10/07/2017 17:06:32	56.0	56.0	12.2715
10/07/2017 17:06:43	57.0	56.0	11.8421
10/07/2017 17:06:54	54.0	54.0	12.0419
10/07/2017 17:07:05	52.0	52.0	12.336
10/07/2017 17:07:16	51.0	51.0	14.248
10/07/2017 17:07:27	49.0	49.0	13.2626
10/07/2017 17:07:38	48.0	48.0	14.2857
10/07/2017 17:07:49	48.0	48.0	13.9474
10/07/2017 17:08:00	47.0	48.0	15.2632
10/07/2017 17:08:11	47.0	47.0	13.2275
10/07/2017 17:08:22	48.0	48.0	14.1732
10/07/2017 17:08:33	50.0	49.0	12.8947
10/07/2017 17:08:44	51.0	51.0	12.8947
10/07/2017 17:08:55	52.0	51.0	12.1053
10/07/2017 17:09:07	54.0	53.0	11.9363
10/07/2017 17:09:18	54.0	54.0	12.8947
10/07/2017 17:09:29	55.0	55.0	12.2396
10/07/2017 17:09:40	55.0	56.0	12.2715
10/07/2017 17:09:51	57.0	56.0	11.9048
10/07/2017 17:10:02	54.0	54.0	13.4715
10/07/2017 17:10:13	53.0	52.0	13.1234
10/07/2017 17:10:24	51.0	50.0	16.624
10/07/2017 17:10:35	50.0	50.0	16.5816
10/07/2017 17:10:46	49.0	48.0	16.4948
10/07/2017 17:10:57	49.0	48.0	18.2957
10/07/2017 17:11:08	48.0	47.0	14.0212
10/07/2017 17:11:19	47.0	47.0	13.1926
10/07/2017 17:11:30	47.0	47.0	18.75
10/07/2017 17:11:41	48.0	48.0	12.5984
10/07/2017 17:11:52	50.0	50.0	13.9535
10/07/2017 17:12:03	51.0	51.0	12.6649
10/07/2017 17:12:14	52.0	52.0	11.7801
10/07/2017 17:12:25	53.0	53.0	12.3037
10/07/2017 17:12:36	54.0	54.0	12.7604
10/07/2017 17:12:47	55.0	55.0	15.869
10/07/2017 17:12:58	56.0	55.0	17.3267
10/07/2017 17:13:09	57.0	56.0	18.2266
10/07/2017 17:13:20	55.0	54.0	15.2672
10/07/2017 17:13:31	53.0	53.0	13.1579
10/07/2017 17:13:42	51.0	51.0	12.6649
10/07/2017 17:13:53	50.0	50.0	13.4921
10/07/2017 17:14:04	49.0	49.0	13.0319
10/07/2017 17:14:16	49.0	48.0	13.4211
10/07/2017 17:14:27	48.0	48.0	20.8738
10/07/2017 17:14:38	47.0	47.0	13.3858
10/07/2017 17:14:49	48.0	47.0	13.8381
10/07/2017 17:15:00	50.0	50.0	13.7203
10/07/2017 17:15:11	51.0	51.0	12.5654
10/07/2017 17:15:22	52.0	53.0	12.0735
10/07/2017 17:15:33	54.0	53.0	13.0208
10/07/2017 17:15:44	54.0	54.0	11.811
10/07/2017 17:15:55	55.0	54.0	12.5326
10/07/2017 17:16:06	57.0	56.0	12.2396
10/07/2017 17:16:17	56.0	55.0	12.8609
10/07/2017 17:16:28	53.0	53.0	11.5789
10/07/2017 17:16:39	51.0	51.0	14.8438
10/07/2017 17:16:50	50.0	50.0	13.4565
10/07/2017 17:17:01	50.0	48.0	13.9842
10/07/2017 17:17:12	49.0	48.0	13.577
10/07/2017 17:17:23	48.0	47.0	13.4921
10/07/2017 17:17:34	48.0	47.0	13.9108
10/07/2017 17:17:45	48.0	47.0	14.1732
10/07/2017 17:17:56	49.0	48.0	14.6214
10/07/2017 17:18:07	50.0	50.0	13.4211
10/07/2017 17:18:18	51.0	51.0	18.0693
10/07/2017 17:18:29	53.0	52.0	12.2715
10/07/2017 17:18:40	53.0	53.0	13.3159
10/07/2017 17:18:51	55.0	54.0	12.336
10/07/2017 17:19:02	55.0	55.0	13.6126
10/07/2017 17:19:14	56.0	55.0	11.2861
10/07/2017 17:19:25	56.0	56.0	12.5984
10/07/2017 17:19:36	55.0	54.0	12.5654
10/07/2017 17:19:47	53.0	53.0	12.1053
10/07/2017 17:19:58	51.0	51.0	13.3858
10/07/2017 17:20:09	50.0	49.0	13.9842
10/07/2017 17:20:20	49.0	48.0	13.8381
10/07/2017 17:20:31	49.0	48.0	13.7203
10/07/2017 17:20:42	48.0	47.0	13.8743
10/07/2017 17:20:53	47.0	47.0	13.4565
10/07/2017 17:21:04	47.0	47.0	13.3508
10/07/2017 17:21:15	48.0	46.0	13.9842
10/07/2017 17:21:26	49.0	49.0	13.8021
10/07/2017 17:21:37	51.0	50.0	12.5326
10/07/2017 17:21:48	52.0	51.0	13.9896
10/07/2017 17:21:59	53.0	53.0	12.2715
10/07/2017 17:22:10	54.0	54.0	12.1053
10/07/2017 17:22:21	55.0	55.0	12.0735
10/07/2017 17:22:32	55.0	55.0	11.8734
10/07/2017 17:22:43	56.0	55.0	15.6171
10/07/2017 17:22:54	56.0	56.0	12.7937
10/07/2017 17:23:05	54.0	54.0	16.5414
10/07/2017 17:23:16	51.0	52.0	13.9108
10/07/2017 17:23:27	50.0	50.0	13.1926
10/07/2017 17:23:38	49.0	49.0	15
10/07/2017 17:23:49	49.0	48.0	15.9383
10/07/2017 17:24:00	48.0	48.0	13.4921
10/07/2017 17:24:11	48.0	47.0	13.9108
10/07/2017 17:24:22	48.0	47.0	14.2857
10/07/2017 17:24:34	48.0	47.0	13.4211
10/07/2017 17:24:45	50.0	49.0	16.5816
10/07/2017 17:24:56	51.0	51.0	13.6483
10/07/2017 17:25:07	52.0	51.0	12.5984
10/07/2017 17:25:18	53.0	53.0	13.2468
10/07/2017 17:25:29	54.0	53.0	12.4011
10/07/2017 17:25:40	55.0	54.0	13.0548
10/07/2017 17:25:51	55.0	55.0	12.5
10/07/2017 17:26:02	57.0	56.0	13.2468
10/07/2017 17:26:13	55.0	54.0	12.3684
10/07/2017 17:26:24	53.0	53.0	12.5984
10/07/2017 17:26:35	51.0	51.0	13.1926
10/07/2017 17:26:46	50.0	50.0	14.1732
10/07/2017 17:26:57	50.0	49.0	13.4921
10/07/2017 17:27:08	48.0	48.0	13.1926
10/07/2017 17:27:19	48.0	47.0	13.4565
10/07/2017 17:27:30	48.0	46.0	13.4565
10/07/2017 17:27:41	48.0	47.0	21.3075
10/07/2017 17:27:52	49.0	49.0	13.089
10/07/2017 17:28:03	51.0	51.0	13.6126
10/07/2017 17:28:14	52.0	53.0	12.336
10/07/2017 17:28:25	53.0	53.0	12.5654
10/07/2017 17:28:36	55.0	54.0	12.336
10/07/2017 17:28:47	55.0	54.0	12.7937
10/07/2017 17:28:58	56.0	56.0	11.3158
10/07/2017 17:29:09	57.0	56.0	12.5654
10/07/2017 17:29:20	57.0	55.0	12.3037
10/07/2017 17:29:31	54.0	54.0	13.3508
10/07/2017 17:29:43	51.0	52.0	13.3508
10/07/2017 17:29:54	50.0	50.0	13.4565
10/07/2017 17:30:05	50.0	49.0	13.3858
10/07/2017 17:30:16	49.0	48.0	12.9973
10/07/2017 17:30:27	49.0	48.0	13.1579
10/07/2017 17:30:38	48.0	47.0	14.3603
10/07/2017 17:30:49	48.0	47.0	15.285
10/07/2017 17:31:00	49.0	49.0	14.0625
10/07/2017 17:31:11	51.0	50.0	14.8438
10/07/2017 17:31:22	51.0	51.0	13.0548
10/07/2017 17:31:33	53.0	53.0	13.9535
10/07/2017 17:31:44	54.0	53.0	12.0735
10/07/2017 17:31:55	55.0	54.0	14.1753
10/07/2017 17:32:06	56.0	56.0	12.2715
10/07/2017 17:32:17	56.0	56.0	13.4021
10/07/2017 17:32:28	57.0	56.0	12.3684
10/07/2017 17:32:39	55.0	54.0	12.1053
10/07/2017 17:32:50	53.0	53.0	15.2455
10/07/2017 17:33:01	51.0	52.0	13.4565
10/07/2017 17:33:12	50.0	50.0	13.6483
10/07/2017 17:33:23	49.0	48.0	14.1732
10/07/2017 17:33:34	49.0	48.0	13.4565
10/07/2017 17:33:45	48.0	48.0	13.6842
10/07/2017 17:33:56	47.0	47.0	14.3603
10/07/2017 17:34:07	48.0	47.0	13.6126
10/07/2017 17:34:18	50.0	49.0	17.2589
10/07/2017 17:34:29	51.0	50.0	13.9474
10/07/2017 17:34:41	51.0	51.0	12.0735
10/07/2017 17:34:52	54.0	53.0	11.7801
10/07/2017 17:35:03	54.0	54.0	15.1832
10/07/2017 17:35:14	55.0	54.0	12.0104
10/07/2017 17:35:25	56.0	55.0	12.5326
10/07/2017 17:35:36	56.0	56.0	16.0401
10/07/2017 17:35:47	57.0	56.0	13.0548
10/07/2017 17:35:58	55.0	54.0	12.5326
10/07/2017 17:36:09	52.0	53.0	18
10/07/2017 17:36:20	51.0	51.0	13.7203
10/07/2017 17:36:31	50.0	50.0	16.1538
10/07/2017 17:36:42	49.0	48.0	12.8947
10/07/2017 17:36:53	49.0	48.0	17.4242
10/07/2017 17:37:04	48.0	47.0	13.9474
10/07/2017 17:37:15	48.0	47.0	13.1926
10/07/2017 17:37:26	47.0	47.0	14.4357
10/07/2017 17:37:37	48.0	48.0	13.4211
10/07/2017 17:37:48	50.0	51.0	13.089
10/07/2017 17:37:59	51.0	51.0	16.9154
10/07/2017 17:38:10	53.0	52.0	12.336
10/07/2017 17:38:21	53.0	54.0	12.5
10/07/2017 17:38:32	55.0	54.0	12.2715
10/07/2017 17:38:43	56.0	55.0	15.3652
10/07/2017 17:38:54	56.0	55.0	12.5654
10/07/2017 17:39:05	57.0	56.0	11.811
10/07/2017 17:39:16	54.0	54.0	17.4684
10/07/2017 17:39:27	52.0	52.0	12.1053
10/07/2017 17:39:38	50.0	51.0	13.4921
10/07/2017 17:39:49	50.0	50.0	14.3979
10/07/2017 17:40:01	49.0	48.0	13.6126
10/07/2017 17:40:12	48.0	48.0	13.6842
10/07/2017 17:40:23	48.0	47.0	15.2062
10/07/2017 17:40:34	48.0	47.0	15.0259
10/07/2017 17:40:45	48.0	47.0	13.1926
10/07/2017 17:40:56	50.0	50.0	13.3858
10/07/2017 17:41:07	50.0	51.0	13.3858
10/07/2017 17:41:18	52.0	52.0	12.5984
10/07/2017 17:41:29	53.0	53.0	11.811
10/07/2017 17:41:40	54.0	53.0	12.1372
10/07/2017 17:41:51	55.0	54.0	12.0735
10/07/2017 17:42:02	55.0	55.0	14.5408
10/07/2017 17:42:13	56.0	55.0	14.1388
10/07/2017 17:42:24	55.0	54.0	12.3037
10/07/2017 17:42:35	53.0	52.0	13.1234
10/07/2017 17:42:46	51.0	51.0	13.3508
10/07/2017 17:42:57	50.0	50.0	16.2371
10/07/2017 17:43:08	49.0	48.0	13.6483
10/07/2017 17:43:19	49.0	48.0	14.0992
10/07/2017 17:43:30	48.0	47.0	13.6483
10/07/2017 17:43:41	48.0	47.0	12.6984
10/07/2017 17:43:52	48.0	47.0	13.4211
10/07/2017 17:44:03	50.0	49.0	13.2275
10/07/2017 17:44:14	51.0	50.0	13.1926
10/07/2017 17:44:25	52.0	52.0	12.7604
10/07/2017 17:44:36	54.0	53.0	13.1783
10/07/2017 17:44:47	54.0	53.0	13.4211
10/07/2017 17:44:59	55.0	54.0	16.6667
10/07/2017 17:45:10	56.0	55.0	12.0419
10/07/2017 17:45:21	57.0	55.0	14.1753
10/07/2017 17:45:32	55.0	54.0	12.0419
10/07/2017 17:45:43	53.0	52.0	14.7668
10/07/2017 17:45:54	51.0	51.0	13.4211
10/07/2017 17:46:05	50.0	50.0	17.6322
10/07/2017 17:46:16	50.0	49.0	13.4211
10/07/2017 17:46:27	49.0	48.0	17.2152
10/07/2017 17:46:38	49.0	47.0	13.4211
10/07/2017 17:46:49	48.0	47.0	13.9108
10/07/2017 17:47:00	47.0	47.0	13.6483
10/07/2017 17:47:11	49.0	48.0	13.7203
10/07/2017 17:47:22	51.0	51.0	18
10/07/2017 17:47:33	52.0	51.0	12.6649
10/07/2017 17:47:44	53.0	52.0	12.0104
10/07/2017 17:47:55	54.0	54.0	13.1579
10/07/2017 17:48:06	55.0	54.0	12.3037
10/07/2017 17:48:17	56.0	55.0	13.2124
10/07/2017 17:48:28	57.0	55.0	11.5486
10/07/2017 17:48:39	57.0	56.0	12.3037
10/07/2017 17:48:50	54.0	53.0	17.5
10/07/2017 17:49:01	53.0	52.0	13.3508
10/07/2017 17:49:12	51.0	50.0	14.1732
10/07/2017 17:49:23	50.0	50.0	19.2593
10/07/2017 17:49:34	50.0	48.0	14.1732
10/07/2017 17:49:45	49.0	48.0	13.8381
10/07/2017 17:49:56	48.0	47.0	17.5879
10/07/2017 17:50:08	48.0	47.0	13.4211
10/07/2017 17:50:19	48.0	47.0	13.4921
10/07/2017 17:50:30	50.0	48.0	13.4211
10/07/2017 17:50:41	51.0	51.0	13.1926
10/07/2017 17:50:52	52.0	52.0	11.811
10/07/2017 17:51:03	53.0	53.0	12.7937
10/07/2017 17:51:14	55.0	54.0	16.2025
10/07/2017 17:51:25	55.0	54.0	12.2715
10/07/2017 17:51:36	56.0	55.0	12.7273
10/07/2017 17:51:47	56.0	55.0	13.5417
10/07/2017 17:51:58	55.0	55.0	12.8947
10/07/2017 17:52:09	53.0	53.0	13.8381
10/07/2017 17:52:20	51.0	51.0	13.4211
10/07/2017 17:52:31	50.0	50.0	18.4539
10/07/2017 17:52:42	49.0	48.0	13.9474
10/07/2017 17:52:53	49.0	48.0	12.9288
10/07/2017 17:53:04	49.0	47.0	13.6842
10/07/2017 17:53:15	48.0	47.0	18.25
10/07/2017 17:53:26	49.0	48.0	13.9108
10/07/2017 17:53:37	50.0	50.0	13.4921
10/07/2017 17:53:48	52.0	51.0	13.2812
10/07/2017 17:53:59	53.0	52.0	17.0854
10/07/2017 17:54:10	55.0	53.0	12.0104
10/07/2017 17:54:21	55.0	54.0	12.2715
10/07/2017 17:54:32	55.0	54.0	12.4675
10/07/2017 17:54:43	56.0	56.0	17.6179
10/07/2017 17:54:54	57.0	56.0	12.336
10/07/2017 17:55:05	56.0	56.0	12.336
10/07/2017 17:55:17	53.0	53.0	12.5984
10/07/2017 17:55:28	52.0	51.0	19.3069
10/07/2017 17:55:39	50.0	50.0	13.7203
10/07/2017 17:55:50	50.0	49.0	13.2275
10/07/2017 17:56:01	49.0	48.0	13.4565
10/07/2017 17:56:12	48.0	48.0	15.4242
10/07/2017 17:56:23	48.0	48.0	13.2626
10/07/2017 17:56:34	48.0	47.0	13.4921
10/07/2017 17:56:45	49.0	50.0	12.4668
10/07/2017 17:56:56	51.0	50.0	13.4565
10/07/2017 17:57:07	52.0	52.0	13.7306
10/07/2017 17:57:18	53.0	54.0	13.5065
10/07/2017 17:57:29	55.0	54.0	12.1372
10/07/2017 17:57:40	56.0	54.0	12.3684
10/07/2017 17:57:51	56.0	55.0	16
10/07/2017 17:58:02	56.0	56.0	11.0818
10/07/2017 17:58:13	56.0	55.0	12.8272
10/07/2017 17:58:24	55.0	53.0	12.3037
10/07/2017 17:58:35	51.0	51.0	13.9108
10/07/2017 17:58:46	50.0	51.0	13.6483
10/07/2017 17:58:57	50.0	49.0	14.1732
10/07/2017 17:59:08	49.0	48.0	13.1926
10/07/2017 17:59:19	48.0	48.0	13.9108
10/07/2017 17:59:30	48.0	48.0	19.0594
10/07/2017 17:59:41	48.0	47.0	13.4211
10/07/2017 17:59:52	49.0	49.0	12.2715
10/07/2017 18:00:03	51.0	50.0	12.3684
10/07/2017 18:00:14	52.0	52.0	11.9792
10/07/2017 18:00:26	53.0	53.0	12.7937
10/07/2017 18:00:37	54.0	54.0	12.6649
10/07/2017 18:00:48	55.0	55.0	12.5654
10/07/2017 18:00:59	56.0	55.0	11.2861
10/07/2017 18:01:10	57.0	56.0	16.9576
10/07/2017 18:01:21	55.0	55.0	12.336
10/07/2017 18:01:32	53.0	53.0	13.6126
10/07/2017 18:01:43	51.0	51.0	13.6483
10/07/2017 18:01:54	50.0	50.0	13.6483
10/07/2017 18:02:05	49.0	49.0	15.7216
10/07/2017 18:02:16	49.0	48.0	13.4211
10/07/2017 18:02:27	48.0	48.0	13.9108
10/07/2017 18:02:38	48.0	47.0	12.9288
10/07/2017 18:02:49	48.0	46.0	15.4047
10/07/2017 18:03:00	49.0	48.0	13.6842
10/07/2017 18:03:11	51.0	50.0	13.9474
10/07/2017 18:03:22	51.0	51.0	12.5326
10/07/2017 18:03:33	53.0	53.0	13.1579
10/07/2017 18:03:44	53.0	53.0	17.5309
10/07/2017 18:03:55	55.0	55.0	13.089
10/07/2017 18:04:06	56.0	55.0	12.0104
10/07/2017 18:04:17	57.0	56.0	11.4883
10/07/2017 18:04:28	57.0	57.0	12.5654
10/07/2017 18:04:39	54.0	54.0	15.6962
10/07/2017 18:04:50	52.0	53.0	13.3508
10/07/2017 18:05:01	51.0	51.0	14.1732
10/07/2017 18:05:12	50.0	50.0	13.9108
10/07/2017 18:05:23	49.0	48.0	12.963
10/07/2017 18:05:35	49.0	48.0	14.2105
10/07/2017 18:05:46	48.0	47.0	15.2062
10/07/2017 18:05:57	47.0	47.0	15.0259
10/07/2017 18:06:08	48.0	47.0	13.8381
10/07/2017 18:06:19	49.0	48.0	15.285
10/07/2017 18:06:30	50.0	51.0	13.4211
10/07/2017 18:06:41	52.0	52.0	14.433
10/07/2017 18:06:52	53.0	53.0	12.5
10/07/2017 18:07:03	54.0	54.0	16.8831
10/07/2017 18:07:14	55.0	54.0	11.9792
10/07/2017 18:07:25	56.0	55.0	12.2715
10/07/2017 18:07:36	56.0	56.0	12.2396
10/07/2017 18:07:47	57.0	57.0	13.2812
10/07/2017 18:07:58	55.0	54.0	12.7937
10/07/2017 18:08:09	52.0	53.0	15.2062
10/07/2017 18:08:20	51.0	52.0	15.6812
10/07/2017 18:08:31	50.0	50.0	13.6842
10/07/2017 18:08:42	49.0	48.0	15.5039
10/07/2017 18:08:53	48.0	49.0	13.3858
10/07/2017 18:09:04	48.0	48.0	15.285
10/07/2017 18:09:15	48.0	47.0	13.1579
10/07/2017 18:09:26	47.0	47.0	13.2275
10/07/2017 18:09:37	49.0	48.0	13.6842
10/07/2017 18:09:48	50.0	50.0	14.1732
10/07/2017 18:09:59	51.0	51.0	12.5326
10/07/2017 18:10:10	53.0	53.0	13.2468
10/07/2017 18:10:21	54.0	53.0	12.3037
10/07/2017 18:10:33	54.0	54.0	13.4367
10/07/2017 18:10:44	56.0	54.0	12.5654
10/07/2017 18:10:55	56.0	56.0	12.2078
10/07/2017 18:11:06	57.0	56.0	14.1388
10/07/2017 18:11:17	54.0	53.0	12.3037
10/07/2017 18:11:28	52.0	52.0	15.6812
10/07/2017 18:11:39	51.0	51.0	13.6483
10/07/2017 18:11:50	50.0	49.0	13.9108
10/07/2017 18:12:01	50.0	48.0	13.2626
10/07/2017 18:12:12	49.0	48.0	13.4565
10/07/2017 18:12:23	48.0	48.0	14.0992
10/07/2017 18:12:34	48.0	47.0	13.4565
10/07/2017 18:12:45	48.0	47.0	13.1579
10/07/2017 18:12:56	49.0	49.0	13.2275
10/07/2017 18:13:07	50.0	50.0	13.1926
10/07/2017 18:13:18	52.0	51.0	12.4339
10/07/2017 18:13:29	53.0	53.0	12.0735
10/07/2017 18:13:40	54.0	54.0	16.1616
10/07/2017 18:13:51	55.0	54.0	12.336
10/07/2017 18:14:02	56.0	55.0	11.7801
10/07/2017 18:14:13	57.0	56.0	13.2812
10/07/2017 18:14:24	55.0	55.0	14.8338
10/07/2017 18:14:35	53.0	53.0	16.8367
10/07/2017 18:14:46	52.0	51.0	15.601
10/07/2017 18:14:57	50.0	51.0	16.1954
10/07/2017 18:15:08	50.0	49.0	15.9383
10/07/2017 18:15:19	49.0	48.0	14.3603
10/07/2017 18:15:30	48.0	48.0	14.3229
10/07/2017 18:15:42	48.0	47.0	15.0259
10/07/2017 18:15:53	48.0	47.0	13.6483
10/07/2017 18:16:04	50.0	49.0	13.2275
10/07/2017 18:16:15	51.0	51.0	12.5984
10/07/2017 18:16:26	52.0	52.0	12.3037
10/07/2017 18:16:37	53.0	53.0	13.9535
10/07/2017 18:16:48	55.0	54.0	12.0419
10/07/2017 18:16:59	55.0	55.0	12.7937
10/07/2017 18:17:10	55.0	56.0	11.7801
10/07/2017 18:17:21	57.0	56.0	12.8272
10/07/2017 18:17:32	55.0	55.0	11.811
10/07/2017 18:17:43	53.0	53.0	13.9474
10/07/2017 18:17:54	51.0	51.0	13.089
10/07/2017 18:18:05	50.0	50.0	14.0212
10/07/2017 18:18:16	50.0	50.0	13.2275
10/07/2017 18:18:27	49.0	48.0	14.1732
10/07/2017 18:18:38	48.0	48.0	13.1234
10/07/2017 18:18:49	48.0	48.0	16.8067
10/07/2017 18:19:00	48.0	47.0	1.27226
10/07/2017 18:19:11	47.0	46.0	16.835
10/07/2017 18:19:22	49.0	49.0	3.04569
10/07/2017 18:19:33	50.0	50.0	2.04082
10/07/2017 18:19:44	50.0	50.0	2.98013
10/07/2017 18:19:55	50.0	50.0	3
10/07/2017 18:20:06	51.0	51.0	2.0202
10/07/2017 18:20:17	51.0	51.0	0
10/07/2017 18:20:28	52.0	51.0	3.81679
10/07/2017 18:20:39	51.0	51.0	3.05344
10/07/2017 18:20:51	51.0	51.0	34.0741
10/07/2017 18:21:03	53.0	52.0	16.8168
10/07/2017 18:21:14	50.0	50.0	20.3762
10/07/2017 18:21:26	49.0	50.0	33.871
10/07/2017 18:21:37	51.0	51.0	13.4454
10/07/2017 18:21:48	47.0	46.0	15.3631
10/07/2017 18:21:59	49.0	48.0	20.8437
10/07/2017 18:22:10	50.0	50.0	14.6214
10/07/2017 18:22:21	51.0	51.0	13.3858
10/07/2017 18:22:32	52.0	52.0	12.6316
10/07/2017 18:22:43	53.0	53.0	12.3684
10/07/2017 18:22:54	54.0	53.0	13.3858
10/07/2017 18:23:05	55.0	54.0	12.5
10/07/2017 18:23:16	55.0	54.0	13.1579
10/07/2017 18:23:27	56.0	55.0	11.811
10/07/2017 18:23:38	57.0	56.0	12.234
10/07/2017 18:23:49	57.0	56.0	12.0735
10/07/2017 18:24:00	54.0	54.0	14.2857
10/07/2017 18:24:12	51.0	51.0	14.0212
10/07/2017 18:24:23	51.0	50.0	14.3236
10/07/2017 18:24:34	50.0	49.0	14.248
10/07/2017 18:24:45	49.0	48.0	15.8854
10/07/2017 18:24:56	48.0	47.0	14.2857
10/07/2017 18:25:07	47.0	47.0	15.5673
10/07/2017 18:25:18	47.0	47.0	13.6126
10/07/2017 18:25:29	49.0	48.0	15.0259
10/07/2017 18:25:40	50.0	50.0	13.1926
10/07/2017 18:25:51	51.0	51.0	13.3159
10/07/2017 18:26:02	52.0	53.0	14.8036
10/07/2017 18:26:13	53.0	53.0	12.8609
10/07/2017 18:26:24	54.0	54.0	12.8947
10/07/2017 18:26:35	55.0	54.0	12.3684
10/07/2017 18:26:46	55.0	55.0	12.5654
10/07/2017 18:26:57	56.0	56.0	13.5065
10/07/2017 18:27:08	57.0	56.0	12.4011
10/07/2017 18:27:19	54.0	54.0	13.4565
10/07/2017 18:27:30	52.0	52.0	14.5503
10/07/2017 18:27:41	50.0	51.0	14.0212
10/07/2017 18:27:52	49.0	49.0	18.3879
10/07/2017 18:28:03	49.0	48.0	18.8442
10/07/2017 18:28:14	49.0	48.0	16.3636
10/07/2017 18:28:26	48.0	47.0	13.4921
10/07/2017 18:28:37	47.0	47.0	16.8421
10/07/2017 18:28:48	48.0	47.0	19.8492
10/07/2017 18:28:59	50.0	49.0	18.136
10/07/2017 18:29:10	51.0	51.0	13.7566
10/07/2017 18:29:21	52.0	51.0	12.234
10/07/2017 18:29:32	53.0	53.0	12.6984
10/07/2017 18:29:43	54.0	54.0	13.1234
10/07/2017 18:29:54	55.0	55.0	13.1234
10/07/2017 18:30:05	55.0	55.0	11.9048
10/07/2017 18:30:16	57.0	56.0	15.9091
10/07/2017 18:30:27	56.0	56.0	12.1372
10/07/2017 18:30:38	54.0	53.0	14.5503
10/07/2017 18:30:49	51.0	52.0	13.5638
10/07/2017 18:31:00	50.0	50.0	15.9892
10/07/2017 18:31:11	50.0	49.0	14.0584
10/07/2017 18:31:22	49.0	48.0	13.8298
10/07/2017 18:31:33	49.0	48.0	14.2857
10/07/2017 18:31:44	48.0	48.0	12.9288
10/07/2017 18:31:55	48.0	47.0	14.0212
10/07/2017 18:32:06	47.0	47.0	13.5279
10/07/2017 18:32:17	49.0	48.0	12.6984
10/07/2017 18:32:28	51.0	51.0	20.6388
10/07/2017 18:32:39	52.0	51.0	13.2626
10/07/2017 18:32:50	53.0	53.0	12.4011
10/07/2017 18:33:01	55.0	54.0	14.5889
10/07/2017 18:33:13	55.0	55.0	12.6316
10/07/2017 18:33:24	56.0	55.0	12.3684
10/07/2017 18:33:35	56.0	56.0	12.8947
10/07/2017 18:33:46	55.0	55.0	12.6984
10/07/2017 18:33:57	54.0	53.0	15.5844
10/07/2017 18:34:08	51.0	51.0	13.5638
10/07/2017 18:34:19	51.0	50.0	14.3236
10/07/2017 18:34:30	50.0	49.0	14.3617
10/07/2017 18:34:41	49.0	48.0	11.8734
10/07/2017 18:34:52	49.0	48.0	14.0212
10/07/2017 18:35:03	48.0	48.0	15.4255
10/07/2017 18:35:14	48.0	47.0	13.3333
10/07/2017 18:35:25	48.0	49.0	21.4286
10/07/2017 18:35:36	50.0	51.0	13.4921
10/07/2017 18:35:47	51.0	51.0	12.3324
10/07/2017 18:35:58	53.0	53.0	19.9029
10/07/2017 18:36:09	54.0	53.0	12.8947
10/07/2017 18:36:20	55.0	54.0	11.7021
10/07/2017 18:36:31	56.0	55.0	12.6984
10/07/2017 18:36:42	56.0	55.0	11.6402
10/07/2017 18:36:53	58.0	56.0	13.7203
10/07/2017 18:37:04	54.0	54.0	12.8947
10/07/2017 18:37:15	52.0	53.0	13.7931
10/07/2017 18:37:26	51.0	51.0	16.1458
10/07/2017 18:37:37	50.0	50.0	14.3617
10/07/2017 18:37:48	50.0	50.0	14.248
10/07/2017 18:37:59	49.0	48.0	14.9733
10/07/2017 18:38:11	48.0	48.0	14.0212
10/07/2017 18:38:22	48.0	47.0	14.248
10/07/2017 18:38:33	48.0	47.0	14.0957
10/07/2017 18:38:44	49.0	49.0	13.5638
10/07/2017 18:38:55	51.0	51.0	13.6483
10/07/2017 18:39:06	52.0	52.0	12.234
10/07/2017 18:39:17	53.0	53.0	12.6316
10/07/2017 18:39:28	54.0	54.0	16.3212
10/07/2017 18:39:39	55.0	54.0	11.9681
10/07/2017 18:39:50	56.0	56.0	18.6104
10/07/2017 18:40:01	57.0	56.0	12.2016
10/07/2017 18:40:12	55.0	55.0	19.2593
10/07/2017 18:40:23	53.0	53.0	14.5503
10/07/2017 18:40:34	51.0	51.0	16.8766
10/07/2017 18:40:45	50.0	51.0	14.248
10/07/2017 18:40:56	50.0	49.0	15
10/07/2017 18:41:07	49.0	48.0	14.6667
10/07/2017 18:41:18	49.0	48.0	13.7203
10/07/2017 18:41:29	48.0	48.0	14.0212
10/07/2017 18:41:40	48.0	47.0	15
10/07/2017 18:41:51	48.0	48.0	14.0957
10/07/2017 18:42:02	50.0	49.0	13.2626
10/07/2017 18:42:13	51.0	51.0	13.8298
10/07/2017 18:42:24	52.0	52.0	12.6984
10/07/2017 18:42:36	53.0	53.0	12.6984
10/07/2017 18:42:47	54.0	54.0	12.963
10/07/2017 18:42:58	55.0	55.0	12.5984
10/07/2017 18:43:09	55.0	55.0	12.336
10/07/2017 18:43:20	57.0	56.0	19.2683
10/07/2017 18:43:31	55.0	54.0	12.9288
10/07/2017 18:43:42	52.0	53.0	12.9973
10/07/2017 18:43:53	51.0	51.0	13.3333
10/07/2017 18:44:04	50.0	50.0	13.7566
10/07/2017 18:44:15	49.0	49.0	13.9474
10/07/2017 18:44:26	49.0	48.0	13.7026
10/07/2017 18:44:37	48.0	48.0	14.0625
10/07/2017 18:44:48	48.0	47.0	14.248
10/07/2017 18:44:59	47.0	47.0	17.7665
10/07/2017 18:45:10	48.0	47.0	14.248
10/07/2017 18:45:21	49.0	49.0	13.9842
10/07/2017 18:45:32	51.0	51.0	13.2275
10/07/2017 18:45:43	52.0	53.0	12.5984
10/07/2017 18:45:54	54.0	53.0	12.8272
10/07/2017 18:46:05	55.0	54.0	12.8609
10/07/2017 18:46:16	55.0	54.0	19.8547
10/07/2017 18:46:27	56.0	55.0	12.1053
10/07/2017 18:46:38	57.0	56.0	12.1053
10/07/2017 18:46:49	54.0	54.0	12.8947
10/07/2017 18:47:00	52.0	53.0	13.5279
10/07/2017 18:47:11	51.0	51.0	13.9842
10/07/2017 18:47:22	50.0	50.0	14.4357
10/07/2017 18:47:33	49.0	50.0	19.25
10/07/2017 18:47:45	48.0	48.0	13.4921
10/07/2017 18:47:56	48.0	48.0	13.9474
10/07/2017 18:48:07	47.0	47.0	13.6842
10/07/2017 18:48:18	47.0	46.0	13.7566
10/07/2017 18:48:29	47.0	47.0	14.5503
10/07/2017 18:48:40	49.0	48.0	13.6
10/07/2017 18:48:51	50.0	50.0	14.4737
10/07/2017 18:49:02	51.0	51.0	12.4339
10/07/2017 18:49:13	52.0	53.0	11.8734
10/07/2017 18:49:24	54.0	53.0	13.3508
10/07/2017 18:49:35	54.0	54.0	11.6095
10/07/2017 18:49:46	55.0	56.0	12.336
10/07/2017 18:49:57	56.0	55.0	12.5326
10/07/2017 18:50:08	56.0	55.0	12.336
10/07/2017 18:50:19	53.0	53.0	13.4565
10/07/2017 18:50:30	52.0	51.0	13.5279
10/07/2017 18:50:41	51.0	51.0	14.2105
10/07/2017 18:50:52	49.0	50.0	13.7566
10/07/2017 18:51:03	49.0	48.0	15.0396
10/07/2017 18:51:14	48.0	48.0	13.9108
10/07/2017 18:51:25	47.0	48.0	20.7824
10/07/2017 18:51:36	48.0	47.0	13.4921
10/07/2017 18:51:47	47.0	47.0	13.9842
10/07/2017 18:51:58	48.0	48.0	13.1926
10/07/2017 18:52:09	50.0	50.0	13.9474
10/07/2017 18:52:20	51.0	51.0	12.8609
10/07/2017 18:52:31	52.0	53.0	12.8609
10/07/2017 18:52:43	54.0	53.0	12.5654
10/07/2017 18:52:54	54.0	54.0	12.6984
10/07/2017 18:53:05	55.0	54.0	12.2715
10/07/2017 18:53:16	56.0	56.0	12.336
10/07/2017 18:53:27	57.0	56.0	12.6649
10/07/2017 18:53:38	56.0	55.0	18.3623
10/07/2017 18:53:49	53.0	53.0	13.1579
10/07/2017 18:54:00	51.0	51.0	13.6483
10/07/2017 18:54:11	50.0	50.0	14.1361
10/07/2017 18:54:22	49.0	49.0	14.3229
10/07/2017 18:54:33	49.0	49.0	13.9474
10/07/2017 18:54:44	49.0	48.0	13.6842
10/07/2017 18:54:55	48.0	47.0	13.9842
10/07/2017 18:55:06	47.0	46.0	14.3979
10/07/2017 18:55:17	47.0	47.0	13.9842
10/07/2017 18:55:28	49.0	48.0	12.9973
10/07/2017 18:55:39	51.0	50.0	13.2275
10/07/2017 18:55:50	52.0	51.0	17.6617
10/07/2017 18:56:01	54.0	53.0	13.8743
10/07/2017 18:56:12	54.0	53.0	11.4058
10/07/2017 18:56:23	55.0	55.0	13.1234
10/07/2017 18:56:34	56.0	56.0	12.2715
10/07/2017 18:56:45	57.0	56.0	11.6095
10/07/2017 18:56:56	55.0	54.0	12.4011
10/07/2017 18:57:07	53.0	53.0	13.4565
10/07/2017 18:57:18	51.0	51.0	13.9108
10/07/2017 18:57:29	50.0	50.0	13.4211
10/07/2017 18:57:41	50.0	49.0	14.1361
10/07/2017 18:57:52	49.0	48.0	13.0319
10/07/2017 18:58:03	48.0	48.0	13.8743
10/07/2017 18:58:14	48.0	47.0	13.9474
10/07/2017 18:58:25	47.0	47.0	13.7203
10/07/2017 18:58:36	47.0	46.0	12.766
10/07/2017 18:58:47	48.0	46.0	13.9474
10/07/2017 18:58:58	49.0	49.0	13.4565
10/07/2017 18:59:09	51.0	50.0	14.6214
10/07/2017 18:59:20	52.0	51.0	12.7937
10/07/2017 18:59:31	53.0	53.0	12.0735
10/07/2017 18:59:42	54.0	54.0	20.6311
10/07/2017 18:59:53	56.0	54.0	12.8272
10/07/2017 19:00:04	55.0	55.0	11.8734
10/07/2017 19:00:15	56.0	56.0	12.1053
10/07/2017 19:00:26	55.0	55.0	12.336
10/07/2017 19:00:37	54.0	53.0	14.3603
10/07/2017 19:00:48	51.0	51.0	12.8947
10/07/2017 19:00:59	50.0	50.0	13.2979
10/07/2017 19:01:10	49.0	49.0	14.4737
10/07/2017 19:01:21	49.0	49.0	12.963
10/07/2017 19:01:32	48.0	48.0	15.3247
10/07/2017 19:01:43	48.0	47.0	13.4565
10/07/2017 19:01:54	48.0	47.0	13.9474
10/07/2017 19:02:05	49.0	48.0	13.7566
10/07/2017 19:02:16	50.0	50.0	13.3508
10/07/2017 19:02:27	51.0	51.0	18.408
10/07/2017 19:02:39	53.0	52.0	12.0104
10/07/2017 19:02:50	54.0	53.0	12.4339
10/07/2017 19:03:01	55.0	54.0	12.3037
10/07/2017 19:03:12	55.0	55.0	12.5984
10/07/2017 19:03:23	56.0	56.0	12.1053
10/07/2017 19:03:34	56.0	55.0	12.5984
10/07/2017 19:03:45	53.0	53.0	14.2487
10/07/2017 19:03:56	52.0	51.0	14.4357
10/07/2017 19:04:07	50.0	51.0	14.1361
10/07/2017 19:04:18	50.0	49.0	14.2105
10/07/2017 19:04:29	49.0	48.0	13.4565
10/07/2017 19:04:40	49.0	47.0	14.0212
10/07/2017 19:04:51	48.0	48.0	13.6842
10/07/2017 19:05:02	48.0	47.0	20.4938
10/07/2017 19:05:13	47.0	47.0	13.3858
10/07/2017 19:05:24	48.0	48.0	14.3603
10/07/2017 19:05:35	50.0	51.0	13.7566
10/07/2017 19:05:46	51.0	51.0	12.5984
10/07/2017 19:05:57	53.0	53.0	13.0548
10/07/2017 19:06:08	54.0	54.0	12.3684
10/07/2017 19:06:19	55.0	54.0	13.089
10/07/2017 19:06:30	56.0	55.0	12.2396
10/07/2017 19:06:41	57.0	56.0	12.7937
10/07/2017 19:06:52	56.0	56.0	12.3037
10/07/2017 19:07:03	54.0	53.0	18.8442
10/07/2017 19:07:14	51.0	51.0	13.4565
10/07/2017 19:07:25	51.0	50.0	17.8841
10/07/2017 19:07:36	50.0	50.0	14.3979
10/07/2017 19:07:48	49.0	48.0	14.6597
10/07/2017 19:07:59	48.0	48.0	14.1361
10/07/2017 19:08:10	48.0	47.0	13.9474
10/07/2017 19:08:21	48.0	47.0	13.4921
10/07/2017 19:08:32	48.0	47.0	13.7203
10/07/2017 19:08:43	48.0	48.0	14.1732
10/07/2017 19:08:54	50.0	50.0	12.2016
10/07/2017 19:09:05	51.0	51.0	12.5654
10/07/2017 19:09:16	52.0	53.0	12.0104
10/07/2017 19:09:27	54.0	53.0	12.5654
10/07/2017 19:09:38	55.0	54.0	13.6842
10/07/2017 19:09:49	55.0	54.0	12.1053
10/07/2017 19:10:00	57.0	55.0	12.0419
10/07/2017 19:10:11	57.0	56.0	13.1234
10/07/2017 19:10:22	55.0	54.0	11.8421
10/07/2017 19:10:33	54.0	53.0	13.7566
10/07/2017 19:10:44	51.0	51.0	13.9108
10/07/2017 19:10:55	50.0	51.0	16.4948
10/07/2017 19:11:06	49.0	49.0	13.8743
10/07/2017 19:11:17	49.0	48.0	17.5573
10/07/2017 19:11:28	48.0	48.0	14.1361
10/07/2017 19:11:39	48.0	48.0	20.6813
10/07/2017 19:11:50	48.0	47.0	13.7203
10/07/2017 19:12:01	48.0	47.0	23.4597
10/07/2017 19:12:12	50.0	50.0	13.089
10/07/2017 19:12:23	51.0	51.0	19.759
10/07/2017 19:12:34	52.0	52.0	12.7937
10/07/2017 19:12:45	53.0	53.0	17.1642
10/07/2017 19:12:57	54.0	54.0	12.5326
10/07/2017 19:13:08	55.0	54.0	15.1899
10/07/2017 19:13:19	56.0	56.0	14.6277
10/07/2017 19:13:30	56.0	55.0	20.3931
10/07/2017 19:13:41	53.0	53.0	13.8743
10/07/2017 19:13:52	51.0	52.0	16.4557
10/07/2017 19:14:03	50.0	50.0	13.4565
10/07/2017 19:14:14	50.0	50.0	20.3431
10/07/2017 19:14:25	49.0	49.0	14.0212
10/07/2017 19:14:36	49.0	48.0	21.2195
10/07/2017 19:14:47	48.0	48.0	13.6483
10/07/2017 19:14:58	48.0	47.0	22.619
10/07/2017 19:15:09	47.0	47.0	13.1926
10/07/2017 19:15:20	48.0	48.0	20.8333
10/07/2017 19:15:31	50.0	50.0	13.1234
10/07/2017 19:15:42	51.0	51.0	22.1429
10/07/2017 19:15:53	52.0	53.0	11.811
10/07/2017 19:16:04	54.0	54.0	20.098
10/07/2017 19:16:15	55.0	54.0	12.3684
10/07/2017 19:16:26	56.0	55.0	19.0709
10/07/2017 19:16:37	56.0	56.0	12.0735
10/07/2017 19:16:48	57.0	55.0	15.3846
10/07/2017 19:16:59	54.0	53.0	12.3684
10/07/2017 19:17:10	52.0	51.0	13.9842
10/07/2017 19:17:21	50.0	51.0	13.3858
10/07/2017 19:17:32	50.0	50.0	14.2105
10/07/2017 19:17:44	49.0	48.0	14.3979
10/07/2017 19:17:55	48.0	48.0	13.9842
10/07/2017 19:18:06	48.0	48.0	13.4921
10/07/2017 19:18:17	48.0	47.0	14.1732
10/07/2017 19:18:28	48.0	47.0	14.2105
10/07/2017 19:18:39	50.0	50.0	13.2626
10/07/2017 19:18:50	51.0	50.0	12.9288
10/07/2017 19:19:01	52.0	52.0	12.336
10/07/2017 19:19:12	53.0	53.0	12.5326
10/07/2017 19:19:23	54.0	54.0	12.8272
10/07/2017 19:19:34	54.0	54.0	12.0735
10/07/2017 19:19:45	56.0	55.0	11.811
10/07/2017 19:19:56	57.0	56.0	13.1234
10/07/2017 19:20:07	55.0	54.0	12.6316
10/07/2017 19:20:18	53.0	53.0	13.3858
10/07/2017 19:20:29	51.0	51.0	13.8743
10/07/2017 19:20:40	51.0	50.0	12.6984
10/07/2017 19:20:51	49.0	49.0	13.7203
10/07/2017 19:21:02	49.0	48.0	13.9474
10/07/2017 19:21:13	48.0	48.0	14.3979
10/07/2017 19:21:24	48.0	47.0	13.6842
10/07/2017 19:21:35	48.0	48.0	14.2105
10/07/2017 19:21:46	47.0	46.0	14.6214
10/07/2017 19:21:57	47.0	46.0	13.9842
10/07/2017 19:22:08	49.0	48.0	16.7939
10/07/2017 19:22:19	50.0	50.0	13.7566
10/07/2017 19:22:30	52.0	51.0	21.9858
10/07/2017 19:22:42	53.0	53.0	12.3684
10/07/2017 19:22:53	54.0	54.0	16.285
10/07/2017 19:23:04	55.0	54.0	12.1053
10/07/2017 19:23:15	56.0	56.0	11.8734
10/07/2017 19:23:26	56.0	56.0	12.0735
10/07/2017 19:23:37	56.0	55.0	12.8609
10/07/2017 19:23:48	54.0	54.0	12.1693
10/07/2017 19:23:59	52.0	51.0	13.9108
10/07/2017 19:24:10	51.0	51.0	13.9474
10/07/2017 19:24:21	50.0	49.0	13.4921
10/07/2017 19:24:32	49.0	48.0	13.8743
10/07/2017 19:24:43	49.0	48.0	18.9055
10/07/2017 19:24:54	48.0	48.0	12.963
10/07/2017 19:25:05	47.0	48.0	13.9108
10/07/2017 19:25:16	47.0	47.0	18.2957
10/07/2017 19:25:27	49.0	48.0	13.9474
10/07/2017 19:25:38	51.0	50.0	14.2105
10/07/2017 19:25:49	52.0	51.0	12.5654
10/07/2017 19:26:00	53.0	52.0	12.0104
10/07/2017 19:26:11	54.0	54.0	13.9842
10/07/2017 19:26:22	55.0	54.0	18.8264
10/07/2017 19:26:33	56.0	55.0	12.5654
10/07/2017 19:26:44	56.0	55.0	12.5
10/07/2017 19:26:55	57.0	56.0	11.8421
10/07/2017 19:27:06	55.0	53.0	13.0548
10/07/2017 19:27:17	53.0	52.0	15.9383
10/07/2017 19:27:28	51.0	50.0	18.593
10/07/2017 19:27:39	50.0	50.0	13.2275
10/07/2017 19:27:51	49.0	48.0	14.7368
10/07/2017 19:28:02	49.0	48.0	14.1361
10/07/2017 19:28:13	48.0	48.0	13.2275
10/07/2017 19:28:24	49.0	47.0	13.6842
10/07/2017 19:28:35	47.0	47.0	21.2714
10/07/2017 19:28:46	48.0	47.0	13.9474
10/07/2017 19:28:57	49.0	48.0	14.4737
10/07/2017 19:29:08	51.0	50.0	12.8947
10/07/2017 19:29:19	51.0	51.0	13.089
10/07/2017 19:29:30	53.0	53.0	11.9048
10/07/2017 19:29:41	53.0	53.0	11.9048
10/07/2017 19:29:52	55.0	54.0	12.8272
10/07/2017 19:30:03	55.0	55.0	11.8421
10/07/2017 19:30:14	57.0	56.0	13.6951
10/07/2017 19:30:25	57.0	56.0	11.8421
10/07/2017 19:30:36	55.0	55.0	12.5326
10/07/2017 19:30:47	53.0	53.0	13.9474
10/07/2017 19:30:58	51.0	51.0	13.4565
10/07/2017 19:31:09	50.0	50.0	14.1361
10/07/2017 19:31:20	49.0	49.0	13.9842
10/07/2017 19:31:31	49.0	48.0	13.6842
10/07/2017 19:31:42	48.0	48.0	14.4357
10/07/2017 19:31:53	48.0	47.0	13.9842
10/07/2017 19:32:04	48.0	47.0	19
10/07/2017 19:32:15	47.0	47.0	13.4565
10/07/2017 19:32:26	49.0	49.0	13.2626
10/07/2017 19:32:37	51.0	50.0	13.3858
10/07/2017 19:32:48	52.0	51.0	12.5326
10/07/2017 19:33:00	53.0	53.0	13.0548
10/07/2017 19:33:11	54.0	54.0	12.8609
10/07/2017 19:33:22	54.0	54.0	12.336
10/07/2017 19:33:33	56.0	54.0	12.0735
10/07/2017 19:33:44	56.0	55.0	12.7604
10/07/2017 19:33:55	57.0	55.0	12.0735
10/07/2017 19:34:06	53.0	53.0	13.089
10/07/2017 19:34:17	52.0	51.0	12.6984
10/07/2017 19:34:28	50.0	50.0	14.2105
10/07/2017 19:34:39	50.0	50.0	13.6842
10/07/2017 19:34:50	49.0	48.0	13.4565
10/07/2017 19:35:01	49.0	48.0	13.6483
10/07/2017 19:35:12	48.0	48.0	24.5146
10/07/2017 19:35:23	48.0	47.0	15.2231
10/07/2017 19:35:34	48.0	48.0	18.5864
10/07/2017 19:35:45	49.0	48.0	17.4935
10/07/2017 19:35:56	48.0	48.0	17.0157
10/07/2017 19:36:07	48.0	47.0	19.8433
10/07/2017 19:36:18	49.0	47.0	23.5294
10/07/2017 19:36:29	48.0	48.0	18.75
10/07/2017 19:36:40	48.0	47.0	20.4188
10/07/2017 19:36:51	48.0	47.0	18.7013
10/07/2017 19:37:02	49.0	48.0	14.7757
10/07/2017 19:37:13	50.0	50.0	16.4062
10/07/2017 19:37:24	51.0	51.0	11.8734
10/07/2017 19:37:35	52.0	53.0	12.5984
10/07/2017 19:37:46	54.0	53.0	12.234
10/07/2017 19:37:57	55.0	54.0	14.1732
10/07/2017 19:38:08	57.0	55.0	12.3037
10/07/2017 19:38:20	56.0	56.0	12.5326
10/07/2017 19:38:31	57.0	56.0	18.9781
10/07/2017 19:38:42	54.0	54.0	23.4043
10/07/2017 19:38:53	52.0	51.0	16.4557
10/07/2017 19:39:04	51.0	51.0	14.2857
10/07/2017 19:39:15	50.0	50.0	15.3247
10/07/2017 19:39:26	49.0	48.0	14.9215
10/07/2017 19:39:37	48.0	48.0	15.8031
10/07/2017 19:39:48	48.0	48.0	14.8438
10/07/2017 19:39:59	48.0	47.0	15.8031
10/07/2017 19:40:10	48.0	47.0	18.4539
10/07/2017 19:40:21	49.0	50.0	23.5849
10/07/2017 19:40:32	52.0	51.0	18.5185
10/07/2017 19:40:43	52.0	52.0	13.3508
10/07/2017 19:40:54	53.0	53.0	12.336
10/07/2017 19:41:05	55.0	54.0	13.6483
10/07/2017 19:41:16	55.0	55.0	12.8272
10/07/2017 19:41:27	56.0	55.0	11.7801
10/07/2017 19:41:38	57.0	56.0	12.6316
10/07/2017 19:41:49	55.0	55.0	13.1234
10/07/2017 19:42:00	53.0	53.0	12.7937
10/07/2017 19:42:11	51.0	51.0	13.6483
10/07/2017 19:42:22	50.0	51.0	13.9474
10/07/2017 19:42:33	49.0	49.0	14.0992
10/07/2017 19:42:44	49.0	48.0	13.4921
10/07/2017 19:42:55	48.0	48.0	15.1832
10/07/2017 19:43:06	48.0	47.0	24.2353
10/07/2017 19:43:17	48.0	47.0	13.9474
10/07/2017 19:43:28	48.0	47.0	14.1732
10/07/2017 19:43:40	49.0	48.0	15.2231
10/07/2017 19:43:51	51.0	50.0	12.7937
10/07/2017 19:44:02	52.0	51.0	12.987
10/07/2017 19:44:13	53.0	52.0	12.336
10/07/2017 19:44:24	54.0	53.0	12.9288
10/07/2017 19:44:35	55.0	54.0	12.8272
10/07/2017 19:44:46	55.0	55.0	12.3037
10/07/2017 19:44:57	57.0	56.0	12.2715
10/07/2017 19:45:08	56.0	56.0	12.8272
10/07/2017 19:45:19	54.0	53.0	13.4921
10/07/2017 19:45:30	51.0	52.0	13.9474
10/07/2017 19:45:41	51.0	50.0	13.0319
10/07/2017 19:45:52	50.0	50.0	14.8438
10/07/2017 19:46:03	49.0	49.0	13.5279
10/07/2017 19:46:14	49.0	48.0	13.2979
10/07/2017 19:46:25	48.0	48.0	13.6842
10/07/2017 19:46:36	48.0	48.0	13.1926
10/07/2017 19:46:47	48.0	47.0	13.4565
10/07/2017 19:46:58	48.0	47.0	14.1361
10/07/2017 19:47:09	50.0	50.0	13.4211
10/07/2017 19:47:20	51.0	51.0	12.8947
10/07/2017 19:47:31	52.0	52.0	12.0735
10/07/2017 19:47:42	53.0	53.0	11.8421
10/07/2017 19:47:53	54.0	54.0	13.3159
10/07/2017 19:48:04	55.0	55.0	23.2719
10/07/2017 19:48:15	56.0	56.0	12.5654
10/07/2017 19:48:26	57.0	56.0	12.7937
10/07/2017 19:48:37	54.0	55.0	12.336
10/07/2017 19:48:49	53.0	53.0	12.9288
10/07/2017 19:49:00	51.0	51.0	15.8031
10/07/2017 19:49:11	50.0	50.0	13.9474
10/07/2017 19:49:22	49.0	49.0	13.3858
10/07/2017 19:49:33	49.0	48.0	12.963
10/07/2017 19:49:44	48.0	48.0	13.4921
10/07/2017 19:49:55	48.0	48.0	20.3431
10/07/2017 19:50:06	48.0	48.0	14.1732
10/07/2017 19:50:17	48.0	47.0	13.8743
10/07/2017 19:50:28	48.0	48.0	13.6483
10/07/2017 19:50:39	50.0	50.0	12.6316
10/07/2017 19:50:50	51.0	51.0	18.5
10/07/2017 19:51:01	52.0	53.0	12.3684
10/07/2017 19:51:12	53.0	53.0	13.0548
10/07/2017 19:51:23	55.0	54.0	13.3508
10/07/2017 19:51:34	55.0	55.0	13.5417
10/07/2017 19:51:45	55.0	56.0	12.3684
10/07/2017 19:51:56	56.0	56.0	12.0419
10/07/2017 19:52:07	54.0	54.0	14.0212
10/07/2017 19:52:18	52.0	51.0	13.3858
10/07/2017 19:52:29	50.0	50.0	16.0207
10/07/2017 19:52:40	50.0	50.0	12.963
10/07/2017 19:52:51	49.0	50.0	13.4565
10/07/2017 19:53:02	49.0	48.0	14.1361
10/07/2017 19:53:13	48.0	48.0	22.488
10/07/2017 19:53:24	47.0	47.0	12.8609
10/07/2017 19:53:35	47.0	47.0	13.4565
10/07/2017 19:53:47	48.0	47.0	13.1579
10/07/2017 19:53:58	47.0	47.0	13.9108
10/07/2017 19:54:09	49.0	49.0	13.2275
10/07/2017 19:54:20	50.0	50.0	13.4211
10/07/2017 19:54:31	52.0	52.0	12.8272
10/07/2017 19:54:42	54.0	53.0	13.0548
10/07/2017 19:54:53	54.0	54.0	13.089
10/07/2017 19:55:04	54.0	54.0	12.3037
10/07/2017 19:55:15	56.0	55.0	12.0735
10/07/2017 19:55:26	56.0	56.0	12.336
10/07/2017 19:55:37	55.0	55.0	12.5984
10/07/2017 19:55:48	53.0	53.0	13.4565
10/07/2017 19:55:59	51.0	51.0	13.1926
10/07/2017 19:56:10	50.0	50.0	13.9108
10/07/2017 19:56:21	49.0	50.0	13.4921
10/07/2017 19:56:32	49.0	49.0	12.9288
10/07/2017 19:56:43	48.0	48.0	13.4921
10/07/2017 19:56:54	48.0	48.0	14.4357
10/07/2017 19:57:05	48.0	48.0	13.7203
10/07/2017 19:57:16	48.0	47.0	14.1732
10/07/2017 19:57:27	47.0	46.0	13.6842
10/07/2017 19:57:38	48.0	48.0	15.4047
10/07/2017 19:57:49	50.0	49.0	13.3508
10/07/2017 19:58:00	50.0	51.0	14.1388
10/07/2017 19:58:11	52.0	52.0	12.8272
10/07/2017 19:58:22	53.0	53.0	12.4011
10/07/2017 19:58:33	55.0	53.0	12.4011
10/07/2017 19:58:44	55.0	55.0	12.5984
10/07/2017 19:58:55	56.0	56.0	12.0735
10/07/2017 19:59:07	57.0	56.0	13.3159
10/07/2017 19:59:18	55.0	54.0	12.3684
10/07/2017 19:59:29	53.0	53.0	13.3159
10/07/2017 19:59:40	51.0	51.0	14.0212
10/07/2017 19:59:51	50.0	50.0	14.5833
10/07/2017 20:00:02	49.0	50.0	13.9474
10/07/2017 20:00:13	48.0	48.0	13.7203
10/07/2017 20:00:24	48.0	48.0	13.5279
10/07/2017 20:00:35	48.0	47.0	13.6483
10/07/2017 20:00:46	48.0	47.0	14.1732
10/07/2017 20:00:57	47.0	47.0	13.4211
10/07/2017 20:01:08	47.0	47.0	16.0207
10/07/2017 20:01:19	49.0	49.0	12.3684
10/07/2017 20:01:30	51.0	51.0	13.9474
10/07/2017 20:01:41	52.0	51.0	18.3168
10/07/2017 20:01:52	53.0	53.0	13.0208
10/07/2017 20:02:03	54.0	53.0	11.3456
10/07/2017 20:02:14	55.0	55.0	13.0548
10/07/2017 20:02:25	55.0	55.0	12.5326
10/07/2017 20:02:36	57.0	56.0	12.0104
10/07/2017 20:02:47	55.0	56.0	12.8947
10/07/2017 20:02:58	53.0	53.0	13.4211
10/07/2017 20:03:09	51.0	52.0	13.9474
10/07/2017 20:03:20	50.0	51.0	13.4565
10/07/2017 20:03:31	50.0	50.0	14.2105
10/07/2017 20:03:42	49.0	49.0	14.8438
10/07/2017 20:03:53	48.0	48.0	14.4357
10/07/2017 20:04:05	48.0	48.0	13.9474
10/07/2017 20:04:16	48.0	47.0	13.7203
10/07/2017 20:04:27	47.0	47.0	13.4921
10/07/2017 20:04:38	47.0	47.0	13.9842
10/07/2017 20:04:49	48.0	48.0	13.9474
10/07/2017 20:05:00	49.0	50.0	19
10/07/2017 20:05:11	51.0	51.0	12.8609
10/07/2017 20:05:22	52.0	53.0	13.2812
10/07/2017 20:05:33	53.0	53.0	12.5
10/07/2017 20:05:44	54.0	54.0	13.1234
10/07/2017 20:05:55	55.0	54.0	12.5984
10/07/2017 20:06:06	55.0	55.0	12.0104
10/07/2017 20:06:17	56.0	56.0	13.0548
10/07/2017 20:06:28	55.0	55.0	12.0735
10/07/2017 20:06:39	53.0	53.0	17.1355
10/07/2017 20:06:50	51.0	51.0	13.9108
10/07/2017 20:07:01	50.0	50.0	21.1679
10/07/2017 20:07:12	49.0	49.0	13.7203
10/07/2017 20:07:23	49.0	49.0	15.7623
10/07/2017 20:07:34	49.0	48.0	13.7203
10/07/2017 20:07:45	48.0	48.0	13.7931
10/07/2017 20:07:56	48.0	48.0	13.2275
10/07/2017 20:08:07	48.0	47.0	14.248
10/07/2017 20:08:18	48.0	48.0	14.3979
10/07/2017 20:08:29	49.0	50.0	13.5279
10/07/2017 20:08:40	51.0	51.0	12.5984
10/07/2017 20:08:51	53.0	52.0	12.3684
10/07/2017 20:09:02	54.0	53.0	13.577
10/07/2017 20:09:14	54.0	54.0	15.5612
10/07/2017 20:09:25	55.0	55.0	12.336
10/07/2017 20:09:36	56.0	56.0	21.8527
10/07/2017 20:09:47	55.0	55.0	12.3684
10/07/2017 20:09:58	53.0	53.0	17.0051
10/07/2017 20:10:09	51.0	51.0	13.7203
10/07/2017 20:10:20	50.0	51.0	13.9474
10/07/2017 20:10:31	49.0	50.0	13.7203
10/07/2017 20:10:42	49.0	48.0	13.3858
10/07/2017 20:10:53	48.0	48.0	14.1732
10/07/2017 20:11:04	48.0	48.0	13.6483
10/07/2017 20:11:15	48.0	48.0	14.3979
10/07/2017 20:11:26	47.0	47.0	14.0212
10/07/2017 20:11:37	49.0	48.0	12.9973
10/07/2017 20:11:48	50.0	50.0	13.4211
10/07/2017 20:11:59	51.0	52.0	17.0426
10/07/2017 20:12:10	52.0	53.0	12.1372
10/07/2017 20:12:21	54.0	54.0	13.2468
10/07/2017 20:12:32	55.0	54.0	13.0208
10/07/2017 20:12:43	55.0	55.0	11.6095
10/07/2017 20:12:54	56.0	56.0	12.0419
10/07/2017 20:13:05	57.0	57.0	11.8421
10/07/2017 20:13:16	54.0	54.0	12.4011
10/07/2017 20:13:27	52.0	52.0	13.7203
10/07/2017 20:13:38	51.0	51.0	23.6842
10/07/2017 20:13:49	50.0	50.0	13.7566
10/07/2017 20:14:00	49.0	49.0	13.7566
10/07/2017 20:14:11	49.0	48.0	13.4565
10/07/2017 20:14:23	49.0	48.0	13.2275
10/07/2017 20:14:34	47.0	48.0	14.1732
10/07/2017 20:14:45	48.0	47.0	13.3858
10/07/2017 20:14:56	47.0	47.0	21.0654
10/07/2017 20:15:07	49.0	48.0	12.963
10/07/2017 20:15:18	51.0	51.0	14.2105
10/07/2017 20:15:29	52.0	51.0	12.3037
10/07/2017 20:15:40	53.0	53.0	12.8609
10/07/2017 20:15:51	54.0	54.0	13.6126
10/07/2017 20:16:02	55.0	55.0	12.3684
10/07/2017 20:16:13	56.0	55.0	12.2396
10/07/2017 20:16:24	56.0	56.0	12.336
10/07/2017 20:16:35	55.0	55.0	11.8734
10/07/2017 20:16:46	53.0	53.0	13.9474
10/07/2017 20:16:57	51.0	51.0	13.6483
10/07/2017 20:17:08	50.0	50.0	14.8438
10/07/2017 20:17:19	49.0	49.0	13.3858
10/07/2017 20:17:30	49.0	48.0	13.6483
10/07/2017 20:17:41	48.0	48.0	13.6842
10/07/2017 20:17:52	48.0	48.0	13.1926
10/07/2017 20:18:03	47.0	48.0	19.5545
10/07/2017 20:18:14	47.0	47.0	13.1926
10/07/2017 20:18:25	47.0	47.0	13.9474
10/07/2017 20:18:36	48.0	49.0	13.4565
10/07/2017 20:18:47	50.0	51.0	13.7566
10/07/2017 20:18:58	52.0	51.0	18.5644
10/07/2017 20:19:09	53.0	53.0	12.5326
10/07/2017 20:19:21	54.0	54.0	12.5326
10/07/2017 20:19:32	54.0	54.0	12.8272
10/07/2017 20:19:43	55.0	55.0	12.336
10/07/2017 20:19:54	57.0	56.0	12.987
10/07/2017 20:20:05	57.0	56.0	12.5326
10/07/2017 20:20:16	54.0	54.0	12.1693
10/07/2017 20:20:27	52.0	52.0	13.4921
10/07/2017 20:20:38	51.0	51.0	13.4565
10/07/2017 20:20:49	50.0	50.0	14.2105
10/07/2017 20:21:00	50.0	50.0	13.9474
10/07/2017 20:21:11	49.0	49.0	13.2275
10/07/2017 20:21:22	48.0	48.0	14.2105
10/07/2017 20:21:33	48.0	47.0	14.4737
10/07/2017 20:21:44	48.0	48.0	13.6842
10/07/2017 20:21:55	48.0	48.0	13.6842
10/07/2017 20:22:06	47.0	47.0	12.9973
10/07/2017 20:22:17	47.0	47.0	22.488
10/07/2017 20:22:28	49.0	49.0	13.1926
10/07/2017 20:22:39	50.0	51.0	13.5279
10/07/2017 20:22:50	52.0	52.0	12.3037
10/07/2017 20:23:01	53.0	53.0	12.8609
10/07/2017 20:23:12	54.0	54.0	13.089
10/07/2017 20:23:23	55.0	55.0	11.8734
10/07/2017 20:23:34	55.0	55.0	11.811
10/07/2017 20:23:45	57.0	56.0	17.1285
10/07/2017 20:23:56	55.0	54.0	12.8272
10/07/2017 20:24:07	53.0	52.0	14.1732
10/07/2017 20:24:18	51.0	51.0	13.6842
10/07/2017 20:24:30	50.0	50.0	12.9973
10/07/2017 20:24:41	50.0	49.0	14.3229
10/07/2017 20:24:52	49.0	48.0	13.9474
10/07/2017 20:25:03	48.0	48.0	14.8148
10/07/2017 20:25:14	48.0	47.0	15.0259
10/07/2017 20:25:25	48.0	47.0	14.5119
10/07/2017 20:25:36	47.0	47.0	13.1926
10/07/2017 20:25:47	48.0	48.0	13.7203
10/07/2017 20:25:58	50.0	49.0	13.6842
10/07/2017 20:26:09	51.0	51.0	14.8052
10/07/2017 20:26:20	51.0	52.0	12.5984
10/07/2017 20:26:31	53.0	53.0	12.5326
10/07/2017 20:26:42	54.0	54.0	16.7513
10/07/2017 20:26:53	55.0	54.0	12.7937
10/07/2017 20:27:04	55.0	55.0	12.1372
10/07/2017 20:27:15	57.0	56.0	12.5654
10/07/2017 20:27:26	56.0	55.0	12.6649
10/07/2017 20:27:37	53.0	53.0	13.8743
10/07/2017 20:27:48	52.0	51.0	14.1732
10/07/2017 20:27:59	50.0	50.0	12.7321
10/07/2017 20:28:10	49.0	50.0	20.3931
10/07/2017 20:28:21	49.0	48.0	13.4565
10/07/2017 20:28:32	48.0	48.0	14.1361
10/07/2017 20:28:43	48.0	48.0	14.6982
10/07/2017 20:28:54	48.0	47.0	14.2105
10/07/2017 20:29:05	48.0	47.0	14.1732
10/07/2017 20:29:16	48.0	48.0	13.7203
10/07/2017 20:29:28	50.0	49.0	13.7566
10/07/2017 20:29:39	51.0	51.0	16.0714
10/07/2017 20:29:50	52.0	53.0	13.3159
10/07/2017 20:30:01	54.0	53.0	12.7937
10/07/2017 20:30:12	54.0	54.0	12.8272
10/07/2017 20:30:23	55.0	55.0	11.5789
10/07/2017 20:30:34	56.0	55.0	13.0548
10/07/2017 20:30:45	57.0	56.0	13.0548
10/07/2017 20:30:56	55.0	55.0	12.8947
10/07/2017 20:31:07	52.0	53.0	14.2105
10/07/2017 20:31:18	50.0	51.0	14.248
10/07/2017 20:31:29	50.0	50.0	13.6842
10/07/2017 20:31:40	49.0	49.0	23.8095
10/07/2017 20:31:51	48.0	49.0	13.9842
10/07/2017 20:32:02	48.0	47.0	15.5844
10/07/2017 20:32:13	48.0	47.0	14.1732
10/07/2017 20:32:24	47.0	47.0	13.7203
10/07/2017 20:32:35	47.0	47.0	13.9842
10/07/2017 20:32:46	49.0	48.0	16.6667
10/07/2017 20:32:57	50.0	50.0	13.4565
10/07/2017 20:33:08	51.0	51.0	12.3684
10/07/2017 20:33:19	52.0	53.0	12.8609
10/07/2017 20:33:30	54.0	54.0	13.1234
10/07/2017 20:33:41	55.0	54.0	13.7662
10/07/2017 20:33:52	56.0	54.0	15.3061
10/07/2017 20:34:03	56.0	55.0	12.8272
10/07/2017 20:34:14	57.0	56.0	13.4921
10/07/2017 20:34:25	55.0	55.0	13.089
10/07/2017 20:34:37	53.0	52.0	13.3858
10/07/2017 20:34:48	51.0	51.0	14.0584
10/07/2017 20:34:59	50.0	50.0	14.4357
10/07/2017 20:35:10	49.0	48.0	13.4921
10/07/2017 20:35:21	48.0	48.0	13.2626
10/07/2017 20:35:32	48.0	48.0	13.7203
10/07/2017 20:35:43	48.0	47.0	13.7566
10/07/2017 20:35:54	48.0	47.0	14.3979
10/07/2017 20:36:05	49.0	49.0	13.9474
10/07/2017 20:36:16	50.0	51.0	13.4921
10/07/2017 20:36:27	51.0	52.0	12.8609
10/07/2017 20:36:38	52.0	53.0	11.811
10/07/2017 20:36:49	54.0	54.0	12.6316
10/07/2017 20:37:00	55.0	54.0	13.3858
10/07/2017 20:37:11	55.0	55.0	12.8947
10/07/2017 20:37:22	56.0	55.0	12.7604
10/07/2017 20:37:33	56.0	55.0	12.6316
10/07/2017 20:37:44	53.0	53.0	13.7203
10/07/2017 20:37:55	52.0	51.0	19.403
10/07/2017 20:38:06	51.0	51.0	15.1042
10/07/2017 20:38:17	49.0	50.0	13.9108
10/07/2017 20:38:28	49.0	48.0	14.4357
10/07/2017 20:38:39	49.0	48.0	13.7203
10/07/2017 20:38:50	48.0	47.0	14.4737
10/07/2017 20:39:01	48.0	47.0	14.2105
10/07/2017 20:39:12	49.0	48.0	16.188
10/07/2017 20:39:23	50.0	50.0	16.8831
10/07/2017 20:39:34	51.0	52.0	14.4357
10/07/2017 20:39:46	53.0	53.0	12.3037
10/07/2017 20:39:57	53.0	53.0	12.8272
10/07/2017 20:40:08	54.0	54.0	12.1372
10/07/2017 20:40:19	55.0	55.0	15.5216
10/07/2017 20:40:30	56.0	56.0	11.811
10/07/2017 20:40:41	56.0	55.0	16.9713
10/07/2017 20:40:52	54.0	54.0	18.8482
10/07/2017 20:41:03	52.0	53.0	19.1099
10/07/2017 20:41:14	51.0	51.0	17.4026
10/07/2017 20:41:25	50.0	51.0	17.0604
10/07/2017 20:41:36	50.0	50.0	18.0628
10/07/2017 20:41:47	50.0	49.0	15.3247
10/07/2017 20:41:58	49.0	48.0	16.9271
10/07/2017 20:42:09	49.0	48.0	17.1429
10/07/2017 20:42:20	48.0	48.0	17.4479
10/07/2017 20:42:31	48.0	48.0	17.4479
10/07/2017 20:42:42	48.0	48.0	18.5379
10/07/2017 20:42:53	48.0	48.0	13.6951
10/07/2017 20:43:04	47.0	47.0	32.8767
10/07/2017 20:43:15	48.0	48.0	21
10/07/2017 20:43:26	50.0	50.0	18.1579
10/07/2017 20:43:37	53.0	52.0	17.7083
10/07/2017 20:43:49	53.0	53.0	18.4896
10/07/2017 20:44:00	55.0	54.0	18.75
10/07/2017 20:44:11	56.0	55.0	21.4099
10/07/2017 20:44:22	57.0	56.0	17.9221
10/07/2017 20:44:33	55.0	54.0	19.1099
10/07/2017 20:44:44	53.0	53.0	17.4026
10/07/2017 20:44:55	52.0	52.0	16.7539
10/07/2017 20:45:06	51.0	51.0	19.6891
10/07/2017 20:45:17	50.0	50.0	19.6335
10/07/2017 20:45:28	50.0	50.0	15.9686
10/07/2017 20:45:39	50.0	50.0	17.7546
10/07/2017 20:45:50	49.0	49.0	20.3655
10/07/2017 20:46:01	49.0	49.0	18.0157
10/07/2017 20:46:12	49.0	48.0	19.7917
10/07/2017 20:46:23	48.0	48.0	16.8831
10/07/2017 20:46:34	48.0	48.0	18.4211
10/07/2017 20:46:45	48.0	48.0	19.0104
10/07/2017 20:46:56	48.0	48.0	17.7546
10/07/2017 20:47:07	47.0	48.0	23.7864
10/07/2017 20:47:18	49.0	48.0	16.4921
10/07/2017 20:47:29	48.0	48.0	17.4479
10/07/2017 20:47:40	48.0	47.0	15.5844
10/07/2017 20:47:51	48.0	48.0	17.5853
10/07/2017 20:48:02	48.0	47.0	19.0104
10/07/2017 20:48:13	49.0	48.0	14.2857
10/07/2017 20:48:24	48.0	47.0	17.3228
10/07/2017 20:48:35	48.0	47.0	22.7384
10/07/2017 20:48:46	48.0	47.0	17.1875
10/07/2017 20:48:57	49.0	48.0	18.5379
10/07/2017 20:49:08	51.0	50.0	17.801
10/07/2017 20:49:19	52.0	52.0	17.801
10/07/2017 20:49:30	53.0	53.0	23.5437
10/07/2017 20:49:41	55.0	54.0	18.2768
10/07/2017 20:49:52	56.0	55.0	18.1102
10/07/2017 20:50:03	57.0	56.0	17.4479
10/07/2017 20:50:14	55.0	54.0	16.7102
10/07/2017 20:50:25	53.0	53.0	23.1144
10/07/2017 20:50:36	52.0	52.0	18.5864
10/07/2017 20:50:47	51.0	51.0	17.4935
10/07/2017 20:50:59	50.0	51.0	17.7546
10/07/2017 20:51:10	50.0	50.0	17.8478
10/07/2017 20:51:21	49.0	49.0	17.9221
10/07/2017 20:51:32	50.0	50.0	17.2775
10/07/2017 20:51:43	50.0	48.0	15.6658
10/07/2017 20:51:54	48.0	48.0	19.3717
10/07/2017 20:52:05	49.0	48.0	17.801
10/07/2017 20:52:16	48.0	48.0	19.3211
10/07/2017 20:52:27	48.0	47.0	14.5833
10/07/2017 20:52:38	48.0	48.0	19.8492
10/07/2017 20:52:49	48.0	48.0	18.799
10/07/2017 20:53:00	48.0	47.0	18.0157
10/07/2017 20:53:11	47.0	47.0	19.3798
10/07/2017 20:53:22	48.0	47.0	16.0526
10/07/2017 20:53:33	50.0	49.0	16.8831
10/07/2017 20:53:44	51.0	52.0	18.6352
10/07/2017 20:53:55	53.0	52.0	20
10/07/2017 20:54:06	55.0	54.0	14.9215
10/07/2017 20:54:17	55.0	55.0	21.8274
10/07/2017 20:54:28	57.0	57.0	16.6667
10/07/2017 20:54:39	55.0	55.0	18.1102
10/07/2017 20:54:50	53.0	53.0	16.4921
10/07/2017 20:55:01	52.0	51.0	17.801
10/07/2017 20:55:12	51.0	51.0	18.2768
10/07/2017 20:55:23	50.0	50.0	16.2304
10/07/2017 20:55:34	51.0	50.0	20.1044
10/07/2017 20:55:45	50.0	50.0	17.6623
10/07/2017 20:55:56	49.0	49.0	22.7603
10/07/2017 20:56:07	49.0	49.0	18.1818
10/07/2017 20:56:18	49.0	48.0	17.7546
10/07/2017 20:56:29	48.0	48.0	16.4062
10/07/2017 20:56:40	48.0	48.0	18.2768
10/07/2017 20:56:51	48.0	48.0	13.2626
10/07/2017 20:57:02	47.0	48.0	13.7566
10/07/2017 20:57:13	47.0	47.0	16.7979
10/07/2017 20:57:24	50.0	50.0	16.188
10/07/2017 20:57:35	51.0	51.0	18.4416
10/07/2017 20:57:46	53.0	53.0	17.4479
10/07/2017 20:57:57	54.0	54.0	23.1504
10/07/2017 20:58:08	55.0	55.0	16.5354
10/07/2017 20:58:20	57.0	56.0	18.0628
10/07/2017 20:58:31	55.0	54.0	18.5864
10/07/2017 20:58:42	53.0	53.0	18.799
10/07/2017 20:58:53	52.0	52.0	17.9221
10/07/2017 20:59:04	51.0	51.0	18.8976
10/07/2017 20:59:15	51.0	50.0	17.4026
10/07/2017 20:59:26	50.0	50.0	20.4188
10/07/2017 20:59:37	50.0	50.0	19.4226
10/07/2017 20:59:48	49.0	50.0	17.801
10/07/2017 20:59:59	49.0	49.0	21.2042
10/07/2017 21:00:10	49.0	48.0	14.5833
10/07/2017 21:00:21	49.0	49.0	18.3938
10/07/2017 21:00:32	49.0	48.0	17.0157
10/07/2017 21:00:43	49.0	48.0	24.8193
10/07/2017 21:00:54	49.0	48.0	18.3246
10/07/2017 21:01:05	48.0	48.0	18.2519
10/07/2017 21:01:16	49.0	48.0	18.4896
10/07/2017 21:01:27	49.0	48.0	18.0157
10/07/2017 21:01:38	48.0	48.0	18.6352
10/07/2017 21:01:49	47.0	47.0	20.8877
10/07/2017 21:02:00	48.0	48.0	17.6623
10/07/2017 21:02:11	48.0	48.0	17.3228
10/07/2017 21:02:22	47.0	48.0	18.0628
10/07/2017 21:02:33	48.0	47.0	17.4935
10/07/2017 21:02:44	48.0	47.0	19.3717
10/07/2017 21:02:55	48.0	48.0	17.0604
10/07/2017 21:03:06	50.0	50.0	17.8478
10/07/2017 21:03:17	51.0	51.0	15.9269
10/07/2017 21:03:28	52.0	53.0	18.1818
10/07/2017 21:03:39	55.0	54.0	19.0601
10/07/2017 21:03:50	55.0	55.0	16.6234
10/07/2017 21:04:01	57.0	56.0	17.1429
10/07/2017 21:04:12	56.0	55.0	17.6166
10/07/2017 21:04:23	54.0	53.0	16.6667
10/07/2017 21:04:34	52.0	52.0	22.9064
10/07/2017 21:04:45	52.0	51.0	18.3246
10/07/2017 21:04:56	50.0	50.0	21.8362
10/07/2017 21:05:07	51.0	50.0	16.8394
10/07/2017 21:05:18	50.0	50.0	20.1031
10/07/2017 21:05:29	49.0	48.0	18.2768
10/07/2017 21:05:41	49.0	48.0	16.7539
10/07/2017 21:05:52	49.0	48.0	17.7546
10/07/2017 21:06:03	49.0	48.0	18.3727
10/07/2017 21:06:14	49.0	48.0	17.2324
10/07/2017 21:06:25	49.0	48.0	18.2292
10/07/2017 21:06:36	50.0	49.0	23.6041
10/07/2017 21:06:47	49.0	48.0	19.9482
10/07/2017 21:06:58	48.0	48.0	16.5803
10/07/2017 21:07:09	48.0	48.0	18.6352
10/07/2017 21:07:20	49.0	48.0	19.0104
10/07/2017 21:07:31	48.0	48.0	21.8182
10/07/2017 21:07:42	50.0	49.0	19.7943
10/07/2017 21:07:53	50.0	50.0	13.1579
10/07/2017 21:08:04	48.0	48.0	18.3463
10/07/2017 21:08:15	49.0	48.0	19.1099
10/07/2017 21:08:26	48.0	48.0	20.5387
10/07/2017 21:08:37	48.0	48.0	23.8916
10/07/2017 21:08:48	48.0	47.0	18.4416
10/07/2017 21:08:59	49.0	47.0	18.4416
10/07/2017 21:09:10	48.0	48.0	17.5853
10/07/2017 21:09:21	48.0	48.0	16.7539
10/07/2017 21:09:32	47.0	47.0	21.8045
10/07/2017 21:09:43	48.0	48.0	16.9271
10/07/2017 21:09:54	48.0	48.0	17.1053
10/07/2017 21:10:05	48.0	47.0	18.863
10/07/2017 21:10:16	48.0	47.0	13.7203
10/07/2017 21:10:27	48.0	46.0	13.9842
10/07/2017 21:10:39	50.0	49.0	18.5464
10/07/2017 21:10:50	51.0	51.0	14.1732
10/07/2017 21:11:01	52.0	52.0	12.8272
10/07/2017 21:11:12	53.0	53.0	12.7937
10/07/2017 21:11:23	54.0	54.0	12.7937
10/07/2017 21:11:34	55.0	54.0	12.7937
10/07/2017 21:11:45	55.0	55.0	11.811
10/07/2017 21:11:56	56.0	56.0	12.6316
10/07/2017 21:12:07	55.0	54.0	13.1234
10/07/2017 21:12:18	52.0	53.0	13.4211
10/07/2017 21:12:29	51.0	51.0	13.6483
10/07/2017 21:12:40	50.0	50.0	14.2105
10/07/2017 21:12:51	49.0	49.0	15.7623
10/07/2017 21:13:02	49.0	48.0	13.6842
10/07/2017 21:13:13	48.0	48.0	17.4479
10/07/2017 21:13:24	49.0	48.0	17.9688
10/07/2017 21:13:35	48.0	48.0	18.5379
10/07/2017 21:13:46	48.0	48.0	17.4026
10/07/2017 21:13:57	49.0	48.0	16.3636
10/07/2017 21:14:08	48.0	48.0	18.8482
10/07/2017 21:14:19	49.0	48.0	17.7546
10/07/2017 21:14:30	49.0	49.0	20.7921
10/07/2017 21:14:41	49.0	48.0	18.961
10/07/2017 21:14:52	48.0	48.0	17.801
10/07/2017 21:15:03	48.0	48.0	18.9119
10/07/2017 21:15:14	49.0	48.0	21.2346
10/07/2017 21:15:25	48.0	48.0	19.8433
10/07/2017 21:15:36	48.0	48.0	16.6667
10/07/2017 21:15:47	48.0	48.0	18.2768
10/07/2017 21:15:58	48.0	48.0	18.3246
10/07/2017 21:16:09	48.0	47.0	22.0844
10/07/2017 21:16:20	48.0	48.0	18.0157
10/07/2017 21:16:31	48.0	47.0	18.2292
10/07/2017 21:16:42	48.0	47.0	18.3246
10/07/2017 21:16:54	48.0	47.0	17.8478
10/07/2017 21:17:05	48.0	47.0	17.4935
10/07/2017 21:17:16	48.0	48.0	18.3246
10/07/2017 21:17:27	48.0	47.0	17.8947
10/07/2017 21:17:38	47.0	47.0	25.495
10/07/2017 21:17:49	49.0	48.0	18.3246
10/07/2017 21:18:00	51.0	51.0	15.4047
10/07/2017 21:18:11	53.0	52.0	15.9269
10/07/2017 21:18:22	54.0	54.0	17.8478
10/07/2017 21:18:33	55.0	55.0	16.7979
10/07/2017 21:18:44	57.0	56.0	18.75
10/07/2017 21:18:55	55.0	54.0	17.2324
10/07/2017 21:19:06	53.0	53.0	18.3246
10/07/2017 21:19:17	51.0	51.0	18.8976
10/07/2017 21:19:28	50.0	51.0	17.1429
10/07/2017 21:19:39	50.0	50.0	18.6352
10/07/2017 21:19:50	49.0	50.0	16.5375
10/07/2017 21:20:01	49.0	49.0	17.4479
10/07/2017 21:20:12	51.0	50.0	18.799
10/07/2017 21:20:23	49.0	48.0	16.7539
10/07/2017 21:20:34	49.0	48.0	19.0601
10/07/2017 21:20:45	49.0	48.0	16.6227
10/07/2017 21:20:56	49.0	48.0	17.7546
10/07/2017 21:21:07	49.0	48.0	18.4416
10/07/2017 21:21:18	48.0	48.0	18.2768
10/07/2017 21:21:29	49.0	48.0	18.3938
10/07/2017 21:21:40	49.0	48.0	14.6214
10/07/2017 21:21:51	47.0	48.0	13.9108
10/07/2017 21:22:02	48.0	47.0	13.9474
10/07/2017 21:22:13	49.0	48.0	14.2105
10/07/2017 21:22:24	51.0	50.0	15.0649
10/07/2017 21:22:35	52.0	52.0	18.1592
10/07/2017 21:22:46	53.0	53.0	12.6316
10/07/2017 21:22:57	54.0	54.0	12.8272
10/07/2017 21:23:08	55.0	54.0	13.1234
10/07/2017 21:23:20	56.0	56.0	11.811
10/07/2017 21:23:31	57.0	57.0	12.5326
10/07/2017 21:23:42	55.0	54.0	12.3037
10/07/2017 21:23:53	53.0	52.0	13.9108
10/07/2017 21:24:04	51.0	51.0	13.4921
10/07/2017 21:24:15	50.0	50.0	17.5573
10/07/2017 21:24:26	50.0	49.0	19.1601
10/07/2017 21:24:37	50.0	49.0	19.0601
10/07/2017 21:24:48	50.0	49.0	17.0157
10/07/2017 21:24:59	50.0	48.0	16.9271
10/07/2017 21:25:10	49.0	49.0	20.1044
10/07/2017 21:25:21	49.0	48.0	20.8877
10/07/2017 21:25:32	49.0	48.0	18.75
10/07/2017 21:25:43	49.0	49.0	19.084
10/07/2017 21:25:54	49.0	48.0	18.8482
10/07/2017 21:26:05	49.0	48.0	17.0103
10/07/2017 21:26:16	48.0	48.0	17.4479
10/07/2017 21:26:27	49.0	48.0	18.3727
10/07/2017 21:26:38	49.0	48.0	16.3636
10/07/2017 21:26:49	49.0	48.0	22.7273
10/07/2017 21:27:00	49.0	48.0	17.8478
10/07/2017 21:27:11	49.0	48.0	16.9271
10/07/2017 21:27:22	48.0	47.0	17.7083
10/07/2017 21:27:33	48.0	48.0	17.7083
10/07/2017 21:27:44	48.0	48.0	17.0157
10/07/2017 21:27:55	48.0	47.0	18.5864
10/07/2017 21:28:06	48.0	48.0	16.9713
10/07/2017 21:28:17	48.0	47.0	16.6667
10/07/2017 21:28:28	48.0	47.0	17.4479
10/07/2017 21:28:39	48.0	47.0	17.7083
10/07/2017 21:28:50	48.0	47.0	17.5711
10/07/2017 21:29:01	48.0	47.0	17.3228
10/07/2017 21:29:12	48.0	47.0	17.9221
10/07/2017 21:29:23	48.0	47.0	18.7013
10/07/2017 21:29:34	48.0	47.0	16.7959
10/07/2017 21:29:45	48.0	47.0	18.0157
10/07/2017 21:29:56	48.0	47.0	16.5354
10/07/2017 21:30:08	48.0	48.0	14.0992
10/07/2017 21:30:19	48.0	47.0	18.799
10/07/2017 21:30:30	48.0	47.0	17.5711
10/07/2017 21:30:41	48.0	47.0	17.7083
10/07/2017 21:30:52	48.0	47.0	17.4479
10/07/2017 21:31:03	48.0	47.0	18.1347
10/07/2017 21:31:14	48.0	48.0	18.2768
10/07/2017 21:31:25	48.0	47.0	20.398
10/07/2017 21:31:36	48.0	47.0	17.0604
10/07/2017 21:31:47	48.0	47.0	17.7083
10/07/2017 21:31:58	48.0	47.0	17.0157
10/07/2017 21:32:09	48.0	47.0	20.1018
10/07/2017 21:32:20	47.0	47.0	16.6667
10/07/2017 21:32:31	48.0	48.0	15.1832
10/07/2017 21:32:42	51.0	51.0	15.8442
10/07/2017 21:32:53	52.0	52.0	16.8831
10/07/2017 21:33:04	54.0	53.0	20.1571
10/07/2017 21:33:15	55.0	54.0	18.961
10/07/2017 21:33:26	56.0	56.0	18.8976
10/07/2017 21:33:37	57.0	56.0	20.155
10/07/2017 21:33:48	55.0	54.0	16.4921
10/07/2017 21:33:59	54.0	53.0	17.7546
10/07/2017 21:34:10	52.0	51.0	20.2597
10/07/2017 21:34:21	52.0	51.0	20.1044
10/07/2017 21:34:32	52.0	51.0	17.801
10/07/2017 21:34:43	50.0	50.0	18.0157
10/07/2017 21:34:54	50.0	50.0	18.2768
10/07/2017 21:35:05	50.0	50.0	18.0628
10/07/2017 21:35:16	50.0	48.0	17.5393
10/07/2017 21:35:27	50.0	49.0	16.1039
10/07/2017 21:35:38	49.0	49.0	15.8442
10/07/2017 21:35:49	49.0	48.0	16.9713
10/07/2017 21:36:00	48.0	48.0	21.7617
10/07/2017 21:36:11	51.0	50.0	18.2051
10/07/2017 21:36:22	51.0	50.0	20.4134
10/07/2017 21:36:33	50.0	51.0	21.7172
10/07/2017 21:36:44	51.0	50.0	21.5938
10/07/2017 21:36:55	51.0	50.0	21.2987
10/07/2017 21:37:06	50.0	50.0	17.3127
10/07/2017 21:37:17	51.0	50.0	25
10/07/2017 21:37:28	50.0	50.0	20.8763
10/07/2017 21:37:39	51.0	51.0	19.7403
10/07/2017 21:37:50	51.0	51.0	19.171
10/07/2017 21:38:01	51.0	51.0	19.6382
10/07/2017 21:38:12	52.0	51.0	20.6718
10/07/2017 21:38:24	52.0	52.0	19.171
10/07/2017 21:38:35	52.0	51.0	20.3125
10/07/2017 21:38:46	50.0	50.0	19.8966
10/07/2017 21:38:57	51.0	51.0	18.6047
10/07/2017 21:39:08	52.0	51.0	19.3299
10/07/2017 21:39:19	51.0	51.0	39.521
10/07/2017 21:39:30	53.0	51.0	18.7831
10/07/2017 21:39:41	49.0	49.0	19.1099
10/07/2017 21:39:52	50.0	49.0	17.4935
10/07/2017 21:40:03	49.0	48.0	18.1579
10/07/2017 21:40:14	49.0	49.0	17.801
10/07/2017 21:40:25	49.0	48.0	18.6352
10/07/2017 21:40:36	49.0	48.0	18.0157
10/07/2017 21:40:47	49.0	48.0	16.6234
10/07/2017 21:40:58	48.0	48.0	19.2708
10/07/2017 21:41:09	48.0	48.0	17.1875
10/07/2017 21:41:20	48.0	48.0	19.0104
10/07/2017 21:41:31	48.0	47.0	17.9688
10/07/2017 21:41:42	48.0	48.0	19.7403
10/07/2017 21:41:53	48.0	48.0	17.3228
10/07/2017 21:42:04	48.0	47.0	18.4211
10/07/2017 21:42:15	48.0	48.0	18.2768
10/07/2017 21:42:26	48.0	47.0	16.4948
10/07/2017 21:42:37	47.0	47.0	18.6528
10/07/2017 21:42:48	50.0	50.0	18.9526
10/07/2017 21:42:59	52.0	51.0	16.3636
10/07/2017 21:43:10	53.0	53.0	17.1053
10/07/2017 21:43:21	54.0	54.0	17.4935
10/07/2017 21:43:32	55.0	55.0	18.1818
10/07/2017 21:43:43	56.0	56.0	19.1099
10/07/2017 21:43:54	55.0	55.0	17.9688
10/07/2017 21:44:05	54.0	53.0	18.3463
10/07/2017 21:44:16	52.0	52.0	19.0601
10/07/2017 21:44:27	51.0	51.0	18.2292
10/07/2017 21:44:38	50.0	50.0	16.7102
10/07/2017 21:44:50	50.0	50.0	18.0157
10/07/2017 21:45:01	50.0	50.0	17.2324
10/07/2017 21:45:12	50.0	50.0	19.171
10/07/2017 21:45:23	49.0	49.0	19.0104
10/07/2017 21:45:34	49.0	49.0	17.7546
10/07/2017 21:45:45	50.0	48.0	18.5379
10/07/2017 21:45:56	49.0	49.0	16.4062
10/07/2017 21:46:07	49.0	48.0	20.1044
10/07/2017 21:46:18	49.0	48.0	18.0628
10/07/2017 21:46:29	49.0	48.0	17.3228
10/07/2017 21:46:40	49.0	48.0	17.4242
10/07/2017 21:46:51	49.0	48.0	17.7546
10/07/2017 21:47:02	48.0	48.0	19.3717
10/07/2017 21:47:13	48.0	48.0	16.9713
10/07/2017 21:47:24	49.0	48.0	18.75
10/07/2017 21:47:35	48.0	48.0	16.9713
10/07/2017 21:47:46	48.0	47.0	17.9221
10/07/2017 21:47:57	48.0	47.0	20.3474
10/07/2017 21:48:08	48.0	47.0	16.1458
10/07/2017 21:48:19	48.0	47.0	19.9482
10/07/2017 21:48:30	48.0	47.0	18.3938
10/07/2017 21:48:41	48.0	47.0	18.1102
10/07/2017 21:48:52	48.0	47.0	22.0551
10/07/2017 21:49:03	48.0	47.0	18.75
10/07/2017 21:49:14	48.0	47.0	16.4491
10/07/2017 21:49:25	48.0	47.0	17.8478
10/07/2017 21:49:36	48.0	47.0	26.3415
10/07/2017 21:49:47	49.0	47.0	17.2324
10/07/2017 21:49:58	48.0	47.0	20.5195
10/07/2017 21:50:09	48.0	47.0	16.4491
10/07/2017 21:50:20	48.0	47.0	19.7995
10/07/2017 21:50:31	48.0	48.0	17.1875
10/07/2017 21:50:42	47.0	47.0	18.4211
10/07/2017 21:50:53	48.0	47.0	18.3246
10/07/2017 21:51:04	47.0	47.0	17.9688
10/07/2017 21:51:15	48.0	47.0	17.7083
10/07/2017 21:51:26	48.0	47.0	16.6667
10/07/2017 21:51:37	48.0	47.0	17.2775
10/07/2017 21:51:48	47.0	47.0	17.4026
10/07/2017 21:51:59	48.0	47.0	17.5393
10/07/2017 21:52:11	48.0	47.0	17.4935
10/07/2017 21:52:22	47.0	47.0	16.9271
10/07/2017 21:52:33	48.0	48.0	16.6227
10/07/2017 21:52:44	49.0	50.0	16.4062
10/07/2017 21:52:55	51.0	51.0	16.7102
10/07/2017 21:53:06	53.0	53.0	18.2768
10/07/2017 21:53:17	54.0	54.0	18.5379
10/07/2017 21:53:28	55.0	55.0	15.8854
10/07/2017 21:53:39	56.0	56.0	20.7254
10/07/2017 21:53:50	57.0	56.0	19.0601
10/07/2017 21:54:01	54.0	53.0	17.801
10/07/2017 21:54:12	52.0	51.0	18.2292
10/07/2017 21:54:23	51.0	51.0	17.4479
10/07/2017 21:54:34	50.0	50.0	19.2105
10/07/2017 21:54:45	50.0	49.0	18.4896
10/07/2017 21:54:56	50.0	49.0	19.3211
10/07/2017 21:55:07	49.0	48.0	17.2237
10/07/2017 21:55:18	49.0	48.0	19.0722
10/07/2017 21:55:29	49.0	48.0	18.961
10/07/2017 21:55:40	49.0	48.0	19.0104
10/07/2017 21:55:51	49.0	48.0	16.5354
10/07/2017 21:56:02	49.0	48.0	16.7102
10/07/2017 21:56:13	49.0	49.0	18.6842
10/07/2017 21:56:24	49.0	49.0	22.9064
10/07/2017 21:56:35	48.0	48.0	18.9474
10/07/2017 21:56:46	48.0	48.0	16.8421
10/07/2017 21:56:57	48.0	48.0	18.75
10/07/2017 21:57:08	49.0	47.0	17.1875
10/07/2017 21:57:19	48.0	48.0	18.799
10/07/2017 21:57:30	48.0	48.0	17.8947
10/07/2017 21:57:41	49.0	48.0	19.9495
10/07/2017 21:57:52	49.0	48.0	15.7068
10/07/2017 21:58:03	49.0	48.0	17.3127
10/07/2017 21:58:14	49.0	48.0	19.1099
10/07/2017 21:58:25	48.0	47.0	19.3211
10/07/2017 21:58:36	49.0	48.0	17.3228
10/07/2017 21:58:47	48.0	48.0	19.0601
10/07/2017 21:58:58	48.0	48.0	18.6842
10/07/2017 21:59:09	49.0	48.0	17.7083
10/07/2017 21:59:20	48.0	48.0	17.5393
10/07/2017 21:59:32	48.0	48.0	16.1039
10/07/2017 21:59:43	48.0	48.0	17.1875
10/07/2017 21:59:54	48.0	48.0	17.2324
10/07/2017 22:00:05	48.0	48.0	19.0104
10/07/2017 22:00:16	49.0	48.0	17.5393
10/07/2017 22:00:27	48.0	47.0	21.0127
10/07/2017 22:00:38	49.0	48.0	17.1875
10/07/2017 22:00:49	48.0	47.0	21.9277
10/07/2017 22:01:00	49.0	48.0	19.2708
10/07/2017 22:01:11	48.0	47.0	21.9512
10/07/2017 22:01:22	49.0	48.0	17.4935
10/07/2017 22:01:33	48.0	48.0	20.202
10/07/2017 22:01:44	48.0	47.0	17.9221
10/07/2017 22:01:55	48.0	47.0	18.2051
10/07/2017 22:02:06	48.0	47.0	16.1039
10/07/2017 22:02:17	48.0	47.0	17.3913
10/07/2017 22:02:28	47.0	48.0	14.5119
10/07/2017 22:02:39	49.0	48.0	19.3299
10/07/2017 22:02:50	47.0	47.0	18.5379
10/07/2017 22:03:01	47.0	47.0	19.8492
10/07/2017 22:03:12	48.0	47.0	15.8442
10/07/2017 22:03:23	48.0	47.0	23.192
10/07/2017 22:03:34	48.0	48.0	18.3727
10/07/2017 22:03:45	48.0	48.0	24.9395
10/07/2017 22:03:56	48.0	48.0	17.7546
10/07/2017 22:04:07	48.0	48.0	22.3587
10/07/2017 22:04:18	48.0	47.0	16.8831
10/07/2017 22:04:29	47.0	47.0	18.299
10/07/2017 22:04:40	48.0	48.0	15.8854
10/07/2017 22:04:51	48.0	48.0	19.4301
10/07/2017 22:05:02	49.0	48.0	18.3246
10/07/2017 22:05:13	48.0	47.0	19.2708
10/07/2017 22:05:24	48.0	47.0	18.2768
10/07/2017 22:05:35	47.0	48.0	18.2768
10/07/2017 22:05:46	49.0	47.0	16.7539
10/07/2017 22:05:57	48.0	47.0	19.1214
10/07/2017 22:06:08	47.0	47.0	17.4935
10/07/2017 22:06:19	48.0	47.0	17.2324
10/07/2017 22:06:30	49.0	48.0	17.8756
10/07/2017 22:06:41	50.0	51.0	19.2708
10/07/2017 22:06:53	52.0	51.0	16.4491
10/07/2017 22:07:04	54.0	53.0	18.1102
10/07/2017 22:07:15	55.0	54.0	19.8433
10/07/2017 22:07:26	55.0	55.0	20
10/07/2017 22:07:37	58.0	56.0	26.2136
10/07/2017 22:07:48	54.0	53.0	17.1875
10/07/2017 22:07:59	52.0	52.0	21.2276
10/07/2017 22:08:10	52.0	51.0	17.7546
10/07/2017 22:08:21	51.0	50.0	15.8031
10/07/2017 22:08:32	50.0	50.0	15.6658
10/07/2017 22:08:43	50.0	50.0	18.7013
10/07/2017 22:08:54	50.0	50.0	16.188
10/07/2017 22:09:05	49.0	48.0	16.9271
10/07/2017 22:09:16	49.0	49.0	18.4896
10/07/2017 22:09:27	50.0	48.0	19.1214
10/07/2017 22:09:38	49.0	48.0	17.7546
10/07/2017 22:09:49	49.0	48.0	17.8478
10/07/2017 22:10:00	49.0	48.0	24.3961
10/07/2017 22:10:11	50.0	48.0	19.2208
10/07/2017 22:10:22	49.0	48.0	19.171
10/07/2017 22:10:33	48.0	47.0	18.0628
10/07/2017 22:10:44	49.0	48.0	17.7546
10/07/2017 22:10:55	49.0	48.0	17.9688
10/07/2017 22:11:06	49.0	48.0	18.4896
10/07/2017 22:11:17	49.0	48.0	16.6667
10/07/2017 22:11:28	49.0	48.0	18.0157
10/07/2017 22:11:39	49.0	48.0	17.801
10/07/2017 22:11:50	48.0	48.0	17.3228
10/07/2017 22:12:01	50.0	48.0	24.5146
10/07/2017 22:12:12	49.0	48.0	17.0157
10/07/2017 22:12:23	49.0	48.0	18.3938
10/07/2017 22:12:34	48.0	48.0	17.7546
10/07/2017 22:12:45	48.0	47.0	18.2292
10/07/2017 22:12:56	48.0	47.0	17.2775
10/07/2017 22:13:07	49.0	48.0	18.75
10/07/2017 22:13:18	48.0	48.0	18.4416
10/07/2017 22:13:29	48.0	48.0	19.3717
10/07/2017 22:13:40	48.0	48.0	19.898
10/07/2017 22:13:51	48.0	48.0	17.7083
10/07/2017 22:14:03	49.0	48.0	17.7083
10/07/2017 22:14:14	48.0	48.0	16.273
10/07/2017 22:14:25	48.0	47.0	17.4935
10/07/2017 22:14:36	49.0	47.0	18.799
10/07/2017 22:14:47	48.0	48.0	17.7083
10/07/2017 22:14:58	49.0	48.0	17.801
10/07/2017 22:15:09	48.0	47.0	18.4416
10/07/2017 22:15:20	48.0	48.0	16.9713
10/07/2017 22:15:31	49.0	47.0	18.0157
10/07/2017 22:15:42	48.0	47.0	18.3727
10/07/2017 22:15:53	50.0	48.0	17.7083
10/07/2017 22:16:04	48.0	47.0	18.4896
10/07/2017 22:16:15	48.0	47.0	18.6047
10/07/2017 22:16:26	50.0	49.0	18.863
10/07/2017 22:16:37	51.0	49.0	19.6891
10/07/2017 22:16:48	51.0	50.0	18.6528
10/07/2017 22:16:59	52.0	50.0	18.509
10/07/2017 22:17:10	52.0	50.0	17.1429
10/07/2017 22:17:21	51.0	50.0	22.8571
10/07/2017 22:17:32	51.0	50.0	13.8743
10/07/2017 22:17:43	49.0	49.0	18.5379
10/07/2017 22:17:54	49.0	48.0	19.5876
10/07/2017 22:18:05	49.0	49.0	23.7288
10/07/2017 22:18:16	49.0	48.0	19.1099
10/07/2017 22:18:27	49.0	48.0	18.1579
10/07/2017 22:18:38	49.0	48.0	18.1102
10/07/2017 22:18:49	49.0	48.0	19.7403
10/07/2017 22:19:00	48.0	49.0	17.9688
10/07/2017 22:19:11	48.0	48.0	18.6528
10/07/2017 22:19:22	48.0	48.0	19.8953
10/07/2017 22:19:33	49.0	48.0	13.9896
10/07/2017 22:19:44	48.0	48.0	16.9713
10/07/2017 22:19:55	48.0	47.0	18.6842
10/07/2017 22:20:06	49.0	48.0	15.625
10/07/2017 22:20:17	48.0	47.0	16.188
10/07/2017 22:20:28	48.0	47.0	18.3246
10/07/2017 22:20:39	48.0	47.0	24.6341
10/07/2017 22:20:50	47.0	47.0	18.5379
10/07/2017 22:21:01	48.0	47.0	17.4935
10/07/2017 22:21:12	48.0	47.0	17.3228
10/07/2017 22:21:23	48.0	48.0	16.4491
10/07/2017 22:21:34	48.0	47.0	19.7436
10/07/2017 22:21:46	48.0	46.0	17.6623
10/07/2017 22:21:57	48.0	47.0	17.0984
10/07/2017 22:22:08	50.0	50.0	16.4491
10/07/2017 22:22:19	52.0	51.0	15.8442
10/07/2017 22:22:30	53.0	53.0	21.4286
10/07/2017 22:22:41	55.0	54.0	17.8478
10/07/2017 22:22:52	55.0	55.0	19.8433
10/07/2017 22:23:03	57.0	56.0	17.3228
10/07/2017 22:23:14	55.0	54.0	18.2768
10/07/2017 22:23:25	53.0	53.0	17.9688
10/07/2017 22:23:36	52.0	52.0	17.2775
10/07/2017 22:23:47	51.0	51.0	19.6335
10/07/2017 22:23:58	50.0	50.0	18.0157
10/07/2017 22:24:09	50.0	50.0	22.9268
10/07/2017 22:24:20	50.0	49.0	18.5379
10/07/2017 22:24:31	50.0	49.0	19.685
10/07/2017 22:24:42	50.0	49.0	16.7979
10/07/2017 22:24:53	49.0	48.0	15.8031
10/07/2017 22:25:04	49.0	48.0	17.801
10/07/2017 22:25:15	49.0	48.0	17.7546
10/07/2017 22:25:26	49.0	48.0	18.75
10/07/2017 22:25:37	49.0	48.0	20.2046
10/07/2017 22:25:48	48.0	48.0	20.5729
10/07/2017 22:25:59	49.0	48.0	19.8433
10/07/2017 22:26:10	49.0	48.0	18.0157
10/07/2017 22:26:21	49.0	48.0	22.8571
10/07/2017 22:26:32	48.0	48.0	17.1429
10/07/2017 22:26:43	48.0	48.0	16.7539
10/07/2017 22:26:54	48.0	48.0	17.0604
10/07/2017 22:27:05	48.0	47.0	18.2768
10/07/2017 22:27:16	48.0	48.0	17.2775
10/07/2017 22:27:27	48.0	48.0	18.3938
10/07/2017 22:27:38	49.0	48.0	17.6623
10/07/2017 22:27:49	49.0	48.0	18.3246
10/07/2017 22:28:00	49.0	48.0	17.7546
10/07/2017 22:28:11	48.0	48.0	19.8433
10/07/2017 22:28:22	48.0	48.0	23.601
10/07/2017 22:28:33	48.0	48.0	18.2768
10/07/2017 22:28:44	48.0	48.0	19.4301
10/07/2017 22:28:56	50.0	49.0	20.155
10/07/2017 22:29:07	50.0	49.0	21.3542
10/07/2017 22:29:18	50.0	50.0	21.3918
10/07/2017 22:29:29	50.0	49.0	20.3085
10/07/2017 22:29:40	51.0	51.0	20.7692
10/07/2017 22:29:51	52.0	51.0	20.7254
10/07/2017 22:30:02	50.0	50.0	22.8571
10/07/2017 22:30:13	52.0	51.0	20.4604
10/07/2017 22:30:24	51.0	50.0	19.5373
10/07/2017 22:30:35	51.0	50.0	17.0103
10/07/2017 22:30:46	51.0	51.0	19.8966
10/07/2017 22:30:57	51.0	51.0	19.5312
10/07/2017 22:31:08	52.0	51.0	18.0879
10/07/2017 22:31:19	52.0	51.0	20.4134
10/07/2017 22:31:30	51.0	51.0	21.8509
10/07/2017 22:31:41	52.0	51.0	19.0231
10/07/2017 22:31:52	51.0	50.0	18.9119
10/07/2017 22:32:03	53.0	51.0	25.3623
10/07/2017 22:32:14	51.0	51.0	19.8454
10/07/2017 22:32:25	52.0	52.0	19.1214
10/07/2017 22:32:36	51.0	51.0	20.155
10/07/2017 22:32:47	50.0	50.0	22.7979
10/07/2017 22:32:58	52.0	51.0	18.8144
10/07/2017 22:33:09	52.0	51.0	18.8144
10/07/2017 22:33:20	51.0	51.0	18.9119
10/07/2017 22:33:31	51.0	51.0	16.8831
10/07/2017 22:33:42	52.0	51.0	20.3085
10/07/2017 22:33:53	51.0	51.0	18.8144
10/07/2017 22:34:04	52.0	51.0	19.7403
10/07/2017 22:34:15	52.0	51.0	21.1886
10/07/2017 22:34:26	51.0	51.0	20.7254
10/07/2017 22:34:37	52.0	51.0	19.7436
10/07/2017 22:34:48	51.0	51.0	20.7792
10/07/2017 22:34:59	50.0	50.0	13.5638
10/07/2017 22:35:10	49.0	49.0	13.3858
10/07/2017 22:35:21	49.0	48.0	13.4565
10/07/2017 22:35:32	49.0	48.0	14.1732
10/07/2017 22:35:43	48.0	48.0	13.4921
10/07/2017 22:35:54	48.0	48.0	13.4921
10/07/2017 22:36:05	48.0	48.0	21.0938
10/07/2017 22:36:16	50.0	50.0	16.7539
10/07/2017 22:36:27	52.0	52.0	18.9119
10/07/2017 22:36:38	55.0	54.0	20.8651
10/07/2017 22:36:49	57.0	56.0	19.5876
10/07/2017 22:37:00	58.0	56.0	17.7835
10/07/2017 22:37:11	56.0	54.0	21.0526
10/07/2017 22:37:22	55.0	54.0	21.0797
10/07/2017 22:37:33	54.0	54.0	22.5974
10/07/2017 22:37:44	52.0	52.0	22.8426
10/07/2017 22:37:56	54.0	53.0	16.8831
10/07/2017 22:38:07	53.0	52.0	19.4301
10/07/2017 22:38:18	54.0	52.0	20.2564
10/07/2017 22:38:29	53.0	52.0	19.8454
10/07/2017 22:38:40	53.0	52.0	20.3608
10/07/2017 22:38:51	52.0	51.0	18.1818
10/07/2017 22:39:02	53.0	52.0	17.9949
10/07/2017 22:39:13	53.0	51.0	20.6718
10/07/2017 22:39:24	52.0	51.0	18.5567
10/07/2017 22:39:35	53.0	51.0	19.8454
10/07/2017 22:39:46	52.0	52.0	20.0514
10/07/2017 22:39:57	53.0	52.0	19.0231
10/07/2017 22:40:08	52.0	51.0	18.9744
10/07/2017 22:40:19	53.0	51.0	21.2435
10/07/2017 22:40:30	53.0	51.0	18.7013
10/07/2017 22:40:41	52.0	51.0	19.7403
10/07/2017 22:40:52	52.0	52.0	20.2597
10/07/2017 22:41:03	51.0	51.0	22.6562
10/07/2017 22:41:14	52.0	51.0	20.155
10/07/2017 22:41:25	53.0	51.0	19.4301
10/07/2017 22:41:36	52.0	51.0	21.039
10/07/2017 22:41:47	52.0	51.0	21.1886
10/07/2017 22:41:58	52.0	52.0	20
10/07/2017 22:42:09	53.0	52.0	21.1886
10/07/2017 22:42:20	52.0	52.0	19.1214
10/07/2017 22:42:31	52.0	52.0	21.8182
10/07/2017 22:42:42	52.0	52.0	18.4615
10/07/2017 22:42:53	51.0	51.0	19.0722
10/07/2017 22:43:04	51.0	51.0	19.6429
10/07/2017 22:43:15	51.0	51.0	18.7013
10/07/2017 22:43:26	53.0	52.0	19.8454
10/07/2017 22:43:37	53.0	52.0	24.6944
10/07/2017 22:43:48	52.0	51.0	20.5656
10/07/2017 22:43:59	51.0	50.0	21.5584
10/07/2017 22:44:10	52.0	51.0	26.4706
10/07/2017 22:44:21	51.0	51.0	21.5584
10/07/2017 22:44:32	51.0	51.0	19.4872
10/07/2017 22:44:43	52.0	51.0	20.3608
10/07/2017 22:44:54	53.0	51.0	17.5258
10/07/2017 22:45:05	53.0	52.0	22.365
10/07/2017 22:45:16	52.0	51.0	14.2105
10/07/2017 22:45:27	50.0	50.0	13.6842
10/07/2017 22:45:38	49.0	49.0	14.5119
10/07/2017 22:45:49	49.0	48.0	14.8825
10/07/2017 22:46:00	49.0	48.0	13.6483
10/07/2017 22:46:11	48.0	48.0	13.9842
10/07/2017 22:46:22	48.0	47.0	13.9108
10/07/2017 22:46:33	48.0	47.0	13.9842
10/07/2017 22:46:45	48.0	47.0	14.0992
10/07/2017 22:46:56	48.0	47.0	14.6214
10/07/2017 22:47:07	49.0	50.0	13.9108
10/07/2017 22:47:18	51.0	51.0	23.8208
10/07/2017 22:47:29	52.0	52.0	11.5789
10/07/2017 22:47:40	53.0	53.0	12.5984
10/07/2017 22:47:51	54.0	54.0	16.285
10/07/2017 22:48:02	56.0	55.0	20.9974
10/07/2017 22:48:13	58.0	57.0	13.577
