03/21/2018 17:40:44	29.0	27.0	14.2857
03/21/2018 17:40:55	24.0	25.0	0.505051
03/21/2018 17:41:06	23.0	25.0	0.506329
03/21/2018 17:41:17	24.0	25.0	1.0101
03/21/2018 17:41:28	24.0	25.0	0.252525
03/21/2018 17:41:39	25.0	25.0	0.503778
03/21/2018 17:41:50	26.0	26.0	1.51515
03/21/2018 17:42:01	26.0	26.0	0.252525
03/21/2018 17:42:12	26.0	26.0	0.508906
03/21/2018 17:42:23	26.0	27.0	1.26263
03/21/2018 17:42:34	27.0	27.0	1.76322
03/21/2018 17:42:45	27.0	27.0	0.503778
03/21/2018 17:42:56	27.0	28.0	1.01266
03/21/2018 17:43:07	28.0	28.0	1.26582
03/21/2018 17:43:18	28.0	29.0	0.505051
03/21/2018 17:43:29	28.0	28.0	0.254453
03/21/2018 17:43:40	28.0	29.0	0.755668
03/21/2018 17:43:51	28.0	28.0	1.01266
03/21/2018 17:44:02	28.0	29.0	2.77078
03/21/2018 17:44:13	28.0	28.0	0
03/21/2018 17:44:24	29.0	29.0	1.01266
03/21/2018 17:44:35	29.0	29.0	0.253165
03/21/2018 17:44:46	29.0	28.0	0.503778
03/21/2018 17:44:57	29.0	30.0	1.25945
03/21/2018 17:45:09	29.0	30.0	2.77778
03/21/2018 17:45:20	29.0	30.0	0.755668
03/21/2018 17:45:31	30.0	30.0	0.761421
03/21/2018 17:45:42	30.0	30.0	0.503778
03/21/2018 17:45:53	30.0	30.0	0.757576
03/21/2018 17:46:04	30.0	30.0	1.51515
03/21/2018 17:46:15	30.0	31.0	1.76768
03/21/2018 17:46:26	30.0	32.0	1.51134
03/21/2018 17:46:37	30.0	30.0	0.252525
03/21/2018 17:46:48	31.0	32.0	0.502513
03/21/2018 17:46:59	31.0	31.0	0.755668
03/21/2018 17:47:10	30.0	31.0	0.503778
03/21/2018 17:47:21	31.0	32.0	0.503778
03/21/2018 17:47:32	30.0	32.0	1.00756
03/21/2018 17:47:43	32.0	32.0	0.503778
03/21/2018 17:47:54	31.0	32.0	0.503778
03/21/2018 17:48:05	31.0	32.0	2.27848
03/21/2018 17:48:16	32.0	32.0	0.755668
03/21/2018 17:48:27	31.0	32.0	0.505051
03/21/2018 17:48:38	32.0	33.0	0.503778
03/21/2018 17:48:49	32.0	32.0	0.505051
03/21/2018 17:49:00	33.0	33.0	1.01266
03/21/2018 17:49:11	32.0	33.0	0.251889
03/21/2018 17:49:22	32.0	32.0	0.502513
03/21/2018 17:49:33	32.0	33.0	1.26263
03/21/2018 17:49:44	33.0	33.0	0.503778
03/21/2018 17:49:55	32.0	34.0	0.505051
03/21/2018 17:50:06	33.0	33.0	0.759494
03/21/2018 17:50:17	32.0	33.0	0.505051
03/21/2018 17:50:28	33.0	33.0	1.51134
03/21/2018 17:50:39	33.0	33.0	4.56853
03/21/2018 17:50:50	34.0	34.0	0.506329
03/21/2018 17:51:01	33.0	33.0	1.00756
03/21/2018 17:51:13	33.0	33.0	0.252525
03/21/2018 17:51:24	33.0	33.0	0.505051
03/21/2018 17:51:35	33.0	33.0	1.00756
03/21/2018 17:51:46	34.0	33.0	0.505051
03/21/2018 17:51:57	33.0	33.0	0.502513
03/21/2018 17:52:08	33.0	34.0	1.25945
03/21/2018 17:52:19	33.0	33.0	0.502513
03/21/2018 17:52:30	33.0	33.0	0.505051
03/21/2018 17:52:41	33.0	33.0	1.0101
03/21/2018 17:52:52	33.0	34.0	0.753769
03/21/2018 17:53:03	33.0	34.0	0.252525
03/21/2018 17:53:14	33.0	33.0	1.51134
03/21/2018 17:53:25	34.0	33.0	0.503778
03/21/2018 17:53:36	33.0	33.0	2.77778
03/21/2018 17:53:47	33.0	34.0	0.755668
03/21/2018 17:53:58	33.0	33.0	0.252525
03/21/2018 17:54:09	33.0	33.0	1.26263
03/21/2018 17:54:20	33.0	34.0	0.502513
03/21/2018 17:54:31	33.0	34.0	0.505051
03/21/2018 17:54:42	33.0	33.0	1.25945
03/21/2018 17:54:53	33.0	33.0	0.757576
03/21/2018 17:55:04	32.0	33.0	0.753769
03/21/2018 17:55:15	34.0	34.0	1.01266
03/21/2018 17:55:26	33.0	34.0	1.25945
03/21/2018 17:55:37	36.0	34.0	0.253165
03/21/2018 17:55:48	33.0	33.0	1.00756
03/21/2018 17:55:59	33.0	33.0	0.503778
03/21/2018 17:56:10	33.0	33.0	1.00756
03/21/2018 17:56:21	33.0	34.0	0.753769
03/21/2018 17:56:32	33.0	33.0	0.252525
03/21/2018 17:56:43	33.0	34.0	1.25945
03/21/2018 17:56:54	33.0	33.0	0.253165
03/21/2018 17:57:05	33.0	34.0	0.251889
03/21/2018 17:57:16	33.0	34.0	1.26263
03/21/2018 17:57:27	33.0	33.0	0.503778
03/21/2018 17:57:39	33.0	34.0	0.503778
03/21/2018 17:57:50	34.0	34.0	1.25945
03/21/2018 17:58:01	33.0	33.0	0.505051
03/21/2018 17:58:12	34.0	34.0	0.503778
03/21/2018 17:58:23	33.0	34.0	1.01266
03/21/2018 17:58:34	33.0	33.0	1.51134
03/21/2018 17:58:45	33.0	33.0	0.759494
03/21/2018 17:58:56	34.0	35.0	0.502513
03/21/2018 17:59:07	33.0	34.0	0.503778
03/21/2018 17:59:18	33.0	33.0	0.759494
03/21/2018 17:59:29	33.0	33.0	0.502513
03/21/2018 17:59:40	33.0	33.0	0.252525
03/21/2018 17:59:51	33.0	34.0	1.01523
03/21/2018 18:00:02	33.0	34.0	0.502513
03/21/2018 18:00:13	33.0	34.0	0.753769
03/21/2018 18:00:24	33.0	33.0	1.0101
03/21/2018 18:00:35	34.0	33.0	2.79898
03/21/2018 18:00:46	33.0	34.0	0.252525
03/21/2018 18:00:57	34.0	34.0	1.52672
03/21/2018 18:01:08	33.0	34.0	0.502513
03/21/2018 18:01:19	34.0	33.0	1.25945
03/21/2018 18:01:30	33.0	33.0	0.252525
03/21/2018 18:01:41	33.0	33.0	1.51515
03/21/2018 18:01:52	33.0	34.0	1.25945
03/21/2018 18:02:03	35.0	34.0	0.503778
03/21/2018 18:02:14	34.0	34.0	0.252525
03/21/2018 18:02:25	33.0	34.0	1.51515
03/21/2018 18:02:36	33.0	34.0	0.503778
03/21/2018 18:02:47	33.0	34.0	0.251889
03/21/2018 18:02:58	33.0	34.0	1.0101
03/21/2018 18:03:09	33.0	34.0	0.503778
03/21/2018 18:03:20	33.0	34.0	0.251889
03/21/2018 18:03:31	34.0	34.0	0.251889
03/21/2018 18:03:42	34.0	35.0	3.27456
03/21/2018 18:03:54	34.0	35.0	1.00756
03/21/2018 18:04:05	34.0	35.0	0.503778
03/21/2018 18:04:16	34.0	35.0	0.753769
03/21/2018 18:04:27	34.0	35.0	1.0101
03/21/2018 18:04:38	34.0	35.0	0.503778
03/21/2018 18:04:49	34.0	35.0	0.503778
03/21/2018 18:05:00	34.0	35.0	0.761421
03/21/2018 18:05:11	34.0	35.0	0.503778
03/21/2018 18:05:22	35.0	35.0	0.755668
03/21/2018 18:05:33	35.0	34.0	1.25945
03/21/2018 18:05:44	34.0	35.0	2.53165
03/21/2018 18:05:55	35.0	35.0	0.755668
03/21/2018 18:06:06	34.0	35.0	0.503778
03/21/2018 18:06:17	34.0	35.0	0.753769
03/21/2018 18:06:28	34.0	34.0	0.757576
03/21/2018 18:06:39	34.0	35.0	0.503778
03/21/2018 18:06:50	35.0	35.0	0
03/21/2018 18:07:01	35.0	35.0	1.01266
03/21/2018 18:07:12	34.0	35.0	0.505051
03/21/2018 18:07:23	34.0	35.0	0.503778
03/21/2018 18:07:34	34.0	35.0	1.0101
03/21/2018 18:07:45	34.0	35.0	0.503778
03/21/2018 18:07:56	34.0	35.0	0.503778
03/21/2018 18:08:07	35.0	35.0	1.0101
03/21/2018 18:08:18	34.0	35.0	0.505051
03/21/2018 18:08:29	35.0	35.0	0.505051
03/21/2018 18:08:40	34.0	35.0	0.755668
03/21/2018 18:08:51	35.0	35.0	0.252525
03/21/2018 18:09:02	35.0	35.0	1.26263
03/21/2018 18:09:13	34.0	35.0	0.503778
03/21/2018 18:09:24	34.0	35.0	0.503778
03/21/2018 18:09:35	35.0	35.0	1.00756
03/21/2018 18:09:46	34.0	35.0	0.503778
03/21/2018 18:09:57	34.0	35.0	1.00756
03/21/2018 18:10:08	35.0	35.0	2.267
03/21/2018 18:10:19	35.0	35.0	0.505051
03/21/2018 18:10:31	35.0	35.0	0.755668
03/21/2018 18:10:42	35.0	35.0	1.0101
03/21/2018 18:10:53	35.0	36.0	0.505051
03/21/2018 18:11:04	34.0	36.0	0.755668
03/21/2018 18:11:15	35.0	35.0	0.252525
03/21/2018 18:11:26	36.0	37.0	0.759494
03/21/2018 18:11:37	35.0	35.0	1.00756
03/21/2018 18:11:48	34.0	36.0	0.755668
03/21/2018 18:11:59	35.0	36.0	0.251889
03/21/2018 18:12:10	35.0	36.0	1.01266
03/21/2018 18:12:21	35.0	35.0	0.252525
03/21/2018 18:12:32	35.0	35.0	0.253165
03/21/2018 18:12:43	35.0	36.0	1.0101
03/21/2018 18:12:54	35.0	35.0	0.253165
03/21/2018 18:13:05	35.0	35.0	0.503778
03/21/2018 18:13:16	34.0	35.0	1.01266
03/21/2018 18:13:27	35.0	35.0	0.503778
03/21/2018 18:13:38	36.0	36.0	0.252525
03/21/2018 18:13:49	34.0	35.0	0.502513
03/21/2018 18:14:00	35.0	36.0	0.503778
03/21/2018 18:14:11	35.0	35.0	0.757576
03/21/2018 18:14:22	35.0	35.0	0.503778
03/21/2018 18:14:33	36.0	36.0	0.502513
03/21/2018 18:14:44	35.0	36.0	1.25945
03/21/2018 18:14:55	35.0	36.0	0.252525
03/21/2018 18:15:06	35.0	36.0	0.503778
03/21/2018 18:15:17	36.0	36.0	0.759494
03/21/2018 18:15:28	36.0	37.0	0.506329
03/21/2018 18:15:39	35.0	36.0	0.506329
03/21/2018 18:15:50	35.0	35.0	0.757576
03/21/2018 18:16:01	34.0	35.0	0.503778
03/21/2018 18:16:12	35.0	36.0	0.753769
03/21/2018 18:16:23	35.0	36.0	0.252525
03/21/2018 18:16:34	35.0	36.0	1.77215
03/21/2018 18:16:45	36.0	36.0	1.01266
03/21/2018 18:16:57	35.0	36.0	0
03/21/2018 18:17:08	35.0	36.0	0.503778
03/21/2018 18:17:19	35.0	36.0	0.757576
03/21/2018 18:17:30	36.0	35.0	1.25945
03/21/2018 18:17:41	35.0	36.0	0.505051
03/21/2018 18:17:52	35.0	36.0	0.759494
03/21/2018 18:18:03	35.0	36.0	0.252525
03/21/2018 18:18:14	35.0	37.0	0.252525
03/21/2018 18:18:25	35.0	36.0	0.757576
03/21/2018 18:18:36	35.0	37.0	0.252525
03/21/2018 18:18:47	35.0	36.0	0.505051
03/21/2018 18:18:58	35.0	37.0	0.503778
03/21/2018 18:19:09	35.0	36.0	0.251889
03/21/2018 18:19:20	35.0	36.0	3.0303
03/21/2018 18:19:31	35.0	37.0	0.503778
03/21/2018 18:19:42	35.0	36.0	0.502513
03/21/2018 18:19:53	36.0	36.0	0.757576
03/21/2018 18:20:04	35.0	36.0	0.753769
03/21/2018 18:20:15	36.0	36.0	2.01511
03/21/2018 18:20:26	35.0	36.0	0.761421
03/21/2018 18:20:37	36.0	36.0	0.505051
03/21/2018 18:20:48	35.0	36.0	0.502513
03/21/2018 18:20:59	35.0	36.0	1.26263
03/21/2018 18:21:10	36.0	36.0	0.252525
03/21/2018 18:21:21	35.0	36.0	2.78481
03/21/2018 18:21:32	35.0	36.0	0.251889
03/21/2018 18:21:43	35.0	36.0	0.252525
03/21/2018 18:21:54	35.0	36.0	0.757576
03/21/2018 18:22:05	36.0	36.0	0.252525
03/21/2018 18:22:16	35.0	36.0	0.502513
03/21/2018 18:22:27	36.0	37.0	1.25628
03/21/2018 18:22:38	35.0	37.0	0.252525
03/21/2018 18:22:49	35.0	37.0	0.505051
03/21/2018 18:23:00	36.0	36.0	0.757576
03/21/2018 18:23:12	36.0	36.0	0.503778
03/21/2018 18:23:23	36.0	37.0	2.52525
03/21/2018 18:23:34	37.0	37.0	0.753769
03/21/2018 18:23:45	37.0	36.0	0.252525
03/21/2018 18:23:56	36.0	37.0	0.503778
03/21/2018 18:24:07	37.0	37.0	0.506329
03/21/2018 18:24:18	36.0	36.0	0
03/21/2018 18:24:29	36.0	37.0	1.01266
03/21/2018 18:24:40	37.0	37.0	0.252525
03/21/2018 18:24:51	36.0	37.0	0.503778
03/21/2018 18:25:02	36.0	37.0	1.0101
03/21/2018 18:25:13	37.0	37.0	0.252525
03/21/2018 18:25:24	37.0	37.0	0.503778
03/21/2018 18:25:35	36.0	37.0	1.0101
03/21/2018 18:25:46	37.0	38.0	0.251889
03/21/2018 18:25:57	37.0	37.0	0.503778
03/21/2018 18:26:08	37.0	37.0	1.01266
03/21/2018 18:26:19	37.0	38.0	0.503778
03/21/2018 18:26:30	37.0	38.0	0.253165
03/21/2018 18:26:41	36.0	37.0	1.00503
03/21/2018 18:26:52	37.0	38.0	0.502513
03/21/2018 18:27:03	38.0	38.0	1.25945
03/21/2018 18:27:14	37.0	37.0	0.503778
03/21/2018 18:27:25	37.0	37.0	1.0101
03/21/2018 18:27:36	37.0	37.0	1.26263
03/21/2018 18:27:47	37.0	37.0	0.506329
03/21/2018 18:27:58	37.0	37.0	0.251889
03/21/2018 18:28:09	37.0	37.0	1.26263
03/21/2018 18:28:20	38.0	37.0	0.253165
03/21/2018 18:28:31	37.0	37.0	0.252525
03/21/2018 18:28:42	37.0	37.0	0.508906
03/21/2018 18:28:53	38.0	37.0	0.505051
03/21/2018 18:29:04	37.0	37.0	0.753769
03/21/2018 18:29:16	38.0	38.0	0.503778
03/21/2018 18:29:27	38.0	38.0	0.753769
03/21/2018 18:29:38	37.0	37.0	1.0101
03/21/2018 18:29:49	37.0	38.0	0.503778
03/21/2018 18:30:00	38.0	37.0	0.503778
03/21/2018 18:30:11	38.0	37.0	1.26263
03/21/2018 18:30:22	38.0	38.0	0.503778
03/21/2018 18:30:33	38.0	37.0	0.503778
03/21/2018 18:30:44	38.0	37.0	1.26263
03/21/2018 18:30:55	38.0	38.0	0.251889
03/21/2018 18:31:06	39.0	38.0	0.252525
03/21/2018 18:31:17	37.0	37.0	1.26263
03/21/2018 18:31:28	38.0	38.0	0.252525
03/21/2018 18:31:39	38.0	37.0	5.32995
03/21/2018 18:31:50	38.0	38.0	0.253165
03/21/2018 18:32:01	37.0	38.0	1.00503
03/21/2018 18:32:12	38.0	37.0	1.52284
03/21/2018 18:32:23	38.0	38.0	1.0101
03/21/2018 18:32:34	38.0	38.0	0.502513
03/21/2018 18:32:45	38.0	38.0	1.26263
03/21/2018 18:32:56	38.0	38.0	0.252525
03/21/2018 18:33:07	38.0	38.0	0.252525
03/21/2018 18:33:18	38.0	38.0	1.25945
03/21/2018 18:33:29	38.0	38.0	1.51899
03/21/2018 18:33:40	39.0	39.0	0.505051
03/21/2018 18:33:51	38.0	39.0	1.01266
03/21/2018 18:34:02	38.0	39.0	0.505051
03/21/2018 18:34:13	38.0	38.0	0.252525
03/21/2018 18:34:24	38.0	39.0	0.753769
03/21/2018 18:34:35	39.0	39.0	0.252525
03/21/2018 18:34:46	39.0	39.0	1.01266
03/21/2018 18:34:57	39.0	39.0	0.502513
03/21/2018 18:35:08	39.0	39.0	0.252525
03/21/2018 18:35:19	39.0	39.0	0.759494
03/21/2018 18:35:31	40.0	39.0	0.503778
03/21/2018 18:35:42	40.0	40.0	0.503778
03/21/2018 18:35:53	39.0	39.0	1.00756
03/21/2018 18:36:04	39.0	39.0	0.251889
03/21/2018 18:36:15	39.0	40.0	0.503778
03/21/2018 18:36:26	39.0	40.0	1.01266
03/21/2018 18:36:37	39.0	40.0	0.503778
03/21/2018 18:36:48	40.0	41.0	0.503778
03/21/2018 18:36:59	40.0	40.0	2.77078
03/21/2018 18:37:10	39.0	40.0	0.251889
03/21/2018 18:37:21	39.0	40.0	1.00756
03/21/2018 18:37:32	40.0	40.0	0.503778
03/21/2018 18:37:43	40.0	40.0	0.757576
03/21/2018 18:37:54	40.0	41.0	1.26263
03/21/2018 18:38:05	39.0	40.0	0.502513
03/21/2018 18:38:16	41.0	40.0	0.505051
03/21/2018 18:38:27	40.0	40.0	1.0101
03/21/2018 18:38:38	39.0	40.0	0.755668
03/21/2018 18:38:49	41.0	41.0	0.502513
03/21/2018 18:39:00	41.0	41.0	3.29949
03/21/2018 18:39:11	41.0	41.0	0.503778
03/21/2018 18:39:22	41.0	40.0	1.00756
03/21/2018 18:39:33	40.0	40.0	0.503778
03/21/2018 18:39:44	40.0	40.0	0.503778
03/21/2018 18:39:55	41.0	40.0	0.759494
03/21/2018 18:40:06	40.0	40.0	0.503778
03/21/2018 18:40:17	40.0	40.0	0
03/21/2018 18:40:28	40.0	40.0	1.25945
03/21/2018 18:40:39	40.0	40.0	0.503778
03/21/2018 18:40:50	40.0	40.0	1.51515
03/21/2018 18:41:01	40.0	41.0	2.53807
03/21/2018 18:41:12	40.0	40.0	0.503778
03/21/2018 18:41:23	41.0	42.0	0.502513
03/21/2018 18:41:34	41.0	42.0	0.506329
03/21/2018 18:41:45	40.0	41.0	0.503778
03/21/2018 18:41:56	41.0	42.0	0.757576
03/21/2018 18:42:07	41.0	41.0	0.505051
03/21/2018 18:42:19	41.0	42.0	0.757576
03/21/2018 18:42:30	41.0	40.0	1.51899
03/21/2018 18:42:41	40.0	42.0	0.252525
03/21/2018 18:42:52	42.0	42.0	0.253165
03/21/2018 18:43:03	40.0	42.0	1.00756
03/21/2018 18:43:14	41.0	41.0	0.251889
03/21/2018 18:43:25	42.0	42.0	0.251889
03/21/2018 18:43:36	41.0	42.0	1.0101
03/21/2018 18:43:47	41.0	42.0	0.503778
03/21/2018 18:43:58	41.0	42.0	0.503778
03/21/2018 18:44:09	41.0	41.0	1.00756
03/21/2018 18:44:20	41.0	41.0	0.503778
03/21/2018 18:44:31	41.0	41.0	0.755668
03/21/2018 18:44:42	41.0	42.0	0.503778
03/21/2018 18:44:53	41.0	42.0	0.252525
03/21/2018 18:45:04	41.0	42.0	0.759494
03/21/2018 18:45:15	41.0	41.0	0.503778
03/21/2018 18:45:26	41.0	41.0	0.503778
03/21/2018 18:45:37	41.0	42.0	0.759494
03/21/2018 18:45:48	41.0	41.0	0.503778
03/21/2018 18:45:59	41.0	42.0	0.753769
03/21/2018 18:46:10	41.0	42.0	1.0101
03/21/2018 18:46:21	42.0	42.0	0.753769
03/21/2018 18:46:32	42.0	41.0	0.503778
03/21/2018 18:46:43	42.0	42.0	1.26582
03/21/2018 18:46:54	41.0	42.0	0.252525
03/21/2018 18:47:05	41.0	42.0	1.51515
03/21/2018 18:47:16	43.0	42.0	0.502513
03/21/2018 18:47:27	41.0	41.0	0.252525
03/21/2018 18:47:38	42.0	41.0	1.0101
03/21/2018 18:47:49	42.0	42.0	0.753769
03/21/2018 18:48:00	41.0	42.0	0.252525
03/21/2018 18:48:11	41.0	42.0	1.52284
03/21/2018 18:48:22	41.0	42.0	0.503778
03/21/2018 18:48:33	42.0	42.0	0.503778
03/21/2018 18:48:44	41.0	42.0	0.757576
03/21/2018 18:48:56	42.0	42.0	0.503778
03/21/2018 18:49:07	41.0	42.0	0.252525
03/21/2018 18:49:18	42.0	42.0	1.0101
03/21/2018 18:49:29	42.0	42.0	0.251889
03/21/2018 18:49:40	42.0	42.0	0.759494
03/21/2018 18:49:51	42.0	42.0	0.503778
03/21/2018 18:50:02	42.0	42.0	0.753769
03/21/2018 18:50:13	41.0	42.0	0.757576
03/21/2018 18:50:24	42.0	42.0	0.252525
03/21/2018 18:50:35	41.0	42.0	3.29949
03/21/2018 18:50:46	43.0	43.0	0.755668
03/21/2018 18:50:57	42.0	42.0	0.252525
03/21/2018 18:51:08	42.0	42.0	0.753769
03/21/2018 18:51:19	42.0	42.0	1.0101
03/21/2018 18:51:30	42.0	42.0	0.252525
03/21/2018 18:51:41	42.0	42.0	0.753769
03/21/2018 18:51:52	42.0	42.0	1.0101
03/21/2018 18:52:03	42.0	42.0	0.503778
03/21/2018 18:52:14	42.0	42.0	0.755668
03/21/2018 18:52:25	42.0	42.0	1.00756
03/21/2018 18:52:36	42.0	42.0	0.753769
03/21/2018 18:52:47	42.0	42.0	1.0101
03/21/2018 18:52:58	41.0	42.0	0.252525
03/21/2018 18:53:09	42.0	42.0	0.753769
03/21/2018 18:53:20	41.0	42.0	0.757576
03/21/2018 18:53:31	42.0	43.0	0.252525
03/21/2018 18:53:42	42.0	42.0	0.503778
03/21/2018 18:53:53	42.0	42.0	1.01266
03/21/2018 18:54:04	42.0	42.0	0.502513
03/21/2018 18:54:15	42.0	42.0	0.755668
03/21/2018 18:54:26	42.0	42.0	1.26263
03/21/2018 18:54:37	42.0	42.0	1.75879
03/21/2018 18:54:48	42.0	42.0	0.503778
03/21/2018 18:54:59	42.0	42.0	0.506329
03/21/2018 18:55:10	42.0	42.0	0.503778
03/21/2018 18:55:21	43.0	42.0	1.25945
03/21/2018 18:55:32	42.0	42.0	1.0101
03/21/2018 18:55:44	42.0	42.0	0.503778
03/21/2018 18:55:55	42.0	43.0	1.0101
03/21/2018 18:56:06	42.0	42.0	0.252525
03/21/2018 18:56:17	42.0	42.0	0.503778
03/21/2018 18:56:28	42.0	42.0	0.757576
03/21/2018 18:56:39	43.0	43.0	2.267
03/21/2018 18:56:50	44.0	42.0	0.251889
03/21/2018 18:57:01	42.0	42.0	1.51134
03/21/2018 18:57:12	42.0	43.0	1.00756
03/21/2018 18:57:23	43.0	43.0	0.505051
03/21/2018 18:57:34	42.0	42.0	0.753769
03/21/2018 18:57:45	43.0	44.0	0.502513
03/21/2018 18:57:56	42.0	42.0	0.507614
03/21/2018 18:58:07	42.0	43.0	0.503778
03/21/2018 18:58:18	43.0	43.0	0.252525
03/21/2018 18:58:29	43.0	43.0	1.25945
03/21/2018 18:58:40	43.0	43.0	2.52525
03/21/2018 18:58:51	43.0	42.0	0.503778
03/21/2018 18:59:02	44.0	42.0	0.761421
03/21/2018 18:59:13	42.0	42.0	0.251889
03/21/2018 18:59:24	42.0	43.0	0.503778
03/21/2018 18:59:35	44.0	43.0	1.0101
03/21/2018 18:59:46	43.0	43.0	2.52525
03/21/2018 18:59:57	44.0	43.0	0.755668
03/21/2018 19:00:08	43.0	42.0	0.755668
03/21/2018 19:00:19	43.0	43.0	0.503778
03/21/2018 19:00:30	42.0	43.0	1.50754
03/21/2018 19:00:41	43.0	43.0	0.503778
03/21/2018 19:00:52	43.0	43.0	0.253165
03/21/2018 19:01:03	43.0	43.0	0.757576
03/21/2018 19:01:14	42.0	43.0	0.503778
03/21/2018 19:01:25	43.0	43.0	0.505051
03/21/2018 19:01:36	43.0	43.0	1.0101
03/21/2018 19:01:47	44.0	43.0	0.503778
03/21/2018 19:01:58	43.0	43.0	0.503778
03/21/2018 19:02:09	42.0	42.0	1.00756
03/21/2018 19:02:21	43.0	43.0	0.505051
03/21/2018 19:02:32	43.0	44.0	0.252525
03/21/2018 19:02:43	43.0	43.0	0.503778
03/21/2018 19:02:54	42.0	43.0	0.759494
03/21/2018 19:03:05	44.0	44.0	1.50754
03/21/2018 19:03:16	43.0	43.0	0.503778
03/21/2018 19:03:27	44.0	43.0	0.251889
03/21/2018 19:03:38	44.0	44.0	1.51134
03/21/2018 19:03:49	43.0	43.0	0.251256
03/21/2018 19:04:00	42.0	43.0	0.505051
03/21/2018 19:04:11	44.0	43.0	1.0101
03/21/2018 19:04:22	42.0	43.0	0.757576
03/21/2018 19:04:33	42.0	43.0	0.755668
03/21/2018 19:04:44	43.0	42.0	1.26263
03/21/2018 19:04:55	42.0	43.0	0.503778
03/21/2018 19:05:06	44.0	44.0	0.503778
03/21/2018 19:05:17	43.0	44.0	0.505051
03/21/2018 19:05:28	42.0	43.0	0.505051
03/21/2018 19:05:39	42.0	43.0	0.759494
03/21/2018 19:05:50	43.0	43.0	0.503778
03/21/2018 19:06:01	43.0	44.0	0.502513
03/21/2018 19:06:12	42.0	43.0	1.01266
03/21/2018 19:06:23	43.0	42.0	0.252525
03/21/2018 19:06:34	43.0	43.0	0.252525
03/21/2018 19:06:45	43.0	43.0	0.757576
03/21/2018 19:06:56	42.0	42.0	0.503778
03/21/2018 19:07:07	43.0	43.0	0.755668
03/21/2018 19:07:18	42.0	43.0	1.01523
03/21/2018 19:07:29	44.0	44.0	0.253165
03/21/2018 19:07:40	43.0	43.0	0.252525
03/21/2018 19:07:51	43.0	44.0	0.755668
03/21/2018 19:08:02	43.0	43.0	0.503778
03/21/2018 19:08:13	43.0	44.0	1.00756
03/21/2018 19:08:24	43.0	43.0	0.75188
03/21/2018 19:08:35	42.0	43.0	0.753769
03/21/2018 19:08:46	42.0	43.0	0.759494
03/21/2018 19:08:58	42.0	42.0	0.505051
03/21/2018 19:09:09	42.0	43.0	1.00503
03/21/2018 19:09:20	42.0	43.0	1.25628
03/21/2018 19:09:31	43.0	43.0	0
03/21/2018 19:09:42	43.0	43.0	0.503778
03/21/2018 19:09:53	42.0	43.0	0.757576
03/21/2018 19:10:04	42.0	43.0	0.753769
03/21/2018 19:10:15	43.0	43.0	0.506329
03/21/2018 19:10:26	43.0	43.0	0.761421
03/21/2018 19:10:37	43.0	43.0	0.502513
03/21/2018 19:10:48	44.0	44.0	1.0101
03/21/2018 19:10:59	43.0	44.0	0.502513
03/21/2018 19:11:10	44.0	43.0	0.503778
03/21/2018 19:11:21	43.0	43.0	1.25945
03/21/2018 19:11:32	43.0	44.0	0.503778
03/21/2018 19:11:43	43.0	43.0	0.503778
03/21/2018 19:11:54	42.0	43.0	1.0101
03/21/2018 19:12:05	44.0	43.0	0.251889
03/21/2018 19:12:16	43.0	43.0	2.01511
03/21/2018 19:12:27	43.0	44.0	1.0101
03/21/2018 19:12:38	43.0	44.0	0.252525
03/21/2018 19:12:49	42.0	43.0	0.251889
03/21/2018 19:13:00	42.0	44.0	1.00756
03/21/2018 19:13:11	42.0	43.0	0.503778
03/21/2018 19:13:22	44.0	43.0	0.757576
03/21/2018 19:13:33	43.0	44.0	0.755668
03/21/2018 19:13:44	42.0	43.0	0.503778
03/21/2018 19:13:55	42.0	43.0	1.0101
03/21/2018 19:14:06	43.0	43.0	0.251889
03/21/2018 19:14:17	44.0	44.0	2.51889
03/21/2018 19:14:28	43.0	43.0	1.51899
03/21/2018 19:14:39	45.0	44.0	0.757576
03/21/2018 19:14:50	43.0	43.0	0
03/21/2018 19:15:01	43.0	43.0	0.757576
03/21/2018 19:15:12	43.0	42.0	0.251889
03/21/2018 19:15:23	42.0	43.0	0.503778
03/21/2018 19:15:35	43.0	43.0	1.26582
03/21/2018 19:15:46	43.0	44.0	2.27848
03/21/2018 19:15:57	42.0	43.0	0.503778
03/21/2018 19:16:08	42.0	44.0	0.252525
03/21/2018 19:16:19	43.0	44.0	2.27273
03/21/2018 19:16:30	44.0	44.0	0.757576
03/21/2018 19:16:41	43.0	43.0	0.252525
03/21/2018 19:16:52	44.0	43.0	0.503778
03/21/2018 19:17:03	43.0	43.0	1.50754
03/21/2018 19:17:14	43.0	43.0	0.251889
03/21/2018 19:17:25	44.0	43.0	0.503778
03/21/2018 19:17:36	45.0	43.0	1.51515
03/21/2018 19:17:47	43.0	43.0	0.753769
03/21/2018 19:17:58	43.0	43.0	0.502513
03/21/2018 19:18:09	43.0	43.0	1.25945
03/21/2018 19:18:20	44.0	44.0	2.267
03/21/2018 19:18:31	43.0	43.0	0.503778
03/21/2018 19:18:42	43.0	44.0	0.252525
03/21/2018 19:18:53	43.0	44.0	0.503778
03/21/2018 19:19:04	43.0	44.0	0.759494
03/21/2018 19:19:15	43.0	44.0	0.757576
03/21/2018 19:19:26	42.0	43.0	0.503778
03/21/2018 19:19:37	43.0	43.0	1.26263
03/21/2018 19:19:48	42.0	43.0	0.251889
03/21/2018 19:19:59	42.0	44.0	0.503778
03/21/2018 19:20:10	42.0	43.0	0.757576
03/21/2018 19:20:21	43.0	43.0	0.753769
03/21/2018 19:20:32	43.0	43.0	0.503778
03/21/2018 19:20:43	43.0	43.0	1.26263
03/21/2018 19:20:54	43.0	44.0	0.252525
03/21/2018 19:21:05	42.0	43.0	0.252525
03/21/2018 19:21:16	43.0	43.0	0.252525
03/21/2018 19:21:27	43.0	44.0	0.252525
03/21/2018 19:21:38	43.0	43.0	1.0101
03/21/2018 19:21:49	43.0	43.0	0.252525
03/21/2018 19:22:00	43.0	44.0	0.503778
03/21/2018 19:22:11	43.0	42.0	0.757576
03/21/2018 19:22:23	42.0	43.0	0.505051
03/21/2018 19:22:34	42.0	42.0	0.503778
03/21/2018 19:22:45	43.0	44.0	1.00756
03/21/2018 19:22:56	42.0	43.0	0.503778
03/21/2018 19:23:07	43.0	43.0	0.252525
03/21/2018 19:23:18	43.0	43.0	0.755668
03/21/2018 19:23:29	43.0	43.0	0.503778
03/21/2018 19:23:40	43.0	43.0	0.755668
03/21/2018 19:23:51	43.0	44.0	1.25945
03/21/2018 19:24:02	43.0	42.0	0.502513
03/21/2018 19:24:13	43.0	43.0	1.25945
03/21/2018 19:24:24	43.0	43.0	0.503778
03/21/2018 19:24:35	43.0	44.0	0.503778
03/21/2018 19:24:46	42.0	43.0	0.506329
03/21/2018 19:24:57	42.0	44.0	0.755668
03/21/2018 19:25:08	43.0	42.0	0.503778
03/21/2018 19:25:19	43.0	43.0	0.757576
03/21/2018 19:25:30	44.0	43.0	0.753769
03/21/2018 19:25:41	42.0	43.0	0.252525
03/21/2018 19:25:52	43.0	43.0	1.51134
03/21/2018 19:26:03	43.0	43.0	0.503778
03/21/2018 19:26:14	44.0	44.0	0.505051
03/21/2018 19:26:25	43.0	43.0	0.252525
03/21/2018 19:26:36	44.0	44.0	0.502513
03/21/2018 19:26:47	43.0	44.0	1.00756
03/21/2018 19:26:58	42.0	43.0	0.505051
03/21/2018 19:27:09	43.0	42.0	0.503778
03/21/2018 19:27:20	43.0	43.0	1.0101
03/21/2018 19:27:31	43.0	43.0	0.505051
03/21/2018 19:27:42	42.0	43.0	0.502513
03/21/2018 19:27:53	43.0	43.0	0.755668
03/21/2018 19:28:04	42.0	43.0	0.503778
03/21/2018 19:28:15	43.0	43.0	0.251889
03/21/2018 19:28:26	43.0	43.0	1.0101
03/21/2018 19:28:37	43.0	44.0	0.251889
03/21/2018 19:28:48	43.0	43.0	0.503778
03/21/2018 19:28:59	44.0	44.0	0.759494
03/21/2018 19:29:11	42.0	43.0	1.25628
03/21/2018 19:29:22	43.0	44.0	1.26263
03/21/2018 19:29:33	43.0	43.0	0.505051
03/21/2018 19:29:44	43.0	43.0	0.505051
03/21/2018 19:29:55	43.0	43.0	1.0101
03/21/2018 19:30:06	43.0	43.0	0.755668
03/21/2018 19:30:17	42.0	43.0	0
03/21/2018 19:30:28	43.0	44.0	1.25945
03/21/2018 19:30:39	43.0	43.0	0.502513
03/21/2018 19:30:50	44.0	42.0	0.503778
03/21/2018 19:31:01	43.0	43.0	0.757576
03/21/2018 19:31:12	42.0	42.0	0.505051
03/21/2018 19:31:23	43.0	43.0	0.503778
03/21/2018 19:31:34	43.0	44.0	1.00756
03/21/2018 19:31:45	42.0	43.0	0.503778
03/21/2018 19:31:56	43.0	43.0	3.03797
03/21/2018 19:32:07	43.0	43.0	0.252525
03/21/2018 19:32:18	43.0	44.0	1.26263
03/21/2018 19:32:29	43.0	43.0	1.25628
03/21/2018 19:32:40	43.0	43.0	0.252525
03/21/2018 19:32:51	42.0	43.0	0.251889
03/21/2018 19:33:02	44.0	44.0	1.50754
03/21/2018 19:33:13	42.0	44.0	0
03/21/2018 19:33:24	43.0	43.0	0.503778
03/21/2018 19:33:35	43.0	43.0	1.0101
03/21/2018 19:33:46	43.0	43.0	2.27273
03/21/2018 19:33:57	42.0	44.0	3.02267
03/21/2018 19:34:08	44.0	44.0	1.01266
03/21/2018 19:34:19	42.0	43.0	0.505051
03/21/2018 19:34:30	44.0	43.0	0.759494
03/21/2018 19:34:41	42.0	43.0	0.755668
03/21/2018 19:34:52	42.0	43.0	0
03/21/2018 19:35:03	42.0	43.0	0.755668
03/21/2018 19:35:14	42.0	43.0	0.503778
03/21/2018 19:35:25	43.0	43.0	0.505051
03/21/2018 19:35:36	43.0	43.0	1.00756
03/21/2018 19:35:48	42.0	43.0	0.503778
03/21/2018 19:35:59	42.0	43.0	2.27273
03/21/2018 19:36:10	43.0	43.0	0.761421
03/21/2018 19:36:21	43.0	43.0	0.252525
03/21/2018 19:36:32	42.0	43.0	0.505051
03/21/2018 19:36:43	44.0	43.0	0.759494
03/21/2018 19:36:54	42.0	42.0	0.503778
03/21/2018 19:37:05	42.0	42.0	0.755668
03/21/2018 19:37:16	42.0	43.0	0.503778
03/21/2018 19:37:27	42.0	42.0	0.501253
03/21/2018 19:37:38	42.0	43.0	1.25628
03/21/2018 19:37:49	42.0	43.0	0.252525
03/21/2018 19:38:00	42.0	43.0	0.505051
03/21/2018 19:38:11	42.0	43.0	0.759494
03/21/2018 19:38:22	43.0	43.0	0
03/21/2018 19:38:33	44.0	44.0	0.503778
03/21/2018 19:38:44	43.0	42.0	0.759494
03/21/2018 19:38:55	42.0	43.0	0.503778
03/21/2018 19:39:06	42.0	42.0	0.252525
03/21/2018 19:39:17	42.0	44.0	1.50754
03/21/2018 19:39:28	42.0	43.0	0.503778
03/21/2018 19:39:39	43.0	43.0	1.0101
03/21/2018 19:39:50	43.0	43.0	0.502513
03/21/2018 19:40:01	42.0	43.0	0.755668
03/21/2018 19:40:12	42.0	42.0	1.0101
03/21/2018 19:40:23	42.0	43.0	0.503778
03/21/2018 19:40:34	42.0	42.0	0.503778
03/21/2018 19:40:45	42.0	42.0	1.26263
03/21/2018 19:40:56	43.0	43.0	0.502513
03/21/2018 19:41:07	42.0	43.0	0.252525
03/21/2018 19:41:18	43.0	43.0	2.0202
03/21/2018 19:41:29	43.0	43.0	1.00756
03/21/2018 19:41:40	42.0	43.0	0.503778
03/21/2018 19:41:51	42.0	43.0	1.26263
03/21/2018 19:42:02	43.0	43.0	0.503778
03/21/2018 19:42:14	43.0	43.0	0.757576
03/21/2018 19:42:25	42.0	42.0	0.502513
03/21/2018 19:42:36	42.0	43.0	0.503778
03/21/2018 19:42:47	42.0	43.0	0.757576
03/21/2018 19:42:58	42.0	42.0	0.252525
03/21/2018 19:43:09	42.0	43.0	0.753769
03/21/2018 19:43:20	42.0	43.0	0.757576
03/21/2018 19:43:31	42.0	43.0	0.753769
03/21/2018 19:43:42	42.0	43.0	0.251889
03/21/2018 19:43:53	43.0	43.0	1.01266
03/21/2018 19:44:04	43.0	43.0	0.755668
03/21/2018 19:44:15	42.0	43.0	0.505051
03/21/2018 19:44:26	43.0	43.0	0.757576
03/21/2018 19:44:37	42.0	42.0	0.503778
03/21/2018 19:44:48	42.0	42.0	1.00756
03/21/2018 19:44:59	42.0	43.0	0.252525
03/21/2018 19:45:10	43.0	44.0	0.252525
03/21/2018 19:45:21	42.0	43.0	1.0101
03/21/2018 19:45:32	42.0	43.0	0.503778
03/21/2018 19:45:43	42.0	42.0	1.00251
03/21/2018 19:45:54	42.0	42.0	1.01266
03/21/2018 19:46:05	43.0	43.0	0.503778
03/21/2018 19:46:16	42.0	42.0	0.503778
03/21/2018 19:46:27	42.0	42.0	1.00756
03/21/2018 19:46:38	43.0	43.0	0.252525
03/21/2018 19:46:49	42.0	42.0	0.251889
03/21/2018 19:47:00	42.0	42.0	1.25945
03/21/2018 19:47:11	42.0	43.0	0.503778
03/21/2018 19:47:22	42.0	43.0	1.51134
03/21/2018 19:47:33	42.0	42.0	0.503778
03/21/2018 19:47:44	42.0	42.0	0.755668
03/21/2018 19:47:55	42.0	42.0	0.757576
03/21/2018 19:48:06	42.0	43.0	0.503778
03/21/2018 19:48:17	42.0	43.0	0.252525
03/21/2018 19:48:28	41.0	42.0	1.01266
03/21/2018 19:48:39	42.0	42.0	0
03/21/2018 19:48:50	42.0	43.0	0.505051
03/21/2018 19:49:02	42.0	42.0	0.757576
03/21/2018 19:49:13	42.0	42.0	0.505051
03/21/2018 19:49:24	42.0	42.0	0.251889
03/21/2018 19:49:35	42.0	42.0	2.27273
03/21/2018 19:49:46	41.0	42.0	2.267
03/21/2018 19:49:57	42.0	43.0	0.503778
03/21/2018 19:50:08	42.0	43.0	0.503778
03/21/2018 19:50:19	42.0	43.0	0.505051
03/21/2018 19:50:30	42.0	43.0	1.25945
03/21/2018 19:50:41	42.0	42.0	0.75188
03/21/2018 19:50:52	42.0	42.0	0.252525
03/21/2018 19:51:03	43.0	42.0	1.51515
03/21/2018 19:51:14	42.0	42.0	0.251889
03/21/2018 19:51:25	42.0	42.0	1.51515
03/21/2018 19:51:36	43.0	42.0	3.56234
03/21/2018 19:51:47	42.0	43.0	0.502513
03/21/2018 19:51:58	42.0	43.0	0.753769
03/21/2018 19:52:09	43.0	43.0	0.759494
03/21/2018 19:52:20	42.0	43.0	0.755668
03/21/2018 19:52:31	43.0	42.0	0.505051
03/21/2018 19:52:42	42.0	42.0	0.505051
03/21/2018 19:52:53	42.0	42.0	0.503778
03/21/2018 19:53:04	42.0	42.0	1.26582
03/21/2018 19:53:15	42.0	43.0	0.252525
03/21/2018 19:53:26	42.0	42.0	0.505051
03/21/2018 19:53:37	42.0	42.0	1.76768
03/21/2018 19:53:48	42.0	42.0	0.503778
03/21/2018 19:53:59	42.0	42.0	0.252525
03/21/2018 19:54:10	43.0	43.0	1.0101
03/21/2018 19:54:21	41.0	42.0	0.503778
03/21/2018 19:54:32	42.0	43.0	0.503778
03/21/2018 19:54:43	42.0	43.0	1.0101
03/21/2018 19:54:54	42.0	42.0	0.503778
03/21/2018 19:55:05	42.0	42.0	0.755668
03/21/2018 19:55:16	42.0	42.0	0.503778
03/21/2018 19:55:28	42.0	42.0	0.252525
03/21/2018 19:55:39	43.0	43.0	1.26263
03/21/2018 19:55:50	42.0	43.0	0.753769
03/21/2018 19:56:01	42.0	42.0	0.253165
03/21/2018 19:56:12	42.0	42.0	2.26131
03/21/2018 19:56:23	42.0	42.0	0.505051
03/21/2018 19:56:34	42.0	42.0	0.252525
03/21/2018 19:56:45	42.0	42.0	0.757576
03/21/2018 19:56:56	42.0	42.0	0.503778
03/21/2018 19:57:07	42.0	42.0	0.503778
03/21/2018 19:57:18	43.0	43.0	0.759494
03/21/2018 19:57:29	42.0	42.0	1.01266
03/21/2018 19:57:40	42.0	43.0	1.00756
03/21/2018 19:57:51	43.0	43.0	0
03/21/2018 19:58:02	42.0	42.0	0.75188
03/21/2018 19:58:13	42.0	42.0	0.759494
03/21/2018 19:58:24	42.0	42.0	0.505051
03/21/2018 19:58:35	42.0	42.0	0.503778
03/21/2018 19:58:46	42.0	43.0	1.26263
03/21/2018 19:58:57	42.0	42.0	0.503778
03/21/2018 19:59:08	43.0	42.0	0.503778
03/21/2018 19:59:19	42.0	42.0	0.757576
03/21/2018 19:59:30	42.0	42.0	0.505051
03/21/2018 19:59:41	42.0	43.0	0.251889
03/21/2018 19:59:52	42.0	43.0	0.757576
03/21/2018 20:00:03	42.0	43.0	0.503778
03/21/2018 20:00:14	42.0	43.0	0.506329
03/21/2018 20:00:25	43.0	42.0	0.505051
03/21/2018 20:00:36	42.0	42.0	0.503778
03/21/2018 20:00:47	43.0	43.0	1.00756
03/21/2018 20:00:58	43.0	42.0	0.503778
03/21/2018 20:01:09	42.0	42.0	0.503778
03/21/2018 20:01:20	42.0	42.0	0.757576
03/21/2018 20:01:31	41.0	42.0	0.505051
03/21/2018 20:01:42	41.0	42.0	0.505051
03/21/2018 20:01:53	43.0	43.0	0.757576
03/21/2018 20:02:04	42.0	42.0	0.502513
03/21/2018 20:02:16	43.0	42.0	0.252525
03/21/2018 20:02:27	41.0	42.0	0.757576
03/21/2018 20:02:38	42.0	42.0	0.755668
03/21/2018 20:02:49	42.0	43.0	0.503778
03/21/2018 20:03:00	42.0	42.0	0.505051
03/21/2018 20:03:11	42.0	42.0	0.252525
03/21/2018 20:03:22	42.0	43.0	1.0101
03/21/2018 20:03:33	42.0	43.0	0.505051
03/21/2018 20:03:44	42.0	43.0	0.505051
03/21/2018 20:03:55	42.0	42.0	1.0101
03/21/2018 20:04:06	42.0	43.0	0.753769
03/21/2018 20:04:17	42.0	42.0	0.251889
03/21/2018 20:04:28	42.0	43.0	1.01266
03/21/2018 20:04:39	42.0	43.0	0.503778
03/21/2018 20:04:50	42.0	43.0	0.503778
03/21/2018 20:05:01	42.0	43.0	0.757576
03/21/2018 20:05:12	41.0	42.0	0.502513
03/21/2018 20:05:23	41.0	42.0	0.503778
03/21/2018 20:05:34	42.0	43.0	0.251889
03/21/2018 20:05:45	42.0	43.0	0.753769
03/21/2018 20:05:56	42.0	42.0	1.0101
03/21/2018 20:06:07	42.0	43.0	3.02267
03/21/2018 20:06:18	42.0	42.0	0.755668
03/21/2018 20:06:29	42.0	42.0	0.759494
03/21/2018 20:06:40	42.0	42.0	0.252525
03/21/2018 20:06:51	41.0	42.0	0.505051
03/21/2018 20:07:02	41.0	42.0	0.759494
03/21/2018 20:07:13	42.0	42.0	2.28426
03/21/2018 20:07:24	42.0	43.0	0.503778
03/21/2018 20:07:35	42.0	42.0	0.757576
03/21/2018 20:07:46	42.0	43.0	1.51134
03/21/2018 20:07:57	42.0	43.0	0.503778
03/21/2018 20:08:08	42.0	42.0	0.507614
03/21/2018 20:08:19	41.0	42.0	0.753769
03/21/2018 20:08:30	41.0	42.0	1.0101
03/21/2018 20:08:42	42.0	42.0	0.502513
03/21/2018 20:08:53	42.0	43.0	0.503778
03/21/2018 20:09:04	42.0	42.0	0.757576
03/21/2018 20:09:15	42.0	42.0	2.27273
03/21/2018 20:09:26	42.0	42.0	0.251256
03/21/2018 20:09:37	42.0	43.0	1.26263
03/21/2018 20:09:48	43.0	42.0	0.251889
03/21/2018 20:09:59	42.0	42.0	0.753769
03/21/2018 20:10:10	41.0	42.0	1.0101
03/21/2018 20:10:21	42.0	42.0	0.502513
03/21/2018 20:10:32	42.0	42.0	0.502513
03/21/2018 20:10:43	42.0	42.0	1.25945
03/21/2018 20:10:54	42.0	42.0	0.507614
03/21/2018 20:11:05	42.0	42.0	1.76768
03/21/2018 20:11:16	42.0	42.0	2.01511
03/21/2018 20:11:27	42.0	42.0	0.502513
03/21/2018 20:11:38	42.0	42.0	0.757576
03/21/2018 20:11:49	42.0	42.0	0.502513
03/21/2018 20:12:00	42.0	42.0	0.503778
03/21/2018 20:12:11	42.0	42.0	1.01266
03/21/2018 20:12:22	42.0	42.0	0.251889
03/21/2018 20:12:33	42.0	42.0	0.505051
03/21/2018 20:12:44	42.0	42.0	0.759494
03/21/2018 20:12:55	43.0	42.0	0.503778
03/21/2018 20:13:06	42.0	42.0	0.252525
03/21/2018 20:13:17	42.0	43.0	1.76322
03/21/2018 20:13:28	43.0	43.0	0.503778
03/21/2018 20:13:39	43.0	42.0	1.00756
03/21/2018 20:13:50	42.0	42.0	0.252525
03/21/2018 20:14:01	42.0	42.0	0.503778
03/21/2018 20:14:12	42.0	42.0	1.26263
03/21/2018 20:14:23	42.0	42.0	0.252525
03/21/2018 20:14:34	42.0	42.0	0.503778
03/21/2018 20:14:45	42.0	42.0	0.757576
03/21/2018 20:14:56	42.0	42.0	0.253165
03/21/2018 20:15:07	42.0	43.0	0.502513
03/21/2018 20:15:18	43.0	42.0	1.00756
03/21/2018 20:15:29	42.0	42.0	0.503778
03/21/2018 20:15:41	42.0	42.0	0.755668
03/21/2018 20:15:52	42.0	42.0	0.757576
03/21/2018 20:16:03	42.0	42.0	0.252525
03/21/2018 20:16:14	42.0	42.0	1.00756
03/21/2018 20:16:25	43.0	43.0	0.506329
03/21/2018 20:16:36	42.0	42.0	0.252525
03/21/2018 20:16:47	42.0	42.0	1.50754
03/21/2018 20:16:58	42.0	42.0	0.251889
03/21/2018 20:17:09	42.0	42.0	0.503778
03/21/2018 20:17:20	42.0	42.0	1.00756
03/21/2018 20:17:31	42.0	42.0	0.503778
03/21/2018 20:17:42	43.0	43.0	0.503778
03/21/2018 20:17:53	42.0	43.0	0.506329
03/21/2018 20:18:04	42.0	42.0	0.505051
03/21/2018 20:18:15	42.0	42.0	0.506329
03/21/2018 20:18:26	42.0	43.0	0.757576
03/21/2018 20:18:37	42.0	42.0	0.252525
03/21/2018 20:18:48	42.0	42.0	0.757576
03/21/2018 20:18:59	42.0	42.0	0.503778
03/21/2018 20:19:10	42.0	43.0	0.503778
03/21/2018 20:19:21	42.0	42.0	1.0101
03/21/2018 20:19:32	42.0	42.0	0.759494
03/21/2018 20:19:43	44.0	42.0	0.753769
03/21/2018 20:19:54	42.0	42.0	1.00503
03/21/2018 20:20:05	42.0	42.0	0
03/21/2018 20:20:16	42.0	42.0	0.503778
03/21/2018 20:20:27	42.0	42.0	1.25945
03/21/2018 20:20:38	42.0	43.0	0.505051
03/21/2018 20:20:49	43.0	43.0	1.25628
03/21/2018 20:21:00	43.0	42.0	1.0101
03/21/2018 20:21:11	43.0	43.0	0.753769
03/21/2018 20:21:22	42.0	43.0	1.0101
03/21/2018 20:21:33	42.0	42.0	0.503778
03/21/2018 20:21:44	42.0	43.0	0.251889
03/21/2018 20:21:55	43.0	42.0	1.25945
03/21/2018 20:22:06	43.0	43.0	0.502513
03/21/2018 20:22:17	42.0	43.0	1.00503
03/21/2018 20:22:29	42.0	42.0	0.757576
03/21/2018 20:22:40	42.0	42.0	0.503778
03/21/2018 20:22:51	42.0	42.0	0.251889
03/21/2018 20:23:02	41.0	42.0	0.757576
03/21/2018 20:23:13	42.0	42.0	0.503778
03/21/2018 20:23:24	42.0	42.0	0.753769
03/21/2018 20:23:35	42.0	42.0	0.757576
03/21/2018 20:23:46	42.0	42.0	0.503778
03/21/2018 20:23:57	42.0	42.0	1.00756
03/21/2018 20:24:08	42.0	42.0	0.503778
03/21/2018 20:24:19	42.0	42.0	0.502513
03/21/2018 20:24:30	43.0	42.0	1.0101
03/21/2018 20:24:41	42.0	42.0	0.505051
03/21/2018 20:24:52	42.0	42.0	0.503778
03/21/2018 20:25:03	42.0	42.0	0.506329
03/21/2018 20:25:14	42.0	42.0	0.503778
03/21/2018 20:25:25	42.0	42.0	0.503778
03/21/2018 20:25:36	42.0	43.0	1.00756
03/21/2018 20:25:47	41.0	42.0	0.251889
03/21/2018 20:25:58	42.0	42.0	0.503778
03/21/2018 20:26:09	42.0	42.0	1.25945
03/21/2018 20:26:20	41.0	42.0	0.252525
03/21/2018 20:26:31	42.0	42.0	1.26263
03/21/2018 20:26:42	42.0	42.0	0
03/21/2018 20:26:53	42.0	42.0	3.5443
03/21/2018 20:27:04	42.0	42.0	1.00756
03/21/2018 20:27:15	42.0	42.0	0.502513
03/21/2018 20:27:26	42.0	42.0	0.252525
03/21/2018 20:27:37	42.0	42.0	1.0101
03/21/2018 20:27:48	42.0	42.0	0.252525
03/21/2018 20:27:59	42.0	43.0	1.00503
03/21/2018 20:28:10	42.0	42.0	0.507614
03/21/2018 20:28:21	42.0	42.0	1.25945
03/21/2018 20:28:32	43.0	42.0	0.252525
03/21/2018 20:28:43	43.0	42.0	1.26582
03/21/2018 20:28:55	42.0	42.0	1.75879
03/21/2018 20:29:06	41.0	42.0	1.0101
03/21/2018 20:29:17	41.0	41.0	0.252525
03/21/2018 20:29:28	42.0	42.0	0.502513
03/21/2018 20:29:39	42.0	42.0	0.757576
03/21/2018 20:29:50	41.0	42.0	0.503778
03/21/2018 20:30:01	41.0	42.0	0
03/21/2018 20:30:12	42.0	42.0	1.0101
03/21/2018 20:30:23	42.0	42.0	0.753769
03/21/2018 20:30:34	42.0	42.0	0.502513
03/21/2018 20:30:45	42.0	42.0	1.26263
03/21/2018 20:30:56	42.0	42.0	1.25945
03/21/2018 20:31:07	41.0	43.0	0.755668
03/21/2018 20:31:18	42.0	42.0	0.757576
03/21/2018 20:31:29	41.0	42.0	1.28205
03/21/2018 20:31:40	42.0	42.0	3.81679
03/21/2018 20:31:51	42.0	42.0	0.753769
03/21/2018 20:32:02	42.0	42.0	0.251256
03/21/2018 20:32:13	42.0	42.0	1.25945
03/21/2018 20:32:24	42.0	42.0	0.502513
03/21/2018 20:32:35	42.0	43.0	0.503778
03/21/2018 20:32:46	42.0	42.0	0.755668
03/21/2018 20:32:57	42.0	42.0	2.0202
03/21/2018 20:33:08	42.0	42.0	0.759494
03/21/2018 20:33:19	42.0	42.0	1.01266
03/21/2018 20:33:30	42.0	42.0	0.252525
03/21/2018 20:33:41	41.0	42.0	0.506329
03/21/2018 20:33:52	41.0	42.0	1.00503
03/21/2018 20:34:03	42.0	41.0	0.503778
03/21/2018 20:34:14	42.0	42.0	2.03046
03/21/2018 20:34:25	42.0	42.0	0.503778
03/21/2018 20:34:36	42.0	42.0	0.505051
03/21/2018 20:34:47	42.0	42.0	0.757576
03/21/2018 20:34:58	42.0	42.0	0.503778
03/21/2018 20:35:09	42.0	42.0	0.503778
03/21/2018 20:35:20	41.0	41.0	1.01266
03/21/2018 20:35:32	41.0	42.0	0.252525
03/21/2018 20:35:43	42.0	42.0	0.503778
03/21/2018 20:35:54	41.0	42.0	1.00503
03/21/2018 20:36:05	41.0	42.0	0.505051
03/21/2018 20:36:16	41.0	41.0	0.503778
03/21/2018 20:36:27	42.0	42.0	0.761421
03/21/2018 20:36:38	41.0	41.0	0.503778
03/21/2018 20:36:49	42.0	42.0	1.0101
03/21/2018 20:37:00	41.0	42.0	0.503778
03/21/2018 20:37:11	41.0	41.0	0.503778
03/21/2018 20:37:22	41.0	42.0	1.00756
03/21/2018 20:37:33	42.0	42.0	0.753769
03/21/2018 20:37:44	41.0	41.0	0.251889
03/21/2018 20:37:55	42.0	41.0	1.51134
03/21/2018 20:38:06	40.0	41.0	28.0519
03/21/2018 20:38:17	44.0	45.0	8.81543
03/21/2018 20:38:28	43.0	42.0	9.81912
03/21/2018 20:38:39	42.0	43.0	7.8534
03/21/2018 20:38:50	43.0	43.0	8.57143
03/21/2018 20:39:01	43.0	43.0	8.29016
03/21/2018 20:39:12	43.0	42.0	8.61619
03/21/2018 20:39:23	43.0	43.0	10.2094
03/21/2018 20:39:34	43.0	44.0	8.57143
03/21/2018 20:39:45	44.0	44.0	7.8534
03/21/2018 20:39:56	44.0	44.0	8.66142
03/21/2018 20:40:07	44.0	44.0	8.07292
03/21/2018 20:40:18	45.0	44.0	8.29016
03/21/2018 20:40:30	45.0	46.0	10.9661
03/21/2018 20:40:41	45.0	46.0	8.85417
03/21/2018 20:40:52	46.0	45.0	10.6494
03/21/2018 20:41:03	46.0	47.0	8.61619
03/21/2018 20:41:14	47.0	46.0	8.52713
03/21/2018 20:41:25	46.0	47.0	14.9871
03/21/2018 20:41:36	47.0	47.0	10.9375
03/21/2018 20:41:47	47.0	47.0	8.07292
03/21/2018 20:41:58	47.0	46.0	8.33333
03/21/2018 20:42:09	47.0	47.0	7.8125
03/21/2018 20:42:20	48.0	48.0	8.03109
03/21/2018 20:42:31	48.0	47.0	9.63542
03/21/2018 20:42:42	49.0	48.0	7.79221
03/21/2018 20:42:53	48.0	48.0	8.07292
03/21/2018 20:43:04	48.0	48.0	9.84456
03/21/2018 20:43:15	48.0	48.0	9.61039
03/21/2018 20:43:26	48.0	48.0	7.59162
03/21/2018 20:43:37	48.0	48.0	8.11518
03/21/2018 20:43:48	49.0	48.0	9.02062
03/21/2018 20:43:59	48.0	49.0	8.05195
03/21/2018 20:44:10	49.0	48.0	8.11518
03/21/2018 20:44:21	48.0	49.0	8.29016
03/21/2018 20:44:32	49.0	49.0	8.92388
03/21/2018 20:44:43	49.0	48.0	8.57143
03/21/2018 20:44:54	50.0	49.0	8.31169
03/21/2018 20:45:05	49.0	49.0	8.33333
03/21/2018 20:45:16	50.0	49.0	8.54922
03/21/2018 20:45:27	50.0	50.0	8.03109
03/21/2018 20:45:38	50.0	49.0	8.59375
03/21/2018 20:45:49	50.0	50.0	7.32984
03/21/2018 20:46:00	50.0	50.0	7.8329
03/21/2018 20:46:11	50.0	50.0	8.59375
03/21/2018 20:46:22	50.0	50.0	8.54922
03/21/2018 20:46:33	50.0	51.0	9.11458
03/21/2018 20:46:44	50.0	50.0	8.61619
03/21/2018 20:46:55	50.0	50.0	8.05195
03/21/2018 20:47:06	50.0	51.0	8.05195
03/21/2018 20:47:17	51.0	50.0	7.8534
03/21/2018 20:47:28	50.0	51.0	8.03109
03/21/2018 20:47:39	50.0	51.0	8.05195
03/21/2018 20:47:51	51.0	51.0	9.1623
03/21/2018 20:48:02	51.0	51.0	8.07292
03/21/2018 20:48:13	51.0	51.0	8.03109
03/21/2018 20:48:24	51.0	51.0	8.29016
03/21/2018 20:48:35	51.0	51.0	9.11458
03/21/2018 20:48:46	51.0	51.0	8.85417
03/21/2018 20:48:57	51.0	51.0	9.66057
03/21/2018 20:49:08	51.0	51.0	7.8534
03/21/2018 20:49:19	51.0	51.0	8.33333
03/21/2018 20:49:30	51.0	51.0	8.09399
03/21/2018 20:49:41	51.0	51.0	8.07292
03/21/2018 20:49:52	51.0	51.0	8.35509
03/21/2018 20:50:03	51.0	51.0	8.29016
03/21/2018 20:50:14	51.0	52.0	8.78553
03/21/2018 20:50:25	51.0	51.0	9.27835
03/21/2018 20:50:36	51.0	51.0	8.09399
03/21/2018 20:50:47	51.0	52.0	7.8125
03/21/2018 20:50:58	51.0	51.0	8.57143
03/21/2018 20:51:09	52.0	51.0	8.03109
03/21/2018 20:51:20	52.0	51.0	8.54922
03/21/2018 20:51:31	51.0	51.0	8.33333
03/21/2018 20:51:42	52.0	52.0	8.31169
03/21/2018 20:51:53	51.0	51.0	8.05195
03/21/2018 20:52:04	52.0	51.0	8.52713
03/21/2018 20:52:15	51.0	52.0	8.90052
03/21/2018 20:52:26	52.0	52.0	8.87728
03/21/2018 20:52:37	52.0	52.0	8.66142
03/21/2018 20:52:48	52.0	51.0	8.09399
03/21/2018 20:52:59	52.0	52.0	10.1562
03/21/2018 20:53:10	52.0	52.0	9.87013
03/21/2018 20:53:21	52.0	52.0	10.6771
03/21/2018 20:53:32	52.0	52.0	10.733
03/21/2018 20:53:43	52.0	53.0	10.705
03/21/2018 20:53:54	52.0	53.0	10.4167
03/21/2018 20:54:05	52.0	53.0	11.4583
03/21/2018 20:54:16	52.0	53.0	10.6218
03/21/2018 20:54:27	52.0	53.0	10.705
03/21/2018 20:54:38	53.0	53.0	10.4439
03/21/2018 20:54:49	52.0	52.0	10.6494
03/21/2018 20:55:01	52.0	53.0	10.8808
03/21/2018 20:55:12	52.0	53.0	13.0548
03/21/2018 20:55:23	52.0	53.0	10.9091
03/21/2018 20:55:34	52.0	53.0	11.2272
03/21/2018 20:55:45	53.0	53.0	10.4439
03/21/2018 20:55:56	53.0	53.0	10.4439
03/21/2018 20:56:07	53.0	53.0	10.4712
03/21/2018 20:56:18	54.0	53.0	11.4583
03/21/2018 20:56:29	53.0	53.0	9.97375
03/21/2018 20:56:40	53.0	53.0	11.1399
03/21/2018 20:56:51	53.0	53.0	10.4439
03/21/2018 20:57:02	53.0	53.0	10.4167
03/21/2018 20:57:13	53.0	53.0	9.63542
03/21/2018 20:57:24	53.0	53.0	8.61619
03/21/2018 20:57:35	53.0	53.0	10.3896
03/21/2018 20:57:46	53.0	53.0	12.4675
03/21/2018 20:57:57	53.0	53.0	11.6883
03/21/2018 20:58:08	53.0	53.0	10.6494
03/21/2018 20:58:19	53.0	52.0	8.59375
03/21/2018 20:58:30	53.0	53.0	8.29016
03/21/2018 20:58:41	53.0	53.0	8.09399
03/21/2018 20:58:52	53.0	53.0	8.05195
03/21/2018 20:59:03	53.0	53.0	8.52713
03/21/2018 20:59:14	53.0	53.0	8.57143
03/21/2018 20:59:25	54.0	53.0	8.78553
03/21/2018 20:59:36	53.0	53.0	8.09399
03/21/2018 20:59:47	53.0	54.0	8.83117
03/21/2018 20:59:58	53.0	53.0	8.03109
03/21/2018 21:00:09	54.0	53.0	8.07292
03/21/2018 21:00:20	53.0	53.0	8.59375
03/21/2018 21:00:31	53.0	53.0	8.29016
03/21/2018 21:00:42	53.0	53.0	8.07292
03/21/2018 21:00:53	53.0	53.0	8.31169
03/21/2018 21:01:04	53.0	53.0	8.52713
03/21/2018 21:01:15	53.0	54.0	8.29016
03/21/2018 21:01:26	53.0	53.0	8.09399
03/21/2018 21:01:37	53.0	53.0	7.8125
03/21/2018 21:01:48	53.0	53.0	8.31169
03/21/2018 21:01:59	53.0	53.0	8.05195
03/21/2018 21:02:11	53.0	53.0	9.61039
03/21/2018 21:02:22	53.0	53.0	8.78553
03/21/2018 21:02:33	53.0	53.0	8.31169
03/21/2018 21:02:44	54.0	53.0	7.79221
03/21/2018 21:02:55	53.0	53.0	9.06736
03/21/2018 21:03:06	53.0	53.0	8.05195
03/21/2018 21:03:17	53.0	53.0	8.05195
03/21/2018 21:03:28	53.0	53.0	8.33333
03/21/2018 21:03:39	53.0	53.0	9.79381
03/21/2018 21:03:50	54.0	53.0	8.03109
03/21/2018 21:04:01	53.0	53.0	8.83117
03/21/2018 21:04:12	53.0	53.0	9.61039
03/21/2018 21:04:23	53.0	53.0	8.76289
03/21/2018 21:04:34	53.0	53.0	8.59375
03/21/2018 21:04:45	53.0	53.0	7.8125
03/21/2018 21:04:56	53.0	53.0	8.07292
03/21/2018 21:05:07	53.0	54.0	10.3627
03/21/2018 21:05:18	54.0	54.0	8.85417
03/21/2018 21:05:29	53.0	53.0	8.31169
03/21/2018 21:05:40	53.0	53.0	8.05195
03/21/2018 21:05:51	54.0	53.0	8.07292
03/21/2018 21:06:02	54.0	53.0	8.11518
03/21/2018 21:06:13	54.0	53.0	9.375
03/21/2018 21:06:24	54.0	53.0	8.05195
03/21/2018 21:06:35	53.0	53.0	8.57143
03/21/2018 21:06:46	53.0	54.0	8.05195
03/21/2018 21:06:57	54.0	53.0	8.07292
03/21/2018 21:07:08	53.0	54.0	8.33333
03/21/2018 21:07:19	53.0	52.0	8.03109
03/21/2018 21:07:30	53.0	53.0	9.97375
03/21/2018 21:07:41	53.0	54.0	9.39948
03/21/2018 21:07:52	54.0	53.0	13.7662
03/21/2018 21:08:03	54.0	53.0	11.4883
03/21/2018 21:08:14	54.0	53.0	12.0735
03/21/2018 21:08:25	53.0	54.0	10.3896
03/21/2018 21:08:36	54.0	53.0	10.705
03/21/2018 21:08:47	54.0	53.0	10.6771
03/21/2018 21:08:58	54.0	54.0	10.1562
03/21/2018 21:09:09	54.0	53.0	10.7895
03/21/2018 21:09:21	54.0	54.0	10.4167
03/21/2018 21:09:32	53.0	54.0	10.2362
03/21/2018 21:09:43	54.0	54.0	11.4286
03/21/2018 21:09:54	54.0	54.0	11.2272
03/21/2018 21:10:05	54.0	54.0	10.1828
03/21/2018 21:10:16	54.0	53.0	11.4583
03/21/2018 21:10:27	54.0	54.0	10.1828
03/21/2018 21:10:38	54.0	54.0	10.705
03/21/2018 21:10:49	54.0	53.0	10.733
03/21/2018 21:11:00	54.0	54.0	12.2715
03/21/2018 21:11:11	54.0	54.0	10.8808
03/21/2018 21:11:22	54.0	53.0	11.1979
03/21/2018 21:11:33	54.0	54.0	8.54922
03/21/2018 21:11:44	54.0	53.0	11.1688
03/21/2018 21:11:55	54.0	54.0	9.92167
03/21/2018 21:12:06	54.0	53.0	9.71129
03/21/2018 21:12:17	54.0	54.0	9.97375
03/21/2018 21:12:28	53.0	54.0	10.4439
03/21/2018 21:12:39	54.0	54.0	10.6218
03/21/2018 21:12:50	54.0	54.0	10.9375
03/21/2018 21:13:01	53.0	53.0	10.4439
03/21/2018 21:13:12	53.0	54.0	10.4167
03/21/2018 21:13:23	54.0	54.0	10.9375
03/21/2018 21:13:34	54.0	53.0	10.6494
03/21/2018 21:13:45	54.0	54.0	10.6771
03/21/2018 21:13:56	54.0	54.0	10.4712
03/21/2018 21:14:07	53.0	54.0	10.2094
03/21/2018 21:14:18	54.0	53.0	9.94764
03/21/2018 21:14:29	54.0	54.0	11.1979
03/21/2018 21:14:40	54.0	54.0	10.1562
03/21/2018 21:14:51	53.0	54.0	9.71129
03/21/2018 21:15:02	54.0	54.0	7.79221
03/21/2018 21:15:13	54.0	54.0	11.5183
03/21/2018 21:15:24	54.0	54.0	12.8609
03/21/2018 21:15:35	56.0	54.0	9.97375
03/21/2018 21:15:46	54.0	54.0	10.1562
03/21/2018 21:15:57	54.0	54.0	11.1688
03/21/2018 21:16:08	54.0	53.0	10.6494
03/21/2018 21:16:20	53.0	54.0	10.6771
03/21/2018 21:16:31	54.0	53.0	10.705
03/21/2018 21:16:42	53.0	53.0	10.9375
03/21/2018 21:16:53	54.0	53.0	10.4439
03/21/2018 21:17:04	54.0	54.0	10.1828
03/21/2018 21:17:15	54.0	53.0	9.87013
03/21/2018 21:17:26	54.0	53.0	10.1828
03/21/2018 21:17:37	54.0	53.0	8.57143
03/21/2018 21:17:48	54.0	53.0	9.11458
03/21/2018 21:17:59	54.0	54.0	9.87013
03/21/2018 21:18:10	53.0	53.0	10.6771
03/21/2018 21:18:21	54.0	53.0	12.0419
03/21/2018 21:18:32	54.0	54.0	11.1399
03/21/2018 21:18:43	54.0	54.0	10.4167
03/21/2018 21:18:54	53.0	54.0	10
03/21/2018 21:19:05	53.0	54.0	11.4286
03/21/2018 21:19:16	54.0	53.0	9.71129
03/21/2018 21:19:27	54.0	54.0	10.4439
03/21/2018 21:19:38	54.0	54.0	11.1979
03/21/2018 21:19:49	54.0	54.0	10.6771
03/21/2018 21:20:00	54.0	54.0	11.4883
03/21/2018 21:20:11	54.0	54.0	10.7612
03/21/2018 21:20:22	54.0	54.0	18.0628
03/21/2018 21:20:33	54.0	54.0	17.7546
03/21/2018 21:20:44	54.0	54.0	16.4062
03/21/2018 21:20:55	54.0	54.0	16.4491
03/21/2018 21:21:06	54.0	55.0	10.4439
03/21/2018 21:21:17	54.0	54.0	10.8808
03/21/2018 21:21:28	54.0	54.0	9.94764
03/21/2018 21:21:39	55.0	54.0	9.92167
03/21/2018 21:21:50	54.0	54.0	11.7188
03/21/2018 21:22:01	55.0	54.0	9.94764
03/21/2018 21:22:12	54.0	54.0	11.1688
03/21/2018 21:22:23	54.0	54.0	10.4439
03/21/2018 21:22:34	54.0	54.0	10.4712
03/21/2018 21:22:45	54.0	54.0	10.733
03/21/2018 21:22:56	54.0	54.0	9.39948
03/21/2018 21:23:07	55.0	54.0	10.4439
03/21/2018 21:23:19	54.0	54.0	10.9375
03/21/2018 21:23:30	54.0	54.0	9.94764
03/21/2018 21:23:41	54.0	54.0	10.2094
03/21/2018 21:23:52	54.0	54.0	12.2715
03/21/2018 21:24:03	53.0	54.0	10.6218
03/21/2018 21:24:14	54.0	54.0	10.2094
03/21/2018 21:24:25	53.0	54.0	10.5263
03/21/2018 21:24:36	54.0	54.0	11.7493
03/21/2018 21:24:47	55.0	54.0	10.4987
03/21/2018 21:24:58	53.0	54.0	11.4583
03/21/2018 21:25:09	54.0	54.0	10.4712
03/21/2018 21:25:20	54.0	53.0	10.733
03/21/2018 21:25:31	54.0	53.0	10.4439
03/21/2018 21:25:42	54.0	54.0	11.4883
03/21/2018 21:25:53	53.0	54.0	11.7188
03/21/2018 21:26:04	54.0	54.0	10.4712
03/21/2018 21:26:15	54.0	53.0	10.2094
03/21/2018 21:26:26	54.0	54.0	11.1979
03/21/2018 21:26:37	54.0	53.0	8.57143
03/21/2018 21:26:48	54.0	54.0	8.57143
03/21/2018 21:26:59	54.0	53.0	9.11458
03/21/2018 21:27:10	54.0	54.0	8.33333
03/21/2018 21:27:21	54.0	54.0	8.59375
03/21/2018 21:27:32	54.0	54.0	8.90052
03/21/2018 21:27:43	54.0	54.0	10.1562
03/21/2018 21:27:54	53.0	54.0	11.7188
03/21/2018 21:28:05	54.0	54.0	10.733
03/21/2018 21:28:16	54.0	54.0	10.5263
03/21/2018 21:28:27	54.0	53.0	10.8808
03/21/2018 21:28:38	53.0	54.0	10.1828
03/21/2018 21:28:49	54.0	54.0	9.97375
03/21/2018 21:29:00	54.0	54.0	10.4712
03/21/2018 21:29:11	54.0	54.0	10.9091
03/21/2018 21:29:22	54.0	54.0	10.1828
03/21/2018 21:29:33	54.0	54.0	10.9948
03/21/2018 21:29:44	54.0	54.0	10.567
03/21/2018 21:29:55	54.0	54.0	11.5183
03/21/2018 21:30:06	54.0	54.0	11.7801
03/21/2018 21:30:18	54.0	54.0	10.705
03/21/2018 21:30:29	54.0	54.0	10.4167
03/21/2018 21:30:40	54.0	54.0	9.09091
03/21/2018 21:30:51	54.0	54.0	8.05195
03/21/2018 21:31:02	54.0	53.0	8.29016
03/21/2018 21:31:13	54.0	53.0	8.80829
03/21/2018 21:31:24	54.0	54.0	8.31169
03/21/2018 21:31:35	54.0	54.0	7.8125
03/21/2018 21:31:46	54.0	54.0	8.80829
03/21/2018 21:31:57	54.0	53.0	8.80829
03/21/2018 21:32:08	54.0	54.0	8.83117
03/21/2018 21:32:19	54.0	53.0	7.8125
03/21/2018 21:32:30	54.0	54.0	8.31169
03/21/2018 21:32:41	54.0	53.0	8.31169
03/21/2018 21:32:52	53.0	54.0	8.29016
03/21/2018 21:33:03	54.0	53.0	9.04393
03/21/2018 21:33:14	54.0	54.0	8.11518
03/21/2018 21:33:25	54.0	54.0	8.29016
03/21/2018 21:33:36	54.0	53.0	7.34908
03/21/2018 21:33:47	54.0	54.0	9.04393
03/21/2018 21:33:58	54.0	53.0	8.03109
03/21/2018 21:34:09	54.0	53.0	8.31169
03/21/2018 21:34:20	53.0	54.0	8.33333
03/21/2018 21:34:31	54.0	53.0	8.31169
03/21/2018 21:34:42	53.0	53.0	8.83117
03/21/2018 21:34:53	54.0	53.0	9.06736
03/21/2018 21:35:04	54.0	54.0	7.5718
03/21/2018 21:35:15	54.0	54.0	8.33333
03/21/2018 21:35:26	54.0	53.0	7.55208
03/21/2018 21:35:37	53.0	53.0	8.54922
03/21/2018 21:35:48	54.0	54.0	8.11518
03/21/2018 21:35:59	54.0	54.0	7.79221
03/21/2018 21:36:10	54.0	54.0	7.3107
03/21/2018 21:36:21	54.0	54.0	8.83117
03/21/2018 21:36:32	54.0	53.0	7.5718
03/21/2018 21:36:43	54.0	53.0	7.8329
03/21/2018 21:36:54	54.0	53.0	8.07292
03/21/2018 21:37:05	54.0	54.0	8.07292
03/21/2018 21:37:17	54.0	53.0	8.29016
03/21/2018 21:37:28	53.0	53.0	7.87402
03/21/2018 21:37:39	54.0	53.0	8.50515
03/21/2018 21:37:50	54.0	54.0	8.05195
03/21/2018 21:38:01	54.0	54.0	8.33333
03/21/2018 21:38:12	54.0	53.0	7.32984
03/21/2018 21:38:23	54.0	54.0	8.31169
03/21/2018 21:38:34	54.0	54.0	8.52713
03/21/2018 21:38:45	54.0	54.0	8.05195
03/21/2018 21:38:56	54.0	54.0	8.57143
03/21/2018 21:39:07	54.0	54.0	7.32984
03/21/2018 21:39:18	54.0	54.0	7.79221
03/21/2018 21:39:29	54.0	53.0	8.54922
03/21/2018 21:39:40	54.0	54.0	8.31169
03/21/2018 21:39:51	54.0	54.0	8.07292
03/21/2018 21:40:02	54.0	54.0	8.31169
03/21/2018 21:40:13	54.0	54.0	8.05195
03/21/2018 21:40:24	53.0	54.0	9.09091
03/21/2018 21:40:35	54.0	54.0	10.733
03/21/2018 21:40:46	54.0	53.0	8.05195
03/21/2018 21:40:57	53.0	53.0	8.54922
03/21/2018 21:41:08	54.0	54.0	8.80829
03/21/2018 21:41:19	54.0	54.0	8.03109
03/21/2018 21:41:30	55.0	54.0	9.61039
03/21/2018 21:41:41	54.0	54.0	8.29016
03/21/2018 21:41:52	54.0	54.0	8.29016
03/21/2018 21:42:03	54.0	54.0	9.63542
03/21/2018 21:42:14	54.0	54.0	9.375
03/21/2018 21:42:25	54.0	53.0	8.05195
03/21/2018 21:42:36	54.0	54.0	8.83117
03/21/2018 21:42:47	54.0	54.0	7.8125
03/21/2018 21:42:58	54.0	54.0	8.29016
03/21/2018 21:43:09	54.0	54.0	8.54922
03/21/2018 21:43:20	54.0	54.0	7.5718
03/21/2018 21:43:31	54.0	54.0	9.35065
03/21/2018 21:43:42	54.0	54.0	8.07292
03/21/2018 21:43:53	54.0	54.0	8.03109
03/21/2018 21:44:04	54.0	54.0	7.8125
03/21/2018 21:44:16	54.0	54.0	7.8329
03/21/2018 21:44:27	54.0	54.0	8.05195
03/21/2018 21:44:38	54.0	54.0	8.05195
03/21/2018 21:44:49	53.0	54.0	9.06736
03/21/2018 21:45:00	54.0	54.0	7.79221
03/21/2018 21:45:11	54.0	54.0	8.11518
03/21/2018 21:45:22	54.0	53.0	8.03109
03/21/2018 21:45:33	54.0	53.0	9.32642
03/21/2018 21:45:44	54.0	54.0	8.78553
03/21/2018 21:45:55	54.0	54.0	8.52713
03/21/2018 21:46:06	53.0	54.0	7.8329
03/21/2018 21:46:17	54.0	54.0	8.31169
03/21/2018 21:46:28	55.0	53.0	9.09091
03/21/2018 21:46:39	54.0	54.0	8.87728
03/21/2018 21:46:50	54.0	53.0	9.35065
03/21/2018 21:47:01	54.0	53.0	8.57143
03/21/2018 21:47:12	54.0	54.0	8.05195
03/21/2018 21:47:23	53.0	54.0	8.33333
03/21/2018 21:47:34	54.0	53.0	8.07292
03/21/2018 21:47:45	54.0	53.0	8.83117
03/21/2018 21:47:56	54.0	53.0	8.57143
03/21/2018 21:48:07	54.0	54.0	8.52713
03/21/2018 21:48:18	54.0	53.0	8.83117
03/21/2018 21:48:29	54.0	53.0	7.79221
03/21/2018 21:48:40	54.0	53.0	8.05195
03/21/2018 21:48:51	54.0	54.0	8.31169
03/21/2018 21:49:02	54.0	53.0	8.07292
03/21/2018 21:49:13	54.0	53.0	8.26873
03/21/2018 21:49:24	54.0	54.0	9.04393
03/21/2018 21:49:35	54.0	54.0	8.05195
03/21/2018 21:49:46	54.0	54.0	8.31169
03/21/2018 21:49:57	54.0	53.0	8.80829
03/21/2018 21:50:08	54.0	54.0	7.8125
03/21/2018 21:50:19	54.0	53.0	8.05195
03/21/2018 21:50:30	53.0	54.0	8.29016
03/21/2018 21:50:41	54.0	54.0	7.79221
03/21/2018 21:50:52	54.0	54.0	7.79221
03/21/2018 21:51:03	54.0	54.0	8.09399
03/21/2018 21:51:15	54.0	53.0	8.05195
03/21/2018 21:51:26	54.0	54.0	8.31169
03/21/2018 21:51:37	54.0	54.0	8.03109
03/21/2018 21:51:48	54.0	54.0	8.05195
03/21/2018 21:51:59	54.0	54.0	9.04393
03/21/2018 21:52:10	54.0	54.0	8.31169
03/21/2018 21:52:21	54.0	54.0	8.03109
03/21/2018 21:52:32	54.0	53.0	8.57143
03/21/2018 21:52:43	54.0	54.0	7.79221
03/21/2018 21:52:54	54.0	53.0	8.54922
03/21/2018 21:53:05	54.0	54.0	8.78553
03/21/2018 21:53:16	54.0	53.0	8.07292
03/21/2018 21:53:27	54.0	53.0	7.8125
03/21/2018 21:53:38	54.0	53.0	8.80829
03/21/2018 21:53:49	54.0	54.0	8.05195
03/21/2018 21:54:00	54.0	54.0	7.8125
03/21/2018 21:54:11	54.0	54.0	8.57143
03/21/2018 21:54:22	53.0	53.0	7.79221
03/21/2018 21:54:33	54.0	53.0	8.29016
03/21/2018 21:54:44	54.0	53.0	8.31169
03/21/2018 21:54:55	54.0	53.0	7.79221
03/21/2018 21:55:06	54.0	53.0	8.09399
03/21/2018 21:55:17	54.0	54.0	8.07292
03/21/2018 21:55:28	54.0	54.0	8.03109
03/21/2018 21:55:39	55.0	54.0	8.09399
03/21/2018 21:55:50	54.0	53.0	8.03109
03/21/2018 21:56:01	54.0	54.0	7.8125
03/21/2018 21:56:12	54.0	54.0	8.09399
03/21/2018 21:56:23	54.0	54.0	9.35065
03/21/2018 21:56:34	54.0	53.0	9.09091
03/21/2018 21:56:45	54.0	54.0	8.57143
03/21/2018 21:56:56	54.0	54.0	7.55208
03/21/2018 21:57:07	54.0	54.0	8.50515
03/21/2018 21:57:18	54.0	54.0	8.80829
03/21/2018 21:57:29	54.0	54.0	8.52713
03/21/2018 21:57:40	54.0	53.0	7.77202
03/21/2018 21:57:51	54.0	54.0	9.04393
03/21/2018 21:58:02	54.0	54.0	8.29016
03/21/2018 21:58:14	54.0	53.0	8.52713
03/21/2018 21:58:25	54.0	53.0	8.57143
03/21/2018 21:58:36	54.0	54.0	7.79221
03/21/2018 21:58:47	54.0	54.0	8.31169
03/21/2018 21:58:58	54.0	54.0	8.05195
03/21/2018 21:59:09	54.0	53.0	8.29016
03/21/2018 21:59:20	54.0	53.0	8.54922
03/21/2018 21:59:31	55.0	54.0	8.29016
03/21/2018 21:59:42	54.0	54.0	8.05195
03/21/2018 21:59:53	54.0	53.0	9.04393
03/21/2018 22:00:04	54.0	54.0	8.05195
03/21/2018 22:00:15	54.0	54.0	8.29016
03/21/2018 22:00:26	54.0	54.0	7.8534
03/21/2018 22:00:37	54.0	54.0	8.29016
03/21/2018 22:00:48	54.0	53.0	7.79221
03/21/2018 22:00:59	54.0	53.0	8.31169
03/21/2018 22:01:10	54.0	54.0	10.8527
03/21/2018 22:01:21	54.0	54.0	9.35065
03/21/2018 22:01:32	54.0	53.0	7.32984
03/21/2018 22:01:43	54.0	54.0	8.03109
03/21/2018 22:01:54	54.0	54.0	8.29016
03/21/2018 22:02:05	54.0	53.0	8.05195
03/21/2018 22:02:16	54.0	54.0	7.79221
03/21/2018 22:02:27	54.0	54.0	9.63542
03/21/2018 22:02:38	54.0	54.0	8.29016
03/21/2018 22:02:49	54.0	54.0	7.55208
03/21/2018 22:03:00	54.0	54.0	8.83117
03/21/2018 22:03:11	55.0	54.0	9.30233
03/21/2018 22:03:22	54.0	54.0	8.03109
03/21/2018 22:03:33	54.0	53.0	8.54922
03/21/2018 22:03:44	54.0	54.0	8.31169
03/21/2018 22:03:55	54.0	55.0	8.26873
03/21/2018 22:04:06	54.0	54.0	8.33333
03/21/2018 22:04:17	54.0	53.0	8.05195
03/21/2018 22:04:28	54.0	54.0	8.03109
03/21/2018 22:04:39	54.0	54.0	8.07292
03/21/2018 22:04:50	54.0	53.0	8.05195
03/21/2018 22:05:01	54.0	54.0	8.07292
03/21/2018 22:05:12	54.0	54.0	9.375
03/21/2018 22:05:24	53.0	54.0	8.50515
03/21/2018 22:05:35	53.0	54.0	8.31169
03/21/2018 22:05:46	54.0	54.0	7.79221
03/21/2018 22:05:57	54.0	53.0	8.26873
03/21/2018 22:06:08	54.0	53.0	8.80829
03/21/2018 22:06:19	54.0	54.0	8.05195
03/21/2018 22:06:30	53.0	53.0	8.05195
03/21/2018 22:06:41	54.0	53.0	8.33333
03/21/2018 22:06:52	54.0	53.0	8.05195
03/21/2018 22:07:03	54.0	54.0	7.79221
03/21/2018 22:07:14	54.0	54.0	8.33333
03/21/2018 22:07:25	54.0	53.0	7.79221
03/21/2018 22:07:36	54.0	53.0	8.07292
03/21/2018 22:07:47	54.0	53.0	7.8329
03/21/2018 22:07:58	54.0	53.0	8.26873
03/21/2018 22:08:09	54.0	54.0	7.53247
03/21/2018 22:08:20	54.0	54.0	7.59162
03/21/2018 22:08:31	54.0	54.0	8.85417
03/21/2018 22:08:42	54.0	54.0	9.84456
03/21/2018 22:08:53	54.0	54.0	7.79221
03/21/2018 22:09:04	54.0	54.0	8.05195
03/21/2018 22:09:15	54.0	54.0	8.31169
03/21/2018 22:09:26	54.0	54.0	8.31169
03/21/2018 22:09:37	54.0	54.0	7.79221
03/21/2018 22:09:48	54.0	54.0	9.06736
03/21/2018 22:09:59	54.0	53.0	8.50515
03/21/2018 22:10:10	54.0	54.0	8.24742
03/21/2018 22:10:21	54.0	54.0	8.05195
03/21/2018 22:10:32	54.0	54.0	8.05195
03/21/2018 22:10:43	55.0	53.0	7.3107
03/21/2018 22:10:54	54.0	54.0	7.8125
03/21/2018 22:11:05	54.0	53.0	8.85417
03/21/2018 22:11:16	55.0	54.0	8.85417
03/21/2018 22:11:27	54.0	54.0	8.83117
03/21/2018 22:11:38	54.0	54.0	7.8125
03/21/2018 22:11:49	54.0	54.0	8.83117
03/21/2018 22:12:00	54.0	53.0	7.79221
03/21/2018 22:12:11	54.0	53.0	7.8125
03/21/2018 22:12:22	54.0	54.0	8.31169
03/21/2018 22:12:34	54.0	54.0	8.26873
03/21/2018 22:12:45	54.0	53.0	8.03109
03/21/2018 22:12:56	54.0	54.0	8.78553
03/21/2018 22:13:07	54.0	54.0	7.79221
03/21/2018 22:13:18	54.0	53.0	8.29016
03/21/2018 22:13:29	53.0	54.0	8.31169
03/21/2018 22:13:40	54.0	53.0	8.52713
03/21/2018 22:13:51	55.0	54.0	8.26873
03/21/2018 22:14:02	54.0	54.0	8.80829
03/21/2018 22:14:13	54.0	54.0	7.51295
03/21/2018 22:14:24	54.0	54.0	7.8125
03/21/2018 22:14:35	54.0	54.0	8.50515
03/21/2018 22:14:46	54.0	53.0	7.79221
03/21/2018 22:14:57	54.0	54.0	8.78553
03/21/2018 22:15:08	54.0	54.0	7.79221
03/21/2018 22:15:19	54.0	54.0	8.52713
03/21/2018 22:15:30	54.0	54.0	8.52713
03/21/2018 22:15:41	54.0	54.0	7.55208
03/21/2018 22:15:52	54.0	54.0	8.03109
03/21/2018 22:16:03	54.0	54.0	8.31169
03/21/2018 22:16:14	54.0	54.0	8.48329
03/21/2018 22:16:25	54.0	54.0	8.03109
03/21/2018 22:16:36	54.0	54.0	8.07292
03/21/2018 22:16:47	54.0	54.0	8.50515
03/21/2018 22:16:58	54.0	54.0	8.05195
03/21/2018 22:17:09	54.0	53.0	10.1299
03/21/2018 22:17:20	54.0	54.0	7.55208
03/21/2018 22:17:31	54.0	54.0	8.29016
03/21/2018 22:17:42	55.0	53.0	8.52713
03/21/2018 22:17:53	54.0	53.0	8.54922
03/21/2018 22:18:04	54.0	53.0	8.29016
03/21/2018 22:18:15	54.0	54.0	8.54922
03/21/2018 22:18:26	54.0	53.0	8.29016
03/21/2018 22:18:37	54.0	53.0	10.1299
03/21/2018 22:18:48	54.0	54.0	8.26873
03/21/2018 22:18:59	54.0	54.0	8.07292
03/21/2018 22:19:10	54.0	54.0	8.57143
03/21/2018 22:19:21	54.0	54.0	7.79221
03/21/2018 22:19:33	54.0	54.0	8.03109
03/21/2018 22:19:44	54.0	54.0	8.31169
03/21/2018 22:19:55	54.0	54.0	8.78553
03/21/2018 22:20:06	54.0	54.0	8.76289
03/21/2018 22:20:17	54.0	53.0	9.09091
03/21/2018 22:20:28	54.0	54.0	8.29016
03/21/2018 22:20:39	54.0	54.0	8.31169
03/21/2018 22:20:50	54.0	54.0	9.81912
03/21/2018 22:21:01	54.0	53.0	8.29016
03/21/2018 22:21:12	54.0	53.0	7.5718
03/21/2018 22:21:23	54.0	53.0	10.3627
03/21/2018 22:21:34	57.0	54.0	7.8329
03/21/2018 22:21:45	54.0	53.0	9.06736
03/21/2018 22:21:56	54.0	53.0	8.26873
03/21/2018 22:22:07	54.0	53.0	8.26873
03/21/2018 22:22:18	54.0	53.0	8.57143
03/21/2018 22:22:29	54.0	53.0	8.29016
03/21/2018 22:22:40	54.0	53.0	7.3107
03/21/2018 22:22:51	54.0	54.0	9.87013
03/21/2018 22:23:02	54.0	53.0	8.03109
03/21/2018 22:23:13	54.0	53.0	8.83117
03/21/2018 22:23:24	53.0	53.0	10.9091
03/21/2018 22:23:35	54.0	53.0	8.29016
03/21/2018 22:23:46	53.0	53.0	8.52713
03/21/2018 22:23:57	54.0	54.0	8.57143
03/21/2018 22:24:08	54.0	53.0	8.05195
03/21/2018 22:24:19	54.0	53.0	8.24742
03/21/2018 22:24:30	54.0	53.0	11.1111
03/21/2018 22:24:41	54.0	53.0	8.24742
03/21/2018 22:24:52	54.0	53.0	9.87013
03/21/2018 22:25:03	54.0	53.0	7.53247
03/21/2018 22:25:14	54.0	53.0	7.79221
03/21/2018 22:25:25	54.0	53.0	8.33333
03/21/2018 22:25:36	54.0	53.0	8.03109
03/21/2018 22:25:47	54.0	53.0	10.1828
03/21/2018 22:25:58	54.0	53.0	10.9375
03/21/2018 22:26:09	54.0	53.0	9.92167
03/21/2018 22:26:20	54.0	53.0	10.4167
03/21/2018 22:26:31	54.0	53.0	10.9091
03/21/2018 22:26:43	54.0	54.0	10.2094
03/21/2018 22:26:54	54.0	54.0	9.87013
03/21/2018 22:27:05	55.0	53.0	10.9948
03/21/2018 22:27:16	54.0	54.0	10.4167
03/21/2018 22:27:27	54.0	54.0	10.1562
03/21/2018 22:27:38	55.0	53.0	11.1688
03/21/2018 22:27:49	54.0	53.0	10.4439
03/21/2018 22:28:00	54.0	54.0	10.8808
03/21/2018 22:28:11	54.0	54.0	7.79221
03/21/2018 22:28:22	54.0	54.0	7.8125
03/21/2018 22:28:33	54.0	54.0	8.05195
03/21/2018 22:28:44	54.0	53.0	9.35065
03/21/2018 22:28:55	54.0	53.0	8.05195
03/21/2018 22:29:06	54.0	53.0	8.57143
03/21/2018 22:29:17	53.0	53.0	7.79221
03/21/2018 22:29:28	54.0	53.0	8.29016
03/21/2018 22:29:39	54.0	53.0	8.09399
03/21/2018 22:29:50	54.0	53.0	8.29016
03/21/2018 22:30:01	54.0	54.0	8.33333
03/21/2018 22:30:12	53.0	53.0	8.57143
03/21/2018 22:30:23	54.0	53.0	8.05195
03/21/2018 22:30:34	54.0	53.0	7.8125
03/21/2018 22:30:45	54.0	53.0	8.31169
03/21/2018 22:30:56	54.0	53.0	8.05195
03/21/2018 22:31:07	54.0	52.0	7.79221
03/21/2018 22:31:18	53.0	53.0	8.35509
03/21/2018 22:31:29	54.0	53.0	8.76289
03/21/2018 22:31:40	54.0	53.0	7.59162
03/21/2018 22:31:51	54.0	54.0	9.375
03/21/2018 22:32:02	54.0	54.0	8.26873
03/21/2018 22:32:13	54.0	53.0	8.07292
03/21/2018 22:32:24	54.0	53.0	8.03109
03/21/2018 22:32:35	54.0	53.0	8.05195
03/21/2018 22:32:46	53.0	53.0	8.33333
03/21/2018 22:32:57	53.0	53.0	8.54922
03/21/2018 22:33:08	54.0	53.0	8.01034
03/21/2018 22:33:19	54.0	52.0	9.87013
03/21/2018 22:33:30	53.0	53.0	7.77202
03/21/2018 22:33:41	53.0	53.0	8.31169
03/21/2018 22:33:53	53.0	53.0	8.07292
03/21/2018 22:34:04	53.0	53.0	7.8125
03/21/2018 22:34:15	54.0	53.0	7.79221
03/21/2018 22:34:26	54.0	53.0	8.80829
03/21/2018 22:34:37	53.0	53.0	7.8125
03/21/2018 22:34:48	54.0	54.0	8.54922
03/21/2018 22:34:59	54.0	53.0	7.3107
03/21/2018 22:35:10	54.0	53.0	7.79221
03/21/2018 22:35:21	54.0	53.0	8.07292
03/21/2018 22:35:32	54.0	53.0	7.8125
03/21/2018 22:35:43	54.0	53.0	7.79221
03/21/2018 22:35:54	53.0	53.0	8.31169
03/21/2018 22:36:05	54.0	53.0	8.31169
03/21/2018 22:36:16	54.0	53.0	7.79221
03/21/2018 22:36:27	54.0	53.0	8.31169
03/21/2018 22:36:38	54.0	53.0	7.53247
03/21/2018 22:36:49	54.0	53.0	8.05195
03/21/2018 22:37:00	53.0	53.0	7.8534
03/21/2018 22:37:11	54.0	53.0	8.07292
03/21/2018 22:37:22	53.0	53.0	8.05195
03/21/2018 22:37:33	54.0	53.0	8.54922
03/21/2018 22:37:44	54.0	53.0	7.29167
03/21/2018 22:37:55	53.0	53.0	9.06736
03/21/2018 22:38:06	54.0	53.0	9.76864
03/21/2018 22:38:17	53.0	53.0	7.5718
03/21/2018 22:38:28	53.0	53.0	7.8329
03/21/2018 22:38:39	53.0	53.0	8.26873
03/21/2018 22:38:50	54.0	53.0	8.03109
03/21/2018 22:39:01	54.0	53.0	8.57143
03/21/2018 22:39:12	54.0	53.0	8.63874
03/21/2018 22:39:23	53.0	53.0	8.07292
03/21/2018 22:39:34	54.0	53.0	8.31169
03/21/2018 22:39:45	53.0	53.0	7.32984
03/21/2018 22:39:56	54.0	53.0	8.03109
03/21/2018 22:40:07	54.0	53.0	8.31169
03/21/2018 22:40:18	54.0	53.0	8.29016
03/21/2018 22:40:29	54.0	53.0	9.58549
03/21/2018 22:40:40	54.0	53.0	8.31169
03/21/2018 22:40:51	54.0	53.0	7.79221
03/21/2018 22:41:03	54.0	54.0	7.8329
03/21/2018 22:41:14	54.0	53.0	8.57143
03/21/2018 22:41:25	54.0	53.0	8.05195
03/21/2018 22:41:36	53.0	53.0	8.52713
03/21/2018 22:41:47	54.0	53.0	7.79221
03/21/2018 22:41:58	53.0	53.0	8.03109
03/21/2018 22:42:09	53.0	53.0	8.05195
03/21/2018 22:42:20	54.0	53.0	7.8125
03/21/2018 22:42:31	54.0	53.0	9.35065
03/21/2018 22:42:42	54.0	53.0	8.31169
03/21/2018 22:42:53	54.0	53.0	7.8125
03/21/2018 22:43:04	54.0	53.0	7.79221
03/21/2018 22:43:15	54.0	53.0	8.31169
03/21/2018 22:43:26	54.0	53.0	9.04393
03/21/2018 22:43:37	54.0	54.0	7.8125
03/21/2018 22:43:48	54.0	53.0	8.31169
03/21/2018 22:43:59	53.0	53.0	7.77202
03/21/2018 22:44:10	53.0	53.0	7.5718
03/21/2018 22:44:21	54.0	53.0	8.54922
03/21/2018 22:44:32	54.0	53.0	9.375
03/21/2018 22:44:43	53.0	53.0	7.79221
03/21/2018 22:44:54	54.0	52.0	8.26873
03/21/2018 22:45:05	54.0	53.0	7.79221
03/21/2018 22:45:16	54.0	53.0	10.4167
03/21/2018 22:45:27	53.0	53.0	9.06736
03/21/2018 22:45:38	53.0	53.0	7.79221
03/21/2018 22:45:49	53.0	53.0	7.8125
03/21/2018 22:46:00	54.0	54.0	8.31169
03/21/2018 22:46:11	54.0	53.0	7.55208
03/21/2018 22:46:22	53.0	53.0	8.57143
03/21/2018 22:46:33	53.0	53.0	8.80829
03/21/2018 22:46:44	54.0	53.0	7.8329
03/21/2018 22:46:55	54.0	53.0	7.8125
03/21/2018 22:47:06	54.0	53.0	8.03109
03/21/2018 22:47:17	54.0	53.0	8.03109
03/21/2018 22:47:28	54.0	53.0	8.80829
03/21/2018 22:47:39	54.0	53.0	7.5718
03/21/2018 22:47:50	54.0	53.0	8.05195
03/21/2018 22:48:02	53.0	53.0	10.8808
03/21/2018 22:48:13	53.0	53.0	7.77202
03/21/2018 22:48:24	53.0	53.0	8.80829
03/21/2018 22:48:35	53.0	53.0	8.05195
03/21/2018 22:48:46	54.0	53.0	8.54922
03/21/2018 22:48:57	54.0	53.0	10.1828
03/21/2018 22:49:08	54.0	53.0	8.05195
03/21/2018 22:49:19	54.0	53.0	8.26873
03/21/2018 22:49:30	54.0	54.0	8.57143
03/21/2018 22:49:41	53.0	53.0	8.52713
03/21/2018 22:49:52	54.0	53.0	7.8125
03/21/2018 22:50:03	53.0	54.0	8.31169
03/21/2018 22:50:14	54.0	53.0	8.31169
03/21/2018 22:50:25	54.0	53.0	7.8125
03/21/2018 22:50:36	54.0	53.0	9.27835
03/21/2018 22:50:47	53.0	53.0	8.03109
03/21/2018 22:50:58	54.0	53.0	8.54922
03/21/2018 22:51:09	55.0	53.0	8.76289
03/21/2018 22:51:20	53.0	53.0	8.76289
03/21/2018 22:51:31	54.0	53.0	8.78553
03/21/2018 22:51:42	54.0	53.0	9.02062
03/21/2018 22:51:53	54.0	53.0	8.03109
03/21/2018 22:52:04	54.0	53.0	9.04393
03/21/2018 22:52:15	54.0	53.0	8.26873
03/21/2018 22:52:26	54.0	53.0	10.2828
03/21/2018 22:52:37	54.0	53.0	9.06736
03/21/2018 22:52:48	54.0	53.0	8.78553
03/21/2018 22:52:59	54.0	53.0	9.20716
03/21/2018 22:53:10	54.0	53.0	9.2545
03/21/2018 22:53:21	54.0	53.0	9.02062
03/21/2018 22:53:32	54.0	53.0	9.48718
03/21/2018 22:53:43	54.0	53.0	9.97442
03/21/2018 22:53:54	54.0	53.0	10.5398
03/21/2018 22:54:05	54.0	53.0	12.8947
