09/30/2017 14:57:11	32.0	31.0	1.00756
09/30/2017 14:57:22	30.0	30.0	0.757576
09/30/2017 14:57:33	30.0	29.0	0.506329
09/30/2017 14:57:44	31.0	30.0	0.506329
09/30/2017 14:57:55	31.0	30.0	0.253165
09/30/2017 14:58:06	31.0	30.0	0.253807
09/30/2017 14:58:17	31.0	31.0	0.757576
09/30/2017 14:58:28	31.0	30.0	0.503778
09/30/2017 14:58:39	32.0	31.0	0.253165
09/30/2017 14:58:49	31.0	31.0	0.252525
09/30/2017 14:59:00	32.0	32.0	1.00756
09/30/2017 14:59:11	32.0	32.0	0.755668
09/30/2017 14:59:22	32.0	32.0	0.503778
09/30/2017 14:59:33	33.0	33.0	0.753769
09/30/2017 14:59:44	33.0	33.0	0.252525
09/30/2017 14:59:55	33.0	33.0	0.505051
09/30/2017 15:00:06	33.0	33.0	0.753769
09/30/2017 15:00:17	33.0	33.0	0.757576
09/30/2017 15:00:28	33.0	34.0	0.252525
09/30/2017 15:00:39	34.0	34.0	0.253165
09/30/2017 15:00:50	34.0	34.0	0.252525
09/30/2017 15:01:01	34.0	34.0	0.503778
09/30/2017 15:01:12	35.0	35.0	0
09/30/2017 15:01:23	35.0	35.0	0.755668
09/30/2017 15:01:34	35.0	35.0	0.503778
09/30/2017 15:01:45	35.0	35.0	0.502513
09/30/2017 15:01:56	36.0	35.0	0.503778
09/30/2017 15:02:07	35.0	35.0	0.503778
09/30/2017 15:02:18	36.0	35.0	0.503778
09/30/2017 15:02:29	36.0	37.0	0.505051
09/30/2017 15:02:40	36.0	36.0	0.503778
09/30/2017 15:02:51	36.0	36.0	0.503778
09/30/2017 15:03:02	36.0	37.0	0.505051
09/30/2017 15:03:13	36.0	37.0	0.753769
09/30/2017 15:03:24	36.0	36.0	0.503778
09/30/2017 15:03:35	36.0	37.0	0.503778
09/30/2017 15:03:46	36.0	36.0	0.505051
09/30/2017 15:03:57	37.0	36.0	0.252525
09/30/2017 15:04:09	36.0	37.0	0.755668
09/30/2017 15:04:20	37.0	37.0	0.753769
09/30/2017 15:04:31	37.0	37.0	0.505051
09/30/2017 15:04:42	37.0	37.0	0.503778
09/30/2017 15:04:53	37.0	37.0	0.252525
09/30/2017 15:05:04	38.0	37.0	0.503778
09/30/2017 15:05:15	38.0	37.0	0.755668
09/30/2017 15:05:26	38.0	37.0	0.251889
09/30/2017 15:05:37	38.0	37.0	0.503778
09/30/2017 15:05:48	38.0	38.0	0.503778
09/30/2017 15:05:59	37.0	37.0	0.503778
09/30/2017 15:06:10	37.0	38.0	0.252525
09/30/2017 15:06:21	38.0	37.0	0.503778
09/30/2017 15:06:32	37.0	37.0	0
09/30/2017 15:06:43	38.0	37.0	0.253165
09/30/2017 15:06:54	38.0	37.0	0.252525
09/30/2017 15:07:05	38.0	38.0	0.505051
09/30/2017 15:07:16	38.0	38.0	0.252525
09/30/2017 15:07:27	38.0	37.0	0.753769
09/30/2017 15:07:38	39.0	39.0	0.502513
09/30/2017 15:07:49	38.0	38.0	0.753769
09/30/2017 15:08:00	38.0	38.0	0.502513
09/30/2017 15:08:11	38.0	38.0	0.505051
09/30/2017 15:08:22	39.0	39.0	1.00503
09/30/2017 15:08:33	39.0	38.0	0.251889
09/30/2017 15:08:44	39.0	38.0	0.505051
09/30/2017 15:08:55	39.0	39.0	0.252525
09/30/2017 15:09:06	39.0	39.0	0.503778
09/30/2017 15:09:17	38.0	38.0	0.503778
09/30/2017 15:09:28	39.0	39.0	0.755668
09/30/2017 15:09:39	39.0	39.0	0.252525
09/30/2017 15:09:50	39.0	39.0	0.505051
09/30/2017 15:10:01	39.0	39.0	0.753769
09/30/2017 15:10:12	39.0	40.0	0.755668
09/30/2017 15:10:23	40.0	40.0	0.252525
09/30/2017 15:10:35	39.0	39.0	0.503778
09/30/2017 15:10:46	40.0	39.0	0.505051
09/30/2017 15:10:57	39.0	39.0	0.505051
09/30/2017 15:11:08	40.0	40.0	0.503778
09/30/2017 15:11:19	39.0	39.0	0.755668
09/30/2017 15:11:30	40.0	39.0	0.252525
09/30/2017 15:11:41	39.0	40.0	0.253165
09/30/2017 15:11:52	39.0	39.0	0.502513
09/30/2017 15:12:03	41.0	40.0	0.753769
09/30/2017 15:12:14	40.0	40.0	0.251889
09/30/2017 15:12:25	39.0	40.0	1.26263
09/30/2017 15:12:36	40.0	40.0	0.505051
09/30/2017 15:12:47	40.0	40.0	0.503778
09/30/2017 15:12:58	40.0	41.0	0.503778
09/30/2017 15:13:09	41.0	41.0	0.755668
09/30/2017 15:13:20	40.0	40.0	0.505051
09/30/2017 15:13:31	41.0	40.0	0
09/30/2017 15:13:42	40.0	40.0	0.503778
09/30/2017 15:13:53	41.0	40.0	0.503778
09/30/2017 15:14:04	40.0	40.0	0.505051
09/30/2017 15:14:15	41.0	41.0	0.503778
09/30/2017 15:14:26	40.0	40.0	0.505051
09/30/2017 15:14:37	41.0	40.0	0.505051
09/30/2017 15:14:48	40.0	40.0	0.503778
09/30/2017 15:14:59	41.0	40.0	1.00756
09/30/2017 15:15:10	40.0	40.0	0.506329
09/30/2017 15:15:21	41.0	40.0	0.503778
09/30/2017 15:15:32	41.0	41.0	0.503778
09/30/2017 15:15:43	42.0	41.0	0.252525
09/30/2017 15:15:54	41.0	42.0	0.503778
09/30/2017 15:16:05	41.0	41.0	0.252525
09/30/2017 15:16:16	41.0	41.0	0.755668
09/30/2017 15:16:27	40.0	41.0	0.503778
09/30/2017 15:16:38	41.0	41.0	0.252525
09/30/2017 15:16:49	41.0	41.0	0.252525
09/30/2017 15:17:00	41.0	41.0	3.05344
09/30/2017 15:17:12	41.0	41.0	1.00503
09/30/2017 15:17:23	41.0	41.0	0.753769
09/30/2017 15:17:34	41.0	41.0	0.753769
09/30/2017 15:17:45	41.0	41.0	0.502513
09/30/2017 15:17:56	41.0	41.0	0.755668
09/30/2017 15:18:07	41.0	42.0	0.503778
09/30/2017 15:18:18	42.0	41.0	0.755668
09/30/2017 15:18:29	42.0	41.0	0.252525
09/30/2017 15:18:40	41.0	42.0	0.503778
09/30/2017 15:18:51	41.0	41.0	0.252525
09/30/2017 15:19:02	42.0	42.0	1.00251
09/30/2017 15:19:13	42.0	42.0	0.502513
09/30/2017 15:19:24	42.0	42.0	0.252525
09/30/2017 15:19:35	42.0	42.0	0.503778
09/30/2017 15:19:46	41.0	41.0	0.755668
09/30/2017 15:19:57	42.0	42.0	0.252525
09/30/2017 15:20:08	42.0	42.0	0.253165
09/30/2017 15:20:19	42.0	42.0	0.503778
09/30/2017 15:20:30	42.0	42.0	0.503778
09/30/2017 15:20:41	42.0	42.0	0
09/30/2017 15:20:52	42.0	42.0	0.753769
09/30/2017 15:21:03	42.0	42.0	0.503778
09/30/2017 15:21:14	42.0	42.0	0.505051
09/30/2017 15:21:25	42.0	43.0	0.505051
09/30/2017 15:21:36	42.0	42.0	0.753769
09/30/2017 15:21:47	43.0	42.0	0.503778
09/30/2017 15:21:58	42.0	42.0	0.503778
09/30/2017 15:22:09	42.0	42.0	0.505051
09/30/2017 15:22:20	43.0	42.0	0.503778
09/30/2017 15:22:31	42.0	42.0	0.505051
09/30/2017 15:22:42	42.0	42.0	0.503778
09/30/2017 15:22:53	42.0	43.0	0.505051
09/30/2017 15:23:04	42.0	42.0	0.503778
09/30/2017 15:23:15	42.0	42.0	0.253165
09/30/2017 15:23:26	42.0	42.0	0.252525
09/30/2017 15:23:37	42.0	42.0	0.505051
09/30/2017 15:23:48	43.0	43.0	0.252525
09/30/2017 15:24:00	42.0	42.0	0.506329
09/30/2017 15:24:11	42.0	43.0	0.503778
09/30/2017 15:24:22	43.0	43.0	0.253165
09/30/2017 15:24:33	42.0	43.0	0.503778
09/30/2017 15:24:44	43.0	42.0	0.753769
09/30/2017 15:24:55	43.0	43.0	0.252525
09/30/2017 15:25:06	42.0	42.0	0.253165
09/30/2017 15:25:17	42.0	42.0	0.505051
09/30/2017 15:25:28	43.0	43.0	0.503778
09/30/2017 15:25:39	43.0	43.0	0.755668
09/30/2017 15:25:50	43.0	43.0	0.503778
09/30/2017 15:26:01	43.0	43.0	0.753769
09/30/2017 15:26:12	42.0	42.0	0.503778
09/30/2017 15:26:23	42.0	43.0	1.00756
09/30/2017 15:26:34	43.0	43.0	0.503778
09/30/2017 15:26:45	43.0	42.0	0.505051
09/30/2017 15:26:56	43.0	43.0	0.252525
09/30/2017 15:27:07	43.0	43.0	0.505051
09/30/2017 15:27:18	43.0	43.0	0.252525
09/30/2017 15:27:29	43.0	42.0	0.503778
09/30/2017 15:27:40	43.0	43.0	0.252525
09/30/2017 15:27:51	43.0	42.0	0.503778
09/30/2017 15:28:02	43.0	42.0	0.252525
09/30/2017 15:28:13	43.0	43.0	0.503778
09/30/2017 15:28:24	43.0	44.0	0.757576
09/30/2017 15:28:35	43.0	43.0	0.505051
09/30/2017 15:28:46	43.0	43.0	0.503778
09/30/2017 15:28:57	42.0	43.0	0.506329
09/30/2017 15:29:08	44.0	43.0	0.252525
09/30/2017 15:29:19	43.0	43.0	0.503778
09/30/2017 15:29:30	43.0	43.0	0.252525
09/30/2017 15:29:41	43.0	43.0	0.503778
09/30/2017 15:29:52	43.0	43.0	0.503778
09/30/2017 15:30:03	43.0	43.0	0.502513
09/30/2017 15:30:14	44.0	44.0	0.252525
09/30/2017 15:30:25	44.0	44.0	0.252525
09/30/2017 15:30:36	43.0	44.0	0.503778
09/30/2017 15:30:48	43.0	44.0	0.503778
09/30/2017 15:30:59	43.0	43.0	0.503778
09/30/2017 15:31:10	43.0	44.0	0.505051
09/30/2017 15:31:21	43.0	43.0	0.503778
09/30/2017 15:31:32	44.0	43.0	0.753769
09/30/2017 15:31:43	43.0	44.0	0.503778
09/30/2017 15:31:54	43.0	43.0	0.503778
09/30/2017 15:32:05	43.0	44.0	0.505051
09/30/2017 15:32:16	43.0	43.0	0.252525
09/30/2017 15:32:27	44.0	43.0	0.252525
09/30/2017 15:32:38	43.0	44.0	0.503778
09/30/2017 15:32:49	43.0	44.0	0.505051
09/30/2017 15:33:00	44.0	44.0	1.00756
09/30/2017 15:33:11	44.0	44.0	0.503778
09/30/2017 15:33:22	43.0	43.0	0.503778
09/30/2017 15:33:33	43.0	44.0	0.755668
09/30/2017 15:33:44	43.0	44.0	0.503778
09/30/2017 15:33:55	44.0	44.0	0.252525
09/30/2017 15:34:06	44.0	44.0	0.755668
09/30/2017 15:34:17	43.0	44.0	0.252525
09/30/2017 15:34:28	43.0	44.0	0.755668
09/30/2017 15:34:39	43.0	44.0	0.503778
09/30/2017 15:34:50	44.0	44.0	0.503778
09/30/2017 15:35:01	44.0	44.0	0
09/30/2017 15:35:12	44.0	44.0	0.503778
09/30/2017 15:35:23	45.0	44.0	0.502513
09/30/2017 15:35:34	44.0	44.0	0.755668
09/30/2017 15:35:45	44.0	44.0	0
09/30/2017 15:35:56	44.0	44.0	0.503778
09/30/2017 15:36:07	44.0	44.0	0.252525
09/30/2017 15:36:18	44.0	44.0	0.753769
09/30/2017 15:36:29	44.0	44.0	0.503778
09/30/2017 15:36:40	44.0	44.0	0.755668
09/30/2017 15:36:51	44.0	44.0	0.502513
09/30/2017 15:37:02	44.0	45.0	0.503778
09/30/2017 15:37:13	44.0	44.0	0.503778
09/30/2017 15:37:24	44.0	44.0	0.503778
09/30/2017 15:37:35	45.0	44.0	0.503778
09/30/2017 15:37:47	45.0	44.0	0.755668
09/30/2017 15:37:58	45.0	44.0	0.252525
09/30/2017 15:38:09	44.0	44.0	0.503778
09/30/2017 15:38:20	44.0	44.0	0.503778
09/30/2017 15:38:31	45.0	44.0	0.503778
09/30/2017 15:38:42	45.0	44.0	0.503778
09/30/2017 15:38:53	45.0	45.0	0.251889
09/30/2017 15:39:04	45.0	45.0	0.503778
09/30/2017 15:39:15	45.0	45.0	0.503778
09/30/2017 15:39:26	45.0	44.0	0.753769
09/30/2017 15:39:37	45.0	45.0	0.503778
09/30/2017 15:39:48	44.0	45.0	0.503778
09/30/2017 15:39:59	44.0	44.0	0.252525
09/30/2017 15:40:10	44.0	45.0	0.506329
09/30/2017 15:40:21	45.0	44.0	0.503778
09/30/2017 15:40:32	45.0	44.0	0.503778
09/30/2017 15:40:43	44.0	45.0	0.503778
09/30/2017 15:40:54	44.0	44.0	0.503778
09/30/2017 15:41:05	45.0	45.0	0.503778
09/30/2017 15:41:16	44.0	44.0	0.505051
09/30/2017 15:41:27	45.0	44.0	0.503778
09/30/2017 15:41:38	45.0	45.0	0.503778
09/30/2017 15:41:49	45.0	45.0	0.252525
09/30/2017 15:42:00	45.0	45.0	0.253165
09/30/2017 15:42:11	45.0	44.0	0.502513
09/30/2017 15:42:22	44.0	44.0	0.503778
09/30/2017 15:42:33	45.0	45.0	0.252525
09/30/2017 15:42:44	44.0	45.0	0.251889
09/30/2017 15:42:55	46.0	45.0	0.755668
09/30/2017 15:43:06	45.0	45.0	0.251889
09/30/2017 15:43:17	45.0	45.0	0.503778
09/30/2017 15:43:28	45.0	44.0	0.502513
09/30/2017 15:43:39	45.0	44.0	0.753769
09/30/2017 15:43:50	45.0	45.0	0
09/30/2017 15:44:01	45.0	45.0	0.252525
09/30/2017 15:44:12	44.0	45.0	0.502513
09/30/2017 15:44:23	45.0	46.0	0.506329
09/30/2017 15:44:34	45.0	44.0	0.503778
09/30/2017 15:44:45	46.0	45.0	0.755668
09/30/2017 15:44:57	45.0	45.0	0.252525
09/30/2017 15:45:08	45.0	45.0	0.503778
09/30/2017 15:45:19	45.0	44.0	0.75188
09/30/2017 15:45:30	45.0	45.0	0.505051
09/30/2017 15:45:41	45.0	45.0	0.503778
09/30/2017 15:45:52	45.0	44.0	0.503778
09/30/2017 15:46:03	45.0	45.0	0.251256
09/30/2017 15:46:14	46.0	45.0	0.503778
09/30/2017 15:46:25	45.0	45.0	0.757576
09/30/2017 15:46:36	45.0	46.0	0.503778
09/30/2017 15:46:47	46.0	45.0	0.502513
09/30/2017 15:46:58	45.0	45.0	0.503778
09/30/2017 15:47:09	45.0	45.0	0.503778
09/30/2017 15:47:20	46.0	45.0	0.252525
09/30/2017 15:47:31	45.0	45.0	0.505051
09/30/2017 15:47:42	45.0	45.0	0.252525
09/30/2017 15:47:53	45.0	45.0	0.505051
09/30/2017 15:48:04	45.0	44.0	0.502513
09/30/2017 15:48:15	45.0	45.0	0.505051
09/30/2017 15:48:26	45.0	45.0	0.252525
09/30/2017 15:48:37	46.0	46.0	0.503778
09/30/2017 15:48:48	46.0	45.0	0
09/30/2017 15:48:59	45.0	45.0	1.01266
09/30/2017 15:49:10	45.0	45.0	0.251889
09/30/2017 15:49:21	46.0	45.0	0.503778
09/30/2017 15:49:32	44.0	45.0	0.252525
09/30/2017 15:49:43	45.0	45.0	0.505051
09/30/2017 15:49:54	45.0	45.0	0.251256
09/30/2017 15:50:05	46.0	44.0	0.505051
09/30/2017 15:50:16	45.0	45.0	0.503778
09/30/2017 15:50:27	46.0	45.0	0.505051
09/30/2017 15:50:38	45.0	45.0	0
09/30/2017 15:50:49	45.0	45.0	0.505051
09/30/2017 15:51:00	45.0	45.0	0.252525
09/30/2017 15:51:11	46.0	45.0	0.755668
09/30/2017 15:51:22	45.0	45.0	0.251889
09/30/2017 15:51:33	45.0	46.0	0.502513
09/30/2017 15:51:44	46.0	45.0	0.503778
09/30/2017 15:51:56	45.0	46.0	0.502513
09/30/2017 15:52:07	45.0	46.0	0.503778
09/30/2017 15:52:18	45.0	45.0	0.503778
09/30/2017 15:52:29	45.0	45.0	0.503778
09/30/2017 15:52:40	46.0	45.0	0.251889
09/30/2017 15:52:51	45.0	45.0	0.503778
09/30/2017 15:53:02	46.0	45.0	0.502513
09/30/2017 15:53:13	45.0	45.0	0.503778
09/30/2017 15:53:24	46.0	45.0	0.505051
09/30/2017 15:53:35	45.0	45.0	0.505051
09/30/2017 15:53:46	45.0	45.0	0.251889
09/30/2017 15:53:57	45.0	45.0	0.755668
09/30/2017 15:54:08	45.0	45.0	0.252525
09/30/2017 15:54:19	45.0	45.0	0.753769
09/30/2017 15:54:30	46.0	45.0	0.503778
09/30/2017 15:54:41	45.0	45.0	0.503778
09/30/2017 15:54:52	46.0	45.0	0.503778
09/30/2017 15:55:03	46.0	45.0	0.503778
09/30/2017 15:55:14	45.0	46.0	0.251889
09/30/2017 15:55:25	45.0	45.0	0.252525
09/30/2017 15:55:36	45.0	45.0	0.252525
09/30/2017 15:55:47	45.0	45.0	0.252525
09/30/2017 15:55:58	46.0	45.0	0.503778
09/30/2017 15:56:09	45.0	46.0	0.253165
09/30/2017 15:56:20	45.0	46.0	0.503778
09/30/2017 15:56:31	45.0	45.0	0.502513
09/30/2017 15:56:42	46.0	45.0	0.503778
09/30/2017 15:56:53	45.0	45.0	0.252525
09/30/2017 15:57:04	46.0	45.0	0.503778
09/30/2017 15:57:15	44.0	45.0	0.503778
09/30/2017 15:57:26	46.0	45.0	0.755668
09/30/2017 15:57:37	46.0	45.0	0.251889
09/30/2017 15:57:48	47.0	45.0	0.503778
09/30/2017 15:57:59	46.0	46.0	0.253165
09/30/2017 15:58:10	46.0	46.0	0.505051
09/30/2017 15:58:22	46.0	45.0	0.251889
09/30/2017 15:58:33	46.0	45.0	0.503778
09/30/2017 15:58:44	45.0	45.0	0.503778
09/30/2017 15:58:55	46.0	45.0	0.503778
09/30/2017 15:59:06	46.0	45.0	0.252525
09/30/2017 15:59:17	46.0	45.0	0.252525
09/30/2017 15:59:28	45.0	45.0	0.253165
09/30/2017 15:59:39	46.0	46.0	0.252525
09/30/2017 15:59:50	45.0	46.0	0.502513
09/30/2017 16:00:01	45.0	45.0	0.505051
09/30/2017 16:00:12	45.0	45.0	0.503778
09/30/2017 16:00:23	47.0	46.0	0.502513
09/30/2017 16:00:34	46.0	45.0	0.505051
09/30/2017 16:00:45	46.0	46.0	0.503778
09/30/2017 16:00:56	46.0	45.0	0.503778
09/30/2017 16:01:07	46.0	45.0	0.252525
09/30/2017 16:01:18	46.0	45.0	0.755668
09/30/2017 16:01:29	46.0	45.0	0.252525
09/30/2017 16:01:40	46.0	45.0	0.505051
09/30/2017 16:01:51	45.0	45.0	0.251889
09/30/2017 16:02:02	47.0	46.0	0.503778
09/30/2017 16:02:13	46.0	45.0	0.503778
09/30/2017 16:02:24	46.0	45.0	1.77215
09/30/2017 16:02:35	47.0	47.0	0.502513
09/30/2017 16:02:46	46.0	46.0	0.252525
09/30/2017 16:02:57	46.0	45.0	0.251889
09/30/2017 16:03:08	46.0	46.0	0.755668
09/30/2017 16:03:19	46.0	46.0	0.252525
09/30/2017 16:03:30	46.0	46.0	0.253165
09/30/2017 16:03:41	46.0	46.0	0.503778
09/30/2017 16:03:52	46.0	46.0	0.503778
09/30/2017 16:04:03	47.0	45.0	0
09/30/2017 16:04:14	46.0	45.0	0.503778
09/30/2017 16:04:25	46.0	45.0	0.503778
09/30/2017 16:04:36	46.0	46.0	0.503778
09/30/2017 16:04:47	46.0	46.0	0.503778
09/30/2017 16:04:58	46.0	46.0	0.251889
09/30/2017 16:05:10	46.0	45.0	0.505051
09/30/2017 16:05:21	46.0	45.0	0.251889
09/30/2017 16:05:32	45.0	46.0	1.00251
09/30/2017 16:05:43	46.0	46.0	0.251889
09/30/2017 16:05:54	46.0	46.0	0.755668
09/30/2017 16:06:05	46.0	46.0	0.251889
09/30/2017 16:06:16	46.0	45.0	0.753769
09/30/2017 16:06:27	46.0	45.0	0.251889
09/30/2017 16:06:38	46.0	46.0	0.503778
09/30/2017 16:06:49	45.0	46.0	0.753769
09/30/2017 16:07:00	46.0	46.0	1.00756
09/30/2017 16:07:11	46.0	45.0	0.503778
09/30/2017 16:07:22	46.0	46.0	0.505051
09/30/2017 16:07:33	46.0	46.0	2.53165
09/30/2017 16:07:44	46.0	46.0	15.1163
09/30/2017 16:07:56	48.0	46.0	19.0332
09/30/2017 16:08:07	49.0	48.0	13.9108
09/30/2017 16:08:18	48.0	49.0	14.4357
09/30/2017 16:08:29	49.0	48.0	17.3228
09/30/2017 16:08:40	51.0	50.0	16.9271
09/30/2017 16:08:51	50.0	51.0	13.6126
09/30/2017 16:09:02	51.0	51.0	19.3443
09/30/2017 16:09:13	51.0	52.0	14.0212
09/30/2017 16:09:25	52.0	53.0	12.3037
09/30/2017 16:09:36	52.0	53.0	12.5668
09/30/2017 16:09:47	53.0	53.0	13.2626
09/30/2017 16:09:58	51.0	51.0	14.5503
09/30/2017 16:10:09	49.0	49.0	14.5889
09/30/2017 16:10:20	48.0	47.0	15.3646
09/30/2017 16:10:31	47.0	47.0	14.2857
09/30/2017 16:10:42	48.0	48.0	12.6316
09/30/2017 16:10:53	49.0	50.0	14.3229
09/30/2017 16:11:04	50.0	51.0	14.0212
09/30/2017 16:11:15	52.0	52.0	14.7757
09/30/2017 16:11:26	52.0	53.0	15.445
09/30/2017 16:11:38	54.0	53.0	18.1102
09/30/2017 16:11:49	55.0	54.0	12.6984
09/30/2017 16:12:00	55.0	55.0	13.1234
09/30/2017 16:12:11	55.0	55.0	19.656
09/30/2017 16:12:22	55.0	55.0	15
09/30/2017 16:12:33	52.0	52.0	15
09/30/2017 16:12:44	51.0	51.0	15.748
09/30/2017 16:12:55	50.0	50.0	14.2857
09/30/2017 16:13:06	49.0	48.0	14.5119
09/30/2017 16:13:17	48.0	47.0	14.6982
09/30/2017 16:13:28	48.0	47.0	19.2208
09/30/2017 16:13:39	47.0	46.0	14.5503
09/30/2017 16:13:50	49.0	48.0	14.0212
09/30/2017 16:14:01	51.0	50.0	15.4822
09/30/2017 16:14:12	52.0	51.0	12.6316
09/30/2017 16:14:23	52.0	52.0	12.3684
09/30/2017 16:14:34	54.0	53.0	12.5984
09/30/2017 16:14:45	54.0	54.0	12.0735
09/30/2017 16:14:56	55.0	54.0	11.8734
09/30/2017 16:15:07	56.0	55.0	12.0735
09/30/2017 16:15:18	56.0	56.0	14.3959
09/30/2017 16:15:29	55.0	55.0	13.1926
09/30/2017 16:15:40	52.0	52.0	12.9973
09/30/2017 16:15:51	51.0	51.0	15.0649
09/30/2017 16:16:02	50.0	50.0	14.4357
09/30/2017 16:16:13	49.0	48.0	14.7757
09/30/2017 16:16:24	48.0	48.0	16.4894
09/30/2017 16:16:35	48.0	48.0	18.4783
09/30/2017 16:16:46	53.0	48.0	2.60417
09/30/2017 16:16:57	49.0	48.0	0.252525
09/30/2017 16:17:09	48.0	48.0	0.251889
09/30/2017 16:17:20	49.0	48.0	0.252525
09/30/2017 16:17:31	50.0	49.0	0.502513
09/30/2017 16:17:42	50.0	50.0	0.75188
09/30/2017 16:17:53	50.0	49.0	0.251889
09/30/2017 16:18:04	51.0	51.0	0.503778
09/30/2017 16:18:15	50.0	50.0	0.251889
09/30/2017 16:18:26	51.0	50.0	0.753769
09/30/2017 16:18:37	50.0	51.0	0.502513
09/30/2017 16:18:48	50.0	50.0	0.505051
09/30/2017 16:18:59	50.0	50.0	0.251889
09/30/2017 16:19:10	50.0	50.0	0.503778
09/30/2017 16:19:21	50.0	50.0	0.251889
09/30/2017 16:19:32	50.0	50.0	0.502513
09/30/2017 16:19:43	51.0	50.0	0.252525
09/30/2017 16:19:54	50.0	50.0	0.252525
09/30/2017 16:20:05	50.0	50.0	0.503778
09/30/2017 16:20:16	50.0	49.0	0.503778
09/30/2017 16:20:27	51.0	50.0	0.503778
09/30/2017 16:20:38	50.0	50.0	0.252525
09/30/2017 16:20:49	50.0	50.0	0.252525
09/30/2017 16:21:00	50.0	49.0	0.502513
09/30/2017 16:21:11	49.0	49.0	0.753769
09/30/2017 16:21:22	49.0	48.0	0.503778
09/30/2017 16:21:33	49.0	49.0	0.503778
09/30/2017 16:21:44	50.0	49.0	0
09/30/2017 16:21:55	49.0	48.0	0.503778
09/30/2017 16:22:06	49.0	48.0	0.252525
09/30/2017 16:22:17	48.0	48.0	0.753769
09/30/2017 16:22:28	50.0	48.0	0.502513
09/30/2017 16:22:39	49.0	48.0	0.252525
09/30/2017 16:22:50	48.0	48.0	0
09/30/2017 16:23:01	49.0	48.0	0.753769
09/30/2017 16:23:12	48.0	48.0	0.502513
09/30/2017 16:23:23	48.0	48.0	0.753769
09/30/2017 16:23:34	48.0	48.0	0.252525
09/30/2017 16:23:45	49.0	48.0	0.503778
09/30/2017 16:23:57	48.0	48.0	0.502513
09/30/2017 16:24:08	48.0	47.0	0.503778
09/30/2017 16:24:19	49.0	48.0	0.252525
09/30/2017 16:24:30	48.0	48.0	0.251889
09/30/2017 16:24:41	48.0	48.0	0.503778
09/30/2017 16:24:52	48.0	47.0	0
09/30/2017 16:25:03	48.0	47.0	0.251889
09/30/2017 16:25:14	48.0	48.0	0.503778
09/30/2017 16:25:25	48.0	48.0	0.502513
09/30/2017 16:25:36	48.0	48.0	0.503778
09/30/2017 16:25:47	48.0	48.0	1.00503
09/30/2017 16:25:58	48.0	48.0	0.251889
09/30/2017 16:26:09	47.0	47.0	0.503778
09/30/2017 16:26:20	48.0	47.0	0.503778
09/30/2017 16:26:31	48.0	47.0	0.252525
09/30/2017 16:26:42	47.0	47.0	0.252525
09/30/2017 16:26:53	48.0	48.0	0.502513
09/30/2017 16:27:04	47.0	48.0	0.251889
09/30/2017 16:27:15	48.0	48.0	0.75188
09/30/2017 16:27:26	48.0	47.0	0.75188
09/30/2017 16:27:37	49.0	47.0	0.503778
09/30/2017 16:27:48	47.0	47.0	0.252525
09/30/2017 16:27:59	48.0	47.0	0.753769
09/30/2017 16:28:10	48.0	47.0	0.503778
09/30/2017 16:28:21	47.0	47.0	0.503778
09/30/2017 16:28:32	47.0	47.0	0.252525
09/30/2017 16:28:43	48.0	47.0	0.502513
09/30/2017 16:28:54	47.0	47.0	0.753769
09/30/2017 16:29:05	47.0	47.0	0.503778
09/30/2017 16:29:16	47.0	46.0	0.755668
09/30/2017 16:29:27	47.0	47.0	0.251889
09/30/2017 16:29:38	47.0	46.0	0.503778
09/30/2017 16:29:49	47.0	47.0	0.252525
09/30/2017 16:30:00	47.0	47.0	0.505051
09/30/2017 16:30:11	47.0	47.0	0
09/30/2017 16:30:22	47.0	47.0	0.503778
09/30/2017 16:30:33	47.0	47.0	0.252525
09/30/2017 16:30:44	48.0	47.0	0.252525
09/30/2017 16:30:56	47.0	46.0	0.252525
09/30/2017 16:31:07	47.0	47.0	0.251889
09/30/2017 16:31:18	48.0	47.0	0.252525
09/30/2017 16:31:29	47.0	47.0	0.503778
09/30/2017 16:31:40	47.0	47.0	0
09/30/2017 16:31:51	47.0	47.0	0.505051
09/30/2017 16:32:02	47.0	47.0	0.503778
09/30/2017 16:32:13	47.0	46.0	0.75188
09/30/2017 16:32:24	47.0	47.0	0.753769
09/30/2017 16:32:35	48.0	47.0	0.502513
09/30/2017 16:32:46	48.0	47.0	0.251889
09/30/2017 16:32:57	48.0	47.0	0.252525
09/30/2017 16:33:08	48.0	47.0	0.753769
09/30/2017 16:33:19	48.0	47.0	0.251889
09/30/2017 16:33:30	47.0	47.0	0.503778
09/30/2017 16:33:41	47.0	47.0	0
09/30/2017 16:33:52	47.0	47.0	0.252525
09/30/2017 16:34:03	47.0	46.0	0.251889
09/30/2017 16:34:14	47.0	46.0	0.505051
09/30/2017 16:34:25	47.0	47.0	1.75879
09/30/2017 16:34:36	47.0	47.0	0.753769
09/30/2017 16:34:47	46.0	47.0	0.251889
09/30/2017 16:34:58	47.0	47.0	0.252525
09/30/2017 16:35:09	47.0	47.0	0.75188
09/30/2017 16:35:20	47.0	47.0	0.755668
09/30/2017 16:35:31	47.0	47.0	0.503778
09/30/2017 16:35:42	48.0	47.0	0.503778
09/30/2017 16:35:53	47.0	47.0	0.252525
09/30/2017 16:36:04	47.0	47.0	0.252525
09/30/2017 16:36:15	47.0	47.0	0.502513
09/30/2017 16:36:26	47.0	47.0	0.252525
09/30/2017 16:36:37	47.0	47.0	0.502513
09/30/2017 16:36:48	47.0	47.0	0.503778
09/30/2017 16:36:59	47.0	47.0	1.0101
09/30/2017 16:37:10	48.0	47.0	0.503778
09/30/2017 16:37:21	47.0	46.0	0.502513
09/30/2017 16:37:32	47.0	47.0	0.503778
09/30/2017 16:37:43	48.0	46.0	0.503778
09/30/2017 16:37:55	47.0	47.0	0.503778
09/30/2017 16:38:06	47.0	46.0	0.755668
09/30/2017 16:38:17	47.0	47.0	0.251889
09/30/2017 16:38:28	47.0	47.0	0.755668
09/30/2017 16:38:39	47.0	46.0	0.251889
09/30/2017 16:38:50	47.0	47.0	0.755668
09/30/2017 16:39:01	46.0	47.0	0.252525
09/30/2017 16:39:12	47.0	46.0	0.753769
09/30/2017 16:39:23	47.0	47.0	0
09/30/2017 16:39:34	47.0	46.0	0.503778
09/30/2017 16:39:45	47.0	46.0	0.251889
09/30/2017 16:39:56	48.0	47.0	0.251889
09/30/2017 16:40:07	47.0	47.0	0.251889
09/30/2017 16:40:18	46.0	47.0	0.755668
09/30/2017 16:40:29	47.0	47.0	0.502513
09/30/2017 16:40:40	47.0	46.0	0.503778
09/30/2017 16:40:51	47.0	47.0	0.503778
09/30/2017 16:41:02	47.0	47.0	0.505051
09/30/2017 16:41:13	47.0	47.0	0.753769
09/30/2017 16:41:24	47.0	47.0	0.753769
09/30/2017 16:41:35	47.0	46.0	0.503778
09/30/2017 16:41:46	48.0	47.0	0.251889
09/30/2017 16:41:57	47.0	47.0	0.503778
09/30/2017 16:42:08	47.0	47.0	0.502513
09/30/2017 16:42:19	47.0	47.0	0.503778
09/30/2017 16:42:30	48.0	47.0	0.252525
09/30/2017 16:42:41	46.0	47.0	0.503778
09/30/2017 16:42:52	48.0	47.0	0.501253
09/30/2017 16:43:03	47.0	47.0	0.503778
09/30/2017 16:43:14	47.0	47.0	0.251889
09/30/2017 16:43:25	47.0	47.0	0.503778
09/30/2017 16:43:36	48.0	46.0	0.252525
09/30/2017 16:43:47	47.0	47.0	0.503778
09/30/2017 16:43:58	47.0	46.0	0.503778
09/30/2017 16:44:09	47.0	47.0	0.755668
09/30/2017 16:44:20	46.0	47.0	0.503778
09/30/2017 16:44:31	47.0	47.0	0.503778
09/30/2017 16:44:42	47.0	47.0	0.252525
09/30/2017 16:44:53	47.0	46.0	0.753769
09/30/2017 16:45:05	47.0	46.0	0.251889
09/30/2017 16:45:16	47.0	46.0	0.75188
09/30/2017 16:45:27	46.0	46.0	0
09/30/2017 16:45:38	47.0	47.0	0.252525
09/30/2017 16:45:49	47.0	46.0	0
09/30/2017 16:46:00	47.0	47.0	0.506329
09/30/2017 16:46:11	47.0	46.0	0.503778
09/30/2017 16:46:22	46.0	46.0	0.251889
09/30/2017 16:46:33	47.0	46.0	0.503778
09/30/2017 16:46:44	47.0	47.0	0.503778
09/30/2017 16:46:55	48.0	46.0	0.753769
09/30/2017 16:47:06	47.0	46.0	0.252525
09/30/2017 16:47:17	46.0	46.0	0.753769
09/30/2017 16:47:28	47.0	46.0	0.251889
09/30/2017 16:47:39	47.0	46.0	0.503778
09/30/2017 16:47:50	47.0	47.0	0.251889
09/30/2017 16:48:01	47.0	47.0	0.503778
09/30/2017 16:48:12	47.0	46.0	1.00251
09/30/2017 16:48:23	48.0	47.0	0.502513
09/30/2017 16:48:34	47.0	47.0	0.251889
09/30/2017 16:48:45	47.0	46.0	0.251889
09/30/2017 16:48:56	47.0	47.0	0.502513
09/30/2017 16:49:07	47.0	47.0	0.503778
09/30/2017 16:49:18	47.0	46.0	0.502513
09/30/2017 16:49:29	47.0	47.0	0.503778
09/30/2017 16:49:40	47.0	46.0	0
09/30/2017 16:49:51	47.0	47.0	0.503778
09/30/2017 16:50:02	47.0	46.0	0.503778
09/30/2017 16:50:13	47.0	47.0	0.503778
09/30/2017 16:50:24	47.0	46.0	1.00503
09/30/2017 16:50:35	47.0	47.0	0.503778
09/30/2017 16:50:46	46.0	47.0	0.505051
09/30/2017 16:50:57	47.0	46.0	0.753769
09/30/2017 16:51:08	47.0	47.0	0.502513
09/30/2017 16:51:19	47.0	46.0	0.252525
09/30/2017 16:51:30	46.0	47.0	0.503778
09/30/2017 16:51:41	47.0	46.0	0.502513
09/30/2017 16:51:52	47.0	47.0	0.503778
09/30/2017 16:52:04	47.0	46.0	0.502513
09/30/2017 16:52:15	47.0	47.0	0.502513
09/30/2017 16:52:26	47.0	47.0	0
09/30/2017 16:52:37	47.0	47.0	0.503778
09/30/2017 16:52:48	47.0	46.0	0.753769
09/30/2017 16:52:59	47.0	46.0	0.505051
09/30/2017 16:53:10	48.0	46.0	0.503778
09/30/2017 16:53:21	47.0	46.0	0.503778
09/30/2017 16:53:32	46.0	47.0	0.252525
09/30/2017 16:53:43	47.0	47.0	0.252525
09/30/2017 16:53:54	47.0	46.0	0.503778
09/30/2017 16:54:05	47.0	46.0	0
09/30/2017 16:54:16	47.0	46.0	0.503778
09/30/2017 16:54:27	47.0	46.0	0.252525
09/30/2017 16:54:38	47.0	47.0	0.503778
09/30/2017 16:54:49	47.0	46.0	0.252525
09/30/2017 16:55:00	47.0	47.0	1.25945
09/30/2017 16:55:11	46.0	46.0	0.503778
09/30/2017 16:55:22	47.0	47.0	0.753769
09/30/2017 16:55:33	47.0	46.0	0.251889
09/30/2017 16:55:44	47.0	47.0	0.503778
09/30/2017 16:55:55	48.0	47.0	0.502513
09/30/2017 16:56:06	47.0	46.0	0.503778
09/30/2017 16:56:17	46.0	47.0	0.252525
09/30/2017 16:56:28	47.0	47.0	0.502513
09/30/2017 16:56:39	47.0	47.0	0.252525
09/30/2017 16:56:50	47.0	46.0	0.505051
09/30/2017 16:57:01	46.0	47.0	0.252525
09/30/2017 16:57:12	47.0	46.0	0.753769
09/30/2017 16:57:23	47.0	46.0	0.503778
09/30/2017 16:57:34	47.0	47.0	0.252525
09/30/2017 16:57:45	47.0	46.0	0.252525
09/30/2017 16:57:56	46.0	47.0	0.502513
09/30/2017 16:58:07	46.0	46.0	0.252525
09/30/2017 16:58:18	47.0	47.0	0.503778
09/30/2017 16:58:29	47.0	46.0	0.503778
09/30/2017 16:58:40	46.0	47.0	0.753769
09/30/2017 16:58:51	47.0	46.0	0.251889
09/30/2017 16:59:02	47.0	47.0	0.252525
09/30/2017 16:59:14	46.0	47.0	0.502513
09/30/2017 16:59:25	47.0	46.0	0.502513
09/30/2017 16:59:36	47.0	47.0	0.755668
09/30/2017 16:59:47	48.0	47.0	0.503778
09/30/2017 16:59:58	47.0	46.0	0.252525
09/30/2017 17:00:09	47.0	47.0	0.503778
09/30/2017 17:00:20	46.0	47.0	0.505051
09/30/2017 17:00:31	46.0	46.0	0.251889
09/30/2017 17:00:42	47.0	46.0	0.75188
09/30/2017 17:00:53	47.0	46.0	0.251889
09/30/2017 17:01:04	46.0	47.0	0.502513
09/30/2017 17:01:15	46.0	47.0	0.503778
09/30/2017 17:01:26	47.0	46.0	0.505051
09/30/2017 17:01:37	46.0	47.0	0.251889
09/30/2017 17:01:48	47.0	47.0	0.502513
09/30/2017 17:01:59	46.0	46.0	0.502513
09/30/2017 17:02:10	47.0	46.0	0.753769
09/30/2017 17:02:21	46.0	46.0	0.251889
09/30/2017 17:02:32	46.0	47.0	0.505051
09/30/2017 17:02:43	47.0	46.0	0.252525
09/30/2017 17:02:54	48.0	47.0	0.505051
09/30/2017 17:03:05	47.0	46.0	0.252525
09/30/2017 17:03:16	47.0	46.0	0.503778
09/30/2017 17:03:27	47.0	46.0	0.502513
09/30/2017 17:03:38	47.0	47.0	0.252525
09/30/2017 17:03:49	46.0	46.0	0.503778
09/30/2017 17:04:00	47.0	46.0	0.503778
09/30/2017 17:04:11	46.0	47.0	0.755668
09/30/2017 17:04:22	47.0	46.0	0.502513
09/30/2017 17:04:33	47.0	47.0	0.502513
09/30/2017 17:04:44	47.0	47.0	0.501253
09/30/2017 17:04:55	47.0	47.0	0.503778
09/30/2017 17:05:06	48.0	47.0	0.251889
09/30/2017 17:05:17	47.0	47.0	0.505051
09/30/2017 17:05:28	46.0	47.0	0.501253
09/30/2017 17:05:39	48.0	46.0	0.503778
09/30/2017 17:05:50	47.0	46.0	0.502513
09/30/2017 17:06:01	47.0	47.0	0.503778
09/30/2017 17:06:13	47.0	47.0	0.502513
09/30/2017 17:06:24	46.0	47.0	0.505051
09/30/2017 17:06:35	46.0	47.0	0.252525
09/30/2017 17:06:46	46.0	46.0	0.252525
09/30/2017 17:06:57	47.0	46.0	0.251889
09/30/2017 17:07:08	47.0	47.0	0.503778
09/30/2017 17:07:19	47.0	46.0	0.503778
09/30/2017 17:07:30	46.0	46.0	0.503778
09/30/2017 17:07:41	47.0	46.0	0.252525
09/30/2017 17:07:52	46.0	47.0	0.503778
09/30/2017 17:08:03	47.0	46.0	0
09/30/2017 17:08:14	47.0	47.0	0.252525
09/30/2017 17:08:25	46.0	46.0	1.0101
09/30/2017 17:08:36	47.0	46.0	0.503778
09/30/2017 17:08:47	47.0	46.0	0.502513
09/30/2017 17:08:58	47.0	46.0	0.251889
09/30/2017 17:09:09	46.0	47.0	0.753769
09/30/2017 17:09:20	47.0	46.0	0.503778
09/30/2017 17:09:31	47.0	46.0	0.503778
09/30/2017 17:09:42	47.0	47.0	0.251889
09/30/2017 17:09:53	47.0	47.0	0.753769
09/30/2017 17:10:04	47.0	47.0	0.252525
09/30/2017 17:10:15	47.0	46.0	0.502513
09/30/2017 17:10:26	47.0	46.0	0.505051
09/30/2017 17:10:37	47.0	46.0	0.755668
09/30/2017 17:10:48	47.0	46.0	0.501253
09/30/2017 17:10:59	46.0	47.0	1.0101
09/30/2017 17:11:10	47.0	47.0	0.502513
09/30/2017 17:11:21	48.0	47.0	0.503778
09/30/2017 17:11:32	47.0	46.0	0.252525
09/30/2017 17:11:43	47.0	47.0	0.753769
09/30/2017 17:11:54	47.0	47.0	0.251889
09/30/2017 17:12:05	48.0	46.0	0.753769
09/30/2017 17:12:16	47.0	46.0	0.252525
09/30/2017 17:12:27	47.0	47.0	0.502513
09/30/2017 17:12:38	47.0	47.0	0.505051
09/30/2017 17:12:49	47.0	47.0	0.503778
09/30/2017 17:13:00	47.0	46.0	0.252525
09/30/2017 17:13:12	47.0	46.0	0.252525
09/30/2017 17:13:23	47.0	46.0	0.252525
09/30/2017 17:13:34	47.0	46.0	0
09/30/2017 17:13:45	47.0	47.0	0.503778
09/30/2017 17:13:56	47.0	47.0	0.251889
09/30/2017 17:14:07	47.0	46.0	0.503778
09/30/2017 17:14:18	47.0	47.0	0.251889
09/30/2017 17:14:29	47.0	47.0	0.252525
09/30/2017 17:14:40	47.0	46.0	0.251889
09/30/2017 17:14:51	47.0	46.0	0.252525
09/30/2017 17:15:02	47.0	46.0	0.502513
09/30/2017 17:15:13	47.0	46.0	0.503778
09/30/2017 17:15:24	47.0	46.0	0.502513
09/30/2017 17:15:35	47.0	47.0	0.503778
09/30/2017 17:15:46	47.0	47.0	0.251889
09/30/2017 17:15:57	47.0	47.0	0.505051
09/30/2017 17:16:08	47.0	46.0	0
09/30/2017 17:16:19	47.0	47.0	0.503778
09/30/2017 17:16:30	47.0	47.0	0.502513
09/30/2017 17:16:41	47.0	47.0	0.753769
09/30/2017 17:16:52	46.0	46.0	0
09/30/2017 17:17:03	47.0	47.0	0.251889
09/30/2017 17:17:14	47.0	46.0	0.753769
09/30/2017 17:17:25	47.0	47.0	0.501253
09/30/2017 17:17:36	47.0	46.0	0.505051
09/30/2017 17:17:47	47.0	47.0	0.753769
09/30/2017 17:17:58	47.0	47.0	0.503778
09/30/2017 17:18:09	47.0	47.0	0.252525
09/30/2017 17:18:20	47.0	47.0	0.503778
09/30/2017 17:18:31	47.0	46.0	0.502513
09/30/2017 17:18:42	47.0	46.0	0.503778
09/30/2017 17:18:53	47.0	46.0	0.503778
09/30/2017 17:19:04	48.0	47.0	0.753769
09/30/2017 17:19:15	48.0	47.0	0.502513
09/30/2017 17:19:26	47.0	46.0	0.503778
09/30/2017 17:19:37	47.0	46.0	0.502513
09/30/2017 17:19:49	47.0	46.0	0.503778
09/30/2017 17:20:00	47.0	47.0	0.503778
09/30/2017 17:20:11	47.0	47.0	0.503778
09/30/2017 17:20:22	47.0	46.0	0
09/30/2017 17:20:33	47.0	47.0	0.502513
09/30/2017 17:20:44	48.0	47.0	0.251889
09/30/2017 17:20:55	48.0	47.0	0.75188
09/30/2017 17:21:06	48.0	47.0	0.503778
09/30/2017 17:21:17	47.0	47.0	0.252525
09/30/2017 17:21:28	47.0	47.0	0.75188
09/30/2017 17:21:39	47.0	46.0	0.503778
09/30/2017 17:21:50	48.0	46.0	0.502513
09/30/2017 17:22:01	48.0	47.0	0.503778
09/30/2017 17:22:12	48.0	47.0	0.503778
09/30/2017 17:22:23	47.0	46.0	0.251889
09/30/2017 17:22:34	47.0	47.0	1.00503
09/30/2017 17:22:45	47.0	47.0	0.252525
09/30/2017 17:22:56	48.0	47.0	0.503778
09/30/2017 17:23:07	47.0	46.0	0.252525
09/30/2017 17:23:18	48.0	47.0	0.755668
09/30/2017 17:23:29	47.0	46.0	0.503778
09/30/2017 17:23:40	48.0	48.0	0.503778
09/30/2017 17:23:51	47.0	47.0	0.501253
09/30/2017 17:24:02	47.0	48.0	0.502513
09/30/2017 17:24:13	47.0	47.0	0.251889
09/30/2017 17:24:24	47.0	47.0	0.505051
09/30/2017 17:24:35	47.0	47.0	0.252525
09/30/2017 17:24:46	47.0	46.0	0.252525
09/30/2017 17:24:57	47.0	47.0	0
09/30/2017 17:25:08	47.0	47.0	0.252525
09/30/2017 17:25:19	48.0	47.0	0.252525
09/30/2017 17:25:30	48.0	47.0	0.503778
09/30/2017 17:25:41	48.0	47.0	0.503778
09/30/2017 17:25:52	47.0	46.0	0.503778
09/30/2017 17:26:03	47.0	46.0	0.252525
09/30/2017 17:26:14	47.0	47.0	0.502513
09/30/2017 17:26:25	47.0	47.0	0.502513
09/30/2017 17:26:36	48.0	47.0	0.502513
09/30/2017 17:26:47	47.0	47.0	0.753769
09/30/2017 17:26:58	47.0	47.0	0.503778
09/30/2017 17:27:10	47.0	47.0	0.503778
09/30/2017 17:27:21	47.0	46.0	0.251889
09/30/2017 17:27:32	47.0	46.0	0.505051
09/30/2017 17:27:43	47.0	47.0	0.502513
09/30/2017 17:27:54	48.0	47.0	1.00251
09/30/2017 17:28:05	48.0	47.0	0.251889
09/30/2017 17:28:16	47.0	47.0	0.755668
09/30/2017 17:28:27	47.0	46.0	0.251889
09/30/2017 17:28:38	49.0	47.0	0.75188
09/30/2017 17:28:49	47.0	46.0	0.502513
09/30/2017 17:29:00	47.0	46.0	1.00756
09/30/2017 17:29:11	47.0	46.0	0
09/30/2017 17:29:22	48.0	47.0	0.252525
09/30/2017 17:29:33	47.0	46.0	0.251889
09/30/2017 17:29:44	47.0	47.0	0.502513
09/30/2017 17:29:55	48.0	48.0	0.502513
09/30/2017 17:30:06	47.0	47.0	0.755668
09/30/2017 17:30:17	47.0	47.0	0.75188
09/30/2017 17:30:28	47.0	47.0	0.252525
09/30/2017 17:30:39	47.0	46.0	0.252525
09/30/2017 17:30:50	47.0	47.0	0.251256
09/30/2017 17:31:01	47.0	47.0	0.253165
09/30/2017 17:31:12	47.0	47.0	0.502513
09/30/2017 17:31:23	47.0	46.0	1.00251
09/30/2017 17:31:34	48.0	47.0	0
09/30/2017 17:31:45	48.0	46.0	0.503778
09/30/2017 17:31:56	47.0	46.0	0.251889
09/30/2017 17:32:07	47.0	47.0	0.502513
09/30/2017 17:32:18	47.0	46.0	0.503778
09/30/2017 17:32:29	47.0	47.0	0.753769
09/30/2017 17:32:40	47.0	47.0	0.502513
09/30/2017 17:32:51	47.0	47.0	0.252525
09/30/2017 17:33:02	47.0	47.0	0.251256
09/30/2017 17:33:13	48.0	47.0	0.753769
09/30/2017 17:33:24	47.0	46.0	0.502513
09/30/2017 17:33:35	47.0	46.0	0.503778
09/30/2017 17:33:46	47.0	46.0	0.503778
09/30/2017 17:33:58	47.0	47.0	0.755668
09/30/2017 17:34:09	47.0	47.0	0.502513
09/30/2017 17:34:20	47.0	47.0	0.505051
09/30/2017 17:34:31	48.0	47.0	0.503778
09/30/2017 17:34:42	47.0	47.0	1.00251
09/30/2017 17:34:53	47.0	47.0	0.753769
09/30/2017 17:35:04	47.0	47.0	0.251889
09/30/2017 17:35:15	48.0	47.0	0.252525
09/30/2017 17:35:26	48.0	46.0	0.502513
09/30/2017 17:35:37	48.0	47.0	0.251889
09/30/2017 17:35:48	47.0	47.0	0.753769
09/30/2017 17:35:59	47.0	47.0	0.506329
09/30/2017 17:36:10	47.0	48.0	0.502513
09/30/2017 17:36:21	47.0	47.0	0.502513
09/30/2017 17:36:32	47.0	47.0	0.75188
09/30/2017 17:36:43	48.0	47.0	0.502513
09/30/2017 17:36:54	48.0	47.0	0.503778
09/30/2017 17:37:05	47.0	47.0	0.753769
09/30/2017 17:37:16	47.0	47.0	0.252525
09/30/2017 17:37:27	47.0	47.0	0.75188
09/30/2017 17:37:38	48.0	47.0	0.251256
09/30/2017 17:37:49	47.0	46.0	0.251889
09/30/2017 17:38:00	47.0	47.0	0.502513
09/30/2017 17:38:11	48.0	48.0	0.503778
09/30/2017 17:38:22	47.0	47.0	0.502513
09/30/2017 17:38:33	47.0	47.0	0.75188
09/30/2017 17:38:44	47.0	47.0	0.251256
09/30/2017 17:38:55	47.0	47.0	0.251889
09/30/2017 17:39:06	48.0	47.0	0.753769
09/30/2017 17:39:17	47.0	47.0	0.502513
09/30/2017 17:39:28	48.0	47.0	0.502513
09/30/2017 17:39:39	47.0	46.0	0.502513
09/30/2017 17:39:50	47.0	47.0	0.503778
09/30/2017 17:40:01	47.0	47.0	0
09/30/2017 17:40:12	47.0	47.0	0.503778
09/30/2017 17:40:23	47.0	47.0	0.505051
09/30/2017 17:40:34	47.0	47.0	0.252525
09/30/2017 17:40:45	48.0	47.0	0.503778
09/30/2017 17:40:56	48.0	47.0	0.252525
09/30/2017 17:41:08	47.0	47.0	0.251889
09/30/2017 17:41:19	47.0	46.0	0.753769
09/30/2017 17:41:30	48.0	47.0	0.503778
09/30/2017 17:41:41	47.0	47.0	0.503778
09/30/2017 17:41:52	47.0	46.0	0.502513
09/30/2017 17:42:03	47.0	47.0	0.502513
09/30/2017 17:42:14	47.0	47.0	0.252525
09/30/2017 17:42:25	47.0	47.0	2.01005
09/30/2017 17:42:36	47.0	47.0	0.251889
09/30/2017 17:42:47	47.0	47.0	0.503778
09/30/2017 17:42:58	48.0	47.0	0.252525
09/30/2017 17:43:09	48.0	47.0	0.253165
09/30/2017 17:43:20	48.0	47.0	0.251889
09/30/2017 17:43:31	48.0	48.0	0.252525
09/30/2017 17:43:42	47.0	47.0	0.503778
09/30/2017 17:43:53	48.0	48.0	0.252525
09/30/2017 17:44:04	48.0	47.0	0.503778
09/30/2017 17:44:15	48.0	47.0	0.503778
09/30/2017 17:44:26	48.0	47.0	0.505051
09/30/2017 17:44:37	48.0	47.0	0
09/30/2017 17:44:48	47.0	47.0	0.503778
09/30/2017 17:44:59	48.0	47.0	0.503778
09/30/2017 17:45:10	48.0	47.0	0.503778
09/30/2017 17:45:21	47.0	47.0	0.252525
09/30/2017 17:45:32	48.0	47.0	0.753769
09/30/2017 17:45:43	49.0	47.0	0.251889
09/30/2017 17:45:54	48.0	47.0	0.503778
09/30/2017 17:46:05	48.0	47.0	0.503778
09/30/2017 17:46:16	48.0	47.0	0
09/30/2017 17:46:27	48.0	47.0	0.251889
09/30/2017 17:46:38	48.0	47.0	0.252525
09/30/2017 17:46:49	48.0	47.0	0.251889
09/30/2017 17:47:00	47.0	47.0	3.29114
09/30/2017 17:47:11	47.0	47.0	0.252525
09/30/2017 17:47:22	48.0	47.0	0.503778
09/30/2017 17:47:33	47.0	47.0	0
09/30/2017 17:47:44	48.0	47.0	0.503778
09/30/2017 17:47:56	48.0	48.0	0.503778
09/30/2017 17:48:07	47.0	48.0	0.252525
09/30/2017 17:48:18	48.0	46.0	1.00503
09/30/2017 17:48:29	48.0	48.0	0.503778
09/30/2017 17:48:40	48.0	47.0	0.755668
09/30/2017 17:48:51	48.0	47.0	0.502513
09/30/2017 17:49:02	47.0	47.0	0.753769
09/30/2017 17:49:13	48.0	47.0	0.252525
09/30/2017 17:49:24	48.0	47.0	0.503778
09/30/2017 17:49:35	48.0	48.0	0.502513
09/30/2017 17:49:46	47.0	47.0	0.252525
09/30/2017 17:49:57	47.0	47.0	0
09/30/2017 17:50:08	48.0	47.0	0.252525
09/30/2017 17:50:19	47.0	48.0	0
09/30/2017 17:50:30	47.0	47.0	0.503778
09/30/2017 17:50:41	48.0	46.0	0.503778
09/30/2017 17:50:52	48.0	47.0	0.503778
09/30/2017 17:51:03	47.0	47.0	0.502513
09/30/2017 17:51:14	48.0	46.0	0.252525
09/30/2017 17:51:25	48.0	47.0	0.251889
09/30/2017 17:51:36	48.0	47.0	0.252525
09/30/2017 17:51:47	48.0	47.0	0.251889
09/30/2017 17:51:58	48.0	47.0	0.503778
09/30/2017 17:52:09	48.0	46.0	0.503778
09/30/2017 17:52:20	48.0	46.0	0.502513
09/30/2017 17:52:31	48.0	47.0	0.252525
09/30/2017 17:52:42	48.0	47.0	0.251889
09/30/2017 17:52:53	48.0	47.0	0.505051
09/30/2017 17:53:04	48.0	47.0	0.503778
09/30/2017 17:53:15	48.0	47.0	0.502513
09/30/2017 17:53:26	49.0	47.0	0.503778
09/30/2017 17:53:37	47.0	47.0	0.503778
09/30/2017 17:53:48	48.0	47.0	0.251889
09/30/2017 17:53:59	47.0	47.0	1.00503
09/30/2017 17:54:10	48.0	47.0	0.503778
09/30/2017 17:54:21	49.0	48.0	0.502513
09/30/2017 17:54:32	48.0	47.0	0.502513
09/30/2017 17:54:43	47.0	47.0	0.502513
09/30/2017 17:54:54	49.0	47.0	0.503778
09/30/2017 17:55:05	48.0	47.0	0.503778
09/30/2017 17:55:17	48.0	47.0	0.502513
09/30/2017 17:55:28	48.0	47.0	0.503778
09/30/2017 17:55:39	47.0	47.0	0.502513
09/30/2017 17:55:50	48.0	47.0	0.502513
09/30/2017 17:56:01	47.0	47.0	0.251889
09/30/2017 17:56:12	48.0	47.0	0.753769
09/30/2017 17:56:23	48.0	47.0	0.251889
09/30/2017 17:56:34	47.0	47.0	0.251256
09/30/2017 17:56:45	48.0	47.0	0.753769
09/30/2017 17:56:56	47.0	47.0	0.252525
09/30/2017 17:57:07	47.0	47.0	0.753769
09/30/2017 17:57:18	48.0	47.0	0.252525
09/30/2017 17:57:29	47.0	47.0	0.505051
09/30/2017 17:57:40	47.0	47.0	0.251889
09/30/2017 17:57:51	47.0	47.0	0.503778
09/30/2017 17:58:02	48.0	47.0	0.252525
09/30/2017 17:58:13	47.0	47.0	0.252525
09/30/2017 17:58:24	47.0	47.0	0.755668
09/30/2017 17:58:35	48.0	47.0	0.252525
09/30/2017 17:58:46	48.0	47.0	0.252525
09/30/2017 17:58:57	47.0	47.0	0.755668
09/30/2017 17:59:08	48.0	48.0	0.251889
09/30/2017 17:59:19	48.0	47.0	0.502513
09/30/2017 17:59:30	48.0	47.0	0.75188
09/30/2017 17:59:41	49.0	47.0	0.505051
09/30/2017 17:59:52	48.0	47.0	0
09/30/2017 18:00:03	48.0	47.0	0.503778
09/30/2017 18:00:14	48.0	47.0	0.753769
09/30/2017 18:00:25	47.0	46.0	0.503778
09/30/2017 18:00:36	48.0	47.0	0.252525
09/30/2017 18:00:47	47.0	47.0	0.505051
09/30/2017 18:00:58	48.0	47.0	0.252525
09/30/2017 18:01:09	48.0	46.0	0.251889
09/30/2017 18:01:20	49.0	48.0	0.505051
09/30/2017 18:01:31	48.0	47.0	0.503778
09/30/2017 18:01:42	48.0	47.0	0.503778
09/30/2017 18:01:53	48.0	47.0	0.502513
09/30/2017 18:02:05	47.0	47.0	0.753769
09/30/2017 18:02:16	47.0	46.0	0.502513
09/30/2017 18:02:27	48.0	46.0	0.753769
09/30/2017 18:02:38	48.0	47.0	0.251889
09/30/2017 18:02:49	47.0	47.0	0.503778
09/30/2017 18:03:00	47.0	47.0	0.757576
09/30/2017 18:03:11	47.0	46.0	0.503778
09/30/2017 18:03:22	48.0	47.0	0.502513
09/30/2017 18:03:33	47.0	47.0	0.503778
09/30/2017 18:03:44	48.0	48.0	0.503778
09/30/2017 18:03:55	48.0	47.0	0.503778
09/30/2017 18:04:06	48.0	47.0	0.503778
09/30/2017 18:04:17	47.0	47.0	0.502513
09/30/2017 18:04:28	48.0	46.0	0.252525
09/30/2017 18:04:39	48.0	47.0	0.503778
09/30/2017 18:04:50	48.0	47.0	0.252525
09/30/2017 18:05:01	48.0	47.0	0.753769
09/30/2017 18:05:12	49.0	47.0	0.253165
09/30/2017 18:05:23	48.0	46.0	0.505051
09/30/2017 18:05:34	48.0	47.0	0.502513
09/30/2017 18:05:45	47.0	46.0	0.252525
09/30/2017 18:05:56	48.0	47.0	0.505051
09/30/2017 18:06:07	48.0	46.0	0.503778
09/30/2017 18:06:18	48.0	47.0	0.252525
09/30/2017 18:06:29	48.0	46.0	0.503778
09/30/2017 18:06:40	47.0	46.0	0.503778
09/30/2017 18:06:51	48.0	47.0	0.252525
09/30/2017 18:07:02	48.0	46.0	0.503778
09/30/2017 18:07:13	48.0	47.0	0.503778
09/30/2017 18:07:24	48.0	47.0	0.252525
09/30/2017 18:07:35	48.0	46.0	0.503778
09/30/2017 18:07:46	48.0	47.0	0.503778
09/30/2017 18:07:57	48.0	47.0	0.753769
09/30/2017 18:08:08	48.0	47.0	0.503778
09/30/2017 18:08:19	48.0	47.0	0.753769
09/30/2017 18:08:30	48.0	46.0	0.503778
09/30/2017 18:08:41	48.0	47.0	0.505051
09/30/2017 18:08:52	48.0	47.0	0.503778
09/30/2017 18:09:03	48.0	47.0	0.251889
09/30/2017 18:09:15	48.0	47.0	0.502513
09/30/2017 18:09:26	48.0	48.0	0.503778
09/30/2017 18:09:37	48.0	48.0	0.503778
09/30/2017 18:09:48	48.0	48.0	0.505051
09/30/2017 18:09:59	47.0	47.0	0.753769
09/30/2017 18:10:10	49.0	48.0	0.505051
09/30/2017 18:10:21	47.0	47.0	0.502513
09/30/2017 18:10:32	47.0	48.0	0.503778
09/30/2017 18:10:43	48.0	47.0	0.251889
09/30/2017 18:10:54	48.0	47.0	0.503778
09/30/2017 18:11:05	48.0	47.0	0.251256
09/30/2017 18:11:16	48.0	47.0	0.252525
09/30/2017 18:11:27	48.0	47.0	0.503778
09/30/2017 18:11:38	48.0	47.0	0.503778
09/30/2017 18:11:49	48.0	47.0	0
09/30/2017 18:12:00	48.0	47.0	0.503778
09/30/2017 18:12:11	48.0	47.0	0.502513
09/30/2017 18:12:22	48.0	47.0	0.503778
09/30/2017 18:12:33	47.0	46.0	0.251256
09/30/2017 18:12:44	48.0	47.0	0.502513
09/30/2017 18:12:55	48.0	47.0	0.251889
09/30/2017 18:13:06	48.0	47.0	0
09/30/2017 18:13:17	48.0	47.0	0.503778
09/30/2017 18:13:28	48.0	47.0	0.502513
09/30/2017 18:13:39	49.0	48.0	0.502513
09/30/2017 18:13:50	48.0	47.0	0.502513
09/30/2017 18:14:01	48.0	48.0	0.502513
09/30/2017 18:14:12	48.0	47.0	0.502513
09/30/2017 18:14:23	48.0	47.0	0.755668
09/30/2017 18:14:34	48.0	47.0	0.252525
09/30/2017 18:14:45	49.0	48.0	0.755668
09/30/2017 18:14:56	48.0	47.0	0.502513
09/30/2017 18:15:07	48.0	47.0	0.505051
09/30/2017 18:15:18	48.0	47.0	0.252525
09/30/2017 18:15:29	48.0	47.0	0.503778
09/30/2017 18:15:40	48.0	47.0	0
09/30/2017 18:15:51	48.0	47.0	0.755668
09/30/2017 18:16:03	48.0	47.0	0.252525
09/30/2017 18:16:14	48.0	47.0	0.503778
09/30/2017 18:16:25	49.0	47.0	1.25945
09/30/2017 18:16:36	48.0	48.0	0.505051
09/30/2017 18:16:47	48.0	47.0	0
09/30/2017 18:16:58	48.0	47.0	0.503778
09/30/2017 18:17:09	48.0	48.0	0.502513
09/30/2017 18:17:20	49.0	48.0	0.501253
09/30/2017 18:17:31	48.0	48.0	0.252525
09/30/2017 18:17:42	48.0	48.0	1.00503
09/30/2017 18:17:53	48.0	47.0	0.502513
09/30/2017 18:18:04	49.0	48.0	0.753769
09/30/2017 18:18:15	48.0	47.0	0.251889
09/30/2017 18:18:26	47.0	47.0	0.503778
09/30/2017 18:18:37	48.0	47.0	0.753769
09/30/2017 18:18:48	48.0	48.0	0.503778
09/30/2017 18:18:59	48.0	47.0	0.251889
09/30/2017 18:19:10	48.0	48.0	0.503778
09/30/2017 18:19:21	48.0	47.0	0.505051
09/30/2017 18:19:32	49.0	48.0	0.503778
09/30/2017 18:19:43	48.0	47.0	0.753769
09/30/2017 18:19:54	48.0	48.0	0.502513
09/30/2017 18:20:05	48.0	47.0	0.505051
09/30/2017 18:20:16	49.0	48.0	0.503778
09/30/2017 18:20:27	48.0	48.0	0.502513
09/30/2017 18:20:38	48.0	48.0	0.251889
09/30/2017 18:20:49	48.0	47.0	0.502513
09/30/2017 18:21:00	48.0	47.0	0
09/30/2017 18:21:11	48.0	47.0	0.753769
09/30/2017 18:21:22	48.0	47.0	0.251889
09/30/2017 18:21:33	48.0	47.0	0.503778
09/30/2017 18:21:44	48.0	47.0	0.251889
09/30/2017 18:21:55	48.0	47.0	0.503778
09/30/2017 18:22:06	48.0	47.0	0.251889
09/30/2017 18:22:17	48.0	48.0	0.502513
09/30/2017 18:22:28	48.0	47.0	0.251889
09/30/2017 18:22:39	48.0	48.0	0.505051
09/30/2017 18:22:51	48.0	47.0	0.502513
09/30/2017 18:23:02	48.0	47.0	0.505051
09/30/2017 18:23:13	48.0	47.0	0.252525
09/30/2017 18:23:24	47.0	48.0	0.505051
09/30/2017 18:23:35	48.0	48.0	0.75188
09/30/2017 18:23:46	48.0	48.0	0.502513
09/30/2017 18:23:57	48.0	47.0	0.502513
09/30/2017 18:24:08	49.0	47.0	0.251889
09/30/2017 18:24:19	49.0	48.0	0.505051
09/30/2017 18:24:30	48.0	47.0	0.251889
09/30/2017 18:24:41	48.0	47.0	0.753769
09/30/2017 18:24:52	48.0	47.0	0.252525
09/30/2017 18:25:03	48.0	48.0	0.753769
09/30/2017 18:25:14	48.0	47.0	0.252525
09/30/2017 18:25:25	48.0	47.0	0.503778
09/30/2017 18:25:36	48.0	47.0	0.503778
09/30/2017 18:25:47	48.0	47.0	0.503778
09/30/2017 18:25:58	47.0	47.0	0.252525
09/30/2017 18:26:09	48.0	47.0	0.503778
09/30/2017 18:26:20	48.0	47.0	0.251889
09/30/2017 18:26:31	48.0	46.0	0.252525
09/30/2017 18:26:42	48.0	48.0	0.502513
09/30/2017 18:26:53	49.0	48.0	0.505051
09/30/2017 18:27:04	49.0	47.0	0.252525
09/30/2017 18:27:15	48.0	47.0	0.503778
09/30/2017 18:27:26	48.0	48.0	0.251889
09/30/2017 18:27:37	48.0	47.0	0.503778
09/30/2017 18:27:48	48.0	47.0	0.502513
09/30/2017 18:27:59	48.0	48.0	0.503778
09/30/2017 18:28:10	48.0	47.0	0.502513
09/30/2017 18:28:21	48.0	47.0	0.503778
09/30/2017 18:28:32	48.0	47.0	0.503778
09/30/2017 18:28:43	48.0	47.0	0.251889
09/30/2017 18:28:54	48.0	47.0	0.503778
09/30/2017 18:29:05	48.0	48.0	0.503778
09/30/2017 18:29:16	48.0	48.0	0.503778
09/30/2017 18:29:27	48.0	48.0	0.503778
09/30/2017 18:29:38	48.0	47.0	0.503778
09/30/2017 18:29:49	47.0	47.0	0.251256
09/30/2017 18:30:01	48.0	47.0	0.505051
09/30/2017 18:30:12	48.0	48.0	0.502513
09/30/2017 18:30:23	49.0	48.0	0.505051
09/30/2017 18:30:34	48.0	48.0	0.502513
09/30/2017 18:30:45	48.0	48.0	0.503778
09/30/2017 18:30:56	48.0	47.0	0
09/30/2017 18:31:07	48.0	48.0	0.503778
09/30/2017 18:31:18	48.0	48.0	0.251889
09/30/2017 18:31:29	49.0	48.0	0.753769
09/30/2017 18:31:40	48.0	48.0	0.252525
09/30/2017 18:31:51	48.0	47.0	0.503778
09/30/2017 18:32:02	48.0	47.0	0.502513
09/30/2017 18:32:13	48.0	47.0	0.505051
09/30/2017 18:32:24	48.0	47.0	0.505051
09/30/2017 18:32:35	48.0	47.0	0.502513
09/30/2017 18:32:46	48.0	48.0	0.503778
09/30/2017 18:32:57	48.0	47.0	0.503778
09/30/2017 18:33:08	48.0	47.0	0.502513
09/30/2017 18:33:19	49.0	48.0	0.502513
09/30/2017 18:33:30	48.0	48.0	0.503778
09/30/2017 18:33:41	49.0	48.0	0.501253
09/30/2017 18:33:52	49.0	48.0	0.251889
09/30/2017 18:34:03	48.0	48.0	0
09/30/2017 18:34:14	48.0	48.0	0.503778
09/30/2017 18:34:25	48.0	47.0	0.252525
09/30/2017 18:34:36	48.0	48.0	0.503778
09/30/2017 18:34:47	48.0	48.0	0.503778
09/30/2017 18:34:58	49.0	48.0	0.503778
09/30/2017 18:35:09	48.0	48.0	0.252525
09/30/2017 18:35:20	48.0	48.0	0.505051
09/30/2017 18:35:31	48.0	47.0	0.503778
09/30/2017 18:35:42	48.0	48.0	0.252525
09/30/2017 18:35:53	47.0	48.0	0
09/30/2017 18:36:04	48.0	48.0	0.753769
09/30/2017 18:36:15	49.0	48.0	0.503778
09/30/2017 18:36:26	49.0	47.0	0.753769
09/30/2017 18:36:37	48.0	47.0	0.252525
09/30/2017 18:36:49	48.0	47.0	0.506329
09/30/2017 18:37:00	48.0	47.0	1.00756
09/30/2017 18:37:11	49.0	48.0	0.502513
09/30/2017 18:37:22	48.0	48.0	0.503778
09/30/2017 18:37:33	48.0	48.0	0.503778
09/30/2017 18:37:44	48.0	48.0	0.503778
09/30/2017 18:37:55	48.0	47.0	0.251889
09/30/2017 18:38:06	48.0	48.0	0.753769
09/30/2017 18:38:17	48.0	48.0	0.252525
09/30/2017 18:38:28	48.0	48.0	0.503778
09/30/2017 18:38:39	48.0	47.0	0.503778
09/30/2017 18:38:50	48.0	47.0	0.252525
09/30/2017 18:39:01	48.0	47.0	0.252525
09/30/2017 18:39:12	47.0	47.0	0.505051
09/30/2017 18:39:23	48.0	47.0	0
09/30/2017 18:39:34	48.0	47.0	0.753769
09/30/2017 18:39:45	48.0	48.0	0.252525
09/30/2017 18:39:56	48.0	47.0	0.503778
09/30/2017 18:40:07	48.0	48.0	0.251889
09/30/2017 18:40:18	49.0	47.0	0.252525
09/30/2017 18:40:29	48.0	48.0	0.502513
09/30/2017 18:40:40	48.0	48.0	0.503778
09/30/2017 18:40:51	48.0	48.0	0.503778
09/30/2017 18:41:02	48.0	47.0	0.503778
09/30/2017 18:41:13	48.0	48.0	0.252525
09/30/2017 18:41:24	48.0	47.0	0.755668
09/30/2017 18:41:35	49.0	48.0	0.503778
09/30/2017 18:41:47	48.0	47.0	66.879
09/30/2017 18:41:59	49.0	49.0	13.6612
09/30/2017 18:42:10	50.0	50.0	14.3603
09/30/2017 18:42:21	51.0	50.0	15.3453
09/30/2017 18:42:32	51.0	51.0	13.1579
09/30/2017 18:42:43	52.0	51.0	13.6842
09/30/2017 18:42:54	52.0	52.0	13.6951
09/30/2017 18:43:05	53.0	52.0	12.8272
09/30/2017 18:43:16	53.0	53.0	11.5486
09/30/2017 18:43:27	54.0	53.0	12.7604
09/30/2017 18:43:38	55.0	54.0	12.3684
09/30/2017 18:43:49	55.0	54.0	12.336
09/30/2017 18:44:00	55.0	55.0	14.026
09/30/2017 18:44:11	55.0	55.0	12.2715
09/30/2017 18:44:22	57.0	56.0	13.1234
09/30/2017 18:44:33	57.0	56.0	12.7604
09/30/2017 18:44:45	54.0	53.0	13.3508
09/30/2017 18:44:56	52.0	51.0	12.6984
09/30/2017 18:45:07	51.0	50.0	14.7368
09/30/2017 18:45:18	50.0	48.0	13.9474
09/30/2017 18:45:29	49.0	48.0	14.4737
09/30/2017 18:45:40	48.0	48.0	14.4357
09/30/2017 18:45:51	48.0	47.0	14.248
09/30/2017 18:46:02	47.0	46.0	13.7203
09/30/2017 18:46:13	48.0	47.0	14.4737
09/30/2017 18:46:24	49.0	49.0	13.7203
09/30/2017 18:46:35	50.0	51.0	13.7203
09/30/2017 18:46:46	52.0	51.0	13.2275
09/30/2017 18:46:57	53.0	53.0	12.8272
09/30/2017 18:47:08	54.0	53.0	12.3684
09/30/2017 18:47:19	55.0	53.0	12.8947
09/30/2017 18:47:30	55.0	55.0	13.5065
09/30/2017 18:47:41	55.0	56.0	13.0208
09/30/2017 18:47:52	56.0	55.0	12.5984
09/30/2017 18:48:03	55.0	54.0	11.9681
09/30/2017 18:48:14	52.0	53.0	14.026
09/30/2017 18:48:25	51.0	51.0	18.0693
09/30/2017 18:48:36	50.0	51.0	13.0319
09/30/2017 18:48:47	49.0	49.0	13.0667
09/30/2017 18:48:58	49.0	49.0	14.2105
09/30/2017 18:49:09	48.0	48.0	14.248
09/30/2017 18:49:20	48.0	48.0	14.248
09/30/2017 18:49:31	48.0	48.0	14.2105
09/30/2017 18:49:43	47.0	47.0	13.5279
09/30/2017 18:49:54	48.0	48.0	14.248
09/30/2017 18:50:05	49.0	49.0	13.5279
09/30/2017 18:50:16	51.0	51.0	13.1579
09/30/2017 18:50:27	52.0	52.0	13.089
09/30/2017 18:50:38	54.0	53.0	12.4011
09/30/2017 18:50:49	54.0	54.0	12.336
09/30/2017 18:51:00	55.0	55.0	12.8947
09/30/2017 18:51:11	56.0	55.0	11.8421
09/30/2017 18:51:22	57.0	56.0	12.6316
09/30/2017 18:51:33	54.0	55.0	12.6316
09/30/2017 18:51:44	53.0	53.0	13.4211
09/30/2017 18:51:55	51.0	52.0	15.2
09/30/2017 18:52:06	50.0	50.0	14.2857
09/30/2017 18:52:17	49.0	49.0	16.8067
09/30/2017 18:52:28	49.0	50.0	24.2574
09/30/2017 18:52:39	49.0	49.0	16.188
09/30/2017 18:52:50	49.0	48.0	13.7566
09/30/2017 18:53:01	49.0	48.0	15.3439
09/30/2017 18:53:12	49.0	48.0	14.8541
09/30/2017 18:53:23	48.0	48.0	14.5119
09/30/2017 18:53:34	48.0	48.0	14.248
09/30/2017 18:53:45	47.0	48.0	14.1732
09/30/2017 18:53:56	47.0	47.0	13.5279
09/30/2017 18:54:07	48.0	47.0	14.2105
09/30/2017 18:54:18	48.0	47.0	14.1732
09/30/2017 18:54:29	50.0	50.0	14.5503
09/30/2017 18:54:41	51.0	51.0	14.9606
09/30/2017 18:54:52	52.0	53.0	19.4521
09/30/2017 18:55:03	54.0	54.0	15.0735
09/30/2017 18:55:14	55.0	54.0	16.0526
09/30/2017 18:55:25	53.0	53.0	14.5078
09/30/2017 18:55:36	52.0	52.0	13.6842
09/30/2017 18:55:48	51.0	50.0	14.3617
09/30/2017 18:55:59	50.0	49.0	14.3617
09/30/2017 18:56:10	50.0	49.0	16.3158
09/30/2017 18:56:21	50.0	48.0	39.9371
09/30/2017 18:56:32	49.0	48.0	13.6729
09/30/2017 18:56:43	48.0	48.0	23.3161
09/30/2017 18:56:54	49.0	48.0	14.3617
09/30/2017 18:57:05	48.0	48.0	14.8541
09/30/2017 18:57:16	48.0	47.0	14.6277
09/30/2017 18:57:27	48.0	47.0	14.0957
09/30/2017 18:57:38	48.0	46.0	12.9973
09/30/2017 18:57:50	48.0	47.0	14.3617
09/30/2017 18:58:01	48.0	47.0	12.4668
09/30/2017 18:58:12	50.0	50.0	12.3684
09/30/2017 18:58:23	51.0	51.0	16.6234
09/30/2017 18:58:34	53.0	52.0	12.1693
09/30/2017 18:58:45	54.0	53.0	12.8272
09/30/2017 18:58:56	54.0	54.0	18.2716
09/30/2017 18:59:07	56.0	55.0	12.6649
09/30/2017 18:59:18	57.0	55.0	11.7021
09/30/2017 18:59:29	55.0	54.0	12.3684
09/30/2017 18:59:40	53.0	52.0	13.4565
09/30/2017 18:59:51	51.0	51.0	13.2979
09/30/2017 19:00:02	50.0	50.0	12.766
09/30/2017 19:00:13	50.0	49.0	14.7757
09/30/2017 19:00:24	49.0	48.0	14.3617
09/30/2017 19:00:35	49.0	48.0	14.3236
09/30/2017 19:00:46	48.0	48.0	14.8148
09/30/2017 19:00:57	48.0	48.0	13.8667
09/30/2017 19:01:08	48.0	48.0	14.3617
09/30/2017 19:01:19	48.0	47.0	12.336
09/30/2017 19:01:30	48.0	47.0	14.8936
09/30/2017 19:01:41	47.0	47.0	20.4938
09/30/2017 19:01:52	49.0	49.0	12.1372
09/30/2017 19:02:03	50.0	50.0	12.8609
09/30/2017 19:02:14	51.0	51.0	12.6649
09/30/2017 19:02:25	52.0	53.0	12.3684
09/30/2017 19:02:36	54.0	54.0	12.8609
09/30/2017 19:02:48	55.0	55.0	12.963
09/30/2017 19:02:59	56.0	55.0	15.8163
09/30/2017 19:03:10	55.0	55.0	12.963
09/30/2017 19:03:21	53.0	53.0	13.1234
09/30/2017 19:03:32	52.0	51.0	12.4011
09/30/2017 19:03:43	50.0	50.0	14.2857
09/30/2017 19:03:54	50.0	49.0	15.3034
09/30/2017 19:04:05	49.0	49.0	13.8667
09/30/2017 19:04:16	49.0	48.0	14.8541
09/30/2017 19:04:27	49.0	48.0	13.5279
09/30/2017 19:04:38	48.0	47.0	14.7757
09/30/2017 19:04:49	48.0	47.0	14.4357
09/30/2017 19:05:00	48.0	47.0	14.4737
09/30/2017 19:05:11	48.0	47.0	13.5279
09/30/2017 19:05:22	48.0	47.0	16.1458
09/30/2017 19:05:33	47.0	47.0	12.3684
09/30/2017 19:05:44	48.0	47.0	21.3235
09/30/2017 19:05:55	47.0	47.0	12.6316
09/30/2017 19:06:06	47.0	46.0	21.6019
09/30/2017 19:06:17	49.0	49.0	12.963
09/30/2017 19:06:28	51.0	50.0	18.3417
09/30/2017 19:06:39	52.0	52.0	11.9363
09/30/2017 19:06:50	54.0	53.0	15.4822
09/30/2017 19:07:01	54.0	54.0	13.1579
09/30/2017 19:07:12	55.0	55.0	14.359
09/30/2017 19:07:23	56.0	55.0	12.9288
09/30/2017 19:07:35	54.0	54.0	15.7068
09/30/2017 19:07:46	52.0	52.0	13.1579
09/30/2017 19:07:57	51.0	51.0	16.1039
09/30/2017 19:08:08	50.0	50.0	14.0584
09/30/2017 19:08:19	50.0	49.0	18.0662
09/30/2017 19:08:30	49.0	48.0	14.3236
09/30/2017 19:08:41	48.0	48.0	17.4129
09/30/2017 19:08:52	48.0	47.0	13.3858
09/30/2017 19:09:03	48.0	48.0	22.1411
09/30/2017 19:09:14	48.0	47.0	12.766
09/30/2017 19:09:25	48.0	47.0	19.0955
09/30/2017 19:09:36	48.0	47.0	14.248
09/30/2017 19:09:47	50.0	50.0	13.3159
09/30/2017 19:09:58	51.0	51.0	12.336
09/30/2017 19:10:09	52.0	52.0	12.8947
09/30/2017 19:10:20	54.0	53.0	12.8609
09/30/2017 19:10:31	55.0	54.0	13.1579
09/30/2017 19:10:42	56.0	55.0	12.3684
09/30/2017 19:10:53	56.0	56.0	13.089
09/30/2017 19:11:04	54.0	54.0	12.6649
09/30/2017 19:11:15	52.0	52.0	13.1926
09/30/2017 19:11:26	51.0	51.0	13.7566
09/30/2017 19:11:37	50.0	50.0	14.4737
09/30/2017 19:11:48	50.0	49.0	13.3858
09/30/2017 19:11:59	49.0	48.0	14.1732
09/30/2017 19:12:10	49.0	48.0	12.6316
09/30/2017 19:12:21	49.0	48.0	13.4211
09/30/2017 19:12:33	48.0	48.0	20.4433
09/30/2017 19:12:44	48.0	47.0	14.5833
09/30/2017 19:12:55	48.0	47.0	15.0649
09/30/2017 19:13:06	47.0	46.0	13.9108
09/30/2017 19:13:17	47.0	47.0	14.0212
09/30/2017 19:13:28	49.0	48.0	13.9474
09/30/2017 19:13:39	50.0	51.0	14.4357
09/30/2017 19:13:50	51.0	51.0	11.8734
09/30/2017 19:14:01	53.0	53.0	12.5984
09/30/2017 19:14:12	54.0	54.0	12.6316
09/30/2017 19:14:23	55.0	55.0	12.8272
09/30/2017 19:14:34	56.0	56.0	11.811
09/30/2017 19:14:45	57.0	56.0	12.2715
09/30/2017 19:14:56	55.0	54.0	20.241
09/30/2017 19:15:07	53.0	52.0	12.5984
09/30/2017 19:15:18	52.0	51.0	12.8272
09/30/2017 19:15:29	50.0	50.0	13.9108
09/30/2017 19:15:40	50.0	50.0	13.7203
09/30/2017 19:15:51	49.0	49.0	13.5279
09/30/2017 19:16:02	49.0	48.0	14.4357
09/30/2017 19:16:13	48.0	48.0	14.2105
09/30/2017 19:16:24	48.0	48.0	14.5119
09/30/2017 19:16:35	48.0	47.0	17.3469
09/30/2017 19:16:46	48.0	47.0	13.9842
09/30/2017 19:16:57	48.0	47.0	14.8825
09/30/2017 19:17:08	50.0	49.0	12.5984
09/30/2017 19:17:19	51.0	51.0	12.8609
09/30/2017 19:17:31	52.0	52.0	12.3037
09/30/2017 19:17:42	53.0	54.0	12.1053
09/30/2017 19:17:53	55.0	54.0	14.1361
09/30/2017 19:18:04	56.0	56.0	12.336
09/30/2017 19:18:15	56.0	56.0	13.0548
09/30/2017 19:18:26	55.0	54.0	12.8609
09/30/2017 19:18:37	52.0	52.0	14.1361
09/30/2017 19:18:48	51.0	51.0	12.8609
09/30/2017 19:18:59	50.0	51.0	14.3603
09/30/2017 19:19:10	50.0	50.0	13.2275
09/30/2017 19:19:21	49.0	49.0	14.248
09/30/2017 19:19:32	49.0	48.0	13.7566
09/30/2017 19:19:43	49.0	48.0	13.4921
09/30/2017 19:19:54	48.0	48.0	17.5879
09/30/2017 19:20:05	48.0	48.0	13.4921
09/30/2017 19:20:16	48.0	47.0	14.6982
09/30/2017 19:20:27	47.0	47.0	13.4565
09/30/2017 19:20:38	48.0	48.0	13.7566
09/30/2017 19:20:49	50.0	50.0	13.7203
09/30/2017 19:21:00	51.0	51.0	12.5984
09/30/2017 19:21:11	52.0	52.0	13.1579
09/30/2017 19:21:22	53.0	53.0	18.6275
09/30/2017 19:21:33	55.0	55.0	12.5984
09/30/2017 19:21:44	55.0	56.0	12.2715
09/30/2017 19:21:55	56.0	56.0	18.1141
09/30/2017 19:22:06	57.0	55.0	12.0735
09/30/2017 19:22:18	54.0	53.0	12.5984
09/30/2017 19:22:29	52.0	52.0	12.336
09/30/2017 19:22:40	51.0	51.0	14.8825
09/30/2017 19:22:51	50.0	50.0	14.2105
09/30/2017 19:23:02	49.0	49.0	14.5119
09/30/2017 19:23:13	49.0	48.0	13.4921
09/30/2017 19:23:24	49.0	48.0	21.0784
09/30/2017 19:23:35	48.0	48.0	13.7203
09/30/2017 19:23:46	48.0	47.0	13.9474
09/30/2017 19:23:57	48.0	47.0	13.4921
09/30/2017 19:24:08	48.0	47.0	14.248
09/30/2017 19:24:19	50.0	49.0	13.2979
09/30/2017 19:24:30	51.0	51.0	22.673
09/30/2017 19:24:41	53.0	52.0	12.8272
09/30/2017 19:24:52	53.0	53.0	11.8734
09/30/2017 19:25:03	54.0	54.0	13.3508
09/30/2017 19:25:14	56.0	55.0	12.3037
09/30/2017 19:25:25	56.0	56.0	12.5984
09/30/2017 19:25:36	56.0	56.0	12.5326
09/30/2017 19:25:47	54.0	53.0	14.0212
09/30/2017 19:25:58	52.0	52.0	13.4921
09/30/2017 19:26:09	51.0	51.0	14.3236
09/30/2017 19:26:20	50.0	50.0	13.2626
09/30/2017 19:26:31	50.0	50.0	21.0784
09/30/2017 19:26:42	49.0	48.0	24.7086
09/30/2017 19:26:53	49.0	48.0	16.7526
09/30/2017 19:27:04	49.0	48.0	15.0259
09/30/2017 19:27:16	48.0	47.0	14.9215
09/30/2017 19:27:27	48.0	47.0	13.9474
09/30/2017 19:27:38	48.0	47.0	14.6214
09/30/2017 19:27:49	49.0	48.0	15.3646
09/30/2017 19:28:00	51.0	50.0	16.1954
09/30/2017 19:28:11	52.0	53.0	20.8134
09/30/2017 19:28:22	54.0	53.0	17.3697
09/30/2017 19:28:33	55.0	54.0	16.4103
09/30/2017 19:28:44	55.0	55.0	12.5654
09/30/2017 19:28:55	56.0	56.0	12.2715
09/30/2017 19:29:06	57.0	57.0	12.6649
09/30/2017 19:29:17	55.0	55.0	12.8947
09/30/2017 19:29:28	53.0	53.0	12.6316
09/30/2017 19:29:39	52.0	51.0	12.6316
09/30/2017 19:29:50	51.0	50.0	13.7203
09/30/2017 19:30:01	50.0	50.0	14.2105
09/30/2017 19:30:12	50.0	49.0	14.6597
09/30/2017 19:30:23	49.0	48.0	13.3333
09/30/2017 19:30:34	49.0	48.0	14.3229
09/30/2017 19:30:45	48.0	47.0	15.1436
09/30/2017 19:30:56	48.0	47.0	14.5119
09/30/2017 19:31:07	47.0	48.0	13.9474
09/30/2017 19:31:18	47.0	47.0	14.5119
09/30/2017 19:31:29	49.0	49.0	13.4211
09/30/2017 19:31:40	51.0	51.0	12.8272
09/30/2017 19:31:51	52.0	52.0	12.5654
09/30/2017 19:32:03	53.0	53.0	12.7937
09/30/2017 19:32:14	55.0	54.0	13.2812
09/30/2017 19:32:25	55.0	54.0	13.3508
09/30/2017 19:32:36	56.0	56.0	12.1053
09/30/2017 19:32:47	56.0	55.0	13.089
09/30/2017 19:32:58	54.0	53.0	12.5984
09/30/2017 19:33:09	52.0	51.0	12.963
09/30/2017 19:33:20	51.0	51.0	13.5279
09/30/2017 19:33:31	50.0	50.0	14.248
09/30/2017 19:33:42	49.0	49.0	12.0419
09/30/2017 19:33:53	49.0	48.0	13.7203
09/30/2017 19:34:04	48.0	48.0	12.6316
09/30/2017 19:34:15	48.0	47.0	13.7203
09/30/2017 19:34:26	48.0	47.0	14.433
09/30/2017 19:34:37	48.0	47.0	14.0212
09/30/2017 19:34:48	47.0	47.0	14.2105
09/30/2017 19:34:59	49.0	48.0	14.8825
09/30/2017 19:35:10	51.0	50.0	13.5417
09/30/2017 19:35:21	52.0	51.0	13.3159
09/30/2017 19:35:32	53.0	53.0	12.5654
09/30/2017 19:35:43	54.0	54.0	12.3037
09/30/2017 19:35:54	55.0	54.0	12.7937
09/30/2017 19:36:05	56.0	55.0	11.8421
09/30/2017 19:36:16	57.0	56.0	16.5414
09/30/2017 19:36:27	55.0	54.0	12.336
09/30/2017 19:36:38	53.0	53.0	13.0548
09/30/2017 19:36:49	51.0	51.0	12.1053
09/30/2017 19:37:00	50.0	50.0	16.1804
09/30/2017 19:37:12	50.0	50.0	14.0957
09/30/2017 19:37:23	49.0	49.0	13.6842
09/30/2017 19:37:34	49.0	48.0	14.0584
09/30/2017 19:37:45	48.0	48.0	14.1732
09/30/2017 19:37:56	47.0	48.0	20.0495
09/30/2017 19:38:07	47.0	47.0	14.2105
09/30/2017 19:38:18	48.0	47.0	14.4357
09/30/2017 19:38:29	49.0	48.0	13.9842
09/30/2017 19:38:40	51.0	51.0	22.381
09/30/2017 19:38:51	53.0	52.0	12.3037
09/30/2017 19:39:02	53.0	53.0	12.5654
09/30/2017 19:39:13	55.0	54.0	12.5984
09/30/2017 19:39:24	56.0	54.0	17.4564
09/30/2017 19:39:35	57.0	56.0	13.0548
09/30/2017 19:39:46	55.0	54.0	12.6316
09/30/2017 19:39:57	54.0	53.0	14.4357
09/30/2017 19:40:08	52.0	52.0	21.6867
09/30/2017 19:40:19	51.0	51.0	14.4357
09/30/2017 19:40:30	50.0	50.0	14.1732
09/30/2017 19:40:41	49.0	49.0	14.2105
09/30/2017 19:40:52	49.0	48.0	14.9215
09/30/2017 19:41:03	48.0	48.0	14.2857
09/30/2017 19:41:14	48.0	48.0	13.2626
09/30/2017 19:41:25	48.0	48.0	14.7368
09/30/2017 19:41:36	47.0	47.0	13.7931
09/30/2017 19:41:47	48.0	47.0	14.4737
09/30/2017 19:41:59	49.0	49.0	12.5654
09/30/2017 19:42:10	51.0	51.0	14.026
09/30/2017 19:42:21	52.0	52.0	11.811
09/30/2017 19:42:32	53.0	53.0	12.5984
09/30/2017 19:42:43	55.0	54.0	12.5654
09/30/2017 19:42:54	55.0	55.0	13.089
09/30/2017 19:43:05	56.0	56.0	12.1053
09/30/2017 19:43:16	55.0	54.0	12.3037
09/30/2017 19:43:27	52.0	53.0	14.0992
09/30/2017 19:43:38	51.0	51.0	14.3603
09/30/2017 19:43:49	50.0	50.0	13.5279
09/30/2017 19:44:00	49.0	50.0	13.4565
09/30/2017 19:44:11	49.0	48.0	14.8438
09/30/2017 19:44:22	49.0	48.0	14.0992
09/30/2017 19:44:33	48.0	47.0	14.3617
09/30/2017 19:44:44	48.0	48.0	13.4565
09/30/2017 19:44:55	49.0	47.0	18.8482
09/30/2017 19:45:06	48.0	48.0	13.7203
09/30/2017 19:45:17	48.0	47.0	14.1732
09/30/2017 19:45:28	48.0	47.0	13.6842
09/30/2017 19:45:39	48.0	46.0	13.4211
09/30/2017 19:45:50	50.0	49.0	12.0735
09/30/2017 19:46:01	50.0	50.0	18.6275
09/30/2017 19:46:12	52.0	52.0	12.1693
09/30/2017 19:46:23	54.0	53.0	12.1372
09/30/2017 19:46:35	54.0	54.0	15.1436
09/30/2017 19:46:46	55.0	54.0	12.5326
09/30/2017 19:46:57	56.0	55.0	12.3037
09/30/2017 19:47:08	54.0	54.0	11.5789
09/30/2017 19:47:19	53.0	52.0	12.5984
09/30/2017 19:47:30	51.0	51.0	13.9842
09/30/2017 19:47:41	50.0	50.0	13.4921
09/30/2017 19:47:52	50.0	50.0	22.9858
09/30/2017 19:48:03	49.0	48.0	13.5638
09/30/2017 19:48:14	49.0	48.0	14.1361
09/30/2017 19:48:25	48.0	48.0	16.188
09/30/2017 19:48:36	48.0	47.0	13.7566
09/30/2017 19:48:47	49.0	47.0	14.248
09/30/2017 19:48:58	48.0	47.0	13.6483
09/30/2017 19:49:09	50.0	50.0	14.248
09/30/2017 19:49:20	51.0	51.0	12.5326
09/30/2017 19:49:31	52.0	53.0	12.3037
09/30/2017 19:49:42	54.0	53.0	12.5984
09/30/2017 19:49:53	55.0	54.0	12.3684
09/30/2017 19:50:04	56.0	56.0	12.5984
09/30/2017 19:50:15	56.0	55.0	19.9519
09/30/2017 19:50:26	55.0	54.0	12.5984
09/30/2017 19:50:37	53.0	53.0	13.6483
09/30/2017 19:50:48	51.0	51.0	15.1042
09/30/2017 19:50:59	51.0	50.0	14.5119
09/30/2017 19:51:10	50.0	49.0	14.2105
09/30/2017 19:51:21	48.0	50.0	13.7203
09/30/2017 19:51:33	48.0	48.0	14.0212
09/30/2017 19:51:44	48.0	47.0	11.8421
09/30/2017 19:51:55	47.0	47.0	14.2105
09/30/2017 19:52:06	48.0	48.0	13.2626
09/30/2017 19:52:17	49.0	48.0	14.248
09/30/2017 19:52:28	50.0	50.0	13.6126
09/30/2017 19:52:39	51.0	51.0	13.7566
09/30/2017 19:52:50	53.0	53.0	12.1693
09/30/2017 19:53:01	54.0	54.0	11.8734
09/30/2017 19:53:12	55.0	54.0	15.736
09/30/2017 19:53:23	56.0	56.0	12.5654
09/30/2017 19:53:34	56.0	56.0	12.1053
09/30/2017 19:53:45	55.0	54.0	19.8547
09/30/2017 19:53:56	52.0	53.0	12.8609
09/30/2017 19:54:07	51.0	51.0	13.6842
09/30/2017 19:54:18	51.0	51.0	15.2672
09/30/2017 19:54:29	50.0	50.0	14.4737
09/30/2017 19:54:40	49.0	49.0	12.5654
09/30/2017 19:54:51	49.0	48.0	14.3979
09/30/2017 19:55:02	48.0	48.0	13.9474
09/30/2017 19:55:13	48.0	48.0	13.7566
09/30/2017 19:55:24	48.0	47.0	14.6597
09/30/2017 19:55:35	47.0	47.0	14.3603
09/30/2017 19:55:46	50.0	49.0	12.336
09/30/2017 19:55:57	51.0	51.0	12.2016
09/30/2017 19:56:08	53.0	53.0	12.1053
09/30/2017 19:56:20	54.0	53.0	12.1053
09/30/2017 19:56:31	55.0	54.0	12.336
09/30/2017 19:56:42	56.0	54.0	12.0735
09/30/2017 19:56:53	56.0	56.0	12.5654
09/30/2017 19:57:04	57.0	56.0	13.0208
09/30/2017 19:57:15	55.0	54.0	12.0735
09/30/2017 19:57:26	53.0	53.0	12.1053
09/30/2017 19:57:37	51.0	51.0	13.9108
09/30/2017 19:57:48	50.0	50.0	14.7368
09/30/2017 19:57:59	50.0	50.0	14.1361
09/30/2017 19:58:10	49.0	49.0	14.0957
09/30/2017 19:58:21	48.0	48.0	22.0339
09/30/2017 19:58:32	48.0	48.0	14.9606
09/30/2017 19:58:43	48.0	48.0	13.8743
09/30/2017 19:58:54	48.0	47.0	13.9474
09/30/2017 19:59:05	48.0	47.0	14.5119
09/30/2017 19:59:16	48.0	47.0	14.4357
09/30/2017 19:59:27	49.0	49.0	14.1361
09/30/2017 19:59:38	51.0	50.0	12.3684
09/30/2017 19:59:49	52.0	51.0	12.8609
09/30/2017 20:00:00	53.0	53.0	12.3037
09/30/2017 20:00:11	54.0	54.0	14.2857
09/30/2017 20:00:22	55.0	54.0	12.3037
09/30/2017 20:00:33	56.0	56.0	12.7604
09/30/2017 20:00:44	57.0	56.0	12.7937
09/30/2017 20:00:55	54.0	54.0	12.1693
09/30/2017 20:01:06	53.0	53.0	12.3684
09/30/2017 20:01:18	51.0	51.0	14.5119
09/30/2017 20:01:29	50.0	50.0	13.7203
09/30/2017 20:01:40	50.0	50.0	14.9215
09/30/2017 20:01:51	49.0	49.0	13.3858
09/30/2017 20:02:02	48.0	48.0	14.1732
09/30/2017 20:02:13	49.0	48.0	14.4737
09/30/2017 20:02:24	48.0	48.0	14.2105
09/30/2017 20:02:35	48.0	47.0	13.1579
09/30/2017 20:02:46	48.0	48.0	13.9842
09/30/2017 20:02:57	50.0	51.0	13.5417
09/30/2017 20:03:08	52.0	51.0	12.2715
09/30/2017 20:03:19	53.0	53.0	12.6316
09/30/2017 20:03:30	54.0	54.0	12.1053
09/30/2017 20:03:41	55.0	54.0	12.8947
09/30/2017 20:03:52	55.0	55.0	11.811
09/30/2017 20:04:03	57.0	55.0	13.0208
09/30/2017 20:04:14	57.0	57.0	17.8218
09/30/2017 20:04:25	55.0	54.0	12.1693
09/30/2017 20:04:36	53.0	53.0	12.3037
09/30/2017 20:04:47	51.0	51.0	14.0957
09/30/2017 20:04:58	50.0	50.0	13.4921
09/30/2017 20:05:09	50.0	50.0	14.4357
09/30/2017 20:05:20	50.0	49.0	13.9108
09/30/2017 20:05:31	49.0	48.0	13.6842
09/30/2017 20:05:42	48.0	48.0	12.336
09/30/2017 20:05:53	48.0	47.0	13.9842
09/30/2017 20:06:05	48.0	48.0	23.3491
09/30/2017 20:06:16	48.0	47.0	13.7931
09/30/2017 20:06:27	49.0	48.0	14.7368
09/30/2017 20:06:38	50.0	50.0	13.089
09/30/2017 20:06:49	52.0	51.0	12.336
09/30/2017 20:07:00	53.0	52.0	13.3858
09/30/2017 20:07:11	54.0	53.0	12.8272
09/30/2017 20:07:22	55.0	54.0	12.0735
09/30/2017 20:07:33	56.0	55.0	18.2716
09/30/2017 20:07:44	57.0	56.0	12.1372
09/30/2017 20:07:55	55.0	54.0	11.8421
09/30/2017 20:08:06	52.0	53.0	12.3684
09/30/2017 20:08:17	51.0	51.0	13.6483
09/30/2017 20:08:28	50.0	50.0	14.248
09/30/2017 20:08:39	50.0	50.0	13.0208
09/30/2017 20:08:50	49.0	48.0	14.6982
09/30/2017 20:09:01	49.0	48.0	13.9474
09/30/2017 20:09:12	49.0	48.0	12.3684
09/30/2017 20:09:23	48.0	47.0	13.6842
09/30/2017 20:09:34	48.0	47.0	14.248
09/30/2017 20:09:45	48.0	47.0	13.0548
09/30/2017 20:09:56	48.0	47.0	13.8298
09/30/2017 20:10:07	49.0	48.0	12.8272
09/30/2017 20:10:18	50.0	50.0	12.5984
09/30/2017 20:10:29	52.0	51.0	11.811
09/30/2017 20:10:40	53.0	53.0	12.5654
09/30/2017 20:10:51	54.0	53.0	19.2683
09/30/2017 20:11:03	55.0	54.0	12.7937
09/30/2017 20:11:14	56.0	56.0	12.5654
09/30/2017 20:11:25	57.0	56.0	12.5654
09/30/2017 20:11:36	55.0	54.0	12.3684
09/30/2017 20:11:47	53.0	52.0	14.6214
09/30/2017 20:11:58	52.0	51.0	14.3236
09/30/2017 20:12:09	51.0	50.0	14.0212
09/30/2017 20:12:20	50.0	49.0	15.2632
09/30/2017 20:12:31	51.0	50.0	14.4357
09/30/2017 20:12:42	49.0	49.0	14.3979
09/30/2017 20:12:53	49.0	48.0	13.7566
09/30/2017 20:13:04	48.0	48.0	14.4737
09/30/2017 20:13:15	48.0	47.0	13.7566
09/30/2017 20:13:26	48.0	47.0	14.1732
09/30/2017 20:13:37	48.0	47.0	14.6597
09/30/2017 20:13:48	49.0	48.0	14.4737
09/30/2017 20:13:59	50.0	50.0	12.3684
09/30/2017 20:14:10	52.0	51.0	13.3159
09/30/2017 20:14:21	53.0	53.0	11.8421
09/30/2017 20:14:32	54.0	54.0	14.7959
09/30/2017 20:14:43	55.0	54.0	12.6316
09/30/2017 20:14:54	55.0	55.0	11.5183
09/30/2017 20:15:05	57.0	55.0	12.6316
09/30/2017 20:15:16	55.0	54.0	12.6316
09/30/2017 20:15:27	52.0	52.0	14.2487
09/30/2017 20:15:38	51.0	51.0	13.7203
09/30/2017 20:15:50	50.0	50.0	14.4357
09/30/2017 20:16:01	50.0	49.0	13.4211
09/30/2017 20:16:12	49.0	48.0	15.3646
09/30/2017 20:16:23	49.0	48.0	13.7203
09/30/2017 20:16:34	48.0	47.0	14.6982
09/30/2017 20:16:45	48.0	48.0	13.4921
09/30/2017 20:16:56	47.0	47.0	13.8743
09/30/2017 20:17:07	48.0	47.0	13.7566
09/30/2017 20:17:18	50.0	49.0	14.8148
09/30/2017 20:17:29	51.0	50.0	12.8947
09/30/2017 20:17:40	52.0	52.0	12.5654
09/30/2017 20:17:51	54.0	53.0	17.2932
09/30/2017 20:18:02	55.0	54.0	11.8734
09/30/2017 20:18:13	56.0	55.0	12.8272
09/30/2017 20:18:24	57.0	56.0	12.5654
09/30/2017 20:18:35	55.0	55.0	13.3159
09/30/2017 20:18:46	52.0	52.0	12.1053
09/30/2017 20:18:57	51.0	51.0	12.5984
09/30/2017 20:19:08	50.0	50.0	13.9108
09/30/2017 20:19:19	49.0	50.0	13.7203
09/30/2017 20:19:30	49.0	48.0	13.577
09/30/2017 20:19:41	48.0	48.0	13.9108
09/30/2017 20:19:52	48.0	48.0	13.4921
09/30/2017 20:20:03	48.0	47.0	13.9842
09/30/2017 20:20:14	48.0	47.0	15.8031
09/30/2017 20:20:25	49.0	48.0	13.7203
09/30/2017 20:20:36	50.0	49.0	12.7273
09/30/2017 20:20:48	52.0	51.0	12.5984
09/30/2017 20:20:59	53.0	53.0	18.8264
09/30/2017 20:21:10	54.0	53.0	12.8609
09/30/2017 20:21:21	55.0	54.0	13.0548
09/30/2017 20:21:32	55.0	55.0	11.811
09/30/2017 20:21:43	57.0	56.0	20
09/30/2017 20:21:54	55.0	54.0	13.3858
09/30/2017 20:22:05	53.0	53.0	14.1732
09/30/2017 20:22:16	51.0	51.0	13.7566
09/30/2017 20:22:27	51.0	50.0	20.297
09/30/2017 20:22:38	50.0	49.0	13.4921
09/30/2017 20:22:49	49.0	48.0	14.1732
09/30/2017 20:23:00	48.0	48.0	14.8825
09/30/2017 20:23:11	48.0	47.0	17.9747
09/30/2017 20:23:22	48.0	47.0	13.4565
09/30/2017 20:23:33	48.0	47.0	13.9842
09/30/2017 20:23:44	48.0	47.0	14.6982
09/30/2017 20:23:55	50.0	49.0	13.5065
09/30/2017 20:24:06	51.0	51.0	12.8947
09/30/2017 20:24:17	52.0	53.0	12.3037
09/30/2017 20:24:28	54.0	53.0	12.5984
09/30/2017 20:24:39	54.0	54.0	16.7939
09/30/2017 20:24:50	55.0	55.0	12.5654
09/30/2017 20:25:01	56.0	55.0	11.5486
09/30/2017 20:25:12	57.0	56.0	13.0548
09/30/2017 20:25:23	55.0	54.0	19.5122
09/30/2017 20:25:35	52.0	52.0	14.7368
09/30/2017 20:25:46	51.0	51.0	13.6483
09/30/2017 20:25:57	50.0	50.0	13.9842
09/30/2017 20:26:08	49.0	49.0	22.8571
09/30/2017 20:26:19	49.0	49.0	14.248
09/30/2017 20:26:30	48.0	49.0	14.4357
09/30/2017 20:26:41	48.0	47.0	14.0212
09/30/2017 20:26:52	48.0	47.0	20.7317
09/30/2017 20:27:03	50.0	50.0	12.8272
09/30/2017 20:27:14	51.0	51.0	13.1234
09/30/2017 20:27:25	53.0	53.0	12.8272
09/30/2017 20:27:36	54.0	53.0	16.4975
09/30/2017 20:27:47	55.0	54.0	12.5984
09/30/2017 20:27:58	55.0	55.0	12.5984
09/30/2017 20:28:09	56.0	55.0	13.0548
09/30/2017 20:28:20	56.0	55.0	13.5417
09/30/2017 20:28:31	54.0	53.0	13.6842
09/30/2017 20:28:42	52.0	51.0	14.1732
09/30/2017 20:28:53	51.0	51.0	14.1732
09/30/2017 20:29:04	50.0	50.0	13.8298
09/30/2017 20:29:15	49.0	49.0	14.3979
09/30/2017 20:29:26	49.0	48.0	14.248
09/30/2017 20:29:37	48.0	48.0	14.2105
09/30/2017 20:29:48	48.0	48.0	12.8947
09/30/2017 20:29:59	47.0	48.0	13.089
09/30/2017 20:30:10	48.0	48.0	13.7203
09/30/2017 20:30:22	50.0	49.0	14.7368
09/30/2017 20:30:33	50.0	51.0	16.5354
09/30/2017 20:30:44	52.0	53.0	14.9215
09/30/2017 20:30:55	54.0	54.0	19.1601
09/30/2017 20:31:06	55.0	54.0	18.6869
09/30/2017 20:31:17	56.0	55.0	15.625
09/30/2017 20:31:28	57.0	56.0	15.9269
09/30/2017 20:31:39	55.0	55.0	16.7102
09/30/2017 20:31:50	53.0	53.0	21.2714
09/30/2017 20:32:01	51.0	51.0	13.2275
09/30/2017 20:32:12	50.0	51.0	13.9108
09/30/2017 20:32:23	50.0	50.0	13.2275
09/30/2017 20:32:34	49.0	49.0	14.2857
09/30/2017 20:32:45	48.0	48.0	13.9842
09/30/2017 20:32:56	48.0	48.0	13.9842
09/30/2017 20:33:07	48.0	47.0	13.089
09/30/2017 20:33:18	48.0	48.0	13.2626
09/30/2017 20:33:29	48.0	48.0	14.2105
09/30/2017 20:33:40	50.0	50.0	13.4921
09/30/2017 20:33:51	51.0	51.0	14.0625
09/30/2017 20:34:02	53.0	53.0	12.0735
09/30/2017 20:34:13	54.0	53.0	12.6984
09/30/2017 20:34:24	55.0	54.0	12.9288
09/30/2017 20:34:35	55.0	55.0	14.1753
09/30/2017 20:34:46	56.0	56.0	11.811
09/30/2017 20:34:57	57.0	56.0	12.4339
09/30/2017 20:35:08	54.0	54.0	13.1926
09/30/2017 20:35:19	53.0	52.0	20.3931
09/30/2017 20:35:31	51.0	51.0	13.9842
09/30/2017 20:35:42	50.0	50.0	14.9606
09/30/2017 20:35:53	50.0	49.0	13.7203
09/30/2017 20:36:04	49.0	48.0	12.4011
09/30/2017 20:36:15	49.0	48.0	13.4921
09/30/2017 20:36:26	48.0	47.0	14.2105
09/30/2017 20:36:37	48.0	47.0	14.248
09/30/2017 20:36:48	48.0	47.0	14.4737
09/30/2017 20:36:59	47.0	46.0	14.0212
09/30/2017 20:37:10	49.0	49.0	14.6597
09/30/2017 20:37:21	51.0	51.0	14.1732
09/30/2017 20:37:32	52.0	51.0	12.1053
09/30/2017 20:37:43	53.0	53.0	12.1053
09/30/2017 20:37:54	54.0	54.0	13.3159
09/30/2017 20:38:05	55.0	54.0	21.3429
09/30/2017 20:38:16	56.0	55.0	11.5789
09/30/2017 20:38:27	57.0	56.0	13.0548
09/30/2017 20:38:38	55.0	55.0	13.0319
09/30/2017 20:38:49	53.0	52.0	16.1954
09/30/2017 20:39:00	51.0	51.0	13.9108
09/30/2017 20:39:11	51.0	50.0	14.0212
09/30/2017 20:39:22	50.0	50.0	14.6982
09/30/2017 20:39:33	49.0	48.0	13.2979
09/30/2017 20:39:44	49.0	48.0	13.2275
09/30/2017 20:39:55	49.0	48.0	12.336
09/30/2017 20:40:07	48.0	47.0	14.4357
09/30/2017 20:40:18	48.0	47.0	14.6982
09/30/2017 20:40:29	49.0	48.0	14.1732
09/30/2017 20:40:40	50.0	50.0	11.8734
09/30/2017 20:40:51	51.0	51.0	18.1141
09/30/2017 20:41:02	53.0	53.0	12.336
09/30/2017 20:41:13	54.0	53.0	12.336
09/30/2017 20:41:24	55.0	55.0	12.1053
09/30/2017 20:41:35	56.0	55.0	16.4141
09/30/2017 20:41:46	56.0	55.0	12.0735
09/30/2017 20:41:57	57.0	56.0	12.336
09/30/2017 20:42:08	54.0	54.0	16.7102
09/30/2017 20:42:19	53.0	53.0	17.7546
09/30/2017 20:42:30	52.0	51.0	15.0649
09/30/2017 20:42:41	51.0	51.0	19.0104
09/30/2017 20:42:52	51.0	51.0	15.4047
09/30/2017 20:43:03	50.0	50.0	17.1875
09/30/2017 20:43:14	50.0	49.0	17.2775
09/30/2017 20:43:25	49.0	48.0	17.4026
09/30/2017 20:43:36	50.0	49.0	19.0476
09/30/2017 20:43:47	49.0	49.0	16.7979
09/30/2017 20:43:58	49.0	48.0	17.2775
09/30/2017 20:44:09	49.0	48.0	17.2324
09/30/2017 20:44:20	48.0	48.0	22.4691
09/30/2017 20:44:31	48.0	48.0	16.1458
09/30/2017 20:44:42	49.0	47.0	14.4385
09/30/2017 20:44:53	48.0	48.0	18.0157
09/30/2017 20:45:04	49.0	48.0	18.6842
09/30/2017 20:45:15	49.0	47.0	16.7102
09/30/2017 20:45:26	49.0	48.0	16.8831
09/30/2017 20:45:37	48.0	48.0	17.3127
09/30/2017 20:45:49	48.0	47.0	15.625
09/30/2017 20:46:00	49.0	48.0	17.3127
09/30/2017 20:46:11	48.0	48.0	18.0628
09/30/2017 20:46:22	49.0	47.0	20.5379
09/30/2017 20:46:33	48.0	48.0	17.1875
09/30/2017 20:46:44	49.0	48.0	17.4935
09/30/2017 20:46:55	48.0	47.0	17.5393
09/30/2017 20:47:06	48.0	47.0	15.8442
09/30/2017 20:47:17	48.0	47.0	17.7546
09/30/2017 20:47:28	48.0	48.0	16.4491
09/30/2017 20:47:39	48.0	48.0	22.2222
09/30/2017 20:47:50	48.0	48.0	17.2775
09/30/2017 20:48:01	48.0	48.0	16.9271
09/30/2017 20:48:12	48.0	47.0	15.8442
09/30/2017 20:48:23	48.0	47.0	16.7539
09/30/2017 20:48:34	48.0	47.0	16.9271
09/30/2017 20:48:45	48.0	48.0	18.8976
09/30/2017 20:48:56	49.0	48.0	17.2324
09/30/2017 20:49:07	48.0	48.0	15.544
09/30/2017 20:49:18	48.0	47.0	18.0628
09/30/2017 20:49:29	49.0	47.0	17.9688
09/30/2017 20:49:40	48.0	47.0	16.4062
09/30/2017 20:49:51	48.0	48.0	19.3798
09/30/2017 20:50:02	48.0	47.0	15.625
09/30/2017 20:50:13	48.0	48.0	17.0157
09/30/2017 20:50:24	48.0	48.0	18.0662
09/30/2017 20:50:35	48.0	47.0	15.8854
09/30/2017 20:50:46	48.0	47.0	17.0157
09/30/2017 20:50:57	48.0	47.0	17.1429
09/30/2017 20:51:08	48.0	47.0	17.6623
09/30/2017 20:51:19	48.0	48.0	17.2324
09/30/2017 20:51:30	48.0	48.0	16.2791
09/30/2017 20:51:41	48.0	48.0	18.6047
09/30/2017 20:51:52	48.0	47.0	20.3655
09/30/2017 20:52:03	49.0	48.0	18.75
09/30/2017 20:52:15	48.0	47.0	16.1039
09/30/2017 20:52:26	49.0	48.0	18.7661
09/30/2017 20:52:37	47.0	48.0	17.7083
09/30/2017 20:52:48	49.0	48.0	17.0157
09/30/2017 20:52:59	48.0	48.0	17.7083
09/30/2017 20:53:10	48.0	48.0	18.799
09/30/2017 20:53:21	49.0	48.0	18.3246
09/30/2017 20:53:32	48.0	47.0	17.6316
09/30/2017 20:53:43	48.0	48.0	19.3384
09/30/2017 20:53:54	48.0	48.0	18.0628
09/30/2017 20:54:05	48.0	47.0	16.6227
09/30/2017 20:54:16	48.0	47.0	16.188
09/30/2017 20:54:27	48.0	47.0	17.9688
09/30/2017 20:54:38	48.0	47.0	16.3212
09/30/2017 20:54:49	48.0	47.0	18.1102
09/30/2017 20:55:00	48.0	47.0	16.3636
09/30/2017 20:55:11	48.0	47.0	15.8854
09/30/2017 20:55:22	49.0	48.0	23.5872
09/30/2017 20:55:33	51.0	50.0	18.2768
09/30/2017 20:55:44	53.0	52.0	20.5584
09/30/2017 20:55:55	54.0	53.0	17.2324
09/30/2017 20:56:06	55.0	54.0	17.4479
09/30/2017 20:56:17	56.0	56.0	14.6214
09/30/2017 20:56:28	56.0	54.0	19.8433
09/30/2017 20:56:39	53.0	53.0	18.2768
09/30/2017 20:56:50	53.0	52.0	16.188
09/30/2017 20:57:01	51.0	51.0	17.9688
09/30/2017 20:57:12	51.0	51.0	18.2292
09/30/2017 20:57:23	50.0	50.0	18.2292
09/30/2017 20:57:34	50.0	49.0	17.942
09/30/2017 20:57:45	49.0	49.0	17.9688
09/30/2017 20:57:56	49.0	48.0	15.1832
09/30/2017 20:58:07	48.0	48.0	17.6166
09/30/2017 20:58:18	49.0	48.0	20.9068
09/30/2017 20:58:29	48.0	47.0	17.9221
09/30/2017 20:58:40	49.0	48.0	21.9753
09/30/2017 20:58:51	48.0	48.0	18.0157
09/30/2017 20:59:03	48.0	48.0	17.6166
09/30/2017 20:59:14	48.0	48.0	18.2768
09/30/2017 20:59:25	49.0	48.0	17.6623
09/30/2017 20:59:36	48.0	47.0	17.7546
09/30/2017 20:59:47	49.0	48.0	16.9271
09/30/2017 20:59:58	49.0	48.0	17.0157
09/30/2017 21:00:09	48.0	48.0	17.6316
09/30/2017 21:00:20	48.0	48.0	17.4479
09/30/2017 21:00:31	49.0	48.0	18.1102
09/30/2017 21:00:42	49.0	48.0	18.1122
09/30/2017 21:00:53	49.0	48.0	13.9842
09/30/2017 21:01:04	48.0	47.0	17.5711
09/30/2017 21:01:15	49.0	48.0	15.7068
09/30/2017 21:01:26	48.0	48.0	18.4416
09/30/2017 21:01:37	49.0	48.0	17.3575
09/30/2017 21:01:48	49.0	48.0	16.188
09/30/2017 21:01:59	49.0	48.0	15.5263
09/30/2017 21:02:10	49.0	48.0	17.9688
09/30/2017 21:02:21	48.0	48.0	24.4499
09/30/2017 21:02:32	49.0	48.0	16.0207
09/30/2017 21:02:43	48.0	47.0	17.3575
09/30/2017 21:02:54	48.0	47.0	17.6623
09/30/2017 21:03:05	48.0	48.0	16.7539
09/30/2017 21:03:16	48.0	48.0	16.2304
09/30/2017 21:03:27	48.0	47.0	15.625
09/30/2017 21:03:38	49.0	48.0	21.6625
09/30/2017 21:03:49	49.0	48.0	17.8478
09/30/2017 21:04:00	48.0	47.0	18.1347
09/30/2017 21:04:11	48.0	47.0	18.2768
09/30/2017 21:04:22	48.0	47.0	16.4062
09/30/2017 21:04:33	48.0	47.0	17.2237
09/30/2017 21:04:44	48.0	47.0	16.6234
09/30/2017 21:04:55	48.0	48.0	16.8831
09/30/2017 21:05:06	48.0	48.0	15.9269
09/30/2017 21:05:17	48.0	47.0	17.9221
09/30/2017 21:05:28	48.0	47.0	17.2775
09/30/2017 21:05:40	48.0	47.0	18.1102
09/30/2017 21:05:51	48.0	48.0	17.6623
09/30/2017 21:06:02	49.0	47.0	17.2324
09/30/2017 21:06:13	48.0	48.0	16.5789
09/30/2017 21:06:24	48.0	47.0	18.0628
09/30/2017 21:06:35	48.0	47.0	17.942
09/30/2017 21:06:46	48.0	48.0	20.7254
09/30/2017 21:06:57	48.0	48.0	17.3575
09/30/2017 21:07:08	48.0	48.0	18.2768
09/30/2017 21:07:19	48.0	48.0	17.4142
09/30/2017 21:07:30	48.0	48.0	16.9713
09/30/2017 21:07:41	48.0	47.0	19.5312
09/30/2017 21:07:52	49.0	49.0	18.7013
09/30/2017 21:08:03	49.0	50.0	17.5711
09/30/2017 21:08:14	50.0	50.0	15.748
09/30/2017 21:08:25	49.0	49.0	15.6085
09/30/2017 21:08:36	48.0	48.0	17.6623
09/30/2017 21:08:47	48.0	49.0	17.6
09/30/2017 21:08:58	50.0	49.0	18.4697
09/30/2017 21:09:09	49.0	48.0	20.8543
09/30/2017 21:09:20	48.0	47.0	16.5354
09/30/2017 21:09:31	48.0	48.0	19.6335
09/30/2017 21:09:42	49.0	48.0	16.6667
09/30/2017 21:09:53	48.0	48.0	17.1875
09/30/2017 21:10:04	49.0	48.0	17.8117
09/30/2017 21:10:15	49.0	48.0	16.188
09/30/2017 21:10:26	48.0	48.0	13.7931
09/30/2017 21:10:37	48.0	48.0	14.6982
09/30/2017 21:10:48	47.0	47.0	14.0212
09/30/2017 21:10:59	48.0	47.0	14.2857
09/30/2017 21:11:10	49.0	49.0	13.6483
09/30/2017 21:11:21	51.0	51.0	12.4011
09/30/2017 21:11:33	51.0	51.0	18.5644
09/30/2017 21:11:44	53.0	53.0	12.5654
09/30/2017 21:11:55	55.0	54.0	12.336
09/30/2017 21:12:06	55.0	54.0	11.9048
09/30/2017 21:12:17	57.0	55.0	12.1372
09/30/2017 21:12:28	57.0	56.0	13.3159
09/30/2017 21:12:39	54.0	54.0	12.6316
09/30/2017 21:12:50	53.0	53.0	12.6649
09/30/2017 21:13:01	51.0	51.0	16.8342
09/30/2017 21:13:12	50.0	50.0	14.248
09/30/2017 21:13:23	50.0	50.0	17.1875
09/30/2017 21:13:34	50.0	50.0	14.7368
09/30/2017 21:13:45	50.0	50.0	16.3636
09/30/2017 21:13:56	50.0	50.0	16.6667
09/30/2017 21:14:07	49.0	49.0	17.4026
09/30/2017 21:14:18	49.0	49.0	16.7102
09/30/2017 21:14:29	49.0	48.0	23.7288
09/30/2017 21:14:40	49.0	49.0	16.8865
09/30/2017 21:14:51	49.0	49.0	19.0601
09/30/2017 21:15:02	49.0	49.0	19.8966
09/30/2017 21:15:13	49.0	49.0	17.5853
09/30/2017 21:15:24	50.0	48.0	18.0628
09/30/2017 21:15:35	49.0	49.0	16.7102
09/30/2017 21:15:46	50.0	49.0	15.625
09/30/2017 21:15:57	50.0	49.0	20.7692
09/30/2017 21:16:08	49.0	48.0	17.0157
09/30/2017 21:16:19	49.0	49.0	17.2775
09/30/2017 21:16:30	49.0	48.0	17.3228
09/30/2017 21:16:41	50.0	49.0	17.5853
09/30/2017 21:16:52	49.0	49.0	17.7546
09/30/2017 21:17:03	49.0	49.0	18.2768
09/30/2017 21:17:14	49.0	48.0	17.6316
09/30/2017 21:17:25	49.0	48.0	17.6623
09/30/2017 21:17:36	49.0	48.0	17.6623
09/30/2017 21:17:48	48.0	48.0	17.4935
09/30/2017 21:17:59	49.0	48.0	24.0786
09/30/2017 21:18:10	49.0	48.0	19.4226
09/30/2017 21:18:21	49.0	48.0	14.9606
09/30/2017 21:18:32	49.0	48.0	16.2304
09/30/2017 21:18:43	49.0	48.0	17.7546
09/30/2017 21:18:54	49.0	48.0	19.5822
09/30/2017 21:19:05	50.0	49.0	18.3246
09/30/2017 21:19:16	49.0	48.0	19.7917
09/30/2017 21:19:27	49.0	48.0	16.2304
09/30/2017 21:19:38	49.0	48.0	17.7083
09/30/2017 21:19:49	49.0	48.0	17.5393
09/30/2017 21:20:00	49.0	49.0	22.9829
09/30/2017 21:20:11	49.0	48.0	16.8831
09/30/2017 21:20:22	49.0	48.0	18.2292
09/30/2017 21:20:33	49.0	49.0	16.4491
09/30/2017 21:20:44	49.0	48.0	18.2768
09/30/2017 21:20:55	50.0	49.0	17.2324
09/30/2017 21:21:06	49.0	48.0	16.4491
09/30/2017 21:21:17	49.0	48.0	16.3636
09/30/2017 21:21:28	49.0	48.0	17.3684
09/30/2017 21:21:39	49.0	48.0	14.4737
09/30/2017 21:21:50	48.0	48.0	14.4357
09/30/2017 21:22:01	48.0	47.0	12.2715
09/30/2017 21:22:12	48.0	48.0	14.6982
09/30/2017 21:22:23	48.0	48.0	12.5654
09/30/2017 21:22:34	50.0	49.0	12.0735
09/30/2017 21:22:45	50.0	51.0	12.5984
09/30/2017 21:22:56	53.0	53.0	12.336
09/30/2017 21:23:07	53.0	53.0	12.6316
09/30/2017 21:23:18	55.0	54.0	20.7143
09/30/2017 21:23:29	55.0	55.0	12.8272
09/30/2017 21:23:41	57.0	55.0	11.7801
09/30/2017 21:23:52	57.0	56.0	12.1053
09/30/2017 21:24:03	55.0	54.0	13.0208
09/30/2017 21:24:14	53.0	53.0	13.7931
09/30/2017 21:24:25	52.0	51.0	16.6667
09/30/2017 21:24:36	52.0	51.0	18.1579
09/30/2017 21:24:47	50.0	51.0	18.6842
09/30/2017 21:24:58	50.0	50.0	22.9829
09/30/2017 21:25:09	50.0	50.0	15.6658
09/30/2017 21:25:20	50.0	50.0	18.799
09/30/2017 21:25:31	50.0	50.0	16.7539
09/30/2017 21:25:42	50.0	50.0	17.3575
09/30/2017 21:25:53	50.0	50.0	17.9688
09/30/2017 21:26:04	50.0	51.0	17.4479
09/30/2017 21:26:15	49.0	49.0	16.7102
09/30/2017 21:26:26	49.0	49.0	17.1875
09/30/2017 21:26:37	50.0	49.0	17.4479
09/30/2017 21:26:48	49.0	49.0	17.6316
09/30/2017 21:26:59	49.0	49.0	17.7546
09/30/2017 21:27:10	49.0	48.0	17.7546
09/30/2017 21:27:21	49.0	49.0	16.4921
09/30/2017 21:27:32	49.0	48.0	20.5128
09/30/2017 21:27:43	48.0	48.0	17.4026
09/30/2017 21:27:54	48.0	48.0	16.3212
09/30/2017 21:28:05	49.0	48.0	17.9221
09/30/2017 21:28:16	49.0	48.0	18.3246
09/30/2017 21:28:27	49.0	48.0	18.2768
09/30/2017 21:28:38	49.0	48.0	16.4921
09/30/2017 21:28:49	49.0	48.0	22.0874
09/30/2017 21:29:00	49.0	48.0	17.7083
09/30/2017 21:29:11	49.0	49.0	17.1875
09/30/2017 21:29:22	48.0	48.0	17.0604
09/30/2017 21:29:33	49.0	48.0	15.0259
09/30/2017 21:29:44	49.0	48.0	17.268
09/30/2017 21:29:55	48.0	48.0	16.2304
09/30/2017 21:30:07	49.0	49.0	16.3636
09/30/2017 21:30:18	50.0	49.0	20.4188
09/30/2017 21:30:29	51.0	50.0	17.4935
09/30/2017 21:30:40	49.0	48.0	16.9713
09/30/2017 21:30:51	49.0	49.0	16.6667
09/30/2017 21:31:02	50.0	49.0	16.4062
09/30/2017 21:31:13	50.0	49.0	17.8295
09/30/2017 21:31:24	50.0	49.0	16.7539
09/30/2017 21:31:35	50.0	49.0	17.1875
09/30/2017 21:31:46	50.0	49.0	18.3938
09/30/2017 21:31:57	49.0	48.0	17.5711
09/30/2017 21:32:08	49.0	48.0	17.5393
09/30/2017 21:32:19	49.0	48.0	18.1102
09/30/2017 21:32:30	49.0	49.0	17.8478
09/30/2017 21:32:41	48.0	49.0	17.7546
09/30/2017 21:32:52	49.0	49.0	19.7917
09/30/2017 21:33:03	49.0	49.0	16.8831
09/30/2017 21:33:14	49.0	48.0	17.2324
09/30/2017 21:33:25	49.0	48.0	16.3212
09/30/2017 21:33:36	49.0	48.0	16.4062
09/30/2017 21:33:47	49.0	49.0	18.799
09/30/2017 21:33:58	49.0	48.0	16.5375
09/30/2017 21:34:09	49.0	49.0	18.4416
09/30/2017 21:34:20	49.0	48.0	15.1436
09/30/2017 21:34:31	49.0	49.0	16.4921
09/30/2017 21:34:42	50.0	48.0	16.3636
09/30/2017 21:34:53	49.0	48.0	17.4935
09/30/2017 21:35:04	49.0	48.0	17.4026
09/30/2017 21:35:15	50.0	49.0	18.5379
09/30/2017 21:35:26	49.0	49.0	18.2058
09/30/2017 21:35:37	49.0	48.0	16.1458
09/30/2017 21:35:48	50.0	48.0	17.8947
09/30/2017 21:35:59	49.0	48.0	19.171
09/30/2017 21:36:10	51.0	49.0	20.6468
09/30/2017 21:36:21	51.0	50.0	18.7661
09/30/2017 21:36:32	52.0	51.0	17.3127
09/30/2017 21:36:43	51.0	51.0	18.7661
09/30/2017 21:36:55	50.0	51.0	23.4375
09/30/2017 21:37:06	51.0	51.0	25.3012
09/30/2017 21:37:17	53.0	52.0	16.4948
09/30/2017 21:37:28	52.0	51.0	20.5656
09/30/2017 21:37:39	54.0	52.0	21.7054
09/30/2017 21:37:50	53.0	52.0	18.1347
09/30/2017 21:38:01	53.0	52.0	17.268
09/30/2017 21:38:12	52.0	51.0	18.8144
09/30/2017 21:38:23	53.0	52.0	19.3798
09/30/2017 21:38:34	54.0	52.0	19.3798
09/30/2017 21:38:45	52.0	51.0	21.8509
09/30/2017 21:38:56	53.0	51.0	18.4416
09/30/2017 21:39:07	55.0	53.0	20.5656
09/30/2017 21:39:18	56.0	55.0	18.1208
09/30/2017 21:39:29	57.0	57.0	26.0745
09/30/2017 21:39:40	56.0	56.0	17.9104
09/30/2017 21:39:51	56.0	54.0	15.625
09/30/2017 21:40:02	54.0	53.0	15.625
09/30/2017 21:40:13	53.0	52.0	17.4142
09/30/2017 21:40:24	53.0	51.0	21.6285
09/30/2017 21:40:35	52.0	50.0	15.9269
09/30/2017 21:40:46	51.0	50.0	19.4226
09/30/2017 21:40:57	51.0	51.0	18.1102
09/30/2017 21:41:08	51.0	50.0	17.9221
09/30/2017 21:41:19	51.0	50.0	17.0157
09/30/2017 21:41:30	50.0	50.0	17.7546
09/30/2017 21:41:41	51.0	49.0	19.8433
09/30/2017 21:41:53	50.0	49.0	22.8155
09/30/2017 21:42:04	49.0	49.0	17.0604
09/30/2017 21:42:15	50.0	48.0	15.9686
09/30/2017 21:42:26	50.0	49.0	18.1579
09/30/2017 21:42:37	50.0	49.0	17.5393
09/30/2017 21:42:48	51.0	50.0	19.0601
09/30/2017 21:42:59	50.0	49.0	16.9713
09/30/2017 21:43:10	49.0	49.0	19.4737
09/30/2017 21:43:21	50.0	49.0	15.7068
09/30/2017 21:43:32	49.0	50.0	17.2775
09/30/2017 21:43:43	50.0	48.0	18.3727
09/30/2017 21:43:54	49.0	48.0	18.0157
09/30/2017 21:44:05	49.0	49.0	17.0604
09/30/2017 21:44:16	49.0	49.0	21.4464
09/30/2017 21:44:27	50.0	48.0	15.5844
09/30/2017 21:44:38	50.0	49.0	17.0604
09/30/2017 21:44:49	50.0	50.0	17.5853
09/30/2017 21:45:00	50.0	48.0	17.7083
09/30/2017 21:45:11	50.0	49.0	15.8854
09/30/2017 21:45:22	50.0	49.0	16.2304
09/30/2017 21:45:33	50.0	49.0	18.8482
09/30/2017 21:45:44	49.0	49.0	24.0291
09/30/2017 21:45:55	50.0	48.0	18.0157
09/30/2017 21:46:06	50.0	50.0	15.4047
09/30/2017 21:46:17	49.0	48.0	17.4935
09/30/2017 21:46:28	49.0	48.0	18.8482
09/30/2017 21:46:39	50.0	49.0	18.1818
09/30/2017 21:46:50	49.0	48.0	17.5393
09/30/2017 21:47:01	49.0	49.0	16.095
09/30/2017 21:47:12	49.0	48.0	23.8916
09/30/2017 21:47:23	49.0	48.0	17.7546
09/30/2017 21:47:34	49.0	49.0	18.2768
09/30/2017 21:47:45	49.0	49.0	15.445
09/30/2017 21:47:56	49.0	49.0	19.4226
09/30/2017 21:48:07	49.0	48.0	17.0157
09/30/2017 21:48:18	49.0	49.0	16.8865
09/30/2017 21:48:29	49.0	48.0	18.3246
09/30/2017 21:48:41	49.0	48.0	19.2308
09/30/2017 21:48:52	49.0	48.0	16.273
09/30/2017 21:49:03	49.0	48.0	17.7083
09/30/2017 21:49:14	49.0	48.0	15.4047
09/30/2017 21:49:25	49.0	48.0	17.4935
09/30/2017 21:49:36	49.0	48.0	17.5711
09/30/2017 21:49:47	49.0	48.0	15.9686
09/30/2017 21:49:58	49.0	48.0	19.6891
09/30/2017 21:50:09	49.0	48.0	17.4935
09/30/2017 21:50:20	49.0	48.0	18.0157
09/30/2017 21:50:31	49.0	48.0	16.1458
09/30/2017 21:50:42	49.0	48.0	16.7979
09/30/2017 21:50:53	49.0	49.0	13.8381
09/30/2017 21:51:04	49.0	48.0	17.4807
09/30/2017 21:51:15	49.0	48.0	18.4896
09/30/2017 21:51:26	49.0	49.0	17.7546
09/30/2017 21:51:37	49.0	48.0	16.4062
09/30/2017 21:51:48	49.0	48.0	18.75
09/30/2017 21:51:59	49.0	48.0	18.799
09/30/2017 21:52:10	49.0	48.0	18.1818
09/30/2017 21:52:21	50.0	49.0	17.7249
09/30/2017 21:52:32	49.0	49.0	18.1347
09/30/2017 21:52:43	49.0	49.0	15.9269
09/30/2017 21:52:54	49.0	49.0	18.0157
09/30/2017 21:53:05	49.0	49.0	16.188
09/30/2017 21:53:16	50.0	49.0	16.9713
09/30/2017 21:53:27	50.0	49.0	15.4047
09/30/2017 21:53:38	49.0	48.0	16.6667
09/30/2017 21:53:49	49.0	49.0	17.1875
09/30/2017 21:54:00	50.0	48.0	17.0543
09/30/2017 21:54:11	49.0	49.0	17.6781
09/30/2017 21:54:22	50.0	48.0	17.4142
09/30/2017 21:54:33	50.0	48.0	17.1875
09/30/2017 21:54:44	49.0	48.0	16.1039
09/30/2017 21:54:55	50.0	51.0	17.6623
09/30/2017 21:55:06	52.0	52.0	17.5393
09/30/2017 21:55:18	53.0	54.0	17.5393
09/30/2017 21:55:29	55.0	54.0	15.1832
09/30/2017 21:55:40	57.0	56.0	16.1538
09/30/2017 21:55:51	56.0	56.0	14.8825
09/30/2017 21:56:02	54.0	54.0	18.4896
09/30/2017 21:56:13	53.0	53.0	16.1039
09/30/2017 21:56:24	52.0	52.0	17.2775
09/30/2017 21:56:35	51.0	51.0	16.9713
09/30/2017 21:56:46	51.0	51.0	19.1601
09/30/2017 21:56:57	51.0	50.0	17.2775
09/30/2017 21:57:08	51.0	50.0	22.0297
09/30/2017 21:57:19	51.0	51.0	15.8031
09/30/2017 21:57:30	51.0	50.0	17.801
09/30/2017 21:57:41	51.0	51.0	15.5263
09/30/2017 21:57:52	50.0	50.0	19.0601
09/30/2017 21:58:03	51.0	50.0	20.0521
09/30/2017 21:58:14	50.0	50.0	17.801
09/30/2017 21:58:25	50.0	50.0	16.1039
09/30/2017 21:58:36	51.0	50.0	18.1102
09/30/2017 21:58:47	50.0	50.0	18.6352
09/30/2017 21:58:58	51.0	50.0	16.9271
09/30/2017 21:59:09	50.0	49.0	16.4062
09/30/2017 21:59:20	50.0	50.0	16.4921
09/30/2017 21:59:31	50.0	50.0	16.6667
09/30/2017 21:59:42	50.0	50.0	17.8756
09/30/2017 21:59:53	49.0	49.0	17.2775
09/30/2017 22:00:04	50.0	50.0	18.0157
09/30/2017 22:00:15	50.0	50.0	17.2324
09/30/2017 22:00:26	50.0	50.0	19.7007
09/30/2017 22:00:37	50.0	50.0	20.0521
09/30/2017 22:00:48	50.0	50.0	17.4479
09/30/2017 22:00:59	50.0	50.0	17.801
09/30/2017 22:01:10	50.0	50.0	17.0157
09/30/2017 22:01:21	50.0	50.0	17.0604
09/30/2017 22:01:32	51.0	50.0	17.8478
09/30/2017 22:01:43	50.0	50.0	16.1458
09/30/2017 22:01:54	50.0	50.0	17.9688
09/30/2017 22:02:05	50.0	50.0	18.3727
09/30/2017 22:02:17	50.0	50.0	18.6224
09/30/2017 22:02:28	50.0	49.0	17.5853
09/30/2017 22:02:39	50.0	49.0	16.273
09/30/2017 22:02:50	50.0	50.0	18.0628
09/30/2017 22:03:01	49.0	49.0	17.8478
09/30/2017 22:03:12	49.0	49.0	18.4896
09/30/2017 22:03:23	50.0	49.0	18.0157
09/30/2017 22:03:34	50.0	50.0	20.1018
09/30/2017 22:03:45	49.0	50.0	17.2775
09/30/2017 22:03:56	50.0	50.0	15.625
09/30/2017 22:04:07	50.0	50.0	18.2768
09/30/2017 22:04:18	50.0	50.0	16.1039
09/30/2017 22:04:29	50.0	50.0	18.3246
09/30/2017 22:04:40	50.0	49.0	16.9271
09/30/2017 22:04:51	50.0	49.0	18.0628
09/30/2017 22:05:02	51.0	50.0	18.1102
09/30/2017 22:05:13	50.0	49.0	24.2021
09/30/2017 22:05:24	49.0	48.0	17.4935
09/30/2017 22:05:35	50.0	50.0	19.697
09/30/2017 22:05:46	50.0	49.0	19.0104
09/30/2017 22:05:57	49.0	50.0	18.4896
09/30/2017 22:06:08	50.0	49.0	18.0628
09/30/2017 22:06:19	50.0	50.0	19.2708
09/30/2017 22:06:30	50.0	50.0	15.3646
09/30/2017 22:06:41	50.0	49.0	19.6335
09/30/2017 22:06:52	50.0	49.0	18.0628
09/30/2017 22:07:03	50.0	49.0	15.544
09/30/2017 22:07:14	50.0	49.0	16.7102
09/30/2017 22:07:25	50.0	50.0	17.0157
09/30/2017 22:07:36	50.0	49.0	18.5864
09/30/2017 22:07:47	50.0	50.0	16.4491
09/30/2017 22:07:58	50.0	50.0	16.8394
09/30/2017 22:08:09	50.0	50.0	18.3246
09/30/2017 22:08:20	50.0	50.0	18.6352
09/30/2017 22:08:31	49.0	50.0	18.1818
09/30/2017 22:08:42	50.0	49.0	16.1458
09/30/2017 22:08:53	50.0	50.0	17.4935
09/30/2017 22:09:05	50.0	49.0	17.3575
09/30/2017 22:09:16	49.0	49.0	16.9271
09/30/2017 22:09:27	49.0	49.0	16.9271
09/30/2017 22:09:38	50.0	49.0	17.3228
09/30/2017 22:09:49	50.0	48.0	17.5711
09/30/2017 22:10:00	50.0	49.0	15.2231
09/30/2017 22:10:11	50.0	49.0	17.4935
09/30/2017 22:10:22	50.0	49.0	16.5375
09/30/2017 22:10:33	50.0	49.0	18.3727
09/30/2017 22:10:44	49.0	48.0	16.6234
09/30/2017 22:10:55	50.0	50.0	17.1504
09/30/2017 22:11:06	52.0	52.0	17.2324
09/30/2017 22:11:17	54.0	53.0	17.0984
09/30/2017 22:11:28	55.0	54.0	19.1816
09/30/2017 22:11:39	56.0	56.0	17.1053
09/30/2017 22:11:50	55.0	54.0	22.3844
09/30/2017 22:12:01	54.0	53.0	16.3158
09/30/2017 22:12:12	52.0	53.0	18.9119
09/30/2017 22:12:23	52.0	52.0	18.799
09/30/2017 22:12:34	53.0	53.0	16.4062
09/30/2017 22:12:45	52.0	51.0	18.3727
09/30/2017 22:12:56	52.0	51.0	19.2208
09/30/2017 22:13:07	51.0	50.0	17.5853
09/30/2017 22:13:18	51.0	50.0	18.5379
09/30/2017 22:13:29	51.0	50.0	15.4047
09/30/2017 22:13:40	51.0	50.0	19.4226
09/30/2017 22:13:51	51.0	50.0	18.3246
09/30/2017 22:14:02	50.0	50.0	15.7895
09/30/2017 22:14:13	51.0	50.0	16.188
09/30/2017 22:14:24	50.0	50.0	16.4921
09/30/2017 22:14:35	50.0	50.0	22.5182
09/30/2017 22:14:46	50.0	50.0	16.9271
09/30/2017 22:14:57	50.0	50.0	18.6528
09/30/2017 22:15:08	49.0	50.0	16.1458
09/30/2017 22:15:19	50.0	50.0	16.1039
09/30/2017 22:15:30	50.0	50.0	17.7546
09/30/2017 22:15:42	50.0	50.0	19.4301
09/30/2017 22:15:53	50.0	49.0	15.8854
09/30/2017 22:16:04	50.0	49.0	17.801
09/30/2017 22:16:15	50.0	49.0	20.4188
09/30/2017 22:16:26	49.0	49.0	14.8052
09/30/2017 22:16:37	50.0	48.0	21.9277
09/30/2017 22:16:48	50.0	49.0	16.4491
09/30/2017 22:16:59	49.0	49.0	16.1458
09/30/2017 22:17:10	50.0	50.0	16.3636
09/30/2017 22:17:21	50.0	49.0	15.1436
09/30/2017 22:17:32	49.0	49.0	20.1571
09/30/2017 22:17:43	50.0	48.0	16.4921
09/30/2017 22:17:54	49.0	50.0	17.9688
09/30/2017 22:18:05	50.0	50.0	16.7102
09/30/2017 22:18:16	50.0	50.0	21.1823
09/30/2017 22:18:27	50.0	49.0	18.3727
09/30/2017 22:18:38	49.0	49.0	19.0601
09/30/2017 22:18:49	49.0	50.0	15.4856
09/30/2017 22:19:00	50.0	50.0	16.9271
09/30/2017 22:19:11	50.0	50.0	22.3377
09/30/2017 22:19:22	51.0	51.0	19.8454
09/30/2017 22:19:33	52.0	51.0	16.7959
09/30/2017 22:19:44	51.0	51.0	18.3938
09/30/2017 22:19:55	53.0	52.0	25.1232
09/30/2017 22:20:06	53.0	52.0	19.171
09/30/2017 22:20:17	53.0	52.0	17.9487
09/30/2017 22:20:28	53.0	53.0	19.3299
09/30/2017 22:20:39	53.0	52.0	22.8117
09/30/2017 22:20:50	55.0	53.0	17.6316
09/30/2017 22:21:01	51.0	50.0	16.0105
09/30/2017 22:21:12	51.0	51.0	16.7539
09/30/2017 22:21:23	51.0	51.0	16.7979
09/30/2017 22:21:34	51.0	50.0	22.2772
09/30/2017 22:21:45	51.0	51.0	18.2292
09/30/2017 22:21:56	50.0	50.0	18.75
09/30/2017 22:22:07	50.0	50.0	15.1436
09/30/2017 22:22:18	50.0	51.0	20.4188
09/30/2017 22:22:29	50.0	50.0	18.6352
09/30/2017 22:22:41	50.0	49.0	16.9713
09/30/2017 22:22:52	50.0	51.0	19.7531
09/30/2017 22:23:03	50.0	50.0	18.8482
09/30/2017 22:23:14	50.0	50.0	17.4935
09/30/2017 22:23:25	50.0	50.0	17.5393
09/30/2017 22:23:36	49.0	49.0	16.7539
09/30/2017 22:23:47	50.0	50.0	17.5711
09/30/2017 22:23:58	49.0	49.0	19.1601
09/30/2017 22:24:09	49.0	49.0	19.4737
09/30/2017 22:24:20	49.0	48.0	18.4896
09/30/2017 22:24:31	49.0	49.0	18.5567
09/30/2017 22:24:42	49.0	49.0	17.5393
09/30/2017 22:24:53	49.0	49.0	16.4062
09/30/2017 22:25:04	50.0	48.0	15.4047
09/30/2017 22:25:15	50.0	49.0	17.7083
09/30/2017 22:25:26	50.0	48.0	16.7979
09/30/2017 22:25:37	50.0	48.0	18.1818
09/30/2017 22:25:48	50.0	49.0	21.1587
09/30/2017 22:25:59	49.0	49.0	16.2304
09/30/2017 22:26:10	49.0	49.0	17.6166
09/30/2017 22:26:21	49.0	48.0	18.3246
09/30/2017 22:26:32	49.0	49.0	17.8478
09/30/2017 22:26:43	49.0	49.0	19.3717
09/30/2017 22:26:54	51.0	51.0	17.4479
09/30/2017 22:27:05	53.0	53.0	22.25
09/30/2017 22:27:16	54.0	54.0	13.7662
09/30/2017 22:27:27	56.0	56.0	15.9686
09/30/2017 22:27:38	55.0	54.0	16.5354
09/30/2017 22:27:49	54.0	53.0	18.799
09/30/2017 22:28:00	53.0	53.0	18.1102
09/30/2017 22:28:11	51.0	52.0	16.6667
09/30/2017 22:28:22	52.0	51.0	22.1675
09/30/2017 22:28:33	51.0	51.0	19.3211
09/30/2017 22:28:44	51.0	50.0	17.4026
09/30/2017 22:28:55	51.0	50.0	16.8831
09/30/2017 22:29:06	50.0	51.0	16.8831
09/30/2017 22:29:18	50.0	50.0	16.4062
09/30/2017 22:29:29	50.0	51.0	18.5864
09/30/2017 22:29:40	50.0	50.0	16.188
09/30/2017 22:29:51	50.0	51.0	17.0604
09/30/2017 22:30:02	50.0	51.0	17.4935
09/30/2017 22:30:13	50.0	50.0	15.445
09/30/2017 22:30:24	50.0	50.0	16.4062
09/30/2017 22:30:35	50.0	51.0	15.8442
09/30/2017 22:30:46	51.0	50.0	18.5185
09/30/2017 22:30:57	50.0	50.0	19.0601
09/30/2017 22:31:08	50.0	50.0	15.9269
09/30/2017 22:31:19	51.0	50.0	17.7083
09/30/2017 22:31:30	50.0	51.0	21.2346
09/30/2017 22:31:41	50.0	50.0	18.5379
09/30/2017 22:31:52	50.0	50.0	18.961
09/30/2017 22:32:03	51.0	51.0	17.9221
09/30/2017 22:32:14	53.0	52.0	18.4615
09/30/2017 22:32:25	53.0	52.0	21.9638
09/30/2017 22:32:36	53.0	53.0	19.4805
09/30/2017 22:32:47	53.0	52.0	18.7661
09/30/2017 22:32:58	53.0	52.0	17.3127
09/30/2017 22:33:09	54.0	53.0	21.34
09/30/2017 22:33:20	53.0	52.0	16.9666
09/30/2017 22:33:31	52.0	52.0	21.2435
09/30/2017 22:33:42	53.0	53.0	20.155
09/30/2017 22:33:53	54.0	53.0	19.0722
09/30/2017 22:34:04	55.0	53.0	20.3085
09/30/2017 22:34:15	54.0	52.0	18.299
09/30/2017 22:34:26	53.0	52.0	18.6047
09/30/2017 22:34:37	53.0	53.0	20.4134
09/30/2017 22:34:48	53.0	53.0	18.9119
09/30/2017 22:34:59	54.0	52.0	21.7054
09/30/2017 22:35:10	53.0	53.0	18.7661
09/30/2017 22:35:21	53.0	52.0	27.2076
09/30/2017 22:35:32	54.0	54.0	19.1214
09/30/2017 22:35:43	55.0	52.0	17.9221
09/30/2017 22:35:54	54.0	53.0	18.9119
09/30/2017 22:36:05	53.0	52.0	19.1214
09/30/2017 22:36:16	54.0	53.0	24.4604
09/30/2017 22:36:27	55.0	53.0	17.0984
09/30/2017 22:36:38	54.0	53.0	18.509
09/30/2017 22:36:49	53.0	53.0	18.5567
09/30/2017 22:37:00	55.0	53.0	23.3766
09/30/2017 22:37:11	55.0	53.0	20.8333
09/30/2017 22:37:22	54.0	53.0	20.9845
09/30/2017 22:37:33	53.0	53.0	13.9108
09/30/2017 22:37:44	51.0	51.0	13.9474
09/30/2017 22:37:56	50.0	51.0	18.9189
09/30/2017 22:38:07	50.0	50.0	12.5654
09/30/2017 22:38:18	49.0	50.0	13.2979
09/30/2017 22:38:29	49.0	49.0	14.1732
09/30/2017 22:38:40	49.0	49.0	24.0385
09/30/2017 22:38:51	49.0	49.0	17.7546
09/30/2017 22:39:02	50.0	50.0	16.4921
09/30/2017 22:39:13	50.0	50.0	17.6623
09/30/2017 22:39:24	52.0	51.0	25.0602
09/30/2017 22:39:35	53.0	52.0	22.3377
09/30/2017 22:39:46	53.0	52.0	20.2564
09/30/2017 22:39:57	53.0	52.0	18.9119
09/30/2017 22:40:08	52.0	52.0	20.8543
09/30/2017 22:40:19	53.0	52.0	19.6891
09/30/2017 22:40:30	53.0	53.0	19.5876
09/30/2017 22:40:41	53.0	52.0	20.6718
09/30/2017 22:40:52	54.0	53.0	18.7661
09/30/2017 22:41:03	53.0	53.0	18.3938
09/30/2017 22:41:14	55.0	54.0	21.466
09/30/2017 22:41:25	52.0	51.0	23.4719
09/30/2017 22:41:36	53.0	53.0	17.0103
09/30/2017 22:41:47	53.0	53.0	19.4805
09/30/2017 22:41:58	54.0	52.0	17.7378
09/30/2017 22:42:09	52.0	53.0	18.6528
09/30/2017 22:42:20	54.0	53.0	17.9221
09/30/2017 22:42:31	54.0	53.0	19.9482
09/30/2017 22:42:42	55.0	54.0	25.2451
09/30/2017 22:42:53	58.0	58.0	18.863
09/30/2017 22:43:04	57.0	56.0	18.9119
09/30/2017 22:43:15	57.0	56.0	18.6528
09/30/2017 22:43:26	55.0	54.0	19.171
09/30/2017 22:43:37	55.0	54.0	18.5567
09/30/2017 22:43:48	56.0	55.0	18.5567
09/30/2017 22:43:59	55.0	54.0	22.1649
09/30/2017 22:44:10	55.0	54.0	20.8763
09/30/2017 22:44:21	55.0	54.0	17.8756
09/30/2017 22:44:32	55.0	53.0	20.8437
09/30/2017 22:44:43	55.0	53.0	20.2597
09/30/2017 22:44:54	55.0	54.0	17.4026
09/30/2017 22:45:05	55.0	54.0	22.113
09/30/2017 22:45:16	55.0	53.0	16.8394
09/30/2017 22:45:27	55.0	53.0	20.7792
09/30/2017 22:45:38	55.0	54.0	22.4227
09/30/2017 22:45:49	54.0	53.0	19.2708
09/30/2017 22:46:00	54.0	53.0	21.7617
09/30/2017 22:46:11	54.0	53.0	18.3463
09/30/2017 22:46:23	55.0	53.0	18.9744
09/30/2017 22:46:34	55.0	53.0	18.6047
09/30/2017 22:46:45	55.0	53.0	17.3575
09/30/2017 22:46:56	54.0	53.0	20.6186
09/30/2017 22:47:07	55.0	53.0	18.1347
09/30/2017 22:47:18	55.0	53.0	19.0722
09/30/2017 22:47:29	55.0	53.0	18.0879
09/30/2017 22:47:40	54.0	53.0	17.1429
09/30/2017 22:47:51	55.0	53.0	21.039
09/30/2017 22:48:02	54.0	52.0	19.3798
09/30/2017 22:48:13	54.0	53.0	17.3575
09/30/2017 22:48:24	53.0	52.0	19.3299
09/30/2017 22:48:35	54.0	53.0	17.9949
09/30/2017 22:48:46	54.0	53.0	20.5128
09/30/2017 22:48:57	54.0	53.0	18.75
09/30/2017 22:49:08	54.0	53.0	18.6528
09/30/2017 22:49:19	53.0	53.0	20.9845
09/30/2017 22:49:30	54.0	53.0	18.8144
09/30/2017 22:49:41	55.0	53.0	18.3938
09/30/2017 22:49:52	52.0	53.0	20.5195
09/30/2017 22:50:03	53.0	53.0	19.2802
09/30/2017 22:50:14	54.0	53.0	18.863
09/30/2017 22:50:25	53.0	53.0	19.7917
09/30/2017 22:50:36	53.0	52.0	20.0521
09/30/2017 22:50:47	52.0	53.0	19.171
09/30/2017 22:50:58	54.0	53.0	19.2708
09/30/2017 22:51:09	53.0	53.0	20.0521
09/30/2017 22:51:20	53.0	53.0	12.1053
09/30/2017 22:51:31	51.0	51.0	13.1926
09/30/2017 22:51:42	51.0	51.0	17.7898
09/30/2017 22:51:53	54.0	51.0	9.30233
