01/25/2018 17:33:49	56.0	54.0	3.01508
01/25/2018 17:34:00	50.0	50.0	1.26263
01/25/2018 17:34:11	50.0	50.0	8.37563
01/25/2018 17:34:23	52.0	53.0	17.4342
01/25/2018 17:34:34	51.0	51.0	17.8667
01/25/2018 17:34:45	52.0	52.0	15.7025
01/25/2018 17:34:56	53.0	53.0	15
01/25/2018 17:35:07	53.0	53.0	15.1832
01/25/2018 17:35:18	55.0	54.0	15.6658
01/25/2018 17:35:29	53.0	52.0	15.8311
01/25/2018 17:35:40	51.0	50.0	15.5263
01/25/2018 17:35:51	49.0	49.0	14.9215
01/25/2018 17:36:02	48.0	47.0	13.6483
01/25/2018 17:36:13	48.0	47.0	15.8854
01/25/2018 17:36:24	48.0	46.0	14.4737
01/25/2018 17:36:35	49.0	49.0	14.6597
01/25/2018 17:36:46	50.0	50.0	12.1693
01/25/2018 17:36:57	51.0	51.0	13.0548
01/25/2018 17:37:09	52.0	52.0	13.0548
01/25/2018 17:37:20	53.0	53.0	12.5654
01/25/2018 17:37:31	53.0	54.0	12.987
01/25/2018 17:37:42	54.0	54.0	12.2715
01/25/2018 17:37:53	55.0	55.0	13.089
01/25/2018 17:38:04	55.0	55.0	12.4675
01/25/2018 17:38:15	57.0	56.0	13.3858
01/25/2018 17:38:26	56.0	55.0	13.577
01/25/2018 17:38:37	53.0	53.0	14.0584
01/25/2018 17:38:48	51.0	51.0	26.0309
01/25/2018 17:38:59	54.0	54.0	14.3979
01/25/2018 17:39:10	51.0	51.0	25.5155
01/25/2018 17:39:21	54.0	53.0	27.7635
01/25/2018 17:39:32	55.0	53.0	25.5814
01/25/2018 17:39:43	55.0	54.0	26.4591
01/25/2018 17:39:55	50.0	50.0	24.7059
01/25/2018 17:40:06	50.0	50.0	27.9793
01/25/2018 17:40:17	55.0	53.0	15.7895
01/25/2018 17:40:28	50.0	50.0	15.3034
01/25/2018 17:40:39	50.0	50.0	14.5503
01/25/2018 17:40:50	49.0	48.0	16.0526
01/25/2018 17:41:01	48.0	48.0	15.5263
01/25/2018 17:41:12	48.0	47.0	16.273
01/25/2018 17:41:23	48.0	47.0	15.0396
01/25/2018 17:41:34	47.0	47.0	15.3034
01/25/2018 17:41:45	47.0	47.0	28.7565
01/25/2018 17:41:56	53.0	53.0	19.0104
01/25/2018 17:42:07	55.0	56.0	19.171
01/25/2018 17:42:19	57.0	55.0	16.6144
01/25/2018 17:42:30	53.0	53.0	27.907
01/25/2018 17:42:41	55.0	54.0	13.5279
01/25/2018 17:42:52	51.0	51.0	16.2304
01/25/2018 17:43:03	51.0	51.0	27.3438
01/25/2018 17:43:14	54.0	53.0	12.8947
01/25/2018 17:43:25	50.0	51.0	27.2494
01/25/2018 17:43:36	53.0	52.0	14.2857
01/25/2018 17:43:47	51.0	50.0	15.2231
01/25/2018 17:43:58	50.0	49.0	13.4211
01/25/2018 17:44:09	49.0	48.0	18.4416
01/25/2018 17:44:20	50.0	49.0	29.5165
01/25/2018 17:44:31	53.0	51.0	14.5503
01/25/2018 17:44:42	49.0	49.0	16.273
01/25/2018 17:44:53	50.0	49.0	15.3439
01/25/2018 17:45:04	49.0	48.0	13.9842
01/25/2018 17:45:16	48.0	48.0	16.9761
01/25/2018 17:45:27	48.0	48.0	15.3439
01/25/2018 17:45:38	47.0	47.0	23.2984
01/25/2018 17:45:49	55.0	53.0	33.2454
01/25/2018 17:46:00	59.0	56.0	31.6062
01/25/2018 17:46:11	59.0	57.0	32.732
01/25/2018 17:46:22	59.0	58.0	27.907
01/25/2018 17:46:33	60.0	57.0	28.6822
01/25/2018 17:46:44	59.0	58.0	29.9479
01/25/2018 17:46:55	60.0	59.0	32.2997
01/25/2018 17:47:06	59.0	59.0	24.5033
01/25/2018 17:47:17	56.0	56.0	30.6701
01/25/2018 17:47:28	60.0	58.0	29.6104
01/25/2018 17:47:39	59.0	59.0	31.5104
01/25/2018 17:47:50	61.0	58.0	30.2083
01/25/2018 17:48:01	60.0	59.0	28.9406
01/25/2018 17:48:12	59.0	59.0	28.3505
01/25/2018 17:48:23	61.0	59.0	27.5325
01/25/2018 17:48:34	61.0	60.0	29.0155
01/25/2018 17:48:45	60.0	60.0	31.0078
01/25/2018 17:48:56	61.0	60.0	28.7918
01/25/2018 17:49:07	61.0	59.0	30.491
01/25/2018 17:49:18	60.0	60.0	26.1658
01/25/2018 17:49:29	59.0	59.0	13.5065
01/25/2018 17:49:40	56.0	54.0	13.6126
01/25/2018 17:49:51	54.0	53.0	13.089
01/25/2018 17:50:02	53.0	51.0	13.8381
01/25/2018 17:50:13	51.0	51.0	13.6842
01/25/2018 17:50:24	51.0	50.0	14.5119
01/25/2018 17:50:35	50.0	50.0	14.0584
01/25/2018 17:50:46	49.0	49.0	14.4737
01/25/2018 17:50:57	50.0	48.0	15.1436
01/25/2018 17:51:09	48.0	48.0	15.2231
01/25/2018 17:51:20	48.0	49.0	13.6
01/25/2018 17:51:31	48.0	48.0	15.2231
01/25/2018 17:51:42	48.0	48.0	15.3646
01/25/2018 17:51:53	48.0	48.0	15
01/25/2018 17:52:04	47.0	48.0	14.7368
01/25/2018 17:52:15	48.0	47.0	15.2
01/25/2018 17:52:26	47.0	47.0	14.5119
01/25/2018 17:52:37	47.0	47.0	15.1832
01/25/2018 17:52:48	48.0	48.0	14.7368
01/25/2018 17:52:59	50.0	50.0	14.9215
01/25/2018 17:53:10	51.0	51.0	29.8969
01/25/2018 17:53:21	57.0	57.0	14.1361
01/25/2018 17:53:32	54.0	53.0	13.3159
01/25/2018 17:53:43	51.0	51.0	12.5984
01/25/2018 17:53:54	51.0	51.0	15.4856
01/25/2018 17:54:05	50.0	50.0	15.1832
01/25/2018 17:54:16	50.0	49.0	16.0105
01/25/2018 17:54:27	49.0	49.0	15.4047
01/25/2018 17:54:38	48.0	48.0	15.2231
01/25/2018 17:54:49	48.0	48.0	15.5673
01/25/2018 17:55:00	48.0	47.0	15.2632
01/25/2018 17:55:11	48.0	47.0	15.5263
01/25/2018 17:55:22	48.0	48.0	17.2324
01/25/2018 17:55:33	48.0	47.0	17.3684
01/25/2018 17:55:45	48.0	48.0	16.1039
01/25/2018 17:55:56	48.0	47.0	14.9215
01/25/2018 17:56:07	47.0	47.0	16.2304
01/25/2018 17:56:18	48.0	47.0	14.5833
01/25/2018 17:56:29	50.0	48.0	15.1436
01/25/2018 17:56:40	51.0	51.0	13.6126
01/25/2018 17:56:51	53.0	52.0	14.3229
01/25/2018 17:57:02	54.0	53.0	13.577
01/25/2018 17:57:13	55.0	54.0	12.5326
01/25/2018 17:57:24	55.0	55.0	13.5417
01/25/2018 17:57:35	57.0	56.0	14.3959
01/25/2018 17:57:46	55.0	55.0	14.7287
01/25/2018 17:57:57	53.0	53.0	14.026
01/25/2018 17:58:08	52.0	51.0	14.0992
01/25/2018 17:58:19	51.0	51.0	14.5455
01/25/2018 17:58:30	50.0	50.0	15.5844
01/25/2018 17:58:41	50.0	49.0	13.6126
01/25/2018 17:58:52	49.0	50.0	16.2304
01/25/2018 17:59:03	49.0	48.0	15.4856
01/25/2018 17:59:14	49.0	48.0	15.4047
01/25/2018 17:59:25	48.0	48.0	16.6234
01/25/2018 17:59:36	48.0	48.0	16.0207
01/25/2018 17:59:47	48.0	48.0	16.5375
01/25/2018 17:59:58	48.0	48.0	16.1458
01/25/2018 18:00:09	47.0	47.0	16.0207
01/25/2018 18:00:20	48.0	47.0	15.8442
01/25/2018 18:00:31	48.0	48.0	16.5375
01/25/2018 18:00:42	51.0	50.0	15.285
01/25/2018 18:00:53	51.0	51.0	14.9485
01/25/2018 18:01:05	53.0	53.0	14.2487
01/25/2018 18:01:16	54.0	54.0	13.9896
01/25/2018 18:01:27	56.0	55.0	14.1753
01/25/2018 18:01:38	56.0	55.0	14.7287
01/25/2018 18:01:49	57.0	56.0	13.5417
01/25/2018 18:02:00	54.0	54.0	15.1671
01/25/2018 18:02:11	53.0	53.0	16.3683
01/25/2018 18:02:22	51.0	51.0	16.7095
01/25/2018 18:02:33	51.0	50.0	17.4807
01/25/2018 18:02:44	50.0	50.0	16.4948
01/25/2018 18:02:55	49.0	49.0	16.7959
01/25/2018 18:03:06	49.0	49.0	18.1586
01/25/2018 18:03:17	49.0	48.0	18.2278
01/25/2018 18:03:28	48.0	47.0	17.8392
01/25/2018 18:03:39	49.0	48.0	20.1018
01/25/2018 18:03:50	49.0	47.0	19.25
01/25/2018 18:04:01	48.0	47.0	17.4684
01/25/2018 18:04:12	48.0	48.0	19.3467
01/25/2018 18:04:23	47.0	47.0	20.3474
01/25/2018 18:04:34	48.0	46.0	19.3548
01/25/2018 18:04:45	48.0	47.0	18.9526
01/25/2018 18:04:56	50.0	49.0	16.9154
01/25/2018 18:05:07	51.0	51.0	18.0693
01/25/2018 18:05:18	52.0	52.0	16.3317
01/25/2018 18:05:29	54.0	53.0	17.3697
01/25/2018 18:05:40	55.0	54.0	15.7761
01/25/2018 18:05:51	57.0	55.0	13.7405
01/25/2018 18:06:03	57.0	56.0	17.1216
01/25/2018 18:06:14	54.0	54.0	19.9513
01/25/2018 18:06:25	53.0	53.0	19.0594
01/25/2018 18:06:36	51.0	51.0	18.5185
01/25/2018 18:06:47	50.0	50.0	21.7073
01/25/2018 18:06:58	50.0	50.0	20.3431
01/25/2018 18:07:09	49.0	49.0	21.0145
01/25/2018 18:07:20	49.0	48.0	23.8208
01/25/2018 18:07:31	49.0	48.0	23.6407
01/25/2018 18:07:42	49.0	48.0	23.5154
01/25/2018 18:07:53	49.0	48.0	22.488
01/25/2018 18:08:04	48.0	47.0	23.2227
01/25/2018 18:08:15	48.0	47.0	23.0952
01/25/2018 18:08:26	48.0	47.0	24.7086
01/25/2018 18:08:37	48.0	47.0	24.7685
01/25/2018 18:08:48	47.0	47.0	24.5823
01/25/2018 18:08:59	48.0	46.0	22.8029
01/25/2018 18:09:10	48.0	46.0	23.6407
01/25/2018 18:09:21	49.0	48.0	23.5154
01/25/2018 18:09:32	51.0	51.0	22.6107
01/25/2018 18:09:43	52.0	52.0	22.4299
01/25/2018 18:09:54	54.0	53.0	22.0379
01/25/2018 18:10:05	55.0	54.0	23.2019
01/25/2018 18:10:16	56.0	54.0	22.4057
01/25/2018 18:10:27	57.0	56.0	22.4299
01/25/2018 18:10:38	57.0	55.0	23.8532
01/25/2018 18:10:49	54.0	53.0	23.2779
01/25/2018 18:11:00	52.0	52.0	23.9535
01/25/2018 18:11:12	51.0	51.0	25.1163
01/25/2018 18:11:23	50.0	50.0	24.5902
01/25/2018 18:11:34	50.0	49.0	24.4131
01/25/2018 18:11:45	49.0	48.0	23.6407
01/25/2018 18:11:56	49.0	48.0	23.753
01/25/2018 18:12:07	48.0	48.0	23.1678
01/25/2018 18:12:18	49.0	48.0	22.619
01/25/2018 18:12:29	48.0	47.0	23.2614
01/25/2018 18:12:40	49.0	48.0	22.2222
01/25/2018 18:12:51	48.0	47.0	21.9277
01/25/2018 18:13:02	48.0	47.0	21.6545
01/25/2018 18:13:13	48.0	47.0	20.9246
01/25/2018 18:13:24	48.0	47.0	22.6829
01/25/2018 18:13:35	48.0	47.0	21.4458
01/25/2018 18:13:46	48.0	47.0	21.0269
01/25/2018 18:13:57	47.0	47.0	21.7604
01/25/2018 18:14:08	49.0	48.0	21.875
01/25/2018 18:14:19	50.0	51.0	20.1439
01/25/2018 18:14:30	53.0	52.0	21.2919
01/25/2018 18:14:41	54.0	54.0	21.1031
01/25/2018 18:14:52	55.0	54.0	21.8009
01/25/2018 18:15:03	56.0	55.0	22.5882
01/25/2018 18:15:14	57.0	56.0	20.8232
01/25/2018 18:15:25	55.0	54.0	20.2899
01/25/2018 18:15:36	54.0	53.0	18.1818
01/25/2018 18:15:47	52.0	52.0	19.6126
01/25/2018 18:15:58	51.0	51.0	21.4286
01/25/2018 18:16:09	51.0	50.0	21.4634
01/25/2018 18:16:21	50.0	49.0	19.2593
01/25/2018 18:16:32	49.0	49.0	20.5446
01/25/2018 18:16:43	49.0	48.0	20
01/25/2018 18:16:54	50.0	48.0	18.0451
01/25/2018 18:17:05	49.0	48.0	19.1919
01/25/2018 18:17:16	49.0	47.0	17.5573
01/25/2018 18:17:27	48.0	48.0	17.9104
01/25/2018 18:17:38	49.0	48.0	19.202
01/25/2018 18:17:49	48.0	47.0	19.8511
01/25/2018 18:18:00	48.0	48.0	20.398
01/25/2018 18:18:11	48.0	47.0	19.598
01/25/2018 18:18:22	48.0	48.0	19.1542
01/25/2018 18:18:33	50.0	50.0	18.6567
01/25/2018 18:18:44	51.0	51.0	16.5829
01/25/2018 18:18:55	53.0	53.0	17.6617
01/25/2018 18:19:06	55.0	53.0	17.7057
01/25/2018 18:19:17	55.0	54.0	18.8119
01/25/2018 18:19:28	56.0	55.0	17.25
01/25/2018 18:19:39	57.0	56.0	16.9192
01/25/2018 18:19:50	55.0	53.0	17.0426
01/25/2018 18:20:01	52.0	53.0	18.7654
01/25/2018 18:20:12	51.0	51.0	18.1592
01/25/2018 18:20:23	50.0	51.0	20.3431
01/25/2018 18:20:34	50.0	49.0	20.3431
01/25/2018 18:20:45	49.0	49.0	19.6517
01/25/2018 18:20:56	49.0	48.0	20.3474
01/25/2018 18:21:07	49.0	48.0	20.2469
01/25/2018 18:21:18	49.0	48.0	19
01/25/2018 18:21:30	48.0	48.0	20.9756
01/25/2018 18:21:41	49.0	47.0	19.802
01/25/2018 18:21:52	48.0	47.0	18.7032
01/25/2018 18:22:03	48.0	47.0	19.0476
01/25/2018 18:22:14	48.0	48.0	21.5159
01/25/2018 18:22:25	48.0	47.0	19.403
01/25/2018 18:22:36	48.0	47.0	19
01/25/2018 18:22:47	48.0	47.0	20.0495
01/25/2018 18:22:58	48.0	47.0	19.202
01/25/2018 18:23:09	48.0	46.0	19.1542
01/25/2018 18:23:20	50.0	49.0	18.797
01/25/2018 18:23:31	51.0	51.0	16.25
01/25/2018 18:23:42	52.0	53.0	17.4129
01/25/2018 18:23:53	54.0	53.0	16.5414
01/25/2018 18:24:04	55.0	54.0	16.792
01/25/2018 18:24:15	56.0	55.0	18.5542
01/25/2018 18:24:26	57.0	56.0	17
01/25/2018 18:24:37	56.0	55.0	16.0804
01/25/2018 18:24:48	53.0	53.0	18.2957
01/25/2018 18:24:59	52.0	51.0	17.8218
01/25/2018 18:25:10	51.0	51.0	16.3265
01/25/2018 18:25:21	51.0	51.0	18.2741
01/25/2018 18:25:32	50.0	50.0	19.2802
01/25/2018 18:25:43	49.0	49.0	17.1355
01/25/2018 18:25:54	49.0	48.0	17.7378
01/25/2018 18:26:05	49.0	48.0	16.7095
01/25/2018 18:26:16	49.0	48.0	16.1538
01/25/2018 18:26:27	48.0	48.0	16.1039
01/25/2018 18:26:39	48.0	48.0	17.1355
01/25/2018 18:26:50	49.0	47.0	15.625
01/25/2018 18:27:01	48.0	48.0	15.3846
01/25/2018 18:27:12	48.0	47.0	15.5844
01/25/2018 18:27:23	48.0	47.0	16.1458
01/25/2018 18:27:34	48.0	47.0	15.4047
01/25/2018 18:27:45	48.0	46.0	14.4357
01/25/2018 18:27:56	48.0	47.0	15.9686
01/25/2018 18:28:07	50.0	49.0	14.5833
01/25/2018 18:28:18	51.0	50.0	14.6907
01/25/2018 18:28:29	52.0	52.0	14.4703
01/25/2018 18:28:40	54.0	54.0	12.5654
01/25/2018 18:28:51	55.0	54.0	13.2812
01/25/2018 18:29:02	56.0	55.0	14.026
01/25/2018 18:29:13	57.0	56.0	13.3508
01/25/2018 18:29:24	55.0	54.0	12.8609
01/25/2018 18:29:35	53.0	53.0	14.5119
01/25/2018 18:29:46	52.0	51.0	13.089
01/25/2018 18:29:57	51.0	51.0	15.3034
01/25/2018 18:30:08	50.0	50.0	14.2105
01/25/2018 18:30:19	50.0	50.0	14.1361
01/25/2018 18:30:30	49.0	49.0	14.0584
01/25/2018 18:30:41	49.0	48.0	14.0212
01/25/2018 18:30:52	49.0	48.0	13.4921
01/25/2018 18:31:03	48.0	48.0	15.5263
01/25/2018 18:31:14	48.0	48.0	15.748
01/25/2018 18:31:25	48.0	48.0	14.248
01/25/2018 18:31:36	48.0	47.0	15.873
01/25/2018 18:31:48	48.0	47.0	13.9842
01/25/2018 18:31:59	48.0	47.0	13.1579
01/25/2018 18:32:10	48.0	47.0	13.9842
01/25/2018 18:32:21	48.0	47.0	14.0584
01/25/2018 18:32:32	48.0	46.0	14.0584
01/25/2018 18:32:43	48.0	46.0	14.0584
01/25/2018 18:32:54	48.0	47.0	14.0212
01/25/2018 18:33:05	48.0	47.0	12.7321
01/25/2018 18:33:16	50.0	48.0	12.4011
01/25/2018 18:33:27	51.0	51.0	12.4011
01/25/2018 18:33:38	53.0	53.0	13.9474
01/25/2018 18:33:49	54.0	52.0	12.1693
01/25/2018 18:34:00	55.0	54.0	13.6483
01/25/2018 18:34:11	56.0	55.0	12.3037
01/25/2018 18:34:22	57.0	56.0	12.8947
01/25/2018 18:34:33	56.0	55.0	12.6649
01/25/2018 18:34:44	53.0	53.0	13.2979
01/25/2018 18:34:55	52.0	52.0	12.766
01/25/2018 18:35:06	51.0	51.0	14.248
01/25/2018 18:35:17	50.0	50.0	13.7203
01/25/2018 18:35:28	50.0	50.0	13.5279
01/25/2018 18:35:39	50.0	48.0	14.5889
01/25/2018 18:35:50	49.0	49.0	12.4668
01/25/2018 18:36:01	48.0	48.0	14.5119
01/25/2018 18:36:12	48.0	47.0	15.2632
01/25/2018 18:36:23	48.0	47.0	13.2626
01/25/2018 18:36:34	48.0	48.0	14.0212
01/25/2018 18:36:45	48.0	48.0	14.3979
01/25/2018 18:36:57	48.0	47.0	13.9842
01/25/2018 18:37:08	48.0	47.0	14.2857
01/25/2018 18:37:19	49.0	48.0	14.5119
01/25/2018 18:37:30	50.0	51.0	13.4565
01/25/2018 18:37:41	53.0	52.0	12.3684
01/25/2018 18:37:52	53.0	53.0	13.089
01/25/2018 18:38:03	55.0	54.0	12.8947
01/25/2018 18:38:14	56.0	55.0	12.8947
01/25/2018 18:38:25	56.0	56.0	12.7937
01/25/2018 18:38:36	56.0	55.0	12.1372
01/25/2018 18:38:47	54.0	53.0	12.6649
01/25/2018 18:38:58	53.0	51.0	13.7203
01/25/2018 18:39:09	51.0	51.0	12.963
01/25/2018 18:39:20	50.0	50.0	14.0584
01/25/2018 18:39:31	50.0	49.0	13.8743
01/25/2018 18:39:42	49.0	49.0	14.7368
01/25/2018 18:39:53	49.0	49.0	14.5889
01/25/2018 18:40:04	49.0	48.0	13.4921
01/25/2018 18:40:15	49.0	48.0	13.3858
01/25/2018 18:40:26	49.0	48.0	13.6842
01/25/2018 18:40:37	49.0	47.0	14.2857
01/25/2018 18:40:48	48.0	47.0	13.1234
01/25/2018 18:40:59	49.0	47.0	13.7931
01/25/2018 18:41:10	48.0	47.0	13.5638
01/25/2018 18:41:21	48.0	46.0	15.2231
01/25/2018 18:41:32	48.0	47.0	14.8541
01/25/2018 18:41:43	50.0	49.0	13.7203
01/25/2018 18:41:55	52.0	51.0	13.9474
01/25/2018 18:42:06	53.0	53.0	12.336
01/25/2018 18:42:17	54.0	53.0	12.5984
01/25/2018 18:42:28	55.0	54.0	13.1579
01/25/2018 18:42:39	56.0	55.0	12.1053
01/25/2018 18:42:50	55.0	54.0	12.1372
01/25/2018 18:43:01	53.0	53.0	12.7321
01/25/2018 18:43:12	51.0	51.0	12.8609
01/25/2018 18:43:23	50.0	50.0	13.3858
01/25/2018 18:43:34	50.0	50.0	15.0396
01/25/2018 18:43:45	49.0	49.0	14.0212
01/25/2018 18:43:56	49.0	49.0	14.0957
01/25/2018 18:44:07	48.0	48.0	13.7566
01/25/2018 18:44:18	48.0	48.0	13.9842
01/25/2018 18:44:29	48.0	48.0	15.6085
01/25/2018 18:44:40	48.0	48.0	14.248
01/25/2018 18:44:51	48.0	47.0	13.7931
01/25/2018 18:45:02	48.0	47.0	15
01/25/2018 18:45:13	48.0	47.0	15.1194
01/25/2018 18:45:24	48.0	47.0	13.5638
01/25/2018 18:45:35	48.0	48.0	12.963
01/25/2018 18:45:46	51.0	51.0	12.3684
01/25/2018 18:45:57	52.0	51.0	12.4011
01/25/2018 18:46:08	53.0	53.0	13.6842
01/25/2018 18:46:19	54.0	54.0	13.4565
01/25/2018 18:46:30	55.0	54.0	12.6649
01/25/2018 18:46:41	57.0	55.0	12.0735
01/25/2018 18:46:52	56.0	55.0	12.3684
01/25/2018 18:47:03	54.0	54.0	12.4339
01/25/2018 18:47:15	52.0	52.0	14.5503
01/25/2018 18:47:26	52.0	51.0	13.4921
01/25/2018 18:47:37	50.0	50.0	16.0526
01/25/2018 18:47:48	49.0	50.0	13.7203
01/25/2018 18:47:59	49.0	48.0	13.7203
01/25/2018 18:48:10	50.0	48.0	14.2857
01/25/2018 18:48:21	49.0	48.0	13.7931
01/25/2018 18:48:32	48.0	47.0	13.2275
01/25/2018 18:48:43	48.0	48.0	13.5279
01/25/2018 18:48:54	48.0	47.0	14.0584
01/25/2018 18:49:05	47.0	47.0	14.0584
01/25/2018 18:49:16	48.0	47.0	13.9474
01/25/2018 18:49:27	48.0	47.0	13.5279
01/25/2018 18:49:38	48.0	46.0	14.8148
01/25/2018 18:49:49	48.0	48.0	14.0584
01/25/2018 18:50:00	50.0	50.0	12.1693
01/25/2018 18:50:11	52.0	52.0	12.8609
01/25/2018 18:50:22	53.0	52.0	11.8421
01/25/2018 18:50:33	54.0	54.0	12.5984
01/25/2018 18:50:44	55.0	55.0	13.089
01/25/2018 18:50:55	57.0	56.0	12.0419
01/25/2018 18:51:06	56.0	56.0	12.1053
01/25/2018 18:51:17	54.0	53.0	13.1234
01/25/2018 18:51:28	52.0	51.0	14.4737
01/25/2018 18:51:39	50.0	51.0	13.5638
01/25/2018 18:51:50	50.0	50.0	12.336
01/25/2018 18:52:01	50.0	49.0	14.4737
01/25/2018 18:52:12	49.0	49.0	14.5503
01/25/2018 18:52:24	48.0	48.0	14.2857
01/25/2018 18:52:35	49.0	48.0	14.248
01/25/2018 18:52:46	49.0	48.0	14.7757
01/25/2018 18:52:57	48.0	47.0	13.5638
01/25/2018 18:53:08	49.0	46.0	13.7931
01/25/2018 18:53:19	49.0	47.0	14.248
01/25/2018 18:53:30	48.0	47.0	14.3979
01/25/2018 18:53:41	48.0	47.0	16.1376
01/25/2018 18:53:52	48.0	47.0	15.0794
01/25/2018 18:54:03	50.0	49.0	11.9048
01/25/2018 18:54:14	51.0	51.0	13.2275
01/25/2018 18:54:25	53.0	51.0	11.6402
01/25/2018 18:54:36	54.0	53.0	12.336
01/25/2018 18:54:47	55.0	54.0	12.2016
01/25/2018 18:54:58	57.0	55.0	11.7801
01/25/2018 18:55:09	56.0	56.0	12.4011
01/25/2018 18:55:20	54.0	54.0	12.1372
01/25/2018 18:55:31	52.0	52.0	12.8947
01/25/2018 18:55:42	51.0	51.0	12.9973
01/25/2018 18:55:53	50.0	50.0	14.8148
01/25/2018 18:56:04	50.0	50.0	13.4921
01/25/2018 18:56:15	49.0	48.0	13.9108
01/25/2018 18:56:26	49.0	48.0	14.8936
01/25/2018 18:56:37	49.0	48.0	14.4737
01/25/2018 18:56:48	49.0	47.0	13.6842
01/25/2018 18:56:59	48.0	48.0	13.8667
01/25/2018 18:57:10	48.0	47.0	12.5984
01/25/2018 18:57:21	47.0	47.0	15.2632
01/25/2018 18:57:33	48.0	47.0	13.9842
01/25/2018 18:57:44	48.0	47.0	14.0212
01/25/2018 18:57:55	48.0	47.0	14.8148
01/25/2018 18:58:06	47.0	46.0	13.0319
01/25/2018 18:58:17	47.0	47.0	13.6842
01/25/2018 18:58:28	50.0	49.0	12.8609
01/25/2018 18:58:39	51.0	51.0	12.3684
01/25/2018 18:58:50	52.0	52.0	13.6126
01/25/2018 18:59:01	54.0	54.0	13.577
01/25/2018 18:59:12	55.0	54.0	12.7937
01/25/2018 18:59:23	56.0	55.0	11.8421
01/25/2018 18:59:34	57.0	56.0	11.8421
01/25/2018 18:59:45	54.0	54.0	12.3684
01/25/2018 18:59:56	53.0	53.0	13.8743
01/25/2018 19:00:07	51.0	51.0	12.4011
01/25/2018 19:00:18	51.0	50.0	13.7203
01/25/2018 19:00:29	50.0	49.0	14.0584
01/25/2018 19:00:40	49.0	48.0	14.5119
01/25/2018 19:00:51	49.0	48.0	14.2105
01/25/2018 19:01:02	49.0	48.0	14.3229
01/25/2018 19:01:13	49.0	47.0	14.9606
01/25/2018 19:01:24	49.0	47.0	13.9474
01/25/2018 19:01:35	48.0	47.0	15.0396
01/25/2018 19:01:46	48.0	47.0	13.7566
01/25/2018 19:01:57	47.0	47.0	13.4921
01/25/2018 19:02:08	47.0	46.0	14.1732
01/25/2018 19:02:19	47.0	47.0	15.4856
01/25/2018 19:02:30	48.0	47.0	14.3236
01/25/2018 19:02:42	49.0	48.0	13.4565
01/25/2018 19:02:53	51.0	50.0	14.7368
01/25/2018 19:03:04	52.0	52.0	13.3159
01/25/2018 19:03:15	53.0	53.0	12.336
01/25/2018 19:03:26	55.0	55.0	12.1372
01/25/2018 19:03:37	56.0	55.0	12.0419
01/25/2018 19:03:48	57.0	56.0	12.3684
01/25/2018 19:03:59	55.0	54.0	12.1053
01/25/2018 19:04:10	53.0	53.0	13.1926
01/25/2018 19:04:21	51.0	51.0	13.6842
01/25/2018 19:04:32	51.0	50.0	14.2105
01/25/2018 19:04:43	51.0	49.0	13.7203
01/25/2018 19:04:54	50.0	49.0	14.4737
01/25/2018 19:05:05	49.0	48.0	13.6842
01/25/2018 19:05:16	49.0	48.0	14.7368
01/25/2018 19:05:27	49.0	48.0	12.3684
01/25/2018 19:05:38	49.0	47.0	14.5889
01/25/2018 19:05:49	48.0	47.0	13.5279
01/25/2018 19:06:00	48.0	47.0	14.3979
01/25/2018 19:06:11	47.0	47.0	13.7931
01/25/2018 19:06:22	48.0	47.0	13.9474
01/25/2018 19:06:33	48.0	47.0	14.5119
01/25/2018 19:06:44	47.0	47.0	14.5119
01/25/2018 19:06:55	48.0	46.0	14.4737
01/25/2018 19:07:06	48.0	47.0	13.7931
01/25/2018 19:07:17	49.0	48.0	13.9474
01/25/2018 19:07:28	51.0	50.0	12.0419
01/25/2018 19:07:40	52.0	53.0	12.6316
01/25/2018 19:07:51	54.0	53.0	12.8272
01/25/2018 19:08:02	55.0	54.0	12.8609
01/25/2018 19:08:13	57.0	55.0	11.5183
01/25/2018 19:08:24	58.0	55.0	13.1234
01/25/2018 19:08:35	55.0	54.0	12.8609
01/25/2018 19:08:46	53.0	53.0	13.4565
01/25/2018 19:08:57	52.0	51.0	12.1372
01/25/2018 19:09:08	51.0	50.0	13.3858
01/25/2018 19:09:19	50.0	50.0	14.2857
01/25/2018 19:09:30	50.0	48.0	12.9973
01/25/2018 19:09:41	49.0	48.0	14.0212
01/25/2018 19:09:52	49.0	48.0	13.9842
01/25/2018 19:10:03	49.0	47.0	13.7203
01/25/2018 19:10:14	49.0	48.0	13.6842
01/25/2018 19:10:25	49.0	47.0	13.2626
01/25/2018 19:10:36	48.0	47.0	13.2979
01/25/2018 19:10:47	48.0	47.0	14.7757
01/25/2018 19:10:58	49.0	47.0	13.7203
01/25/2018 19:11:09	48.0	47.0	13.7566
01/25/2018 19:11:20	48.0	47.0	16.095
01/25/2018 19:11:31	48.0	47.0	14.2105
01/25/2018 19:11:42	48.0	47.0	14.248
01/25/2018 19:11:53	49.0	48.0	13.9842
01/25/2018 19:12:04	51.0	50.0	12.8947
01/25/2018 19:12:15	52.0	51.0	12.7937
01/25/2018 19:12:26	53.0	53.0	14.4737
01/25/2018 19:12:37	55.0	54.0	11.8421
01/25/2018 19:12:48	56.0	54.0	12.5654
01/25/2018 19:13:00	56.0	55.0	12.5984
01/25/2018 19:13:11	55.0	54.0	11.8734
01/25/2018 19:13:22	53.0	52.0	12.1372
01/25/2018 19:13:33	52.0	51.0	12.6316
01/25/2018 19:13:44	51.0	51.0	14.4737
01/25/2018 19:13:55	51.0	50.0	15.4856
01/25/2018 19:14:06	50.0	49.0	13.4921
01/25/2018 19:14:17	50.0	49.0	14.4737
01/25/2018 19:14:28	49.0	48.0	15.5673
01/25/2018 19:14:39	49.0	48.0	13.2626
01/25/2018 19:14:50	49.0	48.0	13.7566
01/25/2018 19:15:01	48.0	47.0	14.5503
01/25/2018 19:15:12	48.0	48.0	13.2275
01/25/2018 19:15:23	49.0	48.0	13.4921
01/25/2018 19:15:34	48.0	48.0	14.6982
01/25/2018 19:15:45	48.0	47.0	13.7203
01/25/2018 19:15:56	48.0	47.0	15.7068
01/25/2018 19:16:07	48.0	47.0	14.7757
01/25/2018 19:16:18	48.0	46.0	14.6982
01/25/2018 19:16:29	48.0	47.0	13.6483
01/25/2018 19:16:40	50.0	49.0	12.1372
01/25/2018 19:16:51	51.0	51.0	15.4856
01/25/2018 19:17:02	53.0	53.0	16.5354
01/25/2018 19:17:13	55.0	54.0	12.1053
01/25/2018 19:17:24	56.0	54.0	12.7937
01/25/2018 19:17:35	57.0	55.0	11.7801
01/25/2018 19:17:46	57.0	56.0	12.8272
01/25/2018 19:17:57	56.0	54.0	14.9606
01/25/2018 19:18:09	53.0	52.0	16.6227
01/25/2018 19:18:20	53.0	52.0	14.5503
01/25/2018 19:18:31	51.0	50.0	16.7979
01/25/2018 19:18:42	50.0	50.0	18.4697
01/25/2018 19:18:53	50.0	49.0	17.9894
01/25/2018 19:19:04	49.0	48.0	16.095
01/25/2018 19:19:15	49.0	48.0	16.9713
01/25/2018 19:19:26	49.0	48.0	15.748
01/25/2018 19:19:37	48.0	48.0	16.9312
01/25/2018 19:19:48	49.0	49.0	16.4456
01/25/2018 19:19:59	47.0	47.0	17.0604
01/25/2018 19:20:10	48.0	46.0	16.9312
01/25/2018 19:20:21	48.0	46.0	16.1376
01/25/2018 19:20:32	48.0	46.0	16.4021
01/25/2018 19:20:43	50.0	48.0	17.1504
01/25/2018 19:20:54	51.0	51.0	17.1053
01/25/2018 19:21:05	52.0	51.0	15.445
01/25/2018 19:21:16	53.0	53.0	14.9215
01/25/2018 19:21:27	54.0	53.0	16.2304
01/25/2018 19:21:38	55.0	54.0	15.4856
01/25/2018 19:21:49	57.0	55.0	16.9713
01/25/2018 19:22:00	55.0	54.0	15.2632
01/25/2018 19:22:11	53.0	53.0	13.6842
01/25/2018 19:22:22	51.0	51.0	15.9151
01/25/2018 19:22:33	51.0	51.0	15.3034
01/25/2018 19:22:44	50.0	50.0	13.9108
01/25/2018 19:22:55	50.0	48.0	14.6982
01/25/2018 19:23:06	50.0	48.0	16
01/25/2018 19:23:17	49.0	48.0	16.7539
01/25/2018 19:23:29	49.0	47.0	17.3228
01/25/2018 19:23:40	48.0	47.0	13.9474
01/25/2018 19:23:51	49.0	47.0	16.9312
01/25/2018 19:24:02	48.0	48.0	14.5119
01/25/2018 19:24:13	50.0	49.0	17.1504
01/25/2018 19:24:24	51.0	51.0	16.188
01/25/2018 19:24:35	52.0	51.0	16.2304
01/25/2018 19:24:46	54.0	53.0	14.1732
01/25/2018 19:24:57	55.0	54.0	13.1234
01/25/2018 19:25:08	56.0	54.0	13.6842
01/25/2018 19:25:19	57.0	56.0	14.7368
01/25/2018 19:25:30	57.0	55.0	14.6982
01/25/2018 19:25:41	54.0	53.0	16.273
01/25/2018 19:25:52	52.0	51.0	14.7757
01/25/2018 19:26:03	51.0	51.0	16.9761
01/25/2018 19:26:14	51.0	49.0	16.2234
01/25/2018 19:26:25	50.0	49.0	17.5853
01/25/2018 19:26:36	49.0	48.0	16.8421
01/25/2018 19:26:47	50.0	48.0	16.8
01/25/2018 19:26:58	49.0	47.0	15.873
01/25/2018 19:27:09	48.0	47.0	16.8
01/25/2018 19:27:20	48.0	47.0	14.5833
01/25/2018 19:27:31	48.0	47.0	16.1376
01/25/2018 19:27:42	48.0	46.0	16.4021
01/25/2018 19:27:53	48.0	46.0	14.7368
01/25/2018 19:28:04	49.0	48.0	17.801
01/25/2018 19:28:15	50.0	50.0	17.1053
01/25/2018 19:28:26	52.0	51.0	16.0105
01/25/2018 19:28:38	53.0	53.0	14.7368
01/25/2018 19:28:49	55.0	53.0	15.3846
01/25/2018 19:29:00	55.0	54.0	14.8541
01/25/2018 19:29:11	56.0	55.0	14.1732
01/25/2018 19:29:22	57.0	56.0	15
01/25/2018 19:29:33	55.0	54.0	16.6227
01/25/2018 19:29:44	54.0	53.0	14.7368
01/25/2018 19:29:55	52.0	51.0	17.5853
01/25/2018 19:30:06	51.0	50.0	17.8478
01/25/2018 19:30:17	50.0	50.0	16.8865
01/25/2018 19:30:28	49.0	49.0	16.3588
01/25/2018 19:30:39	49.0	48.0	16.1376
01/25/2018 19:30:50	49.0	48.0	16.3588
01/25/2018 19:31:01	49.0	48.0	18.0371
01/25/2018 19:31:12	48.0	47.0	16.0526
01/25/2018 19:31:23	48.0	47.0	16.7109
01/25/2018 19:31:34	49.0	48.0	16.6667
01/25/2018 19:31:45	50.0	50.0	14.6982
01/25/2018 19:31:56	52.0	51.0	15.2632
01/25/2018 19:32:07	53.0	53.0	15.445
01/25/2018 19:32:18	54.0	54.0	16.0105
01/25/2018 19:32:29	56.0	54.0	14.7368
01/25/2018 19:32:40	56.0	55.0	14.4737
01/25/2018 19:32:51	57.0	56.0	13.1234
01/25/2018 19:33:02	56.0	54.0	15.8854
01/25/2018 19:33:13	54.0	53.0	15.748
01/25/2018 19:33:24	52.0	51.0	17.5853
01/25/2018 19:33:35	51.0	50.0	15.5263
01/25/2018 19:33:46	50.0	50.0	16.6227
01/25/2018 19:33:58	49.0	49.0	16.7979
01/25/2018 19:34:09	49.0	48.0	18.0371
01/25/2018 19:34:20	49.0	48.0	17.2414
01/25/2018 19:34:31	48.0	47.0	16.4021
01/25/2018 19:34:42	48.0	47.0	17.7249
01/25/2018 19:34:53	48.0	47.0	17.1958
01/25/2018 19:35:04	48.0	47.0	17.2775
01/25/2018 19:35:15	48.0	47.0	14.5503
01/25/2018 19:35:26	50.0	49.0	15.5263
01/25/2018 19:35:37	51.0	51.0	16.1376
01/25/2018 19:35:48	52.0	52.0	15.748
01/25/2018 19:35:59	54.0	53.0	15.1194
01/25/2018 19:36:10	55.0	54.0	16.7979
01/25/2018 19:36:21	56.0	55.0	13.9842
01/25/2018 19:36:32	57.0	56.0	14.5119
01/25/2018 19:36:43	57.0	56.0	16.7979
01/25/2018 19:36:54	55.0	54.0	15.5673
01/25/2018 19:37:05	52.0	53.0	16.8865
01/25/2018 19:37:16	52.0	51.0	17.7719
01/25/2018 19:37:27	51.0	50.0	15.4856
01/25/2018 19:37:38	50.0	50.0	13.2626
01/25/2018 19:37:49	49.0	49.0	16.5789
01/25/2018 19:38:00	49.0	48.0	17.1053
01/25/2018 19:38:11	49.0	48.0	17.4142
01/25/2018 19:38:22	48.0	48.0	16.6227
01/25/2018 19:38:33	49.0	47.0	17.1053
01/25/2018 19:38:44	48.0	47.0	15
01/25/2018 19:38:55	47.0	46.0	16.7553
01/25/2018 19:39:07	48.0	46.0	16.5354
01/25/2018 19:39:18	49.0	48.0	14.3603
01/25/2018 19:39:29	50.0	49.0	15.2632
01/25/2018 19:39:40	51.0	51.0	16.6227
01/25/2018 19:39:51	52.0	52.0	15.3439
01/25/2018 19:40:02	54.0	53.0	12.0419
01/25/2018 19:40:13	55.0	54.0	12.336
01/25/2018 19:40:24	56.0	54.0	27.5064
01/25/2018 19:40:35	57.0	56.0	28.0928
01/25/2018 19:40:46	60.0	57.0	26.7352
01/25/2018 19:40:57	58.0	58.0	29.2308
01/25/2018 19:41:08	58.0	57.0	27.013
01/25/2018 19:41:19	58.0	56.0	27.2727
01/25/2018 19:41:30	60.0	58.0	26.1658
01/25/2018 19:41:41	60.0	58.0	28.9744
01/25/2018 19:41:52	60.0	57.0	26.8734
01/25/2018 19:42:03	59.0	58.0	25.7812
01/25/2018 19:42:14	59.0	59.0	27.7202
01/25/2018 19:42:25	58.0	58.0	25.5155
01/25/2018 19:42:36	59.0	57.0	29.3059
01/25/2018 19:42:47	59.0	58.0	27.5773
01/25/2018 19:42:58	59.0	59.0	29.199
01/25/2018 19:43:09	59.0	59.0	28.3117
01/25/2018 19:43:21	60.0	58.0	21.3115
01/25/2018 19:43:32	55.0	54.0	28.9817
01/25/2018 19:43:43	58.0	56.0	30.3896
01/25/2018 19:43:54	59.0	58.0	29.5337
01/25/2018 19:44:05	59.0	59.0	29.199
01/25/2018 19:44:16	59.0	59.0	30.2326
01/25/2018 19:44:27	59.0	59.0	27.907
01/25/2018 19:44:38	61.0	58.0	30.491
01/25/2018 19:44:49	61.0	59.0	28.866
01/25/2018 19:45:00	61.0	59.0	26.943
01/25/2018 19:45:11	59.0	58.0	27.2021
01/25/2018 19:45:22	60.0	59.0	25.9067
01/25/2018 19:45:33	61.0	60.0	28.0519
01/25/2018 19:45:44	61.0	60.0	29.199
01/25/2018 19:45:55	60.0	60.0	25.6477
01/25/2018 19:46:06	60.0	59.0	27.8351
01/25/2018 19:46:17	61.0	60.0	27.2494
01/25/2018 19:46:28	61.0	59.0	25.7732
01/25/2018 19:46:39	59.0	59.0	26.8041
01/25/2018 19:46:50	59.0	59.0	25.9067
01/25/2018 19:47:01	61.0	58.0	26.5464
01/25/2018 19:47:12	60.0	59.0	27.8351
01/25/2018 19:47:23	61.0	59.0	28.9406
01/25/2018 19:47:34	61.0	60.0	26.8734
01/25/2018 19:47:45	61.0	60.0	20
01/25/2018 19:47:56	60.0	59.0	28.9406
01/25/2018 19:48:07	61.0	59.0	26.4249
01/25/2018 19:48:18	61.0	59.0	25.2577
01/25/2018 19:48:29	60.0	59.0	27.5064
01/25/2018 19:48:40	60.0	59.0	26.8041
01/25/2018 19:48:51	60.0	59.0	27.7922
01/25/2018 19:49:02	60.0	58.0	27.5064
01/25/2018 19:49:13	60.0	59.0	26.4781
01/25/2018 19:49:24	60.0	59.0	29.199
01/25/2018 19:49:35	60.0	59.0	29.7927
01/25/2018 19:49:46	62.0	60.0	29.9742
01/25/2018 19:49:57	60.0	59.0	27.9793
01/25/2018 19:50:08	61.0	60.0	28.5347
01/25/2018 19:50:19	61.0	60.0	30.3109
01/25/2018 19:50:30	60.0	60.0	28.2383
01/25/2018 19:50:41	61.0	61.0	27.2021
01/25/2018 19:50:52	62.0	60.0	27.6486
01/25/2018 19:51:03	62.0	59.0	30.0518
01/25/2018 19:51:14	60.0	60.0	29.1667
01/25/2018 19:51:25	60.0	59.0	27.6042
01/25/2018 19:51:36	60.0	58.0	27.8646
01/25/2018 19:51:47	61.0	59.0	26.4249
01/25/2018 19:51:58	60.0	58.0	29.4574
01/25/2018 19:52:09	60.0	59.0	29.563
01/25/2018 19:52:20	61.0	58.0	28.0519
01/25/2018 19:52:32	60.0	59.0	28.866
01/25/2018 19:52:43	61.0	60.0	27.7635
01/25/2018 19:52:54	62.0	60.0	26.943
01/25/2018 19:53:05	62.0	59.0	31.3625
01/25/2018 19:53:16	62.0	60.0	28.3505
01/25/2018 19:53:27	61.0	61.0	28.9744
01/25/2018 19:53:38	61.0	60.0	27.7922
01/25/2018 19:53:49	62.0	60.0	27.8351
01/25/2018 19:54:00	62.0	59.0	30.5699
01/25/2018 19:54:11	60.0	59.0	32.8165
01/25/2018 19:54:22	59.0	59.0	30.0518
01/25/2018 19:54:33	60.0	59.0	29.3814
01/25/2018 19:54:44	60.0	58.0	28.4974
01/25/2018 19:54:55	61.0	58.0	27.7922
01/25/2018 19:55:06	60.0	59.0	26.2887
01/25/2018 19:55:17	59.0	58.0	27.3902
01/25/2018 19:55:28	60.0	57.0	27.2494
01/25/2018 19:55:39	60.0	58.0	27.5773
01/25/2018 19:55:50	60.0	59.0	29.7927
01/25/2018 19:56:01	61.0	60.0	26.8734
01/25/2018 19:56:12	61.0	59.0	27.907
01/25/2018 19:56:23	60.0	60.0	27.3902
01/25/2018 19:56:34	60.0	59.0	23.4536
01/25/2018 19:56:45	60.0	59.0	28.866
01/25/2018 19:56:56	61.0	60.0	29.5337
01/25/2018 19:57:07	61.0	61.0	29.8701
01/25/2018 19:57:18	62.0	60.0	27.3902
01/25/2018 19:57:29	63.0	60.0	30.9278
01/25/2018 19:57:40	61.0	60.0	31.2661
01/25/2018 19:57:51	61.0	60.0	27.6762
01/25/2018 19:58:02	60.0	59.0	17.801
01/25/2018 19:58:13	58.0	57.0	27.9793
01/25/2018 19:58:24	60.0	59.0	30.4124
01/25/2018 19:58:35	60.0	59.0	29.3814
01/25/2018 19:58:46	60.0	60.0	30.4124
01/25/2018 19:58:57	62.0	60.0	28.3117
01/25/2018 19:59:08	61.0	60.0	28.4974
01/25/2018 19:59:19	62.0	60.0	27.8646
01/25/2018 19:59:30	62.0	60.0	26.8041
01/25/2018 19:59:41	60.0	60.0	28.2776
01/25/2018 19:59:52	59.0	60.0	25.8974
01/25/2018 20:00:03	59.0	59.0	25.641
01/25/2018 20:00:14	59.0	58.0	27.4359
01/25/2018 20:00:25	59.0	59.0	27.907
01/25/2018 20:00:36	59.0	59.0	28.6822
01/25/2018 20:00:47	60.0	60.0	26.615
01/25/2018 20:00:58	60.0	60.0	26.3566
01/25/2018 20:01:09	60.0	59.0	26.615
01/25/2018 20:01:20	61.0	59.0	28.2051
01/25/2018 20:01:31	60.0	59.0	27.5064
01/25/2018 20:01:42	61.0	59.0	26.4249
01/25/2018 20:01:53	61.0	59.0	26.0982
01/25/2018 20:02:04	59.0	58.0	27.7635
01/25/2018 20:02:15	59.0	58.0	27.2021
01/25/2018 20:02:27	61.0	59.0	26.4781
01/25/2018 20:02:38	61.0	60.0	27.2727
01/25/2018 20:02:49	61.0	60.0	26.615
01/25/2018 20:03:00	62.0	59.0	28.1654
01/25/2018 20:03:11	61.0	60.0	29.5337
01/25/2018 20:03:22	61.0	60.0	30.3896
01/25/2018 20:03:33	62.0	61.0	28.6082
01/25/2018 20:03:44	62.0	60.0	28.4238
01/25/2018 20:03:55	62.0	61.0	29.9742
01/25/2018 20:04:06	60.0	60.0	24.0933
01/25/2018 20:04:17	61.0	59.0	26.3566
01/25/2018 20:04:28	61.0	59.0	35.4005
01/25/2018 20:04:39	60.0	59.0	36.2468
01/25/2018 20:04:50	61.0	60.0	37.4677
01/25/2018 20:05:01	62.0	60.0	15.7609
01/25/2018 20:05:12	61.0	59.0	26.943
01/25/2018 20:05:23	60.0	59.0	30.4688
01/25/2018 20:05:34	59.0	59.0	18.7023
01/25/2018 20:05:46	57.0	56.0	28.2667
01/25/2018 20:05:57	59.0	57.0	28.2383
01/25/2018 20:06:08	60.0	59.0	27.6042
01/25/2018 20:06:19	61.0	59.0	27.4611
01/25/2018 20:06:30	60.0	60.0	32.0513
01/25/2018 20:06:41	62.0	59.0	28.2776
01/25/2018 20:06:52	62.0	60.0	29.8201
01/25/2018 20:07:03	61.0	59.0	30.5699
01/25/2018 20:07:14	62.0	59.0	13.7203
01/25/2018 20:07:25	57.0	56.0	12.0735
01/25/2018 20:07:36	54.0	54.0	13.1234
01/25/2018 20:07:47	53.0	53.0	12.6316
01/25/2018 20:07:58	53.0	52.0	12.8947
01/25/2018 20:08:09	52.0	52.0	14.0584
01/25/2018 20:08:20	51.0	51.0	12.3684
01/25/2018 20:08:31	51.0	51.0	12.9973
01/25/2018 20:08:42	50.0	50.0	14.4737
01/25/2018 20:08:53	51.0	50.0	15.0794
01/25/2018 20:09:04	51.0	50.0	13.9474
01/25/2018 20:09:15	50.0	50.0	14.248
01/25/2018 20:09:26	50.0	50.0	13.6842
01/25/2018 20:09:37	50.0	49.0	14.8148
01/25/2018 20:09:48	49.0	48.0	30.2326
01/25/2018 20:09:59	53.0	53.0	29.7158
01/25/2018 20:10:10	56.0	54.0	29.2746
01/25/2018 20:10:21	58.0	56.0	30.3109
01/25/2018 20:10:32	59.0	57.0	28.4974
01/25/2018 20:10:43	60.0	59.0	30.9463
01/25/2018 20:10:54	60.0	59.0	31.0078
01/25/2018 20:11:05	60.0	59.0	29.6392
01/25/2018 20:11:16	60.0	59.0	30.7494
01/25/2018 20:11:27	61.0	60.0	29.5337
01/25/2018 20:11:38	63.0	60.0	27.1318
01/25/2018 20:11:49	61.0	61.0	28.0928
01/25/2018 20:12:00	61.0	59.0	28.9062
01/25/2018 20:12:11	62.0	59.0	29.2746
01/25/2018 20:12:22	60.0	59.0	29.6104
01/25/2018 20:12:34	60.0	60.0	27.4869
01/25/2018 20:12:45	59.0	58.0	27.907
01/25/2018 20:12:56	58.0	59.0	28.9062
01/25/2018 20:13:07	60.0	59.0	29.7927
01/25/2018 20:13:18	59.0	58.0	29.199
01/25/2018 20:13:29	59.0	59.0	27.2251
01/25/2018 20:13:40	61.0	58.0	27.5773
01/25/2018 20:13:51	59.0	58.0	25.4499
01/25/2018 20:14:02	58.0	57.0	28.1654
01/25/2018 20:14:13	60.0	59.0	29.2746
01/25/2018 20:14:24	60.0	60.0	28.5714
01/25/2018 20:14:35	62.0	60.0	29.1237
01/25/2018 20:14:46	61.0	61.0	31.5245
01/25/2018 20:14:57	61.0	61.0	29.9742
01/25/2018 20:15:08	61.0	60.0	29.1667
01/25/2018 20:15:19	62.0	60.0	29.7436
01/25/2018 20:15:30	61.0	59.0	13.1234
01/25/2018 20:15:41	57.0	56.0	28.4238
01/25/2018 20:15:52	59.0	58.0	29.1237
01/25/2018 20:16:03	60.0	59.0	32.6478
01/25/2018 20:16:14	61.0	60.0	30.9278
01/25/2018 20:16:25	61.0	60.0	30.7494
01/25/2018 20:16:36	62.0	60.0	30.5699
01/25/2018 20:16:47	61.0	60.0	30.7692
01/25/2018 20:16:58	61.0	60.0	30.5913
01/25/2018 20:17:09	60.0	60.0	29.4574
01/25/2018 20:17:20	60.0	59.0	31.9588
01/25/2018 20:17:31	60.0	59.0	28.5714
01/25/2018 20:17:42	60.0	59.0	30.3109
01/25/2018 20:17:53	60.0	59.0	29.5337
01/25/2018 20:18:04	60.0	59.0	11.8734
01/25/2018 20:18:15	55.0	55.0	12.3684
01/25/2018 20:18:26	54.0	53.0	12.336
01/25/2018 20:18:37	53.0	53.0	12.8947
01/25/2018 20:18:48	52.0	52.0	13.4211
01/25/2018 20:18:59	51.0	51.0	11.811
01/25/2018 20:19:10	52.0	51.0	12.4011
01/25/2018 20:19:21	51.0	51.0	12.8609
01/25/2018 20:19:32	50.0	50.0	12.6316
01/25/2018 20:19:43	51.0	50.0	14.248
01/25/2018 20:19:54	50.0	50.0	13.2275
01/25/2018 20:20:05	50.0	50.0	13.6126
01/25/2018 20:20:17	50.0	49.0	14.2857
01/25/2018 20:20:28	50.0	49.0	12.963
01/25/2018 20:20:39	49.0	49.0	14.7757
01/25/2018 20:20:50	49.0	49.0	18.2292
01/25/2018 20:21:01	51.0	50.0	29.8969
01/25/2018 20:21:12	55.0	54.0	29.0488
01/25/2018 20:21:23	57.0	56.0	27.5325
01/25/2018 20:21:34	57.0	56.0	30.2326
01/25/2018 20:21:45	58.0	56.0	28.7565
01/25/2018 20:21:56	58.0	57.0	32.2997
01/25/2018 20:22:07	59.0	58.0	29.7158
01/25/2018 20:22:18	60.0	59.0	31.4433
01/25/2018 20:22:29	61.0	60.0	27.7922
01/25/2018 20:22:40	61.0	60.0	30.0771
01/25/2018 20:22:51	61.0	60.0	31.0881
01/25/2018 20:23:02	62.0	61.0	32.7273
01/25/2018 20:23:13	61.0	60.0	29.6104
01/25/2018 20:23:24	60.0	60.0	26.615
01/25/2018 20:23:35	61.0	59.0	27.2727
01/25/2018 20:23:46	59.0	59.0	26.9923
01/25/2018 20:23:57	60.0	57.0	26.943
01/25/2018 20:24:08	59.0	59.0	24.6114
01/25/2018 20:24:19	60.0	59.0	25.1295
01/25/2018 20:24:30	59.0	59.0	26.615
01/25/2018 20:24:41	59.0	59.0	25.6477
01/25/2018 20:24:52	59.0	58.0	27.7202
01/25/2018 20:25:03	60.0	58.0	27.8351
01/25/2018 20:25:14	59.0	59.0	29.199
01/25/2018 20:25:25	59.0	59.0	27.9793
01/25/2018 20:25:36	59.0	59.0	29.199
01/25/2018 20:25:47	60.0	59.0	25.7812
01/25/2018 20:25:58	60.0	58.0	30.3109
01/25/2018 20:26:09	61.0	59.0	29.7927
01/25/2018 20:26:20	61.0	60.0	27.7202
01/25/2018 20:26:31	62.0	61.0	31.701
01/25/2018 20:26:42	61.0	61.0	29.4271
01/25/2018 20:26:53	63.0	59.0	29.2746
01/25/2018 20:27:04	61.0	59.0	29.2746
01/25/2018 20:27:15	60.0	59.0	29.3059
01/25/2018 20:27:26	59.0	59.0	27.6486
01/25/2018 20:27:37	60.0	58.0	27.7635
01/25/2018 20:27:48	61.0	59.0	29.9742
01/25/2018 20:27:59	62.0	60.0	27.2494
01/25/2018 20:28:10	61.0	59.0	26.5625
01/25/2018 20:28:21	63.0	59.0	27.8351
01/25/2018 20:28:32	62.0	59.0	27.1318
01/25/2018 20:28:43	62.0	61.0	28.4238
01/25/2018 20:28:54	61.0	60.0	26.615
01/25/2018 20:29:05	61.0	60.0	26.2887
01/25/2018 20:29:16	62.0	60.0	30.7494
01/25/2018 20:29:28	62.0	60.0	30.2326
01/25/2018 20:29:39	62.0	60.0	29.7158
01/25/2018 20:29:50	62.0	60.0	29.2746
01/25/2018 20:30:01	61.0	60.0	29.1667
01/25/2018 20:30:12	60.0	60.0	30.2326
01/25/2018 20:30:23	62.0	59.0	28.4974
01/25/2018 20:30:34	59.0	58.0	29.0155
01/25/2018 20:30:45	60.0	59.0	27.2727
01/25/2018 20:30:56	61.0	59.0	28.2723
01/25/2018 20:31:07	62.0	60.0	27.8351
01/25/2018 20:31:18	63.0	60.0	29.4872
01/25/2018 20:31:29	61.0	60.0	30.3342
01/25/2018 20:31:40	61.0	60.0	28.866
01/25/2018 20:31:51	62.0	59.0	28.5714
01/25/2018 20:32:02	61.0	60.0	30.829
01/25/2018 20:32:13	60.0	60.0	35.8442
01/25/2018 20:32:24	62.0	60.0	36.9231
01/25/2018 20:32:35	62.0	60.0	35.1282
01/25/2018 20:32:46	62.0	59.0	36.0825
01/25/2018 20:32:57	61.0	60.0	38.6598
01/25/2018 20:33:08	62.0	60.0	37.6923
01/25/2018 20:33:19	61.0	60.0	34.6253
01/25/2018 20:33:30	61.0	60.0	36.1757
01/25/2018 20:33:41	63.0	59.0	44.3299
01/25/2018 20:33:52	62.0	60.0	36.5979
01/25/2018 20:34:03	62.0	60.0	35.9897
01/25/2018 20:34:14	61.0	60.0	35.9897
01/25/2018 20:34:25	61.0	61.0	37.6289
01/25/2018 20:34:36	62.0	60.0	38.6598
01/25/2018 20:34:47	62.0	60.0	35.8974
01/25/2018 20:34:58	61.0	60.0	31.2336
01/25/2018 20:35:09	59.0	59.0	25.6477
01/25/2018 20:35:20	59.0	59.0	26.8041
01/25/2018 20:35:31	59.0	58.0	26.4249
01/25/2018 20:35:42	60.0	59.0	28.6082
01/25/2018 20:35:53	60.0	59.0	28.5714
01/25/2018 20:36:04	61.0	60.0	28.3505
01/25/2018 20:36:15	62.0	59.0	28.1654
01/25/2018 20:36:26	60.0	60.0	27.0619
01/25/2018 20:36:37	62.0	60.0	28.8312
01/25/2018 20:36:48	62.0	61.0	25.5814
01/25/2018 20:36:59	61.0	59.0	27.3902
01/25/2018 20:37:10	61.0	59.0	28.1654
01/25/2018 20:37:21	61.0	59.0	27.2727
01/25/2018 20:37:32	60.0	59.0	26.2887
01/25/2018 20:37:43	60.0	59.0	26.8229
01/25/2018 20:37:54	60.0	60.0	27.6923
01/25/2018 20:38:05	61.0	60.0	26.6839
01/25/2018 20:38:16	62.0	61.0	25.0646
01/25/2018 20:38:27	62.0	60.0	26.2887
01/25/2018 20:38:38	61.0	59.0	26.6667
01/25/2018 20:38:49	60.0	59.0	29.4872
01/25/2018 20:39:00	62.0	59.0	27.5064
01/25/2018 20:39:11	60.0	59.0	27.1318
01/25/2018 20:39:23	60.0	59.0	27.907
01/25/2018 20:39:34	60.0	59.0	27.3902
01/25/2018 20:39:45	60.0	59.0	26.8734
01/25/2018 20:39:56	61.0	59.0	27.7202
01/25/2018 20:40:07	61.0	61.0	29.563
01/25/2018 20:40:18	62.0	61.0	29.5337
01/25/2018 20:40:29	62.0	60.0	28.6082
01/25/2018 20:40:40	63.0	60.0	30.9091
01/25/2018 20:40:51	61.0	60.0	27.5773
01/25/2018 20:41:02	63.0	60.0	25.8398
01/25/2018 20:41:13	61.0	60.0	26.5464
01/25/2018 20:41:24	60.0	60.0	29.5337
01/25/2018 20:41:35	61.0	60.0	28.2051
01/25/2018 20:41:46	60.0	59.0	27.2021
01/25/2018 20:41:57	60.0	59.0	30.1546
01/25/2018 20:42:08	62.0	60.0	26.615
01/25/2018 20:42:19	61.0	59.0	28.9406
01/25/2018 20:42:30	61.0	59.0	27.1318
01/25/2018 20:42:41	59.0	58.0	26.8734
01/25/2018 20:42:52	61.0	58.0	27.4611
01/25/2018 20:43:03	60.0	59.0	25.8398
01/25/2018 20:43:14	60.0	58.0	29.3814
01/25/2018 20:43:25	61.0	59.0	25
01/25/2018 20:43:36	61.0	59.0	28.6822
01/25/2018 20:43:47	62.0	59.0	27.5773
01/25/2018 20:43:58	62.0	61.0	27.2021
01/25/2018 20:44:09	61.0	60.0	28.2383
01/25/2018 20:44:20	61.0	59.0	25.8398
01/25/2018 20:44:31	61.0	58.0	29.3059
01/25/2018 20:44:42	60.0	59.0	29.8701
01/25/2018 20:44:53	59.0	59.0	29.0488
01/25/2018 20:45:04	59.0	59.0	26.8734
01/25/2018 20:45:15	59.0	59.0	26.9231
01/25/2018 20:45:26	61.0	59.0	29.7927
01/25/2018 20:45:37	62.0	60.0	29.3506
01/25/2018 20:45:48	61.0	60.0	27.5773
01/25/2018 20:45:59	62.0	60.0	28.9744
01/25/2018 20:46:10	63.0	60.0	28.3117
01/25/2018 20:46:21	59.0	59.0	25.323
01/25/2018 20:46:32	60.0	59.0	25.5814
01/25/2018 20:46:43	60.0	58.0	28.4238
01/25/2018 20:46:54	60.0	59.0	27.3196
01/25/2018 20:47:05	62.0	60.0	25.0646
01/25/2018 20:47:16	60.0	61.0	28.6822
01/25/2018 20:47:27	62.0	60.0	27.1318
01/25/2018 20:47:38	63.0	60.0	25.8974
01/25/2018 20:47:49	60.0	61.0	28.866
01/25/2018 20:48:00	61.0	60.0	26.943
01/25/2018 20:48:11	63.0	59.0	24.8718
01/25/2018 20:48:22	61.0	59.0	24.4156
01/25/2018 20:48:33	60.0	59.0	26.4935
01/25/2018 20:48:44	60.0	59.0	27.8646
01/25/2018 20:48:55	60.0	59.0	29.3059
01/25/2018 20:49:06	59.0	59.0	27.0619
01/25/2018 20:49:17	60.0	59.0	26.3566
01/25/2018 20:49:29	59.0	59.0	28.7918
01/25/2018 20:49:40	61.0	60.0	27.3196
01/25/2018 20:49:51	61.0	60.0	28.7179
01/25/2018 20:50:02	61.0	59.0	30.491
01/25/2018 20:50:13	62.0	60.0	30.1546
01/25/2018 20:50:24	61.0	60.0	27.7202
01/25/2018 20:50:35	60.0	60.0	29.5337
01/25/2018 20:50:46	62.0	60.0	29.8701
01/25/2018 20:50:57	62.0	59.0	28.3117
01/25/2018 20:51:08	61.0	60.0	26.6839
01/25/2018 20:51:19	62.0	60.0	30.4124
01/25/2018 20:51:30	61.0	60.0	30.3109
01/25/2018 20:51:41	62.0	60.0	30.8483
01/25/2018 20:51:52	61.0	60.0	30.7494
01/25/2018 20:52:03	62.0	60.0	29.7158
01/25/2018 20:52:14	62.0	60.0	27.5773
01/25/2018 20:52:25	62.0	60.0	29.199
01/25/2018 20:52:36	60.0	59.0	29.0909
01/25/2018 20:52:47	61.0	60.0	32.9923
01/25/2018 20:52:58	63.0	60.0	27.6486
01/25/2018 20:53:09	62.0	60.0	31.1688
01/25/2018 20:53:20	62.0	61.0	29.8969
01/25/2018 20:53:31	61.0	60.0	28.6458
01/25/2018 20:53:42	62.0	60.0	29.7927
01/25/2018 20:53:53	61.0	60.0	29.4574
01/25/2018 20:54:04	62.0	60.0	28.6082
01/25/2018 20:54:15	61.0	60.0	23.7598
01/25/2018 20:54:26	62.0	60.0	29.6392
01/25/2018 20:54:37	61.0	59.0	29.199
01/25/2018 20:54:48	61.0	60.0	30.9896
01/25/2018 20:54:59	62.0	61.0	28.6082
01/25/2018 20:55:10	61.0	61.0	27.2021
01/25/2018 20:55:21	61.0	60.0	29.4271
01/25/2018 20:55:32	62.0	60.0	28.4238
01/25/2018 20:55:43	63.0	60.0	28.0928
01/25/2018 20:55:54	61.0	60.0	25.4545
01/25/2018 20:56:05	61.0	61.0	28.4974
01/25/2018 20:56:16	61.0	59.0	28.6822
01/25/2018 20:56:27	62.0	60.0	29.199
01/25/2018 20:56:38	61.0	61.0	29.3814
01/25/2018 20:56:49	62.0	59.0	30.2326
01/25/2018 20:57:00	63.0	60.0	29.1667
01/25/2018 20:57:11	62.0	61.0	29.7927
01/25/2018 20:57:22	62.0	61.0	31.6062
01/25/2018 20:57:33	62.0	61.0	25.974
01/25/2018 20:57:44	63.0	60.0	29.8701
01/25/2018 20:57:55	62.0	61.0	31.2661
01/25/2018 20:58:06	61.0	61.0	30.1546
01/25/2018 20:58:17	62.0	60.0	28.6082
01/25/2018 20:58:28	62.0	60.0	28.6082
01/25/2018 20:58:39	62.0	60.0	28.3117
01/25/2018 20:58:50	62.0	60.0	29.3506
01/25/2018 20:59:01	61.0	59.0	29.1667
01/25/2018 20:59:12	61.0	61.0	16.5354
01/25/2018 20:59:23	57.0	56.0	20.0514
01/25/2018 20:59:35	58.0	58.0	28.3117
01/25/2018 20:59:46	61.0	60.0	29.7158
01/25/2018 20:59:57	62.0	61.0	31.701
01/25/2018 21:00:08	63.0	61.0	28.7918
01/25/2018 21:00:19	62.0	61.0	30.5699
01/25/2018 21:00:30	62.0	60.0	29.3506
01/25/2018 21:00:41	63.0	60.0	29.7927
01/25/2018 21:00:52	62.0	61.0	30.829
01/25/2018 21:01:03	62.0	60.0	27.5773
01/25/2018 21:01:14	61.0	60.0	30.6494
01/25/2018 21:01:25	62.0	60.0	28.2776
01/25/2018 21:01:36	62.0	61.0	27.9793
01/25/2018 21:01:47	62.0	59.0	29.7927
01/25/2018 21:01:58	62.0	60.0	32.2997
01/25/2018 21:02:09	62.0	60.0	29.6875
01/25/2018 21:02:20	61.0	60.0	30.491
01/25/2018 21:02:31	62.0	60.0	26.6839
01/25/2018 21:02:42	60.0	59.0	30.5483
01/25/2018 21:02:53	61.0	59.0	26.6839
01/25/2018 21:03:04	60.0	59.0	27.3902
01/25/2018 21:03:15	59.0	58.0	29.1667
01/25/2018 21:03:26	61.0	59.0	28.3505
01/25/2018 21:03:37	60.0	59.0	30.6494
01/25/2018 21:03:48	62.0	61.0	30.0771
01/25/2018 21:03:59	63.0	61.0	26.8041
01/25/2018 21:04:10	62.0	61.0	28.0519
01/25/2018 21:04:21	62.0	60.0	29.199
01/25/2018 21:04:32	62.0	61.0	32.8165
01/25/2018 21:04:43	61.0	61.0	29.199
01/25/2018 21:04:54	62.0	60.0	27.8351
01/25/2018 21:05:05	61.0	60.0	27.6486
01/25/2018 21:05:16	61.0	61.0	29.3814
01/25/2018 21:05:27	60.0	60.0	28.8312
01/25/2018 21:05:38	60.0	60.0	28.866
01/25/2018 21:05:49	62.0	59.0	25.964
01/25/2018 21:06:00	61.0	59.0	28.9744
01/25/2018 21:06:11	60.0	59.0	28.1654
01/25/2018 21:06:22	60.0	59.0	30.2083
01/25/2018 21:06:33	62.0	60.0	29.1667
01/25/2018 21:06:44	62.0	59.0	30.3342
01/25/2018 21:06:55	62.0	59.0	29.4574
01/25/2018 21:07:06	62.0	59.0	31.4433
01/25/2018 21:07:17	62.0	59.0	32.4742
01/25/2018 21:07:28	62.0	60.0	30.0518
01/25/2018 21:07:39	61.0	61.0	29.6392
01/25/2018 21:07:50	63.0	60.0	29.3814
01/25/2018 21:08:01	62.0	61.0	27.7922
01/25/2018 21:08:12	62.0	60.0	27.907
01/25/2018 21:08:23	62.0	59.0	25.4545
01/25/2018 21:08:34	61.0	60.0	28.866
01/25/2018 21:08:45	62.0	60.0	31.4433
01/25/2018 21:08:56	62.0	60.0	28.6822
01/25/2018 21:09:07	62.0	60.0	29.2308
01/25/2018 21:09:18	60.0	60.0	27.9793
01/25/2018 21:09:29	62.0	59.0	30.1546
01/25/2018 21:09:41	62.0	60.0	27.5325
01/25/2018 21:09:52	62.0	59.0	28.7565
01/25/2018 21:10:03	61.0	59.0	28.4974
01/25/2018 21:10:14	61.0	60.0	28.6082
01/25/2018 21:10:25	61.0	60.0	29.8969
01/25/2018 21:10:36	60.0	60.0	29.7158
01/25/2018 21:10:47	61.0	59.0	29.1237
01/25/2018 21:10:58	61.0	59.0	27.7635
01/25/2018 21:11:09	62.0	60.0	24.0933
01/25/2018 21:11:20	60.0	60.0	25.1295
01/25/2018 21:11:31	59.0	58.0	29.0155
01/25/2018 21:11:42	61.0	59.0	28.866
01/25/2018 21:11:53	60.0	59.0	28.4615
01/25/2018 21:12:04	63.0	60.0	28.5347
01/25/2018 21:12:15	62.0	61.0	29.1237
01/25/2018 21:12:26	60.0	60.0	31.0078
01/25/2018 21:12:37	62.0	60.0	32.4742
01/25/2018 21:12:48	62.0	60.0	29.1237
01/25/2018 21:12:59	61.0	60.0	33.9378
01/25/2018 21:13:10	61.0	61.0	39.0746
01/25/2018 21:13:21	63.0	61.0	38.4021
01/25/2018 21:13:32	63.0	60.0	36.3402
01/25/2018 21:13:43	63.0	61.0	34.2784
01/25/2018 21:13:54	64.0	61.0	37.4359
01/25/2018 21:14:05	62.0	61.0	35.3093
01/25/2018 21:14:16	64.0	61.0	36.8557
01/25/2018 21:14:27	61.0	61.0	15.748
01/25/2018 21:14:38	57.0	56.0	30.3109
01/25/2018 21:14:49	58.0	58.0	30.4124
01/25/2018 21:15:00	61.0	60.0	29.7158
01/25/2018 21:15:11	62.0	60.0	31.3472
01/25/2018 21:15:22	62.0	61.0	29.6392
01/25/2018 21:15:33	62.0	61.0	28.7565
01/25/2018 21:15:44	62.0	61.0	31.4578
01/25/2018 21:15:55	62.0	60.0	28.5347
01/25/2018 21:16:06	62.0	60.0	28.2383
01/25/2018 21:16:17	61.0	60.0	26.943
01/25/2018 21:16:28	61.0	60.0	28.4238
01/25/2018 21:16:39	60.0	60.0	28.5347
01/25/2018 21:16:50	60.0	60.0	26.4781
01/25/2018 21:17:01	59.0	60.0	28.4595
01/25/2018 21:17:12	61.0	59.0	29.1237
01/25/2018 21:17:23	60.0	60.0	24.8705
01/25/2018 21:17:34	60.0	60.0	25.8398
01/25/2018 21:17:45	60.0	60.0	25.3886
01/25/2018 21:17:56	61.0	60.0	25.7732
01/25/2018 21:18:07	61.0	60.0	26.1658
01/25/2018 21:18:18	59.0	58.0	26.4249
01/25/2018 21:18:29	61.0	59.0	29.3814
01/25/2018 21:18:40	60.0	60.0	26.1658
01/25/2018 21:18:51	60.0	59.0	27.0619
01/25/2018 21:19:02	60.0	59.0	26.8041
01/25/2018 21:19:13	60.0	60.0	28.6822
01/25/2018 21:19:24	61.0	60.0	30.7292
01/25/2018 21:19:35	62.0	60.0	30.3109
01/25/2018 21:19:47	62.0	61.0	32.5581
01/25/2018 21:19:58	61.0	61.0	30.829
01/25/2018 21:20:09	62.0	61.0	27.8646
01/25/2018 21:20:20	63.0	60.0	30.0771
01/25/2018 21:20:31	63.0	60.0	32.7273
01/25/2018 21:20:42	62.0	59.0	27.4611
01/25/2018 21:20:53	61.0	60.0	28.4615
01/25/2018 21:21:04	60.0	60.0	26.7532
01/25/2018 21:21:15	61.0	60.0	28.866
01/25/2018 21:21:26	60.0	61.0	31.2661
01/25/2018 21:21:37	60.0	59.0	29.3506
01/25/2018 21:21:48	62.0	60.0	28.866
01/25/2018 21:21:59	62.0	60.0	30.6701
01/25/2018 21:22:10	62.0	60.0	28.2383
01/25/2018 21:22:21	62.0	60.0	26.5464
01/25/2018 21:22:32	62.0	60.0	26.8041
01/25/2018 21:22:43	61.0	60.0	27.4611
01/25/2018 21:22:54	62.0	60.0	31.7829
01/25/2018 21:23:05	61.0	60.0	30.1299
01/25/2018 21:23:16	62.0	60.0	30.7494
01/25/2018 21:23:27	62.0	60.0	31.1688
01/25/2018 21:23:38	63.0	60.0	31.701
01/25/2018 21:23:49	62.0	60.0	29.9742
01/25/2018 21:24:00	62.0	60.0	28.4974
01/25/2018 21:24:11	62.0	60.0	30.3896
01/25/2018 21:24:22	63.0	60.0	33.6761
01/25/2018 21:24:33	62.0	61.0	41.1311
01/25/2018 21:24:44	63.0	61.0	33.6788
01/25/2018 21:24:55	62.0	60.0	33.8501
01/25/2018 21:25:06	62.0	60.0	35.4005
01/25/2018 21:25:17	61.0	60.0	36.0825
01/25/2018 21:25:28	61.0	60.0	38.5604
01/25/2018 21:25:39	60.0	60.0	38.3632
01/25/2018 21:25:50	61.0	60.0	36.3402
01/25/2018 21:26:01	61.0	59.0	38.7597
01/25/2018 21:26:12	61.0	59.0	38.961
01/25/2018 21:26:23	60.0	60.0	39.6907
01/25/2018 21:26:34	61.0	59.0	35.5499
01/25/2018 21:26:45	62.0	59.0	40.1028
01/25/2018 21:26:56	61.0	59.0	38.5013
01/25/2018 21:27:07	61.0	60.0	34.5361
01/25/2018 21:27:18	61.0	60.0	37.0844
01/25/2018 21:27:29	61.0	60.0	34.1085
01/25/2018 21:27:40	62.0	60.0	38.8601
01/25/2018 21:27:51	62.0	60.0	36.9231
01/25/2018 21:28:02	63.0	60.0	35.0515
01/25/2018 21:28:13	61.0	60.0	34.8837
01/25/2018 21:28:24	62.0	61.0	37.9487
01/25/2018 21:28:35	63.0	61.0	35.1562
01/25/2018 21:28:46	63.0	60.0	37.018
01/25/2018 21:28:57	61.0	59.0	35.4005
01/25/2018 21:29:08	61.0	60.0	37.1134
01/25/2018 21:29:19	62.0	60.0	35.0515
01/25/2018 21:29:30	61.0	60.0	37.6923
01/25/2018 21:29:42	60.0	59.0	35.3093
01/25/2018 21:29:53	61.0	59.0	38.2429
01/25/2018 21:30:04	61.0	60.0	35.9173
01/25/2018 21:30:15	61.0	59.0	30.491
01/25/2018 21:30:26	59.0	58.0	13.8381
01/25/2018 21:30:37	54.0	54.0	12.336
01/25/2018 21:30:48	53.0	53.0	12.5984
01/25/2018 21:30:59	52.0	53.0	13.1234
01/25/2018 21:31:10	52.0	52.0	11.6095
01/25/2018 21:31:21	52.0	52.0	13.7203
01/25/2018 21:31:32	52.0	52.0	12.7937
01/25/2018 21:31:43	52.0	51.0	29.8701
01/25/2018 21:31:54	55.0	54.0	30.9091
01/25/2018 21:32:05	58.0	56.0	37.9845
01/25/2018 21:32:16	60.0	59.0	36.6925
01/25/2018 21:32:27	61.0	60.0	37.9487
01/25/2018 21:32:38	62.0	60.0	35.8974
01/25/2018 21:32:49	61.0	60.0	35.7513
01/25/2018 21:33:00	61.0	60.0	37.1795
01/25/2018 21:33:11	62.0	61.0	35.641
01/25/2018 21:33:22	61.0	60.0	36.1538
01/25/2018 21:33:33	64.0	60.0	36.2468
01/25/2018 21:33:44	64.0	61.0	35.8974
01/25/2018 21:33:55	61.0	61.0	38.6598
01/25/2018 21:34:06	63.0	61.0	37.7892
01/25/2018 21:34:17	62.0	61.0	38.0463
01/25/2018 21:34:28	63.0	60.0	34.9741
01/25/2018 21:34:39	61.0	60.0	35.7326
01/25/2018 21:34:50	62.0	61.0	38.1443
01/25/2018 21:35:01	62.0	61.0	36.6925
01/25/2018 21:35:12	62.0	60.0	36.7876
01/25/2018 21:35:23	64.0	60.0	36.7609
01/25/2018 21:35:34	63.0	61.0	36.5039
01/25/2018 21:35:45	62.0	61.0	35.8974
01/25/2018 21:35:56	62.0	61.0	35.4922
01/25/2018 21:36:07	64.0	60.0	38.5013
01/25/2018 21:36:18	63.0	61.0	36.9509
01/25/2018 21:36:29	64.0	60.0	35.0515
01/25/2018 21:36:40	62.0	60.0	35.4922
01/25/2018 21:36:51	62.0	60.0	36.0825
01/25/2018 21:37:02	60.0	59.0	35.9173
01/25/2018 21:37:13	60.0	58.0	35.4756
01/25/2018 21:37:24	61.0	59.0	37.5321
01/25/2018 21:37:35	60.0	60.0	39.433
01/25/2018 21:37:46	60.0	59.0	38.9744
01/25/2018 21:37:57	60.0	60.0	36.9231
01/25/2018 21:38:08	60.0	59.0	36.1757
01/25/2018 21:38:20	59.0	59.0	39.6907
01/25/2018 21:38:31	60.0	60.0	36.7876
01/25/2018 21:38:42	60.0	59.0	37.2093
01/25/2018 21:38:53	60.0	59.0	34.7938
01/25/2018 21:39:04	62.0	59.0	39.8458
01/25/2018 21:39:15	61.0	60.0	38.0829
01/25/2018 21:39:26	62.0	60.0	35.567
01/25/2018 21:39:37	62.0	61.0	34.6253
01/25/2018 21:39:48	62.0	60.0	41.1311
01/25/2018 21:39:59	62.0	60.0	38.1443
01/25/2018 21:40:10	62.0	61.0	38.6598
01/25/2018 21:40:21	62.0	61.0	34.7938
01/25/2018 21:40:32	63.0	61.0	37.2093
01/25/2018 21:40:43	62.0	61.0	34.1085
01/25/2018 21:40:54	63.0	60.0	35.1421
01/25/2018 21:41:05	64.0	61.0	35.1421
01/25/2018 21:41:16	62.0	60.0	36.7609
01/25/2018 21:41:27	62.0	60.0	34.1085
01/25/2018 21:41:38	63.0	61.0	36.3171
01/25/2018 21:41:49	63.0	61.0	33.0729
01/25/2018 21:42:00	61.0	60.0	37.6289
01/25/2018 21:42:11	62.0	61.0	37.1795
01/25/2018 21:42:22	62.0	61.0	11.9792
01/25/2018 21:42:33	57.0	57.0	11.6402
01/25/2018 21:42:44	56.0	55.0	13.3508
01/25/2018 21:42:55	55.0	54.0	12.0735
01/25/2018 21:43:06	54.0	53.0	12.0419
01/25/2018 21:43:17	54.0	53.0	12.5654
01/25/2018 21:43:28	53.0	53.0	12.4011
01/25/2018 21:43:39	52.0	51.0	13.4211
01/25/2018 21:43:50	52.0	52.0	13.4565
01/25/2018 21:44:01	52.0	52.0	12.8609
01/25/2018 21:44:12	51.0	51.0	14.3617
01/25/2018 21:44:23	51.0	51.0	12.336
01/25/2018 21:44:34	52.0	51.0	13.4211
01/25/2018 21:44:45	51.0	51.0	12.336
01/25/2018 21:44:56	51.0	51.0	12.8609
01/25/2018 21:45:07	51.0	51.0	13.6483
01/25/2018 21:45:18	51.0	51.0	13.1926
01/25/2018 21:45:30	51.0	51.0	11.6095
01/25/2018 21:45:41	51.0	51.0	12.5326
01/25/2018 21:45:52	51.0	50.0	12.6649
01/25/2018 21:46:03	51.0	51.0	13.9474
01/25/2018 21:46:14	50.0	51.0	12.1372
01/25/2018 21:46:25	51.0	50.0	14.2857
01/25/2018 21:46:36	50.0	50.0	12.5326
01/25/2018 21:46:47	50.0	50.0	13.5638
01/25/2018 21:46:58	51.0	50.0	13.9474
01/25/2018 21:47:09	50.0	50.0	14.2105
01/25/2018 21:47:20	50.0	50.0	14.5119
01/25/2018 21:47:31	50.0	50.0	13.6842
01/25/2018 21:47:42	50.0	49.0	13.1234
01/25/2018 21:47:53	50.0	49.0	13.6483
01/25/2018 21:48:04	50.0	49.0	13.4921
01/25/2018 21:48:15	51.0	49.0	13.9842
01/25/2018 21:48:26	49.0	49.0	12.9288
01/25/2018 21:48:37	50.0	49.0	14.8825
01/25/2018 21:48:48	50.0	48.0	12.9288
01/25/2018 21:48:59	50.0	49.0	15.0396
01/25/2018 21:49:10	49.0	49.0	14.1732
01/25/2018 21:49:21	49.0	48.0	14.9215
01/25/2018 21:49:32	49.0	48.0	14.0212
01/25/2018 21:49:43	49.0	48.0	13.5638
01/25/2018 21:49:54	49.0	49.0	14.5503
01/25/2018 21:50:05	49.0	48.0	14.2105
01/25/2018 21:50:16	49.0	48.0	14.1732
01/25/2018 21:50:28	49.0	48.0	15.4856
01/25/2018 21:50:39	49.0	48.0	13.4565
01/25/2018 21:50:50	49.0	48.0	13.4211
01/25/2018 21:51:01	49.0	48.0	14.8148
01/25/2018 21:51:12	50.0	48.0	13.7566
01/25/2018 21:51:23	49.0	48.0	14.7368
01/25/2018 21:51:34	49.0	48.0	14.2857
01/25/2018 21:51:45	49.0	48.0	14.2105
01/25/2018 21:51:56	48.0	48.0	13.4921
01/25/2018 21:52:07	49.0	48.0	14.5503
01/25/2018 21:52:18	49.0	48.0	13.9474
01/25/2018 21:52:29	49.0	48.0	16.095
01/25/2018 21:52:40	48.0	48.0	13.9474
01/25/2018 21:52:51	49.0	47.0	13.9842
01/25/2018 21:53:02	49.0	48.0	14.248
01/25/2018 21:53:13	48.0	48.0	13.9842
01/25/2018 21:53:24	48.0	48.0	13.4211
01/25/2018 21:53:35	48.0	48.0	13.0548
01/25/2018 21:53:46	48.0	48.0	14.6982
01/25/2018 21:53:57	49.0	48.0	13.4565
01/25/2018 21:54:08	48.0	47.0	14.248
01/25/2018 21:54:19	49.0	47.0	14.2857
01/25/2018 21:54:30	48.0	48.0	13.6842
01/25/2018 21:54:41	48.0	48.0	14.4737
01/25/2018 21:54:52	48.0	48.0	13.9842
01/25/2018 21:55:03	48.0	47.0	12.9973
01/25/2018 21:55:14	49.0	47.0	12.1053
01/25/2018 21:55:26	48.0	48.0	13.7566
01/25/2018 21:55:37	48.0	48.0	12.8947
01/25/2018 21:55:48	49.0	48.0	15.0396
01/25/2018 21:55:59	48.0	47.0	14.4737
01/25/2018 21:56:10	49.0	47.0	13.6842
01/25/2018 21:56:21	48.0	48.0	13.2626
01/25/2018 21:56:32	48.0	48.0	14.0212
01/25/2018 21:56:43	49.0	47.0	13.8298
01/25/2018 21:56:54	49.0	47.0	14.4737
01/25/2018 21:57:05	48.0	48.0	13.2626
01/25/2018 21:57:16	48.0	47.0	14.7757
01/25/2018 21:57:27	49.0	48.0	13.7203
01/25/2018 21:57:38	48.0	48.0	14.4737
01/25/2018 21:57:49	51.0	50.0	13.2626
01/25/2018 21:58:00	52.0	51.0	12.8609
01/25/2018 21:58:11	53.0	53.0	12.3037
01/25/2018 21:58:22	54.0	53.0	12.1053
01/25/2018 21:58:33	55.0	55.0	11.5486
01/25/2018 21:58:44	56.0	56.0	12.3037
01/25/2018 21:58:55	57.0	56.0	12.3037
01/25/2018 21:59:06	55.0	54.0	12.8272
01/25/2018 21:59:17	52.0	53.0	12.5984
01/25/2018 21:59:28	52.0	51.0	11.3757
01/25/2018 21:59:39	51.0	51.0	14.3979
01/25/2018 21:59:50	50.0	50.0	15
01/25/2018 22:00:01	50.0	49.0	14.0212
01/25/2018 22:00:12	49.0	48.0	13.6842
01/25/2018 22:00:23	49.0	48.0	14.7757
01/25/2018 22:00:35	49.0	48.0	13.2275
01/25/2018 22:00:46	49.0	48.0	14.2105
01/25/2018 22:00:57	48.0	48.0	13.6842
01/25/2018 22:01:08	48.0	48.0	13.5279
01/25/2018 22:01:19	49.0	47.0	14.2857
01/25/2018 22:01:30	48.0	48.0	13.3858
01/25/2018 22:01:41	48.0	47.0	14.1361
01/25/2018 22:01:52	48.0	47.0	14.3236
01/25/2018 22:02:03	49.0	48.0	12.4011
01/25/2018 22:02:14	51.0	51.0	12.4011
01/25/2018 22:02:25	52.0	52.0	12.8947
01/25/2018 22:02:36	53.0	53.0	12.336
01/25/2018 22:02:47	55.0	54.0	12.0735
01/25/2018 22:02:58	56.0	54.0	12.8947
01/25/2018 22:03:09	57.0	56.0	11.8421
01/25/2018 22:03:20	56.0	56.0	12.7937
01/25/2018 22:03:31	54.0	53.0	12.5654
01/25/2018 22:03:42	52.0	52.0	12.4339
01/25/2018 22:03:53	51.0	51.0	14.7757
01/25/2018 22:04:04	50.0	50.0	14.1732
01/25/2018 22:04:15	50.0	49.0	15
01/25/2018 22:04:26	50.0	49.0	15.5263
01/25/2018 22:04:37	49.0	48.0	14.2857
01/25/2018 22:04:48	49.0	48.0	13.2979
01/25/2018 22:04:59	49.0	48.0	14.5503
01/25/2018 22:05:10	48.0	47.0	13.9474
01/25/2018 22:05:21	48.0	48.0	14.1732
01/25/2018 22:05:32	49.0	47.0	12.7937
01/25/2018 22:05:44	48.0	47.0	13.0319
01/25/2018 22:05:55	49.0	48.0	13.7566
01/25/2018 22:06:06	51.0	50.0	12.8272
01/25/2018 22:06:17	52.0	52.0	11.811
01/25/2018 22:06:28	53.0	53.0	13.5417
01/25/2018 22:06:39	55.0	54.0	12.5654
01/25/2018 22:06:50	56.0	55.0	11.3158
01/25/2018 22:07:01	57.0	56.0	12.6316
01/25/2018 22:07:12	55.0	54.0	12.8947
01/25/2018 22:07:23	53.0	53.0	12.4011
01/25/2018 22:07:34	52.0	51.0	12.5984
01/25/2018 22:07:45	51.0	50.0	14.0212
01/25/2018 22:07:56	50.0	50.0	13.4565
01/25/2018 22:08:07	49.0	48.0	15
01/25/2018 22:08:18	49.0	48.0	13.7203
01/25/2018 22:08:29	49.0	48.0	13.2626
01/25/2018 22:08:40	48.0	48.0	14.1732
01/25/2018 22:08:51	48.0	47.0	13.6483
01/25/2018 22:09:02	48.0	48.0	14.9606
01/25/2018 22:09:13	48.0	47.0	13.4921
01/25/2018 22:09:24	49.0	48.0	15.445
01/25/2018 22:09:35	51.0	51.0	13.4565
01/25/2018 22:09:46	53.0	51.0	12.336
01/25/2018 22:09:57	53.0	53.0	15.3439
01/25/2018 22:10:08	55.0	54.0	2.79188
