10/14/2017 18:30:38	58.0	56.0	2.267
10/14/2017 18:30:49	50.0	50.0	0.757576
10/14/2017 18:31:00	48.0	48.0	1.26904
10/14/2017 18:31:11	47.0	47.0	2.27848
10/14/2017 18:31:22	48.0	48.0	73.7762
10/14/2017 18:31:35	50.0	50.0	14.1509
10/14/2017 18:31:46	51.0	51.0	14.0992
10/14/2017 18:31:57	51.0	52.0	19.403
10/14/2017 18:32:08	52.0	53.0	22.1622
10/14/2017 18:32:20	55.0	54.0	12.963
10/14/2017 18:32:31	54.0	54.0	11.9048
10/14/2017 18:32:42	55.0	54.0	12.1693
10/14/2017 18:32:53	55.0	56.0	13.0548
10/14/2017 18:33:04	56.0	56.0	12.5326
10/14/2017 18:33:15	57.0	55.0	12.7937
10/14/2017 18:33:26	55.0	54.0	16.4141
10/14/2017 18:33:37	53.0	53.0	14.248
10/14/2017 18:33:48	51.0	51.0	15.8031
10/14/2017 18:33:59	50.0	50.0	13.9842
10/14/2017 18:34:10	49.0	48.0	14.8148
10/14/2017 18:34:21	49.0	48.0	14.0584
10/14/2017 18:34:32	48.0	47.0	15.544
10/14/2017 18:34:43	47.0	47.0	14.2857
10/14/2017 18:34:54	48.0	47.0	15.625
10/14/2017 18:35:05	49.0	49.0	14.0212
10/14/2017 18:35:16	50.0	50.0	14.026
10/14/2017 18:35:27	52.0	51.0	14.1361
10/14/2017 18:35:38	52.0	53.0	13.2812
10/14/2017 18:35:49	54.0	54.0	13.089
10/14/2017 18:36:00	55.0	54.0	12.8947
10/14/2017 18:36:11	55.0	54.0	12.336
10/14/2017 18:36:22	56.0	55.0	12.8272
10/14/2017 18:36:33	57.0	56.0	12.1053
10/14/2017 18:36:44	54.0	53.0	16.7959
10/14/2017 18:36:55	52.0	52.0	14.2105
10/14/2017 18:37:06	50.0	51.0	15
10/14/2017 18:37:17	50.0	50.0	15.5844
10/14/2017 18:37:29	49.0	50.0	17.8117
10/14/2017 18:37:40	49.0	48.0	13.9842
10/14/2017 18:37:51	48.0	47.0	16.1954
10/14/2017 18:38:02	48.0	48.0	14.0212
10/14/2017 18:38:13	48.0	48.0	14.0957
10/14/2017 18:38:24	48.0	47.0	13.9474
10/14/2017 18:38:35	47.0	46.0	14.5119
10/14/2017 18:38:46	49.0	48.0	13.5638
10/14/2017 18:38:57	50.0	50.0	14.0212
10/14/2017 18:39:08	51.0	51.0	12.987
10/14/2017 18:39:19	53.0	52.0	12.5654
10/14/2017 18:39:30	53.0	54.0	12.336
10/14/2017 18:39:41	55.0	54.0	12.1372
10/14/2017 18:39:52	55.0	56.0	12.1053
10/14/2017 18:40:03	56.0	55.0	12.5326
10/14/2017 18:40:14	56.0	56.0	16.4141
10/14/2017 18:40:25	54.0	53.0	13.4565
10/14/2017 18:40:36	52.0	51.0	14.6982
10/14/2017 18:40:47	51.0	50.0	13.7931
10/14/2017 18:40:58	50.0	50.0	18.4343
10/14/2017 18:41:09	49.0	49.0	13.7931
10/14/2017 18:41:20	49.0	48.0	13.2626
10/14/2017 18:41:31	48.0	48.0	13.6842
10/14/2017 18:41:42	48.0	48.0	18.0203
10/14/2017 18:41:53	47.0	48.0	14.5503
10/14/2017 18:42:04	47.0	47.0	14.2857
10/14/2017 18:42:15	48.0	47.0	13.4921
10/14/2017 18:42:27	48.0	47.0	13.4211
10/14/2017 18:42:38	50.0	50.0	12.8609
10/14/2017 18:42:49	51.0	51.0	13.7566
10/14/2017 18:43:00	53.0	52.0	12.8947
10/14/2017 18:43:11	54.0	53.0	12.0735
10/14/2017 18:43:22	55.0	54.0	11.9048
10/14/2017 18:43:33	55.0	54.0	12.0735
10/14/2017 18:43:44	56.0	56.0	12.8609
10/14/2017 18:43:55	55.0	55.0	12.3684
10/14/2017 18:44:06	53.0	53.0	14.2119
10/14/2017 18:44:17	51.0	51.0	14.0212
10/14/2017 18:44:28	51.0	51.0	14.2857
10/14/2017 18:44:39	50.0	50.0	14.6982
10/14/2017 18:44:50	49.0	50.0	14.0584
10/14/2017 18:45:01	49.0	48.0	13.7203
10/14/2017 18:45:12	49.0	48.0	13.2275
10/14/2017 18:45:23	48.0	48.0	14.2105
10/14/2017 18:45:34	48.0	48.0	13.9842
10/14/2017 18:45:45	48.0	47.0	14.5119
10/14/2017 18:45:56	47.0	47.0	14.1732
10/14/2017 18:46:07	48.0	48.0	14.248
10/14/2017 18:46:18	49.0	49.0	13.4921
10/14/2017 18:46:29	51.0	51.0	19.202
10/14/2017 18:46:40	52.0	53.0	12.0735
10/14/2017 18:46:51	52.0	53.0	12.4011
10/14/2017 18:47:02	54.0	54.0	12.2715
10/14/2017 18:47:13	55.0	54.0	12.1372
10/14/2017 18:47:24	56.0	56.0	12.0419
10/14/2017 18:47:36	57.0	56.0	11.8734
10/14/2017 18:47:47	55.0	55.0	11.8734
10/14/2017 18:47:58	53.0	53.0	13.1579
10/14/2017 18:48:09	51.0	51.0	17.9293
10/14/2017 18:48:20	50.0	50.0	13.7566
10/14/2017 18:48:31	50.0	50.0	14.4737
10/14/2017 18:48:42	49.0	49.0	13.9842
10/14/2017 18:48:53	48.0	48.0	14.248
10/14/2017 18:49:04	48.0	47.0	14.0212
10/14/2017 18:49:15	48.0	48.0	14.4737
10/14/2017 18:49:26	48.0	48.0	15.5844
10/14/2017 18:49:37	47.0	46.0	13.9842
10/14/2017 18:49:48	48.0	47.0	16.4103
10/14/2017 18:49:59	49.0	49.0	13.4565
10/14/2017 18:50:10	51.0	51.0	14.2857
10/14/2017 18:50:21	52.0	52.0	13.9896
10/14/2017 18:50:32	53.0	53.0	13.6951
10/14/2017 18:50:43	55.0	54.0	12.8609
10/14/2017 18:50:54	55.0	54.0	12.0735
10/14/2017 18:51:05	55.0	55.0	14.1388
10/14/2017 18:51:16	56.0	57.0	12.5654
10/14/2017 18:51:27	54.0	53.0	13.3858
10/14/2017 18:51:38	52.0	53.0	13.6842
10/14/2017 18:51:49	51.0	51.0	14.5078
10/14/2017 18:52:00	50.0	51.0	13.8667
10/14/2017 18:52:11	50.0	50.0	13.4565
10/14/2017 18:52:22	49.0	49.0	17.1795
10/14/2017 18:52:33	49.0	49.0	13.2626
10/14/2017 18:52:45	48.0	49.0	14.248
10/14/2017 18:52:56	48.0	48.0	14.1732
10/14/2017 18:53:07	48.0	48.0	14.6982
10/14/2017 18:53:18	47.0	48.0	17.1355
10/14/2017 18:53:29	48.0	48.0	13.9842
10/14/2017 18:53:40	49.0	49.0	13.6842
10/14/2017 18:53:51	51.0	51.0	14.248
10/14/2017 18:54:02	52.0	52.0	12.0735
10/14/2017 18:54:13	53.0	53.0	11.8421
10/14/2017 18:54:24	54.0	54.0	12.3037
10/14/2017 18:54:35	55.0	55.0	11.5789
10/14/2017 18:54:46	56.0	56.0	12.3037
10/14/2017 18:54:57	57.0	56.0	13.0548
10/14/2017 18:55:08	56.0	55.0	12.8272
10/14/2017 18:55:19	53.0	53.0	13.2626
10/14/2017 18:55:30	51.0	51.0	14.2105
10/14/2017 18:55:41	51.0	51.0	13.2275
10/14/2017 18:55:52	50.0	50.0	13.9842
10/14/2017 18:56:03	49.0	49.0	13.7203
10/14/2017 18:56:14	48.0	48.0	13.9842
10/14/2017 18:56:25	49.0	48.0	13.9108
10/14/2017 18:56:36	48.0	48.0	14.2105
10/14/2017 18:56:47	48.0	47.0	13.2275
10/14/2017 18:56:58	48.0	48.0	14.2105
10/14/2017 18:57:09	48.0	47.0	13.2275
10/14/2017 18:57:20	47.0	48.0	22.673
10/14/2017 18:57:31	50.0	49.0	14.1361
10/14/2017 18:57:43	51.0	51.0	12.5984
10/14/2017 18:57:54	52.0	53.0	12.5984
10/14/2017 18:58:05	54.0	53.0	13.0208
10/14/2017 18:58:16	55.0	54.0	12.8272
10/14/2017 18:58:27	56.0	55.0	12.5654
10/14/2017 18:58:38	56.0	55.0	12.3037
10/14/2017 18:58:49	56.0	56.0	12.7604
10/14/2017 18:59:00	54.0	54.0	13.0548
10/14/2017 18:59:11	52.0	53.0	13.8021
10/14/2017 18:59:22	51.0	51.0	13.5638
10/14/2017 18:59:33	51.0	50.0	13.9108
10/14/2017 18:59:44	50.0	49.0	13.7931
10/14/2017 18:59:55	49.0	48.0	13.6842
10/14/2017 19:00:06	49.0	48.0	13.9474
10/14/2017 19:00:17	49.0	48.0	15.0259
10/14/2017 19:00:28	48.0	47.0	15.6915
10/14/2017 19:00:39	49.0	48.0	14.2105
10/14/2017 19:00:50	48.0	48.0	14.1361
10/14/2017 19:01:01	48.0	47.0	13.5279
10/14/2017 19:01:12	50.0	48.0	14.1361
10/14/2017 19:01:23	50.0	50.0	12.6984
10/14/2017 19:01:34	52.0	51.0	12.3037
10/14/2017 19:01:45	53.0	53.0	12.6316
10/14/2017 19:01:56	54.0	53.0	12.2396
10/14/2017 19:02:07	55.0	55.0	13.0208
10/14/2017 19:02:18	56.0	56.0	18.1373
10/14/2017 19:02:29	57.0	56.0	12.8609
10/14/2017 19:02:40	55.0	54.0	13.0548
10/14/2017 19:02:51	52.0	52.0	13.4211
10/14/2017 19:03:03	51.0	51.0	13.6842
10/14/2017 19:03:14	51.0	50.0	21.3075
10/14/2017 19:03:25	50.0	49.0	13.9842
10/14/2017 19:03:36	49.0	48.0	13.9842
10/14/2017 19:03:47	49.0	48.0	13.9474
10/14/2017 19:03:58	48.0	48.0	13.7203
10/14/2017 19:04:09	49.0	48.0	14.6214
10/14/2017 19:04:20	48.0	47.0	13.9474
10/14/2017 19:04:31	48.0	47.0	15.9794
10/14/2017 19:04:42	48.0	47.0	13.6842
10/14/2017 19:04:53	48.0	48.0	13.7203
10/14/2017 19:05:04	50.0	49.0	12.6649
10/14/2017 19:05:15	51.0	51.0	12.6316
10/14/2017 19:05:26	52.0	53.0	12.5
10/14/2017 19:05:37	54.0	53.0	13.0208
10/14/2017 19:05:48	55.0	54.0	20
10/14/2017 19:05:59	55.0	54.0	12.7937
10/14/2017 19:06:10	57.0	56.0	13.0548
10/14/2017 19:06:21	54.0	54.0	13.3159
10/14/2017 19:06:32	53.0	53.0	13.1234
10/14/2017 19:06:43	51.0	51.0	14.1361
10/14/2017 19:06:54	50.0	51.0	13.4921
10/14/2017 19:07:05	50.0	50.0	13.9108
10/14/2017 19:07:16	49.0	49.0	14.3979
10/14/2017 19:07:27	49.0	48.0	14.3603
10/14/2017 19:07:38	49.0	48.0	13.9842
10/14/2017 19:07:49	48.0	48.0	21.4976
10/14/2017 19:08:01	48.0	48.0	14.1732
10/14/2017 19:08:12	48.0	47.0	14.248
10/14/2017 19:08:23	48.0	47.0	14.3979
10/14/2017 19:08:34	47.0	47.0	13.5279
10/14/2017 19:08:45	48.0	48.0	14.2105
10/14/2017 19:08:56	50.0	50.0	13.1234
10/14/2017 19:09:07	51.0	51.0	13.1926
10/14/2017 19:09:18	53.0	53.0	12.8609
10/14/2017 19:09:29	54.0	53.0	12.3037
10/14/2017 19:09:40	55.0	55.0	13.0548
10/14/2017 19:09:51	56.0	55.0	12.2396
10/14/2017 19:10:02	56.0	56.0	12.5654
10/14/2017 19:10:13	55.0	56.0	12.336
10/14/2017 19:10:24	54.0	53.0	13.7203
10/14/2017 19:10:35	51.0	52.0	15.0259
10/14/2017 19:10:46	51.0	50.0	14.4357
10/14/2017 19:10:58	49.0	50.0	25.3049
10/14/2017 19:11:09	50.0	49.0	18.9474
10/14/2017 19:11:20	49.0	49.0	19.5312
10/14/2017 19:11:31	50.0	50.0	17.5393
10/14/2017 19:11:42	50.0	50.0	16.9713
10/14/2017 19:11:53	51.0	50.0	17.801
10/14/2017 19:12:04	49.0	49.0	19.685
10/14/2017 19:12:15	50.0	50.0	18.3246
10/14/2017 19:12:26	49.0	48.0	19.1099
10/14/2017 19:12:37	49.0	49.0	14.3603
10/14/2017 19:12:48	48.0	48.0	13.4565
10/14/2017 19:12:59	48.0	48.0	13.7203
10/14/2017 19:13:10	48.0	47.0	18.4896
10/14/2017 19:13:21	48.0	47.0	19.2708
10/14/2017 19:13:32	49.0	48.0	20.7792
10/14/2017 19:13:43	49.0	49.0	18.2768
10/14/2017 19:13:54	49.0	49.0	18.6047
10/14/2017 19:14:05	49.0	49.0	18.0157
10/14/2017 19:14:16	48.0	48.0	20.7792
10/14/2017 19:14:27	49.0	50.0	17.3228
10/14/2017 19:14:38	49.0	49.0	17.2775
10/14/2017 19:14:49	49.0	48.0	18.799
10/14/2017 19:15:00	49.0	49.0	17.4479
10/14/2017 19:15:11	49.0	48.0	18.3463
10/14/2017 19:15:22	49.0	49.0	19.3211
10/14/2017 19:15:33	48.0	48.0	19.656
10/14/2017 19:15:44	48.0	48.0	13.6842
10/14/2017 19:15:56	48.0	47.0	21.4976
10/14/2017 19:16:07	50.0	49.0	13.4211
10/14/2017 19:16:18	50.0	51.0	19.5545
10/14/2017 19:16:29	52.0	52.0	12.6316
10/14/2017 19:16:40	54.0	53.0	12.0735
10/14/2017 19:16:51	54.0	53.0	16.1209
10/14/2017 19:17:02	55.0	55.0	12.0419
10/14/2017 19:17:13	56.0	55.0	12.3684
10/14/2017 19:17:24	56.0	56.0	12.5326
10/14/2017 19:17:35	56.0	56.0	12.7604
10/14/2017 19:17:46	54.0	54.0	13.3858
10/14/2017 19:17:57	52.0	52.0	14.6214
10/14/2017 19:18:08	51.0	51.0	19.4737
10/14/2017 19:18:19	51.0	51.0	14.1361
10/14/2017 19:18:30	50.0	50.0	14.248
10/14/2017 19:18:41	49.0	50.0	13.6842
10/14/2017 19:18:52	49.0	48.0	14.7368
10/14/2017 19:19:03	49.0	48.0	15.9686
10/14/2017 19:19:14	49.0	48.0	20.3125
10/14/2017 19:19:25	48.0	48.0	20
10/14/2017 19:19:36	49.0	48.0	19.5312
10/14/2017 19:19:47	50.0	50.0	17.9221
10/14/2017 19:19:58	49.0	50.0	17.9688
10/14/2017 19:20:09	49.0	50.0	20.1044
10/14/2017 19:20:20	50.0	49.0	19.9488
10/14/2017 19:20:31	49.0	49.0	19.5312
10/14/2017 19:20:42	50.0	49.0	17.2324
10/14/2017 19:20:53	50.0	48.0	16.6667
10/14/2017 19:21:04	48.0	48.0	14.4357
10/14/2017 19:21:15	48.0	48.0	14.6214
10/14/2017 19:21:26	48.0	47.0	13.9474
10/14/2017 19:21:37	50.0	49.0	12.9973
10/14/2017 19:21:49	51.0	51.0	12.8609
10/14/2017 19:22:00	52.0	53.0	12.336
10/14/2017 19:22:11	54.0	53.0	13.9175
10/14/2017 19:22:22	54.0	54.0	12.5984
10/14/2017 19:22:33	55.0	55.0	11.8421
10/14/2017 19:22:44	56.0	56.0	13.3159
10/14/2017 19:22:55	56.0	55.0	12.7937
10/14/2017 19:23:06	53.0	53.0	20
10/14/2017 19:23:17	52.0	51.0	13.9108
10/14/2017 19:23:28	51.0	51.0	14.1732
10/14/2017 19:23:39	50.0	50.0	13.4565
10/14/2017 19:23:50	49.0	48.0	13.9842
10/14/2017 19:24:01	49.0	48.0	13.7203
10/14/2017 19:24:12	48.0	48.0	14.2105
10/14/2017 19:24:23	49.0	47.0	21.3075
10/14/2017 19:24:34	48.0	46.0	13.9474
10/14/2017 19:24:45	48.0	47.0	13.9108
10/14/2017 19:24:56	48.0	47.0	12.7321
10/14/2017 19:25:07	48.0	48.0	13.7203
10/14/2017 19:25:18	50.0	49.0	12.6649
10/14/2017 19:25:29	52.0	51.0	12.3684
10/14/2017 19:25:40	53.0	53.0	21.2919
10/14/2017 19:25:51	54.0	53.0	12.5326
10/14/2017 19:26:02	54.0	54.0	12.3037
10/14/2017 19:26:13	55.0	55.0	12.8272
10/14/2017 19:26:24	56.0	56.0	12.0419
10/14/2017 19:26:35	56.0	56.0	13.2812
10/14/2017 19:26:46	54.0	54.0	13.4921
10/14/2017 19:26:58	51.0	51.0	12.963
10/14/2017 19:27:09	50.0	51.0	13.7203
10/14/2017 19:27:20	50.0	50.0	16.4103
10/14/2017 19:27:31	49.0	48.0	13.4211
10/14/2017 19:27:42	49.0	48.0	13.4565
10/14/2017 19:27:53	48.0	48.0	14.5119
10/14/2017 19:28:04	48.0	48.0	13.5279
10/14/2017 19:28:15	48.0	47.0	13.7566
10/14/2017 19:28:26	48.0	48.0	13.2275
10/14/2017 19:28:37	48.0	47.0	13.7931
10/14/2017 19:28:48	48.0	48.0	13.4921
10/14/2017 19:28:59	50.0	50.0	23.4597
10/14/2017 19:29:10	51.0	51.0	13.4211
10/14/2017 19:29:21	52.0	53.0	13.2468
10/14/2017 19:29:32	54.0	54.0	12.5984
10/14/2017 19:29:43	54.0	54.0	13.089
10/14/2017 19:29:54	55.0	55.0	12.5
10/14/2017 19:30:05	56.0	56.0	11.811
10/14/2017 19:30:16	56.0	56.0	12.0735
10/14/2017 19:30:27	54.0	54.0	13.7203
10/14/2017 19:30:38	52.0	53.0	12.1693
10/14/2017 19:30:49	51.0	51.0	13.7203
10/14/2017 19:31:00	50.0	50.0	18.3417
10/14/2017 19:31:11	50.0	49.0	13.8743
10/14/2017 19:31:22	49.0	48.0	16.1954
10/14/2017 19:31:33	49.0	48.0	14.1361
10/14/2017 19:31:44	48.0	48.0	13.7203
10/14/2017 19:31:55	48.0	47.0	13.6842
10/14/2017 19:32:07	48.0	46.0	13.7203
10/14/2017 19:32:18	47.0	47.0	13.4921
10/14/2017 19:32:29	49.0	48.0	13.7203
10/14/2017 19:32:40	50.0	50.0	13.0548
10/14/2017 19:32:51	52.0	51.0	12.0735
10/14/2017 19:33:02	53.0	52.0	12.0735
10/14/2017 19:33:13	54.0	54.0	12.5326
10/14/2017 19:33:24	56.0	54.0	12.7937
10/14/2017 19:33:35	56.0	55.0	12.0104
10/14/2017 19:33:46	57.0	56.0	21.7184
10/14/2017 19:33:57	55.0	54.0	13.6842
10/14/2017 19:34:08	52.0	53.0	14.9215
10/14/2017 19:34:19	51.0	51.0	13.7203
10/14/2017 19:34:30	50.0	50.0	14.1732
10/14/2017 19:34:41	50.0	49.0	13.9108
10/14/2017 19:34:52	49.0	48.0	13.9474
10/14/2017 19:35:03	49.0	48.0	13.9474
10/14/2017 19:35:14	48.0	47.0	13.7203
10/14/2017 19:35:25	48.0	47.0	16.8508
10/14/2017 19:35:36	50.0	50.0	14.248
10/14/2017 19:35:47	50.0	50.0	13.1234
10/14/2017 19:35:58	51.0	51.0	12.5654
10/14/2017 19:36:09	53.0	53.0	12.8272
10/14/2017 19:36:20	54.0	54.0	11.8421
10/14/2017 19:36:31	55.0	54.0	12.8609
10/14/2017 19:36:42	56.0	56.0	12.3037
10/14/2017 19:36:53	56.0	56.0	18.4729
10/14/2017 19:37:04	56.0	55.0	13.089
10/14/2017 19:37:15	54.0	54.0	21.957
10/14/2017 19:37:27	51.0	52.0	13.1579
10/14/2017 19:37:38	51.0	50.0	13.8381
10/14/2017 19:37:49	50.0	50.0	13.4565
10/14/2017 19:38:00	49.0	48.0	13.8743
10/14/2017 19:38:11	48.0	48.0	13.9108
10/14/2017 19:38:22	48.0	47.0	13.9474
10/14/2017 19:38:33	48.0	48.0	13.4565
10/14/2017 19:38:44	48.0	47.0	14.6982
10/14/2017 19:38:55	47.0	47.0	14.1361
10/14/2017 19:39:06	47.0	47.0	14.4357
10/14/2017 19:39:17	50.0	48.0	13.6126
10/14/2017 19:39:28	50.0	51.0	13.6842
10/14/2017 19:39:39	52.0	52.0	13.2468
10/14/2017 19:39:50	53.0	53.0	12.1053
10/14/2017 19:40:01	54.0	53.0	12.8947
10/14/2017 19:40:12	55.0	54.0	12.3037
10/14/2017 19:40:23	56.0	56.0	12.7937
10/14/2017 19:40:34	56.0	56.0	12.1372
10/14/2017 19:40:45	54.0	54.0	14.0625
10/14/2017 19:40:56	52.0	52.0	13.1926
10/14/2017 19:41:07	51.0	51.0	20.0495
10/14/2017 19:41:18	50.0	50.0	13.6842
10/14/2017 19:41:29	50.0	49.0	22.673
10/14/2017 19:41:40	49.0	48.0	14.4357
10/14/2017 19:41:51	49.0	48.0	15.544
10/14/2017 19:42:02	48.0	48.0	13.9474
10/14/2017 19:42:13	48.0	47.0	14.1732
10/14/2017 19:42:24	48.0	47.0	13.4565
10/14/2017 19:42:36	47.0	47.0	14.1361
10/14/2017 19:42:47	49.0	48.0	14.248
10/14/2017 19:42:58	50.0	50.0	13.089
10/14/2017 19:43:09	51.0	51.0	13.3858
10/14/2017 19:43:20	53.0	53.0	11.8421
10/14/2017 19:43:31	54.0	54.0	12.1053
10/14/2017 19:43:42	55.0	54.0	12.8272
10/14/2017 19:43:53	55.0	55.0	13.577
10/14/2017 19:44:04	57.0	56.0	12.336
10/14/2017 19:44:15	55.0	56.0	12.3684
10/14/2017 19:44:26	53.0	53.0	14.2105
10/14/2017 19:44:37	51.0	51.0	13.7566
10/14/2017 19:44:48	51.0	50.0	13.4565
10/14/2017 19:44:59	50.0	49.0	14.248
10/14/2017 19:45:10	49.0	49.0	12.9973
10/14/2017 19:45:21	49.0	48.0	13.4921
10/14/2017 19:45:32	48.0	48.0	14.1361
10/14/2017 19:45:43	48.0	47.0	14.6597
10/14/2017 19:45:54	48.0	48.0	13.7566
10/14/2017 19:46:05	50.0	50.0	13.8381
10/14/2017 19:46:16	51.0	51.0	13.5279
10/14/2017 19:46:27	52.0	53.0	17.7057
10/14/2017 19:46:38	54.0	53.0	12.5654
10/14/2017 19:46:49	55.0	54.0	19.8547
10/14/2017 19:47:00	55.0	54.0	12.5654
10/14/2017 19:47:11	57.0	56.0	16.5414
10/14/2017 19:47:22	56.0	55.0	12.3037
10/14/2017 19:47:33	54.0	53.0	14.1361
10/14/2017 19:47:45	51.0	52.0	13.7566
10/14/2017 19:47:56	51.0	51.0	14.1732
10/14/2017 19:48:07	50.0	50.0	14.1732
10/14/2017 19:48:18	49.0	49.0	13.5417
10/14/2017 19:48:29	49.0	48.0	13.9474
10/14/2017 19:48:40	48.0	48.0	13.9474
10/14/2017 19:48:51	48.0	48.0	13.2626
10/14/2017 19:49:02	48.0	48.0	14.5833
10/14/2017 19:49:13	47.0	48.0	13.2275
10/14/2017 19:49:24	48.0	48.0	14.6597
10/14/2017 19:49:35	50.0	50.0	12.0735
10/14/2017 19:49:46	51.0	52.0	14.3603
10/14/2017 19:49:57	52.0	52.0	11.5789
10/14/2017 19:50:08	53.0	53.0	12.8272
10/14/2017 19:50:19	54.0	54.0	12.8947
10/14/2017 19:50:30	55.0	55.0	13.089
10/14/2017 19:50:41	56.0	55.0	18.4729
10/14/2017 19:50:52	56.0	56.0	11.8421
10/14/2017 19:51:03	54.0	54.0	12.5654
10/14/2017 19:51:14	52.0	53.0	13.4921
10/14/2017 19:51:25	50.0	51.0	13.6842
10/14/2017 19:51:36	50.0	50.0	13.4565
10/14/2017 19:51:47	49.0	48.0	13.9474
10/14/2017 19:51:58	49.0	49.0	13.2626
10/14/2017 19:52:09	48.0	48.0	13.9474
10/14/2017 19:52:20	48.0	48.0	13.1926
10/14/2017 19:52:31	47.0	47.0	14.0212
10/14/2017 19:52:42	48.0	47.0	15.5039
10/14/2017 19:52:54	48.0	47.0	14.2105
10/14/2017 19:53:05	49.0	49.0	13.3858
10/14/2017 19:53:16	51.0	51.0	13.6483
10/14/2017 19:53:27	52.0	52.0	12.7273
10/14/2017 19:53:38	53.0	53.0	12.8609
10/14/2017 19:53:49	54.0	54.0	12.5326
10/14/2017 19:54:00	55.0	55.0	13.4715
10/14/2017 19:54:11	57.0	56.0	20.8134
10/14/2017 19:54:22	55.0	55.0	12.3037
10/14/2017 19:54:33	53.0	54.0	13.6483
10/14/2017 19:54:44	51.0	52.0	13.9474
10/14/2017 19:54:55	50.0	51.0	14.3979
10/14/2017 19:55:06	50.0	50.0	15.0649
10/14/2017 19:55:17	49.0	50.0	14.1732
10/14/2017 19:55:28	49.0	49.0	13.6842
10/14/2017 19:55:39	48.0	48.0	13.7203
10/14/2017 19:55:50	48.0	48.0	13.7203
10/14/2017 19:56:01	48.0	48.0	14.8825
10/14/2017 19:56:12	47.0	47.0	13.6842
10/14/2017 19:56:23	49.0	49.0	13.4921
10/14/2017 19:56:34	50.0	50.0	12.8947
10/14/2017 19:56:45	51.0	52.0	12.3684
10/14/2017 19:56:56	53.0	53.0	18.1818
10/14/2017 19:57:07	54.0	54.0	12.8272
10/14/2017 19:57:18	55.0	55.0	12.5326
10/14/2017 19:57:29	56.0	56.0	11.7493
10/14/2017 19:57:40	56.0	56.0	12.3684
10/14/2017 19:57:51	55.0	54.0	15.9898
10/14/2017 19:58:03	52.0	53.0	13.577
10/14/2017 19:58:14	51.0	51.0	13.6483
10/14/2017 19:58:25	50.0	50.0	14.1732
10/14/2017 19:58:36	49.0	49.0	13.7203
10/14/2017 19:58:47	49.0	48.0	14.4357
10/14/2017 19:58:58	49.0	48.0	13.6842
10/14/2017 19:59:09	48.0	47.0	21.9277
10/14/2017 19:59:20	48.0	47.0	13.4211
10/14/2017 19:59:31	47.0	48.0	14.3979
10/14/2017 19:59:42	49.0	48.0	13.4565
10/14/2017 19:59:53	50.0	51.0	13.6842
10/14/2017 20:00:04	51.0	52.0	12.9288
10/14/2017 20:00:15	53.0	53.0	12.0735
10/14/2017 20:00:26	54.0	54.0	21.2766
10/14/2017 20:00:37	55.0	54.0	12.5326
10/14/2017 20:00:48	55.0	56.0	12.3037
10/14/2017 20:00:59	57.0	56.0	12.0735
10/14/2017 20:01:10	56.0	55.0	12.8609
10/14/2017 20:01:21	54.0	53.0	13.1234
10/14/2017 20:01:32	51.0	52.0	13.9842
10/14/2017 20:01:43	50.0	51.0	17.4684
10/14/2017 20:01:54	49.0	50.0	13.4921
10/14/2017 20:02:05	49.0	49.0	14.5455
10/14/2017 20:02:16	48.0	48.0	14.248
10/14/2017 20:02:27	48.0	48.0	13.7566
10/14/2017 20:02:38	48.0	48.0	13.4565
10/14/2017 20:02:49	48.0	48.0	13.6483
10/14/2017 20:03:00	48.0	47.0	14.7368
10/14/2017 20:03:12	50.0	48.0	13.3159
10/14/2017 20:03:23	51.0	51.0	22.9858
10/14/2017 20:03:34	52.0	53.0	13.089
10/14/2017 20:03:45	54.0	53.0	12.2715
10/14/2017 20:03:56	55.0	54.0	12.8272
10/14/2017 20:04:07	55.0	56.0	12.5326
10/14/2017 20:04:18	56.0	56.0	12.5326
10/14/2017 20:04:29	57.0	57.0	11.6095
10/14/2017 20:04:40	54.0	54.0	13.9842
10/14/2017 20:04:51	52.0	53.0	13.5417
10/14/2017 20:05:02	51.0	51.0	19.7531
10/14/2017 20:05:13	50.0	50.0	13.6842
10/14/2017 20:05:24	50.0	49.0	14.3979
10/14/2017 20:05:35	49.0	49.0	13.3858
10/14/2017 20:05:46	49.0	48.0	13.6842
10/14/2017 20:05:57	48.0	47.0	14.1361
10/14/2017 20:06:08	48.0	47.0	13.9474
10/14/2017 20:06:19	48.0	48.0	14.6982
10/14/2017 20:06:30	50.0	50.0	13.4565
10/14/2017 20:06:41	51.0	51.0	12.7321
10/14/2017 20:06:52	52.0	53.0	12.5654
10/14/2017 20:07:03	54.0	53.0	20.241
10/14/2017 20:07:14	55.0	54.0	11.811
10/14/2017 20:07:25	55.0	55.0	12.5984
10/14/2017 20:07:36	56.0	56.0	11.811
10/14/2017 20:07:47	57.0	56.0	12.8272
10/14/2017 20:07:58	54.0	54.0	12.4011
10/14/2017 20:08:10	53.0	51.0	13.9842
10/14/2017 20:08:21	51.0	51.0	13.5279
10/14/2017 20:08:32	50.0	50.0	13.6126
10/14/2017 20:08:43	49.0	49.0	13.9842
10/14/2017 20:08:54	49.0	48.0	13.7566
10/14/2017 20:09:05	48.0	48.0	22.488
10/14/2017 20:09:16	48.0	47.0	14.1732
10/14/2017 20:09:27	48.0	47.0	13.6842
10/14/2017 20:09:38	48.0	47.0	13.1579
10/14/2017 20:09:49	50.0	49.0	13.7203
10/14/2017 20:10:00	51.0	51.0	12.8609
10/14/2017 20:10:11	52.0	52.0	12.3684
10/14/2017 20:10:22	54.0	53.0	12.0419
10/14/2017 20:10:33	55.0	54.0	12.5654
10/14/2017 20:10:44	55.0	54.0	12.3037
10/14/2017 20:10:55	56.0	56.0	12.336
10/14/2017 20:11:06	56.0	55.0	13.2468
10/14/2017 20:11:17	54.0	53.0	12.8947
10/14/2017 20:11:28	52.0	52.0	21.4458
10/14/2017 20:11:39	51.0	51.0	13.4921
10/14/2017 20:11:50	50.0	49.0	14.3229
10/14/2017 20:12:01	49.0	49.0	13.8743
10/14/2017 20:12:12	48.0	48.0	13.7203
10/14/2017 20:12:23	48.0	47.0	13.7566
10/14/2017 20:12:34	49.0	47.0	13.6483
10/14/2017 20:12:45	47.0	47.0	12.9973
10/14/2017 20:12:56	48.0	46.0	13.9842
10/14/2017 20:13:07	49.0	47.0	13.6842
10/14/2017 20:13:19	50.0	50.0	12.8947
10/14/2017 20:13:30	51.0	51.0	14.1361
10/14/2017 20:13:41	53.0	52.0	12.5984
10/14/2017 20:13:52	53.0	54.0	21.4797
10/14/2017 20:14:03	55.0	54.0	13.3508
10/14/2017 20:14:14	55.0	54.0	12.3037
10/14/2017 20:14:25	56.0	56.0	12.5984
10/14/2017 20:14:36	56.0	55.0	12.5984
10/14/2017 20:14:47	53.0	53.0	13.6483
10/14/2017 20:14:58	51.0	52.0	14.1361
10/14/2017 20:15:09	50.0	50.0	13.4211
10/14/2017 20:15:20	49.0	50.0	13.4565
10/14/2017 20:15:31	49.0	49.0	13.4565
10/14/2017 20:15:42	48.0	48.0	13.9474
10/14/2017 20:15:53	48.0	48.0	15
10/14/2017 20:16:04	48.0	47.0	14.0212
10/14/2017 20:16:15	47.0	47.0	15.7216
10/14/2017 20:16:26	48.0	46.0	13.7203
10/14/2017 20:16:37	47.0	47.0	21.875
10/14/2017 20:16:48	49.0	49.0	14.0212
10/14/2017 20:16:59	51.0	50.0	12.3037
10/14/2017 20:17:10	51.0	53.0	13.089
10/14/2017 20:17:21	53.0	53.0	12.987
10/14/2017 20:17:32	54.0	53.0	12.5326
10/14/2017 20:17:43	55.0	54.0	12.1053
10/14/2017 20:17:54	55.0	55.0	20.8333
10/14/2017 20:18:05	57.0	57.0	12.3037
10/14/2017 20:18:16	54.0	54.0	14.1361
10/14/2017 20:18:28	52.0	52.0	13.6483
10/14/2017 20:18:39	51.0	51.0	13.1926
10/14/2017 20:18:50	50.0	49.0	13.9842
10/14/2017 20:19:01	49.0	49.0	14.6214
10/14/2017 20:19:12	48.0	48.0	13.8743
10/14/2017 20:19:23	48.0	47.0	23.1678
10/14/2017 20:19:34	48.0	47.0	14.2105
10/14/2017 20:19:45	47.0	47.0	13.7203
10/14/2017 20:19:56	47.0	46.0	14.2105
10/14/2017 20:20:07	48.0	48.0	13.1926
10/14/2017 20:20:18	50.0	50.0	14.8438
10/14/2017 20:20:29	51.0	51.0	13.3508
10/14/2017 20:20:40	52.0	52.0	12.5654
10/14/2017 20:20:51	53.0	53.0	12.3037
10/14/2017 20:21:02	54.0	54.0	12.5654
10/14/2017 20:21:13	55.0	54.0	11.811
10/14/2017 20:21:24	56.0	55.0	12.5984
10/14/2017 20:21:35	56.0	56.0	12.8272
10/14/2017 20:21:46	53.0	53.0	13.4565
10/14/2017 20:21:57	51.0	51.0	14.1732
10/14/2017 20:22:08	50.0	50.0	17.7215
10/14/2017 20:22:19	49.0	49.0	13.5279
10/14/2017 20:22:30	49.0	48.0	20.9246
10/14/2017 20:22:41	48.0	48.0	13.7931
10/14/2017 20:22:52	48.0	48.0	13.7203
10/14/2017 20:23:03	48.0	47.0	14.2105
10/14/2017 20:23:14	47.0	47.0	14.1361
10/14/2017 20:23:26	47.0	47.0	13.2979
10/14/2017 20:23:37	49.0	48.0	13.9474
10/14/2017 20:23:48	51.0	51.0	12.336
10/14/2017 20:23:59	52.0	51.0	13.5417
10/14/2017 20:24:10	53.0	53.0	12.3684
10/14/2017 20:24:21	54.0	53.0	12.0735
10/14/2017 20:24:32	55.0	54.0	13.3508
10/14/2017 20:24:43	55.0	55.0	12.5654
10/14/2017 20:24:54	55.0	56.0	12.3037
10/14/2017 20:25:05	54.0	54.0	13.1579
10/14/2017 20:25:16	53.0	53.0	20.8232
10/14/2017 20:25:27	51.0	51.0	17.1717
10/14/2017 20:25:38	50.0	50.0	14.6982
10/14/2017 20:25:49	49.0	49.0	15.1042
10/14/2017 20:26:00	48.0	49.0	14.1732
10/14/2017 20:26:11	48.0	47.0	13.9474
10/14/2017 20:26:22	47.0	48.0	13.6842
10/14/2017 20:26:33	48.0	46.0	14.9215
10/14/2017 20:26:44	48.0	46.0	14.4357
10/14/2017 20:26:55	47.0	46.0	14.4357
10/14/2017 20:27:06	48.0	48.0	16.2791
10/14/2017 20:27:17	50.0	50.0	26.2673
10/14/2017 20:27:28	51.0	51.0	14.026
10/14/2017 20:27:39	51.0	51.0	12.5654
10/14/2017 20:27:50	53.0	53.0	12.1372
10/14/2017 20:28:01	55.0	54.0	12.1053
10/14/2017 20:28:12	55.0	54.0	12.5654
10/14/2017 20:28:23	55.0	55.0	12.5326
10/14/2017 20:28:35	55.0	55.0	13.4565
10/14/2017 20:28:46	53.0	53.0	12.6316
10/14/2017 20:28:57	51.0	52.0	14.248
10/14/2017 20:29:08	50.0	50.0	13.6842
10/14/2017 20:29:19	49.0	49.0	14.4737
10/14/2017 20:29:30	49.0	48.0	14.248
10/14/2017 20:29:41	48.0	47.0	13.8298
10/14/2017 20:29:52	48.0	48.0	13.7931
10/14/2017 20:30:03	48.0	47.0	14.248
10/14/2017 20:30:14	48.0	47.0	13.7203
10/14/2017 20:30:25	49.0	50.0	13.9474
10/14/2017 20:30:36	51.0	51.0	13.3858
10/14/2017 20:30:47	52.0	51.0	12.7321
10/14/2017 20:30:58	53.0	53.0	13.0548
10/14/2017 20:31:09	54.0	53.0	12.8947
10/14/2017 20:31:20	55.0	54.0	12.3684
10/14/2017 20:31:31	55.0	55.0	12.1053
10/14/2017 20:31:42	56.0	55.0	19.0709
10/14/2017 20:31:53	55.0	54.0	13.3508
10/14/2017 20:32:04	53.0	53.0	12.1372
10/14/2017 20:32:15	51.0	51.0	13.7203
10/14/2017 20:32:26	50.0	49.0	13.7566
10/14/2017 20:32:37	50.0	49.0	18.2957
10/14/2017 20:32:48	48.0	48.0	14.2105
10/14/2017 20:32:59	49.0	48.0	13.9474
10/14/2017 20:33:10	48.0	47.0	14.2105
10/14/2017 20:33:21	48.0	47.0	14.1732
10/14/2017 20:33:32	47.0	47.0	13.9842
10/14/2017 20:33:44	47.0	47.0	14.248
10/14/2017 20:33:55	50.0	48.0	13.7566
10/14/2017 20:34:06	51.0	51.0	13.3858
10/14/2017 20:34:17	52.0	51.0	12.8609
10/14/2017 20:34:28	53.0	53.0	13.089
10/14/2017 20:34:39	54.0	54.0	17.0157
10/14/2017 20:34:50	55.0	54.0	19.0104
10/14/2017 20:35:01	56.0	55.0	17.7546
10/14/2017 20:35:12	56.0	55.0	16.6667
10/14/2017 20:35:23	55.0	53.0	16.7102
10/14/2017 20:35:34	52.0	52.0	17.7835
10/14/2017 20:35:45	51.0	51.0	14.6214
10/14/2017 20:35:56	51.0	50.0	20.1044
10/14/2017 20:36:07	50.0	50.0	17.7546
10/14/2017 20:36:18	50.0	49.0	17.7546
10/14/2017 20:36:29	49.0	49.0	17.2775
10/14/2017 20:36:40	49.0	48.0	18.3727
10/14/2017 20:36:51	49.0	49.0	14.5833
10/14/2017 20:37:02	48.0	47.0	18.3727
10/14/2017 20:37:13	50.0	48.0	17.6623
10/14/2017 20:37:24	48.0	48.0	17.1429
10/14/2017 20:37:35	48.0	47.0	17.2324
10/14/2017 20:37:46	48.0	48.0	19.5312
10/14/2017 20:37:57	48.0	47.0	17.2324
10/14/2017 20:38:08	48.0	48.0	22.6368
10/14/2017 20:38:19	48.0	47.0	18.0157
10/14/2017 20:38:30	48.0	47.0	18.4211
10/14/2017 20:38:41	48.0	47.0	16.7095
10/14/2017 20:38:52	48.0	48.0	17.5393
10/14/2017 20:39:03	48.0	48.0	18.0628
10/14/2017 20:39:14	50.0	50.0	17.2775
10/14/2017 20:39:25	52.0	51.0	17.5393
10/14/2017 20:39:36	53.0	53.0	16.3212
10/14/2017 20:39:47	55.0	54.0	16.4062
10/14/2017 20:39:58	54.0	54.0	16.1458
10/14/2017 20:40:09	53.0	53.0	19.2708
10/14/2017 20:40:20	51.0	51.0	18.1818
10/14/2017 20:40:31	51.0	50.0	16.8831
10/14/2017 20:40:43	50.0	50.0	15.6658
10/14/2017 20:40:54	50.0	50.0	18.0157
10/14/2017 20:41:05	49.0	50.0	19.8433
10/14/2017 20:41:16	48.0	48.0	16.4491
10/14/2017 20:41:27	49.0	48.0	17.0984
10/14/2017 20:41:38	50.0	49.0	16.4491
10/14/2017 20:41:49	49.0	48.0	18.6352
10/14/2017 20:42:00	48.0	48.0	19.3717
10/14/2017 20:42:11	49.0	48.0	17.2324
10/14/2017 20:42:22	48.0	48.0	18.0628
10/14/2017 20:42:33	48.0	48.0	18.509
10/14/2017 20:42:44	48.0	48.0	17.0157
10/14/2017 20:42:55	48.0	47.0	18.75
10/14/2017 20:43:06	48.0	48.0	23.3333
10/14/2017 20:43:17	48.0	47.0	17.7083
10/14/2017 20:43:28	48.0	47.0	18.5864
10/14/2017 20:43:39	48.0	48.0	17.801
10/14/2017 20:43:50	48.0	47.0	17.4935
10/14/2017 20:44:01	48.0	47.0	19.0104
10/14/2017 20:44:12	48.0	47.0	19.2208
10/14/2017 20:44:23	48.0	47.0	18.1347
10/14/2017 20:44:34	48.0	47.0	18.8482
10/14/2017 20:44:45	48.0	47.0	20.2073
10/14/2017 20:44:56	48.0	47.0	16.9713
10/14/2017 20:45:07	48.0	48.0	18.3463
10/14/2017 20:45:18	49.0	47.0	17.6781
10/14/2017 20:45:29	49.0	47.0	17.1875
10/14/2017 20:45:40	48.0	47.0	17.9487
10/14/2017 20:45:51	49.0	48.0	15.4047
10/14/2017 20:46:02	51.0	51.0	17.2324
10/14/2017 20:46:13	52.0	51.0	16.9271
10/14/2017 20:46:24	53.0	53.0	17.8478
10/14/2017 20:46:35	55.0	54.0	20
10/14/2017 20:46:46	56.0	55.0	17.3684
10/14/2017 20:46:57	56.0	56.0	17.9688
10/14/2017 20:47:08	54.0	53.0	22.6601
10/14/2017 20:47:19	52.0	52.0	20.21
10/14/2017 20:47:30	51.0	51.0	18.4896
10/14/2017 20:47:41	51.0	51.0	16.2304
10/14/2017 20:47:52	50.0	50.0	19.0104
10/14/2017 20:48:03	50.0	50.0	16.0207
10/14/2017 20:48:15	50.0	48.0	18.0628
10/14/2017 20:48:26	49.0	49.0	19.0104
10/14/2017 20:48:37	49.0	48.0	22.6368
10/14/2017 20:48:48	49.0	48.0	17.5393
10/14/2017 20:48:59	49.0	48.0	17.4026
10/14/2017 20:49:10	49.0	48.0	18.75
10/14/2017 20:49:21	49.0	48.0	16.4491
10/14/2017 20:49:32	49.0	48.0	15.544
10/14/2017 20:49:43	49.0	47.0	17.2324
10/14/2017 20:49:54	49.0	48.0	18.1818
10/14/2017 20:50:05	48.0	47.0	18.961
10/14/2017 20:50:16	48.0	48.0	18.799
10/14/2017 20:50:27	48.0	47.0	16.4921
10/14/2017 20:50:38	49.0	47.0	18.2768
10/14/2017 20:50:49	48.0	48.0	15.6658
10/14/2017 20:51:00	48.0	47.0	23
10/14/2017 20:51:11	49.0	47.0	17.7546
10/14/2017 20:51:22	48.0	47.0	17.5393
10/14/2017 20:51:33	49.0	47.0	18.5379
10/14/2017 20:51:44	49.0	47.0	17.1053
10/14/2017 20:51:55	49.0	47.0	19.202
10/14/2017 20:52:06	48.0	47.0	18.2768
10/14/2017 20:52:17	48.0	48.0	16.1458
10/14/2017 20:52:28	48.0	47.0	16.6667
10/14/2017 20:52:39	48.0	47.0	17.2775
10/14/2017 20:52:50	48.0	47.0	19.2208
10/14/2017 20:53:01	48.0	47.0	17.5393
10/14/2017 20:53:12	48.0	47.0	13.9842
10/14/2017 20:53:23	48.0	47.0	14.8148
10/14/2017 20:53:34	49.0	48.0	18.799
10/14/2017 20:53:45	51.0	50.0	17.0157
10/14/2017 20:53:56	52.0	52.0	18.961
10/14/2017 20:54:07	54.0	53.0	16.6667
10/14/2017 20:54:18	55.0	54.0	17.5393
10/14/2017 20:54:29	56.0	55.0	18.961
10/14/2017 20:54:40	56.0	55.0	20.1044
10/14/2017 20:54:51	54.0	54.0	19.3211
10/14/2017 20:55:02	52.0	52.0	18.5864
10/14/2017 20:55:14	51.0	51.0	16.8798
10/14/2017 20:55:25	51.0	51.0	14.4737
10/14/2017 20:55:36	51.0	51.0	15.8854
10/14/2017 20:55:47	50.0	50.0	18.0628
10/14/2017 20:55:58	49.0	50.0	20.2597
10/14/2017 20:56:09	49.0	50.0	21.9451
10/14/2017 20:56:20	49.0	49.0	18.5864
10/14/2017 20:56:31	49.0	49.0	18.2292
10/14/2017 20:56:42	49.0	48.0	16.9713
10/14/2017 20:56:53	50.0	48.0	18.2768
10/14/2017 20:57:04	49.0	48.0	21.7391
10/14/2017 20:57:15	49.0	48.0	16.7979
10/14/2017 20:57:26	48.0	48.0	19.6335
10/14/2017 20:57:37	49.0	48.0	17.1429
10/14/2017 20:57:48	48.0	47.0	17.0984
10/14/2017 20:57:59	48.0	48.0	24.1463
10/14/2017 20:58:10	49.0	48.0	17.0157
10/14/2017 20:58:21	48.0	47.0	17.1053
10/14/2017 20:58:32	49.0	48.0	18.0157
10/14/2017 20:58:43	48.0	48.0	19.2708
10/14/2017 20:58:54	48.0	48.0	18.2292
10/14/2017 20:59:05	48.0	48.0	16.188
10/14/2017 20:59:16	48.0	47.0	16.1458
10/14/2017 20:59:27	48.0	48.0	17.7083
10/14/2017 20:59:38	48.0	47.0	16.6667
10/14/2017 20:59:49	48.0	47.0	17.5393
10/14/2017 21:00:00	48.0	48.0	17.1875
10/14/2017 21:00:11	48.0	47.0	21.8905
10/14/2017 21:00:22	48.0	48.0	16.9713
10/14/2017 21:00:33	48.0	47.0	17.6623
10/14/2017 21:00:44	48.0	48.0	16.9666
10/14/2017 21:00:55	48.0	47.0	19.3211
10/14/2017 21:01:06	48.0	47.0	19.7403
10/14/2017 21:01:17	48.0	47.0	23.4568
10/14/2017 21:01:28	48.0	47.0	18.8976
10/14/2017 21:01:39	48.0	47.0	17.4935
10/14/2017 21:01:50	48.0	47.0	18.4416
10/14/2017 21:02:01	48.0	48.0	20.5128
10/14/2017 21:02:12	50.0	49.0	19.3299
10/14/2017 21:02:23	50.0	49.0	18.3463
10/14/2017 21:02:35	49.0	48.0	19.1489
10/14/2017 21:02:46	51.0	50.0	22.6368
10/14/2017 21:02:57	49.0	48.0	14.5889
10/14/2017 21:03:08	48.0	47.0	14.1732
10/14/2017 21:03:19	47.0	47.0	16.3158
10/14/2017 21:03:30	48.0	47.0	18.2768
10/14/2017 21:03:41	48.0	47.0	18.4896
10/14/2017 21:03:52	48.0	48.0	19.4301
10/14/2017 21:04:03	49.0	48.0	16.8831
10/14/2017 21:04:14	48.0	47.0	17.1875
10/14/2017 21:04:25	48.0	47.0	16.9271
10/14/2017 21:04:36	48.0	47.0	15.6658
10/14/2017 21:04:47	49.0	49.0	15.9269
10/14/2017 21:04:58	48.0	47.0	14.0957
10/14/2017 21:05:09	48.0	47.0	14.248
10/14/2017 21:05:20	47.0	47.0	13.7566
10/14/2017 21:05:31	48.0	48.0	20
10/14/2017 21:05:42	50.0	49.0	14.8718
10/14/2017 21:05:53	51.0	51.0	14.6597
10/14/2017 21:06:04	52.0	51.0	13.3508
10/14/2017 21:06:15	53.0	53.0	12.336
10/14/2017 21:06:26	54.0	53.0	12.8609
10/14/2017 21:06:37	55.0	54.0	12.0419
10/14/2017 21:06:48	56.0	56.0	13.0548
10/14/2017 21:06:59	55.0	54.0	13.089
10/14/2017 21:07:10	53.0	53.0	13.9108
10/14/2017 21:07:21	51.0	51.0	13.2275
10/14/2017 21:07:32	50.0	50.0	13.2979
10/14/2017 21:07:43	49.0	49.0	14.7368
10/14/2017 21:07:54	51.0	49.0	16.3212
10/14/2017 21:08:06	50.0	48.0	19.5312
10/14/2017 21:08:17	49.0	48.0	16.4948
10/14/2017 21:08:28	50.0	48.0	18.6528
10/14/2017 21:08:39	50.0	49.0	19.8492
10/14/2017 21:08:50	49.0	49.0	22.4939
10/14/2017 21:09:01	50.0	50.0	19.5312
10/14/2017 21:09:12	50.0	50.0	17.2775
10/14/2017 21:09:23	49.0	48.0	17.9221
10/14/2017 21:09:34	49.0	48.0	17.8478
10/14/2017 21:09:45	49.0	48.0	19.1099
10/14/2017 21:09:56	49.0	48.0	19.5312
10/14/2017 21:10:07	49.0	48.0	15.748
10/14/2017 21:10:18	49.0	48.0	19.1099
10/14/2017 21:10:29	49.0	48.0	16.4062
10/14/2017 21:10:40	49.0	48.0	16.1039
10/14/2017 21:10:51	49.0	48.0	18.3938
10/14/2017 21:11:02	48.0	48.0	17.0543
10/14/2017 21:11:13	48.0	48.0	18.6352
10/14/2017 21:11:24	48.0	48.0	19.2105
10/14/2017 21:11:35	49.0	48.0	18.3727
10/14/2017 21:11:46	49.0	48.0	17.6623
10/14/2017 21:11:57	48.0	48.0	16.7979
10/14/2017 21:12:08	49.0	48.0	19.2708
10/14/2017 21:12:19	48.0	48.0	18.75
10/14/2017 21:12:30	50.0	49.0	16.5375
10/14/2017 21:12:41	49.0	47.0	17.4479
10/14/2017 21:12:52	49.0	48.0	18.799
10/14/2017 21:13:03	50.0	49.0	19.4226
10/14/2017 21:13:14	49.0	48.0	17.4935
10/14/2017 21:13:25	49.0	48.0	19.5312
10/14/2017 21:13:36	49.0	48.0	24.8804
10/14/2017 21:13:47	49.0	48.0	17.2775
10/14/2017 21:13:58	48.0	48.0	17.7083
10/14/2017 21:14:09	48.0	48.0	17.2775
10/14/2017 21:14:20	48.0	48.0	17.9688
10/14/2017 21:14:31	49.0	48.0	18.3727
10/14/2017 21:14:42	48.0	49.0	19.697
10/14/2017 21:14:53	48.0	48.0	16.3636
10/14/2017 21:15:04	48.0	48.0	16.7539
10/14/2017 21:15:15	49.0	48.0	17.942
10/14/2017 21:15:26	48.0	48.0	16.4921
10/14/2017 21:15:37	48.0	48.0	24.4444
10/14/2017 21:15:49	49.0	48.0	19.2612
10/14/2017 21:16:00	48.0	48.0	17.801
10/14/2017 21:16:11	49.0	48.0	18.1102
10/14/2017 21:16:22	48.0	48.0	16.7539
10/14/2017 21:16:33	48.0	48.0	24.0876
10/14/2017 21:16:44	48.0	48.0	17.7083
10/14/2017 21:16:55	49.0	48.0	13.5279
10/14/2017 21:17:06	47.0	47.0	14.2105
10/14/2017 21:17:17	47.0	47.0	14.2105
10/14/2017 21:17:28	47.0	47.0	15.8442
10/14/2017 21:17:39	48.0	47.0	14.4357
10/14/2017 21:17:50	49.0	49.0	13.089
10/14/2017 21:18:01	51.0	51.0	14.5119
10/14/2017 21:18:12	52.0	51.0	12.987
10/14/2017 21:18:23	53.0	53.0	12.4011
10/14/2017 21:18:34	54.0	53.0	13.3159
10/14/2017 21:18:45	55.0	54.0	12.8272
10/14/2017 21:18:56	56.0	55.0	12.3037
10/14/2017 21:19:07	54.0	54.0	13.6842
10/14/2017 21:19:18	52.0	52.0	13.1234
10/14/2017 21:19:29	51.0	51.0	14.0992
10/14/2017 21:19:40	50.0	50.0	16.7102
10/14/2017 21:19:51	50.0	51.0	23.6842
10/14/2017 21:20:02	50.0	49.0	18.799
10/14/2017 21:20:13	50.0	50.0	20.1571
10/14/2017 21:20:24	50.0	50.0	17.4935
10/14/2017 21:20:35	49.0	49.0	20.5656
10/14/2017 21:20:46	50.0	50.0	18.2292
10/14/2017 21:20:57	49.0	50.0	17.0984
10/14/2017 21:21:08	50.0	49.0	17.5393
10/14/2017 21:21:19	49.0	49.0	18.2519
10/14/2017 21:21:30	49.0	49.0	18.4896
10/14/2017 21:21:41	50.0	49.0	17.9688
10/14/2017 21:21:52	49.0	49.0	17.1875
10/14/2017 21:22:04	50.0	49.0	19.0231
10/14/2017 21:22:15	49.0	48.0	17.2324
10/14/2017 21:22:26	49.0	48.0	17.5393
10/14/2017 21:22:37	49.0	48.0	17.801
10/14/2017 21:22:48	49.0	48.0	22.7941
10/14/2017 21:22:59	48.0	48.0	17.2324
10/14/2017 21:23:10	49.0	48.0	16.3636
10/14/2017 21:23:21	49.0	48.0	15.6658
10/14/2017 21:23:32	49.0	48.0	22.2222
10/14/2017 21:23:43	49.0	49.0	18.5379
10/14/2017 21:23:54	49.0	48.0	17.7835
10/14/2017 21:24:05	48.0	48.0	18.4416
10/14/2017 21:24:16	49.0	48.0	19.3717
10/14/2017 21:24:27	49.0	48.0	20.4724
10/14/2017 21:24:38	49.0	49.0	18.5379
10/14/2017 21:24:49	49.0	48.0	16.4062
10/14/2017 21:25:00	49.0	48.0	18.3246
10/14/2017 21:25:11	49.0	48.0	17.9688
10/14/2017 21:25:22	48.0	48.0	16.8831
10/14/2017 21:25:33	49.0	48.0	19.8473
10/14/2017 21:25:44	48.0	48.0	18.799
10/14/2017 21:25:55	49.0	48.0	19.3211
10/14/2017 21:26:06	48.0	48.0	18.1579
10/14/2017 21:26:17	49.0	48.0	20.1571
10/14/2017 21:26:28	49.0	48.0	17.9688
10/14/2017 21:26:39	48.0	48.0	20.2597
10/14/2017 21:26:50	49.0	48.0	15.6658
10/14/2017 21:27:01	49.0	48.0	16.6667
10/14/2017 21:27:12	49.0	47.0	18.3938
10/14/2017 21:27:23	49.0	48.0	18.6528
10/14/2017 21:27:34	49.0	48.0	25.1816
10/14/2017 21:27:45	49.0	48.0	18.799
10/14/2017 21:27:56	48.0	48.0	17.8478
10/14/2017 21:28:07	49.0	48.0	18.799
10/14/2017 21:28:18	49.0	49.0	18.5379
10/14/2017 21:28:29	49.0	48.0	16.6234
10/14/2017 21:28:40	48.0	47.0	17.9688
10/14/2017 21:28:51	48.0	49.0	20.4545
10/14/2017 21:29:02	49.0	48.0	19.0104
10/14/2017 21:29:13	49.0	48.0	18.0879
10/14/2017 21:29:24	49.0	48.0	17.4935
10/14/2017 21:29:36	49.0	48.0	16.6667
10/14/2017 21:29:47	49.0	48.0	18.6528
10/14/2017 21:29:58	49.0	48.0	17.7546
10/14/2017 21:30:09	49.0	49.0	20.8651
10/14/2017 21:30:20	49.0	48.0	19.3211
10/14/2017 21:30:31	49.0	48.0	17.7546
10/14/2017 21:30:42	49.0	48.0	18.1818
10/14/2017 21:30:53	51.0	49.0	19.7403
10/14/2017 21:31:04	51.0	50.0	19.2802
10/14/2017 21:31:15	51.0	51.0	17.6923
10/14/2017 21:31:26	51.0	51.0	22.3881
10/14/2017 21:31:37	51.0	50.0	20
10/14/2017 21:31:48	51.0	51.0	21.9638
10/14/2017 21:31:59	51.0	51.0	18.3463
10/14/2017 21:32:10	52.0	51.0	16.8831
10/14/2017 21:32:21	52.0	51.0	20.7792
10/14/2017 21:32:32	51.0	51.0	20.0514
10/14/2017 21:32:43	52.0	51.0	25.4237
10/14/2017 21:32:54	51.0	51.0	18.863
10/14/2017 21:33:05	53.0	51.0	22.0207
10/14/2017 21:33:16	52.0	51.0	21.8182
10/14/2017 21:33:27	53.0	52.0	20.9845
10/14/2017 21:33:38	52.0	52.0	19.5876
10/14/2017 21:33:49	52.0	51.0	14.9733
10/14/2017 21:34:00	50.0	50.0	18.8976
10/14/2017 21:34:11	52.0	51.0	15.9269
10/14/2017 21:34:22	54.0	53.0	18.3727
10/14/2017 21:34:33	55.0	54.0	16.0526
10/14/2017 21:34:44	57.0	56.0	17.5393
10/14/2017 21:34:55	55.0	54.0	18.799
10/14/2017 21:35:06	53.0	53.0	15.8031
10/14/2017 21:35:17	52.0	52.0	14.5119
10/14/2017 21:35:28	51.0	51.0	15.9269
10/14/2017 21:35:39	51.0	51.0	16.7102
10/14/2017 21:35:50	50.0	51.0	18.299
10/14/2017 21:36:01	50.0	50.0	19.084
10/14/2017 21:36:12	50.0	50.0	21.9212
10/14/2017 21:36:23	50.0	49.0	21.4464
10/14/2017 21:36:34	49.0	50.0	21.2346
10/14/2017 21:36:45	49.0	49.0	19.2982
10/14/2017 21:36:56	49.0	50.0	17.4026
10/14/2017 21:37:07	49.0	49.0	16.7102
10/14/2017 21:37:18	49.0	48.0	18.5864
10/14/2017 21:37:30	49.0	48.0	17.7083
10/14/2017 21:37:41	49.0	49.0	16.4921
10/14/2017 21:37:52	49.0	48.0	17.4935
10/14/2017 21:38:03	48.0	48.0	19.2708
10/14/2017 21:38:14	48.0	49.0	17.9688
10/14/2017 21:38:25	48.0	48.0	16.3636
10/14/2017 21:38:36	48.0	48.0	17.801
10/14/2017 21:38:47	49.0	49.0	21.4646
10/14/2017 21:38:58	49.0	49.0	15.9686
10/14/2017 21:39:09	49.0	48.0	17.4026
10/14/2017 21:39:20	49.0	49.0	18.0628
10/14/2017 21:39:31	49.0	48.0	15.5844
10/14/2017 21:39:42	49.0	49.0	18.9474
10/14/2017 21:39:53	49.0	49.0	19.0355
10/14/2017 21:40:04	49.0	48.0	14.9215
10/14/2017 21:40:15	49.0	48.0	18.0628
10/14/2017 21:40:26	50.0	48.0	17.8295
10/14/2017 21:40:37	49.0	48.0	18.2768
10/14/2017 21:40:48	49.0	48.0	24.5098
10/14/2017 21:40:59	49.0	48.0	18.2292
10/14/2017 21:41:10	49.0	48.0	17.6166
10/14/2017 21:41:21	49.0	48.0	18.4211
10/14/2017 21:41:32	49.0	48.0	22.25
10/14/2017 21:41:43	48.0	48.0	17.7083
10/14/2017 21:41:54	48.0	48.0	17.5853
10/14/2017 21:42:05	48.0	48.0	17.4026
10/14/2017 21:42:16	48.0	48.0	19.0476
10/14/2017 21:42:27	48.0	48.0	17.4479
10/14/2017 21:42:38	48.0	47.0	18.0157
10/14/2017 21:42:49	48.0	48.0	16.2304
10/14/2017 21:43:00	49.0	48.0	18.0628
10/14/2017 21:43:11	48.0	48.0	17.7083
10/14/2017 21:43:22	48.0	48.0	16.188
10/14/2017 21:43:33	48.0	48.0	17.4935
10/14/2017 21:43:44	48.0	48.0	16.1458
10/14/2017 21:43:55	48.0	48.0	18.5379
10/14/2017 21:44:06	48.0	48.0	17.1875
10/14/2017 21:44:17	48.0	48.0	18.2292
10/14/2017 21:44:28	49.0	48.0	17.7083
10/14/2017 21:44:39	48.0	48.0	17.4026
10/14/2017 21:44:50	49.0	48.0	16.188
10/14/2017 21:45:02	49.0	48.0	16.7539
10/14/2017 21:45:13	49.0	48.0	17.2775
10/14/2017 21:45:24	49.0	48.0	16.1039
10/14/2017 21:45:35	48.0	48.0	21.4464
10/14/2017 21:45:46	48.0	48.0	16.9713
10/14/2017 21:45:57	49.0	49.0	17.0157
10/14/2017 21:46:08	49.0	49.0	18.9474
10/14/2017 21:46:19	49.0	48.0	18.0628
10/14/2017 21:46:30	49.0	48.0	17.3684
10/14/2017 21:46:41	49.0	48.0	19.4805
10/14/2017 21:46:52	49.0	48.0	18.4896
10/14/2017 21:47:03	49.0	48.0	21.0938
10/14/2017 21:47:14	48.0	48.0	17.4935
10/14/2017 21:47:25	48.0	48.0	17.4479
10/14/2017 21:47:36	48.0	48.0	16.9713
10/14/2017 21:47:47	48.0	48.0	17.2324
10/14/2017 21:47:58	48.0	48.0	17.801
10/14/2017 21:48:09	48.0	47.0	18.0628
10/14/2017 21:48:20	48.0	48.0	21.7722
10/14/2017 21:48:31	48.0	48.0	19.3717
10/14/2017 21:48:42	48.0	48.0	18.0157
10/14/2017 21:48:53	48.0	47.0	16.3158
10/14/2017 21:49:04	49.0	48.0	17.5393
10/14/2017 21:49:15	49.0	48.0	15.4047
10/14/2017 21:49:26	48.0	48.0	18.0157
10/14/2017 21:49:37	49.0	48.0	23.8443
10/14/2017 21:49:48	49.0	48.0	16.188
10/14/2017 21:49:59	49.0	48.0	18.0157
10/14/2017 21:50:10	51.0	51.0	17.5853
10/14/2017 21:50:21	53.0	53.0	18.3727
10/14/2017 21:50:32	54.0	54.0	15.9269
10/14/2017 21:50:43	56.0	56.0	16.3636
10/14/2017 21:50:54	58.0	57.0	16.4062
10/14/2017 21:51:05	55.0	54.0	18.75
10/14/2017 21:51:16	53.0	53.0	18.7013
10/14/2017 21:51:27	53.0	53.0	16.5789
10/14/2017 21:51:38	52.0	51.0	21.4815
10/14/2017 21:51:49	51.0	51.0	20.0521
10/14/2017 21:52:00	51.0	50.0	21.4464
10/14/2017 21:52:11	51.0	50.0	17.1875
10/14/2017 21:52:22	50.0	50.0	16.4491
10/14/2017 21:52:34	50.0	50.0	17.7546
10/14/2017 21:52:45	50.0	50.0	19.1099
10/14/2017 21:52:56	49.0	49.0	18.8482
10/14/2017 21:53:07	50.0	49.0	19.7917
10/14/2017 21:53:18	49.0	50.0	17.3228
10/14/2017 21:53:29	50.0	49.0	17.5853
10/14/2017 21:53:40	50.0	49.0	17.801
10/14/2017 21:53:51	50.0	50.0	17.4935
10/14/2017 21:54:02	49.0	49.0	16.188
10/14/2017 21:54:13	49.0	49.0	17.4935
10/14/2017 21:54:24	50.0	49.0	18.6352
10/14/2017 21:54:35	49.0	49.0	19.8953
10/14/2017 21:54:46	49.0	49.0	18.8976
10/14/2017 21:54:57	49.0	50.0	17.0604
10/14/2017 21:55:08	50.0	50.0	17.801
10/14/2017 21:55:19	49.0	49.0	17.801
10/14/2017 21:55:30	50.0	50.0	18.7335
10/14/2017 21:55:41	50.0	49.0	15.8854
10/14/2017 21:55:52	49.0	49.0	15.748
10/14/2017 21:56:03	49.0	49.0	17.6623
10/14/2017 21:56:14	50.0	49.0	15.625
10/14/2017 21:56:25	49.0	48.0	18.3246
10/14/2017 21:56:36	49.0	48.0	16.188
10/14/2017 21:56:47	49.0	48.0	13.9474
10/14/2017 21:56:58	49.0	48.0	18.3246
10/14/2017 21:57:09	49.0	48.0	18.75
10/14/2017 21:57:20	49.0	48.0	17.7083
10/14/2017 21:57:31	49.0	48.0	15.7068
10/14/2017 21:57:42	49.0	48.0	17.5853
10/14/2017 21:57:53	49.0	48.0	19.4737
10/14/2017 21:58:04	50.0	48.0	15.9686
10/14/2017 21:58:15	49.0	48.0	17.9688
10/14/2017 21:58:26	49.0	48.0	16.188
10/14/2017 21:58:37	49.0	48.0	24.2131
10/14/2017 21:58:48	49.0	48.0	17.5393
10/14/2017 21:58:59	49.0	48.0	23.2274
10/14/2017 21:59:10	49.0	49.0	17.2775
10/14/2017 21:59:21	49.0	48.0	18.8144
10/14/2017 21:59:32	49.0	49.0	19.1601
10/14/2017 21:59:43	49.0	48.0	16.3636
10/14/2017 21:59:55	49.0	48.0	16.273
10/14/2017 22:00:06	49.0	48.0	17.8947
10/14/2017 22:00:17	48.0	48.0	16.7102
10/14/2017 22:00:28	48.0	48.0	19.685
10/14/2017 22:00:39	51.0	50.0	19.0104
10/14/2017 22:00:50	49.0	48.0	15.1832
10/14/2017 22:01:01	49.0	48.0	17.8478
10/14/2017 22:01:12	49.0	48.0	18.0157
10/14/2017 22:01:23	48.0	48.0	17.2775
10/14/2017 22:01:34	48.0	48.0	18.2768
10/14/2017 22:01:45	49.0	48.0	20.9719
10/14/2017 22:01:56	49.0	48.0	17.9221
10/14/2017 22:02:07	49.0	48.0	22.2222
10/14/2017 22:02:18	49.0	48.0	17.8947
10/14/2017 22:02:29	49.0	48.0	18.5379
10/14/2017 22:02:40	49.0	48.0	18.2768
10/14/2017 22:02:51	49.0	48.0	16.8831
10/14/2017 22:03:02	48.0	48.0	20.1571
10/14/2017 22:03:13	48.0	48.0	17.2324
10/14/2017 22:03:24	49.0	48.0	19.0104
10/14/2017 22:03:35	49.0	48.0	17.0157
10/14/2017 22:03:46	49.0	48.0	18.2292
10/14/2017 22:03:57	49.0	48.0	19.1601
10/14/2017 22:04:08	50.0	49.0	21.5385
10/14/2017 22:04:19	48.0	48.0	17.1875
10/14/2017 22:04:30	49.0	48.0	21.8905
10/14/2017 22:04:41	49.0	48.0	17.9221
10/14/2017 22:04:52	49.0	48.0	19.2708
10/14/2017 22:05:03	49.0	49.0	20
10/14/2017 22:05:14	49.0	49.0	15.8031
10/14/2017 22:05:25	49.0	49.0	17.1429
10/14/2017 22:05:36	49.0	48.0	18.0628
10/14/2017 22:05:47	48.0	48.0	17.3575
10/14/2017 22:05:58	49.0	49.0	19.0601
10/14/2017 22:06:09	50.0	50.0	18.1818
10/14/2017 22:06:20	52.0	52.0	19.7368
10/14/2017 22:06:31	54.0	53.0	24.2718
10/14/2017 22:06:42	55.0	54.0	17.7083
10/14/2017 22:06:54	56.0	56.0	17.4935
10/14/2017 22:07:05	56.0	56.0	16.8831
10/14/2017 22:07:16	54.0	54.0	17.1875
10/14/2017 22:07:27	53.0	53.0	17.1875
10/14/2017 22:07:38	51.0	51.0	18.1579
10/14/2017 22:07:49	51.0	51.0	17.4479
10/14/2017 22:08:00	51.0	51.0	14.8825
10/14/2017 22:08:11	50.0	50.0	16.7526
10/14/2017 22:08:22	50.0	50.0	15.8854
10/14/2017 22:08:33	50.0	49.0	18.509
10/14/2017 22:08:44	50.0	49.0	17.6623
10/14/2017 22:08:55	50.0	49.0	18.4211
10/14/2017 22:09:06	49.0	49.0	18.1102
10/14/2017 22:09:17	49.0	49.0	18.799
10/14/2017 22:09:28	50.0	49.0	16.4921
10/14/2017 22:09:39	49.0	48.0	17.0543
10/14/2017 22:09:50	49.0	49.0	18.0157
10/14/2017 22:10:01	49.0	49.0	17.1875
10/14/2017 22:10:12	49.0	49.0	17.2324
10/14/2017 22:10:23	50.0	49.0	18.6528
10/14/2017 22:10:34	50.0	50.0	19.6382
10/14/2017 22:10:45	51.0	50.0	19.9482
10/14/2017 22:10:56	51.0	50.0	19.4301
10/14/2017 22:11:07	51.0	52.0	18.509
10/14/2017 22:11:18	52.0	52.0	24.8193
10/14/2017 22:11:29	52.0	51.0	20.7692
10/14/2017 22:11:40	51.0	51.0	19.4872
10/14/2017 22:11:51	52.0	51.0	13.5279
10/14/2017 22:12:02	50.0	50.0	18.0628
10/14/2017 22:12:13	50.0	51.0	17.4026
10/14/2017 22:12:24	50.0	50.0	15.7068
10/14/2017 22:12:35	49.0	49.0	21.1587
10/14/2017 22:12:46	50.0	50.0	18.0628
10/14/2017 22:12:57	50.0	50.0	20.1571
10/14/2017 22:13:08	50.0	50.0	16.7959
10/14/2017 22:13:19	50.0	50.0	18.75
10/14/2017 22:13:30	50.0	49.0	15.9269
10/14/2017 22:13:41	49.0	50.0	23.2323
10/14/2017 22:13:52	49.0	50.0	15.9269
10/14/2017 22:14:03	49.0	49.0	16.9271
10/14/2017 22:14:14	49.0	49.0	18.3246
10/14/2017 22:14:25	49.0	49.0	17.8295
10/14/2017 22:14:37	49.0	49.0	18.5379
10/14/2017 22:14:48	49.0	49.0	19.0601
10/14/2017 22:14:59	49.0	49.0	17.3575
10/14/2017 22:15:10	49.0	49.0	17.2775
10/14/2017 22:15:21	49.0	48.0	18.0628
10/14/2017 22:15:32	49.0	49.0	23.1504
10/14/2017 22:15:43	49.0	49.0	17.8947
10/14/2017 22:15:54	49.0	49.0	17.801
10/14/2017 22:16:05	49.0	49.0	15.8442
10/14/2017 22:16:16	49.0	48.0	16.5803
10/14/2017 22:16:27	49.0	48.0	16.9713
10/14/2017 22:16:38	49.0	48.0	17.2324
10/14/2017 22:16:49	49.0	48.0	17.9688
10/14/2017 22:17:00	49.0	49.0	16.1376
10/14/2017 22:17:11	49.0	49.0	18.4896
10/14/2017 22:17:22	49.0	48.0	17.4479
10/14/2017 22:17:33	48.0	48.0	18.5379
10/14/2017 22:17:44	48.0	49.0	16.4062
10/14/2017 22:17:55	49.0	49.0	19.7368
10/14/2017 22:18:06	49.0	48.0	19.2208
10/14/2017 22:18:17	50.0	49.0	16.3636
10/14/2017 22:18:28	49.0	49.0	17.9949
10/14/2017 22:18:39	49.0	49.0	19.5312
10/14/2017 22:18:50	49.0	48.0	17.2324
10/14/2017 22:19:01	49.0	49.0	17.4479
10/14/2017 22:19:12	49.0	49.0	18.2768
10/14/2017 22:19:23	49.0	48.0	18.5864
10/14/2017 22:19:34	49.0	48.0	17.6623
10/14/2017 22:19:45	48.0	48.0	17.8756
10/14/2017 22:19:56	49.0	48.0	16.9271
10/14/2017 22:20:07	50.0	49.0	17.1875
10/14/2017 22:20:18	49.0	48.0	18.0157
10/14/2017 22:20:29	49.0	50.0	20.7349
10/14/2017 22:20:40	49.0	49.0	17.8478
10/14/2017 22:20:51	48.0	48.0	17.0157
10/14/2017 22:21:02	49.0	48.0	22.5
10/14/2017 22:21:13	49.0	48.0	16.4921
10/14/2017 22:21:24	49.0	48.0	17.6623
10/14/2017 22:21:35	48.0	48.0	17.4479
10/14/2017 22:21:47	49.0	48.0	19.0601
10/14/2017 22:21:58	49.0	49.0	18.0628
10/14/2017 22:22:09	50.0	50.0	16.1458
10/14/2017 22:22:20	52.0	52.0	17.9221
10/14/2017 22:22:31	53.0	53.0	17.1875
10/14/2017 22:22:42	55.0	54.0	15.7068
10/14/2017 22:22:53	56.0	56.0	20.2073
10/14/2017 22:23:04	56.0	56.0	21.5026
10/14/2017 22:23:15	56.0	54.0	18.2292
10/14/2017 22:23:26	55.0	54.0	21.8137
10/14/2017 22:23:37	54.0	53.0	19.7403
10/14/2017 22:23:48	53.0	53.0	22.0207
10/14/2017 22:23:59	54.0	53.0	27.9518
10/14/2017 22:24:10	54.0	53.0	18.8144
10/14/2017 22:24:21	53.0	53.0	19.0722
10/14/2017 22:24:32	52.0	52.0	24.4552
10/14/2017 22:24:43	53.0	53.0	19.1214
10/14/2017 22:24:54	52.0	52.0	19.4805
10/14/2017 22:25:05	53.0	53.0	25.5528
10/14/2017 22:25:16	53.0	52.0	18.0412
10/14/2017 22:25:27	53.0	52.0	20.2564
10/14/2017 22:25:38	53.0	53.0	24.9395
10/14/2017 22:25:49	52.0	52.0	20.9845
10/14/2017 22:26:00	52.0	51.0	17.8295
10/14/2017 22:26:11	53.0	52.0	24.3309
10/14/2017 22:26:22	52.0	53.0	17.7835
10/14/2017 22:26:33	53.0	53.0	17.6166
10/14/2017 22:26:44	53.0	53.0	20.5063
10/14/2017 22:26:55	53.0	53.0	17.8295
10/14/2017 22:27:06	52.0	53.0	21.2435
10/14/2017 22:27:17	52.0	52.0	20.6718
10/14/2017 22:27:28	52.0	53.0	19.5373
10/14/2017 22:27:39	53.0	53.0	17.5711
10/14/2017 22:27:50	51.0	51.0	20.4663
10/14/2017 22:28:01	54.0	52.0	20.6186
10/14/2017 22:28:12	53.0	52.0	19.8966
10/14/2017 22:28:23	53.0	53.0	20.5656
10/14/2017 22:28:34	52.0	51.0	20.7792
10/14/2017 22:28:45	52.0	52.0	19.6382
10/14/2017 22:28:56	52.0	52.0	19.1214
10/14/2017 22:29:07	52.0	52.0	13.7203
10/14/2017 22:29:18	50.0	50.0	20.098
10/14/2017 22:29:29	49.0	50.0	13.3858
10/14/2017 22:29:40	49.0	49.0	14.1732
10/14/2017 22:29:51	49.0	49.0	17.3913
10/14/2017 22:30:02	49.0	48.0	13.1926
10/14/2017 22:30:13	48.0	49.0	14.3603
10/14/2017 22:30:25	49.0	48.0	16.6667
10/14/2017 22:30:36	51.0	49.0	18.9119
10/14/2017 22:30:47	51.0	51.0	19.2208
10/14/2017 22:30:58	51.0	51.0	18.0879
10/14/2017 22:31:09	51.0	51.0	21.3542
10/14/2017 22:31:20	52.0	51.0	20.1031
10/14/2017 22:31:31	52.0	52.0	19.3798
10/14/2017 22:31:42	53.0	52.0	18.6047
10/14/2017 22:31:53	52.0	52.0	25.8454
10/14/2017 22:32:04	53.0	52.0	20.0521
10/14/2017 22:32:15	52.0	52.0	19.3299
10/14/2017 22:32:26	52.0	53.0	19.3299
10/14/2017 22:32:37	53.0	52.0	20.4663
10/14/2017 22:32:48	52.0	52.0	19.2208
10/14/2017 22:32:59	53.0	52.0	19.4301
10/14/2017 22:33:10	53.0	52.0	21.1886
10/14/2017 22:33:21	52.0	52.0	21.374
10/14/2017 22:33:32	52.0	53.0	18.0412
10/14/2017 22:33:43	53.0	52.0	20.0514
10/14/2017 22:33:54	51.0	51.0	21.5736
10/14/2017 22:34:05	53.0	52.0	21.9638
10/14/2017 22:34:16	53.0	53.0	20.8333
10/14/2017 22:34:27	51.0	51.0	19.0722
10/14/2017 22:34:38	52.0	53.0	21.5026
10/14/2017 22:34:49	52.0	53.0	19.0722
10/14/2017 22:35:00	53.0	53.0	19.2708
10/14/2017 22:35:11	53.0	53.0	17.9688
10/14/2017 22:35:22	53.0	52.0	20.9877
10/14/2017 22:35:33	53.0	52.0	17.6623
10/14/2017 22:35:44	53.0	53.0	19.5876
10/14/2017 22:35:55	52.0	52.0	21.2987
10/14/2017 22:36:06	53.0	53.0	19.4805
10/14/2017 22:36:17	52.0	52.0	20.4134
10/14/2017 22:36:28	52.0	52.0	20.0514
10/14/2017 22:36:39	52.0	53.0	20.9845
10/14/2017 22:36:50	53.0	52.0	24.6341
10/14/2017 22:37:01	52.0	52.0	19.4301
10/14/2017 22:37:12	52.0	52.0	19.6891
10/14/2017 22:37:23	53.0	53.0	20.5195
10/14/2017 22:37:34	53.0	52.0	19.0231
10/14/2017 22:37:45	53.0	53.0	18.0412
10/14/2017 22:37:56	52.0	53.0	21.8509
10/14/2017 22:38:07	55.0	54.0	20.6718
10/14/2017 22:38:18	57.0	56.0	23.3831
10/14/2017 22:38:29	57.0	56.0	19.2802
10/14/2017 22:38:40	56.0	55.0	16.5375
10/14/2017 22:38:51	55.0	54.0	21.2435
10/14/2017 22:39:02	55.0	54.0	18.9119
10/14/2017 22:39:13	55.0	53.0	21.039
10/14/2017 22:39:24	54.0	53.0	20.9845
10/14/2017 22:39:35	53.0	52.0	18.863
10/14/2017 22:39:46	53.0	52.0	13.6842
10/14/2017 22:39:57	51.0	51.0	20.21
10/14/2017 22:40:08	51.0	51.0	13.7566
10/14/2017 22:40:19	50.0	50.0	2.59067
