01/24/2018 13:13:20	31.0	31.0	0
01/24/2018 13:13:31	28.0	28.0	23.5616
01/24/2018 13:13:42	31.0	32.0	29.1667
01/24/2018 13:13:53	31.0	30.0	18.2561
01/24/2018 13:14:04	32.0	32.0	19.3122
01/24/2018 13:14:15	33.0	34.0	14.6214
01/24/2018 13:14:26	34.0	34.0	14.5119
01/24/2018 13:14:37	35.0	35.0	17.0157
01/24/2018 13:14:48	36.0	36.0	18.5185
01/24/2018 13:14:59	37.0	37.0	16.3588
01/24/2018 13:15:10	37.0	37.0	17.4603
01/24/2018 13:15:21	39.0	38.0	17.4142
01/24/2018 13:15:32	39.0	38.0	16.4456
01/24/2018 13:15:44	40.0	40.0	16.8865
01/24/2018 13:15:55	41.0	41.0	16.0105
01/24/2018 13:16:06	41.0	42.0	17.5066
01/24/2018 13:16:17	42.0	42.0	16.3588
01/24/2018 13:16:28	43.0	43.0	14.7368
01/24/2018 13:16:39	44.0	43.0	15.0396
01/24/2018 13:16:50	44.0	44.0	15.3439
01/24/2018 13:17:01	45.0	45.0	15.2231
01/24/2018 13:17:12	46.0	46.0	14.5503
01/24/2018 13:17:23	46.0	46.0	15.0396
01/24/2018 13:17:34	47.0	47.0	14.9606
01/24/2018 13:17:45	47.0	46.0	15.5673
01/24/2018 13:17:56	48.0	47.0	15.2632
01/24/2018 13:18:07	48.0	48.0	21.978
01/24/2018 13:18:18	51.0	51.0	14.6667
01/24/2018 13:18:29	49.0	48.0	15.1832
01/24/2018 13:18:40	50.0	50.0	15.2231
01/24/2018 13:18:51	50.0	50.0	16.273
01/24/2018 13:19:02	51.0	51.0	13.0548
01/24/2018 13:19:13	51.0	51.0	14.1732
01/24/2018 13:19:24	52.0	51.0	16.0105
01/24/2018 13:19:35	51.0	51.0	15.1832
01/24/2018 13:19:46	51.0	51.0	14.7368
01/24/2018 13:19:57	52.0	53.0	14.1732
01/24/2018 13:20:08	53.0	53.0	13.6483
01/24/2018 13:20:19	53.0	53.0	13.8743
01/24/2018 13:20:30	54.0	53.0	13.8743
01/24/2018 13:20:42	54.0	52.0	14.3603
01/24/2018 13:20:53	54.0	53.0	13.8743
01/24/2018 13:21:04	55.0	54.0	13.6126
01/24/2018 13:21:15	55.0	54.0	14.1361
01/24/2018 13:21:26	55.0	54.0	13.3508
01/24/2018 13:21:37	55.0	54.0	13.8021
01/24/2018 13:21:48	56.0	55.0	13.089
01/24/2018 13:21:59	56.0	56.0	13.9108
01/24/2018 13:22:10	56.0	55.0	12.6316
01/24/2018 13:22:21	56.0	55.0	13.6126
01/24/2018 13:22:32	53.0	53.0	15.2632
01/24/2018 13:22:43	51.0	50.0	16.0105
01/24/2018 13:22:54	49.0	48.0	15.4856
01/24/2018 13:23:05	48.0	48.0	15.0943
01/24/2018 13:23:16	47.0	47.0	15.1194
01/24/2018 13:23:27	50.0	49.0	17.1875
01/24/2018 13:23:38	51.0	51.0	14.9215
01/24/2018 13:23:49	51.0	51.0	14.3603
01/24/2018 13:24:00	53.0	53.0	15.0794
01/24/2018 13:24:11	53.0	53.0	12.8272
01/24/2018 13:24:22	55.0	54.0	13.3858
01/24/2018 13:24:33	55.0	55.0	14.3603
01/24/2018 13:24:44	55.0	55.0	13.8021
01/24/2018 13:24:55	56.0	56.0	13.3508
01/24/2018 13:25:06	55.0	54.0	14.1361
01/24/2018 13:25:17	53.0	52.0	13.4211
01/24/2018 13:25:28	50.0	51.0	15.748
01/24/2018 13:25:40	49.0	50.0	15.9686
01/24/2018 13:25:51	49.0	48.0	15.3247
01/24/2018 13:26:02	48.0	48.0	14.6982
01/24/2018 13:26:13	48.0	47.0	15
01/24/2018 13:26:24	48.0	46.0	15.445
01/24/2018 13:26:35	47.0	47.0	14.8825
01/24/2018 13:26:46	49.0	48.0	15.2231
01/24/2018 13:26:57	51.0	50.0	14.3979
01/24/2018 13:27:08	52.0	52.0	14.5833
01/24/2018 13:27:19	53.0	53.0	13.089
01/24/2018 13:27:30	54.0	54.0	14.3979
01/24/2018 13:27:41	55.0	55.0	13.8743
01/24/2018 13:27:52	56.0	56.0	13.089
01/24/2018 13:28:03	57.0	56.0	15.1042
01/24/2018 13:28:14	54.0	54.0	14.6214
01/24/2018 13:28:25	52.0	53.0	14.1361
01/24/2018 13:28:36	51.0	51.0	15.748
01/24/2018 13:28:47	50.0	50.0	15.2632
01/24/2018 13:28:58	49.0	50.0	13.7203
01/24/2018 13:29:09	49.0	48.0	16.273
01/24/2018 13:29:20	48.0	48.0	16.3588
01/24/2018 13:29:31	49.0	48.0	14.7757
01/24/2018 13:29:42	48.0	48.0	15
01/24/2018 13:29:53	48.0	47.0	14.8825
01/24/2018 13:30:04	48.0	47.0	14.4737
01/24/2018 13:30:15	48.0	48.0	15.5263
01/24/2018 13:30:26	50.0	50.0	14.4357
01/24/2018 13:30:37	52.0	52.0	14.6214
01/24/2018 13:30:49	53.0	53.0	13.0548
01/24/2018 13:31:00	54.0	54.0	13.3508
01/24/2018 13:31:11	55.0	54.0	13.1234
01/24/2018 13:31:22	56.0	55.0	13.1579
01/24/2018 13:31:33	54.0	54.0	22.3975
01/24/2018 13:31:44	52.0	53.0	16.7808
01/24/2018 13:31:56	54.0	52.0	18.0628
01/24/2018 13:32:07	51.0	50.0	19.1601
01/24/2018 13:32:18	51.0	50.0	19.2708
01/24/2018 13:32:29	50.0	50.0	20.5729
01/24/2018 13:32:40	51.0	50.0	16.7102
01/24/2018 13:32:51	50.0	50.0	19.3717
01/24/2018 13:33:02	49.0	49.0	15.7068
01/24/2018 13:33:13	50.0	49.0	18.0628
01/24/2018 13:33:24	50.0	48.0	17.3127
01/24/2018 13:33:35	49.0	49.0	20.3655
01/24/2018 13:33:46	49.0	48.0	19.7917
01/24/2018 13:33:57	49.0	48.0	19.7917
01/24/2018 13:34:08	49.0	49.0	19.0601
01/24/2018 13:34:19	49.0	48.0	19.7917
01/24/2018 13:34:30	49.0	48.0	19.7403
01/24/2018 13:34:41	49.0	49.0	18.799
01/24/2018 13:34:52	49.0	48.0	16.9271
01/24/2018 13:35:03	48.0	47.0	17.9688
01/24/2018 13:35:14	49.0	47.0	17.2324
01/24/2018 13:35:25	49.0	48.0	17.4026
01/24/2018 13:35:36	49.0	48.0	15.3646
01/24/2018 13:35:47	48.0	47.0	14.9215
01/24/2018 13:35:58	48.0	48.0	14.9215
01/24/2018 13:36:09	50.0	50.0	14.5455
01/24/2018 13:36:20	52.0	51.0	13.2812
01/24/2018 13:36:31	52.0	53.0	12.7604
01/24/2018 13:36:42	54.0	53.0	13.2124
01/24/2018 13:36:53	55.0	54.0	12.7604
01/24/2018 13:37:04	55.0	55.0	12.1447
01/24/2018 13:37:15	57.0	57.0	12.7604
01/24/2018 13:37:26	55.0	54.0	13.9896
01/24/2018 13:37:37	53.0	53.0	13.9896
01/24/2018 13:37:48	52.0	51.0	14.026
01/24/2018 13:37:59	50.0	50.0	14.3229
01/24/2018 13:38:11	49.0	50.0	15.0649
01/24/2018 13:38:22	49.0	49.0	15.4047
01/24/2018 13:38:33	49.0	48.0	15.1436
01/24/2018 13:38:44	48.0	47.0	15.6658
01/24/2018 13:38:55	48.0	47.0	14.8438
01/24/2018 13:39:06	47.0	48.0	14.8825
01/24/2018 13:39:17	48.0	47.0	14.2857
01/24/2018 13:39:28	49.0	48.0	14.3979
01/24/2018 13:39:39	50.0	51.0	14.2857
01/24/2018 13:39:50	51.0	52.0	14.3229
01/24/2018 13:40:01	53.0	53.0	12.987
01/24/2018 13:40:12	54.0	54.0	12.5
01/24/2018 13:40:23	55.0	56.0	12.987
01/24/2018 13:40:34	56.0	56.0	12.9199
01/24/2018 13:40:45	57.0	56.0	13.0548
01/24/2018 13:40:56	54.0	54.0	13.2468
01/24/2018 13:41:07	52.0	53.0	14.5078
01/24/2018 13:41:18	51.0	51.0	14.0625
01/24/2018 13:41:29	50.0	50.0	14.5833
01/24/2018 13:41:40	50.0	50.0	15.4856
01/24/2018 13:41:51	49.0	49.0	15.625
01/24/2018 13:42:02	49.0	48.0	15.1436
01/24/2018 13:42:13	48.0	48.0	16.1039
01/24/2018 13:42:24	48.0	48.0	14.4737
01/24/2018 13:42:35	48.0	47.0	14.6214
01/24/2018 13:42:46	48.0	48.0	14.6597
01/24/2018 13:42:57	48.0	47.0	15.8311
01/24/2018 13:43:09	47.0	47.0	16.7102
01/24/2018 13:43:20	48.0	47.0	15.1436
01/24/2018 13:43:31	48.0	47.0	14.7668
01/24/2018 13:43:42	48.0	47.0	15.285
01/24/2018 13:43:53	50.0	50.0	13.5417
01/24/2018 13:44:04	51.0	51.0	13.2468
01/24/2018 13:44:15	52.0	53.0	13.8381
01/24/2018 13:44:26	54.0	54.0	12.4675
01/24/2018 13:44:37	54.0	55.0	14.433
01/24/2018 13:44:48	56.0	55.0	11.9171
01/24/2018 13:44:59	56.0	56.0	13.7306
01/24/2018 13:45:10	54.0	54.0	14.433
01/24/2018 13:45:21	52.0	52.0	13.6951
01/24/2018 13:45:32	50.0	51.0	13.5065
01/24/2018 13:45:43	50.0	51.0	15.285
01/24/2018 13:45:54	49.0	49.0	16.4948
01/24/2018 13:46:05	49.0	49.0	15.9794
01/24/2018 13:46:16	49.0	48.0	15.5039
01/24/2018 13:46:27	48.0	47.0	15.544
01/24/2018 13:46:38	48.0	48.0	16.1954
01/24/2018 13:46:49	48.0	48.0	16.4948
01/24/2018 13:47:00	47.0	46.0	16.4103
01/24/2018 13:47:11	47.0	47.0	17.3575
01/24/2018 13:47:22	47.0	47.0	16.6667
01/24/2018 13:47:33	47.0	46.0	15.6812
01/24/2018 13:47:44	48.0	48.0	16.7526
01/24/2018 13:47:55	50.0	50.0	15.601
01/24/2018 13:48:06	51.0	51.0	13.6951
01/24/2018 13:48:18	54.0	53.0	14.653
01/24/2018 13:48:29	54.0	54.0	14.3959
01/24/2018 13:48:40	55.0	55.0	13.8462
01/24/2018 13:48:51	55.0	55.0	15.8568
01/24/2018 13:49:02	55.0	55.0	13.8817
01/24/2018 13:49:13	53.0	53.0	18.136
01/24/2018 13:49:24	52.0	52.0	14.3959
01/24/2018 13:49:35	51.0	51.0	16.8367
01/24/2018 13:49:46	50.0	50.0	17.5879
01/24/2018 13:49:57	50.0	49.0	19.1542
01/24/2018 13:50:08	49.0	49.0	17.0854
01/24/2018 13:50:19	48.0	48.0	18.9526
01/24/2018 13:50:30	48.0	48.0	18.1141
01/24/2018 13:50:41	48.0	48.0	19.3548
01/24/2018 13:50:52	48.0	48.0	19.802
01/24/2018 13:51:03	48.0	47.0	20.9246
01/24/2018 13:51:14	48.0	47.0	22.2222
01/24/2018 13:51:25	48.0	47.0	19.9507
01/24/2018 13:51:36	48.0	47.0	21.6867
01/24/2018 13:51:47	48.0	47.0	22.488
01/24/2018 13:51:58	47.0	47.0	23.1504
01/24/2018 13:52:09	47.0	47.0	23.0404
01/24/2018 13:52:20	48.0	47.0	22.8029
01/24/2018 13:52:31	49.0	49.0	19.6602
01/24/2018 13:52:42	51.0	50.0	18.3824
01/24/2018 13:52:53	52.0	51.0	19.4647
01/24/2018 13:53:04	54.0	54.0	18.1373
01/24/2018 13:53:15	55.0	54.0	18.2266
01/24/2018 13:53:26	56.0	56.0	17.734
01/24/2018 13:53:38	57.0	57.0	19.9519
01/24/2018 13:53:49	55.0	54.0	20.8134
01/24/2018 13:54:00	52.0	52.0	22.4586
01/24/2018 13:54:11	51.0	51.0	20.3837
01/24/2018 13:54:22	50.0	51.0	25
01/24/2018 13:54:33	50.0	50.0	25.4673
01/24/2018 13:54:44	49.0	50.0	25.5172
01/24/2018 13:54:55	49.0	48.0	25.1716
01/24/2018 13:55:06	49.0	47.0	27.3973
01/24/2018 13:55:17	49.0	48.0	25.1732
01/24/2018 13:55:28	47.0	47.0	26.5446
01/24/2018 13:55:39	48.0	48.0	24.186
01/24/2018 13:55:50	48.0	47.0	24.3619
01/24/2018 13:56:01	47.0	47.0	25.8065
01/24/2018 13:56:12	47.0	47.0	24.7685
01/24/2018 13:56:23	49.0	48.0	26.1959
01/24/2018 13:56:34	50.0	50.0	23.2227
01/24/2018 13:56:45	51.0	52.0	23.9631
01/24/2018 13:56:56	53.0	53.0	23.9726
01/24/2018 13:57:07	54.0	54.0	24.0741
01/24/2018 13:57:18	55.0	55.0	22.6328
01/24/2018 13:57:29	56.0	56.0	23.5023
01/24/2018 13:57:40	55.0	55.0	24.3678
01/24/2018 13:57:51	53.0	53.0	24.424
01/24/2018 13:58:02	51.0	51.0	24.8292
01/24/2018 13:58:13	50.0	51.0	25.4042
01/24/2018 13:58:24	50.0	50.0	24.356
01/24/2018 13:58:35	50.0	49.0	23.6534
01/24/2018 13:58:46	49.0	48.0	23.1504
01/24/2018 13:58:58	49.0	49.0	23.0216
01/24/2018 13:59:09	49.0	48.0	24.2788
01/24/2018 13:59:20	49.0	49.0	21.5496
01/24/2018 13:59:31	48.0	48.0	22.439
01/24/2018 13:59:42	48.0	48.0	21.6019
01/24/2018 13:59:53	48.0	47.0	21.7918
01/24/2018 14:00:04	48.0	47.0	21.1679
01/24/2018 14:00:15	47.0	47.0	20.7921
01/24/2018 14:00:26	47.0	47.0	20.1474
01/24/2018 14:00:37	47.0	47.0	20.7729
01/24/2018 14:00:48	48.0	46.0	20.5379
01/24/2018 14:00:59	48.0	48.0	21.7918
01/24/2018 14:01:10	50.0	50.0	21.6981
01/24/2018 14:01:21	51.0	51.0	19.6126
01/24/2018 14:01:32	53.0	53.0	21.4797
01/24/2018 14:01:43	54.0	54.0	20.339
01/24/2018 14:01:54	55.0	55.0	20.9524
01/24/2018 14:02:05	56.0	56.0	19.4175
01/24/2018 14:02:16	55.0	54.0	18.7192
01/24/2018 14:02:27	53.0	53.0	17.7778
01/24/2018 14:02:38	51.0	52.0	19.4581
01/24/2018 14:02:49	51.0	50.0	19.6517
01/24/2018 14:03:00	50.0	50.0	20.0495
01/24/2018 14:03:11	50.0	49.0	22.9829
01/24/2018 14:03:22	49.0	49.0	19
01/24/2018 14:03:33	49.0	48.0	21.1443
01/24/2018 14:03:44	48.0	48.0	19.5
01/24/2018 14:03:55	48.0	48.0	19.7531
01/24/2018 14:04:07	48.0	47.0	18.9526
01/24/2018 14:04:18	48.0	47.0	20.7824
01/24/2018 14:04:29	47.0	48.0	19.5545
01/24/2018 14:04:40	48.0	48.0	19.8529
01/24/2018 14:04:51	48.0	47.0	20.297
01/24/2018 14:05:02	47.0	47.0	19.0594
01/24/2018 14:05:13	47.0	47.0	19.4103
01/24/2018 14:05:24	47.0	47.0	20.0993
01/24/2018 14:05:35	47.0	47.0	19.3069
01/24/2018 14:05:46	50.0	50.0	20.0969
01/24/2018 14:05:57	51.0	51.0	18.1373
01/24/2018 14:06:08	52.0	52.0	18.7348
01/24/2018 14:06:19	54.0	53.0	18.6732
01/24/2018 14:06:30	55.0	54.0	17.1216
01/24/2018 14:06:41	56.0	56.0	17.6039
01/24/2018 14:06:52	55.0	55.0	17.8218
01/24/2018 14:07:03	54.0	54.0	17.1216
01/24/2018 14:07:14	52.0	52.0	21.9807
01/24/2018 14:07:25	50.0	51.0	20.398
01/24/2018 14:07:36	50.0	50.0	20.8333
01/24/2018 14:07:47	50.0	50.0	20.7317
01/24/2018 14:07:58	49.0	50.0	21.2195
01/24/2018 14:08:09	48.0	48.0	19.3069
01/24/2018 14:08:20	48.0	48.0	18.1592
01/24/2018 14:08:31	48.0	48.0	21.6019
01/24/2018 14:08:42	49.0	48.0	18.408
01/24/2018 14:08:53	48.0	48.0	21.0784
01/24/2018 14:09:04	48.0	47.0	18.0905
01/24/2018 14:09:16	48.0	48.0	18.797
01/24/2018 14:09:27	48.0	47.0	20.297
01/24/2018 14:09:38	48.0	47.0	19.1542
01/24/2018 14:09:49	47.0	47.0	19.7044
01/24/2018 14:10:00	47.0	47.0	19.1436
01/24/2018 14:10:11	47.0	47.0	17.8841
01/24/2018 14:10:22	47.0	46.0	17.3028
01/24/2018 14:10:33	47.0	47.0	19.3069
01/24/2018 14:10:44	48.0	48.0	17.3804
01/24/2018 14:10:55	50.0	50.0	16.5
01/24/2018 14:11:06	52.0	51.0	18.8586
01/24/2018 14:11:17	52.0	53.0	16.8766
01/24/2018 14:11:28	54.0	54.0	16.2025
01/24/2018 14:11:39	55.0	55.0	16.9576
01/24/2018 14:11:50	56.0	55.0	15.0754
01/24/2018 14:12:01	55.0	56.0	16.1616
01/24/2018 14:12:12	54.0	54.0	15.7761
01/24/2018 14:12:23	52.0	52.0	14.9871
01/24/2018 14:12:34	51.0	51.0	15.5216
01/24/2018 14:12:45	50.0	50.0	15.1436
01/24/2018 14:12:56	50.0	50.0	15.7623
01/24/2018 14:13:07	49.0	49.0	17.4026
01/24/2018 14:13:18	50.0	50.0	15.9383
01/24/2018 14:13:29	49.0	48.0	15.3646
01/24/2018 14:13:40	48.0	48.0	16.5803
01/24/2018 14:13:51	48.0	48.0	14.6982
01/24/2018 14:14:02	48.0	48.0	14.9606
01/24/2018 14:14:13	48.0	47.0	14.9606
01/24/2018 14:14:24	47.0	47.0	14.1361
01/24/2018 14:14:36	47.0	47.0	15.3247
01/24/2018 14:14:47	47.0	47.0	14.6982
01/24/2018 14:14:58	48.0	47.0	14.0992
01/24/2018 14:15:09	48.0	47.0	17.7546
01/24/2018 14:15:20	48.0	47.0	13.1234
01/24/2018 14:15:31	47.0	47.0	13.9842
01/24/2018 14:15:42	47.0	47.0	14.5119
01/24/2018 14:15:53	47.0	47.0	14.6982
01/24/2018 14:16:04	49.0	48.0	13.7566
01/24/2018 14:16:15	50.0	50.0	13.577
01/24/2018 14:16:26	52.0	51.0	13.0208
01/24/2018 14:16:37	53.0	53.0	13.1234
01/24/2018 14:16:48	54.0	54.0	12.1053
01/24/2018 14:16:59	55.0	54.0	11.0818
01/24/2018 14:17:10	57.0	56.0	14.1361
01/24/2018 14:17:21	55.0	53.0	12.6316
01/24/2018 14:17:32	53.0	53.0	12.4011
01/24/2018 14:17:43	52.0	51.0	12.6316
01/24/2018 14:17:54	50.0	50.0	14.248
01/24/2018 14:18:05	50.0	49.0	13.6842
01/24/2018 14:18:16	50.0	49.0	14.4
01/24/2018 14:18:27	49.0	48.0	13.4921
01/24/2018 14:18:38	49.0	48.0	12.8609
01/24/2018 14:18:49	48.0	48.0	12.4339
01/24/2018 14:19:00	48.0	47.0	14.5119
01/24/2018 14:19:11	48.0	47.0	13.9474
01/24/2018 14:19:22	48.0	47.0	14.2105
01/24/2018 14:19:33	48.0	47.0	14.1361
01/24/2018 14:19:44	48.0	47.0	14.8936
01/24/2018 14:19:56	48.0	46.0	14.0212
01/24/2018 14:20:07	48.0	47.0	14.4737
01/24/2018 14:20:18	48.0	47.0	13.7203
01/24/2018 14:20:29	48.0	47.0	14.9215
01/24/2018 14:20:40	50.0	50.0	12.8272
01/24/2018 14:20:51	51.0	51.0	13.089
01/24/2018 14:21:02	52.0	53.0	12.1053
01/24/2018 14:21:13	54.0	53.0	13.8743
01/24/2018 14:21:24	56.0	55.0	13.6842
01/24/2018 14:21:35	57.0	55.0	12.6615
01/24/2018 14:21:46	56.0	56.0	12.336
01/24/2018 14:21:57	54.0	53.0	13.1579
01/24/2018 14:22:08	52.0	52.0	12.336
01/24/2018 14:22:19	51.0	51.0	13.4565
01/24/2018 14:22:30	51.0	50.0	13.7931
01/24/2018 14:22:41	50.0	50.0	13.7203
01/24/2018 14:22:52	50.0	48.0	14.248
01/24/2018 14:23:03	49.0	48.0	13.6842
01/24/2018 14:23:14	49.0	48.0	13.6483
01/24/2018 14:23:25	49.0	48.0	14.5503
01/24/2018 14:23:36	48.0	48.0	14.0584
01/24/2018 14:23:47	48.0	48.0	13.6
01/24/2018 14:23:58	49.0	47.0	15
01/24/2018 14:24:09	48.0	48.0	14.5119
01/24/2018 14:24:20	49.0	48.0	12.9973
01/24/2018 14:24:31	48.0	47.0	14.7757
01/24/2018 14:24:42	48.0	47.0	13.4921
01/24/2018 14:24:53	47.0	47.0	14.9606
01/24/2018 14:25:04	47.0	46.0	13.7203
01/24/2018 14:25:16	47.0	46.0	13.2626
01/24/2018 14:25:27	48.0	48.0	14.0584
01/24/2018 14:25:38	50.0	50.0	13.0548
01/24/2018 14:25:49	52.0	51.0	12.3684
01/24/2018 14:26:00	53.0	53.0	14.6214
01/24/2018 14:26:11	55.0	54.0	11.811
01/24/2018 14:26:22	56.0	54.0	11.811
01/24/2018 14:26:33	56.0	55.0	12.336
01/24/2018 14:26:44	57.0	56.0	12.8272
01/24/2018 14:26:55	54.0	54.0	12.5984
01/24/2018 14:27:06	52.0	52.0	13.5279
01/24/2018 14:27:17	51.0	51.0	13.8743
01/24/2018 14:27:28	50.0	50.0	14.3236
01/24/2018 14:27:39	50.0	50.0	13.3858
01/24/2018 14:27:50	49.0	49.0	14.4357
01/24/2018 14:28:01	49.0	48.0	14.7368
01/24/2018 14:28:12	49.0	48.0	13.7203
01/24/2018 14:28:23	49.0	48.0	14.4737
01/24/2018 14:28:34	49.0	48.0	15.0396
01/24/2018 14:28:45	49.0	48.0	15.7895
01/24/2018 14:28:56	48.0	47.0	14.4357
01/24/2018 14:29:07	48.0	48.0	14.5889
01/24/2018 14:29:18	48.0	47.0	13.7203
01/24/2018 14:29:29	48.0	48.0	14.5119
01/24/2018 14:29:40	48.0	47.0	14.4737
01/24/2018 14:29:51	47.0	47.0	13.9842
01/24/2018 14:30:02	48.0	47.0	13.4211
01/24/2018 14:30:13	47.0	47.0	14.4737
01/24/2018 14:30:25	48.0	47.0	14.1732
01/24/2018 14:30:36	47.0	47.0	14.6982
01/24/2018 14:30:47	47.0	48.0	15.2231
01/24/2018 14:30:58	47.0	47.0	14.0212
01/24/2018 14:31:09	49.0	48.0	14.4357
01/24/2018 14:31:20	51.0	50.0	13.089
01/24/2018 14:31:31	52.0	51.0	13.3508
01/24/2018 14:31:42	53.0	52.0	12.8609
01/24/2018 14:31:53	55.0	54.0	12.6316
01/24/2018 14:32:04	56.0	54.0	11.0818
01/24/2018 14:32:15	57.0	55.0	12.6316
01/24/2018 14:32:26	55.0	56.0	12.336
01/24/2018 14:32:37	54.0	53.0	12.8272
01/24/2018 14:32:48	53.0	51.0	12.8272
01/24/2018 14:32:59	51.0	51.0	14.2105
01/24/2018 14:33:10	50.0	50.0	14.1732
01/24/2018 14:33:21	50.0	50.0	14.0212
01/24/2018 14:33:32	49.0	49.0	14.0212
01/24/2018 14:33:43	49.0	48.0	14.0957
01/24/2018 14:33:54	49.0	48.0	14.0212
01/24/2018 14:34:05	48.0	48.0	13.9474
01/24/2018 14:34:16	48.0	47.0	14.7368
01/24/2018 14:34:27	49.0	48.0	13.3508
01/24/2018 14:34:38	49.0	48.0	14.4737
01/24/2018 14:34:49	49.0	48.0	14.2857
01/24/2018 14:35:00	48.0	47.0	14.5889
01/24/2018 14:35:11	48.0	47.0	14.1732
01/24/2018 14:35:22	48.0	46.0	14.7757
01/24/2018 14:35:34	48.0	47.0	13.9474
01/24/2018 14:35:45	47.0	47.0	15
01/24/2018 14:35:56	47.0	47.0	13.7203
01/24/2018 14:36:07	48.0	48.0	14.8825
01/24/2018 14:36:18	50.0	50.0	14.9606
01/24/2018 14:36:29	52.0	51.0	12.7937
01/24/2018 14:36:40	53.0	53.0	12.5654
01/24/2018 14:36:51	55.0	53.0	12.3037
01/24/2018 14:37:02	55.0	55.0	11.2861
01/24/2018 14:37:13	57.0	56.0	12.5
01/24/2018 14:37:24	57.0	56.0	12.5984
01/24/2018 14:37:35	54.0	53.0	13.3508
01/24/2018 14:37:46	53.0	52.0	12.8609
01/24/2018 14:37:57	51.0	51.0	12.8947
01/24/2018 14:38:08	51.0	50.0	13.6483
01/24/2018 14:38:19	50.0	50.0	14.1732
01/24/2018 14:38:30	49.0	48.0	13.9842
01/24/2018 14:38:41	49.0	48.0	13.7566
01/24/2018 14:38:52	49.0	48.0	15.2231
01/24/2018 14:39:03	48.0	48.0	13.1926
01/24/2018 14:39:14	48.0	48.0	13.7203
01/24/2018 14:39:25	49.0	47.0	14.2857
01/24/2018 14:39:36	49.0	47.0	13.2626
01/24/2018 14:39:47	48.0	47.0	13.1579
01/24/2018 14:39:58	48.0	47.0	14.4737
01/24/2018 14:40:09	48.0	47.0	14.2105
01/24/2018 14:40:20	48.0	46.0	13.6842
01/24/2018 14:40:31	47.0	46.0	14.7368
01/24/2018 14:40:43	47.0	46.0	13.7203
01/24/2018 14:40:54	47.0	47.0	13.7566
01/24/2018 14:41:05	48.0	46.0	12.9973
01/24/2018 14:41:16	48.0	47.0	13.8298
01/24/2018 14:41:27	50.0	49.0	12.8947
01/24/2018 14:41:38	51.0	51.0	12.5984
01/24/2018 14:41:49	53.0	53.0	12.5326
01/24/2018 14:42:00	54.0	54.0	13.577
01/24/2018 14:42:11	55.0	54.0	11.811
01/24/2018 14:42:22	56.0	55.0	12.8947
01/24/2018 14:42:33	56.0	54.0	12.7937
01/24/2018 14:42:44	54.0	53.0	12.5654
01/24/2018 14:42:55	52.0	52.0	12.5984
01/24/2018 14:43:06	51.0	51.0	13.1926
01/24/2018 14:43:17	50.0	50.0	14.248
01/24/2018 14:43:28	50.0	49.0	13.5279
01/24/2018 14:43:39	49.0	48.0	13.4565
01/24/2018 14:43:50	49.0	48.0	13.4565
01/24/2018 14:44:01	49.0	48.0	14.5119
01/24/2018 14:44:12	48.0	48.0	14.1732
01/24/2018 14:44:23	49.0	48.0	14.7757
01/24/2018 14:44:34	48.0	48.0	14.2857
01/24/2018 14:44:45	48.0	47.0	13.7566
01/24/2018 14:44:56	48.0	47.0	15.7068
01/24/2018 14:45:07	48.0	47.0	14.5503
01/24/2018 14:45:18	48.0	47.0	13.9474
01/24/2018 14:45:29	48.0	47.0	14.1732
01/24/2018 14:45:40	48.0	47.0	14.4357
01/24/2018 14:45:52	47.0	47.0	13.4921
01/24/2018 14:46:03	48.0	47.0	13.1234
01/24/2018 14:46:14	47.0	46.0	14.248
01/24/2018 14:46:25	47.0	47.0	15.7895
01/24/2018 14:46:36	48.0	46.0	15.3439
01/24/2018 14:46:47	47.0	47.0	14.0212
01/24/2018 14:46:58	47.0	47.0	13.7566
01/24/2018 14:47:09	48.0	47.0	16.2304
01/24/2018 14:47:20	50.0	48.0	12.2715
01/24/2018 14:47:31	51.0	51.0	13.2812
01/24/2018 14:47:42	52.0	52.0	12.5984
01/24/2018 14:47:53	54.0	53.0	12.5654
01/24/2018 14:48:04	55.0	54.0	11.811
01/24/2018 14:48:15	56.0	55.0	12.987
01/24/2018 14:48:26	57.0	55.0	12.3037
01/24/2018 14:48:37	54.0	53.0	12.8272
01/24/2018 14:48:48	52.0	52.0	13.3508
01/24/2018 14:48:59	51.0	51.0	13.7203
01/24/2018 14:49:10	50.0	50.0	13.4211
01/24/2018 14:49:21	49.0	49.0	13.7203
01/24/2018 14:49:32	49.0	48.0	14.0212
01/24/2018 14:49:43	49.0	48.0	14.5503
01/24/2018 14:49:54	49.0	48.0	13.6483
01/24/2018 14:50:05	48.0	47.0	13.6483
01/24/2018 14:50:16	48.0	48.0	14.7368
01/24/2018 14:50:27	48.0	47.0	13.0548
01/24/2018 14:50:38	48.0	47.0	12.6316
01/24/2018 14:50:49	48.0	47.0	14.5119
01/24/2018 14:51:01	48.0	47.0	13.6483
01/24/2018 14:51:12	48.0	47.0	14.8825
01/24/2018 14:51:23	47.0	47.0	13.9842
01/24/2018 14:51:34	48.0	47.0	14.1361
01/24/2018 14:51:45	48.0	47.0	12.9288
01/24/2018 14:51:56	48.0	47.0	12.8947
01/24/2018 14:52:07	48.0	46.0	13.9474
01/24/2018 14:52:18	48.0	47.0	14.8148
01/24/2018 14:52:29	48.0	46.0	13.6483
01/24/2018 14:52:40	47.0	47.0	14.0992
01/24/2018 14:52:51	49.0	48.0	13.9108
01/24/2018 14:53:02	51.0	51.0	12.6316
01/24/2018 14:53:13	52.0	53.0	12.2715
01/24/2018 14:53:24	54.0	53.0	13.089
01/24/2018 14:53:35	55.0	54.0	12.7273
01/24/2018 14:53:46	56.0	55.0	11.7493
01/24/2018 14:53:57	57.0	56.0	13.089
01/24/2018 14:54:08	54.0	54.0	12.5654
01/24/2018 14:54:19	52.0	52.0	12.987
01/24/2018 14:54:30	51.0	51.0	13.9108
01/24/2018 14:54:41	50.0	50.0	13.1579
01/24/2018 14:54:52	50.0	49.0	13.6126
01/24/2018 14:55:03	50.0	48.0	13.1926
01/24/2018 14:55:14	49.0	48.0	13.3858
01/24/2018 14:55:25	48.0	48.0	15.2231
01/24/2018 14:55:36	49.0	48.0	13.9108
01/24/2018 14:55:47	48.0	47.0	14.3979
01/24/2018 14:55:58	48.0	47.0	16.0105
01/24/2018 14:56:09	50.0	48.0	14.248
01/24/2018 14:56:21	48.0	46.0	12.9288
01/24/2018 14:56:32	47.0	46.0	15.0794
01/24/2018 14:56:43	48.0	46.0	14.3979
01/24/2018 14:56:54	47.0	47.0	14.6982
01/24/2018 14:57:05	47.0	46.0	14.2857
01/24/2018 14:57:16	47.0	46.0	13.9842
01/24/2018 14:57:27	47.0	47.0	13.7203
01/24/2018 14:57:38	47.0	46.0	13.6483
01/24/2018 14:57:49	47.0	47.0	13.577
01/24/2018 14:58:00	48.0	47.0	16.0105
01/24/2018 14:58:11	50.0	49.0	12.336
01/24/2018 14:58:22	51.0	51.0	12.5326
01/24/2018 14:58:33	53.0	52.0	13.3508
01/24/2018 14:58:44	54.0	53.0	12.3037
01/24/2018 14:58:55	55.0	54.0	12.5
01/24/2018 14:59:06	56.0	55.0	12.0735
01/24/2018 14:59:17	56.0	55.0	12.3037
01/24/2018 14:59:28	54.0	53.0	12.0735
01/24/2018 14:59:39	53.0	52.0	14.1361
01/24/2018 14:59:50	51.0	51.0	12.4339
01/24/2018 15:00:01	50.0	51.0	15.6085
01/24/2018 15:00:12	50.0	50.0	13.4565
01/24/2018 15:00:23	50.0	49.0	13.7566
01/24/2018 15:00:34	49.0	49.0	13.8743
01/24/2018 15:00:45	49.0	48.0	13.4211
01/24/2018 15:00:56	49.0	48.0	13.6126
01/24/2018 15:01:07	48.0	48.0	14.2857
01/24/2018 15:01:18	49.0	47.0	13.9842
01/24/2018 15:01:30	48.0	48.0	14.5119
01/24/2018 15:01:41	48.0	47.0	14.7368
01/24/2018 15:01:52	48.0	47.0	13.4565
01/24/2018 15:02:03	48.0	47.0	14.0584
01/24/2018 15:02:14	48.0	47.0	14.9215
01/24/2018 15:02:25	48.0	47.0	14.1732
01/24/2018 15:02:36	48.0	47.0	13.1234
01/24/2018 15:02:47	48.0	47.0	14.0584
01/24/2018 15:02:58	48.0	47.0	13.4565
01/24/2018 15:03:09	48.0	47.0	16.095
01/24/2018 15:03:20	48.0	47.0	13.4211
01/24/2018 15:03:31	48.0	47.0	14.3979
01/24/2018 15:03:42	48.0	47.0	14.4737
01/24/2018 15:03:53	48.0	47.0	14.4357
01/24/2018 15:04:04	47.0	47.0	13.4211
01/24/2018 15:04:15	49.0	48.0	14.1732
01/24/2018 15:04:26	51.0	51.0	13.0208
01/24/2018 15:04:37	52.0	51.0	12.5326
01/24/2018 15:04:48	54.0	53.0	13.0548
01/24/2018 15:04:59	55.0	54.0	11.8734
01/24/2018 15:05:10	55.0	55.0	11.7801
01/24/2018 15:05:21	56.0	56.0	12.336
01/24/2018 15:05:32	55.0	54.0	12.5984
01/24/2018 15:05:43	53.0	53.0	12.7937
01/24/2018 15:05:54	52.0	51.0	13.089
01/24/2018 15:06:05	51.0	51.0	13.3508
01/24/2018 15:06:16	51.0	50.0	14.7368
01/24/2018 15:06:27	50.0	49.0	13.2626
01/24/2018 15:06:39	49.0	48.0	13.9474
01/24/2018 15:06:50	49.0	48.0	14.4737
01/24/2018 15:07:01	49.0	48.0	14.2105
01/24/2018 15:07:12	49.0	48.0	14.1732
01/24/2018 15:07:23	48.0	47.0	14.6982
01/24/2018 15:07:34	49.0	48.0	14.3603
01/24/2018 15:07:45	48.0	47.0	13.0548
01/24/2018 15:07:56	48.0	46.0	13.6842
01/24/2018 15:08:07	48.0	47.0	12.3037
01/24/2018 15:08:18	48.0	47.0	14.4737
01/24/2018 15:08:29	47.0	47.0	13.6483
01/24/2018 15:08:40	47.0	46.0	13.4211
01/24/2018 15:08:51	47.0	47.0	14.7368
01/24/2018 15:09:02	48.0	48.0	14.6597
01/24/2018 15:09:13	50.0	49.0	12.5
01/24/2018 15:09:24	51.0	51.0	13.3508
01/24/2018 15:09:35	53.0	52.0	12.2715
01/24/2018 15:09:46	55.0	53.0	12.2396
01/24/2018 15:09:57	55.0	54.0	12.336
01/24/2018 15:10:08	56.0	56.0	12.0419
01/24/2018 15:10:19	57.0	56.0	12.5
01/24/2018 15:10:30	54.0	53.0	12.8272
01/24/2018 15:10:41	53.0	52.0	12.1372
01/24/2018 15:10:52	51.0	51.0	12.336
01/24/2018 15:11:03	50.0	51.0	13.9108
01/24/2018 15:11:14	50.0	50.0	14.1361
01/24/2018 15:11:25	50.0	49.0	14.5119
01/24/2018 15:11:36	49.0	48.0	15.3646
01/24/2018 15:11:48	49.0	48.0	14.2105
01/24/2018 15:11:59	48.0	48.0	14.1732
01/24/2018 15:12:10	48.0	48.0	13.8743
01/24/2018 15:12:21	48.0	47.0	13.4565
01/24/2018 15:12:32	48.0	47.0	14.9606
01/24/2018 15:12:43	48.0	47.0	12.8609
01/24/2018 15:12:54	48.0	47.0	14.6597
01/24/2018 15:13:05	47.0	47.0	14.248
01/24/2018 15:13:16	48.0	48.0	13.7931
01/24/2018 15:13:27	50.0	50.0	12.0419
01/24/2018 15:13:38	52.0	51.0	14.3603
01/24/2018 15:13:49	53.0	53.0	12.5654
01/24/2018 15:14:00	54.0	54.0	13.0548
01/24/2018 15:14:11	55.0	54.0	11.7801
01/24/2018 15:14:22	56.0	56.0	10.5263
01/24/2018 15:14:33	56.0	56.0	12.3684
01/24/2018 15:14:44	54.0	54.0	12.2715
01/24/2018 15:14:55	52.0	52.0	12.5654
01/24/2018 15:15:06	51.0	51.0	14.3979
01/24/2018 15:15:17	50.0	50.0	13.1579
01/24/2018 15:15:28	50.0	49.0	13.8743
01/24/2018 15:15:39	49.0	49.0	14.2105
01/24/2018 15:15:50	49.0	48.0	13.1579
01/24/2018 15:16:01	49.0	48.0	14.6597
01/24/2018 15:16:12	49.0	48.0	14.6982
01/24/2018 15:16:23	48.0	48.0	13.9108
01/24/2018 15:16:34	48.0	47.0	17.3684
01/24/2018 15:16:45	50.0	49.0	18.75
01/24/2018 15:16:56	49.0	48.0	18.8976
01/24/2018 15:17:07	50.0	48.0	20.3125
01/24/2018 15:17:18	49.0	48.0	17.4026
01/24/2018 15:17:30	49.0	48.0	18.5864
01/24/2018 15:17:41	49.0	48.0	17.7083
01/24/2018 15:17:52	49.0	48.0	18.2768
01/24/2018 15:18:03	49.0	48.0	16.5803
01/24/2018 15:18:14	49.0	48.0	17.2324
01/24/2018 15:18:25	49.0	48.0	13.9474
01/24/2018 15:18:36	48.0	47.0	14.1732
01/24/2018 15:18:47	48.0	47.0	15
01/24/2018 15:18:58	48.0	46.0	14.7368
01/24/2018 15:19:09	47.0	47.0	16.2304
01/24/2018 15:19:20	47.0	47.0	14.4737
01/24/2018 15:19:31	50.0	48.0	13.089
01/24/2018 15:19:42	51.0	51.0	13.5065
01/24/2018 15:19:53	53.0	52.0	12.336
01/24/2018 15:20:04	54.0	53.0	12.5
01/24/2018 15:20:15	55.0	54.0	12.8609
01/24/2018 15:20:26	56.0	55.0	11.4883
01/24/2018 15:20:37	57.0	56.0	12.0104
01/24/2018 15:20:48	54.0	54.0	12.6316
01/24/2018 15:20:59	53.0	53.0	16.6234
01/24/2018 15:21:10	52.0	52.0	15
01/24/2018 15:21:21	51.0	51.0	15.0396
01/24/2018 15:21:32	50.0	50.0	15.445
01/24/2018 15:21:43	50.0	50.0	15
01/24/2018 15:21:54	49.0	49.0	15.3034
01/24/2018 15:22:05	49.0	48.0	14.2857
01/24/2018 15:22:16	48.0	48.0	14.2105
01/24/2018 15:22:27	48.0	48.0	14.0584
01/24/2018 15:22:38	48.0	48.0	14.2105
01/24/2018 15:22:49	48.0	48.0	14.8148
01/24/2018 15:23:01	48.0	48.0	14.3617
01/24/2018 15:23:12	48.0	48.0	16.2304
01/24/2018 15:23:23	48.0	47.0	16.0526
01/24/2018 15:23:34	48.0	47.0	14.3617
01/24/2018 15:23:45	48.0	47.0	15.445
01/24/2018 15:23:56	48.0	47.0	15.1194
01/24/2018 15:24:07	47.0	46.0	13.7203
01/24/2018 15:24:18	49.0	48.0	14.9606
01/24/2018 15:24:29	50.0	51.0	14.2857
01/24/2018 15:24:40	52.0	51.0	13.0548
01/24/2018 15:24:51	53.0	53.0	14.8438
01/24/2018 15:25:02	55.0	54.0	13.3508
01/24/2018 15:25:13	56.0	55.0	14.6982
01/24/2018 15:25:24	57.0	56.0	13.1234
01/24/2018 15:25:35	54.0	53.0	14.6982
01/24/2018 15:25:46	52.0	52.0	15.445
01/24/2018 15:25:57	51.0	51.0	13.6126
01/24/2018 15:26:08	50.0	50.0	14.8541
01/24/2018 15:26:19	50.0	50.0	14.4737
01/24/2018 15:26:30	49.0	50.0	15.3439
01/24/2018 15:26:41	49.0	49.0	13.5279
01/24/2018 15:26:52	49.0	48.0	14.7368
01/24/2018 15:27:03	48.0	48.0	15.8311
01/24/2018 15:27:14	49.0	48.0	15.5263
01/24/2018 15:27:25	48.0	48.0	14.8148
01/24/2018 15:27:36	48.0	48.0	14.7368
01/24/2018 15:27:47	49.0	47.0	15.2231
01/24/2018 15:27:59	48.0	47.0	15.748
01/24/2018 15:28:10	48.0	47.0	15
01/24/2018 15:28:21	47.0	48.0	14.3236
01/24/2018 15:28:32	48.0	47.0	15.2231
01/24/2018 15:28:43	48.0	47.0	14.4737
01/24/2018 15:28:54	48.0	47.0	15.4047
01/24/2018 15:29:05	47.0	47.0	15.5673
01/24/2018 15:29:16	47.0	48.0	16.8865
01/24/2018 15:29:27	48.0	46.0	14.4737
01/24/2018 15:29:38	48.0	48.0	14.8148
01/24/2018 15:29:49	48.0	47.0	14.2105
01/24/2018 15:30:00	48.0	48.0	13.7566
01/24/2018 15:30:11	48.0	47.0	15.2231
01/24/2018 15:30:22	48.0	47.0	13.9474
01/24/2018 15:30:33	47.0	46.0	15.748
01/24/2018 15:30:44	47.0	47.0	14.7368
01/24/2018 15:30:55	47.0	47.0	13.9842
01/24/2018 15:31:06	47.0	46.0	14.7368
01/24/2018 15:31:17	47.0	47.0	14.7757
01/24/2018 15:31:28	50.0	48.0	13.2275
01/24/2018 15:31:39	51.0	51.0	14.248
01/24/2018 15:31:50	52.0	52.0	12.6316
01/24/2018 15:32:01	54.0	53.0	13.577
01/24/2018 15:32:12	55.0	55.0	13.0548
01/24/2018 15:32:23	56.0	55.0	13.3508
01/24/2018 15:32:34	57.0	56.0	13.3159
01/24/2018 15:32:45	53.0	54.0	14.2105
01/24/2018 15:32:56	52.0	53.0	13.1234
01/24/2018 15:33:08	51.0	51.0	15.5673
01/24/2018 15:33:19	50.0	50.0	14.3603
01/24/2018 15:33:30	50.0	50.0	15
01/24/2018 15:33:41	49.0	49.0	15.0794
01/24/2018 15:33:52	49.0	49.0	13.9842
01/24/2018 15:34:03	49.0	48.0	15
01/24/2018 15:34:14	49.0	48.0	14.7757
01/24/2018 15:34:25	49.0	48.0	14.7757
01/24/2018 15:34:36	48.0	48.0	14.7368
01/24/2018 15:34:47	48.0	48.0	15.7895
01/24/2018 15:34:58	48.0	48.0	14.0212
01/24/2018 15:35:09	48.0	48.0	15.748
01/24/2018 15:35:20	48.0	48.0	15.0794
01/24/2018 15:35:31	48.0	47.0	14.5889
01/24/2018 15:35:42	48.0	47.0	15
01/24/2018 15:35:53	47.0	47.0	14.248
01/24/2018 15:36:04	47.0	47.0	14.7757
01/24/2018 15:36:15	47.0	47.0	14.5503
01/24/2018 15:36:26	47.0	48.0	13.4565
01/24/2018 15:36:37	49.0	49.0	13.6483
01/24/2018 15:36:48	51.0	51.0	13.9474
01/24/2018 15:36:59	53.0	53.0	12.8272
01/24/2018 15:37:10	54.0	54.0	13.8381
01/24/2018 15:37:21	55.0	55.0	13.4565
01/24/2018 15:37:32	57.0	55.0	12.8609
01/24/2018 15:37:43	55.0	55.0	13.089
01/24/2018 15:37:54	53.0	53.0	14.9606
01/24/2018 15:38:06	52.0	52.0	13.089
01/24/2018 15:38:17	51.0	51.0	15
01/24/2018 15:38:28	50.0	50.0	14.5503
01/24/2018 15:38:39	50.0	49.0	13.6126
01/24/2018 15:38:50	49.0	48.0	15.5673
01/24/2018 15:39:01	49.0	48.0	14.5119
01/24/2018 15:39:12	49.0	48.0	14.7368
01/24/2018 15:39:23	49.0	48.0	15.3034
01/24/2018 15:39:34	48.0	48.0	14.7757
01/24/2018 15:39:45	48.0	48.0	13.7203
01/24/2018 15:39:56	49.0	48.0	16.1376
01/24/2018 15:40:07	48.0	48.0	14.248
01/24/2018 15:40:18	48.0	47.0	14.2105
01/24/2018 15:40:29	48.0	47.0	15.2632
01/24/2018 15:40:40	48.0	47.0	15
01/24/2018 15:40:51	48.0	47.0	16.9271
01/24/2018 15:41:02	47.0	48.0	15.0794
01/24/2018 15:41:13	48.0	48.0	13.9842
01/24/2018 15:41:24	48.0	47.0	15.2632
01/24/2018 15:41:35	48.0	47.0	15.2231
01/24/2018 15:41:46	48.0	47.0	13.9474
01/24/2018 15:41:57	47.0	47.0	13.6483
01/24/2018 15:42:08	48.0	46.0	13.7931
01/24/2018 15:42:19	47.0	46.0	15.748
01/24/2018 15:42:30	48.0	48.0	15.2632
01/24/2018 15:42:41	50.0	49.0	14.7757
01/24/2018 15:42:52	52.0	51.0	14.4357
01/24/2018 15:43:04	53.0	53.0	14.1361
01/24/2018 15:43:15	54.0	54.0	13.1234
01/24/2018 15:43:26	55.0	55.0	13.6126
01/24/2018 15:43:37	56.0	55.0	12.5654
01/24/2018 15:43:48	55.0	54.0	13.3508
01/24/2018 15:43:59	53.0	52.0	13.8743
01/24/2018 15:44:10	51.0	51.0	15.2632
01/24/2018 15:44:21	51.0	51.0	15.445
01/24/2018 15:44:32	50.0	50.0	15.0794
01/24/2018 15:44:43	50.0	49.0	14.5503
01/24/2018 15:44:54	49.0	48.0	14.9215
01/24/2018 15:45:05	49.0	48.0	14.8541
01/24/2018 15:45:16	48.0	48.0	14.5119
01/24/2018 15:45:27	48.0	48.0	15.1832
01/24/2018 15:45:38	49.0	48.0	16.1458
01/24/2018 15:45:49	49.0	48.0	14.4737
01/24/2018 15:46:00	48.0	47.0	15.3034
01/24/2018 15:46:11	48.0	47.0	14.2857
01/24/2018 15:46:22	48.0	47.0	14.7368
01/24/2018 15:46:33	48.0	47.0	15.3034
01/24/2018 15:46:44	48.0	47.0	14.3236
01/24/2018 15:46:55	48.0	47.0	14.7757
01/24/2018 15:47:06	48.0	47.0	15.0396
01/24/2018 15:47:17	48.0	47.0	14.5119
01/24/2018 15:47:28	48.0	47.0	15.2231
01/24/2018 15:47:39	50.0	49.0	15
01/24/2018 15:47:50	51.0	51.0	13.4211
01/24/2018 15:48:01	53.0	53.0	13.1234
01/24/2018 15:48:13	54.0	54.0	13.9474
01/24/2018 15:48:24	55.0	55.0	12.7937
01/24/2018 15:48:35	56.0	55.0	12.8947
01/24/2018 15:48:46	55.0	55.0	12.8947
01/24/2018 15:48:57	53.0	53.0	14.9606
01/24/2018 15:49:08	52.0	51.0	15.5263
01/24/2018 15:49:19	51.0	50.0	15.445
01/24/2018 15:49:30	50.0	49.0	13.9842
01/24/2018 15:49:41	50.0	49.0	15.7895
01/24/2018 15:49:52	49.0	48.0	14.5119
01/24/2018 15:50:03	49.0	49.0	15.2632
01/24/2018 15:50:14	49.0	48.0	15.3034
01/24/2018 15:50:25	49.0	48.0	14.4737
01/24/2018 15:50:36	48.0	47.0	15.2231
01/24/2018 15:50:47	48.0	47.0	14.7757
01/24/2018 15:50:58	48.0	47.0	15.4856
01/24/2018 15:51:09	48.0	47.0	14.6597
01/24/2018 15:51:20	48.0	47.0	14.7757
01/24/2018 15:51:31	48.0	46.0	14.4737
01/24/2018 15:51:42	48.0	47.0	15.5263
01/24/2018 15:51:53	47.0	47.0	14.4737
01/24/2018 15:52:04	48.0	47.0	14.7368
01/24/2018 15:52:15	48.0	46.0	14.8541
01/24/2018 15:52:26	49.0	48.0	14.3979
01/24/2018 15:52:37	51.0	51.0	12.8609
01/24/2018 15:52:48	53.0	53.0	13.9474
01/24/2018 15:52:59	54.0	53.0	12.8947
01/24/2018 15:53:11	55.0	54.0	13.577
01/24/2018 15:53:22	56.0	55.0	13.8381
01/24/2018 15:53:33	57.0	56.0	13.2468
01/24/2018 15:53:44	55.0	54.0	13.1234
01/24/2018 15:53:55	52.0	53.0	15
01/24/2018 15:54:06	51.0	51.0	14.7368
01/24/2018 15:54:17	51.0	50.0	14.8541
01/24/2018 15:54:28	50.0	50.0	16.3588
01/24/2018 15:54:39	50.0	49.0	14.2857
01/24/2018 15:54:50	49.0	49.0	15.5673
01/24/2018 15:55:01	49.0	49.0	14.0212
01/24/2018 15:55:12	49.0	48.0	15.2632
01/24/2018 15:55:23	49.0	48.0	14.8148
01/24/2018 15:55:34	49.0	47.0	14.7757
01/24/2018 15:55:45	48.0	48.0	13.4565
01/24/2018 15:55:56	48.0	47.0	15.4047
01/24/2018 15:56:07	48.0	47.0	14.4
01/24/2018 15:56:18	47.0	47.0	14.6982
01/24/2018 15:56:29	48.0	47.0	16.4921
01/24/2018 15:56:40	50.0	48.0	13.1926
01/24/2018 15:56:51	50.0	51.0	13.9842
01/24/2018 15:57:02	52.0	51.0	13.1234
01/24/2018 15:57:13	54.0	53.0	13.577
01/24/2018 15:57:24	54.0	54.0	13.4211
01/24/2018 15:57:35	56.0	55.0	13.3159
01/24/2018 15:57:46	57.0	56.0	12.5326
01/24/2018 15:57:57	56.0	54.0	14.1732
01/24/2018 15:58:08	53.0	53.0	14.2105
01/24/2018 15:58:20	52.0	51.0	13.4565
01/24/2018 15:58:31	51.0	51.0	15.0396
01/24/2018 15:58:42	50.0	50.0	15
01/24/2018 15:58:53	50.0	49.0	14.2857
01/24/2018 15:59:04	49.0	48.0	15.2231
01/24/2018 15:59:15	49.0	49.0	15.4856
01/24/2018 15:59:26	48.0	48.0	15.2632
01/24/2018 15:59:37	48.0	48.0	15.2632
01/24/2018 15:59:48	48.0	47.0	14.3236
01/24/2018 15:59:59	48.0	47.0	14.9606
01/24/2018 16:00:10	48.0	47.0	13.7566
01/24/2018 16:00:21	48.0	47.0	13.6483
01/24/2018 16:00:32	48.0	47.0	15.2
01/24/2018 16:00:43	47.0	47.0	14.7757
01/24/2018 16:00:54	49.0	49.0	14.7368
01/24/2018 16:01:05	51.0	51.0	15
01/24/2018 16:01:16	52.0	52.0	12.6316
01/24/2018 16:01:27	54.0	53.0	13.6126
01/24/2018 16:01:38	56.0	54.0	13.6483
01/24/2018 16:01:49	56.0	55.0	12.5984
01/24/2018 16:02:00	57.0	56.0	13.3858
01/24/2018 16:02:11	55.0	54.0	14.9606
01/24/2018 16:02:22	53.0	53.0	14.3603
01/24/2018 16:02:33	52.0	51.0	15.0396
01/24/2018 16:02:44	50.0	50.0	14.3236
01/24/2018 16:02:55	50.0	49.0	14.5119
01/24/2018 16:03:06	49.0	48.0	15.5263
01/24/2018 16:03:18	49.0	48.0	14.7368
01/24/2018 16:03:29	49.0	48.0	13.9474
01/24/2018 16:03:40	49.0	47.0	15.0396
01/24/2018 16:03:51	48.0	48.0	14.5833
01/24/2018 16:04:02	48.0	47.0	14.4737
01/24/2018 16:04:13	47.0	47.0	14.8541
01/24/2018 16:04:24	48.0	47.0	14.7368
01/24/2018 16:04:35	47.0	47.0	14.248
01/24/2018 16:04:46	48.0	47.0	15.5673
01/24/2018 16:04:57	50.0	50.0	15
01/24/2018 16:05:08	51.0	51.0	13.4211
01/24/2018 16:05:19	52.0	52.0	13.089
01/24/2018 16:05:30	54.0	54.0	13.1579
01/24/2018 16:05:41	55.0	54.0	13.3858
01/24/2018 16:05:52	56.0	55.0	13.089
01/24/2018 16:06:03	56.0	55.0	13.0208
01/24/2018 16:06:14	54.0	53.0	17.7083
01/24/2018 16:06:25	53.0	53.0	18.863
01/24/2018 16:06:36	52.0	51.0	19.1099
01/24/2018 16:06:47	53.0	52.0	18.5185
01/24/2018 16:06:58	50.0	50.0	17.9688
01/24/2018 16:07:09	50.0	49.0	16.9271
01/24/2018 16:07:20	50.0	49.0	17.1875
01/24/2018 16:07:31	50.0	49.0	17.3575
01/24/2018 16:07:42	50.0	49.0	13.9108
01/24/2018 16:07:53	49.0	48.0	16.0105
01/24/2018 16:08:04	50.0	49.0	14.5833
01/24/2018 16:08:15	48.0	48.0	14.6597
01/24/2018 16:08:26	48.0	47.0	14.4357
01/24/2018 16:08:37	48.0	47.0	13.6842
01/24/2018 16:08:48	48.0	48.0	14.7757
01/24/2018 16:09:00	50.0	50.0	12.0735
01/24/2018 16:09:11	51.0	51.0	12.336
01/24/2018 16:09:22	52.0	53.0	14.0992
01/24/2018 16:09:33	54.0	54.0	12.0419
01/24/2018 16:09:44	55.0	54.0	12.0735
01/24/2018 16:09:55	56.0	55.0	12.2715
01/24/2018 16:10:06	57.0	56.0	13.577
01/24/2018 16:10:17	54.0	54.0	13.0548
01/24/2018 16:10:28	52.0	52.0	12.7937
01/24/2018 16:10:39	52.0	51.0	12.8272
01/24/2018 16:10:50	51.0	50.0	14.2857
01/24/2018 16:11:01	49.0	50.0	13.6126
01/24/2018 16:11:12	50.0	48.0	14.2105
01/24/2018 16:11:23	49.0	48.0	14.1732
01/24/2018 16:11:34	49.0	48.0	12.8272
01/24/2018 16:11:45	49.0	48.0	12.2715
01/24/2018 16:11:56	48.0	47.0	15
01/24/2018 16:12:07	48.0	47.0	14.9606
01/24/2018 16:12:18	48.0	47.0	14.1361
01/24/2018 16:12:29	48.0	47.0	14.4737
01/24/2018 16:12:40	47.0	46.0	13.9474
01/24/2018 16:12:51	49.0	49.0	12.7937
01/24/2018 16:13:02	51.0	50.0	11.7801
01/24/2018 16:13:13	52.0	51.0	12.5326
01/24/2018 16:13:24	54.0	53.0	12.5984
01/24/2018 16:13:35	55.0	54.0	11.811
01/24/2018 16:13:46	55.0	55.0	11.5486
01/24/2018 16:13:57	57.0	56.0	13.2468
01/24/2018 16:14:09	56.0	55.0	11.5486
01/24/2018 16:14:20	54.0	53.0	12.8947
01/24/2018 16:14:31	52.0	51.0	13.1234
01/24/2018 16:14:42	51.0	50.0	13.4921
01/24/2018 16:14:53	50.0	50.0	13.7566
01/24/2018 16:15:04	49.0	48.0	14.7757
01/24/2018 16:15:15	49.0	48.0	14.5119
01/24/2018 16:15:26	48.0	48.0	13.2626
01/24/2018 16:15:37	48.0	48.0	13.7203
01/24/2018 16:15:48	48.0	48.0	13.6842
01/24/2018 16:15:59	48.0	47.0	15.0396
01/24/2018 16:16:10	48.0	47.0	13.6126
01/24/2018 16:16:21	47.0	47.0	13.3858
01/24/2018 16:16:32	47.0	47.0	14.0212
01/24/2018 16:16:43	48.0	47.0	14.4357
01/24/2018 16:16:54	50.0	49.0	13.0548
01/24/2018 16:17:05	51.0	51.0	13.1234
01/24/2018 16:17:16	52.0	53.0	12.0735
01/24/2018 16:17:27	54.0	53.0	12.5654
01/24/2018 16:17:38	55.0	54.0	12.336
01/24/2018 16:17:49	55.0	55.0	11.2861
01/24/2018 16:18:00	56.0	56.0	11.7493
01/24/2018 16:18:11	56.0	55.0	13.3159
01/24/2018 16:18:22	54.0	53.0	12.3037
01/24/2018 16:18:33	52.0	52.0	12.336
01/24/2018 16:18:44	51.0	51.0	13.6842
01/24/2018 16:18:55	50.0	50.0	14.0992
01/24/2018 16:19:06	49.0	48.0	13.6126
01/24/2018 16:19:17	49.0	48.0	18.4416
01/24/2018 16:19:29	49.0	48.0	14.2105
01/24/2018 16:19:40	49.0	48.0	15.4856
01/24/2018 16:19:51	49.0	48.0	14.2105
01/24/2018 16:20:02	48.0	48.0	13.9108
01/24/2018 16:20:13	48.0	47.0	20.5195
01/24/2018 16:20:24	49.0	48.0	20.3655
01/24/2018 16:20:35	49.0	48.0	17.0984
01/24/2018 16:20:46	48.0	47.0	18.4896
01/24/2018 16:20:57	48.0	48.0	18.3246
01/24/2018 16:21:08	48.0	48.0	18.4416
01/24/2018 16:21:19	49.0	48.0	16.188
01/24/2018 16:21:30	50.0	48.0	19.2208
01/24/2018 16:21:41	48.0	47.0	19.4805
01/24/2018 16:21:52	48.0	48.0	17.801
01/24/2018 16:22:03	48.0	48.0	18.0157
01/24/2018 16:22:14	49.0	47.0	18.799
01/24/2018 16:22:25	50.0	48.0	16.4921
01/24/2018 16:22:36	49.0	48.0	17.801
01/24/2018 16:22:47	48.0	48.0	18.0157
01/24/2018 16:22:58	48.0	47.0	17.7546
01/24/2018 16:23:09	49.0	48.0	18.799
01/24/2018 16:23:20	48.0	48.0	18.3246
01/24/2018 16:23:31	49.0	48.0	19.3717
01/24/2018 16:23:42	48.0	47.0	17.5393
01/24/2018 16:23:53	48.0	47.0	18.4896
01/24/2018 16:24:04	47.0	48.0	16.7539
01/24/2018 16:24:15	48.0	47.0	18.0628
01/24/2018 16:24:26	48.0	47.0	18.4416
01/24/2018 16:24:37	48.0	47.0	15.5039
01/24/2018 16:24:48	48.0	47.0	17.9688
01/24/2018 16:24:59	48.0	46.0	17.2324
01/24/2018 16:25:10	48.0	46.0	17.7083
01/24/2018 16:25:21	48.0	47.0	17.9688
01/24/2018 16:25:32	48.0	48.0	17.801
01/24/2018 16:25:43	47.0	48.0	16.5803
01/24/2018 16:25:54	47.0	47.0	18.3246
01/24/2018 16:26:05	48.0	47.0	19.7403
01/24/2018 16:26:17	48.0	47.0	19.4301
01/24/2018 16:26:28	48.0	47.0	17.3228
01/24/2018 16:26:39	48.0	48.0	16.9271
01/24/2018 16:26:50	48.0	47.0	18.2768
01/24/2018 16:27:01	48.0	47.0	21.039
01/24/2018 16:27:12	50.0	48.0	18.4896
01/24/2018 16:27:23	50.0	48.0	21.5584
01/24/2018 16:27:34	50.0	50.0	19.3122
01/24/2018 16:27:45	48.0	47.0	18.5379
01/24/2018 16:27:56	49.0	48.0	20.0521
01/24/2018 16:28:07	48.0	47.0	19.685
01/24/2018 16:28:18	48.0	47.0	16.9713
01/24/2018 16:28:29	48.0	48.0	17.0604
01/24/2018 16:28:40	48.0	47.0	18.8482
01/24/2018 16:28:51	48.0	47.0	17.2775
01/24/2018 16:29:02	48.0	47.0	17.1053
01/24/2018 16:29:13	48.0	48.0	18.4416
01/24/2018 16:29:24	48.0	48.0	16.2304
01/24/2018 16:29:35	48.0	47.0	17.4935
01/24/2018 16:29:46	48.0	47.0	17.4479
01/24/2018 16:29:57	48.0	47.0	19.171
01/24/2018 16:30:08	48.0	47.0	18.799
01/24/2018 16:30:19	48.0	48.0	17.5853
01/24/2018 16:30:30	48.0	47.0	18.3246
01/24/2018 16:30:41	48.0	48.0	15.5673
01/24/2018 16:30:52	48.0	47.0	18.8482
01/24/2018 16:31:03	48.0	47.0	18.1579
01/24/2018 16:31:14	48.0	47.0	18.1818
01/24/2018 16:31:25	48.0	47.0	18.5379
01/24/2018 16:31:36	48.0	47.0	16.1039
01/24/2018 16:31:47	48.0	48.0	17.801
01/24/2018 16:31:58	48.0	48.0	18.4896
01/24/2018 16:32:09	48.0	47.0	18.6352
01/24/2018 16:32:20	48.0	48.0	17.6166
01/24/2018 16:32:31	48.0	47.0	17.1875
01/24/2018 16:32:42	50.0	50.0	18.0879
01/24/2018 16:32:53	51.0	51.0	18.0157
01/24/2018 16:33:04	54.0	53.0	16.9271
01/24/2018 16:33:15	56.0	55.0	17.6623
01/24/2018 16:33:26	57.0	55.0	18.0628
01/24/2018 16:33:37	56.0	55.0	18.1102
01/24/2018 16:33:49	54.0	53.0	16.7539
01/24/2018 16:34:00	54.0	53.0	16.4921
01/24/2018 16:34:11	51.0	52.0	15.1832
01/24/2018 16:34:22	51.0	51.0	17.0157
01/24/2018 16:34:33	51.0	51.0	18.0628
01/24/2018 16:34:44	50.0	49.0	17.4935
01/24/2018 16:34:55	50.0	49.0	19.6335
01/24/2018 16:35:06	49.0	49.0	15.4856
01/24/2018 16:35:17	49.0	49.0	17.6166
01/24/2018 16:35:28	49.0	49.0	16.4062
01/24/2018 16:35:39	48.0	48.0	17.3228
01/24/2018 16:35:50	49.0	48.0	16.9271
01/24/2018 16:36:01	49.0	48.0	15.6658
01/24/2018 16:36:12	49.0	48.0	18.5864
01/24/2018 16:36:23	49.0	48.0	17.1875
01/24/2018 16:36:34	49.0	47.0	18.1102
01/24/2018 16:36:45	48.0	48.0	15.625
01/24/2018 16:36:56	48.0	48.0	16.0105
01/24/2018 16:37:07	48.0	48.0	19.3717
01/24/2018 16:37:18	48.0	47.0	17.1053
01/24/2018 16:37:29	48.0	47.0	17.4935
01/24/2018 16:37:40	48.0	48.0	17.1053
01/24/2018 16:37:51	49.0	48.0	17.5393
01/24/2018 16:38:02	48.0	48.0	19.2708
01/24/2018 16:38:13	49.0	48.0	13.9108
01/24/2018 16:38:24	48.0	47.0	13.9842
01/24/2018 16:38:35	48.0	47.0	15.5673
01/24/2018 16:38:46	47.0	47.0	13.4565
01/24/2018 16:38:57	48.0	47.0	13.5638
01/24/2018 16:39:08	47.0	47.0	16.0105
01/24/2018 16:39:19	47.0	47.0	15.1832
01/24/2018 16:39:30	47.0	46.0	14.9606
01/24/2018 16:39:41	47.0	46.0	14.8148
01/24/2018 16:39:52	49.0	49.0	13.1234
01/24/2018 16:40:03	51.0	51.0	12.6316
01/24/2018 16:40:15	52.0	52.0	13.9108
01/24/2018 16:40:26	53.0	54.0	13.089
01/24/2018 16:40:37	55.0	54.0	14.1361
01/24/2018 16:40:48	56.0	55.0	12.3684
01/24/2018 16:40:59	57.0	56.0	13.3858
01/24/2018 16:41:10	55.0	54.0	13.3508
01/24/2018 16:41:21	53.0	53.0	16.1804
01/24/2018 16:41:32	52.0	52.0	14.1361
01/24/2018 16:41:43	50.0	50.0	15.4856
01/24/2018 16:41:54	50.0	49.0	14.5503
01/24/2018 16:42:05	49.0	48.0	14.2857
01/24/2018 16:42:16	49.0	48.0	15.6085
01/24/2018 16:42:27	48.0	48.0	15
01/24/2018 16:42:38	48.0	47.0	15.1832
01/24/2018 16:42:49	48.0	47.0	15.2231
01/24/2018 16:43:00	48.0	47.0	14.8148
01/24/2018 16:43:11	47.0	47.0	16.4021
01/24/2018 16:43:22	47.0	47.0	15.6085
01/24/2018 16:43:33	47.0	47.0	14.248
01/24/2018 16:43:44	47.0	46.0	14.8936
01/24/2018 16:43:55	46.0	46.0	14.5119
01/24/2018 16:44:06	48.0	48.0	15.0794
01/24/2018 16:44:17	50.0	50.0	14.8148
01/24/2018 16:44:28	52.0	51.0	12.963
01/24/2018 16:44:39	53.0	53.0	13.1234
01/24/2018 16:44:50	54.0	54.0	13.9474
01/24/2018 16:45:01	55.0	55.0	13.1234
01/24/2018 16:45:12	56.0	55.0	13.1926
01/24/2018 16:45:24	55.0	54.0	14.4737
01/24/2018 16:45:35	53.0	53.0	13.1579
01/24/2018 16:45:46	51.0	51.0	13.4921
01/24/2018 16:45:57	50.0	51.0	14.0212
01/24/2018 16:46:08	50.0	49.0	13.9842
01/24/2018 16:46:19	49.0	48.0	14.3617
01/24/2018 16:46:30	49.0	48.0	15
01/24/2018 16:46:41	48.0	48.0	14.0584
01/24/2018 16:46:52	48.0	47.0	15.8311
01/24/2018 16:47:03	48.0	48.0	13.7566
01/24/2018 16:47:14	47.0	47.0	15.1832
01/24/2018 16:47:25	48.0	47.0	14.5889
01/24/2018 16:47:36	48.0	47.0	14.248
01/24/2018 16:47:47	47.0	47.0	13.2626
01/24/2018 16:47:58	47.0	47.0	15.5673
01/24/2018 16:48:09	47.0	47.0	14.2857
01/24/2018 16:48:20	48.0	46.0	14.0584
01/24/2018 16:48:31	47.0	46.0	12.4339
01/24/2018 16:48:42	48.0	47.0	14.0584
01/24/2018 16:48:53	47.0	47.0	15.0396
01/24/2018 16:49:04	50.0	48.0	14.0584
01/24/2018 16:49:15	51.0	50.0	14.5119
01/24/2018 16:49:26	52.0	52.0	13.8743
01/24/2018 16:49:37	54.0	52.0	12.6316
01/24/2018 16:49:48	55.0	54.0	13.1234
01/24/2018 16:49:59	55.0	55.0	12.8272
01/24/2018 16:50:10	57.0	56.0	12.6316
01/24/2018 16:50:22	54.0	53.0	13.577
01/24/2018 16:50:33	52.0	52.0	13.5279
01/24/2018 16:50:44	51.0	51.0	14.8148
01/24/2018 16:50:55	51.0	50.0	12.5984
01/24/2018 16:51:06	50.0	49.0	14.6667
01/24/2018 16:51:17	49.0	49.0	14.7368
01/24/2018 16:51:28	48.0	48.0	15.5673
01/24/2018 16:51:39	49.0	48.0	14.8148
01/24/2018 16:51:50	48.0	47.0	12.8609
01/24/2018 16:52:01	48.0	48.0	15.873
01/24/2018 16:52:12	48.0	47.0	14.8148
01/24/2018 16:52:23	47.0	47.0	15
01/24/2018 16:52:34	47.0	47.0	15.0396
01/24/2018 16:52:45	47.0	46.0	14.3617
01/24/2018 16:52:56	48.0	47.0	14.248
01/24/2018 16:53:07	50.0	49.0	14.2105
01/24/2018 16:53:18	51.0	51.0	13.1579
01/24/2018 16:53:29	53.0	52.0	13.089
01/24/2018 16:53:40	54.0	54.0	13.9474
01/24/2018 16:53:51	55.0	54.0	13.6842
01/24/2018 16:54:02	56.0	56.0	14.0584
01/24/2018 16:54:13	55.0	54.0	12.6649
01/24/2018 16:54:24	53.0	53.0	14.8148
01/24/2018 16:54:35	52.0	52.0	13.6842
01/24/2018 16:54:46	51.0	51.0	15.1194
01/24/2018 16:54:57	50.0	50.0	14.0212
01/24/2018 16:55:08	49.0	49.0	16.3588
01/24/2018 16:55:19	49.0	48.0	14.5119
01/24/2018 16:55:31	48.0	48.0	14.5889
01/24/2018 16:55:42	48.0	48.0	14.8541
01/24/2018 16:55:53	48.0	47.0	14.3617
01/24/2018 16:56:04	48.0	47.0	14.0584
01/24/2018 16:56:15	48.0	47.0	14.3236
01/24/2018 16:56:26	48.0	47.0	14.7757
01/24/2018 16:56:37	50.0	49.0	15.3846
01/24/2018 16:56:48	51.0	51.0	14.7757
01/24/2018 16:56:59	53.0	52.0	13.9108
01/24/2018 16:57:10	54.0	54.0	13.9108
01/24/2018 16:57:21	55.0	55.0	13.1234
01/24/2018 16:57:32	56.0	56.0	12.8947
01/24/2018 16:57:43	56.0	56.0	13.6483
01/24/2018 16:57:54	54.0	53.0	13.3858
01/24/2018 16:58:05	52.0	52.0	13.1926
01/24/2018 16:58:16	51.0	51.0	14.5119
01/24/2018 16:58:27	50.0	50.0	14.5889
01/24/2018 16:58:38	50.0	50.0	12.8609
01/24/2018 16:58:49	49.0	48.0	14.0584
01/24/2018 16:59:00	50.0	48.0	15.6085
01/24/2018 16:59:11	48.0	48.0	12.8609
01/24/2018 16:59:22	48.0	48.0	15.3034
01/24/2018 16:59:33	48.0	47.0	14.248
01/24/2018 16:59:44	48.0	47.0	16.273
01/24/2018 16:59:55	48.0	47.0	14.5503
01/24/2018 17:00:06	48.0	47.0	14.5119
01/24/2018 17:00:17	48.0	47.0	15.1194
01/24/2018 17:00:28	47.0	47.0	14.0584
01/24/2018 17:00:40	47.0	47.0	14.5889
01/24/2018 17:00:51	48.0	47.0	15.0396
01/24/2018 17:01:02	50.0	49.0	12.6316
01/24/2018 17:01:13	51.0	51.0	13.6126
01/24/2018 17:01:24	52.0	53.0	13.4211
01/24/2018 17:01:35	54.0	54.0	13.089
01/24/2018 17:01:46	55.0	55.0	13.6483
01/24/2018 17:01:57	56.0	55.0	12.7321
01/24/2018 17:02:08	56.0	55.0	13.4211
01/24/2018 17:02:19	54.0	53.0	14.5833
01/24/2018 17:02:30	52.0	52.0	14.248
01/24/2018 17:02:41	51.0	51.0	13.6842
01/24/2018 17:02:52	50.0	50.0	14.5889
01/24/2018 17:03:03	50.0	50.0	13.4565
01/24/2018 17:03:14	49.0	48.0	13.7931
01/24/2018 17:03:25	48.0	48.0	14.8541
01/24/2018 17:03:36	48.0	48.0	12.8609
01/24/2018 17:03:47	49.0	48.0	14.5503
01/24/2018 17:03:58	48.0	48.0	15.0396
01/24/2018 17:04:09	48.0	48.0	12.8272
01/24/2018 17:04:20	48.0	47.0	13.2275
01/24/2018 17:04:31	48.0	47.0	15.3034
01/24/2018 17:04:42	49.0	48.0	14.7368
01/24/2018 17:04:53	50.0	50.0	14.7757
01/24/2018 17:05:04	52.0	52.0	12.8947
01/24/2018 17:05:15	53.0	53.0	13.6126
01/24/2018 17:05:26	54.0	54.0	13.2275
01/24/2018 17:05:37	55.0	56.0	13.1579
01/24/2018 17:05:49	57.0	56.0	12.3684
01/24/2018 17:06:00	54.0	54.0	13.7203
01/24/2018 17:06:11	52.0	53.0	13.1234
01/24/2018 17:06:22	51.0	51.0	13.7566
01/24/2018 17:06:33	50.0	50.0	15.3439
01/24/2018 17:06:44	50.0	50.0	13.9842
01/24/2018 17:06:55	49.0	49.0	15.9686
01/24/2018 17:07:06	49.0	48.0	15.5263
01/24/2018 17:07:17	48.0	48.0	13.3858
01/24/2018 17:07:28	49.0	47.0	14.0957
01/24/2018 17:07:39	48.0	47.0	15.2632
01/24/2018 17:07:50	48.0	47.0	14.7757
01/24/2018 17:08:01	48.0	47.0	15.1194
01/24/2018 17:08:12	48.0	47.0	14.0957
01/24/2018 17:08:23	47.0	47.0	15
01/24/2018 17:08:34	48.0	47.0	15.1194
01/24/2018 17:08:45	47.0	46.0	13.3508
01/24/2018 17:08:56	46.0	46.0	15.5263
01/24/2018 17:09:07	49.0	48.0	12.5333
01/24/2018 17:09:18	50.0	51.0	18.0157
01/24/2018 17:09:29	53.0	53.0	14.1732
01/24/2018 17:09:40	53.0	53.0	18.3727
01/24/2018 17:09:51	55.0	54.0	17.942
01/24/2018 17:10:02	57.0	56.0	16.7102
01/24/2018 17:10:13	55.0	54.0	15.4047
01/24/2018 17:10:24	53.0	53.0	15.1436
01/24/2018 17:10:35	52.0	52.0	15.3034
01/24/2018 17:10:47	51.0	51.0	16.3636
01/24/2018 17:10:58	51.0	50.0	15.8854
01/24/2018 17:11:09	50.0	50.0	15.1832
01/24/2018 17:11:20	50.0	49.0	18.8976
01/24/2018 17:11:31	50.0	50.0	19.685
01/24/2018 17:11:42	50.0	50.0	16.9713
01/24/2018 17:11:53	49.0	49.0	20.6897
01/24/2018 17:12:04	51.0	50.0	17.8478
01/24/2018 17:12:15	49.0	48.0	16.188
01/24/2018 17:12:26	49.0	48.0	16.9271
01/24/2018 17:12:37	49.0	48.0	18.2768
01/24/2018 17:12:48	48.0	48.0	19.685
01/24/2018 17:12:59	51.0	49.0	18.0157
01/24/2018 17:13:10	49.0	48.0	16.188
01/24/2018 17:13:21	50.0	48.0	18.2768
01/24/2018 17:13:32	49.0	49.0	18.1102
01/24/2018 17:13:43	49.0	48.0	16.2304
01/24/2018 17:13:54	49.0	48.0	18.799
01/24/2018 17:14:05	48.0	48.0	14.8825
01/24/2018 17:14:16	48.0	48.0	17.6166
01/24/2018 17:14:27	49.0	48.0	19.3717
01/24/2018 17:14:38	49.0	48.0	13.9108
01/24/2018 17:14:49	47.0	47.0	14.8541
01/24/2018 17:15:00	48.0	46.0	15.4856
01/24/2018 17:15:11	48.0	47.0	12.3037
01/24/2018 17:15:22	50.0	50.0	13.6842
01/24/2018 17:15:33	51.0	51.0	12.8947
01/24/2018 17:15:44	53.0	53.0	13.6126
01/24/2018 17:15:55	54.0	53.0	13.2275
01/24/2018 17:16:06	55.0	55.0	13.4211
01/24/2018 17:16:17	56.0	56.0	13.1579
01/24/2018 17:16:28	56.0	55.0	13.1234
01/24/2018 17:16:39	54.0	54.0	13.1579
01/24/2018 17:16:50	52.0	51.0	15
01/24/2018 17:17:01	51.0	51.0	14.6214
01/24/2018 17:17:12	49.0	50.0	12.3684
01/24/2018 17:17:24	49.0	48.0	15.6085
01/24/2018 17:17:35	49.0	48.0	13.5279
01/24/2018 17:17:46	48.0	48.0	15.0396
01/24/2018 17:17:57	48.0	47.0	14.3236
01/24/2018 17:18:08	47.0	47.0	15.4667
01/24/2018 17:18:19	47.0	47.0	14.2857
01/24/2018 17:18:30	47.0	47.0	18.3246
01/24/2018 17:18:41	50.0	48.0	12.336
01/24/2018 17:18:52	51.0	51.0	12.5326
01/24/2018 17:19:03	52.0	53.0	13.3159
01/24/2018 17:19:14	53.0	53.0	12.5984
01/24/2018 17:19:25	54.0	54.0	11.5789
01/24/2018 17:19:36	55.0	55.0	10.9948
01/24/2018 17:19:47	57.0	56.0	11.7801
01/24/2018 17:19:58	56.0	55.0	12.3684
01/24/2018 17:20:09	53.0	54.0	12.8272
01/24/2018 17:20:20	51.0	51.0	12.9288
01/24/2018 17:20:31	50.0	51.0	12.8947
01/24/2018 17:20:42	50.0	49.0	11.8734
01/24/2018 17:20:53	49.0	48.0	14.1732
01/24/2018 17:21:04	49.0	48.0	14.8148
01/24/2018 17:21:15	48.0	47.0	13.5279
01/24/2018 17:21:26	48.0	47.0	13.7203
01/24/2018 17:21:37	48.0	47.0	13.1579
01/24/2018 17:21:48	48.0	48.0	12.3037
01/24/2018 17:21:59	50.0	49.0	12.5654
01/24/2018 17:22:10	51.0	51.0	12.2715
01/24/2018 17:22:21	52.0	52.0	12.3684
01/24/2018 17:22:32	54.0	53.0	12.3684
01/24/2018 17:22:43	55.0	54.0	11.5486
01/24/2018 17:22:55	56.0	55.0	11.5486
01/24/2018 17:23:06	57.0	56.0	11.2861
01/24/2018 17:23:17	57.0	56.0	12.6316
01/24/2018 17:23:28	55.0	54.0	12.1053
01/24/2018 17:23:39	52.0	53.0	13.6126
01/24/2018 17:23:50	51.0	51.0	12.6316
01/24/2018 17:24:01	50.0	50.0	14.6982
01/24/2018 17:24:12	49.0	49.0	13.4921
01/24/2018 17:24:23	49.0	48.0	13.9842
01/24/2018 17:24:34	48.0	47.0	12.3684
01/24/2018 17:24:45	48.0	48.0	15.0396
01/24/2018 17:24:56	48.0	48.0	12.6649
01/24/2018 17:25:07	48.0	49.0	13.2275
01/24/2018 17:25:18	50.0	51.0	12.336
01/24/2018 17:25:29	51.0	52.0	12.8609
01/24/2018 17:25:40	53.0	53.0	12.336
01/24/2018 17:25:51	54.0	54.0	12.3684
01/24/2018 17:26:02	55.0	54.0	12.8272
01/24/2018 17:26:13	56.0	55.0	13.577
01/24/2018 17:26:24	57.0	56.0	12.0104
01/24/2018 17:26:35	55.0	54.0	11.8421
01/24/2018 17:26:46	52.0	52.0	13.1579
01/24/2018 17:26:57	51.0	51.0	13.6842
01/24/2018 17:27:08	50.0	50.0	12.4339
01/24/2018 17:27:19	50.0	50.0	12.8947
01/24/2018 17:27:30	49.0	48.0	14.2105
01/24/2018 17:27:41	48.0	48.0	13.8743
01/24/2018 17:27:52	48.0	48.0	13.6483
01/24/2018 17:28:03	48.0	47.0	13.3858
01/24/2018 17:28:14	47.0	47.0	15.7895
01/24/2018 17:28:26	49.0	48.0	12.8947
01/24/2018 17:28:37	50.0	51.0	13.089
01/24/2018 17:28:48	52.0	52.0	12.6316
01/24/2018 17:28:59	54.0	54.0	12.1053
01/24/2018 17:29:10	54.0	54.0	13.3508
01/24/2018 17:29:21	55.0	55.0	15.7609
01/24/2018 17:29:32	54.0	54.0	12.5984
01/24/2018 17:29:43	52.0	52.0	18.0628
01/24/2018 17:29:54	51.0	51.0	13.1234
01/24/2018 17:30:05	50.0	50.0	17.2775
01/24/2018 17:30:16	50.0	50.0	17.0157
01/24/2018 17:30:27	49.0	49.0	12.987
01/24/2018 17:30:38	49.0	48.0	13.7931
01/24/2018 17:30:49	48.0	48.0	14.0625
01/24/2018 17:31:00	48.0	48.0	12.9288
01/24/2018 17:31:11	48.0	48.0	13.1926
01/24/2018 17:31:22	48.0	47.0	15
01/24/2018 17:31:33	50.0	49.0	12.5654
01/24/2018 17:31:44	51.0	51.0	12.3684
01/24/2018 17:31:55	52.0	51.0	12.3037
01/24/2018 17:32:06	53.0	53.0	12.0735
01/24/2018 17:32:17	54.0	54.0	11.5486
01/24/2018 17:32:28	55.0	55.0	11.5183
01/24/2018 17:32:39	55.0	56.0	12.0104
01/24/2018 17:32:50	57.0	56.0	13.3159
01/24/2018 17:33:01	54.0	54.0	12.5984
01/24/2018 17:33:12	52.0	52.0	12.1372
01/24/2018 17:33:23	51.0	51.0	15.0396
01/24/2018 17:33:34	50.0	50.0	12.963
01/24/2018 17:33:46	49.0	48.0	13.6842
01/24/2018 17:33:57	49.0	48.0	14.7368
01/24/2018 17:34:08	48.0	47.0	13.4211
01/24/2018 17:34:19	48.0	47.0	13.2626
01/24/2018 17:34:30	47.0	47.0	14.5119
01/24/2018 17:34:41	49.0	48.0	11.8734
01/24/2018 17:34:52	50.0	50.0	12.6316
01/24/2018 17:35:03	51.0	51.0	12.6984
01/24/2018 17:35:14	52.0	52.0	12.3684
01/24/2018 17:35:25	54.0	54.0	13.0548
01/24/2018 17:35:36	55.0	54.0	12.3684
01/24/2018 17:35:47	55.0	54.0	11.4583
01/24/2018 17:35:58	56.0	56.0	12.4339
01/24/2018 17:36:09	56.0	55.0	12.1053
01/24/2018 17:36:20	53.0	53.0	12.5326
01/24/2018 17:36:31	52.0	52.0	13.1579
01/24/2018 17:36:42	50.0	50.0	12.3684
01/24/2018 17:36:53	50.0	50.0	12.4011
01/24/2018 17:37:04	49.0	49.0	14.5503
01/24/2018 17:37:15	49.0	49.0	14.2105
01/24/2018 17:37:26	48.0	48.0	12.3684
01/24/2018 17:37:37	47.0	47.0	14.3236
01/24/2018 17:37:48	47.0	47.0	13.4921
01/24/2018 17:37:59	49.0	49.0	13.6126
01/24/2018 17:38:10	51.0	50.0	12.5654
01/24/2018 17:38:21	52.0	52.0	11.3158
01/24/2018 17:38:32	54.0	53.0	12.8272
01/24/2018 17:38:43	54.0	54.0	11.7801
01/24/2018 17:38:54	55.0	55.0	11.9481
01/24/2018 17:39:05	57.0	56.0	12.0419
01/24/2018 17:39:17	58.0	56.0	13.3508
01/24/2018 17:39:28	55.0	54.0	12.8947
01/24/2018 17:39:39	52.0	53.0	13.3858
01/24/2018 17:39:50	51.0	51.0	12.0735
01/24/2018 17:40:01	50.0	50.0	13.4211
01/24/2018 17:40:12	49.0	49.0	12.5984
01/24/2018 17:40:23	49.0	48.0	12.5984
01/24/2018 17:40:34	48.0	48.0	13.4211
01/24/2018 17:40:45	47.0	47.0	12.6316
01/24/2018 17:40:56	48.0	48.0	12.336
01/24/2018 17:41:07	48.0	47.0	14.2105
01/24/2018 17:41:18	49.0	48.0	12.3037
01/24/2018 17:41:29	50.0	50.0	12.1053
01/24/2018 17:41:40	52.0	52.0	12.3684
01/24/2018 17:41:51	53.0	52.0	13.3159
01/24/2018 17:42:02	54.0	54.0	11.3456
01/24/2018 17:42:13	54.0	55.0	12.4011
01/24/2018 17:42:24	55.0	55.0	11.7493
01/24/2018 17:42:35	56.0	55.0	11.5789
01/24/2018 17:42:46	54.0	53.0	12.5984
01/24/2018 17:42:57	52.0	52.0	12.1053
01/24/2018 17:43:08	51.0	51.0	12.6316
01/24/2018 17:43:19	50.0	50.0	13.5638
01/24/2018 17:43:30	49.0	49.0	12.5654
01/24/2018 17:43:41	49.0	49.0	14.2105
01/24/2018 17:43:52	48.0	47.0	13.6842
01/24/2018 17:44:03	48.0	48.0	13.6842
01/24/2018 17:44:14	48.0	47.0	14.4357
01/24/2018 17:44:25	47.0	47.0	12.5326
01/24/2018 17:44:36	49.0	49.0	13.1579
01/24/2018 17:44:48	51.0	51.0	12.8609
01/24/2018 17:44:59	52.0	53.0	12.5984
01/24/2018 17:45:10	53.0	53.0	11.811
01/24/2018 17:45:21	54.0	54.0	13.089
01/24/2018 17:45:32	55.0	55.0	11.3456
01/24/2018 17:45:43	56.0	56.0	11.7188
01/24/2018 17:45:54	57.0	56.0	13.3159
01/24/2018 17:46:05	54.0	54.0	12.1053
01/24/2018 17:46:16	52.0	53.0	12.2396
01/24/2018 17:46:27	51.0	51.0	12.1053
01/24/2018 17:46:38	50.0	50.0	14.1361
01/24/2018 17:46:49	49.0	49.0	14.3236
01/24/2018 17:47:00	49.0	48.0	13.1234
01/24/2018 17:47:11	48.0	48.0	12.7937
01/24/2018 17:47:22	48.0	47.0	13.7203
01/24/2018 17:47:33	48.0	47.0	13.1926
01/24/2018 17:47:44	47.0	47.0	14.6597
01/24/2018 17:47:55	49.0	49.0	13.3508
01/24/2018 17:48:06	51.0	51.0	12.5654
01/24/2018 17:48:17	52.0	52.0	12.336
01/24/2018 17:48:28	54.0	53.0	12.8947
01/24/2018 17:48:39	54.0	54.0	10.7895
01/24/2018 17:48:50	55.0	55.0	11.4883
01/24/2018 17:49:01	56.0	56.0	11.9792
01/24/2018 17:49:12	57.0	57.0	12.3037
01/24/2018 17:49:23	55.0	54.0	12.8272
01/24/2018 17:49:34	53.0	53.0	12.5654
01/24/2018 17:49:45	52.0	51.0	12.5984
01/24/2018 17:49:56	50.0	50.0	13.3508
01/24/2018 17:50:07	50.0	49.0	13.9842
01/24/2018 17:50:19	48.0	48.0	12.4339
01/24/2018 17:50:30	48.0	48.0	14.1361
01/24/2018 17:50:41	48.0	48.0	12.1053
01/24/2018 17:50:52	48.0	48.0	13.7203
01/24/2018 17:51:03	47.0	46.0	12.8609
01/24/2018 17:51:14	49.0	49.0	12.5326
01/24/2018 17:51:25	50.0	51.0	12.3037
01/24/2018 17:51:36	52.0	51.0	13.4565
01/24/2018 17:51:47	53.0	53.0	11.0818
01/24/2018 17:51:58	54.0	54.0	12.8272
01/24/2018 17:52:09	55.0	55.0	11.7493
01/24/2018 17:52:20	56.0	56.0	11.811
01/24/2018 17:52:31	57.0	56.0	12.0419
01/24/2018 17:52:42	54.0	54.0	12.5654
01/24/2018 17:52:53	52.0	52.0	13.3159
01/24/2018 17:53:04	51.0	51.0	13.1234
01/24/2018 17:53:15	50.0	50.0	12.8609
01/24/2018 17:53:26	49.0	49.0	13.6483
01/24/2018 17:53:37	49.0	48.0	14.7368
01/24/2018 17:53:48	48.0	48.0	13.7566
01/24/2018 17:53:59	48.0	48.0	12.5984
01/24/2018 17:54:10	48.0	48.0	14.5889
01/24/2018 17:54:21	48.0	46.0	12.9288
01/24/2018 17:54:32	48.0	47.0	13.0548
01/24/2018 17:54:43	49.0	48.0	14.2857
01/24/2018 17:54:54	50.0	50.0	12.336
01/24/2018 17:55:05	51.0	51.0	12.6649
01/24/2018 17:55:16	52.0	52.0	11.4883
01/24/2018 17:55:27	54.0	54.0	14.3979
01/24/2018 17:55:38	57.0	55.0	12.5654
01/24/2018 17:55:50	55.0	55.0	11.7801
01/24/2018 17:56:01	57.0	55.0	12.336
01/24/2018 17:56:12	54.0	54.0	13.1926
01/24/2018 17:56:23	53.0	52.0	13.1926
01/24/2018 17:56:34	51.0	50.0	12.4668
01/24/2018 17:56:45	50.0	50.0	14.7757
01/24/2018 17:56:56	50.0	49.0	13.7203
01/24/2018 17:57:07	48.0	48.0	11.8734
01/24/2018 17:57:18	49.0	47.0	11.8734
01/24/2018 17:57:29	48.0	47.0	14.0212
01/24/2018 17:57:40	48.0	47.0	13.6842
01/24/2018 17:57:51	48.0	46.0	13.6126
01/24/2018 17:58:02	48.0	47.0	12.1053
01/24/2018 17:58:13	50.0	49.0	13.8381
01/24/2018 17:58:24	51.0	51.0	12.0419
01/24/2018 17:58:35	52.0	53.0	13.0208
01/24/2018 17:58:46	54.0	53.0	12.3684
01/24/2018 17:58:57	55.0	54.0	12.7604
01/24/2018 17:59:08	56.0	55.0	11.0236
01/24/2018 17:59:19	56.0	55.0	12.0104
01/24/2018 17:59:30	57.0	55.0	13.8381
01/24/2018 17:59:41	54.0	54.0	11.5789
01/24/2018 17:59:52	52.0	53.0	12.6649
01/24/2018 18:00:03	51.0	51.0	13.3858
01/24/2018 18:00:14	51.0	50.0	16.0526
01/24/2018 18:00:25	49.0	49.0	13.089
01/24/2018 18:00:36	49.0	48.0	12.6316
01/24/2018 18:00:47	48.0	48.0	14.8148
01/24/2018 18:00:58	48.0	48.0	12.3684
01/24/2018 18:01:09	49.0	47.0	12.3037
01/24/2018 18:01:21	49.0	48.0	13.2275
01/24/2018 18:01:32	50.0	50.0	12.5984
01/24/2018 18:01:43	51.0	51.0	13.3508
01/24/2018 18:01:54	53.0	53.0	12.5654
01/24/2018 18:02:05	54.0	54.0	12.5984
01/24/2018 18:02:16	55.0	55.0	11.2861
01/24/2018 18:02:27	56.0	56.0	11.811
01/24/2018 18:02:38	57.0	56.0	11.7801
01/24/2018 18:02:49	55.0	56.0	11.8421
01/24/2018 18:03:00	54.0	53.0	12.8272
01/24/2018 18:03:11	52.0	51.0	15
01/24/2018 18:03:22	50.0	51.0	13.6483
01/24/2018 18:03:33	50.0	50.0	12.3037
01/24/2018 18:03:44	49.0	50.0	12.6316
01/24/2018 18:03:55	49.0	48.0	13.089
01/24/2018 18:04:06	49.0	48.0	13.2275
01/24/2018 18:04:17	48.0	47.0	13.3508
01/24/2018 18:04:28	48.0	47.0	15.2231
01/24/2018 18:04:39	48.0	48.0	13.0208
01/24/2018 18:04:50	50.0	49.0	13.0548
01/24/2018 18:05:01	51.0	51.0	13.5065
01/24/2018 18:05:12	52.0	52.0	12.7937
01/24/2018 18:05:23	54.0	54.0	12.1053
01/24/2018 18:05:34	55.0	54.0	12.336
01/24/2018 18:05:45	56.0	55.0	11.5183
01/24/2018 18:05:56	57.0	56.0	12.2715
01/24/2018 18:06:07	57.0	56.0	11.4883
01/24/2018 18:06:18	55.0	54.0	12.336
01/24/2018 18:06:29	53.0	52.0	15.1832
01/24/2018 18:06:40	52.0	51.0	12.5326
01/24/2018 18:06:52	50.0	50.0	13.6483
01/24/2018 18:07:03	50.0	50.0	12.1693
01/24/2018 18:07:14	48.0	48.0	14.4737
01/24/2018 18:07:25	48.0	48.0	11.8421
01/24/2018 18:07:36	47.0	47.0	15.2632
01/24/2018 18:07:47	48.0	47.0	12.8609
01/24/2018 18:07:58	48.0	49.0	13.7203
01/24/2018 18:08:09	51.0	50.0	13.1234
01/24/2018 18:08:20	52.0	52.0	12.7937
01/24/2018 18:08:31	53.0	53.0	12.8609
01/24/2018 18:08:42	55.0	54.0	12.7273
01/24/2018 18:08:53	55.0	55.0	11.5183
01/24/2018 18:09:04	56.0	56.0	12.0104
01/24/2018 18:09:15	57.0	56.0	11.3158
01/24/2018 18:09:26	55.0	54.0	12.5654
01/24/2018 18:09:37	52.0	53.0	13.577
01/24/2018 18:09:48	52.0	51.0	12.5984
01/24/2018 18:09:59	50.0	50.0	12.3684
01/24/2018 18:10:10	50.0	49.0	13.6842
01/24/2018 18:10:21	49.0	48.0	13.7566
01/24/2018 18:10:32	48.0	48.0	13.6126
01/24/2018 18:10:43	48.0	47.0	13.3508
01/24/2018 18:10:54	48.0	47.0	14.2105
01/24/2018 18:11:05	49.0	48.0	13.3858
01/24/2018 18:11:16	50.0	50.0	13.0208
01/24/2018 18:11:27	51.0	51.0	12.8272
01/24/2018 18:11:38	54.0	53.0	12.8609
01/24/2018 18:11:49	55.0	54.0	13.2812
01/24/2018 18:12:00	55.0	54.0	13.3159
01/24/2018 18:12:11	57.0	56.0	12.3037
01/24/2018 18:12:23	57.0	56.0	12.0104
01/24/2018 18:12:34	55.0	56.0	13.0208
01/24/2018 18:12:45	53.0	53.0	12.6649
01/24/2018 18:12:56	52.0	52.0	12.0735
01/24/2018 18:13:07	51.0	50.0	14.1732
01/24/2018 18:13:18	50.0	50.0	14.9215
01/24/2018 18:13:29	49.0	49.0	12.6316
01/24/2018 18:13:40	48.0	48.0	12.8272
01/24/2018 18:13:51	49.0	48.0	12.9288
01/24/2018 18:14:02	48.0	47.0	13.9474
01/24/2018 18:14:13	48.0	47.0	13.9842
01/24/2018 18:14:24	48.0	47.0	14.1732
01/24/2018 18:14:35	49.0	47.0	13.2812
01/24/2018 18:14:46	50.0	50.0	13.8381
01/24/2018 18:14:57	51.0	52.0	14.1732
01/24/2018 18:15:08	53.0	53.0	13.089
01/24/2018 18:15:19	54.0	54.0	12.3037
01/24/2018 18:15:30	55.0	54.0	11.7493
01/24/2018 18:15:41	56.0	56.0	11.7493
01/24/2018 18:15:52	57.0	56.0	13.2812
01/24/2018 18:16:03	55.0	54.0	12.1053
01/24/2018 18:16:14	53.0	52.0	12.3037
01/24/2018 18:16:25	52.0	51.0	14.1732
01/24/2018 18:16:36	50.0	50.0	14.1732
01/24/2018 18:16:47	49.0	49.0	13.6483
01/24/2018 18:16:58	49.0	49.0	12.8272
01/24/2018 18:17:09	48.0	48.0	13.7203
01/24/2018 18:17:20	48.0	47.0	14.3229
01/24/2018 18:17:31	48.0	48.0	13.7566
01/24/2018 18:17:43	47.0	47.0	12.5984
01/24/2018 18:17:54	49.0	48.0	13.089
01/24/2018 18:18:05	51.0	50.0	13.9842
01/24/2018 18:18:16	52.0	51.0	12.5654
01/24/2018 18:18:27	52.0	53.0	13.3159
01/24/2018 18:18:38	54.0	53.0	12.5654
01/24/2018 18:18:49	55.0	54.0	12.5654
01/24/2018 18:19:00	56.0	55.0	11.5486
01/24/2018 18:19:11	56.0	55.0	11.4883
01/24/2018 18:19:22	57.0	56.0	12.1053
01/24/2018 18:19:33	54.0	54.0	13.5065
01/24/2018 18:19:44	53.0	51.0	12.8609
01/24/2018 18:19:55	50.0	51.0	13.3858
01/24/2018 18:20:06	50.0	50.0	14.7368
01/24/2018 18:20:17	49.0	49.0	13.9474
01/24/2018 18:20:28	49.0	48.0	13.1926
01/24/2018 18:20:39	48.0	48.0	13.6483
01/24/2018 18:20:50	48.0	47.0	13.3508
01/24/2018 18:21:01	48.0	47.0	14.6597
01/24/2018 18:21:12	48.0	48.0	13.089
01/24/2018 18:21:23	50.0	49.0	11.811
01/24/2018 18:21:34	51.0	51.0	13.3159
01/24/2018 18:21:45	52.0	51.0	12.336
01/24/2018 18:21:56	54.0	53.0	12.336
01/24/2018 18:22:07	55.0	54.0	12.8609
01/24/2018 18:22:18	55.0	55.0	12.0735
01/24/2018 18:22:29	56.0	55.0	10.7612
01/24/2018 18:22:40	57.0	56.0	12.8272
01/24/2018 18:22:51	55.0	54.0	12.5326
01/24/2018 18:23:02	53.0	52.0	12.8609
01/24/2018 18:23:14	52.0	51.0	13.3508
01/24/2018 18:23:25	51.0	50.0	13.0548
01/24/2018 18:23:36	49.0	49.0	15.2632
01/24/2018 18:23:47	50.0	48.0	13.3159
01/24/2018 18:23:58	48.0	48.0	13.9474
01/24/2018 18:24:09	48.0	48.0	13.9842
01/24/2018 18:24:20	48.0	47.0	14.6597
01/24/2018 18:24:31	48.0	47.0	13.4211
01/24/2018 18:24:42	49.0	48.0	13.9108
01/24/2018 18:24:53	50.0	49.0	12.7937
01/24/2018 18:25:04	51.0	51.0	12.5326
01/24/2018 18:25:15	52.0	52.0	12.8609
01/24/2018 18:25:26	54.0	53.0	13.3159
01/24/2018 18:25:37	55.0	54.0	12.1372
01/24/2018 18:25:48	55.0	55.0	11.9481
01/24/2018 18:25:59	57.0	56.0	11.2272
01/24/2018 18:26:10	57.0	57.0	12.8272
01/24/2018 18:26:21	54.0	54.0	12.8272
01/24/2018 18:26:32	52.0	52.0	12.0735
01/24/2018 18:26:43	51.0	51.0	16.2304
01/24/2018 18:26:54	50.0	50.0	14.3979
01/24/2018 18:27:05	49.0	49.0	13.8743
01/24/2018 18:27:16	49.0	48.0	13.3508
01/24/2018 18:27:27	49.0	48.0	13.4565
01/24/2018 18:27:38	48.0	48.0	14.0212
01/24/2018 18:27:49	48.0	47.0	15.2632
01/24/2018 18:28:00	47.0	47.0	12.336
01/24/2018 18:28:11	48.0	47.0	13.3858
01/24/2018 18:28:22	50.0	50.0	12.5984
01/24/2018 18:28:34	51.0	51.0	12.7937
01/24/2018 18:28:45	52.0	53.0	13.3508
01/24/2018 18:28:56	54.0	54.0	11.9792
01/24/2018 18:29:07	55.0	54.0	12.0419
01/24/2018 18:29:18	56.0	55.0	11.7801
01/24/2018 18:29:29	57.0	55.0	12.3037
01/24/2018 18:29:40	56.0	55.0	11.8421
01/24/2018 18:29:51	54.0	53.0	13.6126
01/24/2018 18:30:02	52.0	51.0	13.0548
01/24/2018 18:30:13	51.0	50.0	14.026
01/24/2018 18:30:24	50.0	50.0	13.1234
01/24/2018 18:30:35	49.0	49.0	13.089
01/24/2018 18:30:46	49.0	48.0	13.6126
01/24/2018 18:30:57	48.0	48.0	14.9215
01/24/2018 18:31:08	48.0	47.0	13.3858
01/24/2018 18:31:19	47.0	47.0	14.5119
01/24/2018 18:31:30	48.0	47.0	14.1361
01/24/2018 18:31:41	48.0	49.0	15.7068
01/24/2018 18:31:52	50.0	50.0	13.089
01/24/2018 18:32:03	51.0	52.0	11.811
01/24/2018 18:32:14	53.0	53.0	12.2396
01/24/2018 18:32:25	54.0	53.0	12.2715
01/24/2018 18:32:36	55.0	54.0	11.7801
01/24/2018 18:32:47	56.0	55.0	13.577
01/24/2018 18:32:58	57.0	56.0	11.811
01/24/2018 18:33:09	55.0	54.0	12.7937
01/24/2018 18:33:20	52.0	52.0	12.3684
01/24/2018 18:33:31	51.0	51.0	14.2105
01/24/2018 18:33:42	50.0	50.0	12.5654
01/24/2018 18:33:53	50.0	48.0	15.6658
01/24/2018 18:34:05	49.0	49.0	12.5654
01/24/2018 18:34:16	48.0	48.0	14.8825
01/24/2018 18:34:27	48.0	47.0	13.3159
01/24/2018 18:34:38	47.0	47.0	14.6982
01/24/2018 18:34:49	48.0	47.0	13.3858
01/24/2018 18:35:00	51.0	49.0	13.577
01/24/2018 18:35:11	51.0	51.0	13.0548
01/24/2018 18:35:22	53.0	52.0	12.5326
01/24/2018 18:35:33	53.0	53.0	13.577
01/24/2018 18:35:44	55.0	54.0	11.7493
01/24/2018 18:35:55	56.0	55.0	11.7493
01/24/2018 18:36:06	57.0	56.0	11.7493
01/24/2018 18:36:17	57.0	55.0	12.5326
01/24/2018 18:36:28	55.0	53.0	12.3684
01/24/2018 18:36:39	52.0	52.0	12.7604
01/24/2018 18:36:50	51.0	51.0	13.4211
01/24/2018 18:37:01	50.0	50.0	14.6597
01/24/2018 18:37:12	49.0	49.0	14.2105
01/24/2018 18:37:23	49.0	49.0	13.3858
01/24/2018 18:37:34	48.0	48.0	14.1732
01/24/2018 18:37:45	47.0	48.0	13.7203
01/24/2018 18:37:56	48.0	47.0	13.3508
01/24/2018 18:38:07	48.0	48.0	13.3508
01/24/2018 18:38:18	50.0	50.0	12.5654
01/24/2018 18:38:29	51.0	51.0	12.5654
01/24/2018 18:38:40	53.0	52.0	13.2812
01/24/2018 18:38:51	53.0	54.0	12.7937
01/24/2018 18:39:02	55.0	54.0	13.089
01/24/2018 18:39:13	56.0	55.0	13.5065
01/24/2018 18:39:24	57.0	56.0	11.4286
01/24/2018 18:39:36	56.0	56.0	13.577
01/24/2018 18:39:47	55.0	54.0	12.3037
01/24/2018 18:39:58	52.0	52.0	13.0548
01/24/2018 18:40:09	51.0	51.0	14.6214
01/24/2018 18:40:20	50.0	50.0	13.1234
01/24/2018 18:40:31	49.0	49.0	14.6597
01/24/2018 18:40:42	49.0	48.0	13.577
01/24/2018 18:40:53	48.0	48.0	12.5326
01/24/2018 18:41:04	48.0	47.0	14.0992
01/24/2018 18:41:15	47.0	47.0	13.6483
01/24/2018 18:41:26	48.0	47.0	12.7937
01/24/2018 18:41:37	49.0	48.0	14.2857
01/24/2018 18:41:48	51.0	51.0	14.8438
01/24/2018 18:41:59	52.0	52.0	13.2124
01/24/2018 18:42:10	53.0	53.0	13.8021
01/24/2018 18:42:21	55.0	54.0	13.3508
01/24/2018 18:42:32	55.0	55.0	11.5486
01/24/2018 18:42:43	56.0	55.0	12.2715
01/24/2018 18:42:54	57.0	56.0	12.5984
01/24/2018 18:43:05	55.0	54.0	13.7662
01/24/2018 18:43:16	53.0	53.0	13.1234
01/24/2018 18:43:27	51.0	51.0	14.5455
01/24/2018 18:43:38	50.0	50.0	14.8052
01/24/2018 18:43:49	50.0	49.0	15.9269
01/24/2018 18:44:00	49.0	48.0	13.6842
01/24/2018 18:44:11	48.0	48.0	14.9606
01/24/2018 18:44:22	48.0	48.0	14.4737
01/24/2018 18:44:33	48.0	48.0	13.8743
01/24/2018 18:44:44	48.0	47.0	13.8021
01/24/2018 18:44:55	49.0	49.0	13.577
01/24/2018 18:45:07	51.0	51.0	12.7273
01/24/2018 18:45:18	52.0	51.0	13.9896
01/24/2018 18:45:29	54.0	53.0	13.2468
01/24/2018 18:45:40	55.0	54.0	13.1443
01/24/2018 18:45:51	55.0	55.0	13.0208
01/24/2018 18:46:02	57.0	55.0	11.9171
01/24/2018 18:46:13	57.0	56.0	12.7604
01/24/2018 18:46:24	54.0	54.0	13.577
01/24/2018 18:46:35	52.0	51.0	13.7306
01/24/2018 18:46:46	51.0	50.0	13.6483
01/24/2018 18:46:57	50.0	50.0	14.8825
01/24/2018 18:47:08	49.0	49.0	14.8825
01/24/2018 18:47:19	49.0	48.0	14.026
01/24/2018 18:47:30	48.0	48.0	16.7102
01/24/2018 18:47:41	48.0	48.0	14.8052
01/24/2018 18:47:52	48.0	48.0	13.6126
01/24/2018 18:48:03	47.0	47.0	13.8021
01/24/2018 18:48:14	49.0	48.0	12.8272
01/24/2018 18:48:25	50.0	51.0	13.8743
01/24/2018 18:48:36	51.0	52.0	13.4367
01/24/2018 18:48:47	53.0	53.0	13.2468
01/24/2018 18:48:58	54.0	54.0	13.8021
01/24/2018 18:49:09	55.0	54.0	12.4675
01/24/2018 18:49:20	57.0	55.0	12.7604
01/24/2018 18:49:31	57.0	57.0	13.5417
01/24/2018 18:49:42	54.0	54.0	13.4715
01/24/2018 18:49:53	52.0	52.0	12.5654
01/24/2018 18:50:04	51.0	51.0	15.9269
01/24/2018 18:50:15	50.0	51.0	14.6597
01/24/2018 18:50:27	49.0	49.0	13.8021
01/24/2018 18:50:38	49.0	48.0	14.4357
01/24/2018 18:50:49	48.0	48.0	14.5078
01/24/2018 18:51:00	48.0	48.0	14.8825
01/24/2018 18:51:11	48.0	47.0	14.3979
01/24/2018 18:51:22	49.0	50.0	13.4715
01/24/2018 18:51:33	51.0	51.0	14.5078
01/24/2018 18:51:44	52.0	52.0	13.577
01/24/2018 18:51:55	54.0	53.0	14.0625
01/24/2018 18:52:06	54.0	54.0	13.2812
01/24/2018 18:52:17	55.0	55.0	11.7493
01/24/2018 18:52:28	56.0	56.0	12.4352
01/24/2018 18:52:39	57.0	56.0	13.577
01/24/2018 18:52:50	55.0	54.0	13.0548
01/24/2018 18:53:01	52.0	52.0	12.2715
01/24/2018 18:53:12	51.0	51.0	15.544
01/24/2018 18:53:23	50.0	50.0	13.7662
01/24/2018 18:53:34	49.0	50.0	14.5455
01/24/2018 18:53:45	49.0	49.0	12.7604
01/24/2018 18:53:56	48.0	48.0	15.5844
01/24/2018 18:54:07	48.0	48.0	15.5844
01/24/2018 18:54:18	49.0	47.0	15.625
01/24/2018 18:54:29	47.0	47.0	15.8031
01/24/2018 18:54:40	49.0	49.0	14.8052
01/24/2018 18:54:51	51.0	51.0	13.0208
01/24/2018 18:55:02	52.0	52.0	13.9535
01/24/2018 18:55:13	53.0	53.0	14.026
01/24/2018 18:55:24	55.0	54.0	13.2124
01/24/2018 18:55:35	55.0	55.0	12.8535
01/24/2018 18:55:46	57.0	55.0	12.3393
01/24/2018 18:55:58	57.0	55.0	14.9485
01/24/2018 18:56:09	56.0	54.0	14.2857
01/24/2018 18:56:20	52.0	53.0	13.5065
01/24/2018 18:56:31	51.0	51.0	13.6951
01/24/2018 18:56:42	50.0	50.0	14.2857
01/24/2018 18:56:53	49.0	49.0	15.0259
01/24/2018 18:57:04	49.0	48.0	15.0649
01/24/2018 18:57:15	48.0	48.0	15.8854
01/24/2018 18:57:26	48.0	47.0	16.3212
01/24/2018 18:57:37	47.0	47.0	15.5844
01/24/2018 18:57:48	48.0	47.0	14.5455
01/24/2018 18:57:59	49.0	48.0	15.3846
01/24/2018 18:58:10	51.0	51.0	13.9175
01/24/2018 18:58:21	52.0	52.0	14.578
01/24/2018 18:58:32	53.0	53.0	13.2468
01/24/2018 18:58:43	54.0	54.0	13.1443
01/24/2018 18:58:54	55.0	55.0	13.1443
01/24/2018 18:59:05	57.0	56.0	12.9199
01/24/2018 18:59:16	57.0	55.0	14.9871
01/24/2018 18:59:27	54.0	53.0	15.4639
01/24/2018 18:59:38	52.0	51.0	14.4703
01/24/2018 18:59:49	51.0	50.0	15.2062
01/24/2018 19:00:00	50.0	49.0	17.8571
01/24/2018 19:00:11	49.0	49.0	16.7095
01/24/2018 19:00:22	48.0	48.0	17.8571
01/24/2018 19:00:33	48.0	48.0	17.9747
01/24/2018 19:00:44	48.0	47.0	15.7761
01/24/2018 19:00:55	48.0	48.0	15.0895
01/24/2018 19:01:06	50.0	50.0	14.359
01/24/2018 19:01:17	52.0	51.0	15.3846
01/24/2018 19:01:29	52.0	53.0	15.051
01/24/2018 19:01:40	54.0	54.0	15.0895
01/24/2018 19:01:51	55.0	54.0	15.051
01/24/2018 19:02:02	56.0	56.0	13.5204
01/24/2018 19:02:13	57.0	56.0	14.9746
01/24/2018 19:02:24	56.0	56.0	16.2437
01/24/2018 19:02:35	53.0	54.0	15.5216
01/24/2018 19:02:46	52.0	52.0	15.6962
01/24/2018 19:02:57	50.0	50.0	20.5446
01/24/2018 19:03:08	50.0	49.0	19.6517
01/24/2018 19:03:19	49.0	48.0	21.8978
01/24/2018 19:03:30	49.0	48.0	21.2195
01/24/2018 19:03:41	48.0	48.0	21.5496
01/24/2018 19:03:52	48.0	46.0	22.0624
01/24/2018 19:04:03	48.0	47.0	24.105
01/24/2018 19:04:14	47.0	47.0	22.276
01/24/2018 19:04:25	50.0	49.0	20.936
01/24/2018 19:04:36	51.0	51.0	18.6275
01/24/2018 19:04:47	52.0	52.0	19.8547
01/24/2018 19:04:58	54.0	54.0	18.5185
01/24/2018 19:05:09	55.0	54.0	17.9803
01/24/2018 19:05:20	56.0	55.0	17.6617
01/24/2018 19:05:31	57.0	56.0	18.2266
01/24/2018 19:05:42	56.0	56.0	20
01/24/2018 19:05:53	54.0	53.0	21.6152
01/24/2018 19:06:04	52.0	51.0	20.9135
01/24/2018 19:06:15	51.0	51.0	22.4344
01/24/2018 19:06:26	50.0	50.0	20.6235
01/24/2018 19:06:37	49.0	48.0	23.445
01/24/2018 19:06:48	48.0	48.0	23.8208
01/24/2018 19:07:00	48.0	48.0	25.0585
01/24/2018 19:07:11	48.0	48.0	24.8837
01/24/2018 19:07:22	47.0	46.0	24.4755
01/24/2018 19:07:33	49.0	49.0	23.2614
01/24/2018 19:07:44	51.0	51.0	22.7378
01/24/2018 19:07:55	52.0	51.0	22.9698
01/24/2018 19:08:06	53.0	52.0	21.3777
01/24/2018 19:08:17	55.0	54.0	21.564
01/24/2018 19:08:28	55.0	54.0	22.2482
01/24/2018 19:08:39	56.0	55.0	20.2864
01/24/2018 19:08:50	57.0	56.0	21.8824
01/24/2018 19:09:01	55.0	54.0	22.4057
01/24/2018 19:09:12	52.0	52.0	24.9423
01/24/2018 19:09:23	51.0	51.0	23.31
01/24/2018 19:09:34	50.0	50.0	23.8876
01/24/2018 19:09:45	50.0	49.0	22.542
01/24/2018 19:09:56	49.0	48.0	21.9807
01/24/2018 19:10:07	48.0	48.0	22.9665
01/24/2018 19:10:18	48.0	47.0	22.4638
01/24/2018 19:10:29	48.0	47.0	22.7273
01/24/2018 19:10:40	48.0	47.0	22.276
01/24/2018 19:10:51	49.0	48.0	23.8771
01/24/2018 19:11:02	51.0	51.0	22.5352
01/24/2018 19:11:13	52.0	52.0	21.8009
01/24/2018 19:11:24	53.0	52.0	21.7494
01/24/2018 19:11:35	54.0	55.0	23.8318
01/24/2018 19:11:46	55.0	55.0	22.4299
01/24/2018 19:11:57	56.0	55.0	22.5581
01/24/2018 19:12:09	57.0	56.0	20.7637
01/24/2018 19:12:20	55.0	54.0	20.5314
01/24/2018 19:12:31	53.0	53.0	21.0024
01/24/2018 19:12:42	51.0	51.0	22.6829
01/24/2018 19:12:53	50.0	50.0	19.8529
01/24/2018 19:13:04	49.0	49.0	20.8845
01/24/2018 19:13:15	48.0	48.0	19.5
01/24/2018 19:13:26	48.0	48.0	18.0693
01/24/2018 19:13:37	48.0	48.0	19.2982
01/24/2018 19:13:48	48.0	46.0	20.4489
01/24/2018 19:13:59	48.0	47.0	20.1474
01/24/2018 19:14:10	49.0	48.0	21.1302
01/24/2018 19:14:21	51.0	51.0	19.5062
01/24/2018 19:14:32	52.0	52.0	17.7057
01/24/2018 19:14:43	53.0	53.0	18.1373
01/24/2018 19:14:54	55.0	53.0	19.5599
01/24/2018 19:15:05	55.0	54.0	19.2214
01/24/2018 19:15:16	56.0	56.0	19.1748
01/24/2018 19:15:27	57.0	56.0	19.0709
01/24/2018 19:15:38	55.0	54.0	18.9655
01/24/2018 19:15:49	52.0	51.0	18.408
01/24/2018 19:16:00	51.0	51.0	19.1067
01/24/2018 19:16:11	50.0	50.0	20.0495
01/24/2018 19:16:22	49.0	49.0	17.5879
01/24/2018 19:16:33	49.0	48.0	20.3474
01/24/2018 19:16:44	48.0	48.0	16.8766
01/24/2018 19:16:55	48.0	47.0	21.4815
01/24/2018 19:17:06	48.0	47.0	16.5414
01/24/2018 19:17:17	50.0	50.0	19.0123
01/24/2018 19:17:29	51.0	51.0	18.1141
01/24/2018 19:17:40	52.0	53.0	18.2716
01/24/2018 19:17:51	54.0	53.0	17.7778
01/24/2018 19:18:02	55.0	54.0	18.1818
01/24/2018 19:18:13	56.0	55.0	18.0929
01/24/2018 19:18:24	57.0	56.0	17.4129
01/24/2018 19:18:35	55.0	54.0	16.5
01/24/2018 19:18:46	53.0	53.0	17.207
01/24/2018 19:18:57	52.0	51.0	19.802
01/24/2018 19:19:08	50.0	50.0	17.8218
01/24/2018 19:19:19	49.0	49.0	19.4103
01/24/2018 19:19:30	48.0	48.0	18.4729
01/24/2018 19:19:41	48.0	48.0	18.0247
01/24/2018 19:19:52	48.0	47.0	19.1542
01/24/2018 19:20:03	47.0	47.0	19.9501
01/24/2018 19:20:14	47.0	47.0	18.2716
01/24/2018 19:20:25	49.0	48.0	17.8218
01/24/2018 19:20:36	50.0	51.0	16.8342
01/24/2018 19:20:47	53.0	52.0	17.4129
01/24/2018 19:20:58	53.0	53.0	18.5185
01/24/2018 19:21:09	55.0	54.0	17.25
01/24/2018 19:21:20	55.0	54.0	16.9576
01/24/2018 19:21:31	56.0	56.0	15.7895
01/24/2018 19:21:42	57.0	56.0	17.0792
01/24/2018 19:21:53	54.0	54.0	15.869
01/24/2018 19:22:04	53.0	52.0	18.1592
01/24/2018 19:22:15	51.0	51.0	18.136
01/24/2018 19:22:26	50.0	50.0	17.5127
01/24/2018 19:22:37	50.0	49.0	16.962
01/24/2018 19:22:49	48.0	49.0	17.7665
01/24/2018 19:23:00	49.0	47.0	16.3683
01/24/2018 19:23:11	48.0	47.0	19.7436
01/24/2018 19:23:22	49.0	47.0	16.8367
01/24/2018 19:23:33	49.0	49.0	16.1538
01/24/2018 19:23:44	51.0	50.0	15.7761
01/24/2018 19:23:55	52.0	52.0	15.5612
01/24/2018 19:24:06	54.0	53.0	16.0305
01/24/2018 19:24:17	54.0	54.0	15.6962
01/24/2018 19:24:28	55.0	54.0	14.8338
01/24/2018 19:24:39	56.0	55.0	14.2857
01/24/2018 19:24:50	58.0	56.0	15.2672
01/24/2018 19:25:01	54.0	53.0	14.1388
01/24/2018 19:25:12	52.0	52.0	16.1538
01/24/2018 19:25:23	51.0	51.0	14.5078
01/24/2018 19:25:34	50.0	50.0	14.5833
01/24/2018 19:25:45	49.0	49.0	16.6234
01/24/2018 19:25:56	49.0	48.0	15.1832
01/24/2018 19:26:07	48.0	47.0	13.6483
01/24/2018 19:26:18	48.0	48.0	16.3636
01/24/2018 19:26:29	48.0	47.0	13.7203
01/24/2018 19:26:40	48.0	47.0	15.7068
01/24/2018 19:26:51	50.0	50.0	12.7937
01/24/2018 19:27:02	51.0	51.0	13.6126
01/24/2018 19:27:13	52.0	53.0	14.8825
01/24/2018 19:27:24	54.0	54.0	12.1693
01/24/2018 19:27:35	55.0	54.0	12.336
01/24/2018 19:27:46	56.0	55.0	12.6615
01/24/2018 19:27:57	57.0	55.0	12.336
01/24/2018 19:28:08	56.0	54.0	13.0548
01/24/2018 19:28:20	53.0	53.0	13.1926
01/24/2018 19:28:31	51.0	51.0	12.8609
01/24/2018 19:28:42	51.0	50.0	12.5984
01/24/2018 19:28:53	50.0	49.0	12.6316
01/24/2018 19:29:04	49.0	48.0	12.8947
01/24/2018 19:29:15	48.0	48.0	15.6085
01/24/2018 19:29:26	47.0	47.0	13.5638
01/24/2018 19:29:37	48.0	48.0	13.7203
01/24/2018 19:29:48	50.0	50.0	12.7321
01/24/2018 19:29:59	51.0	51.0	12.1372
01/24/2018 19:30:10	53.0	52.0	12.8272
01/24/2018 19:30:21	54.0	53.0	12.4011
01/24/2018 19:30:32	55.0	54.0	12.6316
01/24/2018 19:30:43	56.0	55.0	12.0735
01/24/2018 19:30:54	57.0	56.0	12.0735
01/24/2018 19:31:05	56.0	56.0	12.1053
01/24/2018 19:31:16	54.0	54.0	12.5984
01/24/2018 19:31:27	51.0	51.0	13.6842
01/24/2018 19:31:38	50.0	51.0	13.3159
01/24/2018 19:31:49	49.0	50.0	13.6483
01/24/2018 19:32:00	49.0	48.0	13.2626
01/24/2018 19:32:11	48.0	48.0	12.6316
01/24/2018 19:32:22	48.0	47.0	14.8148
01/24/2018 19:32:33	47.0	47.0	13.1579
01/24/2018 19:32:44	48.0	48.0	11.8734
01/24/2018 19:32:55	50.0	49.0	13.4211
01/24/2018 19:33:06	51.0	52.0	12.0735
01/24/2018 19:33:17	54.0	53.0	13.089
01/24/2018 19:33:28	55.0	54.0	12.8272
01/24/2018 19:33:39	55.0	54.0	11.8734
01/24/2018 19:33:51	56.0	55.0	10.9948
01/24/2018 19:34:02	57.0	56.0	11.6095
01/24/2018 19:34:13	55.0	55.0	12.5654
01/24/2018 19:34:24	53.0	53.0	12.4011
01/24/2018 19:34:35	52.0	51.0	13.7203
01/24/2018 19:34:46	50.0	51.0	13.7566
01/24/2018 19:34:57	50.0	50.0	15
01/24/2018 19:35:08	49.0	48.0	12.0735
01/24/2018 19:35:19	49.0	48.0	14.2857
01/24/2018 19:35:30	49.0	47.0	13.2626
01/24/2018 19:35:41	48.0	47.0	14.2857
01/24/2018 19:35:52	49.0	48.0	12.6316
01/24/2018 19:36:03	50.0	50.0	13.1579
01/24/2018 19:36:14	52.0	52.0	12.5984
01/24/2018 19:36:25	53.0	53.0	12.3684
01/24/2018 19:36:36	54.0	54.0	13.1579
01/24/2018 19:36:47	55.0	54.0	12.1693
01/24/2018 19:36:58	56.0	56.0	10.733
01/24/2018 19:37:09	57.0	57.0	13.3508
01/24/2018 19:37:20	56.0	55.0	12.0735
01/24/2018 19:37:31	54.0	53.0	13.1926
01/24/2018 19:37:42	51.0	51.0	13.1926
01/24/2018 19:37:53	50.0	50.0	13.8667
01/24/2018 19:38:04	49.0	49.0	13.9108
01/24/2018 19:38:15	49.0	48.0	12.1053
01/24/2018 19:38:26	48.0	47.0	13.1926
01/24/2018 19:38:37	48.0	48.0	14.3617
01/24/2018 19:38:48	48.0	46.0	14.5119
01/24/2018 19:38:59	48.0	47.0	13.4565
01/24/2018 19:39:11	50.0	49.0	13.6483
01/24/2018 19:39:22	51.0	51.0	13.3508
01/24/2018 19:39:33	53.0	53.0	12.8609
01/24/2018 19:39:44	54.0	53.0	12.6316
01/24/2018 19:39:55	55.0	54.0	12.8947
01/24/2018 19:40:06	55.0	55.0	11.7801
01/24/2018 19:40:17	57.0	56.0	11.3158
01/24/2018 19:40:28	57.0	56.0	11.3456
01/24/2018 19:40:39	53.0	54.0	13.6483
01/24/2018 19:40:50	52.0	52.0	13.4211
01/24/2018 19:41:01	51.0	51.0	12.8947
01/24/2018 19:41:12	50.0	50.0	13.6126
01/24/2018 19:41:23	49.0	48.0	13.4565
01/24/2018 19:41:34	48.0	48.0	12.8272
01/24/2018 19:41:45	48.0	47.0	14.5119
01/24/2018 19:41:56	47.0	47.0	13.1926
01/24/2018 19:42:07	48.0	48.0	12.4011
01/24/2018 19:42:18	50.0	50.0	13.1579
01/24/2018 19:42:29	52.0	51.0	12.3037
01/24/2018 19:42:40	53.0	52.0	12.0735
01/24/2018 19:42:51	54.0	54.0	13.3508
01/24/2018 19:43:02	55.0	54.0	12.0419
01/24/2018 19:43:13	56.0	56.0	11.5183
01/24/2018 19:43:24	57.0	56.0	12.1053
01/24/2018 19:43:35	56.0	55.0	12.1372
01/24/2018 19:43:46	53.0	53.0	13.6126
01/24/2018 19:43:57	51.0	51.0	12.3684
01/24/2018 19:44:08	50.0	50.0	12.9288
01/24/2018 19:44:19	49.0	49.0	13.1234
01/24/2018 19:44:30	49.0	48.0	14.4737
01/24/2018 19:44:41	49.0	47.0	14.248
01/24/2018 19:44:53	48.0	48.0	15.3034
01/24/2018 19:45:04	48.0	46.0	14.248
01/24/2018 19:45:15	49.0	50.0	13.4921
01/24/2018 19:45:26	51.0	51.0	12.963
01/24/2018 19:45:37	52.0	52.0	12.0735
01/24/2018 19:45:48	53.0	53.0	12.6649
01/24/2018 19:45:59	55.0	54.0	11.8421
01/24/2018 19:46:10	55.0	55.0	11.5789
01/24/2018 19:46:21	57.0	56.0	11.5486
01/24/2018 19:46:32	57.0	56.0	12.5984
01/24/2018 19:46:43	54.0	54.0	12.6316
01/24/2018 19:46:54	52.0	52.0	13.9474
01/24/2018 19:47:05	51.0	51.0	12.8609
01/24/2018 19:47:16	50.0	50.0	14.6597
01/24/2018 19:47:27	49.0	49.0	13.9842
01/24/2018 19:47:38	48.0	48.0	13.5279
01/24/2018 19:47:49	49.0	47.0	12.5984
01/24/2018 19:48:00	48.0	47.0	15.0396
01/24/2018 19:48:11	48.0	47.0	12.6649
01/24/2018 19:48:22	48.0	48.0	12.4011
01/24/2018 19:48:33	51.0	51.0	12.5984
01/24/2018 19:48:44	51.0	52.0	12.5654
01/24/2018 19:48:55	53.0	53.0	13.089
01/24/2018 19:49:06	54.0	54.0	11.8734
01/24/2018 19:49:17	55.0	55.0	11.0818
01/24/2018 19:49:28	56.0	55.0	12.0419
01/24/2018 19:49:39	57.0	56.0	14.3603
01/24/2018 19:49:50	54.0	53.0	12.3684
01/24/2018 19:50:01	52.0	52.0	13.8298
01/24/2018 19:50:12	50.0	51.0	13.7566
01/24/2018 19:50:24	50.0	49.0	12.9288
01/24/2018 19:50:35	49.0	48.0	14.2857
01/24/2018 19:50:46	49.0	48.0	13.7203
01/24/2018 19:50:57	49.0	47.0	12.0419
01/24/2018 19:51:08	48.0	47.0	12.1693
01/24/2018 19:51:19	48.0	47.0	12.6316
01/24/2018 19:51:30	50.0	49.0	14.4737
01/24/2018 19:51:41	51.0	51.0	12.8609
01/24/2018 19:51:52	52.0	52.0	12.1372
01/24/2018 19:52:03	54.0	53.0	12.9288
01/24/2018 19:52:14	55.0	54.0	11.7801
01/24/2018 19:52:25	56.0	55.0	11.0818
01/24/2018 19:52:36	57.0	56.0	13.6842
01/24/2018 19:52:47	56.0	56.0	12.8272
01/24/2018 19:52:58	53.0	54.0	12.3037
01/24/2018 19:53:09	51.0	51.0	13.7566
01/24/2018 19:53:20	51.0	51.0	12.5654
01/24/2018 19:53:31	50.0	50.0	14.1732
01/24/2018 19:53:42	49.0	48.0	14.5119
01/24/2018 19:53:53	49.0	48.0	14.1361
01/24/2018 19:54:04	48.0	47.0	14.3617
01/24/2018 19:54:15	48.0	47.0	14.0212
01/24/2018 19:54:26	47.0	47.0	14.0584
01/24/2018 19:54:37	49.0	49.0	13.1579
01/24/2018 19:54:48	51.0	51.0	13.577
01/24/2018 19:54:59	52.0	52.0	12.336
01/24/2018 19:55:10	53.0	53.0	13.3508
01/24/2018 19:55:21	55.0	54.0	12.5654
01/24/2018 19:55:32	55.0	54.0	11.5183
01/24/2018 19:55:44	56.0	56.0	11.3158
01/24/2018 19:55:55	57.0	56.0	12.336
01/24/2018 19:56:06	54.0	54.0	12.8272
01/24/2018 19:56:17	52.0	52.0	13.1579
01/24/2018 19:56:28	51.0	51.0	14.2105
01/24/2018 19:56:39	50.0	49.0	13.7931
01/24/2018 19:56:50	49.0	49.0	14.3979
01/24/2018 19:57:01	49.0	48.0	15.0396
01/24/2018 19:57:12	48.0	47.0	14.7757
01/24/2018 19:57:23	47.0	47.0	13.9474
01/24/2018 19:57:34	48.0	47.0	13.3858
01/24/2018 19:57:45	50.0	49.0	13.0548
01/24/2018 19:57:56	51.0	50.0	12.5654
01/24/2018 19:58:07	52.0	53.0	12.0735
01/24/2018 19:58:18	53.0	53.0	12.8947
01/24/2018 19:58:29	54.0	54.0	13.1234
01/24/2018 19:58:40	55.0	54.0	11.6095
01/24/2018 19:58:51	56.0	56.0	11.811
01/24/2018 19:59:02	57.0	56.0	13.3159
01/24/2018 19:59:13	54.0	53.0	12.0735
01/24/2018 19:59:24	52.0	51.0	13.1579
01/24/2018 19:59:35	51.0	51.0	12.5326
01/24/2018 19:59:46	50.0	50.0	13.7566
01/24/2018 19:59:57	49.0	48.0	13.089
01/24/2018 20:00:08	49.0	48.0	13.7566
01/24/2018 20:00:19	49.0	48.0	14.0584
01/24/2018 20:00:30	48.0	47.0	13.4565
01/24/2018 20:00:41	48.0	47.0	13.9474
01/24/2018 20:00:52	49.0	48.0	13.6126
01/24/2018 20:01:03	50.0	51.0	12.336
01/24/2018 20:01:15	52.0	51.0	11.8421
01/24/2018 20:01:26	52.0	53.0	11.8734
01/24/2018 20:01:37	54.0	53.0	11.811
01/24/2018 20:01:48	55.0	54.0	12.8609
01/24/2018 20:01:59	55.0	55.0	11.811
01/24/2018 20:02:10	57.0	55.0	13.0548
01/24/2018 20:02:21	55.0	54.0	12.3037
01/24/2018 20:02:32	53.0	53.0	12.6649
01/24/2018 20:02:43	52.0	51.0	13.8743
01/24/2018 20:02:54	50.0	50.0	13.7203
01/24/2018 20:03:05	50.0	49.0	14.3236
01/24/2018 20:03:16	49.0	48.0	12.5984
01/24/2018 20:03:27	49.0	48.0	13.4565
01/24/2018 20:03:38	48.0	47.0	14.4737
01/24/2018 20:03:49	48.0	47.0	12.336
01/24/2018 20:04:00	47.0	47.0	14.3979
01/24/2018 20:04:11	49.0	48.0	12.8272
01/24/2018 20:04:22	52.0	50.0	12.1053
01/24/2018 20:04:33	52.0	51.0	13.089
01/24/2018 20:04:44	53.0	53.0	11.8421
01/24/2018 20:04:55	54.0	54.0	12.336
01/24/2018 20:05:06	56.0	54.0	11.4286
01/24/2018 20:05:17	56.0	55.0	11.4883
01/24/2018 20:05:28	57.0	56.0	12.336
01/24/2018 20:05:39	54.0	54.0	12.8609
01/24/2018 20:05:50	52.0	52.0	12.5654
01/24/2018 20:06:01	51.0	51.0	12.4011
01/24/2018 20:06:12	50.0	50.0	12.5984
01/24/2018 20:06:23	49.0	49.0	12.8947
01/24/2018 20:06:34	49.0	48.0	12.8609
01/24/2018 20:06:46	48.0	48.0	14.248
01/24/2018 20:06:57	48.0	47.0	13.9474
01/24/2018 20:07:08	47.0	47.0	15.4856
01/24/2018 20:07:19	48.0	48.0	13.1234
01/24/2018 20:07:30	50.0	50.0	12.9288
01/24/2018 20:07:41	51.0	51.0	12.6649
01/24/2018 20:07:52	52.0	53.0	12.3037
01/24/2018 20:08:03	54.0	53.0	12.8609
01/24/2018 20:08:14	55.0	54.0	12.0104
01/24/2018 20:08:25	55.0	55.0	11.7493
01/24/2018 20:08:36	56.0	56.0	11.2565
01/24/2018 20:08:47	57.0	56.0	12.336
01/24/2018 20:08:58	55.0	54.0	11.811
01/24/2018 20:09:09	52.0	52.0	13.577
01/24/2018 20:09:20	51.0	51.0	12.8947
01/24/2018 20:09:31	50.0	50.0	12.8947
01/24/2018 20:09:42	49.0	49.0	14.2857
01/24/2018 20:09:53	48.0	48.0	13.4565
01/24/2018 20:10:04	48.0	48.0	13.577
01/24/2018 20:10:15	48.0	46.0	14.7368
                                                                            