11/17/2017 15:26:49	32.0	31.0	5.05051
11/17/2017 15:27:00	29.0	29.0	1.26582
11/17/2017 15:27:11	28.0	29.0	0.252525
11/17/2017 15:27:22	29.0	29.0	0.253165
11/17/2017 15:27:33	29.0	28.0	1.0101
11/17/2017 15:27:44	31.0	30.0	0.503778
11/17/2017 15:27:55	30.0	30.0	0.502513
11/17/2017 15:28:06	31.0	31.0	1.01523
11/17/2017 15:28:17	32.0	31.0	0.506329
11/17/2017 15:28:28	31.0	31.0	0.503778
11/17/2017 15:28:39	31.0	31.0	1.01266
11/17/2017 15:28:50	32.0	31.0	0.755668
11/17/2017 15:29:01	33.0	33.0	0.505051
11/17/2017 15:29:12	33.0	32.0	2.78481
11/17/2017 15:29:23	32.0	32.0	0.503778
11/17/2017 15:29:34	32.0	32.0	3.0303
11/17/2017 15:29:46	33.0	33.0	68.7898
11/17/2017 15:29:58	34.0	34.0	15.3005
11/17/2017 15:30:09	35.0	36.0	15.1596
11/17/2017 15:30:20	36.0	36.0	15.5673
11/17/2017 15:30:31	38.0	37.0	17.6781
11/17/2017 15:30:42	38.0	37.0	13.7662
11/17/2017 15:30:53	39.0	38.0	13.1926
11/17/2017 15:31:04	40.0	39.0	15.5673
11/17/2017 15:31:15	40.0	40.0	23.2787
11/17/2017 15:31:26	41.0	41.0	21.8543
11/17/2017 15:31:38	41.0	42.0	26.1364
11/17/2017 15:31:49	43.0	43.0	14.6277
11/17/2017 15:32:00	43.0	43.0	15.5914
11/17/2017 15:32:11	44.0	44.0	13.4565
11/17/2017 15:32:22	45.0	44.0	14.0957
11/17/2017 15:32:33	45.0	44.0	14.4357
11/17/2017 15:32:44	46.0	46.0	13.9601
11/17/2017 15:32:55	46.0	45.0	14.7757
11/17/2017 15:33:06	46.0	46.0	13.7203
11/17/2017 15:33:17	46.0	47.0	14.5119
11/17/2017 15:33:28	47.0	47.0	14.5119
11/17/2017 15:33:39	48.0	47.0	15.4856
11/17/2017 15:33:50	48.0	48.0	13.9842
11/17/2017 15:34:01	48.0	48.0	15
11/17/2017 15:34:12	49.0	47.0	14.9606
11/17/2017 15:34:23	50.0	49.0	14.3236
11/17/2017 15:34:34	49.0	49.0	13.7203
11/17/2017 15:34:45	50.0	49.0	13.9842
11/17/2017 15:34:56	50.0	49.0	14.5503
11/17/2017 15:35:07	50.0	50.0	13.4211
11/17/2017 15:35:18	51.0	51.0	13.9842
11/17/2017 15:35:29	51.0	51.0	16.8478
11/17/2017 15:35:40	51.0	51.0	5.35714
11/17/2017 15:35:52	50.0	50.0	1.52284
11/17/2017 15:36:03	50.0	51.0	2.28426
11/17/2017 15:36:14	50.0	50.0	2.03562
11/17/2017 15:36:25	49.0	48.0	3.5533
11/17/2017 15:36:36	49.0	48.0	0.759494
11/17/2017 15:36:47	48.0	48.0	3.30789
11/17/2017 15:36:58	48.0	48.0	0.755668
11/17/2017 15:37:09	48.0	48.0	5.61224
11/17/2017 15:37:20	49.0	47.0	1.0101
11/17/2017 15:37:31	47.0	47.0	1.27226
11/17/2017 15:37:42	47.0	47.0	3.56234
11/17/2017 15:37:53	47.0	47.0	1.77215
11/17/2017 15:38:04	47.0	46.0	1.52284
11/17/2017 15:38:15	47.0	46.0	0.755668
11/17/2017 15:38:26	46.0	46.0	0.503778
11/17/2017 15:38:37	46.0	46.0	1.01523
11/17/2017 15:38:48	46.0	45.0	0.753769
11/17/2017 15:38:59	45.0	45.0	1.26904
11/17/2017 15:39:10	46.0	45.0	1.53061
11/17/2017 15:39:21	45.0	45.0	0.502513
11/17/2017 15:39:32	45.0	46.0	0.757576
11/17/2017 15:39:43	45.0	45.0	2.03046
11/17/2017 15:39:54	45.0	45.0	2.28426
11/17/2017 15:40:05	45.0	46.0	2.27273
11/17/2017 15:40:16	45.0	45.0	0.755668
11/17/2017 15:40:27	45.0	45.0	0.761421
11/17/2017 15:40:38	44.0	44.0	2.27273
11/17/2017 15:40:49	44.0	44.0	2.03046
11/17/2017 15:41:00	44.0	44.0	1.0101
11/17/2017 15:41:11	44.0	44.0	0.759494
11/17/2017 15:41:22	44.0	43.0	0.755668
11/17/2017 15:41:33	44.0	44.0	0.252525
11/17/2017 15:41:44	44.0	44.0	2.79188
11/17/2017 15:41:55	44.0	43.0	2.03046
11/17/2017 15:42:06	43.0	44.0	12.9252
11/17/2017 15:42:17	44.0	44.0	12.357
11/17/2017 15:42:29	44.0	44.0	15.2318
11/17/2017 15:42:40	44.0	44.0	16.1926
11/17/2017 15:42:51	44.0	44.0	15.0776
11/17/2017 15:43:02	44.0	43.0	13.8322
11/17/2017 15:43:13	44.0	43.0	15.0224
11/17/2017 15:43:24	44.0	44.0	14.2534
11/17/2017 15:43:35	44.0	43.0	13.2118
11/17/2017 15:43:46	43.0	43.0	11.6822
11/17/2017 15:43:57	44.0	44.0	13.164
11/17/2017 15:44:08	43.0	44.0	13.1034
11/17/2017 15:44:19	43.0	44.0	10.6888
11/17/2017 15:44:30	44.0	43.0	7.21154
11/17/2017 15:44:41	44.0	44.0	5.86797
11/17/2017 15:44:52	44.0	44.0	5.66502
11/17/2017 15:45:03	44.0	44.0	7.69231
11/17/2017 15:45:14	44.0	44.0	7.28643
11/17/2017 15:45:25	44.0	44.0	8.58586
11/17/2017 15:45:36	45.0	44.0	8.5213
11/17/2017 15:45:47	45.0	44.0	9.72569
11/17/2017 15:45:58	45.0	44.0	9.47631
11/17/2017 15:46:09	45.0	45.0	8.5213
11/17/2017 15:46:20	45.0	44.0	8.79397
11/17/2017 15:46:31	45.0	44.0	8.70647
11/17/2017 15:46:42	46.0	45.0	9.90099
11/17/2017 15:46:53	45.0	45.0	8.75
11/17/2017 15:47:04	45.0	46.0	9.18114
11/17/2017 15:47:15	45.0	45.0	11.6337
11/17/2017 15:47:26	46.0	45.0	11.6915
11/17/2017 15:47:37	46.0	46.0	8.81612
11/17/2017 15:47:48	45.0	46.0	8.5
11/17/2017 15:47:59	45.0	45.0	11.7073
11/17/2017 15:48:10	46.0	45.0	8.97756
11/17/2017 15:48:21	46.0	45.0	8.95522
11/17/2017 15:48:32	46.0	45.0	10.6173
11/17/2017 15:48:43	46.0	45.0	8.77193
11/17/2017 15:48:54	46.0	45.0	8.54271
11/17/2017 15:49:05	45.0	45.0	9.42928
11/17/2017 15:49:16	46.0	45.0	9.45274
11/17/2017 15:49:27	46.0	46.0	9.18114
11/17/2017 15:49:38	46.0	45.0	7.32323
11/17/2017 15:49:50	46.0	46.0	8.31234
11/17/2017 15:50:01	46.0	46.0	8.31234
11/17/2017 15:50:12	46.0	45.0	8.0402
11/17/2017 15:50:23	46.0	45.0	7.34177
11/17/2017 15:50:34	46.0	46.0	8.14249
11/17/2017 15:50:45	47.0	46.0	6.85279
11/17/2017 15:50:56	46.0	46.0	6.39386
11/17/2017 15:51:07	46.0	46.0	7.16113
11/17/2017 15:51:18	46.0	46.0	7.47423
11/17/2017 15:51:29	47.0	47.0	5.89744
11/17/2017 15:51:40	46.0	46.0	6.87023
11/17/2017 15:51:51	46.0	46.0	6.88776
11/17/2017 15:52:02	46.0	46.0	8.24742
11/17/2017 15:52:13	47.0	46.0	5.64103
11/17/2017 15:52:24	46.0	46.0	6.92308
11/17/2017 15:52:35	46.0	46.0	6.4433
11/17/2017 15:52:46	47.0	47.0	7.67263
11/17/2017 15:52:57	47.0	46.0	7.1066
11/17/2017 15:53:08	47.0	46.0	7.19794
11/17/2017 15:53:19	47.0	47.0	8.20513
11/17/2017 15:53:30	47.0	47.0	6.16967
11/17/2017 15:53:41	48.0	46.0	6.92308
11/17/2017 15:53:52	47.0	46.0	5.41237
11/17/2017 15:54:03	47.0	47.0	6.15385
11/17/2017 15:54:14	47.0	46.0	7.21649
11/17/2017 15:54:25	47.0	46.0	6.6838
11/17/2017 15:54:36	47.0	47.0	5.65553
11/17/2017 15:54:47	47.0	47.0	6.64962
11/17/2017 15:54:58	47.0	47.0	6.66667
11/17/2017 15:55:09	48.0	47.0	5.95855
11/17/2017 15:55:20	47.0	47.0	7.67263
11/17/2017 15:55:31	47.0	47.0	7.63359
11/17/2017 15:55:42	46.0	46.0	6.15385
11/17/2017 15:55:53	48.0	47.0	25.0627
11/17/2017 15:56:04	50.0	50.0	25.0627
11/17/2017 15:56:15	50.0	50.0	22.5564
11/17/2017 15:56:26	49.0	49.0	0.502513
11/17/2017 15:56:37	49.0	48.0	0.503778
11/17/2017 15:56:48	48.0	48.0	1.25628
11/17/2017 15:56:59	48.0	48.0	0.753769
11/17/2017 15:57:11	48.0	48.0	0.251889
11/17/2017 15:57:22	48.0	47.0	3.53535
11/17/2017 15:57:33	47.0	47.0	0.502513
11/17/2017 15:57:44	47.0	46.0	0.755668
11/17/2017 15:57:55	46.0	46.0	1.00756
11/17/2017 15:58:06	47.0	46.0	0.502513
11/17/2017 15:58:17	46.0	46.0	0.252525
11/17/2017 15:58:28	46.0	45.0	0.252525
11/17/2017 15:58:39	46.0	46.0	0.251889
11/17/2017 15:58:50	46.0	45.0	0.759494
11/17/2017 15:59:01	46.0	45.0	0.505051
11/17/2017 15:59:12	46.0	45.0	0.251256
11/17/2017 15:59:23	46.0	45.0	1.26263
11/17/2017 15:59:34	46.0	45.0	0.502513
11/17/2017 15:59:45	46.0	45.0	0.503778
11/17/2017 15:59:56	46.0	45.0	0.757576
11/17/2017 16:00:07	46.0	46.0	0.503778
11/17/2017 16:00:18	45.0	45.0	0.252525
11/17/2017 16:00:29	45.0	45.0	1.0101
11/17/2017 16:00:40	45.0	45.0	0.505051
11/17/2017 16:00:51	45.0	45.0	0.753769
11/17/2017 16:01:02	45.0	45.0	1.78117
11/17/2017 16:01:13	45.0	44.0	2.53807
11/17/2017 16:01:24	45.0	45.0	2.29592
11/17/2017 16:01:35	45.0	45.0	2.02532
11/17/2017 16:01:46	45.0	44.0	1.26582
11/17/2017 16:01:57	45.0	45.0	7.08861
11/17/2017 16:02:08	45.0	45.0	13.4177
11/17/2017 16:02:19	45.0	45.0	3.29949
11/17/2017 16:02:30	45.0	45.0	4.55696
11/17/2017 16:02:41	45.0	45.0	3.81679
11/17/2017 16:02:52	44.0	45.0	3.5443
11/17/2017 16:03:03	45.0	45.0	3.81679
11/17/2017 16:03:14	46.0	45.0	3.32481
11/17/2017 16:03:25	45.0	45.0	3.5533
11/17/2017 16:03:36	45.0	45.0	3.5533
11/17/2017 16:03:48	45.0	45.0	3.5533
11/17/2017 16:03:59	45.0	45.0	4.07125
11/17/2017 16:04:10	45.0	45.0	4.61538
11/17/2017 16:04:21	45.0	45.0	7.59494
11/17/2017 16:04:32	45.0	46.0	8.67347
11/17/2017 16:04:43	45.0	45.0	7.88804
11/17/2017 16:04:54	45.0	45.0	6.39386
11/17/2017 16:05:05	45.0	46.0	7.39796
11/17/2017 16:05:16	45.0	45.0	7.16113
11/17/2017 16:05:27	45.0	45.0	7.37913
11/17/2017 16:05:38	46.0	46.0	6.88776
11/17/2017 16:05:49	45.0	45.0	7.65306
11/17/2017 16:06:00	45.0	46.0	7.39796
11/17/2017 16:06:11	46.0	45.0	7.41688
11/17/2017 16:06:22	46.0	45.0	6.88776
11/17/2017 16:06:33	46.0	46.0	8.90585
11/17/2017 16:06:44	46.0	46.0	8.20513
11/17/2017 16:06:55	46.0	45.0	8.4399
11/17/2017 16:07:06	46.0	46.0	8.16327
11/17/2017 16:07:17	46.0	46.0	7.16113
11/17/2017 16:07:28	45.0	47.0	7.39796
11/17/2017 16:07:39	46.0	46.0	7.16113
11/17/2017 16:07:50	46.0	46.0	7.67263
11/17/2017 16:08:01	46.0	45.0	9.20716
11/17/2017 16:08:12	48.0	47.0	7.90816
11/17/2017 16:08:23	46.0	46.0	7.14286
11/17/2017 16:08:34	46.0	47.0	7.88804
11/17/2017 16:08:45	46.0	46.0	7.12468
11/17/2017 16:08:56	46.0	45.0	7.39796
11/17/2017 16:09:07	46.0	46.0	7.8481
11/17/2017 16:09:18	46.0	47.0	7.12468
11/17/2017 16:09:30	46.0	46.0	7.1066
11/17/2017 16:09:41	46.0	46.0	8.16327
11/17/2017 16:09:52	46.0	46.0	6.88776
11/17/2017 16:10:03	46.0	46.0	7.39796
11/17/2017 16:10:14	46.0	47.0	7.37913
11/17/2017 16:10:25	46.0	46.0	7.88804
11/17/2017 16:10:36	47.0	46.0	7.36041
11/17/2017 16:10:47	47.0	46.0	7.92839
11/17/2017 16:10:58	47.0	46.0	9.16031
11/17/2017 16:11:09	47.0	46.0	6.63265
11/17/2017 16:11:20	46.0	47.0	7.63359
11/17/2017 16:11:31	46.0	47.0	7.37913
11/17/2017 16:11:42	46.0	46.0	7.86802
11/17/2017 16:11:53	47.0	46.0	7.63359
11/17/2017 16:12:04	47.0	47.0	7.14286
11/17/2017 16:12:15	46.0	46.0	10.2041
11/17/2017 16:12:26	47.0	46.0	7.65306
11/17/2017 16:12:37	46.0	46.0	7.36041
11/17/2017 16:12:48	46.0	46.0	8.39695
11/17/2017 16:12:59	47.0	46.0	8.71795
11/17/2017 16:13:10	46.0	47.0	7.41688
11/17/2017 16:13:21	47.0	46.0	7.36041
11/17/2017 16:13:32	46.0	47.0	8.14249
11/17/2017 16:13:43	48.0	48.0	7.12468
11/17/2017 16:13:54	47.0	46.0	7.63359
11/17/2017 16:14:05	46.0	47.0	6.88776
11/17/2017 16:14:16	47.0	46.0	9.20716
11/17/2017 16:14:27	48.0	46.0	7.14286
11/17/2017 16:14:38	47.0	46.0	7.88804
11/17/2017 16:14:49	46.0	46.0	7.63359
11/17/2017 16:15:00	48.0	46.0	7.34177
11/17/2017 16:15:11	47.0	46.0	7.37913
11/17/2017 16:15:23	47.0	47.0	9.18367
11/17/2017 16:15:34	47.0	46.0	7.8481
11/17/2017 16:15:45	47.0	47.0	6.87023
11/17/2017 16:15:56	47.0	46.0	7.63359
11/17/2017 16:16:07	46.0	46.0	7.37913
11/17/2017 16:16:18	47.0	47.0	6.90537
11/17/2017 16:16:29	46.0	46.0	7.61421
11/17/2017 16:16:40	47.0	47.0	8.16327
11/17/2017 16:16:51	47.0	46.0	8.4399
11/17/2017 16:17:02	47.0	47.0	10.1781
11/17/2017 16:17:13	47.0	47.0	7.12468
11/17/2017 16:17:24	47.0	46.0	7.61421
11/17/2017 16:17:35	47.0	46.0	7.36041
11/17/2017 16:17:46	47.0	47.0	7.37913
11/17/2017 16:17:57	47.0	46.0	8.67347
11/17/2017 16:18:08	47.0	46.0	6.87023
11/17/2017 16:18:19	47.0	47.0	6.13811
11/17/2017 16:18:30	47.0	46.0	7.65306
11/17/2017 16:18:41	47.0	46.0	7.88804
11/17/2017 16:18:52	47.0	47.0	6.88776
11/17/2017 16:19:03	47.0	46.0	7.63359
11/17/2017 16:19:14	46.0	47.0	7.39796
11/17/2017 16:19:25	47.0	47.0	7.37913
11/17/2017 16:19:36	47.0	47.0	7.12468
11/17/2017 16:19:47	47.0	47.0	7.14286
11/17/2017 16:19:58	47.0	46.0	7.39796
11/17/2017 16:20:09	47.0	46.0	8.16327
11/17/2017 16:20:20	47.0	47.0	6.88776
11/17/2017 16:20:31	47.0	46.0	8.39695
11/17/2017 16:20:42	47.0	47.0	7.1066
11/17/2017 16:20:53	46.0	47.0	6.90537
11/17/2017 16:21:04	47.0	47.0	7.90816
11/17/2017 16:21:15	47.0	46.0	7.39796
11/17/2017 16:21:27	47.0	47.0	6.88776
11/17/2017 16:21:38	47.0	47.0	7.59494
11/17/2017 16:21:49	47.0	47.0	6.88776
11/17/2017 16:22:00	47.0	47.0	7.12468
11/17/2017 16:22:11	47.0	47.0	7.65306
11/17/2017 16:22:22	47.0	47.0	7.39796
11/17/2017 16:22:33	47.0	47.0	7.63359
11/17/2017 16:22:44	47.0	46.0	9.43878
11/17/2017 16:22:55	48.0	47.0	6.37755
11/17/2017 16:23:06	48.0	47.0	7.86802
11/17/2017 16:23:17	47.0	47.0	6.12245
11/17/2017 16:23:28	47.0	47.0	4.07125
11/17/2017 16:23:39	47.0	47.0	6.34518
11/17/2017 16:23:50	47.0	46.0	1.52672
11/17/2017 16:24:01	48.0	47.0	10.219
11/17/2017 16:24:12	48.0	47.0	9.34343
11/17/2017 16:24:23	47.0	47.0	7.55668
11/17/2017 16:24:34	47.0	47.0	7.61421
11/17/2017 16:24:45	47.0	47.0	7.88804
11/17/2017 16:24:56	47.0	47.0	6.87023
11/17/2017 16:25:07	48.0	47.0	7.37913
11/17/2017 16:25:18	48.0	47.0	7.65306
11/17/2017 16:25:29	48.0	47.0	7.63359
11/17/2017 16:25:40	48.0	46.0	6.87023
11/17/2017 16:25:51	47.0	47.0	9.29648
11/17/2017 16:26:02	48.0	48.0	7.82828
11/17/2017 16:26:13	48.0	47.0	6.42674
11/17/2017 16:26:24	47.0	47.0	7.1066
11/17/2017 16:26:35	48.0	48.0	10.5793
11/17/2017 16:26:46	48.0	48.0	8.18414
11/17/2017 16:26:57	48.0	48.0	8.90585
11/17/2017 16:27:08	48.0	48.0	7.16113
11/17/2017 16:27:19	48.0	47.0	8.41837
11/17/2017 16:27:30	48.0	48.0	7.82828
11/17/2017 16:27:41	48.0	47.0	7.8481
11/17/2017 16:27:52	48.0	48.0	8.88325
11/17/2017 16:28:03	49.0	48.0	7.17949
11/17/2017 16:28:14	49.0	49.0	8.75
11/17/2017 16:28:26	49.0	48.0	9.3199
11/17/2017 16:28:37	48.0	48.0	9.41476
11/17/2017 16:28:48	48.0	48.0	7.36041
11/17/2017 16:28:59	49.0	48.0	10.804
11/17/2017 16:29:10	49.0	48.0	8.60759
11/17/2017 16:29:21	49.0	48.0	9.02256
11/17/2017 16:29:32	49.0	47.0	9.45274
11/17/2017 16:29:43	48.0	48.0	9.02256
11/17/2017 16:29:54	48.0	48.0	10.2757
11/17/2017 16:30:05	49.0	48.0	10.3275
11/17/2017 16:30:16	48.0	48.0	8.97756
11/17/2017 16:30:27	48.0	48.0	9.95025
11/17/2017 16:30:38	49.0	48.0	9.59596
11/17/2017 16:30:49	48.0	48.0	8.79397
11/17/2017 16:31:00	48.0	48.0	9.02256
11/17/2017 16:31:11	48.0	48.0	9.25
11/17/2017 16:31:22	48.0	48.0	8.06045
11/17/2017 16:31:33	48.0	48.0	9.04523
11/17/2017 16:31:44	49.0	48.0	8.10127
11/17/2017 16:31:55	48.0	48.0	8.08081
11/17/2017 16:32:06	49.0	49.0	7.8481
11/17/2017 16:32:17	48.0	48.0	7.65306
11/17/2017 16:32:28	48.0	48.0	7.41688
11/17/2017 16:32:39	49.0	48.0	8.39695
11/17/2017 16:32:50	49.0	48.0	7.39796
11/17/2017 16:33:01	49.0	49.0	7.4359
11/17/2017 16:33:12	49.0	49.0	5.92784
11/17/2017 16:33:23	49.0	48.0	5.6701
11/17/2017 16:33:34	49.0	48.0	8.67347
11/17/2017 16:33:45	48.0	48.0	7.16113
11/17/2017 16:33:56	49.0	49.0	7.16113
11/17/2017 16:34:07	49.0	48.0	6.90537
11/17/2017 16:34:18	48.0	48.0	9.69388
11/17/2017 16:34:29	48.0	48.0	6.66667
11/17/2017 16:34:40	49.0	48.0	6.4433
11/17/2017 16:34:51	48.0	48.0	7.65306
11/17/2017 16:35:02	49.0	48.0	6.41026
11/17/2017 16:35:13	48.0	48.0	7.16113
11/17/2017 16:35:24	49.0	48.0	6.42674
11/17/2017 16:35:36	49.0	48.0	7.45501
11/17/2017 16:35:47	49.0	49.0	6.42674
11/17/2017 16:35:58	49.0	49.0	6.87023
11/17/2017 16:36:09	49.0	49.0	7.94872
11/17/2017 16:36:20	49.0	48.0	6.64962
11/17/2017 16:36:31	49.0	49.0	6.15385
11/17/2017 16:36:42	48.0	49.0	6.92308
11/17/2017 16:36:53	49.0	49.0	7.19794
11/17/2017 16:37:04	49.0	49.0	6.64962
11/17/2017 16:37:15	49.0	49.0	7.88804
11/17/2017 16:37:26	49.0	48.0	9.97442
11/17/2017 16:37:37	49.0	49.0	6.41026
11/17/2017 16:37:48	49.0	49.0	7.16113
11/17/2017 16:37:59	49.0	49.0	7.88804
11/17/2017 16:38:10	49.0	49.0	7.37913
11/17/2017 16:38:21	49.0	49.0	6.90537
11/17/2017 16:38:32	49.0	48.0	6.64962
11/17/2017 16:38:43	49.0	49.0	7.88804
11/17/2017 16:38:54	49.0	49.0	9.64467
11/17/2017 16:39:05	49.0	49.0	8.4399
11/17/2017 16:39:16	49.0	49.0	7.94872
11/17/2017 16:39:27	49.0	49.0	7.63359
11/17/2017 16:39:38	49.0	49.0	7.1066
11/17/2017 16:39:49	50.0	49.0	7.41688
11/17/2017 16:40:00	49.0	50.0	7.19794
11/17/2017 16:40:11	49.0	49.0	7.37913
11/17/2017 16:40:22	49.0	50.0	6.92308
11/17/2017 16:40:33	49.0	50.0	6.70103
11/17/2017 16:40:44	49.0	49.0	7.12468
11/17/2017 16:40:55	49.0	49.0	7.39796
11/17/2017 16:41:06	49.0	48.0	7.61421
11/17/2017 16:41:17	49.0	49.0	7.39796
11/17/2017 16:41:28	49.0	49.0	7.90816
11/17/2017 16:41:39	49.0	50.0	6.87023
11/17/2017 16:41:50	49.0	48.0	7.19794
11/17/2017 16:42:01	49.0	50.0	6.64962
11/17/2017 16:42:12	49.0	49.0	6.41026
11/17/2017 16:42:23	49.0	49.0	7.41688
11/17/2017 16:42:35	49.0	49.0	7.71208
11/17/2017 16:42:46	49.0	49.0	6.15385
11/17/2017 16:42:57	49.0	49.0	5.94315
11/17/2017 16:43:08	49.0	49.0	6.45995
11/17/2017 16:43:19	49.0	49.0	4.93506
11/17/2017 16:43:30	49.0	49.0	5.95855
11/17/2017 16:43:41	49.0	49.0	7.51295
11/17/2017 16:43:52	49.0	49.0	6.47668
11/17/2017 16:44:03	49.0	49.0	5.44041
11/17/2017 16:44:14	49.0	49.0	5.19481
11/17/2017 16:44:25	49.0	49.0	5.71429
11/17/2017 16:44:36	49.0	48.0	5.48303
11/17/2017 16:44:47	49.0	48.0	6.75325
11/17/2017 16:44:58	49.0	48.0	6.21762
11/17/2017 16:45:09	49.0	49.0	6.73575
11/17/2017 16:45:20	49.0	49.0	5.44041
11/17/2017 16:45:31	49.0	49.0	5.95855
11/17/2017 16:45:42	49.0	48.0	6.47668
11/17/2017 16:45:53	49.0	49.0	5.6701
11/17/2017 16:46:04	49.0	48.0	5.71429
11/17/2017 16:46:15	49.0	48.0	8.78553
11/17/2017 16:46:26	49.0	48.0	5.45455
11/17/2017 16:46:37	48.0	48.0	5.71429
11/17/2017 16:46:48	48.0	48.0	5.95855
11/17/2017 16:46:59	48.0	48.0	5.95855
11/17/2017 16:47:10	48.0	48.0	6.23377
11/17/2017 16:47:21	49.0	48.0	5.44041
11/17/2017 16:47:32	49.0	48.0	6.23377
11/17/2017 16:47:43	48.0	48.0	5.45455
11/17/2017 16:47:54	49.0	48.0	5.19481
11/17/2017 16:48:05	48.0	48.0	4.92228
11/17/2017 16:48:16	49.0	48.0	8.05195
11/17/2017 16:48:27	49.0	48.0	5.69948
11/17/2017 16:48:38	48.0	48.0	5.97403
11/17/2017 16:48:49	48.0	48.0	6.99482
11/17/2017 16:49:00	49.0	48.0	7.55208
11/17/2017 16:49:11	48.0	48.0	6.49351
11/17/2017 16:49:22	49.0	48.0	5.95855
11/17/2017 16:49:33	48.0	48.0	6.51042
11/17/2017 16:49:45	49.0	48.0	5.22193
11/17/2017 16:49:56	48.0	48.0	5.20833
11/17/2017 16:50:07	48.0	48.0	5.72917
11/17/2017 16:50:18	49.0	49.0	7.01299
11/17/2017 16:50:29	49.0	48.0	5.42636
11/17/2017 16:50:40	49.0	48.0	5.98958
11/17/2017 16:50:51	48.0	48.0	5.98958
11/17/2017 16:51:02	49.0	49.0	8.03109
11/17/2017 16:51:13	48.0	48.0	4.94792
11/17/2017 16:51:24	49.0	48.0	7.3107
11/17/2017 16:51:35	48.0	48.0	4.93506
11/17/2017 16:51:46	48.0	48.0	5.22193
11/17/2017 16:51:57	48.0	49.0	6.45995
11/17/2017 16:52:08	49.0	48.0	7.53247
11/17/2017 16:52:19	49.0	48.0	7.27273
11/17/2017 16:52:30	49.0	48.0	5.26316
11/17/2017 16:52:41	49.0	48.0	5.97403
11/17/2017 16:52:52	49.0	48.0	5.44041
11/17/2017 16:53:03	48.0	48.0	5.44041
11/17/2017 16:53:14	49.0	48.0	6.21762
11/17/2017 16:53:25	49.0	48.0	4.42708
11/17/2017 16:53:36	49.0	48.0	6.49351
11/17/2017 16:53:47	49.0	48.0	7.27273
11/17/2017 16:53:58	48.0	48.0	5.46875
11/17/2017 16:54:09	49.0	48.0	5.44041
11/17/2017 16:54:20	48.0	48.0	5.68475
11/17/2017 16:54:31	49.0	48.0	5.95855
11/17/2017 16:54:42	48.0	48.0	5.45455
11/17/2017 16:54:53	49.0	48.0	5.44041
11/17/2017 16:55:04	49.0	48.0	6.51042
11/17/2017 16:55:15	49.0	48.0	6.71835
11/17/2017 16:55:26	48.0	48.0	5.46875
11/17/2017 16:55:37	48.0	48.0	4.93506
11/17/2017 16:55:48	48.0	48.0	5.98958
11/17/2017 16:55:59	49.0	48.0	5.46875
11/17/2017 16:56:10	49.0	47.0	5.19481
11/17/2017 16:56:21	49.0	48.0	5.45455
11/17/2017 16:56:32	49.0	48.0	6.25
11/17/2017 16:56:43	49.0	48.0	5.20833
11/17/2017 16:56:55	48.0	48.0	4.16667
11/17/2017 16:57:06	48.0	48.0	6.59631
11/17/2017 16:57:17	48.0	48.0	4.67532
11/17/2017 16:57:28	48.0	48.0	4.42708
11/17/2017 16:57:39	49.0	47.0	6.51042
11/17/2017 16:57:50	48.0	48.0	5.45455
11/17/2017 16:58:01	48.0	47.0	5.41237
11/17/2017 16:58:12	48.0	48.0	5.20833
11/17/2017 16:58:23	48.0	47.0	6.47668
11/17/2017 16:58:34	48.0	47.0	5.95855
11/17/2017 16:58:45	48.0	48.0	4.66321
11/17/2017 16:58:56	48.0	48.0	5.71429
11/17/2017 16:59:07	49.0	48.0	5.46875
11/17/2017 16:59:18	49.0	48.0	4.66321
11/17/2017 16:59:29	48.0	48.0	7.27273
11/17/2017 16:59:40	49.0	48.0	5.98958
11/17/2017 16:59:51	48.0	48.0	4.94792
11/17/2017 17:00:02	48.0	48.0	4.69974
11/17/2017 17:00:13	48.0	48.0	6.51042
11/17/2017 17:00:24	48.0	47.0	5.16796
11/17/2017 17:00:35	49.0	48.0	5.20833
11/17/2017 17:00:46	48.0	48.0	6.99482
11/17/2017 17:00:57	49.0	48.0	5.97403
11/17/2017 17:01:08	49.0	48.0	6.97674
11/17/2017 17:01:19	48.0	48.0	5.46875
11/17/2017 17:01:30	48.0	48.0	6.21762
11/17/2017 17:01:41	48.0	48.0	5.20833
11/17/2017 17:01:52	48.0	48.0	4.39276
11/17/2017 17:02:03	48.0	48.0	5.44041
11/17/2017 17:02:14	48.0	48.0	5.20833
11/17/2017 17:02:25	48.0	49.0	4.92228
11/17/2017 17:02:36	49.0	48.0	4.93506
11/17/2017 17:02:47	49.0	48.0	5.71429
11/17/2017 17:02:58	49.0	48.0	5.18135
11/17/2017 17:03:09	49.0	48.0	5.19481
11/17/2017 17:03:20	49.0	47.0	5.95855
11/17/2017 17:03:31	49.0	48.0	5.20833
11/17/2017 17:03:42	48.0	48.0	7.51295
11/17/2017 17:03:53	48.0	48.0	4.97382
11/17/2017 17:04:05	48.0	48.0	6.52742
11/17/2017 17:04:16	49.0	48.0	4.94792
11/17/2017 17:04:27	48.0	48.0	5.69948
11/17/2017 17:04:38	49.0	48.0	6.47668
11/17/2017 17:04:49	48.0	48.0	5.98958
11/17/2017 17:05:00	48.0	49.0	4.93506
11/17/2017 17:05:11	48.0	48.0	4.92228
11/17/2017 17:05:22	49.0	48.0	5.46875
11/17/2017 17:05:33	48.0	48.0	5.19481
11/17/2017 17:05:44	49.0	48.0	5.74413
11/17/2017 17:05:55	48.0	48.0	8.54922
11/17/2017 17:06:06	49.0	48.0	5.19481
11/17/2017 17:06:17	49.0	48.0	5.45455
11/17/2017 17:06:28	49.0	48.0	6.49351
11/17/2017 17:06:39	49.0	48.0	8.80829
11/17/2017 17:06:50	48.0	49.0	7.75194
11/17/2017 17:07:01	49.0	48.0	5.72917
11/17/2017 17:07:12	49.0	48.0	5.71429
11/17/2017 17:07:23	49.0	48.0	5.18135
11/17/2017 17:07:34	49.0	48.0	5.45455
11/17/2017 17:07:45	49.0	48.0	6.78851
11/17/2017 17:07:56	49.0	48.0	7.29167
11/17/2017 17:08:07	49.0	48.0	0.753769
11/17/2017 17:08:18	48.0	47.0	0.252525
11/17/2017 17:08:29	47.0	47.0	1.00756
11/17/2017 17:08:40	48.0	47.0	0.503778
11/17/2017 17:08:51	47.0	47.0	0.502513
11/17/2017 17:09:02	49.0	47.0	1.25628
11/17/2017 17:09:13	47.0	46.0	0.251889
11/17/2017 17:09:24	47.0	46.0	0.505051
11/17/2017 17:09:35	47.0	46.0	0.757576
11/17/2017 17:09:46	47.0	46.0	0.503778
11/17/2017 17:09:57	47.0	47.0	1.25945
11/17/2017 17:10:08	47.0	46.0	0.757576
11/17/2017 17:10:19	46.0	46.0	0.252525
11/17/2017 17:10:30	46.0	46.0	0.75188
11/17/2017 17:10:41	46.0	45.0	0.753769
11/17/2017 17:10:52	47.0	46.0	0.503778
11/17/2017 17:11:04	46.0	45.0	2.52525
11/17/2017 17:11:15	46.0	45.0	2.51889
11/17/2017 17:11:26	46.0	45.0	3.5443
11/17/2017 17:11:37	45.0	45.0	7.41688
11/17/2017 17:11:48	45.0	46.0	0.503778
11/17/2017 17:11:59	46.0	45.0	2.53807
11/17/2017 17:12:10	45.0	45.0	0.755668
11/17/2017 17:12:21	46.0	45.0	0.503778
11/17/2017 17:12:32	45.0	45.0	7.41688
11/17/2017 17:12:43	45.0	45.0	4.87179
11/17/2017 17:12:54	45.0	45.0	0.759494
11/17/2017 17:13:05	45.0	45.0	0.753769
11/17/2017 17:13:16	45.0	45.0	0.503778
11/17/2017 17:13:27	46.0	45.0	6.83544
11/17/2017 17:13:38	45.0	45.0	1.0101
11/17/2017 17:13:49	45.0	45.0	0.252525
11/17/2017 17:14:00	45.0	44.0	3.58056
11/17/2017 17:14:11	45.0	44.0	8.83117
11/17/2017 17:14:22	45.0	46.0	14.9485
11/17/2017 17:14:33	45.0	44.0	1.01266
11/17/2017 17:14:44	44.0	44.0	3.37662
11/17/2017 17:14:55	45.0	46.0	2.60417
11/17/2017 17:15:06	46.0	46.0	3.63636
11/17/2017 17:15:17	45.0	45.0	1.29534
11/17/2017 17:15:28	45.0	45.0	1.04439
11/17/2017 17:15:39	45.0	45.0	1.28535
11/17/2017 17:15:50	45.0	45.0	2.06718
11/17/2017 17:16:01	46.0	45.0	1.55039
11/17/2017 17:16:12	47.0	46.0	1.81347
11/17/2017 17:16:23	46.0	45.0	1.55039
11/17/2017 17:16:34	46.0	46.0	0.773196
11/17/2017 17:16:45	46.0	45.0	1.54639
11/17/2017 17:16:56	46.0	45.0	1.29199
11/17/2017 17:17:07	45.0	45.0	2.32558
11/17/2017 17:17:18	46.0	45.0	3.36788
11/17/2017 17:17:29	46.0	45.0	1.02302
11/17/2017 17:17:40	46.0	45.0	0.771208
11/17/2017 17:17:51	46.0	45.0	1.53846
11/17/2017 17:18:03	46.0	45.0	1.5544
11/17/2017 17:18:14	46.0	45.0	3.125
11/17/2017 17:18:25	46.0	46.0	1.03093
11/17/2017 17:18:36	46.0	45.0	1.02828
11/17/2017 17:18:47	45.0	45.0	28.0277
11/17/2017 17:18:58	46.0	45.0	1.80995
11/17/2017 17:19:09	45.0	45.0	2.69058
11/17/2017 17:19:20	45.0	45.0	4.0404
11/17/2017 17:19:31	46.0	45.0	2.03046
11/17/2017 17:19:42	46.0	45.0	2.01005
11/17/2017 17:19:53	45.0	45.0	4.47761
11/17/2017 17:20:04	45.0	44.0	4.25532
11/17/2017 17:20:15	45.0	45.0	2.06897
11/17/2017 17:20:26	45.0	44.0	7.76699
11/17/2017 17:20:37	45.0	45.0	2
11/17/2017 17:20:48	45.0	45.0	2.51256
11/17/2017 17:20:59	45.0	44.0	2.0202
11/17/2017 17:21:10	44.0	44.0	2.01005
11/17/2017 17:21:21	44.0	44.0	2.19298
11/17/2017 17:21:32	45.0	44.0	6.57895
11/17/2017 17:21:43	45.0	44.0	2.7027
11/17/2017 17:21:54	45.0	44.0	2.24215
11/17/2017 17:22:05	45.0	44.0	2.5
11/17/2017 17:22:16	44.0	44.0	1.17647
11/17/2017 17:22:27	45.0	44.0	2.0202
11/17/2017 17:22:38	45.0	45.0	3
11/17/2017 17:22:49	44.0	44.0	0.512821
11/17/2017 17:23:00	45.0	44.0	2.0202
11/17/2017 17:23:11	45.0	44.0	4.63768
11/17/2017 17:23:22	44.0	44.0	3.15315
11/17/2017 17:23:33	44.0	44.0	1.01523
11/17/2017 17:23:44	45.0	44.0	1.58103
11/17/2017 17:23:55	44.0	45.0	3.01508
11/17/2017 17:24:06	44.0	44.0	0.337838
11/17/2017 17:24:17	44.0	43.0	5.10204
11/17/2017 17:24:28	44.0	45.0	4.0404
11/17/2017 17:24:39	44.0	44.0	6.09137
11/17/2017 17:24:50	45.0	43.0	3.5
11/17/2017 17:25:01	44.0	44.0	2.0202
11/17/2017 17:25:12	44.0	44.0	2.84974
11/17/2017 17:25:23	44.0	43.0	2.08333
11/17/2017 17:25:34	44.0	44.0	3.61757
11/17/2017 17:25:46	45.0	44.0	4.12371
11/17/2017 17:25:57	44.0	44.0	1.28535
11/17/2017 17:26:08	45.0	44.0	0.515464
11/17/2017 17:26:19	45.0	44.0	4.90956
11/17/2017 17:26:30	44.0	44.0	5.65553
11/17/2017 17:26:41	45.0	45.0	5.44041
11/17/2017 17:26:52	45.0	45.0	5.97403
11/17/2017 17:27:03	45.0	45.0	5.15464
11/17/2017 17:27:14	45.0	45.0	5.68475
11/17/2017 17:27:25	46.0	45.0	7.23514
11/17/2017 17:27:36	45.0	46.0	6.75325
11/17/2017 17:27:47	46.0	45.0	6.71835
11/17/2017 17:27:58	45.0	46.0	5.71429
11/17/2017 17:28:09	46.0	46.0	5.92784
11/17/2017 17:28:20	46.0	46.0	5.95855
11/17/2017 17:28:31	46.0	45.0	5.45455
11/17/2017 17:28:42	46.0	45.0	5.95855
11/17/2017 17:28:53	45.0	45.0	7.49354
11/17/2017 17:29:04	46.0	46.0	5.42636
11/17/2017 17:29:15	46.0	46.0	6.49351
11/17/2017 17:29:26	46.0	46.0	5.95855
11/17/2017 17:29:37	46.0	46.0	6.51042
11/17/2017 17:29:48	46.0	46.0	5.42636
11/17/2017 17:29:59	45.0	46.0	6.73575
11/17/2017 17:30:10	46.0	46.0	5.44041
11/17/2017 17:30:21	46.0	46.0	5.42636
11/17/2017 17:30:32	46.0	46.0	8.29016
11/17/2017 17:30:43	46.0	47.0	5.68475
11/17/2017 17:30:54	46.0	46.0	5.94315
11/17/2017 17:31:05	46.0	46.0	6.20155
11/17/2017 17:31:16	47.0	47.0	5.71429
11/17/2017 17:31:27	46.0	46.0	5.94315
11/17/2017 17:31:38	46.0	46.0	6.75325
11/17/2017 17:31:49	46.0	47.0	5.92784
11/17/2017 17:32:00	47.0	47.0	5.19481
11/17/2017 17:32:11	47.0	46.0	5.42636
11/17/2017 17:32:22	46.0	46.0	4.93506
11/17/2017 17:32:33	47.0	47.0	7.01299
11/17/2017 17:32:44	47.0	47.0	5.18135
11/17/2017 17:32:56	47.0	47.0	5.44041
11/17/2017 17:33:07	46.0	47.0	6.71835
11/17/2017 17:33:18	48.0	46.0	5.44041
11/17/2017 17:33:29	47.0	47.0	4.90956
11/17/2017 17:33:40	47.0	47.0	6.20155
11/17/2017 17:33:51	47.0	46.0	6.20155
11/17/2017 17:34:02	47.0	47.0	5.18135
11/17/2017 17:34:13	47.0	47.0	5.69948
11/17/2017 17:34:24	47.0	47.0	6.21762
11/17/2017 17:34:35	47.0	47.0	5.71429
11/17/2017 17:34:46	47.0	47.0	5.19481
11/17/2017 17:34:57	47.0	47.0	6.45995
11/17/2017 17:35:08	47.0	47.0	6.18557
11/17/2017 17:35:19	48.0	47.0	4.93506
11/17/2017 17:35:30	47.0	47.0	5.19481
11/17/2017 17:35:41	47.0	47.0	6.23377
11/17/2017 17:35:52	47.0	47.0	5.16796
11/17/2017 17:36:03	47.0	47.0	5.44041
11/17/2017 17:36:14	48.0	47.0	8.07292
11/17/2017 17:36:25	47.0	47.0	5.45455
11/17/2017 17:36:36	48.0	47.0	5.18135
11/17/2017 17:36:47	47.0	47.0	5.45455
11/17/2017 17:36:58	48.0	48.0	6.21762
11/17/2017 17:37:09	47.0	47.0	5.42636
11/17/2017 17:37:20	48.0	47.0	5.6701
11/17/2017 17:37:31	48.0	48.0	6.18557
11/17/2017 17:37:42	48.0	47.0	5.42636
11/17/2017 17:37:53	48.0	47.0	6.75325
11/17/2017 17:38:04	47.0	47.0	4.96084
11/17/2017 17:38:15	49.0	48.0	6.99482
11/17/2017 17:38:26	48.0	48.0	5.19481
11/17/2017 17:38:37	48.0	48.0	5.20833
11/17/2017 17:38:48	48.0	47.0	6.52742
11/17/2017 17:38:59	48.0	48.0	5.20833
11/17/2017 17:39:10	48.0	48.0	5.71429
11/17/2017 17:39:21	48.0	48.0	5.94315
11/17/2017 17:39:32	48.0	48.0	5.95855
11/17/2017 17:39:43	49.0	48.0	4.92228
11/17/2017 17:39:54	48.0	48.0	5.95855
11/17/2017 17:40:05	48.0	48.0	6.47668
11/17/2017 17:40:17	48.0	48.0	5.44041
11/17/2017 17:40:28	48.0	48.0	7.01299
11/17/2017 17:40:39	48.0	48.0	9.51157
11/17/2017 17:40:50	48.0	48.0	6.21762
11/17/2017 17:41:01	48.0	48.0	5.97403
11/17/2017 17:41:12	48.0	48.0	5.42636
11/17/2017 17:41:23	48.0	48.0	6.25
11/17/2017 17:41:34	48.0	48.0	5.20833
11/17/2017 17:41:45	48.0	48.0	5.69948
11/17/2017 17:41:56	48.0	48.0	6.51042
11/17/2017 17:42:07	48.0	47.0	4.92228
11/17/2017 17:42:18	48.0	48.0	5.68475
11/17/2017 17:42:29	48.0	48.0	7.03125
11/17/2017 17:42:40	48.0	48.0	6.00522
11/17/2017 17:42:51	48.0	48.0	5.20833
11/17/2017 17:43:02	48.0	48.0	5.22193
11/17/2017 17:43:13	48.0	48.0	6.71835
11/17/2017 17:43:24	48.0	48.0	4.94792
11/17/2017 17:43:35	48.0	47.0	8.07292
11/17/2017 17:43:46	48.0	48.0	4.96084
11/17/2017 17:43:57	48.0	48.0	6.21762
11/17/2017 17:44:08	48.0	47.0	5.69948
11/17/2017 17:44:19	48.0	47.0	5.19481
11/17/2017 17:44:30	48.0	47.0	6.75325
11/17/2017 17:44:41	48.0	48.0	5.44041
11/17/2017 17:44:52	48.0	48.0	5.19481
11/17/2017 17:45:03	48.0	48.0	5.71429
11/17/2017 17:45:14	48.0	48.0	8.80829
11/17/2017 17:45:25	48.0	48.0	4.93506
11/17/2017 17:45:36	48.0	48.0	5.46875
11/17/2017 17:45:47	48.0	47.0	5.97403
11/17/2017 17:45:58	48.0	48.0	4.96084
11/17/2017 17:46:09	49.0	48.0	5.71429
11/17/2017 17:46:20	48.0	47.0	6.49351
11/17/2017 17:46:31	48.0	48.0	6.21762
11/17/2017 17:46:42	49.0	48.0	5.48303
11/17/2017 17:46:53	48.0	48.0	4.92228
11/17/2017 17:47:04	48.0	47.0	6.73575
11/17/2017 17:47:15	49.0	48.0	6.75325
11/17/2017 17:47:27	48.0	47.0	5.20833
11/17/2017 17:47:38	48.0	47.0	6.45995
11/17/2017 17:47:49	48.0	48.0	8.03109
11/17/2017 17:48:00	48.0	48.0	6.73575
11/17/2017 17:48:11	48.0	48.0	6.23377
11/17/2017 17:48:22	49.0	47.0	6.25
11/17/2017 17:48:33	48.0	48.0	5.20833
11/17/2017 17:48:44	48.0	48.0	5.95855
11/17/2017 17:48:55	48.0	48.0	6.47668
11/17/2017 17:49:06	49.0	48.0	4.96084
11/17/2017 17:49:17	48.0	49.0	7.49354
11/17/2017 17:49:28	49.0	48.0	5.19481
11/17/2017 17:49:39	49.0	48.0	6.21762
11/17/2017 17:49:50	49.0	48.0	5.45455
11/17/2017 17:50:01	49.0	49.0	5.16796
11/17/2017 17:50:12	49.0	48.0	5.95855
11/17/2017 17:50:23	49.0	49.0	5.44041
11/17/2017 17:50:34	49.0	48.0	5.42636
11/17/2017 17:50:45	49.0	48.0	6.23377
11/17/2017 17:50:56	49.0	49.0	8.03109
11/17/2017 17:51:07	49.0	48.0	4.45026
11/17/2017 17:51:18	49.0	49.0	6.77083
11/17/2017 17:51:29	49.0	49.0	6.45995
11/17/2017 17:51:40	50.0	49.0	5.19481
11/17/2017 17:51:51	49.0	48.0	5.18135
11/17/2017 17:52:02	49.0	48.0	6.45995
11/17/2017 17:52:13	50.0	50.0	6.21762
11/17/2017 17:52:24	49.0	50.0	6.23377
11/17/2017 17:52:35	49.0	50.0	6.70103
11/17/2017 17:52:46	50.0	49.0	6.97674
11/17/2017 17:52:57	49.0	50.0	5.46875
11/17/2017 17:53:08	50.0	50.0	5.18135
11/17/2017 17:53:19	50.0	50.0	5.69948
11/17/2017 17:53:30	49.0	50.0	5.45455
11/17/2017 17:53:41	50.0	50.0	4.92228
11/17/2017 17:53:52	49.0	50.0	5.69948
11/17/2017 17:54:03	50.0	49.0	6.49351
11/17/2017 17:54:14	49.0	49.0	5.18135
11/17/2017 17:54:25	49.0	49.0	4.90956
11/17/2017 17:54:37	49.0	50.0	5.94315
11/17/2017 17:54:48	49.0	49.0	5.20833
11/17/2017 17:54:59	50.0	50.0	5.19481
11/17/2017 17:55:10	49.0	50.0	5.44041
11/17/2017 17:55:21	49.0	50.0	5.97403
11/17/2017 17:55:32	49.0	49.0	5.69948
11/17/2017 17:55:43	49.0	49.0	5.16796
11/17/2017 17:55:54	50.0	50.0	6.47668
11/17/2017 17:56:05	50.0	48.0	4.92228
11/17/2017 17:56:16	49.0	49.0	5.45455
11/17/2017 17:56:27	50.0	49.0	4.90956
11/17/2017 17:56:38	50.0	50.0	7.47423
11/17/2017 17:56:49	49.0	49.0	4.93506
11/17/2017 17:57:00	50.0	50.0	5.44041
11/17/2017 17:57:11	49.0	49.0	7.53247
11/17/2017 17:57:22	50.0	50.0	5.16796
11/17/2017 17:57:33	49.0	49.0	5.44041
11/17/2017 17:57:44	49.0	49.0	6.21762
11/17/2017 17:57:55	49.0	49.0	6.49351
11/17/2017 17:58:06	50.0	50.0	5.69948
11/17/2017 17:58:17	50.0	49.0	6.47668
11/17/2017 17:58:28	49.0	49.0	6.21762
11/17/2017 17:58:39	49.0	49.0	5.69948
11/17/2017 17:58:50	49.0	49.0	4.39276
11/17/2017 17:59:01	49.0	48.0	5.42636
11/17/2017 17:59:12	49.0	49.0	5.94315
11/17/2017 17:59:23	49.0	49.0	4.40415
11/17/2017 17:59:34	49.0	49.0	4.94792
11/17/2017 17:59:45	50.0	49.0	6.45995
11/17/2017 17:59:56	49.0	50.0	5.42636
11/17/2017 18:00:07	49.0	48.0	4.66321
11/17/2017 18:00:18	49.0	49.0	6.45995
11/17/2017 18:00:29	49.0	49.0	5.18135
11/17/2017 18:00:40	49.0	49.0	5.45455
11/17/2017 18:00:51	49.0	49.0	5.42636
11/17/2017 18:01:02	48.0	49.0	5.95855
11/17/2017 18:01:13	49.0	49.0	5.45455
11/17/2017 18:01:24	49.0	49.0	4.92228
11/17/2017 18:01:35	49.0	48.0	6.20155
11/17/2017 18:01:47	50.0	48.0	5.94315
11/17/2017 18:01:58	49.0	49.0	4.66321
11/17/2017 18:02:09	49.0	49.0	4.93506
11/17/2017 18:02:20	49.0	49.0	6.73575
11/17/2017 18:02:31	49.0	49.0	7.25389
11/17/2017 18:02:42	49.0	49.0	7.25389
11/17/2017 18:02:53	49.0	48.0	6.25
11/17/2017 18:03:04	49.0	48.0	4.93506
11/17/2017 18:03:15	49.0	48.0	4.67532
11/17/2017 18:03:26	49.0	49.0	7.51295
11/17/2017 18:03:37	49.0	49.0	5.94315
11/17/2017 18:03:48	49.0	49.0	6.20155
11/17/2017 18:03:59	49.0	49.0	5.18135
11/17/2017 18:04:10	49.0	49.0	6.45995
11/17/2017 18:04:21	49.0	49.0	5.45455
11/17/2017 18:04:32	49.0	49.0	4.15584
11/17/2017 18:04:43	49.0	49.0	5.42636
11/17/2017 18:04:54	49.0	49.0	6.47668
11/17/2017 18:05:05	49.0	49.0	5.44041
11/17/2017 18:05:16	50.0	49.0	4.40415
11/17/2017 18:05:27	49.0	49.0	6.49351
11/17/2017 18:05:38	49.0	49.0	6.71835
11/17/2017 18:05:49	49.0	49.0	5.45455
11/17/2017 18:06:00	49.0	49.0	6.73575
11/17/2017 18:06:11	49.0	49.0	5.45455
11/17/2017 18:06:22	49.0	49.0	4.93506
11/17/2017 18:06:33	49.0	48.0	5.71429
11/17/2017 18:06:44	49.0	49.0	6.21762
11/17/2017 18:06:55	49.0	48.0	7.53247
11/17/2017 18:07:06	49.0	49.0	5.18135
11/17/2017 18:07:17	48.0	48.0	8.01034
11/17/2017 18:07:28	49.0	49.0	6.51042
11/17/2017 18:07:39	50.0	48.0	5.18135
11/17/2017 18:07:50	49.0	48.0	6.20155
11/17/2017 18:08:01	49.0	50.0	7.01299
11/17/2017 18:08:12	50.0	50.0	5.44041
11/17/2017 18:08:23	49.0	50.0	5.18135
11/17/2017 18:08:34	49.0	48.0	7.23514
11/17/2017 18:08:45	49.0	49.0	5.68475
11/17/2017 18:08:56	49.0	48.0	6.47668
11/17/2017 18:09:08	49.0	49.0	6.21762
11/17/2017 18:09:19	49.0	50.0	5.95855
11/17/2017 18:09:30	50.0	50.0	5.69948
11/17/2017 18:09:41	49.0	49.0	5.69948
11/17/2017 18:09:52	49.0	49.0	6.71835
11/17/2017 18:10:03	49.0	50.0	5.94315
11/17/2017 18:10:14	49.0	49.0	5.44041
11/17/2017 18:10:25	49.0	49.0	7.45501
11/17/2017 18:10:36	49.0	49.0	5.95855
11/17/2017 18:10:47	49.0	49.0	5.44041
11/17/2017 18:10:58	49.0	48.0	6.99482
11/17/2017 18:11:09	49.0	49.0	6.23377
11/17/2017 18:11:20	49.0	49.0	3.07692
11/17/2017 18:11:31	49.0	48.0	3.03797
11/17/2017 18:11:42	49.0	48.0	1.0101
11/17/2017 18:11:53	49.0	48.0	0.503778
11/17/2017 18:12:04	48.0	48.0	0
11/17/2017 18:12:15	48.0	47.0	1.0101
11/17/2017 18:12:26	48.0	47.0	13.1868
11/17/2017 18:12:37	48.0	47.0	2.27848
11/17/2017 18:12:48	47.0	47.0	5.32995
11/17/2017 18:12:59	48.0	47.0	6.14035
11/17/2017 18:13:10	47.0	47.0	4.86726
11/17/2017 18:13:21	47.0	46.0	2.25225
11/17/2017 18:13:32	47.0	46.0	2.64317
11/17/2017 18:13:43	47.0	46.0	1.51515
11/17/2017 18:13:54	47.0	47.0	1
11/17/2017 18:14:05	47.0	47.0	1.00503
11/17/2017 18:14:16	46.0	46.0	1.99005
11/17/2017 18:14:27	46.0	46.0	0.995025
11/17/2017 18:14:38	46.0	46.0	5.39216
11/17/2017 18:14:49	46.0	45.0	4.90196
11/17/2017 18:15:00	46.0	46.0	1.0101
11/17/2017 18:15:11	46.0	46.0	0.5
11/17/2017 18:15:22	46.0	45.0	2.98507
11/17/2017 18:15:33	46.0	45.0	1
11/17/2017 18:15:44	46.0	44.0	1
11/17/2017 18:15:55	45.0	45.0	1.49254
11/17/2017 18:16:06	46.0	45.0	1.49254
11/17/2017 18:16:18	45.0	45.0	0.502513
11/17/2017 18:16:29	45.0	45.0	1.00503
11/17/2017 18:16:40	46.0	44.0	5.47264
11/17/2017 18:16:51	45.0	44.0	1.3986
11/17/2017 18:17:02	46.0	45.0	1.0101
11/17/2017 18:17:13	45.0	44.0	6.86275
11/17/2017 18:17:24	44.0	44.0	3.9604
11/17/2017 18:17:35	46.0	44.0	1.50754
11/17/2017 18:17:46	44.0	44.0	0.5
11/17/2017 18:17:57	44.0	45.0	2.47525
11/17/2017 18:18:08	45.0	44.0	1
11/17/2017 18:18:19	44.0	44.0	2.08333
11/17/2017 18:18:31	45.0	44.0	5.55556
11/17/2017 18:18:44	44.0	44.0	4.25532
11/17/2017 18:18:56	45.0	44.0	4.48718
11/17/2017 18:19:07	44.0	44.0	1.81818
11/17/2017 18:19:19	44.0	44.0	4.375
11/17/2017 18:19:30	44.0	44.0	3.94089
11/17/2017 18:19:41	44.0	44.0	3.92157
11/17/2017 18:19:52	44.0	43.0	2.01005
11/17/2017 18:20:03	44.0	43.0	2.01005
11/17/2017 18:20:14	44.0	43.0	1
11/17/2017 18:20:25	43.0	43.0	2.9703
11/17/2017 18:20:36	43.0	44.0	0.761421
11/17/2017 18:20:47	44.0	44.0	2.53807
11/17/2017 18:20:58	44.0	44.0	1.25628
11/17/2017 18:21:09	44.0	43.0	0.502513
11/17/2017 18:21:20	44.0	43.0	1.00251
11/17/2017 18:21:31	43.0	43.0	0.503778
11/17/2017 18:21:42	45.0	44.0	0.505051
11/17/2017 18:21:54	43.0	42.0	1.00756
11/17/2017 18:22:05	44.0	44.0	0.253165
11/17/2017 18:22:16	44.0	43.0	0.252525
11/17/2017 18:22:27	43.0	43.0	1.26582
11/17/2017 18:22:38	44.0	43.0	0.757576
11/17/2017 18:22:49	43.0	42.0	0.503778
11/17/2017 18:23:00	43.0	42.0	1.0101
11/17/2017 18:23:11	44.0	44.0	0.505051
11/17/2017 18:23:22	43.0	43.0	0.753769
11/17/2017 18:23:33	43.0	42.0	1.0101
11/17/2017 18:23:44	43.0	42.0	0.503778
11/17/2017 18:23:55	43.0	42.0	0.252525
11/17/2017 18:24:06	43.0	42.0	0.505051
11/17/2017 18:24:17	44.0	43.0	0.757576
11/17/2017 18:24:28	43.0	42.0	1.51899
11/17/2017 18:24:39	43.0	42.0	0.505051
11/17/2017 18:24:50	43.0	42.0	1.00251
11/17/2017 18:25:01	42.0	42.0	0.757576
11/17/2017 18:25:12	43.0	42.0	0.503778
11/17/2017 18:25:23	42.0	42.0	0.505051
11/17/2017 18:25:34	43.0	43.0	1.51515
11/17/2017 18:25:45	44.0	43.0	0.252525
11/17/2017 18:25:56	43.0	43.0	0.502513
11/17/2017 18:26:07	42.0	43.0	0.759494
11/17/2017 18:26:18	43.0	43.0	0.503778
11/17/2017 18:26:29	43.0	42.0	0.253165
11/17/2017 18:26:40	42.0	43.0	0.757576
11/17/2017 18:26:51	43.0	43.0	0.505051
11/17/2017 18:27:02	43.0	43.0	1.0101
11/17/2017 18:27:13	43.0	42.0	0.503778
11/17/2017 18:27:24	43.0	42.0	0.505051
11/17/2017 18:27:35	43.0	42.0	1.25945
11/17/2017 18:27:46	42.0	42.0	0.505051
11/17/2017 18:27:57	42.0	42.0	0.503778
11/17/2017 18:28:08	43.0	42.0	1.00756
11/17/2017 18:28:20	42.0	42.0	0.251889
11/17/2017 18:28:31	43.0	43.0	0
11/17/2017 18:28:42	43.0	42.0	1.0101
11/17/2017 18:28:53	43.0	42.0	0.252525
11/17/2017 18:29:04	43.0	42.0	0.503778
11/17/2017 18:29:15	43.0	42.0	0.253807
11/17/2017 18:29:26	43.0	42.0	0.252525
11/17/2017 18:29:37	44.0	42.0	1.77665
11/17/2017 18:29:48	45.0	43.0	0.505051
11/17/2017 18:29:59	42.0	43.0	0.503778
11/17/2017 18:30:10	44.0	44.0	1.0101
11/17/2017 18:30:21	43.0	43.0	0.502513
11/17/2017 18:30:32	43.0	42.0	0.503778
11/17/2017 18:30:43	44.0	43.0	1.51515
11/17/2017 18:30:54	43.0	43.0	0.252525
11/17/2017 18:31:05	43.0	42.0	0.252525
11/17/2017 18:31:16	43.0	42.0	0.759494
11/17/2017 18:31:27	43.0	43.0	0
11/17/2017 18:31:38	43.0	42.0	1.51515
11/17/2017 18:31:49	43.0	43.0	0.505051
11/17/2017 18:32:00	44.0	43.0	0.503778
11/17/2017 18:32:11	44.0	43.0	1.00756
11/17/2017 18:32:22	43.0	43.0	0.251889
11/17/2017 18:32:33	44.0	44.0	0.503778
11/17/2017 18:32:44	44.0	43.0	0.506329
11/17/2017 18:32:55	43.0	43.0	0.505051
11/17/2017 18:33:06	43.0	42.0	0.252525
11/17/2017 18:33:17	44.0	42.0	1.25945
11/17/2017 18:33:28	43.0	43.0	0.502513
11/17/2017 18:33:39	43.0	43.0	1.26263
11/17/2017 18:33:50	44.0	44.0	0.757576
11/17/2017 18:34:01	43.0	43.0	0.252525
11/17/2017 18:34:12	43.0	43.0	1.00756
11/17/2017 18:34:23	43.0	43.0	1.01523
11/17/2017 18:34:34	43.0	43.0	0.503778
11/17/2017 18:34:45	44.0	43.0	1.00756
11/17/2017 18:34:57	44.0	44.0	0.252525
11/17/2017 18:35:08	44.0	43.0	0.503778
11/17/2017 18:35:19	43.0	43.0	1.00756
11/17/2017 18:35:30	43.0	43.0	0.503778
11/17/2017 18:35:41	44.0	44.0	2.51889
11/17/2017 18:35:52	43.0	43.0	1.0101
11/17/2017 18:36:03	44.0	44.0	0.503778
11/17/2017 18:36:14	43.0	43.0	0.252525
11/17/2017 18:36:25	43.0	43.0	0.759494
11/17/2017 18:36:36	44.0	44.0	0.252525
11/17/2017 18:36:47	43.0	43.0	0.503778
11/17/2017 18:36:58	43.0	44.0	0.757576
11/17/2017 18:37:09	43.0	43.0	0.503778
11/17/2017 18:37:20	44.0	43.0	0.755668
11/17/2017 18:37:31	44.0	43.0	0.503778
11/17/2017 18:37:42	44.0	44.0	0.503778
11/17/2017 18:37:53	43.0	43.0	1.0101
11/17/2017 18:38:04	44.0	43.0	0.502513
11/17/2017 18:38:15	44.0	44.0	0.503778
11/17/2017 18:38:26	43.0	43.0	1.00756
11/17/2017 18:38:37	43.0	44.0	0.502513
11/17/2017 18:38:48	44.0	44.0	0.252525
11/17/2017 18:38:59	44.0	44.0	1.76322
11/17/2017 18:39:10	44.0	44.0	1.51515
11/17/2017 18:39:21	44.0	44.0	0.503778
11/17/2017 18:39:32	44.0	44.0	1.0101
11/17/2017 18:39:43	44.0	43.0	0.503778
11/17/2017 18:39:54	45.0	44.0	0.759494
11/17/2017 18:40:05	44.0	44.0	0.252525
11/17/2017 18:40:16	45.0	44.0	1.0101
11/17/2017 18:40:27	44.0	44.0	0.757576
11/17/2017 18:40:38	44.0	44.0	0.753769
11/17/2017 18:40:49	44.0	44.0	0.502513
11/17/2017 18:41:00	45.0	44.0	1.26263
11/17/2017 18:41:11	44.0	44.0	0.251889
11/17/2017 18:41:22	44.0	44.0	0.503778
11/17/2017 18:41:34	44.0	44.0	0.757576
11/17/2017 18:41:45	45.0	45.0	0.755668
11/17/2017 18:41:56	45.0	44.0	0.503778
11/17/2017 18:42:07	45.0	44.0	1.25945
11/17/2017 18:42:18	44.0	44.0	0.251889
11/17/2017 18:42:29	45.0	44.0	1.0101
11/17/2017 18:42:40	44.0	44.0	0.502513
11/17/2017 18:42:51	45.0	45.0	0.503778
11/17/2017 18:43:02	44.0	45.0	0.755668
11/17/2017 18:43:13	45.0	44.0	0.503778
11/17/2017 18:43:24	44.0	44.0	0.251889
11/17/2017 18:43:35	45.0	44.0	1.0101
11/17/2017 18:43:46	44.0	44.0	0.503778
11/17/2017 18:43:57	45.0	45.0	0.503778
11/17/2017 18:44:08	44.0	44.0	0.759494
11/17/2017 18:44:19	46.0	44.0	0.502513
11/17/2017 18:44:30	44.0	44.0	0.755668
11/17/2017 18:44:41	45.0	45.0	1.25628
11/17/2017 18:44:52	44.0	44.0	0.753769
11/17/2017 18:45:03	45.0	44.0	1.26263
11/17/2017 18:45:14	46.0	44.0	0.503778
11/17/2017 18:45:25	45.0	44.0	0.502513
11/17/2017 18:45:36	45.0	44.0	1.0101
11/17/2017 18:45:47	45.0	45.0	0
11/17/2017 18:45:58	44.0	45.0	0.502513
11/17/2017 18:46:09	44.0	45.0	0.757576
11/17/2017 18:46:20	44.0	44.0	3.01508
11/17/2017 18:46:31	45.0	45.0	0.755668
11/17/2017 18:46:42	45.0	45.0	1.25945
11/17/2017 18:46:53	44.0	45.0	0.251889
11/17/2017 18:47:04	45.0	45.0	0.503778
11/17/2017 18:47:15	44.0	45.0	1.01266
11/17/2017 18:47:26	45.0	44.0	0.502513
11/17/2017 18:47:37	45.0	45.0	1.77665
11/17/2017 18:47:48	46.0	45.0	0.503778
11/17/2017 18:47:59	45.0	45.0	0.503778
11/17/2017 18:48:10	45.0	45.0	1.0101
11/17/2017 18:48:22	45.0	45.0	0
11/17/2017 18:48:33	45.0	45.0	0.502513
11/17/2017 18:48:44	45.0	44.0	1.25628
11/17/2017 18:48:55	45.0	44.0	0.503778
11/17/2017 18:49:06	45.0	44.0	1.25628
11/17/2017 18:49:17	46.0	45.0	3.29114
11/17/2017 18:49:28	45.0	45.0	0.503778
11/17/2017 18:49:39	45.0	44.0	0.502513
11/17/2017 18:49:50	45.0	44.0	0.505051
11/17/2017 18:50:01	46.0	46.0	0.251889
11/17/2017 18:50:12	45.0	44.0	1.0101
11/17/2017 18:50:23	44.0	44.0	0.505051
11/17/2017 18:50:34	45.0	45.0	0.503778
11/17/2017 18:50:45	44.0	44.0	4.08163
11/17/2017 18:50:56	45.0	44.0	0.753769
11/17/2017 18:51:07	44.0	44.0	0.502513
11/17/2017 18:51:18	45.0	44.0	2.27273
11/17/2017 18:51:29	45.0	44.0	0.252525
11/17/2017 18:51:40	45.0	44.0	0.503778
11/17/2017 18:51:51	45.0	44.0	0.757576
11/17/2017 18:52:02	45.0	45.0	0.75188
11/17/2017 18:52:13	44.0	45.0	0.502513
11/17/2017 18:52:24	44.0	44.0	1.01266
11/17/2017 18:52:35	44.0	44.0	0.502513
11/17/2017 18:52:46	45.0	44.0	1.25945
11/17/2017 18:52:57	44.0	44.0	0.502513
11/17/2017 18:53:08	44.0	44.0	0.502513
11/17/2017 18:53:19	44.0	44.0	3.03797
11/17/2017 18:53:30	44.0	44.0	0.252525
11/17/2017 18:53:41	44.0	44.0	0.502513
11/17/2017 18:53:52	43.0	44.0	2.28426
11/17/2017 18:54:03	44.0	44.0	3.80711
11/17/2017 18:54:14	44.0	44.0	5.97403
11/17/2017 18:54:25	44.0	44.0	3.79747
11/17/2017 18:54:36	44.0	44.0	1.77665
11/17/2017 18:54:48	44.0	44.0	0.757576
11/17/2017 18:54:59	45.0	43.0	4.02685
11/17/2017 18:55:10	44.0	45.0	4.01338
11/17/2017 18:55:21	44.0	44.0	1.77665
11/17/2017 18:55:32	45.0	45.0	6.88776
11/17/2017 18:55:43	47.0	47.0	13.1783
11/17/2017 18:55:54	45.0	45.0	2.03562
11/17/2017 18:56:05	45.0	45.0	30.4348
11/17/2017 18:56:16	47.0	46.0	18.8679
11/17/2017 18:56:27	47.0	46.0	12.2715
11/17/2017 18:56:38	47.0	46.0	16.2304
11/17/2017 18:56:49	48.0	47.0	15.5263
11/17/2017 18:57:00	49.0	47.0	12.6984
11/17/2017 18:57:11	49.0	48.0	14.9606
11/17/2017 18:57:23	49.0	49.0	20.7792
11/17/2017 18:57:34	50.0	50.0	21.2219
11/17/2017 18:57:45	51.0	51.0	15.6716
11/17/2017 18:57:56	51.0	51.0	12.5984
11/17/2017 18:58:07	51.0	51.0	13.8965
11/17/2017 18:58:18	52.0	51.0	15.5263
11/17/2017 18:58:29	54.0	53.0	17.801
11/17/2017 18:58:40	55.0	53.0	19.2208
11/17/2017 18:58:52	55.0	54.0	19.4737
11/17/2017 18:59:03	55.0	55.0	16.5789
11/17/2017 18:59:14	56.0	55.0	17.3228
11/17/2017 18:59:25	56.0	55.0	17.0732
11/17/2017 18:59:36	57.0	55.0	19.3717
11/17/2017 18:59:47	54.0	53.0	17.7083
11/17/2017 18:59:58	52.0	51.0	17.6316
11/17/2017 19:00:09	50.0	50.0	17.0157
11/17/2017 19:00:20	50.0	49.0	18.0593
11/17/2017 19:00:31	49.0	48.0	18.6352
11/17/2017 19:00:42	48.0	47.0	17.801
11/17/2017 19:00:53	48.0	47.0	18.8482
11/17/2017 19:01:04	50.0	48.0	16.6227
11/17/2017 19:01:15	51.0	50.0	17.801
11/17/2017 19:01:26	52.0	51.0	17.5393
11/17/2017 19:01:37	53.0	53.0	17.5853
11/17/2017 19:01:48	55.0	54.0	16.1804
11/17/2017 19:01:59	55.0	56.0	17.2775
11/17/2017 19:02:10	57.0	55.0	11.6402
11/17/2017 19:02:21	57.0	56.0	11.8421
11/17/2017 19:02:32	55.0	54.0	12.3684
11/17/2017 19:02:43	53.0	53.0	12.5984
11/17/2017 19:02:54	51.0	51.0	14.6982
11/17/2017 19:03:05	50.0	49.0	14.8148
11/17/2017 19:03:16	49.0	48.0	13.0319
11/17/2017 19:03:27	48.0	47.0	14.4357
11/17/2017 19:03:38	48.0	48.0	12.4011
11/17/2017 19:03:49	50.0	50.0	12.1372
11/17/2017 19:04:00	51.0	51.0	13.7306
11/17/2017 19:04:11	52.0	52.0	17.3228
11/17/2017 19:04:22	54.0	54.0	16.0622
11/17/2017 19:04:33	55.0	54.0	17.1504
11/17/2017 19:04:44	57.0	56.0	12.4011
11/17/2017 19:04:55	57.0	55.0	12.1053
11/17/2017 19:05:07	56.0	55.0	17.1958
11/17/2017 19:05:18	53.0	54.0	18.3727
11/17/2017 19:05:29	52.0	51.0	19.0476
11/17/2017 19:05:40	51.0	51.0	17.2775
11/17/2017 19:05:51	50.0	50.0	12.2016
11/17/2017 19:06:02	49.0	48.0	14.2857
11/17/2017 19:06:13	49.0	47.0	12.766
11/17/2017 19:06:24	48.0	47.0	14.2105
11/17/2017 19:06:35	48.0	47.0	14.0584
11/17/2017 19:06:46	49.0	48.0	14.3236
11/17/2017 19:06:57	50.0	50.0	13.4565
11/17/2017 19:07:08	52.0	51.0	17.5393
11/17/2017 19:07:19	54.0	53.0	17.1053
11/17/2017 19:07:30	55.0	54.0	17.3684
11/17/2017 19:07:41	56.0	56.0	20.8075
11/17/2017 19:07:53	57.0	55.0	13.0319
11/17/2017 19:08:04	55.0	54.0	16.4021
11/17/2017 19:08:15	54.0	52.0	16.2304
11/17/2017 19:08:26	53.0	51.0	18.4896
11/17/2017 19:08:37	51.0	51.0	17.942
11/17/2017 19:08:48	50.0	50.0	18.8482
11/17/2017 19:08:59	50.0	49.0	16.7539
11/17/2017 19:09:10	50.0	48.0	18.4697
11/17/2017 19:09:21	50.0	49.0	16.188
11/17/2017 19:09:32	49.0	48.0	14.2105
11/17/2017 19:09:43	49.0	47.0	14.9333
11/17/2017 19:09:54	49.0	47.0	15.873
11/17/2017 19:10:05	50.0	49.0	14.9333
11/17/2017 19:10:16	51.0	51.0	14.9333
11/17/2017 19:10:27	52.0	52.0	14.9606
11/17/2017 19:10:38	55.0	53.0	13.0319
11/17/2017 19:10:49	55.0	54.0	12.7321
11/17/2017 19:11:00	56.0	55.0	13.2626
11/17/2017 19:11:11	57.0	56.0	14.6982
11/17/2017 19:11:22	57.0	56.0	17.3228
11/17/2017 19:11:33	55.0	53.0	14.8438
11/17/2017 19:11:44	53.0	53.0	16.6234
11/17/2017 19:11:55	52.0	52.0	16.8421
11/17/2017 19:12:06	52.0	51.0	16.5789
11/17/2017 19:12:17	51.0	50.0	18.4211
11/17/2017 19:12:28	50.0	50.0	18.6352
11/17/2017 19:12:39	50.0	49.0	18.1102
11/17/2017 19:12:50	50.0	49.0	22.6415
11/17/2017 19:13:02	49.0	48.0	16.5789
11/17/2017 19:13:13	49.0	48.0	15.9269
11/17/2017 19:13:24	49.0	48.0	16.9271
11/17/2017 19:13:35	48.0	48.0	16.0526
11/17/2017 19:13:46	49.0	48.0	18.9474
11/17/2017 19:13:57	48.0	47.0	18.1579
11/17/2017 19:14:08	49.0	47.0	18.5864
11/17/2017 19:14:19	48.0	47.0	18.2768
11/17/2017 19:14:30	48.0	47.0	17.6316
11/17/2017 19:14:41	49.0	48.0	17.6316
11/17/2017 19:14:52	51.0	50.0	16.188
11/17/2017 19:15:03	53.0	52.0	19.5187
11/17/2017 19:15:14	53.0	54.0	16.273
11/17/2017 19:15:25	55.0	54.0	15.7068
11/17/2017 19:15:36	57.0	55.0	17.1504
11/17/2017 19:15:47	57.0	56.0	17.0604
11/17/2017 19:15:58	55.0	54.0	15.3034
11/17/2017 19:16:09	53.0	53.0	18.9474
11/17/2017 19:16:20	51.0	51.0	18.2058
11/17/2017 19:16:31	51.0	51.0	18.2768
11/17/2017 19:16:42	51.0	49.0	18.6352
11/17/2017 19:16:53	50.0	48.0	15.3646
11/17/2017 19:17:04	50.0	49.0	17.8947
11/17/2017 19:17:15	49.0	48.0	19.7368
11/17/2017 19:17:26	49.0	48.0	16.7102
11/17/2017 19:17:37	49.0	48.0	15.9686
11/17/2017 19:17:48	49.0	47.0	16.3636
11/17/2017 19:17:59	49.0	47.0	17.2324
11/17/2017 19:18:10	49.0	47.0	16.7139
11/17/2017 19:18:22	49.0	47.0	19.1099
11/17/2017 19:18:33	50.0	48.0	18.8976
11/17/2017 19:18:44	50.0	50.0	16.4491
11/17/2017 19:18:55	52.0	51.0	17.8478
11/17/2017 19:19:06	54.0	54.0	17.0732
11/17/2017 19:19:17	55.0	54.0	17.7083
11/17/2017 19:19:28	57.0	55.0	16.1458
11/17/2017 19:19:39	58.0	56.0	17.3228
11/17/2017 19:19:50	55.0	54.0	12.3684
11/17/2017 19:20:01	52.0	51.0	13.4921
11/17/2017 19:20:12	50.0	50.0	13.9108
11/17/2017 19:20:23	50.0	50.0	13.7566
11/17/2017 19:20:34	48.0	48.0	13.4565
11/17/2017 19:20:45	48.0	48.0	14.0584
11/17/2017 19:20:56	48.0	47.0	13.2275
11/17/2017 19:21:07	49.0	49.0	12.8272
11/17/2017 19:21:18	51.0	50.0	12.5984
11/17/2017 19:21:29	53.0	52.0	11.8421
11/17/2017 19:21:40	54.0	53.0	12.5984
11/17/2017 19:21:51	55.0	54.0	12.8609
11/17/2017 19:22:02	55.0	54.0	13.0208
11/17/2017 19:22:13	56.0	56.0	12.4339
11/17/2017 19:22:24	57.0	56.0	12.8609
11/17/2017 19:22:35	55.0	54.0	12.1053
11/17/2017 19:22:46	52.0	53.0	13.3858
11/17/2017 19:22:57	51.0	50.0	13.5279
11/17/2017 19:23:08	50.0	49.0	12.4011
11/17/2017 19:23:19	49.0	48.0	14.0212
11/17/2017 19:23:30	48.0	48.0	13.7203
11/17/2017 19:23:41	48.0	47.0	16.0105
11/17/2017 19:23:53	48.0	47.0	17.6623
11/17/2017 19:24:04	48.0	47.0	13.7931
11/17/2017 19:24:15	48.0	48.0	13.2626
11/17/2017 19:24:26	50.0	50.0	13.4211
11/17/2017 19:24:37	51.0	52.0	12.3684
11/17/2017 19:24:48	52.0	52.0	12.4011
11/17/2017 19:24:59	53.0	54.0	12.3684
11/17/2017 19:25:10	55.0	54.0	12.1053
11/17/2017 19:25:21	55.0	54.0	11.811
11/17/2017 19:25:32	56.0	56.0	12.1372
11/17/2017 19:25:43	57.0	56.0	12.5
11/17/2017 19:25:54	55.0	54.0	13.089
11/17/2017 19:26:05	53.0	53.0	13.3858
11/17/2017 19:26:16	51.0	51.0	12.0419
11/17/2017 19:26:27	50.0	50.0	14.4357
11/17/2017 19:26:38	49.0	49.0	15.445
11/17/2017 19:26:49	48.0	48.0	13.4211
11/17/2017 19:27:00	48.0	47.0	14.7368
11/17/2017 19:27:11	48.0	48.0	12.0419
11/17/2017 19:27:22	50.0	49.0	12.336
11/17/2017 19:27:33	51.0	51.0	13.6126
11/17/2017 19:27:44	53.0	53.0	11.5789
11/17/2017 19:27:55	53.0	53.0	12.0735
11/17/2017 19:28:06	55.0	54.0	13.8743
11/17/2017 19:28:17	55.0	54.0	12.0419
11/17/2017 19:28:28	57.0	56.0	10.5541
11/17/2017 19:28:39	57.0	56.0	12.3037
11/17/2017 19:28:50	54.0	54.0	11.8421
11/17/2017 19:29:01	52.0	53.0	13.089
11/17/2017 19:29:12	51.0	51.0	13.6842
11/17/2017 19:29:24	49.0	50.0	13.6842
11/17/2017 19:29:35	48.0	48.0	12.4339
11/17/2017 19:29:46	48.0	48.0	13.4921
11/17/2017 19:29:57	48.0	47.0	12.4339
11/17/2017 19:30:08	49.0	48.0	13.4211
11/17/2017 19:30:19	51.0	50.0	11.7801
11/17/2017 19:30:30	51.0	51.0	12.0735
11/17/2017 19:30:41	53.0	53.0	13.9108
11/17/2017 19:30:52	54.0	54.0	12.0104
11/17/2017 19:31:03	55.0	54.0	11.5486
11/17/2017 19:31:14	56.0	55.0	12.3037
11/17/2017 19:31:25	56.0	55.0	12.0735
11/17/2017 19:31:36	56.0	55.0	12.7604
11/17/2017 19:31:47	53.0	53.0	12.5654
11/17/2017 19:31:58	51.0	51.0	13.1926
11/17/2017 19:32:09	50.0	50.0	14.248
11/17/2017 19:32:20	49.0	48.0	15.445
11/17/2017 19:32:31	48.0	47.0	12.8609
11/17/2017 19:32:42	48.0	47.0	14.9215
11/17/2017 19:32:53	50.0	49.0	12.7937
11/17/2017 19:33:04	51.0	51.0	12.2715
11/17/2017 19:33:15	52.0	52.0	12.4011
11/17/2017 19:33:26	54.0	53.0	12.0419
11/17/2017 19:33:37	55.0	54.0	12.5984
11/17/2017 19:33:48	56.0	55.0	11.8421
11/17/2017 19:33:59	56.0	56.0	11.0526
11/17/2017 19:34:10	57.0	56.0	12.5326
11/17/2017 19:34:21	55.0	55.0	11.6095
11/17/2017 19:34:32	53.0	53.0	12.8272
11/17/2017 19:34:44	51.0	51.0	12.336
11/17/2017 19:34:55	49.0	49.0	13.9108
11/17/2017 19:35:06	48.0	48.0	12.7937
11/17/2017 19:35:17	48.0	47.0	14.2105
11/17/2017 19:35:28	48.0	47.0	12.0419
11/17/2017 19:35:39	49.0	48.0	13.9108
11/17/2017 19:35:50	50.0	50.0	12.5654
11/17/2017 19:36:01	51.0	51.0	11.811
11/17/2017 19:36:12	53.0	53.0	11.5486
11/17/2017 19:36:23	53.0	53.0	13.2812
11/17/2017 19:36:34	54.0	54.0	12.0419
11/17/2017 19:36:45	55.0	54.0	12.3037
11/17/2017 19:36:56	57.0	55.0	12.5654
11/17/2017 19:37:07	55.0	54.0	11.7801
11/17/2017 19:37:18	53.0	53.0	12.9288
11/17/2017 19:37:29	51.0	51.0	13.1579
11/17/2017 19:37:40	50.0	50.0	14.1361
11/17/2017 19:37:51	49.0	48.0	14.2105
11/17/2017 19:38:02	48.0	47.0	12.6649
11/17/2017 19:38:13	47.0	47.0	12.963
11/17/2017 19:38:24	49.0	49.0	12.5984
11/17/2017 19:38:35	51.0	51.0	12.2396
11/17/2017 19:38:46	52.0	52.0	12.0735
11/17/2017 19:38:57	53.0	53.0	12.1053
11/17/2017 19:39:08	54.0	54.0	12.0419
11/17/2017 19:39:19	55.0	54.0	11.811
11/17/2017 19:39:30	56.0	55.0	11.2861
11/17/2017 19:39:41	57.0	56.0	13.1234
11/17/2017 19:39:52	58.0	56.0	12.0735
11/17/2017 19:40:04	53.0	53.0	12.3037
11/17/2017 19:40:15	51.0	51.0	12.5984
11/17/2017 19:40:26	50.0	50.0	14.5119
11/17/2017 19:40:37	49.0	48.0	13.1234
11/17/2017 19:40:48	48.0	48.0	13.9474
11/17/2017 19:40:59	48.0	47.0	14.248
11/17/2017 19:41:10	49.0	49.0	12.6649
11/17/2017 19:41:21	51.0	50.0	11.5486
11/17/2017 19:41:32	51.0	51.0	12.7937
11/17/2017 19:41:43	53.0	53.0	13.3159
11/17/2017 19:41:54	54.0	54.0	12.0735
11/17/2017 19:42:05	55.0	54.0	11.811
11/17/2017 19:42:16	56.0	55.0	12.2396
11/17/2017 19:42:27	57.0	56.0	13.6483
11/17/2017 19:42:38	56.0	56.0	12.8609
11/17/2017 19:42:49	53.0	53.0	11.5486
11/17/2017 19:43:00	51.0	51.0	14.0212
11/17/2017 19:43:11	50.0	50.0	12.963
11/17/2017 19:43:22	49.0	48.0	13.8743
11/17/2017 19:43:33	48.0	48.0	13.5638
11/17/2017 19:43:44	48.0	47.0	13.9474
11/17/2017 19:43:55	48.0	47.0	13.8743
11/17/2017 19:44:06	50.0	49.0	13.0208
11/17/2017 19:44:17	51.0	51.0	12.3037
11/17/2017 19:44:28	52.0	52.0	11.7801
11/17/2017 19:44:39	54.0	53.0	11.7493
11/17/2017 19:44:50	55.0	54.0	12.2715
11/17/2017 19:45:01	55.0	55.0	13.3159
11/17/2017 19:45:12	56.0	56.0	11.0236
11/17/2017 19:45:24	57.0	56.0	12.5326
11/17/2017 19:45:35	55.0	54.0	12.5326
11/17/2017 19:45:46	53.0	52.0	12.2396
11/17/2017 19:45:57	51.0	51.0	12.5984
11/17/2017 19:46:08	49.0	49.0	14.4737
11/17/2017 19:46:19	49.0	48.0	13.9474
11/17/2017 19:46:30	48.0	48.0	13.3858
11/17/2017 19:46:41	48.0	47.0	12.963
11/17/2017 19:46:52	49.0	49.0	12.0735
11/17/2017 19:47:03	51.0	51.0	12.0735
11/17/2017 19:47:14	52.0	52.0	13.3858
11/17/2017 19:47:25	53.0	53.0	12.5654
11/17/2017 19:47:36	55.0	54.0	12.3684
11/17/2017 19:47:47	55.0	55.0	12.0419
11/17/2017 19:47:58	56.0	55.0	11.5789
11/17/2017 19:48:09	57.0	55.0	12.336
11/17/2017 19:48:20	56.0	56.0	11.7493
11/17/2017 19:48:31	54.0	53.0	12.5654
11/17/2017 19:48:42	51.0	51.0	14.0212
11/17/2017 19:48:53	50.0	50.0	13.3858
11/17/2017 19:49:04	49.0	50.0	12.8609
11/17/2017 19:49:15	48.0	48.0	13.2275
11/17/2017 19:49:26	47.0	47.0	13.6842
11/17/2017 19:49:37	47.0	47.0	12.963
11/17/2017 19:49:48	50.0	50.0	13.1234
11/17/2017 19:49:59	51.0	51.0	12.1053
11/17/2017 19:50:10	52.0	52.0	12.8272
11/17/2017 19:50:21	53.0	54.0	12.2715
11/17/2017 19:50:33	54.0	54.0	11.6095
11/17/2017 19:50:44	55.0	54.0	12.5984
11/17/2017 19:50:55	56.0	56.0	11.5486
11/17/2017 19:51:06	57.0	56.0	10.4987
11/17/2017 19:51:17	57.0	56.0	12.8272
11/17/2017 19:51:28	54.0	54.0	11.3158
11/17/2017 19:51:39	51.0	52.0	12.5654
11/17/2017 19:51:50	50.0	51.0	14.248
11/17/2017 19:52:01	49.0	49.0	13.7203
11/17/2017 19:52:12	48.0	48.0	12.2715
11/17/2017 19:52:23	48.0	48.0	13.8743
11/17/2017 19:52:34	48.0	48.0	13.8743
11/17/2017 19:52:45	50.0	49.0	13.1234
11/17/2017 19:52:56	51.0	51.0	12.5654
11/17/2017 19:53:07	52.0	53.0	11.5486
11/17/2017 19:53:18	54.0	53.0	12.5984
11/17/2017 19:53:29	54.0	54.0	12.336
11/17/2017 19:53:40	55.0	55.0	12.4675
11/17/2017 19:53:51	56.0	55.0	12.5326
11/17/2017 19:54:02	57.0	55.0	12.3037
11/17/2017 19:54:13	55.0	56.0	11.7801
11/17/2017 19:54:24	53.0	53.0	13.0548
11/17/2017 19:54:35	51.0	51.0	11.7493
11/17/2017 19:54:46	50.0	50.0	13.5417
11/17/2017 19:54:57	49.0	49.0	14.0584
11/17/2017 19:55:08	48.0	48.0	13.6483
11/17/2017 19:55:19	48.0	48.0	15.1832
11/17/2017 19:55:30	49.0	49.0	13.6483
11/17/2017 19:55:41	50.0	51.0	12.7937
11/17/2017 19:55:53	52.0	52.0	13.4211
11/17/2017 19:56:04	53.0	53.0	12.2715
11/17/2017 19:56:15	54.0	53.0	12.0104
11/17/2017 19:56:26	55.0	55.0	12.8272
11/17/2017 19:56:37	55.0	55.0	11.7801
11/17/2017 19:56:48	56.0	56.0	12.987
11/17/2017 19:56:59	55.0	54.0	12.1372
11/17/2017 19:57:10	52.0	53.0	12.336
11/17/2017 19:57:21	51.0	51.0	15.445
11/17/2017 19:57:32	49.0	50.0	15.7895
11/17/2017 19:57:43	49.0	48.0	13.3508
11/17/2017 19:57:54	48.0	48.0	14.4357
11/17/2017 19:58:05	47.0	47.0	13.1926
11/17/2017 19:58:16	49.0	48.0	13.4921
11/17/2017 19:58:27	50.0	51.0	13.4565
11/17/2017 19:58:38	52.0	51.0	12.0104
11/17/2017 19:58:49	53.0	53.0	12.3037
11/17/2017 19:59:00	54.0	54.0	12.1053
11/17/2017 19:59:11	55.0	54.0	11.811
11/17/2017 19:59:22	56.0	54.0	12.7937
11/17/2017 19:59:33	56.0	55.0	12.0735
11/17/2017 19:59:44	57.0	55.0	11.7801
11/17/2017 19:59:55	54.0	53.0	12.0735
11/17/2017 20:00:06	52.0	51.0	13.4211
11/17/2017 20:00:17	50.0	50.0	12.1053
11/17/2017 20:00:28	49.0	49.0	13.2275
11/17/2017 20:00:39	49.0	48.0	13.5279
11/17/2017 20:00:50	48.0	47.0	12.5
11/17/2017 20:01:01	48.0	47.0	12.3037
11/17/2017 20:01:13	50.0	50.0	12.5654
11/17/2017 20:01:24	51.0	51.0	12.2715
11/17/2017 20:01:35	52.0	53.0	12.336
11/17/2017 20:01:46	53.0	53.0	11.5789
11/17/2017 20:01:57	54.0	54.0	11.8421
11/17/2017 20:02:08	55.0	54.0	12.3037
11/17/2017 20:02:19	56.0	55.0	11.7801
11/17/2017 20:02:30	57.0	57.0	11.7801
11/17/2017 20:02:41	54.0	54.0	12.5654
11/17/2017 20:02:52	52.0	52.0	13.089
11/17/2017 20:03:03	50.0	50.0	12.7321
11/17/2017 20:03:14	49.0	50.0	16.5354
11/17/2017 20:03:25	48.0	48.0	14.1732
11/17/2017 20:03:36	48.0	47.0	13.1926
11/17/2017 20:03:47	47.0	47.0	13.7566
11/17/2017 20:03:58	49.0	48.0	12.8947
11/17/2017 20:04:09	50.0	51.0	12.1053
11/17/2017 20:04:20	52.0	51.0	11.5486
11/17/2017 20:04:31	52.0	53.0	11.5486
11/17/2017 20:04:42	54.0	54.0	12.8272
11/17/2017 20:04:53	55.0	54.0	12.8947
11/17/2017 20:05:04	55.0	55.0	11.8421
11/17/2017 20:05:15	56.0	56.0	12.4011
11/17/2017 20:05:26	55.0	54.0	12.1053
11/17/2017 20:05:37	53.0	53.0	11.811
11/17/2017 20:05:48	51.0	51.0	12.8609
11/17/2017 20:05:59	50.0	50.0	13.1926
11/17/2017 20:06:10	48.0	48.0	14.3603
11/17/2017 20:06:21	48.0	48.0	14.4357
11/17/2017 20:06:32	47.0	47.0	13.9108
11/17/2017 20:06:44	48.0	47.0	12.5654
11/17/2017 20:06:55	49.0	50.0	11.5789
11/17/2017 20:07:06	51.0	51.0	11.8421
11/17/2017 20:07:17	52.0	52.0	12.8272
11/17/2017 20:07:28	53.0	53.0	12.8609
11/17/2017 20:07:39	54.0	54.0	14.3229
11/17/2017 20:07:50	55.0	54.0	12.3684
11/17/2017 20:08:01	56.0	56.0	11.2565
11/17/2017 20:08:12	57.0	56.0	12.0735
11/17/2017 20:08:23	54.0	54.0	12.336
11/17/2017 20:08:34	52.0	53.0	13.3858
11/17/2017 20:08:45	51.0	50.0	12.5984
11/17/2017 20:08:56	50.0	50.0	12.5984
11/17/2017 20:09:07	49.0	48.0	12.9288
11/17/2017 20:09:18	49.0	48.0	13.9842
11/17/2017 20:09:29	48.0	47.0	13.4211
11/17/2017 20:09:40	47.0	46.0	13.4921
11/17/2017 20:09:51	49.0	49.0	13.6842
11/17/2017 20:10:02	51.0	51.0	12.8609
11/17/2017 20:10:13	52.0	52.0	11.811
11/17/2017 20:10:24	53.0	53.0	12.8272
11/17/2017 20:10:35	55.0	54.0	11.5183
11/17/2017 20:10:46	55.0	55.0	11.7801
11/17/2017 20:10:57	56.0	55.0	13.2812
11/17/2017 20:11:08	57.0	56.0	11.5789
11/17/2017 20:11:19	54.0	54.0	12.5326
11/17/2017 20:11:30	52.0	52.0	12.5654
11/17/2017 20:11:41	51.0	51.0	12.3684
11/17/2017 20:11:52	50.0	50.0	12.3684
11/17/2017 20:12:04	49.0	48.0	13.6483
11/17/2017 20:12:15	49.0	48.0	13.6483
11/17/2017 20:12:26	48.0	47.0	12.3684
11/17/2017 20:12:37	48.0	48.0	11.7801
11/17/2017 20:12:48	50.0	49.0	12.3037
11/17/2017 20:12:59	51.0	51.0	12.8947
11/17/2017 20:13:10	52.0	53.0	11.8421
11/17/2017 20:13:21	54.0	53.0	11.7801
11/17/2017 20:13:32	55.0	54.0	12.5984
11/17/2017 20:13:43	56.0	55.0	11.5486
11/17/2017 20:13:54	57.0	56.0	11.5789
11/17/2017 20:14:05	55.0	54.0	12.5984
11/17/2017 20:14:16	52.0	52.0	11.5486
11/17/2017 20:14:27	51.0	51.0	12.6649
11/17/2017 20:14:38	50.0	50.0	15
11/17/2017 20:14:49	49.0	48.0	13.2275
11/17/2017 20:15:00	49.0	48.0	15.445
11/17/2017 20:15:11	48.0	47.0	14.4357
11/17/2017 20:15:22	49.0	47.0	13.4565
11/17/2017 20:15:33	47.0	47.0	14.5119
11/17/2017 20:15:44	48.0	46.0	13.089
11/17/2017 20:15:55	50.0	49.0	12.2715
11/17/2017 20:16:06	51.0	50.0	11.8421
11/17/2017 20:16:17	52.0	52.0	12.0104
11/17/2017 20:16:28	54.0	53.0	11.811
11/17/2017 20:16:39	54.0	54.0	15.5263
11/17/2017 20:16:50	55.0	54.0	11.8421
11/17/2017 20:17:01	56.0	55.0	11.3158
11/17/2017 20:17:12	56.0	54.0	12.5654
11/17/2017 20:17:23	53.0	53.0	11.5486
11/17/2017 20:17:35	51.0	51.0	13.3508
11/17/2017 20:17:46	50.0	49.0	13.4921
11/17/2017 20:17:57	49.0	48.0	12.4011
11/17/2017 20:18:08	48.0	48.0	12.5984
11/17/2017 20:18:19	48.0	47.0	12.0735
11/17/2017 20:18:30	47.0	46.0	13.3858
11/17/2017 20:18:41	47.0	46.0	14.1732
11/17/2017 20:18:52	48.0	48.0	13.0208
11/17/2017 20:19:03	50.0	50.0	12.5326
11/17/2017 20:19:14	51.0	51.0	12.5326
11/17/2017 20:19:25	53.0	53.0	12.5654
11/17/2017 20:19:36	54.0	53.0	11.5486
11/17/2017 20:19:47	55.0	54.0	13.9474
11/17/2017 20:19:58	55.0	55.0	14.0625
11/17/2017 20:20:09	58.0	57.0	11.7801
11/17/2017 20:20:20	56.0	55.0	12.0419
11/17/2017 20:20:31	53.0	53.0	11.811
11/17/2017 20:20:42	51.0	51.0	13.2812
11/17/2017 20:20:53	50.0	50.0	11.811
11/17/2017 20:21:04	49.0	50.0	14.5503
11/17/2017 20:21:15	49.0	48.0	14.6597
11/17/2017 20:21:26	48.0	48.0	14.8825
11/17/2017 20:21:37	47.0	47.0	13.6842
11/17/2017 20:21:48	49.0	48.0	13.6483
11/17/2017 20:21:59	49.0	49.0	12.1053
11/17/2017 20:22:10	51.0	51.0	12.1053
11/17/2017 20:22:21	52.0	53.0	12.5326
11/17/2017 20:22:32	54.0	54.0	12.2715
11/17/2017 20:22:43	55.0	55.0	11.7493
11/17/2017 20:22:55	56.0	56.0	12.1372
11/17/2017 20:23:06	57.0	56.0	11.7493
11/17/2017 20:23:17	55.0	54.0	17.1429
11/17/2017 20:23:28	55.0	54.0	12.0735
11/17/2017 20:23:39	51.0	51.0	12.8609
11/17/2017 20:23:50	50.0	50.0	13.6842
11/17/2017 20:24:01	49.0	48.0	13.8743
11/17/2017 20:24:12	49.0	48.0	13.7566
11/17/2017 20:24:23	48.0	47.0	13.9474
11/17/2017 20:24:34	48.0	47.0	15.4856
11/17/2017 20:24:45	49.0	48.0	12.0419
11/17/2017 20:24:56	50.0	50.0	13.0548
11/17/2017 20:25:07	51.0	51.0	11.2861
11/17/2017 20:25:18	53.0	53.0	13.577
11/17/2017 20:25:29	54.0	54.0	12.1053
11/17/2017 20:25:40	55.0	54.0	11.5486
11/17/2017 20:25:51	56.0	55.0	11.811
11/17/2017 20:26:02	56.0	56.0	12.2396
11/17/2017 20:26:13	55.0	55.0	12.0419
11/17/2017 20:26:24	53.0	52.0	12.3684
11/17/2017 20:26:35	51.0	51.0	13.6483
11/17/2017 20:26:46	50.0	49.0	13.4211
11/17/2017 20:26:57	49.0	48.0	14.2857
11/17/2017 20:27:08	48.0	48.0	13.1579
11/17/2017 20:27:19	48.0	46.0	13.4921
11/17/2017 20:27:30	47.0	46.0	12.3037
11/17/2017 20:27:41	49.0	48.0	12.6316
11/17/2017 20:27:52	50.0	50.0	12.3037
11/17/2017 20:28:03	52.0	51.0	13.8743
11/17/2017 20:28:15	53.0	52.0	11.5486
11/17/2017 20:28:26	54.0	54.0	14.3603
11/17/2017 20:28:37	55.0	54.0	13.2812
11/17/2017 20:28:48	56.0	54.0	12.0735
11/17/2017 20:28:59	56.0	55.0	12.5654
11/17/2017 20:29:10	57.0	56.0	11.7801
11/17/2017 20:29:21	55.0	54.0	12.3037
11/17/2017 20:29:32	52.0	53.0	13.2812
11/17/2017 20:29:43	51.0	51.0	13.1579
11/17/2017 20:29:54	50.0	49.0	15.445
11/17/2017 20:30:05	49.0	48.0	13.9108
11/17/2017 20:30:16	48.0	46.0	13.6126
11/17/2017 20:30:27	47.0	46.0	14.1732
11/17/2017 20:30:38	49.0	48.0	14.4737
11/17/2017 20:30:49	50.0	50.0	12.1053
11/17/2017 20:31:00	51.0	51.0	12.0735
11/17/2017 20:31:11	52.0	52.0	12.1053
11/17/2017 20:31:22	53.0	53.0	11.811
11/17/2017 20:31:33	54.0	54.0	12.8272
11/17/2017 20:31:44	55.0	54.0	11.5486
11/17/2017 20:31:55	55.0	55.0	11.7188
11/17/2017 20:32:06	57.0	55.0	13.3508
11/17/2017 20:32:17	55.0	54.0	11.811
11/17/2017 20:32:28	53.0	53.0	12.2715
11/17/2017 20:32:39	51.0	51.0	14.1361
11/17/2017 20:32:50	50.0	49.0	14.1732
11/17/2017 20:33:01	49.0	48.0	12.8947
11/17/2017 20:33:12	48.0	47.0	12.6984
11/17/2017 20:33:23	48.0	48.0	12.6984
11/17/2017 20:33:35	50.0	49.0	12.8272
11/17/2017 20:33:46	51.0	51.0	16.3636
11/17/2017 20:33:57	53.0	53.0	14.5078
11/17/2017 20:34:08	54.0	54.0	19.5312
11/17/2017 20:34:19	55.0	54.0	12.5654
11/17/2017 20:34:30	55.0	54.0	12.0419
11/17/2017 20:34:41	56.0	55.0	13.7662
11/17/2017 20:34:52	56.0	56.0	11.0526
11/17/2017 20:35:03	57.0	56.0	12.987
11/17/2017 20:35:14	55.0	54.0	12.5654
11/17/2017 20:35:25	52.0	53.0	12.963
11/17/2017 20:35:36	51.0	50.0	14.3979
11/17/2017 20:35:47	49.0	48.0	15.748
11/17/2017 20:35:58	49.0	48.0	13.9474
11/17/2017 20:36:09	48.0	47.0	13.1234
11/17/2017 20:36:20	48.0	48.0	14.5119
11/17/2017 20:36:31	50.0	49.0	12.5654
11/17/2017 20:36:42	51.0	51.0	12.5654
11/17/2017 20:36:53	52.0	51.0	11.7801
11/17/2017 20:37:04	53.0	53.0	12.3037
11/17/2017 20:37:15	54.0	54.0	12.336
11/17/2017 20:37:26	55.0	54.0	12.336
11/17/2017 20:37:37	56.0	54.0	12.0419
11/17/2017 20:37:48	55.0	55.0	12.336
11/17/2017 20:37:59	57.0	56.0	12.0419
11/17/2017 20:38:10	56.0	55.0	12.5654
11/17/2017 20:38:21	53.0	53.0	12.6316
11/17/2017 20:38:32	51.0	51.0	13.4565
11/17/2017 20:38:43	50.0	50.0	13.9842
11/17/2017 20:38:55	48.0	48.0	14.4737
11/17/2017 20:39:06	48.0	47.0	14.6597
11/17/2017 20:39:17	48.0	48.0	12.7321
11/17/2017 20:39:28	49.0	50.0	12.4339
11/17/2017 20:39:39	51.0	51.0	12.8272
11/17/2017 20:39:50	52.0	52.0	13.089
11/17/2017 20:40:01	53.0	53.0	13.8021
11/17/2017 20:40:12	54.0	54.0	15.1436
11/17/2017 20:40:23	54.0	54.0	12.3684
11/17/2017 20:40:34	55.0	54.0	12.336
11/17/2017 20:40:45	56.0	55.0	12.0419
11/17/2017 20:40:56	57.0	56.0	12.5326
11/17/2017 20:41:07	56.0	56.0	12.3037
11/17/2017 20:41:18	55.0	54.0	13.8743
11/17/2017 20:41:29	51.0	51.0	12.8947
11/17/2017 20:41:40	51.0	50.0	13.4921
11/17/2017 20:41:51	49.0	48.0	13.5279
11/17/2017 20:42:02	48.0	48.0	14.0212
11/17/2017 20:42:13	48.0	47.0	15.445
11/17/2017 20:42:24	49.0	49.0	14.9215
11/17/2017 20:42:35	50.0	50.0	12.3684
11/17/2017 20:42:46	51.0	52.0	12.0419
11/17/2017 20:42:57	52.0	53.0	13.089
11/17/2017 20:43:08	53.0	53.0	12.3037
11/17/2017 20:43:19	54.0	54.0	12.336
11/17/2017 20:43:30	55.0	56.0	12.8609
11/17/2017 20:43:41	55.0	55.0	16.7959
11/17/2017 20:43:52	56.0	56.0	15.4047
11/17/2017 20:44:03	56.0	56.0	18.0628
11/17/2017 20:44:14	53.0	52.0	17.4479
11/17/2017 20:44:25	51.0	51.0	16.9271
11/17/2017 20:44:37	50.0	51.0	17.801
11/17/2017 20:44:48	49.0	49.0	16.4491
11/17/2017 20:44:59	48.0	48.0	18.75
11/17/2017 20:45:10	48.0	47.0	16.188
11/17/2017 20:45:21	48.0	48.0	17.5393
11/17/2017 20:45:32	49.0	49.0	15.9686
11/17/2017 20:45:43	51.0	51.0	18.0157
11/17/2017 20:45:54	52.0	53.0	15.9269
11/17/2017 20:46:05	54.0	54.0	17.8295
11/17/2017 20:46:16	55.0	54.0	16.7102
11/17/2017 20:46:27	56.0	55.0	17.0604
11/17/2017 20:46:38	57.0	55.0	17.8478
11/17/2017 20:46:49	57.0	56.0	17.3333
11/17/2017 20:47:00	54.0	53.0	18.2825
11/17/2017 20:47:11	52.0	51.0	18.3246
11/17/2017 20:47:22	51.0	50.0	16.3158
11/17/2017 20:47:33	50.0	50.0	19.4737
11/17/2017 20:47:44	49.0	49.0	18.5864
11/17/2017 20:47:55	50.0	49.0	18.799
11/17/2017 20:48:06	47.0	47.0	16.1458
11/17/2017 20:48:17	48.0	48.0	18.5864
11/17/2017 20:48:28	47.0	47.0	15.9269
11/17/2017 20:48:39	50.0	50.0	16.7102
11/17/2017 20:48:50	51.0	51.0	18.0628
11/17/2017 20:49:01	53.0	53.0	17.7546
11/17/2017 20:49:12	54.0	53.0	18.5864
11/17/2017 20:49:23	55.0	54.0	17.0157
11/17/2017 20:49:34	56.0	56.0	16.0526
11/17/2017 20:49:45	57.0	57.0	16.9713
11/17/2017 20:49:56	55.0	54.0	17.6166
11/17/2017 20:50:07	53.0	53.0	19.0601
11/17/2017 20:50:18	51.0	50.0	15.445
11/17/2017 20:50:29	50.0	50.0	17.9688
11/17/2017 20:50:40	50.0	50.0	15.9269
11/17/2017 20:50:51	48.0	48.0	17.7083
11/17/2017 20:51:02	48.0	48.0	16.3636
11/17/2017 20:51:13	48.0	47.0	17.8295
11/17/2017 20:51:24	48.0	47.0	18.3727
11/17/2017 20:51:36	49.0	49.0	16.188
11/17/2017 20:51:47	50.0	50.0	15.6658
11/17/2017 20:51:58	52.0	51.0	16.188
11/17/2017 20:52:09	54.0	53.0	16.4062
11/17/2017 20:52:20	55.0	54.0	15.4047
11/17/2017 20:52:31	56.0	54.0	15.9686
11/17/2017 20:52:42	56.0	56.0	16.1039
11/17/2017 20:52:53	57.0	56.0	17.2324
11/17/2017 20:53:04	54.0	54.0	16.8831
11/17/2017 20:53:15	53.0	52.0	16.3636
11/17/2017 20:53:26	51.0	51.0	18.2768
11/17/2017 20:53:37	50.0	50.0	16.9713
11/17/2017 20:53:48	50.0	49.0	17.7083
11/17/2017 20:53:59	49.0	48.0	16.6667
11/17/2017 20:54:10	49.0	47.0	16.5354
11/17/2017 20:54:21	48.0	47.0	16.4491
11/17/2017 20:54:32	48.0	47.0	18.75
11/17/2017 20:54:43	49.0	49.0	18.0157
11/17/2017 20:54:54	51.0	51.0	18.9119
11/17/2017 20:55:05	53.0	53.0	18.3246
11/17/2017 20:55:16	54.0	53.0	18.5864
11/17/2017 20:55:27	55.0	54.0	16.188
11/17/2017 20:55:38	55.0	56.0	18.0628
11/17/2017 20:55:49	55.0	55.0	17.5853
11/17/2017 20:56:00	54.0	54.0	16.0622
11/17/2017 20:56:11	51.0	51.0	16.5803
11/17/2017 20:56:22	51.0	51.0	17.7083
11/17/2017 20:56:33	50.0	50.0	18.7013
11/17/2017 20:56:44	49.0	48.0	19.0104
11/17/2017 20:56:55	50.0	50.0	17.1429
11/17/2017 20:57:06	49.0	48.0	16.5354
11/17/2017 20:57:17	48.0	47.0	18.8976
11/17/2017 20:57:28	47.0	47.0	18.5864
11/17/2017 20:57:39	49.0	48.0	19.3717
11/17/2017 20:57:50	51.0	51.0	16.7102
11/17/2017 20:58:01	52.0	53.0	20.2597
11/17/2017 20:58:12	53.0	54.0	18.4416
11/17/2017 20:58:23	55.0	56.0	18.4896
11/17/2017 20:58:34	56.0	55.0	17.5393
11/17/2017 20:58:45	57.0	56.0	18.0628
11/17/2017 20:58:56	54.0	54.0	17.4935
11/17/2017 20:59:07	53.0	52.0	16.5803
11/17/2017 20:59:19	51.0	51.0	17.7083
11/17/2017 20:59:30	50.0	50.0	18.4416
11/17/2017 20:59:41	49.0	48.0	17.9221
11/17/2017 20:59:52	49.0	48.0	17.7546
11/17/2017 21:00:03	48.0	48.0	19.1099
11/17/2017 21:00:14	48.0	47.0	16.1039
11/17/2017 21:00:25	47.0	47.0	16.8831
11/17/2017 21:00:36	48.0	48.0	17.6623
11/17/2017 21:00:47	50.0	49.0	17.8756
11/17/2017 21:00:58	51.0	51.0	18.3938
11/17/2017 21:01:09	53.0	52.0	11.5486
11/17/2017 21:01:20	54.0	53.0	14.3979
11/17/2017 21:01:31	55.0	54.0	17.2324
11/17/2017 21:01:42	55.0	54.0	18.9119
11/17/2017 21:01:53	57.0	57.0	18.3463
11/17/2017 21:02:04	55.0	55.0	17.0543
11/17/2017 21:02:15	53.0	53.0	20.2073
11/17/2017 21:02:26	51.0	52.0	17.4935
11/17/2017 21:02:37	51.0	51.0	17.1429
11/17/2017 21:02:48	50.0	50.0	16.7102
11/17/2017 21:02:59	49.0	48.0	16.6667
11/17/2017 21:03:10	49.0	49.0	18.0879
11/17/2017 21:03:21	49.0	48.0	14.248
11/17/2017 21:03:32	48.0	48.0	20.3655
11/17/2017 21:03:43	49.0	48.0	18.2292
11/17/2017 21:03:54	50.0	51.0	18.6842
11/17/2017 21:04:05	53.0	53.0	19.8433
11/17/2017 21:04:16	54.0	54.0	17.1429
11/17/2017 21:04:27	56.0	55.0	19.7917
11/17/2017 21:04:38	56.0	56.0	19.0104
11/17/2017 21:04:49	56.0	55.0	17.6623
11/17/2017 21:05:00	53.0	53.0	16.5375
11/17/2017 21:05:11	51.0	51.0	18.0628
11/17/2017 21:05:22	51.0	50.0	17.5393
11/17/2017 21:05:33	50.0	50.0	16.6234
11/17/2017 21:05:44	49.0	48.0	16.6234
11/17/2017 21:05:55	48.0	48.0	16.8831
11/17/2017 21:06:06	49.0	48.0	18.1347
11/17/2017 21:06:17	48.0	47.0	17.4935
11/17/2017 21:06:28	48.0	48.0	17.4935
11/17/2017 21:06:40	50.0	51.0	20.9974
11/17/2017 21:06:51	52.0	51.0	17.7083
11/17/2017 21:07:02	53.0	53.0	17.1429
11/17/2017 21:07:13	55.0	54.0	18.4416
11/17/2017 21:07:24	56.0	55.0	16.3636
11/17/2017 21:07:35	56.0	56.0	17.0984
11/17/2017 21:07:46	57.0	56.0	17.7083
11/17/2017 21:07:57	54.0	53.0	16.3212
11/17/2017 21:08:08	53.0	53.0	17.2324
11/17/2017 21:08:19	51.0	51.0	19.2708
11/17/2017 21:08:30	50.0	50.0	19.1601
11/17/2017 21:08:41	49.0	49.0	18.5379
11/17/2017 21:08:52	49.0	48.0	17.7835
11/17/2017 21:09:03	49.0	48.0	16.9271
11/17/2017 21:09:14	49.0	48.0	17.7083
11/17/2017 21:09:25	48.0	47.0	16.1039
11/17/2017 21:09:36	48.0	48.0	17.4479
11/17/2017 21:09:47	48.0	47.0	16.2791
11/17/2017 21:09:58	49.0	49.0	18.7661
11/17/2017 21:10:09	53.0	52.0	22.0779
11/17/2017 21:10:20	53.0	53.0	21.8509
11/17/2017 21:10:31	58.0	56.0	13.0208
11/17/2017 21:10:42	55.0	54.0	13.6126
11/17/2017 21:10:53	53.0	53.0	18.75
11/17/2017 21:11:04	51.0	51.0	17.801
11/17/2017 21:11:15	51.0	50.0	17.1875
11/17/2017 21:11:26	49.0	49.0	17.9688
11/17/2017 21:11:37	49.0	49.0	17.4935
11/17/2017 21:11:48	49.0	49.0	18.0157
11/17/2017 21:11:59	49.0	48.0	19.0601
11/17/2017 21:12:10	49.0	47.0	20.9845
11/17/2017 21:12:21	48.0	47.0	17.6166
11/17/2017 21:12:32	48.0	47.0	15.7068
11/17/2017 21:12:43	50.0	50.0	12.0419
11/17/2017 21:12:54	51.0	51.0	14.3229
11/17/2017 21:13:05	51.0	52.0	12.7937
11/17/2017 21:13:16	53.0	53.0	12.987
11/17/2017 21:13:28	54.0	54.0	13.7306
11/17/2017 21:13:39	55.0	54.0	13.2124
11/17/2017 21:13:50	55.0	55.0	13.0208
11/17/2017 21:14:01	56.0	55.0	12.9534
11/17/2017 21:14:12	57.0	56.0	13.2468
11/17/2017 21:14:23	55.0	55.0	13.4021
11/17/2017 21:14:34	53.0	53.0	14.026
11/17/2017 21:14:45	50.0	51.0	14.3603
11/17/2017 21:14:56	50.0	50.0	16.3636
11/17/2017 21:15:07	49.0	49.0	21.039
11/17/2017 21:15:18	49.0	48.0	15.9686
11/17/2017 21:15:29	48.0	48.0	18.9119
11/17/2017 21:15:40	48.0	48.0	17.1875
11/17/2017 21:15:51	48.0	48.0	18.5864
11/17/2017 21:16:02	48.0	47.0	18.75
11/17/2017 21:16:13	47.0	46.0	18.7013
11/17/2017 21:16:24	47.0	46.0	17.5258
11/17/2017 21:16:35	49.0	48.0	18.0879
11/17/2017 21:16:46	52.0	50.0	18.4896
11/17/2017 21:16:57	53.0	52.0	18.3463
11/17/2017 21:17:08	54.0	53.0	19.8454
11/17/2017 21:17:19	57.0	56.0	19.3798
11/17/2017 21:17:30	57.0	56.0	20.1044
11/17/2017 21:17:41	55.0	54.0	17.6623
11/17/2017 21:17:52	53.0	52.0	18.7013
11/17/2017 21:18:03	51.0	51.0	19.4805
11/17/2017 21:18:14	50.0	50.0	17.8756
11/17/2017 21:18:25	50.0	49.0	19.171
11/17/2017 21:18:36	50.0	49.0	18.4896
11/17/2017 21:18:47	49.0	48.0	18.8144
11/17/2017 21:18:58	48.0	48.0	17.1875
11/17/2017 21:19:09	48.0	47.0	17.8295
11/17/2017 21:19:20	48.0	46.0	20.4134
11/17/2017 21:19:31	47.0	47.0	18.5567
11/17/2017 21:19:42	48.0	47.0	15.625
11/17/2017 21:19:53	48.0	47.0	19.5876
11/17/2017 21:20:05	48.0	47.0	18.4416
11/17/2017 21:20:16	47.0	47.0	17.8295
11/17/2017 21:20:27	47.0	47.0	17.8756
11/17/2017 21:20:38	49.0	47.0	20.1031
11/17/2017 21:20:49	51.0	50.0	18.6701
11/17/2017 21:21:00	52.0	52.0	18.863
11/17/2017 21:21:11	53.0	53.0	17.8756
11/17/2017 21:21:22	55.0	54.0	18.299
11/17/2017 21:21:33	56.0	55.0	20.5729
11/17/2017 21:21:44	58.0	57.0	18.9119
11/17/2017 21:21:55	55.0	54.0	19.1214
11/17/2017 21:22:06	53.0	52.0	18.299
11/17/2017 21:22:17	51.0	51.0	20.155
11/17/2017 21:22:28	51.0	50.0	19.6891
11/17/2017 21:22:39	50.0	49.0	17.4807
11/17/2017 21:22:50	50.0	49.0	20.3085
11/17/2017 21:23:01	49.0	48.0	19.8454
11/17/2017 21:23:12	48.0	48.0	18.5567
11/17/2017 21:23:23	48.0	48.0	15.3646
11/17/2017 21:23:34	48.0	47.0	16.0622
11/17/2017 21:23:45	47.0	47.0	15.0259
11/17/2017 21:23:56	48.0	47.0	15.544
11/17/2017 21:24:07	50.0	49.0	13.8381
11/17/2017 21:24:18	51.0	51.0	14.1388
11/17/2017 21:24:29	52.0	52.0	15.5039
11/17/2017 21:24:40	53.0	53.0	13.6598
11/17/2017 21:24:51	54.0	54.0	13.4367
11/17/2017 21:25:02	55.0	54.0	13.7306
11/17/2017 21:25:13	56.0	55.0	13.3676
11/17/2017 21:25:24	56.0	56.0	13.4715
11/17/2017 21:25:35	56.0	54.0	15.641
11/17/2017 21:25:46	53.0	53.0	18.9744
11/17/2017 21:25:57	51.0	51.0	18.3673
11/17/2017 21:26:08	51.0	51.0	17.9949
11/17/2017 21:26:19	50.0	50.0	16.0714
11/17/2017 21:26:30	51.0	50.0	20.2564
11/17/2017 21:26:42	49.0	48.0	21.1196
11/17/2017 21:26:53	49.0	48.0	17.602
11/17/2017 21:27:04	48.0	48.0	18.7817
11/17/2017 21:27:15	49.0	48.0	18.4615
11/17/2017 21:27:26	49.0	48.0	18.1586
11/17/2017 21:27:37	48.0	47.0	20.4082
11/17/2017 21:27:48	48.0	48.0	21.0256
11/17/2017 21:27:59	48.0	47.0	18.8776
11/17/2017 21:28:10	48.0	48.0	18.3206
11/17/2017 21:28:21	48.0	47.0	17.4807
11/17/2017 21:28:32	48.0	48.0	19.9488
11/17/2017 21:28:43	50.0	50.0	19.6931
11/17/2017 21:28:54	52.0	52.0	18.9258
11/17/2017 21:29:05	53.0	53.0	20.8651
11/17/2017 21:29:16	55.0	54.0	20
11/17/2017 21:29:27	56.0	55.0	18.7817
11/17/2017 21:29:38	56.0	55.0	18.0203
11/17/2017 21:29:49	56.0	55.0	21.066
11/17/2017 21:30:00	53.0	53.0	20.802
11/17/2017 21:30:11	52.0	53.0	19.403
11/17/2017 21:30:22	50.0	51.0	21.3198
11/17/2017 21:30:33	50.0	50.0	21.5347
11/17/2017 21:30:44	49.0	48.0	21.1735
11/17/2017 21:30:55	49.0	48.0	21.6625
11/17/2017 21:31:06	49.0	48.0	21.7822
11/17/2017 21:31:17	49.0	48.0	19.8992
11/17/2017 21:31:28	48.0	48.0	20.3474
11/17/2017 21:31:39	49.0	47.0	22.2772
11/17/2017 21:31:50	48.0	47.0	20.6388
11/17/2017 21:32:01	48.0	48.0	19.9005
11/17/2017 21:32:12	48.0	47.0	22.0049
11/17/2017 21:32:23	48.0	48.0	22.4638
11/17/2017 21:32:34	48.0	47.0	21.9451
11/17/2017 21:32:45	48.0	47.0	22.0297
11/17/2017 21:32:56	48.0	47.0	21.4634
11/17/2017 21:33:07	50.0	50.0	22.276
11/17/2017 21:33:18	51.0	51.0	23.8443
11/17/2017 21:33:29	53.0	52.0	23.0769
11/17/2017 21:33:40	54.0	53.0	24.105
11/17/2017 21:33:51	55.0	54.0	23.7288
11/17/2017 21:34:02	56.0	56.0	24.0876
11/17/2017 21:34:14	56.0	55.0	23.1884
11/17/2017 21:34:25	54.0	54.0	22.9117
11/17/2017 21:34:36	52.0	52.0	22.4638
11/17/2017 21:34:47	51.0	51.0	23.2843
11/17/2017 21:34:58	50.0	50.0	24.1975
11/17/2017 21:35:09	51.0	50.0	24.1546
11/17/2017 21:35:20	49.0	49.0	23.0952
11/17/2017 21:35:31	49.0	49.0	23.8663
11/17/2017 21:35:42	49.0	48.0	23.1527
11/17/2017 21:35:53	48.0	48.0	25.7212
11/17/2017 21:36:04	48.0	47.0	23.9234
11/17/2017 21:36:15	49.0	48.0	23.9609
11/17/2017 21:36:26	49.0	47.0	24.5238
11/17/2017 21:36:37	49.0	48.0	24.3373
11/17/2017 21:36:48	48.0	47.0	22.7818
11/17/2017 21:36:59	48.0	47.0	23.1884
11/17/2017 21:37:10	49.0	48.0	26.3923
11/17/2017 21:37:21	50.0	49.0	26.1176
11/17/2017 21:37:32	50.0	50.0	25.2955
11/17/2017 21:37:43	50.0	50.0	25.908
11/17/2017 21:37:54	51.0	50.0	25.7143
11/17/2017 21:38:05	51.0	50.0	26.1501
11/17/2017 21:38:16	51.0	50.0	26.6187
11/17/2017 21:38:27	51.0	51.0	24.2054
11/17/2017 21:38:38	51.0	49.0	24.4019
11/17/2017 21:38:49	50.0	50.0	23.6145
11/17/2017 21:39:00	50.0	49.0	26.6827
11/17/2017 21:39:11	51.0	50.0	26.0766
11/17/2017 21:39:22	51.0	51.0	27.0531
11/17/2017 21:39:33	51.0	50.0	24.4604
11/17/2017 21:39:44	51.0	51.0	26.2019
11/17/2017 21:39:55	52.0	50.0	25.6532
11/17/2017 21:40:06	51.0	50.0	19.802
11/17/2017 21:40:17	48.0	48.0	25
11/17/2017 21:40:28	49.0	48.0	26.3658
11/17/2017 21:40:39	49.0	48.0	22.3844
11/17/2017 21:40:50	48.0	48.0	17.1717
11/17/2017 21:41:01	48.0	46.0	22.9829
11/17/2017 21:41:12	48.0	47.0	24.0876
11/17/2017 21:41:23	47.0	47.0	22.6601
11/17/2017 21:41:34	49.0	49.0	21.5686
11/17/2017 21:41:45	51.0	50.0	19.3548
11/17/2017 21:41:56	52.0	51.0	22.3587
11/17/2017 21:42:07	53.0	53.0	22.1411
11/17/2017 21:42:19	54.0	54.0	22.3881
11/17/2017 21:42:30	55.0	55.0	22.3587
11/17/2017 21:42:41	57.0	55.0	23.8213
11/17/2017 21:42:52	55.0	55.0	19.5545
11/17/2017 21:43:03	53.0	53.0	21.9451
11/17/2017 21:43:14	51.0	51.0	20.8543
11/17/2017 21:43:25	51.0	51.0	23.6585
11/17/2017 21:43:36	50.0	49.0	22.963
11/17/2017 21:43:47	49.0	48.0	23.4146
11/17/2017 21:43:58	48.0	48.0	22.8501
11/17/2017 21:44:09	48.0	48.0	22.2772
11/17/2017 21:44:20	48.0	47.0	21.3033
11/17/2017 21:44:31	48.0	47.0	23.399
11/17/2017 21:44:42	48.0	46.0	21.1679
11/17/2017 21:44:53	49.0	49.0	18.481
11/17/2017 21:45:04	51.0	51.0	21.0396
11/17/2017 21:45:15	52.0	53.0	22.9064
11/17/2017 21:45:26	54.0	54.0	22.716
11/17/2017 21:45:37	55.0	54.0	21.1587
11/17/2017 21:45:48	57.0	56.0	20.202
11/17/2017 21:45:59	55.0	54.0	21.0918
11/17/2017 21:46:10	54.0	53.0	19.7007
11/17/2017 21:46:21	52.0	51.0	21.6418
11/17/2017 21:46:32	51.0	50.0	22.4138
11/17/2017 21:46:43	49.0	48.0	22.5806
11/17/2017 21:46:54	49.0	48.0	24.3243
11/17/2017 21:47:05	48.0	48.0	23.1527
11/17/2017 21:47:16	49.0	47.0	23.8916
11/17/2017 21:47:27	48.0	47.0	24.6305
11/17/2017 21:47:38	49.0	49.0	20.1493
11/17/2017 21:47:49	51.0	51.0	21.3235
11/17/2017 21:48:00	52.0	53.0	25.6659
11/17/2017 21:48:11	54.0	53.0	24.2718
11/17/2017 21:48:22	55.0	54.0	22.3587
11/17/2017 21:48:33	56.0	55.0	21.1823
11/17/2017 21:48:44	57.0	56.0	21.9512
11/17/2017 21:48:55	55.0	54.0	22.1675
11/17/2017 21:49:06	53.0	53.0	22.5806
11/17/2017 21:49:17	51.0	51.0	22.2772
11/17/2017 21:49:28	50.0	50.0	22.3587
11/17/2017 21:49:40	49.0	48.0	23.7037
11/17/2017 21:49:51	49.0	48.0	21.8137
11/17/2017 21:50:02	48.0	48.0	21.8978
11/17/2017 21:50:13	48.0	47.0	20.297
11/17/2017 21:50:24	47.0	47.0	21.34
11/17/2017 21:50:35	49.0	49.0	23.2673
11/17/2017 21:50:46	51.0	51.0	20.4433
11/17/2017 21:50:57	53.0	53.0	21.1302
11/17/2017 21:51:08	54.0	54.0	22.7723
11/17/2017 21:51:19	55.0	54.0	22.9426
11/17/2017 21:51:30	56.0	55.0	19.7995
11/17/2017 21:51:41	56.0	56.0	20.25
11/17/2017 21:51:52	54.0	53.0	21.1587
11/17/2017 21:52:03	51.0	51.0	20.5379
11/17/2017 21:52:14	51.0	50.0	19.403
11/17/2017 21:52:25	50.0	49.0	21.3033
11/17/2017 21:52:36	48.0	48.0	20.5063
11/17/2017 21:52:47	48.0	48.0	19.7007
11/17/2017 21:52:58	47.0	47.0	21.374
11/17/2017 21:53:09	50.0	49.0	20.3046
11/17/2017 21:53:20	51.0	51.0	19.6474
11/17/2017 21:53:31	53.0	52.0	20.3046
11/17/2017 21:53:42	54.0	54.0	20.2564
11/17/2017 21:53:53	55.0	54.0	18.7661
11/17/2017 21:54:04	56.0	55.0	18.4143
11/17/2017 21:54:15	57.0	56.0	17.5711
11/17/2017 21:54:26	55.0	54.0	16.6234
11/17/2017 21:54:37	52.0	52.0	18.8976
11/17/2017 21:54:48	51.0	51.0	17.0543
11/17/2017 21:54:59	50.0	49.0	16.4921
11/17/2017 21:55:10	49.0	48.0	16.9271
11/17/2017 21:55:21	48.0	48.0	15.8311
11/17/2017 21:55:32	48.0	47.0	15.2231
11/17/2017 21:55:43	48.0	48.0	18.3246
11/17/2017 21:55:54	48.0	48.0	16.4491
11/17/2017 21:56:05	50.0	51.0	18.1102
11/17/2017 21:56:16	51.0	51.0	18.4697
11/17/2017 21:56:27	53.0	53.0	16.5354
11/17/2017 21:56:38	54.0	53.0	16.188
11/17/2017 21:56:49	56.0	55.0	16.7979
11/17/2017 21:57:01	57.0	56.0	17.942
11/17/2017 21:57:12	55.0	54.0	18.2768
11/17/2017 21:57:23	52.0	52.0	18.1102
11/17/2017 21:57:34	51.0	50.0	17.801
11/17/2017 21:57:45	50.0	50.0	15.9686
11/17/2017 21:57:56	49.0	48.0	17.5393
11/17/2017 21:58:07	49.0	48.0	17.7546
11/17/2017 21:58:18	48.0	47.0	18.6842
11/17/2017 21:58:29	48.0	47.0	18.4697
11/17/2017 21:58:40	50.0	48.0	18.2058
11/17/2017 21:58:51	51.0	51.0	16.0105
11/17/2017 21:59:02	53.0	52.0	16.188
11/17/2017 21:59:13	54.0	54.0	18.3727
11/17/2017 21:59:24	55.0	56.0	15.9686
11/17/2017 21:59:35	56.0	55.0	16.7979
11/17/2017 21:59:46	56.0	55.0	16.8394
11/17/2017 21:59:57	54.0	53.0	17.8478
11/17/2017 22:00:08	51.0	51.0	16.4921
11/17/2017 22:00:19	50.0	51.0	17.7083
11/17/2017 22:00:30	49.0	49.0	17.6316
11/17/2017 22:00:41	49.0	48.0	17.7083
11/17/2017 22:00:52	48.0	48.0	19.4737
11/17/2017 22:01:03	48.0	46.0	17.8478
11/17/2017 22:01:14	47.0	47.0	15.7754
11/17/2017 22:01:25	53.0	51.0	16.6667
11/17/2017 22:01:36	51.0	51.0	18.3727
11/17/2017 22:01:47	53.0	53.0	16.4921
11/17/2017 22:01:58	54.0	53.0	17.801
11/17/2017 22:02:09	55.0	55.0	16.273
11/17/2017 22:02:20	56.0	56.0	17.801
11/17/2017 22:02:31	55.0	54.0	17.8478
11/17/2017 22:02:42	54.0	53.0	18.4211
11/17/2017 22:02:53	51.0	51.0	16.9713
11/17/2017 22:03:04	51.0	50.0	16.0622
11/17/2017 22:03:15	49.0	50.0	17.0157
11/17/2017 22:03:26	49.0	48.0	16.7979
11/17/2017 22:03:37	48.0	47.0	16.273
11/17/2017 22:03:48	48.0	47.0	18.1102
11/17/2017 22:03:59	48.0	47.0	18.1579
11/17/2017 22:04:10	50.0	50.0	15.6658
11/17/2017 22:04:22	51.0	51.0	16.5354
11/17/2017 22:04:33	53.0	52.0	15.8854
11/17/2017 22:04:44	54.0	54.0	15.9686
11/17/2017 22:04:55	55.0	54.0	19.5822
11/17/2017 22:05:06	56.0	55.0	18.8482
11/17/2017 22:05:17	54.0	54.0	16.4491
11/17/2017 22:05:28	52.0	52.0	17.0157
11/17/2017 22:05:39	51.0	50.0	16.273
11/17/2017 22:05:50	50.0	49.0	18.2768
11/17/2017 22:06:01	49.0	49.0	17.2775
11/17/2017 22:06:12	49.0	48.0	16.4921
11/17/2017 22:06:23	48.0	48.0	17.6316
11/17/2017 22:06:34	48.0	47.0	17.5393
11/17/2017 22:06:45	47.0	47.0	16.095
11/17/2017 22:06:56	47.0	47.0	17.7835
11/17/2017 22:07:07	50.0	49.0	18.1579
11/17/2017 22:07:18	51.0	51.0	15.8854
11/17/2017 22:07:29	52.0	53.0	15.7068
11/17/2017 22:07:40	54.0	53.0	17.0543
11/17/2017 22:07:51	54.0	54.0	15.1042
11/17/2017 22:08:02	56.0	55.0	17.0604
11/17/2017 22:08:13	57.0	56.0	16.188
11/17/2017 22:08:24	55.0	54.0	18.0157
11/17/2017 22:08:35	52.0	52.0	17.4026
11/17/2017 22:08:46	53.0	51.0	17.7546
11/17/2017 22:08:57	50.0	50.0	16.2304
11/17/2017 22:09:08	50.0	49.0	18.0628
11/17/2017 22:09:19	49.0	48.0	17.7546
11/17/2017 22:09:30	49.0	47.0	18.3727
11/17/2017 22:09:41	48.0	47.0	18.0157
11/17/2017 22:09:52	48.0	47.0	19.1601
11/17/2017 22:10:03	48.0	47.0	16.9271
11/17/2017 22:10:14	48.0	47.0	15.445
11/17/2017 22:10:25	49.0	48.0	16.5354
11/17/2017 22:10:36	50.0	50.0	16.4062
11/17/2017 22:10:47	52.0	51.0	17.1053
11/17/2017 22:10:58	54.0	53.0	17.5393
11/17/2017 22:11:09	55.0	53.0	17.4935
11/17/2017 22:11:20	56.0	54.0	16.4491
11/17/2017 22:11:31	57.0	56.0	17.4479
11/17/2017 22:11:43	54.0	53.0	17.8947
11/17/2017 22:11:54	53.0	52.0	16.3158
11/17/2017 22:12:05	51.0	50.0	16.6227
11/17/2017 22:12:16	50.0	49.0	16.273
11/17/2017 22:12:27	50.0	48.0	16.3158
11/17/2017 22:12:38	49.0	48.0	17.7546
11/17/2017 22:12:49	49.0	47.0	17.2775
11/17/2017 22:13:00	48.0	47.0	15.4856
11/17/2017 22:13:11	47.0	47.0	15.5263
11/17/2017 22:13:22	48.0	47.0	18.2768
11/17/2017 22:13:33	50.0	50.0	17.0604
11/17/2017 22:13:44	51.0	51.0	14.6982
11/17/2017 22:13:55	53.0	53.0	17.3228
11/17/2017 22:14:06	54.0	53.0	19.3717
11/17/2017 22:14:17	55.0	54.0	15.6499
11/17/2017 22:14:28	57.0	55.0	16.273
11/17/2017 22:14:39	55.0	54.0	18.3246
11/17/2017 22:14:50	53.0	52.0	17.5393
11/17/2017 22:15:01	52.0	51.0	18.863
11/17/2017 22:15:12	53.0	51.0	20.6718
11/17/2017 22:15:23	52.0	51.0	19.4872
11/17/2017 22:15:34	52.0	51.0	18.6528
11/17/2017 22:15:45	51.0	50.0	19.8966
11/17/2017 22:15:56	51.0	50.0	18.863
11/17/2017 22:16:07	52.0	50.0	19.6382
11/17/2017 22:16:18	50.0	49.0	19.2308
11/17/2017 22:16:29	51.0	50.0	14.7368
11/17/2017 22:16:40	49.0	48.0	18.799
11/17/2017 22:16:51	49.0	48.0	16.2304
11/17/2017 22:17:02	48.0	47.0	18.0157
11/17/2017 22:17:13	48.0	47.0	19.3211
11/17/2017 22:17:24	48.0	47.0	18.5379
11/17/2017 22:17:35	49.0	47.0	19.9475
11/17/2017 22:17:46	49.0	49.0	17.1053
11/17/2017 22:17:57	51.0	51.0	14.1361
11/17/2017 22:18:08	53.0	53.0	18.4697
11/17/2017 22:18:19	54.0	53.0	16.6234
11/17/2017 22:18:30	57.0	55.0	17.4935
11/17/2017 22:18:41	57.0	55.0	16.3212
11/17/2017 22:18:52	56.0	55.0	15.6658
11/17/2017 22:19:03	53.0	53.0	20.21
11/17/2017 22:19:14	51.0	51.0	18.2292
11/17/2017 22:19:25	50.0	50.0	17.3684
11/17/2017 22:19:37	50.0	49.0	16.3636
11/17/2017 22:19:48	49.0	48.0	16.8394
11/17/2017 22:19:59	49.0	47.0	15.3646
11/17/2017 22:20:10	48.0	47.0	17.2775
11/17/2017 22:20:21	47.0	46.0	16.7979
11/17/2017 22:20:32	48.0	47.0	16.7979
11/17/2017 22:20:43	50.0	49.0	16.9713
11/17/2017 22:20:54	51.0	51.0	15.9686
11/17/2017 22:21:05	52.0	52.0	17.0604
11/17/2017 22:21:16	54.0	53.0	15.3247
11/17/2017 22:21:27	55.0	54.0	17.1875
11/17/2017 22:21:38	56.0	55.0	17.4479
11/17/2017 22:21:49	55.0	54.0	18.1579
11/17/2017 22:22:00	52.0	52.0	19.2708
11/17/2017 22:22:11	51.0	51.0	16.5789
11/17/2017 22:22:22	50.0	50.0	17.4935
11/17/2017 22:22:33	50.0	48.0	15.9269
11/17/2017 22:22:44	50.0	49.0	17.4935
11/17/2017 22:22:55	49.0	48.0	18.5379
11/17/2017 22:23:06	48.0	47.0	17.5853
11/17/2017 22:23:17	48.0	47.0	16.8831
11/17/2017 22:23:28	47.0	46.0	15.9269
11/17/2017 22:23:39	48.0	47.0	16.5354
11/17/2017 22:23:50	49.0	48.0	16.188
11/17/2017 22:24:01	51.0	51.0	17.4479
11/17/2017 22:24:12	53.0	52.0	15.1832
11/17/2017 22:24:23	53.0	53.0	16.6667
11/17/2017 22:24:34	55.0	54.0	16.3636
11/17/2017 22:24:45	56.0	55.0	17.801
11/17/2017 22:24:56	57.0	56.0	17.2775
11/17/2017 22:25:07	55.0	54.0	16.0207
11/17/2017 22:25:18	54.0	52.0	17.7546
11/17/2017 22:25:29	52.0	51.0	15.7068
11/17/2017 22:25:40	51.0	50.0	18.75
11/17/2017 22:25:51	49.0	49.0	16.7102
11/17/2017 22:26:02	50.0	48.0	17.6623
11/17/2017 22:26:13	49.0	48.0	17.3127
11/17/2017 22:26:24	49.0	48.0	17.4142
11/17/2017 22:26:35	48.0	48.0	18.0628
11/17/2017 22:26:46	49.0	48.0	17.8756
11/17/2017 22:26:58	50.0	49.0	21.3918
11/17/2017 22:27:09	49.0	48.0	18.2519
11/17/2017 22:27:20	51.0	50.0	18.961
11/17/2017 22:27:31	50.0	48.0	18.6047
11/17/2017 22:27:42	50.0	49.0	20.3125
11/17/2017 22:27:53	51.0	49.0	20.3085
11/17/2017 22:28:04	50.0	49.0	20.3655
11/17/2017 22:28:15	50.0	50.0	19.6335
11/17/2017 22:28:26	51.0	49.0	19.0722
11/17/2017 22:28:37	50.0	49.0	20.2073
11/17/2017 22:28:48	51.0	50.0	20.2597
11/17/2017 22:28:59	51.0	49.0	19.3798
11/17/2017 22:29:10	51.0	50.0	19.5312
11/17/2017 22:29:21	51.0	49.0	18.3463
11/17/2017 22:29:32	51.0	50.0	20.5195
11/17/2017 22:29:43	50.0	48.0	19.3798
11/17/2017 22:29:54	50.0	49.0	20.1031
11/17/2017 22:30:05	50.0	49.0	20.5656
11/17/2017 22:30:16	50.0	49.0	16.8831
11/17/2017 22:30:27	51.0	50.0	22.7979
11/17/2017 22:30:38	50.0	48.0	19.8454
11/17/2017 22:30:49	51.0	49.0	20.2564
11/17/2017 22:31:00	50.0	49.0	17.6166
11/17/2017 22:31:11	51.0	49.0	20.0514
11/17/2017 22:31:22	50.0	49.0	23.4536
11/17/2017 22:31:33	49.0	48.0	17.4479
11/17/2017 22:31:44	51.0	49.0	18.7179
11/17/2017 22:31:55	50.0	49.0	20.5195
11/17/2017 22:32:06	50.0	48.0	18.8144
11/17/2017 22:32:17	50.0	49.0	20.9302
11/17/2017 22:32:28	50.0	50.0	20.2073
11/17/2017 22:32:39	50.0	48.0	17.6623
11/17/2017 22:32:50	50.0	48.0	20.3608
11/17/2017 22:33:01	50.0	50.0	14.0212
11/17/2017 22:33:12	47.0	47.0	13.7203
11/17/2017 22:33:23	48.0	47.0	13.9474
11/17/2017 22:33:34	49.0	48.0	12.6649
11/17/2017 22:33:45	50.0	50.0	12.8609
11/17/2017 22:33:56	52.0	51.0	12.336
11/17/2017 22:34:07	53.0	53.0	13.2812
11/17/2017 22:34:18	53.0	53.0	14.5833
11/17/2017 22:34:29	55.0	54.0	18.4211
11/17/2017 22:34:40	56.0	55.0	21.2435
11/17/2017 22:34:51	58.0	56.0	20.2597
11/17/2017 22:35:02	55.0	54.0	21.6495
11/17/2017 22:35:13	55.0	54.0	18.509
11/17/2017 22:35:24	54.0	53.0	19.1214
11/17/2017 22:35:35	53.0	53.0	22.2798
11/17/2017 22:35:46	52.0	50.0	19.5373
11/17/2017 22:35:57	51.0	50.0	21.447
11/17/2017 22:36:09	51.0	50.0	23.057
11/17/2017 22:36:20	51.0	51.0	19.3798
11/17/2017 22:36:31	51.0	51.0	17.4935
11/17/2017 22:36:42	50.0	49.0	20.9302
11/17/2017 22:36:53	51.0	50.0	17.8295
11/17/2017 22:37:04	51.0	50.0	19.171
11/17/2017 22:37:15	50.0	51.0	18.6528
11/17/2017 22:37:26	51.0	50.0	19.1214
11/17/2017 22:37:37	50.0	49.0	19.2308
11/17/2017 22:37:48	51.0	50.0	21.6495
11/17/2017 22:37:59	51.0	50.0	18.9119
11/17/2017 22:38:10	51.0	50.0	20.6718
11/17/2017 22:38:21	51.0	50.0	20.1031
11/17/2017 22:38:32	51.0	50.0	20.2073
11/17/2017 22:38:43	51.0	50.0	19.7403
11/17/2017 22:38:54	50.0	49.0	18.961
11/17/2017 22:39:05	50.0	50.0	18.6528
11/17/2017 22:39:16	50.0	49.0	19.5876
11/17/2017 22:39:27	51.0	50.0	19.6382
11/17/2017 22:39:38	50.0	50.0	19.4805
11/17/2017 22:39:49	51.0	50.0	18.0412
11/17/2017 22:40:00	50.0	50.0	19.8454
11/17/2017 22:40:11	52.0	50.0	18.863
11/17/2017 22:40:22	51.0	50.0	19.6382
11/17/2017 22:40:33	51.0	50.0	23.5751
11/17/2017 22:40:44	50.0	49.0	18.863
11/17/2017 22:40:55	50.0	50.0	21.1886
11/17/2017 22:41:06	51.0	50.0	20.4134
11/17/2017 22:41:17	51.0	51.0	18.3938
11/17/2017 22:41:28	50.0	50.0	21.0938
11/17/2017 22:41:39	50.0	50.0	17.9688
11/17/2017 22:41:50	50.0	50.0	20.9845
11/17/2017 22:42:01	50.0	50.0	18.3463
11/17/2017 22:42:12	51.0	51.0	18.1347
11/17/2017 22:42:23	51.0	50.0	19.8454
11/17/2017 22:42:34	50.0	50.0	19.1214
11/17/2017 22:42:45	51.0	50.0	20.5656
11/17/2017 22:42:56	51.0	51.0	17.5711
11/17/2017 22:43:07	51.0	50.0	18.75
11/17/2017 22:43:18	50.0	50.0	18.3938
11/17/2017 22:43:29	50.0	49.0	20.9302
11/17/2017 22:43:40	50.0	50.0	19.1214
11/17/2017 22:43:51	50.0	50.0	18.1818
11/17/2017 22:44:02	50.0	48.0	18.299
11/17/2017 22:44:13	50.0	49.0	18.863
11/17/2017 22:44:24	50.0	49.0	18.4416
11/17/2017 22:44:35	50.0	49.0	20.4134
11/17/2017 22:44:46	50.0	49.0	13.9842
11/17/2017 22:44:57	48.0	48.0	14.4737
11/17/2017 22:45:08	47.0	47.0	12.963
11/17/2017 22:45:19	49.0	48.0	18.0108
11/17/2017 22:45:30	51.0	50.0	5.52632
11/17/2017 22:45:41	53.0	52.0	1.00503
11/17/2017 22:45:52	51.0	51.0	0.252525
11/17/2017 22:46:04	51.0	51.0	0.252525
11/17/2017 22:46:15	51.0	51.0	0.755668
11/17/2017 22:46:26	52.0	51.0	0.503778
11/17/2017 22:46:37	52.0	51.0	0.251889
11/17/2017 22:46:48	52.0	51.0	0.757576
11/17/2017 22:46:59	51.0	51.0	1.25628
11/17/2017 22:47:10	51.0	51.0	0.251889
11/17/2017 22:47:21	51.0	50.0	1.26263
11/17/2017 22:47:32	51.0	50.0	0.251889
11/17/2017 22:47:43	51.0	51.0	0.252525
11/17/2017 22:47:54	51.0	51.0	14.9296
