01/24/2018 21:04:41	57.0	55.0	10.3797
01/24/2018 21:04:52	52.0	52.0	17.77
01/24/2018 21:05:03	53.0	53.0	13.8743
01/24/2018 21:05:14	51.0	50.0	14.0992
01/24/2018 21:05:25	49.0	48.0	13.6842
01/24/2018 21:05:36	48.0	48.0	14.4357
01/24/2018 21:05:47	47.0	47.0	14.3979
01/24/2018 21:05:58	49.0	48.0	14.1732
01/24/2018 21:06:10	50.0	50.0	13.7566
01/24/2018 21:06:21	51.0	51.0	17.4479
01/24/2018 21:06:32	52.0	53.0	12.336
01/24/2018 21:06:43	53.0	53.0	12.8272
01/24/2018 21:06:54	54.0	54.0	13.2812
01/24/2018 21:07:05	55.0	55.0	13.3858
01/24/2018 21:07:16	56.0	55.0	13.2468
01/24/2018 21:07:27	56.0	56.0	12.336
01/24/2018 21:07:38	56.0	56.0	12.3037
01/24/2018 21:07:49	53.0	53.0	14.1732
01/24/2018 21:08:00	51.0	52.0	15.3646
01/24/2018 21:08:11	51.0	51.0	17.4935
01/24/2018 21:08:22	50.0	50.0	18.4896
01/24/2018 21:08:33	49.0	49.0	20.5729
01/24/2018 21:08:44	49.0	48.0	18.4416
01/24/2018 21:08:55	48.0	48.0	17.7083
01/24/2018 21:09:06	48.0	48.0	36.4286
01/24/2018 21:09:18	53.0	50.0	25.4019
01/24/2018 21:09:29	48.0	48.0	18.1579
01/24/2018 21:09:40	49.0	47.0	19.0981
01/24/2018 21:09:51	48.0	47.0	20.3655
01/24/2018 21:10:02	48.0	47.0	20.1044
01/24/2018 21:10:13	48.0	48.0	21.2202
01/24/2018 21:10:24	48.0	47.0	17.8756
01/24/2018 21:10:35	48.0	48.0	17.8295
01/24/2018 21:10:46	47.0	47.0	17.8478
01/24/2018 21:10:57	48.0	48.0	18.799
01/24/2018 21:11:08	47.0	47.0	19.4226
01/24/2018 21:11:19	49.0	48.0	19.0104
01/24/2018 21:11:30	51.0	51.0	17.1875
01/24/2018 21:11:41	52.0	53.0	18.75
01/24/2018 21:11:52	54.0	54.0	20.4663
01/24/2018 21:12:03	56.0	55.0	16.8449
01/24/2018 21:12:14	57.0	56.0	17.7083
01/24/2018 21:12:25	55.0	55.0	20.3655
01/24/2018 21:12:36	53.0	53.0	17.4935
01/24/2018 21:12:47	54.0	53.0	18.4896
01/24/2018 21:12:59	50.0	50.0	20.7254
01/24/2018 21:13:10	50.0	51.0	18.3463
01/24/2018 21:13:21	50.0	50.0	18.3727
01/24/2018 21:13:32	49.0	50.0	19.4301
01/24/2018 21:13:43	49.0	50.0	18.5379
01/24/2018 21:13:54	49.0	49.0	18.961
01/24/2018 21:14:05	48.0	48.0	18.75
01/24/2018 21:14:16	48.0	48.0	18.0157
01/24/2018 21:14:27	48.0	48.0	19.6335
01/24/2018 21:14:38	48.0	48.0	16.6667
01/24/2018 21:14:49	48.0	48.0	19.6335
01/24/2018 21:15:00	48.0	48.0	20.4724
01/24/2018 21:15:11	48.0	47.0	19.1099
01/24/2018 21:15:22	48.0	48.0	19.3211
01/24/2018 21:15:33	47.0	48.0	19.0601
01/24/2018 21:15:44	48.0	48.0	17.1429
01/24/2018 21:15:55	48.0	48.0	18.1818
01/24/2018 21:16:06	48.0	48.0	20.1044
01/24/2018 21:16:17	50.0	51.0	18.961
01/24/2018 21:16:28	52.0	52.0	17.9221
01/24/2018 21:16:39	54.0	53.0	20.1044
01/24/2018 21:16:50	55.0	55.0	20.5263
01/24/2018 21:17:01	56.0	56.0	19.0476
01/24/2018 21:17:12	57.0	56.0	19.7403
01/24/2018 21:17:23	54.0	53.0	19.3211
01/24/2018 21:17:34	52.0	52.0	17.1504
01/24/2018 21:17:45	52.0	51.0	18.1347
01/24/2018 21:17:56	51.0	51.0	18.0628
01/24/2018 21:18:07	50.0	51.0	18.799
01/24/2018 21:18:18	50.0	50.0	17.9688
01/24/2018 21:18:29	49.0	50.0	17.4026
01/24/2018 21:18:40	49.0	48.0	19.3122
01/24/2018 21:18:51	49.0	48.0	18.6352
01/24/2018 21:19:02	48.0	48.0	17.7083
01/24/2018 21:19:13	49.0	48.0	19.2708
01/24/2018 21:19:24	49.0	48.0	18.0157
01/24/2018 21:19:35	49.0	48.0	19.7368
01/24/2018 21:19:46	49.0	48.0	20.2597
01/24/2018 21:19:58	48.0	48.0	18.4416
01/24/2018 21:20:09	49.0	47.0	17.0543
01/24/2018 21:20:20	49.0	48.0	18.3246
01/24/2018 21:20:31	48.0	48.0	20.5195
01/24/2018 21:20:42	48.0	48.0	18.75
01/24/2018 21:20:53	48.0	48.0	17.9688
01/24/2018 21:21:04	48.0	47.0	19.171
01/24/2018 21:21:15	47.0	47.0	16.4062
01/24/2018 21:21:26	49.0	48.0	18.0879
01/24/2018 21:21:37	50.0	51.0	18.1818
01/24/2018 21:21:48	53.0	53.0	19.5822
01/24/2018 21:21:59	54.0	54.0	18.299
01/24/2018 21:22:10	55.0	54.0	18.1102
01/24/2018 21:22:21	57.0	56.0	18.2292
01/24/2018 21:22:32	57.0	56.0	19.171
01/24/2018 21:22:43	55.0	54.0	19.3211
01/24/2018 21:22:54	53.0	53.0	17.1875
01/24/2018 21:23:05	52.0	52.0	20.4134
01/24/2018 21:23:16	51.0	51.0	19.171
01/24/2018 21:23:27	51.0	51.0	21.5584
01/24/2018 21:23:38	49.0	51.0	20.1571
01/24/2018 21:23:49	50.0	50.0	16.7102
01/24/2018 21:24:00	50.0	50.0	19.3211
01/24/2018 21:24:11	49.0	49.0	15.8442
01/24/2018 21:24:22	48.0	48.0	15.544
01/24/2018 21:24:33	47.0	48.0	18.0628
01/24/2018 21:24:44	48.0	47.0	15.3247
01/24/2018 21:24:55	47.0	47.0	17.5393
01/24/2018 21:25:06	49.0	49.0	16.1458
01/24/2018 21:25:17	51.0	51.0	14.026
01/24/2018 21:25:28	52.0	52.0	15.9794
01/24/2018 21:25:39	53.0	53.0	18.863
01/24/2018 21:25:50	55.0	54.0	19.7917
01/24/2018 21:26:01	56.0	55.0	19.2802
01/24/2018 21:26:12	57.0	57.0	20.7254
01/24/2018 21:26:23	55.0	54.0	18.8144
01/24/2018 21:26:35	53.0	53.0	18.509
01/24/2018 21:26:46	52.0	52.0	19.2208
01/24/2018 21:26:57	51.0	51.0	18.6528
01/24/2018 21:27:08	50.0	51.0	21.5938
01/24/2018 21:27:19	50.0	50.0	19.6891
01/24/2018 21:27:30	49.0	49.0	20.5656
01/24/2018 21:27:41	49.0	49.0	20.4663
01/24/2018 21:27:52	49.0	48.0	18.8144
01/24/2018 21:28:03	49.0	47.0	19.5929
01/24/2018 21:28:14	49.0	48.0	19.8966
01/24/2018 21:28:25	50.0	48.0	20.1531
01/24/2018 21:28:36	49.0	48.0	18.8295
01/24/2018 21:28:47	48.0	47.0	18.3206
01/24/2018 21:28:58	48.0	48.0	17.7835
01/24/2018 21:29:09	49.0	48.0	20.8226
01/24/2018 21:29:20	49.0	48.0	18.8144
01/24/2018 21:29:31	48.0	48.0	21.7949
01/24/2018 21:29:42	48.0	48.0	19.7436
01/24/2018 21:29:53	49.0	48.0	18.9744
01/24/2018 21:30:04	51.0	51.0	18.9873
01/24/2018 21:30:15	53.0	52.0	19.6429
01/24/2018 21:30:26	54.0	54.0	19.8473
01/24/2018 21:30:37	56.0	54.0	20.4082
01/24/2018 21:30:48	57.0	56.0	21.9144
01/24/2018 21:30:59	57.0	55.0	19.1919
01/24/2018 21:31:10	55.0	54.0	20.7595
01/24/2018 21:31:21	53.0	52.0	21
01/24/2018 21:31:32	51.0	51.0	19.3384
01/24/2018 21:31:43	51.0	51.0	20.603
01/24/2018 21:31:54	52.0	51.0	24.5
01/24/2018 21:32:05	52.0	51.0	24.9351
01/24/2018 21:32:16	50.0	50.0	24.7642
01/24/2018 21:32:28	50.0	50.0	23.8095
01/24/2018 21:32:39	50.0	50.0	22.3278
01/24/2018 21:32:50	49.0	48.0	23.6277
01/24/2018 21:33:01	48.0	48.0	22.67
01/24/2018 21:33:12	49.0	48.0	21.5539
01/24/2018 21:33:23	49.0	49.0	22.7848
01/24/2018 21:33:34	49.0	48.0	21.8045
01/24/2018 21:33:45	48.0	48.0	22.0844
01/24/2018 21:33:56	49.0	48.0	21.2121
01/24/2018 21:34:07	49.0	48.0	22.3844
01/24/2018 21:34:18	49.0	48.0	22.6044
01/24/2018 21:34:29	48.0	48.0	22.9426
01/24/2018 21:34:40	49.0	48.0	23.4568
01/24/2018 21:34:51	49.0	48.0	23.9506
01/24/2018 21:35:02	48.0	48.0	24.2574
01/24/2018 21:35:13	49.0	48.0	21.8137
01/24/2018 21:35:24	49.0	48.0	23.2673
01/24/2018 21:35:35	49.0	48.0	23.8443
01/24/2018 21:35:46	48.0	48.0	23.399
01/24/2018 21:35:57	48.0	48.0	22.5182
01/24/2018 21:36:08	49.0	48.0	24.3842
01/24/2018 21:36:20	48.0	47.0	21.3592
01/24/2018 21:36:31	48.0	47.0	21.7822
01/24/2018 21:36:42	48.0	48.0	24.2574
01/24/2018 21:36:53	48.0	48.0	23.2099
01/24/2018 21:37:04	49.0	47.0	25.1816
01/24/2018 21:37:15	49.0	48.0	27.1144
01/24/2018 21:37:26	50.0	48.0	25.7757
01/24/2018 21:37:37	48.0	47.0	22.3301
01/24/2018 21:37:48	47.0	47.0	21.3075
01/24/2018 21:37:59	49.0	49.0	25.5924
01/24/2018 21:38:10	51.0	51.0	24.5327
01/24/2018 21:38:21	52.0	51.0	24.0654
01/24/2018 21:38:32	53.0	53.0	22.9167
01/24/2018 21:38:43	54.0	54.0	22.5352
01/24/2018 21:38:54	55.0	55.0	22.1445
01/24/2018 21:39:05	57.0	56.0	24.5455
01/24/2018 21:39:16	57.0	56.0	23.0588
01/24/2018 21:39:27	54.0	54.0	19.603
01/24/2018 21:39:38	52.0	51.0	21.957
01/24/2018 21:39:49	51.0	51.0	21.5827
01/24/2018 21:40:00	50.0	49.0	20.936
01/24/2018 21:40:11	50.0	48.0	20.6388
01/24/2018 21:40:22	49.0	48.0	22.673
01/24/2018 21:40:33	49.0	49.0	23.3173
01/24/2018 21:40:44	49.0	49.0	22.8916
01/24/2018 21:40:55	49.0	48.0	26.2019
01/24/2018 21:41:06	50.0	48.0	25.7757
01/24/2018 21:41:17	49.0	48.0	27.619
01/24/2018 21:41:28	49.0	48.0	23.6842
01/24/2018 21:41:39	49.0	48.0	25.3012
01/24/2018 21:41:50	48.0	48.0	22.3301
01/24/2018 21:42:01	49.0	48.0	24.2131
01/24/2018 21:42:12	48.0	48.0	25
01/24/2018 21:42:23	49.0	48.0	20.4433
01/24/2018 21:42:35	47.0	46.0	22.0049
01/24/2018 21:42:46	47.0	47.0	18.75
01/24/2018 21:42:57	47.0	47.0	23.3577
01/24/2018 21:43:08	49.0	48.0	23.913
01/24/2018 21:43:19	48.0	47.0	24.6377
01/24/2018 21:43:30	48.0	48.0	22.0339
01/24/2018 21:43:41	49.0	48.0	23.3735
01/24/2018 21:43:52	49.0	47.0	25.6595
01/24/2018 21:44:03	48.0	47.0	25.6098
01/24/2018 21:44:14	48.0	47.0	23.6585
01/24/2018 21:44:25	48.0	48.0	25.5474
01/24/2018 21:44:36	49.0	48.0	24.5146
01/24/2018 21:44:47	49.0	48.0	21.9753
01/24/2018 21:44:58	48.0	48.0	25.3041
01/24/2018 21:45:09	47.0	48.0	21.0784
01/24/2018 21:45:20	48.0	47.0	22.3301
01/24/2018 21:45:31	48.0	48.0	24.8792
01/24/2018 21:45:42	48.0	48.0	20.6897
01/24/2018 21:45:53	48.0	47.0	24.1546
01/24/2018 21:46:04	48.0	48.0	26.57
01/24/2018 21:46:15	48.0	48.0	24.8792
01/24/2018 21:46:26	48.0	48.0	22.2494
01/24/2018 21:46:37	48.0	48.0	24.3373
01/24/2018 21:46:48	48.0	48.0	23.9024
01/24/2018 21:46:59	49.0	48.0	22.6277
01/24/2018 21:47:10	47.0	46.0	23.4146
01/24/2018 21:47:21	48.0	48.0	21.6216
01/24/2018 21:47:32	50.0	50.0	19.2593
01/24/2018 21:47:43	51.0	51.0	17.9104
01/24/2018 21:47:54	52.0	53.0	17.5743
01/24/2018 21:48:05	54.0	53.0	19.3627
01/24/2018 21:48:16	54.0	54.0	17.3267
01/24/2018 21:48:27	55.0	55.0	17.5743
01/24/2018 21:48:38	56.0	56.0	17.0426
01/24/2018 21:48:49	56.0	55.0	17.25
01/24/2018 21:49:00	53.0	53.0	17.3697
01/24/2018 21:49:12	51.0	51.0	18.2741
01/24/2018 21:49:23	50.0	50.0	17.7945
01/24/2018 21:49:34	49.0	50.0	17.0483
01/24/2018 21:49:45	49.0	49.0	17.8841
01/24/2018 21:49:56	48.0	48.0	16.8798
01/24/2018 21:50:07	48.0	48.0	17.7215
01/24/2018 21:50:18	48.0	47.0	17.4242
01/24/2018 21:50:29	48.0	47.0	16.624
01/24/2018 21:50:40	46.0	47.0	15.8974
01/24/2018 21:50:51	47.0	47.0	16.5394
01/24/2018 21:51:02	49.0	49.0	16.4141
01/24/2018 21:51:13	51.0	51.0	18.481
01/24/2018 21:51:24	52.0	53.0	15.3846
01/24/2018 21:51:35	54.0	54.0	14.7959
01/24/2018 21:51:46	55.0	55.0	15.641
01/24/2018 21:51:57	56.0	54.0	23.5294
01/24/2018 21:52:08	56.0	55.0	21.8362
01/24/2018 21:52:19	55.0	54.0	22.4439
01/24/2018 21:52:30	52.0	53.0	22.8501
01/24/2018 21:52:41	52.0	51.0	24.1294
01/24/2018 21:52:52	52.0	50.0	23.2274
01/24/2018 21:53:03	52.0	51.0	23.3415
01/24/2018 21:53:14	52.0	51.0	25.3071
01/24/2018 21:53:25	51.0	50.0	21.393
01/24/2018 21:53:36	50.0	49.0	21.2871
01/24/2018 21:53:47	50.0	48.0	22.9426
01/24/2018 21:53:58	49.0	49.0	21.6418
01/24/2018 21:54:09	49.0	48.0	13.2626
01/24/2018 21:54:20	48.0	48.0	14.248
01/24/2018 21:54:31	48.0	47.0	14.4737
01/24/2018 21:54:42	47.0	47.0	21.1735
01/24/2018 21:54:53	48.0	47.0	21.7949
01/24/2018 21:55:05	48.0	48.0	20.1531
01/24/2018 21:55:16	48.0	48.0	19.9482
01/24/2018 21:55:27	48.0	47.0	19.2208
01/24/2018 21:55:38	48.0	47.0	16.4948
01/24/2018 21:55:49	48.0	47.0	13.4921
01/24/2018 21:56:00	47.0	46.0	19.1601
01/24/2018 21:56:11	49.0	48.0	14.9606
01/24/2018 21:56:22	50.0	50.0	13.4211
01/24/2018 21:56:33	51.0	51.0	19.0601
01/24/2018 21:56:44	54.0	53.0	19.3717
01/24/2018 21:56:55	55.0	54.0	20.4724
01/24/2018 21:57:06	57.0	56.0	18.2768
01/24/2018 21:57:17	56.0	56.0	18.799
01/24/2018 21:57:28	55.0	54.0	16.9713
01/24/2018 21:57:39	52.0	52.0	19.1099
01/24/2018 21:57:50	51.0	51.0	18.0157
01/24/2018 21:58:01	51.0	51.0	18.8976
01/24/2018 21:58:12	51.0	51.0	17.801
01/24/2018 21:58:23	50.0	50.0	18.8482
01/24/2018 21:58:34	49.0	50.0	17.7546
01/24/2018 21:58:45	49.0	49.0	16.8394
01/24/2018 21:58:56	49.0	49.0	19.3211
01/24/2018 21:59:07	49.0	48.0	18.4896
01/24/2018 21:59:18	49.0	48.0	18.4416
01/24/2018 21:59:29	49.0	48.0	16.5789
01/24/2018 21:59:40	49.0	48.0	18.3246
01/24/2018 21:59:51	49.0	48.0	19.1601
01/24/2018 22:00:02	49.0	48.0	17.7546
01/24/2018 22:00:13	49.0	48.0	18.4416
01/24/2018 22:00:24	48.0	48.0	20.1044
01/24/2018 22:00:35	48.0	49.0	18.0628
01/24/2018 22:00:46	49.0	48.0	17.7546
01/24/2018 22:00:57	48.0	48.0	19.2708
01/24/2018 22:01:08	48.0	48.0	19.6335
01/24/2018 22:01:19	49.0	48.0	16.273
01/24/2018 22:01:30	48.0	48.0	19.4226
01/24/2018 22:01:41	48.0	48.0	18.799
01/24/2018 22:01:52	49.0	48.0	16.4062
01/24/2018 22:02:04	48.0	47.0	19.4737
01/24/2018 22:02:15	48.0	48.0	19.2708
01/24/2018 22:02:26	49.0	47.0	19.9482
01/24/2018 22:02:37	50.0	48.0	18.509
01/24/2018 22:02:48	50.0	48.0	22.3377
01/24/2018 22:02:59	50.0	50.0	19.171
01/24/2018 22:03:10	51.0	49.0	18.6047
01/24/2018 22:03:21	51.0	49.0	20
01/24/2018 22:03:32	50.0	49.0	18.4416
01/24/2018 22:03:43	51.0	50.0	19.6382
01/24/2018 22:03:54	52.0	51.0	20.5195
01/24/2018 22:04:05	51.0	50.0	17.3575
01/24/2018 22:04:16	52.0	51.0	20.6186
01/24/2018 22:04:27	50.0	50.0	17.9688
01/24/2018 22:04:38	52.0	51.0	17.9487
01/24/2018 22:04:49	53.0	51.0	21.2987
01/24/2018 22:05:00	53.0	51.0	18.3938
01/24/2018 22:05:11	52.0	51.0	18.863
01/24/2018 22:05:22	52.0	51.0	13.941
01/24/2018 22:05:33	49.0	48.0	18.3246
01/24/2018 22:05:44	50.0	50.0	16.7979
01/24/2018 22:05:55	50.0	48.0	19.1601
01/24/2018 22:06:06	50.0	50.0	18.4697
01/24/2018 22:06:17	49.0	49.0	16.273
01/24/2018 22:06:28	49.0	48.0	16.3588
01/24/2018 22:06:39	49.0	48.0	17.4935
01/24/2018 22:06:50	48.0	48.0	16.3158
01/24/2018 22:07:01	49.0	48.0	19.5822
01/24/2018 22:07:12	48.0	48.0	17.1053
01/24/2018 22:07:23	48.0	47.0	15.9686
01/24/2018 22:07:34	48.0	47.0	16.0105
01/24/2018 22:07:45	48.0	48.0	16.7102
01/24/2018 22:07:56	48.0	48.0	18.0628
01/24/2018 22:08:07	48.0	47.0	17.0157
01/24/2018 22:08:18	49.0	48.0	17.0604
01/24/2018 22:08:29	48.0	46.0	18.3246
01/24/2018 22:08:40	48.0	47.0	15.9269
01/24/2018 22:08:51	48.0	46.0	17.2324
01/24/2018 22:09:02	47.0	47.0	16.5789
01/24/2018 22:09:13	49.0	48.0	17.5393
01/24/2018 22:09:24	51.0	51.0	17.801
01/24/2018 22:09:35	52.0	52.0	17.6316
01/24/2018 22:09:46	53.0	53.0	15.4856
01/24/2018 22:09:58	55.0	54.0	15.1436
01/24/2018 22:10:09	56.0	56.0	16.9271
01/24/2018 22:10:20	56.0	56.0	15.0396
01/24/2018 22:10:31	54.0	54.0	17.8947
01/24/2018 22:10:42	54.0	53.0	19.1099
01/24/2018 22:10:53	53.0	52.0	17.7546
01/24/2018 22:11:04	51.0	51.0	16.7979
01/24/2018 22:11:15	51.0	50.0	18.2768
01/24/2018 22:11:26	50.0	50.0	17.0604
01/24/2018 22:11:37	50.0	49.0	16.5789
01/24/2018 22:11:48	50.0	49.0	17.1053
01/24/2018 22:11:59	50.0	48.0	19.2208
01/24/2018 22:12:10	49.0	48.0	16.9761
01/24/2018 22:12:21	50.0	48.0	16.6227
01/24/2018 22:12:32	49.0	48.0	17.7546
01/24/2018 22:12:43	49.0	48.0	18.6842
01/24/2018 22:12:54	49.0	47.0	16.0526
01/24/2018 22:13:05	49.0	48.0	17.801
01/24/2018 22:13:16	49.0	48.0	16.7102
01/24/2018 22:13:27	48.0	47.0	17.4935
01/24/2018 22:13:38	49.0	48.0	16.5354
01/24/2018 22:13:49	48.0	48.0	17.7083
01/24/2018 22:14:00	48.0	48.0	18.4896
01/24/2018 22:14:11	48.0	48.0	18.2292
01/24/2018 22:14:22	49.0	48.0	15.0649
01/24/2018 22:14:33	48.0	48.0	20
01/24/2018 22:14:44	49.0	48.0	18.8976
01/24/2018 22:14:55	48.0	47.0	16.188
01/24/2018 22:15:06	48.0	47.0	16.1458
01/24/2018 22:15:17	51.0	50.0	16.8421
01/24/2018 22:15:28	52.0	51.0	17.5393
01/24/2018 22:15:39	54.0	53.0	16.9271
01/24/2018 22:15:50	55.0	54.0	16.0526
01/24/2018 22:16:01	58.0	56.0	18.2768
01/24/2018 22:16:12	57.0	55.0	15.4047
01/24/2018 22:16:23	55.0	54.0	17.0157
01/24/2018 22:16:34	54.0	53.0	18.9474
01/24/2018 22:16:45	52.0	51.0	16.4491
01/24/2018 22:16:56	51.0	51.0	17.3228
01/24/2018 22:17:07	51.0	51.0	17.0157
01/24/2018 22:17:19	50.0	50.0	18.75
01/24/2018 22:17:30	50.0	49.0	16.273
01/24/2018 22:17:41	49.0	49.0	15.2632
01/24/2018 22:17:52	50.0	48.0	15.445
01/24/2018 22:18:03	49.0	48.0	17.3228
01/24/2018 22:18:14	49.0	48.0	16.4062
01/24/2018 22:18:25	50.0	49.0	17.2775
01/24/2018 22:18:36	49.0	48.0	17.8947
01/24/2018 22:18:47	49.0	47.0	17.5393
01/24/2018 22:18:58	48.0	48.0	15.4856
01/24/2018 22:19:09	48.0	48.0	17.7546
01/24/2018 22:19:20	49.0	48.0	15.6658
01/24/2018 22:19:31	49.0	48.0	18.0157
01/24/2018 22:19:42	48.0	48.0	17.801
01/24/2018 22:19:53	49.0	48.0	18.0628
01/24/2018 22:20:04	49.0	48.0	17.4935
01/24/2018 22:20:15	49.0	48.0	18.1579
01/24/2018 22:20:26	48.0	48.0	16.9713
01/24/2018 22:20:37	48.0	48.0	17.2324
01/24/2018 22:20:48	49.0	48.0	17.4479
01/24/2018 22:20:59	49.0	48.0	17.0157
01/24/2018 22:21:10	49.0	47.0	20.8333
01/24/2018 22:21:21	48.0	48.0	16.7539
01/24/2018 22:21:32	49.0	48.0	17.0604
01/24/2018 22:21:43	48.0	48.0	18.8976
01/24/2018 22:21:54	49.0	48.0	17.2775
01/24/2018 22:22:05	49.0	48.0	17.0604
01/24/2018 22:22:16	49.0	48.0	16.7539
01/24/2018 22:22:27	49.0	48.0	14.8438
01/24/2018 22:22:38	49.0	48.0	18.5379
01/24/2018 22:22:49	48.0	47.0	17.4479
01/24/2018 22:23:00	49.0	48.0	17.4935
01/24/2018 22:23:11	49.0	48.0	16.1458
01/24/2018 22:23:22	48.0	47.0	18.2292
01/24/2018 22:23:33	49.0	48.0	15.3646
01/24/2018 22:23:44	49.0	48.0	16.9713
01/24/2018 22:23:55	49.0	48.0	18.961
01/24/2018 22:24:06	48.0	48.0	16.4491
01/24/2018 22:24:17	49.0	47.0	16.9271
01/24/2018 22:24:28	49.0	48.0	14.6214
01/24/2018 22:24:40	48.0	47.0	16.1039
01/24/2018 22:24:51	48.0	48.0	17.9221
01/24/2018 22:25:02	48.0	47.0	16.2304
01/24/2018 22:25:13	48.0	48.0	18.0628
01/24/2018 22:25:24	48.0	47.0	15.3646
01/24/2018 22:25:35	48.0	47.0	17.3228
01/24/2018 22:25:46	48.0	47.0	17.0157
01/24/2018 22:25:57	48.0	47.0	19.2708
01/24/2018 22:26:08	48.0	47.0	16.8831
01/24/2018 22:26:19	48.0	47.0	17.0604
01/24/2018 22:26:30	48.0	46.0	15.7895
01/24/2018 22:26:41	49.0	47.0	16.8421
01/24/2018 22:26:52	48.0	47.0	17.0604
01/24/2018 22:27:03	48.0	47.0	15.9686
01/24/2018 22:27:14	48.0	48.0	14.6982
01/24/2018 22:27:25	48.0	47.0	16.9713
01/24/2018 22:27:36	49.0	47.0	18.1579
01/24/2018 22:27:47	48.0	47.0	17.2775
01/24/2018 22:27:58	48.0	47.0	16.7102
01/24/2018 22:28:09	48.0	47.0	17.2775
01/24/2018 22:28:20	48.0	47.0	14.9606
01/24/2018 22:28:31	49.0	47.0	14.8148
01/24/2018 22:28:42	47.0	47.0	15.625
01/24/2018 22:28:53	48.0	47.0	18.4211
01/24/2018 22:29:04	51.0	50.0	17.4935
01/24/2018 22:29:15	52.0	51.0	16.7979
01/24/2018 22:29:26	54.0	53.0	17.7546
01/24/2018 22:29:37	55.0	54.0	18.1102
01/24/2018 22:29:48	56.0	56.0	16.5354
01/24/2018 22:29:59	56.0	55.0	15.1042
01/24/2018 22:30:10	55.0	53.0	17.5393
01/24/2018 22:30:21	53.0	53.0	15.1832
01/24/2018 22:30:32	52.0	51.0	17.3228
01/24/2018 22:30:43	51.0	50.0	17.5393
01/24/2018 22:30:54	50.0	50.0	17.1429
01/24/2018 22:31:05	51.0	50.0	15.1042
01/24/2018 22:31:16	50.0	49.0	18.0628
01/24/2018 22:31:27	50.0	49.0	17.2775
01/24/2018 22:31:38	52.0	50.0	16.9713
01/24/2018 22:31:50	49.0	48.0	18.0157
01/24/2018 22:32:01	49.0	48.0	15.7068
01/24/2018 22:32:12	50.0	48.0	19.3634
01/24/2018 22:32:23	49.0	48.0	16.7979
01/24/2018 22:32:34	49.0	47.0	14.4703
01/24/2018 22:32:45	49.0	48.0	15.0649
01/24/2018 22:32:56	49.0	48.0	17.5393
01/24/2018 22:33:07	49.0	47.0	19.2208
01/24/2018 22:33:18	49.0	47.0	18.6842
01/24/2018 22:33:29	49.0	47.0	15.2231
01/24/2018 22:33:40	49.0	47.0	15.8854
01/24/2018 22:33:51	49.0	48.0	17.7083
01/24/2018 22:34:02	49.0	47.0	18.799
01/24/2018 22:34:13	49.0	47.0	15.8442
01/24/2018 22:34:24	49.0	48.0	17.3575
01/24/2018 22:34:35	49.0	48.0	13.2979
01/24/2018 22:34:46	48.0	47.0	14.2857
01/24/2018 22:34:57	49.0	48.0	13.7566
01/24/2018 22:35:08	50.0	49.0	11.3456
01/24/2018 22:35:19	51.0	51.0	13.6483
01/24/2018 22:35:30	52.0	53.0	11.5486
01/24/2018 22:35:41	54.0	53.0	12.3684
01/24/2018 22:35:52	55.0	54.0	13.0548
01/24/2018 22:36:03	56.0	54.0	12.3037
01/24/2018 22:36:14	57.0	56.0	12.6984
01/24/2018 22:36:25	56.0	55.0	16.1458
01/24/2018 22:36:36	55.0	53.0	18.799
01/24/2018 22:36:47	52.0	52.0	17.4935
01/24/2018 22:36:58	51.0	51.0	16.7102
01/24/2018 22:37:09	51.0	50.0	17.801
01/24/2018 22:37:20	51.0	50.0	16.3158
01/24/2018 22:37:31	50.0	50.0	18.0628
01/24/2018 22:37:42	50.0	49.0	18.799
01/24/2018 22:37:53	50.0	50.0	14.6214
01/24/2018 22:38:04	50.0	49.0	15.5844
01/24/2018 22:38:15	50.0	49.0	16.3636
01/24/2018 22:38:27	50.0	49.0	18.5379
01/24/2018 22:38:38	49.0	48.0	14.6214
01/24/2018 22:38:49	49.0	48.0	16.1458
01/24/2018 22:39:00	50.0	48.0	19.2208
01/24/2018 22:39:11	49.0	48.0	15.445
01/24/2018 22:39:22	50.0	48.0	15.3646
01/24/2018 22:39:33	49.0	48.0	15.1042
01/24/2018 22:39:44	50.0	48.0	13.2275
01/24/2018 22:39:55	48.0	47.0	13.3858
01/24/2018 22:40:06	48.0	47.0	18.4416
01/24/2018 22:40:17	48.0	47.0	18.2768
01/24/2018 22:40:28	48.0	47.0	15.7068
01/24/2018 22:40:39	48.0	47.0	18.2768
01/24/2018 22:40:50	47.0	48.0	17.0157
01/24/2018 22:41:01	48.0	47.0	15.445
01/24/2018 22:41:12	48.0	48.0	19.6335
01/24/2018 22:41:23	49.0	47.0	17.4935
01/24/2018 22:41:34	48.0	47.0	17.2324
01/24/2018 22:41:45	48.0	47.0	15.5844
01/24/2018 22:41:56	49.0	48.0	17.8478
01/24/2018 22:42:07	48.0	47.0	16.7539
01/24/2018 22:42:18	49.0	47.0	18.6842
01/24/2018 22:42:29	48.0	47.0	13.6483
01/24/2018 22:42:40	48.0	47.0	18.2768
01/24/2018 22:42:51	48.0	48.0	17.4479
01/24/2018 22:43:02	48.0	47.0	16.9713
01/24/2018 22:43:13	48.0	48.0	16.4921
01/24/2018 22:43:24	48.0	47.0	18.3938
01/24/2018 22:43:35	48.0	47.0	16.5803
01/24/2018 22:43:46	48.0	47.0	16.7539
01/24/2018 22:43:57	48.0	47.0	16.1039
01/24/2018 22:44:08	48.0	48.0	15.9686
01/24/2018 22:44:19	48.0	47.0	17.8478
01/24/2018 22:44:30	48.0	47.0	15.8854
01/24/2018 22:44:41	48.0	48.0	15.7068
01/24/2018 22:44:52	48.0	47.0	18.3246
01/24/2018 22:45:03	48.0	48.0	18.0157
01/24/2018 22:45:14	48.0	47.0	17.7835
01/24/2018 22:45:25	50.0	49.0	19.5876
01/24/2018 22:45:36	51.0	50.0	20.3608
01/24/2018 22:45:47	51.0	50.0	18.0879
01/24/2018 22:45:59	51.0	49.0	18.509
01/24/2018 22:46:10	50.0	50.0	17.7835
01/24/2018 22:46:21	51.0	50.0	18.5567
01/24/2018 22:46:32	52.0	51.0	19.4872
01/24/2018 22:46:43	51.0	50.0	12.9973
01/24/2018 22:46:54	49.0	49.0	18.75
01/24/2018 22:47:05	49.0	49.0	18.0157
01/24/2018 22:47:16	49.0	48.0	19.7917
01/24/2018 22:47:27	49.0	48.0	15.6499
01/24/2018 22:47:38	48.0	48.0	13.9842
01/24/2018 22:47:49	48.0	47.0	17.801
01/24/2018 22:48:00	49.0	48.0	17.4935
01/24/2018 22:48:11	48.0	48.0	15.748
01/24/2018 22:48:22	49.0	48.0	17.4479
01/24/2018 22:48:33	48.0	48.0	17.3228
01/24/2018 22:48:44	49.0	48.0	17.1875
01/24/2018 22:48:55	49.0	48.0	17.0157
01/24/2018 22:49:06	48.0	47.0	17.5853
01/24/2018 22:49:17	49.0	48.0	16.2304
01/24/2018 22:49:28	48.0	48.0	18.8482
01/24/2018 22:49:39	49.0	47.0	15.8854
01/24/2018 22:49:50	48.0	47.0	13.4921
01/24/2018 22:50:01	48.0	47.0	17.3228
01/24/2018 22:50:12	49.0	48.0	15.8031
01/24/2018 22:50:23	51.0	50.0	15.4047
01/24/2018 22:50:34	53.0	52.0	15.7068
01/24/2018 22:50:45	54.0	53.0	12.7937
01/24/2018 22:50:56	54.0	54.0	12.2715
01/24/2018 22:51:07	55.0	55.0	13.089
01/24/2018 22:51:18	55.0	56.0	16.7979
01/24/2018 22:51:29	56.0	55.0	16.2304
01/24/2018 22:51:40	54.0	54.0	17.3684
01/24/2018 22:51:51	53.0	53.0	16.188
01/24/2018 22:52:02	51.0	51.0	17.3228
01/24/2018 22:52:13	50.0	50.0	18.1102
01/24/2018 22:52:24	50.0	50.0	17.5393
01/24/2018 22:52:35	50.0	49.0	15.625
01/24/2018 22:52:46	50.0	49.0	17.5853
01/24/2018 22:52:57	50.0	49.0	15.1832
01/24/2018 22:53:08	49.0	48.0	15.3646
01/24/2018 22:53:20	51.0	49.0	17.7546
01/24/2018 22:53:31	49.0	48.0	17.7083
01/24/2018 22:53:42	50.0	49.0	16.4491
01/24/2018 22:53:53	49.0	49.0	16.9271
01/24/2018 22:54:04	50.0	48.0	18.2292
01/24/2018 22:54:15	48.0	48.0	17.801
01/24/2018 22:54:26	49.0	48.0	14.6982
01/24/2018 22:54:37	50.0	48.0	17.2775
01/24/2018 22:54:48	48.0	48.0	19.3717
01/24/2018 22:54:59	48.0	48.0	13.9108
01/24/2018 22:55:10	48.0	47.0	13.3858
01/24/2018 22:55:21	48.0	47.0	14.5503
01/24/2018 22:55:32	48.0	47.0	11.5183
01/24/2018 22:55:43	49.0	49.0	14.1361
01/24/2018 22:55:54	51.0	50.0	13.4211
01/24/2018 22:56:05	52.0	52.0	14.3229
01/24/2018 22:56:16	54.0	53.0	17.0157
01/24/2018 22:56:27	55.0	54.0	17.2775
01/24/2018 22:56:38	58.0	56.0	17.5853
01/24/2018 22:56:49	58.0	56.0	18.8976
01/24/2018 22:57:00	55.0	54.0	18.1102
01/24/2018 22:57:11	53.0	53.0	17.3228
01/24/2018 22:57:22	53.0	53.0	16.5354
01/24/2018 22:57:33	52.0	51.0	16.4921
01/24/2018 22:57:44	51.0	51.0	17.2775
01/24/2018 22:57:55	50.0	50.0	19.4301
01/24/2018 22:58:06	50.0	50.0	15.8442
01/24/2018 22:58:17	50.0	50.0	18.3246
01/24/2018 22:58:28	50.0	49.0	17.5393
01/24/2018 22:58:39	50.0	49.0	17.2775
01/24/2018 22:58:50	49.0	48.0	16.1458
01/24/2018 22:59:01	49.0	49.0	18.0157
01/24/2018 22:59:12	49.0	49.0	16.6234
01/24/2018 22:59:23	49.0	49.0	18.7013
01/24/2018 22:59:34	49.0	48.0	16.1458
01/24/2018 22:59:45	49.0	48.0	17.8756
01/24/2018 22:59:56	50.0	50.0	21.0797
01/24/2018 23:00:07	50.0	50.0	19.5822
01/24/2018 23:00:18	51.0	50.0	18.961
01/24/2018 23:00:30	51.0	50.0	17.5711
01/24/2018 23:00:41	51.0	51.0	20.155
01/24/2018 23:00:52	51.0	51.0	20.6718
01/24/2018 23:01:03	51.0	51.0	20.3608
01/24/2018 23:01:14	51.0	51.0	17.3127
01/24/2018 23:01:25	52.0	51.0	20.2597
01/24/2018 23:01:36	52.0	51.0	20
01/24/2018 23:01:47	52.0	51.0	19.5312
01/24/2018 23:01:58	53.0	51.0	17.0543
01/24/2018 23:02:09	52.0	51.0	20.7254
01/24/2018 23:02:20	53.0	51.0	20.3608
01/24/2018 23:02:31	52.0	51.0	17.6623
01/24/2018 23:02:42	53.0	51.0	19.171
01/24/2018 23:02:53	52.0	51.0	19.4805
01/24/2018 23:03:04	51.0	51.0	19.7943
01/24/2018 23:03:15	51.0	51.0	18.8144
01/24/2018 23:03:26	52.0	52.0	17.5711
01/24/2018 23:03:37	53.0	51.0	22.1649
01/24/2018 23:03:48	52.0	51.0	19.0722
01/24/2018 23:03:59	53.0	51.0	18.8144
01/24/2018 23:04:10	52.0	51.0	21.0938
01/24/2018 23:04:21	51.0	50.0	19.2708
01/24/2018 23:04:32	53.0	51.0	18.0412
01/24/2018 23:04:43	53.0	52.0	20.2073
01/24/2018 23:04:54	52.0	51.0	17.4935
01/24/2018 23:05:05	52.0	51.0	22.5131
01/24/2018 23:05:16	51.0	51.0	19.7403
01/24/2018 23:05:27	52.0	51.0	20.2073
01/24/2018 23:05:38	52.0	51.0	18.0412
01/24/2018 23:05:49	52.0	51.0	12.3037
01/24/2018 23:06:00	50.0	50.0	15
01/24/2018 23:06:11	49.0	48.0	13.9474
01/24/2018 23:06:22	49.0	48.0	18.2292
01/24/2018 23:06:33	49.0	49.0	19.1214
01/24/2018 23:06:44	51.0	50.0	19.8966
01/24/2018 23:06:55	51.0	50.0	18.1347
01/24/2018 23:07:06	51.0	51.0	13.4565
01/24/2018 23:07:17	49.0	49.0	13.4211
01/24/2018 23:07:28	48.0	48.0	14.7368
01/24/2018 23:07:39	49.0	48.0	13.9842
01/24/2018 23:07:50	49.0	47.0	14.3236
01/24/2018 23:08:01	48.0	48.0	14.2857
01/24/2018 23:08:12	48.0	47.0	13.6483
01/24/2018 23:08:23	48.0	46.0	13.7566
01/24/2018 23:08:34	49.0	48.0	14.6982
01/24/2018 23:08:46	50.0	50.0	13.3508
01/24/2018 23:08:57	52.0	52.0	12.0104
01/24/2018 23:09:08	53.0	53.0	12.3037
01/24/2018 23:09:19	55.0	53.0	12.8947
01/24/2018 23:09:30	55.0	55.0	13.3159
01/24/2018 23:09:41	57.0	55.0	11.5183
01/24/2018 23:09:52	57.0	56.0	12.1053
01/24/2018 23:10:03	55.0	54.0	12.5984
01/24/2018 23:10:14	53.0	53.0	12.5984
01/24/2018 23:10:25	52.0	51.0	12.0419
01/24/2018 23:10:36	51.0	51.0	13.4921
01/24/2018 23:10:47	50.0	49.0	11.8421
01/24/2018 23:10:58	49.0	49.0	13.4565
01/24/2018 23:11:09	49.0	49.0	13.9842
01/24/2018 23:11:20	49.0	49.0	13.7203
01/24/2018 23:11:31	48.0	48.0	13.6842
01/24/2018 23:11:42	48.0	48.0	13.9842
01/24/2018 23:11:53	48.0	48.0	13.6842
01/24/2018 23:12:04	48.0	47.0	12.6649
01/24/2018 23:12:15	49.0	49.0	13.8381
01/24/2018 23:12:26	51.0	51.0	13.8743
01/24/2018 23:12:37	52.0	53.0	12.5654
01/24/2018 23:12:48	54.0	53.0	12.2396
01/24/2018 23:12:59	55.0	54.0	12.7937
01/24/2018 23:13:10	56.0	55.0	11.3158
01/24/2018 23:13:21	57.0	56.0	11.7188
01/24/2018 23:13:32	56.0	55.0	13.1926
01/24/2018 23:13:43	56.0	54.0	12.8272
01/24/2018 23:13:54	53.0	51.0	11.4058
01/24/2018 23:14:05	51.0	51.0	13.1234
01/24/2018 23:14:17	50.0	50.0	14.7757
01/24/2018 23:14:28	50.0	49.0	13.4565
01/24/2018 23:14:39	50.0	48.0	12.9288
01/24/2018 23:14:50	49.0	48.0	14.4737
01/24/2018 23:15:01	49.0	48.0	13.9842
01/24/2018 23:15:12	48.0	48.0	14.6982
01/24/2018 23:15:23	48.0	48.0	14.248
01/24/2018 23:15:34	48.0	48.0	14.8825
01/24/2018 23:15:45	48.0	48.0	15.0538
01/24/2018 23:15:56	48.0	47.0	0.253165
01/24/2018 23:16:07	47.0	47.0	6.39386
