03/22/2018 11:12:43	29.0	26.0	0.502513
03/22/2018 11:12:54	25.0	24.0	0
03/22/2018 11:13:05	25.0	25.0	1.26263
03/22/2018 11:13:16	25.0	24.0	0.505051
03/22/2018 11:13:27	26.0	26.0	1.0101
03/22/2018 11:13:38	26.0	25.0	3.31633
03/22/2018 11:13:49	25.0	25.0	76.1261
03/22/2018 11:14:01	28.0	27.0	17.7596
03/22/2018 11:14:12	29.0	28.0	15.2632
03/22/2018 11:14:23	29.0	28.0	15.3846
03/22/2018 11:14:35	30.0	29.0	15.5673
03/22/2018 11:14:46	31.0	30.0	16.8865
03/22/2018 11:14:57	33.0	31.0	15.3034
03/22/2018 11:15:08	33.0	32.0	14.4357
03/22/2018 11:15:19	33.0	33.0	15.8311
03/22/2018 11:15:30	34.0	33.0	17.6316
03/22/2018 11:15:41	35.0	35.0	20
03/22/2018 11:15:52	36.0	35.0	13.7203
03/22/2018 11:16:03	36.0	36.0	15.9574
03/22/2018 11:16:14	37.0	36.0	14.7368
03/22/2018 11:16:25	37.0	37.0	13.6842
03/22/2018 11:16:36	38.0	37.0	14.7368
03/22/2018 11:16:47	38.0	38.0	16.6667
03/22/2018 11:16:58	39.0	39.0	17.1053
03/22/2018 11:17:09	40.0	39.0	16.4021
03/22/2018 11:17:20	40.0	40.0	17.1053
03/22/2018 11:17:31	41.0	40.0	37.1585
03/22/2018 11:17:42	45.0	43.0	39.7368
03/22/2018 11:17:53	47.0	46.0	29.2453
03/22/2018 11:18:04	45.0	44.0	14.7368
03/22/2018 11:18:15	45.0	44.0	13.9108
03/22/2018 11:18:26	46.0	44.0	14.6597
03/22/2018 11:18:37	46.0	45.0	15.2231
03/22/2018 11:18:48	45.0	45.0	14.2105
03/22/2018 11:18:59	46.0	45.0	14.2105
03/22/2018 11:19:10	46.0	45.0	14.4737
03/22/2018 11:19:22	46.0	45.0	14.2105
03/22/2018 11:19:33	46.0	46.0	14.876
03/22/2018 11:19:44	46.0	46.0	15.2632
03/22/2018 11:19:55	47.0	46.0	13.3858
03/22/2018 11:20:06	47.0	46.0	14.8825
03/22/2018 11:20:17	47.0	47.0	13.6483
03/22/2018 11:20:28	48.0	47.0	14.4357
03/22/2018 11:20:39	48.0	47.0	17.4935
03/22/2018 11:20:50	48.0	47.0	19.0104
03/22/2018 11:21:01	49.0	47.0	17.9688
03/22/2018 11:21:12	49.0	48.0	17.1875
03/22/2018 11:21:23	50.0	49.0	19.0104
03/22/2018 11:21:34	50.0	49.0	16.9271
03/22/2018 11:21:45	51.0	50.0	17.7083
03/22/2018 11:21:56	50.0	50.0	15.8031
03/22/2018 11:22:07	51.0	50.0	43.9169
03/22/2018 11:22:19	53.0	51.0	13.1868
03/22/2018 11:22:31	51.0	50.0	24.9123
03/22/2018 11:22:42	51.0	51.0	14.0584
03/22/2018 11:22:53	51.0	51.0	13.2812
03/22/2018 11:23:04	51.0	51.0	13.577
03/22/2018 11:23:15	51.0	51.0	22.1607
03/22/2018 11:23:26	53.0	52.0	18.2292
03/22/2018 11:23:37	53.0	53.0	14.3979
03/22/2018 11:23:48	52.0	52.0	13.2812
03/22/2018 11:23:59	52.0	52.0	13.2812
03/22/2018 11:24:10	52.0	52.0	14.1732
03/22/2018 11:24:21	54.0	54.0	13.0548
03/22/2018 11:24:32	53.0	52.0	16.7553
03/22/2018 11:24:43	54.0	52.0	12.5654
03/22/2018 11:24:54	53.0	52.0	19.8953
03/22/2018 11:25:05	53.0	53.0	18.2292
03/22/2018 11:25:16	54.0	53.0	17.9221
03/22/2018 11:25:27	54.0	54.0	17.942
03/22/2018 11:25:38	55.0	54.0	18.3727
03/22/2018 11:25:49	55.0	54.0	17.0157
03/22/2018 11:26:00	56.0	54.0	18.6352
03/22/2018 11:26:11	57.0	55.0	18.0628
03/22/2018 11:26:22	56.0	55.0	13.3508
03/22/2018 11:26:33	56.0	54.0	13.3508
03/22/2018 11:26:44	55.0	55.0	13.2812
03/22/2018 11:26:55	55.0	54.0	12.9534
03/22/2018 11:27:06	55.0	54.0	13.5417
03/22/2018 11:27:17	56.0	54.0	13.0208
03/22/2018 11:27:29	56.0	54.0	12.5326
03/22/2018 11:27:40	56.0	54.0	13.7662
03/22/2018 11:27:51	56.0	54.0	12.7273
03/22/2018 11:28:02	56.0	54.0	12.5984
03/22/2018 11:28:13	55.0	54.0	12.5654
03/22/2018 11:28:24	55.0	55.0	12.3037
03/22/2018 11:28:35	56.0	55.0	11.7801
03/22/2018 11:28:46	55.0	56.0	12.8272
03/22/2018 11:28:57	56.0	55.0	12.5326
03/22/2018 11:29:08	56.0	55.0	13.3858
03/22/2018 11:29:19	56.0	55.0	13.0208
03/22/2018 11:29:30	56.0	55.0	13.0548
03/22/2018 11:29:41	56.0	55.0	12.3037
03/22/2018 11:29:52	56.0	55.0	12.5654
03/22/2018 11:30:03	55.0	54.0	13.0548
03/22/2018 11:30:14	52.0	51.0	14.9606
03/22/2018 11:30:25	50.0	49.0	14.3229
03/22/2018 11:30:36	48.0	48.0	14.6597
03/22/2018 11:30:47	48.0	47.0	15.4047
03/22/2018 11:30:58	48.0	48.0	14.1732
03/22/2018 11:31:09	49.0	48.0	15.6658
03/22/2018 11:31:20	50.0	50.0	13.8743
03/22/2018 11:31:31	51.0	51.0	15.3846
03/22/2018 11:31:42	52.0	51.0	12.6649
03/22/2018 11:31:53	52.0	53.0	13.2812
03/22/2018 11:32:04	54.0	53.0	13.8021
03/22/2018 11:32:15	54.0	53.0	13.2812
03/22/2018 11:32:26	54.0	53.0	12.7273
03/22/2018 11:32:38	54.0	54.0	13.3508
03/22/2018 11:32:49	55.0	54.0	18.9119
03/22/2018 11:33:00	56.0	55.0	18.8976
03/22/2018 11:33:11	57.0	56.0	19.7917
03/22/2018 11:33:22	57.0	56.0	18.0628
03/22/2018 11:33:33	55.0	53.0	18.2292
03/22/2018 11:33:44	52.0	51.0	18.1347
03/22/2018 11:33:55	51.0	51.0	18.2768
03/22/2018 11:34:06	50.0	50.0	17.5393
03/22/2018 11:34:17	50.0	50.0	19.7368
03/22/2018 11:34:28	48.0	48.0	18.799
03/22/2018 11:34:39	48.0	47.0	18.3246
03/22/2018 11:34:50	47.0	47.0	18.961
03/22/2018 11:35:01	48.0	47.0	16.6667
03/22/2018 11:35:12	50.0	51.0	18.863
03/22/2018 11:35:23	51.0	51.0	20.3655
03/22/2018 11:35:34	52.0	51.0	19.2208
03/22/2018 11:35:45	53.0	53.0	19.2708
03/22/2018 11:35:56	54.0	54.0	18.2292
03/22/2018 11:36:07	55.0	54.0	20.8877
03/22/2018 11:36:18	55.0	54.0	21.1082
03/22/2018 11:36:29	56.0	56.0	21.0938
03/22/2018 11:36:40	54.0	53.0	17.0157
03/22/2018 11:36:51	51.0	51.0	19.3717
03/22/2018 11:37:02	50.0	50.0	16.7102
03/22/2018 11:37:13	49.0	48.0	18.6528
03/22/2018 11:37:24	49.0	48.0	19.0104
03/22/2018 11:37:35	49.0	48.0	18.3463
03/22/2018 11:37:46	47.0	48.0	19.5822
03/22/2018 11:37:57	47.0	47.0	18.1102
03/22/2018 11:38:09	48.0	47.0	17.9221
03/22/2018 11:38:20	48.0	47.0	19.4805
03/22/2018 11:38:31	50.0	50.0	18.9119
03/22/2018 11:38:42	51.0	51.0	19.9482
03/22/2018 11:38:53	52.0	52.0	18.6528
03/22/2018 11:39:04	53.0	53.0	18.0879
03/22/2018 11:39:15	55.0	54.0	18.863
03/22/2018 11:39:26	57.0	55.0	17.7083
03/22/2018 11:39:37	55.0	55.0	17.2324
03/22/2018 11:39:48	55.0	55.0	18.3938
03/22/2018 11:39:59	53.0	53.0	17.9221
03/22/2018 11:40:10	51.0	51.0	19.8433
03/22/2018 11:40:21	50.0	50.0	18.0157
03/22/2018 11:40:32	50.0	49.0	18.2292
03/22/2018 11:40:43	49.0	48.0	18.9119
03/22/2018 11:40:54	49.0	48.0	18.5567
03/22/2018 11:41:05	48.0	47.0	19.3798
03/22/2018 11:41:16	48.0	46.0	19.0231
03/22/2018 11:41:27	48.0	46.0	20.2073
03/22/2018 11:41:38	48.0	48.0	19.5876
03/22/2018 11:41:49	49.0	49.0	21.134
03/22/2018 11:42:00	52.0	50.0	18.863
03/22/2018 11:42:11	52.0	51.0	19.6382
03/22/2018 11:42:22	53.0	53.0	21.1886
03/22/2018 11:42:33	55.0	54.0	22.4806
03/22/2018 11:42:44	55.0	54.0	17.0103
03/22/2018 11:42:55	56.0	55.0	17.8295
03/22/2018 11:43:06	57.0	56.0	18.961
03/22/2018 11:43:17	56.0	55.0	18.1347
03/22/2018 11:43:28	53.0	53.0	18.6047
03/22/2018 11:43:39	52.0	51.0	20.8226
03/22/2018 11:43:50	50.0	50.0	17.9949
03/22/2018 11:44:01	50.0	49.0	20.2073
03/22/2018 11:44:12	48.0	48.0	19.7436
03/22/2018 11:44:23	49.0	48.0	18.9744
03/22/2018 11:44:34	49.0	48.0	20.7692
03/22/2018 11:44:45	48.0	47.0	18.5567
03/22/2018 11:44:56	48.0	47.0	20.9184
03/22/2018 11:45:07	48.0	47.0	20.9184
03/22/2018 11:45:18	48.0	47.0	20.0514
03/22/2018 11:45:29	50.0	50.0	18.7179
03/22/2018 11:45:41	51.0	51.0	20.9302
03/22/2018 11:45:52	53.0	53.0	20
03/22/2018 11:46:03	53.0	53.0	21.0127
03/22/2018 11:46:14	55.0	54.0	17.3028
03/22/2018 11:46:25	56.0	55.0	17.8117
03/22/2018 11:46:36	56.0	55.0	19.3878
03/22/2018 11:46:47	56.0	56.0	21.5736
03/22/2018 11:46:58	55.0	54.0	20
03/22/2018 11:47:09	52.0	52.0	20.6549
03/22/2018 11:47:20	51.0	50.0	20.403
03/22/2018 11:47:31	50.0	49.0	22.7041
03/22/2018 11:47:42	49.0	50.0	21.75
03/22/2018 11:47:53	49.0	48.0	21.3033
03/22/2018 11:48:04	48.0	48.0	21.3568
03/22/2018 11:48:15	48.0	47.0	20.3518
03/22/2018 11:48:26	48.0	47.0	21.0127
03/22/2018 11:48:37	47.0	46.0	20.5514
03/22/2018 11:48:48	48.0	48.0	22.75
03/22/2018 11:48:59	50.0	50.0	23.0769
03/22/2018 11:49:10	51.0	51.0	21.1443
03/22/2018 11:49:21	53.0	52.0	20.6983
03/22/2018 11:49:32	54.0	53.0	20.6813
03/22/2018 11:49:43	54.0	54.0	21.5881
03/22/2018 11:49:54	55.0	55.0	21.9212
03/22/2018 11:50:05	56.0	55.0	21.6958
03/22/2018 11:50:16	55.0	55.0	23.1343
03/22/2018 11:50:27	53.0	53.0	21.7604
03/22/2018 11:50:38	52.0	52.0	23.9609
03/22/2018 11:50:49	51.0	51.0	23.7037
03/22/2018 11:51:00	50.0	50.0	20.7407
03/22/2018 11:51:11	49.0	49.0	21.6958
03/22/2018 11:51:22	49.0	48.0	23.3251
03/22/2018 11:51:33	49.0	48.0	22.7941
03/22/2018 11:51:44	49.0	48.0	21.7604
03/22/2018 11:51:55	48.0	47.0	20.5
03/22/2018 11:52:06	48.0	47.0	23.8329
03/22/2018 11:52:17	49.0	47.0	22.6601
03/22/2018 11:52:28	48.0	48.0	22.9829
03/22/2018 11:52:39	49.0	49.0	23.5437
03/22/2018 11:52:50	51.0	51.0	23.7288
03/22/2018 11:53:02	51.0	51.0	25.5924
03/22/2018 11:53:13	53.0	53.0	23.0392
03/22/2018 11:53:24	54.0	54.0	23.0958
03/22/2018 11:53:35	55.0	54.0	23.301
03/22/2018 11:53:46	55.0	55.0	23.2057
03/22/2018 11:53:57	57.0	55.0	26.2019
03/22/2018 11:54:08	57.0	55.0	23.601
03/22/2018 11:54:19	53.0	53.0	24.2788
03/22/2018 11:54:30	53.0	53.0	23.1504
03/22/2018 11:54:41	51.0	51.0	24.0876
03/22/2018 11:54:52	50.0	50.0	22.9469
03/22/2018 11:55:03	50.0	49.0	23.2446
03/22/2018 11:55:14	49.0	48.0	24.6973
03/22/2018 11:55:25	50.0	48.0	23.1707
03/22/2018 11:55:36	48.0	48.0	25.8373
03/22/2018 11:55:47	48.0	47.0	26.1905
03/22/2018 11:55:58	48.0	47.0	24.4604
03/22/2018 11:56:09	48.0	47.0	23.9609
03/22/2018 11:56:20	48.0	47.0	25.908
03/22/2018 11:56:31	48.0	46.0	24.2054
03/22/2018 11:56:42	47.0	48.0	23.9609
03/22/2018 11:56:53	48.0	46.0	21.4286
03/22/2018 11:57:04	48.0	46.0	25.5422
03/22/2018 11:57:15	49.0	48.0	23.5577
03/22/2018 11:57:26	50.0	51.0	23.6145
03/22/2018 11:57:37	52.0	51.0	24.6377
03/22/2018 11:57:48	52.0	53.0	25.1834
03/22/2018 11:57:59	54.0	54.0	24.3373
03/22/2018 11:58:10	55.0	54.0	24.1784
03/22/2018 11:58:21	55.0	56.0	25.1196
03/22/2018 11:58:32	56.0	56.0	25.7212
03/22/2018 11:58:43	55.0	55.0	25.4808
03/22/2018 11:58:54	54.0	53.0	24.9395
03/22/2018 11:59:05	51.0	51.0	24.7596
03/22/2018 11:59:16	51.0	50.0	23.8554
03/22/2018 11:59:27	50.0	50.0	25
03/22/2018 11:59:38	49.0	49.0	24.7619
03/22/2018 11:59:49	49.0	48.0	25.3041
03/22/2018 12:00:00	48.0	48.0	23.7864
03/22/2018 12:00:11	48.0	48.0	23.3577
03/22/2018 12:00:23	48.0	46.0	24.6341
03/22/2018 12:00:34	48.0	48.0	23.4719
03/22/2018 12:00:45	48.0	47.0	22.7384
03/22/2018 12:00:56	49.0	47.0	24.0876
03/22/2018 12:01:07	47.0	47.0	19.4514
03/22/2018 12:01:18	47.0	46.0	24.5192
03/22/2018 12:01:29	49.0	48.0	24.8193
03/22/2018 12:01:40	50.0	50.0	22.7384
03/22/2018 12:01:51	52.0	51.0	21.5686
03/22/2018 12:02:02	53.0	53.0	24.7596
03/22/2018 12:02:13	54.0	53.0	25.6098
03/22/2018 12:02:24	55.0	54.0	23.0583
03/22/2018 12:02:35	55.0	55.0	25.9804
03/22/2018 12:02:46	57.0	56.0	24.6377
03/22/2018 12:02:57	55.0	54.0	22.2222
03/22/2018 12:03:08	53.0	52.0	23.7164
03/22/2018 12:03:19	51.0	50.0	22.4691
03/22/2018 12:03:30	50.0	50.0	22.549
03/22/2018 12:03:41	50.0	49.0	24.0964
03/22/2018 12:03:52	50.0	49.0	21.0269
03/22/2018 12:04:03	49.0	48.0	23.2843
03/22/2018 12:04:14	49.0	47.0	23.2446
03/22/2018 12:04:25	49.0	48.0	21.1587
03/22/2018 12:04:36	49.0	48.0	24.3176
03/22/2018 12:04:47	48.0	48.0	23.8329
03/22/2018 12:04:58	48.0	47.0	22.113
03/22/2018 12:05:09	48.0	47.0	21.0918
03/22/2018 12:05:20	48.0	46.0	21.7604
03/22/2018 12:05:31	49.0	48.0	21.4815
03/22/2018 12:05:42	51.0	50.0	19.75
03/22/2018 12:05:53	53.0	51.0	26.2774
03/22/2018 12:06:04	53.0	53.0	26.0976
03/22/2018 12:06:15	55.0	54.0	24.2054
03/22/2018 12:06:26	55.0	54.0	22.5
03/22/2018 12:06:37	55.0	55.0	23.5294
03/22/2018 12:06:48	56.0	56.0	23.7864
03/22/2018 12:06:59	55.0	54.0	21.6216
03/22/2018 12:07:10	54.0	53.0	22.3325
03/22/2018 12:07:21	51.0	51.0	21.3759
03/22/2018 12:07:33	51.0	51.0	22.8288
03/22/2018 12:07:44	50.0	50.0	24.4552
03/22/2018 12:07:55	50.0	49.0	22.549
03/22/2018 12:08:06	49.0	48.0	23.7288
03/22/2018 12:08:17	49.0	48.0	24.9395
03/22/2018 12:08:28	48.0	48.0	23.1707
03/22/2018 12:08:39	48.0	48.0	22.8288
03/22/2018 12:08:50	48.0	47.0	24.9395
03/22/2018 12:09:01	48.0	48.0	23.3415
03/22/2018 12:09:12	48.0	47.0	22.7384
03/22/2018 12:09:23	47.0	47.0	22.75
03/22/2018 12:09:34	48.0	47.0	21.8673
03/22/2018 12:09:45	48.0	48.0	21.25
03/22/2018 12:09:56	47.0	47.0	23.25
03/22/2018 12:10:07	48.0	47.0	23.9506
03/22/2018 12:10:18	48.0	47.0	20.1995
03/22/2018 12:10:29	48.0	47.0	23.3831
03/22/2018 12:10:40	47.0	47.0	21.0396
03/22/2018 12:10:51	48.0	47.0	20.5
03/22/2018 12:11:02	48.0	48.0	21.6958
03/22/2018 12:11:13	50.0	50.0	19.8473
03/22/2018 12:11:24	51.0	51.0	19.2405
03/22/2018 12:11:35	52.0	53.0	21.1196
03/22/2018 12:11:46	53.0	53.0	17.7215
03/22/2018 12:11:57	54.0	54.0	19.1327
03/22/2018 12:12:08	55.0	54.0	14.2105
03/22/2018 12:12:19	55.0	55.0	17.268
03/22/2018 12:12:30	58.0	57.0	19.2308
03/22/2018 12:12:41	55.0	54.0	20.4188
03/22/2018 12:12:52	53.0	53.0	18.6528
03/22/2018 12:13:03	51.0	51.0	16.4491
03/22/2018 12:13:14	51.0	50.0	19.9475
03/22/2018 12:13:25	50.0	50.0	19.3717
03/22/2018 12:13:36	49.0	49.0	17.4026
03/22/2018 12:13:47	49.0	48.0	19.2708
03/22/2018 12:13:58	49.0	48.0	18.0157
03/22/2018 12:14:09	48.0	48.0	17.1429
03/22/2018 12:14:20	48.0	47.0	16.9713
03/22/2018 12:14:31	48.0	47.0	19.4805
03/22/2018 12:14:42	48.0	47.0	19.2612
03/22/2018 12:14:54	48.0	47.0	17.801
03/22/2018 12:15:05	48.0	47.0	18.1579
03/22/2018 12:15:16	48.0	47.0	18.4896
03/22/2018 12:15:27	47.0	47.0	16.7539
03/22/2018 12:15:38	47.0	47.0	17.4026
03/22/2018 12:15:49	49.0	49.0	18.9974
03/22/2018 12:16:00	50.0	50.0	16.9713
03/22/2018 12:16:11	51.0	52.0	18.7013
03/22/2018 12:16:22	54.0	53.0	17.4935
03/22/2018 12:16:33	55.0	54.0	18.4211
03/22/2018 12:16:44	55.0	55.0	16.1458
03/22/2018 12:16:55	57.0	56.0	16.4062
03/22/2018 12:17:06	57.0	56.0	15.9269
03/22/2018 12:17:17	54.0	54.0	19.685
03/22/2018 12:17:28	52.0	52.0	15.625
03/22/2018 12:17:39	51.0	51.0	16.7539
03/22/2018 12:17:50	51.0	50.0	17.8756
03/22/2018 12:18:01	50.0	49.0	19.0104
03/22/2018 12:18:12	49.0	48.0	17.7083
03/22/2018 12:18:23	49.0	48.0	17.1875
03/22/2018 12:18:34	50.0	48.0	16.6667
03/22/2018 12:18:45	49.0	48.0	18.7013
03/22/2018 12:18:56	48.0	48.0	17.4935
03/22/2018 12:19:07	48.0	47.0	18.3246
03/22/2018 12:19:18	49.0	49.0	17.8295
03/22/2018 12:19:29	48.0	47.0	19.8433
03/22/2018 12:19:40	47.0	48.0	17.5853
03/22/2018 12:19:51	48.0	47.0	16.4491
03/22/2018 12:20:02	48.0	48.0	19.6335
03/22/2018 12:20:13	48.0	47.0	18.4416
03/22/2018 12:20:24	48.0	47.0	18.5864
03/22/2018 12:20:35	48.0	47.0	20.5195
03/22/2018 12:20:46	49.0	48.0	17.7083
03/22/2018 12:20:57	48.0	47.0	18.1102
03/22/2018 12:21:08	47.0	47.0	19.2208
03/22/2018 12:21:19	48.0	47.0	18.1818
03/22/2018 12:21:30	48.0	47.0	18.75
03/22/2018 12:21:41	48.0	47.0	16.4921
03/22/2018 12:21:52	50.0	49.0	19.6335
03/22/2018 12:22:03	51.0	51.0	18.5864
03/22/2018 12:22:15	52.0	51.0	16.3212
03/22/2018 12:22:26	54.0	53.0	17.6166
03/22/2018 12:22:37	54.0	54.0	17.0984
03/22/2018 12:22:48	55.0	54.0	17.4935
03/22/2018 12:22:59	56.0	55.0	16.7102
03/22/2018 12:23:10	58.0	56.0	20.1044
03/22/2018 12:23:21	55.0	54.0	16.4921
03/22/2018 12:23:32	52.0	52.0	17.3684
03/22/2018 12:23:43	51.0	51.0	17.8478
03/22/2018 12:23:54	50.0	51.0	17.9688
03/22/2018 12:24:05	50.0	50.0	17.3684
03/22/2018 12:24:16	49.0	48.0	17.1875
03/22/2018 12:24:27	49.0	49.0	19.6335
03/22/2018 12:24:38	49.0	49.0	19.0104
03/22/2018 12:24:49	49.0	48.0	18.0628
03/22/2018 12:25:00	49.0	48.0	20.3655
03/22/2018 12:25:11	48.0	47.0	16.0526
03/22/2018 12:25:22	48.0	47.0	19.685
03/22/2018 12:25:33	49.0	47.0	17.2324
03/22/2018 12:25:44	48.0	47.0	16.188
03/22/2018 12:25:55	48.0	47.0	19.1601
03/22/2018 12:26:06	48.0	46.0	17.6166
03/22/2018 12:26:17	48.0	48.0	17.4935
03/22/2018 12:26:28	51.0	50.0	17.4935
03/22/2018 12:26:39	52.0	51.0	19.3211
03/22/2018 12:26:50	53.0	52.0	17.7546
03/22/2018 12:27:01	54.0	53.0	17.6166
03/22/2018 12:27:12	55.0	54.0	16.3636
03/22/2018 12:27:23	55.0	55.0	18.75
03/22/2018 12:27:34	57.0	56.0	17.4026
03/22/2018 12:27:45	56.0	56.0	17.3684
03/22/2018 12:27:56	53.0	53.0	18.4416
03/22/2018 12:28:07	52.0	52.0	17.1429
03/22/2018 12:28:18	51.0	51.0	16.7102
03/22/2018 12:28:29	50.0	50.0	17.2324
03/22/2018 12:28:40	51.0	50.0	19.3717
03/22/2018 12:28:51	50.0	49.0	17.4935
03/22/2018 12:29:02	49.0	48.0	17.4479
03/22/2018 12:29:13	49.0	48.0	19.5312
03/22/2018 12:29:25	49.0	48.0	18.2058
03/22/2018 12:29:36	48.0	48.0	17.8756
03/22/2018 12:29:47	49.0	47.0	18.3246
03/22/2018 12:29:58	49.0	47.0	18.1347
03/22/2018 12:30:09	48.0	47.0	19.4805
03/22/2018 12:30:20	48.0	48.0	18.4416
03/22/2018 12:30:31	48.0	47.0	16.9713
03/22/2018 12:30:42	48.0	47.0	18.8482
03/22/2018 12:30:53	49.0	47.0	16.3588
03/22/2018 12:31:04	48.0	47.0	18.8482
03/22/2018 12:31:15	48.0	47.0	18.8976
03/22/2018 12:31:26	48.0	47.0	17.801
03/22/2018 12:31:37	47.0	47.0	18.799
03/22/2018 12:31:48	50.0	48.0	16.7539
03/22/2018 12:31:59	51.0	50.0	18.1102
03/22/2018 12:32:10	52.0	51.0	17.4026
03/22/2018 12:32:21	53.0	52.0	16.0622
03/22/2018 12:32:32	55.0	54.0	17.1429
03/22/2018 12:32:43	55.0	54.0	18.5379
03/22/2018 12:32:54	55.0	55.0	18.1818
03/22/2018 12:33:05	57.0	56.0	18.2768
03/22/2018 12:33:16	54.0	54.0	16.8865
03/22/2018 12:33:27	52.0	52.0	18.961
03/22/2018 12:33:38	52.0	51.0	16.188
03/22/2018 12:33:49	51.0	50.0	16.8831
03/22/2018 12:34:00	51.0	50.0	19.3211
03/22/2018 12:34:11	50.0	50.0	18.5864
03/22/2018 12:34:22	50.0	50.0	18.6352
03/22/2018 12:34:33	49.0	48.0	17.5393
03/22/2018 12:34:44	49.0	48.0	18.3727
03/22/2018 12:34:55	49.0	48.0	17.5393
03/22/2018 12:35:06	49.0	48.0	18.75
03/22/2018 12:35:17	48.0	47.0	18.4416
03/22/2018 12:35:28	49.0	48.0	17.4935
03/22/2018 12:35:39	48.0	48.0	14.4357
03/22/2018 12:35:50	47.0	47.0	14.4737
03/22/2018 12:36:01	49.0	49.0	13.7203
03/22/2018 12:36:12	50.0	50.0	12.336
03/22/2018 12:36:23	51.0	51.0	13.4211
03/22/2018 12:36:35	53.0	53.0	13.577
03/22/2018 12:36:46	53.0	53.0	13.0548
03/22/2018 12:36:57	54.0	53.0	12.5654
03/22/2018 12:37:08	54.0	53.0	12.5326
03/22/2018 12:37:19	55.0	54.0	13.089
03/22/2018 12:37:30	56.0	55.0	12.7604
03/22/2018 12:37:41	56.0	55.0	12.0419
03/22/2018 12:37:52	57.0	56.0	12.8272
03/22/2018 12:38:03	55.0	53.0	12.3684
03/22/2018 12:38:14	53.0	51.0	12.5984
03/22/2018 12:38:25	51.0	51.0	14.7757
03/22/2018 12:38:36	50.0	50.0	13.6842
03/22/2018 12:38:47	49.0	48.0	13.1926
03/22/2018 12:38:58	49.0	47.0	14.2105
03/22/2018 12:39:09	49.0	47.0	13.9474
03/22/2018 12:39:20	48.0	47.0	14.4737
03/22/2018 12:39:31	48.0	47.0	14.4357
03/22/2018 12:39:42	48.0	46.0	13.1926
03/22/2018 12:39:53	49.0	48.0	14.4737
03/22/2018 12:40:04	51.0	50.0	12.6649
03/22/2018 12:40:15	51.0	51.0	11.7801
03/22/2018 12:40:26	53.0	53.0	12.5984
03/22/2018 12:40:37	53.0	53.0	11.3757
03/22/2018 12:40:48	54.0	54.0	12.3037
03/22/2018 12:40:59	55.0	54.0	12.5654
03/22/2018 12:41:10	55.0	55.0	14.1732
03/22/2018 12:41:21	56.0	55.0	11.7801
03/22/2018 12:41:32	57.0	56.0	12.6649
03/22/2018 12:41:44	55.0	54.0	11.811
03/22/2018 12:41:55	52.0	52.0	12.963
03/22/2018 12:42:06	51.0	51.0	13.6842
03/22/2018 12:42:17	50.0	50.0	13.7203
03/22/2018 12:42:28	50.0	49.0	13.8298
03/22/2018 12:42:39	49.0	48.0	13.6842
03/22/2018 12:42:50	49.0	48.0	11.811
03/22/2018 12:43:01	48.0	48.0	14.2105
03/22/2018 12:43:12	48.0	47.0	13.9108
03/22/2018 12:43:23	47.0	47.0	12.7321
03/22/2018 12:43:34	48.0	47.0	15.1832
03/22/2018 12:43:45	49.0	48.0	14.9606
03/22/2018 12:43:56	50.0	50.0	12.8609
03/22/2018 12:44:07	51.0	51.0	14.6597
03/22/2018 12:44:18	52.0	52.0	12.7937
03/22/2018 12:44:29	53.0	53.0	12.0735
03/22/2018 12:44:40	54.0	53.0	13.3858
03/22/2018 12:44:51	55.0	54.0	12.2715
03/22/2018 12:45:02	56.0	54.0	13.1234
03/22/2018 12:45:13	56.0	55.0	12.0419
03/22/2018 12:45:24	57.0	56.0	13.3858
03/22/2018 12:45:35	55.0	55.0	13.089
03/22/2018 12:45:46	53.0	52.0	14.1732
03/22/2018 12:45:57	51.0	51.0	12.5654
03/22/2018 12:46:08	50.0	50.0	13.1579
03/22/2018 12:46:19	50.0	49.0	13.7203
03/22/2018 12:46:30	49.0	48.0	13.2275
03/22/2018 12:46:41	49.0	48.0	14.5889
03/22/2018 12:46:52	48.0	47.0	12.963
03/22/2018 12:47:04	48.0	47.0	13.9474
03/22/2018 12:47:15	48.0	47.0	14.0212
03/22/2018 12:47:26	47.0	47.0	15.445
03/22/2018 12:47:37	49.0	48.0	12.8609
03/22/2018 12:47:48	50.0	50.0	14.4357
03/22/2018 12:47:59	51.0	51.0	12.5654
03/22/2018 12:48:10	52.0	52.0	13.089
03/22/2018 12:48:21	54.0	53.0	11.811
03/22/2018 12:48:32	54.0	53.0	13.3508
03/22/2018 12:48:43	55.0	54.0	12.5
03/22/2018 12:48:54	55.0	54.0	12.8272
03/22/2018 12:49:05	56.0	55.0	12.2715
03/22/2018 12:49:16	56.0	56.0	12.0735
03/22/2018 12:49:27	57.0	56.0	12.1053
03/22/2018 12:49:38	55.0	53.0	11.811
03/22/2018 12:49:49	53.0	51.0	14.248
03/22/2018 12:50:00	51.0	51.0	13.7203
03/22/2018 12:50:11	50.0	50.0	14.2857
03/22/2018 12:50:22	50.0	50.0	13.9108
03/22/2018 12:50:33	49.0	48.0	14.5503
03/22/2018 12:50:44	49.0	47.0	14.0212
03/22/2018 12:50:55	48.0	48.0	13.7566
03/22/2018 12:51:06	48.0	47.0	13.6842
03/22/2018 12:51:17	47.0	47.0	14.6982
03/22/2018 12:51:28	48.0	47.0	13.2275
03/22/2018 12:51:39	49.0	48.0	13.9474
03/22/2018 12:51:50	51.0	50.0	13.4565
03/22/2018 12:52:01	52.0	51.0	12.8609
03/22/2018 12:52:13	52.0	53.0	12.5326
03/22/2018 12:52:24	53.0	52.0	12.5984
03/22/2018 12:52:35	54.0	54.0	13.2979
03/22/2018 12:52:46	57.0	56.0	12.336
03/22/2018 12:52:57	55.0	54.0	12.5984
03/22/2018 12:53:08	56.0	55.0	11.7801
03/22/2018 12:53:19	57.0	56.0	12.8609
03/22/2018 12:53:30	55.0	54.0	12.3037
03/22/2018 12:53:41	53.0	53.0	12.8947
03/22/2018 12:53:52	51.0	51.0	13.7566
03/22/2018 12:54:03	50.0	50.0	13.6842
03/22/2018 12:54:14	50.0	49.0	12.963
03/22/2018 12:54:25	49.0	48.0	14.2105
03/22/2018 12:54:36	49.0	48.0	14.2105
03/22/2018 12:54:47	49.0	48.0	14.1732
03/22/2018 12:54:58	48.0	47.0	14.5119
03/22/2018 12:55:09	48.0	47.0	13.4211
03/22/2018 12:55:20	47.0	47.0	14.1732
03/22/2018 12:55:31	48.0	48.0	12.5984
03/22/2018 12:55:42	50.0	50.0	13.8743
03/22/2018 12:55:53	51.0	51.0	13.3159
03/22/2018 12:56:04	52.0	52.0	13.0548
03/22/2018 12:56:15	53.0	53.0	12.0419
03/22/2018 12:56:26	54.0	53.0	13.3508
03/22/2018 12:56:37	54.0	54.0	11.811
03/22/2018 12:56:48	55.0	55.0	12.336
03/22/2018 12:56:59	56.0	55.0	12.6316
03/22/2018 12:57:10	56.0	55.0	12.3037
03/22/2018 12:57:21	57.0	56.0	13.3159
03/22/2018 12:57:32	56.0	54.0	15.6658
03/22/2018 12:57:44	52.0	52.0	13.3858
03/22/2018 12:57:55	50.0	51.0	14.248
03/22/2018 12:58:06	50.0	50.0	13.9108
03/22/2018 12:58:17	50.0	49.0	14.248
03/22/2018 12:58:28	49.0	48.0	13.1234
03/22/2018 12:58:39	48.0	48.0	13.1926
03/22/2018 12:58:50	48.0	48.0	14.0212
03/22/2018 12:59:01	47.0	47.0	14.4737
03/22/2018 12:59:12	48.0	47.0	13.9474
03/22/2018 12:59:23	48.0	47.0	14.5119
03/22/2018 12:59:34	48.0	47.0	14.7757
03/22/2018 12:59:45	49.0	49.0	13.3858
03/22/2018 12:59:56	51.0	51.0	12.5654
03/22/2018 13:00:07	51.0	51.0	12.5984
03/22/2018 13:00:18	52.0	53.0	13.6483
03/22/2018 13:00:29	53.0	53.0	13.4565
03/22/2018 13:00:40	56.0	56.0	13.6126
03/22/2018 13:00:51	55.0	55.0	12.5326
03/22/2018 13:01:02	56.0	55.0	12.0735
03/22/2018 13:01:13	56.0	55.0	11.5486
03/22/2018 13:01:24	57.0	56.0	13.6483
03/22/2018 13:01:35	55.0	54.0	13.577
03/22/2018 13:01:46	52.0	53.0	12.1053
03/22/2018 13:01:57	51.0	51.0	12.5654
03/22/2018 13:02:08	50.0	50.0	14.2105
03/22/2018 13:02:19	49.0	50.0	13.4565
03/22/2018 13:02:30	49.0	48.0	13.6842
03/22/2018 13:02:41	49.0	48.0	14.7757
03/22/2018 13:02:53	49.0	47.0	12.963
03/22/2018 13:03:04	48.0	48.0	13.9474
03/22/2018 13:03:15	47.0	47.0	14.4357
03/22/2018 13:03:26	48.0	48.0	14.1361
03/22/2018 13:03:37	47.0	47.0	13.6842
03/22/2018 13:03:48	49.0	48.0	14.0625
03/22/2018 13:03:59	50.0	50.0	12.8947
03/22/2018 13:04:10	51.0	51.0	13.1234
03/22/2018 13:04:21	52.0	52.0	12.3037
03/22/2018 13:04:32	53.0	53.0	11.3158
03/22/2018 13:04:43	54.0	54.0	12.8609
03/22/2018 13:04:54	55.0	54.0	12.336
03/22/2018 13:05:05	55.0	54.0	12.5
03/22/2018 13:05:16	56.0	56.0	12.8272
03/22/2018 13:05:27	56.0	55.0	12.3037
03/22/2018 13:05:38	53.0	53.0	12.4011
03/22/2018 13:05:49	51.0	51.0	14.9606
03/22/2018 13:06:00	50.0	51.0	13.6842
03/22/2018 13:06:11	49.0	50.0	13.9108
03/22/2018 13:06:22	49.0	49.0	16.4491
03/22/2018 13:06:33	50.0	49.0	13.9842
03/22/2018 13:06:44	48.0	48.0	13.4211
03/22/2018 13:06:55	48.0	47.0	13.7203
03/22/2018 13:07:06	48.0	48.0	13.4565
03/22/2018 13:07:17	48.0	47.0	14.5119
03/22/2018 13:07:28	47.0	48.0	13.6842
03/22/2018 13:07:39	48.0	46.0	13.4211
03/22/2018 13:07:50	48.0	47.0	14.8148
03/22/2018 13:08:02	49.0	48.0	12.963
03/22/2018 13:08:13	50.0	50.0	12.336
03/22/2018 13:08:24	51.0	51.0	13.6483
03/22/2018 13:08:35	52.0	51.0	12.3037
03/22/2018 13:08:46	53.0	53.0	11.811
03/22/2018 13:08:57	55.0	54.0	13.089
03/22/2018 13:09:08	55.0	54.0	12.2715
03/22/2018 13:09:19	55.0	55.0	12.5654
03/22/2018 13:09:30	55.0	56.0	11.7801
03/22/2018 13:09:41	57.0	56.0	11.811
03/22/2018 13:09:52	54.0	53.0	12.8272
03/22/2018 13:10:03	52.0	52.0	12.3684
03/22/2018 13:10:14	51.0	51.0	12.963
03/22/2018 13:10:25	50.0	50.0	15.2231
03/22/2018 13:10:36	50.0	50.0	14.248
03/22/2018 13:10:47	48.0	48.0	13.4921
03/22/2018 13:10:58	49.0	48.0	13.9108
03/22/2018 13:11:09	48.0	47.0	13.9108
03/22/2018 13:11:20	48.0	48.0	14.3603
03/22/2018 13:11:31	47.0	46.0	14.2105
03/22/2018 13:11:42	47.0	47.0	13.7203
03/22/2018 13:11:53	48.0	47.0	11.3158
03/22/2018 13:12:04	49.0	49.0	12.8947
03/22/2018 13:12:15	51.0	51.0	12.336
03/22/2018 13:12:26	52.0	53.0	13.0548
03/22/2018 13:12:37	52.0	53.0	13.3159
03/22/2018 13:12:48	53.0	54.0	12.336
03/22/2018 13:12:59	55.0	54.0	13.9474
03/22/2018 13:13:10	55.0	54.0	12.5654
03/22/2018 13:13:22	56.0	55.0	11.3456
03/22/2018 13:13:33	56.0	55.0	13.089
03/22/2018 13:13:44	57.0	57.0	13.577
03/22/2018 13:13:55	55.0	54.0	12.5
03/22/2018 13:14:06	53.0	53.0	13.8381
03/22/2018 13:14:17	51.0	51.0	12.963
03/22/2018 13:14:28	50.0	50.0	13.6483
03/22/2018 13:14:39	50.0	50.0	14.248
03/22/2018 13:14:50	49.0	48.0	13.9842
03/22/2018 13:15:01	49.0	48.0	14.2857
03/22/2018 13:15:12	48.0	48.0	13.7931
03/22/2018 13:15:23	48.0	48.0	12.9288
03/22/2018 13:15:34	48.0	48.0	14.7368
03/22/2018 13:15:45	48.0	47.0	12.963
03/22/2018 13:15:56	47.0	47.0	13.2275
03/22/2018 13:16:07	47.0	47.0	14.248
03/22/2018 13:16:18	48.0	47.0	13.9474
03/22/2018 13:16:29	48.0	47.0	13.3858
03/22/2018 13:16:40	47.0	47.0	14.7757
03/22/2018 13:16:51	48.0	49.0	12.3684
03/22/2018 13:17:02	50.0	50.0	11.8421
03/22/2018 13:17:13	51.0	51.0	13.1234
03/22/2018 13:17:24	52.0	52.0	12.2715
03/22/2018 13:17:35	53.0	53.0	12.1053
03/22/2018 13:17:46	54.0	53.0	11.6095
03/22/2018 13:17:57	54.0	54.0	14.1732
03/22/2018 13:18:08	55.0	55.0	13.6483
03/22/2018 13:18:19	56.0	55.0	11.811
03/22/2018 13:18:30	56.0	55.0	11.5486
03/22/2018 13:18:42	56.0	55.0	13.0548
03/22/2018 13:18:53	54.0	54.0	12.0735
03/22/2018 13:19:04	52.0	52.0	13.1234
03/22/2018 13:19:15	50.0	51.0	13.9842
03/22/2018 13:19:26	50.0	50.0	13.1926
03/22/2018 13:19:37	49.0	50.0	13.2275
03/22/2018 13:19:48	49.0	49.0	14.5119
03/22/2018 13:19:59	48.0	48.0	13.6483
03/22/2018 13:20:10	48.0	47.0	14.0992
03/22/2018 13:20:21	48.0	47.0	14.248
03/22/2018 13:20:32	48.0	47.0	13.6483
03/22/2018 13:20:43	47.0	47.0	13.7931
03/22/2018 13:20:54	47.0	47.0	13.2275
03/22/2018 13:21:05	48.0	49.0	13.8743
03/22/2018 13:21:16	50.0	50.0	12.8272
03/22/2018 13:21:27	51.0	51.0	12.5984
03/22/2018 13:21:38	52.0	51.0	12.0419
03/22/2018 13:21:49	53.0	53.0	13.0548
03/22/2018 13:22:00	54.0	54.0	11.811
03/22/2018 13:22:11	55.0	54.0	12.6316
03/22/2018 13:22:22	56.0	55.0	12.8272
03/22/2018 13:22:33	56.0	56.0	12.6316
03/22/2018 13:22:44	56.0	55.0	12.1693
03/22/2018 13:22:55	54.0	53.0	14.0584
03/22/2018 13:23:06	52.0	51.0	12.336
03/22/2018 13:23:17	51.0	51.0	12.3684
03/22/2018 13:23:28	50.0	50.0	13.6842
03/22/2018 13:23:39	49.0	49.0	12.7321
03/22/2018 13:23:51	49.0	48.0	13.9474
03/22/2018 13:24:02	48.0	48.0	12.7321
03/22/2018 13:24:13	47.0	48.0	15.2231
03/22/2018 13:24:24	48.0	47.0	13.7566
03/22/2018 13:24:35	48.0	47.0	13.4921
03/22/2018 13:24:46	48.0	47.0	13.4565
03/22/2018 13:24:57	48.0	47.0	14.0584
03/22/2018 13:25:08	48.0	47.0	13.6483
03/22/2018 13:25:19	48.0	48.0	13.9474
03/22/2018 13:25:30	50.0	49.0	14.1732
03/22/2018 13:25:41	51.0	51.0	12.8272
03/22/2018 13:25:52	52.0	51.0	11.5486
03/22/2018 13:26:03	53.0	53.0	13.089
03/22/2018 13:26:14	54.0	54.0	11.8421
03/22/2018 13:26:25	55.0	54.0	11.8734
03/22/2018 13:26:36	55.0	55.0	13.6126
03/22/2018 13:26:47	56.0	55.0	11.3158
03/22/2018 13:26:58	57.0	56.0	12.8272
03/22/2018 13:27:09	56.0	56.0	11.7801
03/22/2018 13:27:20	54.0	53.0	14.0992
03/22/2018 13:27:31	51.0	52.0	12.1372
03/22/2018 13:27:42	51.0	51.0	12.6649
03/22/2018 13:27:53	50.0	50.0	13.4565
03/22/2018 13:28:04	49.0	49.0	14.3236
03/22/2018 13:28:15	49.0	49.0	13.2626
03/22/2018 13:28:26	49.0	48.0	14.2105
03/22/2018 13:28:37	48.0	48.0	15.6658
03/22/2018 13:28:48	48.0	48.0	14.248
03/22/2018 13:29:00	48.0	48.0	13.2979
03/22/2018 13:29:11	48.0	47.0	14.1361
03/22/2018 13:29:22	48.0	47.0	12.963
03/22/2018 13:29:33	48.0	47.0	13.9474
03/22/2018 13:29:44	48.0	48.0	13.5279
03/22/2018 13:29:55	50.0	49.0	12.6649
03/22/2018 13:30:06	51.0	51.0	12.5984
03/22/2018 13:30:17	52.0	51.0	13.577
03/22/2018 13:30:28	53.0	53.0	12.0735
03/22/2018 13:30:39	54.0	53.0	14.2105
03/22/2018 13:30:50	54.0	54.0	11.8421
03/22/2018 13:31:01	55.0	55.0	12.3037
03/22/2018 13:31:12	55.0	55.0	12.6316
03/22/2018 13:31:23	57.0	56.0	12.3037
03/22/2018 13:31:34	55.0	54.0	12.6316
03/22/2018 13:31:45	52.0	53.0	12.8272
03/22/2018 13:31:56	51.0	51.0	13.4921
03/22/2018 13:32:07	50.0	50.0	13.9474
03/22/2018 13:32:18	50.0	49.0	13.4565
03/22/2018 13:32:29	49.0	48.0	14.1732
03/22/2018 13:32:40	48.0	48.0	14.2105
03/22/2018 13:32:51	48.0	48.0	15.5263
03/22/2018 13:33:02	48.0	48.0	16.0105
03/22/2018 13:33:13	48.0	47.0	14.7368
03/22/2018 13:33:24	48.0	47.0	13.2275
03/22/2018 13:33:35	47.0	47.0	13.6842
03/22/2018 13:33:46	48.0	48.0	14.0584
03/22/2018 13:33:57	50.0	50.0	12.8272
03/22/2018 13:34:09	51.0	52.0	12.0735
03/22/2018 13:34:20	52.0	51.0	12.3684
03/22/2018 13:34:31	53.0	53.0	12.0104
03/22/2018 13:34:42	54.0	54.0	13.089
03/22/2018 13:34:53	55.0	54.0	12.3037
03/22/2018 13:35:04	55.0	55.0	12.5326
03/22/2018 13:35:15	55.0	56.0	13.0548
03/22/2018 13:35:26	57.0	55.0	12.336
03/22/2018 13:35:37	55.0	54.0	12.0735
03/22/2018 13:35:48	53.0	53.0	13.4211
03/22/2018 13:35:59	51.0	51.0	13.9474
03/22/2018 13:36:10	51.0	51.0	13.7203
03/22/2018 13:36:21	50.0	50.0	14.7368
03/22/2018 13:36:32	49.0	48.0	13.9474
03/22/2018 13:36:43	49.0	48.0	13.0319
03/22/2018 13:36:54	48.0	48.0	14.0212
03/22/2018 13:37:05	48.0	48.0	14.0212
03/22/2018 13:37:16	48.0	47.0	13.2275
03/22/2018 13:37:27	47.0	47.0	13.4921
03/22/2018 13:37:38	48.0	47.0	14.248
03/22/2018 13:37:49	48.0	47.0	15.7895
03/22/2018 13:38:00	49.0	48.0	13.3159
03/22/2018 13:38:11	51.0	50.0	13.0548
03/22/2018 13:38:22	51.0	52.0	12.6316
03/22/2018 13:38:33	52.0	52.0	12.8947
03/22/2018 13:38:44	54.0	53.0	12.2396
03/22/2018 13:38:55	55.0	54.0	13.6483
03/22/2018 13:39:06	55.0	54.0	12.2715
03/22/2018 13:39:17	55.0	55.0	11.5486
03/22/2018 13:39:29	56.0	55.0	13.089
03/22/2018 13:39:40	55.0	55.0	12.3037
03/22/2018 13:39:51	53.0	53.0	12.6984
03/22/2018 13:40:02	51.0	51.0	13.4565
03/22/2018 13:40:13	51.0	51.0	13.4565
03/22/2018 13:40:24	50.0	49.0	14.1732
03/22/2018 13:40:35	49.0	48.0	14.1361
03/22/2018 13:40:46	49.0	48.0	13.9108
03/22/2018 13:40:57	49.0	48.0	14.7368
03/22/2018 13:41:08	48.0	48.0	13.4565
03/22/2018 13:41:19	48.0	47.0	13.2626
03/22/2018 13:41:30	48.0	47.0	13.7203
03/22/2018 13:41:41	48.0	47.0	14.2105
03/22/2018 13:41:52	48.0	46.0	12.9288
03/22/2018 13:42:03	48.0	47.0	14.0212
03/22/2018 13:42:14	49.0	48.0	14.2105
03/22/2018 13:42:25	50.0	50.0	12.1372
03/22/2018 13:42:36	52.0	52.0	13.3508
03/22/2018 13:42:47	53.0	52.0	11.5789
03/22/2018 13:42:58	54.0	53.0	12.6649
03/22/2018 13:43:09	54.0	54.0	14.5833
03/22/2018 13:43:20	55.0	54.0	12.336
03/22/2018 13:43:31	55.0	54.0	12.0735
03/22/2018 13:43:42	56.0	56.0	12.5
03/22/2018 13:43:53	56.0	55.0	11.8421
03/22/2018 13:44:04	53.0	53.0	14.2105
03/22/2018 13:44:15	52.0	51.0	14.6597
03/22/2018 13:44:26	50.0	50.0	13.8381
03/22/2018 13:44:38	50.0	50.0	13.9842
03/22/2018 13:44:49	49.0	49.0	13.4211
03/22/2018 13:45:00	49.0	48.0	13.9108
03/22/2018 13:45:11	49.0	48.0	14.5503
03/22/2018 13:45:22	48.0	48.0	14.2105
03/22/2018 13:45:33	48.0	47.0	12.6984
03/22/2018 13:45:44	48.0	47.0	14.2105
03/22/2018 13:45:55	47.0	47.0	13.2275
03/22/2018 13:46:06	48.0	47.0	14.5119
03/22/2018 13:46:17	47.0	46.0	14.3236
03/22/2018 13:46:28	48.0	48.0	13.6842
03/22/2018 13:46:39	50.0	50.0	13.3159
03/22/2018 13:46:50	51.0	51.0	12.3684
03/22/2018 13:47:01	52.0	51.0	12.0419
03/22/2018 13:47:12	53.0	53.0	13.0208
03/22/2018 13:47:23	54.0	54.0	11.7801
03/22/2018 13:47:34	54.0	54.0	12.7937
03/22/2018 13:47:45	55.0	55.0	12.1372
03/22/2018 13:47:56	55.0	56.0	13.0548
03/22/2018 13:48:07	56.0	55.0	12.5654
03/22/2018 13:48:18	54.0	54.0	13.6842
03/22/2018 13:48:29	52.0	52.0	12.8272
03/22/2018 13:48:40	51.0	51.0	14.248
03/22/2018 13:48:51	50.0	49.0	13.7203
03/22/2018 13:49:02	49.0	49.0	13.4211
03/22/2018 13:49:13	49.0	49.0	13.4921
03/22/2018 13:49:24	48.0	48.0	12.1372
03/22/2018 13:49:35	48.0	48.0	14.1732
03/22/2018 13:49:47	48.0	47.0	14.3979
03/22/2018 13:49:58	48.0	47.0	13.6842
03/22/2018 13:50:09	48.0	46.0	13.4565
03/22/2018 13:50:20	47.0	47.0	14.5119
03/22/2018 13:50:31	47.0	47.0	13.2626
03/22/2018 13:50:42	49.0	48.0	13.4565
03/22/2018 13:50:53	50.0	50.0	12.8947
03/22/2018 13:51:04	51.0	51.0	12.5654
03/22/2018 13:51:15	52.0	52.0	12.8609
03/22/2018 13:51:26	53.0	53.0	12.5326
03/22/2018 13:51:37	54.0	53.0	12.3037
03/22/2018 13:51:48	55.0	54.0	12.1053
03/22/2018 13:51:59	56.0	54.0	12.5654
03/22/2018 13:52:10	57.0	55.0	12.2715
03/22/2018 13:52:21	57.0	56.0	12.6649
03/22/2018 13:52:32	55.0	55.0	12.1053
03/22/2018 13:52:43	54.0	53.0	12.5654
03/22/2018 13:52:54	51.0	51.0	13.7203
03/22/2018 13:53:05	51.0	50.0	14.2105
03/22/2018 13:53:16	50.0	50.0	13.4565
03/22/2018 13:53:27	49.0	48.0	14.7368
03/22/2018 13:53:38	49.0	48.0	13.9474
03/22/2018 13:53:49	49.0	48.0	13.6126
03/22/2018 13:54:00	48.0	47.0	13.4565
03/22/2018 13:54:11	48.0	47.0	13.9842
03/22/2018 13:54:22	48.0	48.0	14.0584
03/22/2018 13:54:33	47.0	47.0	14.3979
03/22/2018 13:54:44	47.0	46.0	13.9108
03/22/2018 13:54:56	48.0	47.0	13.9474
03/22/2018 13:55:07	49.0	48.0	13.9474
03/22/2018 13:55:18	50.0	50.0	12.1053
03/22/2018 13:55:29	51.0	51.0	14.1732
03/22/2018 13:55:40	52.0	52.0	12.3037
03/22/2018 13:55:51	53.0	53.0	13.6126
03/22/2018 13:56:02	54.0	53.0	12.3684
03/22/2018 13:56:13	55.0	54.0	12.5654
03/22/2018 13:56:24	56.0	55.0	12.0419
03/22/2018 13:56:35	56.0	55.0	12.0419
03/22/2018 13:56:46	57.0	56.0	12.7937
03/22/2018 13:56:57	56.0	54.0	12.6316
03/22/2018 13:57:08	53.0	53.0	11.8421
03/22/2018 13:57:19	52.0	52.0	14.1361
03/22/2018 13:57:30	51.0	51.0	14.248
03/22/2018 13:57:41	50.0	49.0	13.1926
03/22/2018 13:57:52	49.0	50.0	14.5119
03/22/2018 13:58:03	49.0	48.0	14.7757
03/22/2018 13:58:14	48.0	48.0	15.6085
03/22/2018 13:58:25	48.0	48.0	13.9474
03/22/2018 13:58:36	47.0	47.0	14.7757
03/22/2018 13:58:47	48.0	46.0	13.8743
03/22/2018 13:58:58	48.0	47.0	14.1732
03/22/2018 13:59:09	48.0	47.0	14.3979
03/22/2018 13:59:20	48.0	47.0	14.6597
03/22/2018 13:59:31	50.0	48.0	13.7566
03/22/2018 13:59:42	51.0	51.0	13.7566
03/22/2018 13:59:53	52.0	52.0	11.9481
03/22/2018 14:00:04	53.0	53.0	12.8609
03/22/2018 14:00:16	54.0	53.0	12.0104
03/22/2018 14:00:27	55.0	54.0	12.2715
03/22/2018 14:00:38	55.0	54.0	13.089
03/22/2018 14:00:49	56.0	55.0	12.0419
03/22/2018 14:01:00	56.0	56.0	11.5789
03/22/2018 14:01:11	57.0	56.0	12.1372
03/22/2018 14:01:22	55.0	54.0	12.5654
03/22/2018 14:01:33	52.0	53.0	12.9288
03/22/2018 14:01:44	51.0	51.0	12.3684
03/22/2018 14:01:55	50.0	50.0	13.4211
03/22/2018 14:02:06	50.0	50.0	14.3979
03/22/2018 14:02:17	49.0	48.0	13.4565
03/22/2018 14:02:28	49.0	48.0	13.7203
03/22/2018 14:02:39	48.0	48.0	13.9474
03/22/2018 14:02:50	48.0	48.0	13.7203
03/22/2018 14:03:01	48.0	47.0	12.8947
03/22/2018 14:03:12	48.0	47.0	14.248
03/22/2018 14:03:23	48.0	47.0	13.6483
03/22/2018 14:03:34	47.0	47.0	13.1926
03/22/2018 14:03:45	47.0	47.0	13.4921
03/22/2018 14:03:56	47.0	46.0	13.2275
03/22/2018 14:04:07	47.0	46.0	15.2231
03/22/2018 14:04:18	49.0	48.0	12.5984
03/22/2018 14:04:29	50.0	50.0	12.6316
03/22/2018 14:04:40	51.0	51.0	12.0735
03/22/2018 14:04:51	52.0	52.0	12.3037
03/22/2018 14:05:02	53.0	53.0	11.811
03/22/2018 14:05:13	54.0	54.0	13.3508
03/22/2018 14:05:25	55.0	54.0	11.8734
03/22/2018 14:05:36	56.0	55.0	12.8609
03/22/2018 14:05:47	56.0	54.0	14.4737
03/22/2018 14:05:58	58.0	59.0	11.8421
03/22/2018 14:06:09	56.0	56.0	11.811
03/22/2018 14:06:20	54.0	53.0	13.3508
03/22/2018 14:06:31	52.0	52.0	13.0548
03/22/2018 14:06:42	51.0	50.0	13.4921
03/22/2018 14:06:53	50.0	50.0	14.7368
03/22/2018 14:07:04	50.0	48.0	13.6126
03/22/2018 14:07:15	49.0	48.0	14.2105
03/22/2018 14:07:26	49.0	48.0	14.2105
03/22/2018 14:07:37	48.0	48.0	14.2105
03/22/2018 14:07:48	48.0	47.0	13.0667
03/22/2018 14:07:59	48.0	47.0	13.7566
03/22/2018 14:08:10	48.0	47.0	12.6649
03/22/2018 14:08:21	48.0	47.0	16.7979
03/22/2018 14:08:32	48.0	46.0	13.6842
03/22/2018 14:08:43	48.0	47.0	13.9474
03/22/2018 14:08:54	50.0	49.0	13.089
03/22/2018 14:09:05	51.0	50.0	13.0208
03/22/2018 14:09:16	52.0	51.0	12.3037
03/22/2018 14:09:27	52.0	52.0	14.0992
03/22/2018 14:09:38	54.0	53.0	12.2715
03/22/2018 14:09:49	55.0	54.0	12.2715
03/22/2018 14:10:00	55.0	54.0	12.8272
03/22/2018 14:10:11	56.0	56.0	11.811
03/22/2018 14:10:22	56.0	56.0	14.3979
03/22/2018 14:10:34	57.0	57.0	12.0419
03/22/2018 14:10:45	55.0	54.0	12.7604
03/22/2018 14:10:56	53.0	52.0	13.1579
03/22/2018 14:11:07	51.0	51.0	13.7203
03/22/2018 14:11:18	50.0	50.0	13.1926
03/22/2018 14:11:29	50.0	49.0	15.2632
03/22/2018 14:11:40	50.0	48.0	13.9842
03/22/2018 14:11:51	49.0	48.0	13.6842
03/22/2018 14:12:02	48.0	47.0	14.6214
03/22/2018 14:12:13	48.0	48.0	13.9108
03/22/2018 14:12:24	48.0	47.0	13.4211
03/22/2018 14:12:35	48.0	47.0	16.5789
03/22/2018 14:12:46	48.0	47.0	13.6842
03/22/2018 14:12:57	48.0	47.0	13.4211
03/22/2018 14:13:08	48.0	47.0	14.1732
03/22/2018 14:13:19	50.0	50.0	13.3508
03/22/2018 14:13:30	51.0	50.0	13.7203
03/22/2018 14:13:41	51.0	51.0	12.3037
03/22/2018 14:13:52	53.0	52.0	11.811
03/22/2018 14:14:03	54.0	54.0	12.5984
03/22/2018 14:14:14	55.0	54.0	12.0735
03/22/2018 14:14:25	55.0	54.0	12.2715
03/22/2018 14:14:36	56.0	55.0	13.0208
03/22/2018 14:14:47	56.0	55.0	12.0104
03/22/2018 14:14:58	57.0	56.0	11.8421
03/22/2018 14:15:09	55.0	54.0	12.4339
03/22/2018 14:15:20	52.0	52.0	12.1053
03/22/2018 14:15:31	51.0	51.0	12.4668
03/22/2018 14:15:42	51.0	50.0	15.0396
03/22/2018 14:15:54	50.0	49.0	14.5119
03/22/2018 14:16:05	49.0	48.0	13.9474
03/22/2018 14:16:16	49.0	48.0	14.2105
03/22/2018 14:16:27	48.0	48.0	13.6842
03/22/2018 14:16:38	48.0	48.0	14.9606
03/22/2018 14:16:49	48.0	47.0	13.1926
03/22/2018 14:17:00	48.0	47.0	14.6982
03/22/2018 14:17:11	48.0	47.0	14.5119
03/22/2018 14:17:22	48.0	47.0	13.5279
03/22/2018 14:17:33	48.0	47.0	13.4211
03/22/2018 14:17:44	49.0	47.0	12.9973
03/22/2018 14:17:55	50.0	50.0	12.8272
03/22/2018 14:18:06	51.0	51.0	12.8272
03/22/2018 14:18:17	52.0	51.0	12.8609
03/22/2018 14:18:28	53.0	53.0	12.5654
03/22/2018 14:18:39	54.0	53.0	12.0419
03/22/2018 14:18:50	55.0	54.0	13.0548
03/22/2018 14:19:01	55.0	55.0	12.0419
03/22/2018 14:19:12	55.0	55.0	12.1372
03/22/2018 14:19:23	57.0	55.0	12.3037
03/22/2018 14:19:34	54.0	53.0	12.8272
03/22/2018 14:19:45	52.0	53.0	13.9108
03/22/2018 14:19:56	51.0	51.0	13.9474
03/22/2018 14:20:07	50.0	50.0	13.9474
03/22/2018 14:20:18	49.0	49.0	13.9842
03/22/2018 14:20:29	49.0	48.0	15.445
03/22/2018 14:20:40	48.0	48.0	13.9842
03/22/2018 14:20:51	48.0	48.0	14.2857
03/22/2018 14:21:03	48.0	48.0	12.4339
03/22/2018 14:21:14	48.0	47.0	13.7203
03/22/2018 14:21:25	48.0	46.0	13.9842
03/22/2018 14:21:36	48.0	47.0	13.4211
03/22/2018 14:21:47	48.0	47.0	13.9474
03/22/2018 14:21:58	49.0	48.0	14.5503
03/22/2018 14:22:09	51.0	50.0	12.5984
03/22/2018 14:22:20	51.0	51.0	12.8609
03/22/2018 14:22:31	52.0	52.0	12.336
03/22/2018 14:22:42	53.0	53.0	12.0419
03/22/2018 14:22:53	54.0	54.0	12.8947
03/22/2018 14:23:04	55.0	54.0	12.5654
03/22/2018 14:23:15	56.0	55.0	12.7937
03/22/2018 14:23:26	56.0	55.0	12.336
03/22/2018 14:23:37	56.0	56.0	12.5326
03/22/2018 14:23:48	55.0	54.0	12.0735
03/22/2018 14:23:59	53.0	52.0	14.4737
03/22/2018 14:24:10	51.0	51.0	13.7203
03/22/2018 14:24:21	50.0	50.0	13.9842
03/22/2018 14:24:32	50.0	49.0	13.9474
03/22/2018 14:24:43	49.0	49.0	13.089
03/22/2018 14:24:54	49.0	48.0	13.2626
03/22/2018 14:25:05	48.0	48.0	14.6597
03/22/2018 14:25:16	48.0	47.0	12.9288
03/22/2018 14:25:27	48.0	47.0	14.0212
03/22/2018 14:25:38	48.0	47.0	13.7566
03/22/2018 14:25:49	48.0	47.0	13.4211
03/22/2018 14:26:00	48.0	47.0	15
03/22/2018 14:26:12	50.0	49.0	12.5984
03/22/2018 14:26:23	51.0	50.0	12.1053
03/22/2018 14:26:34	52.0	52.0	12.3684
03/22/2018 14:26:45	53.0	53.0	11.811
03/22/2018 14:26:56	54.0	53.0	12.7604
03/22/2018 14:27:07	55.0	54.0	14.6597
03/22/2018 14:27:18	56.0	54.0	11.811
03/22/2018 14:27:29	56.0	55.0	12.3037
03/22/2018 14:27:40	57.0	56.0	11.0526
03/22/2018 14:27:51	56.0	56.0	12.5654
03/22/2018 14:28:02	54.0	53.0	13.3858
03/22/2018 14:28:13	53.0	52.0	13.2275
03/22/2018 14:28:24	51.0	51.0	13.4565
03/22/2018 14:28:35	50.0	50.0	14.0212
03/22/2018 14:28:46	49.0	49.0	13.4565
03/22/2018 14:28:57	49.0	48.0	13.9108
03/22/2018 14:29:08	48.0	48.0	14.7368
03/22/2018 14:29:19	48.0	47.0	13.9108
03/22/2018 14:29:30	48.0	47.0	13.5279
03/22/2018 14:29:41	49.0	47.0	13.7566
03/22/2018 14:29:52	48.0	47.0	14.6214
03/22/2018 14:30:03	47.0	47.0	12.6984
03/22/2018 14:30:14	49.0	49.0	13.6842
03/22/2018 14:30:25	50.0	51.0	12.2715
03/22/2018 14:30:36	52.0	52.0	14.0625
03/22/2018 14:30:47	53.0	53.0	13.3858
03/22/2018 14:30:58	53.0	53.0	12.5654
03/22/2018 14:31:09	54.0	54.0	13.5417
03/22/2018 14:31:21	55.0	54.0	12.5654
03/22/2018 14:31:32	56.0	55.0	12.0419
03/22/2018 14:31:43	56.0	56.0	11.9792
03/22/2018 14:31:54	57.0	56.0	12.336
03/22/2018 14:32:05	55.0	54.0	12.0735
03/22/2018 14:32:16	52.0	52.0	12.6316
03/22/2018 14:32:27	51.0	51.0	12.9973
03/22/2018 14:32:38	50.0	50.0	13.4565
03/22/2018 14:32:49	49.0	50.0	12.766
03/22/2018 14:33:00	49.0	48.0	13.9842
03/22/2018 14:33:11	49.0	48.0	14.248
03/22/2018 14:33:22	48.0	48.0	13.7566
03/22/2018 14:33:33	48.0	48.0	13.4565
03/22/2018 14:33:44	47.0	48.0	14.0212
03/22/2018 14:33:55	48.0	48.0	13.6842
03/22/2018 14:34:06	47.0	47.0	13.7203
03/22/2018 14:34:17	47.0	48.0	14.2857
03/22/2018 14:34:28	49.0	50.0	13.3858
03/22/2018 14:34:39	51.0	51.0	12.336
03/22/2018 14:34:50	52.0	52.0	12.3684
03/22/2018 14:35:01	53.0	53.0	12.5654
03/22/2018 14:35:12	54.0	54.0	11.811
03/22/2018 14:35:23	54.0	54.0	12.8272
03/22/2018 14:35:34	55.0	54.0	12.8947
03/22/2018 14:35:45	56.0	55.0	12.5984
03/22/2018 14:35:56	56.0	55.0	11.5486
03/22/2018 14:36:07	57.0	56.0	12.336
03/22/2018 14:36:18	54.0	54.0	12.1053
03/22/2018 14:36:29	53.0	52.0	12.5984
03/22/2018 14:36:40	51.0	51.0	14.7368
03/22/2018 14:36:52	50.0	51.0	14.4737
03/22/2018 14:37:03	49.0	50.0	13.3858
03/22/2018 14:37:14	48.0	49.0	13.4565
03/22/2018 14:37:25	48.0	48.0	14.2105
03/22/2018 14:37:36	48.0	48.0	13.9842
03/22/2018 14:37:47	48.0	47.0	12.9288
03/22/2018 14:37:58	47.0	47.0	14.4357
03/22/2018 14:38:09	48.0	47.0	13.4565
03/22/2018 14:38:20	48.0	47.0	14.2105
03/22/2018 14:38:31	47.0	47.0	14.2105
03/22/2018 14:38:42	49.0	49.0	14.3979
03/22/2018 14:38:53	50.0	50.0	13.3858
03/22/2018 14:39:04	52.0	51.0	12.0735
03/22/2018 14:39:15	52.0	52.0	12.7937
03/22/2018 14:39:26	54.0	53.0	12.0735
03/22/2018 14:39:37	54.0	54.0	12.5654
03/22/2018 14:39:48	55.0	54.0	12.0104
03/22/2018 14:39:59	55.0	55.0	12.8609
03/22/2018 14:40:10	56.0	55.0	12.0104
03/22/2018 14:40:21	56.0	55.0	12.336
03/22/2018 14:40:32	54.0	54.0	12.6316
03/22/2018 14:40:43	52.0	52.0	14.4737
03/22/2018 14:40:54	51.0	51.0	13.9842
03/22/2018 14:41:05	50.0	50.0	15.1194
03/22/2018 14:41:16	50.0	52.0	13.5279
03/22/2018 14:41:27	49.0	48.0	14.4737
03/22/2018 14:41:38	49.0	48.0	14.2105
03/22/2018 14:41:49	48.0	48.0	13.4565
03/22/2018 14:42:01	48.0	48.0	14.0212
03/22/2018 14:42:12	48.0	47.0	13.6842
03/22/2018 14:42:23	48.0	47.0	14.1732
03/22/2018 14:42:34	47.0	47.0	13.089
03/22/2018 14:42:45	47.0	47.0	14.6214
03/22/2018 14:42:56	48.0	47.0	13.9474
03/22/2018 14:43:07	49.0	48.0	14.248
03/22/2018 14:43:18	51.0	50.0	12.3037
03/22/2018 14:43:29	52.0	51.0	12.5326
03/22/2018 14:43:40	53.0	52.0	13.089
03/22/2018 14:43:51	54.0	53.0	12.3037
03/22/2018 14:44:02	55.0	54.0	13.3858
03/22/2018 14:44:13	55.0	54.0	12.0735
03/22/2018 14:44:24	55.0	55.0	12.0735
03/22/2018 14:44:35	57.0	56.0	12.5654
03/22/2018 14:44:46	57.0	55.0	12.5326
03/22/2018 14:44:57	54.0	53.0	12.3684
03/22/2018 14:45:08	53.0	52.0	12.8609
03/22/2018 14:45:19	51.0	51.0	12.9973
03/22/2018 14:45:30	50.0	50.0	13.2979
03/22/2018 14:45:41	50.0	49.0	16.2304
03/22/2018 14:45:52	49.0	48.0	14.0212
03/22/2018 14:46:03	49.0	48.0	13.9108
03/22/2018 14:46:14	48.0	48.0	14.4357
03/22/2018 14:46:25	48.0	47.0	13.2275
03/22/2018 14:46:36	48.0	48.0	14.4737
03/22/2018 14:46:47	48.0	48.0	12.9973
03/22/2018 14:46:58	48.0	47.0	13.9108
03/22/2018 14:47:10	47.0	46.0	14.6982
03/22/2018 14:47:21	48.0	48.0	12.9973
03/22/2018 14:47:32	49.0	49.0	12.3684
03/22/2018 14:47:43	51.0	51.0	12.5654
03/22/2018 14:47:54	52.0	52.0	12.5984
03/22/2018 14:48:05	53.0	53.0	11.5789
03/22/2018 14:48:16	54.0	54.0	12.8947
03/22/2018 14:48:27	54.0	54.0	12.0735
03/22/2018 14:48:38	56.0	54.0	12.0735
03/22/2018 14:48:49	56.0	55.0	12.2715
03/22/2018 14:49:00	56.0	56.0	12.0735
03/22/2018 14:49:11	57.0	56.0	11.7801
03/22/2018 14:49:22	54.0	53.0	12.336
03/22/2018 14:49:33	52.0	51.0	12.0104
03/22/2018 14:49:44	51.0	51.0	14.2857
03/22/2018 14:49:55	50.0	50.0	13.4565
03/22/2018 14:50:06	49.0	48.0	13.6842
03/22/2018 14:50:17	49.0	48.0	13.7203
03/22/2018 14:50:28	48.0	48.0	13.6483
03/22/2018 14:50:39	48.0	47.0	13.7203
03/22/2018 14:50:50	48.0	47.0	13.9474
03/22/2018 14:51:01	47.0	47.0	13.4565
03/22/2018 14:51:12	48.0	47.0	13.6842
03/22/2018 14:51:23	47.0	47.0	13.4211
03/22/2018 14:51:34	48.0	47.0	13.2275
03/22/2018 14:51:45	48.0	47.0	13.6842
03/22/2018 14:51:56	48.0	47.0	14.2105
03/22/2018 14:52:07	49.0	48.0	13.5279
03/22/2018 14:52:19	51.0	50.0	13.4565
03/22/2018 14:52:30	52.0	52.0	12.1053
03/22/2018 14:52:41	52.0	52.0	12.0419
03/22/2018 14:52:52	53.0	53.0	12.1693
03/22/2018 14:53:03	54.0	54.0	11.9048
03/22/2018 14:53:14	55.0	54.0	14.1732
03/22/2018 14:53:25	55.0	54.0	12.3684
03/22/2018 14:53:36	56.0	55.0	12.0419
03/22/2018 14:53:47	56.0	56.0	11.7801
03/22/2018 14:53:58	55.0	56.0	13.0548
03/22/2018 14:54:09	54.0	53.0	12.1053
03/22/2018 14:54:20	51.0	51.0	14.2857
03/22/2018 14:54:31	51.0	51.0	14.2857
03/22/2018 14:54:42	50.0	50.0	13.4211
03/22/2018 14:54:53	49.0	48.0	14.5119
03/22/2018 14:55:04	49.0	48.0	13.6483
03/22/2018 14:55:15	48.0	47.0	12.8947
03/22/2018 14:55:26	48.0	48.0	14.4357
03/22/2018 14:55:37	47.0	47.0	14.3979
03/22/2018 14:55:48	48.0	47.0	14.5889
03/22/2018 14:55:59	48.0	48.0	16.4021
03/22/2018 14:56:10	50.0	50.0	12.8947
03/22/2018 14:56:21	51.0	51.0	13.3508
03/22/2018 14:56:32	52.0	51.0	13.089
03/22/2018 14:56:43	53.0	53.0	11.5486
03/22/2018 14:56:54	53.0	53.0	12.5984
03/22/2018 14:57:05	55.0	54.0	13.0208
03/22/2018 14:57:16	55.0	54.0	12.336
03/22/2018 14:57:27	55.0	55.0	12.5984
03/22/2018 14:57:39	56.0	56.0	12.3037
03/22/2018 14:57:50	56.0	56.0	12.0735
03/22/2018 14:58:01	53.0	53.0	13.9108
03/22/2018 14:58:12	52.0	52.0	12.3684
03/22/2018 14:58:23	51.0	50.0	14.0212
03/22/2018 14:58:34	50.0	50.0	14.5119
03/22/2018 14:58:45	49.0	48.0	13.7203
03/22/2018 14:58:56	49.0	48.0	13.6842
03/22/2018 14:59:07	49.0	48.0	14.5119
03/22/2018 14:59:18	48.0	47.0	12.9288
03/22/2018 14:59:29	48.0	47.0	13.7203
03/22/2018 14:59:40	48.0	46.0	14.4357
03/22/2018 14:59:51	48.0	47.0	13.6483
03/22/2018 15:00:02	48.0	47.0	13.7203
03/22/2018 15:00:13	47.0	47.0	13.4211
03/22/2018 15:00:24	49.0	48.0	13.9474
03/22/2018 15:00:35	50.0	50.0	13.2275
03/22/2018 15:00:46	51.0	51.0	12.3684
03/22/2018 15:00:57	53.0	53.0	11.7801
03/22/2018 15:01:08	53.0	52.0	13.1234
03/22/2018 15:01:19	54.0	54.0	12.2715
03/22/2018 15:01:30	55.0	55.0	12.6316
03/22/2018 15:01:41	55.0	54.0	12.6316
03/22/2018 15:01:52	56.0	55.0	13.3508
03/22/2018 15:02:03	56.0	56.0	11.5183
03/22/2018 15:02:14	57.0	56.0	13.0548
03/22/2018 15:02:25	54.0	53.0	12.3037
03/22/2018 15:02:36	52.0	51.0	12.8947
03/22/2018 15:02:47	51.0	51.0	14.5119
03/22/2018 15:02:59	51.0	50.0	13.1579
03/22/2018 15:03:10	50.0	49.0	14.7368
03/22/2018 15:03:21	49.0	49.0	14.6982
03/22/2018 15:03:32	48.0	48.0	14.4737
03/22/2018 15:03:43	49.0	47.0	14.4737
03/22/2018 15:03:54	48.0	47.0	13.5638
03/22/2018 15:04:05	48.0	47.0	13.9108
03/22/2018 15:04:16	47.0	47.0	14.3236
03/22/2018 15:04:27	49.0	48.0	13.1926
03/22/2018 15:04:38	50.0	50.0	12.5654
03/22/2018 15:04:49	51.0	51.0	12.8609
03/22/2018 15:05:00	52.0	53.0	12.336
03/22/2018 15:05:11	54.0	53.0	12.3037
03/22/2018 15:05:22	55.0	54.0	13.3159
03/22/2018 15:05:33	55.0	54.0	12.3037
03/22/2018 15:05:44	55.0	55.0	12.7604
03/22/2018 15:05:55	57.0	56.0	12.5326
03/22/2018 15:06:06	57.0	56.0	13.8743
03/22/2018 15:06:17	55.0	54.0	13.1234
03/22/2018 15:06:28	53.0	53.0	13.8743
03/22/2018 15:06:39	52.0	51.0	13.4211
03/22/2018 15:06:50	51.0	50.0	13.5279
03/22/2018 15:07:01	50.0	50.0	13.6483
03/22/2018 15:07:12	49.0	48.0	13.1579
03/22/2018 15:07:23	49.0	48.0	14.8148
03/22/2018 15:07:34	49.0	48.0	13.6126
03/22/2018 15:07:45	48.0	47.0	14.0212
03/22/2018 15:07:56	48.0	47.0	15.3439
03/22/2018 15:08:08	48.0	47.0	14.248
03/22/2018 15:08:19	47.0	47.0	12.8609
03/22/2018 15:08:30	48.0	47.0	14.248
03/22/2018 15:08:41	50.0	50.0	13.089
03/22/2018 15:08:52	51.0	51.0	14.1732
03/22/2018 15:09:03	52.0	51.0	12.0735
03/22/2018 15:09:14	53.0	53.0	12.3684
03/22/2018 15:09:25	54.0	53.0	13.8021
03/22/2018 15:09:36	54.0	54.0	11.5789
03/22/2018 15:09:47	55.0	55.0	12.0735
03/22/2018 15:09:58	55.0	55.0	13.1579
03/22/2018 15:10:09	56.0	56.0	12.2715
03/22/2018 15:10:20	55.0	54.0	11.6402
03/22/2018 15:10:31	53.0	52.0	12.8947
03/22/2018 15:10:42	51.0	51.0	13.7203
03/22/2018 15:10:53	50.0	50.0	14.6597
03/22/2018 15:11:04	50.0	48.0	13.7566
03/22/2018 15:11:15	49.0	49.0	13.9842
03/22/2018 15:11:26	49.0	48.0	13.9474
03/22/2018 15:11:37	48.0	48.0	14.1361
03/22/2018 15:11:48	48.0	48.0	14.1732
03/22/2018 15:11:59	48.0	48.0	13.4211
03/22/2018 15:12:10	48.0	47.0	13.9108
03/22/2018 15:12:21	49.0	48.0	13.7203
03/22/2018 15:12:32	50.0	50.0	12.8609
03/22/2018 15:12:43	51.0	51.0	13.6842
03/22/2018 15:12:54	52.0	52.0	12.3684
03/22/2018 15:13:05	53.0	53.0	12.5984
03/22/2018 15:13:16	54.0	53.0	11.3158
03/22/2018 15:13:28	55.0	54.0	13.3159
03/22/2018 15:13:39	55.0	55.0	14.8438
03/22/2018 15:13:50	56.0	55.0	11.3456
03/22/2018 15:14:01	57.0	56.0	12.1372
03/22/2018 15:14:12	55.0	55.0	12.1053
03/22/2018 15:14:23	52.0	52.0	13.1926
03/22/2018 15:14:34	51.0	51.0	12.5654
03/22/2018 15:14:45	50.0	50.0	13.9108
03/22/2018 15:14:56	50.0	49.0	13.6126
03/22/2018 15:15:07	49.0	49.0	13.9474
03/22/2018 15:15:18	49.0	48.0	13.7566
03/22/2018 15:15:29	48.0	48.0	13.3858
03/22/2018 15:15:40	48.0	47.0	14.5119
03/22/2018 15:15:51	48.0	48.0	13.7203
03/22/2018 15:16:02	48.0	47.0	13.3508
03/22/2018 15:16:13	47.0	47.0	13.7931
03/22/2018 15:16:24	47.0	47.0	14.0992
03/22/2018 15:16:35	48.0	48.0	13.9474
03/22/2018 15:16:46	50.0	50.0	12.0735
03/22/2018 15:16:57	51.0	50.0	12.7937
03/22/2018 15:17:08	52.0	51.0	12.5654
03/22/2018 15:17:19	53.0	53.0	11.3158
03/22/2018 15:17:30	54.0	53.0	13.3159
03/22/2018 15:17:41	54.0	54.0	12.336
03/22/2018 15:17:52	55.0	55.0	12.0735
03/22/2018 15:18:03	56.0	55.0	11.8421
03/22/2018 15:18:14	56.0	55.0	13.1234
03/22/2018 15:18:25	56.0	55.0	13.577
03/22/2018 15:18:36	53.0	53.0	11.5486
03/22/2018 15:18:48	52.0	52.0	13.6842
03/22/2018 15:18:59	51.0	51.0	13.4211
03/22/2018 15:19:10	50.0	50.0	14.4357
03/22/2018 15:19:21	49.0	49.0	13.2979
03/22/2018 15:19:32	49.0	48.0	13.4921
03/22/2018 15:19:43	48.0	48.0	15.2231
03/22/2018 15:19:54	48.0	47.0	13.7203
03/22/2018 15:20:05	48.0	47.0	13.6842
03/22/2018 15:20:16	47.0	47.0	14.6982
03/22/2018 15:20:27	47.0	47.0	13.1579
03/22/2018 15:20:38	47.0	47.0	14.3603
03/22/2018 15:20:49	48.0	47.0	13.5279
03/22/2018 15:21:00	50.0	49.0	13.6483
03/22/2018 15:21:11	51.0	50.0	12.8609
03/22/2018 15:21:22	51.0	52.0	13.2812
03/22/2018 15:21:33	52.0	53.0	13.5417
03/22/2018 15:21:44	53.0	53.0	11.5789
03/22/2018 15:21:55	54.0	54.0	13.089
03/22/2018 15:22:06	55.0	54.0	12.3037
03/22/2018 15:22:17	55.0	55.0	12.5326
03/22/2018 15:22:28	56.0	55.0	12.0104
03/22/2018 15:22:39	56.0	56.0	12.5654
03/22/2018 15:22:50	53.0	53.0	12.5654
03/22/2018 15:23:01	52.0	51.0	12.8609
03/22/2018 15:23:12	51.0	51.0	12.963
03/22/2018 15:23:23	50.0	50.0	13.7931
03/22/2018 15:23:34	49.0	48.0	14.8825
03/22/2018 15:23:45	49.0	48.0	13.9842
03/22/2018 15:23:57	48.0	47.0	14.0212
03/22/2018 15:24:08	48.0	48.0	14.3229
03/22/2018 15:24:19	48.0	47.0	12.963
03/22/2018 15:24:30	48.0	47.0	13.9842
03/22/2018 15:24:41	47.0	47.0	13.9108
03/22/2018 15:24:52	48.0	47.0	13.4211
03/22/2018 15:25:03	48.0	48.0	13.4211
03/22/2018 15:25:14	49.0	48.0	12.9973
03/22/2018 15:25:25	51.0	51.0	12.4011
03/22/2018 15:25:36	52.0	52.0	12.6316
03/22/2018 15:25:47	52.0	53.0	12.6316
03/22/2018 15:25:58	53.0	53.0	11.6711
03/22/2018 15:26:09	54.0	54.0	12.7273
03/22/2018 15:26:20	55.0	54.0	12.2715
03/22/2018 15:26:31	55.0	55.0	12.8609
03/22/2018 15:26:42	56.0	55.0	12.0735
03/22/2018 15:26:53	56.0	56.0	12.7604
03/22/2018 15:27:04	55.0	54.0	12.8947
03/22/2018 15:27:15	53.0	53.0	12.0735
03/22/2018 15:27:26	51.0	51.0	13.7203
03/22/2018 15:27:37	50.0	50.0	13.9842
03/22/2018 15:27:48	49.0	49.0	13.9108
03/22/2018 15:27:59	49.0	48.0	13.6126
03/22/2018 15:28:10	49.0	48.0	14.2105
03/22/2018 15:28:21	48.0	48.0	12.6649
03/22/2018 15:28:32	48.0	48.0	15.4856
03/22/2018 15:28:43	48.0	48.0	13.9474
03/22/2018 15:28:54	48.0	48.0	13.9842
03/22/2018 15:29:06	50.0	50.0	13.7566
03/22/2018 15:29:17	51.0	51.0	13.1234
03/22/2018 15:29:28	51.0	52.0	12.2715
03/22/2018 15:29:39	53.0	53.0	12.8609
03/22/2018 15:29:50	54.0	53.0	12.1053
03/22/2018 15:30:01	54.0	54.0	12.3037
03/22/2018 15:30:12	55.0	54.0	12.5984
03/22/2018 15:30:23	55.0	55.0	12.5
03/22/2018 15:30:34	56.0	55.0	11.2565
03/22/2018 15:30:45	56.0	56.0	12.2715
03/22/2018 15:30:56	56.0	54.0	11.8421
03/22/2018 15:31:07	53.0	53.0	12.8947
03/22/2018 15:31:18	52.0	51.0	13.1234
03/22/2018 15:31:29	51.0	50.0	12.4668
03/22/2018 15:31:40	49.0	49.0	14.248
03/22/2018 15:31:51	49.0	48.0	14.0992
03/22/2018 15:32:02	49.0	48.0	13.6842
03/22/2018 15:32:13	48.0	47.0	13.9842
03/22/2018 15:32:24	48.0	47.0	13.9108
03/22/2018 15:32:35	48.0	46.0	16.3588
03/22/2018 15:32:46	49.0	48.0	14.2105
03/22/2018 15:32:57	50.0	50.0	12.5984
03/22/2018 15:33:08	51.0	51.0	13.3858
03/22/2018 15:33:19	52.0	51.0	12.8609
03/22/2018 15:33:30	53.0	53.0	12.0735
03/22/2018 15:33:41	54.0	53.0	12.8609
03/22/2018 15:33:52	54.0	54.0	12.3037
03/22/2018 15:34:03	55.0	55.0	11.811
03/22/2018 15:34:14	56.0	55.0	12.336
03/22/2018 15:34:26	56.0	55.0	13.4211
03/22/2018 15:34:37	56.0	55.0	12.5
03/22/2018 15:34:48	54.0	53.0	14.9606
03/22/2018 15:34:59	52.0	51.0	13.6483
03/22/2018 15:35:10	51.0	50.0	14.0212
03/22/2018 15:35:21	50.0	50.0	13.2275
03/22/2018 15:35:32	49.0	49.0	13.2275
03/22/2018 15:35:43	48.0	48.0	13.6126
03/22/2018 15:35:54	48.0	48.0	14.5119
03/22/2018 15:36:05	48.0	47.0	12.963
03/22/2018 15:36:16	47.0	47.0	14.5119
03/22/2018 15:36:27	48.0	47.0	13.6842
03/22/2018 15:36:38	48.0	48.0	13.9108
03/22/2018 15:36:49	50.0	49.0	12.8947
03/22/2018 15:37:00	50.0	50.0	12.6316
03/22/2018 15:37:11	51.0	51.0	13.4211
03/22/2018 15:37:22	52.0	53.0	12.336
03/22/2018 15:37:33	53.0	53.0	12.5654
03/22/2018 15:37:44	54.0	53.0	11.5789
03/22/2018 15:37:55	55.0	54.0	13.3858
03/22/2018 15:38:06	55.0	55.0	12.2396
03/22/2018 15:38:17	57.0	56.0	12.0419
03/22/2018 15:38:28	57.0	56.0	12.5984
03/22/2018 15:38:39	55.0	54.0	13.6126
03/22/2018 15:38:50	54.0	53.0	14.9606
03/22/2018 15:39:01	52.0	52.0	13.9842
03/22/2018 15:39:12	50.0	50.0	14.6982
03/22/2018 15:39:23	50.0	49.0	14.248
03/22/2018 15:39:35	49.0	48.0	13.4921
03/22/2018 15:39:46	49.0	48.0	13.6842
03/22/2018 15:39:57	48.0	47.0	14.0584
03/22/2018 15:40:08	48.0	47.0	12.8609
03/22/2018 15:40:19	48.0	47.0	13.7203
03/22/2018 15:40:30	48.0	47.0	13.7566
03/22/2018 15:40:41	48.0	47.0	14.4737
03/22/2018 15:40:52	49.0	48.0	13.8743
03/22/2018 15:41:03	51.0	50.0	14.248
03/22/2018 15:41:14	51.0	51.0	11.811
03/22/2018 15:41:25	53.0	53.0	12.3037
03/22/2018 15:41:36	53.0	53.0	11.7801
03/22/2018 15:41:47	54.0	54.0	13.3508
03/22/2018 15:41:58	55.0	54.0	12.3684
03/22/2018 15:42:09	56.0	55.0	12.0419
03/22/2018 15:42:20	56.0	55.0	12.987
03/22/2018 15:42:31	55.0	54.0	12.5654
03/22/2018 15:42:42	53.0	53.0	12.3037
03/22/2018 15:42:53	51.0	51.0	13.1579
03/22/2018 15:43:04	50.0	50.0	13.7931
03/22/2018 15:43:15	50.0	50.0	11.5789
03/22/2018 15:43:26	49.0	48.0	13.7566
03/22/2018 15:43:37	49.0	48.0	16.4021
03/22/2018 15:43:48	50.0	49.0	13.2626
03/22/2018 15:43:59	48.0	48.0	13.6842
03/22/2018 15:44:10	48.0	46.0	15.2231
03/22/2018 15:44:21	47.0	47.0	13.6483
03/22/2018 15:44:32	48.0	47.0	15
03/22/2018 15:44:43	50.0	50.0	13.9108
03/22/2018 15:44:55	51.0	51.0	12.5984
03/22/2018 15:45:06	52.0	51.0	12.6316
03/22/2018 15:45:17	53.0	53.0	12.1053
03/22/2018 15:45:28	54.0	53.0	11.8421
03/22/2018 15:45:39	55.0	54.0	12.7937
03/22/2018 15:45:50	55.0	54.0	12.0735
03/22/2018 15:46:01	56.0	55.0	11.5486
03/22/2018 15:46:12	55.0	55.0	12.6316
03/22/2018 15:46:23	53.0	53.0	12.8272
03/22/2018 15:46:34	52.0	51.0	12.8609
03/22/2018 15:46:45	50.0	51.0	12.3684
03/22/2018 15:46:56	50.0	49.0	13.6842
03/22/2018 15:47:07	49.0	48.0	13.4211
03/22/2018 15:47:18	49.0	48.0	13.4565
03/22/2018 15:47:29	48.0	47.0	12.1053
03/22/2018 15:47:40	48.0	47.0	12.1372
03/22/2018 15:47:51	48.0	47.0	13.2275
03/22/2018 15:48:02	47.0	46.0	14.4357
03/22/2018 15:48:13	47.0	46.0	14.6982
03/22/2018 15:48:24	48.0	48.0	13.8743
03/22/2018 15:48:35	50.0	50.0	12.8609
03/22/2018 15:48:46	52.0	51.0	13.1234
03/22/2018 15:48:57	52.0	52.0	12.5654
03/22/2018 15:49:08	53.0	53.0	11.8421
03/22/2018 15:49:19	54.0	53.0	12.8947
03/22/2018 15:49:30	55.0	54.0	12.0419
03/22/2018 15:49:41	55.0	54.0	12.2715
03/22/2018 15:49:52	56.0	55.0	12.5654
03/22/2018 15:50:04	56.0	56.0	11.8421
03/22/2018 15:50:15	56.0	55.0	12.3684
03/22/2018 15:50:26	53.0	52.0	12.3684
03/22/2018 15:50:37	52.0	51.0	13.1926
03/22/2018 15:50:48	51.0	50.0	14.7757
03/22/2018 15:50:59	50.0	49.0	14.4357
03/22/2018 15:51:10	49.0	48.0	13.9842
03/22/2018 15:51:21	49.0	48.0	14.2105
03/22/2018 15:51:32	48.0	48.0	14.3979
03/22/2018 15:51:43	48.0	47.0	13.1579
03/22/2018 15:51:54	48.0	46.0	14.4357
03/22/2018 15:52:05	48.0	47.0	13.1926
03/22/2018 15:52:16	48.0	47.0	13.5279
03/22/2018 15:52:27	48.0	47.0	14.5119
03/22/2018 15:52:38	49.0	48.0	12.3684
03/22/2018 15:52:49	51.0	50.0	15.3646
03/22/2018 15:53:00	51.0	51.0	12.1053
03/22/2018 15:53:11	53.0	52.0	12.1372
03/22/2018 15:53:22	54.0	54.0	12.1053
03/22/2018 15:53:33	54.0	54.0	14.6214
03/22/2018 15:53:44	55.0	54.0	14.3603
03/22/2018 15:53:55	56.0	55.0	12.4011
03/22/2018 15:54:06	57.0	55.0	11.7801
03/22/2018 15:54:17	57.0	55.0	12.2715
03/22/2018 15:54:28	53.0	53.0	13.089
03/22/2018 15:54:39	52.0	51.0	13.3159
03/22/2018 15:54:50	51.0	51.0	13.9474
03/22/2018 15:55:01	50.0	49.0	14.248
03/22/2018 15:55:12	50.0	49.0	13.4921
03/22/2018 15:55:24	49.0	48.0	13.9842
03/22/2018 15:55:35	48.0	48.0	14.1361
03/22/2018 15:55:46	48.0	47.0	13.4211
03/22/2018 15:55:57	48.0	47.0	13.9474
03/22/2018 15:56:08	47.0	47.0	12.8947
03/22/2018 15:56:19	48.0	47.0	13.9108
03/22/2018 15:56:30	47.0	47.0	14.7368
03/22/2018 15:56:41	47.0	47.0	13.9474
03/22/2018 15:56:52	47.0	46.0	13.4565
03/22/2018 15:57:03	49.0	48.0	14.6597
03/22/2018 15:57:14	50.0	49.0	12.2715
03/22/2018 15:57:25	51.0	51.0	12.2715
03/22/2018 15:57:36	53.0	52.0	13.2124
03/22/2018 15:57:47	53.0	53.0	12.336
03/22/2018 15:57:58	54.0	53.0	11.5486
03/22/2018 15:58:09	55.0	54.0	11.4883
03/22/2018 15:58:20	55.0	54.0	12.5654
03/22/2018 15:58:31	56.0	56.0	12.1693
03/22/2018 15:58:42	56.0	55.0	12.3037
03/22/2018 15:58:53	53.0	53.0	12.0419
03/22/2018 15:59:04	51.0	51.0	13.4921
03/22/2018 15:59:15	50.0	50.0	13.1926
03/22/2018 15:59:26	50.0	49.0	13.7203
03/22/2018 15:59:37	49.0	48.0	14.8148
03/22/2018 15:59:48	49.0	48.0	13.9108
03/22/2018 15:59:59	48.0	47.0	13.8381
03/22/2018 16:00:10	48.0	47.0	14.0212
03/22/2018 16:00:22	47.0	47.0	13.4565
03/22/2018 16:00:33	47.0	47.0	14.2105
03/22/2018 16:00:44	47.0	47.0	14.0212
03/22/2018 16:00:55	47.0	47.0	13.7203
03/22/2018 16:01:06	47.0	47.0	15.748
03/22/2018 16:01:17	49.0	48.0	14.4357
03/22/2018 16:01:28	50.0	50.0	12.0735
03/22/2018 16:01:39	51.0	51.0	13.2979
03/22/2018 16:01:50	52.0	52.0	12.5984
03/22/2018 16:02:01	53.0	53.0	11.5486
03/22/2018 16:02:12	54.0	53.0	12.8609
03/22/2018 16:02:23	55.0	54.0	11.0818
03/22/2018 16:02:34	55.0	54.0	12.2715
03/22/2018 16:02:45	56.0	55.0	11.8421
03/22/2018 16:02:56	57.0	55.0	12.1053
03/22/2018 16:03:07	54.0	54.0	12.5326
03/22/2018 16:03:18	52.0	52.0	14.7757
03/22/2018 16:03:29	51.0	50.0	13.6483
03/22/2018 16:03:40	50.0	49.0	13.6483
03/22/2018 16:03:51	49.0	48.0	15.0396
03/22/2018 16:04:02	49.0	48.0	13.6842
03/22/2018 16:04:13	48.0	47.0	14.4737
03/22/2018 16:04:24	48.0	47.0	14.2857
03/22/2018 16:04:35	49.0	48.0	14.1732
03/22/2018 16:04:46	48.0	47.0	14.2105
03/22/2018 16:04:57	47.0	46.0	14.0992
03/22/2018 16:05:08	47.0	47.0	13.7203
03/22/2018 16:05:19	49.0	48.0	14.5119
03/22/2018 16:05:30	50.0	50.0	12.4339
03/22/2018 16:05:42	51.0	50.0	13.4211
03/22/2018 16:05:53	52.0	52.0	14.4357
03/22/2018 16:06:04	53.0	53.0	12.0419
03/22/2018 16:06:15	53.0	53.0	12.0104
03/22/2018 16:06:26	55.0	54.0	13.2812
03/22/2018 16:06:37	56.0	54.0	12.2715
03/22/2018 16:06:48	55.0	55.0	13.2812
03/22/2018 16:06:59	56.0	56.0	12.9288
03/22/2018 16:07:10	55.0	54.0	12.0419
03/22/2018 16:07:21	53.0	52.0	14.0992
03/22/2018 16:07:32	51.0	51.0	13.5279
03/22/2018 16:07:43	51.0	50.0	13.089
03/22/2018 16:07:54	50.0	49.0	14.2105
03/22/2018 16:08:05	49.0	48.0	13.9842
03/22/2018 16:08:16	48.0	48.0	13.4211
03/22/2018 16:08:27	48.0	48.0	13.4565
03/22/2018 16:08:38	48.0	47.0	13.4211
03/22/2018 16:08:49	48.0	47.0	13.7566
03/22/2018 16:09:00	47.0	47.0	14.5119
03/22/2018 16:09:11	47.0	47.0	14.1732
03/22/2018 16:09:22	47.0	46.0	14.2105
03/22/2018 16:09:33	47.0	46.0	14.1361
03/22/2018 16:09:44	49.0	48.0	13.6842
03/22/2018 16:09:55	50.0	50.0	13.8381
03/22/2018 16:10:06	51.0	51.0	12.0419
03/22/2018 16:10:17	52.0	52.0	12.5
03/22/2018 16:10:28	53.0	53.0	12.5654
03/22/2018 16:10:39	54.0	53.0	11.811
03/22/2018 16:10:51	55.0	54.0	11.811
03/22/2018 16:11:02	55.0	54.0	12.8272
03/22/2018 16:11:13	56.0	55.0	13.089
03/22/2018 16:11:24	56.0	56.0	12.9288
03/22/2018 16:11:35	55.0	55.0	12.6316
03/22/2018 16:11:46	53.0	53.0	12.3037
03/22/2018 16:11:57	51.0	51.0	13.3159
03/22/2018 16:12:08	50.0	50.0	12.963
03/22/2018 16:12:19	50.0	50.0	14.1361
03/22/2018 16:12:30	48.0	48.0	14.2105
03/22/2018 16:12:41	49.0	48.0	13.9108
03/22/2018 16:12:52	48.0	48.0	14.1361
03/22/2018 16:13:03	47.0	47.0	15.2231
03/22/2018 16:13:14	47.0	47.0	13.1926
03/22/2018 16:13:25	47.0	47.0	13.7203
03/22/2018 16:13:36	47.0	47.0	14.4357
03/22/2018 16:13:47	47.0	46.0	14.3979
03/22/2018 16:13:58	47.0	46.0	13.9108
03/22/2018 16:14:09	48.0	48.0	14.1361
03/22/2018 16:14:20	50.0	50.0	12.0419
03/22/2018 16:14:31	51.0	51.0	11.811
03/22/2018 16:14:42	52.0	51.0	12.3037
03/22/2018 16:14:53	52.0	53.0	12.5654
03/22/2018 16:15:04	54.0	54.0	12.5654
03/22/2018 16:15:15	54.0	53.0	12.7604
03/22/2018 16:15:26	55.0	54.0	12.2715
03/22/2018 16:15:37	55.0	55.0	12.7273
03/22/2018 16:15:48	56.0	55.0	12.0419
03/22/2018 16:15:59	55.0	53.0	13.9108
03/22/2018 16:16:11	52.0	51.0	15.1042
03/22/2018 16:16:22	51.0	51.0	13.4565
03/22/2018 16:16:33	50.0	50.0	15.1832
03/22/2018 16:16:44	49.0	49.0	13.9108
03/22/2018 16:16:55	48.0	48.0	13.4921
03/22/2018 16:17:06	48.0	48.0	13.1579
03/22/2018 16:17:17	48.0	48.0	14.2857
03/22/2018 16:17:28	49.0	47.0	12.3684
03/22/2018 16:17:39	47.0	47.0	13.7203
03/22/2018 16:17:50	48.0	48.0	14.3979
03/22/2018 16:18:01	49.0	49.0	12.5654
03/22/2018 16:18:12	51.0	51.0	13.089
03/22/2018 16:18:23	52.0	52.0	12.3037
03/22/2018 16:18:34	53.0	52.0	12.0419
03/22/2018 16:18:45	54.0	53.0	12.336
03/22/2018 16:18:56	55.0	54.0	12.3037
03/22/2018 16:19:07	55.0	54.0	12.4675
03/22/2018 16:19:18	56.0	56.0	12.7937
03/22/2018 16:19:29	56.0	56.0	11.0526
03/22/2018 16:19:40	57.0	56.0	12.5326
03/22/2018 16:19:51	55.0	54.0	13.2812
03/22/2018 16:20:02	53.0	52.0	13.8743
03/22/2018 16:20:13	51.0	51.0	13.9474
03/22/2018 16:20:24	50.0	50.0	13.7203
03/22/2018 16:20:35	49.0	50.0	13.089
03/22/2018 16:20:46	49.0	48.0	14.248
03/22/2018 16:20:57	48.0	48.0	13.6842
03/22/2018 16:21:08	48.0	47.0	13.4211
03/22/2018 16:21:20	48.0	47.0	14.2857
03/22/2018 16:21:31	48.0	46.0	13.6842
03/22/2018 16:21:42	47.0	47.0	13.9474
03/22/2018 16:21:53	48.0	48.0	12.5984
03/22/2018 16:22:04	50.0	49.0	14.8825
03/22/2018 16:22:15	51.0	51.0	13.6126
03/22/2018 16:22:26	52.0	51.0	12.8947
03/22/2018 16:22:37	53.0	52.0	12.2396
03/22/2018 16:22:48	54.0	53.0	12.7604
03/22/2018 16:22:59	55.0	54.0	23.565
03/22/2018 16:23:10	57.0	57.0	16.7203
03/22/2018 16:23:21	55.0	55.0	16.2866
03/22/2018 16:23:32	55.0	55.0	7.61155
03/22/2018 16:23:43	55.0	54.0	10.4167
03/22/2018 16:23:54	52.0	52.0	8.05195
03/22/2018 16:24:05	51.0	50.0	8.26873
03/22/2018 16:24:16	48.0	48.0	7.55208
03/22/2018 16:24:27	48.0	47.0	7.8534
03/22/2018 16:24:38	48.0	47.0	7.77202
03/22/2018 16:24:49	49.0	48.0	7.8329
03/22/2018 16:25:00	50.0	49.0	8.85417
03/22/2018 16:25:11	50.0	50.0	7.8329
03/22/2018 16:25:22	51.0	51.0	8.29016
03/22/2018 16:25:33	51.0	51.0	8.33333
03/22/2018 16:25:44	52.0	51.0	7.77202
03/22/2018 16:25:55	52.0	51.0	8.29016
03/22/2018 16:26:06	52.0	52.0	9.81912
03/22/2018 16:26:17	52.0	52.0	9.32642
03/22/2018 16:26:28	53.0	53.0	8.33333
03/22/2018 16:26:39	53.0	53.0	8.09399
03/22/2018 16:26:50	53.0	53.0	8.29016
03/22/2018 16:27:01	54.0	53.0	9.32642
03/22/2018 16:27:12	54.0	53.0	7.77202
03/22/2018 16:27:23	54.0	53.0	8.05195
03/22/2018 16:27:35	54.0	53.0	8.54922
03/22/2018 16:27:46	54.0	53.0	8.05195
03/22/2018 16:27:57	55.0	53.0	7.8125
03/22/2018 16:28:08	54.0	54.0	8.54922
03/22/2018 16:28:19	54.0	54.0	8.31169
03/22/2018 16:28:30	55.0	54.0	8.05195
03/22/2018 16:28:41	54.0	54.0	8.57143
03/22/2018 16:28:52	54.0	54.0	7.29167
03/22/2018 16:29:03	55.0	54.0	7.5718
03/22/2018 16:29:14	54.0	54.0	8.54922
03/22/2018 16:29:25	55.0	54.0	8.03109
03/22/2018 16:29:36	55.0	54.0	8.57143
03/22/2018 16:29:47	55.0	54.0	8.29016
03/22/2018 16:29:58	55.0	54.0	7.79221
03/22/2018 16:30:09	55.0	54.0	8.54922
03/22/2018 16:30:20	55.0	54.0	7.8125
03/22/2018 16:30:31	55.0	54.0	7.8125
03/22/2018 16:30:42	55.0	54.0	8.07292
03/22/2018 16:30:53	55.0	54.0	9.06736
03/22/2018 16:31:04	55.0	54.0	10.3627
03/22/2018 16:31:15	55.0	54.0	8.80829
03/22/2018 16:31:26	55.0	55.0	7.55208
03/22/2018 16:31:37	55.0	54.0	7.55208
03/22/2018 16:31:48	55.0	54.0	8.57143
03/22/2018 16:31:59	55.0	54.0	8.05195
03/22/2018 16:32:10	55.0	54.0	9.11458
03/22/2018 16:32:21	55.0	54.0	7.61155
03/22/2018 16:32:32	55.0	54.0	8.29016
03/22/2018 16:32:43	56.0	54.0	8.78553
03/22/2018 16:32:54	55.0	54.0	8.03109
03/22/2018 16:33:05	55.0	55.0	7.79221
03/22/2018 16:33:16	55.0	55.0	8.29016
03/22/2018 16:33:27	55.0	54.0	7.8125
03/22/2018 16:33:38	55.0	54.0	8.07292
03/22/2018 16:33:49	55.0	55.0	8.07292
03/22/2018 16:34:00	56.0	55.0	7.79221
03/22/2018 16:34:11	55.0	55.0	7.55208
03/22/2018 16:34:22	55.0	54.0	8.83117
03/22/2018 16:34:34	56.0	55.0	7.79221
03/22/2018 16:34:45	55.0	54.0	8.29016
03/22/2018 16:34:56	55.0	54.0	8.57143
03/22/2018 16:35:07	56.0	55.0	8.05195
03/22/2018 16:35:18	55.0	54.0	8.03109
03/22/2018 16:35:29	56.0	54.0	8.78553
03/22/2018 16:35:40	56.0	55.0	7.53247
03/22/2018 16:35:51	56.0	55.0	8.07292
03/22/2018 16:36:02	56.0	55.0	7.8125
03/22/2018 16:36:13	55.0	55.0	7.8125
03/22/2018 16:36:24	56.0	55.0	9.58549
03/22/2018 16:36:35	56.0	55.0	7.3107
03/22/2018 16:36:46	56.0	55.0	7.32984
03/22/2018 16:36:57	55.0	54.0	8.05195
03/22/2018 16:37:08	55.0	54.0	9.25926
03/22/2018 16:37:19	55.0	54.0	8.61619
03/22/2018 16:37:30	56.0	54.0	13.7662
03/22/2018 16:37:41	56.0	55.0	10.4439
03/22/2018 16:37:52	56.0	55.0	8.35509
03/22/2018 16:38:03	56.0	54.0	8.57143
03/22/2018 16:38:14	57.0	55.0	9.09091
03/22/2018 16:38:25	56.0	55.0	8.80829
03/22/2018 16:38:36	56.0	56.0	8.35509
03/22/2018 16:38:47	56.0	55.0	8.05195
03/22/2018 16:38:58	56.0	55.0	8.05195
03/22/2018 16:39:09	56.0	54.0	7.8329
03/22/2018 16:39:20	55.0	55.0	8.07292
03/22/2018 16:39:31	56.0	55.0	8.63874
03/22/2018 16:39:42	56.0	55.0	9.63542
03/22/2018 16:39:53	56.0	55.0	8.01034
03/22/2018 16:40:04	56.0	54.0	8.80829
03/22/2018 16:40:15	56.0	55.0	8.26873
03/22/2018 16:40:26	56.0	55.0	8.29016
03/22/2018 16:40:37	55.0	55.0	8.09399
03/22/2018 16:40:48	55.0	55.0	7.3107
03/22/2018 16:40:59	56.0	55.0	9.09091
03/22/2018 16:41:10	55.0	54.0	8.33333
03/22/2018 16:41:21	55.0	55.0	8.29016
03/22/2018 16:41:33	55.0	54.0	8.29016
03/22/2018 16:41:44	55.0	55.0	10.1036
03/22/2018 16:41:55	56.0	55.0	7.3107
03/22/2018 16:42:06	55.0	55.0	8.31169
03/22/2018 16:42:17	56.0	54.0	8.07292
03/22/2018 16:42:28	55.0	56.0	8.05195
03/22/2018 16:42:39	55.0	55.0	7.32984
03/22/2018 16:42:50	56.0	55.0	9.11458
03/22/2018 16:43:01	55.0	56.0	7.79221
03/22/2018 16:43:12	55.0	55.0	8.33333
03/22/2018 16:43:23	55.0	54.0	8.05195
03/22/2018 16:43:34	56.0	54.0	8.05195
03/22/2018 16:43:45	55.0	56.0	8.33333
03/22/2018 16:43:56	55.0	55.0	8.54922
03/22/2018 16:44:07	56.0	54.0	7.8125
03/22/2018 16:44:18	55.0	54.0	8.57143
03/22/2018 16:44:29	56.0	54.0	7.55208
03/22/2018 16:44:40	56.0	56.0	8.31169
03/22/2018 16:44:51	55.0	56.0	8.80829
03/22/2018 16:45:02	56.0	55.0	8.29016
03/22/2018 16:45:13	55.0	55.0	8.03109
03/22/2018 16:45:24	55.0	55.0	8.33333
03/22/2018 16:45:35	55.0	55.0	8.26873
03/22/2018 16:45:46	55.0	55.0	7.79221
03/22/2018 16:45:57	56.0	55.0	8.05195
03/22/2018 16:46:08	55.0	55.0	7.53247
03/22/2018 16:46:19	56.0	55.0	9.06736
03/22/2018 16:46:30	55.0	55.0	8.29016
03/22/2018 16:46:41	55.0	55.0	7.8329
03/22/2018 16:46:52	55.0	55.0	9.375
03/22/2018 16:47:03	55.0	55.0	8.54922
03/22/2018 16:47:14	55.0	55.0	8.26873
03/22/2018 16:47:25	55.0	55.0	8.80829
03/22/2018 16:47:36	55.0	56.0	8.29016
03/22/2018 16:47:47	55.0	55.0	8.52713
03/22/2018 16:47:58	55.0	55.0	8.57143
03/22/2018 16:48:09	56.0	55.0	8.52713
03/22/2018 16:48:20	56.0	56.0	10.8808
03/22/2018 16:48:32	55.0	55.0	9.06736
03/22/2018 16:48:43	56.0	56.0	9.2545
03/22/2018 16:48:54	55.0	56.0	9.02062
03/22/2018 16:49:05	55.0	55.0	9.27835
03/22/2018 16:49:16	55.0	56.0	9.23077
03/22/2018 16:49:27	55.0	55.0	9.27835
03/22/2018 16:49:38	55.0	56.0	8.52713
03/22/2018 16:49:49	56.0	55.0	19.2192
03/22/2018 16:50:00	56.0	55.0	10.2981
03/22/2018 16:50:11	53.0	53.0	9.71867
03/22/2018 16:50:22	50.0	51.0	8.50515
03/22/2018 16:50:33	49.0	49.0	10
03/22/2018 16:50:44	48.0	47.0	12.3684
