11/22/2017 16:41:09	30.0	30.0	0
11/22/2017 16:41:20	28.0	28.0	1.29534
11/22/2017 16:41:31	28.0	29.0	0.503778
11/22/2017 16:41:42	29.0	29.0	0.505051
11/22/2017 16:41:53	29.0	28.0	1.78571
11/22/2017 16:42:04	30.0	28.0	0.753769
11/22/2017 16:42:15	30.0	29.0	0.253165
11/22/2017 16:42:26	30.0	30.0	1.26582
11/22/2017 16:42:37	30.0	30.0	0.506329
11/22/2017 16:42:48	30.0	30.0	0.503778
11/22/2017 16:42:59	31.0	31.0	1.51899
11/22/2017 16:43:10	30.0	31.0	0.505051
11/22/2017 16:43:21	31.0	31.0	0.503778
11/22/2017 16:43:32	31.0	31.0	2.01511
11/22/2017 16:43:43	31.0	31.0	0.505051
11/22/2017 16:43:54	32.0	32.0	4.33673
11/22/2017 16:44:05	32.0	32.0	0.253165
11/22/2017 16:44:16	32.0	32.0	0.755668
11/22/2017 16:44:27	32.0	33.0	13.6951
11/22/2017 16:44:35	33.0	33.0	0.503778
11/22/2017 16:44:46	33.0	33.0	1.51899
11/22/2017 16:44:57	33.0	33.0	1.51899
11/22/2017 16:45:08	33.0	33.0	0.503778
11/22/2017 16:45:19	35.0	34.0	1.76768
11/22/2017 16:45:30	33.0	34.0	0.502513
11/22/2017 16:45:41	34.0	34.0	0.252525
11/22/2017 16:45:52	34.0	34.0	0.505051
11/22/2017 16:46:03	34.0	34.0	0.757576
11/22/2017 16:46:14	34.0	35.0	0.503778
11/22/2017 16:46:25	35.0	34.0	0.755668
11/22/2017 16:46:36	34.0	34.0	0.503778
11/22/2017 16:46:48	35.0	34.0	0.503778
11/22/2017 16:46:59	35.0	35.0	0.252525
11/22/2017 16:47:10	35.0	35.0	1.0101
11/22/2017 16:47:21	35.0	35.0	0.503778
11/22/2017 16:47:32	36.0	35.0	0.505051
11/22/2017 16:47:43	35.0	35.0	0.252525
11/22/2017 16:47:54	35.0	36.0	0.505051
11/22/2017 16:48:05	35.0	35.0	0.503778
11/22/2017 16:48:16	35.0	36.0	0.252525
11/22/2017 16:48:27	35.0	35.0	0.755668
11/22/2017 16:48:38	35.0	35.0	6.88776
11/22/2017 16:48:49	35.0	37.0	6.41026
11/22/2017 16:49:00	36.0	36.0	8.14249
11/22/2017 16:49:11	36.0	37.0	3.56234
11/22/2017 16:49:22	36.0	36.0	3.06122
11/22/2017 16:49:33	36.0	36.0	3.84615
11/22/2017 16:49:44	37.0	37.0	3.82653
11/22/2017 16:49:55	37.0	36.0	3.06122
11/22/2017 16:50:06	37.0	36.0	3.06905
11/22/2017 16:50:17	36.0	36.0	3.32481
11/22/2017 16:50:28	37.0	36.0	2.8133
11/22/2017 16:50:39	37.0	37.0	3.32481
11/22/2017 16:50:50	37.0	37.0	2.8133
11/22/2017 16:51:01	37.0	37.0	3.08483
11/22/2017 16:51:12	37.0	37.0	3.30789
11/22/2017 16:51:23	38.0	37.0	10.5128
11/22/2017 16:51:34	38.0	37.0	3.06122
11/22/2017 16:51:45	38.0	37.0	5.37084
11/22/2017 16:51:56	38.0	38.0	12.1447
11/22/2017 16:52:07	38.0	37.0	6.36132
11/22/2017 16:52:18	38.0	37.0	10.2564
11/22/2017 16:52:29	38.0	37.0	7.41688
11/22/2017 16:52:40	38.0	37.0	4.60358
11/22/2017 16:52:51	38.0	38.0	7.41688
11/22/2017 16:53:03	38.0	38.0	34.9754
11/22/2017 16:53:14	40.0	40.0	32.1053
11/22/2017 16:53:25	41.0	42.0	46.6488
11/22/2017 16:53:36	43.0	42.0	37.1053
11/22/2017 16:53:47	44.0	44.0	35.2941
11/22/2017 16:53:58	46.0	45.0	37.3656
11/22/2017 16:54:10	47.0	46.0	41.4698
11/22/2017 16:54:21	48.0	47.0	39.418
11/22/2017 16:54:32	48.0	47.0	15.5844
11/22/2017 16:54:43	48.0	47.0	18.5567
11/22/2017 16:54:54	49.0	49.0	29.7143
11/22/2017 16:55:05	49.0	48.0	18.8366
11/22/2017 16:55:17	49.0	48.0	18.4211
11/22/2017 16:55:28	50.0	49.0	22.6586
11/22/2017 16:55:39	50.0	50.0	18.8482
11/22/2017 16:55:50	51.0	51.0	18.6352
11/22/2017 16:56:01	52.0	51.0	20.155
11/22/2017 16:56:12	52.0	51.0	20.5128
11/22/2017 16:56:23	52.0	52.0	17.9221
11/22/2017 16:56:34	54.0	53.0	17.8947
11/22/2017 16:56:45	54.0	53.0	18.2768
11/22/2017 16:56:56	53.0	53.0	19.943
11/22/2017 16:57:07	54.0	52.0	12.8947
11/22/2017 16:57:18	53.0	53.0	21.8274
11/22/2017 16:57:29	54.0	53.0	18.6352
11/22/2017 16:57:40	54.0	54.0	18.3246
11/22/2017 16:57:51	55.0	54.0	14.5889
11/22/2017 16:58:02	55.0	54.0	15.0396
11/22/2017 16:58:13	55.0	54.0	19.4444
11/22/2017 16:58:24	55.0	55.0	13.2275
11/22/2017 16:58:35	55.0	55.0	15.6085
11/22/2017 16:58:46	55.0	55.0	13.2626
11/22/2017 16:58:58	55.0	55.0	12.3288
11/22/2017 16:59:09	55.0	56.0	15.7216
11/22/2017 16:59:20	56.0	56.0	14.2857
11/22/2017 16:59:31	56.0	55.0	15.2455
11/22/2017 16:59:42	56.0	56.0	13.6842
11/22/2017 16:59:53	56.0	57.0	15.0794
11/22/2017 17:00:04	55.0	55.0	16.5789
11/22/2017 17:00:15	52.0	53.0	14.8936
11/22/2017 17:00:26	50.0	51.0	19.7468
11/22/2017 17:00:37	50.0	49.0	18.5379
11/22/2017 17:00:48	49.0	48.0	17.2775
11/22/2017 17:00:59	48.0	48.0	16.4921
11/22/2017 17:01:10	48.0	48.0	17.1429
11/22/2017 17:01:21	50.0	50.0	20.7254
11/22/2017 17:01:32	51.0	51.0	17.5393
11/22/2017 17:01:43	52.0	53.0	18.1818
11/22/2017 17:01:54	55.0	54.0	19.7368
11/22/2017 17:02:05	54.0	54.0	19.6335
11/22/2017 17:02:16	55.0	55.0	19.8413
11/22/2017 17:02:27	57.0	56.0	19.8433
11/22/2017 17:02:38	55.0	55.0	19.0355
11/22/2017 17:02:49	53.0	53.0	16.7539
11/22/2017 17:03:00	52.0	51.0	16.5789
11/22/2017 17:03:11	51.0	50.0	16.4921
11/22/2017 17:03:22	50.0	50.0	20
11/22/2017 17:03:33	49.0	48.0	19.7917
11/22/2017 17:03:44	50.0	48.0	15.748
11/22/2017 17:03:55	48.0	48.0	18.7013
11/22/2017 17:04:06	49.0	50.0	19.6335
11/22/2017 17:04:18	52.0	51.0	17.1053
11/22/2017 17:04:29	52.0	53.0	19.3717
11/22/2017 17:04:40	54.0	54.0	17.9688
11/22/2017 17:04:51	55.0	54.0	21.066
11/22/2017 17:05:02	57.0	56.0	20.21
11/22/2017 17:05:13	58.0	57.0	17.3228
11/22/2017 17:05:24	57.0	56.0	17.5853
11/22/2017 17:05:35	54.0	53.0	19.4226
11/22/2017 17:05:46	53.0	52.0	17.7546
11/22/2017 17:05:57	51.0	51.0	17.8478
11/22/2017 17:06:08	51.0	50.0	20.4082
11/22/2017 17:06:19	50.0	49.0	17.0604
11/22/2017 17:06:30	49.0	48.0	20
11/22/2017 17:06:41	48.0	48.0	18.8482
11/22/2017 17:06:52	49.0	48.0	16.6667
11/22/2017 17:07:03	49.0	47.0	20.6983
11/22/2017 17:07:14	49.0	48.0	17.8947
11/22/2017 17:07:25	50.0	50.0	17.6623
11/22/2017 17:07:36	53.0	52.0	17.4479
11/22/2017 17:07:47	53.0	53.0	19.0601
11/22/2017 17:07:58	55.0	54.0	20.3655
11/22/2017 17:08:09	56.0	56.0	17.3228
11/22/2017 17:08:20	57.0	56.0	19.3798
11/22/2017 17:08:31	55.0	54.0	18.0628
11/22/2017 17:08:42	53.0	53.0	19.3122
11/22/2017 17:08:53	52.0	51.0	16.9713
11/22/2017 17:09:04	50.0	50.0	14.6277
11/22/2017 17:09:15	49.0	49.0	18.6969
11/22/2017 17:09:26	48.0	47.0	14.5119
11/22/2017 17:09:37	48.0	48.0	14.8936
11/22/2017 17:09:48	50.0	50.0	13.4921
11/22/2017 17:09:59	51.0	51.0	16.2667
11/22/2017 17:10:11	52.0	52.0	15.3439
11/22/2017 17:10:22	53.0	53.0	12.6649
11/22/2017 17:10:33	54.0	54.0	17.268
11/22/2017 17:10:44	55.0	55.0	18.5083
11/22/2017 17:10:55	56.0	55.0	13.3333
11/22/2017 17:11:06	56.0	56.0	14.0212
11/22/2017 17:11:17	58.0	57.0	14.2857
11/22/2017 17:11:28	54.0	54.0	20.2532
11/22/2017 17:11:39	52.0	52.0	14.6667
11/22/2017 17:11:50	50.0	51.0	19.6335
11/22/2017 17:12:01	50.0	50.0	18.0628
11/22/2017 17:12:12	50.0	50.0	19.1099
11/22/2017 17:12:23	49.0	49.0	15.7068
11/22/2017 17:12:34	48.0	47.0	15.7895
11/22/2017 17:12:45	49.0	50.0	14.5119
11/22/2017 17:12:56	51.0	51.0	14.8541
11/22/2017 17:13:07	51.0	52.0	12.5668
11/22/2017 17:13:18	53.0	53.0	13.4211
11/22/2017 17:13:29	54.0	54.0	12.3684
11/22/2017 17:13:40	55.0	54.0	18.8442
11/22/2017 17:13:51	55.0	56.0	13.2979
11/22/2017 17:14:02	56.0	56.0	12.6649
11/22/2017 17:14:13	56.0	56.0	12.3684
11/22/2017 17:14:24	57.0	56.0	12.766
11/22/2017 17:14:35	54.0	53.0	15.2455
11/22/2017 17:14:46	52.0	51.0	14.0212
11/22/2017 17:14:58	51.0	51.0	14.3229
11/22/2017 17:15:09	49.0	49.0	14.248
11/22/2017 17:15:20	48.0	48.0	14.5119
11/22/2017 17:15:31	48.0	47.0	13.8298
11/22/2017 17:15:42	48.0	48.0	14.0212
11/22/2017 17:15:53	50.0	50.0	18.6398
11/22/2017 17:16:04	51.0	51.0	12.8272
11/22/2017 17:16:15	51.0	52.0	17.2775
11/22/2017 17:16:26	54.0	54.0	12.4011
11/22/2017 17:16:37	54.0	54.0	12.4011
11/22/2017 17:16:48	55.0	54.0	17.5573
11/22/2017 17:16:59	56.0	56.0	3.58974
11/22/2017 17:17:10	56.0	55.0	3.59897
11/22/2017 17:17:21	53.0	53.0	1.52672
11/22/2017 17:17:32	50.0	50.0	4.09207
11/22/2017 17:17:43	48.0	48.0	3.81679
11/22/2017 17:17:54	48.0	48.0	0.503778
11/22/2017 17:18:05	49.0	48.0	5.59796
11/22/2017 17:18:16	49.0	49.0	2.53165
11/22/2017 17:18:27	49.0	49.0	1.77665
11/22/2017 17:18:38	49.0	50.0	8.39695
11/22/2017 17:18:49	50.0	50.0	1.26263
11/22/2017 17:19:00	50.0	50.0	2.27848
11/22/2017 17:19:11	50.0	50.0	3.05344
11/22/2017 17:19:22	50.0	50.0	3.57143
11/22/2017 17:19:33	50.0	51.0	1.52284
11/22/2017 17:19:44	49.0	50.0	1.52672
11/22/2017 17:19:55	49.0	50.0	2.53807
11/22/2017 17:20:06	50.0	50.0	0.252525
11/22/2017 17:20:17	49.0	50.0	3.02013
11/22/2017 17:20:28	50.0	49.0	2.67559
11/22/2017 17:20:40	50.0	49.0	0.757576
11/22/2017 17:20:51	49.0	49.0	0.757576
11/22/2017 17:21:02	49.0	48.0	42.9306
11/22/2017 17:21:13	55.0	54.0	21.1268
11/22/2017 17:21:24	51.0	51.0	13.4921
11/22/2017 17:21:35	51.0	51.0	11.7801
11/22/2017 17:21:46	51.0	52.0	13.7203
11/22/2017 17:21:57	52.0	51.0	12.8272
11/22/2017 17:22:08	52.0	53.0	15.9898
11/22/2017 17:22:20	53.0	53.0	12.3684
11/22/2017 17:22:31	53.0	53.0	12.0735
11/22/2017 17:22:42	53.0	53.0	12.7273
11/22/2017 17:22:53	55.0	54.0	12.1053
11/22/2017 17:23:04	54.0	54.0	12.1053
11/22/2017 17:23:15	55.0	54.0	12.6649
11/22/2017 17:23:26	56.0	55.0	16.1209
11/22/2017 17:23:37	55.0	55.0	12.0735
11/22/2017 17:23:48	55.0	55.0	11.7801
11/22/2017 17:23:59	56.0	55.0	11.7493
11/22/2017 17:24:10	56.0	56.0	12.0419
11/22/2017 17:24:21	57.0	56.0	14.9746
11/22/2017 17:24:32	56.0	56.0	12.0419
11/22/2017 17:24:43	53.0	53.0	13.8743
11/22/2017 17:24:54	51.0	51.0	13.4921
11/22/2017 17:25:05	50.0	50.0	13.6842
11/22/2017 17:25:16	48.0	48.0	24.2424
11/22/2017 17:25:27	48.0	47.0	13.6095
11/22/2017 17:25:39	48.0	47.0	15.0396
11/22/2017 17:25:50	49.0	50.0	16.2304
11/22/2017 17:26:01	51.0	52.0	13.2275
11/22/2017 17:26:12	52.0	53.0	14.248
11/22/2017 17:26:23	54.0	53.0	15.3646
11/22/2017 17:26:34	54.0	54.0	16.962
11/22/2017 17:26:45	55.0	56.0	12.7604
11/22/2017 17:26:56	55.0	55.0	12.5
11/22/2017 17:27:07	57.0	56.0	12.3037
11/22/2017 17:27:18	56.0	56.0	11.8734
11/22/2017 17:27:29	54.0	54.0	18.2957
11/22/2017 17:27:40	52.0	52.0	13.9108
11/22/2017 17:27:51	50.0	51.0	14.6982
11/22/2017 17:28:02	49.0	50.0	13.4565
11/22/2017 17:28:13	49.0	48.0	14.4737
11/22/2017 17:28:24	48.0	47.0	14.4357
11/22/2017 17:28:35	48.0	48.0	14.5119
11/22/2017 17:28:46	50.0	50.0	16.5394
11/22/2017 17:28:57	51.0	51.0	12.6649
11/22/2017 17:29:08	52.0	52.0	12.8272
11/22/2017 17:29:19	54.0	53.0	12.7937
11/22/2017 17:29:30	54.0	53.0	12.0735
11/22/2017 17:29:42	55.0	55.0	18.1592
11/22/2017 17:29:53	55.0	55.0	11.8734
11/22/2017 17:30:04	56.0	56.0	12.5326
11/22/2017 17:30:15	57.0	56.0	12.2715
11/22/2017 17:30:26	57.0	56.0	11.8734
11/22/2017 17:30:37	54.0	54.0	15.6812
11/22/2017 17:30:48	51.0	52.0	12.6316
11/22/2017 17:30:59	51.0	51.0	15.9794
11/22/2017 17:31:10	50.0	50.0	13.9842
11/22/2017 17:31:21	49.0	48.0	13.7566
11/22/2017 17:31:32	48.0	48.0	13.6483
11/22/2017 17:31:43	48.0	47.0	13.9474
11/22/2017 17:31:54	49.0	48.0	17.9293
11/22/2017 17:32:05	50.0	50.0	12.3684
11/22/2017 17:32:16	51.0	52.0	33.913
11/22/2017 17:32:27	60.0	54.0	3.58974
11/22/2017 17:32:38	52.0	53.0	3.04569
11/22/2017 17:32:49	52.0	53.0	1.78117
11/22/2017 17:33:00	54.0	53.0	4.07125
11/22/2017 17:33:11	53.0	53.0	0.252525
11/22/2017 17:33:22	52.0	53.0	0.503778
11/22/2017 17:33:33	53.0	53.0	0.251889
11/22/2017 17:33:44	53.0	52.0	0.503778
11/22/2017 17:33:55	51.0	52.0	0.502513
11/22/2017 17:34:06	51.0	52.0	0.505051
11/22/2017 17:34:17	51.0	51.0	2.03562
11/22/2017 17:34:28	51.0	52.0	9.43878
11/22/2017 17:34:40	55.0	54.0	6.68693
11/22/2017 17:34:51	50.0	51.0	13.7203
11/22/2017 17:35:02	49.0	49.0	18.3784
11/22/2017 17:35:13	48.0	48.0	19.3548
11/22/2017 17:35:25	48.0	48.0	15.5496
11/22/2017 17:35:36	49.0	48.0	15.3247
11/22/2017 17:35:47	50.0	50.0	13.6842
11/22/2017 17:35:58	50.0	51.0	15.8854
11/22/2017 17:36:09	51.0	52.0	36.875
11/22/2017 17:36:21	53.0	53.0	13.0319
11/22/2017 17:36:32	54.0	54.0	19.4286
11/22/2017 17:36:43	55.0	54.0	14.2857
11/22/2017 17:36:54	56.0	55.0	15.736
11/22/2017 17:37:05	56.0	56.0	11.6402
11/22/2017 17:37:16	56.0	55.0	12.6316
11/22/2017 17:37:27	57.0	57.0	12.1053
11/22/2017 17:37:38	55.0	56.0	12.1372
11/22/2017 17:37:49	53.0	53.0	18.5279
11/22/2017 17:38:00	51.0	50.0	14.4737
11/22/2017 17:38:11	49.0	49.0	15.0794
11/22/2017 17:38:22	48.0	48.0	14.7368
11/22/2017 17:38:33	48.0	47.0	15.0396
11/22/2017 17:38:44	48.0	48.0	14.5503
11/22/2017 17:38:55	49.0	49.0	14.8541
11/22/2017 17:39:06	51.0	51.0	15.285
11/22/2017 17:39:17	51.0	53.0	12.6649
11/22/2017 17:39:28	53.0	53.0	12.3037
11/22/2017 17:39:39	54.0	53.0	13.5279
11/22/2017 17:39:50	55.0	54.0	12.9973
11/22/2017 17:40:02	55.0	54.0	17.1285
11/22/2017 17:40:13	55.0	56.0	12.1693
11/22/2017 17:40:24	56.0	56.0	12.8272
11/22/2017 17:40:35	57.0	56.0	12.4011
11/22/2017 17:40:46	55.0	54.0	13.4921
11/22/2017 17:40:57	52.0	53.0	14.6982
11/22/2017 17:41:08	50.0	51.0	14.7453
11/22/2017 17:41:19	50.0	49.0	16.9666
11/22/2017 17:41:30	49.0	49.0	14.3236
11/22/2017 17:41:41	48.0	48.0	13.8667
11/22/2017 17:41:52	48.0	47.0	13.6364
11/22/2017 17:42:03	50.0	49.0	13.6364
11/22/2017 17:42:14	51.0	51.0	18.8917
11/22/2017 17:42:25	52.0	51.0	12.4339
11/22/2017 17:42:36	54.0	52.0	12.5984
11/22/2017 17:42:47	54.0	53.0	13.1234
11/22/2017 17:42:58	55.0	54.0	13.0548
11/22/2017 17:43:09	55.0	55.0	13.8743
11/22/2017 17:43:20	55.0	56.0	11.9681
11/22/2017 17:43:31	56.0	56.0	12.8947
11/22/2017 17:43:42	56.0	55.0	11.6402
11/22/2017 17:43:53	53.0	53.0	13.9108
11/22/2017 17:44:04	51.0	51.0	16.9916
11/22/2017 17:44:15	51.0	50.0	14.0584
11/22/2017 17:44:26	49.0	49.0	19.3955
11/22/2017 17:44:37	48.0	48.0	14.3236
11/22/2017 17:44:48	48.0	47.0	20.2778
11/22/2017 17:45:00	48.0	47.0	2.04604
11/22/2017 17:45:11	48.0	48.0	0.505051
11/22/2017 17:45:22	49.0	48.0	2.53807
11/22/2017 17:45:33	49.0	49.0	0.759494
11/22/2017 17:45:44	50.0	49.0	3.58056
11/22/2017 17:45:55	50.0	50.0	3.80711
11/22/2017 17:46:06	50.0	50.0	0.503778
11/22/2017 17:46:17	50.0	50.0	0.755668
11/22/2017 17:46:28	50.0	50.0	0.251889
11/22/2017 17:46:39	50.0	50.0	0.252525
11/22/2017 17:46:50	50.0	50.0	0
11/22/2017 17:47:01	50.0	50.0	0.503778
11/22/2017 17:47:12	49.0	50.0	9.84043
11/22/2017 17:47:23	50.0	50.0	4.56853
11/22/2017 17:47:34	50.0	49.0	7.4359
11/22/2017 17:47:45	49.0	50.0	2.53807
11/22/2017 17:47:56	49.0	49.0	2.53807
11/22/2017 17:48:07	49.0	49.0	2.79898
11/22/2017 17:48:18	49.0	49.0	1.52672
11/22/2017 17:48:29	49.0	48.0	0.503778
11/22/2017 17:48:40	49.0	48.0	0.503778
11/22/2017 17:48:51	49.0	48.0	0.753769
11/22/2017 17:49:02	49.0	48.0	0.755668
11/22/2017 17:49:13	48.0	48.0	0.503778
11/22/2017 17:49:24	48.0	48.0	0.502513
11/22/2017 17:49:35	48.0	48.0	1.76768
11/22/2017 17:49:46	48.0	47.0	0.505051
11/22/2017 17:49:57	48.0	47.0	0.502513
11/22/2017 17:50:08	48.0	47.0	0.755668
11/22/2017 17:50:19	48.0	47.0	0.251889
11/22/2017 17:50:30	48.0	46.0	1.77665
11/22/2017 17:50:41	47.0	46.0	4.82234
11/22/2017 17:50:52	47.0	47.0	2.99003
11/22/2017 17:51:03	47.0	46.0	1.0101
11/22/2017 17:51:14	47.0	47.0	0.252525
11/22/2017 17:51:25	46.0	46.0	0.252525
11/22/2017 17:51:36	46.0	46.0	0.253165
11/22/2017 17:51:48	46.0	46.0	0.252525
11/22/2017 17:51:59	46.0	46.0	0.503778
11/22/2017 17:52:10	46.0	47.0	0.252525
11/22/2017 17:52:21	46.0	45.0	1.26582
11/22/2017 17:52:32	46.0	47.0	0.252525
11/22/2017 17:52:43	46.0	46.0	0.503778
11/22/2017 17:52:54	47.0	46.0	0.505051
11/22/2017 17:53:05	46.0	45.0	31.3924
11/22/2017 17:53:16	48.0	50.0	16.8459
11/22/2017 17:53:28	48.0	47.0	13.9474
11/22/2017 17:53:39	48.0	48.0	13.1926
11/22/2017 17:53:50	49.0	48.0	18.8679
11/22/2017 17:54:01	49.0	48.0	19.2053
11/22/2017 17:54:13	50.0	50.0	14.9847
11/22/2017 17:54:24	50.0	50.0	17.2775
11/22/2017 17:54:35	51.0	51.0	15.0943
11/22/2017 17:54:46	51.0	51.0	15.4047
11/22/2017 17:54:57	52.0	51.0	15.508
11/22/2017 17:55:08	53.0	53.0	16.273
11/22/2017 17:55:19	53.0	53.0	12.6316
11/22/2017 17:55:30	54.0	53.0	12.4668
11/22/2017 17:55:41	54.0	53.0	13.2626
11/22/2017 17:55:52	54.0	54.0	13.089
11/22/2017 17:56:03	54.0	54.0	22.7513
11/22/2017 17:56:14	55.0	55.0	13.1234
11/22/2017 17:56:25	55.0	55.0	11.8734
11/22/2017 17:56:36	56.0	55.0	13.4211
11/22/2017 17:56:47	57.0	56.0	13.4565
11/22/2017 17:56:58	56.0	56.0	21.3568
11/22/2017 17:57:09	54.0	53.0	18.3727
11/22/2017 17:57:20	52.0	52.0	14.7757
11/22/2017 17:57:32	50.0	50.0	15.3846
11/22/2017 17:57:43	52.0	50.0	14.3617
11/22/2017 17:57:54	49.0	47.0	20.5405
11/22/2017 17:58:05	48.0	47.0	17.2775
11/22/2017 17:58:16	49.0	48.0	19.5929
11/22/2017 17:58:27	50.0	51.0	12.6316
11/22/2017 17:58:38	51.0	51.0	12.9973
11/22/2017 17:58:49	52.0	52.0	44.2623
11/22/2017 17:59:00	54.0	54.0	13.6095
11/22/2017 17:59:11	54.0	54.0	17.8841
11/22/2017 17:59:22	56.0	56.0	17.942
11/22/2017 17:59:33	56.0	55.0	16.273
11/22/2017 17:59:44	57.0	57.0	17.3684
11/22/2017 17:59:55	56.0	54.0	18.1579
11/22/2017 18:00:06	53.0	53.0	18.2051
11/22/2017 18:00:17	51.0	51.0	16.5354
11/22/2017 18:00:28	51.0	51.0	17.9221
11/22/2017 18:00:39	50.0	49.0	18.0628
11/22/2017 18:00:50	49.0	49.0	18.9474
11/22/2017 18:01:01	49.0	48.0	19.2612
11/22/2017 18:01:13	48.0	47.0	18.6842
11/22/2017 18:01:24	48.0	48.0	21.608
11/22/2017 18:01:35	50.0	49.0	19.5822
11/22/2017 18:01:46	51.0	51.0	19.1601
11/22/2017 18:01:57	53.0	53.0	18.3727
11/22/2017 18:02:08	54.0	54.0	20.8443
11/22/2017 18:02:19	55.0	56.0	20.1531
11/22/2017 18:02:30	56.0	56.0	18.1818
11/22/2017 18:02:41	57.0	57.0	16.273
11/22/2017 18:02:52	56.0	55.0	16.7539
11/22/2017 18:03:03	54.0	53.0	17.5853
11/22/2017 18:03:14	52.0	52.0	18.6842
11/22/2017 18:03:25	51.0	50.0	16.7979
11/22/2017 18:03:36	50.0	50.0	22.5564
11/22/2017 18:03:47	49.0	49.0	17.4142
11/22/2017 18:03:58	48.0	48.0	17.3684
11/22/2017 18:04:09	49.0	48.0	17.3228
11/22/2017 18:04:20	48.0	48.0	18.1102
11/22/2017 18:04:31	49.0	49.0	19.5373
11/22/2017 18:04:42	51.0	51.0	18.9474
11/22/2017 18:04:53	53.0	52.0	20.7254
11/22/2017 18:05:04	54.0	54.0	18.0157
11/22/2017 18:05:15	55.0	54.0	17.9688
11/22/2017 18:05:26	57.0	56.0	17.0604
11/22/2017 18:05:37	57.0	57.0	17.4026
11/22/2017 18:05:48	56.0	54.0	18.9873
11/22/2017 18:05:59	53.0	52.0	16.9713
11/22/2017 18:06:10	51.0	51.0	16.8865
11/22/2017 18:06:21	50.0	51.0	15.7068
11/22/2017 18:06:32	50.0	50.0	19.685
11/22/2017 18:06:43	50.0	50.0	18.7661
11/22/2017 18:06:54	49.0	49.0	17.942
11/22/2017 18:07:05	48.0	48.0	18.8172
11/22/2017 18:07:17	48.0	48.0	19.3548
11/22/2017 18:07:28	49.0	48.0	19.4737
11/22/2017 18:07:39	48.0	48.0	18.6842
11/22/2017 18:07:50	50.0	50.0	16.4921
11/22/2017 18:08:01	51.0	51.0	19.4937
11/22/2017 18:08:12	52.0	53.0	17.2775
11/22/2017 18:08:23	54.0	53.0	12.2016
11/22/2017 18:08:34	54.0	54.0	13.4565
11/22/2017 18:08:45	55.0	54.0	12.2016
11/22/2017 18:08:56	56.0	55.0	14.2857
11/22/2017 18:09:07	56.0	56.0	11.6711
11/22/2017 18:09:18	56.0	56.0	13.6951
11/22/2017 18:09:29	55.0	55.0	12.3684
11/22/2017 18:09:40	53.0	53.0	12.766
11/22/2017 18:09:51	51.0	51.0	14.5889
11/22/2017 18:10:02	50.0	50.0	13.5279
11/22/2017 18:10:13	49.0	49.0	18.8442
11/22/2017 18:10:24	48.0	48.0	17.8478
11/22/2017 18:10:35	48.0	48.0	20.7895
11/22/2017 18:10:46	48.0	48.0	18.3246
11/22/2017 18:10:57	48.0	48.0	18.5676
11/22/2017 18:11:08	48.0	47.0	20.5805
11/22/2017 18:11:19	47.0	47.0	15.8854
11/22/2017 18:11:30	49.0	49.0	15.4047
11/22/2017 18:11:41	50.0	50.0	15.5673
11/22/2017 18:11:52	52.0	52.0	12.4339
11/22/2017 18:12:03	54.0	53.0	12.4011
11/22/2017 18:12:14	54.0	54.0	11.9363
11/22/2017 18:12:25	55.0	54.0	22.7848
11/22/2017 18:12:36	56.0	55.0	13.9842
11/22/2017 18:12:47	56.0	56.0	16.4456
11/22/2017 18:12:59	54.0	53.0	12.6649
11/22/2017 18:13:10	51.0	52.0	20.122
11/22/2017 18:13:21	50.0	50.0	20.1018
11/22/2017 18:13:32	50.0	50.0	19.1601
11/22/2017 18:13:43	49.0	49.0	18.5379
11/22/2017 18:13:54	50.0	48.0	18.3727
11/22/2017 18:14:05	49.0	48.0	18.0157
11/22/2017 18:14:16	48.0	48.0	17.8478
11/22/2017 18:14:27	48.0	48.0	18.3727
11/22/2017 18:14:38	48.0	47.0	20.1005
11/22/2017 18:14:49	49.0	49.0	20.8443
11/22/2017 18:15:00	52.0	51.0	13.1579
11/22/2017 18:15:11	51.0	51.0	12.4011
11/22/2017 18:15:22	53.0	53.0	12.4011
11/22/2017 18:15:33	54.0	53.0	15.2062
11/22/2017 18:15:44	54.0	54.0	11.8734
11/22/2017 18:15:55	55.0	54.0	13.2275
11/22/2017 18:16:06	55.0	55.0	12.336
11/22/2017 18:16:17	56.0	56.0	11.5789
11/22/2017 18:16:28	57.0	56.0	12.6316
11/22/2017 18:16:39	55.0	54.0	12.8272
11/22/2017 18:16:50	53.0	53.0	17.4242
11/22/2017 18:17:01	51.0	52.0	14.0957
11/22/2017 18:17:12	50.0	49.0	18.7335
11/22/2017 18:17:23	49.0	49.0	16.9713
11/22/2017 18:17:34	49.0	49.0	19.0601
11/22/2017 18:17:45	49.0	48.0	20.7595
11/22/2017 18:17:56	49.0	48.0	17.2775
11/22/2017 18:18:07	49.0	48.0	18.799
11/22/2017 18:18:18	49.0	48.0	19.1099
11/22/2017 18:18:29	48.0	47.0	20.8333
11/22/2017 18:18:41	49.0	49.0	17.7546
11/22/2017 18:18:52	51.0	51.0	19.4226
11/22/2017 18:19:03	52.0	51.0	21.0526
11/22/2017 18:19:14	54.0	53.0	18.5379
11/22/2017 18:19:25	55.0	54.0	17.2324
11/22/2017 18:19:36	56.0	55.0	17.7546
11/22/2017 18:19:47	56.0	56.0	18.3246
11/22/2017 18:19:58	55.0	54.0	21.1735
11/22/2017 18:20:09	53.0	53.0	16.5354
11/22/2017 18:20:20	52.0	51.0	18.6352
11/22/2017 18:20:31	50.0	51.0	19.5822
11/22/2017 18:20:42	50.0	50.0	17.9221
11/22/2017 18:20:53	49.0	49.0	20.4724
11/22/2017 18:21:04	49.0	49.0	19.1099
11/22/2017 18:21:15	49.0	48.0	21.9144
11/22/2017 18:21:26	48.0	48.0	15.9686
11/22/2017 18:21:37	48.0	47.0	18.799
11/22/2017 18:21:48	48.0	47.0	15.625
11/22/2017 18:21:59	50.0	50.0	18.1579
11/22/2017 18:22:10	51.0	51.0	17.6923
11/22/2017 18:22:21	52.0	53.0	18.0628
11/22/2017 18:22:32	55.0	53.0	16.6667
11/22/2017 18:22:43	56.0	54.0	15.9269
11/22/2017 18:22:54	57.0	55.0	19.8433
11/22/2017 18:23:05	57.0	56.0	19.0104
11/22/2017 18:23:16	54.0	53.0	16.2304
11/22/2017 18:23:27	52.0	52.0	20.202
11/22/2017 18:23:38	51.0	51.0	16.188
11/22/2017 18:23:49	50.0	51.0	20.0521
11/22/2017 18:24:00	50.0	50.0	18.8482
11/22/2017 18:24:11	50.0	49.0	17.9688
11/22/2017 18:24:22	48.0	48.0	18.7661
11/22/2017 18:24:33	48.0	48.0	15.0649
11/22/2017 18:24:44	48.0	48.0	19.8966
11/22/2017 18:24:55	47.0	47.0	16.9271
11/22/2017 18:25:06	48.0	47.0	18.5379
11/22/2017 18:25:17	50.0	50.0	19.8953
11/22/2017 18:25:29	51.0	51.0	12.5984
11/22/2017 18:25:40	53.0	53.0	17
11/22/2017 18:25:51	53.0	53.0	11.5486
11/22/2017 18:26:02	55.0	54.0	12.5326
11/22/2017 18:26:13	55.0	54.0	11.5486
11/22/2017 18:26:24	56.0	55.0	11.5789
11/22/2017 18:26:35	56.0	56.0	13.4367
11/22/2017 18:26:46	56.0	56.0	11.8734
11/22/2017 18:26:57	54.0	54.0	14.8052
11/22/2017 18:27:08	52.0	51.0	13.9842
11/22/2017 18:27:19	50.0	49.0	13.4565
11/22/2017 18:27:30	49.0	49.0	14.6982
11/22/2017 18:27:41	49.0	48.0	15.5844
11/22/2017 18:27:52	48.0	48.0	21.8593
11/22/2017 18:28:03	49.0	48.0	17.2775
11/22/2017 18:28:14	48.0	48.0	18.799
11/22/2017 18:28:25	47.0	48.0	13.2626
11/22/2017 18:28:36	49.0	48.0	13.4565
11/22/2017 18:28:47	50.0	51.0	15.1282
11/22/2017 18:28:58	51.0	51.0	12.8947
11/22/2017 18:29:09	53.0	53.0	14.6907
11/22/2017 18:29:20	53.0	53.0	12.2715
11/22/2017 18:29:31	55.0	54.0	11.6402
11/22/2017 18:29:42	55.0	54.0	12.336
11/22/2017 18:29:53	55.0	55.0	12.5654
11/22/2017 18:30:04	57.0	55.0	16.7082
11/22/2017 18:30:15	56.0	56.0	12.3037
11/22/2017 18:30:26	54.0	53.0	13.6842
11/22/2017 18:30:37	51.0	51.0	13.9842
11/22/2017 18:30:49	51.0	50.0	13.4921
11/22/2017 18:31:00	50.0	49.0	16.9231
11/22/2017 18:31:11	49.0	48.0	13.9474
11/22/2017 18:31:22	48.0	47.0	14.8438
11/22/2017 18:31:33	48.0	47.0	13.9842
11/22/2017 18:31:44	50.0	50.0	13.1579
11/22/2017 18:31:55	51.0	51.0	13.9474
11/22/2017 18:32:06	52.0	53.0	12.4675
11/22/2017 18:32:17	53.0	53.0	16.5414
11/22/2017 18:32:28	54.0	53.0	12.0735
11/22/2017 18:32:39	55.0	55.0	13.6842
11/22/2017 18:32:50	55.0	56.0	11.8421
11/22/2017 18:33:01	56.0	56.0	12.2715
11/22/2017 18:33:12	57.0	56.0	17.3367
11/22/2017 18:33:23	55.0	55.0	12.4011
11/22/2017 18:33:34	53.0	53.0	13.8743
11/22/2017 18:33:45	51.0	51.0	14.1361
11/22/2017 18:33:56	50.0	50.0	13.4565
11/22/2017 18:34:07	49.0	48.0	14.2105
11/22/2017 18:34:18	49.0	48.0	13.8743
11/22/2017 18:34:29	48.0	48.0	17.8392
11/22/2017 18:34:40	48.0	47.0	14.1361
11/22/2017 18:34:51	50.0	50.0	13.1234
11/22/2017 18:35:02	51.0	51.0	13.1234
11/22/2017 18:35:13	53.0	53.0	18.1818
11/22/2017 18:35:24	54.0	54.0	17.5879
11/22/2017 18:35:35	55.0	54.0	12.5984
11/22/2017 18:35:46	55.0	56.0	15.4047
11/22/2017 18:35:58	56.0	55.0	19.2708
11/22/2017 18:36:09	58.0	57.0	12.0104
11/22/2017 18:36:20	54.0	54.0	13.1926
11/22/2017 18:36:31	51.0	53.0	13.2626
11/22/2017 18:36:42	51.0	51.0	17.2152
11/22/2017 18:36:53	49.0	49.0	13.9842
11/22/2017 18:37:04	49.0	48.0	13.4565
11/22/2017 18:37:15	48.0	47.0	13.9474
11/22/2017 18:37:26	49.0	48.0	13.2275
11/22/2017 18:37:37	50.0	50.0	17.8392
11/22/2017 18:37:48	51.0	51.0	16.1039
11/22/2017 18:37:59	53.0	53.0	14.0992
11/22/2017 18:38:10	54.0	53.0	13.4565
11/22/2017 18:38:21	55.0	54.0	14.4357
11/22/2017 18:38:32	56.0	54.0	13.9842
11/22/2017 18:38:43	56.0	56.0	12.336
11/22/2017 18:38:54	58.0	57.0	18.4343
11/22/2017 18:39:05	55.0	54.0	13.9474
11/22/2017 18:39:16	53.0	52.0	14.1732
11/22/2017 18:39:27	51.0	51.0	18.799
11/22/2017 18:39:38	50.0	50.0	12.9973
11/22/2017 18:39:49	49.0	48.0	17.6768
11/22/2017 18:40:00	48.0	48.0	13.6483
11/22/2017 18:40:11	47.0	47.0	12.8947
11/22/2017 18:40:22	48.0	48.0	14.5119
11/22/2017 18:40:33	50.0	49.0	12.8947
11/22/2017 18:40:44	51.0	51.0	13.3333
11/22/2017 18:40:56	53.0	53.0	14.7368
11/22/2017 18:41:07	54.0	54.0	17.2152
11/22/2017 18:41:18	55.0	54.0	13.6842
11/22/2017 18:41:29	56.0	55.0	12.8947
11/22/2017 18:41:40	57.0	55.0	13.089
11/22/2017 18:41:51	57.0	56.0	13.7566
11/22/2017 18:42:02	54.0	54.0	18.9394
11/22/2017 18:42:13	52.0	52.0	14.7757
11/22/2017 18:42:24	51.0	50.0	15.2231
11/22/2017 18:42:35	50.0	50.0	14.6982
11/22/2017 18:42:46	49.0	48.0	14.8148
11/22/2017 18:42:57	49.0	48.0	14.3236
11/22/2017 18:43:08	48.0	48.0	14.4385
11/22/2017 18:43:19	49.0	48.0	18.8295
11/22/2017 18:43:30	50.0	49.0	14.2105
11/22/2017 18:43:41	51.0	51.0	14.4737
11/22/2017 18:43:52	52.0	52.0	14.9215
11/22/2017 18:44:03	53.0	52.0	14.6597
11/22/2017 18:44:14	54.0	54.0	17.1717
11/22/2017 18:44:25	55.0	54.0	13.4565
11/22/2017 18:44:36	55.0	55.0	12.5984
11/22/2017 18:44:47	56.0	55.0	14.4737
11/22/2017 18:44:58	56.0	55.0	13.1579
11/22/2017 18:45:09	53.0	53.0	15.2632
11/22/2017 18:45:20	51.0	51.0	14.0212
11/22/2017 18:45:31	50.0	50.0	16.2791
11/22/2017 18:45:42	49.0	49.0	14.0212
11/22/2017 18:45:54	49.0	48.0	14.9606
11/22/2017 18:46:05	48.0	47.0	14.0212
11/22/2017 18:46:16	48.0	47.0	14.5119
11/22/2017 18:46:27	48.0	47.0	19.75
11/22/2017 18:46:38	50.0	49.0	14.2105
11/22/2017 18:46:49	51.0	51.0	14.0212
11/22/2017 18:47:00	53.0	51.0	12.5984
11/22/2017 18:47:11	53.0	53.0	11.8421
11/22/2017 18:47:22	54.0	53.0	13.6247
11/22/2017 18:47:33	55.0	54.0	12.8272
11/22/2017 18:47:44	56.0	55.0	12.9199
11/22/2017 18:47:55	56.0	55.0	12.3037
11/22/2017 18:48:06	57.0	56.0	12.2715
11/22/2017 18:48:17	57.0	56.0	13.0548
11/22/2017 18:48:28	54.0	53.0	12.3684
11/22/2017 18:48:39	52.0	51.0	19.1542
11/22/2017 18:48:50	51.0	50.0	13.3508
11/22/2017 18:49:01	50.0	49.0	13.9474
11/22/2017 18:49:12	49.0	48.0	13.2626
11/22/2017 18:49:23	48.0	47.0	13.7931
11/22/2017 18:49:34	49.0	47.0	15.9383
11/22/2017 18:49:45	50.0	49.0	13.6842
11/22/2017 18:49:56	51.0	51.0	14.1361
11/22/2017 18:50:07	52.0	51.0	12.8947
11/22/2017 18:50:18	54.0	52.0	12.1053
11/22/2017 18:50:29	54.0	54.0	13.9474
11/22/2017 18:50:40	56.0	54.0	12.0735
11/22/2017 18:50:51	56.0	55.0	15.6566
11/22/2017 18:51:03	57.0	56.0	12.5
11/22/2017 18:51:14	56.0	55.0	12.2715
11/22/2017 18:51:25	53.0	53.0	14.4357
11/22/2017 18:51:36	52.0	51.0	13.1926
11/22/2017 18:51:47	51.0	50.0	18.2278
11/22/2017 18:51:58	49.0	48.0	13.3858
11/22/2017 18:52:09	49.0	48.0	13.8381
11/22/2017 18:52:20	48.0	46.0	12.9288
11/22/2017 18:52:31	48.0	47.0	13.9108
11/22/2017 18:52:42	49.0	49.0	13.6483
11/22/2017 18:52:53	51.0	50.0	12.8609
11/22/2017 18:53:04	52.0	51.0	17.207
11/22/2017 18:53:15	54.0	53.0	12.3037
11/22/2017 18:53:26	54.0	53.0	12.0735
11/22/2017 18:53:37	55.0	54.0	12.3037
11/22/2017 18:53:48	56.0	55.0	12.1053
11/22/2017 18:53:59	56.0	55.0	15.5779
11/22/2017 18:54:10	58.0	56.0	12.5654
11/22/2017 18:54:21	55.0	54.0	14.026
11/22/2017 18:54:32	52.0	51.0	13.9474
11/22/2017 18:54:43	51.0	50.0	13.7203
11/22/2017 18:54:54	50.0	49.0	13.7931
11/22/2017 18:55:05	49.0	48.0	13.6842
11/22/2017 18:55:16	48.0	48.0	18.5
11/22/2017 18:55:27	48.0	48.0	13.4921
11/22/2017 18:55:38	48.0	47.0	13.4565
11/22/2017 18:55:49	50.0	48.0	13.5065
11/22/2017 18:56:00	51.0	51.0	12.6649
11/22/2017 18:56:12	52.0	51.0	16.7513
11/22/2017 18:56:23	54.0	53.0	11.8734
11/22/2017 18:56:34	54.0	54.0	12.5654
11/22/2017 18:56:45	55.0	54.0	12.8272
11/22/2017 18:56:56	55.0	54.0	12.0735
11/22/2017 18:57:07	57.0	56.0	11.811
11/22/2017 18:57:18	57.0	56.0	12.3037
11/22/2017 18:57:29	55.0	54.0	17.2152
11/22/2017 18:57:40	52.0	51.0	13.1926
11/22/2017 18:57:51	51.0	50.0	14.9606
11/22/2017 18:58:02	50.0	49.0	14.2105
11/22/2017 18:58:13	49.0	48.0	13.6842
11/22/2017 18:58:24	48.0	48.0	17.5127
11/22/2017 18:58:35	48.0	47.0	13.1234
11/22/2017 18:58:46	48.0	48.0	14.3979
11/22/2017 18:58:57	50.0	50.0	13.9108
11/22/2017 18:59:08	51.0	51.0	13.1579
11/22/2017 18:59:19	52.0	53.0	12.7604
11/22/2017 18:59:30	53.0	53.0	11.5486
11/22/2017 18:59:41	54.0	54.0	15.869
11/22/2017 18:59:52	55.0	54.0	11.811
11/22/2017 19:00:03	56.0	54.0	12.5654
11/22/2017 19:00:14	56.0	55.0	12.0419
11/22/2017 19:00:25	57.0	56.0	12.3684
11/22/2017 19:00:36	55.0	54.0	18.0905
11/22/2017 19:00:47	53.0	52.0	14.3979
11/22/2017 19:00:58	51.0	51.0	13.1234
11/22/2017 19:01:09	51.0	50.0	13.9842
11/22/2017 19:01:21	49.0	49.0	13.1926
11/22/2017 19:01:32	48.0	47.0	14.8825
11/22/2017 19:01:43	47.0	47.0	13.4565
11/22/2017 19:01:54	48.0	48.0	17.0918
11/22/2017 19:02:05	50.0	50.0	13.6483
11/22/2017 19:02:16	51.0	51.0	12.6316
11/22/2017 19:02:27	52.0	51.0	13.0208
11/22/2017 19:02:38	53.0	53.0	12.7937
11/22/2017 19:02:49	54.0	54.0	17.1717
11/22/2017 19:03:00	55.0	54.0	13.7203
11/22/2017 19:03:11	55.0	55.0	12.5326
11/22/2017 19:03:22	57.0	56.0	11.2861
11/22/2017 19:03:33	57.0	55.0	12.0419
11/22/2017 19:03:44	56.0	55.0	12.336
11/22/2017 19:03:55	54.0	53.0	13.9108
11/22/2017 19:04:06	51.0	52.0	16.1125
11/22/2017 19:04:17	50.0	50.0	13.4921
11/22/2017 19:04:28	50.0	49.0	13.6483
11/22/2017 19:04:39	49.0	48.0	14.6214
11/22/2017 19:04:50	48.0	47.0	13.6842
11/22/2017 19:05:01	49.0	48.0	17.6768
11/22/2017 19:05:12	50.0	50.0	13.9474
11/22/2017 19:05:23	51.0	51.0	12.8609
11/22/2017 19:05:34	53.0	52.0	13.2468
11/22/2017 19:05:45	53.0	54.0	11.8421
11/22/2017 19:05:56	54.0	54.0	14.7287
11/22/2017 19:06:07	55.0	54.0	12.3037
11/22/2017 19:06:18	56.0	56.0	13.3676
11/22/2017 19:06:29	57.0	56.0	11.5183
11/22/2017 19:06:41	57.0	56.0	12.1372
11/22/2017 19:06:52	55.0	54.0	12.5654
11/22/2017 19:07:03	52.0	53.0	12.3684
11/22/2017 19:07:14	51.0	51.0	17.4684
11/22/2017 19:07:25	51.0	50.0	14.3603
11/22/2017 19:07:36	50.0	49.0	13.6483
11/22/2017 19:07:47	49.0	47.0	13.4921
11/22/2017 19:07:58	48.0	47.0	13.1579
11/22/2017 19:08:09	48.0	47.0	14.5833
11/22/2017 19:08:20	49.0	48.0	13.9842
11/22/2017 19:08:31	51.0	50.0	14.7287
11/22/2017 19:08:42	52.0	51.0	13.3159
11/22/2017 19:08:53	53.0	53.0	11.811
11/22/2017 19:09:04	54.0	54.0	12.5654
11/22/2017 19:09:15	55.0	54.0	12.0104
11/22/2017 19:09:26	55.0	56.0	16.75
11/22/2017 19:09:37	56.0	56.0	12.2396
11/22/2017 19:09:48	57.0	56.0	12.3037
11/22/2017 19:09:59	57.0	56.0	12.0419
11/22/2017 19:10:10	54.0	53.0	13.4565
11/22/2017 19:10:21	52.0	52.0	14.5455
11/22/2017 19:10:32	51.0	50.0	12.1053
11/22/2017 19:10:43	49.0	49.0	14.9871
11/22/2017 19:10:54	49.0	48.0	14.3979
11/22/2017 19:11:05	49.0	48.0	13.1926
11/22/2017 19:11:16	48.0	48.0	13.4565
11/22/2017 19:11:27	49.0	48.0	13.6842
11/22/2017 19:11:38	50.0	50.0	17.4684
11/22/2017 19:11:50	51.0	51.0	13.6126
11/22/2017 19:12:01	53.0	53.0	12.0735
11/22/2017 19:12:12	54.0	53.0	12.3037
11/22/2017 19:12:23	55.0	55.0	12.0735
11/22/2017 19:12:34	55.0	55.0	15.051
11/22/2017 19:12:45	56.0	55.0	11.5789
11/22/2017 19:12:56	57.0	56.0	13.2124
11/22/2017 19:13:07	57.0	56.0	12.3037
11/22/2017 19:13:18	54.0	54.0	13.4211
11/22/2017 19:13:29	51.0	51.0	13.1926
11/22/2017 19:13:40	50.0	50.0	13.2275
11/22/2017 19:13:51	49.0	48.0	18.25
11/22/2017 19:14:02	49.0	48.0	13.9108
11/22/2017 19:14:13	48.0	47.0	13.6483
11/22/2017 19:14:24	47.0	47.0	13.1926
11/22/2017 19:14:35	49.0	48.0	13.2275
11/22/2017 19:14:46	51.0	50.0	16.4557
11/22/2017 19:14:57	52.0	51.0	12.3684
11/22/2017 19:15:08	53.0	53.0	12.7937
11/22/2017 19:15:19	53.0	53.0	12.0735
11/22/2017 19:15:30	55.0	54.0	11.5789
11/22/2017 19:15:41	55.0	54.0	13.4921
11/22/2017 19:15:52	55.0	55.0	12.2396
11/22/2017 19:16:03	56.0	56.0	16.5414
11/22/2017 19:16:14	57.0	56.0	11.811
11/22/2017 19:16:25	54.0	53.0	12.3684
11/22/2017 19:16:36	52.0	51.0	13.7566
11/22/2017 19:16:47	50.0	50.0	13.9474
11/22/2017 19:16:59	49.0	49.0	17.4684
11/22/2017 19:17:10	49.0	48.0	14.3979
11/22/2017 19:17:21	48.0	47.0	13.9474
11/22/2017 19:17:32	48.0	46.0	13.9108
11/22/2017 19:17:43	48.0	48.0	13.3858
11/22/2017 19:17:54	50.0	49.0	13.7566
11/22/2017 19:18:05	51.0	51.0	13.9108
11/22/2017 19:18:16	52.0	52.0	16.792
11/22/2017 19:18:27	54.0	53.0	13.0208
11/22/2017 19:18:38	54.0	54.0	11.8421
11/22/2017 19:18:49	55.0	54.0	12.5654
11/22/2017 19:19:00	56.0	55.0	12.0419
11/22/2017 19:19:11	57.0	55.0	16.792
11/22/2017 19:19:22	57.0	56.0	12.0735
11/22/2017 19:19:33	55.0	55.0	13.0208
11/22/2017 19:19:44	53.0	53.0	12.0735
11/22/2017 19:19:55	51.0	51.0	13.0319
11/22/2017 19:20:06	50.0	50.0	14.1732
11/22/2017 19:20:17	49.0	49.0	13.9474
11/22/2017 19:20:28	49.0	48.0	18
11/22/2017 19:20:39	48.0	47.0	13.4565
11/22/2017 19:20:50	47.0	46.0	13.4565
11/22/2017 19:21:01	48.0	47.0	13.7203
11/22/2017 19:21:12	50.0	50.0	12.6649
11/22/2017 19:21:23	52.0	51.0	17.0426
11/22/2017 19:21:34	52.0	52.0	12.8272
11/22/2017 19:21:45	53.0	53.0	12.0419
11/22/2017 19:21:56	55.0	54.0	12.7273
11/22/2017 19:22:07	55.0	54.0	12.0419
11/22/2017 19:22:19	55.0	54.0	11.811
11/22/2017 19:22:30	56.0	55.0	12.2396
11/22/2017 19:22:41	57.0	56.0	15.4822
11/22/2017 19:22:52	55.0	54.0	12.5654
11/22/2017 19:23:03	53.0	53.0	15.5263
11/22/2017 19:23:14	51.0	51.0	13.6483
11/22/2017 19:23:25	49.0	50.0	13.4921
11/22/2017 19:23:36	48.0	48.0	17.4684
11/22/2017 19:23:47	48.0	48.0	13.8381
11/22/2017 19:23:58	48.0	47.0	13.4921
11/22/2017 19:24:09	48.0	48.0	13.7203
11/22/2017 19:24:20	50.0	50.0	13.9108
11/22/2017 19:24:31	51.0	51.0	13.4565
11/22/2017 19:24:42	52.0	52.0	12.3037
11/22/2017 19:24:53	53.0	53.0	15.6566
11/22/2017 19:25:04	54.0	54.0	11.811
11/22/2017 19:25:15	55.0	54.0	12.6649
11/22/2017 19:25:26	55.0	56.0	12.5654
11/22/2017 19:25:37	56.0	55.0	12.0419
11/22/2017 19:25:48	56.0	56.0	16.75
11/22/2017 19:25:59	56.0	55.0	12.336
11/22/2017 19:26:10	54.0	53.0	14.6597
11/22/2017 19:26:21	51.0	51.0	13.9474
11/22/2017 19:26:32	50.0	50.0	13.4921
11/22/2017 19:26:43	49.0	49.0	14.3603
11/22/2017 19:26:54	48.0	48.0	13.9108
11/22/2017 19:27:05	48.0	47.0	16.6667
11/22/2017 19:27:16	47.0	47.0	12.963
11/22/2017 19:27:28	49.0	48.0	13.6842
11/22/2017 19:27:39	51.0	50.0	13.4211
11/22/2017 19:27:50	51.0	51.0	13.0548
11/22/2017 19:28:01	53.0	53.0	16.0804
11/22/2017 19:28:12	54.0	54.0	12.5654
11/22/2017 19:28:23	55.0	54.0	12.7937
11/22/2017 19:28:34	55.0	54.0	11.811
11/22/2017 19:28:45	57.0	55.0	11.5486
11/22/2017 19:28:56	56.0	56.0	12.4675
11/22/2017 19:29:07	57.0	56.0	12.0735
11/22/2017 19:29:18	55.0	53.0	16.3265
11/22/2017 19:29:29	52.0	51.0	13.6842
11/22/2017 19:29:40	51.0	51.0	14.2105
11/22/2017 19:29:51	50.0	49.0	13.0319
11/22/2017 19:30:02	48.0	48.0	13.7566
11/22/2017 19:30:13	48.0	48.0	18.9055
11/22/2017 19:30:24	48.0	47.0	13.6842
11/22/2017 19:30:35	48.0	48.0	13.9474
11/22/2017 19:30:46	50.0	50.0	13.3858
11/22/2017 19:30:57	51.0	51.0	12.5984
11/22/2017 19:31:08	52.0	52.0	14.433
11/22/2017 19:31:19	54.0	52.0	12.7937
11/22/2017 19:31:30	54.0	54.0	13.4367
11/22/2017 19:31:41	55.0	54.0	12.1053
11/22/2017 19:31:52	56.0	56.0	11.7801
11/22/2017 19:32:03	57.0	55.0	12.5
11/22/2017 19:32:14	57.0	56.0	12.0104
11/22/2017 19:32:25	55.0	54.0	16.792
11/22/2017 19:32:36	52.0	53.0	13.4565
11/22/2017 19:32:48	51.0	51.0	14.1361
11/22/2017 19:32:59	50.0	50.0	14.1732
11/22/2017 19:33:10	49.0	48.0	13.4921
11/22/2017 19:33:21	49.0	47.0	14.9215
11/22/2017 19:33:32	47.0	47.0	13.7931
11/22/2017 19:33:43	48.0	47.0	15.8031
11/22/2017 19:33:54	50.0	50.0	12.8947
11/22/2017 19:34:05	51.0	51.0	13.1234
11/22/2017 19:34:16	52.0	52.0	12.3684
11/22/2017 19:34:27	53.0	53.0	12.5654
11/22/2017 19:34:38	54.0	54.0	18.2957
11/22/2017 19:34:49	55.0	55.0	12.5326
11/22/2017 19:35:00	55.0	55.0	11.5789
11/22/2017 19:35:11	56.0	55.0	12.336
11/22/2017 19:35:22	55.0	56.0	12.3037
11/22/2017 19:35:33	54.0	53.0	15.8974
11/22/2017 19:35:44	51.0	51.0	13.6842
11/22/2017 19:35:55	50.0	50.0	15.8031
11/22/2017 19:36:06	49.0	48.0	13.6842
11/22/2017 19:36:17	49.0	48.0	13.6842
11/22/2017 19:36:28	48.0	47.0	14.4737
11/22/2017 19:36:39	47.0	47.0	13.4565
11/22/2017 19:36:50	49.0	48.0	18.75
11/22/2017 19:37:01	51.0	50.0	13.6842
11/22/2017 19:37:12	52.0	51.0	11.8421
11/22/2017 19:37:23	53.0	53.0	12.2396
11/22/2017 19:37:34	54.0	54.0	11.5789
11/22/2017 19:37:45	55.0	54.0	14.359
11/22/2017 19:37:57	56.0	55.0	12.5
11/22/2017 19:38:08	56.0	55.0	12.5326
11/22/2017 19:38:19	57.0	56.0	12.5326
11/22/2017 19:38:30	57.0	56.0	12.3037
11/22/2017 19:38:41	54.0	54.0	13.9474
11/22/2017 19:38:52	52.0	51.0	13.4565
11/22/2017 19:39:03	50.0	50.0	18.136
11/22/2017 19:39:14	49.0	49.0	13.6842
11/22/2017 19:39:25	49.0	48.0	12.4668
11/22/2017 19:39:36	48.0	47.0	14.1732
11/22/2017 19:39:47	48.0	47.0	12.6984
11/22/2017 19:39:58	48.0	48.0	17.602
11/22/2017 19:40:09	50.0	50.0	12.6316
11/22/2017 19:40:20	51.0	51.0	14.3229
11/22/2017 19:40:31	52.0	53.0	11.8421
11/22/2017 19:40:42	53.0	53.0	12.5654
11/22/2017 19:40:53	54.0	54.0	13.3858
11/22/2017 19:41:04	55.0	54.0	12.1053
11/22/2017 19:41:15	55.0	55.0	16.9154
11/22/2017 19:41:26	57.0	55.0	12.5654
11/22/2017 19:41:37	55.0	54.0	12.6649
11/22/2017 19:41:48	52.0	52.0	13.6483
11/22/2017 19:41:59	51.0	51.0	14.1361
11/22/2017 19:42:10	49.0	49.0	17.2589
11/22/2017 19:42:21	49.0	48.0	13.3508
11/22/2017 19:42:32	48.0	47.0	13.9108
11/22/2017 19:42:43	48.0	47.0	14.3979
11/22/2017 19:42:54	48.0	48.0	13.3858
11/22/2017 19:43:06	50.0	51.0	14.1732
11/22/2017 19:43:17	51.0	51.0	12.8609
11/22/2017 19:43:28	53.0	53.0	17.5879
11/22/2017 19:43:39	54.0	54.0	12.4675
11/22/2017 19:43:50	54.0	54.0	13.089
11/22/2017 19:44:01	56.0	54.0	12.0419
11/22/2017 19:44:12	56.0	55.0	12.7273
11/22/2017 19:44:23	57.0	56.0	15.1515
11/22/2017 19:44:34	57.0	56.0	12.5326
11/22/2017 19:44:45	55.0	54.0	12.5326
11/22/2017 19:44:56	53.0	52.0	13.2626
11/22/2017 19:45:07	51.0	51.0	13.4211
11/22/2017 19:45:18	50.0	49.0	14.1732
11/22/2017 19:45:29	49.0	48.0	12.9288
11/22/2017 19:45:40	48.0	47.0	17.4684
11/22/2017 19:45:51	48.0	47.0	14.4357
11/22/2017 19:46:02	48.0	47.0	14.1361
11/22/2017 19:46:13	50.0	49.0	12.8609
11/22/2017 19:46:24	51.0	51.0	12.9288
11/22/2017 19:46:35	52.0	51.0	16.3728
11/22/2017 19:46:46	53.0	53.0	11.811
11/22/2017 19:46:57	55.0	54.0	13.089
11/22/2017 19:47:08	55.0	54.0	12.3037
11/22/2017 19:47:19	55.0	55.0	11.5789
11/22/2017 19:47:30	55.0	56.0	12.2715
11/22/2017 19:47:41	57.0	56.0	11.811
11/22/2017 19:47:52	57.0	56.0	14.7583
11/22/2017 19:48:03	54.0	54.0	13.3159
11/22/2017 19:48:14	52.0	52.0	14.6982
11/22/2017 19:48:26	51.0	50.0	13.9474
11/22/2017 19:48:37	49.0	48.0	13.9108
11/22/2017 19:48:48	49.0	48.0	17.5879
11/22/2017 19:48:59	48.0	47.0	13.4921
11/22/2017 19:49:10	47.0	48.0	14.1732
11/22/2017 19:49:21	49.0	48.0	13.7203
11/22/2017 19:49:32	51.0	51.0	12.6984
11/22/2017 19:49:43	51.0	52.0	13.5065
11/22/2017 19:49:54	52.0	53.0	12.1053
11/22/2017 19:50:05	53.0	53.0	15.9898
11/22/2017 19:50:16	54.0	54.0	12.3037
11/22/2017 19:50:27	55.0	54.0	12.3037
11/22/2017 19:50:38	56.0	55.0	12.0419
11/22/2017 19:50:49	57.0	56.0	12.2715
11/22/2017 19:51:00	56.0	56.0	15.6171
11/22/2017 19:51:11	54.0	53.0	12.6316
11/22/2017 19:51:22	52.0	51.0	13.4211
11/22/2017 19:51:33	50.0	50.0	12.9288
11/22/2017 19:51:44	49.0	49.0	13.9108
11/22/2017 19:51:55	49.0	48.0	14.7668
11/22/2017 19:52:06	48.0	48.0	13.5279
11/22/2017 19:52:17	48.0	47.0	16.7513
11/22/2017 19:52:28	47.0	46.0	14.4357
11/22/2017 19:52:39	48.0	47.0	13.2275
11/22/2017 19:52:50	50.0	50.0	14.2105
11/22/2017 19:53:01	51.0	51.0	12.6649
11/22/2017 19:53:12	52.0	52.0	17.8218
11/22/2017 19:53:24	53.0	52.0	12.0104
11/22/2017 19:53:35	54.0	53.0	13.0208
11/22/2017 19:53:46	55.0	54.0	12.5
11/22/2017 19:53:57	55.0	55.0	12.2715
11/22/2017 19:54:08	57.0	56.0	14.8338
11/22/2017 19:54:19	56.0	55.0	12.0735
11/22/2017 19:54:30	53.0	53.0	15.3846
11/22/2017 19:54:41	51.0	50.0	13.9474
11/22/2017 19:54:52	50.0	50.0	13.1926
11/22/2017 19:55:03	48.0	49.0	13.4921
11/22/2017 19:55:14	48.0	48.0	12.8947
11/22/2017 19:55:25	48.0	47.0	17.4242
11/22/2017 19:55:36	48.0	47.0	14.9606
11/22/2017 19:55:47	50.0	49.0	13.3858
11/22/2017 19:55:58	51.0	51.0	13.1926
11/22/2017 19:56:09	52.0	52.0	12.5654
11/22/2017 19:56:20	53.0	53.0	13.9535
11/22/2017 19:56:31	55.0	53.0	12.0735
11/22/2017 19:56:42	55.0	54.0	13.577
11/22/2017 19:56:53	56.0	55.0	11.3456
11/22/2017 19:57:04	56.0	55.0	11.6095
11/22/2017 19:57:15	56.0	56.0	11.811
11/22/2017 19:57:26	53.0	53.0	13.089
11/22/2017 19:57:37	52.0	51.0	18.25
11/22/2017 19:57:48	50.0	50.0	14.3979
11/22/2017 19:57:59	49.0	48.0	13.9474
11/22/2017 19:58:10	48.0	48.0	13.6842
11/22/2017 19:58:21	48.0	48.0	13.7203
11/22/2017 19:58:33	48.0	47.0	15.5039
11/22/2017 19:58:44	49.0	49.0	14.6597
11/22/2017 19:58:55	51.0	51.0	13.0548
11/22/2017 19:59:06	52.0	52.0	13.089
11/22/2017 19:59:17	53.0	53.0	12.5326
11/22/2017 19:59:28	54.0	53.0	12.5326
11/22/2017 19:59:39	55.0	55.0	8.37438
11/22/2017 19:59:50	55.0	55.0	18.5
11/22/2017 20:00:01	54.0	54.0	13.6483
11/22/2017 20:00:12	52.0	51.0	13.6842
11/22/2017 20:00:23	50.0	50.0	13.1926
11/22/2017 20:00:34	50.0	48.0	17.801
11/22/2017 20:00:45	49.0	48.0	18.2741
11/22/2017 20:00:56	48.0	47.0	14.6982
11/22/2017 20:01:07	48.0	47.0	14.248
11/22/2017 20:01:18	48.0	48.0	15
11/22/2017 20:01:29	50.0	50.0	13.9842
11/22/2017 20:01:40	51.0	51.0	14.7757
11/22/2017 20:01:51	53.0	53.0	14.0584
11/22/2017 20:02:02	54.0	53.0	16.8766
11/22/2017 20:02:13	55.0	54.0	13.8021
11/22/2017 20:02:24	55.0	54.0	12.8947
11/22/2017 20:02:35	55.0	55.0	13.3159
11/22/2017 20:02:47	56.0	56.0	13.4211
11/22/2017 20:02:58	54.0	53.0	18.8442
11/22/2017 20:03:09	52.0	51.0	14.4737
11/22/2017 20:03:20	50.0	50.0	14.9606
11/22/2017 20:03:31	50.0	48.0	14.0584
11/22/2017 20:03:42	49.0	48.0	14.9606
11/22/2017 20:03:53	48.0	48.0	14.7757
11/22/2017 20:04:04	48.0	47.0	14.0584
11/22/2017 20:04:15	48.0	47.0	18.0203
11/22/2017 20:04:26	50.0	49.0	15.2231
11/22/2017 20:04:37	51.0	51.0	14.2857
11/22/2017 20:04:48	52.0	53.0	14.3236
11/22/2017 20:04:59	54.0	53.0	13.4921
11/22/2017 20:05:10	54.0	54.0	18.1818
11/22/2017 20:05:21	55.0	55.0	12.9288
11/22/2017 20:05:32	56.0	56.0	12.6316
11/22/2017 20:05:43	56.0	56.0	12.5326
11/22/2017 20:05:54	53.0	53.0	12.963
11/22/2017 20:06:05	51.0	51.0	17.4935
11/22/2017 20:06:16	50.0	50.0	13.9108
11/22/2017 20:06:27	49.0	49.0	15.9383
11/22/2017 20:06:38	48.0	48.0	13.4211
11/22/2017 20:06:49	48.0	48.0	13.9108
11/22/2017 20:07:00	47.0	47.0	13.7203
11/22/2017 20:07:11	49.0	48.0	13.6842
11/22/2017 20:07:22	50.0	50.0	18.5
11/22/2017 20:07:34	51.0	51.0	13.0208
11/22/2017 20:07:45	52.0	52.0	12.5984
11/22/2017 20:07:56	53.0	53.0	12.0419
11/22/2017 20:08:07	54.0	54.0	11.8734
11/22/2017 20:08:18	55.0	54.0	13.6951
11/22/2017 20:08:29	56.0	55.0	11.811
11/22/2017 20:08:40	56.0	56.0	12.5
11/22/2017 20:08:51	57.0	56.0	12.5654
11/22/2017 20:09:02	54.0	54.0	12.6649
11/22/2017 20:09:13	52.0	52.0	13.4565
11/22/2017 20:09:24	51.0	50.0	13.1579
11/22/2017 20:09:35	50.0	49.0	17.6768
11/22/2017 20:09:46	49.0	48.0	13.4921
11/22/2017 20:09:57	48.0	47.0	14.4357
11/22/2017 20:10:08	48.0	47.0	13.6842
11/22/2017 20:10:19	48.0	47.0	13.8743
11/22/2017 20:10:30	50.0	50.0	15.2455
11/22/2017 20:10:41	51.0	50.0	12.6649
11/22/2017 20:10:52	53.0	51.0	13.7662
11/22/2017 20:11:03	53.0	53.0	12.0104
11/22/2017 20:11:14	54.0	54.0	12.5326
11/22/2017 20:11:25	55.0	54.0	12.1053
11/22/2017 20:11:36	55.0	55.0	12.3037
11/22/2017 20:11:47	57.0	56.0	16.1692
11/22/2017 20:11:58	56.0	56.0	12.0735
11/22/2017 20:12:09	54.0	54.0	12.0735
11/22/2017 20:12:20	53.0	52.0	13.9474
11/22/2017 20:12:31	51.0	50.0	13.4565
11/22/2017 20:12:42	50.0	50.0	16.1538
11/22/2017 20:12:54	49.0	48.0	13.1579
11/22/2017 20:13:05	48.0	48.0	14.8052
11/22/2017 20:13:16	48.0	47.0	14.1361
11/22/2017 20:13:27	49.0	48.0	15.1832
11/22/2017 20:13:38	51.0	50.0	13.9108
11/22/2017 20:13:49	51.0	51.0	12.6316
11/22/2017 20:14:00	52.0	52.0	17.25
11/22/2017 20:14:11	53.0	53.0	11.3158
11/22/2017 20:14:22	55.0	54.0	12.5984
11/22/2017 20:14:33	55.0	55.0	12.3037
11/22/2017 20:14:44	56.0	55.0	12.2715
11/22/2017 20:14:55	57.0	56.0	15.9091
11/22/2017 20:15:06	55.0	55.0	12.1053
11/22/2017 20:15:17	53.0	53.0	14.3229
11/22/2017 20:15:28	51.0	50.0	13.4565
11/22/2017 20:15:39	50.0	49.0	13.9474
11/22/2017 20:15:50	49.0	48.0	14.1732
11/22/2017 20:16:01	48.0	48.0	12.6649
11/22/2017 20:16:12	48.0	47.0	18.6398
11/22/2017 20:16:23	48.0	47.0	13.7203
11/22/2017 20:16:34	50.0	49.0	12.4011
11/22/2017 20:16:45	51.0	51.0	12.336
11/22/2017 20:16:56	52.0	52.0	12.8609
11/22/2017 20:17:07	54.0	53.0	16.2907
11/22/2017 20:17:18	54.0	53.0	12.5654
11/22/2017 20:17:29	55.0	55.0	12.3037
11/22/2017 20:17:40	55.0	54.0	11.5486
11/22/2017 20:17:52	57.0	55.0	12.0104
11/22/2017 20:18:03	57.0	55.0	11.8421
11/22/2017 20:18:14	54.0	54.0	13.1234
11/22/2017 20:18:25	52.0	52.0	16.6667
11/22/2017 20:18:36	51.0	50.0	14.0212
11/22/2017 20:18:47	50.0	49.0	13.3858
11/22/2017 20:18:58	49.0	48.0	14.1732
11/22/2017 20:19:09	48.0	48.0	13.4211
11/22/2017 20:19:20	48.0	47.0	18.2278
11/22/2017 20:19:31	47.0	47.0	13.6842
11/22/2017 20:19:42	49.0	49.0	14.4737
11/22/2017 20:19:53	50.0	50.0	13.9108
11/22/2017 20:20:04	52.0	51.0	12.1053
11/22/2017 20:20:15	52.0	53.0	12.0419
11/22/2017 20:20:26	54.0	53.0	11.3456
11/22/2017 20:20:37	55.0	54.0	15.736
11/22/2017 20:20:48	56.0	55.0	11.5183
11/22/2017 20:20:59	56.0	55.0	12.0419
11/22/2017 20:21:10	56.0	56.0	12.5984
11/22/2017 20:21:21	54.0	53.0	12.4011
11/22/2017 20:21:32	51.0	51.0	18.9055
11/22/2017 20:21:43	50.0	50.0	12.8609
11/22/2017 20:21:54	49.0	49.0	13.4565
11/22/2017 20:22:05	48.0	48.0	13.4921
11/22/2017 20:22:16	48.0	47.0	13.2626
11/22/2017 20:22:27	47.0	47.0	14.6982
11/22/2017 20:22:38	48.0	47.0	13.2275
11/22/2017 20:22:49	49.0	49.0	17.0918
11/22/2017 20:23:01	51.0	51.0	13.3858
11/22/2017 20:23:12	52.0	52.0	12.2715
11/22/2017 20:23:23	53.0	53.0	12.1053
11/22/2017 20:23:34	54.0	53.0	12.0104
11/22/2017 20:23:45	55.0	54.0	16.5
11/22/2017 20:23:56	55.0	56.0	11.5486
11/22/2017 20:24:07	57.0	56.0	12.2715
11/22/2017 20:24:18	56.0	56.0	12.2715
11/22/2017 20:24:29	54.0	54.0	12.4011
11/22/2017 20:24:40	51.0	52.0	12.8947
11/22/2017 20:24:51	51.0	50.0	13.4921
11/22/2017 20:25:02	49.0	50.0	16.3265
11/22/2017 20:25:13	49.0	48.0	14.8825
11/22/2017 20:25:24	49.0	48.0	13.9108
11/22/2017 20:25:35	47.0	47.0	13.5279
11/22/2017 20:25:46	48.0	48.0	12.9973
11/22/2017 20:25:57	49.0	49.0	17.8392
11/22/2017 20:26:08	51.0	51.0	13.1926
11/22/2017 20:26:19	53.0	52.0	11.8421
11/22/2017 20:26:30	53.0	53.0	12.2715
11/22/2017 20:26:41	54.0	54.0	12.3037
11/22/2017 20:26:52	55.0	54.0	14.1753
11/22/2017 20:27:03	55.0	55.0	12.5
11/22/2017 20:27:14	56.0	56.0	14.2487
11/22/2017 20:27:25	55.0	54.0	13.3508
11/22/2017 20:27:36	53.0	52.0	13.3508
11/22/2017 20:27:47	50.0	50.0	13.4921
11/22/2017 20:27:58	49.0	49.0	13.4921
11/22/2017 20:28:10	49.0	48.0	18.5464
11/22/2017 20:28:21	48.0	48.0	13.4565
11/22/2017 20:28:32	47.0	47.0	13.6483
11/22/2017 20:28:43	48.0	48.0	13.7566
11/22/2017 20:28:54	50.0	49.0	12.6984
11/22/2017 20:29:05	51.0	51.0	15.5039
11/22/2017 20:29:16	52.0	52.0	12.0419
11/22/2017 20:29:27	53.0	53.0	12.7937
11/22/2017 20:29:38	54.0	53.0	12.7937
11/22/2017 20:29:49	55.0	54.0	12.0419
11/22/2017 20:30:00	55.0	55.0	12.5654
11/22/2017 20:30:11	56.0	56.0	12.0419
11/22/2017 20:30:22	56.0	56.0	16.792
11/22/2017 20:30:33	54.0	54.0	13.1926
11/22/2017 20:30:44	52.0	51.0	13.9842
11/22/2017 20:30:55	50.0	50.0	13.9474
11/22/2017 20:31:06	49.0	49.0	14.248
11/22/2017 20:31:17	48.0	49.0	17.0984
11/22/2017 20:31:28	48.0	47.0	14.0212
11/22/2017 20:31:39	48.0	47.0	14.1361
11/22/2017 20:31:50	49.0	49.0	13.4211
11/22/2017 20:32:01	50.0	51.0	12.0735
11/22/2017 20:32:12	51.0	53.0	13.6126
11/22/2017 20:32:23	53.0	53.0	11.8421
11/22/2017 20:32:34	54.0	54.0	16.75
11/22/2017 20:32:45	55.0	54.0	13.577
11/22/2017 20:32:56	55.0	55.0	12.336
11/22/2017 20:33:07	56.0	56.0	12.5326
11/22/2017 20:33:18	56.0	55.0	12.4675
11/22/2017 20:33:30	54.0	53.0	16.0305
11/22/2017 20:33:41	51.0	51.0	13.4565
11/22/2017 20:33:52	50.0	50.0	14.6597
11/22/2017 20:34:03	49.0	49.0	13.2275
11/22/2017 20:34:14	48.0	48.0	14.2105
11/22/2017 20:34:25	48.0	47.0	13.7203
11/22/2017 20:34:36	47.0	47.0	13.7566
11/22/2017 20:34:47	48.0	48.0	18.2957
11/22/2017 20:34:58	50.0	50.0	12.9288
11/22/2017 20:35:09	51.0	52.0	12.8609
11/22/2017 20:35:20	52.0	52.0	12.3037
11/22/2017 20:35:31	53.0	53.0	13.0208
11/22/2017 20:35:42	54.0	54.0	15.6962
11/22/2017 20:35:53	55.0	54.0	12.7937
11/22/2017 20:36:04	55.0	55.0	12.4352
11/22/2017 20:36:15	56.0	56.0	12.3684
11/22/2017 20:36:26	54.0	54.0	13.6126
11/22/2017 20:36:37	52.0	52.0	13.7203
11/22/2017 20:36:48	51.0	50.0	13.2275
11/22/2017 20:36:59	49.0	49.0	18.6398
11/22/2017 20:37:10	48.0	48.0	13.6842
11/22/2017 20:37:21	47.0	47.0	14.248
11/22/2017 20:37:32	47.0	47.0	13.4921
11/22/2017 20:37:43	48.0	48.0	13.7203
11/22/2017 20:37:54	50.0	50.0	17.8392
11/22/2017 20:38:05	51.0	51.0	13.0208
11/22/2017 20:38:16	52.0	52.0	12.2715
11/22/2017 20:38:28	53.0	53.0	12.5326
11/22/2017 20:38:39	55.0	54.0	13.6483
11/22/2017 20:38:50	55.0	54.0	12.8272
11/22/2017 20:39:01	55.0	56.0	11.8421
11/22/2017 20:39:12	57.0	56.0	15.9091
11/22/2017 20:39:23	54.0	53.0	13.4211
11/22/2017 20:39:34	52.0	52.0	14.1361
11/22/2017 20:39:45	50.0	50.0	13.3508
11/22/2017 20:39:56	49.0	49.0	14.3979
11/22/2017 20:40:07	48.0	48.0	17.5127
11/22/2017 20:40:18	47.0	47.0	13.1926
11/22/2017 20:40:29	49.0	48.0	14.1732
11/22/2017 20:40:40	50.0	50.0	13.3858
11/22/2017 20:40:51	51.0	50.0	13.9108
11/22/2017 20:41:02	52.0	51.0	12.5326
11/22/2017 20:41:13	54.0	53.0	12.5326
11/22/2017 20:41:24	54.0	54.0	15.7761
11/22/2017 20:41:35	55.0	54.0	12.5326
11/22/2017 20:41:46	56.0	54.0	12.0735
11/22/2017 20:41:57	56.0	56.0	12.5326
11/22/2017 20:42:08	56.0	56.0	17.5393
11/22/2017 20:42:19	54.0	54.0	20.4545
11/22/2017 20:42:30	52.0	53.0	16.4062
11/22/2017 20:42:41	51.0	51.0	19.6891
11/22/2017 20:42:52	51.0	50.0	19.1099
11/22/2017 20:43:03	50.0	49.0	16.1039
11/22/2017 20:43:14	49.0	49.0	17.2324
11/22/2017 20:43:25	49.0	48.0	17.7249
11/22/2017 20:43:36	48.0	48.0	20.603
11/22/2017 20:43:47	48.0	47.0	17.801
11/22/2017 20:43:58	48.0	47.0	16.9713
11/22/2017 20:44:09	48.0	47.0	16.2304
11/22/2017 20:44:21	50.0	49.0	17.1875
11/22/2017 20:44:32	51.0	51.0	20.3046
11/22/2017 20:44:43	53.0	52.0	16.6667
11/22/2017 20:44:54	54.0	54.0	12.4011
11/22/2017 20:45:05	55.0	54.0	15.3034
11/22/2017 20:45:16	53.0	52.0	18.799
11/22/2017 20:45:27	51.0	51.0	20.6806
11/22/2017 20:45:38	51.0	51.0	18.3727
11/22/2017 20:45:49	50.0	50.0	21.2658
11/22/2017 20:46:00	49.0	49.0	17.4026
11/22/2017 20:46:11	49.0	49.0	18.2768
11/22/2017 20:46:22	49.0	48.0	18.0628
11/22/2017 20:46:33	48.0	47.0	18.5379
11/22/2017 20:46:44	48.0	47.0	20.1018
11/22/2017 20:46:55	48.0	47.0	16.4491
11/22/2017 20:47:06	49.0	47.0	16.3636
11/22/2017 20:47:17	49.0	47.0	18.1347
11/22/2017 20:47:28	48.0	47.0	17.801
11/22/2017 20:47:39	49.0	48.0	17.8478
11/22/2017 20:47:50	50.0	50.0	17.2324
11/22/2017 20:48:01	52.0	51.0	19.9495
11/22/2017 20:48:12	53.0	53.0	18.2768
11/22/2017 20:48:23	55.0	54.0	17.9221
11/22/2017 20:48:34	55.0	54.0	18.8976
11/22/2017 20:48:45	56.0	56.0	17.2324
11/22/2017 20:48:56	55.0	54.0	20.2532
11/22/2017 20:49:07	53.0	53.0	18.2768
11/22/2017 20:49:18	51.0	51.0	18.3727
11/22/2017 20:49:29	51.0	51.0	17.9221
11/22/2017 20:49:40	50.0	50.0	18.0628
11/22/2017 20:49:51	50.0	48.0	19.9475
11/22/2017 20:50:02	49.0	48.0	16.4491
11/22/2017 20:50:13	48.0	48.0	19.3955
11/22/2017 20:50:24	49.0	47.0	17.801
11/22/2017 20:50:35	48.0	48.0	18.4896
11/22/2017 20:50:46	48.0	47.0	17.801
11/22/2017 20:50:57	49.0	48.0	21.1082
11/22/2017 20:51:08	51.0	51.0	20.0508
11/22/2017 20:51:20	52.0	51.0	17.0604
11/22/2017 20:51:31	54.0	53.0	18.3938
11/22/2017 20:51:42	55.0	54.0	17.4603
11/22/2017 20:51:53	56.0	55.0	18.6352
11/22/2017 20:52:04	57.0	56.0	18.1579
11/22/2017 20:52:15	54.0	54.0	15.0259
11/22/2017 20:52:26	52.0	52.0	22.5
11/22/2017 20:52:37	51.0	50.0	15.2231
11/22/2017 20:52:48	50.0	50.0	15.9686
11/22/2017 20:52:59	50.0	50.0	16.3636
11/22/2017 20:53:10	49.0	48.0	15.9686
11/22/2017 20:53:21	49.0	48.0	19.6931
11/22/2017 20:53:32	49.0	48.0	17.1875
11/22/2017 20:53:43	49.0	48.0	18.6047
11/22/2017 20:53:54	48.0	47.0	16.7539
11/22/2017 20:54:05	48.0	47.0	18.5379
11/22/2017 20:54:16	48.0	47.0	17.3228
11/22/2017 20:54:27	48.0	47.0	17.6623
11/22/2017 20:54:38	50.0	50.0	21.519
11/22/2017 20:54:49	51.0	51.0	17.8478
11/22/2017 20:55:00	53.0	53.0	17.1429
11/22/2017 20:55:11	55.0	54.0	19.1099
11/22/2017 20:55:22	56.0	54.0	18.7013
11/22/2017 20:55:33	57.0	56.0	18.3463
11/22/2017 20:55:44	55.0	55.0	15.6658
11/22/2017 20:55:55	53.0	53.0	19.0722
11/22/2017 20:56:06	52.0	51.0	18.799
11/22/2017 20:56:17	50.0	51.0	17.8478
11/22/2017 20:56:28	50.0	50.0	16.5789
11/22/2017 20:56:39	50.0	49.0	17.2775
11/22/2017 20:56:50	50.0	49.0	21.34
11/22/2017 20:57:01	49.0	48.0	15.3646
11/22/2017 20:57:12	49.0	48.0	16.4491
11/22/2017 20:57:23	48.0	47.0	17.4479
11/22/2017 20:57:34	48.0	47.0	15.9686
11/22/2017 20:57:45	48.0	47.0	18.2519
11/22/2017 20:57:56	49.0	47.0	17.2324
11/22/2017 20:58:07	49.0	49.0	19.0722
11/22/2017 20:58:18	50.0	50.0	18.3246
11/22/2017 20:58:30	52.0	51.0	19.3211
11/22/2017 20:58:41	54.0	53.0	17.8947
11/22/2017 20:58:52	55.0	54.0	19.2708
11/22/2017 20:59:03	57.0	56.0	18.481
11/22/2017 20:59:14	57.0	55.0	17.2324
11/22/2017 20:59:25	54.0	53.0	15.3646
11/22/2017 20:59:36	52.0	51.0	17.2775
11/22/2017 20:59:47	51.0	51.0	16.7979
11/22/2017 20:59:58	51.0	51.0	15.5844
11/22/2017 21:00:09	50.0	50.0	17.6781
11/22/2017 21:00:20	49.0	49.0	18.3206
11/22/2017 21:00:31	50.0	49.0	16.1458
11/22/2017 21:00:42	49.0	49.0	18.4896
11/22/2017 21:00:53	49.0	48.0	17.0157
11/22/2017 21:01:04	48.0	47.0	15.3646
11/22/2017 21:01:15	49.0	47.0	21.5
11/22/2017 21:01:26	48.0	47.0	18.4211
11/22/2017 21:01:37	47.0	48.0	16.5803
11/22/2017 21:01:48	47.0	47.0	15.625
11/22/2017 21:01:59	49.0	48.0	17.2775
11/22/2017 21:02:10	51.0	50.0	16.0622
11/22/2017 21:02:21	52.0	52.0	17.801
11/22/2017 21:02:32	53.0	54.0	21.3198
11/22/2017 21:02:43	55.0	54.0	17.4479
11/22/2017 21:02:54	56.0	55.0	17.4935
11/22/2017 21:03:05	57.0	56.0	16.1039
11/22/2017 21:03:16	55.0	54.0	18.2292
11/22/2017 21:03:27	53.0	53.0	19.2893
11/22/2017 21:03:38	52.0	51.0	16.1458
11/22/2017 21:03:49	51.0	50.0	15.1042
11/22/2017 21:04:00	50.0	50.0	16.1458
11/22/2017 21:04:11	49.0	48.0	17.801
11/22/2017 21:04:22	49.0	48.0	17.5393
11/22/2017 21:04:33	48.0	48.0	16.7102
11/22/2017 21:04:44	48.0	48.0	19.0355
11/22/2017 21:04:55	49.0	48.0	18.0628
11/22/2017 21:05:06	49.0	47.0	19.2105
11/22/2017 21:05:17	48.0	47.0	18.0157
11/22/2017 21:05:28	48.0	47.0	17.5393
11/22/2017 21:05:39	48.0	48.0	22.8426
11/22/2017 21:05:50	47.0	47.0	18.0157
11/22/2017 21:06:02	47.0	47.0	23.1959
11/22/2017 21:06:13	49.0	48.0	18.6047
11/22/2017 21:06:24	48.0	48.0	19.6891
11/22/2017 21:06:35	50.0	49.0	13.9474
11/22/2017 21:06:46	47.0	47.0	26.0638
11/22/2017 21:06:57	47.0	47.0	21.066
11/22/2017 21:07:08	49.0	48.0	16.9312
11/22/2017 21:07:19	51.0	50.0	16.1458
11/22/2017 21:07:30	52.0	52.0	18.8976
11/22/2017 21:07:41	54.0	53.0	19.7917
11/22/2017 21:07:52	54.0	54.0	20.202
11/22/2017 21:08:03	56.0	55.0	15.1436
11/22/2017 21:08:14	57.0	56.0	17.2324
11/22/2017 21:08:25	55.0	54.0	18.2768
11/22/2017 21:08:36	54.0	53.0	12.8947
11/22/2017 21:08:47	51.0	51.0	14.1732
11/22/2017 21:08:58	49.0	49.0	14.0212
11/22/2017 21:09:09	49.0	48.0	17.4684
11/22/2017 21:09:20	48.0	48.0	13.9474
11/22/2017 21:09:31	48.0	47.0	14.5119
11/22/2017 21:09:42	49.0	47.0	13.5279
11/22/2017 21:09:53	47.0	47.0	13.2275
11/22/2017 21:10:04	49.0	48.0	17.7665
11/22/2017 21:10:15	50.0	50.0	12.5654
11/22/2017 21:10:26	51.0	52.0	12.8272
11/22/2017 21:10:37	53.0	53.0	11.8421
11/22/2017 21:10:48	54.0	53.0	12.5326
11/22/2017 21:10:59	55.0	54.0	13.3858
11/22/2017 21:11:10	55.0	55.0	12.3037
11/22/2017 21:11:21	55.0	55.0	19.2405
11/22/2017 21:11:32	56.0	55.0	18.6842
11/22/2017 21:11:43	53.0	54.0	17.1429
11/22/2017 21:11:55	52.0	52.0	18.0157
11/22/2017 21:12:06	51.0	51.0	18.6352
11/22/2017 21:12:17	50.0	51.0	22.8426
11/22/2017 21:12:28	51.0	51.0	16.1039
11/22/2017 21:12:39	49.0	49.0	19.2708
11/22/2017 21:12:50	49.0	49.0	17.4479
11/22/2017 21:13:01	49.0	49.0	18.5379
11/22/2017 21:13:12	49.0	49.0	17.0604
11/22/2017 21:13:23	49.0	48.0	17.5393
11/22/2017 21:13:34	48.0	48.0	20.9596
11/22/2017 21:13:45	48.0	48.0	16.9271
11/22/2017 21:13:56	48.0	48.0	18.8482
11/22/2017 21:14:07	48.0	48.0	19.8953
11/22/2017 21:14:18	48.0	48.0	19.6335
11/22/2017 21:14:29	49.0	48.0	20.0508
11/22/2017 21:14:40	48.0	47.0	18.8482
11/22/2017 21:14:51	47.0	47.0	17.9688
11/22/2017 21:15:02	48.0	47.0	14.9215
11/22/2017 21:15:13	48.0	47.0	15.3646
11/22/2017 21:15:24	49.0	49.0	16.273
11/22/2017 21:15:35	51.0	51.0	17.5393
11/22/2017 21:15:46	53.0	52.0	20
11/22/2017 21:15:57	55.0	54.0	19.2208
11/22/2017 21:16:08	55.0	54.0	18.5379
11/22/2017 21:16:19	56.0	56.0	16.9713
11/22/2017 21:16:30	55.0	55.0	17.801
11/22/2017 21:16:41	54.0	54.0	18.8144
11/22/2017 21:16:52	52.0	53.0	17.2775
11/22/2017 21:17:03	52.0	51.0	15.5039
11/22/2017 21:17:14	50.0	50.0	17.1875
11/22/2017 21:17:25	50.0	48.0	16.4921
11/22/2017 21:17:36	50.0	49.0	18.5379
11/22/2017 21:17:47	49.0	49.0	15.2632
11/22/2017 21:17:58	49.0	48.0	18.2741
11/22/2017 21:18:09	49.0	48.0	18.799
11/22/2017 21:18:20	49.0	48.0	18.799
11/22/2017 21:18:31	48.0	48.0	19.5251
11/22/2017 21:18:42	48.0	48.0	17.5711
11/22/2017 21:18:53	48.0	48.0	20.8763
11/22/2017 21:19:04	48.0	47.0	16.273
11/22/2017 21:19:15	48.0	48.0	17.4026
11/22/2017 21:19:27	49.0	47.0	14.8825
11/22/2017 21:19:38	47.0	46.0	14.3603
11/22/2017 21:19:49	49.0	48.0	13.2626
11/22/2017 21:20:00	50.0	50.0	12.6649
11/22/2017 21:20:11	51.0	51.0	18.136
11/22/2017 21:20:22	52.0	51.0	11.5486
11/22/2017 21:20:33	53.0	53.0	12.8272
11/22/2017 21:20:44	54.0	54.0	12.5
11/22/2017 21:20:55	54.0	54.0	12.1372
11/22/2017 21:21:06	55.0	55.0	13.6951
11/22/2017 21:21:17	56.0	56.0	12.1372
11/22/2017 21:21:28	55.0	55.0	13.0548
11/22/2017 21:21:39	53.0	53.0	13.2468
11/22/2017 21:21:50	51.0	51.0	12.963
11/22/2017 21:22:01	50.0	50.0	14.2105
11/22/2017 21:22:12	50.0	49.0	16.2304
11/22/2017 21:22:23	49.0	48.0	21.5
11/22/2017 21:22:34	49.0	49.0	17.4026
11/22/2017 21:22:45	49.0	48.0	18.0628
11/22/2017 21:22:56	50.0	48.0	18.5864
11/22/2017 21:23:07	49.0	48.0	19.171
11/22/2017 21:23:18	49.0	48.0	19.5431
11/22/2017 21:23:29	49.0	48.0	17.0604
11/22/2017 21:23:40	48.0	48.0	17.5711
11/22/2017 21:23:51	48.0	48.0	19.0601
11/22/2017 21:24:02	49.0	48.0	18.75
11/22/2017 21:24:13	49.0	48.0	16.7979
11/22/2017 21:24:24	48.0	48.0	17.1429
11/22/2017 21:24:35	48.0	48.0	20.1005
11/22/2017 21:24:46	48.0	47.0	16.7102
11/22/2017 21:24:57	48.0	48.0	19.5822
11/22/2017 21:25:08	48.0	47.0	18.2768
11/22/2017 21:25:20	49.0	49.0	16.4491
11/22/2017 21:25:31	51.0	51.0	19.8473
11/22/2017 21:25:42	52.0	53.0	18.1102
11/22/2017 21:25:53	54.0	53.0	17.3575
11/22/2017 21:26:04	55.0	54.0	15.1832
11/22/2017 21:26:15	56.0	55.0	16.9271
11/22/2017 21:26:26	57.0	56.0	16.3588
11/22/2017 21:26:37	55.0	54.0	17.2324
11/22/2017 21:26:48	53.0	53.0	20.2532
11/22/2017 21:26:59	51.0	52.0	17.0157
11/22/2017 21:27:10	51.0	51.0	18.8482
11/22/2017 21:27:21	50.0	51.0	18.1818
11/22/2017 21:27:32	50.0	49.0	18.9474
11/22/2017 21:27:43	50.0	50.0	18.5567
11/22/2017 21:27:54	49.0	49.0	20.5195
11/22/2017 21:28:05	49.0	49.0	18.9119
11/22/2017 21:28:16	49.0	49.0	17.1429
11/22/2017 21:28:27	49.0	48.0	15.625
11/22/2017 21:28:38	48.0	48.0	19.5822
11/22/2017 21:28:49	48.0	48.0	17.2324
11/22/2017 21:29:00	48.0	48.0	18.7342
11/22/2017 21:29:11	49.0	48.0	18.4896
11/22/2017 21:29:22	49.0	48.0	16.2304
11/22/2017 21:29:33	49.0	47.0	17.4479
11/22/2017 21:29:44	48.0	48.0	19.3211
11/22/2017 21:29:55	49.0	48.0	18.2292
11/22/2017 21:30:06	48.0	47.0	16.188
11/22/2017 21:30:17	48.0	47.0	19.171
11/22/2017 21:30:28	47.0	48.0	17.6316
11/22/2017 21:30:39	47.0	48.0	17.1053
11/22/2017 21:30:50	48.0	47.0	17.1429
11/22/2017 21:31:01	48.0	47.0	16.7102
11/22/2017 21:31:12	48.0	47.0	20.5584
11/22/2017 21:31:23	48.0	48.0	15.1436
11/22/2017 21:31:34	47.0	47.0	18.7013
11/22/2017 21:31:45	48.0	47.0	18.5379
11/22/2017 21:31:56	48.0	47.0	16.3636
11/22/2017 21:32:07	48.0	47.0	18.6528
11/22/2017 21:32:19	48.0	47.0	18.6352
11/22/2017 21:32:30	48.0	48.0	19.6931
11/22/2017 21:32:41	48.0	47.0	19.4226
11/22/2017 21:32:52	48.0	47.0	21.3542
11/22/2017 21:33:03	48.0	47.0	18.6352
11/22/2017 21:33:14	48.0	47.0	18.3727
11/22/2017 21:33:25	48.0	48.0	21.5539
11/22/2017 21:33:36	47.0	47.0	17.5711
11/22/2017 21:33:47	49.0	48.0	19.9488
11/22/2017 21:33:58	49.0	49.0	18.6528
11/22/2017 21:34:09	49.0	49.0	20.8226
11/22/2017 21:34:20	50.0	50.0	21.2821
11/22/2017 21:34:31	51.0	50.0	20.2073
11/22/2017 21:34:42	50.0	51.0	25.0633
11/22/2017 21:34:53	50.0	50.0	22.3958
11/22/2017 21:35:04	49.0	50.0	23.3161
11/22/2017 21:35:15	51.0	50.0	19.6382
11/22/2017 21:35:26	50.0	50.0	20.3085
11/22/2017 21:35:37	51.0	50.0	21.9697
11/22/2017 21:35:48	50.0	51.0	22.2798
11/22/2017 21:35:59	51.0	51.0	20.7254
11/22/2017 21:36:10	50.0	51.0	18.8144
11/22/2017 21:36:21	50.0	51.0	22.3118
11/22/2017 21:36:33	49.0	48.0	20.9068
11/22/2017 21:36:44	48.0	49.0	16.4062
11/22/2017 21:36:55	49.0	48.0	17.8947
11/22/2017 21:37:06	49.0	48.0	16.6227
11/22/2017 21:37:17	49.0	48.0	19.7368
11/22/2017 21:37:28	48.0	48.0	17.4935
11/22/2017 21:37:39	48.0	47.0	16.4921
11/22/2017 21:37:50	48.0	48.0	19.084
11/22/2017 21:38:01	48.0	47.0	18.2058
11/22/2017 21:38:12	48.0	47.0	16.9271
11/22/2017 21:38:23	47.0	47.0	16.2304
11/22/2017 21:38:34	49.0	49.0	15.0649
11/22/2017 21:38:45	51.0	51.0	20.1018
11/22/2017 21:38:56	52.0	53.0	16.4921
11/22/2017 21:39:07	53.0	53.0	18.8976
11/22/2017 21:39:18	54.0	55.0	15.7068
11/22/2017 21:39:29	56.0	55.0	18.2292
11/22/2017 21:39:40	56.0	56.0	17.801
11/22/2017 21:39:51	54.0	53.0	16.2304
11/22/2017 21:40:02	53.0	53.0	19.5431
11/22/2017 21:40:13	51.0	51.0	15.2632
11/22/2017 21:40:24	50.0	51.0	16.6667
11/22/2017 21:40:35	50.0	50.0	18.1579
11/22/2017 21:40:46	49.0	49.0	17.1429
11/22/2017 21:40:57	49.0	49.0	22.4227
11/22/2017 21:41:08	50.0	50.0	18.0628
11/22/2017 21:41:19	49.0	48.0	18.799
11/22/2017 21:41:30	49.0	48.0	16.7539
11/22/2017 21:41:41	48.0	47.0	14.9215
11/22/2017 21:41:52	48.0	48.0	18.3246
11/22/2017 21:42:03	48.0	48.0	17.4935
11/22/2017 21:42:14	48.0	47.0	19.9005
11/22/2017 21:42:26	49.0	48.0	17.8478
11/22/2017 21:42:37	48.0	47.0	18.3246
11/22/2017 21:42:48	48.0	47.0	18.2768
11/22/2017 21:42:59	48.0	47.0	17.801
11/22/2017 21:43:10	50.0	50.0	17.9487
11/22/2017 21:43:21	51.0	51.0	17.3684
11/22/2017 21:43:32	53.0	53.0	16.3636
11/22/2017 21:43:43	54.0	54.0	18.9474
11/22/2017 21:43:54	55.0	54.0	16.9713
11/22/2017 21:44:05	56.0	56.0	17.801
11/22/2017 21:44:16	55.0	55.0	18.4416
11/22/2017 21:44:27	53.0	53.0	19.8492
11/22/2017 21:44:38	51.0	51.0	16.5354
11/22/2017 21:44:49	51.0	50.0	19.1099
11/22/2017 21:45:00	50.0	50.0	17.2324
11/22/2017 21:45:11	49.0	48.0	19.1099
11/22/2017 21:45:22	49.0	48.0	16.624
11/22/2017 21:45:33	49.0	47.0	17.5393
11/22/2017 21:45:44	48.0	47.0	17.9221
11/22/2017 21:45:55	48.0	47.0	17.1875
11/22/2017 21:46:06	48.0	46.0	17.0157
11/22/2017 21:46:17	47.0	47.0	17.1958
11/22/2017 21:46:28	47.0	47.0	15.748
11/22/2017 21:46:39	50.0	49.0	20.8122
11/22/2017 21:46:50	51.0	51.0	18.75
11/22/2017 21:47:01	53.0	52.0	17.9688
11/22/2017 21:47:12	54.0	53.0	17.3684
11/22/2017 21:47:23	56.0	54.0	17.801
11/22/2017 21:47:34	57.0	55.0	19.8966
11/22/2017 21:47:45	55.0	54.0	16.0105
11/22/2017 21:47:56	53.0	53.0	16.7095
11/22/2017 21:48:07	52.0	51.0	16.9713
11/22/2017 21:48:18	50.0	50.0	15.9269
11/22/2017 21:48:29	50.0	50.0	17.7546
11/22/2017 21:48:40	50.0	48.0	18.75
11/22/2017 21:48:51	49.0	48.0	20.6983
11/22/2017 21:49:02	49.0	48.0	15.1042
11/22/2017 21:49:13	48.0	48.0	17.2324
11/22/2017 21:49:24	48.0	47.0	17.801
11/22/2017 21:49:35	49.0	48.0	18.0628
11/22/2017 21:49:46	50.0	50.0	18.961
11/22/2017 21:49:58	52.0	52.0	17.6623
11/22/2017 21:50:09	53.0	53.0	18.2051
11/22/2017 21:50:20	55.0	54.0	17.2775
11/22/2017 21:50:31	56.0	55.0	16.6667
11/22/2017 21:50:42	57.0	56.0	16.7102
11/22/2017 21:50:53	55.0	55.0	18.5864
11/22/2017 21:51:04	53.0	53.0	20
11/22/2017 21:51:15	52.0	51.0	16.2304
11/22/2017 21:51:26	51.0	50.0	16.6667
11/22/2017 21:51:37	50.0	50.0	16.095
11/22/2017 21:51:48	50.0	49.0	17.0157
11/22/2017 21:51:59	49.0	48.0	20.21
11/22/2017 21:52:10	49.0	48.0	18.8976
11/22/2017 21:52:21	48.0	48.0	22.0253
11/22/2017 21:52:32	49.0	47.0	16.4921
11/22/2017 21:52:43	48.0	48.0	18.75
11/22/2017 21:52:54	48.0	47.0	16.8421
11/22/2017 21:53:05	48.0	46.0	19.3717
11/22/2017 21:53:16	49.0	49.0	19.7995
11/22/2017 21:53:27	50.0	50.0	18.2292
11/22/2017 21:53:38	52.0	51.0	17.801
11/22/2017 21:53:49	55.0	53.0	16.2304
11/22/2017 21:54:00	56.0	54.0	17.7546
11/22/2017 21:54:11	56.0	56.0	18.0157
11/22/2017 21:54:22	55.0	54.0	18.799
11/22/2017 21:54:33	52.0	53.0	19.9488
11/22/2017 21:54:44	51.0	51.0	18.3246
11/22/2017 21:54:55	51.0	50.0	16.4921
11/22/2017 21:55:06	50.0	49.0	16.273
11/22/2017 21:55:17	49.0	49.0	19.4226
11/22/2017 21:55:28	49.0	48.0	19.6474
11/22/2017 21:55:39	49.0	48.0	17.5853
11/22/2017 21:55:50	48.0	47.0	17.1875
11/22/2017 21:56:01	48.0	47.0	20.4188
11/22/2017 21:56:12	48.0	47.0	17.0604
11/22/2017 21:56:23	48.0	47.0	17.0604
11/22/2017 21:56:34	49.0	49.0	17.4026
11/22/2017 21:56:45	51.0	51.0	21.608
11/22/2017 21:56:56	52.0	53.0	16.9271
11/22/2017 21:57:07	54.0	53.0	18.6528
11/22/2017 21:57:18	55.0	54.0	18.5185
11/22/2017 21:57:30	57.0	55.0	16.9713
11/22/2017 21:57:41	56.0	56.0	16.2437
11/22/2017 21:57:52	53.0	53.0	15.4047
11/22/2017 21:58:03	52.0	51.0	18.7013
11/22/2017 21:58:14	51.0	50.0	15.1436
11/22/2017 21:58:25	50.0	50.0	16.3158
11/22/2017 21:58:36	50.0	49.0	18.3727
11/22/2017 21:58:47	49.0	49.0	16.4491
11/22/2017 21:58:58	49.0	48.0	18.136
11/22/2017 21:59:09	49.0	48.0	15.9269
11/22/2017 21:59:20	48.0	47.0	17.6623
11/22/2017 21:59:31	48.0	47.0	18.9119
11/22/2017 21:59:42	48.0	47.0	18.5864
11/22/2017 21:59:53	47.0	47.0	21.4834
11/22/2017 22:00:04	47.0	46.0	17.2324
11/22/2017 22:00:15	48.0	47.0	18.6047
11/22/2017 22:00:26	47.0	47.0	16.9713
11/22/2017 22:00:37	47.0	46.0	18.6352
11/22/2017 22:00:48	48.0	47.0	16.9713
11/22/2017 22:00:59	48.0	47.0	17.8947
11/22/2017 22:01:10	50.0	50.0	21.7172
11/22/2017 22:01:21	51.0	52.0	17.7083
11/22/2017 22:01:32	52.0	53.0	17.0157
11/22/2017 22:01:43	54.0	54.0	15.2231
11/22/2017 22:01:54	55.0	54.0	15.8854
11/22/2017 22:02:05	56.0	56.0	20.7161
11/22/2017 22:02:16	56.0	56.0	15.748
11/22/2017 22:02:27	54.0	53.0	18.0412
11/22/2017 22:02:38	52.0	52.0	17.0157
11/22/2017 22:02:49	51.0	51.0	15.7895
11/22/2017 22:03:00	50.0	50.0	17.8478
11/22/2017 22:03:11	50.0	49.0	17.6623
11/22/2017 22:03:22	49.0	49.0	21.7172
11/22/2017 22:03:33	49.0	48.0	17.1875
11/22/2017 22:03:44	49.0	48.0	19.0601
11/22/2017 22:03:55	48.0	48.0	15.8311
11/22/2017 22:04:06	49.0	48.0	16.9713
11/22/2017 22:04:17	48.0	47.0	17.5711
11/22/2017 22:04:28	48.0	48.0	18.5379
11/22/2017 22:04:39	48.0	47.0	16.1954
11/22/2017 22:04:50	48.0	47.0	16.8421
11/22/2017 22:05:02	48.0	47.0	17.7546
11/22/2017 22:05:13	48.0	47.0	17.8947
11/22/2017 22:05:24	48.0	48.0	17.801
11/22/2017 22:05:35	47.0	47.0	20.2532
11/22/2017 22:05:46	48.0	47.0	17.3228
11/22/2017 22:05:57	48.0	47.0	18.5864
11/22/2017 22:06:08	48.0	47.0	16.9713
11/22/2017 22:06:19	49.0	46.0	18.2768
11/22/2017 22:06:30	48.0	47.0	17.9949
11/22/2017 22:06:41	48.0	47.0	19.4226
11/22/2017 22:06:52	49.0	49.0	18.6224
11/22/2017 22:07:03	51.0	51.0	16.5354
11/22/2017 22:07:14	52.0	52.0	17.9688
11/22/2017 22:07:25	55.0	54.0	19.5822
11/22/2017 22:07:36	55.0	54.0	18.3727
11/22/2017 22:07:47	56.0	55.0	20.202
11/22/2017 22:07:58	56.0	56.0	17.8478
11/22/2017 22:08:09	54.0	54.0	19.2208
11/22/2017 22:08:20	52.0	52.0	16.4062
11/22/2017 22:08:31	51.0	51.0	18.3246
11/22/2017 22:08:42	50.0	50.0	19.2802
11/22/2017 22:08:53	50.0	49.0	16.3158
11/22/2017 22:09:04	50.0	48.0	20.4604
11/22/2017 22:09:15	49.0	48.0	17.7083
11/22/2017 22:09:26	49.0	48.0	18.4211
11/22/2017 22:09:37	49.0	47.0	16.8421
11/22/2017 22:09:48	49.0	48.0	16.6667
11/22/2017 22:09:59	48.0	48.0	19.598
11/22/2017 22:10:10	48.0	47.0	17.9688
11/22/2017 22:10:21	48.0	47.0	18.2292
11/22/2017 22:10:32	47.0	47.0	18.4416
11/22/2017 22:10:43	48.0	46.0	17.8947
11/22/2017 22:10:54	49.0	48.0	19.8433
11/22/2017 22:11:05	48.0	47.0	15.1832
11/22/2017 22:11:16	48.0	47.0	21.883
11/22/2017 22:11:27	50.0	48.0	20.5195
11/22/2017 22:11:38	51.0	49.0	20.9302
11/22/2017 22:11:49	49.0	48.0	21.5584
11/22/2017 22:12:00	50.0	48.0	16.6667
11/22/2017 22:12:11	51.0	50.0	25.3133
11/22/2017 22:12:22	51.0	50.0	18.863
11/22/2017 22:12:33	51.0	50.0	20.9302
11/22/2017 22:12:45	51.0	49.0	13.9842
11/22/2017 22:12:56	49.0	47.0	16.7102
11/22/2017 22:13:07	49.0	48.0	17.5393
11/22/2017 22:13:18	48.0	48.0	16.7539
11/22/2017 22:13:29	48.0	48.0	18.9873
11/22/2017 22:13:40	48.0	48.0	16.5354
11/22/2017 22:13:51	48.0	47.0	16.7539
11/22/2017 22:14:02	48.0	47.0	17.5393
11/22/2017 22:14:13	48.0	48.0	19.5251
11/22/2017 22:14:24	48.0	47.0	21.2276
11/22/2017 22:14:35	48.0	47.0	17.8478
11/22/2017 22:14:46	48.0	47.0	17.5393
11/22/2017 22:14:57	48.0	47.0	18.2768
11/22/2017 22:15:08	48.0	47.0	16.9271
11/22/2017 22:15:19	50.0	50.0	16.0526
11/22/2017 22:15:30	52.0	51.0	15.5844
11/22/2017 22:15:41	53.0	52.0	21.7172
11/22/2017 22:15:52	55.0	54.0	16.9713
11/22/2017 22:16:03	55.0	54.0	18.5379
11/22/2017 22:16:14	56.0	56.0	18.0157
11/22/2017 22:16:25	56.0	56.0	18.4211
11/22/2017 22:16:36	54.0	53.0	21.7949
11/22/2017 22:16:47	53.0	51.0	17.3684
11/22/2017 22:16:58	51.0	51.0	17.7083
11/22/2017 22:17:09	50.0	50.0	17.2324
11/22/2017 22:17:20	50.0	49.0	19.3717
11/22/2017 22:17:31	50.0	49.0	17.8478
11/22/2017 22:17:42	50.0	48.0	18.0628
11/22/2017 22:17:53	49.0	48.0	22.0551
11/22/2017 22:18:04	48.0	48.0	18.4896
11/22/2017 22:18:15	49.0	48.0	16.9713
11/22/2017 22:18:26	49.0	48.0	18.3246
11/22/2017 22:18:37	49.0	48.0	16.1458
11/22/2017 22:18:48	49.0	48.0	21.1735
11/22/2017 22:18:59	49.0	48.0	16.4062
11/22/2017 22:19:10	48.0	47.0	19.171
11/22/2017 22:19:21	48.0	48.0	16.7979
11/22/2017 22:19:32	48.0	47.0	18.3246
11/22/2017 22:19:44	48.0	47.0	17.5853
11/22/2017 22:19:55	48.0	47.0	18.799
11/22/2017 22:20:06	48.0	48.0	20.0501
11/22/2017 22:20:17	48.0	47.0	16.1458
11/22/2017 22:20:28	49.0	47.0	16.7539
11/22/2017 22:20:39	48.0	47.0	17.3228
11/22/2017 22:20:50	48.0	48.0	15.1042
11/22/2017 22:21:01	48.0	47.0	20.4604
11/22/2017 22:21:12	50.0	48.0	17.7083
11/22/2017 22:21:23	51.0	51.0	18.863
11/22/2017 22:21:34	53.0	52.0	18.6352
11/22/2017 22:21:45	55.0	53.0	19.1099
11/22/2017 22:21:56	56.0	55.0	17.7546
11/22/2017 22:22:07	58.0	56.0	17.0157
11/22/2017 22:22:18	56.0	56.0	20.3518
11/22/2017 22:22:29	54.0	53.0	16.4921
11/22/2017 22:22:40	53.0	53.0	22.365
11/22/2017 22:22:51	53.0	52.0	20.2073
11/22/2017 22:23:02	53.0	52.0	19.5876
11/22/2017 22:23:13	51.0	51.0	21.3918
11/22/2017 22:23:24	53.0	51.0	21.7617
11/22/2017 22:23:35	52.0	51.0	24.6193
11/22/2017 22:23:46	53.0	51.0	18.3463
11/22/2017 22:23:57	52.0	51.0	20
11/22/2017 22:24:08	53.0	51.0	20.5729
11/22/2017 22:24:19	52.0	50.0	20.3608
11/22/2017 22:24:30	51.0	51.0	22.8288
11/22/2017 22:24:41	53.0	51.0	21.1488
11/22/2017 22:24:52	52.0	51.0	20.155
11/22/2017 22:25:03	53.0	51.0	19.4301
11/22/2017 22:25:14	52.0	51.0	19.1214
11/22/2017 22:25:25	52.0	52.0	19.1214
11/22/2017 22:25:36	53.0	51.0	19.4805
11/22/2017 22:25:47	53.0	51.0	21.3033
11/22/2017 22:25:58	51.0	50.0	20.8763
11/22/2017 22:26:09	51.0	51.0	23.1169
11/22/2017 22:26:20	51.0	50.0	20.6718
11/22/2017 22:26:31	51.0	50.0	18.0879
11/22/2017 22:26:42	51.0	51.0	20.3008
11/22/2017 22:26:53	51.0	51.0	21.7949
11/22/2017 22:27:04	52.0	51.0	20.4134
11/22/2017 22:27:15	52.0	51.0	17.3127
11/22/2017 22:27:26	53.0	51.0	19.8966
11/22/2017 22:27:37	51.0	50.0	19.4301
11/22/2017 22:27:48	52.0	51.0	19.6891
11/22/2017 22:27:59	52.0	51.0	23.3251
11/22/2017 22:28:10	52.0	51.0	18.0879
11/22/2017 22:28:21	51.0	50.0	18.6528
11/22/2017 22:28:32	51.0	51.0	20.2073
11/22/2017 22:28:43	51.0	50.0	12.6984
11/22/2017 22:28:55	49.0	48.0	17.0543
11/22/2017 22:29:06	48.0	48.0	13.9474
11/22/2017 22:29:17	48.0	47.0	14.0992
11/22/2017 22:29:28	47.0	47.0	13.4211
11/22/2017 22:29:39	47.0	47.0	17.8191
11/22/2017 22:29:50	48.0	47.0	17.1875
11/22/2017 22:30:01	50.0	50.0	17.5393
11/22/2017 22:30:12	52.0	51.0	23.5
11/22/2017 22:30:23	55.0	53.0	21.7054
11/22/2017 22:30:34	58.0	56.0	20.8763
11/22/2017 22:30:45	58.0	56.0	22.8571
11/22/2017 22:30:56	57.0	55.0	20.5195
11/22/2017 22:31:07	56.0	54.0	24.359
11/22/2017 22:31:18	55.0	53.0	19.0601
11/22/2017 22:31:29	54.0	53.0	20.4604
11/22/2017 22:31:40	54.0	53.0	18.6528
11/22/2017 22:31:51	53.0	52.0	21.2435
11/22/2017 22:32:02	53.0	52.0	20.3608
11/22/2017 22:32:13	52.0	51.0	21.0938
11/22/2017 22:32:24	52.0	51.0	21.5539
11/22/2017 22:32:35	52.0	51.0	19.8966
11/22/2017 22:32:46	52.0	51.0	21.1886
11/22/2017 22:32:57	51.0	51.0	20.2073
11/22/2017 22:33:08	53.0	51.0	19.8966
11/22/2017 22:33:19	52.0	51.0	20.0514
11/22/2017 22:33:30	52.0	52.0	21.3918
11/22/2017 22:33:41	54.0	52.0	21.7722
11/22/2017 22:33:52	52.0	51.0	20.1031
11/22/2017 22:34:03	51.0	51.0	19.7917
11/22/2017 22:34:14	52.0	51.0	21.875
11/22/2017 22:34:25	51.0	51.0	21.5026
11/22/2017 22:34:36	52.0	51.0	24.1975
11/22/2017 22:34:47	52.0	51.0	19.5312
11/22/2017 22:34:58	51.0	51.0	17.268
11/22/2017 22:35:09	52.0	51.0	20.2597
11/22/2017 22:35:20	52.0	51.0	19.6382
11/22/2017 22:35:31	52.0	51.0	20.0521
11/22/2017 22:35:42	52.0	51.0	19.9482
11/22/2017 22:35:53	50.0	50.0	20.8543
11/22/2017 22:36:04	52.0	51.0	21.2821
11/22/2017 22:36:15	52.0	51.0	21.0797
11/22/2017 22:36:26	51.0	50.0	17.7083
11/22/2017 22:36:37	52.0	51.0	20.8333
11/22/2017 22:36:48	52.0	51.0	24.4332
11/22/2017 22:36:59	52.0	51.0	18.0412
11/22/2017 22:37:10	52.0	51.0	20.5195
11/22/2017 22:37:21	52.0	51.0	18.2292
11/22/2017 22:37:32	52.0	51.0	18.8144
11/22/2017 22:37:43	52.0	51.0	19.171
11/22/2017 22:37:54	52.0	51.0	18.961
11/22/2017 22:38:05	51.0	51.0	25.3731
11/22/2017 22:38:16	52.0	51.0	18.4416
11/22/2017 22:38:28	52.0	51.0	21.1886
11/22/2017 22:38:39	52.0	51.0	20
11/22/2017 22:38:50	52.0	51.0	19.7403
11/22/2017 22:39:01	52.0	51.0	21.8274
11/22/2017 22:39:12	51.0	51.0	17.6623
11/22/2017 22:39:23	51.0	50.0	20.5656
11/22/2017 22:39:34	52.0	51.0	20.9845
11/22/2017 22:39:45	52.0	51.0	19.0722
11/22/2017 22:39:56	52.0	51.0	20.5195
11/22/2017 22:40:07	52.0	51.0	19.8454
11/22/2017 22:40:18	51.0	50.0	22.5564
11/22/2017 22:40:29	50.0	50.0	19.8454
11/22/2017 22:40:40	50.0	50.0	20
11/22/2017 22:40:51	50.0	50.0	19.7917
11/22/2017 22:41:02	50.0	50.0	20.6266
11/22/2017 22:41:13	52.0	50.0	24.6154
11/22/2017 22:41:24	50.0	50.0	18.6047
11/22/2017 22:41:35	51.0	50.0	17.3913
11/22/2017 22:41:46	49.0	48.0	13.2275
11/22/2017 22:41:57	48.0	47.0	13.7931
11/22/2017 22:42:08	48.0	48.0	13.7203
11/22/2017 22:42:19	47.0	47.0	13.4921
11/22/2017 22:42:30	48.0	48.0	18.136
11/22/2017 22:42:41	50.0	50.0	11.6095
11/22/2017 22:42:52	51.0	51.0	12.336
11/22/2017 22:43:03	52.0	53.0	12.6984
11/22/2017 22:43:14	54.0	53.0	11.811
11/22/2017 22:43:25	54.0	54.0	13.7662
11/22/2017 22:43:36	55.0	55.0	13.9474
11/22/2017 22:43:47	57.0	56.0	15.1282
11/22/2017 22:43:58	55.0	54.0	11.7801
11/22/2017 22:44:09	53.0	53.0	12.0735
11/22/2017 22:44:20	51.0	51.0	13.9474
11/22/2017 22:44:31	50.0	50.0	12.9973
11/22/2017 22:44:42	49.0	49.0	17.5573
11/22/2017 22:44:53	48.0	48.0	18.2058
11/22/2017 22:45:05	48.0	48.0	6.12245
