03/06/2018 09:42:26	30.0	29.0	0.503778
03/06/2018 09:42:37	29.0	29.0	0.253165
03/06/2018 09:42:48	28.0	28.0	0.253165
03/06/2018 09:42:59	29.0	28.0	0.503778
03/06/2018 09:43:10	28.0	29.0	1.01266
03/06/2018 09:43:21	29.0	28.0	0.503778
03/06/2018 09:43:32	29.0	29.0	0.503778
03/06/2018 09:43:43	29.0	29.0	1.01266
03/06/2018 09:43:54	29.0	29.0	0.755668
03/06/2018 09:44:05	29.0	30.0	0.755668
03/06/2018 09:44:16	29.0	29.0	1.51515
03/06/2018 09:44:27	30.0	30.0	0.505051
03/06/2018 09:44:38	31.0	31.0	0.253165
03/06/2018 09:44:49	31.0	31.0	52.4675
03/06/2018 09:45:00	36.0	36.0	15.7754
03/06/2018 09:45:12	33.0	33.0	16.3588
03/06/2018 09:45:23	34.0	35.0	13.7203
03/06/2018 09:45:34	35.0	35.0	16.6667
03/06/2018 09:45:45	35.0	36.0	15.9686
03/06/2018 09:45:56	36.0	37.0	15
03/06/2018 09:46:07	36.0	37.0	14.0992
03/06/2018 09:46:18	37.0	37.0	14.5833
03/06/2018 09:46:29	38.0	39.0	14.7368
03/06/2018 09:46:40	39.0	40.0	14.1361
03/06/2018 09:46:51	40.0	41.0	15.4255
03/06/2018 09:47:02	41.0	40.0	13.6483
03/06/2018 09:47:13	41.0	41.0	20.1117
03/06/2018 09:47:24	43.0	43.0	14.5119
03/06/2018 09:47:35	42.0	44.0	13.9108
03/06/2018 09:47:46	43.0	43.0	12.6984
03/06/2018 09:47:57	43.0	44.0	14.5503
03/06/2018 09:48:08	44.0	45.0	13.4211
03/06/2018 09:48:19	44.0	45.0	13.4565
03/06/2018 09:48:30	45.0	45.0	14.6597
03/06/2018 09:48:41	46.0	45.0	13.9108
03/06/2018 09:48:52	45.0	45.0	13.4211
03/06/2018 09:49:03	46.0	47.0	14.6982
03/06/2018 09:49:14	46.0	47.0	13.9108
03/06/2018 09:49:25	47.0	47.0	13.6842
03/06/2018 09:49:37	48.0	47.0	13.4565
03/06/2018 09:49:48	47.0	48.0	13.1579
03/06/2018 09:49:59	49.0	48.0	14.1732
03/06/2018 09:50:10	49.0	48.0	14.1361
03/06/2018 09:50:21	49.0	49.0	13.4565
03/06/2018 09:50:32	49.0	50.0	14.3979
03/06/2018 09:50:43	49.0	50.0	13.9108
03/06/2018 09:50:54	51.0	50.0	14.1361
03/06/2018 09:51:05	50.0	51.0	13.9474
03/06/2018 09:51:16	50.0	51.0	12.7937
03/06/2018 09:51:27	51.0	51.0	12.8272
03/06/2018 09:51:38	51.0	51.0	13.6126
03/06/2018 09:51:49	51.0	51.0	14.0625
03/06/2018 09:52:00	51.0	52.0	12.336
03/06/2018 09:52:11	52.0	53.0	12.7937
03/06/2018 09:52:22	52.0	53.0	13.089
03/06/2018 09:52:33	52.0	53.0	14.3979
03/06/2018 09:52:44	53.0	53.0	12.0735
03/06/2018 09:52:55	53.0	54.0	17.9331
03/06/2018 09:53:07	53.0	54.0	15.3846
03/06/2018 09:53:18	54.0	54.0	15.674
03/06/2018 09:53:29	54.0	55.0	12.3684
03/06/2018 09:53:40	54.0	55.0	17.6316
03/06/2018 09:53:51	56.0	55.0	16.4491
03/06/2018 09:54:02	56.0	56.0	17.9688
03/06/2018 09:54:13	57.0	57.0	12.0419
03/06/2018 09:54:24	52.0	53.0	13.2979
03/06/2018 09:54:35	50.0	51.0	13.7566
03/06/2018 09:54:46	49.0	48.0	14.2105
03/06/2018 09:54:57	47.0	48.0	13.4211
03/06/2018 09:55:08	48.0	48.0	15.3034
03/06/2018 09:55:19	49.0	49.0	15.7895
03/06/2018 09:55:31	51.0	50.0	12.6984
03/06/2018 09:55:42	51.0	51.0	16.4491
03/06/2018 09:55:53	53.0	53.0	12.8272
03/06/2018 09:56:04	53.0	53.0	13.1148
03/06/2018 09:56:15	53.0	53.0	11.5789
03/06/2018 09:56:26	54.0	54.0	12.336
03/06/2018 09:56:37	54.0	54.0	12.7937
03/06/2018 09:56:48	55.0	56.0	13.0548
03/06/2018 09:56:59	55.0	55.0	14.6214
03/06/2018 09:57:10	56.0	56.0	12.8609
03/06/2018 09:57:21	53.0	53.0	14.8825
03/06/2018 09:57:32	51.0	51.0	14.1732
03/06/2018 09:57:43	49.0	49.0	14.4737
03/06/2018 09:57:54	48.0	47.0	13.7566
03/06/2018 09:58:05	47.0	47.0	14.1732
03/06/2018 09:58:16	49.0	48.0	13.4211
03/06/2018 09:58:27	50.0	50.0	13.8381
03/06/2018 09:58:38	51.0	51.0	12.1053
03/06/2018 09:58:49	52.0	52.0	12.8609
03/06/2018 09:59:00	53.0	53.0	11.6095
03/06/2018 09:59:11	53.0	54.0	13.2275
03/06/2018 09:59:22	54.0	54.0	12.1372
03/06/2018 09:59:33	55.0	54.0	12.8609
03/06/2018 09:59:44	56.0	55.0	12.8272
03/06/2018 09:59:55	56.0	55.0	18.2768
03/06/2018 10:00:06	56.0	55.0	15.8854
03/06/2018 10:00:17	54.0	54.0	13.6842
03/06/2018 10:00:28	52.0	51.0	14.1732
03/06/2018 10:00:39	50.0	50.0	14.7368
03/06/2018 10:00:50	49.0	49.0	14.5503
03/06/2018 10:01:02	48.0	47.0	9.39948
03/06/2018 10:01:13	47.0	47.0	8.11518
03/06/2018 10:01:24	48.0	48.0	8.59375
03/06/2018 10:01:35	49.0	50.0	9.09091
03/06/2018 10:01:46	50.0	51.0	8.33333
03/06/2018 10:01:57	51.0	51.0	10.1828
03/06/2018 10:02:08	51.0	51.0	8.13648
03/06/2018 10:02:19	52.0	51.0	8.61619
03/06/2018 10:02:30	52.0	53.0	7.87402
03/06/2018 10:02:41	52.0	53.0	15.1832
03/06/2018 10:02:52	53.0	53.0	7.8534
03/06/2018 10:03:03	53.0	53.0	8.35509
03/06/2018 10:03:14	53.0	53.0	8.61619
03/06/2018 10:03:25	53.0	53.0	8.59375
03/06/2018 10:03:36	54.0	54.0	8.09399
03/06/2018 10:03:47	54.0	54.0	10.1562
03/06/2018 10:03:58	54.0	54.0	8.09399
03/06/2018 10:04:09	54.0	54.0	8.28729
03/06/2018 10:04:20	55.0	54.0	7.36842
03/06/2018 10:04:31	54.0	54.0	9.81912
03/06/2018 10:04:42	54.0	54.0	8.61619
03/06/2018 10:04:53	54.0	54.0	9.13838
03/06/2018 10:05:04	54.0	55.0	8.35509
03/06/2018 10:05:15	55.0	54.0	9.11458
03/06/2018 10:05:26	55.0	54.0	8.35509
03/06/2018 10:05:37	55.0	54.0	8.61619
03/06/2018 10:05:48	54.0	55.0	8.63874
03/06/2018 10:05:59	56.0	54.0	8.06452
03/06/2018 10:06:10	55.0	54.0	8.59375
03/06/2018 10:06:21	55.0	54.0	8.39895
03/06/2018 10:06:32	55.0	55.0	8.37696
03/06/2018 10:06:43	55.0	55.0	7.61155
03/06/2018 10:06:54	55.0	55.0	8.39895
03/06/2018 10:07:05	55.0	55.0	7.8329
03/06/2018 10:07:16	55.0	56.0	8.11518
03/06/2018 10:07:28	55.0	55.0	7.34908
03/06/2018 10:07:39	55.0	55.0	8.11518
03/06/2018 10:07:50	55.0	56.0	8.09399
03/06/2018 10:08:01	55.0	55.0	8.52713
03/06/2018 10:08:12	56.0	56.0	9.09091
03/06/2018 10:08:23	56.0	56.0	8.83117
03/06/2018 10:08:34	55.0	55.0	7.8329
03/06/2018 10:08:45	56.0	56.0	8.07292
03/06/2018 10:08:56	56.0	55.0	11.6883
03/06/2018 10:09:07	56.0	56.0	8.57143
03/06/2018 10:09:18	56.0	56.0	7.08661
03/06/2018 10:09:29	56.0	56.0	8.85417
03/06/2018 10:09:40	56.0	55.0	8.31169
03/06/2018 10:09:51	56.0	56.0	7.61155
03/06/2018 10:10:02	56.0	56.0	7.8534
03/06/2018 10:10:13	56.0	56.0	9.49868
03/06/2018 10:10:24	56.0	56.0	10.1828
03/06/2018 10:10:35	57.0	56.0	8.59375
03/06/2018 10:10:46	55.0	56.0	8.31169
03/06/2018 10:10:57	57.0	55.0	9.89583
03/06/2018 10:11:08	56.0	56.0	7.8329
03/06/2018 10:11:19	56.0	56.0	7.8125
03/06/2018 10:11:30	56.0	57.0	8.83117
03/06/2018 10:11:41	57.0	56.0	7.8125
03/06/2018 10:11:52	57.0	56.0	9.61039
03/06/2018 10:12:03	58.0	57.0	17.0157
03/06/2018 10:12:14	57.0	57.0	16.5354
03/06/2018 10:12:25	57.0	57.0	7.8125
03/06/2018 10:12:36	54.0	54.0	8.85417
03/06/2018 10:12:47	52.0	52.0	8.33333
03/06/2018 10:12:58	50.0	51.0	9.89583
03/06/2018 10:13:09	49.0	48.0	8.11518
03/06/2018 10:13:20	48.0	48.0	8.33333
03/06/2018 10:13:31	49.0	49.0	7.59162
03/06/2018 10:13:42	49.0	49.0	8.37696
03/06/2018 10:13:54	50.0	51.0	7.8125
03/06/2018 10:14:05	51.0	51.0	8.20106
03/06/2018 10:14:16	53.0	52.0	7.8329
03/06/2018 10:14:27	53.0	53.0	8.07292
03/06/2018 10:14:38	53.0	53.0	8.83117
03/06/2018 10:14:49	53.0	53.0	8.33333
03/06/2018 10:15:00	54.0	54.0	8.78553
03/06/2018 10:15:11	54.0	53.0	7.5718
03/06/2018 10:15:22	54.0	54.0	7.3107
03/06/2018 10:15:33	54.0	54.0	7.77202
03/06/2018 10:15:44	55.0	54.0	8.31169
03/06/2018 10:15:55	55.0	54.0	7.5718
03/06/2018 10:16:06	55.0	54.0	8.03109
03/06/2018 10:16:17	55.0	55.0	8.31169
03/06/2018 10:16:28	55.0	55.0	7.5718
03/06/2018 10:16:39	55.0	56.0	7.5718
03/06/2018 10:16:50	55.0	55.0	8.57143
03/06/2018 10:17:01	55.0	56.0	7.5718
03/06/2018 10:17:12	55.0	56.0	8.03109
03/06/2018 10:17:23	55.0	56.0	7.8329
03/06/2018 10:17:34	56.0	56.0	8.01034
03/06/2018 10:17:45	57.0	56.0	8.09399
03/06/2018 10:17:56	56.0	56.0	7.55208
03/06/2018 10:18:07	56.0	56.0	8.05195
03/06/2018 10:18:18	56.0	56.0	8.83117
03/06/2018 10:18:29	57.0	56.0	7.77202
03/06/2018 10:18:40	57.0	55.0	8.76289
03/06/2018 10:18:51	56.0	56.0	17.1504
03/06/2018 10:19:02	57.0	57.0	7.79221
03/06/2018 10:19:13	57.0	56.0	7.8329
03/06/2018 10:19:24	57.0	57.0	8.05195
03/06/2018 10:19:35	57.0	56.0	8.05195
03/06/2018 10:19:46	55.0	54.0	8.03109
03/06/2018 10:19:57	52.0	52.0	8.31169
03/06/2018 10:20:08	51.0	50.0	7.55208
03/06/2018 10:20:19	49.0	48.0	8.03109
03/06/2018 10:20:30	48.0	48.0	15.7068
03/06/2018 10:20:41	48.0	48.0	8.31169
03/06/2018 10:20:52	50.0	50.0	8.57143
03/06/2018 10:21:04	50.0	51.0	8.52713
03/06/2018 10:21:15	51.0	51.0	8.03109
03/06/2018 10:21:26	52.0	53.0	9.04393
03/06/2018 10:21:37	52.0	53.0	8.50515
03/06/2018 10:21:48	53.0	53.0	8.29016
03/06/2018 10:21:59	53.0	53.0	8.54922
03/06/2018 10:22:10	53.0	53.0	8.29016
03/06/2018 10:22:21	54.0	53.0	8.05195
03/06/2018 10:22:32	54.0	54.0	8.57143
03/06/2018 10:22:43	55.0	55.0	7.55208
03/06/2018 10:22:54	54.0	54.0	8.80829
03/06/2018 10:23:05	55.0	55.0	8.83117
03/06/2018 10:23:16	55.0	54.0	8.52713
03/06/2018 10:23:27	55.0	55.0	8.05195
03/06/2018 10:23:38	56.0	55.0	8.54922
03/06/2018 10:23:49	55.0	55.0	8.24742
03/06/2018 10:24:00	56.0	55.0	8.99743
03/06/2018 10:24:11	55.0	56.0	8.76289
03/06/2018 10:24:22	55.0	56.0	8.74036
03/06/2018 10:24:33	56.0	56.0	9.27835
03/06/2018 10:24:44	56.0	56.0	9.20716
03/06/2018 10:24:55	56.0	55.0	9.27835
03/06/2018 10:25:06	56.0	56.0	8.76289
03/06/2018 10:25:17	56.0	56.0	8.99743
03/06/2018 10:25:28	57.0	56.0	8.99743
03/06/2018 10:25:39	57.0	56.0	9.2545
03/06/2018 10:25:50	57.0	56.0	13.3508
03/06/2018 10:26:01	56.0	55.0	34.2857
03/06/2018 10:26:12	54.0	54.0	17.7843
03/06/2018 10:26:24	51.0	51.0	14.2857
03/06/2018 10:26:35	50.0	50.0	11.3402
03/06/2018 10:26:46	49.0	49.0	16.8394
03/06/2018 10:26:57	48.0	47.0	15.8031
03/06/2018 10:27:08	48.0	47.0	16.2371
03/06/2018 10:27:19	49.0	49.0	14.9871
03/06/2018 10:27:30	50.0	50.0	16.7959
03/06/2018 10:27:41	50.0	51.0	14.9215
03/06/2018 10:27:52	52.0	52.0	16.2304
03/06/2018 10:28:03	52.0	53.0	15.8854
03/06/2018 10:28:14	53.0	53.0	16.5375
03/06/2018 10:28:25	53.0	54.0	16.7095
03/06/2018 10:28:36	54.0	55.0	17.268
03/06/2018 10:28:47	54.0	54.0	16.2371
03/06/2018 10:28:58	55.0	55.0	17.6623
03/06/2018 10:29:09	55.0	54.0	18.8144
03/06/2018 10:29:20	55.0	55.0	18.299
03/06/2018 10:29:31	56.0	55.0	18.0412
03/06/2018 10:29:42	56.0	56.0	10.2041
03/06/2018 10:29:53	55.0	55.0	10.9137
03/06/2018 10:30:04	57.0	55.0	11.7794
03/06/2018 10:30:15	56.0	56.0	12.6551
03/06/2018 10:30:26	57.0	56.0	12.6866
03/06/2018 10:30:38	57.0	56.0	13.6816
03/06/2018 10:30:49	57.0	56.0	12.4069
03/06/2018 10:31:00	56.0	56.0	15.0852
03/06/2018 10:31:11	57.0	56.0	13.9364
03/06/2018 10:31:22	57.0	56.0	13.9364
03/06/2018 10:31:33	57.0	56.0	14.8418
03/06/2018 10:31:44	57.0	56.0	14.8058
03/06/2018 10:31:55	57.0	57.0	14.3552
03/06/2018 10:32:06	56.0	56.0	12.5
03/06/2018 10:32:17	55.0	54.0	15.5502
03/06/2018 10:32:28	53.0	52.0	15.625
03/06/2018 10:32:39	51.0	51.0	12.75
03/06/2018 10:32:50	49.0	49.0	15.1442
03/06/2018 10:33:01	48.0	48.0	17.757
03/06/2018 10:33:12	47.0	46.0	14.6341
03/06/2018 10:33:23	49.0	48.0	14.3552
03/06/2018 10:33:34	50.0	50.0	14.3552
03/06/2018 10:33:45	50.0	51.0	19.3103
03/06/2018 10:33:56	51.0	51.0	19.3103
03/06/2018 10:34:07	52.0	52.0	19.213
03/06/2018 10:34:18	53.0	53.0	19.0805
03/06/2018 10:34:29	52.0	53.0	18.9815
03/06/2018 10:34:40	54.0	53.0	16.9048
03/06/2018 10:34:51	54.0	54.0	16.6667
03/06/2018 10:35:02	54.0	54.0	16.9412
03/06/2018 10:35:13	54.0	54.0	16.9048
03/06/2018 10:35:24	55.0	54.0	16.3895
03/06/2018 10:35:35	55.0	54.0	16.4286
03/06/2018 10:35:46	55.0	54.0	17.6471
03/06/2018 10:35:57	56.0	55.0	18.9376
03/06/2018 10:36:08	55.0	55.0	19.3548
03/06/2018 10:36:19	55.0	55.0	18.8811
03/06/2018 10:36:30	56.0	55.0	19.4508
03/06/2018 10:36:41	55.0	55.0	20.0913
03/06/2018 10:36:52	56.0	55.0	18.9815
03/06/2018 10:37:03	57.0	56.0	18.1395
03/06/2018 10:37:14	56.0	56.0	17.6887
03/06/2018 10:37:25	57.0	56.0	17.4528
03/06/2018 10:37:36	56.0	56.0	19.1244
03/06/2018 10:37:48	57.0	56.0	17.4528
03/06/2018 10:37:59	57.0	56.0	18.3721
03/06/2018 10:38:10	57.0	56.0	17.4118
03/06/2018 10:38:21	57.0	56.0	17.4941
03/06/2018 10:38:32	57.0	57.0	15.7895
03/06/2018 10:38:43	57.0	56.0	17.0616
03/06/2018 10:38:54	58.0	56.0	19.1686
03/06/2018 10:39:05	54.0	54.0	15.0485
03/06/2018 10:39:16	52.0	51.0	19.6796
03/06/2018 10:39:27	50.0	51.0	19.2575
03/06/2018 10:39:38	49.0	49.0	14.3552
03/06/2018 10:39:49	48.0	48.0	14.1809
03/06/2018 10:40:00	48.0	47.0	18.6047
03/06/2018 10:40:11	49.0	49.0	19.3548
03/06/2018 10:40:22	50.0	50.0	18.0751
03/06/2018 10:40:33	51.0	50.0	13.1188
03/06/2018 10:40:44	52.0	51.0	12.2195
03/06/2018 10:40:55	53.0	52.0	11.809
03/06/2018 10:41:06	53.0	53.0	12
03/06/2018 10:41:17	53.0	53.0	11.75
03/06/2018 10:41:28	54.0	54.0	15.3285
03/06/2018 10:41:39	54.0	53.0	15.625
03/06/2018 10:41:50	55.0	54.0	16.0671
03/06/2018 10:42:01	54.0	54.0	15.7005
03/06/2018 10:42:12	54.0	54.0	14.8418
03/06/2018 10:42:23	55.0	54.0	14.3552
03/06/2018 10:42:34	55.0	55.0	15.534
03/06/2018 10:42:45	55.0	55.0	14.3902
03/06/2018 10:42:56	55.0	54.0	14.2157
03/06/2018 10:43:07	56.0	55.0	12.7182
03/06/2018 10:43:18	56.0	55.0	12.9032
03/06/2018 10:43:29	56.0	56.0	12.0603
03/06/2018 10:43:40	56.0	55.0	11.809
03/06/2018 10:43:51	56.0	56.0	11.3065
03/06/2018 10:44:02	57.0	55.0	12.0603
03/06/2018 10:44:13	56.0	56.0	12.8463
03/06/2018 10:44:24	58.0	57.0	12.4688
03/06/2018 10:44:35	56.0	56.0	11.809
03/06/2018 10:44:46	55.0	54.0	11.3636
03/06/2018 10:44:58	52.0	52.0	10.4061
03/06/2018 10:45:09	50.0	50.0	12.7182
03/06/2018 10:45:20	49.0	49.0	11.335
03/06/2018 10:45:31	48.0	48.0	11.1111
03/06/2018 10:45:42	48.0	46.0	12.3116
03/06/2018 10:45:53	48.0	49.0	12.2195
03/06/2018 10:46:04	50.0	49.0	10.9137
03/06/2018 10:46:15	50.0	50.0	11.7347
03/06/2018 10:46:26	51.0	51.0	11.335
03/06/2018 10:46:37	51.0	52.0	11.5869
03/06/2018 10:46:48	52.0	53.0	11.1392
03/06/2018 10:46:59	53.0	54.0	11.335
03/06/2018 10:47:10	54.0	53.0	11.1675
03/06/2018 10:47:21	54.0	53.0	10.2041
03/06/2018 10:47:32	54.0	54.0	10.2041
03/06/2018 10:47:43	54.0	55.0	11.8687
03/06/2018 10:47:54	55.0	55.0	11.5578
03/06/2018 10:48:05	55.0	54.0	11.3636
03/06/2018 10:48:16	55.0	55.0	12.2449
03/06/2018 10:48:27	55.0	55.0	10.8861
03/06/2018 10:48:38	55.0	55.0	10
03/06/2018 10:48:49	56.0	55.0	11.1675
03/06/2018 10:49:00	56.0	55.0	11.1675
03/06/2018 10:49:11	56.0	56.0	10.2302
03/06/2018 10:49:22	56.0	56.0	10.4859
03/06/2018 10:49:33	56.0	56.0	10.4859
03/06/2018 10:49:44	57.0	56.0	11.3924
03/06/2018 10:49:55	57.0	56.0	11.8388
03/06/2018 10:50:06	57.0	56.0	11.5578
03/06/2018 10:50:17	56.0	56.0	14.2145
03/06/2018 10:50:28	53.0	53.0	11.5288
03/06/2018 10:50:39	51.0	51.0	11.1392
03/06/2018 10:50:50	50.0	50.0	12.2807
03/06/2018 10:51:01	49.0	48.0	12.9353
03/06/2018 10:51:12	48.0	47.0	12.2195
03/06/2018 10:51:23	48.0	47.0	12.1212
03/06/2018 10:51:34	49.0	49.0	10.8861
03/06/2018 10:51:45	50.0	50.0	10.4592
03/06/2018 10:51:56	51.0	51.0	12.9353
03/06/2018 10:52:08	51.0	51.0	12.2807
03/06/2018 10:52:19	52.0	52.0	12.7182
03/06/2018 10:52:30	53.0	52.0	13.6476
03/06/2018 10:52:41	53.0	53.0	11.75
03/06/2018 10:52:52	53.0	54.0	12.5
03/06/2018 10:53:03	54.0	54.0	13.7931
03/06/2018 10:53:14	54.0	54.0	11.335
03/06/2018 10:53:25	54.0	54.0	12.0907
03/06/2018 10:53:36	54.0	54.0	10.6599
03/06/2018 10:53:47	55.0	55.0	11.1392
03/06/2018 10:53:58	55.0	56.0	11.8388
03/06/2018 10:54:09	55.0	56.0	12.4688
03/06/2018 10:54:20	56.0	56.0	11.1111
03/06/2018 10:54:31	56.0	55.0	12.5313
03/06/2018 10:54:42	57.0	56.0	10.8586
03/06/2018 10:54:53	56.0	56.0	12.6866
03/06/2018 10:55:04	57.0	56.0	12.7182
03/06/2018 10:55:15	57.0	56.0	11.809
03/06/2018 10:55:26	56.0	56.0	10.4326
03/06/2018 10:55:37	57.0	56.0	11.6456
03/06/2018 10:55:48	56.0	56.0	9.51157
03/06/2018 10:55:59	57.0	56.0	11.2245
03/06/2018 10:56:10	57.0	57.0	9.74359
03/06/2018 10:56:21	57.0	56.0	10.2041
03/06/2018 10:56:32	54.0	53.0	10.4859
03/06/2018 10:56:43	51.0	51.0	9.56072
03/06/2018 10:56:54	50.0	50.0	9.48718
03/06/2018 10:57:05	49.0	49.0	11.4213
03/06/2018 10:57:16	48.0	47.0	10.1781
03/06/2018 10:57:27	48.0	47.0	9.51157
03/06/2018 10:57:38	49.0	49.0	9.53608
03/06/2018 10:57:49	50.0	50.0	9.53608
03/06/2018 10:58:00	51.0	51.0	9.74359
03/06/2018 10:58:11	52.0	51.0	9.56072
03/06/2018 10:58:22	52.0	52.0	8.57143
03/06/2018 10:58:33	53.0	53.0	8.57143
03/06/2018 10:58:44	54.0	54.0	8.61619
03/06/2018 10:58:55	54.0	53.0	8.33333
03/06/2018 10:59:06	54.0	54.0	8.87728
03/06/2018 10:59:18	54.0	54.0	8.09399
03/06/2018 10:59:29	55.0	54.0	7.8534
03/06/2018 10:59:40	55.0	54.0	9.09091
03/06/2018 10:59:51	55.0	55.0	8.33333
03/06/2018 11:00:02	56.0	55.0	8.09399
03/06/2018 11:00:13	56.0	55.0	8.39895
03/06/2018 11:00:24	56.0	55.0	7.8534
03/06/2018 11:00:35	56.0	55.0	8.09399
03/06/2018 11:00:46	57.0	56.0	8.37696
03/06/2018 11:00:57	57.0	56.0	8.13648
03/06/2018 11:01:08	56.0	56.0	7.8534
03/06/2018 11:01:19	56.0	56.0	8.63874
03/06/2018 11:01:30	57.0	56.0	8.13648
03/06/2018 11:01:41	57.0	56.0	7.8534
03/06/2018 11:01:52	55.0	54.0	8.37696
03/06/2018 11:02:03	52.0	52.0	8.35509
03/06/2018 11:02:14	50.0	51.0	8.85417
03/06/2018 11:02:25	50.0	49.0	7.8534
03/06/2018 11:02:36	49.0	48.0	7.8534
03/06/2018 11:02:47	48.0	47.0	8.59375
03/06/2018 11:02:58	48.0	48.0	8.09399
03/06/2018 11:03:09	50.0	49.0	7.8534
03/06/2018 11:03:20	51.0	51.0	9.32642
03/06/2018 11:03:31	51.0	51.0	8.09399
03/06/2018 11:03:42	52.0	53.0	7.61155
03/06/2018 11:03:53	52.0	53.0	9.44882
03/06/2018 11:04:04	53.0	53.0	8.57143
03/06/2018 11:04:15	53.0	54.0	8.33333
03/06/2018 11:04:26	54.0	54.0	8.61619
03/06/2018 11:04:37	54.0	54.0	7.87402
03/06/2018 11:04:48	54.0	54.0	8.11518
03/06/2018 11:04:59	55.0	54.0	8.37696
03/06/2018 11:05:10	55.0	55.0	8.11518
03/06/2018 11:05:21	55.0	55.0	8.61619
03/06/2018 11:05:32	55.0	55.0	7.34908
03/06/2018 11:05:43	55.0	55.0	7.8534
03/06/2018 11:05:54	55.0	56.0	9.63542
03/06/2018 11:06:05	56.0	56.0	7.87402
03/06/2018 11:06:16	56.0	56.0	8.33333
03/06/2018 11:06:28	56.0	55.0	8.37696
03/06/2018 11:06:39	57.0	56.0	7.61155
03/06/2018 11:06:50	56.0	56.0	7.63158
03/06/2018 11:07:01	56.0	56.0	8.35509
03/06/2018 11:07:12	56.0	57.0	8.09399
03/06/2018 11:07:23	54.0	54.0	7.8329
03/06/2018 11:07:34	52.0	52.0	8.85417
03/06/2018 11:07:45	50.0	50.0	7.59162
03/06/2018 11:07:56	49.0	49.0	9.89583
03/06/2018 11:08:07	48.0	48.0	8.37696
03/06/2018 11:08:18	47.0	47.0	7.61155
03/06/2018 11:08:29	49.0	48.0	8.35509
03/06/2018 11:08:40	49.0	50.0	8.11518
03/06/2018 11:08:51	50.0	50.0	7.8329
03/06/2018 11:09:02	51.0	51.0	9.09091
03/06/2018 11:09:13	52.0	52.0	7.8329
03/06/2018 11:09:24	52.0	53.0	8.33333
03/06/2018 11:09:35	53.0	53.0	8.57143
03/06/2018 11:09:46	53.0	54.0	7.8329
03/06/2018 11:09:57	54.0	54.0	9.89583
03/06/2018 11:10:08	54.0	54.0	8.57143
03/06/2018 11:10:19	54.0	54.0	7.8534
03/06/2018 11:10:30	55.0	54.0	7.8329
03/06/2018 11:10:41	55.0	55.0	8.39895
03/06/2018 11:10:52	55.0	55.0	8.09399
03/06/2018 11:11:03	56.0	55.0	7.63158
03/06/2018 11:11:14	56.0	55.0	8.11518
03/06/2018 11:11:25	56.0	55.0	8.33333
03/06/2018 11:11:36	56.0	56.0	8.83117
03/06/2018 11:11:47	57.0	56.0	8.09399
03/06/2018 11:11:58	57.0	56.0	8.07292
03/06/2018 11:12:09	57.0	56.0	8.61619
03/06/2018 11:12:20	56.0	56.0	8.31169
03/06/2018 11:12:31	57.0	55.0	8.11518
03/06/2018 11:12:42	54.0	54.0	8.37696
03/06/2018 11:12:53	51.0	52.0	8.57143
03/06/2018 11:13:04	50.0	50.0	7.8534
03/06/2018 11:13:15	49.0	48.0	8.61619
03/06/2018 11:13:26	48.0	47.0	8.09399
03/06/2018 11:13:38	48.0	47.0	8.33333
03/06/2018 11:13:49	48.0	48.0	8.11518
03/06/2018 11:14:00	50.0	50.0	7.36842
03/06/2018 11:14:11	51.0	52.0	7.34908
03/06/2018 11:14:22	51.0	51.0	8.35509
03/06/2018 11:14:33	52.0	52.0	8.31169
03/06/2018 11:14:44	53.0	52.0	8.35509
03/06/2018 11:14:55	54.0	53.0	8.33333
03/06/2018 11:15:06	54.0	54.0	8.33333
03/06/2018 11:15:17	54.0	53.0	8.59375
03/06/2018 11:15:28	55.0	54.0	8.33333
03/06/2018 11:15:39	55.0	55.0	8.33333
03/06/2018 11:15:50	55.0	55.0	8.37696
03/06/2018 11:16:01	55.0	55.0	8.57143
03/06/2018 11:16:12	55.0	55.0	8.07292
03/06/2018 11:16:23	55.0	55.0	8.37696
03/06/2018 11:16:34	56.0	55.0	8.35509
03/06/2018 11:16:45	56.0	56.0	8.09399
03/06/2018 11:16:56	56.0	56.0	8.11518
03/06/2018 11:17:07	56.0	56.0	8.11518
03/06/2018 11:17:18	57.0	57.0	7.8534
03/06/2018 11:17:29	57.0	57.0	8.15789
03/06/2018 11:17:40	57.0	56.0	7.8329
03/06/2018 11:17:51	58.0	56.0	8.11518
03/06/2018 11:18:02	57.0	57.0	7.34908
03/06/2018 11:18:13	55.0	54.0	7.8329
03/06/2018 11:18:24	52.0	52.0	8.35509
03/06/2018 11:18:35	50.0	51.0	7.08661
03/06/2018 11:18:46	50.0	50.0	8.11518
03/06/2018 11:18:57	48.0	49.0	8.85417
03/06/2018 11:19:08	48.0	47.0	8.07292
03/06/2018 11:19:19	48.0	48.0	8.11518
03/06/2018 11:19:30	49.0	49.0	8.59375
03/06/2018 11:19:41	50.0	51.0	7.8534
03/06/2018 11:19:52	51.0	51.0	8.33333
03/06/2018 11:20:03	51.0	52.0	8.61619
03/06/2018 11:20:14	52.0	52.0	8.09399
03/06/2018 11:20:25	53.0	53.0	7.8534
03/06/2018 11:20:37	53.0	54.0	8.85417
03/06/2018 11:20:48	53.0	54.0	8.07292
03/06/2018 11:20:59	54.0	54.0	8.09399
03/06/2018 11:21:10	55.0	54.0	8.31169
03/06/2018 11:21:21	55.0	54.0	8.80829
03/06/2018 11:21:32	55.0	55.0	8.35509
03/06/2018 11:21:43	56.0	55.0	8.09399
03/06/2018 11:21:54	56.0	56.0	8.09399
03/06/2018 11:22:05	56.0	55.0	8.61619
03/06/2018 11:22:16	57.0	55.0	7.8329
03/06/2018 11:22:27	57.0	56.0	8.09399
03/06/2018 11:22:38	56.0	56.0	8.85417
03/06/2018 11:22:49	57.0	57.0	7.8329
03/06/2018 11:23:00	56.0	57.0	7.87402
03/06/2018 11:23:11	57.0	57.0	8.35509
03/06/2018 11:23:22	54.0	54.0	8.11518
03/06/2018 11:23:33	52.0	53.0	9.39948
03/06/2018 11:23:44	51.0	51.0	8.37696
03/06/2018 11:23:55	49.0	49.0	7.61155
03/06/2018 11:24:06	48.0	48.0	7.8534
03/06/2018 11:24:17	48.0	48.0	8.07292
03/06/2018 11:24:28	48.0	48.0	8.11518
03/06/2018 11:24:39	49.0	50.0	8.11518
03/06/2018 11:24:50	50.0	51.0	8.33333
03/06/2018 11:25:01	52.0	51.0	7.5718
03/06/2018 11:25:12	52.0	52.0	8.37696
03/06/2018 11:25:23	52.0	53.0	7.8329
03/06/2018 11:25:34	53.0	53.0	9.66057
03/06/2018 11:25:45	54.0	54.0	8.37696
03/06/2018 11:25:56	55.0	54.0	8.11518
03/06/2018 11:26:07	55.0	54.0	8.09399
03/06/2018 11:26:18	55.0	54.0	8.61619
03/06/2018 11:26:29	54.0	55.0	8.09399
03/06/2018 11:26:40	55.0	55.0	8.09399
03/06/2018 11:26:51	55.0	55.0	9.11458
03/06/2018 11:27:02	56.0	56.0	8.07292
03/06/2018 11:27:13	56.0	55.0	8.11518
03/06/2018 11:27:24	56.0	56.0	8.59375
03/06/2018 11:27:35	56.0	56.0	9.63542
03/06/2018 11:27:47	56.0	57.0	7.8534
03/06/2018 11:27:58	57.0	56.0	8.59375
03/06/2018 11:28:09	57.0	56.0	7.59162
03/06/2018 11:28:20	57.0	56.0	8.61619
03/06/2018 11:28:31	55.0	54.0	7.8329
03/06/2018 11:28:42	53.0	53.0	8.09399
03/06/2018 11:28:53	51.0	51.0	8.35509
03/06/2018 11:29:04	50.0	50.0	8.33333
03/06/2018 11:29:15	49.0	48.0	7.8329
03/06/2018 11:29:26	47.0	48.0	8.85417
03/06/2018 11:29:37	47.0	47.0	9.87013
03/06/2018 11:29:48	49.0	49.0	8.35509
03/06/2018 11:29:59	50.0	50.0	8.59375
03/06/2018 11:30:10	51.0	51.0	8.07292
03/06/2018 11:30:21	51.0	52.0	8.33333
03/06/2018 11:30:32	51.0	53.0	8.59375
03/06/2018 11:30:43	52.0	52.0	7.36842
03/06/2018 11:30:54	53.0	53.0	8.61619
03/06/2018 11:31:05	53.0	54.0	7.36842
03/06/2018 11:31:16	54.0	54.0	7.59162
03/06/2018 11:31:27	55.0	55.0	8.59375
03/06/2018 11:31:38	54.0	55.0	7.34908
03/06/2018 11:31:49	55.0	55.0	8.11518
03/06/2018 11:32:00	55.0	55.0	8.35509
03/06/2018 11:32:11	56.0	56.0	7.8534
03/06/2018 11:32:22	56.0	56.0	8.05195
03/06/2018 11:32:33	57.0	56.0	8.13648
03/06/2018 11:32:44	56.0	55.0	8.29016
03/06/2018 11:32:55	57.0	56.0	8.09399
03/06/2018 11:33:06	57.0	56.0	8.37696
03/06/2018 11:33:17	57.0	56.0	8.59375
03/06/2018 11:33:28	56.0	56.0	7.5718
03/06/2018 11:33:39	53.0	54.0	8.61619
03/06/2018 11:33:50	51.0	51.0	8.07292
03/06/2018 11:34:01	50.0	50.0	8.83117
03/06/2018 11:34:12	49.0	49.0	7.59162
03/06/2018 11:34:23	48.0	48.0	7.8329
03/06/2018 11:34:34	48.0	47.0	8.85417
03/06/2018 11:34:45	48.0	48.0	7.61155
03/06/2018 11:34:57	50.0	49.0	8.09399
03/06/2018 11:35:08	50.0	51.0	8.59375
03/06/2018 11:35:19	51.0	51.0	8.57143
03/06/2018 11:35:30	51.0	52.0	7.8125
03/06/2018 11:35:41	53.0	53.0	8.37696
03/06/2018 11:35:52	53.0	53.0	8.07292
03/06/2018 11:36:03	54.0	54.0	8.31169
03/06/2018 11:36:14	54.0	54.0	8.35509
03/06/2018 11:36:25	54.0	54.0	8.33333
03/06/2018 11:36:36	55.0	54.0	8.07292
03/06/2018 11:36:47	55.0	55.0	8.11518
03/06/2018 11:36:58	55.0	55.0	8.29016
03/06/2018 11:37:09	56.0	55.0	8.57143
03/06/2018 11:37:20	56.0	55.0	8.31169
03/06/2018 11:37:31	56.0	56.0	8.09399
03/06/2018 11:37:42	57.0	57.0	7.87402
03/06/2018 11:37:53	56.0	57.0	7.8329
03/06/2018 11:38:04	57.0	56.0	7.59162
03/06/2018 11:38:15	57.0	56.0	8.85417
03/06/2018 11:38:26	56.0	55.0	7.8534
03/06/2018 11:38:37	53.0	53.0	8.33333
03/06/2018 11:38:48	51.0	51.0	8.35509
03/06/2018 11:38:59	50.0	50.0	7.8329
03/06/2018 11:39:10	49.0	49.0	7.5718
03/06/2018 11:39:21	49.0	48.0	8.33333
03/06/2018 11:39:32	47.0	48.0	8.31169
03/06/2018 11:39:43	49.0	48.0	8.07292
03/06/2018 11:39:54	50.0	50.0	8.61619
03/06/2018 11:40:05	51.0	51.0	7.87402
03/06/2018 11:40:16	51.0	51.0	8.31169
03/06/2018 11:40:27	52.0	52.0	8.11518
03/06/2018 11:40:38	53.0	53.0	8.09399
03/06/2018 11:40:49	53.0	53.0	8.59375
03/06/2018 11:41:00	54.0	54.0	7.8534
03/06/2018 11:41:11	54.0	54.0	7.8534
03/06/2018 11:41:22	55.0	54.0	8.35509
03/06/2018 11:41:33	55.0	55.0	8.11518
03/06/2018 11:41:44	55.0	55.0	16.8865
03/06/2018 11:41:56	55.0	55.0	8.35509
03/06/2018 11:42:07	56.0	56.0	8.07292
03/06/2018 11:42:18	56.0	56.0	10.2632
03/06/2018 11:42:29	58.0	59.0	9.13838
03/06/2018 11:42:40	56.0	57.0	8.31169
03/06/2018 11:42:51	57.0	57.0	8.05195
03/06/2018 11:43:02	56.0	57.0	8.87728
03/06/2018 11:43:13	53.0	54.0	9.375
03/06/2018 11:43:24	52.0	53.0	8.35509
03/06/2018 11:43:35	51.0	51.0	8.35509
03/06/2018 11:43:46	49.0	50.0	7.8534
03/06/2018 11:43:57	49.0	49.0	8.09399
03/06/2018 11:44:08	48.0	47.0	7.8534
03/06/2018 11:44:19	49.0	47.0	8.07292
03/06/2018 11:44:30	49.0	49.0	8.85417
03/06/2018 11:44:41	51.0	51.0	7.8125
03/06/2018 11:44:52	51.0	51.0	8.31169
03/06/2018 11:45:03	52.0	52.0	8.35509
03/06/2018 11:45:14	54.0	53.0	9.42408
03/06/2018 11:45:25	53.0	53.0	7.59162
03/06/2018 11:45:36	54.0	54.0	8.63874
03/06/2018 11:45:47	54.0	54.0	7.8329
03/06/2018 11:45:58	55.0	54.0	7.8329
03/06/2018 11:46:09	55.0	54.0	7.87402
03/06/2018 11:46:20	55.0	55.0	8.09399
03/06/2018 11:46:31	55.0	56.0	7.8534
03/06/2018 11:46:42	56.0	56.0	8.37696
03/06/2018 11:46:53	56.0	55.0	8.31169
03/06/2018 11:47:04	56.0	56.0	8.61619
03/06/2018 11:47:15	56.0	56.0	10.6218
03/06/2018 11:47:26	57.0	56.0	7.8329
03/06/2018 11:47:37	56.0	55.0	8.35509
03/06/2018 11:47:48	53.0	53.0	7.10526
03/06/2018 11:47:59	51.0	51.0	8.57143
03/06/2018 11:48:10	50.0	50.0	8.35509
03/06/2018 11:48:21	49.0	48.0	8.31169
03/06/2018 11:48:32	48.0	47.0	7.5718
03/06/2018 11:48:43	48.0	48.0	8.85417
03/06/2018 11:48:54	49.0	50.0	8.09399
03/06/2018 11:49:06	50.0	50.0	8.11518
03/06/2018 11:49:17	51.0	51.0	10.1036
03/06/2018 11:49:28	52.0	52.0	8.09399
03/06/2018 11:49:39	53.0	53.0	8.07292
03/06/2018 11:49:50	53.0	53.0	8.37696
03/06/2018 11:50:01	53.0	54.0	7.59162
03/06/2018 11:50:12	54.0	54.0	8.37696
03/06/2018 11:50:23	54.0	54.0	7.5718
03/06/2018 11:50:34	54.0	54.0	8.33333
03/06/2018 11:50:45	55.0	55.0	8.57143
03/06/2018 11:50:56	56.0	56.0	7.63158
03/06/2018 11:51:07	55.0	56.0	8.35509
03/06/2018 11:51:18	56.0	56.0	8.35509
03/06/2018 11:51:29	57.0	55.0	7.8534
03/06/2018 11:51:40	56.0	56.0	8.07292
03/06/2018 11:51:51	56.0	57.0	8.37696
03/06/2018 11:52:02	57.0	56.0	7.8329
03/06/2018 11:52:13	56.0	56.0	8.35509
03/06/2018 11:52:24	53.0	54.0	8.33333
03/06/2018 11:52:35	51.0	52.0	7.59162
03/06/2018 11:52:46	50.0	50.0	8.07292
03/06/2018 11:52:57	49.0	49.0	8.61619
03/06/2018 11:53:08	49.0	48.0	7.8125
03/06/2018 11:53:19	48.0	48.0	8.61619
03/06/2018 11:53:30	49.0	49.0	7.8534
03/06/2018 11:53:41	50.0	50.0	8.07292
03/06/2018 11:53:52	51.0	51.0	9.06736
03/06/2018 11:54:03	52.0	51.0	8.09399
03/06/2018 11:54:14	53.0	52.0	7.8125
03/06/2018 11:54:25	52.0	53.0	8.13648
03/06/2018 11:54:36	53.0	53.0	7.8329
03/06/2018 11:54:47	54.0	54.0	8.33333
03/06/2018 11:54:58	54.0	54.0	8.35509
03/06/2018 11:55:09	55.0	54.0	8.05195
03/06/2018 11:55:20	55.0	54.0	8.09399
03/06/2018 11:55:31	55.0	55.0	8.59375
03/06/2018 11:55:42	55.0	55.0	8.33333
03/06/2018 11:55:53	56.0	55.0	8.07292
03/06/2018 11:56:04	56.0	55.0	8.61619
03/06/2018 11:56:16	57.0	56.0	7.8534
03/06/2018 11:56:27	56.0	56.0	8.59375
03/06/2018 11:56:38	56.0	56.0	7.59162
03/06/2018 11:56:49	56.0	56.0	8.09399
03/06/2018 11:57:00	53.0	54.0	8.37696
03/06/2018 11:57:11	51.0	51.0	8.09399
03/06/2018 11:57:22	50.0	50.0	7.8329
03/06/2018 11:57:33	49.0	49.0	9.09091
03/06/2018 11:57:44	48.0	48.0	7.59162
03/06/2018 11:57:55	47.0	47.0	8.09399
03/06/2018 11:58:06	48.0	48.0	8.59375
03/06/2018 11:58:17	49.0	50.0	7.8329
03/06/2018 11:58:28	50.0	50.0	7.8329
03/06/2018 11:58:39	51.0	51.0	8.61619
03/06/2018 11:58:50	52.0	52.0	7.61155
03/06/2018 11:59:01	52.0	53.0	8.11518
03/06/2018 11:59:12	54.0	53.0	8.61619
03/06/2018 11:59:23	53.0	53.0	7.32984
03/06/2018 11:59:34	54.0	54.0	8.59375
03/06/2018 11:59:45	54.0	54.0	7.8329
03/06/2018 11:59:56	55.0	55.0	7.8534
03/06/2018 12:00:07	56.0	54.0	8.11518
03/06/2018 12:00:18	55.0	55.0	8.57143
03/06/2018 12:00:29	55.0	55.0	7.08661
03/06/2018 12:00:40	56.0	55.0	8.87728
03/06/2018 12:00:51	56.0	55.0	8.07292
03/06/2018 12:01:02	56.0	57.0	7.61155
03/06/2018 12:01:13	57.0	56.0	8.11518
03/06/2018 12:01:24	56.0	57.0	8.57143
03/06/2018 12:01:35	57.0	56.0	8.07292
03/06/2018 12:01:46	57.0	57.0	8.37696
03/06/2018 12:01:57	55.0	54.0	8.07292
03/06/2018 12:02:08	53.0	51.0	7.8534
03/06/2018 12:02:19	50.0	51.0	8.85417
03/06/2018 12:02:30	50.0	50.0	7.8125
03/06/2018 12:02:41	49.0	48.0	8.29016
03/06/2018 12:02:52	48.0	48.0	9.89583
03/06/2018 12:03:03	49.0	49.0	7.8329
03/06/2018 12:03:14	49.0	50.0	8.39895
03/06/2018 12:03:26	50.0	50.0	7.8534
03/06/2018 12:03:37	51.0	51.0	7.8125
03/06/2018 12:03:48	52.0	53.0	8.61619
03/06/2018 12:03:59	53.0	53.0	7.8534
03/06/2018 12:04:10	53.0	54.0	8.59375
03/06/2018 12:04:21	54.0	54.0	8.57143
03/06/2018 12:04:32	54.0	54.0	7.8534
03/06/2018 12:04:43	55.0	54.0	8.09399
03/06/2018 12:04:54	55.0	55.0	9.89583
03/06/2018 12:05:05	56.0	55.0	7.32984
03/06/2018 12:05:16	56.0	55.0	8.09399
03/06/2018 12:05:27	56.0	56.0	8.61619
03/06/2018 12:05:38	56.0	56.0	8.33333
03/06/2018 12:05:49	56.0	56.0	7.8329
03/06/2018 12:06:00	57.0	56.0	8.11518
03/06/2018 12:06:11	57.0	56.0	7.59162
03/06/2018 12:06:22	56.0	57.0	8.37696
03/06/2018 12:06:33	57.0	56.0	7.8534
03/06/2018 12:06:44	53.0	53.0	8.09399
03/06/2018 12:06:55	51.0	52.0	9.89583
03/06/2018 12:07:06	50.0	50.0	7.8534
03/06/2018 12:07:17	50.0	49.0	8.07292
03/06/2018 12:07:28	48.0	48.0	8.59375
03/06/2018 12:07:39	48.0	47.0	8.09399
03/06/2018 12:07:50	48.0	48.0	7.36842
03/06/2018 12:08:01	49.0	50.0	8.61619
03/06/2018 12:08:12	50.0	51.0	8.31169
03/06/2018 12:08:23	51.0	52.0	8.09399
03/06/2018 12:08:34	52.0	53.0	8.13648
03/06/2018 12:08:45	53.0	53.0	8.09399
03/06/2018 12:08:56	54.0	53.0	8.90052
03/06/2018 12:09:07	54.0	54.0	7.89474
03/06/2018 12:09:18	55.0	53.0	8.07292
03/06/2018 12:09:29	55.0	54.0	8.13648
03/06/2018 12:09:40	55.0	54.0	7.32984
03/06/2018 12:09:51	56.0	55.0	8.33333
03/06/2018 12:10:02	56.0	55.0	8.59375
03/06/2018 12:10:13	56.0	55.0	8.31169
03/06/2018 12:10:24	56.0	56.0	7.59162
03/06/2018 12:10:36	57.0	56.0	8.35509
03/06/2018 12:10:47	57.0	56.0	8.31169
03/06/2018 12:10:58	57.0	56.0	8.07292
03/06/2018 12:11:09	55.0	54.0	8.09399
03/06/2018 12:11:20	53.0	52.0	8.33333
03/06/2018 12:11:31	50.0	51.0	8.09399
03/06/2018 12:11:42	50.0	50.0	8.59375
03/06/2018 12:11:53	49.0	48.0	7.8534
03/06/2018 12:12:04	48.0	48.0	7.8125
03/06/2018 12:12:15	47.0	47.0	8.87728
03/06/2018 12:12:26	49.0	48.0	8.05195
03/06/2018 12:12:37	50.0	50.0	7.89474
03/06/2018 12:12:48	50.0	51.0	7.59162
03/06/2018 12:12:59	52.0	51.0	8.07292
03/06/2018 12:13:10	52.0	52.0	8.35509
03/06/2018 12:13:21	52.0	52.0	8.31169
03/06/2018 12:13:32	53.0	53.0	8.54922
03/06/2018 12:13:43	53.0	53.0	8.85417
03/06/2018 12:13:54	54.0	54.0	7.8534
03/06/2018 12:14:05	54.0	54.0	8.59375
03/06/2018 12:14:16	55.0	54.0	8.09399
03/06/2018 12:14:27	55.0	55.0	8.09399
03/06/2018 12:14:38	55.0	55.0	8.31169
03/06/2018 12:14:49	55.0	56.0	8.63874
03/06/2018 12:15:00	56.0	56.0	7.8534
03/06/2018 12:15:11	56.0	55.0	8.35509
03/06/2018 12:15:22	57.0	56.0	8.35509
03/06/2018 12:15:33	57.0	56.0	8.33333
03/06/2018 12:15:44	54.0	53.0	8.85417
03/06/2018 12:15:55	51.0	51.0	7.8534
03/06/2018 12:16:06	51.0	50.0	8.33333
03/06/2018 12:16:17	49.0	48.0	7.87402
03/06/2018 12:16:28	49.0	48.0	7.8329
03/06/2018 12:16:39	48.0	48.0	7.59162
03/06/2018 12:16:50	48.0	47.0	8.11518
03/06/2018 12:17:01	49.0	49.0	7.8329
03/06/2018 12:17:12	50.0	50.0	7.61155
03/06/2018 12:17:23	51.0	51.0	8.57143
03/06/2018 12:17:34	51.0	52.0	8.31169
03/06/2018 12:17:46	52.0	53.0	7.32984
03/06/2018 12:17:57	53.0	54.0	8.61619
03/06/2018 12:18:08	53.0	53.0	8.05195
03/06/2018 12:18:19	54.0	54.0	8.33333
03/06/2018 12:18:30	54.0	54.0	8.59375
03/06/2018 12:18:41	55.0	54.0	7.10526
03/06/2018 12:18:52	55.0	55.0	7.87402
03/06/2018 12:19:03	55.0	56.0	8.59375
03/06/2018 12:19:14	56.0	56.0	8.09399
03/06/2018 12:19:25	56.0	55.0	8.35509
03/06/2018 12:19:36	57.0	56.0	7.8329
03/06/2018 12:19:47	56.0	55.0	8.29016
03/06/2018 12:19:58	53.0	53.0	8.63874
03/06/2018 12:20:09	52.0	51.0	8.52713
03/06/2018 12:20:20	50.0	50.0	8.09399
03/06/2018 12:20:31	49.0	50.0	8.59375
03/06/2018 12:20:42	49.0	48.0	7.8329
03/06/2018 12:20:53	48.0	47.0	7.32984
03/06/2018 12:21:04	48.0	47.0	8.37696
03/06/2018 12:21:15	49.0	49.0	7.8329
03/06/2018 12:21:26	50.0	50.0	7.8329
03/06/2018 12:21:37	51.0	51.0	8.11518
03/06/2018 12:21:48	52.0	51.0	7.8534
03/06/2018 12:21:59	53.0	53.0	7.8329
03/06/2018 12:22:10	54.0	53.0	8.35509
03/06/2018 12:22:21	54.0	54.0	8.31169
03/06/2018 12:22:32	55.0	54.0	9.68586
03/06/2018 12:22:43	55.0	55.0	7.59162
03/06/2018 12:22:54	55.0	55.0	8.09399
03/06/2018 12:23:05	55.0	55.0	8.33333
03/06/2018 12:23:16	56.0	55.0	8.33333
03/06/2018 12:23:27	56.0	55.0	7.8534
03/06/2018 12:23:38	57.0	55.0	8.85417
03/06/2018 12:23:49	57.0	56.0	7.8534
03/06/2018 12:24:00	57.0	57.0	7.59162
03/06/2018 12:24:11	57.0	55.0	8.37696
03/06/2018 12:24:22	53.0	53.0	7.8125
03/06/2018 12:24:33	51.0	51.0	9.63542
03/06/2018 12:24:45	51.0	50.0	8.35509
03/06/2018 12:24:56	50.0	49.0	8.09399
03/06/2018 12:25:07	49.0	48.0	7.8329
03/06/2018 12:25:18	48.0	47.0	8.11518
03/06/2018 12:25:29	48.0	47.0	8.05195
03/06/2018 12:25:40	48.0	48.0	8.75332
03/06/2018 12:25:51	50.0	50.0	2.27848
