10/11/2017 14:45:30	31.0	30.0	0.503778
10/11/2017 14:45:41	28.0	28.0	0.502513
10/11/2017 14:45:52	28.0	28.0	70.4268
10/11/2017 14:46:05	35.0	31.0	17.6471
10/11/2017 14:46:16	32.0	31.0	14.6597
10/11/2017 14:46:27	32.0	32.0	14.7757
10/11/2017 14:46:38	33.0	33.0	16.1804
10/11/2017 14:46:49	33.0	34.0	15.3846
10/11/2017 14:47:00	34.0	35.0	16.6667
10/11/2017 14:47:11	35.0	35.0	17.1958
10/11/2017 14:47:23	36.0	36.0	17.1149
10/11/2017 14:47:34	37.0	37.0	16.7109
10/11/2017 14:47:45	38.0	37.0	15.0794
10/11/2017 14:47:56	39.0	38.0	17.4603
10/11/2017 14:48:07	39.0	39.0	16.6227
10/11/2017 14:48:18	39.0	39.0	17.2414
10/11/2017 14:48:29	40.0	40.0	15.6085
10/11/2017 14:48:40	41.0	41.0	15.873
10/11/2017 14:48:51	42.0	42.0	15.7068
10/11/2017 14:49:02	42.0	42.0	14.7757
10/11/2017 14:49:13	43.0	43.0	14.7368
10/11/2017 14:49:24	43.0	43.0	14.6982
10/11/2017 14:49:35	45.0	44.0	14.2857
10/11/2017 14:49:46	45.0	44.0	14.1732
10/11/2017 14:49:57	45.0	44.0	15.6499
10/11/2017 14:50:08	45.0	46.0	14.5503
10/11/2017 14:50:19	46.0	46.0	29.7806
10/11/2017 14:50:31	49.0	47.0	14.3236
10/11/2017 14:50:42	47.0	46.0	14.4357
10/11/2017 14:50:53	47.0	47.0	13.6483
10/11/2017 14:51:04	47.0	47.0	15.0396
10/11/2017 14:51:15	48.0	48.0	13.8381
10/11/2017 14:51:26	48.0	48.0	13.3508
10/11/2017 14:51:37	49.0	48.0	15.1832
10/11/2017 14:51:48	49.0	48.0	13.6842
10/11/2017 14:51:59	49.0	49.0	15.0396
10/11/2017 14:52:10	50.0	49.0	13.9474
10/11/2017 14:52:21	50.0	50.0	14.8148
10/11/2017 14:52:32	51.0	50.0	14.248
10/11/2017 14:52:43	50.0	51.0	12.1372
10/11/2017 14:52:54	51.0	51.0	13.9108
10/11/2017 14:53:05	51.0	51.0	13.6842
10/11/2017 14:53:16	51.0	51.0	13.089
10/11/2017 14:53:27	52.0	51.0	14.248
10/11/2017 14:53:38	52.0	51.0	13.3858
10/11/2017 14:53:49	53.0	52.0	12.8609
10/11/2017 14:54:00	53.0	52.0	12.3684
10/11/2017 14:54:11	53.0	52.0	12.336
10/11/2017 14:54:22	53.0	53.0	12.5984
10/11/2017 14:54:33	54.0	53.0	12.8609
10/11/2017 14:54:44	53.0	53.0	13.2468
10/11/2017 14:54:55	54.0	54.0	12.5
10/11/2017 14:55:06	55.0	53.0	13.8381
10/11/2017 14:55:17	55.0	53.0	13.4921
10/11/2017 14:55:28	55.0	54.0	13.8743
10/11/2017 14:55:40	55.0	54.0	14.3603
10/11/2017 14:55:51	55.0	55.0	21.9048
10/11/2017 14:56:02	53.0	53.0	27.3973
10/11/2017 14:56:13	50.0	51.0	26.1333
10/11/2017 14:56:25	49.0	48.0	17.8478
10/11/2017 14:56:36	49.0	48.0	14.8936
10/11/2017 14:56:47	47.0	47.0	18.5379
10/11/2017 14:56:58	50.0	48.0	18.3727
10/11/2017 14:57:09	50.0	50.0	18.6842
10/11/2017 14:57:20	51.0	51.0	19.4737
10/11/2017 14:57:31	53.0	52.0	17.6944
10/11/2017 14:57:42	53.0	53.0	13.8381
10/11/2017 14:57:53	53.0	54.0	13.9108
10/11/2017 14:58:04	54.0	54.0	12.6316
10/11/2017 14:58:15	54.0	54.0	12.6984
10/11/2017 14:58:26	55.0	55.0	12.6649
10/11/2017 14:58:37	55.0	54.0	13.6126
10/11/2017 14:58:48	56.0	56.0	12.8609
10/11/2017 14:58:59	57.0	55.0	12.6649
10/11/2017 14:59:10	57.0	55.0	16.0526
10/11/2017 14:59:21	54.0	54.0	14.6277
10/11/2017 14:59:32	51.0	51.0	16.0105
10/11/2017 14:59:43	51.0	50.0	15.9151
10/11/2017 14:59:54	49.0	48.0	16.3588
10/11/2017 15:00:05	48.0	47.0	15.3439
10/11/2017 15:00:16	48.0	47.0	15.5673
10/11/2017 15:00:27	50.0	49.0	14.5119
10/11/2017 15:00:38	51.0	51.0	17.7249
10/11/2017 15:00:49	52.0	52.0	15.9686
10/11/2017 15:01:00	54.0	53.0	18.1579
10/11/2017 15:01:11	55.0	54.0	17.8478
10/11/2017 15:01:22	55.0	55.0	18.8482
10/11/2017 15:01:33	56.0	56.0	18.5864
10/11/2017 15:01:45	57.0	56.0	12.3684
10/11/2017 15:01:56	53.0	53.0	22.4189
10/11/2017 15:02:07	52.0	51.0	18.1818
10/11/2017 15:02:18	50.0	50.0	17.4142
10/11/2017 15:02:29	50.0	49.0	17.3684
10/11/2017 15:02:40	49.0	48.0	17.8478
10/11/2017 15:02:51	49.0	48.0	20
10/11/2017 15:03:02	48.0	47.0	18.8976
10/11/2017 15:03:13	47.0	47.0	14.7368
10/11/2017 15:03:24	48.0	48.0	14.0212
10/11/2017 15:03:35	51.0	49.0	14.5503
10/11/2017 15:03:46	51.0	51.0	14.0212
10/11/2017 15:03:57	51.0	52.0	13.4211
10/11/2017 15:04:08	53.0	53.0	13.0548
10/11/2017 15:04:19	54.0	54.0	13.2468
10/11/2017 15:04:30	55.0	54.0	13.1234
10/11/2017 15:04:41	55.0	54.0	12.8272
10/11/2017 15:04:52	55.0	55.0	12.5654
10/11/2017 15:05:03	56.0	56.0	12.8272
10/11/2017 15:05:14	57.0	56.0	12.7937
10/11/2017 15:05:25	55.0	54.0	13.089
10/11/2017 15:05:36	52.0	52.0	14.6597
10/11/2017 15:05:47	50.0	50.0	14.7757
10/11/2017 15:05:58	49.0	49.0	14.3979
10/11/2017 15:06:09	48.0	48.0	14.7368
10/11/2017 15:06:20	48.0	48.0	19.6286
10/11/2017 15:06:30	50.0	49.0	14.9606
10/11/2017 15:06:41	49.0	49.0	14.9215
10/11/2017 15:06:52	51.0	51.0	14.1361
10/11/2017 15:07:03	52.0	52.0	13.577
10/11/2017 15:07:14	53.0	53.0	13.0548
10/11/2017 15:07:25	54.0	54.0	13.5417
10/11/2017 15:07:36	55.0	54.0	12.3684
10/11/2017 15:07:47	55.0	54.0	12.4011
10/11/2017 15:07:58	55.0	55.0	12.3037
10/11/2017 15:08:09	56.0	56.0	12.8272
10/11/2017 15:08:20	57.0	56.0	12.3684
10/11/2017 15:08:31	54.0	53.0	14.7757
10/11/2017 15:08:43	52.0	53.0	13.9842
10/11/2017 15:08:54	51.0	50.0	16.2791
10/11/2017 15:09:05	49.0	49.0	13.4921
10/11/2017 15:09:16	48.0	48.0	13.7566
10/11/2017 15:09:27	47.0	47.0	13.7203
10/11/2017 15:09:38	47.0	47.0	14.5119
10/11/2017 15:09:49	49.0	48.0	13.0667
10/11/2017 15:10:00	50.0	51.0	14.2105
10/11/2017 15:10:11	51.0	51.0	12.5654
10/11/2017 15:10:22	52.0	52.0	13.577
10/11/2017 15:10:33	54.0	53.0	13.3508
10/11/2017 15:10:44	55.0	54.0	13.577
10/11/2017 15:10:55	55.0	55.0	13.7306
10/11/2017 15:11:06	55.0	55.0	13.0208
10/11/2017 15:11:17	56.0	55.0	13.9535
10/11/2017 15:11:28	54.0	54.0	15.1671
10/11/2017 15:11:39	52.0	52.0	13.9842
10/11/2017 15:11:50	50.0	51.0	15.7623
10/11/2017 15:12:01	50.0	49.0	14.5119
10/11/2017 15:12:12	48.0	48.0	13.2275
10/11/2017 15:12:23	48.0	47.0	14.4357
10/11/2017 15:12:34	47.0	47.0	15.5039
10/11/2017 15:12:45	48.0	48.0	14.248
10/11/2017 15:12:56	49.0	50.0	12.9973
10/11/2017 15:13:07	51.0	51.0	17.0483
10/11/2017 15:13:18	52.0	52.0	12.6316
10/11/2017 15:13:29	53.0	53.0	15.3453
10/11/2017 15:13:40	54.0	53.0	12.0735
10/11/2017 15:13:52	55.0	54.0	12.8272
10/11/2017 15:14:03	55.0	55.0	11.811
10/11/2017 15:14:14	56.0	55.0	12.0735
10/11/2017 15:14:25	57.0	57.0	13.8021
10/11/2017 15:14:36	54.0	54.0	14.5833
10/11/2017 15:14:47	52.0	51.0	13.9108
10/11/2017 15:14:58	50.0	51.0	14.6597
10/11/2017 15:15:09	49.0	49.0	13.7566
10/11/2017 15:15:20	49.0	48.0	16.4456
10/11/2017 15:15:31	47.0	48.0	16.4103
10/11/2017 15:15:42	47.0	46.0	13.1926
10/11/2017 15:15:53	48.0	49.0	16.8798
10/11/2017 15:16:04	50.0	50.0	13.6842
10/11/2017 15:16:15	51.0	51.0	13.6126
10/11/2017 15:16:26	52.0	52.0	13.3508
10/11/2017 15:16:37	54.0	53.0	12.5654
10/11/2017 15:16:48	55.0	54.0	12.336
10/11/2017 15:16:59	55.0	54.0	13.3159
10/11/2017 15:17:10	56.0	55.0	12.3684
10/11/2017 15:17:21	56.0	55.0	13.6951
10/11/2017 15:17:32	57.0	56.0	13.3858
10/11/2017 15:17:43	55.0	54.0	12.5326
10/11/2017 15:17:54	53.0	53.0	12.8609
10/11/2017 15:18:05	51.0	51.0	13.6842
10/11/2017 15:18:16	50.0	49.0	14.4357
10/11/2017 15:18:27	49.0	49.0	12.963
10/11/2017 15:18:38	48.0	48.0	14.4357
10/11/2017 15:18:49	47.0	46.0	14.1732
10/11/2017 15:19:00	48.0	47.0	14.8438
10/11/2017 15:19:12	49.0	48.0	14.1361
10/11/2017 15:19:23	50.0	50.0	13.8743
10/11/2017 15:19:34	51.0	51.0	13.2124
10/11/2017 15:19:45	52.0	52.0	13.2812
10/11/2017 15:19:56	53.0	54.0	12.2715
10/11/2017 15:20:07	54.0	54.0	12.0735
10/11/2017 15:20:18	55.0	54.0	13.1579
10/11/2017 15:20:29	55.0	55.0	12.0104
10/11/2017 15:20:40	56.0	56.0	12.0735
10/11/2017 15:20:51	56.0	56.0	13.089
10/11/2017 15:21:02	54.0	53.0	13.9474
10/11/2017 15:21:13	51.0	51.0	13.1234
10/11/2017 15:21:24	50.0	51.0	14.2105
10/11/2017 15:21:35	49.0	49.0	13.4565
10/11/2017 15:21:46	48.0	48.0	17.5127
10/11/2017 15:21:57	48.0	46.0	12.963
10/11/2017 15:22:08	47.0	47.0	17.8392
10/11/2017 15:22:19	47.0	47.0	14.1732
10/11/2017 15:22:30	50.0	50.0	12.8272
10/11/2017 15:22:41	51.0	51.0	13.1926
10/11/2017 15:22:52	52.0	51.0	16.5829
10/11/2017 15:23:03	53.0	53.0	11.5789
10/11/2017 15:23:14	54.0	54.0	13.3159
10/11/2017 15:23:25	55.0	54.0	12.6984
10/11/2017 15:23:36	55.0	55.0	12.987
10/11/2017 15:23:47	56.0	56.0	11.1111
10/11/2017 15:23:58	57.0	56.0	12.1693
10/11/2017 15:24:09	54.0	55.0	12.8272
10/11/2017 15:24:20	52.0	52.0	12.5984
10/11/2017 15:24:32	50.0	50.0	14.4737
10/11/2017 15:24:43	50.0	49.0	22.619
10/11/2017 15:24:54	49.0	48.0	14.3979
10/11/2017 15:25:05	48.0	47.0	13.9474
10/11/2017 15:25:16	47.0	47.0	13.1579
10/11/2017 15:25:27	48.0	48.0	12.766
10/11/2017 15:25:38	50.0	50.0	13.6842
10/11/2017 15:25:49	51.0	51.0	12.2396
10/11/2017 15:26:00	52.0	52.0	12.8947
10/11/2017 15:26:11	53.0	53.0	12.0419
10/11/2017 15:26:22	54.0	54.0	13.5065
10/11/2017 15:26:33	55.0	55.0	12.6649
10/11/2017 15:26:44	55.0	54.0	11.811
10/11/2017 15:26:55	56.0	56.0	12.0735
10/11/2017 15:27:06	57.0	57.0	18.2266
10/11/2017 15:27:17	54.0	54.0	13.6483
10/11/2017 15:27:28	52.0	52.0	12.336
10/11/2017 15:27:39	51.0	51.0	20.3431
10/11/2017 15:27:50	49.0	49.0	13.7203
10/11/2017 15:28:01	48.0	48.0	13.4211
10/11/2017 15:28:12	48.0	48.0	13.1579
10/11/2017 15:28:23	48.0	47.0	14.6597
10/11/2017 15:28:34	48.0	48.0	13.7203
10/11/2017 15:28:45	50.0	50.0	12.5984
10/11/2017 15:28:56	51.0	51.0	19.0123
10/11/2017 15:29:07	52.0	53.0	12.5654
10/11/2017 15:29:18	53.0	53.0	20
10/11/2017 15:29:29	54.0	54.0	11.5789
10/11/2017 15:29:40	55.0	54.0	20.2934
10/11/2017 15:29:52	56.0	55.0	12.0735
10/11/2017 15:30:03	56.0	55.0	18.4275
10/11/2017 15:30:14	56.0	55.0	12.5326
10/11/2017 15:30:25	53.0	53.0	12.6984
10/11/2017 15:30:36	51.0	51.0	13.2626
10/11/2017 15:30:47	50.0	50.0	14.3979
10/11/2017 15:30:58	50.0	49.0	13.9108
10/11/2017 15:31:09	48.0	48.0	14.1732
10/11/2017 15:31:20	48.0	48.0	14.1732
10/11/2017 15:31:31	48.0	47.0	13.2626
10/11/2017 15:31:42	47.0	47.0	14.6214
10/11/2017 15:31:53	49.0	48.0	14.1361
10/11/2017 15:32:04	50.0	51.0	12.8609
10/11/2017 15:32:15	51.0	51.0	12.5654
10/11/2017 15:32:26	53.0	53.0	12.5326
10/11/2017 15:32:37	54.0	54.0	12.7273
10/11/2017 15:32:48	55.0	54.0	12.1053
10/11/2017 15:32:59	55.0	54.0	12.8272
10/11/2017 15:33:10	56.0	56.0	12.0104
10/11/2017 15:33:21	57.0	56.0	11.5789
10/11/2017 15:33:32	54.0	54.0	14.3979
10/11/2017 15:33:43	52.0	52.0	13.4565
10/11/2017 15:33:54	51.0	51.0	16.2371
10/11/2017 15:34:05	49.0	50.0	13.7203
10/11/2017 15:34:16	48.0	49.0	13.7931
10/11/2017 15:34:27	48.0	48.0	13.4565
10/11/2017 15:34:38	48.0	47.0	13.7203
10/11/2017 15:34:49	48.0	46.0	20.1474
10/11/2017 15:35:01	48.0	47.0	13.1926
10/11/2017 15:35:12	50.0	50.0	12.6316
10/11/2017 15:35:23	51.0	51.0	13.4565
10/11/2017 15:35:34	52.0	52.0	12.336
10/11/2017 15:35:45	53.0	53.0	18.1592
10/11/2017 15:35:56	54.0	54.0	12.8609
10/11/2017 15:36:07	55.0	54.0	12.6316
10/11/2017 15:36:18	56.0	55.0	12.5326
10/11/2017 15:36:29	56.0	55.0	12.0419
10/11/2017 15:36:40	57.0	55.0	13.2468
10/11/2017 15:36:51	54.0	53.0	12.5326
10/11/2017 15:37:02	51.0	51.0	14.248
10/11/2017 15:37:13	50.0	50.0	13.9108
10/11/2017 15:37:24	49.0	49.0	13.6126
10/11/2017 15:37:35	48.0	48.0	14.1732
10/11/2017 15:37:46	48.0	47.0	13.9842
10/11/2017 15:37:57	48.0	47.0	13.9474
10/11/2017 15:38:08	49.0	48.0	13.5279
10/11/2017 15:38:19	51.0	50.0	12.963
10/11/2017 15:38:30	52.0	51.0	13.089
10/11/2017 15:38:41	53.0	52.0	12.0419
10/11/2017 15:38:52	54.0	54.0	15.6566
10/11/2017 15:39:03	55.0	54.0	13.4211
10/11/2017 15:39:14	55.0	55.0	12.0419
10/11/2017 15:39:25	57.0	55.0	12.2396
10/11/2017 15:39:36	57.0	55.0	12.0735
10/11/2017 15:39:47	54.0	53.0	20.9246
10/11/2017 15:39:58	52.0	52.0	12.6316
10/11/2017 15:40:09	50.0	50.0	13.7566
10/11/2017 15:40:21	50.0	49.0	14.0992
10/11/2017 15:40:32	49.0	48.0	13.9474
10/11/2017 15:40:43	48.0	47.0	18.0905
10/11/2017 15:40:54	48.0	46.0	14.2105
10/11/2017 15:41:05	48.0	47.0	13.9842
10/11/2017 15:41:16	50.0	49.0	12.8272
10/11/2017 15:41:27	51.0	51.0	12.2715
10/11/2017 15:41:38	52.0	52.0	13.2812
10/11/2017 15:41:49	53.0	53.0	12.3037
10/11/2017 15:42:00	54.0	53.0	12.9288
10/11/2017 15:42:11	55.0	54.0	12.5654
10/11/2017 15:42:22	56.0	55.0	12.0419
10/11/2017 15:42:33	56.0	55.0	12.2396
10/11/2017 15:42:44	56.0	56.0	12.0735
10/11/2017 15:42:55	54.0	53.0	15.3646
10/11/2017 15:43:06	51.0	51.0	13.6842
10/11/2017 15:43:17	51.0	50.0	13.7203
10/11/2017 15:43:28	49.0	48.0	13.4565
10/11/2017 15:43:39	49.0	48.0	14.2105
10/11/2017 15:43:50	47.0	47.0	19.5545
10/11/2017 15:44:01	47.0	47.0	14.0212
10/11/2017 15:44:12	48.0	47.0	13.7203
10/11/2017 15:44:23	49.0	50.0	12.8609
10/11/2017 15:44:34	50.0	50.0	12.3037
10/11/2017 15:44:45	52.0	51.0	17.3697
10/11/2017 15:44:56	53.0	52.0	12.5326
10/11/2017 15:45:07	54.0	53.0	12.3684
10/11/2017 15:45:18	54.0	54.0	12.8272
10/11/2017 15:45:29	55.0	55.0	12.0104
10/11/2017 15:45:41	56.0	55.0	12.987
10/11/2017 15:45:52	57.0	56.0	12.0419
10/11/2017 15:46:03	54.0	54.0	12.8609
10/11/2017 15:46:14	52.0	51.0	13.4211
10/11/2017 15:46:25	50.0	50.0	13.6842
10/11/2017 15:46:36	49.0	49.0	13.9108
10/11/2017 15:46:47	48.0	48.0	14.6597
10/11/2017 15:46:58	49.0	47.0	13.2275
10/11/2017 15:47:09	47.0	47.0	14.1732
10/11/2017 15:47:20	47.0	47.0	13.2626
10/11/2017 15:47:31	49.0	48.0	14.4737
10/11/2017 15:47:42	50.0	50.0	13.1926
10/11/2017 15:47:53	51.0	51.0	20.098
10/11/2017 15:48:04	53.0	52.0	12.0735
10/11/2017 15:48:15	54.0	53.0	12.0419
10/11/2017 15:48:26	55.0	54.0	12.6316
10/11/2017 15:48:37	55.0	55.0	12.3037
10/11/2017 15:48:48	56.0	55.0	12.3037
10/11/2017 15:48:59	56.0	56.0	12.0104
10/11/2017 15:49:10	57.0	56.0	11.6402
10/11/2017 15:49:21	53.0	54.0	12.8272
10/11/2017 15:49:32	52.0	51.0	14.4357
10/11/2017 15:49:43	50.0	50.0	13.9474
10/11/2017 15:49:54	49.0	48.0	13.9842
10/11/2017 15:50:05	48.0	48.0	13.1234
10/11/2017 15:50:16	48.0	47.0	13.6842
10/11/2017 15:50:27	48.0	47.0	13.6842
10/11/2017 15:50:38	48.0	47.0	14.1732
10/11/2017 15:50:50	49.0	49.0	13.1926
10/11/2017 15:51:01	51.0	51.0	12.3037
10/11/2017 15:51:12	52.0	52.0	13.0548
10/11/2017 15:51:23	53.0	53.0	12.5326
10/11/2017 15:51:34	54.0	54.0	12.5984
10/11/2017 15:51:45	55.0	54.0	11.5789
10/11/2017 15:51:56	55.0	54.0	12.5
10/11/2017 15:52:07	56.0	55.0	12.7604
10/11/2017 15:52:18	56.0	56.0	12.3684
10/11/2017 15:52:29	53.0	52.0	12.4339
10/11/2017 15:52:40	51.0	51.0	12.336
10/11/2017 15:52:51	50.0	50.0	13.9108
10/11/2017 15:53:02	49.0	48.0	13.4565
10/11/2017 15:53:13	49.0	48.0	13.2275
10/11/2017 15:53:24	48.0	47.0	20.8333
10/11/2017 15:53:35	48.0	46.0	13.6842
10/11/2017 15:53:46	47.0	46.0	14.1732
10/11/2017 15:53:57	48.0	47.0	12.9288
10/11/2017 15:54:08	49.0	50.0	13.5065
10/11/2017 15:54:19	50.0	51.0	22.381
10/11/2017 15:54:30	52.0	51.0	12.5654
10/11/2017 15:54:41	53.0	53.0	12.0735
10/11/2017 15:54:52	55.0	53.0	11.8421
10/11/2017 15:55:03	55.0	54.0	12.987
10/11/2017 15:55:14	56.0	54.0	11.8421
10/11/2017 15:55:25	56.0	56.0	13.5417
10/11/2017 15:55:36	56.0	54.0	11.3757
10/11/2017 15:55:47	54.0	53.0	12.8272
10/11/2017 15:55:58	52.0	51.0	13.0319
10/11/2017 15:56:10	50.0	50.0	13.9474
10/11/2017 15:56:21	49.0	48.0	13.4921
10/11/2017 15:56:32	49.0	48.0	17.4242
10/11/2017 15:56:43	48.0	47.0	13.1926
10/11/2017 15:56:54	47.0	46.0	13.9108
10/11/2017 15:57:05	47.0	47.0	14.248
10/11/2017 15:57:16	48.0	48.0	14.2105
10/11/2017 15:57:27	50.0	50.0	13.4565
10/11/2017 15:57:38	51.0	51.0	11.8421
10/11/2017 15:57:49	53.0	53.0	12.8609
10/11/2017 15:58:00	53.0	53.0	12.3037
10/11/2017 15:58:11	54.0	54.0	12.7937
10/11/2017 15:58:22	55.0	55.0	19.2683
10/11/2017 15:58:33	55.0	56.0	12.3037
10/11/2017 15:58:44	56.0	55.0	12.1053
10/11/2017 15:58:55	53.0	53.0	18.5644
10/11/2017 15:59:06	51.0	51.0	13.1926
10/11/2017 15:59:17	50.0	50.0	14.8825
10/11/2017 15:59:28	49.0	49.0	14.6214
10/11/2017 15:59:39	48.0	48.0	12.3037
10/11/2017 15:59:50	47.0	47.0	13.9108
10/11/2017 16:00:01	47.0	46.0	13.7931
10/11/2017 16:00:12	47.0	47.0	13.4211
10/11/2017 16:00:23	48.0	48.0	13.4211
10/11/2017 16:00:34	50.0	50.0	12.0735
10/11/2017 16:00:45	51.0	51.0	12.5
10/11/2017 16:00:56	52.0	52.0	17.6179
10/11/2017 16:01:07	54.0	53.0	12.2396
10/11/2017 16:01:18	54.0	54.0	13.2812
10/11/2017 16:01:30	55.0	54.0	12.336
10/11/2017 16:01:41	56.0	56.0	12.7937
10/11/2017 16:01:52	57.0	55.0	12.0735
10/11/2017 16:02:03	55.0	54.0	12.336
10/11/2017 16:02:14	52.0	52.0	12.1053
10/11/2017 16:02:25	51.0	50.0	13.7203
10/11/2017 16:02:36	50.0	50.0	13.6483
10/11/2017 16:02:47	49.0	48.0	14.6214
10/11/2017 16:02:58	48.0	48.0	13.6126
10/11/2017 16:03:09	48.0	47.0	13.9474
10/11/2017 16:03:20	48.0	46.0	13.9474
10/11/2017 16:03:31	48.0	47.0	13.2275
10/11/2017 16:03:42	49.0	49.0	13.8381
10/11/2017 16:03:53	50.0	51.0	12.6316
10/11/2017 16:04:04	52.0	52.0	12.0735
10/11/2017 16:04:15	53.0	53.0	12.3684
10/11/2017 16:04:26	54.0	53.0	12.7604
10/11/2017 16:04:37	55.0	55.0	19.4581
10/11/2017 16:04:48	55.0	55.0	12.1693
10/11/2017 16:04:59	56.0	56.0	12.2715
10/11/2017 16:05:10	57.0	55.0	12.5984
10/11/2017 16:05:21	53.0	53.0	12.8947
10/11/2017 16:05:32	51.0	52.0	13.9474
10/11/2017 16:05:43	51.0	50.0	13.9474
10/11/2017 16:05:54	49.0	48.0	14.4737
10/11/2017 16:06:05	48.0	48.0	12.2715
10/11/2017 16:06:16	48.0	47.0	15.7216
10/11/2017 16:06:27	47.0	47.0	14.1361
10/11/2017 16:06:38	47.0	47.0	14.0992
10/11/2017 16:06:50	49.0	48.0	13.7566
10/11/2017 16:07:01	50.0	50.0	13.3508
10/11/2017 16:07:12	51.0	51.0	13.1579
10/11/2017 16:07:23	52.0	52.0	12.5984
10/11/2017 16:07:34	54.0	53.0	13.1926
10/11/2017 16:07:45	55.0	54.0	12.6649
10/11/2017 16:07:56	55.0	54.0	19.0709
10/11/2017 16:08:07	56.0	55.0	11.811
10/11/2017 16:08:18	57.0	56.0	12.5654
10/11/2017 16:08:29	56.0	54.0	12.0735
10/11/2017 16:08:40	53.0	53.0	13.1234
10/11/2017 16:08:51	52.0	51.0	12.7321
10/11/2017 16:09:02	51.0	50.0	14.3979
10/11/2017 16:09:13	50.0	48.0	11.8734
10/11/2017 16:09:24	48.0	48.0	13.4211
10/11/2017 16:09:35	47.0	47.0	14.0212
10/11/2017 16:09:46	47.0	46.0	13.8743
10/11/2017 16:09:57	47.0	46.0	14.5119
10/11/2017 16:10:08	49.0	48.0	11.8734
10/11/2017 16:10:19	51.0	50.0	20.5882
10/11/2017 16:10:30	52.0	52.0	11.811
10/11/2017 16:10:41	53.0	53.0	13.6598
10/11/2017 16:10:52	54.0	54.0	12.3037
10/11/2017 16:11:03	55.0	54.0	13.5417
10/11/2017 16:11:14	56.0	55.0	11.3158
10/11/2017 16:11:25	57.0	56.0	12.2715
10/11/2017 16:11:36	55.0	54.0	12.1053
10/11/2017 16:11:47	53.0	53.0	12.963
10/11/2017 16:11:59	51.0	51.0	13.2275
10/11/2017 16:12:10	51.0	50.0	13.7566
10/11/2017 16:12:21	49.0	49.0	12.4339
10/11/2017 16:12:32	49.0	48.0	13.9474
10/11/2017 16:12:43	48.0	47.0	14.4737
10/11/2017 16:12:54	47.0	47.0	13.7203
10/11/2017 16:13:05	48.0	47.0	13.7566
10/11/2017 16:13:16	49.0	49.0	13.9108
10/11/2017 16:13:27	51.0	50.0	12.336
10/11/2017 16:13:38	51.0	52.0	12.5326
10/11/2017 16:13:49	52.0	53.0	12.5984
10/11/2017 16:14:00	53.0	53.0	12.1053
10/11/2017 16:14:11	55.0	54.0	13.9474
10/11/2017 16:14:22	55.0	55.0	12.2715
10/11/2017 16:14:33	56.0	56.0	13.9175
10/11/2017 16:14:44	55.0	56.0	12.0735
10/11/2017 16:14:55	54.0	53.0	16.1209
10/11/2017 16:15:06	51.0	51.0	13.1926
10/11/2017 16:15:17	50.0	50.0	20.7824
10/11/2017 16:15:28	49.0	49.0	12.7321
10/11/2017 16:15:39	48.0	48.0	21.7391
10/11/2017 16:15:50	47.0	47.0	13.8743
10/11/2017 16:16:01	47.0	47.0	21.4458
10/11/2017 16:16:12	47.0	47.0	12.6984
10/11/2017 16:16:23	49.0	48.0	18.5464
10/11/2017 16:16:34	50.0	50.0	12.5654
10/11/2017 16:16:45	51.0	51.0	16.2025
10/11/2017 16:16:56	52.0	53.0	12.336
10/11/2017 16:17:08	54.0	53.0	13.4367
10/11/2017 16:17:19	54.0	54.0	13.1579
10/11/2017 16:17:30	55.0	54.0	13.2124
10/11/2017 16:17:41	56.0	55.0	11.811
10/11/2017 16:17:52	57.0	56.0	13.0208
10/11/2017 16:18:03	55.0	54.0	12.3037
10/11/2017 16:18:14	52.0	52.0	14.1361
10/11/2017 16:18:25	51.0	51.0	13.7203
10/11/2017 16:18:36	49.0	50.0	14.3229
10/11/2017 16:18:47	48.0	48.0	13.9108
10/11/2017 16:18:58	48.0	48.0	14.2105
10/11/2017 16:19:09	48.0	47.0	13.6842
10/11/2017 16:19:20	47.0	47.0	15.0649
10/11/2017 16:19:31	48.0	48.0	12.3684
10/11/2017 16:19:42	50.0	50.0	14.1361
10/11/2017 16:19:53	52.0	51.0	13.3858
10/11/2017 16:20:04	52.0	52.0	13.5065
10/11/2017 16:20:15	54.0	53.0	11.8734
10/11/2017 16:20:26	54.0	53.0	14.433
10/11/2017 16:20:37	55.0	54.0	11.7801
10/11/2017 16:20:48	56.0	56.0	12.7937
10/11/2017 16:20:59	57.0	56.0	11.8421
10/11/2017 16:21:10	55.0	54.0	15.3846
10/11/2017 16:21:21	52.0	52.0	11.811
10/11/2017 16:21:32	50.0	51.0	18.0905
10/11/2017 16:21:43	50.0	50.0	13.7203
10/11/2017 16:21:54	49.0	48.0	19.5062
10/11/2017 16:22:05	48.0	48.0	14.0212
10/11/2017 16:22:16	47.0	47.0	22.1154
10/11/2017 16:22:28	46.0	46.0	14.2105
10/11/2017 16:22:39	48.0	48.0	21.9807
10/11/2017 16:22:50	50.0	49.0	13.3858
10/11/2017 16:23:01	51.0	51.0	12.4339
10/11/2017 16:23:12	51.0	52.0	12.3037
10/11/2017 16:23:23	53.0	53.0	12.0104
10/11/2017 16:23:34	54.0	54.0	12.3037
10/11/2017 16:23:45	55.0	54.0	19.4647
10/11/2017 16:23:56	55.0	55.0	12.1372
10/11/2017 16:24:07	56.0	55.0	11.5486
10/11/2017 16:24:18	56.0	56.0	21.2411
10/11/2017 16:24:29	54.0	53.0	12.8947
10/11/2017 16:24:40	52.0	51.0	13.9108
10/11/2017 16:24:51	51.0	50.0	13.9474
10/11/2017 16:25:02	49.0	49.0	13.9474
10/11/2017 16:25:13	49.0	48.0	12.5654
10/11/2017 16:25:24	48.0	48.0	12.963
10/11/2017 16:25:35	48.0	47.0	14.0212
10/11/2017 16:25:46	49.0	48.0	13.9474
10/11/2017 16:25:57	50.0	50.0	12.6649
10/11/2017 16:26:08	51.0	51.0	12.336
10/11/2017 16:26:19	53.0	53.0	12.5984
10/11/2017 16:26:30	54.0	53.0	12.336
10/11/2017 16:26:41	55.0	54.0	19.7561
10/11/2017 16:26:52	55.0	54.0	11.9792
10/11/2017 16:27:03	55.0	55.0	12.0419
10/11/2017 16:27:14	56.0	55.0	12.5
10/11/2017 16:27:25	54.0	53.0	13.4565
10/11/2017 16:27:36	51.0	51.0	13.2275
10/11/2017 16:27:48	50.0	50.0	14.1732
10/11/2017 16:27:59	50.0	50.0	13.9842
10/11/2017 16:28:10	48.0	48.0	14.1361
10/11/2017 16:28:21	48.0	48.0	13.9474
10/11/2017 16:28:32	48.0	47.0	13.7566
10/11/2017 16:28:43	47.0	46.0	14.0212
10/11/2017 16:28:54	49.0	48.0	13.6483
10/11/2017 16:29:05	50.0	50.0	13.1579
10/11/2017 16:29:16	51.0	52.0	12.5984
10/11/2017 16:29:27	52.0	53.0	12.5984
10/11/2017 16:29:38	54.0	53.0	12.1053
10/11/2017 16:29:49	54.0	54.0	13.089
10/11/2017 16:30:00	55.0	54.0	11.6095
10/11/2017 16:30:11	56.0	55.0	11.6402
10/11/2017 16:30:22	56.0	55.0	11.811
10/11/2017 16:30:33	53.0	53.0	12.0735
10/11/2017 16:30:44	51.0	52.0	12.6649
10/11/2017 16:30:55	50.0	50.0	12.0735
10/11/2017 16:31:06	49.0	49.0	13.7203
10/11/2017 16:31:17	49.0	48.0	12.9973
10/11/2017 16:31:28	49.0	48.0	13.9842
10/11/2017 16:31:39	47.0	47.0	13.4211
10/11/2017 16:31:50	47.0	47.0	13.4211
10/11/2017 16:32:01	49.0	48.0	15.4639
10/11/2017 16:32:12	50.0	50.0	12.8609
10/11/2017 16:32:23	51.0	51.0	12.336
10/11/2017 16:32:34	52.0	53.0	12.3037
10/11/2017 16:32:45	53.0	53.0	12.0104
10/11/2017 16:32:56	55.0	54.0	12.5654
10/11/2017 16:33:08	55.0	54.0	12.5326
10/11/2017 16:33:19	56.0	56.0	13.3508
10/11/2017 16:33:30	57.0	55.0	13.4715
10/11/2017 16:33:41	54.0	54.0	13.2275
10/11/2017 16:33:52	52.0	52.0	12.3037
10/11/2017 16:34:03	51.0	51.0	13.9474
10/11/2017 16:34:14	50.0	49.0	14.2105
10/11/2017 16:34:25	49.0	48.0	13.9108
10/11/2017 16:34:36	48.0	47.0	14.2105
10/11/2017 16:34:47	48.0	47.0	12.0735
10/11/2017 16:34:58	48.0	46.0	13.9474
10/11/2017 16:35:09	48.0	47.0	14.1732
10/11/2017 16:35:20	49.0	49.0	16.0526
10/11/2017 16:35:31	51.0	51.0	13.9474
10/11/2017 16:35:42	52.0	52.0	13.0208
10/11/2017 16:35:53	54.0	53.0	11.8734
10/11/2017 16:36:04	54.0	53.0	12.8272
10/11/2017 16:36:15	55.0	54.0	21.1031
10/11/2017 16:36:26	56.0	55.0	12.7937
10/11/2017 16:36:37	57.0	56.0	11.811
10/11/2017 16:36:48	56.0	55.0	11.6402
10/11/2017 16:36:59	54.0	53.0	14.1361
10/11/2017 16:37:10	51.0	52.0	13.4211
10/11/2017 16:37:21	50.0	51.0	13.5279
10/11/2017 16:37:32	49.0	50.0	13.8743
10/11/2017 16:37:43	49.0	48.0	14.6214
10/11/2017 16:37:54	48.0	48.0	13.2626
10/11/2017 16:38:05	47.0	47.0	14.2105
10/11/2017 16:38:17	48.0	47.0	13.4211
10/11/2017 16:38:28	49.0	49.0	20.4878
10/11/2017 16:38:39	51.0	51.0	13.1579
10/11/2017 16:38:50	51.0	52.0	12.1693
10/11/2017 16:39:01	53.0	53.0	11.811
10/11/2017 16:39:12	54.0	54.0	12.1372
10/11/2017 16:39:23	55.0	55.0	12.1053
10/11/2017 16:39:34	55.0	55.0	12.0419
10/11/2017 16:39:45	55.0	56.0	12.7604
10/11/2017 16:39:56	56.0	56.0	12.336
10/11/2017 16:40:07	53.0	53.0	13.0548
10/11/2017 16:40:18	51.0	51.0	13.4565
10/11/2017 16:40:29	50.0	50.0	13.2275
10/11/2017 16:40:40	49.0	50.0	13.2275
10/11/2017 16:40:51	48.0	49.0	14.4357
10/11/2017 16:41:02	48.0	47.0	19.202
10/11/2017 16:41:13	47.0	47.0	13.4921
10/11/2017 16:41:24	48.0	48.0	12.8947
10/11/2017 16:41:35	49.0	50.0	14.8438
10/11/2017 16:41:46	50.0	51.0	13.3508
10/11/2017 16:41:57	52.0	53.0	12.8272
10/11/2017 16:42:08	53.0	53.0	12.0104
10/11/2017 16:42:19	54.0	54.0	13.1579
10/11/2017 16:42:30	55.0	54.0	11.5486
10/11/2017 16:42:41	55.0	55.0	12.0419
10/11/2017 16:42:52	56.0	56.0	12.2396
10/11/2017 16:43:03	57.0	56.0	12.5984
10/11/2017 16:43:14	54.0	54.0	12.8609
10/11/2017 16:43:25	52.0	51.0	13.1234
10/11/2017 16:43:37	51.0	51.0	13.4921
10/11/2017 16:43:48	49.0	49.0	13.3858
10/11/2017 16:43:59	48.0	48.0	12.4011
10/11/2017 16:44:10	48.0	48.0	12.9973
10/11/2017 16:44:21	48.0	47.0	14.2105
10/11/2017 16:44:32	48.0	47.0	13.7203
10/11/2017 16:44:43	48.0	47.0	13.9474
10/11/2017 16:44:54	49.0	49.0	13.2275
10/11/2017 16:45:05	50.0	51.0	12.1372
10/11/2017 16:45:16	52.0	51.0	12.1053
10/11/2017 16:45:27	53.0	53.0	12.7937
10/11/2017 16:45:38	54.0	53.0	11.811
10/11/2017 16:45:49	55.0	54.0	12.0735
10/11/2017 16:46:00	55.0	55.0	12.5
10/11/2017 16:46:11	57.0	55.0	11.8421
10/11/2017 16:46:22	57.0	56.0	11.8421
10/11/2017 16:46:33	55.0	54.0	20.5251
10/11/2017 16:46:44	52.0	52.0	12.8609
10/11/2017 16:46:55	51.0	51.0	13.4565
10/11/2017 16:47:06	50.0	49.0	15.7623
10/11/2017 16:47:17	49.0	48.0	13.9108
10/11/2017 16:47:28	48.0	48.0	13.7203
10/11/2017 16:47:39	49.0	48.0	13.9842
10/11/2017 16:47:50	48.0	47.0	13.9108
10/11/2017 16:48:01	49.0	48.0	14.0625
10/11/2017 16:48:12	51.0	50.0	13.6842
10/11/2017 16:48:23	52.0	51.0	12.3684
10/11/2017 16:48:34	53.0	53.0	13.4715
10/11/2017 16:48:46	54.0	53.0	11.5789
10/11/2017 16:48:57	55.0	54.0	12.5984
10/11/2017 16:49:08	55.0	54.0	15.6962
10/11/2017 16:49:19	56.0	55.0	12.5654
10/11/2017 16:49:30	56.0	56.0	12.0735
10/11/2017 16:49:41	53.0	53.0	12.6984
10/11/2017 16:49:52	51.0	52.0	14.2105
10/11/2017 16:50:03	50.0	50.0	14.0992
10/11/2017 16:50:14	49.0	48.0	14.4357
10/11/2017 16:50:25	49.0	48.0	13.4211
10/11/2017 16:50:36	48.0	48.0	19.403
10/11/2017 16:50:47	48.0	47.0	14.0992
10/11/2017 16:50:58	47.0	47.0	13.9474
10/11/2017 16:51:09	49.0	48.0	13.9108
10/11/2017 16:51:20	50.0	50.0	13.1926
10/11/2017 16:51:31	51.0	51.0	12.6943
10/11/2017 16:51:42	52.0	52.0	12.2396
10/11/2017 16:51:53	54.0	53.0	12.336
10/11/2017 16:52:04	54.0	54.0	18.4275
10/11/2017 16:52:15	56.0	55.0	11.7801
10/11/2017 16:52:26	56.0	56.0	12.2715
10/11/2017 16:52:37	56.0	56.0	12.1372
10/11/2017 16:52:48	55.0	54.0	12.2715
10/11/2017 16:52:59	53.0	52.0	13.7306
10/11/2017 16:53:10	51.0	50.0	13.6842
10/11/2017 16:53:21	50.0	49.0	14.1732
10/11/2017 16:53:32	48.0	48.0	13.2626
10/11/2017 16:53:43	48.0	48.0	14.6982
10/11/2017 16:53:54	48.0	48.0	13.9108
10/11/2017 16:54:06	47.0	47.0	14.4357
10/11/2017 16:54:17	48.0	48.0	14.3979
10/11/2017 16:54:28	50.0	49.0	21.4112
10/11/2017 16:54:39	51.0	50.0	12.5984
10/11/2017 16:54:50	52.0	53.0	12.8272
10/11/2017 16:55:01	54.0	53.0	11.8421
10/11/2017 16:55:12	54.0	54.0	12.3037
10/11/2017 16:55:23	55.0	54.0	13.2124
10/11/2017 16:55:34	56.0	56.0	12.2715
10/11/2017 16:55:45	57.0	56.0	12.5326
10/11/2017 16:55:56	55.0	55.0	12.5984
10/11/2017 16:56:07	53.0	53.0	12.3684
10/11/2017 16:56:18	51.0	51.0	14.4357
10/11/2017 16:56:29	50.0	50.0	13.9474
10/11/2017 16:56:40	49.0	48.0	13.6483
10/11/2017 16:56:51	49.0	48.0	13.9842
10/11/2017 16:57:02	48.0	47.0	14.3603
10/11/2017 16:57:13	48.0	46.0	13.9474
10/11/2017 16:57:24	47.0	47.0	20.4878
10/11/2017 16:57:35	49.0	49.0	12.1053
10/11/2017 16:57:46	50.0	51.0	13.3858
10/11/2017 16:57:57	52.0	52.0	12.8272
10/11/2017 16:58:08	53.0	53.0	12.336
10/11/2017 16:58:19	54.0	54.0	13.089
10/11/2017 16:58:30	54.0	54.0	21.256
10/11/2017 16:58:41	55.0	55.0	12.5654
10/11/2017 16:58:52	56.0	56.0	12.5326
10/11/2017 16:59:03	56.0	56.0	11.3456
10/11/2017 16:59:15	55.0	54.0	13.0208
10/11/2017 16:59:26	52.0	51.0	12.5984
10/11/2017 16:59:37	50.0	51.0	12.3037
10/11/2017 16:59:48	50.0	50.0	13.4565
10/11/2017 16:59:59	48.0	48.0	19.3548
10/11/2017 17:00:10	47.0	48.0	12.963
10/11/2017 17:00:21	48.0	47.0	13.1579
10/11/2017 17:00:32	47.0	47.0	13.4565
10/11/2017 17:00:43	49.0	48.0	14.2105
10/11/2017 17:00:54	50.0	50.0	13.1234
10/11/2017 17:01:05	51.0	51.0	18.8586
10/11/2017 17:01:16	51.0	53.0	12.3037
10/11/2017 17:01:27	54.0	53.0	12.8272
10/11/2017 17:01:38	54.0	54.0	12.1053
10/11/2017 17:01:49	55.0	54.0	11.5789
10/11/2017 17:02:00	55.0	55.0	11.3757
10/11/2017 17:02:11	56.0	55.0	12.3684
10/11/2017 17:02:22	55.0	54.0	12.336
10/11/2017 17:02:33	52.0	52.0	13.3858
10/11/2017 17:02:44	51.0	51.0	14.2105
10/11/2017 17:02:55	49.0	49.0	13.9474
10/11/2017 17:03:06	49.0	48.0	14.3979
10/11/2017 17:03:17	48.0	48.0	20
10/11/2017 17:03:28	48.0	47.0	22.542
10/11/2017 17:03:39	47.0	47.0	15.6812
10/11/2017 17:03:50	49.0	49.0	15.0649
10/11/2017 17:04:01	51.0	51.0	13.6951
10/11/2017 17:04:12	52.0	52.0	12.7604
10/11/2017 17:04:24	53.0	53.0	13.4715
10/11/2017 17:04:35	54.0	53.0	13.6951
10/11/2017 17:04:46	55.0	55.0	16.3317
10/11/2017 17:04:57	56.0	55.0	23.0233
10/11/2017 17:05:08	56.0	56.0	18.8264
10/11/2017 17:05:19	56.0	55.0	12.5654
10/11/2017 17:05:30	53.0	54.0	12.8609
10/11/2017 17:05:41	51.0	51.0	13.1234
10/11/2017 17:05:52	50.0	50.0	14.6597
10/11/2017 17:06:03	49.0	49.0	13.4211
10/11/2017 17:06:14	48.0	48.0	12.8947
10/11/2017 17:06:25	48.0	47.0	13.6842
10/11/2017 17:06:36	48.0	47.0	13.9842
10/11/2017 17:06:47	48.0	47.0	13.7566
10/11/2017 17:06:58	49.0	48.0	13.4211
10/11/2017 17:07:09	51.0	51.0	13.3858
10/11/2017 17:07:20	51.0	52.0	12.5654
10/11/2017 17:07:31	54.0	52.0	13.4367
10/11/2017 17:07:42	54.0	54.0	14.653
10/11/2017 17:07:53	55.0	54.0	12.1693
10/11/2017 17:08:04	55.0	54.0	11.5789
10/11/2017 17:08:15	56.0	55.0	11.5789
10/11/2017 17:08:26	56.0	56.0	12.0104
10/11/2017 17:08:37	54.0	54.0	12.963
10/11/2017 17:08:48	52.0	52.0	13.6126
10/11/2017 17:08:59	51.0	51.0	13.089
10/11/2017 17:09:10	49.0	48.0	16.1954
10/11/2017 17:09:21	49.0	48.0	14.2105
10/11/2017 17:09:32	48.0	47.0	14.1361
10/11/2017 17:09:44	48.0	47.0	13.7203
10/11/2017 17:09:55	47.0	47.0	13.4565
10/11/2017 17:10:06	49.0	48.0	14.3603
10/11/2017 17:10:17	50.0	51.0	14.4703
10/11/2017 17:10:28	51.0	51.0	12.5984
10/11/2017 17:10:39	53.0	53.0	11.9792
10/11/2017 17:10:50	53.0	53.0	12.7937
10/11/2017 17:11:01	55.0	54.0	12.987
10/11/2017 17:11:12	56.0	55.0	11.811
10/11/2017 17:11:23	56.0	56.0	16.792
10/11/2017 17:11:34	57.0	56.0	11.8421
10/11/2017 17:11:45	54.0	54.0	13.1234
10/11/2017 17:11:56	52.0	53.0	12.6649
10/11/2017 17:12:07	50.0	51.0	13.4921
10/11/2017 17:12:18	50.0	49.0	14.1361
10/11/2017 17:12:29	49.0	48.0	13.9842
10/11/2017 17:12:40	48.0	48.0	13.4565
10/11/2017 17:12:51	48.0	47.0	13.7203
10/11/2017 17:13:02	47.0	47.0	13.7203
10/11/2017 17:13:13	49.0	48.0	14.6214
10/11/2017 17:13:24	50.0	50.0	11.5789
10/11/2017 17:13:35	51.0	51.0	13.1579
10/11/2017 17:13:46	53.0	53.0	11.8421
10/11/2017 17:13:57	54.0	53.0	12.7604
10/11/2017 17:14:08	55.0	54.0	18.8725
10/11/2017 17:14:19	55.0	55.0	12.0735
10/11/2017 17:14:30	56.0	55.0	12.5
10/11/2017 17:14:41	56.0	56.0	13.089
10/11/2017 17:14:52	54.0	54.0	14.1732
10/11/2017 17:15:04	52.0	52.0	13.2626
10/11/2017 17:15:15	51.0	50.0	14.0992
10/11/2017 17:15:26	49.0	50.0	13.6483
10/11/2017 17:15:37	49.0	48.0	13.7203
10/11/2017 17:15:48	48.0	48.0	19.3069
10/11/2017 17:15:59	47.0	48.0	13.9474
10/11/2017 17:16:10	48.0	48.0	13.1579
10/11/2017 17:16:21	50.0	50.0	13.1579
10/11/2017 17:16:32	51.0	51.0	17.3367
10/11/2017 17:16:43	52.0	53.0	12.8609
10/11/2017 17:16:54	53.0	53.0	12.2715
10/11/2017 17:17:05	54.0	54.0	12.3037
10/11/2017 17:17:16	54.0	54.0	13.4715
10/11/2017 17:17:27	55.0	55.0	12.2715
10/11/2017 17:17:38	56.0	56.0	12.336
10/11/2017 17:17:49	55.0	54.0	12.5984
10/11/2017 17:18:00	53.0	53.0	14.026
10/11/2017 17:18:11	51.0	51.0	12.9288
10/11/2017 17:18:22	49.0	50.0	13.9474
10/11/2017 17:18:33	48.0	49.0	13.9108
10/11/2017 17:18:44	48.0	48.0	20.9246
10/11/2017 17:18:55	48.0	47.0	13.6842
10/11/2017 17:19:06	47.0	47.0	14.1361
10/11/2017 17:19:17	47.0	47.0	13.8743
10/11/2017 17:19:28	49.0	49.0	21.1679
10/11/2017 17:19:39	51.0	51.0	12.9288
10/11/2017 17:19:50	52.0	52.0	12.7604
10/11/2017 17:20:01	53.0	53.0	12.0104
10/11/2017 17:20:13	54.0	54.0	13.6483
10/11/2017 17:20:24	55.0	54.0	12.1053
10/11/2017 17:20:35	55.0	54.0	11.5789
10/11/2017 17:20:46	57.0	55.0	12.5326
10/11/2017 17:20:57	57.0	56.0	12.0419
10/11/2017 17:21:08	54.0	53.0	12.5654
10/11/2017 17:21:19	52.0	51.0	13.6842
10/11/2017 17:21:30	50.0	50.0	20.3931
10/11/2017 17:21:41	49.0	49.0	14.3979
10/11/2017 17:21:52	49.0	48.0	13.9108
10/11/2017 17:22:03	48.0	48.0	13.8381
10/11/2017 17:22:14	47.0	47.0	13.9474
10/11/2017 17:22:25	47.0	47.0	13.1926
10/11/2017 17:22:36	48.0	48.0	14.1732
10/11/2017 17:22:47	50.0	50.0	14.3229
10/11/2017 17:22:58	51.0	51.0	13.4565
10/11/2017 17:23:09	52.0	52.0	12.5326
10/11/2017 17:23:20	53.0	53.0	12.3037
10/11/2017 17:23:31	55.0	54.0	16.4141
10/11/2017 17:23:42	55.0	55.0	12.0419
10/11/2017 17:23:53	56.0	55.0	11.5789
10/11/2017 17:24:04	57.0	55.0	12.5326
10/11/2017 17:24:15	55.0	54.0	13.3508
10/11/2017 17:24:26	53.0	53.0	12.8609
10/11/2017 17:24:37	51.0	51.0	13.7931
10/11/2017 17:24:48	50.0	50.0	18.6104
10/11/2017 17:24:59	49.0	49.0	13.6483
10/11/2017 17:25:10	48.0	48.0	13.6483
10/11/2017 17:25:21	47.0	48.0	13.9108
10/11/2017 17:25:33	47.0	47.0	13.4565
10/11/2017 17:25:44	48.0	48.0	14.4357
10/11/2017 17:25:55	49.0	49.0	13.089
10/11/2017 17:26:06	51.0	51.0	12.4339
10/11/2017 17:26:17	52.0	52.0	11.3158
10/11/2017 17:26:28	53.0	53.0	11.811
10/11/2017 17:26:39	54.0	54.0	13.0208
10/11/2017 17:26:50	55.0	54.0	12.336
10/11/2017 17:27:01	56.0	55.0	11.7801
10/11/2017 17:27:12	56.0	56.0	13.2468
10/11/2017 17:27:23	56.0	56.0	12.3684
10/11/2017 17:27:34	53.0	53.0	11.3158
10/11/2017 17:27:45	51.0	51.0	13.8381
10/11/2017 17:27:56	50.0	50.0	21.6346
10/11/2017 17:28:07	49.0	49.0	13.3508
10/11/2017 17:28:18	48.0	48.0	13.6483
10/11/2017 17:28:29	47.0	47.0	13.4211
10/11/2017 17:28:40	47.0	47.0	13.1926
10/11/2017 17:28:51	47.0	47.0	13.9474
10/11/2017 17:29:02	49.0	49.0	13.1234
10/11/2017 17:29:13	50.0	51.0	12.9288
10/11/2017 17:29:24	52.0	52.0	12.0735
10/11/2017 17:29:35	53.0	53.0	11.3158
10/11/2017 17:29:46	54.0	53.0	18.7805
10/11/2017 17:29:57	55.0	54.0	11.811
10/11/2017 17:30:08	55.0	55.0	12.0419
10/11/2017 17:30:19	56.0	56.0	12.5654
10/11/2017 17:30:30	56.0	55.0	12.5654
10/11/2017 17:30:42	53.0	53.0	13.1926
10/11/2017 17:30:53	51.0	51.0	13.4211
10/11/2017 17:31:04	50.0	50.0	13.4211
10/11/2017 17:31:15	50.0	49.0	14.2105
10/11/2017 17:31:26	48.0	48.0	13.4565
10/11/2017 17:31:37	48.0	47.0	17.9747
10/11/2017 17:31:48	47.0	47.0	13.6842
10/11/2017 17:31:59	48.0	48.0	14.3603
10/11/2017 17:32:10	50.0	50.0	13.6126
10/11/2017 17:32:21	51.0	51.0	13.9108
10/11/2017 17:32:32	52.0	53.0	14.9485
10/11/2017 17:32:43	54.0	53.0	12.5326
10/11/2017 17:32:54	54.0	54.0	12.1053
10/11/2017 17:33:05	55.0	54.0	11.9792
10/11/2017 17:33:16	56.0	55.0	12.5326
10/11/2017 17:33:27	56.0	56.0	11.811
10/11/2017 17:33:38	55.0	54.0	12.3037
10/11/2017 17:33:49	53.0	53.0	13.6126
10/11/2017 17:34:00	51.0	51.0	14.8438
10/11/2017 17:34:11	50.0	50.0	17.3804
10/11/2017 17:34:22	50.0	49.0	19.5062
10/11/2017 17:34:33	48.0	48.0	18.25
10/11/2017 17:34:44	48.0	47.0	17.3028
10/11/2017 17:34:55	48.0	47.0	18.136
10/11/2017 17:35:06	47.0	47.0	20.3931
10/11/2017 17:35:17	49.0	49.0	19.3069
10/11/2017 17:35:28	50.0	51.0	18.75
10/11/2017 17:35:39	52.0	52.0	12.7604
10/11/2017 17:35:51	53.0	53.0	12.0419
10/11/2017 17:36:02	54.0	54.0	12.5654
10/11/2017 17:36:13	55.0	54.0	12.0735
10/11/2017 17:36:24	55.0	55.0	12.5326
10/11/2017 17:36:35	56.0	56.0	11.8421
10/11/2017 17:36:46	54.0	54.0	13.1926
10/11/2017 17:36:57	52.0	52.0	13.6126
10/11/2017 17:37:08	50.0	51.0	13.9474
10/11/2017 17:37:19	50.0	49.0	14.1732
10/11/2017 17:37:30	49.0	48.0	16.4103
10/11/2017 17:37:41	49.0	48.0	13.4565
10/11/2017 17:37:52	48.0	47.0	13.6842
10/11/2017 17:38:03	47.0	47.0	13.2275
10/11/2017 17:38:14	48.0	48.0	14.4737
10/11/2017 17:38:25	51.0	50.0	12.9973
10/11/2017 17:38:36	51.0	51.0	14.578
10/11/2017 17:38:47	53.0	53.0	11.8734
10/11/2017 17:38:58	54.0	54.0	12.7937
10/11/2017 17:39:09	55.0	54.0	13.1579
10/11/2017 17:39:20	55.0	56.0	11.811
10/11/2017 17:39:31	56.0	56.0	12.7604
10/11/2017 17:39:42	57.0	56.0	11.5789
10/11/2017 17:39:53	54.0	54.0	13.1234
10/11/2017 17:40:04	52.0	53.0	13.4565
10/11/2017 17:40:15	50.0	51.0	20.297
10/11/2017 17:40:26	50.0	50.0	13.4211
10/11/2017 17:40:37	49.0	49.0	14.1732
10/11/2017 17:40:48	49.0	48.0	13.6483
10/11/2017 17:41:00	48.0	48.0	14.4737
10/11/2017 17:41:11	48.0	48.0	13.6483
10/11/2017 17:41:22	47.0	48.0	13.6842
10/11/2017 17:41:33	49.0	49.0	13.7203
10/11/2017 17:41:44	50.0	50.0	13.4211
10/11/2017 17:41:55	52.0	52.0	12.5326
10/11/2017 17:42:06	53.0	53.0	12.2715
10/11/2017 17:42:17	55.0	54.0	12.8272
10/11/2017 17:42:28	55.0	54.0	12.2715
10/11/2017 17:42:39	55.0	55.0	12.5326
10/11/2017 17:42:50	56.0	56.0	11.9792
10/11/2017 17:43:01	57.0	57.0	12.336
10/11/2017 17:43:12	55.0	54.0	12.0419
10/11/2017 17:43:23	52.0	53.0	15.3247
10/11/2017 17:43:34	51.0	51.0	13.4211
10/11/2017 17:43:45	50.0	50.0	13.4921
10/11/2017 17:43:56	49.0	49.0	14.3229
10/11/2017 17:44:07	48.0	48.0	13.1579
10/11/2017 17:44:18	48.0	48.0	13.1926
10/11/2017 17:44:29	48.0	47.0	13.9474
10/11/2017 17:44:40	47.0	46.0	13.6842
10/11/2017 17:44:51	49.0	48.0	13.4565
10/11/2017 17:45:02	50.0	50.0	12.8609
10/11/2017 17:45:13	52.0	51.0	12.5984
10/11/2017 17:45:24	52.0	52.0	17.4129
10/11/2017 17:45:35	54.0	53.0	12.1053
10/11/2017 17:45:46	55.0	54.0	12.5984
10/11/2017 17:45:57	55.0	55.0	12.2715
10/11/2017 17:46:08	56.0	56.0	11.7801
10/11/2017 17:46:20	56.0	56.0	12.5654
10/11/2017 17:46:31	54.0	54.0	13.1579
10/11/2017 17:46:42	52.0	52.0	13.9108
10/11/2017 17:46:53	51.0	50.0	13.6483
10/11/2017 17:47:04	49.0	49.0	13.1926
10/11/2017 17:47:15	49.0	48.0	13.7566
10/11/2017 17:47:26	48.0	48.0	13.7203
10/11/2017 17:47:37	48.0	47.0	14.4357
10/11/2017 17:47:48	48.0	47.0	13.9108
10/11/2017 17:47:59	49.0	48.0	13.8381
10/11/2017 17:48:10	50.0	50.0	16.285
10/11/2017 17:48:21	52.0	51.0	12.0419
10/11/2017 17:48:32	53.0	53.0	12.0735
10/11/2017 17:48:43	54.0	53.0	11.811
10/11/2017 17:48:54	55.0	54.0	13.0208
10/11/2017 17:49:05	56.0	54.0	12.987
10/11/2017 17:49:16	57.0	56.0	12.7273
10/11/2017 17:49:27	55.0	55.0	12.9534
10/11/2017 17:49:38	54.0	53.0	11.811
10/11/2017 17:49:49	51.0	51.0	13.7203
10/11/2017 17:50:00	50.0	51.0	13.9108
10/11/2017 17:50:11	50.0	49.0	13.2275
10/11/2017 17:50:22	49.0	48.0	13.1234
10/11/2017 17:50:33	48.0	47.0	13.3858
10/11/2017 17:50:44	48.0	47.0	18.9526
10/11/2017 17:50:55	48.0	47.0	13.7203
10/11/2017 17:51:06	49.0	49.0	14.4357
10/11/2017 17:51:17	51.0	51.0	13.089
10/11/2017 17:51:29	52.0	51.0	12.5326
10/11/2017 17:51:40	53.0	53.0	12.8272
10/11/2017 17:51:51	54.0	54.0	12.0735
10/11/2017 17:52:02	55.0	54.0	12.6316
10/11/2017 17:52:13	56.0	55.0	11.7801
10/11/2017 17:52:24	57.0	56.0	11.811
10/11/2017 17:52:35	57.0	56.0	12.5654
10/11/2017 17:52:46	54.0	54.0	13.8021
10/11/2017 17:52:57	52.0	53.0	13.4211
10/11/2017 17:53:08	51.0	51.0	21.2714
10/11/2017 17:53:19	50.0	50.0	13.9842
10/11/2017 17:53:30	49.0	49.0	14.5119
10/11/2017 17:53:41	49.0	48.0	13.1579
10/11/2017 17:53:52	49.0	48.0	14.248
10/11/2017 17:54:03	48.0	48.0	12.8947
10/11/2017 17:54:14	48.0	47.0	13.9474
10/11/2017 17:54:25	50.0	50.0	13.6842
10/11/2017 17:54:36	51.0	51.0	14.1361
10/11/2017 17:54:47	52.0	52.0	12.5984
10/11/2017 17:54:58	54.0	54.0	12.5654
10/11/2017 17:55:09	54.0	54.0	13.1234
10/11/2017 17:55:20	55.0	55.0	15
10/11/2017 17:55:31	56.0	56.0	12.7273
10/11/2017 17:55:42	57.0	56.0	12.0735
10/11/2017 17:55:53	55.0	54.0	12.7273
10/11/2017 17:56:04	52.0	53.0	12.8947
10/11/2017 17:56:15	51.0	51.0	15.445
10/11/2017 17:56:26	50.0	50.0	13.1579
10/11/2017 17:56:37	49.0	49.0	14.7757
10/11/2017 17:56:49	49.0	48.0	13.4211
10/11/2017 17:57:00	48.0	48.0	14.6597
10/11/2017 17:57:11	47.0	47.0	11.7801
10/11/2017 17:57:22	47.0	46.0	15.0649
10/11/2017 17:57:33	48.0	48.0	14.1361
10/11/2017 17:57:44	50.0	50.0	14.91
10/11/2017 17:57:55	51.0	51.0	13.4565
10/11/2017 17:58:06	53.0	53.0	16.25
10/11/2017 17:58:17	54.0	53.0	12.7937
10/11/2017 17:58:28	55.0	54.0	20.0489
10/11/2017 17:58:39	55.0	55.0	12.8272
10/11/2017 17:58:50	56.0	55.0	18.7805
10/11/2017 17:59:01	56.0	56.0	11.8421
10/11/2017 17:59:12	55.0	54.0	20.6235
10/11/2017 17:59:23	52.0	51.0	12.0735
10/11/2017 17:59:34	51.0	51.0	21.1165
10/11/2017 17:59:45	50.0	50.0	13.9842
10/11/2017 17:59:56	49.0	48.0	20.9246
10/11/2017 18:00:07	49.0	48.0	13.2275
10/11/2017 18:00:18	48.0	47.0	21.2048
10/11/2017 18:00:29	48.0	47.0	13.4211
10/11/2017 18:00:40	48.0	47.0	19.1542
10/11/2017 18:00:51	49.0	49.0	13.3508
10/11/2017 18:01:02	50.0	51.0	18.5
10/11/2017 18:01:13	52.0	52.0	11.811
10/11/2017 18:01:24	53.0	53.0	14.2487
10/11/2017 18:01:35	54.0	54.0	12.0419
10/11/2017 18:01:46	55.0	54.0	13.2468
10/11/2017 18:01:58	56.0	55.0	12.4675
10/11/2017 18:02:09	56.0	55.0	12.1053
10/11/2017 18:02:20	54.0	54.0	12.6649
10/11/2017 18:02:31	53.0	52.0	13.577
10/11/2017 18:02:42	51.0	50.0	13.9474
10/11/2017 18:02:53	50.0	49.0	13.9108
10/11/2017 18:03:04	49.0	48.0	13.3858
10/11/2017 18:03:15	48.0	48.0	14.4357
10/11/2017 18:03:26	49.0	47.0	13.6483
10/11/2017 18:03:37	48.0	47.0	13.6483
10/11/2017 18:03:48	48.0	46.0	13.9474
10/11/2017 18:03:59	49.0	49.0	12.7604
10/11/2017 18:04:10	51.0	51.0	12.8609
10/11/2017 18:04:21	52.0	51.0	12.0104
10/11/2017 18:04:32	53.0	53.0	12.5654
10/11/2017 18:04:43	54.0	54.0	12.5
10/11/2017 18:04:54	54.0	54.0	12.3037
10/11/2017 18:05:05	55.0	55.0	12.0104
10/11/2017 18:05:16	56.0	55.0	12.336
10/11/2017 18:05:27	57.0	56.0	11.8734
10/11/2017 18:05:38	55.0	54.0	12.336
10/11/2017 18:05:49	52.0	52.0	12.1372
10/11/2017 18:06:00	51.0	51.0	13.1926
10/11/2017 18:06:11	50.0	50.0	13.1926
10/11/2017 18:06:22	49.0	48.0	19.603
10/11/2017 18:06:33	49.0	48.0	13.4921
10/11/2017 18:06:44	49.0	48.0	13.7203
10/11/2017 18:06:55	48.0	47.0	13.9474
10/11/2017 18:07:06	47.0	47.0	12.963
10/11/2017 18:07:18	48.0	47.0	13.6483
10/11/2017 18:07:29	49.0	48.0	14.4357
10/11/2017 18:07:40	50.0	50.0	12.8609
10/11/2017 18:07:51	51.0	51.0	11.5789
10/11/2017 18:08:02	53.0	52.0	16.3728
10/11/2017 18:08:13	54.0	53.0	12.0735
10/11/2017 18:08:24	55.0	54.0	12.5326
10/11/2017 18:08:35	55.0	55.0	19.6643
10/11/2017 18:08:46	57.0	55.0	12.5326
10/11/2017 18:08:57	57.0	56.0	12.2396
10/11/2017 18:09:08	53.0	53.0	12.8272
10/11/2017 18:09:19	51.0	52.0	12.6649
10/11/2017 18:09:30	50.0	50.0	14.1732
10/11/2017 18:09:41	50.0	50.0	13.6842
10/11/2017 18:09:52	49.0	48.0	13.7203
10/11/2017 18:10:03	48.0	48.0	14.3979
10/11/2017 18:10:14	48.0	48.0	14.1732
10/11/2017 18:10:25	47.0	47.0	13.3159
10/11/2017 18:10:36	47.0	46.0	13.1579
10/11/2017 18:10:47	48.0	48.0	14.1361
10/11/2017 18:10:58	50.0	50.0	13.4211
10/11/2017 18:11:09	51.0	51.0	14.3603
10/11/2017 18:11:20	52.0	53.0	11.8421
10/11/2017 18:11:31	53.0	54.0	12.336
10/11/2017 18:11:42	54.0	55.0	12.1053
10/11/2017 18:11:53	55.0	55.0	12.2715
10/11/2017 18:12:04	56.0	56.0	12.0419
10/11/2017 18:12:15	57.0	56.0	13.4211
10/11/2017 18:12:27	55.0	54.0	12.336
10/11/2017 18:12:38	53.0	53.0	12.3684
10/11/2017 18:12:49	51.0	51.0	13.1234
10/11/2017 18:13:00	50.0	50.0	13.7203
10/11/2017 18:13:11	49.0	49.0	13.9474
10/11/2017 18:13:22	48.0	48.0	13.9474
10/11/2017 18:13:33	49.0	48.0	13.4921
10/11/2017 18:13:44	48.0	47.0	14.1361
10/11/2017 18:13:55	47.0	47.0	14.3979
10/11/2017 18:14:06	49.0	48.0	13.2275
10/11/2017 18:14:17	50.0	50.0	14.8052
10/11/2017 18:14:28	52.0	51.0	12.0419
10/11/2017 18:14:39	52.0	53.0	12.3684
10/11/2017 18:14:50	53.0	54.0	12.0735
10/11/2017 18:15:01	55.0	55.0	12.0735
10/11/2017 18:15:12	55.0	55.0	13.4715
10/11/2017 18:15:23	56.0	56.0	12.5654
10/11/2017 18:15:34	55.0	55.0	11.8734
10/11/2017 18:15:45	53.0	53.0	12.8272
10/11/2017 18:15:56	51.0	51.0	13.1926
10/11/2017 18:16:07	50.0	50.0	13.9842
10/11/2017 18:16:18	49.0	49.0	14.1361
10/11/2017 18:16:29	49.0	48.0	13.7203
10/11/2017 18:16:40	48.0	48.0	13.5279
10/11/2017 18:16:51	48.0	48.0	20.7729
10/11/2017 18:17:02	48.0	47.0	14.3979
10/11/2017 18:17:13	48.0	48.0	13.4565
10/11/2017 18:17:24	50.0	49.0	13.3508
10/11/2017 18:17:35	51.0	51.0	13.3159
10/11/2017 18:17:47	52.0	52.0	11.8421
10/11/2017 18:17:58	54.0	53.0	11.8421
10/11/2017 18:18:09	55.0	54.0	12.5654
10/11/2017 18:18:20	55.0	54.0	12.0419
10/11/2017 18:18:31	55.0	55.0	12.0419
10/11/2017 18:18:42	57.0	56.0	12.336
10/11/2017 18:18:53	55.0	55.0	12.336
10/11/2017 18:19:04	53.0	53.0	11.9048
10/11/2017 18:19:15	51.0	51.0	12.963
10/11/2017 18:19:26	50.0	50.0	14.6982
10/11/2017 18:19:37	49.0	49.0	13.6483
10/11/2017 18:19:48	49.0	48.0	13.9108
10/11/2017 18:19:59	48.0	48.0	13.4211
10/11/2017 18:20:10	48.0	48.0	14.3979
10/11/2017 18:20:21	47.0	47.0	13.9108
10/11/2017 18:20:32	47.0	47.0	12.6316
10/11/2017 18:20:43	49.0	48.0	11.3456
10/11/2017 18:20:54	50.0	51.0	12.3037
10/11/2017 18:21:05	52.0	51.0	12.8272
10/11/2017 18:21:16	52.0	52.0	11.3757
10/11/2017 18:21:27	54.0	54.0	12.8947
10/11/2017 18:21:38	55.0	54.0	13.089
10/11/2017 18:21:49	56.0	54.0	12.3037
10/11/2017 18:22:00	56.0	56.0	12.0104
10/11/2017 18:22:11	56.0	56.0	13.7306
10/11/2017 18:22:22	53.0	53.0	20.098
10/11/2017 18:22:33	52.0	52.0	12.8609
10/11/2017 18:22:44	51.0	51.0	13.9108
10/11/2017 18:22:56	50.0	50.0	13.7203
10/11/2017 18:23:07	49.0	49.0	13.1926
10/11/2017 18:23:18	49.0	48.0	13.9474
10/11/2017 18:23:29	48.0	48.0	13.2626
10/11/2017 18:23:40	48.0	47.0	13.2626
10/11/2017 18:23:51	48.0	47.0	13.4211
10/11/2017 18:24:02	50.0	49.0	13.1234
10/11/2017 18:24:13	51.0	51.0	13.3508
10/11/2017 18:24:24	52.0	52.0	19.8529
10/11/2017 18:24:35	54.0	53.0	12.5326
10/11/2017 18:24:46	54.0	54.0	12.8272
10/11/2017 18:24:57	56.0	55.0	11.0818
10/11/2017 18:25:08	56.0	55.0	11.0818
10/11/2017 18:25:19	57.0	56.0	12.5654
10/11/2017 18:25:30	55.0	54.0	11.8421
10/11/2017 18:25:41	52.0	52.0	12.7937
10/11/2017 18:25:52	51.0	51.0	16.5816
10/11/2017 18:26:03	50.0	50.0	13.4565
10/11/2017 18:26:14	49.0	50.0	13.7203
10/11/2017 18:26:25	49.0	48.0	14.1732
10/11/2017 18:26:36	49.0	48.0	12.963
10/11/2017 18:26:47	48.0	47.0	13.4921
10/11/2017 18:26:58	48.0	47.0	13.9474
10/11/2017 18:27:09	47.0	47.0	14.6597
10/11/2017 18:27:20	48.0	48.0	13.9842
10/11/2017 18:27:31	50.0	50.0	12.336
10/11/2017 18:27:42	51.0	51.0	12.336
10/11/2017 18:27:53	52.0	53.0	12.0104
10/11/2017 18:28:05	53.0	53.0	12.5
10/11/2017 18:28:16	54.0	54.0	13.089
10/11/2017 18:28:27	56.0	55.0	20.7143
10/11/2017 18:28:38	56.0	56.0	11.5486
10/11/2017 18:28:49	57.0	56.0	12.336
10/11/2017 18:29:00	54.0	53.0	13.089
10/11/2017 18:29:11	52.0	52.0	12.0735
10/11/2017 18:29:22	50.0	51.0	13.9108
10/11/2017 18:29:33	50.0	50.0	23.6407
10/11/2017 18:29:44	49.0	49.0	13.6842
10/11/2017 18:29:55	49.0	48.0	14.2105
10/11/2017 18:30:06	48.0	47.0	13.8381
10/11/2017 18:30:17	48.0	48.0	13.7566
10/11/2017 18:30:28	48.0	47.0	13.7566
10/11/2017 18:30:39	47.0	47.0	19.0594
10/11/2017 18:30:50	49.0	48.0	14.2105
10/11/2017 18:31:01	50.0	50.0	12.3684
10/11/2017 18:31:12	52.0	51.0	12.3037
10/11/2017 18:31:23	53.0	53.0	12.0735
10/11/2017 18:31:34	54.0	54.0	13.2812
10/11/2017 18:31:45	55.0	54.0	12.5984
10/11/2017 18:31:56	56.0	56.0	12.3037
10/11/2017 18:32:07	57.0	56.0	12.5984
10/11/2017 18:32:18	56.0	56.0	12.3037
10/11/2017 18:32:29	53.0	53.0	12.5984
10/11/2017 18:32:40	52.0	51.0	13.9842
10/11/2017 18:32:51	50.0	51.0	12.8947
10/11/2017 18:33:02	50.0	50.0	14.248
10/11/2017 18:33:13	49.0	48.0	13.7566
10/11/2017 18:33:25	49.0	48.0	14.248
10/11/2017 18:33:36	49.0	48.0	15.5039
10/11/2017 18:33:47	48.0	47.0	14.4357
10/11/2017 18:33:58	47.0	48.0	13.4565
10/11/2017 18:34:09	50.0	50.0	13.577
10/11/2017 18:34:20	51.0	51.0	12.336
10/11/2017 18:34:31	53.0	53.0	15.601
10/11/2017 18:34:42	54.0	54.0	36.5957
10/11/2017 18:34:54	56.0	56.0	18.3511
10/11/2017 18:35:05	54.0	54.0	17.801
10/11/2017 18:35:16	52.0	52.0	13.7566
10/11/2017 18:35:27	50.0	51.0	12.963
10/11/2017 18:35:38	50.0	50.0	14.2105
10/11/2017 18:35:49	49.0	49.0	13.6483
10/11/2017 18:36:00	48.0	48.0	13.4565
10/11/2017 18:36:11	48.0	47.0	13.4565
10/11/2017 18:36:22	48.0	47.0	14.1361
10/11/2017 18:36:33	48.0	48.0	13.3858
10/11/2017 18:36:44	50.0	50.0	12.1053
10/11/2017 18:36:55	52.0	51.0	12.1053
10/11/2017 18:37:06	52.0	53.0	14.7959
10/11/2017 18:37:17	54.0	54.0	12.6984
10/11/2017 18:37:28	55.0	54.0	11.5789
10/11/2017 18:37:39	56.0	56.0	12.3037
10/11/2017 18:37:50	54.0	53.0	13.1234
10/11/2017 18:38:01	51.0	51.0	16.8798
10/11/2017 18:38:12	51.0	50.0	20.4663
10/11/2017 18:38:23	52.0	51.0	18.6047
10/11/2017 18:38:34	52.0	52.0	19.4301
10/11/2017 18:38:45	51.0	51.0	14.8825
10/11/2017 18:38:56	50.0	49.0	14.1732
10/11/2017 18:39:07	49.0	48.0	13.9474
10/11/2017 18:39:18	48.0	48.0	15.2632
10/11/2017 18:39:29	48.0	48.0	13.4921
10/11/2017 18:39:40	48.0	47.0	19.802
10/11/2017 18:39:52	48.0	46.0	13.4921
10/11/2017 18:40:03	48.0	47.0	15.3247
10/11/2017 18:40:14	50.0	50.0	13.1234
10/11/2017 18:40:25	51.0	51.0	16.0714
10/11/2017 18:40:36	52.0	52.0	16.1376
10/11/2017 18:40:47	55.0	54.0	22.67
10/11/2017 18:40:58	57.0	57.0	20.2597
10/11/2017 18:41:09	57.0	56.0	23.1343
10/11/2017 18:41:20	55.0	55.0	11.5486
10/11/2017 18:41:31	52.0	53.0	13.3858
10/11/2017 18:41:42	51.0	51.0	13.6126
10/11/2017 18:41:53	50.0	50.0	13.4921
10/11/2017 18:42:04	49.0	48.0	19.0594
10/11/2017 18:42:15	48.0	48.0	13.9842
10/11/2017 18:42:26	48.0	47.0	14.1361
10/11/2017 18:42:37	48.0	47.0	17.2589
10/11/2017 18:42:48	48.0	47.0	13.4565
10/11/2017 18:42:59	48.0	47.0	19.171
10/11/2017 18:43:10	51.0	51.0	19.8966
10/11/2017 18:43:21	54.0	53.0	24.505
10/11/2017 18:43:32	55.0	54.0	19.7943
10/11/2017 18:43:43	56.0	55.0	12.5984
10/11/2017 18:43:54	55.0	54.0	13.577
10/11/2017 18:44:05	53.0	53.0	17.3228
10/11/2017 18:44:16	51.0	51.0	13.2275
10/11/2017 18:44:27	50.0	51.0	17.2589
10/11/2017 18:44:38	50.0	50.0	14.3979
10/11/2017 18:44:49	49.0	49.0	13.1579
10/11/2017 18:45:00	49.0	48.0	13.7203
10/11/2017 18:45:11	48.0	47.0	13.9108
10/11/2017 18:45:23	48.0	47.0	13.4211
10/11/2017 18:45:34	47.0	47.0	13.1926
10/11/2017 18:45:45	49.0	49.0	13.7203
10/11/2017 18:45:56	51.0	50.0	13.1926
10/11/2017 18:46:07	51.0	51.0	12.0735
10/11/2017 18:46:18	53.0	53.0	12.0735
10/11/2017 18:46:29	54.0	54.0	12.5326
10/11/2017 18:46:40	55.0	55.0	12.0735
10/11/2017 18:46:51	55.0	55.0	15.0685
10/11/2017 18:47:02	57.0	56.0	7.69231
10/11/2017 18:47:13	54.0	54.0	5.41237
10/11/2017 18:47:24	54.0	54.0	5.15464
10/11/2017 18:47:35	50.0	50.0	2.28426
10/11/2017 18:47:46	48.0	48.0	1.52284
10/11/2017 18:47:57	48.0	47.0	1.25945
10/11/2017 18:48:08	48.0	47.0	3.5533
10/11/2017 18:48:19	49.0	49.0	1.27226
10/11/2017 18:48:30	49.0	48.0	0.252525
10/11/2017 18:48:41	49.0	49.0	0
10/11/2017 18:48:52	50.0	50.0	2.67559
10/11/2017 18:49:03	50.0	50.0	2.66667
10/11/2017 18:49:14	50.0	51.0	1.51899
10/11/2017 18:49:25	50.0	51.0	2.67559
10/11/2017 18:49:36	50.0	51.0	2.99003
10/11/2017 18:49:47	51.0	51.0	1.01266
10/11/2017 18:49:58	52.0	51.0	0.503778
10/11/2017 18:50:09	51.0	51.0	0.252525
10/11/2017 18:50:20	50.0	50.0	7.63359
10/11/2017 18:50:31	51.0	51.0	0.503778
10/11/2017 18:50:42	51.0	51.0	0.505051
10/11/2017 18:50:53	52.0	50.0	3.04569
10/11/2017 18:51:05	51.0	51.0	65.5367
10/11/2017 18:51:17	58.0	53.0	17.0213
10/11/2017 18:51:28	52.0	53.0	17.8841
10/11/2017 18:51:39	53.0	52.0	12.6316
10/11/2017 18:51:51	54.0	53.0	12.3037
10/11/2017 18:52:02	54.0	53.0	18.3673
10/11/2017 18:52:13	56.0	55.0	29.8551
10/11/2017 18:52:24	58.0	57.0	13.369
10/11/2017 18:52:35	54.0	54.0	17.7083
10/11/2017 18:52:46	54.0	54.0	16.4491
10/11/2017 18:52:57	51.0	51.0	17.801
10/11/2017 18:53:08	50.0	49.0	16.8831
10/11/2017 18:53:19	49.0	49.0	15.4971
10/11/2017 18:53:30	49.0	48.0	23.2274
10/11/2017 18:53:41	49.0	48.0	18.8482
10/11/2017 18:53:52	49.0	48.0	18.5864
10/11/2017 18:54:03	48.0	48.0	20.9596
10/11/2017 18:54:14	48.0	48.0	16.7539
10/11/2017 18:54:25	51.0	50.0	15.2231
10/11/2017 18:54:36	52.0	52.0	20.8763
10/11/2017 18:54:48	52.0	53.0	21.1699
10/11/2017 18:54:59	54.0	54.0	17.2775
10/11/2017 18:55:10	55.0	54.0	20.0993
10/11/2017 18:55:21	56.0	55.0	18.3727
10/11/2017 18:55:32	56.0	56.0	16.7979
10/11/2017 18:55:43	55.0	54.0	19
10/11/2017 18:55:54	52.0	52.0	14.0212
10/11/2017 18:56:05	50.0	50.0	14.0212
10/11/2017 18:56:16	49.0	49.0	15.1596
10/11/2017 18:56:27	49.0	49.0	13.7931
10/11/2017 18:56:38	48.0	48.0	14.5889
10/11/2017 18:56:49	48.0	47.0	13.7566
10/11/2017 18:57:00	47.0	47.0	14.2857
10/11/2017 18:57:11	49.0	48.0	17.5127
10/11/2017 18:57:22	50.0	51.0	12.8272
10/11/2017 18:57:33	51.0	51.0	12.3684
10/11/2017 18:57:44	52.0	53.0	12.6984
10/11/2017 18:57:55	54.0	53.0	12.3684
10/11/2017 18:58:06	55.0	54.0	17.6617
10/11/2017 18:58:17	56.0	55.0	12.4011
10/11/2017 18:58:28	57.0	55.0	13.2275
10/11/2017 18:58:39	56.0	57.0	12.6649
10/11/2017 18:58:50	55.0	54.0	12.7937
10/11/2017 18:59:01	52.0	53.0	14.4357
10/11/2017 18:59:12	51.0	51.0	13.7931
10/11/2017 18:59:23	50.0	50.0	14.6277
10/11/2017 18:59:34	50.0	49.0	14.0584
10/11/2017 18:59:45	49.0	48.0	14.248
10/11/2017 18:59:57	48.0	48.0	12.9288
10/11/2017 19:00:08	48.0	48.0	13.6842
10/11/2017 19:00:19	48.0	47.0	15.8311
10/11/2017 19:00:30	49.0	50.0	13.8667
10/11/2017 19:00:41	51.0	50.0	15.4639
10/11/2017 19:00:52	52.0	53.0	12.9288
10/11/2017 19:01:03	53.0	53.0	12.336
10/11/2017 19:01:14	54.0	54.0	12.4011
10/11/2017 19:01:25	55.0	55.0	12.7321
10/11/2017 19:01:36	55.0	55.0	12.4011
10/11/2017 19:01:47	57.0	55.0	13.0208
10/11/2017 19:01:58	56.0	55.0	13.089
10/11/2017 19:02:09	54.0	53.0	12
10/11/2017 19:02:20	52.0	52.0	19.8068
10/11/2017 19:02:31	50.0	51.0	14.0212
10/11/2017 19:02:42	50.0	50.0	14.3617
10/11/2017 19:02:53	49.0	49.0	13.8298
10/11/2017 19:03:04	49.0	49.0	13.8667
10/11/2017 19:03:15	48.0	48.0	14.2857
10/11/2017 19:03:26	48.0	48.0	14.0957
10/11/2017 19:03:37	48.0	48.0	13.4921
10/11/2017 19:03:48	49.0	48.0	14.0212
10/11/2017 19:03:59	51.0	50.0	14.9733
10/11/2017 19:04:10	51.0	52.0	12.963
10/11/2017 19:04:21	53.0	53.0	12.8609
10/11/2017 19:04:33	55.0	54.0	12.8947
10/11/2017 19:04:44	55.0	54.0	12.3684
10/11/2017 19:04:55	55.0	55.0	12.8947
10/11/2017 19:05:06	56.0	56.0	13.4367
10/11/2017 19:05:17	56.0	55.0	13.0319
10/11/2017 19:05:28	54.0	54.0	21.9512
10/11/2017 19:05:39	52.0	52.0	13.8298
10/11/2017 19:05:50	51.0	51.0	20.2469
10/11/2017 19:06:01	50.0	50.0	14.0212
10/11/2017 19:06:12	50.0	49.0	16.7526
10/11/2017 19:06:23	49.0	49.0	12.963
10/11/2017 19:06:34	48.0	48.0	13.9037
10/11/2017 19:06:45	48.0	48.0	13.6364
10/11/2017 19:06:56	48.0	47.0	14.0957
10/11/2017 19:07:07	48.0	48.0	14.2857
10/11/2017 19:07:18	51.0	50.0	13.4048
10/11/2017 19:07:29	51.0	51.0	13.8298
10/11/2017 19:07:40	53.0	53.0	12.9973
10/11/2017 19:07:51	54.0	53.0	12.4339
10/11/2017 19:08:02	55.0	54.0	13.9842
10/11/2017 19:08:13	56.0	56.0	12.0735
10/11/2017 19:08:24	56.0	56.0	12.1693
10/11/2017 19:08:35	57.0	57.0	12.4668
10/11/2017 19:08:46	55.0	54.0	13.5279
10/11/2017 19:08:57	53.0	53.0	14.0584
10/11/2017 19:09:08	51.0	51.0	14.8148
10/11/2017 19:09:20	50.0	51.0	13.941
10/11/2017 19:09:31	50.0	49.0	14.6667
10/11/2017 19:09:42	49.0	49.0	13.8667
10/11/2017 19:09:53	48.0	48.0	14.6277
10/11/2017 19:10:04	48.0	48.0	14.0957
10/11/2017 19:10:15	48.0	47.0	14.5161
10/11/2017 19:10:26	48.0	47.0	13.369
10/11/2017 19:10:37	49.0	50.0	15.2632
10/11/2017 19:10:48	50.0	51.0	13.1579
10/11/2017 19:10:59	52.0	52.0	16.1616
10/11/2017 19:11:10	53.0	54.0	12.2016
10/11/2017 19:11:21	54.0	54.0	19.5545
10/11/2017 19:11:32	55.0	56.0	12.9288
10/11/2017 19:11:43	57.0	56.0	21.7532
10/11/2017 19:11:54	56.0	56.0	12.3656
10/11/2017 19:12:05	54.0	54.0	21.6216
10/11/2017 19:12:16	52.0	52.0	11.9681
10/11/2017 19:12:27	51.0	51.0	14.9606
10/11/2017 19:12:38	50.0	50.0	14.4737
10/11/2017 19:12:49	49.0	49.0	14.7757
10/11/2017 19:13:00	49.0	48.0	14.0212
10/11/2017 19:13:12	48.0	48.0	14.1361
10/11/2017 19:13:23	47.0	47.0	13.7566
10/11/2017 19:13:34	48.0	47.0	13.5638
10/11/2017 19:13:45	47.0	47.0	14.6982
10/11/2017 19:13:56	47.0	47.0	14.4737
10/11/2017 19:14:07	50.0	49.0	14.4172
10/11/2017 19:14:18	50.0	51.0	13.9474
10/11/2017 19:14:29	51.0	51.0	12.6649
10/11/2017 19:14:40	53.0	53.0	12.8272
10/11/2017 19:14:51	54.0	55.0	12.1053
10/11/2017 19:15:02	55.0	54.0	13.089
10/11/2017 19:15:13	55.0	55.0	19.759
10/11/2017 19:15:24	57.0	56.0	12.3684
10/11/2017 19:15:35	56.0	56.0	12.5326
10/11/2017 19:15:46	53.0	53.0	13.3508
10/11/2017 19:15:57	52.0	52.0	13.2626
10/11/2017 19:16:08	51.0	51.0	14.5503
10/11/2017 19:16:19	51.0	50.0	14.9215
10/11/2017 19:16:30	50.0	49.0	13.7931
10/11/2017 19:16:41	49.0	48.0	13.4921
10/11/2017 19:16:52	48.0	48.0	14.8541
10/11/2017 19:17:03	48.0	48.0	14.1333
10/11/2017 19:17:14	48.0	47.0	13.3333
10/11/2017 19:17:26	48.0	48.0	14.2473
10/11/2017 19:17:37	49.0	50.0	12.6316
10/11/2017 19:17:48	51.0	51.0	19.0594
10/11/2017 19:17:59	52.0	53.0	12.8272
10/11/2017 19:18:10	53.0	54.0	12.5984
10/11/2017 19:18:21	55.0	54.0	12.1053
10/11/2017 19:18:32	55.0	54.0	12.1693
10/11/2017 19:18:43	56.0	56.0	12.5654
10/11/2017 19:18:54	57.0	56.0	12.8947
10/11/2017 19:19:05	54.0	54.0	15.1436
10/11/2017 19:19:16	52.0	52.0	17.5853
10/11/2017 19:19:27	52.0	51.0	15.748
10/11/2017 19:19:38	51.0	51.0	18.3246
10/11/2017 19:19:49	51.0	50.0	17.5853
10/11/2017 19:20:00	51.0	49.0	16.8449
10/11/2017 19:20:11	51.0	50.0	14.0212
10/11/2017 19:20:22	48.0	48.0	14.8825
10/11/2017 19:20:33	48.0	48.0	13.0667
10/11/2017 19:20:44	48.0	47.0	14.2857
10/11/2017 19:20:55	48.0	47.0	13.4565
10/11/2017 19:21:06	47.0	47.0	14.2105
10/11/2017 19:21:17	48.0	47.0	12.7937
10/11/2017 19:21:28	50.0	50.0	14.3979
10/11/2017 19:21:39	51.0	51.0	13.6842
10/11/2017 19:21:50	52.0	52.0	12.336
10/11/2017 19:22:01	53.0	53.0	12.4011
10/11/2017 19:22:12	54.0	54.0	14.3229
10/11/2017 19:22:23	55.0	55.0	20.5729
10/11/2017 19:22:34	58.0	57.0	12.5654
10/11/2017 19:22:45	54.0	54.0	14.9215
10/11/2017 19:22:57	54.0	53.0	17.7546
10/11/2017 19:23:08	51.0	52.0	16.2791
10/11/2017 19:23:19	51.0	51.0	18.5864
10/11/2017 19:23:30	50.0	50.0	19.7917
10/11/2017 19:23:41	50.0	50.0	19.3211
10/11/2017 19:23:52	50.0	50.0	15.6499
10/11/2017 19:24:03	49.0	48.0	18.3246
10/11/2017 19:24:14	50.0	49.0	20.155
10/11/2017 19:24:25	49.0	48.0	18.5864
10/11/2017 19:24:36	49.0	48.0	16.3588
10/11/2017 19:24:47	49.0	48.0	17.5853
10/11/2017 19:24:58	48.0	48.0	13.9474
10/11/2017 19:25:09	47.0	47.0	13.4565
10/11/2017 19:25:20	48.0	48.0	16.6227
10/11/2017 19:25:31	49.0	50.0	12.8609
10/11/2017 19:25:42	51.0	51.0	13.3508
10/11/2017 19:25:53	52.0	53.0	15.3061
10/11/2017 19:26:04	53.0	53.0	12.1053
10/11/2017 19:26:15	54.0	54.0	12.6316
10/11/2017 19:26:26	55.0	55.0	12.3037
10/11/2017 19:26:37	56.0	55.0	12.3037
10/11/2017 19:26:48	56.0	55.0	12.0104
10/11/2017 19:26:59	54.0	53.0	19.8529
10/11/2017 19:27:10	52.0	51.0	11.8421
10/11/2017 19:27:21	51.0	51.0	14.248
10/11/2017 19:27:32	50.0	50.0	15.3439
10/11/2017 19:27:43	50.0	50.0	13.7566
10/11/2017 19:27:54	49.0	48.0	13.6842
10/11/2017 19:28:06	49.0	48.0	14.8825
10/11/2017 19:28:17	48.0	48.0	13.9474
10/11/2017 19:28:28	48.0	47.0	13.7203
10/11/2017 19:28:39	48.0	47.0	13.4921
10/11/2017 19:28:50	49.0	50.0	13.6842
10/11/2017 19:29:01	51.0	51.0	20.7071
10/11/2017 19:29:12	55.0	53.0	15.4856
10/11/2017 19:29:23	54.0	54.0	13.3858
10/11/2017 19:29:34	55.0	54.0	13.4565
10/11/2017 19:29:45	57.0	56.0	14.248
10/11/2017 19:29:56	54.0	53.0	14.4357
10/11/2017 19:30:07	52.0	52.0	14.5119
10/11/2017 19:30:18	51.0	51.0	13.2979
10/11/2017 19:30:29	50.0	50.0	14.0212
10/11/2017 19:30:40	49.0	49.0	20.5882
10/11/2017 19:30:51	49.0	48.0	14.7368
10/11/2017 19:31:02	49.0	48.0	12.5984
10/11/2017 19:31:13	49.0	48.0	13.6842
10/11/2017 19:31:24	47.0	48.0	20.8845
10/11/2017 19:31:35	47.0	47.0	13.7203
10/11/2017 19:31:46	48.0	48.0	14.0212
10/11/2017 19:31:57	49.0	49.0	13.9474
10/11/2017 19:32:08	51.0	51.0	16.6667
10/11/2017 19:32:19	53.0	52.0	12.5326
10/11/2017 19:32:30	53.0	53.0	12.5654
10/11/2017 19:32:41	55.0	54.0	12.8609
10/11/2017 19:32:52	56.0	55.0	19.1646
10/11/2017 19:33:04	57.0	55.0	12.3037
10/11/2017 19:33:15	54.0	54.0	12.1693
10/11/2017 19:33:26	52.0	52.0	12.5326
10/11/2017 19:33:37	51.0	51.0	18.2741
10/11/2017 19:33:48	50.0	51.0	13.7566
10/11/2017 19:33:59	49.0	49.0	13.7931
10/11/2017 19:34:10	49.0	49.0	13.9474
10/11/2017 19:34:21	48.0	48.0	14.4357
10/11/2017 19:34:32	48.0	48.0	14.2857
10/11/2017 19:34:43	47.0	47.0	14.6214
10/11/2017 19:34:54	48.0	47.0	16.4948
10/11/2017 19:35:05	47.0	47.0	14.4737
10/11/2017 19:35:16	46.0	47.0	14.2857
10/11/2017 19:35:27	47.0	48.0	13.7566
10/11/2017 19:35:38	50.0	50.0	14.4357
10/11/2017 19:35:49	51.0	52.0	12.5984
10/11/2017 19:36:00	53.0	52.0	12.8272
10/11/2017 19:36:11	54.0	54.0	14.7287
10/11/2017 19:36:22	54.0	54.0	12.1372
10/11/2017 19:36:33	55.0	55.0	12.5326
10/11/2017 19:36:44	56.0	56.0	12.3037
10/11/2017 19:36:55	54.0	54.0	12.5984
10/11/2017 19:37:06	52.0	52.0	12.6316
10/11/2017 19:37:17	51.0	51.0	14.4737
10/11/2017 19:37:28	50.0	50.0	20.9756
10/11/2017 19:37:39	49.0	50.0	13.9474
10/11/2017 19:37:50	49.0	48.0	13.9474
10/11/2017 19:38:02	48.0	48.0	14.6982
10/11/2017 19:38:13	48.0	48.0	14.4357
10/11/2017 19:38:24	48.0	48.0	14.248
10/11/2017 19:38:35	48.0	47.0	14.248
10/11/2017 19:38:46	48.0	47.0	14.3603
10/11/2017 19:38:57	49.0	50.0	12.3684
10/11/2017 19:39:08	50.0	51.0	14.2105
10/11/2017 19:39:19	52.0	53.0	14.2487
10/11/2017 19:39:30	53.0	53.0	12.6984
10/11/2017 19:39:41	54.0	54.0	12.4668
10/11/2017 19:39:52	55.0	54.0	20.9135
10/11/2017 19:40:03	56.0	56.0	12.0419
10/11/2017 19:40:14	55.0	54.0	12.6649
10/11/2017 19:40:25	53.0	53.0	13.3508
10/11/2017 19:40:36	51.0	51.0	13.7203
10/11/2017 19:40:47	50.0	50.0	13.6483
10/11/2017 19:40:58	50.0	49.0	14.248
10/11/2017 19:41:09	49.0	49.0	14.2105
10/11/2017 19:41:20	48.0	48.0	13.6842
10/11/2017 19:41:31	48.0	47.0	13.9474
10/11/2017 19:41:42	48.0	48.0	13.7566
10/11/2017 19:41:53	48.0	47.0	14.4737
10/11/2017 19:42:04	47.0	47.0	14.3603
10/11/2017 19:42:15	48.0	48.0	15.4856
10/11/2017 19:42:26	50.0	50.0	13.6842
10/11/2017 19:42:37	51.0	51.0	13.3159
10/11/2017 19:42:49	53.0	53.0	12.8947
10/11/2017 19:43:00	53.0	53.0	13.1579
10/11/2017 19:43:11	54.0	54.0	11.6402
10/11/2017 19:43:22	55.0	55.0	13.2812
10/11/2017 19:43:33	57.0	56.0	12.336
10/11/2017 19:43:44	57.0	56.0	13.0548
10/11/2017 19:43:55	55.0	54.0	17.5439
10/11/2017 19:44:06	52.0	53.0	13.4211
10/11/2017 19:44:17	51.0	51.0	14.1732
10/11/2017 19:44:28	50.0	50.0	19.1542
10/11/2017 19:44:39	49.0	49.0	14.248
10/11/2017 19:44:50	49.0	49.0	13.9474
10/11/2017 19:45:01	48.0	48.0	20.2469
10/11/2017 19:45:12	48.0	48.0	13.7203
10/11/2017 19:45:23	47.0	48.0	13.9474
10/11/2017 19:45:34	47.0	47.0	20.6388
10/11/2017 19:45:45	49.0	48.0	13.7566
10/11/2017 19:45:56	51.0	51.0	12.8272
10/11/2017 19:46:07	51.0	51.0	20.9756
10/11/2017 19:46:18	53.0	53.0	12.5984
10/11/2017 19:46:29	54.0	54.0	12.336
10/11/2017 19:46:40	55.0	54.0	21.1165
10/11/2017 19:46:51	55.0	55.0	11.811
10/11/2017 19:47:02	56.0	56.0	13.089
10/11/2017 19:47:13	55.0	54.0	19.5062
10/11/2017 19:47:24	52.0	52.0	15.1436
10/11/2017 19:47:36	51.0	51.0	14.2105
10/11/2017 19:47:47	50.0	50.0	21.2195
10/11/2017 19:47:58	50.0	50.0	13.9474
10/11/2017 19:48:09	49.0	50.0	13.9842
10/11/2017 19:48:20	48.0	48.0	13.9842
10/11/2017 19:48:31	48.0	48.0	14.4357
10/11/2017 19:48:42	48.0	48.0	18.3417
10/11/2017 19:48:53	47.0	47.0	13.7931
10/11/2017 19:49:04	47.0	47.0	13.4211
10/11/2017 19:49:15	48.0	47.0	14.7757
10/11/2017 19:49:26	49.0	49.0	13.1579
10/11/2017 19:49:37	51.0	51.0	12.336
10/11/2017 19:49:48	52.0	52.0	12.8947
10/11/2017 19:49:59	53.0	53.0	12.1053
10/11/2017 19:50:10	54.0	54.0	12.8609
10/11/2017 19:50:21	55.0	55.0	12.6649
10/11/2017 19:50:32	56.0	55.0	12.5654
10/11/2017 19:50:43	57.0	57.0	12.3037
10/11/2017 19:50:54	54.0	54.0	13.6483
10/11/2017 19:51:05	52.0	53.0	14.1361
10/11/2017 19:51:16	51.0	51.0	14.5119
10/11/2017 19:51:27	50.0	50.0	13.7566
10/11/2017 19:51:38	50.0	50.0	14.6982
10/11/2017 19:51:49	49.0	49.0	14.5119
10/11/2017 19:52:00	49.0	48.0	18.6869
10/11/2017 19:52:11	48.0	48.0	13.1926
10/11/2017 19:52:23	48.0	47.0	14.6597
10/11/2017 19:52:34	48.0	48.0	14.0992
10/11/2017 19:52:45	48.0	47.0	13.9474
10/11/2017 19:52:56	48.0	47.0	21.8447
10/11/2017 19:53:07	49.0	49.0	13.1579
10/11/2017 19:53:18	51.0	51.0	14.7368
10/11/2017 19:53:29	52.0	52.0	12.3684
10/11/2017 19:53:40	53.0	53.0	12.6316
10/11/2017 19:53:51	54.0	54.0	13.3159
10/11/2017 19:54:02	55.0	55.0	12.6316
10/11/2017 19:54:13	56.0	55.0	13.5417
10/11/2017 19:54:24	57.0	56.0	12.1372
10/11/2017 19:54:35	55.0	54.0	13.2275
10/11/2017 19:54:46	53.0	53.0	13.3858
10/11/2017 19:54:57	51.0	51.0	13.9474
10/11/2017 19:55:08	51.0	50.0	14.0584
10/11/2017 19:55:19	49.0	49.0	13.7566
10/11/2017 19:55:30	49.0	49.0	15.5844
10/11/2017 19:55:41	49.0	48.0	13.4211
10/11/2017 19:55:52	49.0	48.0	19.4514
10/11/2017 19:56:03	47.0	48.0	14.248
10/11/2017 19:56:14	47.0	47.0	14.0212
10/11/2017 19:56:25	50.0	50.0	14.5119
10/11/2017 19:56:36	52.0	51.0	13.4211
10/11/2017 19:56:47	52.0	52.0	12.6316
10/11/2017 19:56:58	54.0	54.0	12.336
10/11/2017 19:57:09	54.0	54.0	13.9474
10/11/2017 19:57:21	55.0	55.0	12.336
10/11/2017 19:57:32	57.0	56.0	12.336
10/11/2017 19:57:43	55.0	54.0	13.9474
10/11/2017 19:57:54	52.0	53.0	14.1732
10/11/2017 19:58:05	51.0	51.0	13.2275
10/11/2017 19:58:16	51.0	51.0	14.8825
10/11/2017 19:58:27	49.0	49.0	13.9842
10/11/2017 19:58:38	49.0	49.0	14.9606
10/11/2017 19:58:49	49.0	48.0	14.6982
10/11/2017 19:59:00	48.0	48.0	13.7203
10/11/2017 19:59:11	47.0	48.0	14.6982
10/11/2017 19:59:22	47.0	48.0	13.4565
10/11/2017 19:59:33	48.0	48.0	13.9474
10/11/2017 19:59:44	47.0	47.0	13.5279
10/11/2017 19:59:55	47.0	48.0	14.1361
10/11/2017 20:00:06	49.0	50.0	13.1579
10/11/2017 20:00:17	51.0	51.0	13.1926
10/11/2017 20:00:28	52.0	52.0	11.8734
10/11/2017 20:00:39	53.0	53.0	12.6316
10/11/2017 20:00:50	54.0	54.0	12.336
10/11/2017 20:01:01	56.0	55.0	13.3858
10/11/2017 20:01:12	56.0	55.0	12.3684
10/11/2017 20:01:23	56.0	55.0	20.197
10/11/2017 20:01:34	53.0	53.0	12.8609
10/11/2017 20:01:45	51.0	52.0	17.4684
10/11/2017 20:01:56	51.0	50.0	14.248
10/11/2017 20:02:08	50.0	50.0	15.1436
10/11/2017 20:02:19	49.0	50.0	14.4357
10/11/2017 20:02:30	48.0	48.0	13.9474
10/11/2017 20:02:41	49.0	48.0	14.0212
10/11/2017 20:02:52	48.0	48.0	13.9474
10/11/2017 20:03:03	48.0	48.0	13.9842
10/11/2017 20:03:14	47.0	47.0	13.9108
10/11/2017 20:03:25	48.0	48.0	13.8298
10/11/2017 20:03:36	50.0	50.0	13.2275
10/11/2017 20:03:47	51.0	51.0	18.3623
10/11/2017 20:03:58	53.0	53.0	12.3037
10/11/2017 20:04:09	54.0	54.0	12.8609
10/11/2017 20:04:20	55.0	54.0	12.336
10/11/2017 20:04:31	56.0	55.0	13.0548
10/11/2017 20:04:42	56.0	56.0	12.8272
10/11/2017 20:04:53	55.0	55.0	12.8272
10/11/2017 20:05:04	53.0	53.0	13.4921
10/11/2017 20:05:15	52.0	51.0	13.7203
10/11/2017 20:05:26	50.0	51.0	16.3212
10/11/2017 20:05:37	50.0	50.0	14.1732
10/11/2017 20:05:48	49.0	49.0	14.3979
10/11/2017 20:05:59	48.0	48.0	14.3979
10/11/2017 20:06:10	48.0	48.0	14.8825
10/11/2017 20:06:21	48.0	48.0	13.4921
10/11/2017 20:06:32	48.0	48.0	14.4737
10/11/2017 20:06:43	47.0	48.0	13.7203
10/11/2017 20:06:55	48.0	48.0	13.6842
10/11/2017 20:07:06	51.0	51.0	21.4112
10/11/2017 20:07:17	51.0	51.0	12.5984
10/11/2017 20:07:28	52.0	53.0	12.3684
10/11/2017 20:07:39	54.0	54.0	12.5984
10/11/2017 20:07:50	55.0	54.0	12.0735
10/11/2017 20:08:01	55.0	55.0	11.9048
10/11/2017 20:08:12	57.0	56.0	13.089
10/11/2017 20:08:23	54.0	54.0	20.7317
10/11/2017 20:08:34	53.0	53.0	14.2105
10/11/2017 20:08:45	51.0	51.0	13.7203
10/11/2017 20:08:56	50.0	50.0	14.2105
10/11/2017 20:09:07	50.0	50.0	13.9474
10/11/2017 20:09:18	49.0	49.0	14.2857
10/11/2017 20:09:29	49.0	47.0	13.5279
10/11/2017 20:09:40	48.0	48.0	21.6019
10/11/2017 20:09:51	48.0	48.0	13.7203
10/11/2017 20:10:02	48.0	47.0	14.3979
10/11/2017 20:10:13	48.0	48.0	13.9474
10/11/2017 20:10:24	50.0	50.0	14.7368
10/11/2017 20:10:35	51.0	51.0	12.8947
10/11/2017 20:10:46	53.0	53.0	13.3508
10/11/2017 20:10:57	54.0	54.0	13.2468
10/11/2017 20:11:08	55.0	54.0	12.336
10/11/2017 20:11:19	56.0	55.0	12.0735
10/11/2017 20:11:30	56.0	56.0	12.1372
10/11/2017 20:11:42	55.0	54.0	13.8743
10/11/2017 20:11:53	52.0	53.0	15.9794
10/11/2017 20:12:04	51.0	51.0	14.2105
10/11/2017 20:12:15	50.0	50.0	14.3236
10/11/2017 20:12:26	49.0	49.0	13.4921
10/11/2017 20:12:37	49.0	49.0	13.5638
10/11/2017 20:12:48	48.0	48.0	13.7931
10/11/2017 20:12:59	48.0	48.0	13.7931
10/11/2017 20:13:10	48.0	48.0	18.3417
10/11/2017 20:13:21	48.0	46.0	14.4737
10/11/2017 20:13:32	48.0	48.0	14.4737
10/11/2017 20:13:43	50.0	49.0	13.9474
10/11/2017 20:13:54	51.0	51.0	12.9288
10/11/2017 20:14:05	52.0	53.0	15.9494
10/11/2017 20:14:16	54.0	53.0	13.7566
10/11/2017 20:14:27	55.0	54.0	12.6316
10/11/2017 20:14:38	56.0	55.0	12.8609
10/11/2017 20:14:49	56.0	56.0	12.6649
10/11/2017 20:15:00	55.0	54.0	13.7203
10/11/2017 20:15:11	52.0	53.0	12.6316
10/11/2017 20:15:22	51.0	51.0	14.6597
10/11/2017 20:15:33	50.0	50.0	13.7566
10/11/2017 20:15:44	49.0	50.0	13.9842
10/11/2017 20:15:55	49.0	48.0	14.248
10/11/2017 20:16:06	48.0	48.0	13.4921
10/11/2017 20:16:17	49.0	48.0	19.8511
10/11/2017 20:16:28	48.0	48.0	13.9842
10/11/2017 20:16:40	48.0	48.0	13.7203
10/11/2017 20:16:51	48.0	48.0	13.4921
10/11/2017 20:17:02	49.0	48.0	13.4921
10/11/2017 20:17:13	51.0	51.0	21.1165
10/11/2017 20:17:24	51.0	51.0	12.4011
10/11/2017 20:17:35	53.0	53.0	13.6483
10/11/2017 20:17:46	54.0	54.0	12.1053
10/11/2017 20:17:57	55.0	54.0	12.6316
10/11/2017 20:18:08	56.0	56.0	13.5065
10/11/2017 20:18:19	55.0	55.0	13.0548
10/11/2017 20:18:30	53.0	53.0	14.1732
10/11/2017 20:18:41	51.0	52.0	14.4357
10/11/2017 20:18:52	50.0	51.0	13.7566
10/11/2017 20:19:03	49.0	50.0	14.4737
10/11/2017 20:19:14	49.0	49.0	13.6842
10/11/2017 20:19:25	49.0	48.0	14.9606
10/11/2017 20:19:36	48.0	48.0	13.5638
10/11/2017 20:19:47	47.0	48.0	13.5279
10/11/2017 20:19:58	47.0	47.0	13.1926
10/11/2017 20:20:09	47.0	48.0	13.9842
10/11/2017 20:20:20	48.0	48.0	14.9606
10/11/2017 20:20:31	50.0	50.0	13.3858
10/11/2017 20:20:42	51.0	51.0	13.7566
10/11/2017 20:20:53	52.0	53.0	12.8609
10/11/2017 20:21:04	54.0	53.0	12.336
10/11/2017 20:21:15	54.0	55.0	13.5065
10/11/2017 20:21:27	55.0	56.0	14.4357
10/11/2017 20:21:38	55.0	55.0	12.6316
10/11/2017 20:21:49	53.0	53.0	14.2105
10/11/2017 20:22:00	52.0	51.0	13.9474
10/11/2017 20:22:11	50.0	51.0	16.2791
10/11/2017 20:22:22	50.0	50.0	13.7566
10/11/2017 20:22:33	49.0	49.0	14.2857
10/11/2017 20:22:44	48.0	48.0	13.7566
10/11/2017 20:22:55	48.0	48.0	14.2105
10/11/2017 20:23:06	48.0	48.0	13.4565
10/11/2017 20:23:17	48.0	47.0	13.7566
10/11/2017 20:23:28	48.0	48.0	14.6597
10/11/2017 20:23:39	48.0	47.0	13.4565
10/11/2017 20:23:50	47.0	47.0	14.0212
10/11/2017 20:24:01	49.0	49.0	13.2275
10/11/2017 20:24:12	51.0	51.0	13.6126
10/11/2017 20:24:23	52.0	51.0	13.3159
10/11/2017 20:24:34	53.0	53.0	14.653
10/11/2017 20:24:45	54.0	54.0	12.6984
10/11/2017 20:24:56	55.0	55.0	13.3858
10/11/2017 20:25:07	55.0	55.0	11.8421
10/11/2017 20:25:18	54.0	54.0	13.6126
10/11/2017 20:25:29	52.0	52.0	12.0735
10/11/2017 20:25:40	51.0	51.0	14.4357
10/11/2017 20:25:51	50.0	50.0	14.4737
10/11/2017 20:26:02	50.0	50.0	17.1355
10/11/2017 20:26:14	49.0	49.0	13.5279
10/11/2017 20:26:25	48.0	48.0	14.1732
10/11/2017 20:26:36	48.0	48.0	14.0212
10/11/2017 20:26:47	47.0	47.0	13.2626
10/11/2017 20:26:58	48.0	47.0	14.2105
10/11/2017 20:27:09	47.0	47.0	14.6982
10/11/2017 20:27:20	49.0	49.0	13.8298
10/11/2017 20:27:31	50.0	50.0	12.5984
10/11/2017 20:27:42	52.0	51.0	11.9048
10/11/2017 20:27:53	52.0	53.0	12.3684
10/11/2017 20:28:04	54.0	53.0	12.8609
10/11/2017 20:28:15	55.0	54.0	22.9314
10/11/2017 20:28:26	55.0	55.0	13.089
10/11/2017 20:28:37	54.0	54.0	14.1732
10/11/2017 20:28:48	52.0	52.0	17.8756
10/11/2017 20:28:59	51.0	51.0	14.2857
10/11/2017 20:29:10	50.0	50.0	23.6967
10/11/2017 20:29:21	49.0	49.0	13.9842
10/11/2017 20:29:32	49.0	48.0	13.5279
10/11/2017 20:29:43	48.0	48.0	14.6982
10/11/2017 20:29:54	48.0	48.0	13.6842
10/11/2017 20:30:05	47.0	47.0	14.5119
10/11/2017 20:30:16	48.0	47.0	14.9333
10/11/2017 20:30:27	48.0	48.0	14.4737
10/11/2017 20:30:38	49.0	50.0	13.1579
10/11/2017 20:30:49	51.0	51.0	22.2222
10/11/2017 20:31:00	51.0	52.0	11.8734
10/11/2017 20:31:12	53.0	53.0	12.4339
10/11/2017 20:31:23	54.0	54.0	12.7937
10/11/2017 20:31:34	55.0	54.0	14.026
10/11/2017 20:31:45	55.0	55.0	12.5654
10/11/2017 20:31:56	56.0	56.0	12.4011
10/11/2017 20:32:07	54.0	54.0	13.0548
10/11/2017 20:32:18	52.0	52.0	14.7668
10/11/2017 20:32:29	51.0	51.0	13.1926
10/11/2017 20:32:40	50.0	49.0	13.7203
10/11/2017 20:32:51	49.0	49.0	14.5119
10/11/2017 20:33:02	48.0	48.0	23.8771
10/11/2017 20:33:13	48.0	48.0	14.7368
10/11/2017 20:33:24	48.0	47.0	13.9474
10/11/2017 20:33:35	47.0	48.0	14.6982
10/11/2017 20:33:46	48.0	47.0	14.6214
10/11/2017 20:33:57	47.0	47.0	16.188
10/11/2017 20:34:08	50.0	49.0	14.248
10/11/2017 20:34:19	51.0	51.0	15.2231
10/11/2017 20:34:30	51.0	52.0	13.4211
10/11/2017 20:34:41	53.0	53.0	12.8272
10/11/2017 20:34:52	54.0	53.0	12.6649
10/11/2017 20:35:03	55.0	55.0	21.7184
10/11/2017 20:35:14	56.0	56.0	12.3684
10/11/2017 20:35:25	56.0	56.0	13.3858
10/11/2017 20:35:36	56.0	55.0	13.1579
10/11/2017 20:35:47	53.0	53.0	13.7203
10/11/2017 20:35:58	52.0	51.0	13.9474
10/11/2017 20:36:10	50.0	51.0	14.2105
10/11/2017 20:36:21	50.0	49.0	20.8232
10/11/2017 20:36:32	49.0	48.0	14.1732
10/11/2017 20:36:43	48.0	48.0	14.1732
10/11/2017 20:36:54	49.0	48.0	14.6214
10/11/2017 20:37:05	48.0	48.0	14.4357
10/11/2017 20:37:16	47.0	47.0	13.7566
10/11/2017 20:37:27	48.0	47.0	14.0584
10/11/2017 20:37:38	47.0	46.0	13.7566
10/11/2017 20:37:49	48.0	48.0	14.4357
10/11/2017 20:38:00	51.0	51.0	12.3684
10/11/2017 20:38:11	51.0	51.0	21.5827
10/11/2017 20:38:22	53.0	53.0	13.089
10/11/2017 20:38:33	54.0	53.0	12.0735
10/11/2017 20:38:44	55.0	54.0	13.577
10/11/2017 20:38:55	55.0	54.0	12.3037
10/11/2017 20:39:06	56.0	55.0	12.336
10/11/2017 20:39:17	56.0	55.0	12.7937
10/11/2017 20:39:28	54.0	54.0	14.8825
10/11/2017 20:39:39	52.0	52.0	14.8052
10/11/2017 20:39:50	51.0	51.0	14.9215
10/11/2017 20:40:01	50.0	50.0	13.7566
10/11/2017 20:40:12	49.0	49.0	14.0212
10/11/2017 20:40:23	48.0	48.0	13.6842
10/11/2017 20:40:34	49.0	49.0	19.2982
10/11/2017 20:40:45	48.0	48.0	13.089
10/11/2017 20:40:57	47.0	47.0	14.248
10/11/2017 20:41:08	48.0	47.0	23.0216
10/11/2017 20:41:19	48.0	47.0	17.2324
10/11/2017 20:41:30	49.0	50.0	19.7403
10/11/2017 20:41:41	51.0	51.0	17.6166
10/11/2017 20:41:52	53.0	53.0	18.0628
10/11/2017 20:42:03	54.0	54.0	16.9713
10/11/2017 20:42:14	55.0	55.0	16.2304
10/11/2017 20:42:25	56.0	56.0	17.3684
10/11/2017 20:42:36	54.0	54.0	17.7546
10/11/2017 20:42:47	54.0	53.0	16.4491
10/11/2017 20:42:58	52.0	51.0	17.5393
10/11/2017 20:43:09	51.0	51.0	17.5393
10/11/2017 20:43:20	50.0	50.0	18.1102
10/11/2017 20:43:31	50.0	50.0	17.6166
10/11/2017 20:43:42	49.0	49.0	17.9221
10/11/2017 20:43:53	49.0	49.0	31.8878
10/11/2017 20:44:04	51.0	49.0	19.685
10/11/2017 20:44:15	49.0	48.0	18.5379
10/11/2017 20:44:26	49.0	48.0	19.4226
10/11/2017 20:44:37	50.0	50.0	17.5393
10/11/2017 20:44:48	49.0	48.0	18.799
10/11/2017 20:44:59	49.0	48.0	17.7083
10/11/2017 20:45:10	49.0	48.0	16.5354
10/11/2017 20:45:21	49.0	48.0	18.3246
10/11/2017 20:45:32	49.0	48.0	18.0879
10/11/2017 20:45:43	49.0	48.0	15.9269
10/11/2017 20:45:54	49.0	48.0	18.4416
10/11/2017 20:46:05	49.0	48.0	16.6234
10/11/2017 20:46:17	48.0	48.0	18.1818
10/11/2017 20:46:28	49.0	48.0	18.799
10/11/2017 20:46:39	48.0	48.0	19.171
10/11/2017 20:46:50	48.0	47.0	17.7546
10/11/2017 20:47:01	48.0	48.0	17.9688
10/11/2017 20:47:12	48.0	48.0	17.801
10/11/2017 20:47:23	49.0	48.0	17.6781
10/11/2017 20:47:34	48.0	48.0	16.9713
10/11/2017 20:47:45	49.0	48.0	19.0601
10/11/2017 20:47:56	48.0	48.0	17.0157
10/11/2017 20:48:07	48.0	47.0	17.6316
10/11/2017 20:48:18	48.0	47.0	20.6266
10/11/2017 20:48:29	49.0	48.0	18.0628
10/11/2017 20:48:40	48.0	47.0	18.3727
10/11/2017 20:48:51	48.0	47.0	16.4062
10/11/2017 20:49:02	48.0	48.0	17.801
10/11/2017 20:49:13	48.0	47.0	16.2304
10/11/2017 20:49:24	48.0	47.0	18.3463
10/11/2017 20:49:35	48.0	47.0	18.0157
10/11/2017 20:49:46	48.0	47.0	17.0604
10/11/2017 20:49:57	48.0	47.0	18.9744
10/11/2017 20:50:08	48.0	48.0	16.7539
10/11/2017 20:50:19	48.0	47.0	18.1102
10/11/2017 20:50:30	49.0	48.0	23.5872
10/11/2017 20:50:41	48.0	48.0	18.8482
10/11/2017 20:50:52	48.0	48.0	18.0157
10/11/2017 20:51:03	48.0	47.0	24.2718
10/11/2017 20:51:14	49.0	48.0	16.4921
10/11/2017 20:51:25	48.0	47.0	18.4896
10/11/2017 20:51:36	48.0	47.0	20.4604
10/11/2017 20:51:47	48.0	47.0	17.3228
10/11/2017 20:51:58	48.0	47.0	19.2708
10/11/2017 20:52:09	48.0	47.0	18.8482
10/11/2017 20:52:20	48.0	47.0	15.9686
10/11/2017 20:52:31	48.0	48.0	18.5379
10/11/2017 20:52:43	48.0	47.0	17.7546
10/11/2017 20:52:54	48.0	47.0	17.1429
10/11/2017 20:53:05	48.0	47.0	16.3212
10/11/2017 20:53:16	48.0	48.0	17.4479
10/11/2017 20:53:27	48.0	47.0	16.6667
10/11/2017 20:53:38	48.0	47.0	17.4479
10/11/2017 20:53:49	48.0	47.0	17.7546
10/11/2017 20:54:00	48.0	47.0	18.9119
10/11/2017 20:54:11	48.0	47.0	17.5853
10/11/2017 20:54:22	48.0	47.0	16.4062
10/11/2017 20:54:33	48.0	47.0	17.6166
10/11/2017 20:54:44	48.0	47.0	19.7403
10/11/2017 20:54:55	48.0	47.0	17.6166
10/11/2017 20:55:06	48.0	48.0	18.0628
10/11/2017 20:55:17	48.0	47.0	21.9753
10/11/2017 20:55:28	49.0	47.0	17.1875
10/11/2017 20:55:39	48.0	47.0	15.8442
10/11/2017 20:55:50	48.0	47.0	23.7164
10/11/2017 20:56:01	48.0	48.0	17.801
10/11/2017 20:56:12	48.0	47.0	16.5789
10/11/2017 20:56:23	48.0	47.0	19.9475
10/11/2017 20:56:34	48.0	47.0	17.5393
10/11/2017 20:56:45	48.0	47.0	18.0879
10/11/2017 20:56:56	48.0	47.0	18.5864
10/11/2017 20:57:07	48.0	48.0	17.6623
10/11/2017 20:57:18	48.0	47.0	18.799
10/11/2017 20:57:29	47.0	47.0	19.7917
10/11/2017 20:57:40	48.0	48.0	17.2324
10/11/2017 20:57:51	50.0	50.0	16.4921
10/11/2017 20:58:02	52.0	51.0	19.3717
10/11/2017 20:58:13	53.0	53.0	17.3684
10/11/2017 20:58:24	55.0	54.0	16.8394
10/11/2017 20:58:35	56.0	56.0	18.75
10/11/2017 20:58:46	56.0	55.0	17.2775
10/11/2017 20:58:57	54.0	53.0	21.9144
10/11/2017 20:59:08	52.0	52.0	17.9688
10/11/2017 20:59:20	52.0	51.0	17.6623
10/11/2017 20:59:31	51.0	51.0	24.4499
10/11/2017 20:59:42	50.0	50.0	14.0212
10/11/2017 20:59:53	49.0	49.0	17.0604
10/11/2017 21:00:04	49.0	50.0	16.4491
10/11/2017 21:00:15	49.0	48.0	19.5312
10/11/2017 21:00:26	49.0	48.0	17.6623
10/11/2017 21:00:37	49.0	49.0	16.5375
10/11/2017 21:00:48	49.0	49.0	17.7546
10/11/2017 21:00:59	49.0	49.0	17.4479
10/11/2017 21:01:10	49.0	48.0	18.3246
10/11/2017 21:01:21	49.0	48.0	17.6623
10/11/2017 21:01:32	49.0	48.0	18.0157
10/11/2017 21:01:43	48.0	48.0	15.7068
10/11/2017 21:01:54	48.0	47.0	19.1099
10/11/2017 21:02:05	48.0	47.0	17.6166
10/11/2017 21:02:16	49.0	48.0	16.188
10/11/2017 21:02:27	48.0	48.0	16.3636
10/11/2017 21:02:38	48.0	47.0	20.098
10/11/2017 21:02:49	48.0	47.0	17.2324
10/11/2017 21:03:00	48.0	47.0	18.8482
10/11/2017 21:03:11	48.0	47.0	17.3228
10/11/2017 21:03:22	48.0	47.0	17.2775
10/11/2017 21:03:33	49.0	48.0	18.3246
10/11/2017 21:03:44	48.0	47.0	18.3727
10/11/2017 21:03:55	48.0	47.0	15.9269
10/11/2017 21:04:06	48.0	47.0	17.801
10/11/2017 21:04:17	48.0	47.0	16.6667
10/11/2017 21:04:28	48.0	47.0	17.4935
10/11/2017 21:04:39	48.0	47.0	17.6166
10/11/2017 21:04:50	49.0	47.0	15.8031
10/11/2017 21:05:01	48.0	47.0	16.7539
10/11/2017 21:05:12	48.0	47.0	19.8454
10/11/2017 21:05:23	48.0	48.0	18.9474
10/11/2017 21:05:34	48.0	47.0	17.801
10/11/2017 21:05:45	49.0	48.0	23.9024
10/11/2017 21:05:57	48.0	48.0	16.9271
10/11/2017 21:06:08	48.0	48.0	19.2708
10/11/2017 21:06:19	48.0	47.0	20.5656
10/11/2017 21:06:30	50.0	49.0	20.5656
10/11/2017 21:06:41	51.0	50.0	21.875
10/11/2017 21:06:52	50.0	50.0	19.8953
10/11/2017 21:07:03	49.0	48.0	18.7335
10/11/2017 21:07:14	49.0	49.0	34.1954
10/11/2017 21:07:25	48.0	48.0	17.942
10/11/2017 21:07:36	48.0	47.0	17.2775
10/11/2017 21:07:47	48.0	48.0	19.2708
10/11/2017 21:07:58	50.0	48.0	16.4491
10/11/2017 21:08:09	48.0	48.0	18.3246
10/11/2017 21:08:20	48.0	48.0	19.2308
10/11/2017 21:08:31	48.0	48.0	17.2324
10/11/2017 21:08:42	49.0	48.0	19.0104
10/11/2017 21:08:53	49.0	48.0	23.2274
10/11/2017 21:09:04	48.0	48.0	14.7757
10/11/2017 21:09:15	48.0	47.0	14.1732
10/11/2017 21:09:26	47.0	47.0	14.0584
10/11/2017 21:09:37	47.0	47.0	13.8381
10/11/2017 21:09:48	48.0	48.0	14.4737
10/11/2017 21:09:59	50.0	50.0	13.089
10/11/2017 21:10:10	51.0	51.0	12.8272
10/11/2017 21:10:21	53.0	53.0	11.811
10/11/2017 21:10:33	54.0	54.0	12.8272
10/11/2017 21:10:44	55.0	54.0	11.8734
10/11/2017 21:10:55	55.0	55.0	13.2468
10/11/2017 21:11:06	56.0	55.0	12.5326
10/11/2017 21:11:17	54.0	54.0	12.8947
10/11/2017 21:11:28	52.0	53.0	20.7317
10/11/2017 21:11:39	51.0	51.0	14.2105
10/11/2017 21:11:50	50.0	51.0	14.4357
10/11/2017 21:12:01	50.0	50.0	22.3039
10/11/2017 21:12:12	50.0	49.0	20.4188
10/11/2017 21:12:23	50.0	50.0	18.75
10/11/2017 21:12:34	49.0	48.0	18.2768
10/11/2017 21:12:45	50.0	49.0	18.0628
10/11/2017 21:12:56	50.0	49.0	16.4491
10/11/2017 21:13:07	48.0	48.0	16.7539
10/11/2017 21:13:18	49.0	49.0	17.2324
10/11/2017 21:13:29	49.0	49.0	17.8478
10/11/2017 21:13:40	49.0	48.0	18.3727
10/11/2017 21:13:51	50.0	49.0	19.3717
10/11/2017 21:14:02	49.0	48.0	18.961
10/11/2017 21:14:13	50.0	49.0	16.2304
10/11/2017 21:14:24	49.0	48.0	19.3211
10/11/2017 21:14:35	49.0	48.0	19.7917
10/11/2017 21:14:46	49.0	48.0	18.8482
10/11/2017 21:14:57	49.0	48.0	23.3251
10/11/2017 21:15:08	48.0	48.0	18.2768
10/11/2017 21:15:19	49.0	48.0	17.3228
10/11/2017 21:15:30	49.0	50.0	16.7979
10/11/2017 21:15:41	50.0	49.0	19.0104
10/11/2017 21:15:52	49.0	49.0	24.5146
10/11/2017 21:16:03	48.0	48.0	17.0604
10/11/2017 21:16:14	48.0	48.0	17.8947
10/11/2017 21:16:25	49.0	48.0	19.1601
10/11/2017 21:16:36	49.0	48.0	16.4491
10/11/2017 21:16:48	48.0	48.0	23.0583
10/11/2017 21:16:59	48.0	48.0	17.9688
10/11/2017 21:17:10	49.0	48.0	17.5393
10/11/2017 21:17:21	49.0	48.0	18.961
10/11/2017 21:17:32	49.0	48.0	16.188
10/11/2017 21:17:43	49.0	48.0	21.6958
10/11/2017 21:17:54	49.0	48.0	13.577
10/11/2017 21:18:05	48.0	48.0	17.6623
10/11/2017 21:18:16	50.0	49.0	17.9688
10/11/2017 21:18:27	49.0	48.0	18.8976
10/11/2017 21:18:38	49.0	48.0	21.134
10/11/2017 21:18:49	49.0	48.0	17.5853
10/11/2017 21:19:00	48.0	48.0	18.2768
10/11/2017 21:19:11	49.0	48.0	17.8947
10/11/2017 21:19:22	49.0	48.0	19.7368
10/11/2017 21:19:33	48.0	48.0	18.4896
10/11/2017 21:19:44	49.0	48.0	18.5379
10/11/2017 21:19:55	48.0	48.0	17.7546
10/11/2017 21:20:06	49.0	48.0	19.1327
10/11/2017 21:20:17	49.0	48.0	16.9271
10/11/2017 21:20:28	48.0	47.0	14.2857
10/11/2017 21:20:39	48.0	47.0	14.0584
10/11/2017 21:20:50	47.0	47.0	13.1579
10/11/2017 21:21:01	47.0	47.0	22.2222
10/11/2017 21:21:12	49.0	49.0	12.9288
10/11/2017 21:21:23	51.0	51.0	13.7931
10/11/2017 21:21:34	52.0	52.0	11.6402
10/11/2017 21:21:45	52.0	54.0	13.089
10/11/2017 21:21:56	54.0	54.0	13.5417
10/11/2017 21:22:07	55.0	55.0	12.6649
10/11/2017 21:22:18	55.0	56.0	11.8421
10/11/2017 21:22:30	56.0	56.0	17.1717
10/11/2017 21:22:41	55.0	54.0	12.5326
10/11/2017 21:22:52	52.0	53.0	13.7203
10/11/2017 21:23:03	51.0	51.0	19.3211
10/11/2017 21:23:14	51.0	51.0	17.7083
10/11/2017 21:23:25	51.0	51.0	18.6047
10/11/2017 21:23:36	51.0	50.0	16.9713
10/11/2017 21:23:47	51.0	50.0	17.7546
10/11/2017 21:23:58	50.0	50.0	18.5864
10/11/2017 21:24:09	49.0	50.0	18.0157
10/11/2017 21:24:20	50.0	49.0	17.8756
10/11/2017 21:24:31	49.0	49.0	18.799
10/11/2017 21:24:42	50.0	49.0	19.6335
10/11/2017 21:24:53	50.0	49.0	20.2564
10/11/2017 21:25:04	49.0	48.0	17.8478
10/11/2017 21:25:15	49.0	48.0	18.2292
10/11/2017 21:25:26	49.0	48.0	16.9271
10/11/2017 21:25:37	50.0	49.0	17.1875
10/11/2017 21:25:48	49.0	48.0	16.4491
10/11/2017 21:25:59	49.0	48.0	18.1818
10/11/2017 21:26:10	49.0	48.0	16.9271
10/11/2017 21:26:21	49.0	48.0	20.0508
10/11/2017 21:26:32	49.0	48.0	17.4479
10/11/2017 21:26:43	49.0	48.0	18.799
10/11/2017 21:26:54	48.0	48.0	16.7979
10/11/2017 21:27:05	48.0	48.0	17.6781
10/11/2017 21:27:16	48.0	48.0	18.1347
10/11/2017 21:27:27	49.0	48.0	18.3727
10/11/2017 21:27:38	48.0	48.0	17.4479
10/11/2017 21:27:49	49.0	48.0	18.2292
10/11/2017 21:28:00	49.0	48.0	18.0157
10/11/2017 21:28:11	48.0	48.0	17.2775
10/11/2017 21:28:22	49.0	48.0	19.0104
10/11/2017 21:28:33	49.0	48.0	17.5258
10/11/2017 21:28:44	49.0	48.0	19.7917
10/11/2017 21:28:56	49.0	48.0	16.6234
10/11/2017 21:29:07	49.0	48.0	18.4896
10/11/2017 21:29:18	49.0	48.0	18.961
10/11/2017 21:29:29	49.0	48.0	16.1039
10/11/2017 21:29:40	49.0	48.0	18.5864
10/11/2017 21:29:51	49.0	48.0	23.0769
10/11/2017 21:30:02	49.0	48.0	18.2292
10/11/2017 21:30:13	49.0	48.0	18.2768
10/11/2017 21:30:24	49.0	48.0	16.9271
10/11/2017 21:30:35	49.0	48.0	18.2292
10/11/2017 21:30:46	49.0	48.0	17.5393
10/11/2017 21:30:57	48.0	48.0	16.4062
10/11/2017 21:31:08	48.0	48.0	16.9713
10/11/2017 21:31:19	49.0	47.0	22.8501
10/11/2017 21:31:30	48.0	48.0	17.7083
10/11/2017 21:31:41	49.0	48.0	16.9713
10/11/2017 21:31:52	49.0	48.0	17.2324
10/11/2017 21:32:03	49.0	48.0	16.7102
10/11/2017 21:32:14	49.0	49.0	19.2208
10/11/2017 21:32:25	49.0	48.0	17.6166
10/11/2017 21:32:36	49.0	48.0	17.4479
10/11/2017 21:32:47	49.0	48.0	18.5567
10/11/2017 21:32:58	49.0	48.0	17.2324
10/11/2017 21:33:09	49.0	48.0	19.1099
10/11/2017 21:33:20	49.0	48.0	19.5431
10/11/2017 21:33:31	49.0	48.0	18.8976
10/11/2017 21:33:42	49.0	48.0	18.5379
10/11/2017 21:33:53	49.0	48.0	17.1875
10/11/2017 21:34:04	49.0	48.0	17.6166
10/11/2017 21:34:15	49.0	48.0	17.0157
10/11/2017 21:34:26	49.0	48.0	17.7835
10/11/2017 21:34:37	51.0	50.0	20.5729
10/11/2017 21:34:48	51.0	50.0	24.9395
10/11/2017 21:34:59	50.0	50.0	22.6221
10/11/2017 21:35:10	51.0	51.0	23.5142
10/11/2017 21:35:21	51.0	51.0	18.1818
10/11/2017 21:35:32	51.0	50.0	18.0879
10/11/2017 21:35:43	51.0	51.0	21.875
10/11/2017 21:35:54	52.0	51.0	22.4806
10/11/2017 21:36:06	51.0	51.0	21.039
10/11/2017 21:36:17	50.0	51.0	18.7661
10/11/2017 21:36:28	51.0	51.0	20.7161
10/11/2017 21:36:39	51.0	51.0	20.7792
10/11/2017 21:36:50	52.0	51.0	22.4691
10/11/2017 21:37:01	52.0	51.0	17.2324
10/11/2017 21:37:12	51.0	51.0	20.5656
10/11/2017 21:37:23	52.0	51.0	20.8333
10/11/2017 21:37:34	52.0	51.0	12.5668
10/11/2017 21:37:45	53.0	53.0	19.3717
10/11/2017 21:37:56	54.0	53.0	16.8421
10/11/2017 21:38:07	55.0	54.0	19.1099
10/11/2017 21:38:18	57.0	56.0	19.3299
10/11/2017 21:38:29	55.0	55.0	20
10/11/2017 21:38:40	55.0	54.0	18.1102
10/11/2017 21:38:51	52.0	53.0	20.8651
10/11/2017 21:39:02	51.0	52.0	20.6806
10/11/2017 21:39:13	51.0	51.0	18.1347
10/11/2017 21:39:24	50.0	51.0	18.0628
10/11/2017 21:39:35	50.0	51.0	17.801
10/11/2017 21:39:46	50.0	50.0	17.6166
10/11/2017 21:39:57	50.0	49.0	15.2455
10/11/2017 21:40:08	50.0	49.0	17.801
10/11/2017 21:40:19	50.0	48.0	22.3325
10/11/2017 21:40:30	49.0	48.0	17.2324
10/11/2017 21:40:41	49.0	48.0	16.9713
10/11/2017 21:40:52	49.0	48.0	19.1099
10/11/2017 21:41:03	49.0	49.0	17.6623
10/11/2017 21:41:14	49.0	48.0	19.1099
10/11/2017 21:41:25	49.0	48.0	17.801
10/11/2017 21:41:36	49.0	48.0	17.3684
10/11/2017 21:41:47	49.0	49.0	18.75
10/11/2017 21:41:58	48.0	48.0	15.9686
10/11/2017 21:42:09	48.0	49.0	17.5853
10/11/2017 21:42:20	48.0	48.0	22.7384
10/11/2017 21:42:31	49.0	48.0	16.9713
10/11/2017 21:42:43	49.0	48.0	17.3684
10/11/2017 21:42:54	49.0	48.0	17.6316
10/11/2017 21:43:05	48.0	49.0	18.0628
10/11/2017 21:43:16	49.0	48.0	18.9474
10/11/2017 21:43:27	49.0	48.0	17.5393
10/11/2017 21:43:38	49.0	48.0	16.1458
10/11/2017 21:43:49	49.0	48.0	19.1214
10/11/2017 21:44:00	49.0	48.0	19.5822
10/11/2017 21:44:11	48.0	48.0	18.3246
10/11/2017 21:44:22	49.0	48.0	23.913
10/11/2017 21:44:33	48.0	48.0	16.9713
10/11/2017 21:44:44	49.0	48.0	18.8482
10/11/2017 21:44:55	48.0	48.0	18.6352
10/11/2017 21:45:06	49.0	48.0	16.4062
10/11/2017 21:45:17	48.0	48.0	17.5853
10/11/2017 21:45:28	49.0	47.0	17.2775
10/11/2017 21:45:39	49.0	49.0	18.2768
10/11/2017 21:45:50	48.0	47.0	19.0104
10/11/2017 21:46:01	48.0	47.0	17.7083
10/11/2017 21:46:12	48.0	48.0	17.9221
10/11/2017 21:46:23	48.0	48.0	24.2131
10/11/2017 21:46:34	48.0	48.0	17.2775
10/11/2017 21:46:45	49.0	48.0	16.6667
10/11/2017 21:46:56	49.0	48.0	16.8831
10/11/2017 21:47:07	49.0	48.0	17.2775
10/11/2017 21:47:18	49.0	47.0	18.5864
10/11/2017 21:47:29	49.0	48.0	18.0628
10/11/2017 21:47:40	48.0	47.0	16.6667
10/11/2017 21:47:51	48.0	48.0	18.961
10/11/2017 21:48:02	48.0	48.0	18.3938
10/11/2017 21:48:13	48.0	48.0	17.5853
10/11/2017 21:48:24	49.0	48.0	18.1818
10/11/2017 21:48:35	49.0	48.0	16.4062
10/11/2017 21:48:46	48.0	49.0	15.1436
10/11/2017 21:48:57	49.0	48.0	19.3211
10/11/2017 21:49:08	49.0	48.0	19.797
10/11/2017 21:49:20	49.0	48.0	17.5393
10/11/2017 21:49:31	48.0	48.0	17.4935
10/11/2017 21:49:42	48.0	48.0	18.7013
10/11/2017 21:49:53	48.0	47.0	18.0157
10/11/2017 21:50:04	49.0	47.0	17.801
10/11/2017 21:50:15	48.0	47.0	18.2292
10/11/2017 21:50:26	48.0	47.0	18.8976
10/11/2017 21:50:37	48.0	48.0	17.0157
10/11/2017 21:50:48	49.0	48.0	19.0601
10/11/2017 21:50:59	49.0	48.0	16.5803
10/11/2017 21:51:10	48.0	47.0	18.8976
10/11/2017 21:51:21	48.0	48.0	15.7068
10/11/2017 21:51:32	48.0	48.0	17.2775
10/11/2017 21:51:43	49.0	49.0	18.6047
10/11/2017 21:51:54	49.0	48.0	18.3246
10/11/2017 21:52:05	49.0	48.0	15.4047
10/11/2017 21:52:16	49.0	48.0	18.8482
10/11/2017 21:52:27	48.0	48.0	17.5853
10/11/2017 21:52:38	48.0	48.0	16.7979
10/11/2017 21:52:49	49.0	48.0	19.3717
10/11/2017 21:53:00	48.0	47.0	22.7848
10/11/2017 21:53:11	48.0	48.0	16.2304
10/11/2017 21:53:22	49.0	48.0	16.7102
10/11/2017 21:53:33	50.0	49.0	20.6633
10/11/2017 21:53:44	51.0	50.0	18.8482
10/11/2017 21:53:55	53.0	52.0	18.1818
10/11/2017 21:54:06	54.0	54.0	18.961
10/11/2017 21:54:17	55.0	55.0	17.7249
10/11/2017 21:54:28	56.0	56.0	16.9271
10/11/2017 21:54:39	55.0	54.0	17.5853
10/11/2017 21:54:50	52.0	53.0	18.5864
10/11/2017 21:55:01	52.0	53.0	18.3246
10/11/2017 21:55:12	51.0	51.0	18.6842
10/11/2017 21:55:23	51.0	51.0	19.5312
10/11/2017 21:55:34	51.0	50.0	16.8831
10/11/2017 21:55:46	50.0	50.0	19.0601
10/11/2017 21:55:57	50.0	50.0	23.5294
10/11/2017 21:56:08	50.0	49.0	15.1832
10/11/2017 21:56:19	50.0	50.0	18.2768
10/11/2017 21:56:30	51.0	50.0	18.2051
10/11/2017 21:56:41	50.0	49.0	16.6234
10/11/2017 21:56:52	49.0	49.0	17.2324
10/11/2017 21:57:03	50.0	50.0	17.1875
10/11/2017 21:57:14	49.0	49.0	16.9271
10/11/2017 21:57:25	49.0	50.0	15.7068
10/11/2017 21:57:36	49.0	48.0	18.75
10/11/2017 21:57:47	49.0	49.0	19.3211
10/11/2017 21:57:58	50.0	49.0	17.4935
10/11/2017 21:58:09	50.0	49.0	17.2324
10/11/2017 21:58:20	49.0	49.0	17.5711
10/11/2017 21:58:31	50.0	49.0	18.6352
10/11/2017 21:58:42	49.0	49.0	18.4416
10/11/2017 21:58:53	49.0	49.0	16.7539
10/11/2017 21:59:04	49.0	49.0	16.5789
10/11/2017 21:59:15	49.0	49.0	16.9271
10/11/2017 21:59:26	50.0	50.0	17.8478
10/11/2017 21:59:37	49.0	49.0	16.4062
10/11/2017 21:59:48	49.0	48.0	19.0104
10/11/2017 21:59:59	49.0	48.0	17.5853
10/11/2017 22:00:10	49.0	49.0	17.1429
10/11/2017 22:00:21	50.0	48.0	18.2768
10/11/2017 22:00:32	50.0	49.0	16.1039
10/11/2017 22:00:43	50.0	48.0	19.3211
10/11/2017 22:00:54	50.0	49.0	18.1818
10/11/2017 22:01:05	49.0	48.0	18.5379
10/11/2017 22:01:16	50.0	50.0	18.6842
10/11/2017 22:01:27	50.0	48.0	18.8976
10/11/2017 22:01:38	49.0	49.0	14.0212
10/11/2017 22:01:49	49.0	48.0	17.2324
10/11/2017 22:02:00	49.0	48.0	18.1102
10/11/2017 22:02:12	49.0	48.0	19.7917
10/11/2017 22:02:23	49.0	48.0	19.3717
10/11/2017 22:02:34	49.0	49.0	17.5393
10/11/2017 22:02:45	50.0	48.0	17.2324
10/11/2017 22:02:56	49.0	48.0	17.6166
10/11/2017 22:03:07	49.0	48.0	18.8482
10/11/2017 22:03:18	50.0	48.0	15.9269
10/11/2017 22:03:29	49.0	49.0	17.0157
10/11/2017 22:03:40	49.0	48.0	17.1429
10/11/2017 22:03:51	49.0	48.0	19.3717
10/11/2017 22:04:02	49.0	48.0	17.5393
10/11/2017 22:04:13	49.0	48.0	20.1044
10/11/2017 22:04:24	49.0	48.0	19.1601
10/11/2017 22:04:35	48.0	48.0	19.4226
10/11/2017 22:04:46	49.0	48.0	18.4416
10/11/2017 22:04:57	49.0	48.0	18.2058
10/11/2017 22:05:08	49.0	48.0	17.9688
10/11/2017 22:05:19	49.0	48.0	17.8756
10/11/2017 22:05:30	49.0	48.0	20.3125
10/11/2017 22:05:41	49.0	48.0	18.0157
10/11/2017 22:05:52	48.0	48.0	17.801
10/11/2017 22:06:03	49.0	48.0	18.5864
10/11/2017 22:06:14	48.0	48.0	19.1099
10/11/2017 22:06:25	49.0	48.0	20.6718
10/11/2017 22:06:36	49.0	49.0	15.9686
10/11/2017 22:06:47	49.0	48.0	18.8976
10/11/2017 22:06:58	48.0	48.0	19.7436
10/11/2017 22:07:09	48.0	48.0	16.7102
10/11/2017 22:07:20	49.0	48.0	17.6623
10/11/2017 22:07:31	49.0	48.0	22.439
10/11/2017 22:07:42	49.0	48.0	17.0157
10/11/2017 22:07:53	49.0	47.0	18.4896
10/11/2017 22:08:04	48.0	48.0	23.8443
10/11/2017 22:08:15	48.0	48.0	17.7083
10/11/2017 22:08:27	48.0	47.0	18.5864
10/11/2017 22:08:38	48.0	48.0	20.3046
10/11/2017 22:08:49	48.0	48.0	19.1099
10/11/2017 22:09:00	48.0	48.0	17.4479
10/11/2017 22:09:11	49.0	48.0	17.0157
10/11/2017 22:09:22	49.0	48.0	18.0628
10/11/2017 22:09:33	49.0	49.0	17.7083
10/11/2017 22:09:44	50.0	51.0	17.0604
10/11/2017 22:09:55	52.0	52.0	17.9221
10/11/2017 22:10:06	55.0	54.0	16.2791
10/11/2017 22:10:17	56.0	56.0	18.2292
10/11/2017 22:10:28	57.0	56.0	18.3727
10/11/2017 22:10:39	55.0	56.0	18.1818
10/11/2017 22:10:50	53.0	54.0	16.3636
10/11/2017 22:11:01	52.0	53.0	18.1102
10/11/2017 22:11:12	51.0	51.0	16.8831
10/11/2017 22:11:23	51.0	51.0	20.6806
10/11/2017 22:11:34	51.0	51.0	16.4491
10/11/2017 22:11:45	50.0	51.0	17.7083
10/11/2017 22:11:56	50.0	50.0	19.0104
10/11/2017 22:12:07	50.0	50.0	14.8438
10/11/2017 22:12:18	50.0	50.0	19.9488
10/11/2017 22:12:29	50.0	50.0	17.4479
10/11/2017 22:12:40	50.0	48.0	18.5864
10/11/2017 22:12:51	49.0	49.0	24.0291
10/11/2017 22:13:02	50.0	48.0	17.5393
10/11/2017 22:13:13	49.0	48.0	18.2768
10/11/2017 22:13:24	49.0	48.0	22.807
10/11/2017 22:13:35	49.0	48.0	16.6667
10/11/2017 22:13:46	49.0	49.0	18.75
10/11/2017 22:13:57	49.0	48.0	18.6352
10/11/2017 22:14:08	50.0	49.0	18.4896
10/11/2017 22:14:19	49.0	48.0	17.8756
10/11/2017 22:14:30	49.0	48.0	16.9713
10/11/2017 22:14:41	49.0	49.0	18.799
10/11/2017 22:14:52	49.0	48.0	16.4062
10/11/2017 22:15:04	49.0	48.0	16.7539
10/11/2017 22:15:15	49.0	49.0	17.5711
10/11/2017 22:15:26	50.0	48.0	24.4216
10/11/2017 22:15:37	51.0	51.0	21.6495
10/11/2017 22:15:48	52.0	51.0	19.1214
10/11/2017 22:15:59	51.0	51.0	20.1031
10/11/2017 22:16:10	51.0	51.0	22.9974
10/11/2017 22:16:21	51.0	50.0	18.7661
10/11/2017 22:16:32	52.0	51.0	23.7245
10/11/2017 22:16:43	51.0	51.0	20
10/11/2017 22:16:54	51.0	51.0	13.9842
10/11/2017 22:17:05	50.0	50.0	22.9829
10/11/2017 22:17:16	50.0	50.0	17.8756
10/11/2017 22:17:27	50.0	50.0	18.6352
10/11/2017 22:17:38	50.0	50.0	19.0104
10/11/2017 22:17:49	50.0	50.0	16.4921
10/11/2017 22:18:00	50.0	49.0	16.7539
10/11/2017 22:18:11	50.0	50.0	18.8482
10/11/2017 22:18:22	49.0	49.0	16.6667
10/11/2017 22:18:33	50.0	49.0	19.5822
10/11/2017 22:18:44	49.0	48.0	16.9271
10/11/2017 22:18:55	49.0	49.0	18.0157
10/11/2017 22:19:06	49.0	49.0	15.8442
10/11/2017 22:19:17	49.0	49.0	19.3211
10/11/2017 22:19:28	49.0	49.0	17.4479
10/11/2017 22:19:39	49.0	48.0	16.1458
10/11/2017 22:19:50	49.0	49.0	19.0601
10/11/2017 22:20:01	49.0	49.0	17.4935
10/11/2017 22:20:12	49.0	48.0	20.2564
10/11/2017 22:20:23	49.0	48.0	17.9688
10/11/2017 22:20:34	48.0	48.0	19.1099
10/11/2017 22:20:45	49.0	48.0	24.1463
10/11/2017 22:20:56	49.0	49.0	17.4935
10/11/2017 22:21:07	49.0	49.0	18.5379
10/11/2017 22:21:18	49.0	48.0	19.2308
10/11/2017 22:21:29	49.0	49.0	18.1818
10/11/2017 22:21:40	49.0	48.0	18.0157
10/11/2017 22:21:51	49.0	48.0	16.5354
10/11/2017 22:22:03	48.0	48.0	18.0628
10/11/2017 22:22:14	49.0	48.0	18.2292
10/11/2017 22:22:25	48.0	48.0	18.5864
10/11/2017 22:22:36	49.0	48.0	17.9688
10/11/2017 22:22:47	49.0	48.0	19.0104
10/11/2017 22:22:58	49.0	48.0	16.7539
10/11/2017 22:23:09	49.0	48.0	19.5822
10/11/2017 22:23:20	49.0	48.0	19.4226
10/11/2017 22:23:31	49.0	48.0	18.5379
10/11/2017 22:23:42	49.0	48.0	18.799
10/11/2017 22:23:53	49.0	48.0	19.2105
10/11/2017 22:24:04	49.0	49.0	16.8831
10/11/2017 22:24:15	49.0	48.0	17.2775
10/11/2017 22:24:26	49.0	48.0	17.6781
10/11/2017 22:24:37	49.0	48.0	17.8756
10/11/2017 22:24:48	49.0	48.0	17.4935
10/11/2017 22:24:59	49.0	48.0	18.7013
10/11/2017 22:25:10	49.0	48.0	17.4935
10/11/2017 22:25:21	49.0	48.0	17.9688
10/11/2017 22:25:32	49.0	48.0	16.7979
10/11/2017 22:25:43	50.0	49.0	17.801
10/11/2017 22:25:54	52.0	52.0	17.5393
10/11/2017 22:26:05	54.0	53.0	21.039
10/11/2017 22:26:16	55.0	54.0	17.1429
10/11/2017 22:26:27	56.0	55.0	18.8976
10/11/2017 22:26:38	55.0	54.0	17.801
10/11/2017 22:26:49	53.0	53.0	17.801
10/11/2017 22:27:00	52.0	51.0	17.6166
10/11/2017 22:27:11	52.0	51.0	17.4935
10/11/2017 22:27:22	51.0	51.0	18.2292
10/11/2017 22:27:33	51.0	50.0	17.6781
10/11/2017 22:27:44	51.0	50.0	19.0104
10/11/2017 22:27:55	51.0	50.0	17.801
10/11/2017 22:28:06	50.0	50.0	20
10/11/2017 22:28:17	52.0	50.0	20.7254
10/11/2017 22:28:28	52.0	51.0	19.2208
10/11/2017 22:28:39	52.0	51.0	18.4416
10/11/2017 22:28:50	52.0	52.0	22.3377
10/11/2017 22:29:02	53.0	51.0	19.4805
10/11/2017 22:29:13	53.0	51.0	20.7254
10/11/2017 22:29:24	52.0	52.0	22.1649
10/11/2017 22:29:35	51.0	51.0	21.5938
10/11/2017 22:29:46	53.0	52.0	21.0938
10/11/2017 22:29:57	51.0	51.0	18.2051
10/11/2017 22:30:08	53.0	51.0	22.5389
10/11/2017 22:30:19	52.0	52.0	21.9949
10/11/2017 22:30:30	53.0	52.0	24.4845
10/11/2017 22:30:41	52.0	51.0	20.0521
10/11/2017 22:30:52	53.0	52.0	19.1214
10/11/2017 22:31:03	52.0	52.0	21.4834
10/11/2017 22:31:14	53.0	52.0	20.2073
10/11/2017 22:31:25	52.0	52.0	20.4663
10/11/2017 22:31:36	52.0	52.0	19.5929
10/11/2017 22:31:47	52.0	52.0	22.0779
10/11/2017 22:31:58	52.0	52.0	18.9119
10/11/2017 22:32:09	53.0	52.0	22.8501
10/11/2017 22:32:20	53.0	52.0	19.9482
10/11/2017 22:32:31	52.0	53.0	23.5751
10/11/2017 22:32:42	53.0	53.0	27.6029
10/11/2017 22:32:53	53.0	52.0	18.1347
10/11/2017 22:33:04	53.0	52.0	20.9302
10/11/2017 22:33:15	52.0	52.0	24.505
10/11/2017 22:33:26	53.0	52.0	19.1214
10/11/2017 22:33:37	52.0	52.0	13.577
10/11/2017 22:33:48	51.0	50.0	14.0212
10/11/2017 22:33:59	50.0	50.0	13.8743
10/11/2017 22:34:10	50.0	48.0	14.6982
10/11/2017 22:34:21	49.0	48.0	13.5279
10/11/2017 22:34:32	49.0	48.0	12.9973
10/11/2017 22:34:43	49.0	48.0	13.9474
10/11/2017 22:34:54	49.0	48.0	14.5119
10/11/2017 22:35:05	48.0	48.0	18.4896
10/11/2017 22:35:16	49.0	50.0	18.2292
10/11/2017 22:35:27	49.0	49.0	19.0104
10/11/2017 22:35:38	50.0	50.0	19.2708
10/11/2017 22:35:49	51.0	51.0	19.9482
10/11/2017 22:36:00	51.0	52.0	21.7617
10/11/2017 22:36:11	52.0	51.0	18.4615
10/11/2017 22:36:22	51.0	51.0	20.8763
10/11/2017 22:36:33	52.0	51.0	22.2222
10/11/2017 22:36:44	52.0	52.0	22.2222
10/11/2017 22:36:56	52.0	51.0	20.6633
10/11/2017 22:37:07	51.0	51.0	20.2073
10/11/2017 22:37:18	52.0	52.0	21.1886
10/11/2017 22:37:29	52.0	51.0	19.898
10/11/2017 22:37:40	53.0	52.0	18.863
10/11/2017 22:37:51	52.0	51.0	19.6891
10/11/2017 22:38:02	53.0	52.0	25.4902
10/11/2017 22:38:13	51.0	51.0	18.9119
10/11/2017 22:38:24	53.0	52.0	21.5026
10/11/2017 22:38:35	51.0	51.0	26.0976
10/11/2017 22:38:46	51.0	52.0	19.8454
10/11/2017 22:38:57	52.0	51.0	21.6146
10/11/2017 22:39:08	52.0	52.0	22.7041
10/11/2017 22:39:19	52.0	51.0	19.8966
10/11/2017 22:39:30	51.0	51.0	21.0938
10/11/2017 22:39:41	52.0	52.0	19.9482
10/11/2017 22:39:52	54.0	52.0	18.299
10/11/2017 22:40:03	52.0	53.0	19.6931
10/11/2017 22:40:14	52.0	51.0	18.6528
10/11/2017 22:40:25	52.0	52.0	19.5373
10/11/2017 22:40:36	53.0	53.0	24.1645
10/11/2017 22:40:47	53.0	53.0	19.7403
10/11/2017 22:40:58	53.0	52.0	19.4301
10/11/2017 22:41:09	52.0	51.0	18.6528
10/11/2017 22:41:20	53.0	52.0	23.7726
10/11/2017 22:41:31	53.0	53.0	18.2051
10/11/2017 22:41:42	54.0	54.0	21.7054
10/11/2017 22:41:53	57.0	57.0	23.1771
10/11/2017 22:42:04	58.0	57.0	21.8182
10/11/2017 22:42:15	55.0	55.0	19.1816
10/11/2017 22:42:26	56.0	55.0	19.8966
10/11/2017 22:42:37	55.0	54.0	23.5751
10/11/2017 22:42:48	54.0	54.0	24.9377
10/11/2017 22:42:59	54.0	53.0	19.3798
10/11/2017 22:43:10	53.0	53.0	20.9302
10/11/2017 22:43:21	54.0	53.0	26.1728
10/11/2017 22:43:32	54.0	53.0	19.5876
10/11/2017 22:43:43	52.0	53.0	21.7617
10/11/2017 22:43:54	53.0	53.0	21.7949
10/11/2017 22:44:05	53.0	53.0	19.7943
10/11/2017 22:44:16	54.0	53.0	21.4099
10/11/2017 22:44:27	54.0	53.0	19.8454
10/11/2017 22:44:38	53.0	53.0	13.1926
10/11/2017 22:44:49	51.0	50.0	13.7566
10/11/2017 22:45:00	50.0	50.0	14.6982
10/11/2017 22:45:11	50.0	50.0	13.9474
10/11/2017 22:45:23	50.0	50.0	13.9474
10/11/2017 22:45:34	49.0	49.0	14.0212
10/11/2017 22:45:45	49.0	48.0	16.8901
10/11/2017 22:45:56	51.0	51.0	4.17755
