03/23/2018 14:15:27	29.0	28.0	0
03/23/2018 14:15:38	25.0	26.0	0.505051
03/23/2018 14:15:49	25.0	26.0	0.753769
03/23/2018 14:16:00	27.0	27.0	0.503778
03/23/2018 14:16:11	26.0	26.0	0.759494
03/23/2018 14:16:22	26.0	26.0	0.503778
03/23/2018 14:16:33	26.0	27.0	0.503778
03/23/2018 14:16:44	27.0	27.0	1.01266
03/23/2018 14:16:55	28.0	28.0	1.0101
03/23/2018 14:17:06	27.0	28.0	0.505051
03/23/2018 14:17:17	28.0	28.0	1.76768
03/23/2018 14:17:28	28.0	28.0	0.505051
03/23/2018 14:17:39	28.0	29.0	0
03/23/2018 14:17:50	28.0	28.0	1.26904
03/23/2018 14:18:01	28.0	28.0	0.506329
03/23/2018 14:18:12	30.0	30.0	0.505051
03/23/2018 14:18:23	29.0	29.0	0.502513
03/23/2018 14:18:34	30.0	28.0	0.503778
03/23/2018 14:18:45	29.0	29.0	1.76322
03/23/2018 14:18:56	30.0	30.0	0.503778
03/23/2018 14:19:07	30.0	30.0	0.251889
03/23/2018 14:19:18	30.0	30.0	1.0101
03/23/2018 14:19:30	30.0	30.0	0.503778
03/23/2018 14:19:41	30.0	30.0	0.502513
03/23/2018 14:19:52	30.0	30.0	1.26582
03/23/2018 14:20:03	30.0	30.0	0.251889
03/23/2018 14:20:14	31.0	31.0	0.755668
03/23/2018 14:20:25	31.0	31.0	1.25945
03/23/2018 14:20:36	31.0	32.0	0.755668
03/23/2018 14:20:47	32.0	31.0	3.27456
03/23/2018 14:20:58	33.0	32.0	1.51515
03/23/2018 14:21:09	32.0	32.0	0.251889
03/23/2018 14:21:20	31.0	31.0	1.25628
03/23/2018 14:21:31	31.0	32.0	0.502513
03/23/2018 14:21:42	32.0	32.0	0.502513
03/23/2018 14:21:53	33.0	32.0	0.759494
03/23/2018 14:22:04	32.0	32.0	0.503778
03/23/2018 14:22:15	32.0	32.0	0.502513
03/23/2018 14:22:26	33.0	33.0	1.00756
03/23/2018 14:22:37	32.0	32.0	0.251889
03/23/2018 14:22:48	33.0	32.0	2.77078
03/23/2018 14:22:59	33.0	32.0	0.505051
03/23/2018 14:23:10	33.0	33.0	0.502513
03/23/2018 14:23:21	34.0	33.0	1.00503
03/23/2018 14:23:32	33.0	33.0	0.505051
03/23/2018 14:23:43	33.0	33.0	0.251889
03/23/2018 14:23:54	33.0	34.0	1.0101
03/23/2018 14:24:05	33.0	33.0	0.252525
03/23/2018 14:24:16	34.0	34.0	0.251889
03/23/2018 14:24:27	33.0	33.0	1.25628
03/23/2018 14:24:38	34.0	34.0	0.502513
03/23/2018 14:24:49	34.0	34.0	0.505051
03/23/2018 14:25:00	33.0	34.0	1.00756
03/23/2018 14:25:11	34.0	35.0	1.26263
03/23/2018 14:25:22	34.0	34.0	1.51515
03/23/2018 14:25:33	34.0	34.0	0.253165
03/23/2018 14:25:45	34.0	34.0	0.503778
03/23/2018 14:25:56	35.0	35.0	1.25945
03/23/2018 14:26:07	34.0	34.0	0.503778
03/23/2018 14:26:18	35.0	35.0	0.753769
03/23/2018 14:26:29	35.0	35.0	0.757576
03/23/2018 14:26:40	34.0	35.0	0.755668
03/23/2018 14:26:51	35.0	35.0	0.753769
03/23/2018 14:27:02	34.0	35.0	1.25628
03/23/2018 14:27:13	35.0	34.0	0.252525
03/23/2018 14:27:24	34.0	34.0	0.505051
03/23/2018 14:27:35	34.0	35.0	1.0101
03/23/2018 14:27:46	35.0	35.0	0.502513
03/23/2018 14:27:57	35.0	35.0	1.00756
03/23/2018 14:28:08	34.0	35.0	0.502513
03/23/2018 14:28:19	35.0	36.0	2.52525
03/23/2018 14:28:30	35.0	35.0	1.01266
03/23/2018 14:28:41	35.0	35.0	0.502513
03/23/2018 14:28:52	35.0	36.0	0.252525
03/23/2018 14:29:03	35.0	35.0	1.25945
03/23/2018 14:29:14	35.0	36.0	0.502513
03/23/2018 14:29:25	35.0	35.0	0.505051
03/23/2018 14:29:36	36.0	36.0	0.508906
03/23/2018 14:29:47	35.0	35.0	0.505051
03/23/2018 14:29:58	36.0	35.0	0.505051
03/23/2018 14:30:09	35.0	36.0	1.25628
03/23/2018 14:30:20	37.0	36.0	0.503778
03/23/2018 14:30:31	37.0	36.0	1.01266
03/23/2018 14:30:42	35.0	36.0	0.252525
03/23/2018 14:30:53	36.0	37.0	0.753769
03/23/2018 14:31:04	36.0	35.0	0.759494
03/23/2018 14:31:15	36.0	37.0	0.252525
03/23/2018 14:31:26	36.0	37.0	1.0101
03/23/2018 14:31:37	36.0	36.0	1.26263
03/23/2018 14:31:49	35.0	36.0	0.503778
03/23/2018 14:32:00	36.0	36.0	0.755668
03/23/2018 14:32:11	36.0	36.0	1.00756
03/23/2018 14:32:22	35.0	36.0	0.503778
03/23/2018 14:32:33	36.0	37.0	0.251889
03/23/2018 14:32:44	36.0	36.0	1.0101
03/23/2018 14:32:55	36.0	36.0	1
03/23/2018 14:33:06	36.0	37.0	0.757576
03/23/2018 14:33:17	36.0	36.0	1.25945
03/23/2018 14:33:28	36.0	36.0	0.252525
03/23/2018 14:33:39	36.0	37.0	1.0101
03/23/2018 14:33:50	36.0	36.0	0
03/23/2018 14:34:01	36.0	36.0	0.502513
03/23/2018 14:34:12	36.0	37.0	1.00756
03/23/2018 14:34:23	37.0	37.0	1.26263
03/23/2018 14:34:34	37.0	37.0	0.503778
03/23/2018 14:34:45	36.0	37.0	1.50754
03/23/2018 14:34:56	37.0	37.0	0.251889
03/23/2018 14:35:07	37.0	37.0	1.25945
03/23/2018 14:35:18	36.0	36.0	0.75188
03/23/2018 14:35:29	37.0	37.0	0.503778
03/23/2018 14:35:40	36.0	36.0	1.01266
03/23/2018 14:35:51	36.0	36.0	0.503778
03/23/2018 14:36:02	36.0	37.0	0.502513
03/23/2018 14:36:13	37.0	36.0	1.26263
03/23/2018 14:36:24	36.0	37.0	2.52525
03/23/2018 14:36:35	37.0	37.0	0.503778
03/23/2018 14:36:46	36.0	37.0	1.0101
03/23/2018 14:36:57	37.0	37.0	0.503778
03/23/2018 14:37:08	37.0	37.0	0.503778
03/23/2018 14:37:19	37.0	37.0	1.0101
03/23/2018 14:37:30	37.0	37.0	0.503778
03/23/2018 14:37:41	37.0	37.0	1.01266
03/23/2018 14:37:52	37.0	37.0	0.755668
03/23/2018 14:38:04	37.0	36.0	0.251889
03/23/2018 14:38:15	37.0	37.0	1.00756
03/23/2018 14:38:26	37.0	37.0	1.25945
03/23/2018 14:38:37	37.0	37.0	1.00503
03/23/2018 14:38:48	38.0	37.0	0.757576
03/23/2018 14:38:59	37.0	37.0	0.755668
03/23/2018 14:39:10	38.0	38.0	0.251889
03/23/2018 14:39:21	37.0	37.0	1.26263
03/23/2018 14:39:32	37.0	37.0	0.503778
03/23/2018 14:39:43	37.0	37.0	0.502513
03/23/2018 14:39:54	37.0	37.0	1.0101
03/23/2018 14:40:05	37.0	37.0	0.757576
03/23/2018 14:40:16	37.0	37.0	0.755668
03/23/2018 14:40:27	38.0	37.0	0.759494
03/23/2018 14:40:38	38.0	37.0	0.503778
03/23/2018 14:40:49	37.0	38.0	0.759494
03/23/2018 14:41:00	37.0	37.0	0.503778
03/23/2018 14:41:11	38.0	37.0	0.503778
03/23/2018 14:41:22	38.0	37.0	0.757576
03/23/2018 14:41:33	37.0	38.0	0.503778
03/23/2018 14:41:44	38.0	38.0	0.75188
03/23/2018 14:41:55	37.0	37.0	1.0101
03/23/2018 14:42:06	38.0	37.0	0.503778
03/23/2018 14:42:17	37.0	37.0	0.251889
03/23/2018 14:42:28	38.0	37.0	1.0101
03/23/2018 14:42:39	37.0	38.0	0.252525
03/23/2018 14:42:50	37.0	38.0	1.00756
03/23/2018 14:43:01	38.0	38.0	0.252525
03/23/2018 14:43:12	37.0	38.0	0.503778
03/23/2018 14:43:23	38.0	38.0	1.0101
03/23/2018 14:43:34	38.0	38.0	0.503778
03/23/2018 14:43:45	39.0	37.0	0.502513
03/23/2018 14:43:56	38.0	37.0	1.00756
03/23/2018 14:44:07	37.0	37.0	0.502513
03/23/2018 14:44:19	38.0	37.0	0.75188
03/23/2018 14:44:30	37.0	37.0	1.00756
03/23/2018 14:44:41	37.0	38.0	0.503778
03/23/2018 14:44:52	37.0	38.0	0.755668
03/23/2018 14:45:03	38.0	37.0	1.25945
03/23/2018 14:45:14	37.0	38.0	0.503778
03/23/2018 14:45:25	38.0	38.0	1.50754
03/23/2018 14:45:36	38.0	37.0	0.251889
03/23/2018 14:45:47	38.0	38.0	0.503778
03/23/2018 14:45:58	39.0	38.0	0.759494
03/23/2018 14:46:09	39.0	38.0	0.503778
03/23/2018 14:46:20	38.0	38.0	0.755668
03/23/2018 14:46:31	38.0	38.0	0.755668
03/23/2018 14:46:42	39.0	38.0	0.755668
03/23/2018 14:46:53	38.0	38.0	0.503778
03/23/2018 14:47:04	38.0	38.0	1.26263
03/23/2018 14:47:15	38.0	38.0	0.502513
03/23/2018 14:47:26	38.0	37.0	0.503778
03/23/2018 14:47:37	37.0	38.0	0.753769
03/23/2018 14:47:48	38.0	38.0	0.503778
03/23/2018 14:47:59	37.0	38.0	1.26263
03/23/2018 14:48:10	37.0	38.0	0.503778
03/23/2018 14:48:21	39.0	38.0	0.251256
03/23/2018 14:48:32	38.0	38.0	1.00756
03/23/2018 14:48:43	39.0	38.0	0.252525
03/23/2018 14:48:54	38.0	38.0	0.503778
03/23/2018 14:49:05	39.0	38.0	1.0101
03/23/2018 14:49:16	38.0	39.0	0.251889
03/23/2018 14:49:27	38.0	38.0	0.251889
03/23/2018 14:49:38	39.0	38.0	1.00756
03/23/2018 14:49:49	38.0	39.0	0.503778
03/23/2018 14:50:00	39.0	39.0	0.753769
03/23/2018 14:50:11	39.0	39.0	0.252525
03/23/2018 14:50:22	40.0	38.0	0.503778
03/23/2018 14:50:33	38.0	38.0	1.26263
03/23/2018 14:50:44	38.0	39.0	0.503778
03/23/2018 14:50:56	39.0	39.0	0.503778
03/23/2018 14:51:07	39.0	39.0	1.25945
03/23/2018 14:51:18	38.0	39.0	0.505051
03/23/2018 14:51:29	39.0	39.0	0.251889
03/23/2018 14:51:40	39.0	39.0	1.25628
03/23/2018 14:51:51	38.0	39.0	0.251889
03/23/2018 14:52:02	38.0	38.0	2.51889
03/23/2018 14:52:13	39.0	39.0	1.51515
03/23/2018 14:52:24	39.0	39.0	0.503778
03/23/2018 14:52:35	39.0	39.0	0.757576
03/23/2018 14:52:46	39.0	39.0	0.503778
03/23/2018 14:52:57	38.0	39.0	0.502513
03/23/2018 14:53:08	39.0	39.0	1.01266
03/23/2018 14:53:19	39.0	39.0	0
03/23/2018 14:53:30	38.0	39.0	0.505051
03/23/2018 14:53:41	39.0	39.0	0.757576
03/23/2018 14:53:52	39.0	39.0	0.503778
03/23/2018 14:54:03	39.0	39.0	2.52525
03/23/2018 14:54:14	39.0	39.0	1.0101
03/23/2018 14:54:25	38.0	39.0	0.253165
03/23/2018 14:54:36	39.0	39.0	0.503778
03/23/2018 14:54:47	40.0	40.0	1.26263
03/23/2018 14:54:58	39.0	39.0	1.51899
03/23/2018 14:55:09	39.0	40.0	0.757576
03/23/2018 14:55:20	39.0	40.0	0.502513
03/23/2018 14:55:31	39.0	40.0	0.503778
03/23/2018 14:55:42	39.0	40.0	0.759494
03/23/2018 14:55:53	39.0	39.0	0.503778
03/23/2018 14:56:04	40.0	40.0	2.27273
03/23/2018 14:56:15	39.0	40.0	1.25628
03/23/2018 14:56:26	39.0	39.0	0.75188
03/23/2018 14:56:37	39.0	39.0	0.503778
03/23/2018 14:56:48	39.0	40.0	1.00756
03/23/2018 14:56:59	40.0	40.0	0.753769
03/23/2018 14:57:10	39.0	39.0	0.252525
03/23/2018 14:57:22	39.0	39.0	0.757576
03/23/2018 14:57:33	39.0	40.0	0.251889
03/23/2018 14:57:44	39.0	40.0	1.0101
03/23/2018 14:57:55	39.0	40.0	0.503778
03/23/2018 14:58:06	40.0	39.0	1.25945
03/23/2018 14:58:17	40.0	40.0	0.755668
03/23/2018 14:58:28	39.0	40.0	0.755668
03/23/2018 14:58:39	40.0	40.0	0.503778
03/23/2018 14:58:50	39.0	40.0	1.0101
03/23/2018 14:59:01	40.0	40.0	0.503778
03/23/2018 14:59:12	40.0	40.0	0.503778
03/23/2018 14:59:23	40.0	40.0	1.0101
03/23/2018 14:59:34	39.0	40.0	0.503778
03/23/2018 14:59:45	40.0	40.0	0.753769
03/23/2018 14:59:56	40.0	40.0	0.251889
03/23/2018 15:00:07	40.0	40.0	0.503778
03/23/2018 15:00:18	40.0	40.0	0.757576
03/23/2018 15:00:29	39.0	40.0	0.503778
03/23/2018 15:00:40	39.0	40.0	0.252525
03/23/2018 15:00:51	40.0	40.0	1.01266
03/23/2018 15:01:02	39.0	40.0	0.252525
03/23/2018 15:01:13	39.0	40.0	0.503778
03/23/2018 15:01:24	40.0	40.0	0.757576
03/23/2018 15:01:35	41.0	40.0	0.502513
03/23/2018 15:01:46	41.0	40.0	0.252525
03/23/2018 15:01:57	40.0	40.0	1.0101
03/23/2018 15:02:08	40.0	40.0	1.00503
03/23/2018 15:02:19	41.0	42.0	1.76322
03/23/2018 15:02:30	40.0	40.0	0.505051
03/23/2018 15:02:41	40.0	40.0	0.755668
03/23/2018 15:02:52	40.0	40.0	0.757576
03/23/2018 15:03:03	40.0	41.0	0.251889
03/23/2018 15:03:14	40.0	40.0	0.755668
03/23/2018 15:03:25	41.0	40.0	1.0101
03/23/2018 15:03:36	40.0	40.0	0.503778
03/23/2018 15:03:47	39.0	41.0	0.502513
03/23/2018 15:03:58	40.0	41.0	1.0101
03/23/2018 15:04:09	40.0	41.0	0.251889
03/23/2018 15:04:21	40.0	40.0	0.753769
03/23/2018 15:04:32	40.0	39.0	0.506329
03/23/2018 15:04:43	40.0	41.0	0.505051
03/23/2018 15:04:54	40.0	40.0	0.759494
03/23/2018 15:05:05	40.0	41.0	0.505051
03/23/2018 15:05:16	40.0	40.0	0.505051
03/23/2018 15:05:27	40.0	40.0	1.25628
03/23/2018 15:05:38	41.0	41.0	0.252525
03/23/2018 15:05:49	40.0	41.0	0.502513
03/23/2018 15:06:00	40.0	40.0	1.0101
03/23/2018 15:06:11	40.0	41.0	0.252525
03/23/2018 15:06:22	40.0	41.0	0
03/23/2018 15:06:33	40.0	41.0	0.761421
03/23/2018 15:06:44	40.0	41.0	0.503778
03/23/2018 15:06:55	40.0	40.0	1.25628
03/23/2018 15:07:06	41.0	41.0	2.01511
03/23/2018 15:07:17	40.0	40.0	0.755668
03/23/2018 15:07:28	40.0	41.0	1.01266
03/23/2018 15:07:39	40.0	40.0	0.251889
03/23/2018 15:07:50	40.0	40.0	0.503778
03/23/2018 15:08:01	41.0	40.0	1.00756
03/23/2018 15:08:12	40.0	40.0	1.77215
03/23/2018 15:08:23	40.0	40.0	0.503778
03/23/2018 15:08:34	41.0	41.0	1.00756
03/23/2018 15:08:45	41.0	40.0	0.502513
03/23/2018 15:08:56	41.0	40.0	0.505051
03/23/2018 15:09:07	40.0	41.0	0.506329
03/23/2018 15:09:18	40.0	40.0	0.252525
03/23/2018 15:09:29	40.0	41.0	0.75188
03/23/2018 15:09:40	40.0	40.0	0.503778
03/23/2018 15:09:51	40.0	40.0	0
03/23/2018 15:10:02	41.0	41.0	1.25628
03/23/2018 15:10:13	41.0	41.0	0.502513
03/23/2018 15:10:24	41.0	41.0	0.503778
03/23/2018 15:10:35	41.0	41.0	1.00756
03/23/2018 15:10:47	40.0	41.0	0.503778
03/23/2018 15:10:58	41.0	41.0	0.252525
03/23/2018 15:11:09	41.0	41.0	1.25945
03/23/2018 15:11:20	41.0	40.0	0.252525
03/23/2018 15:11:31	41.0	41.0	0.252525
03/23/2018 15:11:42	40.0	40.0	2.267
03/23/2018 15:11:53	40.0	40.0	0.252525
03/23/2018 15:12:04	40.0	40.0	1.0101
03/23/2018 15:12:15	40.0	41.0	0.502513
03/23/2018 15:12:26	41.0	41.0	0.757576
03/23/2018 15:12:37	41.0	40.0	1.00756
03/23/2018 15:12:48	40.0	40.0	0.252525
03/23/2018 15:12:59	40.0	40.0	0.502513
03/23/2018 15:13:10	41.0	41.0	1.00756
03/23/2018 15:13:21	41.0	41.0	0
03/23/2018 15:13:32	41.0	41.0	0.252525
03/23/2018 15:13:43	42.0	41.0	3.28283
03/23/2018 15:13:54	41.0	41.0	0.252525
03/23/2018 15:14:05	41.0	40.0	0
03/23/2018 15:14:16	41.0	41.0	1.25945
03/23/2018 15:14:27	40.0	41.0	0.251889
03/23/2018 15:14:38	40.0	41.0	1.25628
03/23/2018 15:14:49	40.0	41.0	0.251889
03/23/2018 15:15:00	41.0	41.0	0.753769
03/23/2018 15:15:11	42.0	41.0	1.00756
03/23/2018 15:15:22	41.0	41.0	0.503778
03/23/2018 15:15:33	41.0	41.0	2.02532
03/23/2018 15:15:44	41.0	40.0	2.77078
03/23/2018 15:15:55	40.0	41.0	0.503778
03/23/2018 15:16:06	40.0	41.0	0.251256
03/23/2018 15:16:17	41.0	40.0	0.757576
03/23/2018 15:16:28	40.0	40.0	0.251889
03/23/2018 15:16:39	40.0	41.0	0.755668
03/23/2018 15:16:50	41.0	41.0	0.759494
03/23/2018 15:17:02	40.0	40.0	1.26263
03/23/2018 15:17:13	41.0	42.0	1.0101
03/23/2018 15:17:24	42.0	42.0	0.755668
03/23/2018 15:17:35	41.0	41.0	0.251889
03/23/2018 15:17:46	40.0	41.0	1.25945
03/23/2018 15:17:57	41.0	40.0	0.251889
03/23/2018 15:18:08	41.0	41.0	0.252525
03/23/2018 15:18:19	40.0	41.0	55.303
03/23/2018 15:18:30	43.0	47.0	8.28571
03/23/2018 15:18:41	42.0	42.0	20.3474
03/23/2018 15:18:53	43.0	43.0	18.136
03/23/2018 15:19:04	44.0	44.0	17.3913
03/23/2018 15:19:15	44.0	45.0	17.1355
03/23/2018 15:19:26	45.0	45.0	16.4103
03/23/2018 15:19:37	46.0	46.0	17.2237
03/23/2018 15:19:48	46.0	46.0	16.7939
03/23/2018 15:19:59	47.0	47.0	16.3683
03/23/2018 15:20:10	48.0	47.0	17.7665
03/23/2018 15:20:21	48.0	48.0	17.0051
03/23/2018 15:20:32	49.0	49.0	17.2589
03/23/2018 15:20:43	49.0	49.0	17.2589
03/23/2018 15:20:54	49.0	49.0	16.1538
03/23/2018 15:21:05	49.0	49.0	16.3683
03/23/2018 15:21:16	50.0	50.0	16.285
03/23/2018 15:21:27	51.0	51.0	15.1282
03/23/2018 15:21:38	51.0	51.0	15.6812
03/23/2018 15:21:49	51.0	51.0	15.1282
03/23/2018 15:22:00	52.0	52.0	16.3728
03/23/2018 15:22:11	52.0	53.0	15.9494
03/23/2018 15:22:22	52.0	53.0	13.4367
03/23/2018 15:22:33	52.0	53.0	13.8817
03/23/2018 15:22:44	53.0	53.0	14.5455
03/23/2018 15:22:55	54.0	54.0	13.6598
03/23/2018 15:23:06	54.0	54.0	13.9535
03/23/2018 15:23:17	54.0	54.0	15.5039
03/23/2018 15:23:28	55.0	54.0	13.0548
03/23/2018 15:23:39	55.0	54.0	13.6951
03/23/2018 15:23:50	56.0	55.0	14.2857
03/23/2018 15:24:02	55.0	55.0	11.7801
03/23/2018 15:24:13	56.0	55.0	13.0548
03/23/2018 15:24:24	55.0	56.0	12.336
03/23/2018 15:24:35	56.0	56.0	12.0735
03/23/2018 15:24:46	56.0	56.0	12.6316
03/23/2018 15:24:57	56.0	56.0	12.5326
03/23/2018 15:25:08	54.0	54.0	12.5984
03/23/2018 15:25:19	51.0	52.0	17.9625
03/23/2018 15:25:30	51.0	51.0	13.6842
03/23/2018 15:25:41	49.0	48.0	13.5279
03/23/2018 15:25:52	47.0	48.0	14.4737
03/23/2018 15:26:03	48.0	48.0	15.9151
03/23/2018 15:26:14	50.0	51.0	17.4935
03/23/2018 15:26:25	51.0	51.0	17.7546
03/23/2018 15:26:36	52.0	52.0	17.5393
03/23/2018 15:26:47	53.0	53.0	16.3636
03/23/2018 15:26:58	54.0	54.0	19.4805
03/23/2018 15:27:09	54.0	55.0	16.4062
03/23/2018 15:27:20	55.0	56.0	19.8433
03/23/2018 15:27:31	58.0	57.0	18.75
03/23/2018 15:27:42	56.0	55.0	19.0104
03/23/2018 15:27:53	53.0	53.0	17.4935
03/23/2018 15:28:04	51.0	51.0	13.6842
03/23/2018 15:28:16	49.0	49.0	14.4231
03/23/2018 15:28:27	48.0	48.0	14.7453
03/23/2018 15:28:38	47.0	47.0	14.0212
03/23/2018 15:28:49	48.0	48.0	13.5638
03/23/2018 15:29:00	50.0	49.0	15.3425
03/23/2018 15:29:11	50.0	51.0	14.1361
03/23/2018 15:29:22	51.0	52.0	13.4565
03/23/2018 15:29:33	52.0	53.0	13.089
03/23/2018 15:29:44	53.0	53.0	17.7249
03/23/2018 15:29:55	54.0	54.0	18.3246
03/23/2018 15:30:06	55.0	55.0	18.3246
03/23/2018 15:30:17	57.0	56.0	20
03/23/2018 15:30:28	55.0	54.0	20.3655
03/23/2018 15:30:39	53.0	52.0	15.6658
03/23/2018 15:30:50	51.0	51.0	17.7546
03/23/2018 15:31:01	50.0	50.0	17.4935
03/23/2018 15:31:12	50.0	49.0	20.1044
03/23/2018 15:31:24	49.0	48.0	18.0628
03/23/2018 15:31:35	48.0	48.0	17.2775
03/23/2018 15:31:46	48.0	47.0	19.3717
03/23/2018 15:31:57	48.0	47.0	17.801
03/23/2018 15:32:08	49.0	49.0	16.1458
03/23/2018 15:32:19	51.0	51.0	18.6528
03/23/2018 15:32:30	51.0	53.0	17.1875
03/23/2018 15:32:41	54.0	53.0	17.3684
03/23/2018 15:32:52	54.0	54.0	18.9474
03/23/2018 15:33:03	56.0	55.0	18.6352
03/23/2018 15:33:14	56.0	56.0	18.6842
03/23/2018 15:33:25	55.0	56.0	19.1099
03/23/2018 15:33:36	53.0	53.0	18.2768
03/23/2018 15:33:47	51.0	51.0	19.6335
03/23/2018 15:33:58	50.0	50.0	19.2708
03/23/2018 15:34:09	50.0	48.0	16.0105
03/23/2018 15:34:20	49.0	48.0	19.3717
03/23/2018 15:34:31	48.0	48.0	16.7979
03/23/2018 15:34:42	48.0	48.0	18.799
03/23/2018 15:34:53	48.0	47.0	19.7403
03/23/2018 15:35:04	50.0	50.0	18.6352
03/23/2018 15:35:15	52.0	51.0	17.6781
03/23/2018 15:35:26	52.0	53.0	12.8947
03/23/2018 15:35:37	53.0	53.0	12.1053
03/23/2018 15:35:48	54.0	54.0	12.336
03/23/2018 15:35:59	54.0	54.0	17.3228
03/23/2018 15:36:10	56.0	55.0	17.8478
03/23/2018 15:36:21	56.0	56.0	17.2324
03/23/2018 15:36:32	55.0	55.0	16.0105
03/23/2018 15:36:43	53.0	53.0	18.3246
03/23/2018 15:36:54	51.0	51.0	17.7083
03/23/2018 15:37:05	51.0	51.0	17.7546
03/23/2018 15:37:16	50.0	50.0	18.2768
03/23/2018 15:37:27	49.0	48.0	16.6234
03/23/2018 15:37:38	48.0	48.0	18.3246
03/23/2018 15:37:49	48.0	48.0	15.748
03/23/2018 15:38:00	47.0	47.0	18.0628
03/23/2018 15:38:12	50.0	50.0	17.0604
03/23/2018 15:38:23	51.0	51.0	13.2275
03/23/2018 15:38:34	51.0	52.0	14.5503
03/23/2018 15:38:45	52.0	53.0	13.0319
03/23/2018 15:38:56	54.0	53.0	13.6842
03/23/2018 15:39:07	55.0	54.0	12.8342
03/23/2018 15:39:18	55.0	54.0	12.9288
03/23/2018 15:39:29	56.0	56.0	12.6316
03/23/2018 15:39:40	56.0	56.0	17.7898
03/23/2018 15:39:51	56.0	56.0	17.8191
03/23/2018 15:40:02	54.0	54.0	25.1908
03/23/2018 15:40:13	54.0	53.0	17.3228
03/23/2018 15:40:24	50.0	51.0	18.1579
03/23/2018 15:40:35	50.0	50.0	18.5864
03/23/2018 15:40:46	50.0	50.0	14.7059
03/23/2018 15:40:57	48.0	48.0	14.2091
03/23/2018 15:41:08	48.0	47.0	18.8482
03/23/2018 15:41:19	49.0	48.0	18.3727
03/23/2018 15:41:30	50.0	51.0	19.8433
03/23/2018 15:41:41	52.0	53.0	17.9894
03/23/2018 15:41:52	53.0	53.0	19.6335
03/23/2018 15:42:03	55.0	54.0	18.7335
03/23/2018 15:42:14	56.0	56.0	19.8433
03/23/2018 15:42:25	57.0	57.0	13.3508
03/23/2018 15:42:36	55.0	55.0	11.811
03/23/2018 15:42:47	52.0	53.0	14.0212
03/23/2018 15:42:58	51.0	51.0	14.2105
03/23/2018 15:43:10	49.0	49.0	14.8571
03/23/2018 15:43:21	48.0	48.0	13.8298
03/23/2018 15:43:32	47.0	48.0	14.0212
03/23/2018 15:43:43	48.0	48.0	17.0604
03/23/2018 15:43:54	50.0	50.0	13.7203
03/23/2018 15:44:05	51.0	51.0	11.8734
03/23/2018 15:44:16	52.0	53.0	12.963
03/23/2018 15:44:27	53.0	53.0	12.336
03/23/2018 15:44:38	54.0	53.0	12.8272
03/23/2018 15:44:49	55.0	55.0	12.9288
03/23/2018 15:45:00	55.0	54.0	12.4339
03/23/2018 15:45:11	55.0	55.0	12.5
03/23/2018 15:45:22	56.0	56.0	13.3508
03/23/2018 15:45:33	56.0	55.0	12.1053
03/23/2018 15:45:44	54.0	53.0	13.9474
03/23/2018 15:45:55	51.0	51.0	15
03/23/2018 15:46:06	50.0	50.0	13.2979
03/23/2018 15:46:17	49.0	48.0	14.5119
03/23/2018 15:46:28	48.0	48.0	13.9474
03/23/2018 15:46:39	47.0	47.0	14.0957
03/23/2018 15:46:50	49.0	48.0	14.2857
03/23/2018 15:47:01	50.0	50.0	12.4011
03/23/2018 15:47:12	51.0	51.0	12.6649
03/23/2018 15:47:23	52.0	52.0	13.1234
03/23/2018 15:47:34	53.0	53.0	12.3037
03/23/2018 15:47:45	54.0	53.0	12.5654
03/23/2018 15:47:57	55.0	54.0	12.8609
03/23/2018 15:48:08	55.0	55.0	12.6984
03/23/2018 15:48:19	55.0	55.0	12.0104
03/23/2018 15:48:30	56.0	56.0	12.9288
03/23/2018 15:48:41	55.0	54.0	12.6316
03/23/2018 15:48:52	52.0	53.0	13.6842
03/23/2018 15:49:03	51.0	51.0	13.9842
03/23/2018 15:49:14	50.0	49.0	13.6842
03/23/2018 15:49:25	48.0	48.0	14.7757
03/23/2018 15:49:36	48.0	48.0	15.5263
03/23/2018 15:49:47	47.0	47.0	15.1832
03/23/2018 15:49:58	48.0	48.0	14.4737
03/23/2018 15:50:09	50.0	50.0	13.6483
03/23/2018 15:50:20	51.0	51.0	12.5326
03/23/2018 15:50:31	52.0	52.0	13.9108
03/23/2018 15:50:42	53.0	53.0	12.0735
03/23/2018 15:50:53	54.0	54.0	11.6095
03/23/2018 15:51:04	55.0	54.0	12.2016
03/23/2018 15:51:15	55.0	55.0	11.811
03/23/2018 15:51:26	55.0	56.0	11.7801
03/23/2018 15:51:37	56.0	56.0	11.9048
03/23/2018 15:51:48	55.0	55.0	12.5326
03/23/2018 15:51:59	52.0	53.0	13.6842
03/23/2018 15:52:10	51.0	51.0	13.1926
03/23/2018 15:52:21	50.0	50.0	14.4357
03/23/2018 15:52:32	49.0	48.0	15.873
03/23/2018 15:52:43	49.0	48.0	13.6483
03/23/2018 15:52:54	48.0	48.0	13.089
03/23/2018 15:53:05	49.0	50.0	13.9474
03/23/2018 15:53:17	51.0	51.0	13.6842
03/23/2018 15:53:28	52.0	52.0	12.2715
03/23/2018 15:53:39	53.0	53.0	12.8272
03/23/2018 15:53:50	54.0	54.0	12.2715
03/23/2018 15:54:01	55.0	54.0	12.336
03/23/2018 15:54:12	55.0	55.0	11.8734
03/23/2018 15:54:23	55.0	55.0	13.089
03/23/2018 15:54:34	57.0	56.0	12.5654
03/23/2018 15:54:45	55.0	54.0	13.0548
03/23/2018 15:54:56	52.0	53.0	11.811
03/23/2018 15:55:07	51.0	51.0	13.7566
03/23/2018 15:55:18	50.0	49.0	13.4565
03/23/2018 15:55:29	48.0	48.0	14.7368
03/23/2018 15:55:40	48.0	47.0	17.9153
03/23/2018 15:55:52	48.0	46.0	13.4565
03/23/2018 15:56:03	47.0	47.0	17.3684
03/23/2018 15:56:14	49.0	50.0	16.8831
03/23/2018 15:56:25	51.0	51.0	15.8854
03/23/2018 15:56:36	52.0	53.0	19.3717
03/23/2018 15:56:47	54.0	54.0	16.6234
03/23/2018 15:56:58	56.0	54.0	17.801
03/23/2018 15:57:09	57.0	56.0	16.1039
03/23/2018 15:57:20	57.0	56.0	17.2775
03/23/2018 15:57:31	55.0	55.0	19.5822
03/23/2018 15:57:42	53.0	53.0	18.799
03/23/2018 15:57:53	51.0	51.0	16.8831
03/23/2018 15:58:04	50.0	50.0	17.7546
03/23/2018 15:58:15	50.0	50.0	17.1875
03/23/2018 15:58:26	48.0	49.0	17.3228
03/23/2018 15:58:37	48.0	48.0	14.6214
03/23/2018 15:58:48	48.0	48.0	18.2292
03/23/2018 15:58:59	47.0	47.0	18.799
03/23/2018 15:59:10	50.0	50.0	18.5864
03/23/2018 15:59:21	51.0	51.0	20.6806
03/23/2018 15:59:32	53.0	53.0	18.6352
03/23/2018 15:59:43	55.0	53.0	17.4935
03/23/2018 15:59:54	56.0	54.0	18.8482
03/23/2018 16:00:05	56.0	56.0	20.3655
03/23/2018 16:00:16	56.0	57.0	18.8482
03/23/2018 16:00:27	55.0	54.0	19.685
03/23/2018 16:00:38	52.0	53.0	18.3246
03/23/2018 16:00:49	51.0	51.0	17.4935
03/23/2018 16:01:00	50.0	50.0	19.2208
03/23/2018 16:01:11	49.0	49.0	19.1099
03/23/2018 16:01:22	49.0	48.0	17.7546
03/23/2018 16:01:33	48.0	48.0	16.2304
03/23/2018 16:01:44	48.0	48.0	17.5393
03/23/2018 16:01:55	47.0	48.0	18.4211
03/23/2018 16:02:06	48.0	48.0	19.4737
03/23/2018 16:02:17	50.0	50.0	18.2768
03/23/2018 16:02:29	51.0	51.0	20.5263
03/23/2018 16:02:40	52.0	52.0	17.5853
03/23/2018 16:02:51	54.0	54.0	17.5853
03/23/2018 16:03:02	55.0	54.0	17.3228
03/23/2018 16:03:13	56.0	55.0	16.4062
03/23/2018 16:03:24	57.0	56.0	17.9221
03/23/2018 16:03:35	57.0	56.0	18.9474
03/23/2018 16:03:46	54.0	54.0	18.1579
03/23/2018 16:03:57	52.0	53.0	18.2292
03/23/2018 16:04:08	51.0	51.0	18.5864
03/23/2018 16:04:19	49.0	50.0	18.7013
03/23/2018 16:04:30	49.0	49.0	19.3211
03/23/2018 16:04:41	49.0	48.0	18.0628
03/23/2018 16:04:52	48.0	47.0	18.6047
03/23/2018 16:05:03	47.0	47.0	18.2058
03/23/2018 16:05:14	49.0	50.0	18.9474
03/23/2018 16:05:25	51.0	51.0	17.3684
03/23/2018 16:05:36	53.0	53.0	19.3211
03/23/2018 16:05:47	54.0	53.0	17.2324
03/23/2018 16:05:58	54.0	54.0	18.961
03/23/2018 16:06:09	55.0	56.0	18.961
03/23/2018 16:06:20	56.0	55.0	17.3228
03/23/2018 16:06:31	56.0	56.0	19.1099
03/23/2018 16:06:42	54.0	54.0	19.3211
03/23/2018 16:06:53	52.0	52.0	17.3575
03/23/2018 16:07:04	51.0	51.0	18.4416
03/23/2018 16:07:15	50.0	49.0	17.5853
03/23/2018 16:07:26	49.0	49.0	18.1102
03/23/2018 16:07:37	49.0	48.0	16.8865
03/23/2018 16:07:48	49.0	48.0	17.2324
03/23/2018 16:07:59	48.0	47.0	17.9221
03/23/2018 16:08:10	50.0	50.0	22.9974
03/23/2018 16:08:21	51.0	52.0	31.6667
03/23/2018 16:08:33	52.0	53.0	13.1579
03/23/2018 16:08:44	54.0	54.0	17.942
03/23/2018 16:08:55	55.0	54.0	16.7979
03/23/2018 16:09:06	56.0	56.0	16.4921
03/23/2018 16:09:17	56.0	56.0	17.3228
03/23/2018 16:09:28	54.0	54.0	18.6352
03/23/2018 16:09:39	51.0	51.0	17.3228
03/23/2018 16:09:50	51.0	51.0	17.0604
03/23/2018 16:10:01	50.0	50.0	17.7546
03/23/2018 16:10:12	49.0	48.0	20.5263
03/23/2018 16:10:23	48.0	48.0	19.1099
03/23/2018 16:10:34	49.0	48.0	16.4921
03/23/2018 16:10:45	48.0	48.0	18.799
03/23/2018 16:10:56	48.0	48.0	17.801
03/23/2018 16:11:07	51.0	50.0	17.8478
03/23/2018 16:11:18	51.0	51.0	18.1579
03/23/2018 16:11:29	53.0	53.0	16.7979
03/23/2018 16:11:40	54.0	53.0	17.4479
03/23/2018 16:11:51	56.0	55.0	12.6316
03/23/2018 16:12:02	56.0	55.0	11.0526
03/23/2018 16:12:13	56.0	56.0	11.1979
03/23/2018 16:12:24	56.0	56.0	12.9288
03/23/2018 16:12:35	54.0	54.0	11.3158
03/23/2018 16:12:46	52.0	52.0	13.9842
03/23/2018 16:12:57	50.0	50.0	14.0212
03/23/2018 16:13:08	49.0	49.0	13.2626
03/23/2018 16:13:19	48.0	48.0	12.8947
03/23/2018 16:13:30	48.0	47.0	13.2275
03/23/2018 16:13:41	48.0	47.0	12.3684
03/23/2018 16:13:52	50.0	49.0	12.336
03/23/2018 16:14:04	51.0	50.0	13.3159
03/23/2018 16:14:15	51.0	51.0	11.8421
03/23/2018 16:14:26	52.0	53.0	12.1372
03/23/2018 16:14:37	53.0	53.0	17.0604
03/23/2018 16:14:48	55.0	54.0	16.4491
03/23/2018 16:14:59	56.0	56.0	16.2304
03/23/2018 16:15:10	57.0	56.0	20.3125
03/23/2018 16:15:21	56.0	55.0	18.0157
03/23/2018 16:15:32	53.0	52.0	17.5393
03/23/2018 16:15:43	51.0	51.0	18.2058
03/23/2018 16:15:54	51.0	51.0	15.1832
03/23/2018 16:16:05	49.0	50.0	13.7931
03/23/2018 16:16:16	49.0	49.0	14.7368
03/23/2018 16:16:27	47.0	47.0	14.0212
03/23/2018 16:16:38	47.0	47.0	14.0212
03/23/2018 16:16:49	49.0	50.0	12.6984
03/23/2018 16:17:00	50.0	51.0	18.254
03/23/2018 16:17:11	53.0	53.0	17.9688
03/23/2018 16:17:22	54.0	54.0	17.3228
03/23/2018 16:17:33	55.0	54.0	16.7979
03/23/2018 16:17:44	55.0	55.0	18.961
03/23/2018 16:17:55	57.0	56.0	17.4479
03/23/2018 16:18:06	55.0	55.0	16.6667
03/23/2018 16:18:17	53.0	53.0	18.9474
03/23/2018 16:18:28	51.0	51.0	18.8482
03/23/2018 16:18:39	50.0	50.0	16.9713
03/23/2018 16:18:50	50.0	49.0	14.8438
03/23/2018 16:19:01	48.0	48.0	15.4856
03/23/2018 16:19:12	48.0	47.0	13.7931
03/23/2018 16:19:23	47.0	47.0	12.8947
03/23/2018 16:19:34	49.0	48.0	13.4565
03/23/2018 16:19:45	50.0	50.0	13.9842
03/23/2018 16:19:57	51.0	51.0	12.1372
03/23/2018 16:20:08	52.0	51.0	12.2715
03/23/2018 16:20:19	53.0	53.0	13.0548
03/23/2018 16:20:30	54.0	53.0	13.0208
03/23/2018 16:20:41	55.0	54.0	11.7801
03/23/2018 16:20:52	55.0	54.0	11.5789
03/23/2018 16:21:03	56.0	55.0	11.9481
03/23/2018 16:21:14	57.0	56.0	12.7937
03/23/2018 16:21:25	55.0	54.0	12.3037
03/23/2018 16:21:36	52.0	52.0	12.5654
03/23/2018 16:21:47	51.0	51.0	14.5119
03/23/2018 16:21:58	49.0	49.0	12.7321
03/23/2018 16:22:09	49.0	48.0	13.1234
03/23/2018 16:22:20	47.0	48.0	12.6316
03/23/2018 16:22:31	47.0	47.0	13.4565
03/23/2018 16:22:42	48.0	48.0	13.9474
03/23/2018 16:22:53	50.0	50.0	12.9288
03/23/2018 16:23:04	51.0	51.0	12.3037
03/23/2018 16:23:15	53.0	51.0	12.5654
03/23/2018 16:23:26	53.0	53.0	12.5984
03/23/2018 16:23:37	54.0	54.0	13.0208
03/23/2018 16:23:48	55.0	54.0	12.5326
03/23/2018 16:23:59	55.0	55.0	11.9792
03/23/2018 16:24:10	56.0	55.0	11.0526
03/23/2018 16:24:21	56.0	55.0	12.4339
03/23/2018 16:24:32	54.0	53.0	11.7801
03/23/2018 16:24:43	51.0	51.0	13.3858
03/23/2018 16:24:54	50.0	51.0	15.3439
03/23/2018 16:25:05	49.0	48.0	12.4011
03/23/2018 16:25:16	49.0	48.0	13.9842
03/23/2018 16:25:28	47.0	47.0	14.2857
03/23/2018 16:25:39	48.0	47.0	13.4211
03/23/2018 16:25:50	49.0	50.0	12.0419
03/23/2018 16:26:01	50.0	51.0	13.5417
03/23/2018 16:26:12	52.0	52.0	11.5789
03/23/2018 16:26:23	52.0	53.0	13.6483
03/23/2018 16:26:34	54.0	54.0	12.5654
03/23/2018 16:26:45	54.0	54.0	12.0419
03/23/2018 16:26:56	55.0	55.0	12.336
03/23/2018 16:27:07	55.0	55.0	12.5326
03/23/2018 16:27:18	55.0	56.0	12.0104
03/23/2018 16:27:29	55.0	54.0	12.8947
03/23/2018 16:27:40	53.0	53.0	12.336
03/23/2018 16:27:51	50.0	51.0	12.0419
03/23/2018 16:28:02	50.0	50.0	14.7368
03/23/2018 16:28:13	49.0	48.0	13.9474
03/23/2018 16:28:24	48.0	47.0	14.1732
03/23/2018 16:28:35	47.0	47.0	14.0212
03/23/2018 16:28:46	47.0	47.0	13.1579
03/23/2018 16:28:57	49.0	48.0	13.4921
03/23/2018 16:29:08	50.0	50.0	14.1732
03/23/2018 16:29:19	51.0	51.0	13.4211
03/23/2018 16:29:30	52.0	53.0	13.089
03/23/2018 16:29:41	53.0	53.0	11.7801
03/23/2018 16:29:52	54.0	54.0	13.0548
03/23/2018 16:30:03	54.0	55.0	12.766
03/23/2018 16:30:14	55.0	55.0	12.1053
03/23/2018 16:30:25	56.0	55.0	11.7801
03/23/2018 16:30:36	57.0	56.0	12.4011
03/23/2018 16:30:48	55.0	54.0	11.811
03/23/2018 16:30:59	52.0	53.0	16.5354
03/23/2018 16:31:10	51.0	51.0	17.4479
03/23/2018 16:31:21	50.0	50.0	15.0259
03/23/2018 16:31:32	50.0	49.0	17.3575
03/23/2018 16:31:43	49.0	49.0	18.8482
03/23/2018 16:31:54	49.0	48.0	19.6335
03/23/2018 16:32:05	48.0	48.0	18.3246
03/23/2018 16:32:16	47.0	48.0	19.8953
03/23/2018 16:32:27	47.0	47.0	19.4301
03/23/2018 16:32:38	48.0	49.0	19.2208
03/23/2018 16:32:49	49.0	48.0	17.2775
03/23/2018 16:33:00	50.0	51.0	18.0157
03/23/2018 16:33:11	52.0	52.0	17.2775
03/23/2018 16:33:22	53.0	54.0	19.2708
03/23/2018 16:33:33	55.0	54.0	21.466
03/23/2018 16:33:44	56.0	56.0	17.3228
03/23/2018 16:33:55	57.0	55.0	19.8953
03/23/2018 16:34:06	56.0	56.0	17.9688
03/23/2018 16:34:17	53.0	53.0	17.2775
03/23/2018 16:34:28	51.0	51.0	19.5312
03/23/2018 16:34:39	50.0	51.0	18.1102
03/23/2018 16:34:50	50.0	50.0	18.5379
03/23/2018 16:35:01	49.0	48.0	18.1818
03/23/2018 16:35:12	48.0	48.0	18.5379
03/23/2018 16:35:23	48.0	47.0	18.75
03/23/2018 16:35:34	48.0	48.0	17.6623
03/23/2018 16:35:45	48.0	48.0	18.0628
03/23/2018 16:35:56	48.0	48.0	17.1429
03/23/2018 16:36:07	50.0	50.0	16.7979
03/23/2018 16:36:18	51.0	51.0	18.8482
03/23/2018 16:36:29	53.0	53.0	19.2105
03/23/2018 16:36:40	53.0	53.0	18.1102
03/23/2018 16:36:51	54.0	54.0	19.1099
03/23/2018 16:37:02	56.0	55.0	17.1875
03/23/2018 16:37:13	57.0	56.0	17.5853
03/23/2018 16:37:24	55.0	56.0	18.5864
03/23/2018 16:37:35	53.0	53.0	16.7979
03/23/2018 16:37:46	51.0	51.0	17.3684
03/23/2018 16:37:58	51.0	50.0	18.6352
03/23/2018 16:38:09	49.0	49.0	15.3646
03/23/2018 16:38:20	49.0	48.0	17.6781
03/23/2018 16:38:31	48.0	48.0	17.7546
03/23/2018 16:38:42	48.0	48.0	15.6658
03/23/2018 16:38:53	48.0	48.0	16.4491
03/23/2018 16:39:04	48.0	47.0	18.799
03/23/2018 16:39:15	48.0	48.0	17.0157
03/23/2018 16:39:26	49.0	48.0	17.7546
03/23/2018 16:39:37	51.0	51.0	17.5393
03/23/2018 16:39:48	52.0	52.0	18.8976
03/23/2018 16:39:59	53.0	53.0	18.1818
03/23/2018 16:40:10	54.0	55.0	18.2292
03/23/2018 16:40:21	57.0	56.0	18.2768
03/23/2018 16:40:32	56.0	55.0	17.6623
03/23/2018 16:40:43	55.0	55.0	18.2292
03/23/2018 16:40:54	52.0	53.0	17.0157
03/23/2018 16:41:05	51.0	51.0	18.6352
03/23/2018 16:41:16	50.0	50.0	15.7068
03/23/2018 16:41:27	49.0	50.0	15.8854
03/23/2018 16:41:38	49.0	49.0	17.1429
03/23/2018 16:41:49	48.0	48.0	18.2768
03/23/2018 16:42:00	48.0	48.0	17.3684
03/23/2018 16:42:11	48.0	47.0	19.4226
03/23/2018 16:42:22	48.0	47.0	17.9688
03/23/2018 16:42:33	47.0	48.0	17.4935
03/23/2018 16:42:44	50.0	50.0	18.2768
03/23/2018 16:42:55	51.0	51.0	18.2058
03/23/2018 16:43:06	53.0	53.0	18.75
03/23/2018 16:43:17	54.0	54.0	17.8947
03/23/2018 16:43:28	55.0	55.0	17.5853
03/23/2018 16:43:39	57.0	56.0	16.0526
03/23/2018 16:43:50	57.0	56.0	17.4479
03/23/2018 16:44:01	54.0	54.0	19.8953
03/23/2018 16:44:12	51.0	53.0	19.3717
03/23/2018 16:44:23	50.0	51.0	17.4935
03/23/2018 16:44:34	50.0	50.0	16.7979
03/23/2018 16:44:45	49.0	49.0	19.3798
03/23/2018 16:44:56	51.0	50.0	20.3608
03/23/2018 16:45:07	51.0	50.0	17.9221
03/23/2018 16:45:18	50.0	50.0	22.739
03/23/2018 16:45:29	50.0	50.0	23.1959
03/23/2018 16:45:40	51.0	50.0	20.6718
03/23/2018 16:45:51	50.0	50.0	17.6623
03/23/2018 16:46:03	49.0	50.0	20.8763
03/23/2018 16:46:14	50.0	50.0	22.0207
03/23/2018 16:46:25	49.0	49.0	19.7943
03/23/2018 16:46:36	49.0	50.0	20
03/23/2018 16:46:47	49.0	49.0	19.5822
03/23/2018 16:46:58	49.0	49.0	19.9482
03/23/2018 16:47:09	50.0	48.0	19.2802
03/23/2018 16:47:20	50.0	50.0	19.2208
03/23/2018 16:47:31	49.0	49.0	18.6047
03/23/2018 16:47:42	50.0	50.0	19.7403
03/23/2018 16:47:53	49.0	49.0	19.7917
03/23/2018 16:48:04	50.0	50.0	19.9482
03/23/2018 16:48:15	50.0	49.0	20.4663
03/23/2018 16:48:26	49.0	49.0	21.1886
03/23/2018 16:48:37	49.0	49.0	21.7054
03/23/2018 16:48:48	50.0	50.0	21.7617
03/23/2018 16:48:59	49.0	50.0	22.2222
03/23/2018 16:49:10	49.0	49.0	20.9302
03/23/2018 16:49:21	50.0	50.0	20.0514
03/23/2018 16:49:32	50.0	49.0	20.8763
03/23/2018 16:49:43	49.0	49.0	19.1214
03/23/2018 16:49:54	49.0	49.0	13.6842
03/23/2018 16:50:05	46.0	46.0	13.0667
03/23/2018 16:50:16	49.0	49.0	13.4921
03/23/2018 16:50:27	51.0	50.0	13.3858
03/23/2018 16:50:38	51.0	51.0	12.1053
03/23/2018 16:50:49	52.0	52.0	11.811
03/23/2018 16:51:00	53.0	53.0	12.9288
03/23/2018 16:51:11	54.0	53.0	18.6352
03/23/2018 16:51:22	56.0	55.0	13.8743
03/23/2018 16:51:33	55.0	56.0	17.0157
03/23/2018 16:51:44	57.0	57.0	16.2304
03/23/2018 16:51:55	57.0	56.0	17.0157
03/23/2018 16:52:06	54.0	54.0	13.3858
03/23/2018 16:52:17	52.0	51.0	18.2519
03/23/2018 16:52:28	53.0	51.0	14.2105
03/23/2018 16:52:39	49.0	50.0	13.4211
03/23/2018 16:52:50	48.0	48.0	14.7368
03/23/2018 16:53:01	47.0	47.0	15.5263
03/23/2018 16:53:12	48.0	47.0	13.3159
03/23/2018 16:53:24	49.0	50.0	11.6095
03/23/2018 16:53:35	51.0	51.0	12.5654
03/23/2018 16:53:46	51.0	53.0	11.3757
03/23/2018 16:53:57	53.0	52.0	12.0419
03/23/2018 16:54:08	54.0	53.0	15.1042
03/23/2018 16:54:19	55.0	54.0	18.2058
03/23/2018 16:54:30	56.0	56.0	18.8976
03/23/2018 16:54:41	55.0	55.0	17.5393
03/23/2018 16:54:52	53.0	53.0	18.3727
03/23/2018 16:55:03	52.0	51.0	17.5853
03/23/2018 16:55:14	51.0	51.0	16.9713
03/23/2018 16:55:25	51.0	50.0	19.5822
03/23/2018 16:55:36	49.0	48.0	17.7719
03/23/2018 16:55:47	49.0	48.0	16.7979
03/23/2018 16:55:58	47.0	48.0	18.3246
03/23/2018 16:56:09	48.0	47.0	16.1376
03/23/2018 16:56:20	48.0	48.0	18.6352
03/23/2018 16:56:31	50.0	50.0	15.9686
03/23/2018 16:56:42	52.0	51.0	17.7546
03/23/2018 16:56:53	53.0	53.0	18.75
03/23/2018 16:57:04	54.0	54.0	17.3228
03/23/2018 16:57:15	56.0	55.0	18.0157
03/23/2018 16:57:26	56.0	56.0	18.799
03/23/2018 16:57:37	55.0	54.0	19.4226
03/23/2018 16:57:48	53.0	53.0	17.1053
03/23/2018 16:57:59	52.0	51.0	18.4211
03/23/2018 16:58:10	50.0	51.0	16.6227
03/23/2018 16:58:21	49.0	50.0	17.5853
03/23/2018 16:58:32	48.0	49.0	14.1732
03/23/2018 16:58:43	49.0	48.0	17.9688
03/23/2018 16:58:54	48.0	48.0	15.5844
03/23/2018 16:59:05	47.0	47.0	19.0104
03/23/2018 16:59:16	48.0	47.0	15.2231
03/23/2018 16:59:27	47.0	47.0	17.801
03/23/2018 16:59:38	49.0	49.0	20.5195
03/23/2018 16:59:49	52.0	52.0	21.2435
03/23/2018 17:00:00	54.0	53.0	19.6891
03/23/2018 17:00:11	55.0	54.0	17.9487
03/23/2018 17:00:22	58.0	57.0	21.2435
03/23/2018 17:00:33	56.0	56.0	20
03/23/2018 17:00:45	56.0	54.0	18.5567
03/23/2018 17:00:56	52.0	52.0	14.4357
03/23/2018 17:01:07	50.0	50.0	13.8381
03/23/2018 17:01:18	49.0	49.0	16.7102
03/23/2018 17:01:29	49.0	48.0	18.5379
03/23/2018 17:01:40	48.0	47.0	17.4026
03/23/2018 17:01:51	48.0	47.0	19.8433
03/23/2018 17:02:02	48.0	47.0	18.961
03/23/2018 17:02:13	48.0	47.0	17.2324
03/23/2018 17:02:24	48.0	48.0	16.8865
03/23/2018 17:02:35	50.0	50.0	17.0157
03/23/2018 17:02:46	51.0	51.0	17.2324
03/23/2018 17:02:57	53.0	53.0	16.6667
03/23/2018 17:03:08	54.0	53.0	18.3727
03/23/2018 17:03:19	55.0	54.0	16.7539
03/23/2018 17:03:30	55.0	55.0	17.0604
03/23/2018 17:03:41	56.0	56.0	17.1053
03/23/2018 17:03:52	54.0	53.0	16.3158
03/23/2018 17:04:03	51.0	52.0	17.4935
03/23/2018 17:04:14	50.0	51.0	17.4479
03/23/2018 17:04:25	49.0	49.0	19.6335
03/23/2018 17:04:36	49.0	48.0	18.6352
03/23/2018 17:04:47	48.0	47.0	16.7102
03/23/2018 17:04:58	48.0	47.0	17.8478
03/23/2018 17:05:09	49.0	50.0	18.961
03/23/2018 17:05:20	50.0	50.0	18.799
03/23/2018 17:05:31	52.0	51.0	17.2775
03/23/2018 17:05:42	54.0	54.0	16.4921
03/23/2018 17:05:53	55.0	54.0	18.3246
03/23/2018 17:06:04	55.0	54.0	18.6352
03/23/2018 17:06:15	56.0	56.0	17.4026
03/23/2018 17:06:26	57.0	57.0	20.6266
03/23/2018 17:06:37	55.0	54.0	18.75
03/23/2018 17:06:48	52.0	53.0	17.4479
03/23/2018 17:06:59	51.0	51.0	17.7546
03/23/2018 17:07:10	50.0	51.0	17.1875
03/23/2018 17:07:21	49.0	49.0	17.3228
03/23/2018 17:07:32	49.0	48.0	18.2292
03/23/2018 17:07:43	48.0	48.0	17.5393
03/23/2018 17:07:55	48.0	48.0	16.9271
03/23/2018 17:08:06	48.0	47.0	17.5853
03/23/2018 17:08:17	49.0	49.0	15.8854
03/23/2018 17:08:28	51.0	51.0	16.5789
03/23/2018 17:08:39	52.0	53.0	19.1214
03/23/2018 17:08:50	54.0	54.0	17.6623
03/23/2018 17:09:01	55.0	54.0	17.4935
03/23/2018 17:09:12	56.0	55.0	19.3717
03/23/2018 17:09:23	57.0	56.0	19.3211
03/23/2018 17:09:34	55.0	54.0	18.0157
03/23/2018 17:09:45	52.0	53.0	19.6335
03/23/2018 17:09:56	51.0	51.0	18.8482
03/23/2018 17:10:07	50.0	50.0	18.2768
03/23/2018 17:10:18	50.0	50.0	16.1458
03/23/2018 17:10:29	50.0	49.0	16.4921
03/23/2018 17:10:40	49.0	48.0	17.5393
03/23/2018 17:10:51	48.0	47.0	17.2775
03/23/2018 17:11:02	48.0	48.0	20.2073
03/23/2018 17:11:13	49.0	49.0	20.5729
03/23/2018 17:11:24	49.0	49.0	19.4805
03/23/2018 17:11:35	50.0	50.0	18.7013
03/23/2018 17:11:46	50.0	49.0	18.863
03/23/2018 17:11:57	50.0	49.0	20.6186
03/23/2018 17:12:08	50.0	50.0	20.4134
03/23/2018 17:12:19	49.0	49.0	20
03/23/2018 17:12:30	50.0	50.0	20.3608
03/23/2018 17:12:41	50.0	49.0	21.7054
03/23/2018 17:12:52	50.0	49.0	21.0938
03/23/2018 17:13:03	49.0	48.0	21.6146
03/23/2018 17:13:14	49.0	49.0	17.9688
03/23/2018 17:13:25	50.0	49.0	18.5567
03/23/2018 17:13:36	50.0	49.0	18.6528
03/23/2018 17:13:47	50.0	50.0	21.7054
03/23/2018 17:13:58	49.0	48.0	17.9221
03/23/2018 17:14:09	49.0	49.0	18.9119
03/23/2018 17:14:20	49.0	49.0	17.7083
03/23/2018 17:14:31	50.0	49.0	18.6528
03/23/2018 17:14:42	50.0	50.0	18.1818
03/23/2018 17:14:53	50.0	49.0	20.7792
03/23/2018 17:15:04	50.0	49.0	19.3299
03/23/2018 17:15:15	49.0	49.0	22.3377
03/23/2018 17:15:26	49.0	49.0	20.7254
03/23/2018 17:15:37	50.0	49.0	20.7161
03/23/2018 17:15:48	49.0	48.0	21.5026
03/23/2018 17:15:59	49.0	48.0	22.7979
03/23/2018 17:16:10	50.0	49.0	19.3299
03/23/2018 17:16:21	50.0	48.0	20.3085
03/23/2018 17:16:32	49.0	50.0	22.739
03/23/2018 17:16:43	49.0	48.0	19.1214
03/23/2018 17:16:54	49.0	48.0	21.9638
03/23/2018 17:17:05	50.0	49.0	20.155
03/23/2018 17:17:17	49.0	49.0	19.2708
03/23/2018 17:17:28	49.0	48.0	20.6718
03/23/2018 17:17:39	48.0	48.0	18.961
03/23/2018 17:17:50	49.0	49.0	21.9638
03/23/2018 17:18:01	50.0	48.0	21.7617
03/23/2018 17:18:12	49.0	49.0	20.9302
03/23/2018 17:18:23	50.0	49.0	18.1347
03/23/2018 17:18:34	49.0	49.0	18.0879
03/23/2018 17:18:45	49.0	48.0	21.134
03/23/2018 17:18:56	49.0	48.0	21.039
03/23/2018 17:19:07	49.0	49.0	18.8144
03/23/2018 17:19:18	49.0	48.0	18.1818
03/23/2018 17:19:29	48.0	48.0	19.3798
03/23/2018 17:19:40	50.0	48.0	18.6047
03/23/2018 17:19:51	50.0	48.0	19.8454
03/23/2018 17:20:02	49.0	49.0	20.4134
03/23/2018 17:20:13	48.0	48.0	18.799
03/23/2018 17:20:24	48.0	48.0	19.6891
03/23/2018 17:20:35	48.0	47.0	15.445
03/23/2018 17:20:46	48.0	48.0	13.7566
03/23/2018 17:20:57	49.0	49.0	12.3037
03/23/2018 17:21:08	51.0	50.0	13.1234
03/23/2018 17:21:19	51.0	51.0	12.336
03/23/2018 17:21:30	52.0	52.0	12.5984
03/23/2018 17:21:41	52.0	53.0	14.4578
03/23/2018 17:21:52	54.0	53.0	12.3684
03/23/2018 17:22:04	55.0	55.0	16.0105
03/23/2018 17:22:15	56.0	55.0	18.1102
03/23/2018 17:22:26	57.0	57.0	20.3704
03/23/2018 17:22:37	54.0	54.0	18.4211
03/23/2018 17:22:48	51.0	52.0	13.9108
03/23/2018 17:22:59	50.0	50.0	13.7203
03/23/2018 17:23:10	48.0	48.0	13.7566
03/23/2018 17:23:21	48.0	47.0	11.9048
03/23/2018 17:23:32	47.0	47.0	14.2105
03/23/2018 17:23:43	48.0	48.0	13.1926
03/23/2018 17:23:54	49.0	50.0	12.1053
03/23/2018 17:24:05	51.0	51.0	11.811
03/23/2018 17:24:16	52.0	52.0	13.089
03/23/2018 17:24:27	53.0	53.0	12.336
03/23/2018 17:24:38	54.0	54.0	12.3684
03/23/2018 17:24:49	54.0	54.0	11.7801
03/23/2018 17:25:00	55.0	54.0	12.336
03/23/2018 17:25:11	55.0	55.0	13.0548
03/23/2018 17:25:22	56.0	56.0	11.5789
03/23/2018 17:25:33	56.0	56.0	11.811
03/23/2018 17:25:44	53.0	54.0	12.8609
03/23/2018 17:25:55	51.0	51.0	12.5326
03/23/2018 17:26:06	50.0	50.0	13.6842
03/23/2018 17:26:17	48.0	49.0	13.9842
03/23/2018 17:26:28	48.0	48.0	14.1361
03/23/2018 17:26:39	47.0	47.0	13.4921
03/23/2018 17:26:50	49.0	48.0	13.4211
03/23/2018 17:27:01	50.0	50.0	12.5
03/23/2018 17:27:12	51.0	51.0	12.5654
03/23/2018 17:27:23	52.0	53.0	12.1053
03/23/2018 17:27:34	53.0	53.0	12.0419
03/23/2018 17:27:46	54.0	54.0	12.1053
03/23/2018 17:27:57	54.0	54.0	12.0104
03/23/2018 17:28:08	55.0	56.0	12.1053
03/23/2018 17:28:19	55.0	55.0	12.5654
03/23/2018 17:28:30	56.0	55.0	12.4011
03/23/2018 17:28:41	55.0	55.0	11.811
03/23/2018 17:28:52	52.0	52.0	14.0212
03/23/2018 17:29:03	51.0	51.0	13.8021
03/23/2018 17:29:14	50.0	49.0	13.2626
03/23/2018 17:29:25	48.0	48.0	12.4339
03/23/2018 17:29:36	48.0	48.0	12.8609
03/23/2018 17:29:47	47.0	47.0	14.6597
03/23/2018 17:29:58	47.0	47.0	14.248
03/23/2018 17:30:09	49.0	48.0	13.9842
03/23/2018 17:30:20	50.0	50.0	12.9288
03/23/2018 17:30:31	51.0	51.0	12.3037
03/23/2018 17:30:42	52.0	52.0	11.811
03/23/2018 17:30:53	54.0	53.0	12.5984
03/23/2018 17:31:04	54.0	54.0	13.3858
03/23/2018 17:31:15	55.0	55.0	12.5654
03/23/2018 17:31:26	55.0	55.0	11.3158
03/23/2018 17:31:37	56.0	56.0	12.5326
03/23/2018 17:31:48	56.0	56.0	11.5486
03/23/2018 17:31:59	55.0	55.0	12.4011
03/23/2018 17:32:10	53.0	53.0	11.3158
03/23/2018 17:32:21	51.0	51.0	13.6842
03/23/2018 17:32:32	50.0	49.0	13.9474
03/23/2018 17:32:43	49.0	49.0	13.9108
03/23/2018 17:32:54	48.0	47.0	12.8947
03/23/2018 17:33:06	47.0	47.0	13.6126
03/23/2018 17:33:17	49.0	48.0	13.6842
03/23/2018 17:33:28	51.0	50.0	12.7937
03/23/2018 17:33:39	51.0	51.0	13.0208
03/23/2018 17:33:50	52.0	53.0	12.2396
03/23/2018 17:34:01	54.0	53.0	13.3508
03/23/2018 17:34:12	54.0	54.0	11.3456
03/23/2018 17:34:23	55.0	54.0	13.0548
03/23/2018 17:34:34	56.0	55.0	11.9048
03/23/2018 17:34:45	56.0	56.0	11.2565
03/23/2018 17:34:56	57.0	56.0	11.7801
03/23/2018 17:35:07	54.0	53.0	12.3684
03/23/2018 17:35:18	52.0	51.0	12.336
03/23/2018 17:35:29	51.0	50.0	13.7203
03/23/2018 17:35:40	49.0	49.0	13.8743
03/23/2018 17:35:51	48.0	48.0	12.5654
03/23/2018 17:36:02	48.0	47.0	13.4565
03/23/2018 17:36:13	47.0	47.0	12.2715
03/23/2018 17:36:24	49.0	48.0	14.9215
03/23/2018 17:36:35	50.0	50.0	12.8609
03/23/2018 17:36:46	51.0	52.0	12.0735
03/23/2018 17:36:57	52.0	52.0	11.5789
03/23/2018 17:37:08	54.0	54.0	12.8272
03/23/2018 17:37:19	54.0	54.0	12.3037
03/23/2018 17:37:30	55.0	54.0	11.811
03/23/2018 17:37:41	55.0	55.0	11.811
03/23/2018 17:37:52	56.0	56.0	12.7937
03/23/2018 17:38:03	55.0	54.0	11.1111
03/23/2018 17:38:14	52.0	52.0	12.6316
03/23/2018 17:38:25	51.0	51.0	15.445
03/23/2018 17:38:37	50.0	49.0	14.0584
03/23/2018 17:38:48	48.0	48.0	13.0319
03/23/2018 17:38:59	48.0	47.0	13.9842
03/23/2018 17:39:10	48.0	47.0	12.1693
03/23/2018 17:39:21	48.0	47.0	12.2715
03/23/2018 17:39:32	50.0	50.0	11.5789
03/23/2018 17:39:43	51.0	51.0	12.6649
03/23/2018 17:39:54	52.0	52.0	13.5065
03/23/2018 17:40:05	53.0	53.0	13.089
03/23/2018 17:40:16	54.0	53.0	13.0548
03/23/2018 17:40:27	55.0	54.0	12.0735
03/23/2018 17:40:38	55.0	55.0	11.8734
03/23/2018 17:40:49	56.0	55.0	11.9792
03/23/2018 17:41:00	57.0	56.0	12.336
03/23/2018 17:41:11	54.0	54.0	12.5326
03/23/2018 17:41:22	52.0	52.0	12.8609
03/23/2018 17:41:33	51.0	50.0	13.3858
03/23/2018 17:41:44	50.0	49.0	14.7368
03/23/2018 17:41:55	48.0	48.0	13.2275
03/23/2018 17:42:06	48.0	47.0	12.5654
03/23/2018 17:42:17	47.0	46.0	14.248
03/23/2018 17:42:28	49.0	48.0	12.9288
03/23/2018 17:42:39	50.0	50.0	12.1372
03/23/2018 17:42:50	51.0	51.0	13.089
03/23/2018 17:43:01	52.0	53.0	11.8734
03/23/2018 17:43:12	54.0	53.0	12.3037
03/23/2018 17:43:23	54.0	54.0	12.8947
03/23/2018 17:43:34	55.0	54.0	12.0419
03/23/2018 17:43:46	55.0	56.0	11.5486
03/23/2018 17:43:57	56.0	55.0	10.4987
03/23/2018 17:44:08	56.0	56.0	12.1053
03/23/2018 17:44:19	54.0	54.0	13.0548
03/23/2018 17:44:30	52.0	51.0	12.0735
03/23/2018 17:44:41	50.0	50.0	14.3979
03/23/2018 17:44:52	49.0	49.0	14.7368
03/23/2018 17:45:03	48.0	48.0	13.6126
03/23/2018 17:45:14	48.0	48.0	13.3508
03/23/2018 17:45:25	47.0	47.0	13.7566
03/23/2018 17:45:36	49.0	49.0	13.4565
03/23/2018 17:45:47	50.0	50.0	12.8947
03/23/2018 17:45:58	51.0	51.0	13.1926
03/23/2018 17:46:09	52.0	52.0	11.811
03/23/2018 17:46:20	53.0	53.0	11.7801
03/23/2018 17:46:31	54.0	54.0	12.336
03/23/2018 17:46:42	54.0	54.0	11.5789
03/23/2018 17:46:53	55.0	55.0	12.5984
03/23/2018 17:47:04	56.0	56.0	10.705
03/23/2018 17:47:15	56.0	56.0	12.7937
03/23/2018 17:47:26	53.0	53.0	12.5984
03/23/2018 17:47:37	51.0	52.0	12.2016
03/23/2018 17:47:48	50.0	50.0	13.089
03/23/2018 17:47:59	50.0	49.0	13.7566
03/23/2018 17:48:10	48.0	48.0	12.766
03/23/2018 17:48:21	48.0	47.0	13.4921
03/23/2018 17:48:32	48.0	47.0	14.4737
03/23/2018 17:48:43	50.0	48.0	13.1926
03/23/2018 17:48:54	50.0	50.0	11.811
03/23/2018 17:49:06	51.0	51.0	13.1234
03/23/2018 17:49:17	53.0	52.0	12.336
03/23/2018 17:49:28	54.0	53.0	12.1053
03/23/2018 17:49:39	54.0	54.0	12.5984
03/23/2018 17:49:50	55.0	54.0	12.0735
03/23/2018 17:50:01	55.0	55.0	13.6842
03/23/2018 17:50:12	56.0	55.0	12.3684
03/23/2018 17:50:23	54.0	54.0	12.1053
03/23/2018 17:50:34	52.0	52.0	12.5984
03/23/2018 17:50:45	50.0	51.0	13.4565
03/23/2018 17:50:56	50.0	49.0	13.1926
03/23/2018 17:51:07	49.0	48.0	14.9215
03/23/2018 17:51:18	48.0	48.0	13.6483
03/23/2018 17:51:29	47.0	47.0	13.7203
03/23/2018 17:51:40	49.0	48.0	13.9474
03/23/2018 17:51:51	50.0	50.0	12.7937
03/23/2018 17:52:02	51.0	51.0	13.4565
03/23/2018 17:52:13	52.0	51.0	12.0735
03/23/2018 17:52:24	53.0	53.0	12.0419
03/23/2018 17:52:35	54.0	54.0	12.6649
03/23/2018 17:52:46	55.0	54.0	12.5326
03/23/2018 17:52:57	55.0	55.0	10.9948
03/23/2018 17:53:08	56.0	55.0	12.7937
03/23/2018 17:53:19	55.0	55.0	11.7801
03/23/2018 17:53:30	53.0	53.0	12.0735
03/23/2018 17:53:41	51.0	51.0	13.1234
03/23/2018 17:53:52	51.0	50.0	13.9842
03/23/2018 17:54:03	49.0	48.0	12.4339
03/23/2018 17:54:14	48.0	47.0	14.8825
03/23/2018 17:54:25	48.0	46.0	13.1234
03/23/2018 17:54:37	48.0	47.0	12.2715
03/23/2018 17:54:48	50.0	49.0	12.0419
03/23/2018 17:54:59	51.0	51.0	13.1579
03/23/2018 17:55:10	52.0	51.0	12.5326
03/23/2018 17:55:21	52.0	53.0	11.5789
03/23/2018 17:55:32	54.0	54.0	12.5
03/23/2018 17:55:43	55.0	54.0	13.089
03/23/2018 17:55:54	55.0	55.0	11.0236
03/23/2018 17:56:05	56.0	56.0	11.1688
03/23/2018 17:56:16	57.0	56.0	13.4565
03/23/2018 17:56:27	55.0	55.0	12.0735
03/23/2018 17:56:38	53.0	53.0	12.5654
03/23/2018 17:56:49	52.0	51.0	13.089
03/23/2018 17:57:00	50.0	50.0	13.0548
03/23/2018 17:57:11	50.0	50.0	12.336
03/23/2018 17:57:22	49.0	49.0	14.3229
03/23/2018 17:57:33	48.0	48.0	12.8947
03/23/2018 17:57:44	48.0	48.0	14.2857
03/23/2018 17:57:55	48.0	47.0	12.0419
03/23/2018 17:58:06	48.0	47.0	13.1234
03/23/2018 17:58:17	47.0	47.0	13.9108
03/23/2018 17:58:28	47.0	47.0	13.3508
03/23/2018 17:58:39	48.0	48.0	12.6649
03/23/2018 17:58:50	49.0	50.0	12.4011
03/23/2018 17:59:01	51.0	51.0	11.3456
03/23/2018 17:59:12	52.0	52.0	11.7801
03/23/2018 17:59:23	53.0	53.0	12.6316
03/23/2018 17:59:34	54.0	54.0	11.811
03/23/2018 17:59:45	55.0	54.0	11.9792
03/23/2018 17:59:56	55.0	56.0	12.3037
03/23/2018 18:00:08	55.0	55.0	11.5486
03/23/2018 18:00:19	56.0	56.0	12.336
03/23/2018 18:00:30	55.0	56.0	11.4883
03/23/2018 18:00:41	53.0	53.0	11.5789
03/23/2018 18:00:52	51.0	52.0	12.9288
03/23/2018 18:01:03	50.0	50.0	13.4211
03/23/2018 18:01:14	49.0	49.0	14.0212
03/23/2018 18:01:25	50.0	49.0	14.0584
03/23/2018 18:01:36	49.0	49.0	13.9108
03/23/2018 18:01:47	48.0	48.0	13.4211
03/23/2018 18:01:58	48.0	48.0	14.0212
03/23/2018 18:02:09	48.0	48.0	13.6842
03/23/2018 18:02:20	47.0	48.0	13.7566
03/23/2018 18:02:31	47.0	47.0	13.1926
03/23/2018 18:02:42	48.0	48.0	13.4921
03/23/2018 18:02:53	49.0	49.0	12.0735
03/23/2018 18:03:04	51.0	51.0	12.336
03/23/2018 18:03:15	52.0	53.0	12.2715
03/23/2018 18:03:26	53.0	53.0	12.6316
03/23/2018 18:03:37	54.0	54.0	14.6214
03/23/2018 18:03:48	57.0	55.0	12.2715
03/23/2018 18:03:59	55.0	56.0	13.0548
03/23/2018 18:04:10	55.0	56.0	11.5183
03/23/2018 18:04:21	56.0	56.0	11.8421
03/23/2018 18:04:32	56.0	55.0	12.3684
03/23/2018 18:04:43	53.0	53.0	12.0735
03/23/2018 18:04:54	51.0	52.0	11.5486
03/23/2018 18:05:05	50.0	51.0	13.7931
03/23/2018 18:05:16	50.0	50.0	13.0319
03/23/2018 18:05:28	49.0	49.0	13.5279
03/23/2018 18:05:39	49.0	49.0	14.9606
03/23/2018 18:05:50	49.0	48.0	13.1926
03/23/2018 18:06:01	48.0	48.0	13.4921
03/23/2018 18:06:12	48.0	48.0	13.1926
03/23/2018 18:06:23	48.0	47.0	13.4921
03/23/2018 18:06:34	47.0	47.0	14.4737
03/23/2018 18:06:45	48.0	47.0	13.3508
03/23/2018 18:06:56	49.0	49.0	12.5984
03/23/2018 18:07:07	50.0	51.0	13.0208
03/23/2018 18:07:18	52.0	52.0	12.0104
03/23/2018 18:07:29	53.0	53.0	12.5654
03/23/2018 18:07:40	54.0	54.0	14.1361
03/23/2018 18:07:51	54.0	55.0	11.8421
03/23/2018 18:08:02	55.0	55.0	11.8734
03/23/2018 18:08:13	56.0	56.0	12.0735
03/23/2018 18:08:24	56.0	56.0	11.3456
03/23/2018 18:08:35	56.0	55.0	12.3037
03/23/2018 18:08:46	54.0	54.0	11.5486
03/23/2018 18:08:57	51.0	51.0	11.5486
03/23/2018 18:09:08	51.0	51.0	14.5503
03/23/2018 18:09:19	50.0	50.0	11.8421
03/23/2018 18:09:30	49.0	49.0	12.6316
03/23/2018 18:09:41	49.0	49.0	14.4357
03/23/2018 18:09:52	49.0	48.0	14.5503
03/23/2018 18:10:03	48.0	48.0	12.8947
03/23/2018 18:10:14	48.0	48.0	14.248
03/23/2018 18:10:25	47.0	48.0	13.6842
03/23/2018 18:10:36	48.0	47.0	13.1234
03/23/2018 18:10:48	48.0	47.0	14.1361
03/23/2018 18:10:59	48.0	48.0	14.8148
03/23/2018 18:11:10	50.0	50.0	11.7801
03/23/2018 18:11:21	51.0	51.0	12.7604
03/23/2018 18:11:32	52.0	52.0	11.5486
03/23/2018 18:11:43	54.0	54.0	12.4011
03/23/2018 18:11:54	54.0	54.0	12.0735
03/23/2018 18:12:05	54.0	54.0	11.8734
03/23/2018 18:12:16	56.0	56.0	12.336
03/23/2018 18:12:27	57.0	55.0	11.0236
03/23/2018 18:12:38	55.0	55.0	11.8421
03/23/2018 18:12:49	54.0	53.0	13.089
03/23/2018 18:13:00	52.0	51.0	12.1372
03/23/2018 18:13:11	51.0	51.0	12.6316
03/23/2018 18:13:22	50.0	50.0	13.7931
03/23/2018 18:13:33	49.0	49.0	13.4565
03/23/2018 18:13:44	48.0	48.0	13.7203
03/23/2018 18:13:55	48.0	48.0	14.0212
03/23/2018 18:14:06	48.0	48.0	13.7566
03/23/2018 18:14:17	48.0	48.0	13.9474
03/23/2018 18:14:28	47.0	47.0	13.2979
03/23/2018 18:14:39	48.0	47.0	12.963
03/23/2018 18:14:50	49.0	49.0	13.1579
03/23/2018 18:15:01	50.0	51.0	11.7801
03/23/2018 18:15:12	51.0	52.0	13.089
03/23/2018 18:15:23	52.0	53.0	14.1361
03/23/2018 18:15:34	54.0	54.0	11.811
03/23/2018 18:15:45	54.0	54.0	11.5486
03/23/2018 18:15:56	55.0	54.0	13.1234
03/23/2018 18:16:08	56.0	56.0	12.2078
03/23/2018 18:16:19	56.0	56.0	10.7612
03/23/2018 18:16:30	55.0	55.0	12.5984
03/23/2018 18:16:41	54.0	53.0	12.1693
03/23/2018 18:16:52	52.0	52.0	12.3037
03/23/2018 18:17:03	51.0	51.0	13.8743
03/23/2018 18:17:14	50.0	50.0	14.4737
03/23/2018 18:17:25	49.0	50.0	14.6982
03/23/2018 18:17:36	48.0	49.0	12.0419
03/23/2018 18:17:47	49.0	48.0	13.2275
03/23/2018 18:17:58	48.0	48.0	14.4357
03/23/2018 18:18:09	48.0	48.0	13.8743
03/23/2018 18:18:20	47.0	48.0	13.6126
03/23/2018 18:18:31	47.0	47.0	13.7566
03/23/2018 18:18:42	47.0	47.0	12.5984
03/23/2018 18:18:53	47.0	48.0	13.7203
03/23/2018 18:19:04	49.0	49.0	13.6842
03/23/2018 18:19:15	50.0	51.0	13.1579
03/23/2018 18:19:26	51.0	52.0	12.0419
03/23/2018 18:19:37	52.0	53.0	12.963
03/23/2018 18:19:48	55.0	55.0	11.811
03/23/2018 18:19:59	54.0	54.0	13.8743
03/23/2018 18:20:10	55.0	54.0	13.089
03/23/2018 18:20:21	55.0	56.0	12.5984
03/23/2018 18:20:32	56.0	56.0	12.5984
03/23/2018 18:20:43	56.0	55.0	12.1053
03/23/2018 18:20:54	53.0	53.0	13.0548
03/23/2018 18:21:05	51.0	52.0	13.4921
03/23/2018 18:21:16	50.0	51.0	12.9288
03/23/2018 18:21:28	50.0	50.0	13.9842
03/23/2018 18:21:39	49.0	49.0	13.1579
03/23/2018 18:21:50	48.0	48.0	13.9108
03/23/2018 18:22:01	48.0	48.0	13.7203
03/23/2018 18:22:12	48.0	47.0	12.5
03/23/2018 18:22:23	48.0	47.0	13.4921
03/23/2018 18:22:34	48.0	47.0	14.4737
03/23/2018 18:22:45	47.0	46.0	13.4921
03/23/2018 18:22:56	48.0	47.0	11.7801
03/23/2018 18:23:07	48.0	48.0	12.8947
03/23/2018 18:23:18	49.0	50.0	12.5984
03/23/2018 18:23:29	50.0	51.0	12.1372
03/23/2018 18:23:40	51.0	52.0	12.6316
03/23/2018 18:23:51	53.0	53.0	12.3037
03/23/2018 18:24:02	54.0	53.0	12.3037
03/23/2018 18:24:13	55.0	54.0	12.8947
03/23/2018 18:24:24	55.0	54.0	12.5326
03/23/2018 18:24:35	56.0	55.0	12.0735
03/23/2018 18:24:46	56.0	56.0	11.5486
03/23/2018 18:24:57	56.0	56.0	11.3158
03/23/2018 18:25:08	53.0	53.0	12.8609
03/23/2018 18:25:19	52.0	52.0	15.1832
03/23/2018 18:25:30	51.0	51.0	18.2768
03/23/2018 18:25:41	50.0	51.0	18.2292
03/23/2018 18:25:52	50.0	50.0	17.5853
03/23/2018 18:26:03	50.0	50.0	15.8854
03/23/2018 18:26:14	49.0	49.0	17.1875
03/23/2018 18:26:25	49.0	49.0	15.6658
03/23/2018 18:26:36	49.0	49.0	12.9973
03/23/2018 18:26:47	48.0	48.0	13.4565
03/23/2018 18:26:59	48.0	47.0	16.7539
03/23/2018 18:27:10	48.0	47.0	18.799
03/23/2018 18:27:21	48.0	48.0	18.5379
03/23/2018 18:27:32	48.0	48.0	17.0984
03/23/2018 18:27:43	49.0	48.0	16.9713
03/23/2018 18:27:54	48.0	48.0	18.0157
03/23/2018 18:28:05	49.0	48.0	16.3636
03/23/2018 18:28:16	49.0	48.0	18.2768
03/23/2018 18:28:27	49.0	48.0	17.801
03/23/2018 18:28:38	48.0	47.0	17.2775
03/23/2018 18:28:49	49.0	48.0	17.9688
03/23/2018 18:29:00	48.0	48.0	16.7102
03/23/2018 18:29:11	49.0	48.0	17.1429
03/23/2018 18:29:22	48.0	47.0	18.8976
03/23/2018 18:29:33	48.0	47.0	15.625
03/23/2018 18:29:44	48.0	47.0	18.4416
03/23/2018 18:29:55	48.0	47.0	16.9271
03/23/2018 18:30:06	48.0	47.0	18.0157
03/23/2018 18:30:17	48.0	47.0	18.9474
03/23/2018 18:30:28	49.0	48.0	17.2775
03/23/2018 18:30:39	48.0	48.0	17.2324
03/23/2018 18:30:50	48.0	47.0	17.3684
03/23/2018 18:31:01	50.0	49.0	17.4026
03/23/2018 18:31:12	51.0	51.0	16.4921
03/23/2018 18:31:23	52.0	52.0	17.2324
03/23/2018 18:31:34	53.0	53.0	16.3636
03/23/2018 18:31:45	55.0	54.0	16.188
03/23/2018 18:31:56	56.0	55.0	17.0604
03/23/2018 18:32:07	57.0	56.0	18.8976
03/23/2018 18:32:18	55.0	54.0	18.3727
03/23/2018 18:32:29	53.0	53.0	17.0157
03/23/2018 18:32:40	52.0	52.0	17.5853
03/23/2018 18:32:51	51.0	51.0	17.801
03/23/2018 18:33:02	51.0	50.0	17.9688
03/23/2018 18:33:13	50.0	50.0	17.4935
03/23/2018 18:33:24	49.0	50.0	17.6623
03/23/2018 18:33:35	50.0	49.0	17.4935
03/23/2018 18:33:46	50.0	49.0	18.5864
03/23/2018 18:33:57	49.0	48.0	16.4491
03/23/2018 18:34:08	49.0	48.0	17.3684
03/23/2018 18:34:19	49.0	48.0	18.2768
03/23/2018 18:34:30	49.0	48.0	17.9688
03/23/2018 18:34:42	48.0	48.0	18.2292
03/23/2018 18:34:53	49.0	48.0	16.4921
03/23/2018 18:35:04	48.0	48.0	17.0157
03/23/2018 18:35:15	48.0	48.0	17.6316
03/23/2018 18:35:26	49.0	48.0	17.2775
03/23/2018 18:35:37	48.0	47.0	17.4479
03/23/2018 18:35:48	48.0	48.0	18.5864
03/23/2018 18:35:59	48.0	48.0	16.4921
03/23/2018 18:36:10	48.0	47.0	18.4896
03/23/2018 18:36:21	48.0	47.0	17.9894
03/23/2018 18:36:32	48.0	48.0	17.9688
03/23/2018 18:36:43	49.0	48.0	18.3246
03/23/2018 18:36:54	48.0	48.0	19.0601
03/23/2018 18:37:05	50.0	49.0	17.1875
03/23/2018 18:37:16	48.0	48.0	17.9688
03/23/2018 18:37:27	48.0	47.0	20.3655
03/23/2018 18:37:38	47.0	48.0	17.7546
03/23/2018 18:37:49	48.0	48.0	17.7083
03/23/2018 18:38:00	48.0	47.0	16.7102
03/23/2018 18:38:11	50.0	49.0	17.9221
03/23/2018 18:38:22	51.0	50.0	18.5379
03/23/2018 18:38:33	51.0	53.0	16.4921
03/23/2018 18:38:44	53.0	53.0	17.2324
03/23/2018 18:38:55	54.0	54.0	18.8976
03/23/2018 18:39:06	55.0	55.0	18.0157
03/23/2018 18:39:17	57.0	56.0	19.0104
03/23/2018 18:39:28	57.0	56.0	15.445
03/23/2018 18:39:39	56.0	56.0	12.7604
03/23/2018 18:39:50	54.0	53.0	17.9688
03/23/2018 18:40:01	52.0	52.0	16.6234
03/23/2018 18:40:12	52.0	51.0	16.3636
03/23/2018 18:40:23	51.0	50.0	17.4026
03/23/2018 18:40:34	51.0	51.0	16.4921
03/23/2018 18:40:45	50.0	50.0	21.3368
03/23/2018 18:40:56	52.0	51.0	20.8763
03/23/2018 18:41:07	52.0	51.0	19.7943
03/23/2018 18:41:18	51.0	51.0	13.1926
03/23/2018 18:41:29	50.0	49.0	15.748
03/23/2018 18:41:40	49.0	48.0	12.7321
03/23/2018 18:41:51	48.0	48.0	16.7102
03/23/2018 18:42:02	48.0	47.0	17.9221
03/23/2018 18:42:14	48.0	47.0	18.2768
03/23/2018 18:42:25	49.0	47.0	15.2231
03/23/2018 18:42:36	48.0	47.0	17.3228
03/23/2018 18:42:47	48.0	47.0	18.0628
03/23/2018 18:42:58	50.0	50.0	17.7546
03/23/2018 18:43:09	51.0	51.0	16.095
03/23/2018 18:43:20	52.0	53.0	18.0628
03/23/2018 18:43:31	55.0	53.0	15.9269
03/23/2018 18:43:42	55.0	54.0	16.8421
03/23/2018 18:43:53	55.0	56.0	17.4479
03/23/2018 18:44:04	58.0	57.0	16.4921
03/23/2018 18:44:15	57.0	56.0	17.7546
03/23/2018 18:44:26	54.0	54.0	18.3727
03/23/2018 18:44:37	52.0	53.0	17.6316
03/23/2018 18:44:48	51.0	51.0	18.1102
03/23/2018 18:44:59	51.0	51.0	18.5864
03/23/2018 18:45:10	51.0	50.0	19.3211
03/23/2018 18:45:21	50.0	50.0	13.5417
03/23/2018 18:45:32	49.0	49.0	13.8021
03/23/2018 18:45:43	49.0	48.0	13.9842
03/23/2018 18:45:54	48.0	48.0	17.4479
03/23/2018 18:46:05	48.0	48.0	18.5864
03/23/2018 18:46:16	48.0	47.0	17.2775
03/23/2018 18:46:27	49.0	49.0	19.1099
03/23/2018 18:46:38	49.0	48.0	17.3575
03/23/2018 18:46:49	49.0	48.0	15.7068
03/23/2018 18:47:00	48.0	47.0	16.6234
03/23/2018 18:47:11	49.0	48.0	18.0157
03/23/2018 18:47:22	48.0	48.0	19.4301
03/23/2018 18:47:33	48.0	48.0	16.3636
03/23/2018 18:47:44	48.0	48.0	21.466
03/23/2018 18:47:55	48.0	48.0	20.4188
03/23/2018 18:48:06	48.0	48.0	12.9288
03/23/2018 18:48:17	47.0	47.0	14.1732
03/23/2018 18:48:28	48.0	47.0	12.7321
03/23/2018 18:48:39	49.0	49.0	12.6984
03/23/2018 18:48:51	50.0	51.0	12.5984
03/23/2018 18:49:02	51.0	52.0	16.7539
03/23/2018 18:49:13	53.0	53.0	18.3246
03/23/2018 18:49:24	55.0	54.0	18.6528
03/23/2018 18:49:35	56.0	56.0	18.2768
03/23/2018 18:49:46	56.0	56.0	17.4935
03/23/2018 18:49:57	56.0	55.0	17.1875
03/23/2018 18:50:08	55.0	54.0	17.0604
03/23/2018 18:50:19	53.0	53.0	12.5654
03/23/2018 18:50:30	51.0	51.0	14.5119
03/23/2018 18:50:41	50.0	50.0	13.8743
03/23/2018 18:50:52	49.0	49.0	17.8947
03/23/2018 18:51:03	50.0	50.0	16.9713
03/23/2018 18:51:14	48.0	48.0	13.4565
03/23/2018 18:51:25	48.0	48.0	17.4026
03/23/2018 18:51:36	48.0	48.0	18.0157
03/23/2018 18:51:47	49.0	49.0	18.799
03/23/2018 18:51:58	49.0	49.0	14.7368
03/23/2018 18:52:09	47.0	47.0	17.4479
03/23/2018 18:52:20	49.0	47.0	19.3717
03/23/2018 18:52:31	48.0	48.0	16.2304
03/23/2018 18:52:42	48.0	47.0	18.1102
03/23/2018 18:52:53	48.0	47.0	16.4491
03/23/2018 18:53:04	48.0	47.0	15.625
03/23/2018 18:53:15	49.0	48.0	18.863
03/23/2018 18:53:26	48.0	47.0	17.2324
03/23/2018 18:53:37	49.0	49.0	14.248
03/23/2018 18:53:48	48.0	48.0	17.2324
03/23/2018 18:53:59	50.0	48.0	14.2105
03/23/2018 18:54:10	48.0	48.0	17.2775
03/23/2018 18:54:21	49.0	49.0	16.4921
03/23/2018 18:54:32	51.0	51.0	16.7102
03/23/2018 18:54:43	52.0	52.0	19.2708
03/23/2018 18:54:54	54.0	53.0	18.4416
03/23/2018 18:55:05	55.0	54.0	16.188
03/23/2018 18:55:16	55.0	55.0	17.2324
03/23/2018 18:55:27	57.0	57.0	17.3684
03/23/2018 18:55:39	55.0	54.0	16.4491
03/23/2018 18:55:50	54.0	53.0	19.7917
03/23/2018 18:56:01	52.0	52.0	19.0104
03/23/2018 18:56:12	51.0	51.0	18.8482
03/23/2018 18:56:23	51.0	51.0	16.9713
03/23/2018 18:56:34	50.0	51.0	20.5729
03/23/2018 18:56:45	50.0	50.0	21.8421
03/23/2018 18:56:56	51.0	50.0	18.75
03/23/2018 18:57:07	50.0	49.0	17.0604
03/23/2018 18:57:18	50.0	49.0	20.2073
03/23/2018 18:57:29	51.0	51.0	19.3798
03/23/2018 18:57:40	50.0	51.0	20.9845
03/23/2018 18:57:51	51.0	51.0	21.2435
03/23/2018 18:58:02	52.0	51.0	12.8609
03/23/2018 18:58:13	49.0	50.0	13.4565
03/23/2018 18:58:24	48.0	50.0	12.5984
03/23/2018 18:58:35	48.0	48.0	15.2231
03/23/2018 18:58:46	47.0	48.0	12.2715
03/23/2018 18:58:57	47.0	47.0	12.3684
03/23/2018 18:59:08	47.0	48.0	13.4565
03/23/2018 18:59:19	49.0	49.0	13.9842
03/23/2018 18:59:30	50.0	50.0	11.8421
03/23/2018 18:59:41	51.0	51.0	12.3037
03/23/2018 18:59:52	52.0	52.0	12.5984
03/23/2018 19:00:03	53.0	53.0	12.1053
03/23/2018 19:00:14	54.0	54.0	12.3037
03/23/2018 19:00:25	54.0	54.0	13.089
03/23/2018 19:00:36	55.0	55.0	12.6649
03/23/2018 19:00:47	56.0	56.0	11.5789
03/23/2018 19:00:58	56.0	56.0	11.2861
03/23/2018 19:01:09	56.0	56.0	11.5789
03/23/2018 19:01:20	54.0	53.0	12.336
03/23/2018 19:01:31	52.0	53.0	12.5654
03/23/2018 19:01:42	51.0	51.0	13.9474
03/23/2018 19:01:53	50.0	51.0	14.4357
03/23/2018 19:02:05	49.0	49.0	12.8609
03/23/2018 19:02:16	49.0	49.0	13.4211
03/23/2018 19:02:27	48.0	48.0	13.3858
03/23/2018 19:02:38	48.0	48.0	13.4211
03/23/2018 19:02:49	48.0	48.0	13.1234
03/23/2018 19:03:00	48.0	48.0	13.9474
03/23/2018 19:03:11	47.0	48.0	12.766
03/23/2018 19:03:22	49.0	48.0	12.0419
03/23/2018 19:03:33	50.0	50.0	13.9474
03/23/2018 19:03:44	51.0	51.0	12.0735
03/23/2018 19:03:55	52.0	53.0	12.3037
03/23/2018 19:04:06	53.0	53.0	18.4211
03/23/2018 19:04:17	56.0	55.0	18.2292
03/23/2018 19:04:28	55.0	55.0	18.3246
03/23/2018 19:04:39	57.0	55.0	18.2058
03/23/2018 19:04:50	55.0	54.0	19.3717
03/23/2018 19:05:01	53.0	52.0	18.6528
03/23/2018 19:05:12	52.0	52.0	16.4491
03/23/2018 19:05:23	51.0	51.0	16.9713
03/23/2018 19:05:34	51.0	50.0	19.3717
03/23/2018 19:05:45	51.0	51.0	18.2768
03/23/2018 19:05:56	49.0	50.0	17.6623
03/23/2018 19:06:07	49.0	49.0	18.7013
03/23/2018 19:06:18	49.0	49.0	15.9383
03/23/2018 19:06:29	49.0	49.0	16.9713
03/23/2018 19:06:40	48.0	48.0	20.5263
03/23/2018 19:06:51	49.0	48.0	18.0628
03/23/2018 19:07:02	48.0	48.0	18.7013
03/23/2018 19:07:13	49.0	48.0	17.0157
03/23/2018 19:07:24	48.0	48.0	17.4479
03/23/2018 19:07:35	48.0	48.0	16.9271
03/23/2018 19:07:46	49.0	48.0	16.4062
03/23/2018 19:07:58	49.0	48.0	18.9119
03/23/2018 19:08:09	48.0	48.0	18.7013
03/23/2018 19:08:20	48.0	48.0	17.6623
03/23/2018 19:08:31	48.0	48.0	17.1875
03/23/2018 19:08:42	48.0	48.0	16.9271
03/23/2018 19:08:53	48.0	48.0	16.5375
03/23/2018 19:09:04	48.0	47.0	18.2292
03/23/2018 19:09:15	48.0	48.0	18.961
03/23/2018 19:09:26	48.0	48.0	18.5864
03/23/2018 19:09:37	48.0	47.0	18.0628
03/23/2018 19:09:48	48.0	47.0	18.8482
03/23/2018 19:09:59	48.0	48.0	17.4603
03/23/2018 19:10:10	48.0	47.0	15.625
03/23/2018 19:10:21	47.0	47.0	18.75
03/23/2018 19:10:32	48.0	47.0	15.544
03/23/2018 19:10:43	49.0	49.0	17.4026
03/23/2018 19:10:54	51.0	51.0	19.3211
03/23/2018 19:11:05	52.0	51.0	17.1429
03/23/2018 19:11:16	53.0	53.0	15.4047
03/23/2018 19:11:27	54.0	54.0	17.3228
03/23/2018 19:11:38	55.0	55.0	17.801
03/23/2018 19:11:49	56.0	55.0	17.0157
03/23/2018 19:12:00	57.0	56.0	19.1601
03/23/2018 19:12:11	55.0	54.0	17.801
03/23/2018 19:12:22	53.0	53.0	18.799
03/23/2018 19:12:33	52.0	51.0	18.0628
03/23/2018 19:12:44	51.0	51.0	18.4896
03/23/2018 19:12:55	51.0	50.0	17.801
03/23/2018 19:13:06	52.0	50.0	17.8756
03/23/2018 19:13:17	50.0	48.0	18.5379
03/23/2018 19:13:28	49.0	49.0	18.7013
03/23/2018 19:13:39	49.0	48.0	16.9271
03/23/2018 19:13:50	50.0	49.0	17.2324
03/23/2018 19:14:01	49.0	48.0	18.9974
03/23/2018 19:14:12	48.0	48.0	16.7539
03/23/2018 19:14:23	49.0	48.0	19.7368
03/23/2018 19:14:34	49.0	48.0	17.7546
03/23/2018 19:14:45	49.0	48.0	19.4737
03/23/2018 19:14:56	49.0	47.0	20
03/23/2018 19:15:07	49.0	48.0	18.4896
03/23/2018 19:15:19	48.0	48.0	15.4047
03/23/2018 19:15:30	48.0	47.0	19.7368
03/23/2018 19:15:41	48.0	47.0	17.5853
03/23/2018 19:15:52	48.0	47.0	16.3212
03/23/2018 19:16:03	48.0	47.0	17.7546
03/23/2018 19:16:14	48.0	47.0	19.1099
03/23/2018 19:16:25	48.0	47.0	17.6623
03/23/2018 19:16:36	47.0	47.0	17.2775
03/23/2018 19:16:47	48.0	47.0	18.0157
03/23/2018 19:16:58	48.0	48.0	15.285
03/23/2018 19:17:09	50.0	50.0	18.1347
03/23/2018 19:17:20	51.0	51.0	18.8482
03/23/2018 19:17:31	53.0	52.0	19.3717
03/23/2018 19:17:42	54.0	53.0	16.188
03/23/2018 19:17:53	55.0	54.0	19.3717
03/23/2018 19:18:04	56.0	56.0	17.4935
03/23/2018 19:18:15	56.0	55.0	18.2768
03/23/2018 19:18:26	56.0	54.0	16.7539
03/23/2018 19:18:37	54.0	52.0	18.2292
03/23/2018 19:18:48	52.0	52.0	12.336
03/23/2018 19:18:59	51.0	51.0	14.0584
03/23/2018 19:19:10	50.0	50.0	14.4737
03/23/2018 19:19:21	49.0	48.0	14.5119
03/23/2018 19:19:32	49.0	48.0	13.4211
03/23/2018 19:19:43	48.0	48.0	14.4357
03/23/2018 19:19:54	48.0	47.0	13.8381
03/23/2018 19:20:05	48.0	47.0	13.9474
03/23/2018 19:20:16	47.0	46.0	15.7895
03/23/2018 19:20:27	47.0	47.0	14.4357
03/23/2018 19:20:38	47.0	46.0	13.3508
03/23/2018 19:20:49	48.0	46.0	14.2105
03/23/2018 19:21:00	49.0	48.0	13.4921
03/23/2018 19:21:11	50.0	50.0	12.0419
03/23/2018 19:21:23	51.0	51.0	13.8381
03/23/2018 19:21:34	52.0	52.0	12.0735
03/23/2018 19:21:45	53.0	53.0	12.0735
03/23/2018 19:21:56	54.0	54.0	12.8272
03/23/2018 19:22:07	55.0	54.0	12.3037
03/23/2018 19:22:18	55.0	54.0	11.5486
03/23/2018 19:22:29	55.0	56.0	12.7937
03/23/2018 19:22:40	57.0	56.0	12.3037
03/23/2018 19:22:51	55.0	54.0	12.5654
03/23/2018 19:23:02	53.0	52.0	12.5654
03/23/2018 19:23:13	51.0	51.0	14.1732
03/23/2018 19:23:24	50.0	50.0	14.0992
03/23/2018 19:23:35	50.0	50.0	13.1234
03/23/2018 19:23:46	49.0	49.0	13.9842
03/23/2018 19:23:57	49.0	48.0	12.8272
03/23/2018 19:24:08	48.0	48.0	13.4211
03/23/2018 19:24:19	48.0	48.0	13.4211
03/23/2018 19:24:30	48.0	47.0	14.6597
03/23/2018 19:24:41	47.0	47.0	13.5279
03/23/2018 19:24:52	48.0	47.0	14.1361
03/23/2018 19:25:03	48.0	47.0	14.1732
03/23/2018 19:25:14	50.0	49.0	11.8734
03/23/2018 19:25:25	50.0	50.0	12.5
03/23/2018 19:25:36	52.0	51.0	12.3684
03/23/2018 19:25:47	52.0	52.0	11.8421
03/23/2018 19:25:58	54.0	53.0	12.6316
03/23/2018 19:26:09	54.0	54.0	12.5326
03/23/2018 19:26:20	55.0	54.0	12.5326
03/23/2018 19:26:31	55.0	55.0	11.7493
03/23/2018 19:26:43	56.0	55.0	12.5654
03/23/2018 19:26:54	55.0	54.0	12.2715
03/23/2018 19:27:05	53.0	53.0	12.8609
03/23/2018 19:27:16	51.0	51.0	12.6316
03/23/2018 19:27:27	50.0	51.0	13.6842
03/23/2018 19:27:38	50.0	50.0	15.7895
03/23/2018 19:27:49	49.0	49.0	13.1579
03/23/2018 19:28:00	49.0	48.0	14.2105
03/23/2018 19:28:11	49.0	48.0	13.7566
03/23/2018 19:28:22	48.0	48.0	12.6316
03/23/2018 19:28:33	48.0	48.0	14.2105
03/23/2018 19:28:44	47.0	48.0	12.8947
03/23/2018 19:28:55	47.0	47.0	13.1926
03/23/2018 19:29:06	47.0	47.0	14.9606
03/23/2018 19:29:17	48.0	47.0	15
03/23/2018 19:29:28	47.0	46.0	13.2275
03/23/2018 19:29:39	47.0	46.0	14.5119
03/23/2018 19:29:50	48.0	47.0	14.6982
03/23/2018 19:30:01	49.0	49.0	13.3858
03/23/2018 19:30:12	50.0	51.0	12.8272
03/23/2018 19:30:23	52.0	52.0	12.7604
03/23/2018 19:30:34	53.0	53.0	12.0419
03/23/2018 19:30:45	54.0	53.0	12.4011
03/23/2018 19:30:56	55.0	54.0	12.0104
03/23/2018 19:31:07	55.0	55.0	12.987
03/23/2018 19:31:18	56.0	55.0	11.6095
03/23/2018 19:31:29	55.0	56.0	12.0419
03/23/2018 19:31:40	53.0	53.0	12.8609
03/23/2018 19:31:52	52.0	51.0	13.8743
03/23/2018 19:32:03	51.0	51.0	13.4211
03/23/2018 19:32:14	50.0	50.0	14.6982
03/23/2018 19:32:25	50.0	49.0	13.4211
03/23/2018 19:32:36	49.0	48.0	13.6842
03/23/2018 19:32:47	48.0	48.0	13.9474
03/23/2018 19:32:58	48.0	48.0	14.0992
03/23/2018 19:33:09	48.0	47.0	15.748
03/23/2018 19:33:20	48.0	47.0	18.3784
