03/06/2018 18:28:36	55.0	54.0	0.251889
03/06/2018 18:28:47	50.0	51.0	0.503778
03/06/2018 18:28:58	50.0	51.0	1.01266
03/06/2018 18:29:09	50.0	50.0	0.252525
03/06/2018 18:29:20	50.0	50.0	0.503778
03/06/2018 18:29:31	50.0	49.0	1.00756
03/06/2018 18:29:42	49.0	49.0	0.502513
03/06/2018 18:29:53	50.0	49.0	3.02267
03/06/2018 18:30:04	49.0	48.0	0.503778
03/06/2018 18:30:15	49.0	48.0	0.252525
03/06/2018 18:30:26	49.0	49.0	0.759494
03/06/2018 18:30:37	49.0	48.0	24.9351
03/06/2018 18:30:49	50.0	53.0	6.60377
03/06/2018 18:31:00	50.0	50.0	12.9288
03/06/2018 18:31:11	51.0	51.0	13.089
03/06/2018 18:31:22	51.0	51.0	12.7937
03/06/2018 18:31:33	51.0	51.0	13.4211
03/06/2018 18:31:44	51.0	53.0	12.8947
03/06/2018 18:31:55	53.0	53.0	12.5326
03/06/2018 18:32:06	53.0	53.0	12.5326
03/06/2018 18:32:17	53.0	54.0	18.1818
03/06/2018 18:32:28	55.0	55.0	20
03/06/2018 18:32:40	55.0	54.0	13.0194
03/06/2018 18:32:51	55.0	55.0	12.0419
03/06/2018 18:33:02	55.0	55.0	13.5065
03/06/2018 18:33:13	57.0	56.0	11.4883
03/06/2018 18:33:24	57.0	56.0	12.336
03/06/2018 18:33:35	56.0	56.0	12.5984
03/06/2018 18:33:46	53.0	54.0	15.748
03/06/2018 18:33:57	52.0	53.0	13.089
03/06/2018 18:34:08	51.0	51.0	15.5263
03/06/2018 18:34:19	50.0	49.0	13.6842
03/06/2018 18:34:30	49.0	49.0	13.9108
03/06/2018 18:34:41	48.0	48.0	14.0584
03/06/2018 18:34:52	48.0	47.0	14.4357
03/06/2018 18:35:03	47.0	48.0	14.9215
03/06/2018 18:35:14	49.0	49.0	14.4357
03/06/2018 18:35:25	51.0	50.0	13.8743
03/06/2018 18:35:36	51.0	51.0	13.3858
03/06/2018 18:35:47	53.0	53.0	12.7937
03/06/2018 18:35:58	54.0	53.0	12.0104
03/06/2018 18:36:09	54.0	54.0	13.3508
03/06/2018 18:36:20	55.0	55.0	12.2715
03/06/2018 18:36:31	56.0	55.0	12.7937
03/06/2018 18:36:42	57.0	56.0	12.5984
03/06/2018 18:36:53	55.0	55.0	12.5326
03/06/2018 18:37:04	53.0	53.0	13.577
03/06/2018 18:37:15	51.0	51.0	13.577
03/06/2018 18:37:26	50.0	51.0	15.3034
03/06/2018 18:37:37	50.0	50.0	14.3979
03/06/2018 18:37:49	49.0	49.0	13.9108
03/06/2018 18:38:00	49.0	48.0	14.9215
03/06/2018 18:38:11	48.0	48.0	13.8743
03/06/2018 18:38:22	48.0	48.0	14.6597
03/06/2018 18:38:33	48.0	48.0	14.7368
03/06/2018 18:38:44	49.0	48.0	14.5119
03/06/2018 18:38:55	49.0	49.0	13.7203
03/06/2018 18:39:06	50.0	51.0	13.6126
03/06/2018 18:39:17	52.0	51.0	13.1234
03/06/2018 18:39:28	53.0	53.0	18.2292
03/06/2018 18:39:39	55.0	54.0	12.5326
03/06/2018 18:39:50	55.0	55.0	19.3717
03/06/2018 18:40:01	57.0	55.0	13.3858
03/06/2018 18:40:12	55.0	55.0	13.1579
03/06/2018 18:40:23	53.0	53.0	15.6085
03/06/2018 18:40:34	52.0	52.0	14.6982
03/06/2018 18:40:45	51.0	51.0	15.7895
03/06/2018 18:40:56	50.0	50.0	14.6982
03/06/2018 18:41:07	50.0	50.0	15.2632
03/06/2018 18:41:18	49.0	50.0	14.3617
03/06/2018 18:41:30	49.0	48.0	28.2609
03/06/2018 18:41:41	52.0	51.0	14.2091
03/06/2018 18:41:52	48.0	48.0	15.9574
03/06/2018 18:42:03	49.0	48.0	17.5393
03/06/2018 18:42:14	49.0	48.0	24.9084
03/06/2018 18:42:25	50.0	48.0	15.4054
03/06/2018 18:42:36	48.0	48.0	14.3678
03/06/2018 18:42:48	48.0	47.0	13.5447
03/06/2018 18:42:59	48.0	48.0	14.7757
03/06/2018 18:43:10	47.0	48.0	13.7566
03/06/2018 18:43:21	48.0	47.0	18.1818
03/06/2018 18:43:32	48.0	48.0	15.3846
03/06/2018 18:43:43	48.0	48.0	16.8831
03/06/2018 18:43:54	49.0	49.0	15.8854
03/06/2018 18:44:05	48.0	48.0	14.8541
03/06/2018 18:44:16	48.0	47.0	19.4226
03/06/2018 18:44:27	48.0	48.0	15.5844
03/06/2018 18:44:38	48.0	48.0	15.0649
03/06/2018 18:44:49	49.0	48.0	14.6982
03/06/2018 18:45:00	47.0	47.0	15.8854
03/06/2018 18:45:11	48.0	47.0	13.9474
03/06/2018 18:45:22	48.0	47.0	13.3858
03/06/2018 18:45:33	50.0	50.0	18.0157
03/06/2018 18:45:44	52.0	51.0	16.0622
03/06/2018 18:45:55	54.0	53.0	17.4479
03/06/2018 18:46:06	54.0	54.0	16.7102
03/06/2018 18:46:17	57.0	55.0	16.3636
03/06/2018 18:46:28	57.0	56.0	20.1044
03/06/2018 18:46:39	55.0	54.0	16.2304
03/06/2018 18:46:50	53.0	53.0	17.0604
03/06/2018 18:47:01	52.0	53.0	16.4921
03/06/2018 18:47:12	53.0	53.0	17.5393
03/06/2018 18:47:23	51.0	51.0	14.6214
03/06/2018 18:47:34	51.0	51.0	16.3636
03/06/2018 18:47:45	50.0	51.0	16.3636
03/06/2018 18:47:56	50.0	50.0	16.8394
03/06/2018 18:48:07	50.0	50.0	17.2956
03/06/2018 18:48:18	50.0	49.0	16.9713
03/06/2018 18:48:30	50.0	50.0	15.0259
03/06/2018 18:48:41	50.0	50.0	18.4896
03/06/2018 18:48:52	49.0	50.0	17.1429
03/06/2018 18:49:03	50.0	50.0	18.1347
03/06/2018 18:49:14	49.0	49.0	17.9688
03/06/2018 18:49:25	49.0	48.0	16.1458
03/06/2018 18:49:36	49.0	48.0	15.6658
03/06/2018 18:49:47	49.0	48.0	19.4301
03/06/2018 18:49:58	49.0	48.0	16.4491
03/06/2018 18:50:09	49.0	48.0	17.7546
03/06/2018 18:50:20	50.0	50.0	16.6234
03/06/2018 18:50:31	49.0	48.0	17.0157
03/06/2018 18:50:42	50.0	49.0	16.3636
03/06/2018 18:50:53	49.0	48.0	17.7083
03/06/2018 18:51:04	49.0	48.0	18.8482
03/06/2018 18:51:15	49.0	47.0	15.5039
03/06/2018 18:51:26	49.0	48.0	17.1053
03/06/2018 18:51:37	49.0	48.0	18.75
03/06/2018 18:51:48	48.0	48.0	20.4188
03/06/2018 18:51:59	49.0	48.0	18.8976
03/06/2018 18:52:10	49.0	48.0	17.2775
03/06/2018 18:52:21	49.0	48.0	16.7102
03/06/2018 18:52:32	48.0	48.0	19.8433
03/06/2018 18:52:43	48.0	48.0	17.1053
03/06/2018 18:52:54	48.0	48.0	17.2324
03/06/2018 18:53:05	49.0	48.0	17.4026
03/06/2018 18:53:16	49.0	48.0	18.4211
03/06/2018 18:53:27	48.0	48.0	17.0157
03/06/2018 18:53:38	48.0	48.0	19.7368
03/06/2018 18:53:49	49.0	48.0	16.1039
03/06/2018 18:54:00	49.0	48.0	17.4603
03/06/2018 18:54:11	48.0	48.0	17.8478
03/06/2018 18:54:22	48.0	49.0	16.7102
03/06/2018 18:54:33	48.0	48.0	17.9221
03/06/2018 18:54:44	48.0	48.0	14.4357
03/06/2018 18:54:56	48.0	47.0	13.8381
03/06/2018 18:55:07	48.0	47.0	16.2667
03/06/2018 18:55:18	47.0	47.0	14.3603
03/06/2018 18:55:29	49.0	48.0	14.6982
03/06/2018 18:55:40	50.0	51.0	15.4856
03/06/2018 18:55:51	52.0	52.0	12.5326
03/06/2018 18:56:02	53.0	53.0	14.026
03/06/2018 18:56:13	53.0	54.0	12.9534
03/06/2018 18:56:24	56.0	54.0	12.7604
03/06/2018 18:56:35	56.0	56.0	12.5984
03/06/2018 18:56:46	56.0	56.0	12.7937
03/06/2018 18:56:57	55.0	54.0	12.2715
03/06/2018 18:57:08	53.0	53.0	14.9215
03/06/2018 18:57:19	52.0	52.0	14.3979
03/06/2018 18:57:30	50.0	50.0	14.9215
03/06/2018 18:57:41	50.0	49.0	14.5119
03/06/2018 18:57:52	49.0	49.0	14.8438
03/06/2018 18:58:03	49.0	48.0	14.3979
03/06/2018 18:58:14	48.0	48.0	15.445
03/06/2018 18:58:25	48.0	48.0	15.1436
03/06/2018 18:58:36	48.0	47.0	15.1832
03/06/2018 18:58:47	48.0	47.0	14.9215
03/06/2018 18:58:58	47.0	48.0	14.5833
03/06/2018 18:59:09	47.0	48.0	15
03/06/2018 18:59:20	47.0	47.0	14.4737
03/06/2018 18:59:31	48.0	48.0	14.6597
03/06/2018 18:59:42	50.0	50.0	13.5065
03/06/2018 18:59:53	51.0	51.0	13.089
03/06/2018 19:00:05	53.0	52.0	12.5654
03/06/2018 19:00:16	54.0	54.0	13.3508
03/06/2018 19:00:27	55.0	54.0	12.987
03/06/2018 19:00:38	56.0	56.0	12.0735
03/06/2018 19:00:49	56.0	57.0	13.5417
03/06/2018 19:01:00	55.0	54.0	12.7937
03/06/2018 19:01:11	53.0	53.0	13.2124
03/06/2018 19:01:22	52.0	52.0	14.5078
03/06/2018 19:01:33	51.0	51.0	15.544
03/06/2018 19:01:44	50.0	50.0	15.3247
03/06/2018 19:01:55	49.0	48.0	14.8052
03/06/2018 19:02:06	49.0	49.0	14.2857
03/06/2018 19:02:17	49.0	48.0	15.1436
03/06/2018 19:02:28	49.0	48.0	14.6214
03/06/2018 19:02:39	48.0	48.0	15.4856
03/06/2018 19:02:50	49.0	49.0	15.5844
03/06/2018 19:03:01	47.0	47.0	15.2455
03/06/2018 19:03:12	47.0	47.0	14.5455
03/06/2018 19:03:23	48.0	47.0	16.0105
03/06/2018 19:03:34	47.0	47.0	14.6907
03/06/2018 19:03:45	47.0	46.0	15.5039
03/06/2018 19:03:56	48.0	48.0	14.5455
03/06/2018 19:04:07	50.0	50.0	12.9534
03/06/2018 19:04:18	51.0	51.0	14.653
03/06/2018 19:04:29	52.0	53.0	12.4675
03/06/2018 19:04:40	54.0	55.0	15.0259
03/06/2018 19:04:51	55.0	54.0	14.3959
03/06/2018 19:05:02	56.0	56.0	12.5
03/06/2018 19:05:14	57.0	56.0	13.6951
03/06/2018 19:05:25	55.0	55.0	16.9271
03/06/2018 19:05:36	54.0	53.0	15.4255
03/06/2018 19:05:47	52.0	51.0	14.5078
03/06/2018 19:05:58	51.0	50.0	15.7623
03/06/2018 19:06:09	50.0	50.0	15.9383
03/06/2018 19:06:20	50.0	49.0	14.9871
03/06/2018 19:06:31	49.0	49.0	15.8442
03/06/2018 19:06:42	49.0	48.0	16.4948
03/06/2018 19:06:53	48.0	48.0	15.625
03/06/2018 19:07:04	48.0	48.0	15.4242
03/06/2018 19:07:15	48.0	47.0	14.8825
03/06/2018 19:07:26	48.0	47.0	16.1954
03/06/2018 19:07:37	48.0	47.0	15.4639
03/06/2018 19:07:48	48.0	47.0	16.624
03/06/2018 19:07:59	47.0	46.0	17.0918
03/06/2018 19:08:10	49.0	48.0	17.6768
03/06/2018 19:08:21	50.0	51.0	14.653
03/06/2018 19:08:32	51.0	52.0	14.9485
03/06/2018 19:08:43	53.0	53.0	12.9199
03/06/2018 19:08:54	54.0	54.0	13.8817
03/06/2018 19:09:05	55.0	55.0	14.7959
03/06/2018 19:09:16	56.0	55.0	13.1783
03/06/2018 19:09:27	57.0	56.0	14.653
03/06/2018 19:09:38	55.0	54.0	14.7208
03/06/2018 19:09:49	52.0	52.0	17.1717
03/06/2018 19:10:00	51.0	51.0	16.7095
03/06/2018 19:10:11	51.0	51.0	17.6322
03/06/2018 19:10:23	50.0	49.0	20.098
03/06/2018 19:10:34	49.0	49.0	20.098
03/06/2018 19:10:45	49.0	48.0	19.4581
03/06/2018 19:10:56	48.0	48.0	19.3548
03/06/2018 19:11:07	48.0	48.0	20
03/06/2018 19:11:18	48.0	47.0	20.9246
03/06/2018 19:11:29	48.0	48.0	18.8119
03/06/2018 19:11:40	48.0	48.0	21.2714
03/06/2018 19:11:51	49.0	49.0	20.0489
03/06/2018 19:12:02	51.0	51.0	20.7729
03/06/2018 19:12:13	52.0	53.0	17.8922
03/06/2018 19:12:24	53.0	53.0	18.5366
03/06/2018 19:12:35	54.0	54.0	17.5743
03/06/2018 19:12:46	55.0	55.0	16.4589
03/06/2018 19:12:57	56.0	56.0	16.6667
03/06/2018 19:13:08	55.0	56.0	19.0709
03/06/2018 19:13:19	54.0	54.0	22.9314
03/06/2018 19:13:30	52.0	53.0	22.7488
03/06/2018 19:13:41	51.0	51.0	23.5849
03/06/2018 19:13:52	50.0	50.0	25.2294
03/06/2018 19:14:03	49.0	50.0	24.6544
03/06/2018 19:14:14	48.0	49.0	23.6407
03/06/2018 19:14:25	48.0	48.0	22.7488
03/06/2018 19:14:36	48.0	48.0	23.4192
03/06/2018 19:14:47	48.0	48.0	24.826
03/06/2018 19:14:58	48.0	48.0	24.7706
03/06/2018 19:15:09	47.0	48.0	25.058
03/06/2018 19:15:20	47.0	48.0	25.7991
03/06/2018 19:15:31	48.0	48.0	25.6293
03/06/2018 19:15:43	50.0	50.0	25.2315
03/06/2018 19:15:54	51.0	52.0	22.2482
03/06/2018 19:16:05	52.0	53.0	23.0947
03/06/2018 19:16:16	53.0	54.0	23.9631
03/06/2018 19:16:27	55.0	55.0	21.9114
03/06/2018 19:16:38	56.0	56.0	22.5058
03/06/2018 19:16:49	56.0	55.0	23.4339
03/06/2018 19:17:00	54.0	54.0	25.9091
03/06/2018 19:17:11	52.0	53.0	25.2874
03/06/2018 19:17:22	51.0	51.0	25.9174
03/06/2018 19:17:33	50.0	51.0	24.4186
03/06/2018 19:17:44	50.0	50.0	23.9437
03/06/2018 19:17:55	50.0	49.0	23.2779
03/06/2018 19:18:06	48.0	49.0	21.957
03/06/2018 19:18:17	49.0	48.0	23.3173
03/06/2018 19:18:28	48.0	48.0	22.871
03/06/2018 19:18:39	48.0	48.0	22.1687
03/06/2018 19:18:50	48.0	48.0	22.0339
03/06/2018 19:19:01	48.0	48.0	24.2991
03/06/2018 19:19:12	48.0	48.0	23.6407
03/06/2018 19:19:23	48.0	48.0	23.2614
03/06/2018 19:19:34	47.0	47.0	22.0096
03/06/2018 19:19:45	49.0	49.0	23.5849
03/06/2018 19:19:56	50.0	51.0	22.0339
03/06/2018 19:20:07	53.0	52.0	21.9626
03/06/2018 19:20:18	53.0	53.0	22.6506
03/06/2018 19:20:29	54.0	54.0	21.5962
03/06/2018 19:20:40	56.0	55.0	22.9698
03/06/2018 19:20:52	56.0	56.0	22.3005
03/06/2018 19:21:03	57.0	56.0	20.9524
03/06/2018 19:21:14	54.0	55.0	17.8922
03/06/2018 19:21:25	53.0	53.0	20.1493
03/06/2018 19:21:36	51.0	51.0	19.3069
03/06/2018 19:21:47	50.0	51.0	19.3548
03/06/2018 19:21:58	50.0	51.0	19.8511
03/06/2018 19:22:09	49.0	49.0	19.7044
03/06/2018 19:22:20	49.0	48.0	17.3804
03/06/2018 19:22:31	49.0	49.0	19.802
03/06/2018 19:22:42	48.0	48.0	18.408
03/06/2018 19:22:53	48.0	48.0	19.6078
03/06/2018 19:23:04	48.0	48.0	20.1474
03/06/2018 19:23:15	47.0	47.0	19.5062
03/06/2018 19:23:26	48.0	48.0	19.7044
03/06/2018 19:23:37	47.0	48.0	18.25
03/06/2018 19:23:48	47.0	47.0	19.9507
03/06/2018 19:23:59	48.0	48.0	19.202
03/06/2018 19:24:10	50.0	50.0	17.0426
03/06/2018 19:24:21	51.0	51.0	17.4877
03/06/2018 19:24:32	53.0	53.0	18.1141
03/06/2018 19:24:43	54.0	54.0	18.6893
03/06/2018 19:24:54	55.0	54.0	18.1818
03/06/2018 19:25:05	56.0	55.0	17.6179
03/06/2018 19:25:16	56.0	56.0	17.1216
03/06/2018 19:25:27	55.0	54.0	18.9781
03/06/2018 19:25:38	53.0	52.0	20.9756
03/06/2018 19:25:49	51.0	51.0	22.5118
03/06/2018 19:26:01	50.0	51.0	20.3931
03/06/2018 19:26:12	50.0	50.0	20.3931
03/06/2018 19:26:23	49.0	50.0	21.0654
03/06/2018 19:26:34	49.0	49.0	21.5496
03/06/2018 19:26:45	48.0	48.0	20.8738
03/06/2018 19:26:56	48.0	48.0	20.8333
03/06/2018 19:27:07	47.0	48.0	21.7918
03/06/2018 19:27:18	48.0	48.0	18.9526
03/06/2018 19:27:29	48.0	48.0	19.4103
03/06/2018 19:27:40	48.0	47.0	20.5882
03/06/2018 19:27:51	47.0	48.0	20.098
03/06/2018 19:28:02	48.0	47.0	20.7824
03/06/2018 19:28:13	48.0	48.0	20.297
03/06/2018 19:28:24	50.0	51.0	18.0693
03/06/2018 19:28:35	51.0	51.0	17.7778
03/06/2018 19:28:46	52.0	53.0	18.4915
03/06/2018 19:28:57	54.0	54.0	17.8922
03/06/2018 19:29:08	55.0	55.0	18.3824
03/06/2018 19:29:19	56.0	56.0	18.7805
03/06/2018 19:29:30	57.0	56.0	17.8484
03/06/2018 19:29:41	55.0	55.0	17.0426
03/06/2018 19:29:52	53.0	53.0	17.5879
03/06/2018 19:30:03	52.0	52.0	18.25
03/06/2018 19:30:14	51.0	51.0	17.9293
03/06/2018 19:30:25	50.0	51.0	20.1474
03/06/2018 19:30:36	50.0	50.0	18.6567
03/06/2018 19:30:47	49.0	49.0	18.481
03/06/2018 19:30:58	49.0	49.0	17.1717
03/06/2018 19:31:10	49.0	48.0	16.75
03/06/2018 19:31:21	48.0	48.0	16.5394
03/06/2018 19:31:32	48.0	48.0	16.9231
03/06/2018 19:31:43	48.0	48.0	16.4103
03/06/2018 19:31:54	47.0	48.0	16.9231
03/06/2018 19:32:05	48.0	47.0	15.641
03/06/2018 19:32:16	47.0	47.0	18.75
03/06/2018 19:32:27	48.0	49.0	17.0051
03/06/2018 19:32:38	50.0	51.0	14.9871
03/06/2018 19:32:49	51.0	53.0	15.9494
03/06/2018 19:33:00	53.0	54.0	14.5408
03/06/2018 19:33:11	54.0	54.0	15.6962
03/06/2018 19:33:22	55.0	56.0	14.1388
03/06/2018 19:33:33	56.0	56.0	14.1026
03/06/2018 19:33:44	55.0	56.0	14.1388
03/06/2018 19:33:55	54.0	54.0	16.7095
03/06/2018 19:34:06	52.0	52.0	13.4021
03/06/2018 19:34:17	51.0	51.0	15.445
03/06/2018 19:34:28	50.0	51.0	14.3979
03/06/2018 19:34:39	50.0	50.0	14.6982
03/06/2018 19:34:50	49.0	49.0	14.4737
03/06/2018 19:35:01	48.0	49.0	14.2105
03/06/2018 19:35:12	49.0	49.0	13.6842
03/06/2018 19:35:23	48.0	49.0	14.9215
03/06/2018 19:35:34	49.0	48.0	14.6597
03/06/2018 19:35:45	48.0	48.0	13.9108
03/06/2018 19:35:56	48.0	48.0	15.8311
03/06/2018 19:36:07	48.0	48.0	14.3229
03/06/2018 19:36:19	47.0	48.0	13.7203
03/06/2018 19:36:30	47.0	48.0	14.1732
03/06/2018 19:36:41	48.0	48.0	14.1732
03/06/2018 19:36:52	47.0	48.0	14.6597
03/06/2018 19:37:03	47.0	48.0	13.4565
03/06/2018 19:37:14	49.0	50.0	13.4565
03/06/2018 19:37:25	51.0	51.0	13.9474
03/06/2018 19:37:36	51.0	53.0	12.0735
03/06/2018 19:37:47	53.0	53.0	12.0735
03/06/2018 19:37:58	54.0	54.0	13.6126
03/06/2018 19:38:09	55.0	56.0	11.6095
03/06/2018 19:38:20	56.0	56.0	11.811
03/06/2018 19:38:31	56.0	55.0	12.5984
03/06/2018 19:38:42	54.0	54.0	11.9048
03/06/2018 19:38:53	52.0	53.0	12.6984
03/06/2018 19:39:04	51.0	52.0	14.2857
03/06/2018 19:39:15	50.0	51.0	13.4565
03/06/2018 19:39:26	50.0	50.0	14.5889
03/06/2018 19:39:37	49.0	50.0	13.7203
03/06/2018 19:39:48	48.0	49.0	14.1732
03/06/2018 19:39:59	48.0	48.0	14.2105
03/06/2018 19:40:10	49.0	48.0	13.2979
03/06/2018 19:40:21	48.0	48.0	13.2275
03/06/2018 19:40:32	48.0	48.0	14.5503
03/06/2018 19:40:43	48.0	48.0	13.4565
03/06/2018 19:40:54	47.0	47.0	14.6597
03/06/2018 19:41:05	47.0	47.0	14.7368
03/06/2018 19:41:16	48.0	47.0	13.4921
03/06/2018 19:41:28	48.0	47.0	13.1579
03/06/2018 19:41:39	47.0	47.0	14.0212
03/06/2018 19:41:50	47.0	47.0	13.9842
03/06/2018 19:42:01	48.0	48.0	14.6982
03/06/2018 19:42:12	50.0	50.0	12.6316
03/06/2018 19:42:23	51.0	51.0	13.7203
03/06/2018 19:42:34	52.0	53.0	13.3508
03/06/2018 19:42:45	54.0	54.0	12.0735
03/06/2018 19:42:56	54.0	54.0	12.5984
03/06/2018 19:43:07	55.0	56.0	12.336
03/06/2018 19:43:18	57.0	56.0	12.1372
03/06/2018 19:43:29	55.0	56.0	12.0419
03/06/2018 19:43:40	53.0	54.0	12.3684
03/06/2018 19:43:51	52.0	53.0	13.6842
03/06/2018 19:44:02	50.0	51.0	13.7203
03/06/2018 19:44:13	50.0	50.0	14.4737
03/06/2018 19:44:24	50.0	50.0	13.9842
03/06/2018 19:44:35	49.0	50.0	13.1926
03/06/2018 19:44:46	49.0	48.0	13.6842
03/06/2018 19:44:57	48.0	48.0	13.4921
03/06/2018 19:45:08	48.0	48.0	14.7368
03/06/2018 19:45:19	48.0	48.0	14.1361
03/06/2018 19:45:30	48.0	48.0	14.8148
03/06/2018 19:45:41	49.0	49.0	14.4737
03/06/2018 19:45:52	48.0	48.0	14.6214
03/06/2018 19:46:03	48.0	48.0	14.4357
03/06/2018 19:46:14	48.0	47.0	13.7931
03/06/2018 19:46:25	48.0	47.0	13.4921
03/06/2018 19:46:36	47.0	47.0	13.2275
03/06/2018 19:46:48	47.0	48.0	14.0584
03/06/2018 19:46:59	48.0	48.0	13.9108
03/06/2018 19:47:10	49.0	50.0	13.089
03/06/2018 19:47:21	51.0	51.0	11.7801
03/06/2018 19:47:32	52.0	52.0	14.0992
03/06/2018 19:47:43	54.0	54.0	12.8609
03/06/2018 19:47:54	55.0	55.0	11.6095
03/06/2018 19:48:05	55.0	56.0	12.0735
03/06/2018 19:48:16	56.0	56.0	12.1372
03/06/2018 19:48:27	54.0	54.0	12.9288
03/06/2018 19:48:38	52.0	53.0	12.2715
03/06/2018 19:48:49	51.0	51.0	15.445
03/06/2018 19:49:00	50.0	51.0	13.9108
03/06/2018 19:49:11	49.0	50.0	13.9842
03/06/2018 19:49:22	49.0	49.0	14.4737
03/06/2018 19:49:33	49.0	50.0	14.5119
03/06/2018 19:49:44	48.0	49.0	13.8743
03/06/2018 19:49:55	48.0	48.0	14.2857
03/06/2018 19:50:06	48.0	48.0	13.8743
03/06/2018 19:50:17	48.0	48.0	14.9606
03/06/2018 19:50:28	48.0	48.0	13.8743
03/06/2018 19:50:39	47.0	47.0	13.6842
03/06/2018 19:50:50	48.0	47.0	14.7757
03/06/2018 19:51:01	47.0	47.0	13.6483
03/06/2018 19:51:12	48.0	47.0	13.9474
03/06/2018 19:51:23	47.0	48.0	13.9474
03/06/2018 19:51:34	48.0	47.0	12.963
03/06/2018 19:51:46	50.0	50.0	13.0548
03/06/2018 19:51:57	51.0	51.0	13.9842
03/06/2018 19:52:08	52.0	53.0	12.0419
03/06/2018 19:52:19	53.0	54.0	12.3037
03/06/2018 19:52:30	54.0	55.0	12.5326
03/06/2018 19:52:41	56.0	55.0	12.2715
03/06/2018 19:52:52	57.0	57.0	13.3508
03/06/2018 19:53:03	55.0	56.0	12.5654
03/06/2018 19:53:14	54.0	53.0	12.8609
03/06/2018 19:53:25	52.0	53.0	14.6597
03/06/2018 19:53:36	51.0	51.0	13.9108
03/06/2018 19:53:47	50.0	51.0	13.9108
03/06/2018 19:53:58	50.0	50.0	14.248
03/06/2018 19:54:09	49.0	49.0	13.3858
03/06/2018 19:54:20	49.0	49.0	14.1361
03/06/2018 19:54:31	48.0	50.0	13.9842
03/06/2018 19:54:42	48.0	48.0	13.2626
03/06/2018 19:54:53	48.0	48.0	13.8743
03/06/2018 19:55:04	48.0	48.0	14.0584
03/06/2018 19:55:15	48.0	47.0	13.6842
03/06/2018 19:55:26	48.0	48.0	14.2857
03/06/2018 19:55:37	48.0	48.0	13.9474
03/06/2018 19:55:48	48.0	47.0	13.9474
03/06/2018 19:55:59	47.0	48.0	14.4737
03/06/2018 19:56:10	48.0	47.0	14.1361
03/06/2018 19:56:21	47.0	47.0	13.4211
03/06/2018 19:56:32	49.0	48.0	14.2857
03/06/2018 19:56:43	50.0	50.0	12.5984
03/06/2018 19:56:54	51.0	51.0	13.089
03/06/2018 19:57:06	53.0	53.0	13.3159
03/06/2018 19:57:17	53.0	54.0	11.3757
03/06/2018 19:57:28	55.0	55.0	12.7937
03/06/2018 19:57:39	56.0	56.0	12.336
03/06/2018 19:57:50	56.0	57.0	11.8734
03/06/2018 19:58:01	55.0	54.0	11.8421
03/06/2018 19:58:12	53.0	53.0	12.7937
03/06/2018 19:58:23	52.0	52.0	12.8947
03/06/2018 19:58:34	51.0	51.0	14.5833
03/06/2018 19:58:45	50.0	51.0	13.6842
03/06/2018 19:58:56	50.0	50.0	13.6842
03/06/2018 19:59:07	49.0	50.0	14.6597
03/06/2018 19:59:18	49.0	48.0	13.4565
03/06/2018 19:59:29	48.0	48.0	12.766
03/06/2018 19:59:40	48.0	48.0	14.5119
03/06/2018 19:59:51	48.0	48.0	13.3508
03/06/2018 20:00:02	48.0	48.0	13.6126
03/06/2018 20:00:13	48.0	47.0	14.0212
03/06/2018 20:00:24	48.0	48.0	13.6483
03/06/2018 20:00:35	48.0	48.0	13.7203
03/06/2018 20:00:46	48.0	49.0	13.6126
03/06/2018 20:00:57	50.0	51.0	13.6126
03/06/2018 20:01:08	52.0	53.0	13.6483
03/06/2018 20:01:19	53.0	53.0	12.336
03/06/2018 20:01:30	54.0	54.0	11.7801
03/06/2018 20:01:41	55.0	56.0	12.1053
03/06/2018 20:01:52	56.0	57.0	11.5486
03/06/2018 20:02:03	56.0	56.0	11.8421
03/06/2018 20:02:15	54.0	54.0	13.577
03/06/2018 20:02:26	52.0	52.0	14.6982
03/06/2018 20:02:37	53.0	53.0	12.9288
03/06/2018 20:02:48	51.0	51.0	14.248
03/06/2018 20:02:59	50.0	50.0	13.6842
03/06/2018 20:03:10	50.0	50.0	14.2857
03/06/2018 20:03:21	49.0	50.0	14.0957
03/06/2018 20:03:32	49.0	49.0	13.4211
03/06/2018 20:03:43	48.0	49.0	14.5119
03/06/2018 20:03:54	48.0	49.0	13.4211
03/06/2018 20:04:05	48.0	48.0	13.5279
03/06/2018 20:04:16	48.0	48.0	14.1361
03/06/2018 20:04:27	48.0	48.0	13.9474
03/06/2018 20:04:38	48.0	49.0	13.9108
03/06/2018 20:04:49	48.0	47.0	14.6982
03/06/2018 20:05:00	48.0	48.0	13.6483
03/06/2018 20:05:11	47.0	47.0	13.6483
03/06/2018 20:05:22	48.0	47.0	14.7368
03/06/2018 20:05:33	47.0	48.0	14.5833
03/06/2018 20:05:44	47.0	48.0	13.1926
03/06/2018 20:05:55	47.0	48.0	13.8298
03/06/2018 20:06:06	47.0	48.0	13.4565
03/06/2018 20:06:17	48.0	48.0	14.0212
03/06/2018 20:06:28	51.0	50.0	12.3684
03/06/2018 20:06:39	51.0	51.0	12.5654
03/06/2018 20:06:50	52.0	53.0	12.7937
03/06/2018 20:07:01	54.0	54.0	11.7801
03/06/2018 20:07:12	55.0	55.0	11.811
03/06/2018 20:07:24	56.0	55.0	11.811
03/06/2018 20:07:35	57.0	56.0	12.0104
03/06/2018 20:07:46	55.0	56.0	12.2715
03/06/2018 20:07:57	54.0	54.0	12.3684
03/06/2018 20:08:08	52.0	53.0	13.1579
03/06/2018 20:08:19	51.0	51.0	12.6316
03/06/2018 20:08:30	50.0	51.0	13.7566
03/06/2018 20:08:41	50.0	50.0	13.5279
03/06/2018 20:08:52	49.0	50.0	13.4211
03/06/2018 20:09:03	49.0	49.0	13.6126
03/06/2018 20:09:14	49.0	49.0	15.1596
03/06/2018 20:09:25	48.0	48.0	14.4357
03/06/2018 20:09:36	48.0	48.0	13.9108
03/06/2018 20:09:47	48.0	48.0	13.6126
03/06/2018 20:09:58	48.0	48.0	12.9288
03/06/2018 20:10:09	48.0	48.0	13.9108
03/06/2018 20:10:20	48.0	48.0	13.9842
03/06/2018 20:10:31	48.0	48.0	13.9842
03/06/2018 20:10:42	48.0	47.0	13.7203
03/06/2018 20:10:53	48.0	47.0	13.9108
03/06/2018 20:11:04	48.0	47.0	14.7368
03/06/2018 20:11:15	47.0	47.0	12.7321
03/06/2018 20:11:26	48.0	47.0	13.3508
03/06/2018 20:11:37	49.0	48.0	14.6597
03/06/2018 20:11:48	51.0	50.0	13.1234
03/06/2018 20:11:59	51.0	51.0	13.2124
03/06/2018 20:12:10	52.0	52.0	11.5486
03/06/2018 20:12:21	54.0	54.0	12.1693
03/06/2018 20:12:33	55.0	54.0	12.7273
03/06/2018 20:12:44	55.0	55.0	12.0735
03/06/2018 20:12:55	56.0	56.0	12.3037
03/06/2018 20:13:06	55.0	54.0	12.6316
03/06/2018 20:13:17	53.0	53.0	12.8272
03/06/2018 20:13:28	51.0	52.0	12.7937
03/06/2018 20:13:39	51.0	51.0	14.4737
03/06/2018 20:13:50	51.0	50.0	13.5279
03/06/2018 20:14:01	50.0	49.0	13.6483
03/06/2018 20:14:12	49.0	48.0	14.9606
03/06/2018 20:14:23	49.0	48.0	13.6483
03/06/2018 20:14:34	48.0	48.0	14.0212
03/06/2018 20:14:45	48.0	48.0	14.1732
03/06/2018 20:14:56	48.0	48.0	17.4419
03/06/2018 20:15:07	48.0	47.0	14.2105
03/06/2018 20:15:18	48.0	47.0	13.3508
03/06/2018 20:15:29	48.0	47.0	13.9108
03/06/2018 20:15:40	49.0	50.0	13.4211
03/06/2018 20:15:51	51.0	51.0	12.3037
03/06/2018 20:16:02	52.0	53.0	11.7801
03/06/2018 20:16:13	53.0	53.0	13.2468
03/06/2018 20:16:24	55.0	54.0	11.3456
03/06/2018 20:16:35	55.0	55.0	12.5
03/06/2018 20:16:46	56.0	55.0	13.8381
03/06/2018 20:16:57	57.0	56.0	12.3037
03/06/2018 20:17:08	54.0	54.0	12.0735
03/06/2018 20:17:19	53.0	52.0	12.8272
03/06/2018 20:17:30	51.0	52.0	13.4565
03/06/2018 20:17:41	50.0	51.0	14.248
03/06/2018 20:17:53	49.0	50.0	13.6842
03/06/2018 20:18:04	49.0	49.0	13.6842
03/06/2018 20:18:15	49.0	48.0	14.4737
03/06/2018 20:18:26	48.0	48.0	13.4565
03/06/2018 20:18:37	48.0	48.0	14.1732
03/06/2018 20:18:48	48.0	48.0	15.2231
03/06/2018 20:18:59	48.0	48.0	13.9108
03/06/2018 20:19:10	48.0	48.0	13.9108
03/06/2018 20:19:21	50.0	49.0	12.7937
03/06/2018 20:19:32	51.0	51.0	12.2715
03/06/2018 20:19:43	52.0	53.0	12.0735
03/06/2018 20:19:54	53.0	53.0	12.3037
03/06/2018 20:20:05	54.0	54.0	12.5326
03/06/2018 20:20:16	55.0	55.0	12.6316
03/06/2018 20:20:27	56.0	55.0	12.2715
03/06/2018 20:20:38	57.0	57.0	12.2396
03/06/2018 20:20:49	56.0	57.0	13.3159
03/06/2018 20:21:00	54.0	54.0	13.0208
03/06/2018 20:21:11	52.0	52.0	13.3159
03/06/2018 20:21:22	51.0	51.0	13.7203
03/06/2018 20:21:33	50.0	51.0	13.6126
03/06/2018 20:21:44	50.0	50.0	13.7203
03/06/2018 20:21:55	49.0	49.0	13.9474
03/06/2018 20:22:06	48.0	48.0	12.8609
03/06/2018 20:22:17	48.0	48.0	12.963
03/06/2018 20:22:28	48.0	47.0	14.0212
03/06/2018 20:22:39	47.0	48.0	13.1926
03/06/2018 20:22:50	49.0	49.0	15.4047
03/06/2018 20:23:02	51.0	51.0	13.4211
03/06/2018 20:23:13	51.0	51.0	12.8272
03/06/2018 20:23:24	53.0	53.0	12.5326
03/06/2018 20:23:35	54.0	54.0	12.7604
03/06/2018 20:23:46	54.0	54.0	12.2396
03/06/2018 20:23:57	55.0	56.0	12.7937
03/06/2018 20:24:08	56.0	56.0	12.2078
03/06/2018 20:24:19	56.0	57.0	12.5
03/06/2018 20:24:30	55.0	56.0	12.7937
03/06/2018 20:24:41	54.0	53.0	12.8947
03/06/2018 20:24:52	51.0	51.0	13.4921
03/06/2018 20:25:03	50.0	50.0	14.4737
03/06/2018 20:25:14	50.0	50.0	14.0212
03/06/2018 20:25:25	49.0	48.0	13.6842
03/06/2018 20:25:36	48.0	48.0	14.1361
03/06/2018 20:25:47	48.0	49.0	13.4211
03/06/2018 20:25:58	48.0	48.0	13.8298
03/06/2018 20:26:09	48.0	48.0	13.1579
03/06/2018 20:26:20	50.0	50.0	13.8743
03/06/2018 20:26:31	51.0	51.0	13.3508
03/06/2018 20:26:42	52.0	53.0	12.8272
03/06/2018 20:26:53	53.0	53.0	12.0419
03/06/2018 20:27:04	54.0	54.0	13.3159
03/06/2018 20:27:15	55.0	55.0	12.3037
03/06/2018 20:27:26	56.0	56.0	12.5
03/06/2018 20:27:37	56.0	56.0	12.0104
03/06/2018 20:27:48	55.0	55.0	12.6943
03/06/2018 20:27:59	53.0	53.0	12.0419
03/06/2018 20:28:10	51.0	53.0	13.4211
03/06/2018 20:28:22	50.0	51.0	15
03/06/2018 20:28:33	51.0	51.0	14.0212
03/06/2018 20:28:44	49.0	49.0	13.7203
03/06/2018 20:28:55	48.0	48.0	13.4211
03/06/2018 20:29:06	48.0	47.0	13.8743
03/06/2018 20:29:17	48.0	47.0	13.9108
03/06/2018 20:29:28	47.0	47.0	14.6214
03/06/2018 20:29:39	48.0	48.0	13.089
03/06/2018 20:29:50	50.0	50.0	12.8947
03/06/2018 20:30:01	51.0	51.0	12.0735
03/06/2018 20:30:12	52.0	53.0	12.8272
03/06/2018 20:30:23	54.0	54.0	13.3159
03/06/2018 20:30:34	55.0	54.0	12.5654
03/06/2018 20:30:45	55.0	55.0	12.5326
03/06/2018 20:30:56	57.0	56.0	11.7188
03/06/2018 20:31:07	57.0	56.0	12.1053
03/06/2018 20:31:18	54.0	54.0	12.0735
03/06/2018 20:31:29	52.0	53.0	12.8272
03/06/2018 20:31:40	50.0	51.0	13.7203
03/06/2018 20:31:51	49.0	50.0	13.9842
03/06/2018 20:32:02	49.0	50.0	12.8609
03/06/2018 20:32:13	49.0	48.0	14.7368
03/06/2018 20:32:24	48.0	48.0	14.9215
03/06/2018 20:32:35	48.0	48.0	13.9474
03/06/2018 20:32:46	48.0	48.0	15.2632
03/06/2018 20:32:57	49.0	50.0	13.3159
03/06/2018 20:33:08	51.0	51.0	12.3037
03/06/2018 20:33:19	52.0	52.0	13.0208
03/06/2018 20:33:30	53.0	54.0	12.0419
03/06/2018 20:33:42	54.0	54.0	12.8272
03/06/2018 20:33:53	55.0	55.0	12.0104
03/06/2018 20:34:04	56.0	56.0	12.3037
03/06/2018 20:34:15	56.0	56.0	13.577
03/06/2018 20:34:26	55.0	55.0	12.8272
03/06/2018 20:34:37	53.0	53.0	11.8421
03/06/2018 20:34:48	51.0	51.0	14.6982
03/06/2018 20:34:59	50.0	50.0	14.1732
03/06/2018 20:35:10	49.0	50.0	13.4211
03/06/2018 20:35:21	49.0	49.0	14.9215
03/06/2018 20:35:32	48.0	48.0	13.9474
03/06/2018 20:35:43	48.0	48.0	13.6842
03/06/2018 20:35:54	47.0	47.0	13.7203
03/06/2018 20:36:05	47.0	48.0	13.6483
03/06/2018 20:36:16	49.0	50.0	12.6316
03/06/2018 20:36:27	51.0	51.0	12.0419
03/06/2018 20:36:38	52.0	52.0	11.5486
03/06/2018 20:36:49	53.0	53.0	12.8609
03/06/2018 20:37:00	54.0	54.0	12.0419
03/06/2018 20:37:11	55.0	54.0	12.0735
03/06/2018 20:37:22	56.0	56.0	12.336
03/06/2018 20:37:33	57.0	55.0	11.811
03/06/2018 20:37:44	57.0	56.0	12.5
03/06/2018 20:37:55	54.0	54.0	12.8609
03/06/2018 20:38:06	52.0	52.0	16.4062
03/06/2018 20:38:17	51.0	51.0	15.9686
03/06/2018 20:38:28	51.0	50.0	20.5263
03/06/2018 20:38:39	50.0	50.0	16.4491
03/06/2018 20:38:50	50.0	49.0	15.625
03/06/2018 20:39:01	49.0	48.0	16.2304
03/06/2018 20:39:12	49.0	48.0	16.7102
03/06/2018 20:39:24	48.0	48.0	16.4491
03/06/2018 20:39:35	48.0	48.0	16.9713
03/06/2018 20:39:46	48.0	48.0	15.2231
03/06/2018 20:39:57	48.0	48.0	19.0104
03/06/2018 20:40:08	48.0	47.0	17.7083
03/06/2018 20:40:19	48.0	47.0	16.7539
03/06/2018 20:40:30	48.0	47.0	18.4416
03/06/2018 20:40:41	48.0	47.0	16.3636
03/06/2018 20:40:52	48.0	47.0	12.6649
03/06/2018 20:41:03	47.0	47.0	16.7979
03/06/2018 20:41:14	48.0	48.0	17.7546
03/06/2018 20:41:25	51.0	50.0	16.3636
03/06/2018 20:41:36	52.0	51.0	18.3246
03/06/2018 20:41:47	55.0	54.0	17.9221
03/06/2018 20:41:58	55.0	54.0	17.7546
03/06/2018 20:42:09	56.0	55.0	17.7546
03/06/2018 20:42:20	57.0	56.0	16.2791
03/06/2018 20:42:31	55.0	54.0	16.7102
03/06/2018 20:42:42	53.0	53.0	20.3655
03/06/2018 20:42:53	51.0	51.0	18.5379
03/06/2018 20:43:04	51.0	50.0	15.4047
03/06/2018 20:43:15	51.0	50.0	16.2791
03/06/2018 20:43:26	50.0	50.0	16.6234
03/06/2018 20:43:37	50.0	49.0	19.0104
03/06/2018 20:43:48	50.0	50.0	16.3636
03/06/2018 20:43:59	49.0	49.0	16.4062
03/06/2018 20:44:10	49.0	48.0	16.2791
03/06/2018 20:44:21	49.0	48.0	16.3158
03/06/2018 20:44:32	48.0	48.0	16.3212
03/06/2018 20:44:43	49.0	48.0	17.4479
03/06/2018 20:44:54	49.0	48.0	16.4062
03/06/2018 20:45:05	49.0	48.0	15.0649
03/06/2018 20:45:16	48.0	48.0	15.4047
03/06/2018 20:45:27	49.0	48.0	16.4491
03/06/2018 20:45:38	48.0	48.0	18.3938
03/06/2018 20:45:49	49.0	47.0	17.7546
03/06/2018 20:46:00	49.0	48.0	17.8478
03/06/2018 20:46:11	49.0	48.0	17.1875
03/06/2018 20:46:23	48.0	48.0	16.7539
03/06/2018 20:46:34	48.0	48.0	20.2597
03/06/2018 20:46:45	48.0	48.0	16.1458
03/06/2018 20:46:56	48.0	47.0	17.4479
03/06/2018 20:47:07	48.0	47.0	16.1458
03/06/2018 20:47:18	48.0	48.0	15.9269
03/06/2018 20:47:29	48.0	48.0	18.75
03/06/2018 20:47:40	48.0	48.0	18.799
03/06/2018 20:47:51	48.0	48.0	18.4896
03/06/2018 20:48:02	48.0	48.0	18.1818
03/06/2018 20:48:13	49.0	48.0	17.7546
03/06/2018 20:48:24	48.0	47.0	16.5803
03/06/2018 20:48:35	48.0	48.0	17.3228
03/06/2018 20:48:46	48.0	48.0	18.5864
03/06/2018 20:48:57	48.0	47.0	17.3228
03/06/2018 20:49:08	48.0	47.0	17.1875
03/06/2018 20:49:19	48.0	48.0	17.4026
03/06/2018 20:49:30	48.0	47.0	18.8976
03/06/2018 20:49:41	48.0	48.0	19.6335
03/06/2018 20:49:52	48.0	48.0	18.75
03/06/2018 20:50:03	48.0	47.0	19.3211
03/06/2018 20:50:14	48.0	48.0	17.1875
03/06/2018 20:50:25	48.0	48.0	16.8831
03/06/2018 20:50:36	48.0	48.0	17.7083
03/06/2018 20:50:47	50.0	51.0	18.1818
03/06/2018 20:50:58	51.0	52.0	18.5379
03/06/2018 20:51:09	53.0	53.0	15.9686
03/06/2018 20:51:20	55.0	55.0	16.6667
03/06/2018 20:51:31	56.0	55.0	16.7102
03/06/2018 20:51:42	57.0	57.0	16.7102
03/06/2018 20:51:53	54.0	54.0	16.4921
03/06/2018 20:52:04	52.0	53.0	18.8482
03/06/2018 20:52:15	51.0	52.0	16.9271
03/06/2018 20:52:26	51.0	52.0	16.4062
03/06/2018 20:52:37	51.0	51.0	16.1458
03/06/2018 20:52:48	50.0	50.0	19.4301
03/06/2018 20:52:59	50.0	50.0	18.3727
03/06/2018 20:53:10	50.0	49.0	17.1875
03/06/2018 20:53:21	49.0	49.0	16.6667
03/06/2018 20:53:33	49.0	49.0	16.8831
03/06/2018 20:53:44	49.0	49.0	16.4948
03/06/2018 20:53:55	49.0	48.0	17.1429
03/06/2018 20:54:06	48.0	49.0	16.7959
03/06/2018 20:54:17	48.0	48.0	16.2304
03/06/2018 20:54:28	49.0	48.0	19.2208
03/06/2018 20:54:39	49.0	49.0	18.0157
03/06/2018 20:54:50	49.0	49.0	18.4416
03/06/2018 20:55:01	50.0	49.0	17.1053
03/06/2018 20:55:12	49.0	48.0	18.2292
03/06/2018 20:55:23	49.0	49.0	14.3603
03/06/2018 20:55:34	48.0	48.0	16.4921
03/06/2018 20:55:45	49.0	48.0	16.6234
03/06/2018 20:55:56	49.0	49.0	16.6667
03/06/2018 20:56:07	49.0	49.0	16.3212
03/06/2018 20:56:18	49.0	49.0	16.6234
03/06/2018 20:56:29	49.0	48.0	18.0157
03/06/2018 20:56:40	48.0	48.0	16.3636
03/06/2018 20:56:51	49.0	48.0	18.1347
03/06/2018 20:57:02	48.0	48.0	17.9688
03/06/2018 20:57:13	48.0	48.0	16.4921
03/06/2018 20:57:24	48.0	48.0	18.75
03/06/2018 20:57:35	48.0	48.0	16.8831
03/06/2018 20:57:46	49.0	48.0	18.5379
03/06/2018 20:57:57	48.0	47.0	18.9119
03/06/2018 20:58:08	48.0	47.0	16.8831
03/06/2018 20:58:19	48.0	48.0	18.3246
03/06/2018 20:58:30	48.0	48.0	18.4896
03/06/2018 20:58:41	48.0	47.0	17.4479
03/06/2018 20:58:52	49.0	47.0	16.9271
03/06/2018 20:59:03	48.0	48.0	17.3575
03/06/2018 20:59:14	49.0	48.0	15.3646
03/06/2018 20:59:25	49.0	48.0	15.7216
03/06/2018 20:59:36	48.0	48.0	16.7539
03/06/2018 20:59:47	48.0	48.0	17.1875
03/06/2018 20:59:58	48.0	48.0	15.1042
03/06/2018 21:00:09	48.0	48.0	17.7546
03/06/2018 21:00:20	48.0	48.0	17.7083
03/06/2018 21:00:31	48.0	48.0	16.7102
03/06/2018 21:00:42	48.0	47.0	17.7546
03/06/2018 21:00:54	48.0	48.0	19.0104
03/06/2018 21:01:05	49.0	48.0	17.801
03/06/2018 21:01:16	49.0	48.0	17.8756
03/06/2018 21:01:27	49.0	48.0	16.3212
03/06/2018 21:01:38	49.0	48.0	18.863
03/06/2018 21:01:49	51.0	50.0	20.5195
03/06/2018 21:02:00	50.0	50.0	18.6528
03/06/2018 21:02:11	51.0	50.0	15.4856
03/06/2018 21:02:22	49.0	49.0	18.6528
03/06/2018 21:02:33	49.0	48.0	26.5789
03/06/2018 21:02:44	49.0	48.0	14.3236
03/06/2018 21:02:55	49.0	48.0	16.9312
03/06/2018 21:03:06	49.0	48.0	16.5354
03/06/2018 21:03:17	49.0	49.0	16.5354
03/06/2018 21:03:28	49.0	48.0	15.5039
03/06/2018 21:03:39	49.0	48.0	17.2775
03/06/2018 21:03:50	49.0	48.0	17.4935
03/06/2018 21:04:01	48.0	48.0	16.5354
03/06/2018 21:04:12	49.0	48.0	16.8831
03/06/2018 21:04:23	49.0	48.0	17.801
03/06/2018 21:04:34	50.0	49.0	16.4491
03/06/2018 21:04:45	48.0	48.0	13.8021
03/06/2018 21:04:56	48.0	47.0	14.1732
03/06/2018 21:05:07	48.0	47.0	13.9108
03/06/2018 21:05:18	48.0	46.0	14.6597
03/06/2018 21:05:29	48.0	47.0	14.3229
03/06/2018 21:05:40	48.0	47.0	15.9686
03/06/2018 21:05:51	48.0	48.0	13.3858
03/06/2018 21:06:02	50.0	50.0	13.3508
03/06/2018 21:06:13	51.0	51.0	12.3037
03/06/2018 21:06:24	53.0	53.0	12.3037
03/06/2018 21:06:35	54.0	53.0	12.987
03/06/2018 21:06:47	55.0	54.0	12.5654
03/06/2018 21:06:58	56.0	55.0	12.2396
03/06/2018 21:07:09	57.0	55.0	13.089
03/06/2018 21:07:20	56.0	56.0	12.2396
03/06/2018 21:07:31	53.0	53.0	12.5326
03/06/2018 21:07:42	52.0	52.0	14.4357
03/06/2018 21:07:53	51.0	51.0	13.1926
03/06/2018 21:08:04	50.0	51.0	16.7539
03/06/2018 21:08:15	51.0	51.0	16.188
03/06/2018 21:08:26	50.0	50.0	19.1099
03/06/2018 21:08:37	50.0	50.0	17.7546
03/06/2018 21:08:48	50.0	50.0	15.8031
03/06/2018 21:08:59	50.0	50.0	17.6623
03/06/2018 21:09:10	50.0	50.0	17.9221
03/06/2018 21:09:21	50.0	50.0	16.188
03/06/2018 21:09:32	50.0	50.0	18.3938
03/06/2018 21:09:43	50.0	50.0	19.8433
03/06/2018 21:09:54	50.0	50.0	15.0259
03/06/2018 21:10:05	50.0	50.0	18.3938
03/06/2018 21:10:16	50.0	49.0	18.3246
03/06/2018 21:10:27	49.0	50.0	17.9688
03/06/2018 21:10:38	50.0	50.0	17.0984
03/06/2018 21:10:49	50.0	49.0	16.9271
03/06/2018 21:11:00	49.0	49.0	17.1875
03/06/2018 21:11:11	49.0	50.0	18.0157
03/06/2018 21:11:22	50.0	50.0	18.1818
03/06/2018 21:11:33	50.0	50.0	16.9271
03/06/2018 21:11:44	50.0	50.0	16.5803
03/06/2018 21:11:55	49.0	50.0	18.1347
03/06/2018 21:12:06	49.0	50.0	16.3636
03/06/2018 21:12:17	49.0	49.0	17.4935
03/06/2018 21:12:28	49.0	48.0	18.799
03/06/2018 21:12:39	50.0	50.0	18.4416
03/06/2018 21:12:50	49.0	50.0	16.5803
03/06/2018 21:13:01	50.0	50.0	18.6528
03/06/2018 21:13:12	50.0	50.0	17.7083
03/06/2018 21:13:23	50.0	49.0	17.7546
03/06/2018 21:13:35	50.0	49.0	17.7083
03/06/2018 21:13:46	49.0	50.0	16.3212
03/06/2018 21:13:57	50.0	50.0	15.748
03/06/2018 21:14:08	49.0	49.0	17.7546
03/06/2018 21:14:19	50.0	50.0	17.1429
03/06/2018 21:14:30	49.0	49.0	17.4479
03/06/2018 21:14:41	50.0	50.0	16.9271
03/06/2018 21:14:52	50.0	49.0	17.2324
03/06/2018 21:15:03	50.0	50.0	15.7623
03/06/2018 21:15:14	49.0	50.0	18.1347
03/06/2018 21:15:25	49.0	50.0	17.9688
03/06/2018 21:15:36	50.0	51.0	18.3938
03/06/2018 21:15:47	49.0	50.0	15.0649
03/06/2018 21:15:58	50.0	50.0	18.75
03/06/2018 21:16:09	50.0	50.0	17.0984
03/06/2018 21:16:20	50.0	50.0	13.577
03/06/2018 21:16:31	49.0	49.0	14.1361
03/06/2018 21:16:42	48.0	49.0	13.7203
03/06/2018 21:16:53	49.0	48.0	13.1926
03/06/2018 21:17:04	49.0	48.0	13.7566
03/06/2018 21:17:15	49.0	48.0	13.2275
03/06/2018 21:17:26	48.0	48.0	13.4211
03/06/2018 21:17:37	48.0	48.0	14.2857
03/06/2018 21:17:48	48.0	48.0	12.7321
03/06/2018 21:17:59	48.0	47.0	13.9474
03/06/2018 21:18:10	48.0	48.0	13.6842
03/06/2018 21:18:21	48.0	47.0	13.8743
03/06/2018 21:18:32	48.0	48.0	13.577
03/06/2018 21:18:43	48.0	48.0	14.6982
03/06/2018 21:18:54	47.0	48.0	13.1234
03/06/2018 21:19:05	48.0	48.0	13.3858
03/06/2018 21:19:16	48.0	48.0	18.4416
03/06/2018 21:19:27	48.0	48.0	14.8438
03/06/2018 21:19:39	49.0	48.0	15.8442
03/06/2018 21:19:50	48.0	49.0	17.1875
03/06/2018 21:20:01	49.0	49.0	18.2768
03/06/2018 21:20:12	49.0	49.0	17.1875
03/06/2018 21:20:23	49.0	49.0	16.6234
03/06/2018 21:20:34	50.0	49.0	15.8854
03/06/2018 21:20:45	49.0	49.0	16.7102
03/06/2018 21:20:56	49.0	49.0	15.9269
03/06/2018 21:21:07	49.0	49.0	16.4921
03/06/2018 21:21:18	49.0	50.0	16.0207
03/06/2018 21:21:29	50.0	49.0	15.9686
03/06/2018 21:21:40	49.0	49.0	17.2775
03/06/2018 21:21:51	49.0	49.0	18.2292
03/06/2018 21:22:02	50.0	50.0	17.4935
03/06/2018 21:22:13	50.0	50.0	15.5844
03/06/2018 21:22:24	50.0	51.0	16.7102
03/06/2018 21:22:35	52.0	53.0	15.8442
03/06/2018 21:22:46	54.0	54.0	15.3247
03/06/2018 21:22:57	55.0	55.0	15.8442
03/06/2018 21:23:08	56.0	57.0	15.625
03/06/2018 21:23:19	56.0	56.0	16.9713
03/06/2018 21:23:30	55.0	54.0	15.9794
03/06/2018 21:23:41	54.0	53.0	15.3247
03/06/2018 21:23:52	52.0	52.0	15.6658
03/06/2018 21:24:03	52.0	52.0	15.748
03/06/2018 21:24:14	51.0	52.0	18.0628
03/06/2018 21:24:25	51.0	51.0	15.8031
03/06/2018 21:24:36	51.0	51.0	16.9271
03/06/2018 21:24:47	50.0	50.0	16.4921
03/06/2018 21:24:58	50.0	50.0	17.8756
03/06/2018 21:25:09	51.0	50.0	15.8854
03/06/2018 21:25:20	50.0	50.0	18.799
03/06/2018 21:25:31	50.0	50.0	18.2768
03/06/2018 21:25:42	50.0	50.0	17.4026
03/06/2018 21:25:53	50.0	50.0	17.8756
03/06/2018 21:26:04	50.0	50.0	16.188
03/06/2018 21:26:15	50.0	50.0	18.0628
03/06/2018 21:26:26	50.0	51.0	16.3636
03/06/2018 21:26:37	50.0	50.0	19.0104
03/06/2018 21:26:48	50.0	50.0	19.3717
03/06/2018 21:27:00	50.0	51.0	17.9221
03/06/2018 21:27:11	50.0	50.0	15.8854
03/06/2018 21:27:22	50.0	50.0	17.9688
03/06/2018 21:27:33	51.0	50.0	17.0157
03/06/2018 21:27:44	50.0	50.0	17.1875
03/06/2018 21:27:55	50.0	50.0	16.3158
03/06/2018 21:28:06	50.0	49.0	17.1875
03/06/2018 21:28:17	50.0	50.0	16.9271
03/06/2018 21:28:28	50.0	49.0	19.8953
03/06/2018 21:28:39	52.0	51.0	18.1818
03/06/2018 21:28:50	49.0	49.0	17.2324
03/06/2018 21:29:01	50.0	50.0	15.8442
03/06/2018 21:29:12	50.0	50.0	18.5379
03/06/2018 21:29:23	50.0	50.0	16.5803
03/06/2018 21:29:34	49.0	49.0	18.799
03/06/2018 21:29:45	50.0	50.0	17.1875
03/06/2018 21:29:56	50.0	51.0	19.5312
03/06/2018 21:30:07	50.0	49.0	19.1601
03/06/2018 21:30:18	50.0	50.0	17.1429
03/06/2018 21:30:29	50.0	50.0	16.6234
03/06/2018 21:30:40	50.0	50.0	19.3211
03/06/2018 21:30:51	50.0	50.0	17.0157
03/06/2018 21:31:02	50.0	50.0	16.7102
03/06/2018 21:31:13	51.0	50.0	15.748
03/06/2018 21:31:24	50.0	50.0	17.1875
03/06/2018 21:31:35	51.0	50.0	17.7835
03/06/2018 21:31:46	51.0	51.0	20.7692
03/06/2018 21:31:57	51.0	51.0	21.7054
03/06/2018 21:32:08	52.0	51.0	17.7835
03/06/2018 21:32:19	52.0	51.0	20.0521
03/06/2018 21:32:30	52.0	51.0	22.1649
03/06/2018 21:32:41	51.0	51.0	20.3608
03/06/2018 21:32:52	52.0	52.0	18.7661
03/06/2018 21:33:03	52.0	52.0	18.299
03/06/2018 21:33:14	52.0	53.0	20.1031
03/06/2018 21:33:25	52.0	52.0	17.268
03/06/2018 21:33:36	54.0	53.0	17.3127
03/06/2018 21:33:47	52.0	53.0	21.0797
03/06/2018 21:33:58	52.0	52.0	17.7835
03/06/2018 21:34:09	53.0	53.0	18.9744
03/06/2018 21:34:20	52.0	52.0	13.4565
03/06/2018 21:34:31	51.0	51.0	17.5393
03/06/2018 21:34:42	51.0	51.0	17.0604
03/06/2018 21:34:54	51.0	51.0	17.6623
03/06/2018 21:35:05	51.0	51.0	17.9688
03/06/2018 21:35:16	50.0	51.0	17.4935
03/06/2018 21:35:27	51.0	51.0	16.1458
03/06/2018 21:35:38	51.0	50.0	17.1429
03/06/2018 21:35:49	51.0	51.0	16.8394
03/06/2018 21:36:00	51.0	50.0	17.1429
03/06/2018 21:36:11	50.0	50.0	16.8831
03/06/2018 21:36:22	50.0	50.0	17.5393
03/06/2018 21:36:33	50.0	50.0	15.544
03/06/2018 21:36:44	50.0	50.0	19.3798
03/06/2018 21:36:55	50.0	50.0	19.3211
03/06/2018 21:37:06	50.0	49.0	16.6667
03/06/2018 21:37:17	50.0	50.0	16.4921
03/06/2018 21:37:28	50.0	50.0	16.7539
03/06/2018 21:37:39	50.0	50.0	17.801
03/06/2018 21:37:50	49.0	50.0	16.6234
03/06/2018 21:38:01	49.0	50.0	17.4026
03/06/2018 21:38:12	49.0	50.0	16.6234
03/06/2018 21:38:23	49.0	49.0	17.0157
03/06/2018 21:38:34	51.0	51.0	18.799
03/06/2018 21:38:45	53.0	53.0	18.3246
03/06/2018 21:38:56	55.0	54.0	16.0207
03/06/2018 21:39:07	56.0	55.0	16.3212
03/06/2018 21:39:18	57.0	56.0	15.285
03/06/2018 21:39:29	56.0	55.0	16.3158
03/06/2018 21:39:40	54.0	54.0	20.0521
03/06/2018 21:39:51	53.0	53.0	16.6234
03/06/2018 21:40:02	52.0	51.0	16.6667
03/06/2018 21:40:13	51.0	51.0	18.4896
03/06/2018 21:40:24	51.0	51.0	17.0157
03/06/2018 21:40:35	51.0	51.0	16.9271
03/06/2018 21:40:46	51.0	51.0	15.9269
03/06/2018 21:40:57	50.0	50.0	16.7102
03/06/2018 21:41:08	50.0	50.0	16.2304
03/06/2018 21:41:19	50.0	50.0	16.9713
03/06/2018 21:41:30	50.0	50.0	16.6234
03/06/2018 21:41:41	49.0	48.0	17.6623
03/06/2018 21:41:52	49.0	50.0	15.748
03/06/2018 21:42:04	50.0	49.0	15.5844
03/06/2018 21:42:15	49.0	49.0	16.1458
03/06/2018 21:42:26	49.0	50.0	16.8831
03/06/2018 21:42:37	49.0	49.0	17.1429
03/06/2018 21:42:48	49.0	50.0	15.625
03/06/2018 21:42:59	49.0	49.0	17.9221
03/06/2018 21:43:10	49.0	49.0	15.9269
03/06/2018 21:43:21	49.0	49.0	16.6234
03/06/2018 21:43:32	49.0	48.0	16.4062
03/06/2018 21:43:43	49.0	49.0	17.2324
03/06/2018 21:43:54	49.0	49.0	17.0543
03/06/2018 21:44:05	50.0	49.0	19.0104
03/06/2018 21:44:16	49.0	49.0	17.1875
03/06/2018 21:44:27	49.0	49.0	16.4062
03/06/2018 21:44:38	49.0	48.0	16.9713
03/06/2018 21:44:49	50.0	48.0	17.7083
03/06/2018 21:45:00	49.0	48.0	18.75
03/06/2018 21:45:11	50.0	49.0	16.4491
03/06/2018 21:45:22	49.0	49.0	15.625
03/06/2018 21:45:33	49.0	49.0	15.8442
03/06/2018 21:45:44	49.0	49.0	16.9271
03/06/2018 21:45:55	49.0	48.0	16.5803
03/06/2018 21:46:06	49.0	48.0	13.7306
03/06/2018 21:46:17	50.0	49.0	15.8854
03/06/2018 21:46:28	48.0	48.0	16.8831
03/06/2018 21:46:39	48.0	48.0	17.0157
03/06/2018 21:46:50	49.0	48.0	16.7539
03/06/2018 21:47:01	49.0	48.0	17.7546
03/06/2018 21:47:12	48.0	48.0	18.863
03/06/2018 21:47:23	48.0	48.0	17.4026
03/06/2018 21:47:34	48.0	48.0	17.2324
03/06/2018 21:47:45	48.0	48.0	16.4491
03/06/2018 21:47:56	48.0	48.0	18.3938
03/06/2018 21:48:07	48.0	48.0	18.9119
03/06/2018 21:48:18	48.0	48.0	16.2304
03/06/2018 21:48:29	49.0	48.0	15.5844
03/06/2018 21:48:40	48.0	48.0	16.3636
03/06/2018 21:48:51	48.0	48.0	16.9713
03/06/2018 21:49:02	48.0	48.0	18.799
03/06/2018 21:49:13	49.0	48.0	16.6234
03/06/2018 21:49:25	48.0	48.0	17.3575
03/06/2018 21:49:36	48.0	48.0	18.1347
03/06/2018 21:49:47	48.0	48.0	18.799
03/06/2018 21:49:58	49.0	48.0	17.2324
03/06/2018 21:50:09	49.0	48.0	18.3727
03/06/2018 21:50:20	49.0	48.0	18.9119
03/06/2018 21:50:31	48.0	48.0	16.7102
03/06/2018 21:50:42	48.0	48.0	18.961
03/06/2018 21:50:53	48.0	48.0	15.9269
03/06/2018 21:51:04	49.0	48.0	16.9271
03/06/2018 21:51:15	49.0	48.0	18.4896
03/06/2018 21:51:26	48.0	49.0	16.7539
03/06/2018 21:51:37	48.0	48.0	17.4479
03/06/2018 21:51:48	49.0	48.0	17.7546
03/06/2018 21:51:59	49.0	48.0	16.1458
03/06/2018 21:52:10	49.0	48.0	17.7083
03/06/2018 21:52:21	48.0	48.0	16.7539
03/06/2018 21:52:32	48.0	47.0	16.0622
03/06/2018 21:52:43	48.0	48.0	16.1039
03/06/2018 21:52:54	48.0	48.0	16.9271
03/06/2018 21:53:05	49.0	48.0	16.9271
03/06/2018 21:53:16	48.0	48.0	16.4062
03/06/2018 21:53:27	48.0	48.0	15.9686
03/06/2018 21:53:38	48.0	47.0	16.4062
03/06/2018 21:53:49	48.0	48.0	18.0157
03/06/2018 21:54:00	48.0	48.0	18.3938
03/06/2018 21:54:11	49.0	48.0	15.1436
03/06/2018 21:54:22	47.0	47.0	16.4062
03/06/2018 21:54:33	49.0	49.0	15.5844
03/06/2018 21:54:44	51.0	51.0	16.6667
03/06/2018 21:54:55	52.0	53.0	14.1361
03/06/2018 21:55:06	54.0	54.0	17.9221
03/06/2018 21:55:17	56.0	55.0	18.3463
03/06/2018 21:55:28	56.0	55.0	16.6667
03/06/2018 21:55:39	57.0	56.0	17.5393
03/06/2018 21:55:50	55.0	54.0	16.9271
03/06/2018 21:56:01	53.0	53.0	17.4935
03/06/2018 21:56:12	52.0	51.0	13.1234
03/06/2018 21:56:24	50.0	50.0	13.7566
03/06/2018 21:56:35	50.0	50.0	17.0157
03/06/2018 21:56:46	50.0	50.0	16.7102
03/06/2018 21:56:57	50.0	50.0	17.1875
03/06/2018 21:57:08	50.0	49.0	16.4491
03/06/2018 21:57:19	50.0	49.0	16.3636
03/06/2018 21:57:30	50.0	48.0	16.188
03/06/2018 21:57:41	49.0	48.0	17.4935
03/06/2018 21:57:52	49.0	48.0	17.9688
03/06/2018 21:58:03	49.0	48.0	17.9688
03/06/2018 21:58:14	49.0	48.0	17.4026
03/06/2018 21:58:25	49.0	48.0	15.8854
03/06/2018 21:58:36	49.0	48.0	17.9221
03/06/2018 21:58:47	49.0	48.0	17.5393
03/06/2018 21:58:58	49.0	48.0	20.3655
03/06/2018 21:59:09	49.0	48.0	15.6658
03/06/2018 21:59:20	50.0	49.0	16.5375
03/06/2018 21:59:31	49.0	48.0	16.6234
03/06/2018 21:59:42	50.0	48.0	15.8442
03/06/2018 21:59:53	48.0	48.0	17.7083
03/06/2018 22:00:04	49.0	49.0	17.5393
03/06/2018 22:00:15	49.0	48.0	15.4047
03/06/2018 22:00:26	49.0	48.0	16.8421
03/06/2018 22:00:37	48.0	48.0	17.6623
03/06/2018 22:00:48	49.0	48.0	16.7102
03/06/2018 22:00:59	48.0	48.0	16.1458
03/06/2018 22:01:10	48.0	47.0	17.5853
03/06/2018 22:01:21	49.0	48.0	15.7623
03/06/2018 22:01:32	49.0	48.0	15.0259
03/06/2018 22:01:43	49.0	48.0	16.9713
03/06/2018 22:01:54	49.0	48.0	17.4479
03/06/2018 22:02:05	49.0	48.0	16.3636
03/06/2018 22:02:16	49.0	48.0	16.9271
03/06/2018 22:02:27	49.0	48.0	16.1458
03/06/2018 22:02:38	49.0	48.0	17.6623
03/06/2018 22:02:49	48.0	48.0	18.961
03/06/2018 22:03:00	49.0	48.0	14.8052
03/06/2018 22:03:11	49.0	48.0	17.6623
03/06/2018 22:03:22	49.0	48.0	17.4935
03/06/2018 22:03:34	48.0	48.0	16.6234
03/06/2018 22:03:45	48.0	48.0	17.6623
03/06/2018 22:03:56	49.0	48.0	18.75
03/06/2018 22:04:07	49.0	48.0	18.3938
03/06/2018 22:04:18	49.0	48.0	15.9686
03/06/2018 22:04:29	49.0	48.0	15.6658
03/06/2018 22:04:40	49.0	48.0	15.8031
03/06/2018 22:04:51	49.0	49.0	15.8031
03/06/2018 22:05:02	49.0	49.0	20.1571
03/06/2018 22:05:13	49.0	48.0	17.4935
03/06/2018 22:05:24	49.0	49.0	17.9688
03/06/2018 22:05:35	49.0	48.0	17.3575
03/06/2018 22:05:46	49.0	49.0	17.0984
03/06/2018 22:05:57	49.0	48.0	17.9221
03/06/2018 22:06:08	49.0	48.0	18.0628
03/06/2018 22:06:19	49.0	48.0	16.1039
03/06/2018 22:06:30	49.0	49.0	17.9688
03/06/2018 22:06:41	49.0	49.0	16.0622
03/06/2018 22:06:52	49.0	48.0	18.75
03/06/2018 22:07:03	49.0	48.0	17.4026
03/06/2018 22:07:14	49.0	48.0	15.3247
03/06/2018 22:07:25	49.0	49.0	17.1429
03/06/2018 22:07:36	49.0	48.0	15.8031
03/06/2018 22:07:47	50.0	48.0	18.75
03/06/2018 22:07:58	50.0	49.0	16.4062
03/06/2018 22:08:09	49.0	49.0	18.0628
03/06/2018 22:08:20	49.0	49.0	17.4026
03/06/2018 22:08:31	49.0	49.0	18.2768
03/06/2018 22:08:42	49.0	49.0	17.7083
03/06/2018 22:08:53	49.0	48.0	17.1429
03/06/2018 22:09:04	49.0	49.0	15.3646
03/06/2018 22:09:15	49.0	49.0	17.4479
03/06/2018 22:09:26	49.0	49.0	19.685
03/06/2018 22:09:37	49.0	48.0	17.1875
03/06/2018 22:09:48	49.0	49.0	15.9269
03/06/2018 22:09:59	49.0	48.0	15.8854
03/06/2018 22:10:10	49.0	48.0	15.5844
03/06/2018 22:10:21	50.0	49.0	18.0879
03/06/2018 22:10:32	51.0	50.0	17.5258
03/06/2018 22:10:43	52.0	51.0	17.7378
03/06/2018 22:10:54	55.0	54.0	18.7013
03/06/2018 22:11:06	57.0	56.0	18.0879
03/06/2018 22:11:17	58.0	56.0	17.3575
03/06/2018 22:11:28	56.0	56.0	17.9688
03/06/2018 22:11:39	56.0	54.0	19.0722
03/06/2018 22:11:50	55.0	54.0	12.8609
03/06/2018 22:12:01	52.0	53.0	13.7203
03/06/2018 22:12:12	52.0	52.0	16.3636
03/06/2018 22:12:23	51.0	51.0	17.1875
03/06/2018 22:12:34	52.0	51.0	16.0526
03/06/2018 22:12:45	51.0	51.0	15.445
03/06/2018 22:12:56	51.0	51.0	14.7368
03/06/2018 22:13:07	51.0	50.0	17.8478
03/06/2018 22:13:18	51.0	51.0	18.2768
03/06/2018 22:13:29	50.0	51.0	18.1102
03/06/2018 22:13:40	50.0	50.0	14.8825
03/06/2018 22:13:51	50.0	50.0	16.1039
03/06/2018 22:14:02	50.0	50.0	15.8854
03/06/2018 22:14:13	50.0	50.0	16.7102
03/06/2018 22:14:24	50.0	50.0	17.5393
03/06/2018 22:14:35	50.0	50.0	16.1458
03/06/2018 22:14:46	50.0	49.0	15.1042
03/06/2018 22:14:57	50.0	50.0	15.445
03/06/2018 22:15:08	50.0	50.0	16.1458
03/06/2018 22:15:19	50.0	50.0	15.6658
03/06/2018 22:15:30	50.0	49.0	16.1458
03/06/2018 22:15:41	50.0	50.0	15.8854
03/06/2018 22:15:52	50.0	49.0	17.4479
03/06/2018 22:16:03	49.0	50.0	15.7895
03/06/2018 22:16:14	50.0	50.0	16.1458
03/06/2018 22:16:25	50.0	50.0	15.4856
03/06/2018 22:16:36	50.0	50.0	15.7068
03/06/2018 22:16:47	50.0	50.0	17.3127
03/06/2018 22:16:58	50.0	50.0	15.9269
03/06/2018 22:17:09	50.0	50.0	15.6658
03/06/2018 22:17:20	50.0	50.0	15.8854
03/06/2018 22:17:31	50.0	50.0	15.6658
03/06/2018 22:17:42	50.0	50.0	17.5393
03/06/2018 22:17:53	50.0	50.0	16.7102
03/06/2018 22:18:04	50.0	50.0	16.9271
03/06/2018 22:18:15	50.0	49.0	17.5393
03/06/2018 22:18:26	50.0	50.0	16.1039
03/06/2018 22:18:37	50.0	50.0	16.4062
03/06/2018 22:18:48	49.0	50.0	18.2768
03/06/2018 22:19:00	50.0	50.0	15.445
03/06/2018 22:19:11	50.0	50.0	17.4479
03/06/2018 22:19:22	50.0	49.0	14.3979
03/06/2018 22:19:33	50.0	50.0	16.4921
03/06/2018 22:19:44	50.0	50.0	17.1429
03/06/2018 22:19:55	50.0	50.0	16.0622
03/06/2018 22:20:06	50.0	50.0	15.9269
03/06/2018 22:20:17	50.0	50.0	15.9686
03/06/2018 22:20:28	50.0	50.0	17.2775
03/06/2018 22:20:39	50.0	50.0	16.4491
03/06/2018 22:20:50	50.0	50.0	16.9271
03/06/2018 22:21:01	50.0	50.0	19.6335
03/06/2018 22:21:12	50.0	51.0	14.6214
03/06/2018 22:21:23	51.0	51.0	15.445
03/06/2018 22:21:34	50.0	50.0	16.4062
03/06/2018 22:21:45	50.0	50.0	15.4047
03/06/2018 22:21:56	50.0	51.0	17.8295
03/06/2018 22:22:07	52.0	52.0	20.6718
03/06/2018 22:22:18	52.0	52.0	20.155
03/06/2018 22:22:29	52.0	52.0	20.7792
03/06/2018 22:22:40	51.0	52.0	20.4134
03/06/2018 22:22:51	53.0	51.0	19.7403
03/06/2018 22:23:02	53.0	53.0	18.4416
03/06/2018 22:23:13	53.0	52.0	20.5195
03/06/2018 22:23:24	53.0	53.0	17.9949
03/06/2018 22:23:35	53.0	53.0	19.6382
03/06/2018 22:23:46	54.0	53.0	18.6047
03/06/2018 22:23:57	54.0	53.0	17.6623
03/06/2018 22:24:08	54.0	53.0	17.7546
03/06/2018 22:24:19	54.0	53.0	21.9638
03/06/2018 22:24:30	54.0	54.0	21.875
03/06/2018 22:24:41	53.0	53.0	19.2208
03/06/2018 22:24:52	53.0	52.0	17.268
03/06/2018 22:25:03	55.0	54.0	19.8966
03/06/2018 22:25:14	54.0	53.0	20.0521
03/06/2018 22:25:25	53.0	53.0	17.9949
03/06/2018 22:25:36	54.0	53.0	17.0984
03/06/2018 22:25:47	55.0	53.0	18.9119
03/06/2018 22:25:58	55.0	53.0	18.509
03/06/2018 22:26:09	54.0	54.0	18.0412
03/06/2018 22:26:20	54.0	53.0	18.7661
03/06/2018 22:26:31	57.0	56.0	17.8756
03/06/2018 22:26:42	58.0	57.0	18.9119
03/06/2018 22:26:53	57.0	56.0	20.3608
03/06/2018 22:27:04	56.0	55.0	15.9383
03/06/2018 22:27:15	56.0	54.0	18.2519
03/06/2018 22:27:26	56.0	55.0	18.1347
03/06/2018 22:27:37	55.0	54.0	17.9688
03/06/2018 22:27:48	55.0	54.0	13.9535
03/06/2018 22:27:59	53.0	53.0	12.5654
03/06/2018 22:28:10	52.0	53.0	12.7604
03/06/2018 22:28:21	51.0	52.0	13.3858
03/06/2018 22:28:33	51.0	51.0	12.0735
03/06/2018 22:28:44	50.0	51.0	12.0735
03/06/2018 22:28:55	50.0	51.0	12.336
03/06/2018 22:29:06	51.0	51.0	13.9474
03/06/2018 22:29:17	50.0	50.0	14.4737
03/06/2018 22:29:28	50.0	50.0	16.3636
03/06/2018 22:29:39	51.0	51.0	20.5656
03/06/2018 22:29:50	52.0	51.0	17.3127
03/06/2018 22:30:01	53.0	52.0	19.7403
03/06/2018 22:30:12	53.0	52.0	18.8144
03/06/2018 22:30:23	54.0	53.0	19.4301
03/06/2018 22:30:34	54.0	53.0	17.0543
03/06/2018 22:30:45	53.0	54.0	18.6701
03/06/2018 22:30:56	55.0	54.0	22.6804
03/06/2018 22:31:07	54.0	53.0	18.7661
03/06/2018 22:31:18	54.0	53.0	19.5373
03/06/2018 22:31:29	54.0	53.0	19.6382
03/06/2018 22:31:40	55.0	53.0	18.8144
03/06/2018 22:31:51	55.0	53.0	21.0938
03/06/2018 22:32:02	53.0	53.0	16.2791
03/06/2018 22:32:13	55.0	53.0	21.7617
03/06/2018 22:32:24	53.0	53.0	19.4301
03/06/2018 22:32:35	55.0	53.0	18.7661
03/06/2018 22:32:46	54.0	54.0	17.5258
03/06/2018 22:32:57	54.0	54.0	22.8571
03/06/2018 22:33:08	54.0	53.0	18.863
03/06/2018 22:33:19	54.0	53.0	20.9845
03/06/2018 22:33:30	53.0	53.0	16.5803
03/06/2018 22:33:41	54.0	53.0	20.6718
03/06/2018 22:33:52	54.0	53.0	18.9119
03/06/2018 22:34:03	54.0	54.0	19.0231
03/06/2018 22:34:14	54.0	54.0	18.4896
03/06/2018 22:34:25	53.0	53.0	17.6623
03/06/2018 22:34:36	55.0	54.0	21.5026
03/06/2018 22:34:47	53.0	53.0	17.4807
03/06/2018 22:34:58	55.0	54.0	16.8394
03/06/2018 22:35:09	55.0	54.0	18.0879
03/06/2018 22:35:20	55.0	54.0	19.8454
03/06/2018 22:35:31	54.0	54.0	18.863
03/06/2018 22:35:42	55.0	53.0	17.8295
03/06/2018 22:35:53	55.0	54.0	19.5876
03/06/2018 22:36:04	54.0	54.0	18.9119
03/06/2018 22:36:15	54.0	54.0	18.9119
03/06/2018 22:36:26	54.0	53.0	16.4948
03/06/2018 22:36:37	55.0	54.0	19.171
03/06/2018 22:36:48	54.0	54.0	18.8144
03/06/2018 22:36:59	54.0	54.0	17.3575
03/06/2018 22:37:10	54.0	54.0	19.6891
03/06/2018 22:37:21	53.0	54.0	18.2292
03/06/2018 22:37:32	54.0	53.0	19.5373
03/06/2018 22:37:43	54.0	54.0	21.8182
03/06/2018 22:37:54	54.0	53.0	18.4615
03/06/2018 22:38:06	54.0	53.0	17.9221
03/06/2018 22:38:17	53.0	53.0	20.5656
03/06/2018 22:38:28	54.0	53.0	17.8756
03/06/2018 22:38:39	55.0	53.0	18.1818
03/06/2018 22:38:50	54.0	53.0	19.0104
03/06/2018 22:39:01	53.0	53.0	18.8144
03/06/2018 22:39:12	53.0	53.0	20.8763
03/06/2018 22:39:23	53.0	52.0	12.5984
03/06/2018 22:39:34	52.0	52.0	11.5486
03/06/2018 22:39:45	52.0	51.0	12.5654
03/06/2018 22:39:56	51.0	50.0	12.963
03/06/2018 22:40:07	50.0	50.0	12.0735
03/06/2018 22:40:18	50.0	50.0	12.5984
03/06/2018 22:40:29	49.0	49.0	12.9973
03/06/2018 22:40:40	49.0	50.0	13.0319
03/06/2018 22:40:51	49.0	48.0	11.5789
03/06/2018 22:41:02	49.0	48.0	13.4565
03/06/2018 22:41:13	49.0	48.0	13.7143
03/06/2018 22:41:24	49.0	49.0	12.8609
03/06/2018 22:41:35	48.0	48.0	14.2105
03/06/2018 22:41:46	48.0	48.0	12.5984
03/06/2018 22:41:57	50.0	50.0	18.9474
03/06/2018 22:42:08	52.0	52.0	18.75
03/06/2018 22:42:19	56.0	54.0	18.799
03/06/2018 22:42:30	55.0	56.0	17.5853
03/06/2018 22:42:41	57.0	56.0	15.3247
03/06/2018 22:42:52	55.0	54.0	17.7083
03/06/2018 22:43:04	54.0	53.0	15.445
03/06/2018 22:43:15	53.0	53.0	15.9269
03/06/2018 22:43:26	52.0	52.0	19.3717
03/06/2018 22:43:37	51.0	51.0	15.1042
03/06/2018 22:43:48	51.0	51.0	16.9312
03/06/2018 22:43:59	50.0	50.0	17.7083
03/06/2018 22:44:10	50.0	50.0	15.6658
03/06/2018 22:44:21	50.0	50.0	17.3684
03/06/2018 22:44:32	49.0	49.0	18.799
03/06/2018 22:44:43	50.0	48.0	15.8854
03/06/2018 22:44:54	49.0	48.0	18.0157
03/06/2018 22:45:05	49.0	48.0	17.5393
03/06/2018 22:45:16	49.0	48.0	11.8421
03/06/2018 22:45:27	47.0	47.0	12.8947
03/06/2018 22:45:38	47.0	47.0	12.4011
03/06/2018 22:45:49	49.0	48.0	12.5654
03/06/2018 22:46:00	51.0	51.0	14.5833
03/06/2018 22:46:11	52.0	52.0	11.5789
03/06/2018 22:46:22	53.0	53.0	12.3037
03/06/2018 22:46:33	55.0	54.0	12.4011
03/06/2018 22:46:44	55.0	54.0	11.811
03/06/2018 22:46:55	56.0	56.0	11.4583
03/06/2018 22:47:06	57.0	56.0	11.7801
03/06/2018 22:47:17	55.0	54.0	11.7801
03/06/2018 22:47:28	53.0	53.0	12.5326
03/06/2018 22:47:39	52.0	52.0	15.5673
03/06/2018 22:47:50	50.0	50.0	5.14139
