09/29/2017 14:58:44	32.0	32.0	11.2245
09/29/2017 14:58:55	29.0	29.0	0.503778
09/29/2017 14:59:02	30.0	29.0	0.507614
09/29/2017 14:59:14	30.0	30.0	0.252525
09/29/2017 14:59:25	30.0	30.0	0.503778
09/29/2017 14:59:36	30.0	30.0	0.253165
09/29/2017 14:59:47	30.0	30.0	1.26263
09/29/2017 14:59:58	30.0	30.0	0.505051
09/29/2017 15:00:09	31.0	31.0	0.503778
09/29/2017 15:00:20	32.0	31.0	0.252525
09/29/2017 15:00:31	31.0	32.0	1.25628
09/29/2017 15:00:42	32.0	32.0	0.506329
09/29/2017 15:00:53	33.0	32.0	0.503778
09/29/2017 15:01:04	33.0	32.0	0.755668
09/29/2017 15:01:15	33.0	32.0	0.251889
09/29/2017 15:01:26	34.0	33.0	0.757576
09/29/2017 15:01:37	33.0	33.0	0.753769
09/29/2017 15:01:48	34.0	33.0	0.757576
09/29/2017 15:01:59	33.0	33.0	0.252525
09/29/2017 15:02:10	35.0	34.0	0.505051
09/29/2017 15:02:21	34.0	34.0	0.252525
09/29/2017 15:02:32	34.0	34.0	0.503778
09/29/2017 15:02:43	35.0	34.0	0.505051
09/29/2017 15:02:54	34.0	35.0	0.755668
09/29/2017 15:03:05	34.0	35.0	0.502513
09/29/2017 15:03:16	36.0	35.0	0.505051
09/29/2017 15:03:27	35.0	34.0	0.252525
09/29/2017 15:03:38	35.0	35.0	0.755668
09/29/2017 15:03:49	36.0	36.0	0.503778
09/29/2017 15:04:00	36.0	36.0	0.253165
09/29/2017 15:04:11	36.0	36.0	0.503778
09/29/2017 15:04:22	36.0	35.0	0.503778
09/29/2017 15:04:33	36.0	36.0	0.253165
09/29/2017 15:04:44	36.0	35.0	0.505051
09/29/2017 15:04:55	37.0	36.0	0.252525
09/29/2017 15:05:06	36.0	36.0	0.757576
09/29/2017 15:05:17	37.0	36.0	0.505051
09/29/2017 15:05:28	37.0	36.0	0.252525
09/29/2017 15:05:40	37.0	36.0	0.505051
09/29/2017 15:05:51	37.0	37.0	0.251889
09/29/2017 15:06:02	37.0	37.0	0.505051
09/29/2017 15:06:13	38.0	37.0	0.251889
09/29/2017 15:06:24	37.0	37.0	1
09/29/2017 15:06:35	37.0	37.0	0.252525
09/29/2017 15:06:46	37.0	37.0	0.253165
09/29/2017 15:06:57	37.0	37.0	0.503778
09/29/2017 15:07:08	37.0	37.0	0.503778
09/29/2017 15:07:19	38.0	37.0	0.252525
09/29/2017 15:07:30	37.0	37.0	0.506329
09/29/2017 15:07:41	38.0	37.0	0.253165
09/29/2017 15:07:52	37.0	37.0	0.503778
09/29/2017 15:08:03	38.0	37.0	0.505051
09/29/2017 15:08:14	38.0	37.0	0.252525
09/29/2017 15:08:25	38.0	37.0	0.753769
09/29/2017 15:08:36	38.0	38.0	0.252525
09/29/2017 15:08:47	39.0	38.0	0.502513
09/29/2017 15:08:58	39.0	38.0	0.505051
09/29/2017 15:09:09	39.0	38.0	0.251889
09/29/2017 15:09:20	38.0	38.0	0.253165
09/29/2017 15:09:31	38.0	38.0	0.503778
09/29/2017 15:09:42	39.0	38.0	0.505051
09/29/2017 15:09:53	39.0	39.0	0.755668
09/29/2017 15:10:04	38.0	38.0	0.503778
09/29/2017 15:10:15	40.0	39.0	0.252525
09/29/2017 15:10:26	39.0	38.0	0.252525
09/29/2017 15:10:37	39.0	38.0	0.503778
09/29/2017 15:10:48	39.0	38.0	0.503778
09/29/2017 15:10:59	40.0	39.0	0.755668
09/29/2017 15:11:10	39.0	39.0	0.251889
09/29/2017 15:11:21	40.0	39.0	0.505051
09/29/2017 15:11:32	40.0	39.0	0.252525
09/29/2017 15:11:43	39.0	39.0	0.503778
09/29/2017 15:11:54	39.0	39.0	0.253165
09/29/2017 15:12:05	39.0	39.0	0.753769
09/29/2017 15:12:16	41.0	39.0	0.503778
09/29/2017 15:12:28	40.0	39.0	0.755668
09/29/2017 15:12:39	39.0	39.0	0.503778
09/29/2017 15:12:50	40.0	39.0	0.505051
09/29/2017 15:13:01	39.0	39.0	0.503778
09/29/2017 15:13:12	40.0	39.0	0.503778
09/29/2017 15:13:23	41.0	39.0	0.503778
09/29/2017 15:13:34	41.0	41.0	0.503778
09/29/2017 15:13:45	41.0	39.0	0.503778
09/29/2017 15:13:56	40.0	40.0	1.51134
09/29/2017 15:14:07	40.0	40.0	0.753769
09/29/2017 15:14:18	40.0	40.0	0.252525
09/29/2017 15:14:29	40.0	40.0	1.00503
09/29/2017 15:14:40	40.0	40.0	0.503778
09/29/2017 15:14:51	40.0	40.0	0.755668
09/29/2017 15:15:02	40.0	40.0	0.503778
09/29/2017 15:15:13	41.0	40.0	0.505051
09/29/2017 15:15:24	41.0	40.0	0.503778
09/29/2017 15:15:35	40.0	40.0	0.755668
09/29/2017 15:15:46	41.0	40.0	0.252525
09/29/2017 15:15:57	40.0	41.0	0.753769
09/29/2017 15:16:08	40.0	40.0	0.502513
09/29/2017 15:16:19	41.0	40.0	0.753769
09/29/2017 15:16:30	41.0	40.0	0.505051
09/29/2017 15:16:41	42.0	41.0	0.753769
09/29/2017 15:16:52	40.0	40.0	0.251889
09/29/2017 15:17:03	41.0	41.0	0.503778
09/29/2017 15:17:14	41.0	41.0	0.252525
09/29/2017 15:17:25	41.0	41.0	0.502513
09/29/2017 15:17:36	42.0	40.0	0.251889
09/29/2017 15:17:47	40.0	40.0	0.753769
09/29/2017 15:17:58	41.0	40.0	0.251889
09/29/2017 15:18:09	41.0	41.0	0.251889
09/29/2017 15:18:20	41.0	41.0	0.503778
09/29/2017 15:18:31	41.0	41.0	3.05344
09/29/2017 15:18:42	41.0	41.0	0.505051
09/29/2017 15:18:53	42.0	41.0	0.502513
09/29/2017 15:19:04	41.0	41.0	0.503778
09/29/2017 15:19:16	42.0	41.0	0.252525
09/29/2017 15:19:27	41.0	41.0	0.755668
09/29/2017 15:19:38	41.0	41.0	0.252525
09/29/2017 15:19:49	41.0	42.0	0.252525
09/29/2017 15:20:00	42.0	41.0	0.755668
09/29/2017 15:20:11	41.0	41.0	0.755668
09/29/2017 15:20:22	41.0	41.0	0.251889
09/29/2017 15:20:33	41.0	42.0	0.505051
09/29/2017 15:20:44	42.0	41.0	0.252525
09/29/2017 15:20:55	42.0	41.0	0.503778
09/29/2017 15:21:06	42.0	41.0	0.252525
09/29/2017 15:21:17	42.0	41.0	0.503778
09/29/2017 15:21:28	41.0	41.0	0.251889
09/29/2017 15:21:39	41.0	41.0	0.253165
09/29/2017 15:21:50	43.0	42.0	0.502513
09/29/2017 15:22:01	42.0	41.0	0.503778
09/29/2017 15:22:12	43.0	42.0	0.503778
09/29/2017 15:22:23	42.0	42.0	0.502513
09/29/2017 15:22:34	43.0	41.0	0.505051
09/29/2017 15:22:45	41.0	41.0	0.502513
09/29/2017 15:22:56	42.0	41.0	0.753769
09/29/2017 15:23:07	43.0	42.0	0.753769
09/29/2017 15:23:18	41.0	42.0	0.755668
09/29/2017 15:23:29	41.0	42.0	0.503778
09/29/2017 15:23:40	42.0	42.0	0.505051
09/29/2017 15:23:51	42.0	42.0	0.252525
09/29/2017 15:24:02	42.0	42.0	0.505051
09/29/2017 15:24:13	42.0	41.0	0.753769
09/29/2017 15:24:24	43.0	42.0	0.503778
09/29/2017 15:24:35	42.0	42.0	0.252525
09/29/2017 15:24:46	42.0	42.0	0.505051
09/29/2017 15:24:57	42.0	42.0	0.503778
09/29/2017 15:25:08	42.0	42.0	0.503778
09/29/2017 15:25:19	43.0	42.0	0.503778
09/29/2017 15:25:30	42.0	42.0	0.505051
09/29/2017 15:25:41	42.0	42.0	0.503778
09/29/2017 15:25:53	44.0	43.0	0.753769
09/29/2017 15:26:04	43.0	42.0	0.252525
09/29/2017 15:26:15	43.0	42.0	0.753769
09/29/2017 15:26:26	43.0	43.0	0.251889
09/29/2017 15:26:37	43.0	43.0	0.503778
09/29/2017 15:26:48	42.0	42.0	0.757576
09/29/2017 15:26:59	42.0	42.0	0.252525
09/29/2017 15:27:10	42.0	42.0	0.75188
09/29/2017 15:27:21	44.0	42.0	0.251889
09/29/2017 15:27:32	42.0	43.0	1.00503
09/29/2017 15:27:43	44.0	42.0	0.505051
09/29/2017 15:27:54	44.0	43.0	0.755668
09/29/2017 15:28:05	42.0	42.0	0
09/29/2017 15:28:16	44.0	43.0	0.753769
09/29/2017 15:28:27	42.0	42.0	0.503778
09/29/2017 15:28:38	42.0	43.0	0.755668
09/29/2017 15:28:49	44.0	43.0	0.252525
09/29/2017 15:29:00	43.0	42.0	0.757576
09/29/2017 15:29:11	42.0	42.0	0
09/29/2017 15:29:22	43.0	43.0	0.75188
09/29/2017 15:29:33	43.0	43.0	0.505051
09/29/2017 15:29:44	44.0	43.0	0.503778
09/29/2017 15:29:55	44.0	43.0	1.25628
09/29/2017 15:30:06	43.0	42.0	0.253165
09/29/2017 15:30:17	43.0	43.0	0.252525
09/29/2017 15:30:28	45.0	44.0	1.00756
09/29/2017 15:30:39	43.0	43.0	0.503778
09/29/2017 15:30:50	43.0	42.0	0.251889
09/29/2017 15:31:01	44.0	43.0	0.506329
09/29/2017 15:31:12	44.0	43.0	0.251889
09/29/2017 15:31:23	43.0	43.0	0.505051
09/29/2017 15:31:34	43.0	43.0	0
09/29/2017 15:31:45	43.0	43.0	0.753769
09/29/2017 15:31:56	44.0	43.0	0.251256
09/29/2017 15:32:07	43.0	43.0	0.503778
09/29/2017 15:32:18	44.0	44.0	0.75188
09/29/2017 15:32:29	44.0	43.0	1.00503
09/29/2017 15:32:41	43.0	43.0	0.252525
09/29/2017 15:32:52	43.0	43.0	0.253165
09/29/2017 15:33:03	45.0	44.0	0.502513
09/29/2017 15:33:14	43.0	43.0	0.753769
09/29/2017 15:33:25	44.0	43.0	0.252525
09/29/2017 15:33:36	44.0	44.0	0.755668
09/29/2017 15:33:47	44.0	43.0	0.252525
09/29/2017 15:33:58	44.0	43.0	0.503778
09/29/2017 15:34:09	43.0	43.0	0.251889
09/29/2017 15:34:20	44.0	43.0	0.503778
09/29/2017 15:34:31	44.0	44.0	0.503778
09/29/2017 15:34:42	44.0	44.0	1.00503
09/29/2017 15:34:53	43.0	43.0	0.252525
09/29/2017 15:35:04	44.0	43.0	0.505051
09/29/2017 15:35:15	44.0	44.0	0.252525
09/29/2017 15:35:26	44.0	44.0	0.251889
09/29/2017 15:35:37	45.0	44.0	0.753769
09/29/2017 15:35:48	45.0	44.0	0.503778
09/29/2017 15:35:59	45.0	44.0	0.503778
09/29/2017 15:36:10	44.0	44.0	0.505051
09/29/2017 15:36:21	45.0	44.0	0.503778
09/29/2017 15:36:32	45.0	44.0	0.503778
09/29/2017 15:36:43	44.0	44.0	0.503778
09/29/2017 15:36:54	44.0	44.0	0.503778
09/29/2017 15:37:05	44.0	43.0	0.753769
09/29/2017 15:37:16	44.0	44.0	0.252525
09/29/2017 15:37:27	44.0	44.0	0.503778
09/29/2017 15:37:38	44.0	44.0	0.503778
09/29/2017 15:37:49	44.0	44.0	0.503778
09/29/2017 15:38:00	44.0	44.0	0.252525
09/29/2017 15:38:11	46.0	44.0	0.755668
09/29/2017 15:38:22	44.0	44.0	0.503778
09/29/2017 15:38:33	45.0	44.0	0.253165
09/29/2017 15:38:44	45.0	44.0	0.503778
09/29/2017 15:38:55	44.0	44.0	0.755668
09/29/2017 15:39:06	46.0	44.0	0.503778
09/29/2017 15:39:17	44.0	44.0	0.755668
09/29/2017 15:39:29	45.0	45.0	0.502513
09/29/2017 15:39:40	44.0	45.0	0.503778
09/29/2017 15:39:51	45.0	45.0	0.253165
09/29/2017 15:40:02	45.0	44.0	0.503778
09/29/2017 15:40:13	45.0	44.0	1.00251
09/29/2017 15:40:24	45.0	45.0	0.503778
09/29/2017 15:40:35	45.0	44.0	0.503778
09/29/2017 15:40:46	45.0	44.0	0.502513
09/29/2017 15:40:57	45.0	45.0	0.505051
09/29/2017 15:41:08	45.0	44.0	0.251889
09/29/2017 15:41:19	45.0	44.0	0.503778
09/29/2017 15:41:30	45.0	45.0	0.503778
09/29/2017 15:41:41	45.0	44.0	0.503778
09/29/2017 15:41:52	44.0	44.0	0.502513
09/29/2017 15:42:03	45.0	44.0	0.503778
09/29/2017 15:42:14	46.0	44.0	0.502513
09/29/2017 15:42:25	46.0	45.0	0.753769
09/29/2017 15:42:36	45.0	44.0	0.502513
09/29/2017 15:42:47	45.0	45.0	0.755668
09/29/2017 15:42:58	45.0	44.0	0.503778
09/29/2017 15:43:09	46.0	45.0	0.503778
09/29/2017 15:43:20	45.0	44.0	0.503778
09/29/2017 15:43:31	46.0	45.0	0.503778
09/29/2017 15:43:42	46.0	45.0	0.755668
09/29/2017 15:43:53	45.0	44.0	0.755668
09/29/2017 15:44:04	45.0	44.0	0.252525
09/29/2017 15:44:15	45.0	45.0	0.503778
09/29/2017 15:44:26	46.0	45.0	0.502513
09/29/2017 15:44:37	45.0	44.0	0.252525
09/29/2017 15:44:48	45.0	44.0	0.505051
09/29/2017 15:44:59	45.0	44.0	0.505051
09/29/2017 15:45:10	46.0	45.0	0.251889
09/29/2017 15:45:21	45.0	44.0	0.251889
09/29/2017 15:45:32	45.0	44.0	0.753769
09/29/2017 15:45:43	46.0	45.0	0.503778
09/29/2017 15:45:54	46.0	44.0	1.00503
09/29/2017 15:46:05	45.0	45.0	0.503778
09/29/2017 15:46:16	45.0	45.0	0.503778
09/29/2017 15:46:28	45.0	45.0	0.252525
09/29/2017 15:46:39	45.0	45.0	0.755668
09/29/2017 15:46:50	45.0	44.0	0.251889
09/29/2017 15:47:01	45.0	45.0	0.252525
09/29/2017 15:47:12	45.0	44.0	0.502513
09/29/2017 15:47:23	45.0	45.0	0.253165
09/29/2017 15:47:34	46.0	45.0	0.251889
09/29/2017 15:47:45	45.0	45.0	0.755668
09/29/2017 15:47:56	46.0	45.0	0.755668
09/29/2017 15:48:07	45.0	45.0	0.503778
09/29/2017 15:48:18	46.0	45.0	0.503778
09/29/2017 15:48:29	45.0	45.0	0.252525
09/29/2017 15:48:40	46.0	45.0	0.503778
09/29/2017 15:48:51	46.0	45.0	0.252525
09/29/2017 15:49:02	45.0	45.0	0.753769
09/29/2017 15:49:13	45.0	45.0	0.252525
09/29/2017 15:49:24	46.0	45.0	0.505051
09/29/2017 15:49:35	45.0	45.0	0.502513
09/29/2017 15:49:46	45.0	44.0	0.753769
09/29/2017 15:49:57	46.0	45.0	0.502513
09/29/2017 15:50:08	44.0	45.0	0.503778
09/29/2017 15:50:19	45.0	44.0	0.252525
09/29/2017 15:50:30	45.0	45.0	0.503778
09/29/2017 15:50:41	45.0	45.0	0.252525
09/29/2017 15:50:52	45.0	45.0	0.503778
09/29/2017 15:51:03	46.0	45.0	0.251889
09/29/2017 15:51:14	47.0	45.0	0.503778
09/29/2017 15:51:25	45.0	45.0	0.251889
09/29/2017 15:51:36	45.0	45.0	0.253165
09/29/2017 15:51:47	46.0	45.0	0.252525
09/29/2017 15:51:58	45.0	45.0	0.753769
09/29/2017 15:52:09	45.0	45.0	0.251889
09/29/2017 15:52:20	47.0	46.0	0.503778
09/29/2017 15:52:31	46.0	45.0	0.501253
09/29/2017 15:52:42	46.0	45.0	0.252525
09/29/2017 15:52:53	46.0	45.0	0.757576
09/29/2017 15:53:04	46.0	46.0	0.503778
09/29/2017 15:53:16	46.0	45.0	0.505051
09/29/2017 15:53:27	46.0	46.0	0.503778
09/29/2017 15:53:38	46.0	45.0	0.252525
09/29/2017 15:53:49	46.0	45.0	0.503778
09/29/2017 15:54:00	46.0	45.0	0.753769
09/29/2017 15:54:11	46.0	45.0	0.505051
09/29/2017 15:54:22	46.0	45.0	0.505051
09/29/2017 15:54:33	46.0	45.0	0.252525
09/29/2017 15:54:44	46.0	45.0	0.503778
09/29/2017 15:54:55	46.0	45.0	0.503778
09/29/2017 15:55:06	46.0	45.0	0.505051
09/29/2017 15:55:17	46.0	45.0	0.503778
09/29/2017 15:55:28	46.0	45.0	0.757576
09/29/2017 15:55:39	46.0	45.0	0.252525
09/29/2017 15:55:50	46.0	45.0	0.503778
09/29/2017 15:56:01	46.0	45.0	0.251889
09/29/2017 15:56:12	46.0	45.0	0.755668
09/29/2017 15:56:23	46.0	45.0	0.503778
09/29/2017 15:56:34	46.0	45.0	0.252525
09/29/2017 15:56:45	46.0	46.0	0.503778
09/29/2017 15:56:56	46.0	46.0	0.252525
09/29/2017 15:57:07	46.0	45.0	0.505051
09/29/2017 15:57:18	47.0	46.0	0.251889
09/29/2017 15:57:29	46.0	45.0	1.00503
09/29/2017 15:57:40	46.0	45.0	0.252525
09/29/2017 15:57:51	46.0	45.0	0.755668
09/29/2017 15:58:02	46.0	46.0	0.503778
09/29/2017 15:58:13	46.0	46.0	0.503778
09/29/2017 15:58:24	47.0	45.0	0.251889
09/29/2017 15:58:35	46.0	45.0	0.505051
09/29/2017 15:58:46	46.0	46.0	0.503778
09/29/2017 15:58:57	46.0	45.0	0.503778
09/29/2017 15:59:08	46.0	45.0	0.251889
09/29/2017 15:59:19	46.0	45.0	0.503778
09/29/2017 15:59:30	46.0	45.0	0.503778
09/29/2017 15:59:41	46.0	46.0	10.7692
09/29/2017 15:59:52	46.0	46.0	4.59184
09/29/2017 16:00:03	46.0	46.0	1.00756
09/29/2017 16:00:14	47.0	46.0	0.503778
09/29/2017 16:00:26	47.0	46.0	0.505051
09/29/2017 16:00:37	48.0	46.0	0.503778
09/29/2017 16:00:48	46.0	46.0	0.252525
09/29/2017 16:00:59	48.0	47.0	0.502513
09/29/2017 16:01:10	46.0	46.0	0
09/29/2017 16:01:21	47.0	46.0	0.503778
09/29/2017 16:01:32	46.0	46.0	0.252525
09/29/2017 16:01:43	47.0	45.0	0.757576
09/29/2017 16:01:54	47.0	46.0	0.252525
09/29/2017 16:02:05	46.0	45.0	0.503778
09/29/2017 16:02:16	46.0	46.0	0.251256
09/29/2017 16:02:27	47.0	46.0	0.502513
09/29/2017 16:02:38	46.0	46.0	0.502513
09/29/2017 16:02:49	47.0	46.0	0.252525
09/29/2017 16:03:00	46.0	46.0	0.503778
09/29/2017 16:03:11	47.0	47.0	0.502513
09/29/2017 16:03:22	47.0	46.0	0.251889
09/29/2017 16:03:33	46.0	46.0	0.503778
09/29/2017 16:03:44	47.0	46.0	0.503778
09/29/2017 16:03:55	46.0	45.0	0.755668
09/29/2017 16:04:06	46.0	46.0	0.503778
09/29/2017 16:04:17	47.0	46.0	0.503778
09/29/2017 16:04:28	47.0	46.0	0.252525
09/29/2017 16:04:39	47.0	45.0	0.753769
09/29/2017 16:04:50	46.0	46.0	0.252525
09/29/2017 16:05:01	46.0	46.0	0.503778
09/29/2017 16:05:12	46.0	46.0	0.252525
09/29/2017 16:05:23	46.0	46.0	0.502513
09/29/2017 16:05:34	47.0	47.0	0.502513
09/29/2017 16:05:45	48.0	47.0	0.252525
09/29/2017 16:05:56	46.0	46.0	0.755668
09/29/2017 16:06:07	47.0	46.0	0.251889
09/29/2017 16:06:18	46.0	46.0	0.753769
09/29/2017 16:06:29	47.0	46.0	0.253165
09/29/2017 16:06:40	48.0	46.0	0.505051
09/29/2017 16:06:51	47.0	46.0	0.251889
09/29/2017 16:07:02	46.0	46.0	0.505051
09/29/2017 16:07:13	47.0	46.0	0.502513
09/29/2017 16:07:25	48.0	46.0	0.503778
09/29/2017 16:07:36	47.0	45.0	0.505051
09/29/2017 16:07:47	46.0	46.0	0.753769
09/29/2017 16:07:58	47.0	46.0	0.252525
09/29/2017 16:08:09	46.0	46.0	0.503778
09/29/2017 16:08:20	48.0	47.0	0.252525
09/29/2017 16:08:31	47.0	46.0	1.25628
09/29/2017 16:08:42	46.0	46.0	0.753769
09/29/2017 16:08:53	46.0	45.0	0.503778
09/29/2017 16:09:04	47.0	46.0	0.252525
09/29/2017 16:09:15	47.0	46.0	0.505051
09/29/2017 16:09:26	47.0	46.0	0.502513
09/29/2017 16:09:37	46.0	46.0	0.503778
09/29/2017 16:09:48	47.0	46.0	0.753769
09/29/2017 16:09:59	47.0	47.0	0.252525
09/29/2017 16:10:10	48.0	46.0	0.753769
09/29/2017 16:10:21	46.0	46.0	0.502513
09/29/2017 16:10:32	47.0	46.0	0
09/29/2017 16:10:43	47.0	47.0	0.502513
09/29/2017 16:10:54	47.0	46.0	0.75188
09/29/2017 16:11:05	47.0	46.0	0.503778
09/29/2017 16:11:16	46.0	46.0	0.503778
09/29/2017 16:11:27	47.0	47.0	0.252525
09/29/2017 16:11:38	46.0	46.0	0.503778
09/29/2017 16:11:49	48.0	47.0	0.252525
09/29/2017 16:12:00	47.0	46.0	0.503778
09/29/2017 16:12:11	47.0	46.0	0.505051
09/29/2017 16:12:22	46.0	46.0	0.503778
09/29/2017 16:12:33	46.0	46.0	0.503778
09/29/2017 16:12:44	47.0	47.0	0.503778
09/29/2017 16:12:55	46.0	46.0	0.251889
09/29/2017 16:13:06	46.0	46.0	0.503778
09/29/2017 16:13:17	46.0	46.0	0.503778
09/29/2017 16:13:28	46.0	46.0	0.755668
09/29/2017 16:13:39	48.0	46.0	0.252525
09/29/2017 16:13:50	47.0	46.0	0.505051
09/29/2017 16:14:01	47.0	47.0	0.503778
09/29/2017 16:14:12	47.0	45.0	0.251889
09/29/2017 16:14:23	47.0	46.0	0.755668
09/29/2017 16:14:35	47.0	46.0	0.503778
09/29/2017 16:14:46	48.0	46.0	0.753769
09/29/2017 16:14:57	47.0	46.0	0.251889
09/29/2017 16:15:08	47.0	46.0	0.503778
09/29/2017 16:15:19	48.0	46.0	0.251889
09/29/2017 16:15:30	47.0	45.0	0.755668
09/29/2017 16:15:41	48.0	47.0	0.503778
09/29/2017 16:15:52	47.0	46.0	0.251889
09/29/2017 16:16:03	47.0	46.0	0.251889
09/29/2017 16:16:14	47.0	46.0	1.00251
09/29/2017 16:16:25	47.0	46.0	1.26263
09/29/2017 16:16:36	48.0	46.0	0.755668
09/29/2017 16:16:47	47.0	47.0	0.502513
09/29/2017 16:16:58	47.0	46.0	0.252525
09/29/2017 16:17:09	47.0	47.0	0.253165
09/29/2017 16:17:20	47.0	46.0	0.503778
09/29/2017 16:17:31	47.0	47.0	0.502513
09/29/2017 16:17:42	46.0	46.0	0.753769
09/29/2017 16:17:53	47.0	47.0	0.252525
09/29/2017 16:18:04	48.0	46.0	0.503778
09/29/2017 16:18:15	47.0	46.0	0.503778
09/29/2017 16:18:26	47.0	46.0	0.251889
09/29/2017 16:18:37	47.0	46.0	0.503778
09/29/2017 16:18:48	47.0	46.0	0.503778
09/29/2017 16:18:59	48.0	47.0	1.25945
09/29/2017 16:19:10	46.0	46.0	0.502513
09/29/2017 16:19:21	48.0	47.0	0.753769
09/29/2017 16:19:32	47.0	46.0	0.252525
09/29/2017 16:19:43	47.0	47.0	0.755668
09/29/2017 16:19:54	47.0	46.0	0.503778
09/29/2017 16:20:05	48.0	47.0	0.503778
09/29/2017 16:20:16	47.0	46.0	0.503778
09/29/2017 16:20:27	47.0	46.0	0.252525
09/29/2017 16:20:38	48.0	46.0	0
09/29/2017 16:20:49	47.0	46.0	0.506329
09/29/2017 16:21:00	46.0	46.0	0.252525
09/29/2017 16:21:11	48.0	47.0	0.505051
09/29/2017 16:21:22	48.0	46.0	0.502513
09/29/2017 16:21:33	47.0	46.0	0.503778
09/29/2017 16:21:45	47.0	46.0	0.252525
09/29/2017 16:21:56	48.0	47.0	1.0101
09/29/2017 16:22:07	47.0	47.0	0.251889
09/29/2017 16:22:18	47.0	46.0	0.505051
09/29/2017 16:22:29	47.0	46.0	1.00756
09/29/2017 16:22:40	47.0	47.0	0.503778
09/29/2017 16:22:51	47.0	46.0	0.505051
09/29/2017 16:23:02	47.0	46.0	0.251889
09/29/2017 16:23:13	46.0	47.0	0.753769
09/29/2017 16:23:24	47.0	46.0	0.251889
09/29/2017 16:23:35	47.0	47.0	0.753769
09/29/2017 16:23:46	47.0	46.0	0.251889
09/29/2017 16:23:57	48.0	46.0	0.252525
09/29/2017 16:24:08	47.0	46.0	0
09/29/2017 16:24:19	48.0	47.0	0.505051
09/29/2017 16:24:30	48.0	47.0	0.253165
09/29/2017 16:24:41	48.0	46.0	0.503778
09/29/2017 16:24:52	47.0	47.0	0.252525
09/29/2017 16:25:03	47.0	47.0	0.252525
09/29/2017 16:25:14	47.0	47.0	0.251889
09/29/2017 16:25:25	47.0	46.0	0.252525
09/29/2017 16:25:36	49.0	47.0	0.251889
09/29/2017 16:25:47	48.0	47.0	0.503778
09/29/2017 16:25:58	48.0	46.0	0
09/29/2017 16:26:09	47.0	46.0	0.503778
09/29/2017 16:26:20	47.0	46.0	0.503778
09/29/2017 16:26:31	48.0	47.0	0.503778
09/29/2017 16:26:42	47.0	47.0	0.503778
09/29/2017 16:26:53	48.0	47.0	0.252525
09/29/2017 16:27:04	48.0	47.0	0.253165
09/29/2017 16:27:15	47.0	46.0	0.251889
09/29/2017 16:27:26	47.0	46.0	0.503778
09/29/2017 16:27:37	47.0	46.0	0.753769
09/29/2017 16:27:48	48.0	47.0	0.503778
09/29/2017 16:27:59	48.0	46.0	0.755668
09/29/2017 16:28:10	47.0	46.0	1.00251
09/29/2017 16:28:21	47.0	47.0	0.502513
09/29/2017 16:28:32	49.0	47.0	0.253165
09/29/2017 16:28:43	47.0	46.0	0.755668
09/29/2017 16:28:54	47.0	48.0	0.505051
09/29/2017 16:29:06	47.0	47.0	0.503778
09/29/2017 16:29:17	47.0	47.0	0.505051
09/29/2017 16:29:28	47.0	47.0	0.502513
09/29/2017 16:29:39	47.0	46.0	0.503778
09/29/2017 16:29:50	47.0	46.0	0.251889
09/29/2017 16:30:01	47.0	47.0	0.755668
09/29/2017 16:30:12	48.0	47.0	0.503778
09/29/2017 16:30:23	47.0	47.0	0.753769
09/29/2017 16:30:34	47.0	47.0	0.502513
09/29/2017 16:30:45	47.0	46.0	0.503778
09/29/2017 16:30:56	47.0	47.0	0.252525
09/29/2017 16:31:07	48.0	46.0	0.503778
09/29/2017 16:31:18	48.0	47.0	0.503778
09/29/2017 16:31:29	47.0	47.0	0.503778
09/29/2017 16:31:40	49.0	47.0	0.503778
09/29/2017 16:31:51	48.0	46.0	0.502513
09/29/2017 16:32:02	48.0	46.0	3.31633
09/29/2017 16:32:13	49.0	47.0	0.502513
09/29/2017 16:32:24	48.0	47.0	0.502513
09/29/2017 16:32:35	47.0	46.0	0.251889
09/29/2017 16:32:46	47.0	46.0	1.51899
09/29/2017 16:32:57	49.0	47.0	2.29008
09/29/2017 16:33:08	47.0	47.0	9.27835
09/29/2017 16:33:19	50.0	49.0	2.03562
09/29/2017 16:33:30	48.0	47.0	2.53807
09/29/2017 16:33:41	49.0	47.0	2.66667
09/29/2017 16:33:52	48.0	47.0	3.3557
09/29/2017 16:34:03	47.0	47.0	0.503778
09/29/2017 16:34:14	48.0	47.0	0.502513
09/29/2017 16:34:25	47.0	47.0	0.251889
09/29/2017 16:34:36	48.0	47.0	0.252525
09/29/2017 16:34:47	47.0	47.0	0.505051
09/29/2017 16:34:58	47.0	47.0	2.28426
09/29/2017 16:35:09	47.0	47.0	0.503778
09/29/2017 16:35:20	47.0	47.0	1.26263
09/29/2017 16:35:31	49.0	47.0	0.503778
09/29/2017 16:35:42	47.0	47.0	0
09/29/2017 16:35:54	47.0	47.0	0.505051
09/29/2017 16:36:05	48.0	47.0	0.503778
09/29/2017 16:36:16	47.0	46.0	0.503778
09/29/2017 16:36:27	47.0	46.0	57.754
09/29/2017 16:36:38	52.0	50.0	15.3179
09/29/2017 16:36:49	49.0	48.0	13.9474
09/29/2017 16:37:01	49.0	49.0	13.9842
09/29/2017 16:37:12	50.0	50.0	14.6982
09/29/2017 16:37:23	51.0	50.0	16.6124
09/29/2017 16:37:34	52.0	50.0	13.8743
09/29/2017 16:37:45	51.0	51.0	13.1579
09/29/2017 16:37:56	52.0	51.0	17.7083
09/29/2017 16:38:07	54.0	52.0	19.0104
09/29/2017 16:38:18	54.0	53.0	17.4479
09/29/2017 16:38:29	55.0	53.0	15.625
09/29/2017 16:38:40	54.0	53.0	15.903
09/29/2017 16:38:51	51.0	50.0	13.4565
09/29/2017 16:39:03	50.0	49.0	17.5853
09/29/2017 16:39:14	50.0	48.0	15.5673
09/29/2017 16:39:25	48.0	47.0	14.8936
09/29/2017 16:39:36	47.0	46.0	17.1053
09/29/2017 16:39:47	48.0	48.0	13.7566
09/29/2017 16:39:58	50.0	49.0	24.4499
09/29/2017 16:40:09	51.0	51.0	19.1601
09/29/2017 16:40:20	53.0	52.0	18.75
09/29/2017 16:40:31	54.0	53.0	19.0601
09/29/2017 16:40:42	55.0	54.0	13.2275
09/29/2017 16:40:53	56.0	54.0	12.5668
09/29/2017 16:41:04	54.0	53.0	16.7979
09/29/2017 16:41:15	53.0	52.0	21.3158
09/29/2017 16:41:26	51.0	50.0	17.8478
09/29/2017 16:41:37	50.0	50.0	14.7757
09/29/2017 16:41:48	49.0	48.0	16.2304
09/29/2017 16:41:59	49.0	48.0	21.9388
09/29/2017 16:42:10	49.0	47.0	17.2775
09/29/2017 16:42:21	49.0	47.0	17.4935
09/29/2017 16:42:32	49.0	48.0	19.4226
09/29/2017 16:42:43	50.0	47.0	14.6667
09/29/2017 16:42:54	48.0	46.0	18.8552
09/29/2017 16:43:05	51.0	48.0	43.6893
09/29/2017 16:43:17	54.0	52.0	25.7069
09/29/2017 16:43:28	52.0	51.0	18.2065
09/29/2017 16:43:39	53.0	53.0	12.3684
09/29/2017 16:43:50	54.0	53.0	21.3158
09/29/2017 16:44:01	55.0	54.0	15.0134
09/29/2017 16:44:12	56.0	55.0	17.0157
09/29/2017 16:44:23	57.0	56.0	12.1372
09/29/2017 16:44:34	54.0	53.0	17.7083
09/29/2017 16:44:45	52.0	52.0	15.1194
09/29/2017 16:44:56	51.0	50.0	14.5889
09/29/2017 16:45:07	50.0	50.0	14.5503
09/29/2017 16:45:18	49.0	48.0	23.0958
09/29/2017 16:45:29	49.0	48.0	15.3439
09/29/2017 16:45:40	48.0	47.0	14.3617
09/29/2017 16:45:51	49.0	47.0	16.7553
09/29/2017 16:46:02	48.0	47.0	13.6
09/29/2017 16:46:13	48.0	47.0	14.3236
09/29/2017 16:46:24	48.0	47.0	16.3588
09/29/2017 16:46:35	49.0	48.0	15.445
09/29/2017 16:46:46	50.0	50.0	14.0212
09/29/2017 16:46:57	52.0	51.0	12.1372
09/29/2017 16:47:08	53.0	52.0	12.4011
09/29/2017 16:47:19	53.0	53.0	18.7032
09/29/2017 16:47:30	55.0	54.0	12.3684
09/29/2017 16:47:42	56.0	54.0	12.6649
09/29/2017 16:47:53	56.0	55.0	11.8734
09/29/2017 16:48:04	55.0	55.0	13.5279
09/29/2017 16:48:15	53.0	53.0	13.2626
09/29/2017 16:48:26	52.0	51.0	14.5119
09/29/2017 16:48:37	51.0	50.0	15.625
09/29/2017 16:48:48	50.0	49.0	14.6277
09/29/2017 16:48:59	49.0	48.0	14.5889
09/29/2017 16:49:10	49.0	48.0	14.3236
09/29/2017 16:49:21	49.0	47.0	15.9686
09/29/2017 16:49:32	48.0	47.0	12.0419
09/29/2017 16:49:43	48.0	47.0	14.3617
09/29/2017 16:49:54	47.0	47.0	14.248
09/29/2017 16:50:05	48.0	47.0	14.8148
09/29/2017 16:50:16	50.0	48.0	14.3236
09/29/2017 16:50:27	50.0	50.0	14.1732
09/29/2017 16:50:38	51.0	51.0	14.7668
09/29/2017 16:50:49	53.0	53.0	12.2016
09/29/2017 16:51:00	55.0	53.0	12.1372
09/29/2017 16:51:11	55.0	54.0	13.1579
09/29/2017 16:51:22	56.0	54.0	12.2016
09/29/2017 16:51:33	57.0	55.0	12.963
09/29/2017 16:51:44	54.0	54.0	12.4668
09/29/2017 16:51:55	52.0	52.0	14.8148
09/29/2017 16:52:06	51.0	50.0	13.6364
09/29/2017 16:52:17	50.0	50.0	14.0957
09/29/2017 16:52:28	50.0	48.0	14.5503
09/29/2017 16:52:39	49.0	48.0	21.5686
09/29/2017 16:52:50	49.0	48.0	14.3236
09/29/2017 16:53:02	49.0	47.0	14.2857
09/29/2017 16:53:13	48.0	47.0	14.9606
09/29/2017 16:53:24	48.0	47.0	14.3617
09/29/2017 16:53:35	48.0	46.0	13.9842
09/29/2017 16:53:46	48.0	47.0	13.7566
09/29/2017 16:53:57	48.0	47.0	15.3034
09/29/2017 16:54:08	50.0	49.0	14.0584
09/29/2017 16:54:19	51.0	50.0	13.6483
09/29/2017 16:54:30	52.0	52.0	12.8947
09/29/2017 16:54:41	54.0	53.0	21.3592
09/29/2017 16:54:52	54.0	53.0	12.3684
09/29/2017 16:55:03	55.0	54.0	12.3684
09/29/2017 16:55:14	57.0	55.0	12.3037
09/29/2017 16:55:25	57.0	56.0	12.4011
09/29/2017 16:55:36	54.0	53.0	12.6316
09/29/2017 16:55:47	52.0	52.0	13.1579
09/29/2017 16:55:58	51.0	50.0	14.9606
09/29/2017 16:56:09	50.0	50.0	14.0212
09/29/2017 16:56:20	50.0	48.0	14.7368
09/29/2017 16:56:31	49.0	48.0	13.7566
09/29/2017 16:56:42	49.0	48.0	23.0769
09/29/2017 16:56:53	49.0	48.0	14.6597
09/29/2017 16:57:04	48.0	47.0	15
09/29/2017 16:57:15	48.0	47.0	14.248
09/29/2017 16:57:26	48.0	47.0	14.0212
09/29/2017 16:57:37	47.0	47.0	14.0584
09/29/2017 16:57:48	49.0	47.0	14.7368
09/29/2017 16:58:00	50.0	49.0	13.5417
09/29/2017 16:58:11	51.0	51.0	12.9288
09/29/2017 16:58:22	53.0	52.0	12.3684
09/29/2017 16:58:33	54.0	53.0	16.273
09/29/2017 16:58:44	55.0	53.0	21.6019
09/29/2017 16:58:55	56.0	55.0	11.6402
09/29/2017 16:59:06	57.0	55.0	12.4011
09/29/2017 16:59:17	55.0	55.0	13.089
09/29/2017 16:59:28	53.0	53.0	14.5119
09/29/2017 16:59:39	51.0	51.0	14.4357
09/29/2017 16:59:50	50.0	50.0	13.7931
09/29/2017 17:00:01	50.0	50.0	14.4737
09/29/2017 17:00:12	50.0	48.0	13.9474
09/29/2017 17:00:23	49.0	48.0	13.2979
09/29/2017 17:00:34	49.0	48.0	14.0584
09/29/2017 17:00:45	48.0	48.0	19.7007
09/29/2017 17:00:56	48.0	48.0	14.248
09/29/2017 17:01:07	48.0	48.0	14.248
09/29/2017 17:01:18	48.0	46.0	13.9474
09/29/2017 17:01:29	48.0	47.0	13.8667
09/29/2017 17:01:40	49.0	48.0	13.9842
09/29/2017 17:01:51	51.0	50.0	13.7931
09/29/2017 17:02:02	52.0	51.0	13.5065
09/29/2017 17:02:13	53.0	53.0	13.1579
09/29/2017 17:02:24	55.0	54.0	12.5984
09/29/2017 17:02:35	56.0	55.0	12.6316
09/29/2017 17:02:46	56.0	55.0	12.7604
09/29/2017 17:02:57	57.0	56.0	12.6649
09/29/2017 17:03:08	54.0	54.0	12.8272
09/29/2017 17:03:20	53.0	52.0	14.0212
09/29/2017 17:03:31	51.0	51.0	13.7203
09/29/2017 17:03:42	50.0	50.0	17.3469
09/29/2017 17:03:53	50.0	50.0	13.9842
09/29/2017 17:04:04	49.0	49.0	13.7566
09/29/2017 17:04:15	49.0	48.0	15.285
09/29/2017 17:04:26	48.0	48.0	13.4921
09/29/2017 17:04:37	49.0	47.0	14.248
09/29/2017 17:04:48	48.0	47.0	22.673
09/29/2017 17:04:59	48.0	47.0	13.5638
09/29/2017 17:05:10	48.0	46.0	13.8743
09/29/2017 17:05:21	48.0	47.0	13.7931
09/29/2017 17:05:32	48.0	46.0	14.1732
09/29/2017 17:05:43	50.0	48.0	14.6982
09/29/2017 17:05:54	51.0	50.0	12.4011
09/29/2017 17:06:05	52.0	51.0	21.7703
09/29/2017 17:06:16	54.0	53.0	12.7604
09/29/2017 17:06:27	54.0	54.0	20.1474
09/29/2017 17:06:38	56.0	54.0	12.1053
09/29/2017 17:06:49	56.0	55.0	21.4286
09/29/2017 17:07:00	57.0	56.0	12.1372
09/29/2017 17:07:11	55.0	54.0	12.3684
09/29/2017 17:07:22	53.0	53.0	13.6483
09/29/2017 17:07:33	51.0	51.0	14.2105
09/29/2017 17:07:44	51.0	50.0	13.7566
09/29/2017 17:07:55	50.0	50.0	14.2105
09/29/2017 17:08:06	50.0	49.0	21.0784
09/29/2017 17:08:18	49.0	48.0	13.4921
09/29/2017 17:08:29	49.0	47.0	14.2105
09/29/2017 17:08:40	48.0	47.0	13.9108
09/29/2017 17:08:51	48.0	47.0	13.9474
09/29/2017 17:09:02	48.0	47.0	13.9474
09/29/2017 17:09:13	48.0	47.0	14.4357
09/29/2017 17:09:24	47.0	47.0	13.9474
09/29/2017 17:09:35	48.0	47.0	13.9842
09/29/2017 17:09:46	47.0	47.0	13.4211
09/29/2017 17:09:57	49.0	48.0	13.8743
09/29/2017 17:10:08	50.0	49.0	12.8609
09/29/2017 17:10:19	51.0	51.0	13.3508
09/29/2017 17:10:30	53.0	53.0	12.4011
09/29/2017 17:10:41	55.0	53.0	12.2715
09/29/2017 17:10:52	55.0	54.0	12.1372
09/29/2017 17:11:03	55.0	54.0	17.8218
09/29/2017 17:11:14	57.0	56.0	12.336
09/29/2017 17:11:25	55.0	54.0	12.0735
09/29/2017 17:11:36	53.0	52.0	13.4565
09/29/2017 17:11:47	51.0	51.0	13.4921
09/29/2017 17:11:58	51.0	50.0	13.9474
09/29/2017 17:12:09	50.0	49.0	13.4565
09/29/2017 17:12:20	50.0	49.0	13.7203
09/29/2017 17:12:31	49.0	48.0	14.1732
09/29/2017 17:12:42	49.0	48.0	14.0584
09/29/2017 17:12:53	49.0	47.0	15.3247
09/29/2017 17:13:04	48.0	47.0	13.9474
09/29/2017 17:13:15	48.0	47.0	13.9108
09/29/2017 17:13:27	48.0	47.0	14.2105
09/29/2017 17:13:38	47.0	47.0	14.4357
09/29/2017 17:13:49	47.0	47.0	13.7566
09/29/2017 17:14:00	49.0	48.0	20.5314
09/29/2017 17:14:11	51.0	50.0	13.4565
09/29/2017 17:14:22	52.0	51.0	12.5654
09/29/2017 17:14:33	53.0	53.0	12.6316
09/29/2017 17:14:44	54.0	53.0	13.4211
09/29/2017 17:14:55	55.0	54.0	12.1053
09/29/2017 17:15:06	55.0	55.0	12.5984
09/29/2017 17:15:17	57.0	56.0	12.8947
09/29/2017 17:15:28	55.0	53.0	18.7032
09/29/2017 17:15:39	53.0	52.0	14.0992
09/29/2017 17:15:50	51.0	50.0	14.2105
09/29/2017 17:16:01	50.0	50.0	13.9108
09/29/2017 17:16:12	50.0	49.0	13.2275
09/29/2017 17:16:23	49.0	48.0	13.2979
09/29/2017 17:16:34	49.0	48.0	13.2275
09/29/2017 17:16:45	48.0	47.0	14.4357
09/29/2017 17:16:56	48.0	47.0	13.4921
09/29/2017 17:17:07	48.0	47.0	13.9842
09/29/2017 17:17:18	48.0	47.0	13.2626
09/29/2017 17:17:29	48.0	47.0	14.4737
09/29/2017 17:17:40	48.0	47.0	13.9108
09/29/2017 17:17:51	50.0	49.0	14.4357
09/29/2017 17:18:02	51.0	51.0	19.5545
09/29/2017 17:18:13	52.0	52.0	23.7209
09/29/2017 17:18:25	53.0	53.0	13.7306
09/29/2017 17:18:36	54.0	54.0	14.6982
09/29/2017 17:18:47	55.0	54.0	12.5654
09/29/2017 17:18:58	57.0	55.0	12.5984
09/29/2017 17:19:09	57.0	55.0	12.5654
09/29/2017 17:19:20	54.0	53.0	13.6483
09/29/2017 17:19:31	52.0	51.0	13.577
09/29/2017 17:19:42	51.0	51.0	13.9842
09/29/2017 17:19:53	50.0	50.0	13.5279
09/29/2017 17:20:04	50.0	48.0	13.9474
09/29/2017 17:20:15	49.0	48.0	13.2979
09/29/2017 17:20:26	49.0	48.0	13.2275
09/29/2017 17:20:37	48.0	47.0	13.8743
09/29/2017 17:20:48	48.0	47.0	13.6842
09/29/2017 17:20:59	48.0	47.0	14.3979
09/29/2017 17:21:10	48.0	46.0	13.7203
09/29/2017 17:21:21	48.0	47.0	13.4921
09/29/2017 17:21:32	48.0	47.0	13.4565
09/29/2017 17:21:43	49.0	49.0	14.2105
09/29/2017 17:21:54	51.0	51.0	12.6984
09/29/2017 17:22:05	52.0	52.0	12.5984
09/29/2017 17:22:16	54.0	53.0	12.4675
09/29/2017 17:22:27	55.0	54.0	12.1053
09/29/2017 17:22:38	55.0	55.0	12.1053
09/29/2017 17:22:49	57.0	55.0	11.8421
09/29/2017 17:23:00	57.0	56.0	12.4011
09/29/2017 17:23:11	54.0	54.0	13.2275
09/29/2017 17:23:22	52.0	52.0	13.9474
09/29/2017 17:23:34	51.0	50.0	13.6483
09/29/2017 17:23:45	50.0	50.0	13.7203
09/29/2017 17:23:56	49.0	49.0	14.0625
09/29/2017 17:24:07	49.0	49.0	16.9231
09/29/2017 17:24:18	48.0	48.0	21.6019
09/29/2017 17:24:29	49.0	47.0	19.6517
09/29/2017 17:24:40	48.0	48.0	13.2979
09/29/2017 17:24:51	48.0	47.0	13.7566
09/29/2017 17:25:02	47.0	47.0	13.9474
09/29/2017 17:25:13	47.0	47.0	13.7566
09/29/2017 17:25:24	48.0	47.0	14.1732
09/29/2017 17:25:35	47.0	46.0	14.3603
09/29/2017 17:25:46	49.0	48.0	14.4357
09/29/2017 17:25:57	51.0	50.0	13.6842
09/29/2017 17:26:08	52.0	51.0	12.8609
09/29/2017 17:26:19	53.0	52.0	12.3037
09/29/2017 17:26:30	54.0	53.0	11.8734
09/29/2017 17:26:41	55.0	54.0	12.5984
09/29/2017 17:26:52	56.0	55.0	12.0735
09/29/2017 17:27:03	57.0	56.0	11.8421
09/29/2017 17:27:14	56.0	56.0	12.1372
09/29/2017 17:27:25	54.0	53.0	12.3037
09/29/2017 17:27:36	52.0	51.0	14.0212
09/29/2017 17:27:47	51.0	50.0	13.9474
09/29/2017 17:27:58	50.0	50.0	16.4103
09/29/2017 17:28:09	50.0	48.0	19.9507
09/29/2017 17:28:20	49.0	48.0	13.9474
09/29/2017 17:28:32	49.0	48.0	13.7203
09/29/2017 17:28:43	48.0	48.0	14.2105
09/29/2017 17:28:54	48.0	47.0	14.4357
09/29/2017 17:29:05	48.0	47.0	13.7203
09/29/2017 17:29:16	48.0	48.0	15.3034
09/29/2017 17:29:27	48.0	47.0	14.8148
09/29/2017 17:29:38	49.0	48.0	14.7368
09/29/2017 17:29:49	48.0	47.0	16.6227
09/29/2017 17:30:00	48.0	47.0	15.4667
09/29/2017 17:30:11	47.0	47.0	13.1926
09/29/2017 17:30:22	47.0	47.0	15.2632
09/29/2017 17:30:33	48.0	47.0	14.3603
09/29/2017 17:30:44	47.0	47.0	22.2222
09/29/2017 17:30:55	49.0	48.0	17.3228
09/29/2017 17:31:06	47.0	46.0	15.3846
09/29/2017 17:31:17	48.0	48.0	14.4737
09/29/2017 17:31:28	47.0	47.0	14.2857
09/29/2017 17:31:39	49.0	48.0	13.8743
09/29/2017 17:31:50	51.0	50.0	13.4565
09/29/2017 17:32:01	52.0	52.0	12.8609
09/29/2017 17:32:12	53.0	53.0	12.3684
09/29/2017 17:32:23	54.0	54.0	13.4565
09/29/2017 17:32:34	55.0	54.0	12.5654
09/29/2017 17:32:45	56.0	55.0	12.7604
09/29/2017 17:32:56	57.0	56.0	18.8976
09/29/2017 17:33:07	56.0	55.0	22.1675
09/29/2017 17:33:18	53.0	53.0	14.248
09/29/2017 17:33:29	51.0	51.0	13.4565
09/29/2017 17:33:40	51.0	50.0	13.6483
09/29/2017 17:33:52	50.0	50.0	13.4565
09/29/2017 17:34:03	50.0	49.0	13.4211
09/29/2017 17:34:14	49.0	48.0	13.7203
09/29/2017 17:34:25	49.0	48.0	13.9474
09/29/2017 17:34:36	49.0	47.0	13.4921
09/29/2017 17:34:47	48.0	47.0	14.2105
09/29/2017 17:34:58	48.0	47.0	13.9108
09/29/2017 17:35:09	48.0	47.0	15.3247
09/29/2017 17:35:20	47.0	46.0	18.2957
09/29/2017 17:35:31	47.0	47.0	14.248
09/29/2017 17:35:42	47.0	46.0	14.3979
09/29/2017 17:35:53	50.0	48.0	13.6842
09/29/2017 17:36:04	51.0	50.0	12.6649
09/29/2017 17:36:15	52.0	51.0	12.3684
09/29/2017 17:36:26	53.0	53.0	15.8568
09/29/2017 17:36:37	55.0	54.0	12.3684
09/29/2017 17:36:48	55.0	54.0	15.0895
09/29/2017 17:36:59	56.0	55.0	13.0208
09/29/2017 17:37:10	57.0	56.0	11.8734
09/29/2017 17:37:21	55.0	54.0	14.359
09/29/2017 17:37:32	53.0	52.0	14.1361
09/29/2017 17:37:43	51.0	51.0	13.9474
09/29/2017 17:37:54	50.0	50.0	13.3858
09/29/2017 17:38:05	50.0	50.0	15.285
09/29/2017 17:38:16	50.0	49.0	17.7665
09/29/2017 17:38:27	49.0	48.0	15.3646
09/29/2017 17:38:38	49.0	48.0	15.7895
09/29/2017 17:38:50	49.0	48.0	16.9312
09/29/2017 17:39:01	49.0	48.0	15
09/29/2017 17:39:12	49.0	48.0	17.0051
09/29/2017 17:39:23	48.0	48.0	17.0051
09/29/2017 17:39:34	48.0	47.0	14.1732
09/29/2017 17:39:45	48.0	47.0	13.9474
09/29/2017 17:39:56	48.0	47.0	16.3158
09/29/2017 17:40:07	48.0	47.0	13.2979
09/29/2017 17:40:18	48.0	47.0	18.3417
09/29/2017 17:40:29	48.0	47.0	13.7203
09/29/2017 17:40:40	48.0	47.0	13.7203
09/29/2017 17:40:51	50.0	48.0	15.0649
09/29/2017 17:41:02	51.0	50.0	12.963
09/29/2017 17:41:13	52.0	52.0	12.0735
09/29/2017 17:41:24	54.0	53.0	13.9896
09/29/2017 17:41:35	55.0	54.0	13.1234
09/29/2017 17:41:46	56.0	55.0	17.2932
09/29/2017 17:41:57	56.0	55.0	11.8421
09/29/2017 17:42:08	58.0	56.0	17.2932
09/29/2017 17:42:19	55.0	54.0	13.4565
09/29/2017 17:42:30	53.0	52.0	14.3979
09/29/2017 17:42:41	51.0	51.0	13.2275
09/29/2017 17:42:52	50.0	50.0	14.6597
09/29/2017 17:43:03	50.0	49.0	16.4524
09/29/2017 17:43:14	49.0	48.0	14.248
09/29/2017 17:43:25	49.0	48.0	13.4921
09/29/2017 17:43:37	49.0	47.0	16.624
09/29/2017 17:43:48	49.0	47.0	14.5119
09/29/2017 17:43:59	48.0	47.0	13.2275
09/29/2017 17:44:10	48.0	47.0	14.8825
09/29/2017 17:44:21	48.0	47.0	15.0649
09/29/2017 17:44:32	47.0	47.0	13.7566
09/29/2017 17:44:43	47.0	47.0	14.1732
09/29/2017 17:44:54	48.0	47.0	13.9108
09/29/2017 17:45:05	50.0	49.0	13.9842
09/29/2017 17:45:16	52.0	50.0	18.25
09/29/2017 17:45:27	52.0	52.0	12.336
09/29/2017 17:45:38	53.0	53.0	13.089
09/29/2017 17:45:49	54.0	54.0	12.6316
09/29/2017 17:46:00	55.0	55.0	12.5984
09/29/2017 17:46:11	56.0	55.0	12.5984
09/29/2017 17:46:22	56.0	55.0	12.6316
09/29/2017 17:46:33	54.0	53.0	12.5654
09/29/2017 17:46:44	52.0	51.0	13.2275
09/29/2017 17:46:55	51.0	50.0	14.2105
09/29/2017 17:47:06	50.0	50.0	13.9108
09/29/2017 17:47:17	50.0	49.0	13.8298
09/29/2017 17:47:28	49.0	48.0	14.4357
09/29/2017 17:47:39	49.0	49.0	14.4737
09/29/2017 17:47:50	49.0	48.0	13.6842
09/29/2017 17:48:01	49.0	47.0	14.2105
09/29/2017 17:48:12	49.0	48.0	13.9108
09/29/2017 17:48:23	48.0	47.0	13.9842
09/29/2017 17:48:35	48.0	47.0	15.5039
09/29/2017 17:48:46	48.0	47.0	15.9383
09/29/2017 17:48:57	47.0	47.0	13.7203
09/29/2017 17:49:08	47.0	47.0	13.9474
09/29/2017 17:49:19	47.0	47.0	13.6842
09/29/2017 17:49:30	47.0	47.0	13.9474
09/29/2017 17:49:41	48.0	48.0	14.248
09/29/2017 17:49:52	50.0	50.0	18.3879
09/29/2017 17:50:03	52.0	51.0	13.9474
09/29/2017 17:50:14	52.0	52.0	12.5984
09/29/2017 17:50:25	54.0	53.0	14.1361
09/29/2017 17:50:36	55.0	54.0	12.5984
09/29/2017 17:50:47	55.0	55.0	18.8725
09/29/2017 17:50:58	57.0	56.0	12.1372
09/29/2017 17:51:09	55.0	55.0	12.0735
09/29/2017 17:51:20	54.0	53.0	12.1693
09/29/2017 17:51:31	52.0	51.0	17.4359
09/29/2017 17:51:42	51.0	50.0	13.9474
09/29/2017 17:51:53	50.0	50.0	13.9842
09/29/2017 17:52:04	50.0	49.0	13.5279
09/29/2017 17:52:15	49.0	48.0	16.4948
09/29/2017 17:52:26	49.0	48.0	13.7203
09/29/2017 17:52:37	48.0	48.0	13.4565
09/29/2017 17:52:48	49.0	48.0	15.0649
09/29/2017 17:52:59	48.0	48.0	13.7203
09/29/2017 17:53:10	48.0	47.0	14.4357
09/29/2017 17:53:22	47.0	47.0	13.6842
09/29/2017 17:53:33	47.0	48.0	13.9842
09/29/2017 17:53:44	48.0	47.0	13.6842
09/29/2017 17:53:55	50.0	49.0	14.5119
09/29/2017 17:54:06	51.0	51.0	13.1926
09/29/2017 17:54:17	52.0	52.0	13.0548
09/29/2017 17:54:28	53.0	53.0	21.1031
09/29/2017 17:54:39	55.0	53.0	12.6984
09/29/2017 17:54:50	55.0	54.0	12.0419
09/29/2017 17:55:01	56.0	55.0	12.0735
09/29/2017 17:55:12	56.0	55.0	12.5984
09/29/2017 17:55:23	55.0	54.0	13.4921
09/29/2017 17:55:34	52.0	52.0	12.9288
09/29/2017 17:55:45	51.0	51.0	14.3979
09/29/2017 17:55:56	50.0	50.0	14.1732
09/29/2017 17:56:07	50.0	49.0	13.4565
09/29/2017 17:56:18	49.0	48.0	14.0212
09/29/2017 17:56:29	49.0	48.0	13.4921
09/29/2017 17:56:40	48.0	48.0	13.9842
09/29/2017 17:56:51	48.0	48.0	13.2275
09/29/2017 17:57:02	48.0	47.0	14.2105
09/29/2017 17:57:13	48.0	48.0	17.0483
09/29/2017 17:57:24	48.0	47.0	13.8743
09/29/2017 17:57:35	47.0	47.0	14.1732
09/29/2017 17:57:46	48.0	47.0	13.4921
09/29/2017 17:57:57	50.0	48.0	14.1732
09/29/2017 17:58:09	51.0	51.0	13.4921
09/29/2017 17:58:20	52.0	51.0	13.2275
09/29/2017 17:58:31	53.0	53.0	12.5984
09/29/2017 17:58:42	54.0	53.0	12.0735
09/29/2017 17:58:53	55.0	54.0	12.7937
09/29/2017 17:59:04	56.0	55.0	12.3037
09/29/2017 17:59:15	57.0	55.0	13.4715
09/29/2017 17:59:26	54.0	53.0	12.5654
09/29/2017 17:59:37	52.0	51.0	16.0804
09/29/2017 17:59:48	51.0	50.0	14.6597
09/29/2017 17:59:59	50.0	50.0	21.7391
09/29/2017 18:00:10	49.0	49.0	13.9474
09/29/2017 18:00:21	49.0	48.0	19.7531
09/29/2017 18:00:32	49.0	48.0	13.9842
09/29/2017 18:00:43	48.0	47.0	41.1471
09/29/2017 18:00:54	51.0	50.0	13.9108
09/29/2017 18:01:05	48.0	47.0	19.9017
09/29/2017 18:01:16	48.0	48.0	13.4211
09/29/2017 18:01:27	48.0	47.0	21.0654
09/29/2017 18:01:38	48.0	47.0	14.2857
09/29/2017 18:01:49	48.0	47.0	22.6933
09/29/2017 18:02:00	48.0	47.0	13.1926
09/29/2017 18:02:11	48.0	47.0	20.9302
09/29/2017 18:02:22	49.0	49.0	13.9108
09/29/2017 18:02:33	49.0	47.0	14.9606
09/29/2017 18:02:44	48.0	47.0	13.4211
09/29/2017 18:02:55	48.0	47.0	14.2105
09/29/2017 18:03:07	47.0	46.0	13.2275
09/29/2017 18:03:18	48.0	47.0	14.4737
09/29/2017 18:03:29	48.0	47.0	13.6842
09/29/2017 18:03:40	50.0	49.0	13.1234
09/29/2017 18:03:51	51.0	51.0	13.6483
09/29/2017 18:04:02	52.0	52.0	11.8421
09/29/2017 18:04:13	54.0	54.0	12.3684
09/29/2017 18:04:24	55.0	54.0	12.8947
09/29/2017 18:04:35	55.0	55.0	19.2214
09/29/2017 18:04:46	57.0	56.0	12.3684
09/29/2017 18:04:57	55.0	53.0	14.3229
09/29/2017 18:05:08	53.0	52.0	12.3037
09/29/2017 18:05:19	52.0	51.0	11.9048
09/29/2017 18:05:30	50.0	50.0	14.3979
09/29/2017 18:05:41	50.0	49.0	14.0212
09/29/2017 18:05:52	50.0	48.0	13.9474
09/29/2017 18:06:03	49.0	48.0	14.248
09/29/2017 18:06:14	49.0	47.0	14.6214
09/29/2017 18:06:25	48.0	48.0	13.2626
09/29/2017 18:06:36	48.0	47.0	15.5039
09/29/2017 18:06:47	48.0	47.0	14.2105
09/29/2017 18:06:58	48.0	47.0	13.9474
09/29/2017 18:07:09	47.0	47.0	13.9474
09/29/2017 18:07:20	48.0	47.0	14.1361
09/29/2017 18:07:31	48.0	47.0	13.7931
09/29/2017 18:07:42	48.0	46.0	13.4211
09/29/2017 18:07:54	48.0	46.0	21.7073
09/29/2017 18:08:05	48.0	46.0	14.0212
09/29/2017 18:08:16	50.0	48.0	13.4921
09/29/2017 18:08:27	51.0	50.0	14.5119
09/29/2017 18:08:38	52.0	51.0	12.7937
09/29/2017 18:08:49	53.0	53.0	13.089
09/29/2017 18:09:00	54.0	54.0	12.8272
09/29/2017 18:09:11	55.0	55.0	15.736
09/29/2017 18:09:22	56.0	56.0	12.0735
09/29/2017 18:09:33	56.0	55.0	13.089
09/29/2017 18:09:44	54.0	53.0	13.9474
09/29/2017 18:09:55	52.0	52.0	13.4565
09/29/2017 18:10:06	51.0	51.0	13.7203
09/29/2017 18:10:17	50.0	50.0	14.1361
09/29/2017 18:10:28	50.0	49.0	14.1361
09/29/2017 18:10:39	49.0	48.0	13.7566
09/29/2017 18:10:50	49.0	48.0	14.4357
09/29/2017 18:11:01	49.0	47.0	14.2105
09/29/2017 18:11:12	48.0	48.0	13.4565
09/29/2017 18:11:23	48.0	47.0	14.248
09/29/2017 18:11:34	47.0	47.0	14.248
09/29/2017 18:11:45	48.0	47.0	13.4565
09/29/2017 18:11:56	48.0	47.0	13.7203
09/29/2017 18:12:07	48.0	47.0	13.2275
09/29/2017 18:12:18	47.0	46.0	13.7566
09/29/2017 18:12:29	47.0	47.0	13.8298
09/29/2017 18:12:41	47.0	46.0	14.1732
09/29/2017 18:12:52	48.0	47.0	14.8825
09/29/2017 18:13:03	48.0	48.0	19.7044
09/29/2017 18:13:14	51.0	49.0	11.9048
09/29/2017 18:13:25	51.0	51.0	12.8272
09/29/2017 18:13:36	53.0	51.0	13.0208
09/29/2017 18:13:47	54.0	53.0	13.8021
09/29/2017 18:13:58	55.0	54.0	13.3159
09/29/2017 18:14:09	55.0	55.0	12.0735
09/29/2017 18:14:20	56.0	56.0	13.0548
09/29/2017 18:14:31	55.0	54.0	22.3022
09/29/2017 18:14:42	53.0	52.0	14.2857
09/29/2017 18:14:53	51.0	51.0	13.1926
09/29/2017 18:15:04	51.0	50.0	14.248
09/29/2017 18:15:15	50.0	49.0	14.2105
09/29/2017 18:15:26	50.0	49.0	14.248
09/29/2017 18:15:37	49.0	48.0	14.4737
09/29/2017 18:15:48	48.0	48.0	20.438
09/29/2017 18:15:59	49.0	47.0	13.5638
09/29/2017 18:16:10	48.0	47.0	14.4737
09/29/2017 18:16:21	48.0	47.0	13.5279
09/29/2017 18:16:32	48.0	47.0	14.5889
09/29/2017 18:16:43	48.0	47.0	13.6842
09/29/2017 18:16:54	48.0	47.0	14.3979
09/29/2017 18:17:05	47.0	46.0	13.7566
09/29/2017 18:17:16	47.0	47.0	13.6483
09/29/2017 18:17:28	48.0	47.0	14.2105
09/29/2017 18:17:39	48.0	47.0	13.4211
09/29/2017 18:17:50	50.0	49.0	22.2222
09/29/2017 18:18:01	51.0	51.0	12.6316
09/29/2017 18:18:12	53.0	52.0	13.3159
09/29/2017 18:18:23	54.0	53.0	12.1053
09/29/2017 18:18:34	55.0	54.0	12.8947
09/29/2017 18:18:45	56.0	54.0	20.3837
09/29/2017 18:18:56	57.0	56.0	13.1234
09/29/2017 18:19:07	55.0	54.0	12.5984
09/29/2017 18:19:18	53.0	52.0	13.7203
09/29/2017 18:19:29	52.0	50.0	13.3858
09/29/2017 18:19:40	50.0	50.0	13.8298
09/29/2017 18:19:51	50.0	50.0	14.2105
09/29/2017 18:20:02	49.0	48.0	13.2275
09/29/2017 18:20:13	49.0	48.0	13.7566
09/29/2017 18:20:24	49.0	48.0	22.3022
09/29/2017 18:20:35	48.0	48.0	13.9842
09/29/2017 18:20:46	48.0	47.0	14.1732
09/29/2017 18:20:57	48.0	47.0	13.7566
09/29/2017 18:21:08	48.0	47.0	15.544
09/29/2017 18:21:19	47.0	47.0	13.7566
09/29/2017 18:21:30	48.0	47.0	13.0319
09/29/2017 18:21:41	48.0	46.0	13.4565
09/29/2017 18:21:52	48.0	47.0	14.3979
09/29/2017 18:22:03	47.0	46.0	14.2105
09/29/2017 18:22:14	47.0	47.0	13.2275
09/29/2017 18:22:26	47.0	47.0	14.248
09/29/2017 18:22:37	49.0	48.0	14.6214
09/29/2017 18:22:48	51.0	50.0	13.2275
09/29/2017 18:22:59	52.0	51.0	13.1234
09/29/2017 18:23:10	53.0	53.0	12.5984
09/29/2017 18:23:21	54.0	53.0	13.8743
09/29/2017 18:23:32	55.0	54.0	12.336
09/29/2017 18:23:43	56.0	55.0	13.1234
09/29/2017 18:23:54	56.0	56.0	13.3858
09/29/2017 18:24:05	55.0	54.0	14.2487
09/29/2017 18:24:16	53.0	53.0	12.6316
09/29/2017 18:24:27	51.0	51.0	13.4565
09/29/2017 18:24:38	51.0	50.0	13.9842
09/29/2017 18:24:49	50.0	50.0	20.8333
09/29/2017 18:25:00	50.0	49.0	14.4737
09/29/2017 18:25:11	49.0	48.0	13.4921
09/29/2017 18:25:22	48.0	48.0	13.9474
09/29/2017 18:25:33	48.0	48.0	14.5119
09/29/2017 18:25:44	48.0	48.0	13.6842
09/29/2017 18:25:55	48.0	47.0	14.0212
09/29/2017 18:26:06	48.0	47.0	14.8825
09/29/2017 18:26:17	48.0	47.0	13.7203
09/29/2017 18:26:28	48.0	47.0	14.4357
09/29/2017 18:26:39	48.0	47.0	13.7203
09/29/2017 18:26:50	48.0	47.0	19.9005
09/29/2017 18:27:01	48.0	47.0	13.4565
09/29/2017 18:27:13	48.0	46.0	13.9842
09/29/2017 18:27:24	47.0	46.0	13.9474
09/29/2017 18:27:35	48.0	47.0	13.7566
09/29/2017 18:27:46	47.0	46.0	13.6842
09/29/2017 18:27:57	47.0	47.0	14.2105
09/29/2017 18:28:08	49.0	49.0	20.3431
09/29/2017 18:28:19	50.0	50.0	16.3588
09/29/2017 18:28:30	54.0	53.0	12.6316
09/29/2017 18:28:41	54.0	53.0	13.4211
09/29/2017 18:28:52	55.0	54.0	14.3979
09/29/2017 18:29:03	55.0	55.0	12.336
09/29/2017 18:29:14	56.0	56.0	12.1053
09/29/2017 18:29:25	57.0	56.0	16.6667
09/29/2017 18:29:36	54.0	53.0	13.089
09/29/2017 18:29:47	53.0	52.0	13.9474
09/29/2017 18:29:58	51.0	51.0	14.9215
09/29/2017 18:30:09	51.0	50.0	13.9842
09/29/2017 18:30:20	50.0	49.0	14.6982
09/29/2017 18:30:31	49.0	48.0	12.9288
09/29/2017 18:30:42	49.0	48.0	14.4737
09/29/2017 18:30:53	49.0	48.0	14.4357
09/29/2017 18:31:04	48.0	48.0	14.2105
09/29/2017 18:31:15	48.0	47.0	19.5062
09/29/2017 18:31:26	48.0	47.0	14.248
09/29/2017 18:31:37	48.0	47.0	13.9108
09/29/2017 18:31:48	48.0	47.0	13.1926
09/29/2017 18:32:00	48.0	47.0	14.4737
09/29/2017 18:32:11	48.0	46.0	12.963
09/29/2017 18:32:22	47.0	47.0	13.6842
09/29/2017 18:32:33	47.0	46.0	14.2857
09/29/2017 18:32:44	47.0	47.0	13.4211
09/29/2017 18:32:55	48.0	47.0	13.9474
09/29/2017 18:33:06	48.0	47.0	21.9277
09/29/2017 18:33:17	48.0	47.0	13.4565
09/29/2017 18:33:28	50.0	50.0	13.4211
09/29/2017 18:33:39	51.0	51.0	12.6316
09/29/2017 18:33:50	53.0	52.0	12.8609
09/29/2017 18:34:01	55.0	53.0	12.1053
09/29/2017 18:34:12	55.0	54.0	12.5654
09/29/2017 18:34:23	56.0	55.0	12.0419
09/29/2017 18:34:34	57.0	56.0	12.3684
09/29/2017 18:34:45	55.0	54.0	13.5279
09/29/2017 18:34:56	53.0	52.0	20.5379
09/29/2017 18:35:07	51.0	51.0	14.6982
09/29/2017 18:35:18	51.0	50.0	13.4211
09/29/2017 18:35:29	50.0	49.0	16.0622
09/29/2017 18:35:40	49.0	49.0	13.2626
09/29/2017 18:35:51	49.0	48.0	14.4737
09/29/2017 18:36:02	49.0	48.0	14.248
09/29/2017 18:36:13	49.0	48.0	14.4737
09/29/2017 18:36:24	49.0	48.0	13.5279
09/29/2017 18:36:35	48.0	48.0	14.7368
09/29/2017 18:36:47	48.0	47.0	14.4737
09/29/2017 18:36:58	48.0	47.0	13.9474
09/29/2017 18:37:09	48.0	47.0	14.1361
09/29/2017 18:37:20	48.0	47.0	15.1042
09/29/2017 18:37:31	48.0	46.0	14.7368
09/29/2017 18:37:42	48.0	46.0	14.1732
09/29/2017 18:37:53	48.0	47.0	23.0404
09/29/2017 18:38:04	48.0	47.0	13.9474
09/29/2017 18:38:15	49.0	50.0	12.4339
09/29/2017 18:38:26	51.0	51.0	14.3603
09/29/2017 18:38:37	52.0	52.0	12.1693
09/29/2017 18:38:48	54.0	53.0	12.1372
09/29/2017 18:38:59	55.0	54.0	12.5654
09/29/2017 18:39:10	56.0	55.0	12.0735
09/29/2017 18:39:21	56.0	55.0	13.0208
09/29/2017 18:39:32	55.0	54.0	12.0735
09/29/2017 18:39:43	53.0	52.0	14.0212
09/29/2017 18:39:54	51.0	51.0	13.8743
09/29/2017 18:40:05	51.0	50.0	14.248
09/29/2017 18:40:16	50.0	50.0	14.3979
09/29/2017 18:40:27	50.0	48.0	13.7203
09/29/2017 18:40:38	49.0	48.0	14.6597
09/29/2017 18:40:49	49.0	48.0	21.2714
09/29/2017 18:41:00	48.0	48.0	14.0212
09/29/2017 18:41:11	49.0	48.0	13.4921
09/29/2017 18:41:22	48.0	48.0	16.1954
09/29/2017 18:41:34	48.0	47.0	14.4737
09/29/2017 18:41:45	48.0	47.0	13.9474
09/29/2017 18:41:56	48.0	47.0	15.1832
09/29/2017 18:42:07	48.0	47.0	14.4737
09/29/2017 18:42:18	48.0	47.0	13.2626
09/29/2017 18:42:29	47.0	47.0	13.6483
09/29/2017 18:42:40	48.0	47.0	13.6842
09/29/2017 18:42:51	47.0	47.0	13.7566
09/29/2017 18:43:02	47.0	47.0	12.5984
09/29/2017 18:43:13	48.0	47.0	14.0212
09/29/2017 18:43:24	49.0	49.0	13.7931
09/29/2017 18:43:35	51.0	50.0	13.6842
09/29/2017 18:43:46	52.0	52.0	13.4565
09/29/2017 18:43:57	54.0	53.0	12.5654
09/29/2017 18:44:08	55.0	54.0	12.6316
09/29/2017 18:44:19	55.0	55.0	16.5829
09/29/2017 18:44:30	57.0	56.0	12.8609
09/29/2017 18:44:41	56.0	56.0	12.1053
09/29/2017 18:44:52	54.0	53.0	22.9665
09/29/2017 18:45:03	52.0	51.0	14.2105
09/29/2017 18:45:14	51.0	51.0	13.7931
09/29/2017 18:45:25	51.0	50.0	17.0483
09/29/2017 18:45:36	50.0	50.0	14.4357
09/29/2017 18:45:47	50.0	48.0	12.4011
09/29/2017 18:45:58	49.0	49.0	17.8841
09/29/2017 18:46:09	49.0	48.0	13.4565
09/29/2017 18:46:21	49.0	48.0	12.963
09/29/2017 18:46:32	49.0	48.0	17.1795
09/29/2017 18:46:43	49.0	48.0	13.7566
09/29/2017 18:46:54	48.0	48.0	14.0212
09/29/2017 18:47:05	48.0	48.0	15.641
09/29/2017 18:47:16	48.0	47.0	14.6982
09/29/2017 18:47:27	48.0	47.0	13.2979
09/29/2017 18:47:38	48.0	47.0	15.7623
09/29/2017 18:47:49	48.0	47.0	13.8743
09/29/2017 18:48:00	48.0	47.0	13.9108
09/29/2017 18:48:11	48.0	46.0	14.8825
09/29/2017 18:48:22	48.0	47.0	14.2105
09/29/2017 18:48:33	50.0	49.0	16.5789
09/29/2017 18:48:44	51.0	51.0	14.6214
09/29/2017 18:48:55	52.0	52.0	12.6316
09/29/2017 18:49:06	53.0	53.0	12.5984
09/29/2017 18:49:17	55.0	54.0	13.3858
09/29/2017 18:49:28	55.0	55.0	13.0548
09/29/2017 18:49:39	57.0	56.0	12.5984
09/29/2017 18:49:50	55.0	54.0	13.0548
09/29/2017 18:50:01	53.0	52.0	13.5279
09/29/2017 18:50:12	51.0	51.0	13.1926
09/29/2017 18:50:23	51.0	50.0	15.2632
09/29/2017 18:50:34	50.0	49.0	13.7566
09/29/2017 18:50:45	50.0	49.0	14.248
09/29/2017 18:50:56	49.0	48.0	13.6842
09/29/2017 18:51:08	49.0	48.0	13.3159
09/29/2017 18:51:19	49.0	48.0	13.4565
09/29/2017 18:51:30	49.0	48.0	14.7368
09/29/2017 18:51:41	49.0	48.0	13.7203
09/29/2017 18:51:52	48.0	47.0	13.9842
09/29/2017 18:52:03	48.0	47.0	14.3979
09/29/2017 18:52:14	48.0	47.0	13.8743
09/29/2017 18:52:25	48.0	46.0	14.0212
09/29/2017 18:52:36	48.0	47.0	14.3979
09/29/2017 18:52:47	48.0	46.0	14.6214
09/29/2017 18:52:58	48.0	47.0	14.2105
09/29/2017 18:53:09	47.0	46.0	14.8438
09/29/2017 18:53:20	47.0	47.0	14.248
09/29/2017 18:53:31	48.0	47.0	13.7203
09/29/2017 18:53:42	49.0	49.0	13.9474
09/29/2017 18:53:53	51.0	51.0	13.5638
09/29/2017 18:54:04	52.0	51.0	12.8609
09/29/2017 18:54:15	53.0	53.0	12.8609
09/29/2017 18:54:26	55.0	54.0	13.9474
09/29/2017 18:54:37	56.0	54.0	13.0548
09/29/2017 18:54:48	56.0	56.0	12.336
09/29/2017 18:54:59	55.0	55.0	13.1234
09/29/2017 18:55:10	54.0	53.0	13.3858
09/29/2017 18:55:21	52.0	52.0	13.2626
09/29/2017 18:55:32	51.0	51.0	13.8298
09/29/2017 18:55:43	50.0	50.0	14.248
09/29/2017 18:55:55	50.0	49.0	14.8541
09/29/2017 18:56:06	49.0	49.0	13.9842
09/29/2017 18:56:17	49.0	48.0	14.1732
09/29/2017 18:56:28	49.0	48.0	13.9842
09/29/2017 18:56:39	48.0	48.0	14.4737
09/29/2017 18:56:50	48.0	47.0	13.4565
09/29/2017 18:57:01	48.0	47.0	14.0212
09/29/2017 18:57:12	48.0	47.0	15.3247
09/29/2017 18:57:23	48.0	47.0	14.2105
09/29/2017 18:57:34	48.0	47.0	13.8743
09/29/2017 18:57:45	48.0	46.0	18.9055
09/29/2017 18:57:56	48.0	46.0	14.4737
09/29/2017 18:58:07	47.0	47.0	13.7203
09/29/2017 18:58:18	47.0	47.0	20.2469
09/29/2017 18:58:29	48.0	47.0	14.1732
09/29/2017 18:58:40	47.0	47.0	14.248
09/29/2017 18:58:51	48.0	47.0	21.6867
09/29/2017 18:59:02	50.0	50.0	13.9474
09/29/2017 18:59:13	51.0	51.0	13.4211
09/29/2017 18:59:24	52.0	52.0	21.5311
09/29/2017 18:59:35	54.0	54.0	12.3684
09/29/2017 18:59:46	55.0	54.0	12.336
09/29/2017 18:59:57	56.0	55.0	13.7306
09/29/2017 19:00:08	57.0	56.0	12.8609
09/29/2017 19:00:19	55.0	54.0	12.3684
09/29/2017 19:00:31	53.0	52.0	15.1042
09/29/2017 19:00:42	51.0	51.0	13.1926
09/29/2017 19:00:53	50.0	50.0	14.248
09/29/2017 19:01:04	50.0	49.0	14.3229
09/29/2017 19:01:15	50.0	49.0	13.7203
09/29/2017 19:01:26	50.0	48.0	13.7203
09/29/2017 19:01:37	49.0	48.0	14.1361
09/29/2017 19:01:48	49.0	48.0	14.5503
09/29/2017 19:01:59	48.0	48.0	12.9973
09/29/2017 19:02:10	48.0	48.0	13.9108
09/29/2017 19:02:21	49.0	48.0	13.9474
09/29/2017 19:02:32	48.0	48.0	14.2105
09/29/2017 19:02:43	48.0	48.0	13.9108
09/29/2017 19:02:54	48.0	47.0	13.9474
09/29/2017 19:03:05	48.0	47.0	13.9108
09/29/2017 19:03:16	48.0	47.0	14.4357
09/29/2017 19:03:27	47.0	47.0	13.7203
09/29/2017 19:03:38	48.0	46.0	13.9474
09/29/2017 19:03:49	48.0	46.0	14.1361
09/29/2017 19:04:00	48.0	47.0	13.9108
09/29/2017 19:04:11	50.0	50.0	13.9474
09/29/2017 19:04:22	51.0	51.0	13.4921
09/29/2017 19:04:33	52.0	53.0	12.8609
09/29/2017 19:04:44	54.0	53.0	13.3159
09/29/2017 19:04:55	55.0	54.0	13.1926
09/29/2017 19:05:06	55.0	55.0	11.8734
09/29/2017 19:05:18	57.0	56.0	13.089
09/29/2017 19:05:29	55.0	54.0	12.7937
09/29/2017 19:05:40	53.0	53.0	13.4921
09/29/2017 19:05:51	51.0	51.0	12.3684
09/29/2017 19:06:02	51.0	51.0	13.9474
09/29/2017 19:06:13	51.0	50.0	13.7931
09/29/2017 19:06:24	50.0	49.0	14.2105
09/29/2017 19:06:35	50.0	49.0	13.7203
09/29/2017 19:06:46	49.0	48.0	16.2791
09/29/2017 19:06:57	49.0	48.0	13.7203
09/29/2017 19:07:08	48.0	48.0	13.9474
09/29/2017 19:07:19	49.0	48.0	19.403
09/29/2017 19:07:30	48.0	48.0	13.7203
09/29/2017 19:07:41	48.0	47.0	13.9842
09/29/2017 19:07:52	48.0	48.0	21.0269
09/29/2017 19:08:03	48.0	47.0	14.3979
09/29/2017 19:08:14	48.0	47.0	13.6842
09/29/2017 19:08:27	48.0	47.0	17.8914
09/29/2017 19:08:38	48.0	47.0	14.0584
09/29/2017 19:08:49	50.0	50.0	13.1579
09/29/2017 19:09:00	51.0	51.0	23.9186
09/29/2017 19:09:11	54.0	53.0	17.9221
09/29/2017 19:09:22	55.0	54.0	19.4737
09/29/2017 19:09:33	57.0	56.0	17.866
09/29/2017 19:09:44	57.0	56.0	12.8947
09/29/2017 19:09:55	55.0	54.0	13.6126
09/29/2017 19:10:06	53.0	52.0	15.544
09/29/2017 19:10:17	52.0	51.0	11.8734
09/29/2017 19:10:28	50.0	50.0	13.9842
09/29/2017 19:10:39	50.0	50.0	15.1042
09/29/2017 19:10:50	50.0	49.0	13.7203
09/29/2017 19:11:01	50.0	48.0	14.4357
09/29/2017 19:11:12	49.0	48.0	13.9108
09/29/2017 19:11:23	49.0	48.0	15.2632
09/29/2017 19:11:34	49.0	48.0	14.1361
09/29/2017 19:11:45	49.0	48.0	14.6597
09/29/2017 19:11:56	49.0	47.0	14.1732
09/29/2017 19:12:07	48.0	47.0	14.0212
09/29/2017 19:12:18	48.0	47.0	13.5279
09/29/2017 19:12:29	48.0	47.0	13.9474
09/29/2017 19:12:40	48.0	47.0	14.1732
09/29/2017 19:12:51	49.0	47.0	14.248
09/29/2017 19:13:03	48.0	47.0	14.2105
09/29/2017 19:13:14	48.0	47.0	13.7931
09/29/2017 19:13:25	48.0	46.0	14.2105
09/29/2017 19:13:36	48.0	47.0	13.9842
09/29/2017 19:13:47	47.0	47.0	13.7203
09/29/2017 19:13:58	48.0	46.0	13.9474
09/29/2017 19:14:09	47.0	46.0	14.6982
09/29/2017 19:14:20	48.0	47.0	13.9108
09/29/2017 19:14:31	47.0	47.0	13.3508
09/29/2017 19:14:42	49.0	48.0	14.3236
09/29/2017 19:14:53	51.0	50.0	13.9108
09/29/2017 19:15:04	52.0	52.0	12.6316
09/29/2017 19:15:15	54.0	53.0	13.089
09/29/2017 19:15:26	55.0	54.0	12.7937
09/29/2017 19:15:37	56.0	54.0	12.3037
09/29/2017 19:15:48	56.0	55.0	12.1372
09/29/2017 19:15:59	57.0	56.0	13.3159
09/29/2017 19:16:10	54.0	53.0	12.9288
09/29/2017 19:16:21	53.0	52.0	17.6768
09/29/2017 19:16:32	51.0	51.0	13.9474
09/29/2017 19:16:43	51.0	50.0	13.6842
09/29/2017 19:16:54	50.0	49.0	21.2195
09/29/2017 19:17:05	49.0	49.0	13.9842
09/29/2017 19:17:16	49.0	49.0	14.248
09/29/2017 19:17:27	49.0	48.0	22.1687
09/29/2017 19:17:38	49.0	48.0	13.9474
09/29/2017 19:17:50	48.0	48.0	13.5279
09/29/2017 19:18:01	49.0	47.0	19.7044
09/29/2017 19:18:12	48.0	48.0	14.1732
09/29/2017 19:18:23	48.0	47.0	13.6842
09/29/2017 19:18:34	48.0	47.0	16.0207
09/29/2017 19:18:45	48.0	47.0	14.6597
09/29/2017 19:18:56	48.0	47.0	12.8947
09/29/2017 19:19:07	47.0	47.0	13.6842
09/29/2017 19:19:18	47.0	47.0	14.4357
09/29/2017 19:19:29	48.0	48.0	13.4921
09/29/2017 19:19:40	47.0	47.0	14.2105
09/29/2017 19:19:51	48.0	47.0	13.2626
09/29/2017 19:20:02	50.0	49.0	13.9108
09/29/2017 19:20:13	51.0	51.0	13.7203
09/29/2017 19:20:24	53.0	52.0	12.8272
09/29/2017 19:20:35	53.0	53.0	12.5654
09/29/2017 19:20:46	55.0	54.0	12.963
09/29/2017 19:20:57	55.0	55.0	12.1372
09/29/2017 19:21:08	56.0	56.0	12.5984
09/29/2017 19:21:19	56.0	55.0	12.0735
09/29/2017 19:21:30	54.0	53.0	13.1234
09/29/2017 19:21:41	52.0	52.0	13.1234
09/29/2017 19:21:52	51.0	51.0	13.4211
09/29/2017 19:22:03	50.0	50.0	13.9474
09/29/2017 19:22:14	50.0	49.0	13.9474
09/29/2017 19:22:25	49.0	48.0	14.2857
09/29/2017 19:22:37	49.0	49.0	13.7203
09/29/2017 19:22:48	49.0	48.0	16.3158
09/29/2017 19:22:59	50.0	49.0	14.248
09/29/2017 19:23:10	48.0	48.0	14.8148
09/29/2017 19:23:21	49.0	48.0	12.9973
09/29/2017 19:23:32	48.0	48.0	13.4921
09/29/2017 19:23:43	48.0	48.0	13.9474
09/29/2017 19:23:54	48.0	47.0	14.7368
09/29/2017 19:24:05	48.0	47.0	14.4357
09/29/2017 19:24:16	48.0	47.0	21.0269
09/29/2017 19:24:27	47.0	47.0	13.5279
09/29/2017 19:24:38	48.0	47.0	14.4737
09/29/2017 19:24:49	48.0	47.0	13.6842
09/29/2017 19:25:00	48.0	47.0	13.9108
09/29/2017 19:25:11	47.0	48.0	14.5503
09/29/2017 19:25:22	47.0	48.0	13.7203
09/29/2017 19:25:33	48.0	47.0	13.9108
09/29/2017 19:25:44	48.0	47.0	13.7203
09/29/2017 19:25:55	48.0	47.0	22.9665
09/29/2017 19:26:06	48.0	47.0	17.2324
09/29/2017 19:26:17	48.0	47.0	13.8667
09/29/2017 19:26:28	48.0	47.0	13.9474
09/29/2017 19:26:39	47.0	47.0	13.5279
09/29/2017 19:26:50	49.0	48.0	13.6842
09/29/2017 19:27:01	51.0	50.0	14.1361
09/29/2017 19:27:12	52.0	52.0	13.4715
09/29/2017 19:27:23	53.0	53.0	13.3159
09/29/2017 19:27:34	55.0	54.0	13.9842
09/29/2017 19:27:46	55.0	54.0	13.0208
09/29/2017 19:27:57	56.0	56.0	12.5654
09/29/2017 19:28:08	56.0	56.0	12.5984
09/29/2017 19:28:19	55.0	54.0	13.577
09/29/2017 19:28:30	53.0	53.0	14.6907
09/29/2017 19:28:41	51.0	51.0	12.6316
09/29/2017 19:28:52	51.0	51.0	13.9842
09/29/2017 19:29:03	50.0	50.0	14.2857
09/29/2017 19:29:14	49.0	49.0	14.4357
09/29/2017 19:29:25	49.0	48.0	15.1436
09/29/2017 19:29:36	49.0	48.0	13.7566
09/29/2017 19:29:47	49.0	48.0	14.2857
09/29/2017 19:29:58	49.0	48.0	13.2626
09/29/2017 19:30:09	48.0	48.0	14.4737
09/29/2017 19:30:20	48.0	48.0	13.9474
09/29/2017 19:30:31	48.0	47.0	21.0269
09/29/2017 19:30:42	49.0	47.0	14.248
09/29/2017 19:30:53	48.0	48.0	13.7566
09/29/2017 19:31:04	47.0	46.0	14.5119
09/29/2017 19:31:15	48.0	46.0	13.7203
09/29/2017 19:31:26	47.0	47.0	19.0476
09/29/2017 19:31:37	47.0	46.0	13.5279
09/29/2017 19:31:48	48.0	46.0	13.5279
09/29/2017 19:31:59	48.0	47.0	13.2626
09/29/2017 19:32:10	47.0	47.0	14.1361
09/29/2017 19:32:21	49.0	48.0	20.1474
09/29/2017 19:32:32	50.0	50.0	13.4921
09/29/2017 19:32:44	51.0	52.0	12.3684
09/29/2017 19:32:55	53.0	53.0	12.1372
09/29/2017 19:33:06	54.0	54.0	12.3037
09/29/2017 19:33:17	55.0	55.0	12.8609
09/29/2017 19:33:28	56.0	56.0	13.0548
09/29/2017 19:33:39	55.0	55.0	12.0735
09/29/2017 19:33:50	54.0	53.0	13.4565
09/29/2017 19:34:01	52.0	52.0	16.8798
09/29/2017 19:34:12	51.0	51.0	13.6126
09/29/2017 19:34:23	50.0	50.0	13.4921
09/29/2017 19:34:34	49.0	50.0	14.3979
09/29/2017 19:34:45	49.0	49.0	13.6842
09/29/2017 19:34:56	49.0	48.0	14.0212
09/29/2017 19:35:07	49.0	48.0	13.9108
09/29/2017 19:35:18	48.0	48.0	14.248
09/29/2017 19:35:29	48.0	48.0	14.2105
09/29/2017 19:35:40	48.0	48.0	19.4514
09/29/2017 19:35:51	48.0	47.0	13.7566
09/29/2017 19:36:02	48.0	47.0	14.248
09/29/2017 19:36:13	48.0	47.0	13.1926
09/29/2017 19:36:24	47.0	46.0	17.2589
09/29/2017 19:36:35	48.0	47.0	14.0212
09/29/2017 19:36:46	47.0	46.0	14.3603
09/29/2017 19:36:57	48.0	46.0	13.3508
09/29/2017 19:37:08	48.0	47.0	13.9474
09/29/2017 19:37:19	47.0	47.0	14.0212
09/29/2017 19:37:30	47.0	47.0	12.963
09/29/2017 19:37:41	47.0	47.0	14.6982
09/29/2017 19:37:53	48.0	47.0	13.7203
09/29/2017 19:38:04	50.0	50.0	14.4357
09/29/2017 19:38:15	51.0	51.0	12.5654
09/29/2017 19:38:26	53.0	53.0	12.5984
09/29/2017 19:38:37	54.0	54.0	12.1053
09/29/2017 19:38:48	55.0	54.0	14.2105
09/29/2017 19:38:59	55.0	56.0	12.0735
09/29/2017 19:39:10	56.0	55.0	12.5984
09/29/2017 19:39:21	54.0	53.0	13.4211
09/29/2017 19:39:32	52.0	52.0	13.2275
09/29/2017 19:39:43	51.0	51.0	14.2857
09/29/2017 19:39:54	50.0	50.0	13.7203
09/29/2017 19:40:05	49.0	49.0	14.0212
09/29/2017 19:40:16	49.0	48.0	13.0319
09/29/2017 19:40:27	49.0	48.0	14.4357
09/29/2017 19:40:38	49.0	48.0	13.6126
09/29/2017 19:40:49	49.0	48.0	14.4357
09/29/2017 19:41:00	48.0	47.0	13.2626
09/29/2017 19:41:11	48.0	48.0	13.7203
09/29/2017 19:41:22	48.0	47.0	12.963
09/29/2017 19:41:33	48.0	47.0	14.6597
09/29/2017 19:41:44	48.0	47.0	13.4211
09/29/2017 19:41:55	47.0	47.0	15.7068
09/29/2017 19:42:06	47.0	47.0	13.4211
09/29/2017 19:42:17	47.0	47.0	16.2791
09/29/2017 19:42:28	47.0	47.0	14.1732
09/29/2017 19:42:39	47.0	47.0	13.7203
09/29/2017 19:42:50	47.0	47.0	14.1732
09/29/2017 19:43:02	47.0	47.0	21.1679
09/29/2017 19:43:13	48.0	48.0	13.9842
09/29/2017 19:43:24	50.0	50.0	13.2275
09/29/2017 19:43:35	51.0	51.0	12.5654
09/29/2017 19:43:46	53.0	53.0	14.4703
09/29/2017 19:43:57	54.0	53.0	12.8272
09/29/2017 19:44:08	55.0	55.0	12.5326
09/29/2017 19:44:19	55.0	55.0	12.0735
09/29/2017 19:44:30	57.0	56.0	13.4565
09/29/2017 19:44:41	55.0	54.0	13.9474
09/29/2017 19:44:52	53.0	53.0	12.9288
09/29/2017 19:45:03	51.0	51.0	13.8381
09/29/2017 19:45:14	51.0	51.0	14.6214
09/29/2017 19:45:25	50.0	50.0	13.7203
09/29/2017 19:45:36	50.0	49.0	14.4737
09/29/2017 19:45:47	49.0	50.0	21.1679
09/29/2017 19:45:58	49.0	49.0	14.9606
09/29/2017 19:46:09	48.0	48.0	13.9474
09/29/2017 19:46:20	48.0	48.0	14.4737
09/29/2017 19:46:31	49.0	48.0	14.8438
09/29/2017 19:46:42	48.0	48.0	14.7368
09/29/2017 19:46:53	48.0	48.0	13.6842
09/29/2017 19:47:04	48.0	48.0	14.6597
09/29/2017 19:47:15	48.0	47.0	13.2626
09/29/2017 19:47:26	48.0	47.0	13.7203
09/29/2017 19:47:37	47.0	47.0	13.9474
09/29/2017 19:47:48	48.0	47.0	13.8381
09/29/2017 19:48:00	48.0	47.0	14.8148
09/29/2017 19:48:11	48.0	48.0	13.9474
09/29/2017 19:48:22	48.0	47.0	14.4737
09/29/2017 19:48:33	48.0	47.0	23.1707
09/29/2017 19:48:44	48.0	47.0	14.0212
09/29/2017 19:48:55	47.0	47.0	13.7203
09/29/2017 19:49:06	47.0	46.0	13.7203
09/29/2017 19:49:17	48.0	48.0	13.4921
09/29/2017 19:49:28	50.0	50.0	15.1832
09/29/2017 19:49:39	51.0	52.0	12.3037
09/29/2017 19:49:50	53.0	53.0	14.433
09/29/2017 19:50:01	53.0	54.0	12.0735
09/29/2017 19:50:12	55.0	55.0	13.6126
09/29/2017 19:50:23	56.0	56.0	12.987
09/29/2017 19:50:34	56.0	56.0	20.9756
09/29/2017 19:50:45	55.0	55.0	13.0548
09/29/2017 19:50:56	54.0	53.0	13.1926
09/29/2017 19:51:07	51.0	51.0	14.6214
09/29/2017 19:51:18	50.0	51.0	13.7566
09/29/2017 19:51:29	50.0	50.0	13.089
09/29/2017 19:51:40	50.0	49.0	13.9842
09/29/2017 19:51:51	49.0	49.0	15.544
09/29/2017 19:52:02	49.0	49.0	14.9215
09/29/2017 19:52:13	48.0	48.0	13.4921
09/29/2017 19:52:24	49.0	48.0	13.7203
09/29/2017 19:52:35	48.0	48.0	13.8667
09/29/2017 19:52:46	48.0	47.0	13.2275
09/29/2017 19:52:58	49.0	48.0	13.7203
09/29/2017 19:53:09	48.0	47.0	13.9108
09/29/2017 19:53:20	48.0	47.0	13.7566
09/29/2017 19:53:31	47.0	47.0	13.4211
09/29/2017 19:53:42	48.0	47.0	13.5638
09/29/2017 19:53:53	48.0	47.0	14.9215
09/29/2017 19:54:04	47.0	46.0	13.7203
09/29/2017 19:54:15	47.0	47.0	14.1361
09/29/2017 19:54:26	49.0	49.0	13.1926
09/29/2017 19:54:37	51.0	51.0	13.1579
09/29/2017 19:54:48	52.0	52.0	12.3684
09/29/2017 19:54:59	53.0	53.0	12.5984
09/29/2017 19:55:10	55.0	54.0	12.1372
09/29/2017 19:55:21	55.0	55.0	19.8068
09/29/2017 19:55:32	56.0	56.0	12.8272
09/29/2017 19:55:43	55.0	55.0	13.0548
09/29/2017 19:55:54	54.0	53.0	14.248
09/29/2017 19:56:05	52.0	51.0	14.6214
09/29/2017 19:56:16	51.0	51.0	13.9842
09/29/2017 19:56:27	50.0	50.0	14.4737
09/29/2017 19:56:38	50.0	50.0	14.9215
09/29/2017 19:56:49	50.0	49.0	13.9474
09/29/2017 19:57:00	49.0	49.0	15.4856
09/29/2017 19:57:11	49.0	48.0	13.4211
09/29/2017 19:57:22	48.0	48.0	14.2105
09/29/2017 19:57:33	48.0	48.0	18.9526
09/29/2017 19:57:44	49.0	47.0	13.7566
09/29/2017 19:57:56	48.0	48.0	14.0584
09/29/2017 19:58:07	48.0	48.0	14.1732
09/29/2017 19:58:18	48.0	47.0	14.4357
09/29/2017 19:58:29	48.0	47.0	22.0339
09/29/2017 19:58:40	47.0	47.0	13.6483
09/29/2017 19:58:51	48.0	47.0	14.4737
09/29/2017 19:59:02	48.0	47.0	13.8743
09/29/2017 19:59:13	48.0	48.0	13.5279
09/29/2017 19:59:24	50.0	50.0	13.089
09/29/2017 19:59:35	51.0	51.0	11.8734
09/29/2017 19:59:46	52.0	53.0	16.6247
09/29/2017 19:59:57	54.0	54.0	12.5326
09/29/2017 20:00:08	55.0	54.0	12.8609
09/29/2017 20:00:19	56.0	55.0	12.1053
09/29/2017 20:00:30	57.0	56.0	12.1693
09/29/2017 20:00:41	55.0	54.0	12.0735
09/29/2017 20:00:52	53.0	53.0	12.9288
09/29/2017 20:01:03	52.0	51.0	12.4011
09/29/2017 20:01:14	51.0	50.0	13.5638
09/29/2017 20:01:25	50.0	50.0	13.6842
09/29/2017 20:01:36	49.0	49.0	14.2105
09/29/2017 20:01:47	49.0	48.0	14.4737
09/29/2017 20:01:58	49.0	48.0	14.2857
09/29/2017 20:02:09	49.0	48.0	14.6214
09/29/2017 20:02:20	48.0	48.0	14.6982
09/29/2017 20:02:31	48.0	48.0	15.544
09/29/2017 20:02:42	48.0	48.0	13.7566
09/29/2017 20:02:53	48.0	47.0	14.9215
09/29/2017 20:03:05	48.0	47.0	13.9474
09/29/2017 20:03:16	48.0	48.0	14.4357
09/29/2017 20:03:27	48.0	47.0	13.7203
09/29/2017 20:03:38	48.0	47.0	14.1732
09/29/2017 20:03:49	49.0	47.0	13.4921
09/29/2017 20:04:00	48.0	47.0	14.5833
09/29/2017 20:04:11	48.0	47.0	13.7203
09/29/2017 20:04:22	48.0	47.0	14.1732
09/29/2017 20:04:33	50.0	49.0	15.1436
09/29/2017 20:04:44	51.0	51.0	12.9288
09/29/2017 20:04:55	52.0	52.0	12.6316
09/29/2017 20:05:06	54.0	53.0	14.3603
09/29/2017 20:05:17	55.0	54.0	13.7662
09/29/2017 20:05:28	56.0	55.0	12.0735
09/29/2017 20:05:39	57.0	56.0	14.8338
09/29/2017 20:05:50	55.0	55.0	12.5654
09/29/2017 20:06:01	53.0	53.0	13.4565
09/29/2017 20:06:12	52.0	51.0	12.336
09/29/2017 20:06:23	51.0	51.0	14.7368
09/29/2017 20:06:34	50.0	50.0	14.1361
09/29/2017 20:06:45	50.0	50.0	14.2857
09/29/2017 20:06:56	49.0	50.0	17.0103
09/29/2017 20:07:07	49.0	49.0	13.9474
09/29/2017 20:07:18	49.0	48.0	14.1732
09/29/2017 20:07:29	49.0	48.0	14.248
09/29/2017 20:07:40	49.0	48.0	13.2275
09/29/2017 20:07:51	48.0	48.0	13.9474
09/29/2017 20:08:02	48.0	47.0	13.2275
09/29/2017 20:08:14	48.0	47.0	16.8367
09/29/2017 20:08:25	48.0	47.0	13.4565
09/29/2017 20:08:36	48.0	46.0	14.1361
09/29/2017 20:08:47	47.0	47.0	14.0212
09/29/2017 20:08:58	47.0	46.0	13.6842
09/29/2017 20:09:09	47.0	46.0	13.7566
09/29/2017 20:09:20	47.0	46.0	13.9108
09/29/2017 20:09:31	48.0	47.0	15.8854
09/29/2017 20:09:42	49.0	48.0	13.6126
09/29/2017 20:09:53	50.0	50.0	13.6842
09/29/2017 20:10:04	52.0	52.0	12.5654
09/29/2017 20:10:15	53.0	53.0	12.336
09/29/2017 20:10:26	54.0	53.0	18.8119
09/29/2017 20:10:37	56.0	55.0	12.0735
09/29/2017 20:10:48	57.0	56.0	13.0208
09/29/2017 20:10:59	56.0	54.0	13.2626
09/29/2017 20:11:10	54.0	53.0	13.9842
09/29/2017 20:11:21	52.0	52.0	18.0451
09/29/2017 20:11:32	51.0	50.0	14.248
09/29/2017 20:11:43	50.0	50.0	14.1732
09/29/2017 20:11:54	50.0	50.0	14.5119
09/29/2017 20:12:05	49.0	49.0	14.3603
09/29/2017 20:12:16	50.0	48.0	14.8438
09/29/2017 20:12:27	49.0	49.0	13.9474
09/29/2017 20:12:38	49.0	48.0	14.0212
09/29/2017 20:12:49	48.0	48.0	13.4211
09/29/2017 20:13:00	49.0	47.0	13.9842
09/29/2017 20:13:12	48.0	48.0	13.6842
09/29/2017 20:13:23	48.0	47.0	14.248
09/29/2017 20:13:34	49.0	48.0	13.1926
09/29/2017 20:13:45	49.0	47.0	20.197
09/29/2017 20:13:56	48.0	47.0	15.7068
09/29/2017 20:14:07	48.0	47.0	13.9108
09/29/2017 20:14:18	48.0	48.0	14.5119
09/29/2017 20:14:29	48.0	47.0	14.1361
09/29/2017 20:14:40	48.0	47.0	14.4357
09/29/2017 20:14:51	48.0	47.0	13.089
09/29/2017 20:15:02	48.0	47.0	13.7203
09/29/2017 20:15:13	48.0	48.0	13.9474
09/29/2017 20:15:24	50.0	50.0	14.4737
09/29/2017 20:15:35	51.0	51.0	12.8272
09/29/2017 20:15:46	52.0	53.0	12.3684
09/29/2017 20:15:57	54.0	53.0	12.6649
09/29/2017 20:16:08	55.0	54.0	14.0625
09/29/2017 20:16:19	55.0	54.0	12.336
09/29/2017 20:16:30	53.0	52.0	13.7203
09/29/2017 20:16:41	52.0	51.0	16.4975
09/29/2017 20:16:52	51.0	50.0	14.4357
09/29/2017 20:17:03	50.0	50.0	13.9474
09/29/2017 20:17:14	49.0	50.0	13.5279
09/29/2017 20:17:25	49.0	49.0	13.9474
09/29/2017 20:17:36	49.0	48.0	13.9474
09/29/2017 20:17:47	48.0	48.0	14.0212
09/29/2017 20:17:58	49.0	48.0	13.4565
09/29/2017 20:18:09	49.0	48.0	22.3022
09/29/2017 20:18:21	48.0	47.0	14.2105
09/29/2017 20:18:32	48.0	47.0	14.7368
09/29/2017 20:18:43	48.0	48.0	13.2626
09/29/2017 20:18:54	47.0	47.0	14.2105
09/29/2017 20:19:05	48.0	48.0	13.3858
09/29/2017 20:19:16	48.0	48.0	14.7368
09/29/2017 20:19:27	48.0	47.0	13.1926
09/29/2017 20:19:38	47.0	46.0	13.9474
09/29/2017 20:19:49	48.0	47.0	13.7203
09/29/2017 20:20:00	47.0	47.0	13.1234
09/29/2017 20:20:11	48.0	47.0	18.9055
09/29/2017 20:20:22	50.0	49.0	13.7203
09/29/2017 20:20:33	51.0	51.0	14.5503
09/29/2017 20:20:44	52.0	52.0	15.3846
09/29/2017 20:20:55	53.0	53.0	17.8478
09/29/2017 20:21:06	54.0	54.0	12.3684
09/29/2017 20:21:17	55.0	54.0	12.8609
09/29/2017 20:21:28	56.0	55.0	13.0208
09/29/2017 20:21:39	55.0	55.0	13.0208
09/29/2017 20:21:50	53.0	53.0	13.2275
09/29/2017 20:22:01	52.0	52.0	12.9288
09/29/2017 20:22:12	51.0	51.0	14.4357
09/29/2017 20:22:23	50.0	50.0	13.7931
09/29/2017 20:22:34	49.0	50.0	14.2105
09/29/2017 20:22:45	49.0	49.0	19.1542
09/29/2017 20:22:56	49.0	48.0	14.4737
09/29/2017 20:23:07	49.0	48.0	13.9474
09/29/2017 20:23:18	48.0	48.0	18.797
09/29/2017 20:23:30	48.0	48.0	13.4921
09/29/2017 20:23:41	48.0	47.0	13.7566
09/29/2017 20:23:52	48.0	47.0	13.7203
09/29/2017 20:24:03	47.0	47.0	14.2105
09/29/2017 20:24:14	48.0	47.0	13.7203
09/29/2017 20:24:25	48.0	48.0	14.7368
09/29/2017 20:24:36	50.0	50.0	13.9474
09/29/2017 20:24:47	51.0	51.0	14.4357
09/29/2017 20:24:58	52.0	53.0	12.0735
09/29/2017 20:25:09	53.0	54.0	11.8421
09/29/2017 20:25:20	54.0	54.0	13.3159
09/29/2017 20:25:31	56.0	55.0	12.1053
09/29/2017 20:25:42	56.0	56.0	12.0735
09/29/2017 20:25:53	57.0	56.0	16.0714
09/29/2017 20:26:04	55.0	54.0	13.8381
09/29/2017 20:26:15	53.0	53.0	13.1234
09/29/2017 20:26:26	51.0	51.0	21.2714
09/29/2017 20:26:37	51.0	51.0	13.6842
09/29/2017 20:26:48	50.0	50.0	14.1732
09/29/2017 20:26:59	49.0	48.0	14.4357
09/29/2017 20:27:10	49.0	48.0	14.6982
09/29/2017 20:27:21	49.0	48.0	13.2275
09/29/2017 20:27:32	49.0	48.0	13.1016
09/29/2017 20:27:43	48.0	48.0	13.6126
09/29/2017 20:27:54	48.0	48.0	14.5119
09/29/2017 20:28:05	48.0	47.0	14.1361
09/29/2017 20:28:16	48.0	47.0	14.3979
09/29/2017 20:28:28	48.0	47.0	19.25
09/29/2017 20:28:39	48.0	47.0	14.1732
09/29/2017 20:28:50	48.0	47.0	14.4357
09/29/2017 20:29:01	48.0	48.0	14.2105
09/29/2017 20:29:12	50.0	50.0	13.6483
09/29/2017 20:29:23	51.0	51.0	15.5039
09/29/2017 20:29:34	52.0	52.0	12.4011
09/29/2017 20:29:45	54.0	53.0	12.5654
09/29/2017 20:29:56	54.0	54.0	14.4737
09/29/2017 20:30:07	55.0	54.0	12.8272
09/29/2017 20:30:18	57.0	55.0	13.4715
09/29/2017 20:30:29	55.0	54.0	12.6316
09/29/2017 20:30:40	53.0	53.0	13.4921
09/29/2017 20:30:51	52.0	52.0	19.7531
09/29/2017 20:31:02	51.0	51.0	14.248
09/29/2017 20:31:13	50.0	50.0	13.2626
09/29/2017 20:31:24	50.0	50.0	14.1732
09/29/2017 20:31:35	49.0	49.0	12.3684
09/29/2017 20:31:46	48.0	48.0	14.2105
09/29/2017 20:31:57	49.0	48.0	14.4737
09/29/2017 20:32:08	48.0	47.0	14.1732
09/29/2017 20:32:19	48.0	47.0	20.7824
09/29/2017 20:32:30	48.0	47.0	13.9842
09/29/2017 20:32:41	48.0	48.0	14.6982
09/29/2017 20:32:52	48.0	47.0	13.2979
09/29/2017 20:33:03	48.0	47.0	14.248
09/29/2017 20:33:14	48.0	47.0	14.1732
09/29/2017 20:33:25	47.0	47.0	14.0212
09/29/2017 20:33:37	48.0	47.0	13.6842
09/29/2017 20:33:48	47.0	47.0	15.5844
09/29/2017 20:33:59	47.0	47.0	13.7203
09/29/2017 20:34:10	49.0	49.0	13.9474
09/29/2017 20:34:21	50.0	51.0	18
09/29/2017 20:34:32	52.0	51.0	12.1053
09/29/2017 20:34:43	53.0	53.0	13.8021
09/29/2017 20:34:54	54.0	54.0	12.6316
09/29/2017 20:35:05	55.0	54.0	12.8947
09/29/2017 20:35:16	55.0	56.0	12.5654
09/29/2017 20:35:27	56.0	57.0	13.3159
09/29/2017 20:35:38	55.0	55.0	12.6316
09/29/2017 20:35:49	52.0	52.0	15.1042
09/29/2017 20:36:00	51.0	51.0	14.1732
09/29/2017 20:36:11	51.0	51.0	13.9474
09/29/2017 20:36:22	51.0	50.0	17.3697
09/29/2017 20:36:33	49.0	49.0	14.7368
09/29/2017 20:36:44	50.0	49.0	13.9108
09/29/2017 20:36:55	49.0	48.0	14.6982
09/29/2017 20:37:06	48.0	48.0	14.5119
09/29/2017 20:37:17	48.0	48.0	14.2857
09/29/2017 20:37:28	48.0	48.0	14.4357
09/29/2017 20:37:39	48.0	47.0	13.9474
09/29/2017 20:37:50	48.0	47.0	14.4357
09/29/2017 20:38:01	48.0	48.0	14.248
09/29/2017 20:38:12	48.0	48.0	13.1579
09/29/2017 20:38:23	47.0	47.0	23.0952
09/29/2017 20:38:34	48.0	47.0	13.7566
09/29/2017 20:38:46	47.0	47.0	14.1732
09/29/2017 20:38:57	47.0	47.0	14.0212
09/29/2017 20:39:08	49.0	48.0	13.9474
09/29/2017 20:39:19	51.0	50.0	13.3159
09/29/2017 20:39:30	52.0	51.0	12.8272
09/29/2017 20:39:41	53.0	53.0	12.3684
09/29/2017 20:39:52	54.0	53.0	13.577
09/29/2017 20:40:03	55.0	55.0	12.3684
09/29/2017 20:40:14	56.0	55.0	12.5984
09/29/2017 20:40:25	57.0	56.0	13.2812
09/29/2017 20:40:36	55.0	55.0	13.0548
09/29/2017 20:40:47	53.0	53.0	14.2105
09/29/2017 20:40:58	53.0	51.0	22.4057
09/29/2017 20:41:09	51.0	51.0	12.6984
09/29/2017 20:41:20	50.0	50.0	17.6623
09/29/2017 20:41:31	50.0	50.0	20.9596
09/29/2017 20:41:42	50.0	50.0	18.3727
09/29/2017 20:41:53	50.0	50.0	17.9221
09/29/2017 20:42:04	50.0	49.0	18.0628
09/29/2017 20:42:15	50.0	50.0	16.8394
09/29/2017 20:42:26	49.0	49.0	17.7546
09/29/2017 20:42:37	49.0	48.0	19.6335
09/29/2017 20:42:48	50.0	49.0	17.7546
09/29/2017 20:42:59	49.0	48.0	18.5379
09/29/2017 20:43:10	49.0	48.0	16.4921
09/29/2017 20:43:21	49.0	48.0	16.7979
09/29/2017 20:43:32	49.0	48.0	17.7083
09/29/2017 20:43:43	49.0	48.0	18.799
09/29/2017 20:43:54	49.0	48.0	18.7335
09/29/2017 20:44:05	49.0	48.0	25.679
09/29/2017 20:44:16	49.0	48.0	17.942
09/29/2017 20:44:27	49.0	48.0	17.9688
09/29/2017 20:44:39	49.0	48.0	20.9476
09/29/2017 20:44:50	49.0	48.0	17.5853
09/29/2017 20:45:01	49.0	48.0	15.4856
09/29/2017 20:45:12	50.0	48.0	17.801
09/29/2017 20:45:23	49.0	48.0	17.5393
09/29/2017 20:45:34	49.0	48.0	20.4188
09/29/2017 20:45:45	49.0	48.0	15.7068
09/29/2017 20:45:56	49.0	48.0	17.1429
09/29/2017 20:46:07	49.0	48.0	17.7546
09/29/2017 20:46:18	49.0	48.0	19.1099
09/29/2017 20:46:29	50.0	50.0	19.5822
09/29/2017 20:46:40	49.0	48.0	17.6623
09/29/2017 20:46:51	49.0	49.0	17.5393
09/29/2017 20:47:02	49.0	49.0	17.3228
09/29/2017 20:47:13	49.0	48.0	18.2051
09/29/2017 20:47:24	50.0	49.0	19.3717
09/29/2017 20:47:35	49.0	48.0	17.8947
09/29/2017 20:47:46	49.0	48.0	23.7864
09/29/2017 20:47:57	49.0	48.0	19.3717
09/29/2017 20:48:08	49.0	48.0	17.2775
09/29/2017 20:48:19	49.0	48.0	23.6181
09/29/2017 20:48:30	50.0	49.0	16.4491
09/29/2017 20:48:41	49.0	49.0	17.1429
09/29/2017 20:48:52	49.0	48.0	18.0157
09/29/2017 20:49:03	49.0	48.0	18.5864
09/29/2017 20:49:14	49.0	49.0	17.8478
09/29/2017 20:49:25	50.0	49.0	19.0104
09/29/2017 20:49:36	49.0	48.0	16.3636
09/29/2017 20:49:47	49.0	48.0	18.2768
09/29/2017 20:49:58	49.0	48.0	19.5312
09/29/2017 20:50:09	49.0	48.0	15.1436
09/29/2017 20:50:20	49.0	48.0	18.9474
09/29/2017 20:50:31	49.0	48.0	17.801
09/29/2017 20:50:42	49.0	48.0	16.8394
09/29/2017 20:50:53	50.0	48.0	19.171
09/29/2017 20:51:04	50.0	48.0	18.5379
09/29/2017 20:51:15	49.0	48.0	16.3212
09/29/2017 20:51:26	50.0	49.0	23.6318
09/29/2017 20:51:37	49.0	48.0	17.7083
09/29/2017 20:51:48	49.0	48.0	17.7546
09/29/2017 20:51:59	49.0	48.0	22.439
09/29/2017 20:52:11	49.0	48.0	16.8831
09/29/2017 20:52:22	49.0	49.0	18.2768
09/29/2017 20:52:33	49.0	48.0	18.7013
09/29/2017 20:52:44	49.0	48.0	17.9688
09/29/2017 20:52:55	49.0	48.0	18.5864
09/29/2017 20:53:06	49.0	48.0	17.1053
09/29/2017 20:53:17	48.0	48.0	16.2304
09/29/2017 20:53:28	49.0	49.0	19.1099
09/29/2017 20:53:39	49.0	48.0	17.6316
09/29/2017 20:53:50	48.0	48.0	19.6335
09/29/2017 20:54:01	49.0	48.0	17.2775
09/29/2017 20:54:12	48.0	49.0	17.4026
09/29/2017 20:54:23	49.0	48.0	19.4301
09/29/2017 20:54:34	49.0	48.0	18.3246
09/29/2017 20:54:45	49.0	48.0	17.2775
09/29/2017 20:54:56	50.0	48.0	19.1099
09/29/2017 20:55:07	49.0	49.0	17.9221
09/29/2017 20:55:18	49.0	48.0	21.2042
09/29/2017 20:55:29	49.0	48.0	15.9269
09/29/2017 20:55:40	51.0	50.0	21.519
09/29/2017 20:55:51	53.0	52.0	18.8482
09/29/2017 20:56:02	54.0	53.0	18.6842
09/29/2017 20:56:13	56.0	55.0	23.2673
09/29/2017 20:56:24	57.0	56.0	16.8831
09/29/2017 20:56:35	55.0	55.0	18.799
09/29/2017 20:56:46	54.0	53.0	20.2046
09/29/2017 20:56:57	53.0	52.0	16.0105
09/29/2017 20:57:08	53.0	52.0	18.3246
09/29/2017 20:57:19	51.0	51.0	17.0604
09/29/2017 20:57:30	51.0	50.0	16.8394
09/29/2017 20:57:41	50.0	50.0	17.7546
09/29/2017 20:57:52	50.0	50.0	19.1601
09/29/2017 20:58:03	50.0	50.0	17.3228
09/29/2017 20:58:14	50.0	50.0	18.8976
09/29/2017 20:58:25	50.0	50.0	20.2597
09/29/2017 20:58:36	50.0	50.0	17.4479
09/29/2017 20:58:47	50.0	49.0	18.8329
09/29/2017 20:58:58	50.0	49.0	18.1579
09/29/2017 20:59:09	50.0	50.0	17.9221
09/29/2017 20:59:20	50.0	49.0	18.2292
09/29/2017 20:59:31	50.0	50.0	17.801
09/29/2017 20:59:43	50.0	49.0	17.7546
09/29/2017 20:59:54	50.0	50.0	17.5711
09/29/2017 21:00:05	50.0	49.0	17.7083
09/29/2017 21:00:16	50.0	49.0	17.7546
09/29/2017 21:00:27	49.0	49.0	24.0695
09/29/2017 21:00:38	50.0	49.0	19.0601
09/29/2017 21:00:49	50.0	49.0	18.8976
09/29/2017 21:01:00	50.0	49.0	24.6973
09/29/2017 21:01:11	49.0	48.0	18.4416
09/29/2017 21:01:22	50.0	49.0	17.9221
09/29/2017 21:01:33	50.0	49.0	20.8763
09/29/2017 21:01:44	49.0	48.0	16.9312
09/29/2017 21:01:55	49.0	49.0	16.4491
09/29/2017 21:02:06	49.0	49.0	20.403
09/29/2017 21:02:17	49.0	49.0	18.2292
09/29/2017 21:02:28	49.0	49.0	17.3228
09/29/2017 21:02:39	49.0	48.0	24.5146
09/29/2017 21:02:50	49.0	48.0	15.3247
09/29/2017 21:03:01	49.0	48.0	19.3211
09/29/2017 21:03:12	49.0	48.0	24.0786
09/29/2017 21:03:23	50.0	49.0	16.4491
09/29/2017 21:03:34	50.0	49.0	17.8478
09/29/2017 21:03:45	49.0	48.0	18.4896
09/29/2017 21:03:56	49.0	48.0	16.9713
09/29/2017 21:04:07	49.0	48.0	19.2208
09/29/2017 21:04:18	49.0	49.0	17.8478
09/29/2017 21:04:29	49.0	48.0	18.1579
09/29/2017 21:04:40	49.0	48.0	17.2324
09/29/2017 21:04:51	49.0	48.0	18.1102
09/29/2017 21:05:02	49.0	48.0	17.801
09/29/2017 21:05:13	49.0	48.0	17.4935
09/29/2017 21:05:24	50.0	49.0	18.2768
09/29/2017 21:05:35	49.0	49.0	18.799
09/29/2017 21:05:46	49.0	48.0	19.4737
09/29/2017 21:05:57	50.0	49.0	19.3717
09/29/2017 21:06:08	49.0	48.0	16.4062
09/29/2017 21:06:19	49.0	48.0	16.1458
09/29/2017 21:06:30	49.0	49.0	18.3727
09/29/2017 21:06:41	49.0	48.0	17.2324
09/29/2017 21:06:52	49.0	48.0	21.3542
09/29/2017 21:07:03	50.0	50.0	17.6623
09/29/2017 21:07:15	51.0	51.0	16.1039
09/29/2017 21:07:26	50.0	49.0	19.2105
09/29/2017 21:07:37	49.0	49.0	18.7335
09/29/2017 21:07:48	49.0	49.0	14.2473
09/29/2017 21:07:59	49.0	49.0	16.0526
09/29/2017 21:08:10	50.0	49.0	18.4416
09/29/2017 21:08:21	49.0	49.0	16.6234
09/29/2017 21:08:32	49.0	48.0	18.5379
09/29/2017 21:08:43	49.0	49.0	19.2708
09/29/2017 21:08:54	50.0	50.0	17.0984
09/29/2017 21:09:05	49.0	49.0	17.7083
09/29/2017 21:09:16	51.0	50.0	17.4479
09/29/2017 21:09:27	50.0	49.0	15.6085
09/29/2017 21:09:38	49.0	48.0	13.7566
09/29/2017 21:09:49	49.0	48.0	13.9474
09/29/2017 21:10:00	49.0	48.0	13.2626
09/29/2017 21:10:11	48.0	48.0	13.9842
09/29/2017 21:10:22	48.0	47.0	13.9108
09/29/2017 21:10:33	48.0	48.0	13.2275
09/29/2017 21:10:44	48.0	47.0	13.9474
09/29/2017 21:10:55	48.0	48.0	14.1732
09/29/2017 21:11:06	47.0	47.0	13.4565
09/29/2017 21:11:17	48.0	47.0	13.6842
09/29/2017 21:11:28	48.0	47.0	14.9215
09/29/2017 21:11:39	49.0	48.0	12.7321
09/29/2017 21:11:50	50.0	51.0	13.6483
09/29/2017 21:12:02	52.0	51.0	13.2812
09/29/2017 21:12:13	53.0	53.0	12.1693
09/29/2017 21:12:24	54.0	54.0	17.1875
09/29/2017 21:12:35	56.0	55.0	18.1579
09/29/2017 21:12:46	56.0	55.0	18.7013
09/29/2017 21:12:57	55.0	54.0	17.7546
09/29/2017 21:13:08	53.0	53.0	20.8877
09/29/2017 21:13:19	54.0	52.0	18.8482
09/29/2017 21:13:30	51.0	51.0	18.8976
09/29/2017 21:13:41	51.0	51.0	19.7917
09/29/2017 21:13:52	52.0	51.0	17.5393
09/29/2017 21:14:03	50.0	50.0	17.4935
09/29/2017 21:14:14	51.0	51.0	19.3299
09/29/2017 21:14:25	50.0	50.0	19.2708
09/29/2017 21:14:36	51.0	50.0	15.6658
09/29/2017 21:14:47	50.0	50.0	19.8966
09/29/2017 21:14:58	50.0	50.0	17.0157
09/29/2017 21:15:09	51.0	50.0	19.0104
09/29/2017 21:15:20	50.0	50.0	20.3046
09/29/2017 21:15:31	50.0	50.0	16.7539
09/29/2017 21:15:42	50.0	49.0	17.5393
09/29/2017 21:15:53	50.0	50.0	22.7941
09/29/2017 21:16:04	51.0	49.0	17.5393
09/29/2017 21:16:15	50.0	49.0	19.8433
09/29/2017 21:16:26	50.0	49.0	23.9024
09/29/2017 21:16:37	50.0	50.0	16.8394
09/29/2017 21:16:48	50.0	49.0	19.3211
09/29/2017 21:16:59	50.0	49.0	27.2947
09/29/2017 21:17:10	50.0	50.0	17.6316
09/29/2017 21:17:21	50.0	49.0	20.2597
09/29/2017 21:17:32	50.0	49.0	21.2346
09/29/2017 21:17:43	50.0	49.0	15.9269
09/29/2017 21:17:54	50.0	49.0	19.6335
09/29/2017 21:18:05	50.0	49.0	19.8992
09/29/2017 21:18:16	51.0	50.0	17.1875
09/29/2017 21:18:27	50.0	49.0	17.6316
09/29/2017 21:18:38	50.0	49.0	20.4188
09/29/2017 21:18:49	50.0	49.0	18.0628
09/29/2017 21:19:00	50.0	49.0	19.1099
09/29/2017 21:19:11	50.0	48.0	19.3211
09/29/2017 21:19:22	51.0	49.0	19.3717
09/29/2017 21:19:34	50.0	50.0	16.8421
09/29/2017 21:19:45	50.0	50.0	17.4935
09/29/2017 21:19:56	51.0	49.0	21.4099
09/29/2017 21:20:07	51.0	50.0	15.1436
09/29/2017 21:20:18	50.0	50.0	18.7831
09/29/2017 21:20:29	50.0	50.0	17.1429
09/29/2017 21:20:40	50.0	49.0	17.4935
09/29/2017 21:20:51	50.0	50.0	13.9842
09/29/2017 21:21:02	49.0	49.0	14.4357
09/29/2017 21:21:13	49.0	48.0	13.4565
09/29/2017 21:21:24	49.0	48.0	13.9842
09/29/2017 21:21:35	48.0	48.0	13.9108
09/29/2017 21:21:46	48.0	48.0	14.7368
09/29/2017 21:21:57	48.0	47.0	13.7566
09/29/2017 21:22:08	48.0	48.0	14.1361
09/29/2017 21:22:19	48.0	47.0	14.4357
09/29/2017 21:22:30	48.0	47.0	13.9474
09/29/2017 21:22:41	48.0	48.0	14.4357
09/29/2017 21:22:52	48.0	47.0	13.4921
09/29/2017 21:23:03	48.0	46.0	14.4737
09/29/2017 21:23:14	47.0	47.0	13.4921
09/29/2017 21:23:25	48.0	48.0	14.6597
09/29/2017 21:23:36	48.0	47.0	20.9974
09/29/2017 21:23:47	48.0	48.0	15.6658
09/29/2017 21:23:58	49.0	48.0	18.8482
09/29/2017 21:24:09	49.0	48.0	20.0521
09/29/2017 21:24:20	49.0	49.0	17.0157
09/29/2017 21:24:31	49.0	48.0	20.4604
09/29/2017 21:24:42	50.0	49.0	16.9713
09/29/2017 21:24:53	50.0	49.0	19.8953
09/29/2017 21:25:04	49.0	48.0	23.0958
09/29/2017 21:25:15	50.0	50.0	16.9713
09/29/2017 21:25:27	49.0	48.0	17.3228
09/29/2017 21:25:38	50.0	50.0	24.1379
09/29/2017 21:25:49	50.0	49.0	18.0628
09/29/2017 21:26:00	49.0	49.0	19.6891
09/29/2017 21:26:11	49.0	48.0	21.197
09/29/2017 21:26:22	49.0	48.0	17.1053
09/29/2017 21:26:33	50.0	49.0	18.5379
09/29/2017 21:26:44	49.0	48.0	19.171
09/29/2017 21:26:55	49.0	48.0	18.0628
09/29/2017 21:27:06	49.0	48.0	18.2292
09/29/2017 21:27:17	50.0	48.0	18.0628
09/29/2017 21:27:28	49.0	48.0	18.4896
09/29/2017 21:27:39	50.0	48.0	18.2768
09/29/2017 21:27:50	49.0	49.0	19.7368
09/29/2017 21:28:01	51.0	51.0	16.188
09/29/2017 21:28:12	53.0	53.0	17.6623
09/29/2017 21:28:23	54.0	54.0	17.7546
09/29/2017 21:28:34	55.0	54.0	15.7068
09/29/2017 21:28:45	57.0	56.0	19.6335
09/29/2017 21:28:56	55.0	54.0	16.7102
09/29/2017 21:29:07	53.0	53.0	17.6781
09/29/2017 21:29:18	53.0	52.0	17.9688
09/29/2017 21:29:29	52.0	52.0	19.2612
09/29/2017 21:29:40	51.0	51.0	18.5379
09/29/2017 21:29:51	51.0	51.0	19.0601
09/29/2017 21:30:02	51.0	51.0	18.0157
09/29/2017 21:30:13	51.0	51.0	17.2324
09/29/2017 21:30:24	52.0	51.0	19.1099
09/29/2017 21:30:35	51.0	50.0	16.3212
09/29/2017 21:30:46	50.0	50.0	18.5379
09/29/2017 21:30:57	50.0	50.0	19.5312
09/29/2017 21:31:08	51.0	50.0	16.7979
09/29/2017 21:31:19	50.0	50.0	19.4226
09/29/2017 21:31:30	50.0	49.0	19.5822
09/29/2017 21:31:41	49.0	49.0	16.9713
09/29/2017 21:31:52	50.0	50.0	17.7083
09/29/2017 21:32:03	50.0	50.0	21.197
09/29/2017 21:32:14	50.0	49.0	18.0628
09/29/2017 21:32:25	50.0	50.0	18.1102
09/29/2017 21:32:37	50.0	50.0	24.1379
09/29/2017 21:32:48	50.0	49.0	19.2708
09/29/2017 21:32:59	50.0	50.0	17.2324
09/29/2017 21:33:10	50.0	50.0	27.4699
09/29/2017 21:33:21	51.0	50.0	17.3684
09/29/2017 21:33:32	50.0	49.0	19.1601
09/29/2017 21:33:43	50.0	50.0	21.5938
09/29/2017 21:33:54	50.0	50.0	17.7083
09/29/2017 21:34:05	50.0	50.0	19.1601
09/29/2017 21:34:16	50.0	50.0	18.2768
09/29/2017 21:34:27	50.0	50.0	16.5375
09/29/2017 21:34:38	50.0	50.0	16.7102
09/29/2017 21:34:49	50.0	50.0	18.3727
09/29/2017 21:35:00	50.0	49.0	17.0157
09/29/2017 21:35:11	50.0	49.0	20.9845
09/29/2017 21:35:22	51.0	51.0	20.7254
09/29/2017 21:35:33	52.0	51.0	22.4806
09/29/2017 21:35:44	53.0	51.0	19.9482
09/29/2017 21:35:55	52.0	51.0	18.961
09/29/2017 21:36:06	53.0	51.0	21.0938
09/29/2017 21:36:17	53.0	52.0	20
09/29/2017 21:36:28	53.0	53.0	21.8182
09/29/2017 21:36:39	52.0	52.0	18.1347
09/29/2017 21:36:50	53.0	53.0	22.4806
09/29/2017 21:37:01	52.0	51.0	19.171
09/29/2017 21:37:12	53.0	52.0	18.8144
09/29/2017 21:37:23	53.0	53.0	19.4301
09/29/2017 21:37:34	53.0	52.0	21.5026
09/29/2017 21:37:45	52.0	51.0	22.4227
09/29/2017 21:37:56	53.0	53.0	19.8454
09/29/2017 21:38:07	54.0	53.0	54.918
09/29/2017 21:38:18	53.0	53.0	15.8192
09/29/2017 21:38:30	51.0	50.0	22.7011
09/29/2017 21:38:41	51.0	51.0	18.8976
09/29/2017 21:38:52	51.0	51.0	16.4491
09/29/2017 21:39:03	51.0	50.0	22.2494
09/29/2017 21:39:14	51.0	51.0	17.2775
09/29/2017 21:39:25	50.0	50.0	19.3717
09/29/2017 21:39:36	50.0	50.0	21.8362
09/29/2017 21:39:47	50.0	50.0	16.3212
09/29/2017 21:39:58	50.0	50.0	16.8831
09/29/2017 21:40:09	50.0	50.0	22.1662
09/29/2017 21:40:20	50.0	50.0	16.0526
09/29/2017 21:40:31	50.0	50.0	17.9221
09/29/2017 21:40:42	50.0	49.0	17.8947
09/29/2017 21:40:53	50.0	50.0	18.2058
09/29/2017 21:41:04	50.0	49.0	15.445
09/29/2017 21:41:15	50.0	49.0	18.5864
09/29/2017 21:41:26	50.0	49.0	17.2324
09/29/2017 21:41:37	50.0	48.0	17.801
09/29/2017 21:41:48	49.0	49.0	17.7546
09/29/2017 21:41:59	49.0	49.0	16.9713
09/29/2017 21:42:10	50.0	50.0	16.1458
09/29/2017 21:42:21	50.0	50.0	16.5789
09/29/2017 21:42:32	50.0	49.0	16.7539
09/29/2017 21:42:43	50.0	49.0	18.0157
09/29/2017 21:42:54	49.0	50.0	19.1099
09/29/2017 21:43:05	50.0	50.0	17.801
09/29/2017 21:43:16	50.0	49.0	16.8421
09/29/2017 21:43:28	50.0	49.0	15.1832
09/29/2017 21:43:39	49.0	49.0	17.4935
09/29/2017 21:43:50	50.0	49.0	18.4896
09/29/2017 21:44:01	51.0	51.0	19.3717
09/29/2017 21:44:12	53.0	53.0	16.3636
09/29/2017 21:44:23	55.0	54.0	17.3127
09/29/2017 21:44:34	56.0	56.0	17.0984
09/29/2017 21:44:45	56.0	56.0	18.0412
09/29/2017 21:44:56	54.0	54.0	19.2208
09/29/2017 21:45:07	54.0	53.0	19.7917
09/29/2017 21:45:18	52.0	51.0	19.0476
09/29/2017 21:45:29	52.0	51.0	21.0918
09/29/2017 21:45:40	52.0	52.0	18.2058
09/29/2017 21:45:51	51.0	51.0	18.0157
09/29/2017 21:46:02	51.0	51.0	23.7624
09/29/2017 21:46:13	51.0	50.0	16.7539
09/29/2017 21:46:24	51.0	50.0	17.5393
09/29/2017 21:46:35	51.0	50.0	21.25
09/29/2017 21:46:46	50.0	50.0	18.2058
09/29/2017 21:46:57	50.0	50.0	17.3228
09/29/2017 21:47:08	50.0	50.0	19.1214
09/29/2017 21:47:19	50.0	50.0	19.1099
09/29/2017 21:47:30	50.0	50.0	15.3646
09/29/2017 21:47:41	50.0	51.0	17.0604
09/29/2017 21:47:52	50.0	50.0	16.5354
09/29/2017 21:48:03	50.0	50.0	18.5864
09/29/2017 21:48:14	50.0	50.0	17.801
09/29/2017 21:48:25	50.0	50.0	17.8947
09/29/2017 21:48:36	50.0	50.0	18.3938
09/29/2017 21:48:47	50.0	50.0	18.2768
09/29/2017 21:48:58	50.0	50.0	17.1429
09/29/2017 21:49:09	51.0	50.0	18.75
09/29/2017 21:49:20	50.0	50.0	19.5822
09/29/2017 21:49:31	50.0	50.0	16.9713
09/29/2017 21:49:42	50.0	51.0	18.6528
09/29/2017 21:49:53	50.0	50.0	17.5393
09/29/2017 21:50:04	51.0	51.0	18.3246
09/29/2017 21:50:15	50.0	50.0	19.5822
09/29/2017 21:50:26	50.0	50.0	17.1504
09/29/2017 21:50:38	51.0	50.0	19.3211
09/29/2017 21:50:49	50.0	50.0	17.7546
09/29/2017 21:51:00	50.0	50.0	17.8478
09/29/2017 21:51:11	50.0	50.0	16.7539
09/29/2017 21:51:22	50.0	51.0	17.0103
09/29/2017 21:51:33	50.0	50.0	18.6352
09/29/2017 21:51:44	50.0	50.0	19.2708
09/29/2017 21:51:55	50.0	50.0	21.1735
09/29/2017 21:52:06	50.0	49.0	16.7539
09/29/2017 21:52:17	50.0	50.0	18.1102
09/29/2017 21:52:28	51.0	50.0	25.6724
09/29/2017 21:52:39	51.0	51.0	15.1436
09/29/2017 21:52:50	50.0	50.0	20.3125
09/29/2017 21:53:01	49.0	49.0	21.8673
09/29/2017 21:53:12	50.0	50.0	19.1099
09/29/2017 21:53:23	50.0	50.0	16.2304
09/29/2017 21:53:34	50.0	50.0	19.1327
09/29/2017 21:53:45	50.0	50.0	19.5251
09/29/2017 21:53:56	50.0	51.0	20
09/29/2017 21:54:07	50.0	50.0	20.4724
09/29/2017 21:54:18	50.0	50.0	15.748
09/29/2017 21:54:29	51.0	50.0	17.4479
09/29/2017 21:54:40	50.0	50.0	19.8953
09/29/2017 21:54:51	50.0	50.0	15.8854
09/29/2017 21:55:02	50.0	49.0	17.5393
09/29/2017 21:55:13	50.0	50.0	16.4921
09/29/2017 21:55:24	50.0	49.0	16.1039
09/29/2017 21:55:35	50.0	50.0	18.2292
09/29/2017 21:55:46	50.0	49.0	20.2632
09/29/2017 21:55:57	50.0	50.0	17.4479
09/29/2017 21:56:08	50.0	50.0	16.6667
09/29/2017 21:56:19	50.0	50.0	18.5379
09/29/2017 21:56:30	51.0	50.0	18.6352
09/29/2017 21:56:41	50.0	50.0	17.2324
09/29/2017 21:56:52	50.0	50.0	17.7546
09/29/2017 21:57:03	50.0	49.0	18.6352
09/29/2017 21:57:14	50.0	50.0	16.3212
09/29/2017 21:57:25	50.0	50.0	18.3727
09/29/2017 21:57:36	51.0	50.0	17.7546
09/29/2017 21:57:48	50.0	50.0	19.171
09/29/2017 21:57:59	50.0	49.0	16.7979
09/29/2017 21:58:10	50.0	49.0	19.3717
09/29/2017 21:58:21	50.0	50.0	21.0797
09/29/2017 21:58:32	50.0	50.0	18.0157
09/29/2017 21:58:43	50.0	50.0	15.8854
09/29/2017 21:58:54	50.0	50.0	22.276
09/29/2017 21:59:05	51.0	50.0	18.2292
09/29/2017 21:59:16	50.0	49.0	19.3211
09/29/2017 21:59:27	50.0	49.0	22.8501
09/29/2017 21:59:38	50.0	50.0	17.0604
09/29/2017 21:59:49	50.0	49.0	19.3211
09/29/2017 22:00:00	53.0	53.0	20.6468
09/29/2017 22:00:11	54.0	54.0	16.8865
09/29/2017 22:00:22	55.0	54.0	14.5833
09/29/2017 22:00:33	57.0	56.0	19.5822
09/29/2017 22:00:44	55.0	55.0	17.9221
09/29/2017 22:00:55	54.0	53.0	17.7546
09/29/2017 22:01:06	52.0	52.0	19.3211
09/29/2017 22:01:17	52.0	52.0	20
09/29/2017 22:01:28	51.0	51.0	18.4211
09/29/2017 22:01:39	51.0	51.0	14.7368
09/29/2017 22:01:50	51.0	51.0	19.1601
09/29/2017 22:02:01	51.0	50.0	17.5853
09/29/2017 22:02:12	51.0	51.0	17.7083
09/29/2017 22:02:23	51.0	50.0	16.8831
09/29/2017 22:02:34	50.0	50.0	19.7917
09/29/2017 22:02:45	50.0	50.0	16.6667
09/29/2017 22:02:56	51.0	50.0	17.8947
09/29/2017 22:03:07	51.0	50.0	17.801
09/29/2017 22:03:18	50.0	50.0	17.0157
09/29/2017 22:03:29	50.0	50.0	17.5853
09/29/2017 22:03:40	50.0	50.0	17.4026
09/29/2017 22:03:51	50.0	49.0	18.3727
09/29/2017 22:04:02	50.0	50.0	17.4935
09/29/2017 22:04:13	50.0	50.0	18.75
09/29/2017 22:04:24	50.0	50.0	18.2768
09/29/2017 22:04:35	50.0	49.0	18.5864
09/29/2017 22:04:46	50.0	50.0	19.2708
09/29/2017 22:04:58	50.0	50.0	18.9974
09/29/2017 22:05:09	50.0	50.0	17.1875
09/29/2017 22:05:20	50.0	49.0	21.9451
09/29/2017 22:05:31	50.0	49.0	17.7546
09/29/2017 22:05:42	50.0	49.0	16.7979
09/29/2017 22:05:53	50.0	49.0	25.3041
09/29/2017 22:06:04	50.0	50.0	18.8976
09/29/2017 22:06:15	50.0	49.0	17.8947
09/29/2017 22:06:26	50.0	50.0	22.5806
09/29/2017 22:06:37	50.0	49.0	17.801
09/29/2017 22:06:48	50.0	50.0	19.0601
09/29/2017 22:06:59	50.0	50.0	18.0157
09/29/2017 22:07:10	50.0	50.0	16.9271
09/29/2017 22:07:21	50.0	50.0	20.5263
09/29/2017 22:07:32	50.0	49.0	17.6316
09/29/2017 22:07:43	50.0	50.0	17.0157
09/29/2017 22:07:54	49.0	49.0	23.0971
09/29/2017 22:08:05	50.0	50.0	29.5812
09/29/2017 22:08:16	52.0	51.0	19.3717
09/29/2017 22:08:27	51.0	51.0	18.2058
09/29/2017 22:08:38	51.0	51.0	17.3684
09/29/2017 22:08:49	50.0	50.0	17.3575
09/29/2017 22:09:00	50.0	50.0	19.685
09/29/2017 22:09:11	50.0	50.0	19.7403
09/29/2017 22:09:22	50.0	51.0	17.4479
09/29/2017 22:09:33	50.0	50.0	20.7349
09/29/2017 22:09:44	51.0	50.0	19.1601
09/29/2017 22:09:55	50.0	50.0	17.0157
09/29/2017 22:10:06	50.0	50.0	18.2768
09/29/2017 22:10:17	52.0	51.0	19.685
09/29/2017 22:10:28	51.0	50.0	15.9686
09/29/2017 22:10:39	50.0	50.0	18.3938
09/29/2017 22:10:50	50.0	50.0	24.1463
09/29/2017 22:11:01	50.0	49.0	19.3717
09/29/2017 22:11:12	50.0	50.0	18.9474
09/29/2017 22:11:23	50.0	50.0	16.3158
09/29/2017 22:11:34	50.0	50.0	17.3228
09/29/2017 22:11:45	50.0	49.0	16.9713
09/29/2017 22:11:56	50.0	50.0	18.3246
09/29/2017 22:12:07	49.0	49.0	19.4226
09/29/2017 22:12:19	49.0	49.0	18.0157
09/29/2017 22:12:30	50.0	50.0	16.4491
09/29/2017 22:12:41	50.0	49.0	21.0526
09/29/2017 22:12:52	50.0	50.0	16.0105
09/29/2017 22:13:03	50.0	50.0	18.0628
09/29/2017 22:13:14	49.0	50.0	16.4491
09/29/2017 22:13:25	49.0	50.0	19.4226
09/29/2017 22:13:36	49.0	49.0	16.8831
09/29/2017 22:13:47	50.0	49.0	18.5864
09/29/2017 22:13:58	49.0	50.0	19.1099
09/29/2017 22:14:09	50.0	50.0	24.4552
09/29/2017 22:14:20	50.0	50.0	17.4935
09/29/2017 22:14:31	50.0	49.0	16.188
09/29/2017 22:14:42	50.0	50.0	18.9474
09/29/2017 22:14:53	50.0	50.0	18.8976
09/29/2017 22:15:04	49.0	49.0	20.4188
09/29/2017 22:15:15	50.0	49.0	20.5
09/29/2017 22:15:26	49.0	49.0	17.4935
09/29/2017 22:15:37	50.0	50.0	20.6718
09/29/2017 22:15:48	54.0	53.0	19.4301
09/29/2017 22:15:59	56.0	54.0	21.447
09/29/2017 22:16:10	58.0	56.0	19.171
09/29/2017 22:16:21	56.0	56.0	26.6504
09/29/2017 22:16:32	57.0	56.0	19.5312
09/29/2017 22:16:43	56.0	55.0	18.6528
09/29/2017 22:16:54	56.0	54.0	20.5195
09/29/2017 22:17:05	55.0	54.0	17.1875
09/29/2017 22:17:16	52.0	53.0	19.5373
09/29/2017 22:17:27	53.0	52.0	17.801
09/29/2017 22:17:38	51.0	51.0	15.3646
09/29/2017 22:17:49	51.0	51.0	17.7083
09/29/2017 22:18:00	51.0	51.0	16.188
09/29/2017 22:18:11	52.0	51.0	20.2564
09/29/2017 22:18:22	51.0	51.0	20.1044
09/29/2017 22:18:33	50.0	51.0	17.1875
09/29/2017 22:18:44	50.0	50.0	18.4896
09/29/2017 22:18:55	51.0	50.0	18.0628
09/29/2017 22:19:06	50.0	50.0	23.8329
09/29/2017 22:19:17	50.0	50.0	19.3717
09/29/2017 22:19:28	50.0	50.0	15.9269
09/29/2017 22:19:40	50.0	50.0	16.188
09/29/2017 22:19:51	50.0	50.0	17.7546
09/29/2017 22:20:02	50.0	50.0	17.1429
09/29/2017 22:20:13	50.0	50.0	15.9269
09/29/2017 22:20:24	50.0	50.0	16.7102
09/29/2017 22:20:35	51.0	50.0	17.4935
09/29/2017 22:20:46	50.0	50.0	24.3373
09/29/2017 22:20:57	51.0	50.0	17.1053
09/29/2017 22:21:08	50.0	49.0	18.75
09/29/2017 22:21:19	50.0	50.0	17.4479
09/29/2017 22:21:30	50.0	50.0	20.7692
09/29/2017 22:21:41	50.0	50.0	19.1099
09/29/2017 22:21:52	49.0	50.0	17.0157
09/29/2017 22:22:03	50.0	50.0	18.2768
09/29/2017 22:22:14	50.0	50.0	16.9271
09/29/2017 22:22:25	50.0	50.0	16.4062
09/29/2017 22:22:36	50.0	50.0	17.7546
09/29/2017 22:22:47	50.0	50.0	18.0157
09/29/2017 22:22:58	50.0	50.0	18.5379
09/29/2017 22:23:09	50.0	50.0	17.7083
09/29/2017 22:23:20	50.0	50.0	17.4026
09/29/2017 22:23:31	50.0	50.0	18.8482
09/29/2017 22:23:42	50.0	50.0	20.2632
09/29/2017 22:23:53	50.0	50.0	19.2612
09/29/2017 22:24:04	50.0	50.0	19.3717
09/29/2017 22:24:15	50.0	50.0	19.1099
09/29/2017 22:24:26	51.0	50.0	18.8482
09/29/2017 22:24:37	50.0	50.0	16.4921
09/29/2017 22:24:48	50.0	49.0	18.4416
09/29/2017 22:24:59	50.0	49.0	16.4062
09/29/2017 22:25:10	50.0	50.0	17.3127
09/29/2017 22:25:21	50.0	50.0	18.3246
09/29/2017 22:25:32	50.0	50.0	16.9271
09/29/2017 22:25:43	50.0	50.0	18.0628
09/29/2017 22:25:54	50.0	50.0	23.9024
09/29/2017 22:26:05	50.0	49.0	18.5379
09/29/2017 22:26:16	49.0	49.0	17.9221
09/29/2017 22:26:27	50.0	50.0	17.4935
09/29/2017 22:26:39	51.0	50.0	16.6667
09/29/2017 22:26:50	50.0	50.0	19.3717
09/29/2017 22:27:01	50.0	49.0	18.2768
09/29/2017 22:27:12	51.0	50.0	19.1601
09/29/2017 22:27:23	51.0	51.0	18.6352
09/29/2017 22:27:34	49.0	50.0	20.0521
09/29/2017 22:27:45	50.0	50.0	20
09/29/2017 22:27:56	50.0	50.0	20.3608
09/29/2017 22:28:07	50.0	50.0	16.7979
09/29/2017 22:28:18	50.0	50.0	18.1102
09/29/2017 22:28:29	50.0	50.0	19.3211
09/29/2017 22:28:40	52.0	51.0	24.3842
09/29/2017 22:28:51	52.0	51.0	19.1214
09/29/2017 22:29:02	53.0	52.0	20.1031
09/29/2017 22:29:13	51.0	52.0	18.4416
09/29/2017 22:29:24	53.0	53.0	20.6718
09/29/2017 22:29:35	53.0	53.0	20.5729
09/29/2017 22:29:46	53.0	53.0	20
09/29/2017 22:29:57	54.0	53.0	24.57
09/29/2017 22:30:08	53.0	53.0	21.2987
09/29/2017 22:30:19	54.0	53.0	19.6382
09/29/2017 22:30:30	54.0	53.0	21.0938
09/29/2017 22:30:41	54.0	53.0	17.8295
09/29/2017 22:30:52	54.0	52.0	21.6495
09/29/2017 22:31:03	53.0	52.0	22.6804
09/29/2017 22:31:14	52.0	53.0	22.1649
09/29/2017 22:31:25	54.0	53.0	19.7917
09/29/2017 22:31:36	57.0	55.0	19.171
09/29/2017 22:31:47	57.0	56.0	20.6718
09/29/2017 22:31:58	56.0	55.0	20.5195
09/29/2017 22:32:09	56.0	54.0	18.3938
09/29/2017 22:32:20	55.0	54.0	17.1875
09/29/2017 22:32:31	55.0	54.0	22.4806
09/29/2017 22:32:42	54.0	53.0	21.8509
09/29/2017 22:32:53	55.0	54.0	22.4806
09/29/2017 22:33:04	54.0	53.0	20.5656
09/29/2017 22:33:15	53.0	53.0	22.8571
09/29/2017 22:33:26	54.0	54.0	21.7054
09/29/2017 22:33:37	55.0	53.0	20.9845
09/29/2017 22:33:48	54.0	54.0	19.1214
09/29/2017 22:33:59	54.0	53.0	14.2105
09/29/2017 22:34:10	52.0	52.0	13.4211
09/29/2017 22:34:21	51.0	51.0	12.8609
09/29/2017 22:34:32	51.0	51.0	13.9474
09/29/2017 22:34:43	50.0	50.0	13.9474
09/29/2017 22:34:54	50.0	50.0	13.7931
09/29/2017 22:35:06	50.0	50.0	15.8031
09/29/2017 22:35:17	50.0	50.0	13.7931
09/29/2017 22:35:28	50.0	50.0	12.9973
09/29/2017 22:35:39	49.0	49.0	18.2292
09/29/2017 22:35:50	50.0	49.0	17.2324
09/29/2017 22:36:01	50.0	50.0	19.6382
09/29/2017 22:36:12	52.0	51.0	19.171
09/29/2017 22:36:23	52.0	51.0	24.5098
09/29/2017 22:36:34	53.0	52.0	23.057
09/29/2017 22:36:45	52.0	52.0	19.7403
09/29/2017 22:36:56	54.0	53.0	20.2073
09/29/2017 22:37:07	53.0	52.0	23.4375
09/29/2017 22:37:18	52.0	53.0	20.155
09/29/2017 22:37:29	53.0	53.0	19.7403
09/29/2017 22:37:40	54.0	53.0	24.3309
09/29/2017 22:37:51	54.0	53.0	19.1214
09/29/2017 22:38:02	54.0	53.0	19.3798
09/29/2017 22:38:13	54.0	53.0	22.2222
09/29/2017 22:38:24	53.0	53.0	22.9381
09/29/2017 22:38:35	53.0	52.0	20.4663
09/29/2017 22:38:46	54.0	54.0	22.108
09/29/2017 22:38:57	53.0	53.0	21.7054
09/29/2017 22:39:08	55.0	53.0	17.1875
09/29/2017 22:39:19	53.0	52.0	19.171
09/29/2017 22:39:30	53.0	53.0	19.8044
09/29/2017 22:39:41	52.0	52.0	13.6483
09/29/2017 22:39:52	51.0	51.0	18.0879
09/29/2017 22:40:03	54.0	53.0	20.2597
09/29/2017 22:40:14	54.0	52.0	20.1044
09/29/2017 22:40:25	51.0	51.0	19.5876
09/29/2017 22:40:36	53.0	52.0	23.057
09/29/2017 22:40:47	54.0	53.0	24.3781
09/29/2017 22:40:58	54.0	53.0	19.7403
09/29/2017 22:41:09	54.0	53.0	21.1886
09/29/2017 22:41:20	54.0	52.0	21.7054
09/29/2017 22:41:31	54.0	53.0	19.7403
09/29/2017 22:41:42	54.0	52.0	18.1347
09/29/2017 22:41:53	54.0	53.0	19.0231
09/29/2017 22:42:04	54.0	53.0	21.5584
09/29/2017 22:42:15	54.0	53.0	19.2208
09/29/2017 22:42:26	54.0	53.0	22.2222
09/29/2017 22:42:37	53.0	53.0	24.228
09/29/2017 22:42:48	54.0	53.0	21.8509
09/29/2017 22:42:59	54.0	53.0	21.5026
09/29/2017 22:43:10	55.0	53.0	20.8226
09/29/2017 22:43:21	55.0	54.0	21.447
09/29/2017 22:43:32	55.0	53.0	19.5876
09/29/2017 22:43:43	55.0	53.0	21.134
09/29/2017 22:43:54	54.0	53.0	20.7254
09/29/2017 22:44:06	54.0	53.0	19.3299
09/29/2017 22:44:17	53.0	53.0	23.0198
09/29/2017 22:44:28	55.0	53.0	20.9845
09/29/2017 22:44:39	55.0	53.0	18.3938
09/29/2017 22:44:50	55.0	53.0	19.9482
09/29/2017 22:45:01	55.0	53.0	23.192
09/29/2017 22:45:12	54.0	53.0	22.7154
09/29/2017 22:45:23	55.0	54.0	20.7792
09/29/2017 22:45:34	55.0	53.0	18.6528
09/29/2017 22:45:45	54.0	53.0	24.2574
09/29/2017 22:45:56	55.0	54.0	23.057
09/29/2017 22:46:07	54.0	53.0	16.2371
09/29/2017 22:46:18	52.0	52.0	12.963
09/29/2017 22:46:29	51.0	51.0	11.9363
09/29/2017 22:46:40	51.0	51.0	14.2105
09/29/2017 22:46:51	51.0	51.0	13.1234
09/29/2017 22:47:02	53.0	52.0	12.8272
09/29/2017 22:47:13	55.0	54.0	12.3037
09/29/2017 22:47:24	56.0	55.0	13.0548
09/29/2017 22:47:35	57.0	56.0	13.4211
09/29/2017 22:47:46	55.0	55.0	12.8272
09/29/2017 22:47:57	53.0	53.0	13.7566
09/29/2017 22:48:08	53.0	52.0	12.4668
09/29/2017 22:48:19	51.0	52.0	13.8381
09/29/2017 22:48:30	51.0	51.0	17.7215
09/29/2017 22:48:41	51.0	50.0	13.9842
09/29/2017 22:48:52	50.0	50.0	13.6842
09/29/2017 22:49:03	50.0	49.0	13.9842
09/29/2017 22:49:14	50.0	50.0	13.9474
09/29/2017 22:49:25	50.0	50.0	21.0269
09/29/2017 22:49:36	50.0	49.0	13.7566
09/29/2017 22:49:47	49.0	49.0	14.5119
09/29/2017 22:49:58	49.0	48.0	13.7566
09/29/2017 22:50:09	50.0	50.0	14.4357
09/29/2017 22:50:21	49.0	49.0	13.7203
09/29/2017 22:50:32	49.0	48.0	14.2105
09/29/2017 22:50:43	49.0	48.0	20.9756
09/29/2017 22:50:54	49.0	48.0	13.2626
09/29/2017 22:51:05	49.0	48.0	13.9108
09/29/2017 22:51:16	49.0	49.0	13.7203
09/29/2017 22:51:27	48.0	48.0	14.4737
09/29/2017 22:51:38	49.0	48.0	13.4211
09/29/2017 22:51:49	49.0	48.0	13.4565
09/29/2017 22:52:00	49.0	48.0	14.2105
09/29/2017 22:52:11	49.0	48.0	13.9474
09/29/2017 22:52:22	49.0	48.0	14.1361
09/29/2017 22:52:33	49.0	48.0	14.5119
09/29/2017 22:52:44	48.0	48.0	14.3979
09/29/2017 22:52:55	48.0	48.0	13.5279
09/29/2017 22:53:06	48.0	48.0	15.7623
09/29/2017 22:53:17	49.0	48.0	14.248
09/29/2017 22:53:28	49.0	48.0	16.6667
09/29/2017 22:53:39	48.0	48.0	13.4565
09/29/2017 22:53:50	48.0	48.0	19.0955
09/29/2017 22:54:01	48.0	48.0	13.6842
09/29/2017 22:54:12	48.0	48.0	16.4524
09/29/2017 22:54:23	48.0	48.0	13.7203
09/29/2017 22:54:34	49.0	48.0	15.1832
09/29/2017 22:54:45	48.0	48.0	13.9108
09/29/2017 22:54:56	48.0	48.0	14.4357
09/29/2017 22:55:07	48.0	47.0	13.2626
09/29/2017 22:55:19	48.0	48.0	13.9842
09/29/2017 22:55:30	48.0	48.0	13.4921
09/29/2017 22:55:41	48.0	47.0	14.248
09/29/2017 22:55:52	48.0	48.0	14.6214
09/29/2017 22:56:03	48.0	48.0	14.2105
09/29/2017 22:56:14	48.0	48.0	13.6483
09/29/2017 22:56:25	49.0	48.0	14.0212
09/29/2017 22:56:36	49.0	47.0	12.9288
09/29/2017 22:56:47	47.0	47.0	13.9108
09/29/2017 22:56:58	47.0	47.0	19.9005
09/29/2017 22:57:09	48.0	47.0	13.7566
09/29/2017 22:57:20	47.0	47.0	15.285
09/29/2017 22:57:31	48.0	47.0	14.0212
09/29/2017 22:57:42	48.0	47.0	14.248
09/29/2017 22:57:53	48.0	47.0	13.7203
09/29/2017 22:58:04	47.0	47.0	12.7321
09/29/2017 22:58:15	48.0	47.0	14.1732
09/29/2017 22:58:26	47.0	47.0	13.9842
09/29/2017 22:58:37	47.0	47.0	18.9526
09/29/2017 22:58:48	47.0	47.0	14.6597
09/29/2017 22:58:59	48.0	47.0	14.4737
09/29/2017 22:59:10	48.0	48.0	14.4737
09/29/2017 22:59:21	48.0	47.0	13.4211
09/29/2017 22:59:32	48.0	47.0	13.6483
09/29/2017 22:59:43	48.0	47.0	12.5984
09/29/2017 22:59:54	47.0	47.0	14.9606
09/29/2017 23:00:06	47.0	47.0	13.7566
09/29/2017 23:00:17	47.0	47.0	13.9108
09/29/2017 23:00:28	47.0	47.0	16.7979
09/29/2017 23:00:39	49.0	49.0	16.5775
09/29/2017 23:00:50	52.0	51.0	2.53807
