10/06/2017 16:48:13	32.0	31.0	1.50754
10/06/2017 16:48:24	30.0	28.0	0.505051
10/06/2017 16:48:35	29.0	29.0	0.506329
10/06/2017 16:48:46	30.0	29.0	0.503778
10/06/2017 16:48:57	30.0	30.0	0.252525
10/06/2017 16:49:08	30.0	30.0	0.757576
10/06/2017 16:49:19	31.0	30.0	1.00756
10/06/2017 16:49:30	30.0	31.0	0.505051
10/06/2017 16:49:41	31.0	30.0	0.252525
10/06/2017 16:49:52	31.0	31.0	0.505051
10/06/2017 16:50:03	31.0	32.0	0.755668
10/06/2017 16:50:14	31.0	31.0	0.757576
10/06/2017 16:50:25	32.0	32.0	0.505051
10/06/2017 16:50:36	32.0	32.0	0.252525
10/06/2017 16:50:47	33.0	33.0	8.50515
10/06/2017 16:50:58	32.0	33.0	4.62725
10/06/2017 16:51:09	33.0	33.0	3.57143
10/06/2017 16:51:20	33.0	34.0	5.07614
10/06/2017 16:51:31	34.0	33.0	3.02013
10/06/2017 16:51:42	33.0	34.0	4.65116
10/06/2017 16:51:53	34.0	35.0	4.31894
10/06/2017 16:52:04	35.0	35.0	4.0678
10/06/2017 16:52:16	35.0	35.0	3.34448
10/06/2017 16:52:27	35.0	35.0	3.98671
10/06/2017 16:52:38	35.0	36.0	0.755668
10/06/2017 16:52:49	35.0	36.0	0.252525
10/06/2017 16:53:00	35.0	35.0	0.506329
10/06/2017 16:53:11	35.0	35.0	0.502513
10/06/2017 16:53:22	36.0	37.0	0.252525
10/06/2017 16:53:33	36.0	36.0	0.503778
10/06/2017 16:53:44	36.0	36.0	0.755668
10/06/2017 16:53:55	36.0	37.0	3.30789
10/06/2017 16:54:06	36.0	36.0	4.60358
10/06/2017 16:54:17	36.0	37.0	0.253165
10/06/2017 16:54:28	36.0	37.0	0.503778
10/06/2017 16:54:39	36.0	37.0	0.253165
10/06/2017 16:54:50	36.0	36.0	0.503778
10/06/2017 16:55:01	36.0	36.0	0.503778
10/06/2017 16:55:12	36.0	37.0	0.505051
10/06/2017 16:55:23	36.0	37.0	0.503778
10/06/2017 16:55:34	36.0	37.0	0.503778
10/06/2017 16:55:45	36.0	37.0	0.252525
10/06/2017 16:55:56	38.0	38.0	0.753769
10/06/2017 16:56:07	37.0	37.0	0.252525
10/06/2017 16:56:18	37.0	37.0	0.503778
10/06/2017 16:56:29	37.0	37.0	0.503778
10/06/2017 16:56:40	37.0	37.0	0.505051
10/06/2017 16:56:51	38.0	37.0	0.251889
10/06/2017 16:57:02	37.0	37.0	0.505051
10/06/2017 16:57:13	37.0	37.0	0.506329
10/06/2017 16:57:24	39.0	37.0	0.253165
10/06/2017 16:57:35	38.0	38.0	0.753769
10/06/2017 16:57:46	38.0	37.0	0.251256
10/06/2017 16:57:58	38.0	37.0	0.503778
10/06/2017 16:58:09	38.0	37.0	0
10/06/2017 16:58:20	37.0	37.0	0.755668
10/06/2017 16:58:31	37.0	37.0	0.503778
10/06/2017 16:58:42	39.0	38.0	0.505051
10/06/2017 16:58:53	37.0	39.0	0.503778
10/06/2017 16:59:04	39.0	37.0	0.252525
10/06/2017 16:59:15	38.0	38.0	0.503778
10/06/2017 16:59:26	38.0	38.0	1.00756
10/06/2017 16:59:37	39.0	38.0	0.503778
10/06/2017 16:59:48	39.0	38.0	0.252525
10/06/2017 16:59:59	38.0	38.0	0.502513
10/06/2017 17:00:10	38.0	38.0	0.253165
10/06/2017 17:00:21	38.0	38.0	0.503778
10/06/2017 17:00:32	38.0	39.0	0.505051
10/06/2017 17:00:43	39.0	39.0	0.252525
10/06/2017 17:00:54	39.0	39.0	0.503778
10/06/2017 17:01:05	39.0	39.0	0.252525
10/06/2017 17:01:16	38.0	39.0	0.252525
10/06/2017 17:01:27	39.0	39.0	0.503778
10/06/2017 17:01:38	40.0	39.0	0.503778
10/06/2017 17:01:49	39.0	39.0	0.755668
10/06/2017 17:02:00	40.0	39.0	0.503778
10/06/2017 17:02:11	39.0	39.0	0.505051
10/06/2017 17:02:22	40.0	39.0	0.503778
10/06/2017 17:02:33	41.0	40.0	0.503778
10/06/2017 17:02:44	39.0	39.0	0.753769
10/06/2017 17:02:55	40.0	40.0	0.503778
10/06/2017 17:03:06	40.0	40.0	0.252525
10/06/2017 17:03:17	39.0	38.0	0.503778
10/06/2017 17:03:28	39.0	40.0	0.757576
10/06/2017 17:03:39	40.0	39.0	0.251889
10/06/2017 17:03:50	39.0	40.0	0.503778
10/06/2017 17:04:01	39.0	39.0	0.505051
10/06/2017 17:04:12	40.0	39.0	0.753769
10/06/2017 17:04:23	40.0	40.0	0.253165
10/06/2017 17:04:34	40.0	40.0	0.502513
10/06/2017 17:04:45	39.0	40.0	0.503778
10/06/2017 17:04:57	40.0	40.0	0.502513
10/06/2017 17:05:08	40.0	40.0	0.753769
10/06/2017 17:05:19	40.0	40.0	0.503778
10/06/2017 17:05:30	40.0	40.0	0.502513
10/06/2017 17:05:41	39.0	40.0	0.503778
10/06/2017 17:05:52	40.0	40.0	0.252525
10/06/2017 17:06:03	40.0	40.0	1.00503
10/06/2017 17:06:14	41.0	40.0	0.252525
10/06/2017 17:06:25	40.0	40.0	0.253165
10/06/2017 17:06:36	40.0	40.0	0.252525
10/06/2017 17:06:47	40.0	41.0	0.503778
10/06/2017 17:06:58	40.0	40.0	0.505051
10/06/2017 17:07:09	41.0	40.0	0.503778
10/06/2017 17:07:20	42.0	40.0	0.503778
10/06/2017 17:07:31	40.0	40.0	0.252525
10/06/2017 17:07:42	40.0	40.0	0.252525
10/06/2017 17:07:53	41.0	41.0	0.503778
10/06/2017 17:08:04	40.0	41.0	3.29114
10/06/2017 17:08:15	40.0	40.0	0.503778
10/06/2017 17:08:26	40.0	41.0	0.503778
10/06/2017 17:08:37	41.0	40.0	0.253165
10/06/2017 17:08:48	41.0	40.0	0.251889
10/06/2017 17:08:59	41.0	41.0	0.755668
10/06/2017 17:09:10	42.0	40.0	0.503778
10/06/2017 17:09:21	41.0	41.0	0.503778
10/06/2017 17:09:32	41.0	41.0	0.505051
10/06/2017 17:09:43	41.0	41.0	0.753769
10/06/2017 17:09:54	41.0	41.0	0.503778
10/06/2017 17:10:05	41.0	40.0	0.252525
10/06/2017 17:10:16	41.0	41.0	0.502513
10/06/2017 17:10:27	42.0	41.0	0.252525
10/06/2017 17:10:38	41.0	41.0	0.502513
10/06/2017 17:10:49	41.0	41.0	0.503778
10/06/2017 17:11:00	42.0	42.0	0.503778
10/06/2017 17:11:11	43.0	42.0	0.753769
10/06/2017 17:11:22	41.0	40.0	0.252525
10/06/2017 17:11:34	41.0	41.0	0.505051
10/06/2017 17:11:45	42.0	41.0	0.252525
10/06/2017 17:11:56	41.0	41.0	0.503778
10/06/2017 17:12:07	41.0	42.0	0.252525
10/06/2017 17:12:18	42.0	41.0	0.252525
10/06/2017 17:12:29	42.0	42.0	0.502513
10/06/2017 17:12:40	42.0	41.0	0.503778
10/06/2017 17:12:51	41.0	42.0	1.00251
10/06/2017 17:13:02	41.0	42.0	0
10/06/2017 17:13:13	42.0	42.0	0.503778
10/06/2017 17:13:24	41.0	42.0	0.505051
10/06/2017 17:13:35	41.0	42.0	0.755668
10/06/2017 17:13:46	41.0	42.0	0.251889
10/06/2017 17:13:57	41.0	42.0	0.503778
10/06/2017 17:14:08	41.0	41.0	0.252525
10/06/2017 17:14:19	42.0	42.0	0.253165
10/06/2017 17:14:30	42.0	42.0	0.505051
10/06/2017 17:14:41	42.0	42.0	0.503778
10/06/2017 17:14:52	42.0	42.0	0.252525
10/06/2017 17:15:03	42.0	42.0	0.252525
10/06/2017 17:15:14	42.0	42.0	0.503778
10/06/2017 17:15:25	42.0	42.0	0.252525
10/06/2017 17:15:36	42.0	42.0	0.505051
10/06/2017 17:15:47	42.0	42.0	0.252525
10/06/2017 17:15:58	42.0	42.0	0.503778
10/06/2017 17:16:09	42.0	42.0	0.252525
10/06/2017 17:16:20	42.0	42.0	0.753769
10/06/2017 17:16:31	42.0	42.0	0
10/06/2017 17:16:42	43.0	42.0	0.753769
10/06/2017 17:16:53	42.0	42.0	0.505051
10/06/2017 17:17:04	42.0	42.0	0.505051
10/06/2017 17:17:15	42.0	42.0	0.503778
10/06/2017 17:17:26	43.0	42.0	0.755668
10/06/2017 17:17:37	42.0	42.0	0.503778
10/06/2017 17:17:48	42.0	42.0	0.505051
10/06/2017 17:17:59	42.0	42.0	0.505051
10/06/2017 17:18:10	42.0	42.0	0.503778
10/06/2017 17:18:22	42.0	42.0	0.503778
10/06/2017 17:18:33	42.0	42.0	0.503778
10/06/2017 17:18:44	42.0	42.0	0.253165
10/06/2017 17:18:55	43.0	42.0	0.503778
10/06/2017 17:19:06	42.0	42.0	0.503778
10/06/2017 17:19:17	43.0	43.0	0.251889
10/06/2017 17:19:28	43.0	42.0	1.76768
10/06/2017 17:19:39	43.0	42.0	0.251889
10/06/2017 17:19:50	43.0	42.0	0.505051
10/06/2017 17:20:01	43.0	42.0	0.253165
10/06/2017 17:20:12	43.0	43.0	0.755668
10/06/2017 17:20:23	42.0	42.0	0.503778
10/06/2017 17:20:34	43.0	42.0	0.503778
10/06/2017 17:20:45	42.0	42.0	0.503778
10/06/2017 17:20:56	43.0	42.0	0.753769
10/06/2017 17:21:07	43.0	43.0	0.251889
10/06/2017 17:21:18	43.0	42.0	0.753769
10/06/2017 17:21:29	42.0	42.0	0.503778
10/06/2017 17:21:40	42.0	42.0	0.505051
10/06/2017 17:21:51	43.0	43.0	0.251889
10/06/2017 17:22:02	43.0	42.0	0.753769
10/06/2017 17:22:13	43.0	43.0	0.502513
10/06/2017 17:22:24	43.0	43.0	0.252525
10/06/2017 17:22:35	43.0	42.0	0.503778
10/06/2017 17:22:46	42.0	44.0	0.252525
10/06/2017 17:22:57	43.0	43.0	0.503778
10/06/2017 17:23:08	42.0	43.0	0.253165
10/06/2017 17:23:19	43.0	43.0	0.252525
10/06/2017 17:23:30	43.0	43.0	0.252525
10/06/2017 17:23:42	42.0	43.0	31.383
10/06/2017 17:23:53	45.0	46.0	22.8477
10/06/2017 17:24:04	45.0	45.0	14.4737
10/06/2017 17:24:15	46.0	46.0	39.8922
10/06/2017 17:24:26	48.0	48.0	14.9215
10/06/2017 17:24:37	49.0	48.0	15.1832
10/06/2017 17:24:48	49.0	48.0	22.4359
10/06/2017 17:24:59	49.0	49.0	25.5102
10/06/2017 17:25:11	50.0	51.0	14.3236
10/06/2017 17:25:22	50.0	50.0	19.3798
10/06/2017 17:25:33	51.0	51.0	19.6335
10/06/2017 17:25:44	52.0	52.0	18.799
10/06/2017 17:25:55	52.0	52.0	19.8966
10/06/2017 17:26:06	53.0	52.0	18.2292
10/06/2017 17:26:14	54.0	53.0	12.5654
10/06/2017 17:26:25	54.0	53.0	12.6316
10/06/2017 17:26:36	54.0	54.0	12.3037
10/06/2017 17:26:47	54.0	54.0	14.2119
10/06/2017 17:26:58	55.0	54.0	12.0735
10/06/2017 17:27:09	55.0	54.0	12.8609
10/06/2017 17:27:20	55.0	54.0	12.1053
10/06/2017 17:27:31	55.0	54.0	15.601
10/06/2017 17:27:42	55.0	55.0	12.4011
10/06/2017 17:27:53	55.0	56.0	12.336
10/06/2017 17:28:04	55.0	55.0	11.9681
10/06/2017 17:28:15	56.0	56.0	12.1053
10/06/2017 17:28:26	56.0	56.0	14.433
10/06/2017 17:28:37	57.0	57.0	15.8291
10/06/2017 17:28:48	54.0	54.0	12.5326
10/06/2017 17:28:59	52.0	51.0	13.9474
10/06/2017 17:29:10	50.0	50.0	14.4737
10/06/2017 17:29:21	49.0	48.0	13.4921
10/06/2017 17:29:32	48.0	47.0	14.6982
10/06/2017 17:29:43	47.0	47.0	13.9842
10/06/2017 17:29:54	49.0	49.0	14.2857
10/06/2017 17:30:05	50.0	50.0	13.4921
10/06/2017 17:30:16	51.0	51.0	22.2494
10/06/2017 17:30:28	52.0	52.0	12.0735
10/06/2017 17:30:39	53.0	53.0	12.336
10/06/2017 17:30:50	54.0	53.0	20.6731
10/06/2017 17:31:01	54.0	54.0	13.4921
10/06/2017 17:31:12	55.0	54.0	12.4011
10/06/2017 17:31:23	56.0	54.0	12.3037
10/06/2017 17:31:34	56.0	56.0	12.0735
10/06/2017 17:31:45	57.0	56.0	13.3159
10/06/2017 17:31:56	54.0	54.0	23.445
10/06/2017 17:32:07	52.0	53.0	12.8947
10/06/2017 17:32:18	50.0	50.0	13.9474
10/06/2017 17:32:29	50.0	50.0	13.5638
10/06/2017 17:32:40	48.0	49.0	14.6277
10/06/2017 17:32:51	48.0	47.0	14.759
10/06/2017 17:33:02	48.0	49.0	21.1823
10/06/2017 17:33:13	51.0	50.0	12.6649
10/06/2017 17:33:24	51.0	51.0	15.0794
10/06/2017 17:33:35	52.0	53.0	12.1372
10/06/2017 17:33:46	54.0	53.0	14.248
10/06/2017 17:33:57	56.0	54.0	12.8609
10/06/2017 17:34:08	55.0	54.0	12.1372
10/06/2017 17:34:19	56.0	56.0	12.3037
10/06/2017 17:34:30	56.0	56.0	11.9363
10/06/2017 17:34:41	57.0	56.0	23.7209
10/06/2017 17:34:52	54.0	54.0	12.3684
10/06/2017 17:35:03	52.0	52.0	14.2857
10/06/2017 17:35:15	50.0	51.0	12.3324
10/06/2017 17:35:26	50.0	50.0	20.4489
10/06/2017 17:35:37	48.0	48.0	13.7931
10/06/2017 17:35:48	48.0	47.0	15.0396
10/06/2017 17:35:59	47.0	46.0	15.1194
10/06/2017 17:36:10	49.0	48.0	18.8917
10/06/2017 17:36:21	50.0	50.0	13.7566
10/06/2017 17:36:32	52.0	51.0	12.6984
10/06/2017 17:36:43	52.0	53.0	12.6316
10/06/2017 17:36:54	54.0	54.0	14.4357
10/06/2017 17:37:05	54.0	54.0	12.3037
10/06/2017 17:37:16	55.0	55.0	13.6126
10/06/2017 17:37:27	56.0	56.0	12.0735
10/06/2017 17:37:38	57.0	55.0	12.6984
10/06/2017 17:37:49	54.0	54.0	11.8734
10/06/2017 17:38:00	52.0	52.0	14.8541
10/06/2017 17:38:11	50.0	51.0	13.9785
10/06/2017 17:38:22	50.0	50.0	15
10/06/2017 17:38:33	49.0	48.0	14.5119
10/06/2017 17:38:44	48.0	48.0	13.7931
10/06/2017 17:38:55	48.0	47.0	14.5119
10/06/2017 17:39:06	49.0	48.0	13.3333
10/06/2017 17:39:17	50.0	50.0	13.7931
10/06/2017 17:39:28	51.0	51.0	12.3684
10/06/2017 17:39:40	53.0	52.0	13.9108
10/06/2017 17:39:51	54.0	54.0	12.6649
10/06/2017 17:40:02	55.0	54.0	12.963
10/06/2017 17:40:13	55.0	55.0	11.8734
10/06/2017 17:40:24	56.0	55.0	12.4011
10/06/2017 17:40:35	57.0	56.0	12.1693
10/06/2017 17:40:46	55.0	54.0	13.089
10/06/2017 17:40:57	53.0	53.0	14.248
10/06/2017 17:41:08	51.0	51.0	13.5638
10/06/2017 17:41:19	50.0	50.0	14.4
10/06/2017 17:41:30	49.0	49.0	13.7566
10/06/2017 17:41:41	48.0	48.0	14.3617
10/06/2017 17:41:52	48.0	47.0	14.0957
10/06/2017 17:42:03	47.0	47.0	14.8936
10/06/2017 17:42:14	48.0	48.0	14.4737
10/06/2017 17:42:25	50.0	50.0	12.963
10/06/2017 17:42:36	51.0	51.0	12.5654
10/06/2017 17:42:47	52.0	53.0	13.4565
10/06/2017 17:42:58	53.0	54.0	12.4339
10/06/2017 17:43:09	55.0	54.0	13.1234
10/06/2017 17:43:20	55.0	55.0	12.1372
10/06/2017 17:43:31	56.0	56.0	12.4011
10/06/2017 17:43:42	56.0	56.0	11.9048
10/06/2017 17:43:53	55.0	54.0	12.766
10/06/2017 17:44:04	52.0	53.0	15.2
10/06/2017 17:44:15	51.0	51.0	14.0957
10/06/2017 17:44:27	50.0	50.0	14.248
10/06/2017 17:44:38	49.0	49.0	14.0212
10/06/2017 17:44:49	48.0	48.0	14.0957
10/06/2017 17:45:00	48.0	48.0	13.9037
10/06/2017 17:45:11	48.0	47.0	13.8298
10/06/2017 17:45:22	49.0	48.0	13.2979
10/06/2017 17:45:33	51.0	50.0	14.1732
10/06/2017 17:45:44	51.0	51.0	12.6316
10/06/2017 17:45:55	52.0	52.0	13.1054
10/06/2017 17:46:06	54.0	54.0	12.8609
10/06/2017 17:46:17	55.0	54.0	12.4011
10/06/2017 17:46:28	56.0	55.0	12.4339
10/06/2017 17:46:39	56.0	55.0	13.2812
10/06/2017 17:46:50	57.0	56.0	12.336
10/06/2017 17:47:01	54.0	53.0	13.089
10/06/2017 17:47:12	51.0	52.0	13.2275
10/06/2017 17:47:23	51.0	51.0	14.6982
10/06/2017 17:47:34	50.0	50.0	14.2105
10/06/2017 17:47:45	49.0	49.0	13.5638
10/06/2017 17:47:57	49.0	48.0	14.0212
10/06/2017 17:48:08	48.0	48.0	13.9108
10/06/2017 17:48:19	47.0	47.0	13.7931
10/06/2017 17:48:30	48.0	47.0	13.7566
10/06/2017 17:48:41	48.0	48.0	14.3236
10/06/2017 17:48:52	50.0	50.0	13.4211
10/06/2017 17:49:03	52.0	51.0	12.6316
10/06/2017 17:49:14	52.0	52.0	13.1926
10/06/2017 17:49:25	54.0	54.0	13.7203
10/06/2017 17:49:36	55.0	54.0	13.1579
10/06/2017 17:49:47	55.0	55.0	12.3684
10/06/2017 17:49:58	56.0	56.0	12.1372
10/06/2017 17:50:09	57.0	56.0	12.1693
10/06/2017 17:50:20	54.0	54.0	13.9842
10/06/2017 17:50:31	52.0	51.0	13.9474
10/06/2017 17:50:42	51.0	50.0	13.7566
10/06/2017 17:50:53	50.0	50.0	14.248
10/06/2017 17:51:04	49.0	48.0	14.4357
10/06/2017 17:51:15	49.0	48.0	13.7931
10/06/2017 17:51:26	48.0	47.0	13.9842
10/06/2017 17:51:37	48.0	47.0	14.2857
10/06/2017 17:51:48	47.0	47.0	14.0212
10/06/2017 17:51:59	48.0	47.0	13.8298
10/06/2017 17:52:10	50.0	48.0	13.3159
10/06/2017 17:52:21	51.0	51.0	12.963
10/06/2017 17:52:32	52.0	51.0	14.7945
10/06/2017 17:52:44	54.0	53.0	11.4058
10/06/2017 17:52:55	55.0	53.0	13.4211
10/06/2017 17:53:06	55.0	54.0	12.1372
10/06/2017 17:53:17	56.0	55.0	12.7937
10/06/2017 17:53:28	57.0	56.0	12.6316
10/06/2017 17:53:39	55.0	55.0	13.3508
10/06/2017 17:53:50	53.0	52.0	13.7203
10/06/2017 17:54:01	51.0	51.0	14.4737
10/06/2017 17:54:12	50.0	50.0	13.6842
10/06/2017 17:54:23	49.0	49.0	13.7203
10/06/2017 17:54:34	49.0	48.0	13.6483
10/06/2017 17:54:45	49.0	48.0	14.1732
10/06/2017 17:54:56	48.0	47.0	13.7203
10/06/2017 17:55:07	47.0	47.0	13.4211
10/06/2017 17:55:18	47.0	46.0	14.1732
10/06/2017 17:55:29	49.0	48.0	13.9108
10/06/2017 17:55:40	51.0	51.0	13.6842
10/06/2017 17:55:51	52.0	52.0	11.7801
10/06/2017 17:56:02	53.0	53.0	12.7937
10/06/2017 17:56:13	54.0	54.0	12.7604
10/06/2017 17:56:24	55.0	54.0	12.3684
10/06/2017 17:56:35	55.0	55.0	12.5326
10/06/2017 17:56:46	57.0	56.0	12.7273
10/06/2017 17:56:57	57.0	56.0	13.5065
10/06/2017 17:57:08	55.0	54.0	12.1372
10/06/2017 17:57:20	53.0	52.0	13.3508
10/06/2017 17:57:31	51.0	51.0	14.248
10/06/2017 17:57:42	50.0	50.0	13.8743
10/06/2017 17:57:53	49.0	49.0	14.1361
10/06/2017 17:58:04	49.0	48.0	13.7203
10/06/2017 17:58:15	48.0	48.0	13.6842
10/06/2017 17:58:26	48.0	47.0	14.3603
10/06/2017 17:58:37	47.0	47.0	13.4211
10/06/2017 17:58:48	49.0	49.0	12.0735
10/06/2017 17:58:59	51.0	51.0	12.8947
10/06/2017 17:59:10	52.0	52.0	12.8609
10/06/2017 17:59:21	53.0	53.0	11.8421
10/06/2017 17:59:32	54.0	54.0	12.6649
10/06/2017 17:59:43	55.0	55.0	11.8421
10/06/2017 17:59:54	55.0	56.0	13.0208
10/06/2017 18:00:05	57.0	56.0	12.2715
10/06/2017 18:00:16	56.0	56.0	12.3684
10/06/2017 18:00:27	53.0	53.0	13.4211
10/06/2017 18:00:38	51.0	51.0	13.9108
10/06/2017 18:00:49	50.0	50.0	13.2275
10/06/2017 18:01:00	49.0	49.0	13.1926
10/06/2017 18:01:11	49.0	48.0	16.4103
10/06/2017 18:01:22	49.0	48.0	13.6483
10/06/2017 18:01:33	48.0	47.0	13.7203
10/06/2017 18:01:44	47.0	47.0	16.5394
10/06/2017 18:01:55	47.0	47.0	16.4524
10/06/2017 18:02:06	49.0	48.0	16.7939
10/06/2017 18:02:18	50.0	50.0	14.1732
10/06/2017 18:02:29	51.0	51.0	12.1053
10/06/2017 18:02:40	52.0	52.0	12.5984
10/06/2017 18:02:51	54.0	54.0	11.811
10/06/2017 18:03:02	55.0	54.0	13.1234
10/06/2017 18:03:13	56.0	55.0	11.5486
10/06/2017 18:03:24	56.0	56.0	12.3037
10/06/2017 18:03:35	54.0	54.0	12.6943
10/06/2017 18:03:46	52.0	52.0	17.2152
10/06/2017 18:03:57	51.0	51.0	17.1285
10/06/2017 18:04:08	50.0	50.0	15.2455
10/06/2017 18:04:19	49.0	48.0	14.1361
10/06/2017 18:04:30	48.0	48.0	13.1579
10/06/2017 18:04:41	48.0	47.0	13.7203
10/06/2017 18:04:52	48.0	47.0	17.3367
10/06/2017 18:05:03	48.0	48.0	14.1732
10/06/2017 18:05:14	50.0	50.0	13.9108
10/06/2017 18:05:25	51.0	51.0	13.4211
10/06/2017 18:05:36	52.0	53.0	15.9091
10/06/2017 18:05:47	54.0	53.0	12.7604
10/06/2017 18:05:58	55.0	54.0	12.5654
10/06/2017 18:06:09	56.0	55.0	16.792
10/06/2017 18:06:20	56.0	55.0	11.811
10/06/2017 18:06:31	57.0	56.0	13.2812
10/06/2017 18:06:42	54.0	53.0	13.1234
10/06/2017 18:06:53	52.0	52.0	14.0992
10/06/2017 18:07:05	51.0	51.0	13.1926
10/06/2017 18:07:16	50.0	49.0	17.1717
10/06/2017 18:07:27	49.0	49.0	20.4433
10/06/2017 18:07:38	49.0	48.0	18.408
10/06/2017 18:07:49	48.0	48.0	15.3247
10/06/2017 18:08:00	48.0	47.0	13.9842
10/06/2017 18:08:11	48.0	46.0	14.5119
10/06/2017 18:08:22	48.0	47.0	14.1732
10/06/2017 18:08:33	49.0	48.0	13.9474
10/06/2017 18:08:44	50.0	51.0	12.8609
10/06/2017 18:08:55	52.0	51.0	12.0419
10/06/2017 18:09:06	53.0	53.0	12.1053
10/06/2017 18:09:17	54.0	54.0	12.5654
10/06/2017 18:09:28	55.0	54.0	12.336
10/06/2017 18:09:39	57.0	56.0	15.6566
10/06/2017 18:09:50	57.0	56.0	13.0548
10/06/2017 18:10:01	54.0	54.0	12.3684
10/06/2017 18:10:12	52.0	53.0	13.5417
10/06/2017 18:10:23	51.0	51.0	13.577
10/06/2017 18:10:34	50.0	50.0	14.0212
10/06/2017 18:10:45	49.0	48.0	14.3603
10/06/2017 18:10:56	49.0	48.0	13.9474
10/06/2017 18:11:07	48.0	48.0	13.1926
10/06/2017 18:11:18	48.0	47.0	14.4357
10/06/2017 18:11:29	48.0	46.0	13.8743
10/06/2017 18:11:40	48.0	48.0	14.4737
10/06/2017 18:11:52	50.0	50.0	13.089
10/06/2017 18:12:03	52.0	51.0	12.9973
10/06/2017 18:12:14	52.0	52.0	12.3684
10/06/2017 18:12:25	54.0	53.0	12.0735
10/06/2017 18:12:36	55.0	54.0	12.3037
10/06/2017 18:12:47	55.0	55.0	12.5984
10/06/2017 18:12:58	56.0	55.0	12.2396
10/06/2017 18:13:09	54.0	54.0	12.963
10/06/2017 18:13:20	52.0	52.0	13.3159
10/06/2017 18:13:31	51.0	51.0	13.1926
10/06/2017 18:13:42	50.0	50.0	14.4357
10/06/2017 18:13:53	49.0	49.0	14.4357
10/06/2017 18:14:04	49.0	48.0	13.7566
10/06/2017 18:14:15	48.0	47.0	13.9842
10/06/2017 18:14:26	48.0	47.0	13.9474
10/06/2017 18:14:37	48.0	46.0	15.7216
10/06/2017 18:14:48	49.0	49.0	14.3979
10/06/2017 18:14:59	51.0	51.0	13.089
10/06/2017 18:15:10	52.0	52.0	13.6126
10/06/2017 18:15:21	54.0	53.0	12.0419
10/06/2017 18:15:32	54.0	54.0	12.5984
10/06/2017 18:15:43	55.0	55.0	12.6943
10/06/2017 18:15:54	56.0	55.0	12.3037
10/06/2017 18:16:05	57.0	56.0	12.5984
10/06/2017 18:16:16	55.0	54.0	13.3159
10/06/2017 18:16:27	52.0	52.0	13.1926
10/06/2017 18:16:39	51.0	51.0	14.3603
10/06/2017 18:16:50	50.0	50.0	13.6483
10/06/2017 18:17:01	49.0	48.0	14.2473
10/06/2017 18:17:12	49.0	48.0	15.0259
10/06/2017 18:17:23	48.0	47.0	14.3603
10/06/2017 18:17:34	48.0	47.0	13.7931
10/06/2017 18:17:45	47.0	46.0	13.1579
10/06/2017 18:17:56	48.0	48.0	15.1042
10/06/2017 18:18:07	50.0	49.0	13.6842
10/06/2017 18:18:18	51.0	51.0	14.3979
10/06/2017 18:18:29	52.0	52.0	12.3684
10/06/2017 18:18:40	53.0	53.0	12.6316
10/06/2017 18:18:51	55.0	54.0	12.3037
10/06/2017 18:19:02	56.0	55.0	13.2812
10/06/2017 18:19:13	56.0	55.0	11.7801
10/06/2017 18:19:24	57.0	57.0	12.3037
10/06/2017 18:19:35	54.0	54.0	11.8421
10/06/2017 18:19:46	53.0	53.0	12.6316
10/06/2017 18:19:57	51.0	51.0	15.0649
10/06/2017 18:20:08	50.0	50.0	13.7203
10/06/2017 18:20:19	50.0	49.0	14.6214
10/06/2017 18:20:30	48.0	48.0	13.6483
10/06/2017 18:20:41	48.0	48.0	14.8438
10/06/2017 18:20:52	48.0	47.0	13.4921
10/06/2017 18:21:03	47.0	47.0	14.6214
10/06/2017 18:21:14	47.0	47.0	13.1926
10/06/2017 18:21:25	49.0	49.0	14.1361
10/06/2017 18:21:37	50.0	51.0	13.6842
10/06/2017 18:21:48	52.0	51.0	12.336
10/06/2017 18:21:59	53.0	53.0	12.3037
10/06/2017 18:22:10	54.0	54.0	12.5326
10/06/2017 18:22:21	55.0	54.0	12.2715
10/06/2017 18:22:32	56.0	56.0	12.0419
10/06/2017 18:22:43	57.0	56.0	11.8421
10/06/2017 18:22:54	54.0	54.0	12.6316
10/06/2017 18:23:05	52.0	53.0	17.0918
10/06/2017 18:23:16	50.0	51.0	13.4565
10/06/2017 18:23:27	50.0	50.0	14.6214
10/06/2017 18:23:38	49.0	49.0	13.6483
10/06/2017 18:23:49	49.0	48.0	14.3979
10/06/2017 18:24:00	48.0	48.0	13.7566
10/06/2017 18:24:11	48.0	47.0	14.248
10/06/2017 18:24:22	47.0	46.0	14.0212
10/06/2017 18:24:33	50.0	48.0	14.1732
10/06/2017 18:24:44	51.0	51.0	14.3603
10/06/2017 18:24:55	52.0	52.0	13.0208
10/06/2017 18:25:06	53.0	53.0	11.6095
10/06/2017 18:25:17	54.0	54.0	12.8609
10/06/2017 18:25:28	55.0	55.0	12.1053
10/06/2017 18:25:39	56.0	55.0	19.4712
10/06/2017 18:25:50	57.0	56.0	12.5654
10/06/2017 18:26:01	55.0	54.0	11.8421
10/06/2017 18:26:12	53.0	52.0	14.1732
10/06/2017 18:26:24	51.0	51.0	13.1926
10/06/2017 18:26:35	50.0	50.0	21.1679
10/06/2017 18:26:46	49.0	49.0	13.4565
10/06/2017 18:26:57	49.0	48.0	13.7203
10/06/2017 18:27:08	48.0	48.0	13.8743
10/06/2017 18:27:19	48.0	47.0	12.8947
10/06/2017 18:27:30	48.0	47.0	13.8381
10/06/2017 18:27:41	48.0	47.0	14.4357
10/06/2017 18:27:52	50.0	50.0	13.1926
10/06/2017 18:28:03	51.0	50.0	15.1436
10/06/2017 18:28:14	52.0	52.0	11.6095
10/06/2017 18:28:25	53.0	53.0	12.1372
10/06/2017 18:28:36	54.0	54.0	12.6649
10/06/2017 18:28:47	55.0	55.0	12.3684
10/06/2017 18:28:58	56.0	55.0	12.5326
10/06/2017 18:29:09	57.0	56.0	12.336
10/06/2017 18:29:20	55.0	54.0	11.8734
10/06/2017 18:29:31	53.0	53.0	23.9437
10/06/2017 18:29:42	51.0	51.0	14.1361
10/06/2017 18:29:53	50.0	50.0	13.1926
10/06/2017 18:30:04	50.0	50.0	14.248
10/06/2017 18:30:15	48.0	48.0	13.6483
10/06/2017 18:30:26	48.0	48.0	13.8743
10/06/2017 18:30:37	48.0	47.0	13.4565
10/06/2017 18:30:48	48.0	47.0	13.4565
10/06/2017 18:30:59	48.0	47.0	14.1361
10/06/2017 18:31:10	49.0	48.0	14.6982
10/06/2017 18:31:22	51.0	51.0	13.4565
10/06/2017 18:31:33	52.0	51.0	12.5654
10/06/2017 18:31:44	54.0	53.0	12.3037
10/06/2017 18:31:55	54.0	54.0	13.3159
10/06/2017 18:32:06	55.0	54.0	12.0419
10/06/2017 18:32:17	56.0	55.0	12.0419
10/06/2017 18:32:28	56.0	56.0	13.089
10/06/2017 18:32:39	55.0	55.0	12.7937
10/06/2017 18:32:50	53.0	53.0	12.6316
10/06/2017 18:33:01	51.0	51.0	12.6984
10/06/2017 18:33:12	51.0	50.0	15.0259
10/06/2017 18:33:23	50.0	49.0	13.2275
10/06/2017 18:33:34	49.0	48.0	14.4357
10/06/2017 18:33:45	48.0	48.0	16.7939
10/06/2017 18:33:56	48.0	47.0	13.9474
10/06/2017 18:34:07	48.0	47.0	13.1926
10/06/2017 18:34:18	49.0	48.0	15.5039
10/06/2017 18:34:29	50.0	50.0	13.7203
10/06/2017 18:34:40	51.0	51.0	12.8272
10/06/2017 18:34:51	53.0	53.0	13.7662
10/06/2017 18:35:02	54.0	53.0	11.8734
10/06/2017 18:35:13	55.0	54.0	13.2468
10/06/2017 18:35:24	56.0	55.0	13.2812
10/06/2017 18:35:35	57.0	56.0	12.336
10/06/2017 18:35:46	56.0	55.0	12.3684
10/06/2017 18:35:57	54.0	53.0	13.9474
10/06/2017 18:36:08	52.0	52.0	14.3979
10/06/2017 18:36:20	51.0	50.0	13.7203
10/06/2017 18:36:31	50.0	50.0	12.963
10/06/2017 18:36:42	49.0	49.0	13.9842
10/06/2017 18:36:53	49.0	48.0	13.2626
10/06/2017 18:37:04	49.0	47.0	13.9474
10/06/2017 18:37:15	48.0	48.0	13.9108
10/06/2017 18:37:26	48.0	47.0	13.6842
10/06/2017 18:37:37	48.0	48.0	13.1926
10/06/2017 18:37:48	50.0	50.0	13.9842
10/06/2017 18:37:59	51.0	51.0	12.6649
10/06/2017 18:38:10	52.0	53.0	12.0735
10/06/2017 18:38:21	53.0	54.0	18.4729
10/06/2017 18:38:32	55.0	54.0	12.336
10/06/2017 18:38:43	55.0	54.0	11.811
10/06/2017 18:38:54	57.0	55.0	15.2672
10/06/2017 18:39:05	57.0	56.0	13.3159
10/06/2017 18:39:16	55.0	55.0	12.1372
10/06/2017 18:39:27	53.0	53.0	14.2105
10/06/2017 18:39:38	51.0	51.0	19.3717
10/06/2017 18:39:49	51.0	51.0	13.9474
10/06/2017 18:40:00	50.0	49.0	20.6983
10/06/2017 18:40:12	54.0	51.0	23.8411
10/06/2017 18:40:23	51.0	50.0	23.6934
10/06/2017 18:40:34	50.0	48.0	18.1102
10/06/2017 18:40:45	49.0	48.0	18.961
10/06/2017 18:40:56	49.0	48.0	13.6842
10/06/2017 18:41:07	49.0	47.0	18.75
10/06/2017 18:41:18	48.0	47.0	21.6019
10/06/2017 18:41:29	48.0	47.0	16.8831
10/06/2017 18:41:40	49.0	49.0	14.0584
10/06/2017 18:41:51	50.0	50.0	13.6483
10/06/2017 18:42:02	52.0	51.0	16.3588
10/06/2017 18:42:13	54.0	53.0	12.7937
10/06/2017 18:42:25	54.0	54.0	12.5984
10/06/2017 18:42:36	55.0	55.0	12.336
10/06/2017 18:42:47	56.0	55.0	16.6667
10/06/2017 18:42:58	54.0	53.0	15.9269
10/06/2017 18:43:09	52.0	52.0	20.3562
10/06/2017 18:43:20	51.0	51.0	16.7979
10/06/2017 18:43:31	50.0	51.0	17.5393
10/06/2017 18:43:42	50.0	49.0	18.299
10/06/2017 18:43:53	50.0	49.0	18.75
10/06/2017 18:44:04	48.0	48.0	18.75
10/06/2017 18:44:15	49.0	49.0	16.9271
10/06/2017 18:44:26	49.0	48.0	15.8442
10/06/2017 18:44:37	48.0	48.0	17.2324
10/06/2017 18:44:48	48.0	47.0	15.873
10/06/2017 18:44:59	48.0	47.0	14.6597
10/06/2017 18:45:10	47.0	47.0	13.7566
10/06/2017 18:45:21	48.0	47.0	13.4211
10/06/2017 18:45:32	50.0	49.0	15.7623
10/06/2017 18:45:43	51.0	51.0	12.4339
10/06/2017 18:45:54	52.0	52.0	12.6316
10/06/2017 18:46:05	54.0	53.0	12.2715
10/06/2017 18:46:16	55.0	54.0	13.1926
10/06/2017 18:46:27	56.0	54.0	12.0419
10/06/2017 18:46:38	57.0	55.0	12.0419
10/06/2017 18:46:49	57.0	56.0	16.624
10/06/2017 18:47:00	55.0	55.0	12.336
10/06/2017 18:47:11	53.0	53.0	13.1234
10/06/2017 18:47:22	51.0	51.0	14.5078
10/06/2017 18:47:34	51.0	50.0	13.2275
10/06/2017 18:47:45	50.0	48.0	12.9973
10/06/2017 18:47:56	49.0	48.0	13.9842
10/06/2017 18:48:07	48.0	48.0	13.7203
10/06/2017 18:48:18	48.0	47.0	14.2105
10/06/2017 18:48:29	48.0	47.0	13.1579
10/06/2017 18:48:40	48.0	47.0	19.5545
10/06/2017 18:48:51	49.0	48.0	13.4921
10/06/2017 18:49:02	50.0	50.0	13.9474
10/06/2017 18:49:13	51.0	52.0	12.5654
10/06/2017 18:49:24	54.0	53.0	12.336
10/06/2017 18:49:35	54.0	54.0	12.6984
10/06/2017 18:49:46	55.0	54.0	12.0419
10/06/2017 18:49:57	56.0	55.0	12.3037
10/06/2017 18:50:08	56.0	56.0	12.7937
10/06/2017 18:50:19	55.0	55.0	12.1372
10/06/2017 18:50:30	53.0	53.0	17.0051
10/06/2017 18:50:41	51.0	51.0	14.1732
10/06/2017 18:50:52	50.0	51.0	13.2626
10/06/2017 18:51:03	50.0	49.0	14.1732
10/06/2017 18:51:14	49.0	48.0	13.2626
10/06/2017 18:51:25	48.0	48.0	13.9842
10/06/2017 18:51:36	48.0	48.0	13.4565
10/06/2017 18:51:47	48.0	47.0	13.7203
10/06/2017 18:51:58	48.0	47.0	14.1361
10/06/2017 18:52:10	48.0	47.0	14.2105
10/06/2017 18:52:21	49.0	48.0	14.6597
10/06/2017 18:52:32	50.0	51.0	14.0992
10/06/2017 18:52:43	52.0	53.0	11.811
10/06/2017 18:52:54	53.0	53.0	12.4011
10/06/2017 18:53:05	54.0	54.0	12.7937
10/06/2017 18:53:16	55.0	56.0	15.9494
10/06/2017 18:53:27	56.0	56.0	11.811
10/06/2017 18:53:38	57.0	56.0	14.7583
10/06/2017 18:53:49	54.0	54.0	13.577
10/06/2017 18:54:00	52.0	53.0	14.4357
10/06/2017 18:54:11	51.0	50.0	13.9108
10/06/2017 18:54:22	50.0	49.0	13.9474
10/06/2017 18:54:33	49.0	50.0	14.6214
10/06/2017 18:54:44	49.0	48.0	14.1732
10/06/2017 18:54:55	49.0	48.0	13.8743
10/06/2017 18:55:06	48.0	47.0	13.4565
10/06/2017 18:55:17	48.0	47.0	14.8438
10/06/2017 18:55:28	47.0	47.0	14.2105
10/06/2017 18:55:39	49.0	48.0	13.1926
10/06/2017 18:55:50	51.0	50.0	13.9474
10/06/2017 18:56:01	52.0	52.0	12.1053
10/06/2017 18:56:12	53.0	53.0	18.7805
10/06/2017 18:56:23	54.0	54.0	13.8743
10/06/2017 18:56:34	55.0	54.0	12.1053
10/06/2017 18:56:45	56.0	55.0	12.7937
10/06/2017 18:56:57	57.0	56.0	13.1926
10/06/2017 18:57:08	54.0	53.0	12.336
10/06/2017 18:57:19	52.0	52.0	13.1579
10/06/2017 18:57:30	51.0	51.0	14.1732
10/06/2017 18:57:41	50.0	50.0	14.2105
10/06/2017 18:57:52	50.0	49.0	13.6483
10/06/2017 18:58:03	49.0	48.0	13.7931
10/06/2017 18:58:14	49.0	48.0	13.1579
10/06/2017 18:58:25	48.0	47.0	13.9474
10/06/2017 18:58:36	48.0	47.0	13.6842
10/06/2017 18:58:47	48.0	47.0	14.0212
10/06/2017 18:58:58	48.0	48.0	17.5127
10/06/2017 18:59:09	50.0	50.0	13.4565
10/06/2017 18:59:20	51.0	51.0	12.1693
10/06/2017 18:59:31	52.0	53.0	12.8272
10/06/2017 18:59:42	54.0	53.0	12.987
10/06/2017 18:59:53	55.0	54.0	13.4715
10/06/2017 19:00:04	55.0	55.0	13.3159
10/06/2017 19:00:15	56.0	56.0	11.811
10/06/2017 19:00:26	56.0	56.0	13.089
10/06/2017 19:00:37	53.0	53.0	13.3858
10/06/2017 19:00:48	51.0	51.0	14.3603
10/06/2017 19:00:59	50.0	50.0	13.9474
10/06/2017 19:01:10	50.0	49.0	13.5279
10/06/2017 19:01:21	49.0	48.0	14.1361
10/06/2017 19:01:33	48.0	48.0	15.0649
10/06/2017 19:01:44	48.0	47.0	13.4565
10/06/2017 19:01:55	48.0	47.0	17.7665
10/06/2017 19:02:06	48.0	47.0	13.2626
10/06/2017 19:02:17	50.0	49.0	14.4737
10/06/2017 19:02:28	51.0	51.0	12.5984
10/06/2017 19:02:39	52.0	53.0	12.7937
10/06/2017 19:02:50	54.0	53.0	12.7604
10/06/2017 19:03:01	55.0	54.0	12.336
10/06/2017 19:03:12	56.0	54.0	12.3684
10/06/2017 19:03:23	56.0	56.0	13.0548
10/06/2017 19:03:34	55.0	56.0	13.6842
10/06/2017 19:03:45	53.0	53.0	13.0319
10/06/2017 19:03:56	51.0	51.0	20
10/06/2017 19:04:07	50.0	50.0	13.4565
10/06/2017 19:04:18	50.0	50.0	14.6597
10/06/2017 19:04:29	49.0	48.0	18.3417
10/06/2017 19:04:40	49.0	48.0	13.9474
10/06/2017 19:04:51	48.0	48.0	13.2275
10/06/2017 19:05:02	48.0	48.0	14.1732
10/06/2017 19:05:13	48.0	47.0	13.3858
10/06/2017 19:05:24	48.0	47.0	13.5638
10/06/2017 19:05:35	47.0	47.0	14.248
10/06/2017 19:05:46	49.0	48.0	13.9474
10/06/2017 19:05:57	51.0	51.0	13.1579
10/06/2017 19:06:08	52.0	51.0	12.1372
10/06/2017 19:06:20	53.0	53.0	12.5654
10/06/2017 19:06:31	54.0	54.0	13.089
10/06/2017 19:06:42	55.0	55.0	13.5065
10/06/2017 19:06:53	56.0	56.0	12.3684
10/06/2017 19:07:04	56.0	56.0	11.8734
10/06/2017 19:07:15	54.0	53.0	13.1926
10/06/2017 19:07:26	52.0	52.0	13.3508
10/06/2017 19:07:37	51.0	51.0	14.1361
10/06/2017 19:07:48	50.0	49.0	13.9842
10/06/2017 19:07:59	49.0	49.0	13.6842
10/06/2017 19:08:10	48.0	48.0	13.9108
10/06/2017 19:08:21	48.0	48.0	13.6842
10/06/2017 19:08:32	48.0	47.0	14.4357
10/06/2017 19:08:43	47.0	47.0	14.6214
10/06/2017 19:08:54	48.0	47.0	14.0212
10/06/2017 19:09:05	47.0	47.0	14.2105
10/06/2017 19:09:16	49.0	49.0	14.3229
10/06/2017 19:09:27	50.0	51.0	13.1926
10/06/2017 19:09:38	52.0	52.0	12.1372
10/06/2017 19:09:49	54.0	53.0	13.3159
10/06/2017 19:10:00	54.0	54.0	12.8272
10/06/2017 19:10:11	55.0	54.0	12.8272
10/06/2017 19:10:22	56.0	55.0	11.811
10/06/2017 19:10:33	57.0	56.0	12.3037
10/06/2017 19:10:44	55.0	54.0	12.3684
10/06/2017 19:10:55	52.0	53.0	13.1579
10/06/2017 19:11:06	51.0	51.0	13.4565
10/06/2017 19:11:18	51.0	50.0	13.6483
10/06/2017 19:11:29	49.0	49.0	13.6842
10/06/2017 19:11:40	49.0	48.0	13.2626
10/06/2017 19:11:51	48.0	48.0	13.4565
10/06/2017 19:12:02	48.0	47.0	13.9474
10/06/2017 19:12:13	48.0	47.0	13.6842
10/06/2017 19:12:24	48.0	46.0	13.6842
10/06/2017 19:12:35	48.0	48.0	14.1732
10/06/2017 19:12:46	50.0	49.0	14.4737
10/06/2017 19:12:57	51.0	51.0	13.089
10/06/2017 19:13:08	52.0	52.0	12.0735
10/06/2017 19:13:19	54.0	53.0	12.963
10/06/2017 19:13:30	55.0	54.0	13.1234
10/06/2017 19:13:41	56.0	55.0	12.336
10/06/2017 19:13:52	56.0	55.0	13.3508
10/06/2017 19:14:03	55.0	54.0	13.1234
10/06/2017 19:14:14	53.0	52.0	13.3508
10/06/2017 19:14:25	51.0	51.0	13.7931
10/06/2017 19:14:36	50.0	50.0	13.1579
10/06/2017 19:14:47	50.0	48.0	13.4921
10/06/2017 19:14:58	48.0	48.0	17.5127
10/06/2017 19:15:09	49.0	48.0	14.6982
10/06/2017 19:15:20	48.0	47.0	13.9474
10/06/2017 19:15:31	48.0	47.0	20.5882
10/06/2017 19:15:42	47.0	47.0	13.9474
10/06/2017 19:15:53	48.0	47.0	13.4921
10/06/2017 19:16:05	49.0	49.0	19
10/06/2017 19:16:16	51.0	50.0	12.8947
10/06/2017 19:16:27	52.0	51.0	12.3037
10/06/2017 19:16:38	54.0	53.0	13.2812
10/06/2017 19:16:49	55.0	54.0	13.1234
10/06/2017 19:17:00	55.0	54.0	12.7937
10/06/2017 19:17:11	56.0	56.0	12.7604
10/06/2017 19:17:22	57.0	56.0	13.0208
10/06/2017 19:17:33	55.0	54.0	12.336
10/06/2017 19:17:44	52.0	53.0	14.3229
10/06/2017 19:17:55	51.0	51.0	13.7203
10/06/2017 19:18:06	50.0	50.0	13.2626
10/06/2017 19:18:17	49.0	49.0	14.0212
10/06/2017 19:18:28	49.0	48.0	12.9973
10/06/2017 19:18:39	48.0	48.0	13.2626
10/06/2017 19:18:50	49.0	47.0	13.6483
10/06/2017 19:19:01	47.0	47.0	13.5279
10/06/2017 19:19:12	47.0	47.0	13.9474
10/06/2017 19:19:23	48.0	47.0	13.4921
10/06/2017 19:19:34	50.0	49.0	19.1067
10/06/2017 19:19:45	51.0	51.0	13.3858
10/06/2017 19:19:56	52.0	52.0	12.9288
10/06/2017 19:20:07	54.0	53.0	19.2214
10/06/2017 19:20:18	54.0	54.0	13.0548
10/06/2017 19:20:29	55.0	55.0	12.3037
10/06/2017 19:20:41	56.0	56.0	12.336
10/06/2017 19:20:52	56.0	57.0	12.336
10/06/2017 19:21:03	55.0	54.0	12.8272
10/06/2017 19:21:14	53.0	52.0	12.3684
10/06/2017 19:21:25	51.0	51.0	14.248
10/06/2017 19:21:36	50.0	50.0	13.6483
10/06/2017 19:21:47	49.0	49.0	13.9108
10/06/2017 19:21:58	49.0	48.0	14.3979
10/06/2017 19:22:09	48.0	48.0	13.2626
10/06/2017 19:22:20	48.0	47.0	13.1926
10/06/2017 19:22:31	47.0	47.0	13.2275
10/06/2017 19:22:42	47.0	46.0	14.1732
10/06/2017 19:22:53	49.0	48.0	13.7203
10/06/2017 19:23:04	50.0	51.0	17.9293
10/06/2017 19:23:15	52.0	51.0	12.1053
10/06/2017 19:23:26	53.0	53.0	12.5984
10/06/2017 19:23:37	54.0	54.0	20.9639
10/06/2017 19:23:48	55.0	54.0	12.987
10/06/2017 19:23:59	56.0	56.0	12.3037
10/06/2017 19:24:10	57.0	56.0	12.987
10/06/2017 19:24:21	55.0	54.0	12.3037
10/06/2017 19:24:32	52.0	53.0	13.3858
10/06/2017 19:24:43	51.0	51.0	13.3508
10/06/2017 19:24:54	50.0	50.0	14.2105
10/06/2017 19:25:05	50.0	48.0	14.0212
10/06/2017 19:25:16	49.0	49.0	13.3858
10/06/2017 19:25:27	48.0	49.0	13.5279
10/06/2017 19:25:39	48.0	47.0	13.9108
10/06/2017 19:25:50	48.0	47.0	14.1732
10/06/2017 19:26:01	48.0	48.0	13.4211
10/06/2017 19:26:12	50.0	49.0	14.1732
10/06/2017 19:26:23	51.0	51.0	13.6126
10/06/2017 19:26:34	52.0	52.0	12.3037
10/06/2017 19:26:45	54.0	53.0	12.8272
10/06/2017 19:26:56	54.0	54.0	13.5417
10/06/2017 19:27:07	56.0	56.0	12.8272
10/06/2017 19:27:18	57.0	56.0	12.5984
10/06/2017 19:27:29	55.0	54.0	13.1234
10/06/2017 19:27:40	54.0	53.0	13.6842
10/06/2017 19:27:51	52.0	51.0	19.0244
10/06/2017 19:28:02	50.0	50.0	13.9474
10/06/2017 19:28:13	50.0	50.0	15.3247
10/06/2017 19:28:24	49.0	49.0	13.9108
10/06/2017 19:28:35	49.0	48.0	14.248
10/06/2017 19:28:46	48.0	48.0	13.1579
10/06/2017 19:28:57	47.0	47.0	14.248
10/06/2017 19:29:08	48.0	47.0	13.4565
10/06/2017 19:29:19	48.0	48.0	13.6842
10/06/2017 19:29:30	50.0	49.0	23.2941
10/06/2017 19:29:41	51.0	51.0	13.4921
10/06/2017 19:29:52	52.0	52.0	13.7662
10/06/2017 19:30:03	53.0	53.0	12.3684
10/06/2017 19:30:14	54.0	54.0	11.6095
10/06/2017 19:30:26	55.0	54.0	13.5417
10/06/2017 19:30:37	57.0	55.0	12.2715
10/06/2017 19:30:48	55.0	56.0	15.736
10/06/2017 19:30:59	53.0	54.0	12.6316
10/06/2017 19:31:10	51.0	51.0	13.577
10/06/2017 19:31:21	50.0	50.0	14.2105
10/06/2017 19:31:32	50.0	50.0	13.4565
10/06/2017 19:31:43	49.0	48.0	19.202
10/06/2017 19:31:54	49.0	48.0	13.4921
10/06/2017 19:32:05	48.0	47.0	14.1732
10/06/2017 19:32:16	47.0	47.0	13.9474
10/06/2017 19:32:27	47.0	47.0	13.9842
10/06/2017 19:32:38	48.0	48.0	16.1125
10/06/2017 19:32:49	50.0	50.0	13.9842
10/06/2017 19:33:00	52.0	51.0	13.1234
10/06/2017 19:33:11	52.0	53.0	13.3159
10/06/2017 19:33:22	54.0	54.0	13.089
10/06/2017 19:33:33	55.0	54.0	17.8841
10/06/2017 19:33:44	55.0	55.0	12.5326
10/06/2017 19:33:55	57.0	56.0	12.5984
10/06/2017 19:34:06	55.0	54.0	13.1579
10/06/2017 19:34:17	53.0	52.0	13.3858
10/06/2017 19:34:28	52.0	51.0	19.8529
10/06/2017 19:34:39	50.0	50.0	13.2275
10/06/2017 19:34:50	49.0	50.0	13.9474
10/06/2017 19:35:02	49.0	49.0	13.0319
10/06/2017 19:35:13	49.0	48.0	13.5279
10/06/2017 19:35:24	48.0	48.0	14.5833
10/06/2017 19:35:35	49.0	48.0	13.7566
10/06/2017 19:35:46	48.0	47.0	14.248
10/06/2017 19:35:57	49.0	50.0	19.802
10/06/2017 19:36:08	50.0	51.0	13.8743
10/06/2017 19:36:19	52.0	52.0	13.6842
10/06/2017 19:36:30	53.0	53.0	12.5654
10/06/2017 19:36:41	54.0	54.0	13.8021
10/06/2017 19:36:52	55.0	55.0	12.0419
10/06/2017 19:37:03	56.0	56.0	12.5326
10/06/2017 19:37:14	57.0	57.0	12.0419
10/06/2017 19:37:25	54.0	54.0	20.197
10/06/2017 19:37:36	52.0	53.0	13.3159
10/06/2017 19:37:47	51.0	51.0	13.7203
10/06/2017 19:37:58	50.0	50.0	14.2857
10/06/2017 19:38:09	49.0	49.0	13.6842
10/06/2017 19:38:20	49.0	49.0	13.6126
10/06/2017 19:38:31	48.0	48.0	13.4211
10/06/2017 19:38:42	48.0	48.0	14.1732
10/06/2017 19:38:53	48.0	47.0	14.8052
10/06/2017 19:39:04	48.0	47.0	13.7566
10/06/2017 19:39:15	50.0	49.0	13.4565
10/06/2017 19:39:26	51.0	51.0	16.8367
10/06/2017 19:39:37	52.0	52.0	12.3037
10/06/2017 19:39:49	54.0	53.0	12.7937
10/06/2017 19:40:00	54.0	54.0	13.1234
10/06/2017 19:40:11	55.0	55.0	12.336
10/06/2017 19:40:22	56.0	55.0	12.7604
10/06/2017 19:40:33	56.0	55.0	12.0735
10/06/2017 19:40:44	54.0	53.0	13.9474
10/06/2017 19:40:55	52.0	51.0	14.3979
10/06/2017 19:41:06	51.0	51.0	13.9108
10/06/2017 19:41:17	50.0	50.0	14.248
10/06/2017 19:41:28	49.0	48.0	22.1154
10/06/2017 19:41:39	49.0	48.0	13.7203
10/06/2017 19:41:50	48.0	48.0	13.4565
10/06/2017 19:42:01	48.0	47.0	17.3028
10/06/2017 19:42:12	47.0	47.0	14.1732
10/06/2017 19:42:23	48.0	48.0	13.2275
10/06/2017 19:42:34	50.0	50.0	14.2105
10/06/2017 19:42:45	51.0	51.0	13.3159
10/06/2017 19:42:56	53.0	53.0	12.1372
10/06/2017 19:43:07	54.0	54.0	12.5984
10/06/2017 19:43:18	55.0	54.0	12.8947
10/06/2017 19:43:29	55.0	55.0	11.811
10/06/2017 19:43:40	57.0	56.0	12.7937
10/06/2017 19:43:51	54.0	54.0	13.9108
10/06/2017 19:44:02	53.0	53.0	13.8743
10/06/2017 19:44:13	51.0	51.0	13.9108
10/06/2017 19:44:24	50.0	50.0	13.2275
10/06/2017 19:44:36	50.0	49.0	14.8438
10/06/2017 19:44:47	49.0	48.0	13.4565
10/06/2017 19:44:58	49.0	48.0	13.4921
10/06/2017 19:45:09	47.0	48.0	24.3619
10/06/2017 19:45:20	48.0	47.0	13.7566
10/06/2017 19:45:31	47.0	48.0	14.3229
10/06/2017 19:45:42	50.0	50.0	19.6517
10/06/2017 19:45:53	51.0	50.0	13.089
10/06/2017 19:46:04	52.0	52.0	12.8272
10/06/2017 19:46:15	53.0	53.0	13.2124
10/06/2017 19:46:26	55.0	54.0	13.1234
10/06/2017 19:46:37	55.0	55.0	12.0419
10/06/2017 19:46:48	56.0	56.0	11.811
10/06/2017 19:46:59	57.0	56.0	12.8272
10/06/2017 19:47:10	55.0	54.0	12.5654
10/06/2017 19:47:21	53.0	52.0	14.1732
10/06/2017 19:47:32	51.0	51.0	13.4211
10/06/2017 19:47:43	50.0	50.0	13.4921
10/06/2017 19:47:54	50.0	49.0	13.9842
10/06/2017 19:48:05	49.0	48.0	13.7203
10/06/2017 19:48:16	48.0	48.0	12.9973
10/06/2017 19:48:27	49.0	47.0	13.9842
10/06/2017 19:48:38	48.0	47.0	13.6842
10/06/2017 19:48:49	48.0	46.0	14.6214
10/06/2017 19:49:00	49.0	50.0	12.6649
10/06/2017 19:49:11	50.0	51.0	13.9474
10/06/2017 19:49:23	52.0	53.0	13.0208
10/06/2017 19:49:34	53.0	53.0	12.8272
10/06/2017 19:49:45	54.0	54.0	13.089
10/06/2017 19:49:56	55.0	55.0	12.2396
10/06/2017 19:50:07	56.0	55.0	12.0104
10/06/2017 19:50:18	57.0	56.0	12.3037
10/06/2017 19:50:29	55.0	54.0	12.7937
10/06/2017 19:50:40	52.0	52.0	13.4211
10/06/2017 19:50:51	51.0	51.0	13.7566
10/06/2017 19:51:02	50.0	50.0	14.3603
10/06/2017 19:51:13	49.0	49.0	14.4357
10/06/2017 19:51:24	49.0	48.0	13.9474
10/06/2017 19:51:35	48.0	48.0	15.544
10/06/2017 19:51:46	48.0	47.0	13.4565
10/06/2017 19:51:57	48.0	47.0	13.6842
10/06/2017 19:52:08	48.0	47.0	15.2455
10/06/2017 19:52:19	50.0	50.0	13.7566
10/06/2017 19:52:30	51.0	51.0	12.4675
10/06/2017 19:52:41	53.0	52.0	14.6154
10/06/2017 19:52:52	54.0	53.0	11.3456
10/06/2017 19:53:03	55.0	54.0	11.8421
10/06/2017 19:53:14	56.0	54.0	15.869
10/06/2017 19:53:25	57.0	56.0	12.5
10/06/2017 19:53:36	57.0	56.0	12.3037
10/06/2017 19:53:47	55.0	54.0	22.5653
10/06/2017 19:53:58	53.0	52.0	12.9288
10/06/2017 19:54:10	51.0	51.0	13.4211
10/06/2017 19:54:21	50.0	50.0	23.8208
10/06/2017 19:54:32	49.0	49.0	13.6483
10/06/2017 19:54:43	48.0	48.0	14.2105
10/06/2017 19:54:54	48.0	48.0	24.0654
10/06/2017 19:55:05	48.0	48.0	13.9474
10/06/2017 19:55:16	48.0	47.0	13.9474
10/06/2017 19:55:27	48.0	48.0	23.8208
10/06/2017 19:55:38	50.0	50.0	13.3858
10/06/2017 19:55:49	51.0	51.0	13.4211
10/06/2017 19:56:00	52.0	52.0	21.9048
10/06/2017 19:56:11	54.0	53.0	11.811
10/06/2017 19:56:22	55.0	54.0	13.1234
10/06/2017 19:56:33	56.0	55.0	20.7637
10/06/2017 19:56:44	56.0	55.0	12.336
10/06/2017 19:56:55	55.0	54.0	12.6649
10/06/2017 19:57:06	53.0	52.0	22.4096
10/06/2017 19:57:17	51.0	51.0	13.7203
10/06/2017 19:57:28	50.0	50.0	13.6842
10/06/2017 19:57:39	49.0	50.0	21.6867
10/06/2017 19:57:50	49.0	48.0	13.5279
10/06/2017 19:58:01	48.0	48.0	14.5119
10/06/2017 19:58:12	48.0	48.0	21.4112
10/06/2017 19:58:23	48.0	48.0	13.4921
10/06/2017 19:58:34	48.0	47.0	13.9108
10/06/2017 19:58:45	49.0	49.0	20.5882
10/06/2017 19:58:57	51.0	51.0	12.8272
10/06/2017 19:59:08	52.0	52.0	12.3684
10/06/2017 19:59:19	53.0	53.0	20.6235
10/06/2017 19:59:30	55.0	54.0	13.1579
10/06/2017 19:59:41	55.0	55.0	12.7273
10/06/2017 19:59:52	55.0	55.0	19.6126
10/06/2017 20:00:03	56.0	54.0	12.5326
10/06/2017 20:00:14	53.0	53.0	13.7203
10/06/2017 20:00:25	51.0	51.0	20.9246
10/06/2017 20:00:36	51.0	50.0	14.2105
10/06/2017 20:00:47	50.0	49.0	13.4565
10/06/2017 20:00:58	49.0	48.0	15.1832
10/06/2017 20:01:09	49.0	48.0	13.6483
10/06/2017 20:01:20	48.0	47.0	13.6842
10/06/2017 20:01:31	48.0	47.0	13.5279
10/06/2017 20:01:42	48.0	47.0	13.7203
10/06/2017 20:01:53	50.0	49.0	13.9108
10/06/2017 20:02:04	51.0	51.0	13.7566
10/06/2017 20:02:15	52.0	53.0	12.3037
10/06/2017 20:02:26	53.0	53.0	12.5326
10/06/2017 20:02:37	54.0	54.0	12.5984
10/06/2017 20:02:48	55.0	54.0	12.3037
10/06/2017 20:02:59	56.0	55.0	13.2812
10/06/2017 20:03:10	57.0	55.0	12.4011
10/06/2017 20:03:21	55.0	54.0	13.1579
10/06/2017 20:03:32	53.0	52.0	13.6126
10/06/2017 20:03:43	51.0	51.0	13.9108
10/06/2017 20:03:55	51.0	50.0	12.7321
10/06/2017 20:04:06	49.0	49.0	14.248
10/06/2017 20:04:17	49.0	49.0	14.1361
10/06/2017 20:04:28	48.0	48.0	14.1732
10/06/2017 20:04:39	48.0	47.0	13.9108
10/06/2017 20:04:50	48.0	47.0	13.4565
10/06/2017 20:05:01	48.0	48.0	13.4565
10/06/2017 20:05:12	50.0	50.0	13.5065
10/06/2017 20:05:23	51.0	51.0	12.4011
10/06/2017 20:05:34	52.0	53.0	11.9363
10/06/2017 20:05:45	53.0	53.0	15.2284
10/06/2017 20:05:56	55.0	54.0	13.3508
10/06/2017 20:06:07	55.0	54.0	12.1053
10/06/2017 20:06:18	56.0	56.0	20.5742
10/06/2017 20:06:29	56.0	54.0	13.1579
10/06/2017 20:06:40	53.0	53.0	13.6483
10/06/2017 20:06:51	52.0	51.0	23.2779
10/06/2017 20:07:02	51.0	50.0	14.1361
10/06/2017 20:07:13	50.0	49.0	14.3603
10/06/2017 20:07:24	49.0	48.0	20.4433
10/06/2017 20:07:35	49.0	48.0	13.4565
10/06/2017 20:07:46	48.0	47.0	13.4565
10/06/2017 20:07:57	48.0	47.0	18.3879
10/06/2017 20:08:08	48.0	47.0	13.4211
10/06/2017 20:08:19	50.0	50.0	12.1693
10/06/2017 20:08:30	51.0	51.0	15.8031
10/06/2017 20:08:42	52.0	52.0	12.5984
10/06/2017 20:08:53	54.0	53.0	12.5
10/06/2017 20:09:04	55.0	54.0	14.1361
10/06/2017 20:09:15	55.0	54.0	12.0419
10/06/2017 20:09:26	57.0	55.0	12.8272
10/06/2017 20:09:37	56.0	56.0	12.8609
10/06/2017 20:09:48	54.0	53.0	13.1579
10/06/2017 20:09:59	51.0	51.0	14.0212
10/06/2017 20:10:10	51.0	50.0	13.9474
10/06/2017 20:10:21	50.0	49.0	13.9474
10/06/2017 20:10:32	49.0	48.0	13.6842
10/06/2017 20:10:43	49.0	48.0	14.9606
10/06/2017 20:10:54	49.0	47.0	13.6483
10/06/2017 20:11:05	48.0	47.0	14.4357
10/06/2017 20:11:16	47.0	47.0	14.2105
10/06/2017 20:11:27	49.0	47.0	14.2105
10/06/2017 20:11:38	50.0	50.0	13.4565
10/06/2017 20:11:49	51.0	51.0	12.9973
10/06/2017 20:12:00	52.0	53.0	12.8609
10/06/2017 20:12:11	54.0	53.0	12.336
10/06/2017 20:12:22	55.0	54.0	12.9288
10/06/2017 20:12:33	55.0	55.0	12.0419
10/06/2017 20:12:44	56.0	56.0	12.7937
10/06/2017 20:12:55	56.0	55.0	12.5984
10/06/2017 20:13:06	53.0	53.0	13.6842
10/06/2017 20:13:17	51.0	51.0	12.8947
10/06/2017 20:13:29	50.0	51.0	14.0212
10/06/2017 20:13:40	50.0	50.0	12.4011
10/06/2017 20:13:51	49.0	48.0	13.6842
10/06/2017 20:14:02	49.0	48.0	13.6842
10/06/2017 20:14:13	48.0	47.0	14.0212
10/06/2017 20:14:24	48.0	48.0	12.7321
10/06/2017 20:14:35	47.0	47.0	13.7566
10/06/2017 20:14:46	48.0	48.0	12.4668
10/06/2017 20:14:57	50.0	50.0	13.4565
10/06/2017 20:15:08	51.0	51.0	12.6316
10/06/2017 20:15:19	53.0	53.0	12.336
10/06/2017 20:15:30	54.0	54.0	13.0208
10/06/2017 20:15:41	54.0	54.0	12.5984
10/06/2017 20:15:52	55.0	55.0	12.7604
10/06/2017 20:16:03	56.0	55.0	12.7604
10/06/2017 20:16:14	56.0	55.0	12.5654
10/06/2017 20:16:25	53.0	53.0	13.3858
10/06/2017 20:16:36	52.0	52.0	13.6483
10/06/2017 20:16:47	51.0	50.0	14.1361
10/06/2017 20:16:58	49.0	50.0	14.5119
10/06/2017 20:17:09	49.0	48.0	12.963
10/06/2017 20:17:20	48.0	48.0	13.5638
10/06/2017 20:17:31	48.0	48.0	13.4921
10/06/2017 20:17:42	48.0	47.0	14.1732
10/06/2017 20:17:53	48.0	46.0	13.4565
10/06/2017 20:18:04	49.0	49.0	13.6483
10/06/2017 20:18:16	51.0	51.0	13.7203
10/06/2017 20:18:27	52.0	52.0	12.336
10/06/2017 20:18:38	53.0	53.0	12.5326
10/06/2017 20:18:49	54.0	54.0	12.5654
10/06/2017 20:19:00	55.0	54.0	12.4339
10/06/2017 20:19:11	56.0	55.0	11.6095
10/06/2017 20:19:22	57.0	56.0	13.0548
10/06/2017 20:19:33	55.0	54.0	13.4211
10/06/2017 20:19:44	52.0	53.0	13.1579
10/06/2017 20:19:55	51.0	51.0	13.4211
10/06/2017 20:20:06	50.0	50.0	14.4357
10/06/2017 20:20:17	49.0	49.0	13.9474
10/06/2017 20:20:28	49.0	48.0	14.6982
10/06/2017 20:20:39	48.0	48.0	13.7203
10/06/2017 20:20:50	48.0	47.0	13.9108
10/06/2017 20:21:01	48.0	47.0	13.2275
10/06/2017 20:21:12	48.0	47.0	13.9474
10/06/2017 20:21:23	50.0	50.0	13.6842
10/06/2017 20:21:34	50.0	51.0	12.6649
10/06/2017 20:21:45	52.0	52.0	12.8947
10/06/2017 20:21:56	53.0	53.0	12.5326
10/06/2017 20:22:07	54.0	54.0	13.3858
10/06/2017 20:22:18	55.0	55.0	12.3037
10/06/2017 20:22:29	56.0	55.0	13.089
10/06/2017 20:22:40	55.0	54.0	11.8734
10/06/2017 20:22:51	52.0	52.0	13.4565
10/06/2017 20:23:03	51.0	51.0	13.1579
10/06/2017 20:23:14	50.0	50.0	13.6842
10/06/2017 20:23:25	49.0	48.0	13.9842
10/06/2017 20:23:36	49.0	48.0	14.5119
10/06/2017 20:23:47	49.0	47.0	14.4357
10/06/2017 20:23:58	48.0	47.0	13.5279
10/06/2017 20:24:09	49.0	48.0	13.9108
10/06/2017 20:24:20	50.0	50.0	13.1234
10/06/2017 20:24:31	51.0	51.0	14.3979
10/06/2017 20:24:42	52.0	53.0	12.5326
10/06/2017 20:24:53	54.0	53.0	12.8272
10/06/2017 20:25:04	55.0	54.0	12.0735
10/06/2017 20:25:15	55.0	54.0	12.6316
10/06/2017 20:25:26	56.0	55.0	12.0419
10/06/2017 20:25:37	54.0	54.0	14.2105
10/06/2017 20:25:48	51.0	51.0	13.9474
10/06/2017 20:25:59	50.0	51.0	14.6982
10/06/2017 20:26:10	50.0	50.0	13.4565
10/06/2017 20:26:21	49.0	48.0	13.7566
10/06/2017 20:26:32	48.0	48.0	13.3858
10/06/2017 20:26:43	48.0	47.0	14.4357
10/06/2017 20:26:54	47.0	47.0	13.1926
10/06/2017 20:27:05	49.0	49.0	13.9108
10/06/2017 20:27:16	50.0	51.0	13.4565
10/06/2017 20:27:27	51.0	51.0	12.5654
10/06/2017 20:27:38	54.0	53.0	12.5326
10/06/2017 20:27:50	54.0	54.0	13.0208
10/06/2017 20:28:01	55.0	54.0	15.5673
10/06/2017 20:28:12	56.0	55.0	12.3684
10/06/2017 20:28:23	56.0	56.0	12.6316
10/06/2017 20:28:34	55.0	56.0	12.8272
10/06/2017 20:28:45	53.0	53.0	14.9215
10/06/2017 20:28:56	51.0	51.0	13.6842
10/06/2017 20:29:07	50.0	50.0	13.9842
10/06/2017 20:29:18	50.0	49.0	14.3229
10/06/2017 20:29:29	48.0	48.0	13.4921
10/06/2017 20:29:40	48.0	48.0	13.4211
10/06/2017 20:29:51	48.0	46.0	14.5833
10/06/2017 20:30:02	48.0	46.0	13.9474
10/06/2017 20:30:13	48.0	48.0	13.2275
10/06/2017 20:30:24	50.0	50.0	13.4715
10/06/2017 20:30:35	51.0	51.0	13.6842
10/06/2017 20:30:46	53.0	52.0	13.1234
10/06/2017 20:30:57	54.0	54.0	13.3159
10/06/2017 20:31:08	55.0	54.0	12.1372
10/06/2017 20:31:19	56.0	54.0	12.7937
10/06/2017 20:31:30	56.0	56.0	12.1053
10/06/2017 20:31:41	57.0	56.0	12.5654
10/06/2017 20:31:52	55.0	54.0	13.6483
10/06/2017 20:32:03	53.0	52.0	13.9842
10/06/2017 20:32:14	51.0	51.0	13.2275
10/06/2017 20:32:25	50.0	50.0	13.7203
10/06/2017 20:32:36	49.0	49.0	14.4357
10/06/2017 20:32:48	48.0	48.0	13.6842
10/06/2017 20:32:59	47.0	47.0	14.2105
10/06/2017 20:33:10	47.0	47.0	14.1361
10/06/2017 20:33:21	47.0	48.0	13.9842
10/06/2017 20:33:32	49.0	50.0	13.8743
10/06/2017 20:33:43	51.0	51.0	13.9108
10/06/2017 20:33:54	51.0	52.0	12.6316
10/06/2017 20:34:05	53.0	54.0	13.3508
10/06/2017 20:34:16	54.0	54.0	13.089
10/06/2017 20:34:27	55.0	54.0	12.6984
10/06/2017 20:34:38	56.0	56.0	12.6316
10/06/2017 20:34:49	54.0	54.0	13.1926
10/06/2017 20:35:00	52.0	53.0	15.2231
10/06/2017 20:35:11	51.0	51.0	14.1361
10/06/2017 20:35:22	50.0	49.0	14.1732
10/06/2017 20:35:33	49.0	48.0	13.4921
10/06/2017 20:35:44	48.0	48.0	13.9842
10/06/2017 20:35:55	47.0	47.0	13.9474
10/06/2017 20:36:06	47.0	47.0	14.0212
10/06/2017 20:36:17	49.0	48.0	13.1926
10/06/2017 20:36:28	50.0	50.0	14.6597
10/06/2017 20:36:39	52.0	52.0	12.1053
10/06/2017 20:36:50	53.0	53.0	12.0104
10/06/2017 20:37:01	53.0	54.0	12.5984
10/06/2017 20:37:12	55.0	54.0	12.8609
10/06/2017 20:37:23	55.0	55.0	12.3684
10/06/2017 20:37:35	56.0	56.0	12.1372
10/06/2017 20:37:46	56.0	55.0	12.8609
10/06/2017 20:37:57	54.0	53.0	13.577
10/06/2017 20:38:08	51.0	51.0	14.4737
10/06/2017 20:38:19	50.0	51.0	13.3858
10/06/2017 20:38:30	50.0	49.0	13.7566
10/06/2017 20:38:41	49.0	48.0	14.1732
10/06/2017 20:38:52	49.0	48.0	14.1732
10/06/2017 20:39:03	48.0	47.0	13.4211
10/06/2017 20:39:14	48.0	46.0	14.6982
10/06/2017 20:39:25	48.0	48.0	14.5833
10/06/2017 20:39:36	50.0	50.0	14.0212
10/06/2017 20:39:47	52.0	51.0	12.8272
10/06/2017 20:39:58	53.0	53.0	12.7937
10/06/2017 20:40:09	54.0	54.0	12.5654
10/06/2017 20:40:20	55.0	55.0	12.336
10/06/2017 20:40:31	55.0	54.0	12.336
10/06/2017 20:40:42	56.0	56.0	19.6335
10/06/2017 20:40:53	54.0	53.0	17.5393
10/06/2017 20:41:04	53.0	52.0	17.7083
10/06/2017 20:41:15	51.0	51.0	18.1347
10/06/2017 20:41:26	51.0	50.0	16.5354
10/06/2017 20:41:37	50.0	50.0	17.2775
10/06/2017 20:41:48	50.0	48.0	16.9271
10/06/2017 20:41:59	49.0	49.0	17.2775
10/06/2017 20:42:10	48.0	48.0	19.7368
10/06/2017 20:42:21	48.0	48.0	18.2768
10/06/2017 20:42:32	48.0	48.0	17.4026
10/06/2017 20:42:44	47.0	47.0	17.6623
10/06/2017 20:42:55	47.0	47.0	17.7546
10/06/2017 20:43:06	48.0	47.0	17.7546
10/06/2017 20:43:17	47.0	47.0	13.9842
10/06/2017 20:43:28	48.0	48.0	15.9269
10/06/2017 20:43:39	51.0	51.0	16.4921
10/06/2017 20:43:50	52.0	52.0	17.7546
10/06/2017 20:44:01	54.0	54.0	19.5822
10/06/2017 20:44:12	55.0	54.0	18.7013
10/06/2017 20:44:23	56.0	55.0	17.6623
10/06/2017 20:44:34	57.0	56.0	17.801
10/06/2017 20:44:45	56.0	55.0	18.799
10/06/2017 20:44:56	54.0	52.0	18.3246
10/06/2017 20:45:07	53.0	52.0	18.0157
10/06/2017 20:45:18	51.0	51.0	16.2304
10/06/2017 20:45:29	50.0	50.0	18.4416
10/06/2017 20:45:40	50.0	49.0	19.7917
10/06/2017 20:45:51	50.0	49.0	17.1875
10/06/2017 20:46:02	48.0	48.0	17.7546
10/06/2017 20:46:13	48.0	48.0	16.1458
10/06/2017 20:46:24	48.0	48.0	17.7546
10/06/2017 20:46:35	48.0	48.0	18.3246
10/06/2017 20:46:46	48.0	48.0	17.0984
10/06/2017 20:46:57	48.0	47.0	15.1436
10/06/2017 20:47:08	49.0	48.0	18.3727
10/06/2017 20:47:19	51.0	50.0	17.4935
10/06/2017 20:47:30	52.0	51.0	17.6623
10/06/2017 20:47:41	54.0	53.0	19.1099
10/06/2017 20:47:52	55.0	54.0	18.5864
10/06/2017 20:48:03	56.0	55.0	17.6623
10/06/2017 20:48:14	57.0	56.0	18.3246
10/06/2017 20:48:25	55.0	54.0	17.801
10/06/2017 20:48:36	53.0	52.0	17.7083
10/06/2017 20:48:48	51.0	51.0	17.0157
10/06/2017 20:48:59	50.0	50.0	17.4479
10/06/2017 20:49:10	50.0	49.0	16.6667
10/06/2017 20:49:21	49.0	48.0	17.4935
10/06/2017 20:49:32	49.0	48.0	18.3246
10/06/2017 20:49:43	49.0	48.0	17.7083
10/06/2017 20:49:54	49.0	48.0	18.0157
10/06/2017 20:50:05	49.0	48.0	18.0628
10/06/2017 20:50:16	49.0	48.0	17.7546
10/06/2017 20:50:27	49.0	48.0	19.6382
10/06/2017 20:50:38	48.0	48.0	16.3636
10/06/2017 20:50:49	49.0	48.0	17.801
10/06/2017 20:51:00	48.0	47.0	18.3727
10/06/2017 20:51:11	48.0	48.0	17.8947
10/06/2017 20:51:22	49.0	48.0	16.4921
10/06/2017 20:51:33	47.0	47.0	18.799
10/06/2017 20:51:44	48.0	48.0	17.1429
10/06/2017 20:51:55	49.0	50.0	18.0157
10/06/2017 20:52:06	51.0	51.0	18.0157
10/06/2017 20:52:17	52.0	53.0	17.8478
10/06/2017 20:52:28	55.0	54.0	17.2324
10/06/2017 20:52:39	55.0	55.0	16.4062
10/06/2017 20:52:50	57.0	56.0	18.8482
10/06/2017 20:53:01	54.0	54.0	17.2775
10/06/2017 20:53:12	54.0	52.0	15.8031
10/06/2017 20:53:23	52.0	51.0	16.7979
10/06/2017 20:53:34	51.0	50.0	15.285
10/06/2017 20:53:45	50.0	50.0	19.1099
10/06/2017 20:53:56	50.0	49.0	18.8482
10/06/2017 20:54:07	49.0	48.0	14.8825
10/06/2017 20:54:18	49.0	48.0	17.9688
10/06/2017 20:54:29	49.0	48.0	19.3717
10/06/2017 20:54:40	49.0	47.0	19.4226
10/06/2017 20:54:51	48.0	47.0	19.3717
10/06/2017 20:55:02	48.0	48.0	19.9475
10/06/2017 20:55:13	49.0	48.0	17.801
10/06/2017 20:55:25	48.0	47.0	17.801
10/06/2017 20:55:36	48.0	47.0	18.3727
10/06/2017 20:55:47	48.0	47.0	17.801
10/06/2017 20:55:58	48.0	47.0	16.9713
10/06/2017 20:56:09	48.0	48.0	16.7102
10/06/2017 20:56:20	49.0	47.0	17.5393
10/06/2017 20:56:31	50.0	50.0	16.4491
10/06/2017 20:56:42	51.0	51.0	19.7403
10/06/2017 20:56:53	53.0	53.0	16.9713
10/06/2017 20:57:04	55.0	54.0	17.2324
10/06/2017 20:57:15	56.0	55.0	17.4935
10/06/2017 20:57:26	56.0	56.0	19.0104
10/06/2017 20:57:37	55.0	54.0	18.4896
10/06/2017 20:57:48	53.0	53.0	17.2775
10/06/2017 20:57:59	52.0	51.0	16.6667
10/06/2017 20:58:10	51.0	51.0	18.1579
10/06/2017 20:58:21	50.0	50.0	15.625
10/06/2017 20:58:32	50.0	49.0	17.7083
10/06/2017 20:58:43	50.0	49.0	16.7979
10/06/2017 20:58:54	50.0	49.0	18.2768
10/06/2017 20:59:05	49.0	48.0	18.4211
10/06/2017 20:59:16	49.0	48.0	17.9221
10/06/2017 20:59:27	49.0	48.0	18.6352
10/06/2017 20:59:38	49.0	48.0	17.801
10/06/2017 20:59:49	48.0	47.0	17.0984
10/06/2017 21:00:00	48.0	47.0	17.9688
10/06/2017 21:00:11	48.0	47.0	17.801
10/06/2017 21:00:22	48.0	48.0	18.5379
10/06/2017 21:00:33	48.0	48.0	17.5853
10/06/2017 21:00:44	47.0	47.0	17.9688
10/06/2017 21:00:55	48.0	48.0	17.4026
10/06/2017 21:01:06	47.0	46.0	17.6781
10/06/2017 21:01:17	49.0	48.0	18.8976
10/06/2017 21:01:28	50.0	50.0	17.2324
10/06/2017 21:01:39	52.0	51.0	17.1875
10/06/2017 21:01:51	54.0	53.0	17.2324
10/06/2017 21:02:02	55.0	54.0	18.8482
10/06/2017 21:02:13	56.0	54.0	18.2768
10/06/2017 21:02:24	56.0	55.0	15.8031
10/06/2017 21:02:35	55.0	54.0	17.3127
10/06/2017 21:02:46	53.0	53.0	17.4026
10/06/2017 21:02:57	51.0	52.0	16.3636
10/06/2017 21:03:08	51.0	51.0	17.801
10/06/2017 21:03:19	50.0	50.0	18.5379
10/06/2017 21:03:30	49.0	49.0	17.5853
10/06/2017 21:03:41	49.0	48.0	17.5393
10/06/2017 21:03:52	49.0	48.0	16.8865
10/06/2017 21:04:03	48.0	48.0	16.4491
10/06/2017 21:04:14	48.0	48.0	17.9688
10/06/2017 21:04:25	48.0	47.0	18.6352
10/06/2017 21:04:36	49.0	48.0	17.1875
10/06/2017 21:04:47	49.0	47.0	17.4142
10/06/2017 21:04:58	49.0	48.0	18.4896
10/06/2017 21:05:09	48.0	47.0	16.8394
10/06/2017 21:05:20	49.0	47.0	17.5853
10/06/2017 21:05:31	48.0	47.0	19.8953
10/06/2017 21:05:42	49.0	47.0	16.6234
10/06/2017 21:05:53	48.0	47.0	19.8433
10/06/2017 21:06:04	48.0	47.0	19.6335
10/06/2017 21:06:15	48.0	47.0	18.3463
10/06/2017 21:06:26	47.0	47.0	18.799
10/06/2017 21:06:37	48.0	47.0	14.3617
10/06/2017 21:06:48	50.0	50.0	14.3979
10/06/2017 21:06:59	51.0	51.0	20.0528
10/06/2017 21:07:10	54.0	53.0	17.5393
10/06/2017 21:07:21	55.0	54.0	17.6166
10/06/2017 21:07:32	56.0	55.0	17.9688
10/06/2017 21:07:43	56.0	54.0	17.942
10/06/2017 21:07:55	54.0	54.0	17.2775
10/06/2017 21:08:06	52.0	51.0	15.9269
10/06/2017 21:08:17	51.0	50.0	15.9269
10/06/2017 21:08:28	51.0	50.0	13.6842
10/06/2017 21:08:39	49.0	49.0	17.5711
10/06/2017 21:08:50	49.0	48.0	13.9842
10/06/2017 21:09:01	48.0	48.0	13.9842
10/06/2017 21:09:12	48.0	47.0	14.1361
10/06/2017 21:09:23	47.0	46.0	13.4565
10/06/2017 21:09:34	47.0	47.0	14.248
10/06/2017 21:09:45	48.0	47.0	14.248
10/06/2017 21:09:56	49.0	48.0	13.9108
10/06/2017 21:10:07	51.0	51.0	12.2016
10/06/2017 21:10:18	51.0	52.0	11.8734
10/06/2017 21:10:29	53.0	53.0	13.8743
10/06/2017 21:10:40	54.0	54.0	11.8734
10/06/2017 21:10:51	55.0	54.0	13.9108
10/06/2017 21:11:02	55.0	55.0	12.1053
10/06/2017 21:11:13	57.0	56.0	17.2932
10/06/2017 21:11:24	54.0	54.0	18.799
10/06/2017 21:11:35	53.0	53.0	20.1493
10/06/2017 21:11:46	51.0	52.0	19.5822
10/06/2017 21:11:57	51.0	51.0	18.4896
10/06/2017 21:12:08	51.0	50.0	19.2105
10/06/2017 21:12:19	50.0	50.0	18.3246
10/06/2017 21:12:30	50.0	49.0	20.2073
10/06/2017 21:12:41	49.0	48.0	17.0543
10/06/2017 21:12:52	50.0	49.0	17.4026
10/06/2017 21:13:03	50.0	49.0	19.3717
10/06/2017 21:13:15	49.0	48.0	17.4026
10/06/2017 21:13:26	49.0	48.0	17.7083
10/06/2017 21:13:37	48.0	47.0	21.5686
10/06/2017 21:13:48	49.0	48.0	17.3228
10/06/2017 21:13:59	48.0	48.0	18.0628
10/06/2017 21:14:10	48.0	47.0	17.8478
10/06/2017 21:14:21	48.0	48.0	18.4416
10/06/2017 21:14:32	48.0	47.0	17.4479
10/06/2017 21:14:43	49.0	48.0	18.8976
10/06/2017 21:14:54	48.0	47.0	17.0157
10/06/2017 21:15:05	48.0	47.0	19.1601
10/06/2017 21:15:16	48.0	47.0	24.0876
10/06/2017 21:15:27	47.0	48.0	17.5258
10/06/2017 21:15:38	48.0	47.0	17.7546
10/06/2017 21:15:49	48.0	47.0	16.9713
10/06/2017 21:16:00	48.0	47.0	19.8433
10/06/2017 21:16:11	48.0	47.0	18.8976
10/06/2017 21:16:22	47.0	47.0	18.2768
10/06/2017 21:16:33	49.0	48.0	22.6368
10/06/2017 21:16:44	48.0	48.0	17.7546
10/06/2017 21:16:55	48.0	47.0	17.4479
10/06/2017 21:17:06	48.0	47.0	17.7083
10/06/2017 21:17:17	48.0	47.0	17.1429
10/06/2017 21:17:28	48.0	47.0	18.2768
10/06/2017 21:17:39	48.0	47.0	18.0157
10/06/2017 21:17:50	48.0	47.0	18.799
10/06/2017 21:18:01	48.0	47.0	21.3158
10/06/2017 21:18:12	47.0	47.0	16.6667
10/06/2017 21:18:23	48.0	48.0	17.4935
10/06/2017 21:18:34	48.0	47.0	18.0157
10/06/2017 21:18:45	47.0	47.0	19.3299
10/06/2017 21:18:56	47.0	47.0	17.4479
10/06/2017 21:19:07	48.0	47.0	19.5312
10/06/2017 21:19:18	49.0	48.0	17.9688
10/06/2017 21:19:29	48.0	48.0	18.5379
10/06/2017 21:19:40	47.0	48.0	22.0253
10/06/2017 21:19:51	48.0	47.0	13.4211
10/06/2017 21:20:03	47.0	46.0	13.6842
10/06/2017 21:20:14	48.0	48.0	13.4565
10/06/2017 21:20:25	50.0	50.0	13.9474
10/06/2017 21:20:36	51.0	51.0	21.7391
10/06/2017 21:20:47	52.0	52.0	12.5984
10/06/2017 21:20:58	53.0	53.0	12.1053
10/06/2017 21:21:09	54.0	54.0	13.3508
10/06/2017 21:21:20	55.0	54.0	13.2812
10/06/2017 21:21:31	56.0	55.0	13.9175
10/06/2017 21:21:42	57.0	55.0	12.7604
10/06/2017 21:21:53	54.0	54.0	13.9474
10/06/2017 21:22:04	52.0	53.0	14.4737
10/06/2017 21:22:15	50.0	51.0	13.6842
10/06/2017 21:22:26	50.0	50.0	18.1818
10/06/2017 21:22:37	50.0	50.0	17.9688
10/06/2017 21:22:48	51.0	49.0	18.4896
10/06/2017 21:22:59	49.0	48.0	17.8478
10/06/2017 21:23:10	49.0	48.0	18.5379
10/06/2017 21:23:21	49.0	48.0	19.4226
10/06/2017 21:23:32	49.0	48.0	19.5822
10/06/2017 21:23:43	50.0	48.0	16.4921
10/06/2017 21:23:54	49.0	48.0	24.1627
10/06/2017 21:24:05	48.0	48.0	18.961
10/06/2017 21:24:16	48.0	48.0	18.8482
10/06/2017 21:24:27	48.0	47.0	17.8478
10/06/2017 21:24:38	48.0	47.0	17.4479
10/06/2017 21:24:49	48.0	47.0	18.5379
10/06/2017 21:25:00	47.0	47.0	17.9221
10/06/2017 21:25:11	47.0	48.0	18.75
10/06/2017 21:25:22	48.0	47.0	17.7083
10/06/2017 21:25:33	48.0	47.0	19.2708
10/06/2017 21:25:45	49.0	48.0	15.625
10/06/2017 21:25:56	50.0	50.0	17.5393
10/06/2017 21:26:07	52.0	52.0	16.9271
10/06/2017 21:26:18	53.0	53.0	22.449
10/06/2017 21:26:29	54.0	54.0	18.0157
10/06/2017 21:26:40	56.0	55.0	17.5853
10/06/2017 21:26:51	57.0	57.0	15.4047
10/06/2017 21:27:02	55.0	55.0	17.2775
10/06/2017 21:27:13	53.0	53.0	17.5853
10/06/2017 21:27:24	52.0	51.0	17.5393
10/06/2017 21:27:35	51.0	51.0	19.8953
10/06/2017 21:27:46	51.0	50.0	21.1055
10/06/2017 21:27:57	50.0	50.0	18.6352
10/06/2017 21:28:08	50.0	49.0	16.6667
10/06/2017 21:28:19	51.0	50.0	17.801
10/06/2017 21:28:30	49.0	49.0	18.5379
10/06/2017 21:28:41	49.0	49.0	18.2292
10/06/2017 21:28:52	50.0	48.0	19.3211
10/06/2017 21:29:03	49.0	49.0	16.6667
10/06/2017 21:29:14	48.0	48.0	18.7817
10/06/2017 21:29:25	48.0	48.0	19.5822
10/06/2017 21:29:36	50.0	49.0	16.4491
10/06/2017 21:29:47	49.0	48.0	17.0157
10/06/2017 21:29:58	48.0	48.0	18.3727
10/06/2017 21:30:09	48.0	48.0	19.0104
10/06/2017 21:30:20	48.0	47.0	17.3228
10/06/2017 21:30:31	48.0	48.0	16.9271
10/06/2017 21:30:42	47.0	47.0	17.8295
10/06/2017 21:30:53	48.0	47.0	20
10/06/2017 21:31:04	48.0	48.0	16.6234
10/06/2017 21:31:15	48.0	48.0	21.9451
10/06/2017 21:31:26	49.0	48.0	17.5711
10/06/2017 21:31:37	48.0	48.0	17.1875
10/06/2017 21:31:48	49.0	48.0	18.1102
10/06/2017 21:31:59	48.0	48.0	18.4416
10/06/2017 21:32:11	48.0	47.0	18.7013
10/06/2017 21:32:22	48.0	47.0	18.8482
10/06/2017 21:32:33	49.0	48.0	18.2768
10/06/2017 21:32:44	48.0	47.0	23.1707
10/06/2017 21:32:55	49.0	48.0	19.5822
10/06/2017 21:33:06	48.0	48.0	17.7083
10/06/2017 21:33:17	48.0	47.0	19.5312
10/06/2017 21:33:28	48.0	48.0	17.9221
10/06/2017 21:33:39	48.0	47.0	19.3717
10/06/2017 21:33:50	49.0	48.0	19.0104
10/06/2017 21:34:01	48.0	47.0	20.4724
10/06/2017 21:34:12	48.0	48.0	18.9119
10/06/2017 21:34:23	48.0	47.0	19.9482
10/06/2017 21:34:34	49.0	47.0	20.6266
10/06/2017 21:34:45	48.0	47.0	21.8673
10/06/2017 21:34:56	48.0	47.0	18.0157
10/06/2017 21:35:07	49.0	48.0	15.625
10/06/2017 21:35:18	51.0	50.0	19.2708
10/06/2017 21:35:29	52.0	52.0	20.1044
10/06/2017 21:35:40	54.0	53.0	19.6382
10/06/2017 21:35:51	55.0	54.0	17.4026
10/06/2017 21:36:02	56.0	55.0	19.1099
10/06/2017 21:36:13	57.0	56.0	17.3127
10/06/2017 21:36:24	55.0	54.0	19.1601
10/06/2017 21:36:35	53.0	54.0	20.1571
10/06/2017 21:36:46	52.0	52.0	24.57
10/06/2017 21:36:57	51.0	51.0	20.9424
10/06/2017 21:37:08	50.0	51.0	19.4805
10/06/2017 21:37:19	50.0	50.0	14.0957
10/06/2017 21:37:30	49.0	49.0	18.0628
10/06/2017 21:37:41	50.0	50.0	18.7013
10/06/2017 21:37:52	49.0	48.0	17.7083
10/06/2017 21:38:03	49.0	49.0	17.8478
10/06/2017 21:38:14	49.0	50.0	18.7013
10/06/2017 21:38:26	49.0	48.0	17.7546
10/06/2017 21:38:37	49.0	48.0	16.7539
10/06/2017 21:38:48	49.0	48.0	24.6377
10/06/2017 21:38:59	48.0	48.0	16.7539
10/06/2017 21:39:10	49.0	47.0	16.8421
10/06/2017 21:39:21	48.0	47.0	18.0157
10/06/2017 21:39:32	48.0	48.0	17.7546
10/06/2017 21:39:43	49.0	47.0	17.4935
10/06/2017 21:39:54	48.0	47.0	18.0628
10/06/2017 21:40:05	48.0	47.0	17.4479
10/06/2017 21:40:16	48.0	47.0	19.7917
10/06/2017 21:40:27	47.0	47.0	19.2708
10/06/2017 21:40:38	48.0	46.0	18.0628
10/06/2017 21:40:49	49.0	48.0	24.5742
10/06/2017 21:41:00	50.0	50.0	18.4211
10/06/2017 21:41:11	51.0	52.0	16.7539
10/06/2017 21:41:22	53.0	53.0	16.7102
10/06/2017 21:41:33	55.0	55.0	16.4491
10/06/2017 21:41:44	55.0	55.0	16.6667
10/06/2017 21:41:55	57.0	56.0	18.1347
10/06/2017 21:42:06	55.0	54.0	16.9713
10/06/2017 21:42:17	54.0	53.0	17.801
10/06/2017 21:42:28	53.0	51.0	18.7013
10/06/2017 21:42:39	51.0	51.0	19.8433
10/06/2017 21:42:50	50.0	51.0	22.1374
10/06/2017 21:43:01	51.0	50.0	16.4921
10/06/2017 21:43:12	50.0	50.0	18.2292
10/06/2017 21:43:23	50.0	49.0	20.155
10/06/2017 21:43:34	49.0	48.0	17.7083
10/06/2017 21:43:45	49.0	48.0	18.1102
10/06/2017 21:43:56	49.0	48.0	17.9221
10/06/2017 21:44:07	49.0	48.0	17.1875
10/06/2017 21:44:18	49.0	48.0	16.6667
10/06/2017 21:44:29	49.0	48.0	18.3246
10/06/2017 21:44:40	49.0	47.0	23.2376
10/06/2017 21:44:52	51.0	50.0	17.7546
10/06/2017 21:45:03	49.0	49.0	22.6601
10/06/2017 21:45:14	50.0	49.0	17.5393
10/06/2017 21:45:25	48.0	48.0	16.7539
10/06/2017 21:45:36	49.0	48.0	18.4211
10/06/2017 21:45:47	49.0	48.0	20.6983
10/06/2017 21:45:58	48.0	48.0	17.6623
10/06/2017 21:46:09	49.0	47.0	15.0649
10/06/2017 21:46:20	48.0	47.0	17.2324
10/06/2017 21:46:31	48.0	48.0	21.5686
10/06/2017 21:46:42	49.0	47.0	17.4479
10/06/2017 21:46:53	48.0	47.0	18.6528
10/06/2017 21:47:04	48.0	48.0	15.9269
10/06/2017 21:47:15	47.0	47.0	21.7604
10/06/2017 21:47:26	48.0	48.0	16.4062
10/06/2017 21:47:37	48.0	48.0	20.9424
10/06/2017 21:47:48	50.0	50.0	19.0104
10/06/2017 21:47:59	52.0	51.0	17.5393
10/06/2017 21:48:10	52.0	53.0	16.9713
10/06/2017 21:48:21	55.0	54.0	18.3246
10/06/2017 21:48:32	55.0	56.0	17.4479
10/06/2017 21:48:43	57.0	56.0	18.8976
10/06/2017 21:48:54	55.0	54.0	18.1579
10/06/2017 21:49:05	53.0	53.0	17.2324
10/06/2017 21:49:16	51.0	51.0	24.0196
10/06/2017 21:49:27	51.0	51.0	16.188
10/06/2017 21:49:38	50.0	50.0	17.801
10/06/2017 21:49:49	50.0	50.0	17.8756
10/06/2017 21:50:00	49.0	49.0	20
10/06/2017 21:50:11	49.0	48.0	19.4226
10/06/2017 21:50:22	49.0	48.0	17.4026
10/06/2017 21:50:33	49.0	48.0	21.0269
10/06/2017 21:50:44	49.0	48.0	18.3246
10/06/2017 21:50:55	49.0	48.0	17.8478
10/06/2017 21:51:07	49.0	48.0	17.1875
10/06/2017 21:51:18	49.0	48.0	17.3228
10/06/2017 21:51:29	49.0	48.0	17.5853
10/06/2017 21:51:40	49.0	48.0	17.6166
10/06/2017 21:51:51	48.0	48.0	18.0157
10/06/2017 21:52:02	49.0	48.0	18.75
10/06/2017 21:52:13	48.0	48.0	19.4226
10/06/2017 21:52:24	48.0	48.0	18.9744
10/06/2017 21:52:35	48.0	47.0	17.0157
10/06/2017 21:52:46	48.0	48.0	17.5393
10/06/2017 21:52:57	48.0	48.0	18.2768
10/06/2017 21:53:08	48.0	48.0	18.6528
10/06/2017 21:53:19	49.0	48.0	19.1099
10/06/2017 21:53:30	48.0	48.0	19.0104
10/06/2017 21:53:41	48.0	48.0	19.0104
10/06/2017 21:53:52	48.0	48.0	17.1875
10/06/2017 21:54:03	48.0	47.0	18.2768
10/06/2017 21:54:14	47.0	47.0	21.5159
10/06/2017 21:54:25	48.0	48.0	16.188
10/06/2017 21:54:36	48.0	47.0	17.6166
10/06/2017 21:54:47	48.0	47.0	17.5711
10/06/2017 21:54:58	48.0	48.0	19.5312
10/06/2017 21:55:09	48.0	47.0	17.8478
10/06/2017 21:55:20	49.0	49.0	18.4416
10/06/2017 21:55:31	48.0	48.0	17.6623
10/06/2017 21:55:42	48.0	48.0	17.1875
10/06/2017 21:55:53	48.0	48.0	19.3211
10/06/2017 21:56:04	48.0	47.0	16.5789
10/06/2017 21:56:15	48.0	47.0	17.2775
10/06/2017 21:56:26	48.0	48.0	17.1875
10/06/2017 21:56:37	48.0	47.0	25.3012
10/06/2017 21:56:48	48.0	48.0	18.8976
10/06/2017 21:56:59	47.0	48.0	19.4226
10/06/2017 21:57:10	47.0	47.0	21.519
10/06/2017 21:57:21	48.0	47.0	19.2708
10/06/2017 21:57:32	48.0	47.0	19.1099
10/06/2017 21:57:44	48.0	48.0	17.0157
10/06/2017 21:57:55	48.0	48.0	18.3246
10/06/2017 21:58:06	48.0	47.0	18.0157
10/06/2017 21:58:17	48.0	48.0	17.0604
10/06/2017 21:58:28	48.0	48.0	19.0601
10/06/2017 21:58:39	48.0	47.0	16.9271
10/06/2017 21:58:50	48.0	48.0	19.3211
10/06/2017 21:59:01	48.0	48.0	16.6234
10/06/2017 21:59:12	48.0	48.0	17.7546
10/06/2017 21:59:23	47.0	48.0	16.6234
10/06/2017 21:59:34	48.0	48.0	17.8947
10/06/2017 21:59:45	49.0	48.0	18.0628
10/06/2017 21:59:56	48.0	48.0	16.4062
10/06/2017 22:00:07	48.0	47.0	18.2292
10/06/2017 22:00:18	48.0	47.0	17.3684
10/06/2017 22:00:29	47.0	47.0	18.7013
10/06/2017 22:00:40	48.0	47.0	20.5063
10/06/2017 22:00:51	47.0	47.0	17.4479
10/06/2017 22:01:02	48.0	48.0	16.1458
10/06/2017 22:01:13	47.0	48.0	25.7282
10/06/2017 22:01:24	49.0	48.0	17.9221
10/06/2017 22:01:35	47.0	47.0	14.1732
10/06/2017 22:01:46	48.0	47.0	24.3309
10/06/2017 22:01:57	49.0	48.0	20.1044
10/06/2017 22:02:08	51.0	51.0	18.2292
10/06/2017 22:02:19	52.0	53.0	22.2222
10/06/2017 22:02:30	55.0	53.0	18.1818
10/06/2017 22:02:41	56.0	55.0	19.7403
10/06/2017 22:02:52	56.0	55.0	19.4301
10/06/2017 22:03:03	56.0	55.0	17.3228
10/06/2017 22:03:14	54.0	54.0	18.3246
10/06/2017 22:03:25	52.0	53.0	17.7083
10/06/2017 22:03:36	51.0	52.0	18.75
10/06/2017 22:03:47	51.0	51.0	18.1818
10/06/2017 22:03:59	50.0	50.0	19.0601
10/06/2017 22:04:10	51.0	51.0	18.4896
10/06/2017 22:04:21	50.0	50.0	17.7083
10/06/2017 22:04:32	49.0	50.0	17.5711
10/06/2017 22:04:43	50.0	50.0	17.5853
10/06/2017 22:04:54	49.0	49.0	16.1458
10/06/2017 22:05:05	49.0	49.0	17.1875
10/06/2017 22:05:16	49.0	49.0	17.0543
10/06/2017 22:05:27	49.0	48.0	18.5379
10/06/2017 22:05:38	48.0	48.0	17.4026
10/06/2017 22:05:49	48.0	48.0	17.4935
10/06/2017 22:06:00	48.0	48.0	16.7539
10/06/2017 22:06:11	48.0	48.0	18.7013
10/06/2017 22:06:22	48.0	48.0	15.8854
10/06/2017 22:06:33	49.0	48.0	18.9119
10/06/2017 22:06:44	48.0	48.0	19.0104
10/06/2017 22:06:55	48.0	48.0	18.0628
10/06/2017 22:07:06	48.0	48.0	18.8482
10/06/2017 22:07:17	48.0	47.0	17.4479
10/06/2017 22:07:28	48.0	48.0	18.9474
10/06/2017 22:07:39	48.0	48.0	17.2324
10/06/2017 22:07:50	48.0	48.0	17.7546
10/06/2017 22:08:01	48.0	48.0	20
10/06/2017 22:08:12	48.0	48.0	18.2768
10/06/2017 22:08:23	47.0	48.0	17.8478
10/06/2017 22:08:34	48.0	48.0	17.3575
10/06/2017 22:08:45	47.0	47.0	16.4491
10/06/2017 22:08:56	48.0	48.0	17.3127
10/06/2017 22:09:07	48.0	48.0	17.4479
10/06/2017 22:09:18	48.0	48.0	18.6352
10/06/2017 22:09:29	48.0	47.0	15.445
10/06/2017 22:09:40	48.0	48.0	16.273
10/06/2017 22:09:51	48.0	48.0	16.5354
10/06/2017 22:10:02	49.0	48.0	18.0157
10/06/2017 22:10:13	48.0	48.0	17.801
10/06/2017 22:10:24	48.0	48.0	18.4416
10/06/2017 22:10:36	49.0	47.0	17.5853
10/06/2017 22:10:47	48.0	47.0	16.8394
10/06/2017 22:10:58	48.0	47.0	17.0157
10/06/2017 22:11:09	48.0	47.0	16.3212
10/06/2017 22:11:20	51.0	50.0	18.4416
10/06/2017 22:11:31	52.0	52.0	18.3727
10/06/2017 22:11:42	53.0	53.0	16.8394
10/06/2017 22:11:53	55.0	54.0	19.6335
10/06/2017 22:12:04	56.0	55.0	15.445
10/06/2017 22:12:15	57.0	56.0	17.1429
10/06/2017 22:12:26	55.0	54.0	18.5864
10/06/2017 22:12:37	53.0	53.0	19.0722
10/06/2017 22:12:48	51.0	51.0	18.7013
10/06/2017 22:12:59	51.0	51.0	18.6047
10/06/2017 22:13:10	50.0	50.0	18.0157
10/06/2017 22:13:21	50.0	50.0	18.0879
10/06/2017 22:13:32	50.0	49.0	17.9688
10/06/2017 22:13:43	49.0	48.0	15.6658
10/06/2017 22:13:54	49.0	49.0	15.8854
10/06/2017 22:14:05	49.0	48.0	16.6234
10/06/2017 22:14:16	49.0	48.0	18.2768
10/06/2017 22:14:27	48.0	48.0	16.6667
10/06/2017 22:14:38	48.0	48.0	17.4026
10/06/2017 22:14:49	48.0	48.0	18.0879
10/06/2017 22:15:00	48.0	48.0	20.2073
10/06/2017 22:15:11	48.0	48.0	18.2292
10/06/2017 22:15:22	48.0	48.0	19.6891
10/06/2017 22:15:33	48.0	47.0	17.6166
10/06/2017 22:15:44	48.0	48.0	19.7403
10/06/2017 22:15:55	48.0	48.0	20.5729
10/06/2017 22:16:06	48.0	48.0	21.1886
10/06/2017 22:16:17	48.0	48.0	19.8433
10/06/2017 22:16:28	48.0	48.0	22.3958
10/06/2017 22:16:39	48.0	48.0	18.799
10/06/2017 22:16:50	48.0	48.0	14.1732
10/06/2017 22:17:02	47.0	47.0	17.6316
10/06/2017 22:17:13	48.0	47.0	17.9688
10/06/2017 22:17:24	48.0	47.0	18.8482
10/06/2017 22:17:35	48.0	48.0	17.2324
10/06/2017 22:17:46	49.0	48.0	19.8454
10/06/2017 22:17:57	48.0	48.0	18.799
10/06/2017 22:18:08	49.0	48.0	19.3717
10/06/2017 22:18:19	48.0	48.0	19.2405
10/06/2017 22:18:30	48.0	47.0	16.9713
10/06/2017 22:18:41	48.0	48.0	17.0157
10/06/2017 22:18:52	48.0	47.0	18.0662
10/06/2017 22:19:03	48.0	48.0	17.4026
10/06/2017 22:19:14	48.0	48.0	17.7083
10/06/2017 22:19:25	48.0	47.0	19.1214
10/06/2017 22:19:36	47.0	47.0	17.4479
10/06/2017 22:19:47	48.0	47.0	18.0157
10/06/2017 22:19:58	47.0	47.0	16.9271
10/06/2017 22:20:09	50.0	50.0	16.5803
10/06/2017 22:20:20	51.0	51.0	17.7546
10/06/2017 22:20:31	52.0	53.0	19.1214
10/06/2017 22:20:42	54.0	54.0	17.7546
10/06/2017 22:20:53	55.0	55.0	17.2775
10/06/2017 22:21:04	57.0	55.0	17.4479
10/06/2017 22:21:15	55.0	54.0	19.1099
10/06/2017 22:21:26	53.0	53.0	16.9713
10/06/2017 22:21:37	52.0	51.0	17.1429
10/06/2017 22:21:48	51.0	51.0	16.9713
10/06/2017 22:21:59	51.0	50.0	18.3246
10/06/2017 22:22:10	50.0	50.0	17.801
10/06/2017 22:22:21	50.0	49.0	17.6166
10/06/2017 22:22:32	49.0	48.0	19.7917
10/06/2017 22:22:43	49.0	48.0	18.1102
10/06/2017 22:22:54	49.0	48.0	16.9271
10/06/2017 22:23:05	48.0	48.0	16.9713
10/06/2017 22:23:16	49.0	48.0	18.6528
10/06/2017 22:23:28	49.0	48.0	18.6352
10/06/2017 22:23:39	49.0	48.0	18.4896
10/06/2017 22:23:50	49.0	48.0	18.4416
10/06/2017 22:24:01	49.0	48.0	16.4491
10/06/2017 22:24:12	49.0	48.0	15.8854
10/06/2017 22:24:23	48.0	48.0	16.1039
10/06/2017 22:24:34	49.0	48.0	18.5185
10/06/2017 22:24:45	48.0	48.0	18.2768
10/06/2017 22:24:56	48.0	48.0	16.7102
10/06/2017 22:25:07	49.0	48.0	20.5263
10/06/2017 22:25:18	49.0	48.0	18.4896
10/06/2017 22:25:29	49.0	48.0	19.5822
10/06/2017 22:25:40	48.0	47.0	17.7546
10/06/2017 22:25:51	48.0	47.0	16.2304
10/06/2017 22:26:02	49.0	47.0	17.4026
10/06/2017 22:26:13	48.0	48.0	18.3727
10/06/2017 22:26:24	48.0	47.0	18.75
10/06/2017 22:26:35	48.0	47.0	18.8482
10/06/2017 22:26:46	48.0	47.0	17.0604
10/06/2017 22:26:57	49.0	48.0	19.8953
10/06/2017 22:27:08	48.0	48.0	17.4479
10/06/2017 22:27:19	48.0	47.0	17.6623
10/06/2017 22:27:30	48.0	48.0	19.3211
10/06/2017 22:27:41	49.0	48.0	18.0157
10/06/2017 22:27:52	49.0	48.0	18.3246
10/06/2017 22:28:03	49.0	48.0	21.2042
10/06/2017 22:28:14	48.0	47.0	17.9221
10/06/2017 22:28:25	47.0	48.0	19.6891
10/06/2017 22:28:36	48.0	48.0	16.9713
10/06/2017 22:28:47	48.0	48.0	18.1818
10/06/2017 22:28:58	48.0	47.0	18.299
10/06/2017 22:29:09	48.0	47.0	19.2708
10/06/2017 22:29:20	49.0	48.0	18.4896
10/06/2017 22:29:31	48.0	48.0	17.6166
10/06/2017 22:29:42	48.0	48.0	19.5822
10/06/2017 22:29:54	48.0	47.0	18.4896
10/06/2017 22:30:05	48.0	47.0	20.3655
10/06/2017 22:30:16	48.0	47.0	18.961
10/06/2017 22:30:27	48.0	48.0	15.544
10/06/2017 22:30:38	49.0	47.0	20.1571
10/06/2017 22:30:49	49.0	48.0	20.3125
10/06/2017 22:31:00	48.0	47.0	17.8756
10/06/2017 22:31:11	48.0	47.0	17.6623
10/06/2017 22:31:22	48.0	48.0	18.3938
10/06/2017 22:31:33	48.0	47.0	17.2324
10/06/2017 22:31:44	48.0	47.0	20.155
10/06/2017 22:31:55	48.0	47.0	17.5711
10/06/2017 22:32:06	48.0	47.0	18.1818
10/06/2017 22:32:17	48.0	47.0	18.2768
10/06/2017 22:32:28	48.0	48.0	18.5379
10/06/2017 22:32:39	48.0	47.0	19.2708
10/06/2017 22:32:50	48.0	47.0	19.2708
10/06/2017 22:33:01	48.0	48.0	20.0521
10/06/2017 22:33:12	48.0	48.0	17.3127
10/06/2017 22:33:23	49.0	47.0	19.5822
10/06/2017 22:33:34	49.0	47.0	20.3125
10/06/2017 22:33:45	48.0	47.0	16.9713
10/06/2017 22:33:56	48.0	48.0	17.2775
10/06/2017 22:34:07	48.0	47.0	13.9842
10/06/2017 22:34:18	47.0	47.0	13.9108
10/06/2017 22:34:29	49.0	48.0	13.4921
10/06/2017 22:34:40	50.0	51.0	14.1732
10/06/2017 22:34:51	51.0	51.0	12.7937
10/06/2017 22:35:02	53.0	53.0	17.6316
10/06/2017 22:35:13	53.0	53.0	16.9271
10/06/2017 22:35:24	55.0	55.0	19.171
10/06/2017 22:35:35	59.0	58.0	19.0601
10/06/2017 22:35:46	55.0	54.0	18.799
10/06/2017 22:35:57	53.0	52.0	17.9688
10/06/2017 22:36:08	52.0	51.0	19.7403
10/06/2017 22:36:20	51.0	51.0	19.2708
10/06/2017 22:36:31	51.0	51.0	19.6382
10/06/2017 22:36:42	50.0	50.0	18.0157
10/06/2017 22:36:53	50.0	50.0	19.4805
10/06/2017 22:37:04	50.0	49.0	20
10/06/2017 22:37:15	50.0	48.0	17.5258
10/06/2017 22:37:26	49.0	48.0	18.2768
10/06/2017 22:37:37	49.0	49.0	17.1429
10/06/2017 22:37:48	49.0	48.0	17.7546
10/06/2017 22:37:59	49.0	49.0	19.2208
10/06/2017 22:38:10	49.0	48.0	21.0938
10/06/2017 22:38:21	49.0	48.0	17.6623
10/06/2017 22:38:32	49.0	48.0	17.3575
10/06/2017 22:38:43	49.0	48.0	19.4805
10/06/2017 22:38:54	49.0	48.0	16.6234
10/06/2017 22:39:05	49.0	48.0	19.0601
10/06/2017 22:39:16	49.0	48.0	17.0984
10/06/2017 22:39:27	49.0	48.0	21.5223
10/06/2017 22:39:38	49.0	48.0	17.9221
10/06/2017 22:39:49	48.0	48.0	19.9482
10/06/2017 22:40:00	48.0	48.0	19.9475
10/06/2017 22:40:11	49.0	48.0	20.3125
10/06/2017 22:40:22	49.0	48.0	19.6382
10/06/2017 22:40:33	48.0	48.0	19.0601
10/06/2017 22:40:44	48.0	48.0	20.2073
10/06/2017 22:40:55	49.0	48.0	20.8877
10/06/2017 22:41:06	49.0	48.0	19.2708
10/06/2017 22:41:17	48.0	47.0	20.8877
10/06/2017 22:41:28	48.0	47.0	16.8394
10/06/2017 22:41:39	48.0	48.0	19.0104
10/06/2017 22:41:50	48.0	48.0	19.5312
10/06/2017 22:42:01	48.0	47.0	19.5312
10/06/2017 22:42:12	48.0	48.0	19.4805
10/06/2017 22:42:23	48.0	48.0	17.7083
10/06/2017 22:42:34	48.0	48.0	21.4834
10/06/2017 22:42:45	48.0	47.0	18.2768
10/06/2017 22:42:56	48.0	48.0	17.4935
10/06/2017 22:43:08	48.0	48.0	22.1374
10/06/2017 22:43:19	48.0	48.0	20.1571
10/06/2017 22:43:30	48.0	48.0	20.1044
10/06/2017 22:43:41	48.0	48.0	24.0291
10/06/2017 22:43:52	49.0	48.0	20.0521
10/06/2017 22:44:03	48.0	48.0	19.4301
10/06/2017 22:44:14	48.0	48.0	24.0876
10/06/2017 22:44:25	48.0	47.0	17.9688
10/06/2017 22:44:36	48.0	48.0	18.2292
10/06/2017 22:44:47	48.0	47.0	24.0786
10/06/2017 22:44:58	48.0	48.0	19.0104
10/06/2017 22:45:09	50.0	50.0	17.4479
10/06/2017 22:45:20	52.0	51.0	25.1232
10/06/2017 22:45:31	53.0	53.0	12.5326
10/06/2017 22:45:42	54.0	54.0	13.4211
10/06/2017 22:45:53	55.0	54.0	18.1818
10/06/2017 22:46:04	56.0	55.0	12.5654
10/06/2017 22:46:15	56.0	56.0	12.3037
10/06/2017 22:46:26	54.0	54.0	15.7761
10/06/2017 22:46:37	53.0	53.0	13.2275
10/06/2017 22:46:48	51.0	51.0	14.1732
10/06/2017 22:46:59	50.0	50.0	14.6214
10/06/2017 22:47:10	49.0	49.0	14.1361
10/06/2017 22:47:21	49.0	48.0	13.9474
10/06/2017 22:47:32	48.0	48.0	13.6842
10/06/2017 22:47:43	48.0	48.0	13.9474
10/06/2017 22:47:54	48.0	47.0	13.2275
10/06/2017 22:48:05	48.0	47.0	17.6944
10/06/2017 22:48:16	50.0	49.0	15.748
10/06/2017 22:48:28	47.0	47.0	5.20833
